MATLAB is selecting SOFTWARE OPENGL rendering.

                            < M A T L A B (R) >
                  Copyright 1984-2021 The MathWorks, Inc.
                  R2021b (9.11.0.1769968) 64-bit (glnxa64)
                             September 17, 2021

 
To get started, type doc.
For product information, visit www.mathworks.com.
 
>> >> >> >> >> >> >> >> >> >> >> >> >> >> >> >> >> >> >> >> >> >> >> >> >> >> Starting parallel pool (parpool) using the 'local' profile ...
[Warning: A task was unexpectedly found in state: Unavailable.] 
[> In parallel.cluster.Local/deriveJobStateFromTasks (line 29)
In parallel.cluster/Local/getJobState (line 174)
In parallel.cluster/CJSCluster/hGetJobState (line 375)
In parallel.internal.cluster/CJSJobMixin/hGetStateEnum (line 175)
In parallel/Job/get.StateEnum (line 247)
In parallel/Job/get.State (line 239)
In parallel.internal.customattr.CustomGetSet>iVectorisedGetHelper (line 128)
In parallel.internal.customattr.CustomGetSet>@(a,b,c)iVectorisedGetHelper(obj,a,b,c) (line 102)
In parallel.internal.customattr/CustomGetSet/doVectorisedGet (line 103)
In parallel.internal.customattr/CustomGetSet/hVectorisedGet (line 76)
In parallel.internal.customattr.GetSetImpl>iAccessProperties (line 322)
In parallel.internal.customattr.GetSetImpl>iGetAllPropertiesVec (line 264)
In parallel.internal.customattr/GetSetImpl/getImpl (line 133)
In parallel.internal.customattr.CustomGetSet>iHetFunGetFunction (line 154)
In parallel.internal.customattr.CustomGetSet>@(o)iHetFunGetFunction(o,props) (line 139)
In parallel.internal.cluster.hetfun (line 46)
In parallel.internal.customattr.CustomGetSet>iHetFunGetProperty (line 139)
In parallel.internal.customattr/CustomGetSet/get (line 38)
In parallel.internal.pool/AbstractInteractiveClient/pRemoveOldJobs (line 211)
In parallel.internal.pool/AbstractInteractiveClient/start (line 103)
In parallel.internal.pool.AbstractClusterPool>iStartClient (line 831)
In parallel.internal.pool/AbstractClusterPool/hBuildPool (line 585)
In parallel.internal.pool.doParpool (line 22)
In parpool (line 123)
In parallel.internal.parpool.getOrCreateCurrentPool (line 17)
In parallel.internal.pool/PoolArrayManager/getOrAutoCreateWithCleanup (line 44)
In pctTryCreatePoolIfNecessary (line 28)
In parallel_function (line 423)] 
Connected to the parallel pool (number of workers: 12).
jj1 = 50, max_th = 2.891245e-01, time=2025-04-07 16:21:14 
jj1 = 55, max_th = 1.439524e+00, time=2025-04-07 16:31:44 
jj1 = 35, max_th = 2.350133e+00, time=2025-04-07 16:32:11 
jj1 = 40, max_th = 1.799424e+00, time=2025-04-07 16:33:55 
jj1 = 25, max_th = 2.504413e+00, time=2025-04-07 16:34:26 
jj1 = 45, max_th = 2.454341e+00, time=2025-04-07 16:35:28 
jj1 = 15, max_th = 2.289438e+00, time=2025-04-07 16:38:34 
jj1 = 5, max_th = 1.511765e+00, time=2025-04-07 16:39:34 
jj1 = 20, max_th = 1.840660e+00, time=2025-04-07 16:40:46 
jj1 = 60, max_th = 1.661990e+00, time=2025-04-07 16:42:47 
jj1 = 49, max_th = 1.882029e+00, time=2025-04-07 16:44:51 
jj1 = 10, max_th = 1.758065e+00, time=2025-04-07 16:45:21 
jj1 = 54, max_th = 2.656977e+00, time=2025-04-07 16:45:49 
jj1 = 30, max_th = 1.957762e+00, time=2025-04-07 16:46:01 
jj1 = 59, max_th = 8.551504e-01, time=2025-04-07 16:46:23 
jj1 = 19, max_th = 1.096242e+00, time=2025-04-07 16:46:34 
jj1 = 39, max_th = 1.607730e+00, time=2025-04-07 16:47:53 
jj1 = 38, max_th = 9.656872e-01, time=2025-04-07 16:51:02 
jj1 = 24, max_th = 2.382402e+00, time=2025-04-07 16:51:28 
jj1 = 14, max_th = 2.494197e+00, time=2025-04-07 16:53:06 
jj1 = 34, max_th = 2.216755e+00, time=2025-04-07 16:54:52 
jj1 = 44, max_th = 2.182681e+00, time=2025-04-07 16:58:52 
jj1 = 53, max_th = 1.496721e+00, time=2025-04-07 17:02:28 
jj1 = 9, max_th = 2.420588e+00, time=2025-04-07 17:03:00 
jj1 = 18, max_th = 2.088677e+00, time=2025-04-07 17:03:40 
jj1 = 58, max_th = 2.391828e+00, time=2025-04-07 17:05:03 
jj1 = 33, max_th = 1.850780e+00, time=2025-04-07 17:07:47 
jj1 = 4, max_th = 1.826934e+00, time=2025-04-07 17:08:05 
jj1 = 29, max_th = 2.135241e+00, time=2025-04-07 17:10:17 
jj1 = 3, max_th = 3.084962e+00, time=2025-04-07 17:10:33 
jj1 = 17, max_th = 1.124321e+00, time=2025-04-07 17:10:33 
jj1 = 52, max_th = 2.687264e+00, time=2025-04-07 17:12:03 
jj1 = 23, max_th = 2.158436e+00, time=2025-04-07 17:13:15 
jj1 = 37, max_th = 2.192389e+00, time=2025-04-07 17:13:17 
jj1 = 48, max_th = 1.826793e+00, time=2025-04-07 17:14:28 
jj1 = 51, max_th = -1.544123e-01, time=2025-04-07 17:14:37 
jj1 = 8, max_th = 2.402632e+00, time=2025-04-07 17:19:15 
jj1 = 13, max_th = 2.174470e+00, time=2025-04-07 17:19:33 
jj1 = 32, max_th = 1.376992e+00, time=2025-04-07 17:20:23 
jj1 = 489, max_th = 1.131470e+00, time=2025-04-07 17:22:33 
jj1 = 2, max_th = 1.340588e+00, time=2025-04-07 17:22:57 
jj1 = 28, max_th = 2.397457e+00, time=2025-04-07 17:25:43 
jj1 = 57, max_th = 1.620702e+00, time=2025-04-07 17:26:16 
jj1 = 43, max_th = 1.818290e+00, time=2025-04-07 17:26:51 
jj1 = 36, max_th = 2.458367e+00, time=2025-04-07 17:28:28 
jj1 = 47, max_th = 1.844181e+00, time=2025-04-07 17:30:36 
jj1 = 1, max_th = 1.399925e+00, time=2025-04-07 17:33:12 
jj1 = 42, max_th = 2.817663e+00, time=2025-04-07 17:33:27 
jj1 = 22, max_th = 1.654099e+00, time=2025-04-07 17:34:04 
jj1 = 12, max_th = 2.324460e+00, time=2025-04-07 17:36:54 
jj1 = 31, max_th = 1.644574e+00, time=2025-04-07 17:38:58 
jj1 = 7, max_th = 2.187193e+00, time=2025-04-07 17:40:56 
jj1 = 488, max_th = 1.805783e+00, time=2025-04-07 17:43:07 
jj1 = 372, max_th = 1.693678e+00, time=2025-04-07 17:44:36 
jj1 = 46, max_th = 2.634168e+00, time=2025-04-07 17:45:01 
jj1 = 11, max_th = 2.733464e+00, time=2025-04-07 17:45:36 
jj1 = 27, max_th = 2.245436e+00, time=2025-04-07 17:45:35 
jj1 = 56, max_th = 2.385621e+00, time=2025-04-07 17:47:33 
jj1 = 333, max_th = 1.126644e+00, time=2025-04-07 17:49:03 
jj1 = 41, max_th = 2.252735e+00, time=2025-04-07 17:52:11 
jj1 = 21, max_th = 2.236633e+00, time=2025-04-07 17:56:01 
jj1 = 99, max_th = 1.942987e+00, time=2025-04-07 17:56:38 
jj1 = 528, max_th = 1.054963e+00, time=2025-04-07 17:57:45 
jj1 = 487, max_th = 2.404979e+00, time=2025-04-07 18:00:40 
jj1 = 26, max_th = 2.485582e+00, time=2025-04-07 18:01:02 
jj1 = 6, max_th = 1.762138e+00, time=2025-04-07 18:01:16 
jj1 = 177, max_th = 1.835203e+00, time=2025-04-07 18:02:57 
jj1 = 371, max_th = 2.444838e+00, time=2025-04-07 18:04:32 
jj1 = 486, max_th = 9.103683e-01, time=2025-04-07 18:06:40 
jj1 = 332, max_th = 1.611642e+00, time=2025-04-07 18:08:12 
jj1 = 331, max_th = 6.861996e-01, time=2025-04-07 18:10:12 
jj1 = 176, max_th = 1.347801e+00, time=2025-04-07 18:11:04 
jj1 = 450, max_th = 2.094722e+00, time=2025-04-07 18:11:59 
jj1 = 16, max_th = 2.230889e+00, time=2025-04-07 18:13:58 
jj1 = 411, max_th = 1.905988e+00, time=2025-04-07 18:15:13 
jj1 = 255, max_th = 1.807170e+00, time=2025-04-07 18:16:46 
jj1 = 98, max_th = 1.983661e+00, time=2025-04-07 18:18:36 
jj1 = 138, max_th = 1.628582e+00, time=2025-04-07 18:21:07 
jj1 = 294, max_th = 1.732495e+00, time=2025-04-07 18:21:14 
jj1 = 527, max_th = 2.010529e+00, time=2025-04-07 18:21:21 
jj1 = 410, max_th = 2.730710e+00, time=2025-04-07 18:25:15 
jj1 = 370, max_th = 1.988161e+00, time=2025-04-07 18:26:58 
jj1 = 330, max_th = 2.423198e+00, time=2025-04-07 18:27:29 
jj1 = 449, max_th = 2.394803e+00, time=2025-04-07 18:28:36 
jj1 = 485, max_th = 2.212015e+00, time=2025-04-07 18:29:25 
jj1 = 175, max_th = 1.834261e+00, time=2025-04-07 18:31:25 
jj1 = 293, max_th = 2.658695e+00, time=2025-04-07 18:32:57 
jj1 = 526, max_th = 2.458565e+00, time=2025-04-07 18:33:03 
jj1 = 525, max_th = 3.585117e+00, time=2025-04-07 18:33:12 
jj1 = 216, max_th = 2.341635e+00, time=2025-04-07 18:33:28 
jj1 = 254, max_th = 1.722884e+00, time=2025-04-07 18:33:49 
jj1 = 137, max_th = 2.242727e+00, time=2025-04-07 18:37:04 
jj1 = 292, max_th = 2.772954e+00, time=2025-04-07 18:37:20 
jj1 = 97, max_th = 1.920133e+00, time=2025-04-07 18:39:39 
jj1 = 369, max_th = 1.591298e+00, time=2025-04-07 18:43:19 
jj1 = 215, max_th = 2.049906e+00, time=2025-04-07 18:47:51 
jj1 = 136, max_th = 2.812518e+00, time=2025-04-07 18:48:26 
jj1 = 409, max_th = 2.103121e+00, time=2025-04-07 18:48:45 
jj1 = 253, max_th = 2.488492e+00, time=2025-04-07 18:48:45 
jj1 = 448, max_th = 1.921119e+00, time=2025-04-07 18:49:43 
jj1 = 484, max_th = 1.890436e+00, time=2025-04-07 18:50:20 
jj1 = 329, max_th = 1.803617e+00, time=2025-04-07 18:52:12 
jj1 = 524, max_th = 1.517778e+00, time=2025-04-07 18:55:32 
jj1 = 291, max_th = 2.313718e+00, time=2025-04-07 18:56:45 
jj1 = 96, max_th = 1.377333e+00, time=2025-04-07 18:56:53 
jj1 = 174, max_th = 2.295662e+00, time=2025-04-07 18:57:49 
jj1 = 95, max_th = 3.069193e+00, time=2025-04-07 18:58:25 
jj1 = 483, max_th = 1.351722e+00, time=2025-04-07 18:59:28 
jj1 = 408, max_th = 2.386204e+00, time=2025-04-07 19:04:00 
jj1 = 368, max_th = 1.777221e+00, time=2025-04-07 19:04:42 
jj1 = 135, max_th = 2.312175e+00, time=2025-04-07 19:05:56 
jj1 = 523, max_th = 2.149912e+00, time=2025-04-07 19:07:16 
jj1 = 214, max_th = 2.337232e+00, time=2025-04-07 19:07:43 
jj1 = 290, max_th = 2.547092e+00, time=2025-04-07 19:08:08 
jj1 = 94, max_th = 1.439516e+00, time=2025-04-07 19:08:47 
jj1 = 482, max_th = 2.774564e+00, time=2025-04-07 19:09:27 
jj1 = 252, max_th = 2.157839e+00, time=2025-04-07 19:11:02 
jj1 = 522, max_th = 2.811968e+00, time=2025-04-07 19:12:30 
jj1 = 447, max_th = 1.874025e+00, time=2025-04-07 19:13:16 
jj1 = 173, max_th = 2.469465e+00, time=2025-04-07 19:14:18 
jj1 = 213, max_th = 2.911565e+00, time=2025-04-07 19:14:20 
jj1 = 212, max_th = 9.014631e-01, time=2025-04-07 19:16:36 
jj1 = 407, max_th = 2.457943e+00, time=2025-04-07 19:17:19 
jj1 = 134, max_th = 2.496823e+00, time=2025-04-07 19:17:30 
jj1 = 406, max_th = 7.191822e-01, time=2025-04-07 19:19:17 
jj1 = 251, max_th = 1.128165e+00, time=2025-04-07 19:19:18 
jj1 = 328, max_th = 1.886040e+00, time=2025-04-07 19:19:40 
jj1 = 367, max_th = 1.608609e+00, time=2025-04-07 19:20:27 
jj1 = 521, max_th = 2.709889e+00, time=2025-04-07 19:20:42 
jj1 = 520, max_th = 6.351704e-01, time=2025-04-07 19:21:49 
jj1 = 93, max_th = 2.410665e+00, time=2025-04-07 19:22:54 
jj1 = 446, max_th = 1.471978e+00, time=2025-04-07 19:28:59 
jj1 = 366, max_th = 2.552387e+00, time=2025-04-07 19:31:07 
jj1 = 211, max_th = 1.545157e+00, time=2025-04-07 19:31:08 
jj1 = 289, max_th = 2.079813e+00, time=2025-04-07 19:31:52 
jj1 = 250, max_th = 1.415728e+00, time=2025-04-07 19:32:07 
jj1 = 481, max_th = 2.437183e+00, time=2025-04-07 19:32:55 
jj1 = 133, max_th = 2.362196e+00, time=2025-04-07 19:34:20 
jj1 = 519, max_th = 1.657455e+00, time=2025-04-07 19:34:35 
jj1 = 92, max_th = 1.449218e+00, time=2025-04-07 19:34:41 
jj1 = 172, max_th = 2.001397e+00, time=2025-04-07 19:34:51 
jj1 = 249, max_th = 2.962444e+00, time=2025-04-07 19:35:26 
jj1 = 445, max_th = 1.181064e+00, time=2025-04-07 19:37:51 
jj1 = 444, max_th = 2.933966e+00, time=2025-04-07 19:41:59 
jj1 = 327, max_th = 1.926946e+00, time=2025-04-07 19:42:21 
jj1 = 405, max_th = 2.030015e+00, time=2025-04-07 19:44:09 
jj1 = 132, max_th = 2.603163e+00, time=2025-04-07 19:44:15 
jj1 = 248, max_th = 1.311854e+00, time=2025-04-07 19:46:45 
jj1 = 443, max_th = 9.290703e-01, time=2025-04-07 19:47:25 
jj1 = 210, max_th = 1.588455e+00, time=2025-04-07 19:48:33 
jj1 = 365, max_th = 2.365226e+00, time=2025-04-07 19:49:29 
jj1 = 209, max_th = -2.573909e-04, time=2025-04-07 19:49:50 
jj1 = 480, max_th = 1.583782e+00, time=2025-04-07 19:50:28 
jj1 = 288, max_th = 1.994496e+00, time=2025-04-07 19:51:15 
jj1 = 131, max_th = 2.738243e+00, time=2025-04-07 19:52:40 
jj1 = 404, max_th = 2.431475e+00, time=2025-04-07 19:54:23 
jj1 = 91, max_th = 1.774861e+00, time=2025-04-07 19:54:45 
jj1 = 171, max_th = 1.568239e+00, time=2025-04-07 19:55:29 
jj1 = 208, max_th = 4.592848e-01, time=2025-04-07 20:00:44 
jj1 = 518, max_th = 2.078572e+00, time=2025-04-07 20:02:13 
jj1 = 326, max_th = 2.238648e+00, time=2025-04-07 20:03:17 
jj1 = 90, max_th = 1.457596e+00, time=2025-04-07 20:06:23 
jj1 = 130, max_th = 1.492420e+00, time=2025-04-07 20:08:45 
jj1 = 442, max_th = 2.004813e+00, time=2025-04-07 20:10:04 
jj1 = 364, max_th = 1.584890e+00, time=2025-04-07 20:11:01 
jj1 = 247, max_th = 2.470951e+00, time=2025-04-07 20:12:50 
jj1 = 479, max_th = 1.863143e+00, time=2025-04-07 20:13:11 
jj1 = 170, max_th = 2.146589e+00, time=2025-04-07 20:13:17 
jj1 = 287, max_th = 1.991506e+00, time=2025-04-07 20:14:17 
jj1 = 246, max_th = 3.051327e+00, time=2025-04-07 20:15:15 
jj1 = 517, max_th = 2.401061e+00, time=2025-04-07 20:16:30 
jj1 = 403, max_th = 2.084985e+00, time=2025-04-07 20:18:21 
jj1 = 169, max_th = 2.654827e+00, time=2025-04-07 20:22:29 
jj1 = 402, max_th = 9.413671e-01, time=2025-04-07 20:23:46 
jj1 = 129, max_th = 1.486704e+00, time=2025-04-07 20:23:59 
jj1 = 363, max_th = 2.253503e+00, time=2025-04-07 20:24:03 
jj1 = 207, max_th = 2.064163e+00, time=2025-04-07 20:24:39 
jj1 = 89, max_th = 1.771774e+00, time=2025-04-07 20:25:13 
jj1 = 325, max_th = 1.907919e+00, time=2025-04-07 20:26:20 
jj1 = 286, max_th = 2.475427e+00, time=2025-04-07 20:29:02 
jj1 = 401, max_th = 1.343166e+00, time=2025-04-07 20:34:08 
jj1 = 245, max_th = 2.290309e+00, time=2025-04-07 20:34:10 
jj1 = 441, max_th = 1.883382e+00, time=2025-04-07 20:34:22 
jj1 = 478, max_th = 1.824269e+00, time=2025-04-07 20:34:45 
jj1 = 516, max_th = 1.924699e+00, time=2025-04-07 20:37:23 
jj1 = 168, max_th = 2.414169e+00, time=2025-04-07 20:39:01 
jj1 = 88, max_th = 2.535798e+00, time=2025-04-07 20:39:07 
jj1 = 362, max_th = 1.812613e+00, time=2025-04-07 20:43:28 
jj1 = 128, max_th = 2.305534e+00, time=2025-04-07 20:45:19 
jj1 = 324, max_th = 2.273638e+00, time=2025-04-07 20:45:26 
jj1 = 323, max_th = -4.195907e-02, time=2025-04-07 20:46:36 
jj1 = 206, max_th = 2.194851e+00, time=2025-04-07 20:46:51 
jj1 = 244, max_th = 2.518811e+00, time=2025-04-07 20:49:55 
jj1 = 167, max_th = 1.603369e+00, time=2025-04-07 20:51:49 
jj1 = 440, max_th = 1.532389e+00, time=2025-04-07 20:51:53 
jj1 = 285, max_th = 1.939804e+00, time=2025-04-07 20:52:56 
jj1 = 515, max_th = 2.250783e+00, time=2025-04-07 20:53:40 
jj1 = 400, max_th = 2.001523e+00, time=2025-04-07 20:53:58 
jj1 = 87, max_th = 1.388570e+00, time=2025-04-07 20:55:51 
jj1 = 477, max_th = 1.708496e+00, time=2025-04-07 20:57:49 
jj1 = 127, max_th = 2.197634e+00, time=2025-04-07 21:00:33 
jj1 = 86, max_th = 2.798450e+00, time=2025-04-07 21:01:08 
jj1 = 205, max_th = 2.469742e+00, time=2025-04-07 21:01:16 
jj1 = 243, max_th = 1.614052e+00, time=2025-04-07 21:05:25 
jj1 = 361, max_th = 1.721324e+00, time=2025-04-07 21:05:50 
jj1 = 284, max_th = 1.501468e+00, time=2025-04-07 21:07:07 
jj1 = 322, max_th = 2.144219e+00, time=2025-04-07 21:08:27 
jj1 = 204, max_th = 9.215692e-01, time=2025-04-07 21:08:47 
jj1 = 514, max_th = 2.394879e+00, time=2025-04-07 21:09:31 
jj1 = 476, max_th = 1.460385e+00, time=2025-04-07 21:10:54 
jj1 = 166, max_th = 2.197622e+00, time=2025-04-07 21:11:47 
jj1 = 439, max_th = 2.374483e+00, time=2025-04-07 21:15:57 
jj1 = 85, max_th = 2.302024e+00, time=2025-04-07 21:16:24 
jj1 = 321, max_th = 1.509714e+00, time=2025-04-07 21:19:12 
jj1 = 360, max_th = 2.384511e+00, time=2025-04-07 21:20:50 
jj1 = 399, max_th = 2.203272e+00, time=2025-04-07 21:21:53 
jj1 = 126, max_th = 2.079963e+00, time=2025-04-07 21:22:57 
jj1 = 242, max_th = 1.766615e+00, time=2025-04-07 21:26:10 
jj1 = 165, max_th = 2.275594e+00, time=2025-04-07 21:30:09 
jj1 = 475, max_th = 1.570087e+00, time=2025-04-07 21:31:40 
jj1 = 513, max_th = 1.934349e+00, time=2025-04-07 21:32:39 
jj1 = 203, max_th = 1.967539e+00, time=2025-04-07 21:32:53 
jj1 = 283, max_th = 2.017850e+00, time=2025-04-07 21:36:29 
jj1 = 438, max_th = 2.206510e+00, time=2025-04-07 21:37:08 
jj1 = 320, max_th = 1.888907e+00, time=2025-04-07 21:41:24 
jj1 = 359, max_th = 2.275277e+00, time=2025-04-07 21:41:53 
jj1 = 202, max_th = 2.478295e+00, time=2025-04-07 21:44:31 
jj1 = 164, max_th = 2.133261e+00, time=2025-04-07 21:49:24 
jj1 = 241, max_th = 2.129226e+00, time=2025-04-07 21:51:29 
jj1 = 474, max_th = 1.902974e+00, time=2025-04-07 21:52:14 
jj1 = 437, max_th = 1.410477e+00, time=2025-04-07 21:53:17 
jj1 = 512, max_th = 1.858261e+00, time=2025-04-07 21:53:28 
jj1 = 436, max_th = 3.133291e+00, time=2025-04-07 21:54:37 
jj1 = 240, max_th = 9.621268e-01, time=2025-04-07 21:58:30 
jj1 = 282, max_th = 1.706493e+00, time=2025-04-07 21:59:36 
jj1 = 84, max_th = 2.162967e+00, time=2025-04-07 21:59:52 
jj1 = 473, max_th = 9.811493e-01, time=2025-04-07 22:00:01 
jj1 = 398, max_th = 2.733379e+00, time=2025-04-07 22:01:48 
jj1 = 125, max_th = 2.033068e+00, time=2025-04-07 22:02:48 
jj1 = 163, max_th = 2.717617e+00, time=2025-04-07 22:03:00 
jj1 = 239, max_th = 9.543570e-01, time=2025-04-07 22:03:29 
jj1 = 319, max_th = 2.034512e+00, time=2025-04-07 22:03:55 
jj1 = 511, max_th = 1.424466e+00, time=2025-04-07 22:05:17 
jj1 = 201, max_th = 1.712831e+00, time=2025-04-07 22:05:35 
jj1 = 358, max_th = 1.996515e+00, time=2025-04-07 22:06:41 
jj1 = 435, max_th = 1.373592e+00, time=2025-04-07 22:08:06 
jj1 = 124, max_th = 1.229898e+00, time=2025-04-07 22:13:38 
jj1 = 357, max_th = 2.834565e+00, time=2025-04-07 22:13:46 
jj1 = 83, max_th = 2.459549e+00, time=2025-04-07 22:14:58 
jj1 = 200, max_th = 1.383716e+00, time=2025-04-07 22:16:01 
jj1 = 434, max_th = 2.606364e+00, time=2025-04-07 22:17:23 
jj1 = 510, max_th = 2.504548e+00, time=2025-04-07 22:19:06 
jj1 = 82, max_th = 1.250424e+00, time=2025-04-07 22:20:24 
jj1 = 281, max_th = 1.955923e+00, time=2025-04-07 22:20:51 
jj1 = 397, max_th = 2.418170e+00, time=2025-04-07 22:22:23 
jj1 = 162, max_th = 1.740552e+00, time=2025-04-07 22:23:35 
jj1 = 318, max_th = 1.850788e+00, time=2025-04-07 22:23:41 
jj1 = 238, max_th = 2.079994e+00, time=2025-04-07 22:24:29 
jj1 = 472, max_th = 1.606896e+00, time=2025-04-07 22:25:09 
jj1 = 317, max_th = 3.103145e+00, time=2025-04-07 22:25:25 
jj1 = 471, max_th = 1.202748e+00, time=2025-04-07 22:31:00 
jj1 = 356, max_th = 1.639313e+00, time=2025-04-07 22:31:19 
jj1 = 81, max_th = 1.799975e+00, time=2025-04-07 22:31:56 
jj1 = 509, max_th = 2.519178e+00, time=2025-04-07 22:33:09 
jj1 = 433, max_th = 2.481620e+00, time=2025-04-07 22:34:57 
jj1 = 199, max_th = 2.477600e+00, time=2025-04-07 22:37:12 
jj1 = 123, max_th = 1.981195e+00, time=2025-04-07 22:38:39 
jj1 = 396, max_th = 1.795799e+00, time=2025-04-07 22:39:02 
jj1 = 470, max_th = 2.310076e+00, time=2025-04-07 22:44:49 
jj1 = 280, max_th = 2.190878e+00, time=2025-04-07 22:44:53 
jj1 = 316, max_th = 2.014779e+00, time=2025-04-07 22:48:29 
jj1 = 355, max_th = 2.414149e+00, time=2025-04-07 22:49:28 
jj1 = 161, max_th = 2.326913e+00, time=2025-04-07 22:50:04 
jj1 = 237, max_th = 2.059509e+00, time=2025-04-07 22:50:32 
jj1 = 354, max_th = 2.873403e+00, time=2025-04-07 22:53:34 
jj1 = 80, max_th = 1.960106e+00, time=2025-04-07 22:54:00 
jj1 = 198, max_th = 1.945271e+00, time=2025-04-07 22:56:42 
jj1 = 432, max_th = 2.026577e+00, time=2025-04-07 22:57:43 
jj1 = 122, max_th = 1.843494e+00, time=2025-04-07 22:57:44 
jj1 = 395, max_th = 1.835311e+00, time=2025-04-07 23:00:36 
jj1 = 508, max_th = 2.080796e+00, time=2025-04-07 23:00:48 
jj1 = 279, max_th = 1.915248e+00, time=2025-04-07 23:06:16 
jj1 = 315, max_th = 1.918593e+00, time=2025-04-07 23:09:07 
jj1 = 507, max_th = 2.636017e+00, time=2025-04-07 23:09:21 
jj1 = 236, max_th = 2.270088e+00, time=2025-04-07 23:11:24 
jj1 = 469, max_th = 1.782716e+00, time=2025-04-07 23:11:50 
jj1 = 79, max_th = 1.955844e+00, time=2025-04-07 23:15:31 
jj1 = 160, max_th = 2.123848e+00, time=2025-04-07 23:16:39 
jj1 = 353, max_th = 1.833730e+00, time=2025-04-07 23:17:39 
jj1 = 352, max_th = 2.934742e+00, time=2025-04-07 23:20:59 
jj1 = 197, max_th = 1.885763e+00, time=2025-04-07 23:21:41 
jj1 = 314, max_th = 2.460076e+00, time=2025-04-07 23:21:49 
jj1 = 431, max_th = 2.180380e+00, time=2025-04-07 23:22:07 
jj1 = 351, max_th = -4.625461e-02, time=2025-04-07 23:22:44 
jj1 = 235, max_th = 2.406800e+00, time=2025-04-07 23:23:14 
jj1 = 394, max_th = 2.082132e+00, time=2025-04-07 23:23:40 
jj1 = 278, max_th = 2.307381e+00, time=2025-04-07 23:25:24 
jj1 = 121, max_th = 2.235337e+00, time=2025-04-07 23:25:50 
jj1 = 313, max_th = 2.965385e+00, time=2025-04-07 23:26:03 
jj1 = 506, max_th = 2.088136e+00, time=2025-04-07 23:29:17 
jj1 = 196, max_th = 2.756086e+00, time=2025-04-07 23:29:40 
jj1 = 468, max_th = 1.471278e+00, time=2025-04-07 23:30:37 
jj1 = 78, max_th = 2.141025e+00, time=2025-04-07 23:31:06 
jj1 = 159, max_th = 1.630999e+00, time=2025-04-07 23:33:50 
jj1 = 393, max_th = 1.079001e+00, time=2025-04-07 23:34:03 
jj1 = 505, max_th = 1.315539e+00, time=2025-04-07 23:38:02 
jj1 = 120, max_th = 2.456444e+00, time=2025-04-07 23:41:31 
jj1 = 158, max_th = 1.394717e+00, time=2025-04-07 23:43:09 
jj1 = 312, max_th = 2.048132e+00, time=2025-04-07 23:45:05 
jj1 = 77, max_th = 1.727676e+00, time=2025-04-07 23:46:59 
jj1 = 234, max_th = 1.468048e+00, time=2025-04-07 23:48:04 
jj1 = 195, max_th = 1.613868e+00, time=2025-04-07 23:49:00 
jj1 = 504, max_th = 2.721090e+00, time=2025-04-07 23:49:27 
jj1 = 277, max_th = 1.937190e+00, time=2025-04-07 23:52:22 
jj1 = 467, max_th = 2.093221e+00, time=2025-04-07 23:53:04 
jj1 = 430, max_th = 1.511380e+00, time=2025-04-07 23:54:42 
jj1 = 350, max_th = 1.843065e+00, time=2025-04-07 23:54:44 
jj1 = 76, max_th = 2.789221e+00, time=2025-04-07 23:55:15 
jj1 = 392, max_th = 1.921895e+00, time=2025-04-07 23:57:08 
jj1 = 75, max_th = 2.972373e+00, time=2025-04-07 23:58:33 
jj1 = 466, max_th = 2.799768e+00, time=2025-04-07 23:59:12 
jj1 = 119, max_th = 2.360599e+00, time=2025-04-08 00:00:01 
jj1 = 503, max_th = 1.793792e+00, time=2025-04-08 00:01:45 
jj1 = 311, max_th = 2.294314e+00, time=2025-04-08 00:02:36 
jj1 = 465, max_th = 9.550881e-01, time=2025-04-08 00:03:47 
jj1 = 233, max_th = 1.383516e+00, time=2025-04-08 00:05:52 
jj1 = 157, max_th = 2.090170e+00, time=2025-04-08 00:05:56 
jj1 = 391, max_th = 1.801544e+00, time=2025-04-08 00:10:24 
jj1 = 349, max_th = 2.383256e+00, time=2025-04-08 00:10:31 
jj1 = 276, max_th = 2.357382e+00, time=2025-04-08 00:10:56 
jj1 = 194, max_th = 1.905804e+00, time=2025-04-08 00:13:08 
jj1 = 429, max_th = 1.856026e+00, time=2025-04-08 00:15:56 
jj1 = 502, max_th = 1.424480e+00, time=2025-04-08 00:18:51 
jj1 = 193, max_th = 1.191443e+00, time=2025-04-08 00:21:08 
jj1 = 310, max_th = 2.198968e+00, time=2025-04-08 00:21:10 
jj1 = 232, max_th = 1.614930e+00, time=2025-04-08 00:22:58 
jj1 = 275, max_th = 2.619236e+00, time=2025-04-08 00:23:41 
jj1 = 118, max_th = 1.934971e+00, time=2025-04-08 00:23:45 
jj1 = 74, max_th = 2.123201e+00, time=2025-04-08 00:24:06 
jj1 = 348, max_th = 2.505124e+00, time=2025-04-08 00:25:24 
jj1 = 390, max_th = 1.949690e+00, time=2025-04-08 00:27:53 
jj1 = 274, max_th = 9.826231e-01, time=2025-04-08 00:28:57 
jj1 = 156, max_th = 1.772583e+00, time=2025-04-08 00:30:22 
jj1 = 464, max_th = 2.030836e+00, time=2025-04-08 00:31:10 
jj1 = 231, max_th = 1.018281e+00, time=2025-04-08 00:31:17 
jj1 = 501, max_th = 1.296012e+00, time=2025-04-08 00:31:58 
jj1 = 230, max_th = 3.835868e-01, time=2025-04-08 00:35:37 
jj1 = 428, max_th = 1.864026e+00, time=2025-04-08 00:38:41 
jj1 = 155, max_th = 2.810314e+00, time=2025-04-08 00:38:50 
jj1 = 73, max_th = 2.376352e+00, time=2025-04-08 00:42:07 
jj1 = 117, max_th = 2.366495e+00, time=2025-04-08 00:42:42 
jj1 = 192, max_th = 1.861503e+00, time=2025-04-08 00:43:26 
jj1 = 309, max_th = 1.876715e+00, time=2025-04-08 00:43:34 
jj1 = 72, max_th = 8.549150e-01, time=2025-04-08 00:45:52 
jj1 = 347, max_th = 1.854126e+00, time=2025-04-08 00:47:59 
jj1 = 389, max_th = 1.993438e+00, time=2025-04-08 00:49:37 
jj1 = 273, max_th = 1.994661e+00, time=2025-04-08 00:53:15 
jj1 = 71, max_th = 2.726960e+00, time=2025-04-08 00:53:19 
jj1 = 500, max_th = 1.875398e+00, time=2025-04-08 00:54:30 
jj1 = 229, max_th = 2.039561e+00, time=2025-04-08 00:54:50 
jj1 = 463, max_th = 1.935658e+00, time=2025-04-08 00:55:22 
jj1 = 154, max_th = 2.329529e+00, time=2025-04-08 00:57:14 
jj1 = 191, max_th = 2.523741e+00, time=2025-04-08 01:00:59 
jj1 = 427, max_th = 1.824458e+00, time=2025-04-08 01:01:36 
jj1 = 499, max_th = 2.631198e+00, time=2025-04-08 01:07:09 
jj1 = 153, max_th = 2.595615e+00, time=2025-04-08 01:07:20 
jj1 = 308, max_th = 2.222162e+00, time=2025-04-08 01:08:49 
jj1 = 307, max_th = -4.027706e-02, time=2025-04-08 01:11:08 
jj1 = 346, max_th = 1.973938e+00, time=2025-04-08 01:12:38 
jj1 = 388, max_th = 1.911112e+00, time=2025-04-08 01:13:04 
jj1 = 426, max_th = 1.303590e+00, time=2025-04-08 01:13:10 
jj1 = 272, max_th = 2.240891e+00, time=2025-04-08 01:14:05 
jj1 = 70, max_th = 1.562421e+00, time=2025-04-08 01:15:30 
jj1 = 228, max_th = 1.719981e+00, time=2025-04-08 01:15:39 
jj1 = 462, max_th = 2.425849e+00, time=2025-04-08 01:16:16 
jj1 = 190, max_th = 2.319299e+00, time=2025-04-08 01:16:52 
jj1 = 461, max_th = 3.275336e+00, time=2025-04-08 01:17:51 
jj1 = 345, max_th = 1.088574e+00, time=2025-04-08 01:20:05 
jj1 = 152, max_th = 2.027357e+00, time=2025-04-08 01:22:03 
jj1 = 189, max_th = 2.743910e+00, time=2025-04-08 01:26:56 
jj1 = 151, max_th = 2.633959e+00, time=2025-04-08 01:28:11 
jj1 = 227, max_th = 2.402935e+00, time=2025-04-08 01:28:55 
jj1 = 116, max_th = 1.510187e+00, time=2025-04-08 01:30:20 
jj1 = 498, max_th = 1.870020e+00, time=2025-04-08 01:30:22 
jj1 = 115, max_th = 2.671977e-01, time=2025-04-08 01:30:56 
jj1 = 306, max_th = 1.964663e+00, time=2025-04-08 01:31:44 
jj1 = 344, max_th = 1.203811e+00, time=2025-04-08 01:33:13 
jj1 = 271, max_th = 2.237840e+00, time=2025-04-08 01:33:50 
jj1 = 69, max_th = 1.948805e+00, time=2025-04-08 01:34:35 
jj1 = 425, max_th = 1.823479e+00, time=2025-04-08 01:35:22 
jj1 = 114, max_th = 9.200538e-01, time=2025-04-08 01:35:30 
jj1 = 460, max_th = 2.217099e+00, time=2025-04-08 01:37:10 
jj1 = 387, max_th = 2.035527e+00, time=2025-04-08 01:38:23 
jj1 = 188, max_th = 1.423636e+00, time=2025-04-08 01:42:54 
jj1 = 68, max_th = 1.218026e+00, time=2025-04-08 01:43:00 
jj1 = 459, max_th = 2.762580e+00, time=2025-04-08 01:43:12 
jj1 = 226, max_th = 1.464757e+00, time=2025-04-08 01:43:14 
jj1 = 225, max_th = 7.207277e-02, time=2025-04-08 01:43:25 
jj1 = 150, max_th = 1.751907e+00, time=2025-04-08 01:46:37 
jj1 = 458, max_th = 7.710875e-01, time=2025-04-08 01:47:05 
jj1 = 497, max_th = 1.767277e+00, time=2025-04-08 01:48:51 
jj1 = 305, max_th = 1.810606e+00, time=2025-04-08 01:49:04 
jj1 = 343, max_th = 2.272590e+00, time=2025-04-08 01:50:29 
jj1 = 424, max_th = 1.576776e+00, time=2025-04-08 01:51:01 
jj1 = 149, max_th = 8.896522e-01, time=2025-04-08 01:51:41 
jj1 = 304, max_th = 2.908365e+00, time=2025-04-08 01:53:18 
jj1 = 113, max_th = 1.784086e+00, time=2025-04-08 01:54:54 
jj1 = 270, max_th = 2.138464e+00, time=2025-04-08 01:56:32 
jj1 = 67, max_th = 2.459756e+00, time=2025-04-08 01:56:54 
jj1 = 224, max_th = 2.580493e+00, time=2025-04-08 01:57:01 
jj1 = 112, max_th = 5.700902e-01, time=2025-04-08 01:57:08 
jj1 = 342, max_th = 2.713470e+00, time=2025-04-08 01:59:01 
jj1 = 148, max_th = 1.126979e+00, time=2025-04-08 02:00:14 
jj1 = 386, max_th = 1.944019e+00, time=2025-04-08 02:00:18 
jj1 = 303, max_th = 1.028548e+00, time=2025-04-08 02:00:26 
jj1 = 187, max_th = 1.950777e+00, time=2025-04-08 02:02:46 
jj1 = 496, max_th = 2.296505e+00, time=2025-04-08 02:06:16 
jj1 = 457, max_th = 2.175767e+00, time=2025-04-08 02:11:00 
jj1 = 423, max_th = 1.913458e+00, time=2025-04-08 02:11:12 
jj1 = 147, max_th = 2.566749e+00, time=2025-04-08 02:13:23 
jj1 = 385, max_th = 1.799842e+00, time=2025-04-08 02:14:45 
jj1 = 223, max_th = 1.629075e+00, time=2025-04-08 02:16:45 
jj1 = 111, max_th = 1.528096e+00, time=2025-04-08 02:16:46 
jj1 = 66, max_th = 1.897833e+00, time=2025-04-08 02:18:05 
jj1 = 269, max_th = 1.858585e+00, time=2025-04-08 02:18:30 
jj1 = 341, max_th = 2.059865e+00, time=2025-04-08 02:21:08 
jj1 = 495, max_th = 2.448011e+00, time=2025-04-08 02:21:13 
jj1 = 302, max_th = 2.016277e+00, time=2025-04-08 02:24:46 
jj1 = 186, max_th = 2.215901e+00, time=2025-04-08 02:25:40 
jj1 = 301, max_th = 2.877574e+00, time=2025-04-08 02:30:38 
jj1 = 268, max_th = 2.640270e+00, time=2025-04-08 02:32:27 
jj1 = 456, max_th = 1.583088e+00, time=2025-04-08 02:32:35 
jj1 = 146, max_th = 1.857520e+00, time=2025-04-08 02:34:09 
jj1 = 494, max_th = 1.700122e+00, time=2025-04-08 02:34:41 
jj1 = 422, max_th = 1.995165e+00, time=2025-04-08 02:35:08 
jj1 = 384, max_th = 2.188714e+00, time=2025-04-08 02:35:18 
jj1 = 110, max_th = 1.682408e+00, time=2025-04-08 02:36:56 
jj1 = 222, max_th = 2.024270e+00, time=2025-04-08 02:39:58 
jj1 = 65, max_th = 2.267430e+00, time=2025-04-08 02:40:12 
jj1 = 383, max_th = 1.123129e+00, time=2025-04-08 02:42:59 
jj1 = 64, max_th = 3.019582e+00, time=2025-04-08 02:43:10 
jj1 = 185, max_th = 2.386060e+00, time=2025-04-08 02:45:17 
jj1 = 267, max_th = 2.626772e+00, time=2025-04-08 02:45:37 
jj1 = 109, max_th = 1.320723e+00, time=2025-04-08 02:46:22 
jj1 = 340, max_th = 2.117487e+00, time=2025-04-08 02:46:35 
jj1 = 493, max_th = 2.400684e+00, time=2025-04-08 02:47:26 
jj1 = 421, max_th = 2.294608e+00, time=2025-04-08 02:49:57 
jj1 = 300, max_th = 1.580293e+00, time=2025-04-08 02:50:01 
jj1 = 145, max_th = 2.006249e+00, time=2025-04-08 02:52:08 
jj1 = 455, max_th = 2.335690e+00, time=2025-04-08 02:52:12 
jj1 = 492, max_th = 2.851466e+00, time=2025-04-08 02:53:31 
jj1 = 420, max_th = 1.067072e+00, time=2025-04-08 02:55:16 
jj1 = 221, max_th = 1.852881e+00, time=2025-04-08 03:00:43 
jj1 = 63, max_th = 2.323617e+00, time=2025-04-08 03:02:42 
jj1 = 266, max_th = 1.898479e+00, time=2025-04-08 03:03:44 
jj1 = 419, max_th = 2.541971e+00, time=2025-04-08 03:04:01 
jj1 = 265, max_th = -1.262252e-01, time=2025-04-08 03:05:10 
jj1 = 382, max_th = 2.123072e+00, time=2025-04-08 03:05:14 
jj1 = 339, max_th = 1.909387e+00, time=2025-04-08 03:09:39 
jj1 = 184, max_th = 1.832157e+00, time=2025-04-08 03:09:53 
jj1 = 299, max_th = 2.367986e+00, time=2025-04-08 03:09:59 
jj1 = 108, max_th = 1.838728e+00, time=2025-04-08 03:12:38 
jj1 = 220, max_th = 2.235055e+00, time=2025-04-08 03:13:31 
jj1 = 144, max_th = 1.817088e+00, time=2025-04-08 03:16:04 
jj1 = 491, max_th = 1.911433e+00, time=2025-04-08 03:17:08 
jj1 = 454, max_th = 2.212167e+00, time=2025-04-08 03:20:02 
jj1 = 418, max_th = 2.201655e+00, time=2025-04-08 03:22:02 
jj1 = 381, max_th = 1.711839e+00, time=2025-04-08 03:23:58 
jj1 = 417, max_th = 9.079490e-01, time=2025-04-08 03:24:29 
jj1 = 453, max_th = 1.187170e+00, time=2025-04-08 03:25:56 
jj1 = 143, max_th = 2.504565e+00, time=2025-04-08 03:26:06 
jj1 = 62, max_th = 2.202965e+00, time=2025-04-08 03:26:42 
jj1 = 298, max_th = 1.464447e+00, time=2025-04-08 03:27:27 
jj1 = 264, max_th = 1.924029e+00, time=2025-04-08 03:28:12 
jj1 = 183, max_th = 2.444034e+00, time=2025-04-08 03:28:27 
jj1 = 107, max_th = 1.512930e+00, time=2025-04-08 03:28:31 
jj1 = 338, max_th = 2.110383e+00, time=2025-04-08 03:29:51 
jj1 = 416, max_th = 1.292364e+00, time=2025-04-08 03:30:28 
jj1 = 106, max_th = 3.017921e+00, time=2025-04-08 03:32:06 
jj1 = 182, max_th = -1.479458e+00, time=2025-04-08 03:32:56 
jj1 = 219, max_th = 1.804815e+00, time=2025-04-08 03:33:48 
jj1 = 490, max_th = 1.680971e+00, time=2025-04-08 03:35:08 
jj1 = 297, max_th = 2.487182e+00, time=2025-04-08 03:39:03 
jj1 = 380, max_th = 2.541637e+00, time=2025-04-08 03:39:35 
jj1 = 415, max_th = 1.386542e+00, time=2025-04-08 03:43:42 
jj1 = 337, max_th = 2.458882e+00, time=2025-04-08 03:45:03 
jj1 = 379, max_th = 2.846496e+00, time=2025-04-08 03:45:41 
jj1 = 452, max_th = 1.732219e+00, time=2025-04-08 03:46:01 
jj1 = 414, max_th = 7.931094e-01, time=2025-04-08 03:46:25 
jj1 = 142, max_th = 2.265184e+00, time=2025-04-08 03:48:52 
jj1 = 413, max_th = 2.823450e+00, time=2025-04-08 03:51:47 
jj1 = 263, max_th = 1.885074e+00, time=2025-04-08 03:54:14 
jj1 = 218, max_th = 2.265650e+00, time=2025-04-08 03:54:46 
jj1 = 668, max_th = 2.177249e+00, time=2025-04-08 03:56:45 
jj1 = 412, max_th = 2.764869e+00, time=2025-04-08 04:00:32 
jj1 = 105, max_th = 1.975965e+00, time=2025-04-08 04:00:39 
jj1 = 181, max_th = 2.157693e+00, time=2025-04-08 04:00:43 
jj1 = 336, max_th = 2.342925e+00, time=2025-04-08 04:01:16 
jj1 = 296, max_th = 1.834788e+00, time=2025-04-08 04:01:56 
jj1 = 451, max_th = 2.296808e+00, time=2025-04-08 04:02:56 
jj1 = 378, max_th = 1.472626e+00, time=2025-04-08 04:03:30 
jj1 = 217, max_th = 2.666392e+00, time=2025-04-08 04:05:58 
jj1 = 262, max_th = 1.394029e+00, time=2025-04-08 04:06:21 
jj1 = 141, max_th = 1.792180e+00, time=2025-04-08 04:06:32 
jj1 = 295, max_th = 1.279327e+00, time=2025-04-08 04:12:22 
jj1 = 377, max_th = 2.499783e+00, time=2025-04-08 04:13:31 
jj1 = 708, max_th = 2.518347e+00, time=2025-04-08 04:17:58 
jj1 = 180, max_th = 1.522614e+00, time=2025-04-08 04:18:18 
jj1 = 667, max_th = 1.890498e+00, time=2025-04-08 04:19:04 
jj1 = 61, max_th = 2.219435e+00, time=2025-04-08 04:19:30 
jj1 = 335, max_th = 1.419546e+00, time=2025-04-08 04:19:53 
jj1 = 628, max_th = 1.666569e+00, time=2025-04-08 04:20:07 
jj1 = 376, max_th = 1.181165e+00, time=2025-04-08 04:22:46 
jj1 = 261, max_th = 2.420063e+00, time=2025-04-08 04:22:51 
jj1 = 548, max_th = 1.916420e+00, time=2025-04-08 04:25:08 
jj1 = 608, max_th = 2.433154e+00, time=2025-04-08 04:25:53 
jj1 = 104, max_th = 1.916769e+00, time=2025-04-08 04:26:40 
jj1 = 334, max_th = 1.297692e+00, time=2025-04-08 04:30:47 
jj1 = 140, max_th = 2.182569e+00, time=2025-04-08 04:32:36 
jj1 = 179, max_th = 1.545313e+00, time=2025-04-08 04:35:06 
jj1 = 588, max_th = 2.460309e+00, time=2025-04-08 04:35:20 
jj1 = 547, max_th = 2.605514e+00, time=2025-04-08 04:37:44 
jj1 = 627, max_th = 2.152698e+00, time=2025-04-08 04:39:02 
jj1 = 707, max_th = 2.063255e+00, time=2025-04-08 04:41:41 
jj1 = 260, max_th = 2.216392e+00, time=2025-04-08 04:42:07 
jj1 = 375, max_th = 1.825918e+00, time=2025-04-08 04:42:43 
jj1 = 666, max_th = 1.888798e+00, time=2025-04-08 04:45:30 
jj1 = 568, max_th = 1.694681e+00, time=2025-04-08 04:45:46 
jj1 = 103, max_th = 1.627413e+00, time=2025-04-08 04:47:21 
jj1 = 546, max_th = 1.279010e+00, time=2025-04-08 04:48:07 
jj1 = 607, max_th = 2.056908e+00, time=2025-04-08 04:53:50 
jj1 = 626, max_th = 2.156923e+00, time=2025-04-08 04:54:32 
jj1 = 139, max_th = 1.742036e+00, time=2025-04-08 04:55:38 
jj1 = 587, max_th = 1.897021e+00, time=2025-04-08 04:56:36 
jj1 = 606, max_th = 7.204330e-01, time=2025-04-08 04:57:10 
jj1 = 706, max_th = 2.255102e+00, time=2025-04-08 04:57:32 
jj1 = 259, max_th = 2.421635e+00, time=2025-04-08 04:59:22 
jj1 = 567, max_th = 2.288237e+00, time=2025-04-08 05:02:34 
jj1 = 374, max_th = 2.066983e+00, time=2025-04-08 05:03:25 
jj1 = 665, max_th = 2.387268e+00, time=2025-04-08 05:03:30 
jj1 = 178, max_th = 2.132392e+00, time=2025-04-08 05:03:33 
jj1 = 545, max_th = 1.761001e+00, time=2025-04-08 05:07:29 
jj1 = 544, max_th = 6.901818e-01, time=2025-04-08 05:09:20 
jj1 = 648, max_th = 1.415674e+00, time=2025-04-08 05:09:32 
jj1 = 664, max_th = 1.046468e+00, time=2025-04-08 05:10:10 
jj1 = 102, max_th = 1.669421e+00, time=2025-04-08 05:12:15 
jj1 = 625, max_th = 1.921941e+00, time=2025-04-08 05:14:12 
jj1 = 586, max_th = 1.583811e+00, time=2025-04-08 05:15:45 
jj1 = 258, max_th = 2.163546e+00, time=2025-04-08 05:16:56 
jj1 = 585, max_th = 2.886770e+00, time=2025-04-08 05:20:26 
jj1 = 373, max_th = 2.110726e+00, time=2025-04-08 05:22:38 
jj1 = 543, max_th = 2.562629e+00, time=2025-04-08 05:23:29 
jj1 = 566, max_th = 1.668769e+00, time=2025-04-08 05:24:12 
jj1 = 605, max_th = 1.984349e+00, time=2025-04-08 05:24:14 
jj1 = 663, max_th = 1.748712e+00, time=2025-04-08 05:24:26 
jj1 = 584, max_th = 2.917369e+00, time=2025-04-08 05:25:26 
jj1 = 647, max_th = 2.151455e+00, time=2025-04-08 05:26:15 
jj1 = 257, max_th = 2.519110e+00, time=2025-04-08 05:28:42 
jj1 = 688, max_th = 2.755654e+00, time=2025-04-08 05:29:10 
jj1 = 768, max_th = 2.018809e+00, time=2025-04-08 05:30:06 
jj1 = 583, max_th = 1.242556e+00, time=2025-04-08 05:31:12 
jj1 = 101, max_th = 1.734599e+00, time=2025-04-08 05:32:28 
jj1 = 705, max_th = 1.959676e+00, time=2025-04-08 05:34:10 
jj1 = 646, max_th = 1.178781e+00, time=2025-04-08 05:34:23 
jj1 = 624, max_th = 2.183082e+00, time=2025-04-08 05:35:33 
jj1 = 256, max_th = 1.055275e+00, time=2025-04-08 05:35:54 
jj1 = 582, max_th = 1.271587e+00, time=2025-04-08 05:41:49 
jj1 = 542, max_th = 2.050924e+00, time=2025-04-08 05:42:30 
jj1 = 767, max_th = 1.251434e+00, time=2025-04-08 05:42:44 
jj1 = 728, max_th = 1.355553e+00, time=2025-04-08 05:48:38 
jj1 = 687, max_th = 1.961834e+00, time=2025-04-08 05:48:56 
jj1 = 565, max_th = 1.973385e+00, time=2025-04-08 05:49:57 
jj1 = 604, max_th = 1.867017e+00, time=2025-04-08 05:50:49 
jj1 = 704, max_th = 2.056326e+00, time=2025-04-08 05:50:53 
jj1 = 662, max_th = 2.223513e+00, time=2025-04-08 05:52:44 
jj1 = 623, max_th = 1.681182e+00, time=2025-04-08 05:54:26 
jj1 = 541, max_th = 1.338158e+00, time=2025-04-08 05:54:44 
jj1 = 686, max_th = 2.680071e+00, time=2025-04-08 05:55:43 
jj1 = 645, max_th = 2.520271e+00, time=2025-04-08 05:56:25 
jj1 = 661, max_th = 1.056754e+00, time=2025-04-08 05:58:52 
jj1 = 766, max_th = 2.383251e+00, time=2025-04-08 05:59:19 
jj1 = 100, max_th = 2.185795e+00, time=2025-04-08 05:59:53 
jj1 = 765, max_th = 3.052271e+00, time=2025-04-08 06:01:41 
jj1 = 581, max_th = 1.887291e+00, time=2025-04-08 06:02:13 
jj1 = 644, max_th = 1.387261e+00, time=2025-04-08 06:04:29 
jj1 = 764, max_th = 1.140757e+00, time=2025-04-08 06:09:34 
jj1 = 703, max_th = 2.270912e+00, time=2025-04-08 06:09:47 
jj1 = 702, max_th = 3.110491e-03, time=2025-04-08 06:11:10 
jj1 = 727, max_th = 2.222673e+00, time=2025-04-08 06:11:41 
jj1 = 603, max_th = 1.834550e+00, time=2025-04-08 06:14:22 
jj1 = 564, max_th = 1.964482e+00, time=2025-04-08 06:14:54 
jj1 = 685, max_th = 1.726399e+00, time=2025-04-08 06:16:53 
jj1 = 643, max_th = 1.572818e+00, time=2025-04-08 06:17:58 
jj1 = 748, max_th = 2.025943e+00, time=2025-04-08 06:21:19 
jj1 = 763, max_th = 2.612686e+00, time=2025-04-08 06:21:39 
jj1 = 660, max_th = 2.136123e+00, time=2025-04-08 06:21:50 
jj1 = 602, max_th = 1.281598e+00, time=2025-04-08 06:23:38 
jj1 = 580, max_th = 1.731139e+00, time=2025-04-08 06:24:29 
jj1 = 563, max_th = 2.668991e+00, time=2025-04-08 06:25:17 
jj1 = 622, max_th = 1.848038e+00, time=2025-04-08 06:25:56 
jj1 = 701, max_th = 1.479776e+00, time=2025-04-08 06:28:24 
jj1 = 642, max_th = 1.353163e+00, time=2025-04-08 06:29:14 
jj1 = 540, max_th = 1.730721e+00, time=2025-04-08 06:31:05 
jj1 = 726, max_th = 2.356072e+00, time=2025-04-08 06:31:32 
jj1 = 684, max_th = 2.161552e+00, time=2025-04-08 06:35:26 
jj1 = 562, max_th = 2.603293e+00, time=2025-04-08 06:37:40 
jj1 = 539, max_th = 1.061836e+00, time=2025-04-08 06:38:09 
jj1 = 641, max_th = 1.155027e+00, time=2025-04-08 06:39:57 
jj1 = 700, max_th = 1.600181e+00, time=2025-04-08 06:40:01 
jj1 = 601, max_th = 2.148522e+00, time=2025-04-08 06:40:37 
jj1 = 600, max_th = 3.327473e+00, time=2025-04-08 06:41:12 
jj1 = 659, max_th = 2.232566e+00, time=2025-04-08 06:44:36 
jj1 = 747, max_th = 2.064007e+00, time=2025-04-08 06:45:43 
jj1 = 746, max_th = 9.503886e-01, time=2025-04-08 06:47:40 
jj1 = 683, max_th = 2.481822e+00, time=2025-04-08 06:47:46 
jj1 = 762, max_th = 1.966418e+00, time=2025-04-08 06:48:18 
jj1 = 538, max_th = 2.566485e+00, time=2025-04-08 06:49:02 
jj1 = 561, max_th = 1.603589e+00, time=2025-04-08 06:52:32 
jj1 = 725, max_th = 2.235708e+00, time=2025-04-08 06:52:43 
jj1 = 621, max_th = 1.980228e+00, time=2025-04-08 06:52:51 
jj1 = 682, max_th = 2.894155e+00, time=2025-04-08 06:52:55 
jj1 = 560, max_th = -1.304903e+00, time=2025-04-08 06:56:29 
jj1 = 745, max_th = 1.365180e+00, time=2025-04-08 06:58:40 
jj1 = 699, max_th = 2.073914e+00, time=2025-04-08 06:59:35 
jj1 = 640, max_th = 1.671845e+00, time=2025-04-08 07:02:43 
jj1 = 559, max_th = 1.141869e+00, time=2025-04-08 07:03:13 
jj1 = 658, max_th = 2.378171e+00, time=2025-04-08 07:04:25 
jj1 = 599, max_th = 2.131155e+00, time=2025-04-08 07:06:19 
jj1 = 620, max_th = 1.360869e+00, time=2025-04-08 07:06:38 
jj1 = 761, max_th = 1.963832e+00, time=2025-04-08 07:10:19 
jj1 = 537, max_th = 1.603412e+00, time=2025-04-08 07:10:43 
jj1 = 744, max_th = 1.426650e+00, time=2025-04-08 07:11:23 
jj1 = 579, max_th = 2.075707e+00, time=2025-04-08 07:11:29 
jj1 = 724, max_th = 1.716278e+00, time=2025-04-08 07:12:37 
jj1 = 681, max_th = 1.861868e+00, time=2025-04-08 07:13:52 
jj1 = 743, max_th = 3.038908e+00, time=2025-04-08 07:14:04 
jj1 = 657, max_th = 1.399565e+00, time=2025-04-08 07:14:51 
jj1 = 639, max_th = 1.643334e+00, time=2025-04-08 07:19:53 
jj1 = 760, max_th = 2.646467e+00, time=2025-04-08 07:23:21 
jj1 = 578, max_th = 1.409136e+00, time=2025-04-08 07:26:46 
jj1 = 638, max_th = 2.747288e+00, time=2025-04-08 07:27:27 
jj1 = 577, max_th = 3.226745e+00, time=2025-04-08 07:28:36 
jj1 = 698, max_th = 2.182044e+00, time=2025-04-08 07:28:56 
jj1 = 656, max_th = 8.812889e-01, time=2025-04-08 07:29:07 
jj1 = 558, max_th = 1.892988e+00, time=2025-04-08 07:30:27 
jj1 = 655, max_th = 2.939535e+00, time=2025-04-08 07:32:29 
jj1 = 536, max_th = 2.179335e+00, time=2025-04-08 07:35:23 
jj1 = 723, max_th = 1.953796e+00, time=2025-04-08 07:36:10 
jj1 = 680, max_th = 1.835696e+00, time=2025-04-08 07:36:14 
jj1 = 742, max_th = 2.088712e+00, time=2025-04-08 07:37:06 
jj1 = 619, max_th = 2.125994e+00, time=2025-04-08 07:39:01 
jj1 = 598, max_th = 2.027105e+00, time=2025-04-08 07:40:28 
jj1 = 576, max_th = 1.553246e+00, time=2025-04-08 07:42:42 
jj1 = 722, max_th = 2.595479e+00, time=2025-04-08 07:44:51 
jj1 = 654, max_th = 2.675663e+00, time=2025-04-08 07:45:37 
jj1 = 759, max_th = 2.221207e+00, time=2025-04-08 07:47:50 
jj1 = 741, max_th = 2.651301e+00, time=2025-04-08 07:48:49 
jj1 = 535, max_th = 2.587443e+00, time=2025-04-08 07:49:51 
jj1 = 697, max_th = 1.863713e+00, time=2025-04-08 07:50:42 
jj1 = 637, max_th = 1.981071e+00, time=2025-04-08 07:53:30 
jj1 = 740, max_th = 2.906616e+00, time=2025-04-08 07:53:36 
jj1 = 557, max_th = 2.142440e+00, time=2025-04-08 07:53:56 
jj1 = 679, max_th = 1.779981e+00, time=2025-04-08 07:54:00 
jj1 = 575, max_th = 2.531574e+00, time=2025-04-08 07:55:19 
jj1 = 597, max_th = 1.567684e+00, time=2025-04-08 07:59:19 
jj1 = 721, max_th = 1.823981e+00, time=2025-04-08 08:02:33 
jj1 = 618, max_th = 1.886025e+00, time=2025-04-08 08:03:45 
jj1 = 534, max_th = 1.904375e+00, time=2025-04-08 08:07:11 
jj1 = 596, max_th = 1.181223e+00, time=2025-04-08 08:08:53 
jj1 = 678, max_th = 1.699637e+00, time=2025-04-08 08:09:24 
jj1 = 696, max_th = 1.592330e+00, time=2025-04-08 08:09:56 
jj1 = 653, max_th = 1.885761e+00, time=2025-04-08 08:11:04 
jj1 = 636, max_th = 1.364007e+00, time=2025-04-08 08:11:37 
jj1 = 556, max_th = 2.247426e+00, time=2025-04-08 08:12:09 
jj1 = 739, max_th = 2.317630e+00, time=2025-04-08 08:12:56 
jj1 = 758, max_th = 1.682845e+00, time=2025-04-08 08:12:57 
jj1 = 574, max_th = 1.935721e+00, time=2025-04-08 08:16:31 
jj1 = 695, max_th = 2.680311e+00, time=2025-04-08 08:19:37 
jj1 = 757, max_th = 1.349993e+00, time=2025-04-08 08:20:17 
jj1 = 533, max_th = 2.397500e+00, time=2025-04-08 08:20:23 
jj1 = 720, max_th = 1.892446e+00, time=2025-04-08 08:25:18 
jj1 = 635, max_th = 2.305588e+00, time=2025-04-08 08:26:59 
jj1 = 617, max_th = 2.093992e+00, time=2025-04-08 08:27:50 
jj1 = 677, max_th = 1.535499e+00, time=2025-04-08 08:29:19 
jj1 = 652, max_th = 1.565591e+00, time=2025-04-08 08:31:05 
jj1 = 595, max_th = 1.956332e+00, time=2025-04-08 08:31:59 
jj1 = 555, max_th = 2.075073e+00, time=2025-04-08 08:34:24 
jj1 = 573, max_th = 2.144511e+00, time=2025-04-08 08:34:29 
jj1 = 634, max_th = 1.346299e+00, time=2025-04-08 08:36:58 
jj1 = 738, max_th = 2.121987e+00, time=2025-04-08 08:37:59 
jj1 = 694, max_th = 2.564115e+00, time=2025-04-08 08:39:00 
jj1 = 532, max_th = 1.694484e+00, time=2025-04-08 08:40:51 
jj1 = 651, max_th = 2.403198e+00, time=2025-04-08 08:42:38 
jj1 = 756, max_th = 2.045474e+00, time=2025-04-08 08:44:29 
jj1 = 650, max_th = 3.212056e+00, time=2025-04-08 08:45:00 
jj1 = 572, max_th = 2.695681e+00, time=2025-04-08 08:45:00 
jj1 = 719, max_th = 1.734164e+00, time=2025-04-08 08:47:37 
jj1 = 633, max_th = 1.348078e+00, time=2025-04-08 08:48:26 
jj1 = 531, max_th = 2.740075e+00, time=2025-04-08 08:48:33 
jj1 = 554, max_th = 1.496536e+00, time=2025-04-08 08:49:08 
jj1 = 676, max_th = 1.773675e+00, time=2025-04-08 08:52:40 
jj1 = 571, max_th = 1.248480e+00, time=2025-04-08 08:52:46 
jj1 = 632, max_th = 2.740911e+00, time=2025-04-08 08:53:32 
jj1 = 594, max_th = 2.564410e+00, time=2025-04-08 08:54:40 
jj1 = 616, max_th = 1.978301e+00, time=2025-04-08 08:55:16 
jj1 = 649, max_th = 1.424813e+00, time=2025-04-08 08:56:12 
jj1 = 737, max_th = 2.136962e+00, time=2025-04-08 08:58:53 
jj1 = 693, max_th = 1.847347e+00, time=2025-04-08 09:00:00 
jj1 = 530, max_th = 2.300287e+00, time=2025-04-08 09:01:04 
jj1 = 718, max_th = 2.402429e+00, time=2025-04-08 09:01:59 
jj1 = 755, max_th = 2.174480e+00, time=2025-04-08 09:04:15 
jj1 = 631, max_th = 1.578380e+00, time=2025-04-08 09:08:30 
jj1 = 736, max_th = 2.616269e+00, time=2025-04-08 09:09:30 
jj1 = 717, max_th = 2.779199e+00, time=2025-04-08 09:10:16 
jj1 = 553, max_th = 1.834900e+00, time=2025-04-08 09:11:20 
jj1 = 692, max_th = 1.392596e+00, time=2025-04-08 09:13:00 
jj1 = 675, max_th = 2.143694e+00, time=2025-04-08 09:13:17 
jj1 = 615, max_th = 2.303353e+00, time=2025-04-08 09:14:03 
jj1 = 778, max_th = 1.984577e+00, time=2025-04-08 09:14:19 
jj1 = 570, max_th = 1.988228e+00, time=2025-04-08 09:14:45 
jj1 = 593, max_th = 1.698709e+00, time=2025-04-08 09:16:07 
jj1 = 529, max_th = 1.540069e+00, time=2025-04-08 09:16:47 
jj1 = 614, max_th = 2.809432e+00, time=2025-04-08 09:18:05 
jj1 = 552, max_th = 2.755919e+00, time=2025-04-08 09:20:27 
jj1 = 716, max_th = 1.045936e+00, time=2025-04-08 09:21:43 
jj1 = 754, max_th = 2.336067e+00, time=2025-04-08 09:23:06 
jj1 = 674, max_th = 2.494753e+00, time=2025-04-08 09:25:23 
jj1 = 691, max_th = 1.539670e+00, time=2025-04-08 09:30:51 
jj1 = 715, max_th = 1.111572e+00, time=2025-04-08 09:31:04 
jj1 = 753, max_th = 2.784855e+00, time=2025-04-08 09:32:40 
jj1 = 630, max_th = 1.861476e+00, time=2025-04-08 09:34:36 
jj1 = 551, max_th = 2.561070e+00, time=2025-04-08 09:36:23 
jj1 = 613, max_th = 1.840556e+00, time=2025-04-08 09:36:23 
jj1 = 690, max_th = 2.825026e+00, time=2025-04-08 09:37:50 
jj1 = 569, max_th = 1.971811e+00, time=2025-04-08 09:39:38 
jj1 = 798, max_th = 2.170190e+00, time=2025-04-08 09:40:24 
jj1 = 777, max_th = 1.969051e+00, time=2025-04-08 09:40:31 
jj1 = 673, max_th = 2.433573e+00, time=2025-04-08 09:41:55 
jj1 = 592, max_th = 2.053583e+00, time=2025-04-08 09:42:42 
jj1 = 612, max_th = 2.501096e+00, time=2025-04-08 09:44:59 
jj1 = 714, max_th = 2.448462e+00, time=2025-04-08 09:45:44 
jj1 = 735, max_th = 2.001710e+00, time=2025-04-08 09:45:51 
jj1 = 776, max_th = 1.005824e+00, time=2025-04-08 09:46:45 
jj1 = 752, max_th = 2.242447e+00, time=2025-04-08 09:52:05 
jj1 = 734, max_th = 2.669691e+00, time=2025-04-08 09:53:21 
jj1 = 713, max_th = 1.195949e+00, time=2025-04-08 09:53:47 
jj1 = 689, max_th = 2.102992e+00, time=2025-04-08 09:56:00 
jj1 = 629, max_th = 1.731221e+00, time=2025-04-08 09:56:49 
jj1 = 550, max_th = 1.884810e+00, time=2025-04-08 09:58:44 
jj1 = 775, max_th = 1.220928e+00, time=2025-04-08 09:59:46 
jj1 = 751, max_th = 1.304931e+00, time=2025-04-08 10:02:11 
jj1 = 611, max_th = 2.340933e+00, time=2025-04-08 10:03:25 
jj1 = 797, max_th = 2.022870e+00, time=2025-04-08 10:04:45 
jj1 = 828, max_th = 2.111838e+00, time=2025-04-08 10:04:56 
jj1 = 672, max_th = 1.983469e+00, time=2025-04-08 10:05:02 
jj1 = 808, max_th = 1.509640e+00, time=2025-04-08 10:10:25 
jj1 = 712, max_th = 3.109273e+00, time=2025-04-08 10:10:25 
jj1 = 733, max_th = 2.008813e+00, time=2025-04-08 10:10:50 
jj1 = 549, max_th = 2.389366e+00, time=2025-04-08 10:12:57 
jj1 = 827, max_th = 1.265797e+00, time=2025-04-08 10:16:11 
jj1 = 591, max_th = 1.668527e+00, time=2025-04-08 10:17:33 
jj1 = 848, max_th = 1.978078e+00, time=2025-04-08 10:20:17 
jj1 = 590, max_th = 8.628073e-01, time=2025-04-08 10:21:32 
jj1 = 750, max_th = 1.757422e+00, time=2025-04-08 10:23:18 
jj1 = 732, max_th = 2.481935e+00, time=2025-04-08 10:23:27 
jj1 = 807, max_th = 2.515073e+00, time=2025-04-08 10:24:37 
jj1 = 731, max_th = 2.700006e+00, time=2025-04-08 10:26:36 
jj1 = 774, max_th = 1.771129e+00, time=2025-04-08 10:26:36 
jj1 = 796, max_th = 2.018992e+00, time=2025-04-08 10:27:57 
jj1 = 671, max_th = 2.023555e+00, time=2025-04-08 10:29:27 
jj1 = 847, max_th = 1.313108e+00, time=2025-04-08 10:30:00 
jj1 = 610, max_th = 1.935954e+00, time=2025-04-08 10:30:18 
jj1 = 838, max_th = 2.292582e+00, time=2025-04-08 10:33:02 
jj1 = 826, max_th = 2.208046e+00, time=2025-04-08 10:37:23 
jj1 = 589, max_th = 1.604391e+00, time=2025-04-08 10:37:26 
jj1 = 670, max_th = 2.692906e+00, time=2025-04-08 10:37:33 
jj1 = 711, max_th = 2.084984e+00, time=2025-04-08 10:39:05 
jj1 = 806, max_th = 1.621797e+00, time=2025-04-08 10:42:09 
jj1 = 609, max_th = 2.530669e+00, time=2025-04-08 10:43:36 
jj1 = 749, max_th = 2.098325e+00, time=2025-04-08 10:47:15 
jj1 = 788, max_th = 2.880811e+00, time=2025-04-08 10:49:25 
jj1 = 837, max_th = 1.471086e+00, time=2025-04-08 10:49:44 
jj1 = 846, max_th = 1.897171e+00, time=2025-04-08 10:49:45 
jj1 = 730, max_th = 1.962499e+00, time=2025-04-08 10:50:12 
jj1 = 773, max_th = 2.115302e+00, time=2025-04-08 10:50:12 
jj1 = 669, max_th = 2.349037e+00, time=2025-04-08 10:52:21 
jj1 = 805, max_th = 2.492959e+00, time=2025-04-08 10:54:35 
jj1 = 795, max_th = 1.937825e+00, time=2025-04-08 10:54:59 
jj1 = 818, max_th = 1.664393e+00, time=2025-04-08 10:55:29 
jj1 = 858, max_th = 2.632303e+00, time=2025-04-08 10:56:22 
jj1 = 710, max_th = 1.753903e+00, time=2025-04-08 10:58:05 
jj1 = 825, max_th = 2.238775e+00, time=2025-04-08 10:58:24 
jj1 = 709, max_th = 1.122547e+00, time=2025-04-08 11:01:51 
jj1 = 729, max_th = 1.494343e+00, time=2025-04-08 11:04:01 
jj1 = 868, max_th = 2.507411e+00, time=2025-04-08 11:04:47 
jj1 = 836, max_th = 2.420787e+00, time=2025-04-08 11:05:09 
jj1 = 824, max_th = 2.767246e+00, time=2025-04-08 11:05:54 
jj1 = 794, max_th = 1.600540e+00, time=2025-04-08 11:06:44 
jj1 = 857, max_th = 2.542892e+00, time=2025-04-08 11:08:38 
jj1 = 804, max_th = 1.649405e+00, time=2025-04-08 11:10:19 
jj1 = 845, max_th = 2.056586e+00, time=2025-04-08 11:10:29 
jj1 = 817, max_th = 2.518826e+00, time=2025-04-08 11:12:36 
jj1 = 878, max_th = 1.331422e+00, time=2025-04-08 11:13:32 
jj1 = 787, max_th = 2.105622e+00, time=2025-04-08 11:14:14 
jj1 = 772, max_th = 1.981620e+00, time=2025-04-08 11:14:39 
jj1 = 835, max_th = 1.464222e+00, time=2025-04-08 11:19:37 
jj1 = 816, max_th = 2.718939e+00, time=2025-04-08 11:21:07 
jj1 = 888, max_th = 2.369430e+00, time=2025-04-08 11:21:17 
jj1 = 877, max_th = 2.566519e+00, time=2025-04-08 11:22:43 
jj1 = 815, max_th = 7.974354e-01, time=2025-04-08 11:23:27 
jj1 = 823, max_th = 1.988279e+00, time=2025-04-08 11:23:40 
jj1 = 793, max_th = 2.033121e+00, time=2025-04-08 11:31:10 
jj1 = 822, max_th = 2.625233e+00, time=2025-04-08 11:33:34 
jj1 = 803, max_th = 1.729214e+00, time=2025-04-08 11:33:41 
jj1 = 786, max_th = 1.821805e+00, time=2025-04-08 11:34:03 
jj1 = 887, max_th = 1.879460e+00, time=2025-04-08 11:34:48 
jj1 = 844, max_th = 1.715282e+00, time=2025-04-08 11:35:42 
jj1 = 867, max_th = 1.901858e+00, time=2025-04-08 11:37:22 
jj1 = 834, max_th = 2.296070e+00, time=2025-04-08 11:37:56 
jj1 = 856, max_th = 2.017577e+00, time=2025-04-08 11:38:29 
jj1 = 814, max_th = 2.310941e+00, time=2025-04-08 11:43:43 
jj1 = 771, max_th = 1.742044e+00, time=2025-04-08 11:43:59 
jj1 = 886, max_th = 1.480525e+00, time=2025-04-08 11:46:18 
jj1 = 876, max_th = 2.132973e+00, time=2025-04-08 11:52:07 
jj1 = 792, max_th = 2.143905e+00, time=2025-04-08 11:52:33 
jj1 = 802, max_th = 2.092617e+00, time=2025-04-08 11:53:33 
jj1 = 821, max_th = 1.876965e+00, time=2025-04-08 11:55:50 
jj1 = 785, max_th = 1.854266e+00, time=2025-04-08 11:58:43 
jj1 = 866, max_th = 1.906714e+00, time=2025-04-08 11:58:53 
jj1 = 833, max_th = 2.097141e+00, time=2025-04-08 11:59:25 
jj1 = 813, max_th = 2.485735e+00, time=2025-04-08 11:59:38 
jj1 = 843, max_th = 2.322567e+00, time=2025-04-08 12:01:24 
jj1 = 855, max_th = 2.022296e+00, time=2025-04-08 12:01:31 
jj1 = 885, max_th = 1.469515e+00, time=2025-04-08 12:03:35 
jj1 = 791, max_th = 2.492332e+00, time=2025-04-08 12:04:50 
jj1 = 770, max_th = 2.091030e+00, time=2025-04-08 12:07:45 
jj1 = 812, max_th = 1.262065e+00, time=2025-04-08 12:08:05 
jj1 = 865, max_th = 1.468115e+00, time=2025-04-08 12:12:40 
jj1 = 832, max_th = 1.326376e+00, time=2025-04-08 12:13:15 
jj1 = 784, max_th = 2.438134e+00, time=2025-04-08 12:13:21 
jj1 = 801, max_th = 1.803164e+00, time=2025-04-08 12:15:11 
jj1 = 854, max_th = 1.336246e+00, time=2025-04-08 12:16:13 
jj1 = 875, max_th = 2.005979e+00, time=2025-04-08 12:17:21 
jj1 = 769, max_th = 1.234127e+00, time=2025-04-08 12:17:55 
jj1 = 820, max_th = 1.961110e+00, time=2025-04-08 12:19:45 
jj1 = 884, max_th = 1.646580e+00, time=2025-04-08 12:20:23 
jj1 = 819, max_th = 6.940908e-01, time=2025-04-08 12:21:11 
jj1 = 842, max_th = 1.966416e+00, time=2025-04-08 12:24:33 
jj1 = 790, max_th = 2.003227e+00, time=2025-04-08 12:25:03 
jj1 = 864, max_th = 1.684382e+00, time=2025-04-08 12:29:02 
jj1 = 903, max_th = 2.601291e+00, time=2025-04-08 12:30:09 
jj1 = 853, max_th = 1.292857e+00, time=2025-04-08 12:30:11 
jj1 = 783, max_th = 2.321989e+00, time=2025-04-08 12:32:56 
jj1 = 831, max_th = 2.003272e+00, time=2025-04-08 12:33:23 
jj1 = 800, max_th = 2.502298e+00, time=2025-04-08 12:33:42 
jj1 = 811, max_th = 1.966953e+00, time=2025-04-08 12:35:00 
jj1 = 841, max_th = 1.987024e+00, time=2025-04-08 12:37:11 
jj1 = 874, max_th = 1.993288e+00, time=2025-04-08 12:41:14 
jj1 = 902, max_th = 2.508306e+00, time=2025-04-08 12:41:18 
jj1 = 789, max_th = 1.568366e+00, time=2025-04-08 12:42:56 
jj1 = 893, max_th = 2.212902e+00, time=2025-04-08 12:43:01 
jj1 = 883, max_th = 2.016662e+00, time=2025-04-08 12:44:28 
jj1 = 852, max_th = 1.608983e+00, time=2025-04-08 12:48:19 
jj1 = 901, max_th = 1.164667e+00, time=2025-04-08 12:49:05 
jj1 = 863, max_th = 2.258481e+00, time=2025-04-08 12:49:40 
jj1 = 882, max_th = 1.244155e+00, time=2025-04-08 12:51:52 
jj1 = 810, max_th = 2.091652e+00, time=2025-04-08 12:55:18 
jj1 = 830, max_th = 2.012049e+00, time=2025-04-08 12:56:46 
jj1 = 782, max_th = 1.780830e+00, time=2025-04-08 12:57:47 
jj1 = 892, max_th = 1.766383e+00, time=2025-04-08 12:58:53 
jj1 = 809, max_th = 9.291355e-01, time=2025-04-08 13:00:29 
jj1 = 898, max_th = 1.619962e+00, time=2025-04-08 13:00:29 
jj1 = 829, max_th = 8.598736e-01, time=2025-04-08 13:01:23 
jj1 = 799, max_th = 1.684529e+00, time=2025-04-08 13:01:51 
jj1 = 923, max_th = 9.680171e-01, time=2025-04-08 13:04:55 
jj1 = 873, max_th = 1.983475e+00, time=2025-04-08 13:05:12 
jj1 = 900, max_th = 2.190099e+00, time=2025-04-08 13:09:22 
jj1 = 862, max_th = 2.392473e+00, time=2025-04-08 13:09:40 
jj1 = 840, max_th = 1.806786e+00, time=2025-04-08 13:09:49 
jj1 = 881, max_th = 1.693968e+00, time=2025-04-08 13:11:24 
jj1 = 851, max_th = 1.758446e+00, time=2025-04-08 13:15:14 
jj1 = 781, max_th = 2.482113e+00, time=2025-04-08 13:17:08 
jj1 = 897, max_th = 2.316916e+00, time=2025-04-08 13:20:49 
jj1 = 908, max_th = 2.163028e+00, time=2025-04-08 13:21:26 
jj1 = 861, max_th = 1.581354e+00, time=2025-04-08 13:22:40 
jj1 = 891, max_th = 2.093764e+00, time=2025-04-08 13:23:04 
jj1 = 918, max_th = 1.918833e+00, time=2025-04-08 13:25:04 
jj1 = 872, max_th = 2.279509e+00, time=2025-04-08 13:25:55 
jj1 = 880, max_th = 2.239888e+00, time=2025-04-08 13:27:40 
jj1 = 839, max_th = 1.885575e+00, time=2025-04-08 13:28:33 
jj1 = 899, max_th = 1.842093e+00, time=2025-04-08 13:34:30 
jj1 = 913, max_th = 1.170213e+00, time=2025-04-08 13:37:12 
jj1 = 890, max_th = 1.351438e+00, time=2025-04-08 13:37:26 
jj1 = 907, max_th = 1.519437e+00, time=2025-04-08 13:37:34 
jj1 = 860, max_th = 1.697296e+00, time=2025-04-08 13:38:11 
jj1 = 780, max_th = 2.187262e+00, time=2025-04-08 13:39:20 
jj1 = 922, max_th = 1.628636e+00, time=2025-04-08 13:39:37 
jj1 = 850, max_th = 2.083307e+00, time=2025-04-08 13:40:06 
jj1 = 879, max_th = 2.360261e+00, time=2025-04-08 13:43:51 
jj1 = 912, max_th = 2.791354e+00, time=2025-04-08 13:43:55 
jj1 = 917, max_th = 1.688839e+00, time=2025-04-08 13:44:26 
jj1 = 948, max_th = 3.059910e+00, time=2025-04-08 13:46:42 
jj1 = 896, max_th = 1.992743e+00, time=2025-04-08 13:47:03 
jj1 = 906, max_th = 2.601674e+00, time=2025-04-08 13:48:01 
jj1 = 871, max_th = 2.139901e+00, time=2025-04-08 13:51:27 
jj1 = 889, max_th = 1.704102e+00, time=2025-04-08 13:59:08 
jj1 = 956, max_th = 1.839816e+00, time=2025-04-08 13:59:21 
jj1 = 779, max_th = 2.272864e+00, time=2025-04-08 13:59:37 
jj1 = 859, max_th = 2.270208e+00, time=2025-04-08 14:01:05 
jj1 = 870, max_th = 1.217141e+00, time=2025-04-08 14:01:24 
jj1 = 905, max_th = 1.311468e+00, time=2025-04-08 14:01:47 
jj1 = 849, max_th = 1.683145e+00, time=2025-04-08 14:03:44 
jj1 = 921, max_th = 1.758694e+00, time=2025-04-08 14:04:33 
jj1 = 904, max_th = 2.938588e+00, time=2025-04-08 14:05:55 
jj1 = 938, max_th = 2.862770e+00, time=2025-04-08 14:08:06 
jj1 = 947, max_th = 2.087841e+00, time=2025-04-08 14:08:08 
jj1 = 955, max_th = 1.598249e+00, time=2025-04-08 14:09:41 
jj1 = 911, max_th = 1.817530e+00, time=2025-04-08 14:13:45 
jj1 = 895, max_th = 2.077796e+00, time=2025-04-08 14:14:28 
jj1 = 952, max_th = 2.441521e+00, time=2025-04-08 14:15:36 
jj1 = 916, max_th = 2.275560e+00, time=2025-04-08 14:15:53 
jj1 = 972, max_th = 2.597714e+00, time=2025-04-08 14:17:33 
jj1 = 946, max_th = 2.759464e+00, time=2025-04-08 14:17:58 
jj1 = 933, max_th = 1.461774e+00, time=2025-04-08 14:22:51 
jj1 = 894, max_th = 1.139878e+00, time=2025-04-08 14:23:02 
jj1 = 869, max_th = 2.193193e+00, time=2025-04-08 14:26:38 
jj1 = 928, max_th = 2.179881e+00, time=2025-04-08 14:28:50 
jj1 = 954, max_th = 2.309265e+00, time=2025-04-08 14:29:50 
jj1 = 920, max_th = 2.316573e+00, time=2025-04-08 14:32:37 
jj1 = 971, max_th = 2.424996e+00, time=2025-04-08 14:40:01 
jj1 = 910, max_th = 1.951970e+00, time=2025-04-08 14:42:40 
jj1 = 915, max_th = 2.220621e+00, time=2025-04-08 14:42:46 
jj1 = 943, max_th = 2.481704e+00, time=2025-04-08 14:43:14 
jj1 = 937, max_th = 1.607951e+00, time=2025-04-08 14:44:32 
jj1 = 951, max_th = 1.817633e+00, time=2025-04-08 14:44:41 
jj1 = 950, max_th = 6.073838e-01, time=2025-04-08 14:46:19 
jj1 = 945, max_th = 2.020629e+00, time=2025-04-08 14:46:30 
jj1 = 927, max_th = 1.428681e+00, time=2025-04-08 14:47:00 
jj1 = 932, max_th = 1.969568e+00, time=2025-04-08 14:50:02 
jj1 = 949, max_th = 1.333300e+00, time=2025-04-08 14:54:53 
jj1 = 944, max_th = 2.809177e+00, time=2025-04-08 14:55:00 
jj1 = 960, max_th = 1.870941e+00, time=2025-04-08 14:55:17 
jj1 = 953, max_th = 1.823143e+00, time=2025-04-08 14:58:17 
jj1 = 919, max_th = 2.378300e+00, time=2025-04-08 15:00:03 
jj1 = 970, max_th = 2.456897e+00, time=2025-04-08 15:01:24 
jj1 = 984, max_th = 9.766303e-01, time=2025-04-08 15:02:02 
jj1 = 942, max_th = 2.187554e+00, time=2025-04-08 15:07:13 
jj1 = 936, max_th = 2.334979e+00, time=2025-04-08 15:08:31 
jj1 = 914, max_th = 1.540792e+00, time=2025-04-08 15:08:35 
jj1 = 909, max_th = 2.143334e+00, time=2025-04-08 15:10:15 
jj1 = 926, max_th = 2.181032e+00, time=2025-04-08 15:11:14 
jj1 = 983, max_th = 2.572653e+00, time=2025-04-08 15:16:08 
jj1 = 959, max_th = 1.950679e+00, time=2025-04-08 15:17:05 
jj1 = 935, max_th = 2.996215e+00, time=2025-04-08 15:17:35 
jj1 = 969, max_th = 2.301594e+00, time=2025-04-08 15:22:18 
jj1 = 988, max_th = 1.859488e+00, time=2025-04-08 15:22:41 
jj1 = 925, max_th = 1.112375e+00, time=2025-04-08 15:23:09 
jj1 = 964, max_th = 2.227988e+00, time=2025-04-08 15:28:12 
jj1 = 980, max_th = 2.133470e+00, time=2025-04-08 15:30:49 
jj1 = 931, max_th = 2.064860e+00, time=2025-04-08 15:31:20 
jj1 = 941, max_th = 1.581217e+00, time=2025-04-08 15:35:18 
jj1 = 987, max_th = 2.675005e+00, time=2025-04-08 15:35:30 
jj1 = 963, max_th = 2.616430e+00, time=2025-04-08 15:38:36 
jj1 = 998, max_th = 1.515258e+00, time=2025-04-08 15:39:17 
jj1 = 976, max_th = 2.574113e+00, time=2025-04-08 15:39:47 
jj1 = 968, max_th = 2.057928e+00, time=2025-04-08 15:40:16 
jj1 = 924, max_th = 1.899436e+00, time=2025-04-08 15:41:28 
jj1 = 982, max_th = 1.988535e+00, time=2025-04-08 15:45:47 
jj1 = 958, max_th = 1.831210e+00, time=2025-04-08 15:48:50 
jj1 = 934, max_th = 2.207057e+00, time=2025-04-08 15:49:11 
jj1 = 975, max_th = 2.660789e+00, time=2025-04-08 15:52:02 
jj1 = 986, max_th = 2.354006e+00, time=2025-04-08 15:54:51 
jj1 = 930, max_th = 1.723013e+00, time=2025-04-08 15:54:53 
jj1 = 992, max_th = 2.475788e+00, time=2025-04-08 15:56:42 
jj1 = 979, max_th = 2.259109e+00, time=2025-04-08 15:58:02 
jj1 = 940, max_th = 1.773617e+00, time=2025-04-08 16:01:05 
jj1 = 967, max_th = 1.997694e+00, time=2025-04-08 16:02:03 
jj1 = 939, max_th = 6.795769e-01, time=2025-04-08 16:02:59 
jj1 = 981, max_th = 1.685366e+00, time=2025-04-08 16:06:58 
jj1 = 929, max_th = 1.496027e+00, time=2025-04-08 16:07:03 
jj1 = 996, max_th = 2.160468e+00, time=2025-04-08 16:11:55 
jj1 = 985, max_th = 2.216368e+00, time=2025-04-08 16:12:46 
jj1 = 962, max_th = 1.681787e+00, time=2025-04-08 16:13:23 
jj1 = 974, max_th = 2.174485e+00, time=2025-04-08 16:13:31 
jj1 = 957, max_th = 2.061591e+00, time=2025-04-08 16:14:38 
jj1 = 978, max_th = 2.277428e+00, time=2025-04-08 16:18:24 
jj1 = 991, max_th = 1.744218e+00, time=2025-04-08 16:19:37 
jj1 = 1000, max_th = 2.037862e+00, time=2025-04-08 16:24:31 
jj1 = 997, max_th = 2.231461e+00, time=2025-04-08 16:24:48 
jj1 = 999, max_th = 2.477541e+00, time=2025-04-08 16:26:14 
jj1 = 966, max_th = 1.828759e+00, time=2025-04-08 16:26:40 
jj1 = 995, max_th = 1.820981e+00, time=2025-04-08 16:32:03 
jj1 = 961, max_th = 2.108590e+00, time=2025-04-08 16:34:30 
jj1 = 977, max_th = 1.723191e+00, time=2025-04-08 16:37:13 
jj1 = 990, max_th = 1.659077e+00, time=2025-04-08 16:37:36 
jj1 = 973, max_th = 1.817292e+00, time=2025-04-08 16:38:43 
jj1 = 965, max_th = 1.900575e+00, time=2025-04-08 16:39:51 
jj1 = 994, max_th = 1.514179e+00, time=2025-04-08 16:42:19 
jj1 = 989, max_th = 1.786775e+00, time=2025-04-08 16:48:51 
jj1 = 993, max_th = 1.730677e+00, time=2025-04-08 16:51:31 
>> >> >> >> >> >> >> >> >> 