MATLAB is selecting SOFTWARE OPENGL rendering.

                            < M A T L A B (R) >
                  Copyright 1984-2021 The MathWorks, Inc.
                  R2021b (9.11.0.1769968) 64-bit (glnxa64)
                             September 17, 2021

 
To get started, type doc.
For product information, visit www.mathworks.com.
 
>> >> >> >> >> >> >> >> >> >> >> >> >> >> >> >> >> >> >> Starting parallel pool (parpool) using the 'local' profile ...
[Warning: A task was unexpectedly found in state: Unavailable.] 
[> In parallel.cluster.Local/deriveJobStateFromTasks (line 29)
In parallel.cluster/Local/getJobState (line 174)
In parallel.cluster/CJSCluster/hGetJobState (line 375)
In parallel.internal.cluster/CJSJobMixin/hGetStateEnum (line 175)
In parallel/Job/get.StateEnum (line 247)
In parallel/Job/get.State (line 239)
In parallel.internal.customattr.CustomGetSet>iVectorisedGetHelper (line 128)
In parallel.internal.customattr.CustomGetSet>@(a,b,c)iVectorisedGetHelper(obj,a,b,c) (line 102)
In parallel.internal.customattr/CustomGetSet/doVectorisedGet (line 103)
In parallel.internal.customattr/CustomGetSet/hVectorisedGet (line 76)
In parallel.internal.customattr.GetSetImpl>iAccessProperties (line 322)
In parallel.internal.customattr.GetSetImpl>iGetAllPropertiesVec (line 264)
In parallel.internal.customattr/GetSetImpl/getImpl (line 133)
In parallel.internal.customattr.CustomGetSet>iHetFunGetFunction (line 154)
In parallel.internal.customattr.CustomGetSet>@(o)iHetFunGetFunction(o,props) (line 139)
In parallel.internal.cluster.hetfun (line 46)
In parallel.internal.customattr.CustomGetSet>iHetFunGetProperty (line 139)
In parallel.internal.customattr/CustomGetSet/get (line 38)
In parallel.internal.pool/AbstractInteractiveClient/pRemoveOldJobs (line 211)
In parallel.internal.pool/AbstractInteractiveClient/start (line 103)
In parallel.internal.pool.AbstractClusterPool>iStartClient (line 831)
In parallel.internal.pool/AbstractClusterPool/hBuildPool (line 585)
In parallel.internal.pool.doParpool (line 22)
In parpool (line 123)
In parallel.internal.parpool.getOrCreateCurrentPool (line 17)
In parallel.internal.pool/PoolArrayManager/getOrAutoCreateWithCleanup (line 44)
In pctTryCreatePoolIfNecessary (line 28)
In parallel_function (line 423)
In fn_measure (line 41)] 
Connected to the parallel pool (number of workers: 12).
Error of vP is 5.786815e-08 
Error of vP is 8.586023e-08 
Error of vP is 8.233948e-08 
Error of vP is 5.285284e-08 
Error of vP is 8.288779e-08 
Error of vP is 5.270594e-08 
Error of vP is 6.173371e-08 
Error of vP is 5.641094e-08 
Error of vP is 8.121683e-08 
Error of vP is 6.261160e-08 
Error of vP is 6.127305e-08 
Error of vP is 5.189383e-08 
Error of vP is 7.524241e-08 
Error of vP is 5.499377e-08 
Error of vP is 9.080933e-08 
Error of vP is 5.697800e-08 
Error of vP is 5.262283e-08 
Error of vP is 5.314999e-08 
Error of vP is 5.632154e-08 
Error of vP is 8.147189e-08 
Error of vP is 5.466077e-08 
Error of vP is 7.007405e-08 
Error of vP is 6.940369e-08 
Error of vP is 5.719014e-08 
Error of vP is 5.179779e-08 
Error of vP is 5.101506e-08 
Error of vP is 5.152872e-08 
Error of vP is 5.704005e-08 
Error of vP is 1.048615e-07 
Error of vP is 6.195218e-08 
Error of vP is 6.103353e-08 
Error of vP is 7.853577e-08 
Error of vP is 8.349200e-08 
Error of vP is 9.146364e-08 
Error of vP is 7.881609e-08 
Error of vP is 5.537924e-08 
Error of vP is 6.121357e-08 
Error of vP is 6.554600e-08 
Error of vP is 9.515359e-08 
Error of vP is 5.988341e-08 
Error of vP is 7.745218e-08 
Error of vP is 5.182470e-08 
Error of vP is 5.093139e-08 
Error of vP is 5.737440e-08 
Error of vP is 5.133289e-08 
Error of vP is 5.059208e-08 
Error of vP is 7.143003e-08 
Error of vP is 5.855072e-08 
Error of vP is 8.338733e-08 
Error of vP is 6.129645e-08 
Error of vP is 7.361438e-08 
Error of vP is 5.071646e-08 
Error of vP is 1.221101e-07 
Error of vP is 7.007658e-08 
Error of vP is 5.642878e-08 
Error of vP is 1.971642e-07 
Error of vP is 6.308817e-08 
Error of vP is 9.101902e-08 
Error of vP is 5.782020e-08 
Error of vP is 1.521196e-07 
Error of vP is 1.219745e-07 
Error of vP is 5.997488e-08 
Error of vP is 1.700963e-07 
Error of vP is 1.197382e-07 
Error of vP is 1.009116e-07 
Error of vP is 1.880729e-07 
Error of vP is 9.231241e-08 
Error of vP is 7.226334e-08 
Error of vP is 1.070568e-07 
Error of vP is 1.370106e-07 
Error of vP is 6.059084e-08 
Error of vP is 1.921579e-07 
Error of vP is 3.344828e-07 
Error of vP is 5.866977e-08 
Error of vP is 8.847699e-08 
Error of vP is 2.412726e-07 
Error of vP is 2.103917e-07 
Error of vP is 3.614904e-07 
Error of vP is 1.544007e-07 
Error of vP is 1.016144e-07 
Error of vP is 6.792765e-08 
Error of vP is 7.387134e-08 
Error of vP is 2.328991e-07 
Error of vP is 1.014366e-07 
Error of vP is 5.245157e-08 
Error of vP is 1.079591e-07 
Error of vP is 7.507903e-08 
Error of vP is 3.913422e-07 
Error of vP is 2.013183e-07 
Error of vP is 2.676887e-07 
Error of vP is 2.024958e-07 
Error of vP is 6.019833e-08 
Error of vP is 6.996814e-08 
Error of vP is 2.602857e-07 
Error of vP is 2.811774e-07 
Error of vP is 3.070149e-07 
Error of vP is 3.285494e-07 
Error of vP is 1.244782e-07 
Error of vP is 9.643084e-08 
Error of vP is 1.511430e-07 
Error of vP is 1.264806e-07 
Error of vP is 1.772592e-07 
Error of vP is 6.717799e-08 
Error of vP is 3.586508e-07 
Error of vP is 4.533556e-07 
Error of vP is 5.181959e-07 
Error of vP is 8.994177e-08 
Error of vP is 2.485155e-07 
Error of vP is 3.762550e-07 
Error of vP is 3.469661e-07 
Error of vP is 4.645116e-07 
Error of vP is 2.413435e-07 
Error of vP is 6.423779e-07 
Error of vP is 2.780670e-07 
Error of vP is 2.742579e-07 
Error of vP is 2.444620e-07 
Error of vP is 3.443565e-07 
Error of vP is 1.810124e-07 
Error of vP is 3.306561e-07 
Error of vP is 3.283554e-07 
Error of vP is 3.963851e-07 
Error of vP is 1.821692e-07 
Error of vP is 2.669909e-07 
Error of vP is 4.182121e-07 
Error of vP is 4.216985e-07 
Error of vP is 3.514775e-07 
Error of vP is 4.904822e-07 
Error of vP is 1.823303e-07 
Error of vP is 6.277309e-07 
Error of vP is 6.500924e-08 
Error of vP is 5.371831e-07 
Error of vP is 2.640804e-07 
Error of vP is 2.275761e-07 
Error of vP is 3.430113e-07 
Error of vP is 5.613667e-07 
Error of vP is 6.161507e-07 
Error of vP is 2.481560e-07 
Error of vP is 8.584223e-07 
Error of vP is 5.882322e-08 
Error of vP is 5.539480e-07 
Error of vP is 1.858786e-07 
Error of vP is 5.407870e-08 
Error of vP is 9.356374e-08 
Error of vP is 1.512620e-07 
Error of vP is 8.065326e-08 
Error of vP is 7.576249e-08 
Error of vP is 1.779185e-07 
Error of vP is 5.305480e-08 
Error of vP is 5.084483e-08 
Error of vP is 6.716806e-08 
Error of vP is 1.014892e-07 
Error of vP is 5.985273e-08 
Error of vP is 1.085353e-07 
Error of vP is 5.032895e-08 
Error of vP is 5.034019e-08 
Error of vP is 7.184948e-08 
Error of vP is 5.371085e-08 
Error of vP is 5.152439e-08 
Error of vP is 8.168900e-08 
Error of vP is 5.797735e-08 
Error of vP is 1.018381e-07 
Error of vP is 6.083466e-08 
Error of vP is 1.005590e-07 
Error of vP is 8.910460e-08 
Error of vP is 7.500956e-08 
Error of vP is 1.188451e-07 
Error of vP is 8.564695e-08 
Error of vP is 9.497666e-08 
Error of vP is 8.708363e-08 
Error of vP is 6.635089e-08 
Error of vP is 1.038691e-07 
Error of vP is 9.236674e-08 
Error of vP is 9.306982e-08 
Error of vP is 8.194615e-08 
Error of vP is 5.520502e-08 
Error of vP is 5.225956e-08 
Error of vP is 5.044083e-08 
Error of vP is 1.394856e-07 
Error of vP is 1.606129e-07 
Error of vP is 1.610661e-07 
Error of vP is 6.245974e-08 
Error of vP is 1.489335e-07 
Error of vP is 2.775027e-07 
Error of vP is 2.618416e-07 
Error of vP is 7.424409e-08 
Error of vP is 1.000221e-07 
Error of vP is 1.865639e-07 
Error of vP is 4.311733e-07 
Error of vP is 2.968372e-07 
Error of vP is 5.604364e-08 
Error of vP is 6.113009e-08 
Error of vP is 9.103384e-08 
Error of vP is 8.769952e-08 
Error of vP is 8.712508e-08 
Error of vP is 6.290289e-08 
Error of vP is 5.082912e-08 
Error of vP is 5.926027e-08 
Error of vP is 6.430633e-08 
Error of vP is 5.584194e-08 
Error of vP is 1.035289e-07 
Error of vP is 6.297076e-08 
Error of vP is 8.631541e-08 
Error of vP is 5.209898e-08 
Error of vP is 5.712449e-08 
Error of vP is 7.663303e-08 
Error of vP is 5.487842e-08 
Error of vP is 7.424896e-08 
Error of vP is 2.455327e-07 
Error of vP is 6.357745e-08 
Error of vP is 1.371436e-07 
Error of vP is 1.528166e-07 
Error of vP is 2.446161e-07 
Error of vP is 7.505167e-08 
Error of vP is 5.685134e-08 
Error of vP is 8.712422e-08 
Error of vP is 6.690245e-08 
Error of vP is 1.804249e-07 
Error of vP is 1.193996e-07 
Error of vP is 9.289546e-08 
Error of vP is 6.905643e-08 
Error of vP is 9.145591e-08 
Error of vP is 6.986840e-08 
Error of vP is 6.421694e-08 
Error of vP is 9.427220e-08 
Error of vP is 6.044185e-08 
Error of vP is 5.598451e-08 
Error of vP is 9.581227e-08 
Error of vP is 5.944997e-08 
Error of vP is 7.519782e-08 
Error of vP is 1.005496e-07 
Error of vP is 9.037157e-08 
Error of vP is 6.966143e-08 
Error of vP is 6.376609e-08 
Error of vP is 5.694897e-08 
Error of vP is 1.545318e-07 
Error of vP is 9.550941e-08 
Error of vP is 8.715260e-08 
Error of vP is 8.719453e-08 
Error of vP is 6.835456e-08 
Error of vP is 9.794452e-08 
Error of vP is 1.302065e-07 
Error of vP is 1.369947e-07 
Error of vP is 6.423113e-08 
Error of vP is 8.806525e-08 
Error of vP is 1.321371e-07 
Error of vP is 2.757977e-07 
Error of vP is 2.695879e-07 
Error of vP is 9.983010e-08 
Error of vP is 2.799298e-07 
Error of vP is 2.157494e-07 
Error of vP is 1.352900e-07 
Error of vP is 2.585137e-07 
Error of vP is 1.057860e-07 
Error of vP is 7.219673e-08 
Error of vP is 6.637879e-08 
Error of vP is 6.317823e-08 
Error of vP is 6.432123e-08 
Error of vP is 1.852980e-07 
Error of vP is 1.412605e-07 
Error of vP is 1.091592e-07 
Error of vP is 6.244062e-08 
Error of vP is 1.052270e-07 
Error of vP is 5.644650e-08 
Error of vP is 1.406984e-07 
Error of vP is 1.197274e-07 
Error of vP is 7.530419e-08 
Error of vP is 6.048004e-08 
Error of vP is 5.984379e-08 
Error of vP is 6.584569e-08 
Error of vP is 5.141478e-08 
Error of vP is 6.784083e-08 
Error of vP is 5.985835e-08 
Error of vP is 5.420526e-08 
Error of vP is 9.430248e-08 
Error of vP is 8.950812e-08 
Error of vP is 5.106775e-08 
Error of vP is 9.845658e-08 
Error of vP is 1.224348e-07 
Error of vP is 5.259611e-08 
Error of vP is 2.085162e-07 
Error of vP is 2.705702e-07 
Error of vP is 1.945756e-07 
Error of vP is 2.459678e-07 
Error of vP is 2.260244e-07 
Error of vP is 7.651823e-08 
Error of vP is 2.279839e-07 
Error of vP is 2.271047e-07 
Error of vP is 1.422637e-07 
Error of vP is 3.153466e-07 
Error of vP is 9.864405e-08 
Error of vP is 1.814399e-07 
Error of vP is 2.496129e-07 
Error of vP is 1.963854e-07 
Error of vP is 2.660860e-07 
Error of vP is 9.249489e-08 
Error of vP is 3.870089e-07 
Error of vP is 4.378788e-07 
Error of vP is 4.223224e-07 
Error of vP is 5.404446e-08 
Error of vP is 2.608112e-07 
Error of vP is 8.721309e-07 
Error of vP is 6.051762e-07 
Error of vP is 1.606986e-07 
Error of vP is 1.238032e-07 
Error of vP is 1.302280e-07 
Error of vP is 6.449467e-08 
Error of vP is 4.719863e-07 
Error of vP is 5.291738e-07 
Error of vP is 7.849875e-08 
Error of vP is 5.391470e-07 
Error of vP is 6.438814e-08 
Error of vP is 3.181487e-07 
Error of vP is 2.115952e-07 
Error of vP is 2.156833e-07 
Error of vP is 2.044188e-07 
Error of vP is 1.149058e-06 
Error of vP is 2.020335e-07 
Error of vP is 3.051317e-07 
Error of vP is 1.516707e-06 
Error of vP is 1.539794e-07 
Error of vP is 6.532547e-07 
Error of vP is 1.007129e-06 
Error of vP is 8.987430e-07 
Error of vP is 7.883687e-07 
Error of vP is 8.738831e-08 
Error of vP is 6.326709e-08 
Error of vP is 2.075368e-07 
Error of vP is 5.711989e-07 
Error of vP is 1.487314e-07 
Error of vP is 3.904603e-07 
Error of vP is 5.854290e-07 
Error of vP is 3.692639e-07 
Error of vP is 2.520234e-07 
Error of vP is 4.663498e-07 
Error of vP is 4.959805e-07 
Error of vP is 4.775800e-07 
Error of vP is 1.468494e-07 
Error of vP is 5.678936e-07 
Error of vP is 5.174725e-07 
Error of vP is 1.123883e-06 
Error of vP is 1.283667e-07 
Error of vP is 3.463362e-07 
Error of vP is 9.261950e-07 
Error of vP is 9.697600e-08 
Error of vP is 9.911282e-07 
Error of vP is 6.789732e-07 
Error of vP is 8.200016e-07 
Error of vP is 4.549119e-07 
Error of vP is 4.157557e-07 
Error of vP is 8.252518e-07 
Error of vP is 6.023488e-07 
Error of vP is 2.631108e-07 
Error of vP is 5.426668e-08 
Error of vP is 5.413909e-08 
Error of vP is 5.882432e-08 
Error of vP is 7.940135e-08 
Error of vP is 9.045018e-08 
Error of vP is 8.143018e-08 
Error of vP is 8.111679e-08 
Error of vP is 1.022186e-07 
Error of vP is 7.055225e-08 
Error of vP is 6.073631e-08 
Error of vP is 9.838237e-08 
Error of vP is 9.735183e-08 
Error of vP is 7.601772e-08 
Error of vP is 7.041365e-08 
Error of vP is 8.058535e-08 
Error of vP is 1.046179e-07 
Error of vP is 7.287929e-08 
Error of vP is 1.134741e-07 
Error of vP is 1.029756e-07 
Error of vP is 1.235776e-07 
Error of vP is 5.470872e-08 
Error of vP is 5.806335e-08 
Error of vP is 5.214195e-08 
Error of vP is 7.606716e-08 
Error of vP is 1.297844e-07 
Error of vP is 9.438456e-08 
Error of vP is 7.613418e-08 
Error of vP is 9.779222e-08 
Error of vP is 7.659901e-08 
Error of vP is 8.724146e-08 
Error of vP is 1.060195e-07 
Error of vP is 5.667425e-08 
Error of vP is 5.305061e-08 
Error of vP is 5.414004e-08 
Error of vP is 5.473969e-08 
Error of vP is 5.066445e-08 
Error of vP is 6.430237e-08 
Error of vP is 9.383892e-08 
Error of vP is 5.128724e-08 
Error of vP is 5.559785e-08 
Error of vP is 5.675539e-08 
Error of vP is 9.341161e-08 
Error of vP is 5.948376e-08 
Error of vP is 5.088996e-08 
Error of vP is 7.193859e-08 
Error of vP is 5.782124e-08 
Error of vP is 6.787298e-08 
Error of vP is 5.731462e-08 
Error of vP is 7.005393e-08 
Error of vP is 5.693719e-08 
Error of vP is 1.039978e-07 
Error of vP is 7.474989e-08 
Error of vP is 1.069682e-07 
Error of vP is 7.186326e-08 
Error of vP is 9.283972e-08 
Error of vP is 5.803676e-08 
Error of vP is 9.156639e-08 
Error of vP is 5.022027e-08 
Error of vP is 1.303012e-07 
Error of vP is 1.390567e-07 
Error of vP is 7.296372e-08 
Error of vP is 8.007544e-08 
Error of vP is 6.817311e-08 
Error of vP is 6.040100e-08 
Error of vP is 7.582201e-08 
Error of vP is 7.329677e-08 
Error of vP is 6.130373e-08 
Error of vP is 1.401790e-07 
Error of vP is 1.409226e-07 
Error of vP is 1.032062e-07 
Error of vP is 1.142853e-07 
Error of vP is 8.383287e-08 
Error of vP is 1.627371e-07 
Error of vP is 1.018194e-07 
Error of vP is 7.851302e-08 
Error of vP is 8.450981e-08 
Error of vP is 5.176879e-08 
Error of vP is 5.866232e-08 
Error of vP is 8.806156e-08 
Error of vP is 2.040605e-07 
Error of vP is 9.260128e-08 
Error of vP is 1.101708e-07 
Error of vP is 1.075092e-07 
Error of vP is 5.502551e-08 
Error of vP is 5.115944e-08 
Error of vP is 9.764219e-08 
Error of vP is 3.959082e-07 
Error of vP is 2.481924e-07 
Error of vP is 1.479155e-07 
Error of vP is 4.796702e-07 
Error of vP is 1.619371e-07 
Error of vP is 2.602096e-07 
Error of vP is 9.426568e-08 
Error of vP is 6.926229e-08 
Error of vP is 9.194048e-08 
Error of vP is 1.492585e-07 
Error of vP is 1.064879e-07 
Error of vP is 5.356521e-08 
Error of vP is 5.004373e-08 
Error of vP is 9.709470e-08 
Error of vP is 1.547939e-07 
Error of vP is 1.271368e-07 
Error of vP is 1.258895e-07 
Error of vP is 1.277129e-07 
Error of vP is 4.016661e-07 
Error of vP is 5.891871e-08 
Error of vP is 5.672037e-08 
Error of vP is 1.731702e-07 
Error of vP is 5.531610e-08 
Error of vP is 1.204535e-07 
Error of vP is 6.739102e-08 
Error of vP is 6.889565e-08 
Error of vP is 8.652697e-08 
Error of vP is 6.175516e-08 
Error of vP is 7.808600e-08 
Error of vP is 1.178700e-07 
Error of vP is 1.656736e-07 
Error of vP is 2.227376e-07 
Error of vP is 2.313297e-07 
Error of vP is 1.879873e-07 
Error of vP is 2.208835e-07 
Error of vP is 7.710057e-08 
Error of vP is 2.082693e-07 
Error of vP is 1.092803e-07 
Error of vP is 6.324966e-08 
Error of vP is 1.152487e-07 
Error of vP is 6.939016e-08 
Error of vP is 2.707747e-07 
Error of vP is 1.208586e-07 
Error of vP is 2.376682e-07 
Error of vP is 9.945492e-08 
Error of vP is 8.631092e-08 
>> >> 
endtime =

   3.9578e+04

>> >> >> >> >> >> 