MATLAB is selecting SOFTWARE OPENGL rendering.

                            < M A T L A B (R) >
                  Copyright 1984-2021 The MathWorks, Inc.
                  R2021b (9.11.0.1769968) 64-bit (glnxa64)
                             September 17, 2021

 
To get started, type doc.
For product information, visit www.mathworks.com.
 
>> >> >> >> >> >> >> >> >> >> >> >> >> >> >> >> >> >> >> >> >> >> >> >> >> >> Starting parallel pool (parpool) using the 'local' profile ...
[Warning: A task was unexpectedly found in state: Unavailable.] 
[> In parallel.cluster.Local/deriveJobStateFromTasks (line 29)
In parallel.cluster/Local/getJobState (line 174)
In parallel.cluster/CJSCluster/hGetJobState (line 375)
In parallel.internal.cluster/CJSJobMixin/hGetStateEnum (line 175)
In parallel/Job/get.StateEnum (line 247)
In parallel/Job/get.State (line 239)
In parallel.internal.customattr.CustomGetSet>iVectorisedGetHelper (line 128)
In parallel.internal.customattr.CustomGetSet>@(a,b,c)iVectorisedGetHelper(obj,a,b,c) (line 102)
In parallel.internal.customattr/CustomGetSet/doVectorisedGet (line 103)
In parallel.internal.customattr/CustomGetSet/hVectorisedGet (line 76)
In parallel.internal.customattr.GetSetImpl>iAccessProperties (line 322)
In parallel.internal.customattr.GetSetImpl>iGetAllPropertiesVec (line 264)
In parallel.internal.customattr/GetSetImpl/getImpl (line 133)
In parallel.internal.customattr.CustomGetSet>iHetFunGetFunction (line 154)
In parallel.internal.customattr.CustomGetSet>@(o)iHetFunGetFunction(o,props) (line 139)
In parallel.internal.cluster.hetfun (line 46)
In parallel.internal.customattr.CustomGetSet>iHetFunGetProperty (line 139)
In parallel.internal.customattr/CustomGetSet/get (line 38)
In parallel.internal.pool/AbstractInteractiveClient/pRemoveOldJobs (line 211)
In parallel.internal.pool/AbstractInteractiveClient/start (line 103)
In parallel.internal.pool.AbstractClusterPool>iStartClient (line 831)
In parallel.internal.pool/AbstractClusterPool/hBuildPool (line 585)
In parallel.internal.pool.doParpool (line 22)
In parpool (line 123)
In parallel.internal.parpool.getOrCreateCurrentPool (line 17)
In parallel.internal.pool/PoolArrayManager/getOrAutoCreateWithCleanup (line 44)
In pctTryCreatePoolIfNecessary (line 28)
In parallel_function (line 423)] 
Connected to the parallel pool (number of workers: 12).
jj1 = 10, max_th = 1.240713e+00, time=2025-04-07 16:30:28 
jj1 = 15, max_th = 2.772692e+00, time=2025-04-07 16:33:12 
jj1 = 40, max_th = 1.599336e+00, time=2025-04-07 16:34:29 
jj1 = 45, max_th = 1.436581e+00, time=2025-04-07 16:37:37 
jj1 = 39, max_th = 7.127691e-01, time=2025-04-07 16:37:47 
jj1 = 55, max_th = 1.522657e+00, time=2025-04-07 16:38:40 
jj1 = 5, max_th = 1.948751e+00, time=2025-04-07 16:40:10 
jj1 = 35, max_th = 2.101765e+00, time=2025-04-07 16:41:03 
jj1 = 25, max_th = 1.836863e+00, time=2025-04-07 16:41:26 
jj1 = 30, max_th = 2.288305e+00, time=2025-04-07 16:42:25 
jj1 = 34, max_th = 3.179575e+00, time=2025-04-07 16:42:44 
jj1 = 60, max_th = 2.264091e+00, time=2025-04-07 16:44:11 
jj1 = 50, max_th = 2.117438e+00, time=2025-04-07 16:46:34 
jj1 = 20, max_th = 2.124466e+00, time=2025-04-07 16:48:43 
jj1 = 44, max_th = 1.279206e+00, time=2025-04-07 16:48:50 
jj1 = 9, max_th = 1.907462e+00, time=2025-04-07 16:52:55 
jj1 = 33, max_th = 1.555018e+00, time=2025-04-07 16:55:41 
jj1 = 14, max_th = 1.935052e+00, time=2025-04-07 16:57:16 
jj1 = 19, max_th = 2.595210e+00, time=2025-04-07 16:58:17 
jj1 = 59, max_th = 2.469048e+00, time=2025-04-07 17:01:12 
jj1 = 38, max_th = 2.134116e+00, time=2025-04-07 17:02:29 
jj1 = 24, max_th = 1.957375e+00, time=2025-04-07 17:02:44 
jj1 = 4, max_th = 1.959039e+00, time=2025-04-07 17:04:00 
jj1 = 49, max_th = 1.636573e+00, time=2025-04-07 17:05:15 
jj1 = 29, max_th = 2.082192e+00, time=2025-04-07 17:05:18 
jj1 = 43, max_th = 2.388541e+00, time=2025-04-07 17:05:44 
jj1 = 23, max_th = 1.483014e+00, time=2025-04-07 17:09:26 
jj1 = 32, max_th = 2.044850e+00, time=2025-04-07 17:10:44 
jj1 = 8, max_th = 2.204596e+00, time=2025-04-07 17:11:08 
jj1 = 54, max_th = 1.449833e+00, time=2025-04-07 17:11:44 
jj1 = 28, max_th = 1.226637e+00, time=2025-04-07 17:14:32 
jj1 = 48, max_th = 1.040108e+00, time=2025-04-07 17:14:34 
jj1 = 18, max_th = 2.456486e+00, time=2025-04-07 17:14:37 
jj1 = 47, max_th = -8.155192e-04, time=2025-04-07 17:16:43 
jj1 = 3, max_th = 2.557373e+00, time=2025-04-07 17:17:37 
jj1 = 42, max_th = 1.318580e+00, time=2025-04-07 17:19:04 
jj1 = 13, max_th = 2.196456e+00, time=2025-04-07 17:20:37 
jj1 = 58, max_th = 2.224070e+00, time=2025-04-07 17:23:48 
jj1 = 37, max_th = 2.011539e+00, time=2025-04-07 17:25:13 
jj1 = 53, max_th = 1.355759e+00, time=2025-04-07 17:26:25 
jj1 = 7, max_th = 1.314693e+00, time=2025-04-07 17:26:40 
jj1 = 22, max_th = 1.650403e+00, time=2025-04-07 17:27:56 
jj1 = 27, max_th = 2.508482e+00, time=2025-04-07 17:28:36 
jj1 = 17, max_th = 2.309417e+00, time=2025-04-07 17:31:04 
jj1 = 41, max_th = 1.699815e+00, time=2025-04-07 17:32:31 
jj1 = 46, max_th = 2.457021e+00, time=2025-04-07 17:34:50 
jj1 = 31, max_th = 2.174598e+00, time=2025-04-07 17:36:43 
jj1 = 411, max_th = 1.375413e+00, time=2025-04-07 17:39:25 
jj1 = 57, max_th = 2.577654e+00, time=2025-04-07 17:42:12 
jj1 = 2, max_th = 1.978165e+00, time=2025-04-07 17:43:06 
jj1 = 56, max_th = 9.247669e-01, time=2025-04-07 17:45:03 
jj1 = 16, max_th = 1.337259e+00, time=2025-04-07 17:45:37 
jj1 = 12, max_th = 2.068792e+00, time=2025-04-07 17:46:36 
jj1 = 6, max_th = 1.623759e+00, time=2025-04-07 17:47:23 
jj1 = 36, max_th = 2.163157e+00, time=2025-04-07 17:49:05 
jj1 = 26, max_th = 1.997175e+00, time=2025-04-07 17:50:23 
jj1 = 52, max_th = 1.859185e+00, time=2025-04-07 17:51:20 
jj1 = 450, max_th = 1.726953e+00, time=2025-04-07 17:55:07 
jj1 = 333, max_th = 1.999629e+00, time=2025-04-07 17:56:02 
jj1 = 410, max_th = 2.197591e+00, time=2025-04-07 17:56:10 
jj1 = 216, max_th = 1.289610e+00, time=2025-04-07 17:58:44 
jj1 = 21, max_th = 2.089543e+00, time=2025-04-07 17:59:26 
jj1 = 1, max_th = 1.639442e+00, time=2025-04-07 18:02:04 
jj1 = 215, max_th = 3.559101e+00, time=2025-04-07 18:05:27 
jj1 = 11, max_th = 1.625088e+00, time=2025-04-07 18:06:13 
jj1 = 255, max_th = 1.439441e+00, time=2025-04-07 18:06:54 
jj1 = 294, max_th = 2.414975e+00, time=2025-04-07 18:06:59 
jj1 = 409, max_th = 1.345828e+00, time=2025-04-07 18:07:10 
jj1 = 372, max_th = 1.766319e+00, time=2025-04-07 18:07:45 
jj1 = 528, max_th = 1.817672e+00, time=2025-04-07 18:08:29 
jj1 = 449, max_th = 1.847810e+00, time=2025-04-07 18:09:50 
jj1 = 177, max_th = 8.697754e-01, time=2025-04-07 18:10:08 
jj1 = 138, max_th = 1.982116e+00, time=2025-04-07 18:10:13 
jj1 = 51, max_th = 1.509454e+00, time=2025-04-07 18:11:17 
jj1 = 527, max_th = 2.897699e+00, time=2025-04-07 18:12:08 
jj1 = 99, max_th = 2.610064e+00, time=2025-04-07 18:13:16 
jj1 = 332, max_th = 2.286689e+00, time=2025-04-07 18:15:46 
jj1 = 293, max_th = 1.120837e+00, time=2025-04-07 18:17:33 
jj1 = 137, max_th = 1.176168e+00, time=2025-04-07 18:18:28 
jj1 = 292, max_th = 7.177573e-01, time=2025-04-07 18:19:23 
jj1 = 136, max_th = 2.875173e+00, time=2025-04-07 18:23:17 
jj1 = 214, max_th = 1.646107e+00, time=2025-04-07 18:24:05 
jj1 = 254, max_th = 1.441566e+00, time=2025-04-07 18:24:08 
jj1 = 98, max_th = 1.710428e+00, time=2025-04-07 18:25:14 
jj1 = 448, max_th = 1.697259e+00, time=2025-04-07 18:26:48 
jj1 = 253, max_th = 8.997507e-01, time=2025-04-07 18:26:50 
jj1 = 489, max_th = 2.384955e+00, time=2025-04-07 18:28:01 
jj1 = 371, max_th = 1.714979e+00, time=2025-04-07 18:28:47 
jj1 = 176, max_th = 2.012576e+00, time=2025-04-07 18:32:03 
jj1 = 526, max_th = 2.231631e+00, time=2025-04-07 18:32:12 
jj1 = 408, max_th = 2.170740e+00, time=2025-04-07 18:32:17 
jj1 = 331, max_th = 1.636137e+00, time=2025-04-07 18:34:57 
jj1 = 291, max_th = 1.280112e+00, time=2025-04-07 18:35:32 
jj1 = 407, max_th = 7.738149e-01, time=2025-04-07 18:37:00 
jj1 = 97, max_th = 1.452448e+00, time=2025-04-07 18:37:36 
jj1 = 252, max_th = 2.795855e+00, time=2025-04-07 18:38:27 
jj1 = 488, max_th = 2.388767e+00, time=2025-04-07 18:40:30 
jj1 = 370, max_th = 2.514367e+00, time=2025-04-07 18:43:00 
jj1 = 213, max_th = 2.348901e+00, time=2025-04-07 18:43:50 
jj1 = 447, max_th = 1.801539e+00, time=2025-04-07 18:44:40 
jj1 = 135, max_th = 2.063323e+00, time=2025-04-07 18:45:20 
jj1 = 175, max_th = 1.753149e+00, time=2025-04-07 18:45:30 
jj1 = 251, max_th = 2.612803e+00, time=2025-04-07 18:49:24 
jj1 = 446, max_th = 1.183639e+00, time=2025-04-07 18:50:53 
jj1 = 525, max_th = 1.075278e+00, time=2025-04-07 18:52:33 
jj1 = 487, max_th = 1.473638e+00, time=2025-04-07 18:53:22 
jj1 = 96, max_th = 2.498273e+00, time=2025-04-07 18:53:32 
jj1 = 330, max_th = 2.264391e+00, time=2025-04-07 18:54:10 
jj1 = 250, max_th = 9.903214e-01, time=2025-04-07 18:55:13 
jj1 = 290, max_th = 2.051885e+00, time=2025-04-07 18:55:50 
jj1 = 406, max_th = 1.806566e+00, time=2025-04-07 18:59:02 
jj1 = 369, max_th = 2.271942e+00, time=2025-04-07 19:02:42 
jj1 = 249, max_th = 2.755551e+00, time=2025-04-07 19:02:51 
jj1 = 134, max_th = 1.649232e+00, time=2025-04-07 19:03:12 
jj1 = 486, max_th = 2.640530e+00, time=2025-04-07 19:03:37 
jj1 = 289, max_th = 1.142962e+00, time=2025-04-07 19:05:05 
jj1 = 288, max_th = 3.324154e+00, time=2025-04-07 19:06:26 
jj1 = 212, max_th = 1.864025e+00, time=2025-04-07 19:09:28 
jj1 = 524, max_th = 1.533314e+00, time=2025-04-07 19:09:28 
jj1 = 445, max_th = 1.910216e+00, time=2025-04-07 19:11:45 
jj1 = 95, max_th = 1.615274e+00, time=2025-04-07 19:13:29 
jj1 = 174, max_th = 1.984525e+00, time=2025-04-07 19:13:42 
jj1 = 133, max_th = 2.453070e+00, time=2025-04-07 19:17:15 
jj1 = 485, max_th = 1.527574e+00, time=2025-04-07 19:17:42 
jj1 = 368, max_th = 1.603671e+00, time=2025-04-07 19:18:28 
jj1 = 248, max_th = 1.476290e+00, time=2025-04-07 19:19:24 
jj1 = 329, max_th = 1.982677e+00, time=2025-04-07 19:21:34 
jj1 = 405, max_th = 1.719670e+00, time=2025-04-07 19:23:04 
jj1 = 211, max_th = 2.229034e+00, time=2025-04-07 19:27:27 
jj1 = 132, max_th = 2.554853e+00, time=2025-04-07 19:29:48 
jj1 = 523, max_th = 1.674837e+00, time=2025-04-07 19:30:18 
jj1 = 287, max_th = 2.313137e+00, time=2025-04-07 19:30:24 
jj1 = 94, max_th = 1.422768e+00, time=2025-04-07 19:31:13 
jj1 = 328, max_th = 1.320717e+00, time=2025-04-07 19:31:40 
jj1 = 444, max_th = 2.416861e+00, time=2025-04-07 19:32:20 
jj1 = 247, max_th = 1.370382e+00, time=2025-04-07 19:33:04 
jj1 = 173, max_th = 2.104802e+00, time=2025-04-07 19:37:00 
jj1 = 484, max_th = 1.751054e+00, time=2025-04-07 19:39:35 
jj1 = 172, max_th = 7.771974e-01, time=2025-04-07 19:41:58 
jj1 = 367, max_th = 2.079161e+00, time=2025-04-07 19:43:12 
jj1 = 404, max_th = 1.996704e+00, time=2025-04-07 19:43:46 
jj1 = 131, max_th = 1.747277e+00, time=2025-04-07 19:44:33 
jj1 = 210, max_th = 1.583274e+00, time=2025-04-07 19:45:40 
jj1 = 93, max_th = 1.444126e+00, time=2025-04-07 19:46:07 
jj1 = 366, max_th = 7.105140e-01, time=2025-04-07 19:47:01 
jj1 = 403, max_th = 1.133334e+00, time=2025-04-07 19:49:07 
jj1 = 209, max_th = 3.065106e+00, time=2025-04-07 19:49:14 
jj1 = 522, max_th = 1.853575e+00, time=2025-04-07 19:51:47 
jj1 = 443, max_th = 2.155028e+00, time=2025-04-07 19:52:46 
jj1 = 246, max_th = 2.122424e+00, time=2025-04-07 19:55:21 
jj1 = 327, max_th = 1.840822e+00, time=2025-04-07 19:56:14 
jj1 = 92, max_th = 1.556869e+00, time=2025-04-07 20:01:29 
jj1 = 130, max_th = 1.792268e+00, time=2025-04-07 20:01:30 
jj1 = 286, max_th = 1.931705e+00, time=2025-04-07 20:01:32 
jj1 = 402, max_th = 2.502427e+00, time=2025-04-07 20:02:38 
jj1 = 483, max_th = 2.373506e+00, time=2025-04-07 20:02:50 
jj1 = 171, max_th = 1.884432e+00, time=2025-04-07 20:02:59 
jj1 = 365, max_th = 2.187566e+00, time=2025-04-07 20:06:57 
jj1 = 245, max_th = 2.636565e+00, time=2025-04-07 20:07:06 
jj1 = 208, max_th = 1.646614e+00, time=2025-04-07 20:08:54 
jj1 = 442, max_th = 2.370437e+00, time=2025-04-07 20:10:24 
jj1 = 521, max_th = 2.257089e+00, time=2025-04-07 20:11:09 
jj1 = 244, max_th = 1.012127e+00, time=2025-04-07 20:13:48 
jj1 = 285, max_th = 2.583931e+00, time=2025-04-07 20:14:23 
jj1 = 401, max_th = 1.382799e+00, time=2025-04-07 20:15:14 
jj1 = 482, max_th = 2.369700e+00, time=2025-04-07 20:16:02 
jj1 = 326, max_th = 1.758237e+00, time=2025-04-07 20:16:04 
jj1 = 91, max_th = 1.852484e+00, time=2025-04-07 20:20:33 
jj1 = 170, max_th = 2.192401e+00, time=2025-04-07 20:20:51 
jj1 = 364, max_th = 2.400529e+00, time=2025-04-07 20:21:16 
jj1 = 400, max_th = 2.550881e+00, time=2025-04-07 20:23:08 
jj1 = 243, max_th = 1.401585e+00, time=2025-04-07 20:25:21 
jj1 = 129, max_th = 2.062149e+00, time=2025-04-07 20:26:09 
jj1 = 520, max_th = 2.423071e+00, time=2025-04-07 20:28:02 
jj1 = 441, max_th = 1.688810e+00, time=2025-04-07 20:29:28 
jj1 = 207, max_th = 2.310845e+00, time=2025-04-07 20:31:05 
jj1 = 90, max_th = 2.565077e+00, time=2025-04-07 20:32:52 
jj1 = 325, max_th = 2.468290e+00, time=2025-04-07 20:32:55 
jj1 = 481, max_th = 1.897316e+00, time=2025-04-07 20:33:34 
jj1 = 284, max_th = 1.860950e+00, time=2025-04-07 20:35:31 
jj1 = 480, max_th = 1.242334e+00, time=2025-04-07 20:37:46 
jj1 = 363, max_th = 1.900890e+00, time=2025-04-07 20:39:32 
jj1 = 169, max_th = 1.763633e+00, time=2025-04-07 20:40:41 
jj1 = 399, max_th = 1.668127e+00, time=2025-04-07 20:41:56 
jj1 = 242, max_th = 2.283658e+00, time=2025-04-07 20:46:51 
jj1 = 519, max_th = 2.362551e+00, time=2025-04-07 20:47:35 
jj1 = 206, max_th = 1.594186e+00, time=2025-04-07 20:47:43 
jj1 = 479, max_th = 1.550163e+00, time=2025-04-07 20:49:43 
jj1 = 128, max_th = 1.882317e+00, time=2025-04-07 20:50:22 
jj1 = 440, max_th = 1.961162e+00, time=2025-04-07 20:55:47 
jj1 = 89, max_th = 1.986982e+00, time=2025-04-07 20:58:30 
jj1 = 398, max_th = 2.477204e+00, time=2025-04-07 20:59:22 
jj1 = 362, max_th = 2.274129e+00, time=2025-04-07 21:00:44 
jj1 = 283, max_th = 1.809420e+00, time=2025-04-07 21:01:38 
jj1 = 168, max_th = 2.128122e+00, time=2025-04-07 21:03:11 
jj1 = 241, max_th = 1.660754e+00, time=2025-04-07 21:06:18 
jj1 = 518, max_th = 2.377315e+00, time=2025-04-07 21:06:49 
jj1 = 205, max_th = 2.154070e+00, time=2025-04-07 21:09:10 
jj1 = 478, max_th = 2.129947e+00, time=2025-04-07 21:12:39 
jj1 = 127, max_th = 1.922796e+00, time=2025-04-07 21:13:08 
jj1 = 397, max_th = 1.348234e+00, time=2025-04-07 21:14:47 
jj1 = 439, max_th = 1.904091e+00, time=2025-04-07 21:16:28 
jj1 = 324, max_th = 2.157775e+00, time=2025-04-07 21:16:35 
jj1 = 88, max_th = 2.308917e+00, time=2025-04-07 21:20:32 
jj1 = 477, max_th = 1.353466e+00, time=2025-04-07 21:20:43 
jj1 = 361, max_th = 2.289366e+00, time=2025-04-07 21:21:13 
jj1 = 87, max_th = 1.098294e+00, time=2025-04-07 21:23:29 
jj1 = 282, max_th = 2.018612e+00, time=2025-04-07 21:26:20 
jj1 = 240, max_th = 2.237052e+00, time=2025-04-07 21:26:21 
jj1 = 167, max_th = 1.856006e+00, time=2025-04-07 21:26:42 
jj1 = 476, max_th = 2.464769e+00, time=2025-04-07 21:27:26 
jj1 = 86, max_th = 2.795801e+00, time=2025-04-07 21:27:45 
jj1 = 517, max_th = 1.875377e+00, time=2025-04-07 21:30:09 
jj1 = 323, max_th = 1.654651e+00, time=2025-04-07 21:30:16 
jj1 = 126, max_th = 1.626658e+00, time=2025-04-07 21:31:19 
jj1 = 166, max_th = 2.630173e+00, time=2025-04-07 21:32:29 
jj1 = 396, max_th = 2.117467e+00, time=2025-04-07 21:33:18 
jj1 = 204, max_th = 1.937918e+00, time=2025-04-07 21:33:58 
jj1 = 85, max_th = 1.253264e+00, time=2025-04-07 21:37:41 
jj1 = 125, max_th = 1.279105e+00, time=2025-04-07 21:38:26 
jj1 = 124, max_th = 3.884876e-01, time=2025-04-07 21:39:00 
jj1 = 360, max_th = 1.704186e+00, time=2025-04-07 21:40:12 
jj1 = 395, max_th = 2.886458e+00, time=2025-04-07 21:40:42 
jj1 = 516, max_th = 2.541336e+00, time=2025-04-07 21:42:07 
jj1 = 438, max_th = 2.145331e+00, time=2025-04-07 21:42:13 
jj1 = 281, max_th = 2.253044e+00, time=2025-04-07 21:42:20 
jj1 = 475, max_th = 1.502074e+00, time=2025-04-07 21:45:21 
jj1 = 322, max_th = 1.524750e+00, time=2025-04-07 21:47:06 
jj1 = 394, max_th = 1.093784e+00, time=2025-04-07 21:49:06 
jj1 = 239, max_th = 1.985167e+00, time=2025-04-07 21:49:50 
jj1 = 474, max_th = 9.884020e-01, time=2025-04-07 21:50:03 
jj1 = 280, max_th = 1.379137e+00, time=2025-04-07 21:54:19 
jj1 = 393, max_th = 1.070486e+00, time=2025-04-07 21:54:28 
jj1 = 165, max_th = 2.004525e+00, time=2025-04-07 21:55:44 
jj1 = 123, max_th = 2.606348e+00, time=2025-04-07 21:58:44 
jj1 = 437, max_th = 1.611348e+00, time=2025-04-07 22:00:50 
jj1 = 473, max_th = 2.627669e+00, time=2025-04-07 22:01:58 
jj1 = 359, max_th = 2.017258e+00, time=2025-04-07 22:04:13 
jj1 = 515, max_th = 1.928723e+00, time=2025-04-07 22:04:26 
jj1 = 84, max_th = 2.068954e+00, time=2025-04-07 22:05:56 
jj1 = 279, max_th = 2.875906e+00, time=2025-04-07 22:08:09 
jj1 = 321, max_th = 2.074876e+00, time=2025-04-07 22:08:57 
jj1 = 392, max_th = 1.434140e+00, time=2025-04-07 22:09:22 
jj1 = 514, max_th = 2.795905e+00, time=2025-04-07 22:10:46 
jj1 = 320, max_th = 5.011918e-01, time=2025-04-07 22:10:49 
jj1 = 238, max_th = 1.730996e+00, time=2025-04-07 22:11:51 
jj1 = 164, max_th = 1.689611e+00, time=2025-04-07 22:13:01 
jj1 = 436, max_th = 2.151498e+00, time=2025-04-07 22:14:51 
jj1 = 203, max_th = 2.318602e+00, time=2025-04-07 22:15:08 
jj1 = 122, max_th = 1.930087e+00, time=2025-04-07 22:20:40 
jj1 = 83, max_th = 2.135965e+00, time=2025-04-07 22:21:13 
jj1 = 278, max_th = 1.373419e+00, time=2025-04-07 22:23:11 
jj1 = 237, max_th = 1.492944e+00, time=2025-04-07 22:23:59 
jj1 = 163, max_th = 1.549542e+00, time=2025-04-07 22:25:35 
jj1 = 472, max_th = 2.083143e+00, time=2025-04-07 22:26:07 
jj1 = 358, max_th = 1.731661e+00, time=2025-04-07 22:26:42 
jj1 = 435, max_th = 2.533286e+00, time=2025-04-07 22:29:06 
jj1 = 391, max_th = 2.436952e+00, time=2025-04-07 22:29:31 
jj1 = 319, max_th = 1.740475e+00, time=2025-04-07 22:30:46 
jj1 = 513, max_th = 2.042907e+00, time=2025-04-07 22:31:11 
jj1 = 82, max_th = 2.627939e+00, time=2025-04-07 22:34:18 
jj1 = 277, max_th = 1.344413e+00, time=2025-04-07 22:36:04 
jj1 = 202, max_th = 1.867972e+00, time=2025-04-07 22:37:02 
jj1 = 121, max_th = 2.257325e+00, time=2025-04-07 22:41:50 
jj1 = 357, max_th = 1.591727e+00, time=2025-04-07 22:42:33 
jj1 = 471, max_th = 1.799536e+00, time=2025-04-07 22:42:40 
jj1 = 201, max_th = 1.363148e+00, time=2025-04-07 22:43:14 
jj1 = 318, max_th = 2.398285e+00, time=2025-04-07 22:44:21 
jj1 = 162, max_th = 2.264135e+00, time=2025-04-07 22:44:59 
jj1 = 236, max_th = 2.007250e+00, time=2025-04-07 22:45:51 
jj1 = 276, max_th = 1.180783e+00, time=2025-04-07 22:46:54 
jj1 = 512, max_th = 1.437886e+00, time=2025-04-07 22:47:42 
jj1 = 200, max_th = 2.807079e+00, time=2025-04-07 22:49:14 
jj1 = 390, max_th = 1.631005e+00, time=2025-04-07 22:50:03 
jj1 = 434, max_th = 1.629998e+00, time=2025-04-07 22:51:36 
jj1 = 120, max_th = 1.121630e+00, time=2025-04-07 22:52:24 
jj1 = 356, max_th = 1.554025e+00, time=2025-04-07 22:55:51 
jj1 = 355, max_th = -2.348169e-01, time=2025-04-07 22:56:38 
jj1 = 81, max_th = 1.787835e+00, time=2025-04-07 22:56:46 
jj1 = 317, max_th = 2.332221e+00, time=2025-04-07 23:01:54 
jj1 = 389, max_th = 1.540183e+00, time=2025-04-07 23:02:25 
jj1 = 511, max_th = 1.638595e+00, time=2025-04-07 23:03:55 
jj1 = 470, max_th = 2.273349e+00, time=2025-04-07 23:04:34 
jj1 = 275, max_th = 1.748910e+00, time=2025-04-07 23:05:32 
jj1 = 433, max_th = 2.466275e+00, time=2025-04-07 23:06:56 
jj1 = 199, max_th = 2.888269e+00, time=2025-04-07 23:08:20 
jj1 = 161, max_th = 1.964755e+00, time=2025-04-07 23:08:22 
jj1 = 235, max_th = 1.758410e+00, time=2025-04-07 23:10:31 
jj1 = 119, max_th = 2.061695e+00, time=2025-04-07 23:10:42 
jj1 = 316, max_th = 2.706812e+00, time=2025-04-07 23:12:15 
jj1 = 80, max_th = 2.098748e+00, time=2025-04-07 23:16:02 
jj1 = 354, max_th = 1.679069e+00, time=2025-04-07 23:17:02 
jj1 = 510, max_th = 2.529837e+00, time=2025-04-07 23:19:40 
jj1 = 509, max_th = 5.101044e-01, time=2025-04-07 23:21:11 
jj1 = 234, max_th = 1.518704e+00, time=2025-04-07 23:22:44 
jj1 = 274, max_th = 1.908877e+00, time=2025-04-07 23:23:37 
jj1 = 198, max_th = 1.851248e+00, time=2025-04-07 23:28:10 
jj1 = 432, max_th = 1.722650e+00, time=2025-04-07 23:28:55 
jj1 = 79, max_th = 2.507006e+00, time=2025-04-07 23:29:08 
jj1 = 469, max_th = 2.123073e+00, time=2025-04-07 23:34:01 
jj1 = 273, max_th = 1.398175e+00, time=2025-04-07 23:34:03 
jj1 = 118, max_th = 1.945316e+00, time=2025-04-07 23:34:29 
jj1 = 315, max_th = 2.337411e+00, time=2025-04-07 23:35:50 
jj1 = 431, max_th = 2.508931e+00, time=2025-04-07 23:37:17 
jj1 = 353, max_th = 1.676706e+00, time=2025-04-07 23:38:48 
jj1 = 388, max_th = 1.787544e+00, time=2025-04-07 23:39:32 
jj1 = 160, max_th = 1.834456e+00, time=2025-04-07 23:42:06 
jj1 = 233, max_th = 1.805871e+00, time=2025-04-07 23:42:20 
jj1 = 314, max_th = 1.043882e+00, time=2025-04-07 23:42:34 
jj1 = 508, max_th = 1.839946e+00, time=2025-04-07 23:42:52 
jj1 = 78, max_th = 1.529451e+00, time=2025-04-07 23:43:46 
jj1 = 197, max_th = 1.919671e+00, time=2025-04-07 23:44:50 
jj1 = 387, max_th = 1.188547e+00, time=2025-04-07 23:46:39 
jj1 = 77, max_th = 3.046464e+00, time=2025-04-07 23:47:03 
jj1 = 386, max_th = 3.207311e+00, time=2025-04-07 23:47:10 
jj1 = 117, max_th = 1.511686e+00, time=2025-04-07 23:48:16 
jj1 = 272, max_th = 1.752687e+00, time=2025-04-07 23:53:00 
jj1 = 468, max_th = 1.765721e+00, time=2025-04-07 23:53:58 
jj1 = 313, max_th = 2.443681e+00, time=2025-04-07 23:57:20 
jj1 = 196, max_th = 1.379138e+00, time=2025-04-07 23:58:19 
jj1 = 430, max_th = 2.276086e+00, time=2025-04-07 23:59:19 
jj1 = 232, max_th = 2.483978e+00, time=2025-04-08 00:00:43 
jj1 = 352, max_th = 2.155295e+00, time=2025-04-08 00:02:39 
jj1 = 467, max_th = 1.126926e+00, time=2025-04-08 00:03:14 
jj1 = 507, max_th = 1.835592e+00, time=2025-04-08 00:04:59 
jj1 = 159, max_th = 1.912427e+00, time=2025-04-08 00:05:09 
jj1 = 385, max_th = 1.997251e+00, time=2025-04-08 00:07:21 
jj1 = 231, max_th = 1.302234e+00, time=2025-04-08 00:08:05 
jj1 = 76, max_th = 1.658543e+00, time=2025-04-08 00:08:09 
jj1 = 116, max_th = 1.683707e+00, time=2025-04-08 00:08:15 
jj1 = 75, max_th = 3.036126e+00, time=2025-04-08 00:09:00 
jj1 = 230, max_th = 3.078624e+00, time=2025-04-08 00:09:33 
jj1 = 195, max_th = 1.789960e+00, time=2025-04-08 00:15:55 
jj1 = 271, max_th = 2.127828e+00, time=2025-04-08 00:16:30 
jj1 = 351, max_th = 1.796703e+00, time=2025-04-08 00:17:21 
jj1 = 194, max_th = -1.464313e+00, time=2025-04-08 00:18:11 
jj1 = 466, max_th = 2.423117e+00, time=2025-04-08 00:19:24 
jj1 = 312, max_th = 2.275921e+00, time=2025-04-08 00:19:42 
jj1 = 384, max_th = 1.848084e+00, time=2025-04-08 00:20:16 
jj1 = 429, max_th = 1.729250e+00, time=2025-04-08 00:21:05 
jj1 = 270, max_th = 1.193994e+00, time=2025-04-08 00:23:09 
jj1 = 311, max_th = -1.097326e-01, time=2025-04-08 00:23:12 
jj1 = 115, max_th = 1.651178e+00, time=2025-04-08 00:23:27 
jj1 = 506, max_th = 2.110310e+00, time=2025-04-08 00:25:04 
jj1 = 350, max_th = 3.856282e+00, time=2025-04-08 00:25:40 
jj1 = 505, max_th = 3.326362e+00, time=2025-04-08 00:25:44 
jj1 = 504, max_th = 3.133543e+00, time=2025-04-08 00:28:22 
jj1 = 158, max_th = 1.995451e+00, time=2025-04-08 00:29:12 
jj1 = 193, max_th = 2.277090e+00, time=2025-04-08 00:33:09 
jj1 = 383, max_th = 2.392631e+00, time=2025-04-08 00:35:21 
jj1 = 74, max_th = 2.012035e+00, time=2025-04-08 00:35:32 
jj1 = 465, max_th = 2.042331e+00, time=2025-04-08 00:37:29 
jj1 = 349, max_th = 2.508948e+00, time=2025-04-08 00:39:50 
jj1 = 428, max_th = 2.294880e+00, time=2025-04-08 00:40:23 
jj1 = 503, max_th = 1.481506e+00, time=2025-04-08 00:41:09 
jj1 = 427, max_th = 2.972264e+00, time=2025-04-08 00:43:29 
jj1 = 229, max_th = 1.993291e+00, time=2025-04-08 00:44:32 
jj1 = 157, max_th = 2.354606e+00, time=2025-04-08 00:44:34 
jj1 = 310, max_th = 1.739575e+00, time=2025-04-08 00:44:40 
jj1 = 348, max_th = 2.817358e+00, time=2025-04-08 00:47:57 
jj1 = 114, max_th = 2.161227e+00, time=2025-04-08 00:49:24 
jj1 = 347, max_th = 8.924122e-01, time=2025-04-08 00:51:14 
jj1 = 192, max_th = 2.193747e+00, time=2025-04-08 00:51:45 
jj1 = 269, max_th = 2.132076e+00, time=2025-04-08 00:51:54 
jj1 = 464, max_th = 1.545778e+00, time=2025-04-08 00:52:19 
jj1 = 73, max_th = 1.569069e+00, time=2025-04-08 00:53:05 
jj1 = 426, max_th = 2.583841e+00, time=2025-04-08 00:56:33 
jj1 = 228, max_th = 1.558653e+00, time=2025-04-08 00:59:47 
jj1 = 502, max_th = 2.127149e+00, time=2025-04-08 01:00:17 
jj1 = 382, max_th = 1.712945e+00, time=2025-04-08 01:01:14 
jj1 = 268, max_th = 2.250550e+00, time=2025-04-08 01:02:00 
jj1 = 309, max_th = 1.523154e+00, time=2025-04-08 01:03:15 
jj1 = 156, max_th = 1.909257e+00, time=2025-04-08 01:09:43 
jj1 = 308, max_th = 9.645908e-01, time=2025-04-08 01:09:49 
jj1 = 72, max_th = 1.607025e+00, time=2025-04-08 01:10:56 
jj1 = 346, max_th = 2.585671e+00, time=2025-04-08 01:11:35 
jj1 = 267, max_th = 2.611742e+00, time=2025-04-08 01:11:54 
jj1 = 501, max_th = 2.373192e+00, time=2025-04-08 01:14:42 
jj1 = 425, max_th = 1.518015e+00, time=2025-04-08 01:15:41 
jj1 = 113, max_th = 1.945075e+00, time=2025-04-08 01:15:59 
jj1 = 191, max_th = 1.857513e+00, time=2025-04-08 01:16:19 
jj1 = 307, max_th = 2.687771e+00, time=2025-04-08 01:16:43 
jj1 = 112, max_th = -1.225400e-01, time=2025-04-08 01:16:57 
jj1 = 381, max_th = 1.842869e+00, time=2025-04-08 01:20:50 
jj1 = 424, max_th = 2.877251e+00, time=2025-04-08 01:22:48 
jj1 = 227, max_th = 1.940879e+00, time=2025-04-08 01:23:24 
jj1 = 155, max_th = 1.498363e+00, time=2025-04-08 01:24:05 
jj1 = 463, max_th = 1.817682e+00, time=2025-04-08 01:24:50 
jj1 = 266, max_th = 1.487276e+00, time=2025-04-08 01:24:59 
jj1 = 71, max_th = 2.402945e+00, time=2025-04-08 01:26:44 
jj1 = 190, max_th = 1.552036e+00, time=2025-04-08 01:30:22 
jj1 = 345, max_th = 2.168311e+00, time=2025-04-08 01:31:40 
jj1 = 423, max_th = 9.701251e-01, time=2025-04-08 01:32:25 
jj1 = 380, max_th = 1.510944e+00, time=2025-04-08 01:33:54 
jj1 = 500, max_th = 1.733126e+00, time=2025-04-08 01:35:42 
jj1 = 226, max_th = 2.201998e+00, time=2025-04-08 01:36:37 
jj1 = 306, max_th = 1.906285e+00, time=2025-04-08 01:39:26 
jj1 = 70, max_th = 1.530352e+00, time=2025-04-08 01:41:42 
jj1 = 154, max_th = 2.501962e+00, time=2025-04-08 01:44:04 
jj1 = 225, max_th = 1.379939e+00, time=2025-04-08 01:44:43 
jj1 = 462, max_th = 1.607528e+00, time=2025-04-08 01:45:47 
jj1 = 265, max_th = 2.146175e+00, time=2025-04-08 01:45:51 
jj1 = 111, max_th = 2.265824e+00, time=2025-04-08 01:45:56 
jj1 = 69, max_th = 2.863060e+00, time=2025-04-08 01:47:11 
jj1 = 224, max_th = 9.593716e-01, time=2025-04-08 01:48:45 
jj1 = 422, max_th = 1.553515e+00, time=2025-04-08 01:48:52 
jj1 = 153, max_th = 2.749363e+00, time=2025-04-08 01:50:54 
jj1 = 499, max_th = 2.389440e+00, time=2025-04-08 01:51:14 
jj1 = 189, max_th = 1.841501e+00, time=2025-04-08 01:52:12 
jj1 = 344, max_th = 1.593288e+00, time=2025-04-08 01:55:38 
jj1 = 379, max_th = 1.931236e+00, time=2025-04-08 01:57:48 
jj1 = 68, max_th = 2.616792e+00, time=2025-04-08 01:59:39 
jj1 = 498, max_th = 1.354704e+00, time=2025-04-08 02:00:52 
jj1 = 305, max_th = 2.310287e+00, time=2025-04-08 02:01:35 
jj1 = 110, max_th = 2.354814e+00, time=2025-04-08 02:03:24 
jj1 = 152, max_th = 1.699685e+00, time=2025-04-08 02:04:56 
jj1 = 223, max_th = 1.458407e+00, time=2025-04-08 02:05:38 
jj1 = 461, max_th = 1.768615e+00, time=2025-04-08 02:07:17 
jj1 = 222, max_th = 8.540293e-01, time=2025-04-08 02:08:16 
jj1 = 188, max_th = 2.302427e+00, time=2025-04-08 02:10:16 
jj1 = 421, max_th = 2.158522e+00, time=2025-04-08 02:11:15 
jj1 = 264, max_th = 1.977821e+00, time=2025-04-08 02:12:12 
jj1 = 343, max_th = 2.447171e+00, time=2025-04-08 02:12:33 
jj1 = 263, max_th = 7.777773e-01, time=2025-04-08 02:14:09 
jj1 = 378, max_th = 1.492429e+00, time=2025-04-08 02:16:32 
jj1 = 221, max_th = 1.952987e+00, time=2025-04-08 02:18:00 
jj1 = 304, max_th = 2.261199e+00, time=2025-04-08 02:21:21 
jj1 = 497, max_th = 1.954946e+00, time=2025-04-08 02:22:02 
jj1 = 67, max_th = 1.761843e+00, time=2025-04-08 02:22:16 
jj1 = 151, max_th = 2.251390e+00, time=2025-04-08 02:24:47 
jj1 = 303, max_th = 2.761126e+00, time=2025-04-08 02:28:23 
jj1 = 377, max_th = 2.457095e+00, time=2025-04-08 02:29:11 
jj1 = 109, max_th = 1.982831e+00, time=2025-04-08 02:29:29 
jj1 = 460, max_th = 2.174710e+00, time=2025-04-08 02:30:09 
jj1 = 66, max_th = 2.716132e+00, time=2025-04-08 02:30:15 
jj1 = 150, max_th = 2.778293e+00, time=2025-04-08 02:30:15 
jj1 = 420, max_th = 2.051833e+00, time=2025-04-08 02:30:21 
jj1 = 187, max_th = 2.098443e+00, time=2025-04-08 02:32:40 
jj1 = 342, max_th = 2.238781e+00, time=2025-04-08 02:35:50 
jj1 = 262, max_th = 1.920536e+00, time=2025-04-08 02:38:55 
jj1 = 419, max_th = 1.256001e+00, time=2025-04-08 02:41:20 
jj1 = 220, max_th = 2.131787e+00, time=2025-04-08 02:41:45 
jj1 = 418, max_th = 2.736978e+00, time=2025-04-08 02:49:40 
jj1 = 496, max_th = 1.945605e+00, time=2025-04-08 02:50:50 
jj1 = 376, max_th = 2.233919e+00, time=2025-04-08 02:51:49 
jj1 = 417, max_th = 3.050016e+00, time=2025-04-08 02:51:50 
jj1 = 108, max_th = 2.034996e+00, time=2025-04-08 02:52:23 
jj1 = 459, max_th = 1.925122e+00, time=2025-04-08 02:52:23 
jj1 = 186, max_th = 1.755550e+00, time=2025-04-08 02:53:09 
jj1 = 65, max_th = 2.260154e+00, time=2025-04-08 02:53:09 
jj1 = 302, max_th = 2.039202e+00, time=2025-04-08 02:53:41 
jj1 = 375, max_th = 1.082855e+00, time=2025-04-08 02:56:38 
jj1 = 149, max_th = 1.474635e+00, time=2025-04-08 02:59:50 
jj1 = 341, max_th = 1.805384e+00, time=2025-04-08 02:59:51 
jj1 = 107, max_th = 1.198109e+00, time=2025-04-08 03:02:25 
jj1 = 219, max_th = 2.146878e+00, time=2025-04-08 03:03:56 
jj1 = 261, max_th = 2.358700e+00, time=2025-04-08 03:04:08 
jj1 = 185, max_th = 2.447869e+00, time=2025-04-08 03:09:55 
jj1 = 416, max_th = 2.101688e+00, time=2025-04-08 03:10:47 
jj1 = 495, max_th = 1.889449e+00, time=2025-04-08 03:13:18 
jj1 = 458, max_th = 2.133017e+00, time=2025-04-08 03:13:46 
jj1 = 64, max_th = 2.064516e+00, time=2025-04-08 03:16:55 
jj1 = 301, max_th = 2.184902e+00, time=2025-04-08 03:17:25 
jj1 = 106, max_th = 1.636580e+00, time=2025-04-08 03:18:14 
jj1 = 260, max_th = 2.300091e+00, time=2025-04-08 03:19:13 
jj1 = 494, max_th = 8.830885e-01, time=2025-04-08 03:19:20 
jj1 = 218, max_th = 1.647178e+00, time=2025-04-08 03:21:07 
jj1 = 374, max_th = 1.916842e+00, time=2025-04-08 03:23:08 
jj1 = 340, max_th = 2.118788e+00, time=2025-04-08 03:24:18 
jj1 = 457, max_th = 1.653115e+00, time=2025-04-08 03:26:59 
jj1 = 148, max_th = 2.075554e+00, time=2025-04-08 03:27:33 
jj1 = 184, max_th = 2.213460e+00, time=2025-04-08 03:31:09 
jj1 = 63, max_th = 1.761627e+00, time=2025-04-08 03:31:45 
jj1 = 415, max_th = 1.993396e+00, time=2025-04-08 03:32:55 
jj1 = 300, max_th = 1.518931e+00, time=2025-04-08 03:33:37 
jj1 = 493, max_th = 2.314989e+00, time=2025-04-08 03:37:37 
jj1 = 259, max_th = 1.688958e+00, time=2025-04-08 03:39:47 
jj1 = 105, max_th = 2.157735e+00, time=2025-04-08 03:43:22 
jj1 = 492, max_th = 2.902136e+00, time=2025-04-08 03:43:31 
jj1 = 217, max_th = 2.277907e+00, time=2025-04-08 03:44:21 
jj1 = 147, max_th = 1.695015e+00, time=2025-04-08 03:44:59 
jj1 = 373, max_th = 2.243018e+00, time=2025-04-08 03:45:23 
jj1 = 339, max_th = 2.145486e+00, time=2025-04-08 03:46:07 
jj1 = 299, max_th = 2.687137e+00, time=2025-04-08 03:46:10 
jj1 = 456, max_th = 1.937480e+00, time=2025-04-08 03:48:01 
jj1 = 298, max_th = 2.893757e+00, time=2025-04-08 03:49:33 
jj1 = 548, max_th = 1.016788e+00, time=2025-04-08 03:49:38 
jj1 = 183, max_th = 2.251683e+00, time=2025-04-08 03:50:00 
jj1 = 104, max_th = 1.173281e+00, time=2025-04-08 03:51:22 
jj1 = 491, max_th = 1.350844e+00, time=2025-04-08 03:54:40 
jj1 = 338, max_th = 2.668320e+00, time=2025-04-08 03:55:45 
jj1 = 62, max_th = 1.628659e+00, time=2025-04-08 03:56:05 
jj1 = 455, max_th = 1.223836e+00, time=2025-04-08 03:56:32 
jj1 = 258, max_th = 2.349181e+00, time=2025-04-08 03:56:48 
jj1 = 414, max_th = 1.868312e+00, time=2025-04-08 03:56:56 
jj1 = 146, max_th = 2.709567e+00, time=2025-04-08 03:58:10 
jj1 = 708, max_th = 1.540091e+00, time=2025-04-08 03:59:35 
jj1 = 454, max_th = 2.795868e+00, time=2025-04-08 04:02:26 
jj1 = 547, max_th = 1.490707e+00, time=2025-04-08 04:04:21 
jj1 = 61, max_th = 1.141511e+00, time=2025-04-08 04:05:15 
jj1 = 707, max_th = 1.119185e+00, time=2025-04-08 04:07:02 
jj1 = 182, max_th = 2.156327e+00, time=2025-04-08 04:07:50 
jj1 = 297, max_th = 2.308162e+00, time=2025-04-08 04:10:18 
jj1 = 181, max_th = 7.106132e-01, time=2025-04-08 04:10:35 
jj1 = 546, max_th = 2.637834e+00, time=2025-04-08 04:14:34 
jj1 = 337, max_th = 2.316949e+00, time=2025-04-08 04:14:56 
jj1 = 103, max_th = 2.010183e+00, time=2025-04-08 04:15:20 
jj1 = 490, max_th = 1.791875e+00, time=2025-04-08 04:15:28 
jj1 = 728, max_th = 1.173302e+00, time=2025-04-08 04:16:21 
jj1 = 145, max_th = 2.197743e+00, time=2025-04-08 04:17:13 
jj1 = 336, max_th = 7.488418e-01, time=2025-04-08 04:17:14 
jj1 = 413, max_th = 1.862782e+00, time=2025-04-08 04:19:49 
jj1 = 257, max_th = 2.213725e+00, time=2025-04-08 04:20:37 
jj1 = 453, max_th = 2.114940e+00, time=2025-04-08 04:21:38 
jj1 = 256, max_th = 2.735331e+00, time=2025-04-08 04:22:58 
jj1 = 180, max_th = 1.514033e+00, time=2025-04-08 04:25:16 
jj1 = 545, max_th = 1.289812e+00, time=2025-04-08 04:25:16 
jj1 = 706, max_th = 1.806548e+00, time=2025-04-08 04:27:51 
jj1 = 688, max_th = 1.100329e+00, time=2025-04-08 04:28:17 
jj1 = 544, max_th = 9.486264e-01, time=2025-04-08 04:29:58 
jj1 = 335, max_th = 1.501411e+00, time=2025-04-08 04:30:46 
jj1 = 727, max_th = 2.418135e+00, time=2025-04-08 04:32:10 
jj1 = 296, max_th = 2.182633e+00, time=2025-04-08 04:32:43 
jj1 = 608, max_th = 2.390793e+00, time=2025-04-08 04:33:46 
jj1 = 452, max_th = 2.667263e+00, time=2025-04-08 04:33:53 
jj1 = 102, max_th = 2.062016e+00, time=2025-04-08 04:37:05 
jj1 = 412, max_th = 1.512660e+00, time=2025-04-08 04:37:08 
jj1 = 179, max_th = 2.216458e+00, time=2025-04-08 04:43:26 
jj1 = 726, max_th = 1.616100e+00, time=2025-04-08 04:46:55 
jj1 = 144, max_th = 1.630246e+00, time=2025-04-08 04:47:20 
jj1 = 334, max_th = 1.652601e+00, time=2025-04-08 04:47:35 
jj1 = 178, max_th = 1.167186e+00, time=2025-04-08 04:51:42 
jj1 = 101, max_th = 2.301389e+00, time=2025-04-08 04:53:01 
jj1 = 607, max_th = 2.201112e+00, time=2025-04-08 04:54:41 
jj1 = 143, max_th = 1.139072e+00, time=2025-04-08 04:55:20 
jj1 = 451, max_th = 2.309381e+00, time=2025-04-08 04:55:29 
jj1 = 687, max_th = 1.982069e+00, time=2025-04-08 04:56:12 
jj1 = 705, max_th = 2.357215e+00, time=2025-04-08 04:57:10 
jj1 = 568, max_th = 1.513304e+00, time=2025-04-08 04:57:18 
jj1 = 295, max_th = 1.920840e+00, time=2025-04-08 04:57:44 
jj1 = 668, max_th = 1.572509e+00, time=2025-04-08 05:02:27 
jj1 = 543, max_th = 1.724936e+00, time=2025-04-08 05:03:46 
jj1 = 100, max_th = 1.742719e+00, time=2025-04-08 05:05:17 
jj1 = 725, max_th = 2.244958e+00, time=2025-04-08 05:05:24 
jj1 = 686, max_th = 1.264898e+00, time=2025-04-08 05:06:59 
jj1 = 567, max_th = 1.346925e+00, time=2025-04-08 05:09:33 
jj1 = 628, max_th = 1.484751e+00, time=2025-04-08 05:11:21 
jj1 = 142, max_th = 1.635990e+00, time=2025-04-08 05:11:51 
jj1 = 685, max_th = 1.727310e+00, time=2025-04-08 05:17:03 
jj1 = 768, max_th = 1.778431e+00, time=2025-04-08 05:17:17 
jj1 = 588, max_th = 1.994919e+00, time=2025-04-08 05:18:38 
jj1 = 627, max_th = 2.722051e+00, time=2025-04-08 05:19:38 
jj1 = 542, max_th = 2.426786e+00, time=2025-04-08 05:19:45 
jj1 = 767, max_th = 8.336653e-01, time=2025-04-08 05:20:34 
jj1 = 648, max_th = 1.572003e+00, time=2025-04-08 05:20:44 
jj1 = 606, max_th = 1.291479e+00, time=2025-04-08 05:21:24 
jj1 = 704, max_th = 1.936742e+00, time=2025-04-08 05:22:38 
jj1 = 626, max_th = 9.597916e-01, time=2025-04-08 05:24:27 
jj1 = 724, max_th = 2.233124e+00, time=2025-04-08 05:25:00 
jj1 = 141, max_th = 1.553835e+00, time=2025-04-08 05:25:22 
jj1 = 566, max_th = 2.353486e+00, time=2025-04-08 05:25:31 
jj1 = 605, max_th = 2.885730e+00, time=2025-04-08 05:28:24 
jj1 = 667, max_th = 1.835175e+00, time=2025-04-08 05:29:04 
jj1 = 684, max_th = 1.537638e+00, time=2025-04-08 05:33:15 
jj1 = 723, max_th = 2.730687e+00, time=2025-04-08 05:33:41 
jj1 = 587, max_th = 2.559592e+00, time=2025-04-08 05:35:08 
jj1 = 766, max_th = 2.329986e+00, time=2025-04-08 05:38:20 
jj1 = 647, max_th = 1.598484e+00, time=2025-04-08 05:38:40 
jj1 = 625, max_th = 1.949915e+00, time=2025-04-08 05:39:14 
jj1 = 541, max_th = 2.341441e+00, time=2025-04-08 05:41:30 
jj1 = 140, max_th = 2.616301e+00, time=2025-04-08 05:43:31 
jj1 = 683, max_th = 2.321045e+00, time=2025-04-08 05:44:43 
jj1 = 703, max_th = 2.021915e+00, time=2025-04-08 05:45:18 
jj1 = 722, max_th = 1.998004e+00, time=2025-04-08 05:46:43 
jj1 = 540, max_th = 1.293669e+00, time=2025-04-08 05:46:50 
jj1 = 624, max_th = 2.585540e+00, time=2025-04-08 05:49:41 
jj1 = 565, max_th = 2.233946e+00, time=2025-04-08 05:50:19 
jj1 = 666, max_th = 1.985267e+00, time=2025-04-08 05:51:51 
jj1 = 139, max_th = 1.315348e+00, time=2025-04-08 05:53:30 
jj1 = 646, max_th = 1.709453e+00, time=2025-04-08 05:54:14 
jj1 = 604, max_th = 1.755578e+00, time=2025-04-08 05:54:27 
jj1 = 586, max_th = 2.035488e+00, time=2025-04-08 05:57:32 
jj1 = 665, max_th = 2.769575e+00, time=2025-04-08 05:57:39 
jj1 = 603, max_th = 4.759371e-01, time=2025-04-08 05:58:31 
jj1 = 765, max_th = 1.778046e+00, time=2025-04-08 05:59:32 
jj1 = 564, max_th = 2.923040e+00, time=2025-04-08 06:03:04 
jj1 = 702, max_th = 2.214998e+00, time=2025-04-08 06:07:35 
jj1 = 682, max_th = 2.134848e+00, time=2025-04-08 06:08:25 
jj1 = 721, max_th = 2.056375e+00, time=2025-04-08 06:08:34 
jj1 = 539, max_th = 2.125991e+00, time=2025-04-08 06:09:16 
jj1 = 748, max_th = 2.303175e+00, time=2025-04-08 06:10:56 
jj1 = 623, max_th = 2.005846e+00, time=2025-04-08 06:11:05 
jj1 = 681, max_th = 2.890545e+00, time=2025-04-08 06:13:11 
jj1 = 764, max_th = 1.495976e+00, time=2025-04-08 06:13:32 
jj1 = 645, max_th = 2.280202e+00, time=2025-04-08 06:14:06 
jj1 = 585, max_th = 1.384482e+00, time=2025-04-08 06:14:19 
jj1 = 538, max_th = 1.150887e+00, time=2025-04-08 06:17:37 
jj1 = 602, max_th = 2.373978e+00, time=2025-04-08 06:19:22 
jj1 = 664, max_th = 1.879636e+00, time=2025-04-08 06:20:02 
jj1 = 563, max_th = 1.697673e+00, time=2025-04-08 06:21:41 
jj1 = 701, max_th = 2.315545e+00, time=2025-04-08 06:24:48 
jj1 = 747, max_th = 1.653578e+00, time=2025-04-08 06:25:22 
jj1 = 663, max_th = 2.658082e+00, time=2025-04-08 06:27:19 
jj1 = 720, max_th = 2.156377e+00, time=2025-04-08 06:29:39 
jj1 = 537, max_th = 2.452896e+00, time=2025-04-08 06:31:23 
jj1 = 680, max_th = 2.209152e+00, time=2025-04-08 06:31:56 
jj1 = 584, max_th = 1.803893e+00, time=2025-04-08 06:33:42 
jj1 = 622, max_th = 2.186940e+00, time=2025-04-08 06:33:43 
jj1 = 700, max_th = 1.273591e+00, time=2025-04-08 06:35:50 
jj1 = 763, max_th = 2.048456e+00, time=2025-04-08 06:36:28 
jj1 = 644, max_th = 2.070966e+00, time=2025-04-08 06:42:10 
jj1 = 719, max_th = 2.536608e+00, time=2025-04-08 06:42:36 
jj1 = 562, max_th = 1.557143e+00, time=2025-04-08 06:45:31 
jj1 = 662, max_th = 2.292607e+00, time=2025-04-08 06:49:50 
jj1 = 762, max_th = 1.647422e+00, time=2025-04-08 06:52:22 
jj1 = 621, max_th = 1.706947e+00, time=2025-04-08 06:52:33 
jj1 = 643, max_th = 1.418449e+00, time=2025-04-08 06:53:25 
jj1 = 601, max_th = 2.446513e+00, time=2025-04-08 06:53:41 
jj1 = 679, max_th = 2.280616e+00, time=2025-04-08 06:53:51 
jj1 = 699, max_th = 1.762533e+00, time=2025-04-08 06:54:51 
jj1 = 583, max_th = 1.418920e+00, time=2025-04-08 06:55:17 
jj1 = 678, max_th = 7.334084e-01, time=2025-04-08 06:56:05 
jj1 = 582, max_th = 3.088710e+00, time=2025-04-08 06:57:29 
jj1 = 761, max_th = 9.880155e-01, time=2025-04-08 06:57:55 
jj1 = 718, max_th = 1.539820e+00, time=2025-04-08 06:58:57 
jj1 = 746, max_th = 2.086426e+00, time=2025-04-08 06:59:36 
jj1 = 536, max_th = 1.914171e+00, time=2025-04-08 06:59:56 
jj1 = 642, max_th = 1.410253e+00, time=2025-04-08 07:03:21 
jj1 = 561, max_th = 2.274633e+00, time=2025-04-08 07:06:08 
jj1 = 677, max_th = 2.175888e+00, time=2025-04-08 07:09:11 
jj1 = 581, max_th = 1.374336e+00, time=2025-04-08 07:09:32 
jj1 = 620, max_th = 2.417931e+00, time=2025-04-08 07:09:48 
jj1 = 661, max_th = 2.205268e+00, time=2025-04-08 07:09:58 
jj1 = 698, max_th = 2.042512e+00, time=2025-04-08 07:11:58 
jj1 = 600, max_th = 1.703228e+00, time=2025-04-08 07:12:50 
jj1 = 676, max_th = 6.669002e-01, time=2025-04-08 07:13:34 
jj1 = 580, max_th = 1.039752e+00, time=2025-04-08 07:15:02 
jj1 = 717, max_th = 1.831942e+00, time=2025-04-08 07:15:52 
jj1 = 660, max_th = 1.398316e+00, time=2025-04-08 07:20:19 
jj1 = 560, max_th = 1.647466e+00, time=2025-04-08 07:23:31 
jj1 = 760, max_th = 2.326710e+00, time=2025-04-08 07:23:35 
jj1 = 535, max_th = 1.933516e+00, time=2025-04-08 07:23:50 
jj1 = 697, max_th = 2.349523e+00, time=2025-04-08 07:24:26 
jj1 = 745, max_th = 1.761195e+00, time=2025-04-08 07:25:23 
jj1 = 641, max_th = 2.035764e+00, time=2025-04-08 07:26:01 
jj1 = 696, max_th = 3.020424e+00, time=2025-04-08 07:26:45 
jj1 = 579, max_th = 1.441515e+00, time=2025-04-08 07:26:52 
jj1 = 659, max_th = 1.300168e+00, time=2025-04-08 07:28:39 
jj1 = 534, max_th = 2.910431e+00, time=2025-04-08 07:28:59 
jj1 = 559, max_th = 3.277898e+00, time=2025-04-08 07:29:48 
jj1 = 716, max_th = 1.946160e+00, time=2025-04-08 07:31:04 
jj1 = 744, max_th = 2.758617e+00, time=2025-04-08 07:32:26 
jj1 = 675, max_th = 2.185843e+00, time=2025-04-08 07:32:47 
jj1 = 619, max_th = 1.826053e+00, time=2025-04-08 07:34:47 
jj1 = 533, max_th = 1.091090e+00, time=2025-04-08 07:35:37 
jj1 = 599, max_th = 1.959751e+00, time=2025-04-08 07:35:39 
jj1 = 658, max_th = 2.408523e+00, time=2025-04-08 07:37:30 
jj1 = 640, max_th = 1.561759e+00, time=2025-04-08 07:40:35 
jj1 = 695, max_th = 2.077127e+00, time=2025-04-08 07:43:19 
jj1 = 578, max_th = 2.467873e+00, time=2025-04-08 07:45:06 
jj1 = 618, max_th = 1.528800e+00, time=2025-04-08 07:45:53 
jj1 = 743, max_th = 2.150687e+00, time=2025-04-08 07:49:17 
jj1 = 759, max_th = 2.686652e+00, time=2025-04-08 07:49:18 
jj1 = 674, max_th = 1.473620e+00, time=2025-04-08 07:51:36 
jj1 = 715, max_th = 2.181854e+00, time=2025-04-08 07:51:49 
jj1 = 694, max_th = 1.182947e+00, time=2025-04-08 07:51:50 
jj1 = 558, max_th = 2.412277e+00, time=2025-04-08 07:53:13 
jj1 = 532, max_th = 2.612480e+00, time=2025-04-08 07:53:16 
jj1 = 531, max_th = 3.315721e+00, time=2025-04-08 07:53:57 
jj1 = 598, max_th = 1.682214e+00, time=2025-04-08 07:54:47 
jj1 = 657, max_th = 1.950703e+00, time=2025-04-08 07:56:02 
jj1 = 617, max_th = 1.215928e+00, time=2025-04-08 07:57:52 
jj1 = 693, max_th = 2.547686e+00, time=2025-04-08 08:01:31 
jj1 = 597, max_th = 2.615159e+00, time=2025-04-08 08:03:41 
jj1 = 639, max_th = 2.216976e+00, time=2025-04-08 08:03:43 
jj1 = 758, max_th = 1.809046e+00, time=2025-04-08 08:04:50 
jj1 = 673, max_th = 2.398100e+00, time=2025-04-08 08:06:24 
jj1 = 577, max_th = 1.444728e+00, time=2025-04-08 08:08:11 
jj1 = 692, max_th = 1.076299e+00, time=2025-04-08 08:10:53 
jj1 = 714, max_th = 2.421762e+00, time=2025-04-08 08:11:24 
jj1 = 742, max_th = 2.005205e+00, time=2025-04-08 08:12:29 
jj1 = 557, max_th = 1.631359e+00, time=2025-04-08 08:13:43 
jj1 = 713, max_th = 5.718590e-01, time=2025-04-08 08:13:59 
jj1 = 596, max_th = 1.154466e+00, time=2025-04-08 08:14:38 
jj1 = 656, max_th = 2.365857e+00, time=2025-04-08 08:16:08 
jj1 = 616, max_th = 2.127253e+00, time=2025-04-08 08:23:01 
jj1 = 638, max_th = 1.933971e+00, time=2025-04-08 08:24:07 
jj1 = 741, max_th = 2.309508e+00, time=2025-04-08 08:24:46 
jj1 = 757, max_th = 2.167560e+00, time=2025-04-08 08:24:56 
jj1 = 637, max_th = 2.839073e-01, time=2025-04-08 08:25:00 
jj1 = 530, max_th = 1.287124e+00, time=2025-04-08 08:25:54 
jj1 = 655, max_th = 1.234605e+00, time=2025-04-08 08:26:24 
jj1 = 712, max_th = 2.527385e+00, time=2025-04-08 08:26:42 
jj1 = 615, max_th = 1.068694e+00, time=2025-04-08 08:27:12 
jj1 = 556, max_th = 1.599692e+00, time=2025-04-08 08:28:33 
jj1 = 672, max_th = 1.928070e+00, time=2025-04-08 08:29:10 
jj1 = 576, max_th = 1.664989e+00, time=2025-04-08 08:29:15 
jj1 = 636, max_th = 2.890246e+00, time=2025-04-08 08:29:17 
jj1 = 614, max_th = 1.087666e+00, time=2025-04-08 08:34:25 
jj1 = 555, max_th = 2.240600e+00, time=2025-04-08 08:43:59 
jj1 = 691, max_th = 1.973240e+00, time=2025-04-08 08:45:28 
jj1 = 529, max_th = 2.095746e+00, time=2025-04-08 08:46:31 
jj1 = 635, max_th = 2.047061e+00, time=2025-04-08 08:48:18 
jj1 = 654, max_th = 1.662836e+00, time=2025-04-08 08:50:44 
jj1 = 756, max_th = 2.066367e+00, time=2025-04-08 08:53:21 
jj1 = 634, max_th = 1.343287e+00, time=2025-04-08 08:53:45 
jj1 = 554, max_th = 1.357108e+00, time=2025-04-08 08:55:33 
jj1 = 595, max_th = 1.935452e+00, time=2025-04-08 08:56:59 
jj1 = 653, max_th = 7.925933e-01, time=2025-04-08 08:57:32 
jj1 = 575, max_th = 1.970577e+00, time=2025-04-08 08:57:52 
jj1 = 671, max_th = 1.527029e+00, time=2025-04-08 08:58:50 
jj1 = 690, max_th = 2.459337e+00, time=2025-04-08 09:00:18 
jj1 = 613, max_th = 1.379602e+00, time=2025-04-08 09:03:40 
jj1 = 633, max_th = 1.333259e+00, time=2025-04-08 09:04:42 
jj1 = 689, max_th = 1.449991e+00, time=2025-04-08 09:07:47 
jj1 = 670, max_th = 2.617953e+00, time=2025-04-08 09:08:58 
jj1 = 788, max_th = 2.104213e+00, time=2025-04-08 09:10:34 
jj1 = 755, max_th = 1.594231e+00, time=2025-04-08 09:11:46 
jj1 = 740, max_th = 1.591782e+00, time=2025-04-08 09:13:28 
jj1 = 553, max_th = 2.335312e+00, time=2025-04-08 09:13:59 
jj1 = 594, max_th = 1.901107e+00, time=2025-04-08 09:16:06 
jj1 = 739, max_th = 1.000029e+00, time=2025-04-08 09:16:40 
jj1 = 711, max_th = 2.103437e+00, time=2025-04-08 09:17:48 
jj1 = 652, max_th = 2.253059e+00, time=2025-04-08 09:18:37 
jj1 = 574, max_th = 2.134175e+00, time=2025-04-08 09:21:27 
jj1 = 612, max_th = 2.195036e+00, time=2025-04-08 09:24:52 
jj1 = 710, max_th = 2.542032e+00, time=2025-04-08 09:25:37 
jj1 = 778, max_th = 2.265221e+00, time=2025-04-08 09:26:45 
jj1 = 593, max_th = 1.179038e+00, time=2025-04-08 09:27:11 
jj1 = 573, max_th = 1.592418e+00, time=2025-04-08 09:28:04 
jj1 = 651, max_th = 2.596093e+00, time=2025-04-08 09:30:11 
jj1 = 669, max_th = 1.856978e+00, time=2025-04-08 09:30:14 
jj1 = 754, max_th = 1.897766e+00, time=2025-04-08 09:31:09 
jj1 = 632, max_th = 2.381841e+00, time=2025-04-08 09:33:42 
jj1 = 787, max_th = 1.922918e+00, time=2025-04-08 09:34:15 
jj1 = 753, max_th = 3.106995e+00, time=2025-04-08 09:34:25 
jj1 = 611, max_th = 1.236315e+00, time=2025-04-08 09:35:03 
jj1 = 738, max_th = 2.176991e+00, time=2025-04-08 09:37:14 
jj1 = 552, max_th = 1.944390e+00, time=2025-04-08 09:37:30 
jj1 = 650, max_th = 1.246079e+00, time=2025-04-08 09:37:37 
jj1 = 610, max_th = 2.693870e+00, time=2025-04-08 09:39:59 
jj1 = 777, max_th = 1.371487e+00, time=2025-04-08 09:43:17 
jj1 = 592, max_th = 2.330272e+00, time=2025-04-08 09:47:17 
jj1 = 609, max_th = 2.693375e+00, time=2025-04-08 09:48:03 
jj1 = 818, max_th = 2.345197e+00, time=2025-04-08 09:48:45 
jj1 = 572, max_th = 2.224721e+00, time=2025-04-08 09:49:55 
jj1 = 737, max_th = 1.426685e+00, time=2025-04-08 09:51:42 
jj1 = 709, max_th = 1.978707e+00, time=2025-04-08 09:51:58 
jj1 = 571, max_th = 2.891003e+00, time=2025-04-08 09:54:02 
jj1 = 752, max_th = 1.762561e+00, time=2025-04-08 09:54:53 
jj1 = 631, max_th = 2.034380e+00, time=2025-04-08 09:57:21 
jj1 = 786, max_th = 2.135899e+00, time=2025-04-08 09:57:41 
jj1 = 649, max_th = 2.332548e+00, time=2025-04-08 09:57:46 
jj1 = 551, max_th = 2.094347e+00, time=2025-04-08 10:03:45 
jj1 = 817, max_th = 1.698390e+00, time=2025-04-08 10:06:07 
jj1 = 591, max_th = 1.679694e+00, time=2025-04-08 10:07:06 
jj1 = 776, max_th = 1.871119e+00, time=2025-04-08 10:08:12 
jj1 = 798, max_th = 2.150900e+00, time=2025-04-08 10:08:38 
jj1 = 630, max_th = 1.500639e+00, time=2025-04-08 10:10:15 
jj1 = 736, max_th = 1.693273e+00, time=2025-04-08 10:11:31 
jj1 = 848, max_th = 2.115815e+00, time=2025-04-08 10:12:08 
jj1 = 816, max_th = 8.990183e-01, time=2025-04-08 10:12:15 
jj1 = 751, max_th = 1.606592e+00, time=2025-04-08 10:14:06 
jj1 = 838, max_th = 2.744944e+00, time=2025-04-08 10:14:15 
jj1 = 570, max_th = 1.690834e+00, time=2025-04-08 10:17:36 
jj1 = 815, max_th = 2.856025e+00, time=2025-04-08 10:17:39 
jj1 = 785, max_th = 2.269953e+00, time=2025-04-08 10:17:50 
jj1 = 735, max_th = 2.931076e+00, time=2025-04-08 10:18:06 
jj1 = 797, max_th = 1.206283e+00, time=2025-04-08 10:20:02 
jj1 = 814, max_th = 2.688534e+00, time=2025-04-08 10:24:49 
jj1 = 590, max_th = 2.233258e+00, time=2025-04-08 10:26:54 
jj1 = 837, max_th = 1.385274e+00, time=2025-04-08 10:26:58 
jj1 = 550, max_th = 2.006867e+00, time=2025-04-08 10:29:42 
jj1 = 813, max_th = 2.674949e+00, time=2025-04-08 10:32:07 
jj1 = 775, max_th = 1.470863e+00, time=2025-04-08 10:33:39 
jj1 = 629, max_th = 2.280235e+00, time=2025-04-08 10:33:58 
jj1 = 847, max_th = 2.006207e+00, time=2025-04-08 10:36:02 
jj1 = 569, max_th = 1.976366e+00, time=2025-04-08 10:38:20 
jj1 = 750, max_th = 1.681552e+00, time=2025-04-08 10:39:12 
jj1 = 784, max_th = 2.056315e+00, time=2025-04-08 10:40:20 
jj1 = 812, max_th = 1.351392e+00, time=2025-04-08 10:40:47 
jj1 = 836, max_th = 2.511794e+00, time=2025-04-08 10:41:42 
jj1 = 749, max_th = 2.726823e+00, time=2025-04-08 10:43:08 
jj1 = 549, max_th = 1.503380e+00, time=2025-04-08 10:44:06 
jj1 = 796, max_th = 2.065065e+00, time=2025-04-08 10:45:00 
jj1 = 589, max_th = 1.775302e+00, time=2025-04-08 10:46:11 
jj1 = 774, max_th = 2.571065e+00, time=2025-04-08 10:47:47 
jj1 = 878, max_th = 1.639505e+00, time=2025-04-08 10:49:58 
jj1 = 835, max_th = 1.234271e+00, time=2025-04-08 10:52:09 
jj1 = 828, max_th = 2.728839e+00, time=2025-04-08 10:52:52 
jj1 = 783, max_th = 2.632004e+00, time=2025-04-08 10:53:34 
jj1 = 868, max_th = 1.428997e+00, time=2025-04-08 10:56:16 
jj1 = 734, max_th = 1.780396e+00, time=2025-04-08 10:56:30 
jj1 = 846, max_th = 2.376533e+00, time=2025-04-08 10:58:34 
jj1 = 808, max_th = 1.340635e+00, time=2025-04-08 10:58:40 
jj1 = 811, max_th = 2.473226e+00, time=2025-04-08 11:01:44 
jj1 = 858, max_th = 2.427684e+00, time=2025-04-08 11:04:10 
jj1 = 834, max_th = 1.548528e+00, time=2025-04-08 11:04:49 
jj1 = 795, max_th = 2.136875e+00, time=2025-04-08 11:04:59 
jj1 = 773, max_th = 1.746621e+00, time=2025-04-08 11:07:53 
jj1 = 877, max_th = 1.673216e+00, time=2025-04-08 11:10:11 
jj1 = 782, max_th = 1.641425e+00, time=2025-04-08 11:10:32 
jj1 = 833, max_th = 1.023767e+00, time=2025-04-08 11:10:34 
jj1 = 827, max_th = 1.842910e+00, time=2025-04-08 11:13:19 
jj1 = 867, max_th = 1.737143e+00, time=2025-04-08 11:15:07 
jj1 = 807, max_th = 2.423104e+00, time=2025-04-08 11:16:09 
jj1 = 733, max_th = 2.194208e+00, time=2025-04-08 11:16:55 
jj1 = 845, max_th = 1.858427e+00, time=2025-04-08 11:21:15 
jj1 = 857, max_th = 1.659496e+00, time=2025-04-08 11:24:06 
jj1 = 794, max_th = 2.239255e+00, time=2025-04-08 11:25:45 
jj1 = 772, max_th = 2.335020e+00, time=2025-04-08 11:26:45 
jj1 = 810, max_th = 2.488358e+00, time=2025-04-08 11:28:15 
jj1 = 876, max_th = 1.959289e+00, time=2025-04-08 11:28:55 
jj1 = 832, max_th = 1.954154e+00, time=2025-04-08 11:32:10 
jj1 = 781, max_th = 1.606270e+00, time=2025-04-08 11:33:29 
jj1 = 866, max_th = 2.099043e+00, time=2025-04-08 11:33:57 
jj1 = 844, max_th = 2.349783e+00, time=2025-04-08 11:36:47 
jj1 = 809, max_th = 1.306388e+00, time=2025-04-08 11:37:01 
jj1 = 806, max_th = 2.093004e+00, time=2025-04-08 11:37:14 
jj1 = 732, max_th = 2.146214e+00, time=2025-04-08 11:37:41 
jj1 = 875, max_th = 2.987936e+00, time=2025-04-08 11:38:56 
jj1 = 826, max_th = 1.937928e+00, time=2025-04-08 11:39:57 
jj1 = 903, max_th = 7.417973e-01, time=2025-04-08 11:40:05 
jj1 = 805, max_th = 1.028527e+00, time=2025-04-08 11:40:11 
jj1 = 856, max_th = 1.747635e+00, time=2025-04-08 11:41:14 
jj1 = 804, max_th = 3.185553e+00, time=2025-04-08 11:41:40 
jj1 = 771, max_th = 2.049214e+00, time=2025-04-08 11:45:01 
jj1 = 831, max_th = 2.488997e+00, time=2025-04-08 11:45:34 
jj1 = 793, max_th = 2.103348e+00, time=2025-04-08 11:46:52 
jj1 = 780, max_th = 1.663000e+00, time=2025-04-08 11:50:55 
jj1 = 792, max_th = 1.078853e+00, time=2025-04-08 11:52:32 
jj1 = 865, max_th = 2.552453e+00, time=2025-04-08 11:55:25 
jj1 = 843, max_th = 2.146090e+00, time=2025-04-08 11:57:48 
jj1 = 874, max_th = 2.214828e+00, time=2025-04-08 12:00:38 
jj1 = 825, max_th = 2.008174e+00, time=2025-04-08 12:01:01 
jj1 = 842, max_th = 2.902494e+00, time=2025-04-08 12:02:41 
jj1 = 855, max_th = 2.031517e+00, time=2025-04-08 12:02:55 
jj1 = 803, max_th = 2.031703e+00, time=2025-04-08 12:04:20 
jj1 = 731, max_th = 1.883307e+00, time=2025-04-08 12:04:25 
jj1 = 802, max_th = -6.876201e-02, time=2025-04-08 12:05:35 
jj1 = 779, max_th = 1.711176e+00, time=2025-04-08 12:05:49 
jj1 = 830, max_th = 1.916756e+00, time=2025-04-08 12:06:58 
jj1 = 902, max_th = 1.911837e+00, time=2025-04-08 12:09:52 
jj1 = 791, max_th = 2.385518e+00, time=2025-04-08 12:10:24 
jj1 = 770, max_th = 1.791388e+00, time=2025-04-08 12:10:56 
jj1 = 864, max_th = 2.658164e+00, time=2025-04-08 12:13:58 
jj1 = 730, max_th = 2.646365e+00, time=2025-04-08 12:14:28 
jj1 = 824, max_th = 1.510200e+00, time=2025-04-08 12:15:23 
jj1 = 790, max_th = 2.973753e+00, time=2025-04-08 12:16:19 
jj1 = 873, max_th = 1.551213e+00, time=2025-04-08 12:18:05 
jj1 = 854, max_th = 2.346543e+00, time=2025-04-08 12:19:09 
jj1 = 841, max_th = 2.145073e+00, time=2025-04-08 12:21:12 
jj1 = 801, max_th = 2.398777e+00, time=2025-04-08 12:22:10 
jj1 = 893, max_th = 1.415055e+00, time=2025-04-08 12:22:14 
jj1 = 800, max_th = 2.813717e+00, time=2025-04-08 12:25:17 
jj1 = 769, max_th = 1.516420e+00, time=2025-04-08 12:28:03 
jj1 = 853, max_th = 1.125755e+00, time=2025-04-08 12:28:47 
jj1 = 799, max_th = 1.105335e+00, time=2025-04-08 12:30:37 
jj1 = 901, max_th = 2.053518e+00, time=2025-04-08 12:32:05 
jj1 = 729, max_th = 1.830860e+00, time=2025-04-08 12:34:34 
jj1 = 852, max_th = 2.852326e+00, time=2025-04-08 12:34:37 
jj1 = 840, max_th = 2.462088e+00, time=2025-04-08 12:34:40 
jj1 = 829, max_th = 2.066517e+00, time=2025-04-08 12:35:23 
jj1 = 789, max_th = 1.733449e+00, time=2025-04-08 12:35:50 
jj1 = 863, max_th = 2.287001e+00, time=2025-04-08 12:37:09 
jj1 = 823, max_th = 2.207977e+00, time=2025-04-08 12:37:24 
jj1 = 892, max_th = 1.650305e+00, time=2025-04-08 12:38:29 
jj1 = 872, max_th = 1.864097e+00, time=2025-04-08 12:39:11 
jj1 = 913, max_th = 2.842106e+00, time=2025-04-08 12:41:54 
jj1 = 822, max_th = 1.246301e+00, time=2025-04-08 12:42:33 
jj1 = 900, max_th = 1.302015e+00, time=2025-04-08 12:42:49 
jj1 = 862, max_th = 1.067429e+00, time=2025-04-08 12:45:36 
jj1 = 912, max_th = 2.915614e+00, time=2025-04-08 12:46:37 
jj1 = 898, max_th = 2.303859e+00, time=2025-04-08 12:47:20 
jj1 = 871, max_th = 1.451388e+00, time=2025-04-08 12:47:24 
jj1 = 821, max_th = 1.155677e+00, time=2025-04-08 12:49:46 
jj1 = 943, max_th = 2.165912e+00, time=2025-04-08 12:51:28 
jj1 = 851, max_th = 1.678679e+00, time=2025-04-08 12:55:04 
jj1 = 839, max_th = 1.764717e+00, time=2025-04-08 12:55:22 
jj1 = 918, max_th = 2.040569e+00, time=2025-04-08 12:57:22 
jj1 = 861, max_th = 1.238721e+00, time=2025-04-08 12:58:53 
jj1 = 888, max_th = 2.103999e+00, time=2025-04-08 12:59:32 
jj1 = 891, max_th = 1.857680e+00, time=2025-04-08 13:00:05 
jj1 = 899, max_th = 1.626298e+00, time=2025-04-08 13:00:10 
jj1 = 820, max_th = 2.525956e+00, time=2025-04-08 13:01:56 
jj1 = 850, max_th = 2.873354e+00, time=2025-04-08 13:03:37 
jj1 = 890, max_th = 2.914091e+00, time=2025-04-08 13:04:57 
jj1 = 889, max_th = 3.281731e+00, time=2025-04-08 13:05:38 
jj1 = 911, max_th = 2.298309e+00, time=2025-04-08 13:10:11 
jj1 = 897, max_th = 1.883027e+00, time=2025-04-08 13:11:40 
jj1 = 870, max_th = 2.056868e+00, time=2025-04-08 13:12:32 
jj1 = 942, max_th = 2.116736e+00, time=2025-04-08 13:14:36 
jj1 = 948, max_th = 2.304716e+00, time=2025-04-08 13:14:45 
jj1 = 908, max_th = 2.137209e+00, time=2025-04-08 13:15:42 
jj1 = 887, max_th = 2.456867e+00, time=2025-04-08 13:17:52 
jj1 = 896, max_th = 7.351917e-01, time=2025-04-08 13:18:34 
jj1 = 860, max_th = 1.863353e+00, time=2025-04-08 13:19:31 
jj1 = 947, max_th = 1.194035e+00, time=2025-04-08 13:20:05 
jj1 = 907, max_th = 2.790267e+00, time=2025-04-08 13:21:04 
jj1 = 886, max_th = 7.985052e-01, time=2025-04-08 13:21:08 
jj1 = 917, max_th = 2.118637e+00, time=2025-04-08 13:21:15 
jj1 = 849, max_th = 2.148146e+00, time=2025-04-08 13:24:35 
jj1 = 819, max_th = 2.020806e+00, time=2025-04-08 13:27:54 
jj1 = 869, max_th = 1.695768e+00, time=2025-04-08 13:28:53 
jj1 = 895, max_th = 2.587506e+00, time=2025-04-08 13:29:12 
jj1 = 952, max_th = 2.164160e+00, time=2025-04-08 13:29:47 
jj1 = 946, max_th = 1.456480e+00, time=2025-04-08 13:32:30 
jj1 = 910, max_th = 1.860660e+00, time=2025-04-08 13:32:33 
jj1 = 923, max_th = 2.933970e+00, time=2025-04-08 13:33:34 
jj1 = 916, max_th = 1.351430e+00, time=2025-04-08 13:34:29 
jj1 = 933, max_th = 2.548099e+00, time=2025-04-08 13:36:09 
jj1 = 859, max_th = 1.721612e+00, time=2025-04-08 13:36:17 
jj1 = 941, max_th = 1.626825e+00, time=2025-04-08 13:36:46 
jj1 = 885, max_th = 1.707545e+00, time=2025-04-08 13:39:40 
jj1 = 894, max_th = 2.398862e+00, time=2025-04-08 13:42:21 
jj1 = 915, max_th = 1.105133e+00, time=2025-04-08 13:43:37 
jj1 = 906, max_th = 2.186491e+00, time=2025-04-08 13:44:18 
jj1 = 938, max_th = 1.566702e+00, time=2025-04-08 13:46:53 
jj1 = 922, max_th = 1.589034e+00, time=2025-04-08 13:47:46 
jj1 = 909, max_th = 2.306991e+00, time=2025-04-08 13:50:30 
jj1 = 951, max_th = 1.762275e+00, time=2025-04-08 13:50:36 
jj1 = 937, max_th = 2.849182e+00, time=2025-04-08 13:51:40 
jj1 = 928, max_th = 1.537737e+00, time=2025-04-08 13:53:37 
jj1 = 932, max_th = 1.951067e+00, time=2025-04-08 13:56:17 
jj1 = 956, max_th = 2.503922e+00, time=2025-04-08 13:58:01 
jj1 = 945, max_th = 2.039621e+00, time=2025-04-08 14:00:22 
jj1 = 940, max_th = 2.025132e+00, time=2025-04-08 14:01:03 
jj1 = 884, max_th = 1.890438e+00, time=2025-04-08 14:08:31 
jj1 = 905, max_th = 2.038331e+00, time=2025-04-08 14:09:57 
jj1 = 950, max_th = 2.488177e+00, time=2025-04-08 14:10:43 
jj1 = 914, max_th = 2.215368e+00, time=2025-04-08 14:16:07 
jj1 = 936, max_th = 2.032133e+00, time=2025-04-08 14:20:12 
jj1 = 927, max_th = 2.107568e+00, time=2025-04-08 14:23:48 
jj1 = 931, max_th = 2.115978e+00, time=2025-04-08 14:26:19 
jj1 = 921, max_th = 2.065265e+00, time=2025-04-08 14:27:36 
jj1 = 972, max_th = 1.875440e+00, time=2025-04-08 14:27:43 
jj1 = 944, max_th = 2.098007e+00, time=2025-04-08 14:28:37 
jj1 = 980, max_th = 3.160016e+00, time=2025-04-08 14:30:22 
jj1 = 883, max_th = 1.651338e+00, time=2025-04-08 14:30:47 
jj1 = 939, max_th = 1.715694e+00, time=2025-04-08 14:31:26 
jj1 = 955, max_th = 2.129670e+00, time=2025-04-08 14:33:16 
jj1 = 926, max_th = 2.826223e+00, time=2025-04-08 14:35:37 
jj1 = 949, max_th = 1.996571e+00, time=2025-04-08 14:37:27 
jj1 = 904, max_th = 1.617455e+00, time=2025-04-08 14:38:02 
jj1 = 960, max_th = 1.191243e+00, time=2025-04-08 14:42:39 
jj1 = 920, max_th = 1.899775e+00, time=2025-04-08 14:43:45 
jj1 = 979, max_th = 2.552327e+00, time=2025-04-08 14:45:02 
jj1 = 968, max_th = 1.681154e+00, time=2025-04-08 14:45:46 
jj1 = 925, max_th = 2.720023e+00, time=2025-04-08 14:47:22 
jj1 = 919, max_th = 1.053267e+00, time=2025-04-08 14:48:19 
jj1 = 935, max_th = 2.451536e+00, time=2025-04-08 14:49:28 
jj1 = 959, max_th = 2.747277e+00, time=2025-04-08 14:51:22 
jj1 = 882, max_th = 2.477530e+00, time=2025-04-08 14:51:29 
jj1 = 930, max_th = 2.260604e+00, time=2025-04-08 14:53:47 
jj1 = 984, max_th = 1.544262e+00, time=2025-04-08 14:57:29 
jj1 = 971, max_th = 1.666987e+00, time=2025-04-08 14:58:29 
jj1 = 954, max_th = 2.381843e+00, time=2025-04-08 14:58:30 
jj1 = 996, max_th = 1.546080e+00, time=2025-04-08 15:02:53 
jj1 = 978, max_th = 2.412917e+00, time=2025-04-08 15:03:11 
jj1 = 976, max_th = 2.018883e+00, time=2025-04-08 15:12:58 
jj1 = 924, max_th = 2.159663e+00, time=2025-04-08 15:13:57 
jj1 = 934, max_th = 2.309912e+00, time=2025-04-08 15:14:54 
jj1 = 967, max_th = 2.114559e+00, time=2025-04-08 15:15:43 
jj1 = 881, max_th = 1.470422e+00, time=2025-04-08 15:17:26 
jj1 = 995, max_th = 2.567900e+00, time=2025-04-08 15:18:08 
jj1 = 929, max_th = 1.590716e+00, time=2025-04-08 15:19:18 
jj1 = 958, max_th = 1.921524e+00, time=2025-04-08 15:21:17 
jj1 = 953, max_th = 1.754175e+00, time=2025-04-08 15:23:40 
jj1 = 983, max_th = 2.075992e+00, time=2025-04-08 15:24:33 
jj1 = 966, max_th = 1.178697e+00, time=2025-04-08 15:26:32 
jj1 = 970, max_th = 1.482010e+00, time=2025-04-08 15:27:10 
jj1 = 994, max_th = 2.669304e+00, time=2025-04-08 15:27:59 
jj1 = 975, max_th = 1.292061e+00, time=2025-04-08 15:30:46 
jj1 = 993, max_th = 1.021261e+00, time=2025-04-08 15:33:20 
jj1 = 977, max_th = 1.909843e+00, time=2025-04-08 15:33:46 
jj1 = 957, max_th = 1.122313e+00, time=2025-04-08 15:35:25 
jj1 = 974, max_th = 1.093058e+00, time=2025-04-08 15:35:59 
jj1 = 982, max_th = 1.410164e+00, time=2025-04-08 15:41:10 
jj1 = 880, max_th = 2.312776e+00, time=2025-04-08 15:41:42 
jj1 = 997, max_th = 2.127851e+00, time=2025-04-08 15:47:50 
jj1 = 992, max_th = 2.308904e+00, time=2025-04-08 15:48:35 
jj1 = 998, max_th = 2.341348e+00, time=2025-04-08 15:51:04 
jj1 = 969, max_th = 1.881149e+00, time=2025-04-08 15:53:16 
jj1 = 988, max_th = 2.191805e+00, time=2025-04-08 15:55:05 
jj1 = 981, max_th = 2.686226e+00, time=2025-04-08 15:55:30 
jj1 = 965, max_th = 1.879095e+00, time=2025-04-08 15:56:23 
jj1 = 1000, max_th = 3.954609e-03, time=2025-04-08 15:57:08 
jj1 = 991, max_th = 2.753469e+00, time=2025-04-08 15:58:34 
jj1 = 973, max_th = 2.174405e+00, time=2025-04-08 16:03:43 
jj1 = 879, max_th = 1.439681e+00, time=2025-04-08 16:06:43 
jj1 = 999, max_th = 1.287738e+00, time=2025-04-08 16:09:30 
jj1 = 990, max_th = 1.420257e+00, time=2025-04-08 16:11:53 
jj1 = 989, max_th = 3.313977e+00, time=2025-04-08 16:12:31 
jj1 = 987, max_th = 2.318655e+00, time=2025-04-08 16:15:49 
jj1 = 964, max_th = 2.063063e+00, time=2025-04-08 16:25:29 
jj1 = 963, max_th = 1.053596e+00, time=2025-04-08 16:30:53 
jj1 = 986, max_th = 2.096307e+00, time=2025-04-08 16:35:56 
jj1 = 985, max_th = 2.651130e+00, time=2025-04-08 16:40:57 
jj1 = 962, max_th = 2.031242e+00, time=2025-04-08 16:47:30 
jj1 = 961, max_th = 2.141796e+00, time=2025-04-08 16:56:02 
>> >> >> >> >> >> >> >> >> 