MATLAB is selecting SOFTWARE OPENGL rendering.

                            < M A T L A B (R) >
                  Copyright 1984-2021 The MathWorks, Inc.
                  R2021b (9.11.0.1769968) 64-bit (glnxa64)
                             September 17, 2021

 
To get started, type doc.
For product information, visit www.mathworks.com.
 
>> >> >> >> >> >> >> >> >> >> >> >> >> >> >> >> >> >> >> >> >> >> >> >> >> >> Starting parallel pool (parpool) using the 'local' profile ...
[Warning: A task was unexpectedly found in state: Unavailable.] 
[> In parallel.cluster.Local/deriveJobStateFromTasks (line 29)
In parallel.cluster/Local/getJobState (line 174)
In parallel.cluster/CJSCluster/hGetJobState (line 375)
In parallel.internal.cluster/CJSJobMixin/hGetStateEnum (line 175)
In parallel/Job/get.StateEnum (line 247)
In parallel/Job/get.State (line 239)
In parallel.internal.customattr.CustomGetSet>iVectorisedGetHelper (line 128)
In parallel.internal.customattr.CustomGetSet>@(a,b,c)iVectorisedGetHelper(obj,a,b,c) (line 102)
In parallel.internal.customattr/CustomGetSet/doVectorisedGet (line 103)
In parallel.internal.customattr/CustomGetSet/hVectorisedGet (line 76)
In parallel.internal.customattr.GetSetImpl>iAccessProperties (line 322)
In parallel.internal.customattr.GetSetImpl>iGetAllPropertiesVec (line 264)
In parallel.internal.customattr/GetSetImpl/getImpl (line 133)
In parallel.internal.customattr.CustomGetSet>iHetFunGetFunction (line 154)
In parallel.internal.customattr.CustomGetSet>@(o)iHetFunGetFunction(o,props) (line 139)
In parallel.internal.cluster.hetfun (line 46)
In parallel.internal.customattr.CustomGetSet>iHetFunGetProperty (line 139)
In parallel.internal.customattr/CustomGetSet/get (line 38)
In parallel.internal.pool/AbstractInteractiveClient/pRemoveOldJobs (line 211)
In parallel.internal.pool/AbstractInteractiveClient/start (line 103)
In parallel.internal.pool.AbstractClusterPool>iStartClient (line 831)
In parallel.internal.pool/AbstractClusterPool/hBuildPool (line 585)
In parallel.internal.pool.doParpool (line 22)
In parpool (line 123)
In parallel.internal.parpool.getOrCreateCurrentPool (line 17)
In parallel.internal.pool/PoolArrayManager/getOrAutoCreateWithCleanup (line 44)
In pctTryCreatePoolIfNecessary (line 28)
In parallel_function (line 423)] 
Connected to the parallel pool (number of workers: 12).
jj1 = 10, max_th = 2.922925e+00, time=2025-04-15 09:56:59 
jj1 = 50, max_th = 1.308871e+00, time=2025-04-15 10:03:24 
jj1 = 45, max_th = 2.433385e+00, time=2025-04-15 10:07:42 
jj1 = 15, max_th = 2.051686e+00, time=2025-04-15 10:10:23 
jj1 = 60, max_th = 1.569546e+00, time=2025-04-15 10:11:46 
jj1 = 40, max_th = 2.329689e+00, time=2025-04-15 10:12:06 
jj1 = 30, max_th = 2.084310e+00, time=2025-04-15 10:14:12 
jj1 = 9, max_th = 2.248815e+00, time=2025-04-15 10:14:48 
jj1 = 5, max_th = 2.182867e+00, time=2025-04-15 10:15:41 
jj1 = 25, max_th = 2.128968e+00, time=2025-04-15 10:15:44 
jj1 = 20, max_th = 2.022661e+00, time=2025-04-15 10:16:18 
jj1 = 35, max_th = 2.084628e+00, time=2025-04-15 10:16:39 
jj1 = 55, max_th = 2.139017e+00, time=2025-04-15 10:16:51 
jj1 = 14, max_th = 1.550140e+00, time=2025-04-15 10:20:19 
jj1 = 8, max_th = 1.428403e+00, time=2025-04-15 10:25:26 
jj1 = 54, max_th = 1.204823e+00, time=2025-04-15 10:26:21 
jj1 = 49, max_th = 1.927862e+00, time=2025-04-15 10:30:07 
jj1 = 44, max_th = 2.116359e+00, time=2025-04-15 10:30:43 
jj1 = 24, max_th = 2.463126e+00, time=2025-04-15 10:32:05 
jj1 = 39, max_th = 1.713821e+00, time=2025-04-15 10:33:08 
jj1 = 59, max_th = 1.901555e+00, time=2025-04-15 10:33:31 
jj1 = 19, max_th = 2.357589e+00, time=2025-04-15 10:34:24 
jj1 = 53, max_th = 1.147763e+00, time=2025-04-15 10:35:19 
jj1 = 29, max_th = 1.867540e+00, time=2025-04-15 10:36:08 
jj1 = 58, max_th = 1.183329e+00, time=2025-04-15 10:39:54 
jj1 = 4, max_th = 2.016181e+00, time=2025-04-15 10:40:37 
jj1 = 34, max_th = 2.223833e+00, time=2025-04-15 10:41:21 
jj1 = 33, max_th = -3.616985e-01, time=2025-04-15 10:41:32 
jj1 = 52, max_th = 1.172517e+00, time=2025-04-15 10:44:31 
jj1 = 13, max_th = 2.169555e+00, time=2025-04-15 10:46:04 
jj1 = 7, max_th = 1.726141e+00, time=2025-04-15 10:48:20 
jj1 = 28, max_th = 1.498257e+00, time=2025-04-15 10:48:46 
jj1 = 27, max_th = -4.014815e-02, time=2025-04-15 10:49:50 
jj1 = 6, max_th = 6.437581e-01, time=2025-04-15 10:50:01 
jj1 = 57, max_th = 1.599911e+00, time=2025-04-15 10:51:19 
jj1 = 23, max_th = 2.151405e+00, time=2025-04-15 10:52:51 
jj1 = 48, max_th = 2.173843e+00, time=2025-04-15 10:52:55 
jj1 = 43, max_th = 2.084900e+00, time=2025-04-15 10:53:13 
jj1 = 47, max_th = 7.100889e-01, time=2025-04-15 10:54:16 
jj1 = 38, max_th = 1.994977e+00, time=2025-04-15 10:56:06 
jj1 = 51, max_th = 1.380018e+00, time=2025-04-15 10:57:05 
jj1 = 42, max_th = 2.703840e+00, time=2025-04-15 10:58:22 
jj1 = 37, max_th = 8.073120e-01, time=2025-04-15 10:59:17 
jj1 = 138, max_th = 1.295395e+00, time=2025-04-15 10:59:30 
jj1 = 18, max_th = 2.006628e+00, time=2025-04-15 10:59:43 
jj1 = 3, max_th = 2.060924e+00, time=2025-04-15 11:01:33 
jj1 = 32, max_th = 2.375203e+00, time=2025-04-15 11:02:03 
jj1 = 17, max_th = 3.436226e-01, time=2025-04-15 11:06:07 
jj1 = 26, max_th = 1.588155e+00, time=2025-04-15 11:06:39 
jj1 = 22, max_th = 2.392770e+00, time=2025-04-15 11:08:07 
jj1 = 12, max_th = 1.843059e+00, time=2025-04-15 11:08:42 
jj1 = 31, max_th = 1.216960e+00, time=2025-04-15 11:10:25 
jj1 = 36, max_th = 1.408972e+00, time=2025-04-15 11:11:41 
jj1 = 56, max_th = 1.932416e+00, time=2025-04-15 11:14:25 
jj1 = 489, max_th = 1.669125e+00, time=2025-04-15 11:14:41 
jj1 = 46, max_th = 1.917037e+00, time=2025-04-15 11:17:00 
jj1 = 2, max_th = 1.637761e+00, time=2025-04-15 11:19:10 
jj1 = 137, max_th = 1.985849e+00, time=2025-04-15 11:19:12 
jj1 = 16, max_th = 2.423492e+00, time=2025-04-15 11:20:12 
jj1 = 41, max_th = 2.071548e+00, time=2025-04-15 11:22:49 
jj1 = 11, max_th = 2.352770e+00, time=2025-04-15 11:22:52 
jj1 = 21, max_th = 2.346733e+00, time=2025-04-15 11:23:42 
jj1 = 488, max_th = 2.687591e+00, time=2025-04-15 11:25:58 
jj1 = 487, max_th = -4.225215e-02, time=2025-04-15 11:27:01 
jj1 = 294, max_th = 2.030174e+00, time=2025-04-15 11:29:22 
jj1 = 255, max_th = 1.336607e+00, time=2025-04-15 11:34:11 
jj1 = 333, max_th = 1.880137e+00, time=2025-04-15 11:34:35 
jj1 = 528, max_th = 1.846183e+00, time=2025-04-15 11:34:46 
jj1 = 372, max_th = 1.882821e+00, time=2025-04-15 11:35:22 
jj1 = 450, max_th = 2.154563e+00, time=2025-04-15 11:36:41 
jj1 = 136, max_th = 2.048346e+00, time=2025-04-15 11:36:55 
jj1 = 1, max_th = 2.326355e+00, time=2025-04-15 11:40:39 
jj1 = 216, max_th = 2.336099e+00, time=2025-04-15 11:40:48 
jj1 = 293, max_th = 2.683835e+00, time=2025-04-15 11:41:33 
jj1 = 486, max_th = 1.950579e+00, time=2025-04-15 11:47:00 
jj1 = 177, max_th = 1.603936e+00, time=2025-04-15 11:48:23 
jj1 = 411, max_th = 2.190053e+00, time=2025-04-15 11:48:39 
jj1 = 176, max_th = 8.854436e-01, time=2025-04-15 11:56:46 
jj1 = 332, max_th = 2.523392e+00, time=2025-04-15 11:59:27 
jj1 = 135, max_th = 2.395203e+00, time=2025-04-15 12:03:15 
jj1 = 254, max_th = 1.661880e+00, time=2025-04-15 12:09:20 
jj1 = 527, max_th = 1.761289e+00, time=2025-04-15 12:11:44 
jj1 = 371, max_th = 1.746221e+00, time=2025-04-15 12:12:00 
jj1 = 449, max_th = 2.223056e+00, time=2025-04-15 12:12:36 
jj1 = 292, max_th = 2.457645e+00, time=2025-04-15 12:14:21 
jj1 = 215, max_th = 2.068424e+00, time=2025-04-15 12:23:15 
jj1 = 99, max_th = 2.145386e+00, time=2025-04-15 12:25:50 
jj1 = 485, max_th = 1.659713e+00, time=2025-04-15 12:26:49 
jj1 = 134, max_th = 1.473613e+00, time=2025-04-15 12:36:04 
jj1 = 448, max_th = 1.155600e+00, time=2025-04-15 12:38:52 
jj1 = 175, max_th = 1.717994e+00, time=2025-04-15 12:49:34 
jj1 = 253, max_th = 2.338521e+00, time=2025-04-15 12:49:48 
jj1 = 410, max_th = 1.912859e+00, time=2025-04-15 12:50:22 
jj1 = 447, max_th = 2.888795e+00, time=2025-04-15 12:51:16 
jj1 = 331, max_th = 2.151859e+00, time=2025-04-15 12:51:56 
jj1 = 291, max_th = 1.695231e+00, time=2025-04-15 12:54:40 
jj1 = 526, max_th = 2.045081e+00, time=2025-04-15 12:57:29 
jj1 = 446, max_th = 2.906076e+00, time=2025-04-15 13:00:15 
jj1 = 133, max_th = 1.325246e+00, time=2025-04-15 13:00:45 
jj1 = 98, max_th = 1.564962e+00, time=2025-04-15 13:02:23 
jj1 = 370, max_th = 2.139514e+00, time=2025-04-15 13:04:15 
jj1 = 484, max_th = 2.381761e+00, time=2025-04-15 13:06:07 
jj1 = 445, max_th = 2.942190e+00, time=2025-04-15 13:09:19 
jj1 = 214, max_th = 2.041158e+00, time=2025-04-15 13:16:55 
jj1 = 174, max_th = 2.509359e+00, time=2025-04-15 13:20:51 
jj1 = 330, max_th = 2.298902e+00, time=2025-04-15 13:31:55 
jj1 = 483, max_th = 2.541385e+00, time=2025-04-15 13:33:47 
jj1 = 409, max_th = 1.931802e+00, time=2025-04-15 13:34:57 
jj1 = 252, max_th = 1.763738e+00, time=2025-04-15 13:37:24 
jj1 = 132, max_th = 1.662486e+00, time=2025-04-15 13:40:12 
jj1 = 290, max_th = 1.771836e+00, time=2025-04-15 13:43:34 
jj1 = 369, max_th = 1.532056e+00, time=2025-04-15 13:43:59 
jj1 = 97, max_th = 2.196368e+00, time=2025-04-15 13:46:54 
jj1 = 444, max_th = 2.135707e+00, time=2025-04-15 13:52:40 
jj1 = 213, max_th = 2.303912e+00, time=2025-04-15 13:55:13 
jj1 = 525, max_th = 2.085762e+00, time=2025-04-15 13:58:08 
jj1 = 131, max_th = 1.355977e+00, time=2025-04-15 14:01:39 
jj1 = 173, max_th = 1.837050e+00, time=2025-04-15 14:09:04 
jj1 = 329, max_th = 2.320003e+00, time=2025-04-15 14:10:19 
jj1 = 482, max_th = 2.347055e+00, time=2025-04-15 14:19:22 
jj1 = 368, max_th = 2.339580e+00, time=2025-04-15 14:20:30 
jj1 = 408, max_th = 1.902496e+00, time=2025-04-15 14:21:44 
jj1 = 443, max_th = 1.936428e+00, time=2025-04-15 14:23:18 
jj1 = 251, max_th = 2.126143e+00, time=2025-04-15 14:32:02 
jj1 = 524, max_th = 1.586898e+00, time=2025-04-15 14:32:20 
jj1 = 130, max_th = 2.390391e+00, time=2025-04-15 14:34:46 
jj1 = 523, max_th = 3.062159e+00, time=2025-04-15 14:35:10 
jj1 = 289, max_th = 2.173315e+00, time=2025-04-15 14:36:00 
jj1 = 96, max_th = 1.910439e+00, time=2025-04-15 14:36:28 
jj1 = 407, max_th = 1.385886e+00, time=2025-04-15 14:40:11 
jj1 = 212, max_th = 1.973415e+00, time=2025-04-15 14:42:08 
jj1 = 367, max_th = 2.479372e+00, time=2025-04-15 14:42:36 
jj1 = 522, max_th = 8.866529e-01, time=2025-04-15 14:44:08 
jj1 = 172, max_th = 2.187574e+00, time=2025-04-15 14:45:40 
jj1 = 129, max_th = 2.683131e+00, time=2025-04-15 14:49:11 
jj1 = 328, max_th = 2.030862e+00, time=2025-04-15 14:49:29 
jj1 = 481, max_th = 1.954369e+00, time=2025-04-15 14:51:34 
jj1 = 521, max_th = 2.817365e+00, time=2025-04-15 14:51:56 
jj1 = 442, max_th = 1.946587e+00, time=2025-04-15 14:54:23 
jj1 = 95, max_th = 1.541335e+00, time=2025-04-15 14:55:25 
jj1 = 480, max_th = 3.023389e+00, time=2025-04-15 14:55:51 
jj1 = 250, max_th = 1.677418e+00, time=2025-04-15 14:56:50 
jj1 = 406, max_th = 1.611388e+00, time=2025-04-15 15:00:25 
jj1 = 288, max_th = 1.812521e+00, time=2025-04-15 15:02:35 
jj1 = 327, max_th = 2.618145e+00, time=2025-04-15 15:03:28 
jj1 = 479, max_th = 2.731759e+00, time=2025-04-15 15:06:05 
jj1 = 94, max_th = 1.294858e+00, time=2025-04-15 15:06:54 
jj1 = 171, max_th = 2.337122e+00, time=2025-04-15 15:08:20 
jj1 = 366, max_th = 2.261840e+00, time=2025-04-15 15:12:06 
jj1 = 211, max_th = 2.035077e+00, time=2025-04-15 15:12:56 
jj1 = 520, max_th = 2.326986e+00, time=2025-04-15 15:14:22 
jj1 = 441, max_th = 1.716687e+00, time=2025-04-15 15:14:29 
jj1 = 128, max_th = 1.533372e+00, time=2025-04-15 15:18:45 
jj1 = 249, max_th = 1.908230e+00, time=2025-04-15 15:22:03 
jj1 = 326, max_th = 1.427088e+00, time=2025-04-15 15:22:21 
jj1 = 287, max_th = 2.336449e+00, time=2025-04-15 15:25:17 
jj1 = 365, max_th = 1.274379e+00, time=2025-04-15 15:26:36 
jj1 = 478, max_th = 1.569485e+00, time=2025-04-15 15:29:52 
jj1 = 286, max_th = 1.162876e+00, time=2025-04-15 15:30:52 
jj1 = 440, max_th = 2.480209e+00, time=2025-04-15 15:31:56 
jj1 = 405, max_th = 2.216208e+00, time=2025-04-15 15:32:26 
jj1 = 93, max_th = 2.020290e+00, time=2025-04-15 15:36:37 
jj1 = 170, max_th = 1.992028e+00, time=2025-04-15 15:36:55 
jj1 = 285, max_th = 9.975872e-01, time=2025-04-15 15:37:59 
jj1 = 210, max_th = 1.915458e+00, time=2025-04-15 15:39:03 
jj1 = 519, max_th = 2.218236e+00, time=2025-04-15 15:41:02 
jj1 = 248, max_th = 1.592754e+00, time=2025-04-15 15:42:18 
jj1 = 364, max_th = 1.410854e+00, time=2025-04-15 15:45:07 
jj1 = 404, max_th = 2.601487e+00, time=2025-04-15 15:45:50 
jj1 = 284, max_th = 2.758939e+00, time=2025-04-15 15:46:41 
jj1 = 127, max_th = 2.009391e+00, time=2025-04-15 15:49:17 
jj1 = 325, max_th = 2.039919e+00, time=2025-04-15 15:51:54 
jj1 = 439, max_th = 2.378314e+00, time=2025-04-15 15:55:10 
jj1 = 477, max_th = 1.370786e+00, time=2025-04-15 15:55:37 
jj1 = 92, max_th = 2.098904e+00, time=2025-04-15 15:59:35 
jj1 = 247, max_th = 1.469679e+00, time=2025-04-15 16:01:39 
jj1 = 169, max_th = 1.809547e+00, time=2025-04-15 16:03:17 
jj1 = 324, max_th = 1.353625e+00, time=2025-04-15 16:05:31 
jj1 = 209, max_th = 1.911099e+00, time=2025-04-15 16:06:02 
jj1 = 363, max_th = 1.636060e+00, time=2025-04-15 16:06:40 
jj1 = 126, max_th = 2.349204e+00, time=2025-04-15 16:10:12 
jj1 = 283, max_th = 1.760920e+00, time=2025-04-15 16:11:47 
jj1 = 518, max_th = 2.071617e+00, time=2025-04-15 16:13:36 
jj1 = 403, max_th = 1.762796e+00, time=2025-04-15 16:16:11 
jj1 = 246, max_th = 2.481654e+00, time=2025-04-15 16:19:42 
jj1 = 208, max_th = 2.525235e+00, time=2025-04-15 16:23:06 
jj1 = 168, max_th = 2.420676e+00, time=2025-04-15 16:24:27 
jj1 = 476, max_th = 2.181698e+00, time=2025-04-15 16:24:49 
jj1 = 438, max_th = 2.067616e+00, time=2025-04-15 16:25:00 
jj1 = 245, max_th = 2.841049e+00, time=2025-04-15 16:26:26 
jj1 = 125, max_th = 1.401387e+00, time=2025-04-15 16:26:57 
jj1 = 244, max_th = 3.356487e+00, time=2025-04-15 16:27:01 
jj1 = 91, max_th = 1.969861e+00, time=2025-04-15 16:29:00 
jj1 = 362, max_th = 2.104772e+00, time=2025-04-15 16:35:29 
jj1 = 323, max_th = 2.013225e+00, time=2025-04-15 16:36:14 
jj1 = 282, max_th = 1.994125e+00, time=2025-04-15 16:38:01 
jj1 = 402, max_th = 1.694562e+00, time=2025-04-15 16:41:41 
jj1 = 517, max_th = 1.840520e+00, time=2025-04-15 16:42:20 
jj1 = 243, max_th = 2.612027e+00, time=2025-04-15 16:42:31 
jj1 = 437, max_th = 1.397820e+00, time=2025-04-15 16:45:30 
jj1 = 475, max_th = 2.457090e+00, time=2025-04-15 16:46:48 
jj1 = 401, max_th = 9.117486e-01, time=2025-04-15 16:50:06 
jj1 = 207, max_th = 1.582200e+00, time=2025-04-15 16:50:38 
jj1 = 400, max_th = 3.131776e+00, time=2025-04-15 16:52:30 
jj1 = 361, max_th = 1.454263e+00, time=2025-04-15 16:54:33 
jj1 = 167, max_th = 1.640895e+00, time=2025-04-15 16:55:26 
jj1 = 166, max_th = 3.551587e+00, time=2025-04-15 16:55:40 
jj1 = 124, max_th = 1.771043e+00, time=2025-04-15 16:59:28 
jj1 = 90, max_th = 1.705098e+00, time=2025-04-15 17:00:05 
jj1 = 516, max_th = 1.395814e+00, time=2025-04-15 17:00:55 
jj1 = 322, max_th = 2.269198e+00, time=2025-04-15 17:06:04 
jj1 = 360, max_th = 2.773502e+00, time=2025-04-15 17:07:32 
jj1 = 242, max_th = 2.461773e+00, time=2025-04-15 17:08:30 
jj1 = 281, max_th = 1.823531e+00, time=2025-04-15 17:12:24 
jj1 = 206, max_th = 1.544935e+00, time=2025-04-15 17:12:56 
jj1 = 241, max_th = 9.529997e-01, time=2025-04-15 17:13:48 
jj1 = 280, max_th = 8.702606e-01, time=2025-04-15 17:17:06 
jj1 = 474, max_th = 2.155293e+00, time=2025-04-15 17:17:47 
jj1 = 165, max_th = 2.357961e+00, time=2025-04-15 17:20:24 
jj1 = 123, max_th = 1.618362e+00, time=2025-04-15 17:22:40 
jj1 = 399, max_th = 2.321915e+00, time=2025-04-15 17:23:52 
jj1 = 436, max_th = 2.216092e+00, time=2025-04-15 17:26:50 
jj1 = 321, max_th = 1.953815e+00, time=2025-04-15 17:27:32 
jj1 = 359, max_th = 1.538396e+00, time=2025-04-15 17:27:38 
jj1 = 515, max_th = 1.926709e+00, time=2025-04-15 17:30:57 
jj1 = 89, max_th = 1.920513e+00, time=2025-04-15 17:32:16 
jj1 = 473, max_th = 2.712559e+00, time=2025-04-15 17:32:39 
jj1 = 398, max_th = 2.710000e+00, time=2025-04-15 17:35:41 
jj1 = 122, max_th = 2.399892e+00, time=2025-04-15 17:35:44 
jj1 = 320, max_th = 1.191529e+00, time=2025-04-15 17:38:33 
jj1 = 205, max_th = 2.007267e+00, time=2025-04-15 17:39:41 
jj1 = 472, max_th = 2.787524e+00, time=2025-04-15 17:40:14 
jj1 = 240, max_th = 1.994462e+00, time=2025-04-15 17:43:38 
jj1 = 279, max_th = 2.086369e+00, time=2025-04-15 17:44:09 
jj1 = 164, max_th = 1.931003e+00, time=2025-04-15 17:46:44 
jj1 = 435, max_th = 1.729692e+00, time=2025-04-15 17:48:45 
jj1 = 278, max_th = 2.744778e+00, time=2025-04-15 17:51:31 
jj1 = 358, max_th = 2.333219e+00, time=2025-04-15 17:51:35 
jj1 = 204, max_th = 2.465546e+00, time=2025-04-15 17:56:04 
jj1 = 514, max_th = 2.326803e+00, time=2025-04-15 17:56:04 
jj1 = 397, max_th = 1.742026e+00, time=2025-04-15 17:56:33 
jj1 = 471, max_th = 2.571230e+00, time=2025-04-15 17:57:59 
jj1 = 357, max_th = 1.146321e+00, time=2025-04-15 17:58:00 
jj1 = 88, max_th = 2.315619e+00, time=2025-04-15 18:00:42 
jj1 = 434, max_th = 1.402220e+00, time=2025-04-15 18:01:33 
jj1 = 121, max_th = 1.723220e+00, time=2025-04-15 18:02:06 
jj1 = 319, max_th = 1.754772e+00, time=2025-04-15 18:04:44 
jj1 = 470, max_th = 2.830554e+00, time=2025-04-15 18:05:23 
jj1 = 203, max_th = 1.446336e+00, time=2025-04-15 18:10:09 
jj1 = 163, max_th = 2.340403e+00, time=2025-04-15 18:10:22 
jj1 = 356, max_th = 2.484158e+00, time=2025-04-15 18:14:42 
jj1 = 469, max_th = 2.742608e+00, time=2025-04-15 18:15:26 
jj1 = 277, max_th = 1.985417e+00, time=2025-04-15 18:15:37 
jj1 = 162, max_th = 1.440469e+00, time=2025-04-15 18:18:35 
jj1 = 396, max_th = 1.845686e+00, time=2025-04-15 18:19:02 
jj1 = 120, max_th = 1.701361e+00, time=2025-04-15 18:23:03 
jj1 = 513, max_th = 2.110765e+00, time=2025-04-15 18:24:01 
jj1 = 433, max_th = 1.982592e+00, time=2025-04-15 18:28:50 
jj1 = 87, max_th = 2.114505e+00, time=2025-04-15 18:30:19 
jj1 = 318, max_th = 2.323485e+00, time=2025-04-15 18:30:46 
jj1 = 202, max_th = 2.398215e+00, time=2025-04-15 18:31:20 
jj1 = 468, max_th = 2.222612e+00, time=2025-04-15 18:36:41 
jj1 = 239, max_th = 1.042199e+00, time=2025-04-15 18:41:07 
jj1 = 512, max_th = 2.462429e+00, time=2025-04-15 18:41:10 
jj1 = 395, max_th = 1.708748e+00, time=2025-04-15 18:41:16 
jj1 = 355, max_th = 1.630303e+00, time=2025-04-15 18:42:07 
jj1 = 276, max_th = 2.083560e+00, time=2025-04-15 18:44:23 
jj1 = 119, max_th = 2.095033e+00, time=2025-04-15 18:48:18 
jj1 = 161, max_th = 2.012020e+00, time=2025-04-15 18:49:52 
jj1 = 275, max_th = 2.751428e+00, time=2025-04-15 18:52:23 
jj1 = 86, max_th = 1.756024e+00, time=2025-04-15 18:55:26 
jj1 = 317, max_th = 1.957223e+00, time=2025-04-15 18:57:08 
jj1 = 432, max_th = 2.000662e+00, time=2025-04-15 18:57:11 
jj1 = 201, max_th = 2.236822e+00, time=2025-04-15 18:57:20 
jj1 = 354, max_th = 2.484453e+00, time=2025-04-15 18:59:48 
jj1 = 467, max_th = 1.786769e+00, time=2025-04-15 19:00:19 
jj1 = 85, max_th = 2.850817e+00, time=2025-04-15 19:01:07 
jj1 = 160, max_th = 1.343573e+00, time=2025-04-15 19:01:13 
jj1 = 431, max_th = 2.925892e+00, time=2025-04-15 19:02:18 
jj1 = 118, max_th = 1.469100e+00, time=2025-04-15 19:04:36 
jj1 = 316, max_th = 1.007769e+00, time=2025-04-15 19:05:00 
jj1 = 274, max_th = 2.562311e+00, time=2025-04-15 19:07:23 
jj1 = 511, max_th = 2.011208e+00, time=2025-04-15 19:07:49 
jj1 = 394, max_th = 1.876480e+00, time=2025-04-15 19:08:58 
jj1 = 466, max_th = 1.600016e+00, time=2025-04-15 19:10:59 
jj1 = 84, max_th = 2.412505e+00, time=2025-04-15 19:14:32 
jj1 = 510, max_th = 1.198077e+00, time=2025-04-15 19:16:19 
jj1 = 430, max_th = 2.455867e+00, time=2025-04-15 19:19:00 
jj1 = 238, max_th = 1.689041e+00, time=2025-04-15 19:19:39 
jj1 = 159, max_th = 2.427348e+00, time=2025-04-15 19:21:35 
jj1 = 273, max_th = 2.505715e+00, time=2025-04-15 19:24:27 
jj1 = 200, max_th = 2.073908e+00, time=2025-04-15 19:25:18 
jj1 = 353, max_th = 2.065716e+00, time=2025-04-15 19:25:32 
jj1 = 117, max_th = 2.153197e+00, time=2025-04-15 19:26:12 
jj1 = 315, max_th = 2.062213e+00, time=2025-04-15 19:27:12 
jj1 = 429, max_th = 2.681563e+00, time=2025-04-15 19:28:30 
jj1 = 116, max_th = 8.812040e-01, time=2025-04-15 19:29:03 
jj1 = 237, max_th = 1.407976e+00, time=2025-04-15 19:32:16 
jj1 = 465, max_th = 1.594143e+00, time=2025-04-15 19:32:45 
jj1 = 393, max_th = 2.166947e+00, time=2025-04-15 19:34:01 
jj1 = 236, max_th = 3.115805e+00, time=2025-04-15 19:34:29 
jj1 = 352, max_th = 2.729299e+00, time=2025-04-15 19:35:22 
jj1 = 351, max_th = 5.519170e-01, time=2025-04-15 19:37:05 
jj1 = 314, max_th = 2.633876e+00, time=2025-04-15 19:39:36 
jj1 = 83, max_th = 2.106136e+00, time=2025-04-15 19:40:36 
jj1 = 509, max_th = 2.010857e+00, time=2025-04-15 19:43:58 
jj1 = 158, max_th = 2.320855e+00, time=2025-04-15 19:44:47 
jj1 = 272, max_th = 1.562082e+00, time=2025-04-15 19:48:39 
jj1 = 428, max_th = 2.290669e+00, time=2025-04-15 19:49:05 
jj1 = 199, max_th = 2.270990e+00, time=2025-04-15 19:49:44 
jj1 = 115, max_th = 1.722009e+00, time=2025-04-15 19:52:09 
jj1 = 464, max_th = 1.559253e+00, time=2025-04-15 19:53:03 
jj1 = 313, max_th = 1.468073e+00, time=2025-04-15 19:53:35 
jj1 = 508, max_th = 1.288827e+00, time=2025-04-15 19:55:41 
jj1 = 271, max_th = 1.255093e+00, time=2025-04-15 19:56:16 
jj1 = 392, max_th = 1.722237e+00, time=2025-04-15 19:57:43 
jj1 = 312, max_th = 9.831184e-01, time=2025-04-15 19:58:08 
jj1 = 82, max_th = 1.519066e+00, time=2025-04-15 19:58:54 
jj1 = 235, max_th = 1.862478e+00, time=2025-04-15 19:59:56 
jj1 = 157, max_th = 2.408498e+00, time=2025-04-15 20:02:27 
jj1 = 198, max_th = 1.459477e+00, time=2025-04-15 20:03:24 
jj1 = 114, max_th = 1.169874e+00, time=2025-04-15 20:04:17 
jj1 = 427, max_th = 1.502646e+00, time=2025-04-15 20:05:41 
jj1 = 463, max_th = 2.596058e+00, time=2025-04-15 20:07:21 
jj1 = 391, max_th = 2.555663e+00, time=2025-04-15 20:08:59 
jj1 = 507, max_th = 2.552370e+00, time=2025-04-15 20:09:33 
jj1 = 350, max_th = 1.922190e+00, time=2025-04-15 20:09:34 
jj1 = 81, max_th = 1.180276e+00, time=2025-04-15 20:11:24 
jj1 = 426, max_th = 1.349925e+00, time=2025-04-15 20:15:17 
jj1 = 270, max_th = 2.304760e+00, time=2025-04-15 20:15:58 
jj1 = 113, max_th = 2.302551e+00, time=2025-04-15 20:24:54 
jj1 = 425, max_th = 1.330809e+00, time=2025-04-15 20:27:39 
jj1 = 234, max_th = 1.988310e+00, time=2025-04-15 20:27:41 
jj1 = 197, max_th = 2.288588e+00, time=2025-04-15 20:29:29 
jj1 = 462, max_th = 1.846888e+00, time=2025-04-15 20:31:09 
jj1 = 311, max_th = 2.091983e+00, time=2025-04-15 20:31:33 
jj1 = 349, max_th = 2.273771e+00, time=2025-04-15 20:32:36 
jj1 = 390, max_th = 2.185794e+00, time=2025-04-15 20:33:25 
jj1 = 156, max_th = 2.106230e+00, time=2025-04-15 20:33:46 
jj1 = 80, max_th = 1.680642e+00, time=2025-04-15 20:35:14 
jj1 = 269, max_th = 1.882979e+00, time=2025-04-15 20:35:49 
jj1 = 506, max_th = 1.956620e+00, time=2025-04-15 20:37:28 
jj1 = 461, max_th = 2.604729e+00, time=2025-04-15 20:44:37 
jj1 = 112, max_th = 1.761873e+00, time=2025-04-15 20:45:12 
jj1 = 424, max_th = 1.535960e+00, time=2025-04-15 20:46:18 
jj1 = 348, max_th = 2.558065e+00, time=2025-04-15 20:46:23 
jj1 = 233, max_th = 2.421180e+00, time=2025-04-15 20:49:15 
jj1 = 196, max_th = 1.445094e+00, time=2025-04-15 20:49:35 
jj1 = 389, max_th = 2.340578e+00, time=2025-04-15 20:54:06 
jj1 = 268, max_th = 2.293650e+00, time=2025-04-15 20:57:43 
jj1 = 505, max_th = 1.952962e+00, time=2025-04-15 20:58:13 
jj1 = 79, max_th = 2.334333e+00, time=2025-04-15 20:59:05 
jj1 = 155, max_th = 1.814959e+00, time=2025-04-15 21:00:34 
jj1 = 460, max_th = 2.579269e+00, time=2025-04-15 21:01:08 
jj1 = 310, max_th = 2.017210e+00, time=2025-04-15 21:04:41 
jj1 = 423, max_th = 2.381411e+00, time=2025-04-15 21:05:05 
jj1 = 195, max_th = 2.469984e+00, time=2025-04-15 21:05:07 
jj1 = 111, max_th = 2.089527e+00, time=2025-04-15 21:06:55 
jj1 = 232, max_th = 1.585277e+00, time=2025-04-15 21:07:37 
jj1 = 459, max_th = 2.828966e+00, time=2025-04-15 21:09:19 
jj1 = 347, max_th = 2.288781e+00, time=2025-04-15 21:10:18 
jj1 = 154, max_th = 2.714262e+00, time=2025-04-15 21:10:19 
jj1 = 267, max_th = 2.050192e+00, time=2025-04-15 21:15:20 
jj1 = 388, max_th = 1.897408e+00, time=2025-04-15 21:17:15 
jj1 = 78, max_th = 2.404792e+00, time=2025-04-15 21:18:06 
jj1 = 422, max_th = 1.361989e+00, time=2025-04-15 21:19:07 
jj1 = 504, max_th = 1.639806e+00, time=2025-04-15 21:21:22 
jj1 = 110, max_th = 2.470572e+00, time=2025-04-15 21:24:45 
jj1 = 109, max_th = 3.256953e+00, time=2025-04-15 21:25:40 
jj1 = 309, max_th = 2.416716e+00, time=2025-04-15 21:27:26 
jj1 = 194, max_th = 1.788646e+00, time=2025-04-15 21:27:48 
jj1 = 346, max_th = 1.379280e+00, time=2025-04-15 21:28:17 
jj1 = 77, max_th = 2.616396e+00, time=2025-04-15 21:32:08 
jj1 = 458, max_th = 1.894460e+00, time=2025-04-15 21:35:26 
jj1 = 193, max_th = 1.189184e+00, time=2025-04-15 21:36:06 
jj1 = 387, max_th = 1.573859e+00, time=2025-04-15 21:36:39 
jj1 = 153, max_th = 2.130271e+00, time=2025-04-15 21:38:06 
jj1 = 266, max_th = 2.244777e+00, time=2025-04-15 21:38:05 
jj1 = 231, max_th = 1.970899e+00, time=2025-04-15 21:40:57 
jj1 = 421, max_th = 2.366766e+00, time=2025-04-15 21:41:05 
jj1 = 152, max_th = 8.182426e-01, time=2025-04-15 21:43:05 
jj1 = 108, max_th = 1.512638e+00, time=2025-04-15 21:44:16 
jj1 = 386, max_th = 2.543435e+00, time=2025-04-15 21:44:49 
jj1 = 503, max_th = 1.866629e+00, time=2025-04-15 21:45:30 
jj1 = 385, max_th = 2.843632e+00, time=2025-04-15 21:50:40 
jj1 = 230, max_th = 2.665344e+00, time=2025-04-15 21:52:24 
jj1 = 265, max_th = 2.489515e+00, time=2025-04-15 21:53:16 
jj1 = 76, max_th = 2.199098e+00, time=2025-04-15 21:53:47 
jj1 = 192, max_th = 1.594894e+00, time=2025-04-15 21:54:55 
jj1 = 308, max_th = 2.118239e+00, time=2025-04-15 21:55:18 
jj1 = 345, max_th = 1.980732e+00, time=2025-04-15 21:57:38 
jj1 = 384, max_th = 1.300895e+00, time=2025-04-15 22:00:44 
jj1 = 457, max_th = 1.851849e+00, time=2025-04-15 22:00:47 
jj1 = 107, max_th = 1.606338e+00, time=2025-04-15 22:01:06 
jj1 = 502, max_th = 1.603356e+00, time=2025-04-15 22:03:33 
jj1 = 420, max_th = 1.739175e+00, time=2025-04-15 22:04:24 
jj1 = 191, max_th = 2.706197e+00, time=2025-04-15 22:04:31 
jj1 = 264, max_th = 2.636525e+00, time=2025-04-15 22:04:53 
jj1 = 151, max_th = 1.772907e+00, time=2025-04-15 22:06:00 
jj1 = 419, max_th = 3.036554e+00, time=2025-04-15 22:08:02 
jj1 = 150, max_th = 2.879395e+00, time=2025-04-15 22:12:02 
jj1 = 307, max_th = 2.409772e+00, time=2025-04-15 22:16:06 
jj1 = 75, max_th = 1.627926e+00, time=2025-04-15 22:17:39 
jj1 = 344, max_th = 1.643685e+00, time=2025-04-15 22:19:20 
jj1 = 418, max_th = 1.289933e+00, time=2025-04-15 22:19:28 
jj1 = 229, max_th = 2.070794e+00, time=2025-04-15 22:19:56 
jj1 = 106, max_th = 1.408703e+00, time=2025-04-15 22:20:34 
jj1 = 343, max_th = 7.174259e-01, time=2025-04-15 22:22:37 
jj1 = 190, max_th = 2.296900e+00, time=2025-04-15 22:24:37 
jj1 = 383, max_th = 1.876427e+00, time=2025-04-15 22:26:31 
jj1 = 149, max_th = 1.418931e+00, time=2025-04-15 22:28:03 
jj1 = 263, max_th = 2.117748e+00, time=2025-04-15 22:28:45 
jj1 = 456, max_th = 2.067056e+00, time=2025-04-15 22:31:13 
jj1 = 148, max_th = 9.184294e-01, time=2025-04-15 22:32:09 
jj1 = 501, max_th = 1.873434e+00, time=2025-04-15 22:33:34 
jj1 = 382, max_th = 1.121603e+00, time=2025-04-15 22:34:23 
jj1 = 228, max_th = 2.675229e+00, time=2025-04-15 22:34:44 
jj1 = 105, max_th = 2.291412e+00, time=2025-04-15 22:40:32 
jj1 = 500, max_th = 1.173166e+00, time=2025-04-15 22:41:26 
jj1 = 306, max_th = 1.975326e+00, time=2025-04-15 22:43:28 
jj1 = 74, max_th = 1.795580e+00, time=2025-04-15 22:44:45 
jj1 = 417, max_th = 2.140734e+00, time=2025-04-15 22:45:31 
jj1 = 147, max_th = 1.605704e+00, time=2025-04-15 22:47:45 
jj1 = 227, max_th = 1.361213e+00, time=2025-04-15 22:51:07 
jj1 = 342, max_th = 1.914286e+00, time=2025-04-15 22:51:34 
jj1 = 189, max_th = 2.094437e+00, time=2025-04-15 22:53:39 
jj1 = 262, max_th = 1.788434e+00, time=2025-04-15 22:55:00 
jj1 = 73, max_th = 1.359304e+00, time=2025-04-15 22:56:34 
jj1 = 499, max_th = 1.677658e+00, time=2025-04-15 22:57:09 
jj1 = 381, max_th = 2.323844e+00, time=2025-04-15 22:58:43 
jj1 = 104, max_th = 2.308695e+00, time=2025-04-15 22:58:46 
jj1 = 416, max_th = 1.413690e+00, time=2025-04-15 23:01:24 
jj1 = 455, max_th = 2.039281e+00, time=2025-04-15 23:03:52 
jj1 = 341, max_th = 2.438924e+00, time=2025-04-15 23:11:58 
jj1 = 188, max_th = 2.149640e+00, time=2025-04-15 23:12:15 
jj1 = 146, max_th = 1.731606e+00, time=2025-04-15 23:12:18 
jj1 = 340, max_th = 3.118880e+00, time=2025-04-15 23:13:31 
jj1 = 305, max_th = 2.037277e+00, time=2025-04-15 23:17:03 
jj1 = 380, max_th = 2.255140e+00, time=2025-04-15 23:19:52 
jj1 = 226, max_th = 2.190491e+00, time=2025-04-15 23:20:18 
jj1 = 187, max_th = 1.105586e+00, time=2025-04-15 23:20:29 
jj1 = 261, max_th = 1.881977e+00, time=2025-04-15 23:22:32 
jj1 = 415, max_th = 1.570074e+00, time=2025-04-15 23:23:05 
jj1 = 72, max_th = 1.893374e+00, time=2025-04-15 23:23:21 
jj1 = 339, max_th = 2.770949e+00, time=2025-04-15 23:23:25 
jj1 = 103, max_th = 2.172637e+00, time=2025-04-15 23:24:22 
jj1 = 338, max_th = 5.549933e-01, time=2025-04-15 23:25:05 
jj1 = 498, max_th = 1.891088e+00, time=2025-04-15 23:26:26 
jj1 = 454, max_th = 2.384345e+00, time=2025-04-15 23:28:45 
jj1 = 304, max_th = 2.662002e+00, time=2025-04-15 23:28:48 
jj1 = 145, max_th = 1.862033e+00, time=2025-04-15 23:36:53 
jj1 = 414, max_th = 1.368161e+00, time=2025-04-15 23:37:53 
jj1 = 186, max_th = 2.398216e+00, time=2025-04-15 23:38:23 
jj1 = 303, max_th = 2.666252e+00, time=2025-04-15 23:39:54 
jj1 = 225, max_th = 1.633332e+00, time=2025-04-15 23:40:40 
jj1 = 71, max_th = 2.441217e+00, time=2025-04-15 23:42:09 
jj1 = 379, max_th = 2.210129e+00, time=2025-04-15 23:43:37 
jj1 = 302, max_th = 9.200068e-01, time=2025-04-15 23:45:05 
jj1 = 453, max_th = 2.447849e+00, time=2025-04-15 23:46:02 
jj1 = 452, max_th = -3.008115e-01, time=2025-04-15 23:46:21 
jj1 = 102, max_th = 1.809086e+00, time=2025-04-15 23:48:29 
jj1 = 260, max_th = 2.177806e+00, time=2025-04-15 23:49:10 
jj1 = 337, max_th = 2.001048e+00, time=2025-04-15 23:51:57 
jj1 = 224, max_th = 1.550191e+00, time=2025-04-15 23:52:59 
jj1 = 497, max_th = 1.983960e+00, time=2025-04-15 23:54:02 
jj1 = 413, max_th = 1.463407e+00, time=2025-04-15 23:56:41 
jj1 = 336, max_th = 2.868554e+00, time=2025-04-15 23:57:02 
jj1 = 144, max_th = 1.963959e+00, time=2025-04-16 00:00:56 
jj1 = 378, max_th = 2.413419e+00, time=2025-04-16 00:02:15 
jj1 = 496, max_th = 1.209751e+00, time=2025-04-16 00:03:46 
jj1 = 185, max_th = 2.063185e+00, time=2025-04-16 00:06:06 
jj1 = 451, max_th = 1.597803e+00, time=2025-04-16 00:07:03 
jj1 = 70, max_th = 1.821408e+00, time=2025-04-16 00:07:35 
jj1 = 184, max_th = 8.437440e-01, time=2025-04-16 00:09:39 
jj1 = 259, max_th = 2.147241e+00, time=2025-04-16 00:11:40 
jj1 = 223, max_th = 1.603988e+00, time=2025-04-16 00:11:57 
jj1 = 301, max_th = 2.127469e+00, time=2025-04-16 00:12:29 
jj1 = 101, max_th = 1.681599e+00, time=2025-04-16 00:13:15 
jj1 = 183, max_th = 1.009188e+00, time=2025-04-16 00:15:23 
jj1 = 568, max_th = 2.669537e+00, time=2025-04-16 00:15:50 
jj1 = 182, max_th = 3.078406e+00, time=2025-04-16 00:17:48 
jj1 = 335, max_th = 2.051043e+00, time=2025-04-16 00:19:14 
jj1 = 69, max_th = 1.347086e+00, time=2025-04-16 00:21:53 
jj1 = 377, max_th = 1.851492e+00, time=2025-04-16 00:22:27 
jj1 = 300, max_th = 1.299496e+00, time=2025-04-16 00:22:43 
jj1 = 143, max_th = 1.853564e+00, time=2025-04-16 00:23:26 
jj1 = 495, max_th = 1.568681e+00, time=2025-04-16 00:23:46 
jj1 = 412, max_th = 1.930800e+00, time=2025-04-16 00:24:00 
jj1 = 222, max_th = 2.457112e+00, time=2025-04-16 00:28:18 
jj1 = 68, max_th = 2.743419e+00, time=2025-04-16 00:30:44 
jj1 = 376, max_th = 1.230117e+00, time=2025-04-16 00:34:00 
jj1 = 494, max_th = 1.289002e+00, time=2025-04-16 00:34:40 
jj1 = 142, max_th = 1.175009e+00, time=2025-04-16 00:34:43 
jj1 = 299, max_th = 1.313489e+00, time=2025-04-16 00:36:06 
jj1 = 100, max_th = 2.264452e+00, time=2025-04-16 00:37:29 
jj1 = 67, max_th = 1.240300e+00, time=2025-04-16 00:40:01 
jj1 = 221, max_th = 2.638190e+00, time=2025-04-16 00:40:34 
jj1 = 258, max_th = 1.869890e+00, time=2025-04-16 00:42:00 
jj1 = 567, max_th = 1.868159e+00, time=2025-04-16 00:43:27 
jj1 = 668, max_th = 2.252344e+00, time=2025-04-16 00:43:53 
jj1 = 181, max_th = 2.018676e+00, time=2025-04-16 00:44:25 
jj1 = 334, max_th = 2.172013e+00, time=2025-04-16 00:44:27 
jj1 = 141, max_th = 1.465261e+00, time=2025-04-16 00:50:23 
jj1 = 493, max_th = 2.398132e+00, time=2025-04-16 00:51:50 
jj1 = 257, max_th = 1.445837e+00, time=2025-04-16 00:53:47 
jj1 = 220, max_th = 1.373066e+00, time=2025-04-16 00:56:48 
jj1 = 298, max_th = 2.302016e+00, time=2025-04-16 00:57:48 
jj1 = 566, max_th = 2.448511e+00, time=2025-04-16 00:58:22 
jj1 = 628, max_th = 2.603005e+00, time=2025-04-16 00:58:47 
jj1 = 375, max_th = 2.040346e+00, time=2025-04-16 01:00:06 
jj1 = 66, max_th = 2.324084e+00, time=2025-04-16 01:01:01 
jj1 = 667, max_th = 2.391844e+00, time=2025-04-16 01:01:14 
jj1 = 548, max_th = 2.029629e+00, time=2025-04-16 01:03:59 
jj1 = 666, max_th = 3.045749e+00, time=2025-04-16 01:04:19 
jj1 = 180, max_th = 1.696766e+00, time=2025-04-16 01:08:01 
jj1 = 627, max_th = 1.002713e+00, time=2025-04-16 01:08:59 
jj1 = 140, max_th = 2.341980e+00, time=2025-04-16 01:13:32 
jj1 = 374, max_th = 2.050677e+00, time=2025-04-16 01:15:48 
jj1 = 626, max_th = 1.075057e+00, time=2025-04-16 01:17:39 
jj1 = 492, max_th = 2.132683e+00, time=2025-04-16 01:20:40 
jj1 = 665, max_th = 2.440190e+00, time=2025-04-16 01:21:35 
jj1 = 256, max_th = 1.921106e+00, time=2025-04-16 01:21:46 
jj1 = 297, max_th = 2.090073e+00, time=2025-04-16 01:22:00 
jj1 = 65, max_th = 2.252716e+00, time=2025-04-16 01:23:59 
jj1 = 64, max_th = -1.730860e-01, time=2025-04-16 01:24:37 
jj1 = 565, max_th = 1.809146e+00, time=2025-04-16 01:25:15 
jj1 = 219, max_th = 1.779503e+00, time=2025-04-16 01:29:02 
jj1 = 547, max_th = 1.942401e+00, time=2025-04-16 01:30:40 
jj1 = 179, max_th = 2.190783e+00, time=2025-04-16 01:31:31 
jj1 = 664, max_th = 1.220402e+00, time=2025-04-16 01:32:42 
jj1 = 588, max_th = 2.438799e+00, time=2025-04-16 01:36:06 
jj1 = 625, max_th = 2.383848e+00, time=2025-04-16 01:39:10 
jj1 = 373, max_th = 1.680135e+00, time=2025-04-16 01:39:28 
jj1 = 139, max_th = 2.007352e+00, time=2025-04-16 01:40:27 
jj1 = 491, max_th = 2.312248e+00, time=2025-04-16 01:42:26 
jj1 = 728, max_th = 2.952173e+00, time=2025-04-16 01:44:00 
jj1 = 63, max_th = 1.522438e+00, time=2025-04-16 01:44:45 
jj1 = 296, max_th = 2.175145e+00, time=2025-04-16 01:46:16 
jj1 = 564, max_th = 1.949427e+00, time=2025-04-16 01:46:24 
jj1 = 218, max_th = 1.492187e+00, time=2025-04-16 01:48:56 
jj1 = 62, max_th = 3.588784e+00, time=2025-04-16 01:49:59 
jj1 = 663, max_th = 2.412238e+00, time=2025-04-16 01:50:09 
jj1 = 178, max_th = 1.614717e+00, time=2025-04-16 01:52:46 
jj1 = 546, max_th = 2.284487e+00, time=2025-04-16 01:54:17 
jj1 = 217, max_th = 2.895154e+00, time=2025-04-16 01:58:15 
jj1 = 587, max_th = 2.285115e+00, time=2025-04-16 01:59:39 
jj1 = 708, max_th = 1.999237e+00, time=2025-04-16 02:00:09 
jj1 = 624, max_th = 1.998324e+00, time=2025-04-16 02:03:18 
jj1 = 662, max_th = 2.769220e+00, time=2025-04-16 02:04:52 
jj1 = 61, max_th = 1.463610e+00, time=2025-04-16 02:07:22 
jj1 = 295, max_th = 1.793921e+00, time=2025-04-16 02:11:08 
jj1 = 727, max_th = 2.240323e+00, time=2025-04-16 02:11:20 
jj1 = 490, max_th = 1.982066e+00, time=2025-04-16 02:11:22 
jj1 = 545, max_th = 2.397941e+00, time=2025-04-16 02:11:23 
jj1 = 688, max_th = 2.406831e+00, time=2025-04-16 02:12:22 
jj1 = 608, max_th = -2.042253e-02, time=2025-04-16 02:12:25 
jj1 = 707, max_th = 1.457750e+00, time=2025-04-16 02:15:55 
jj1 = 563, max_th = 1.922207e+00, time=2025-04-16 02:17:57 
jj1 = 586, max_th = 2.417412e+00, time=2025-04-16 02:20:53 
jj1 = 661, max_th = 2.454581e+00, time=2025-04-16 02:23:44 
jj1 = 562, max_th = 1.017339e+00, time=2025-04-16 02:24:46 
jj1 = 623, max_th = 1.783385e+00, time=2025-04-16 02:28:27 
jj1 = 748, max_th = 2.181098e+00, time=2025-04-16 02:28:35 
jj1 = 768, max_th = 2.287858e+00, time=2025-04-16 02:31:18 
jj1 = 607, max_th = 1.949828e+00, time=2025-04-16 02:31:57 
jj1 = 648, max_th = 1.656890e+00, time=2025-04-16 02:33:07 
jj1 = 687, max_th = 2.178172e+00, time=2025-04-16 02:33:12 
jj1 = 726, max_th = 2.368241e+00, time=2025-04-16 02:33:36 
jj1 = 561, max_th = 1.196604e+00, time=2025-04-16 02:34:10 
jj1 = 747, max_th = 9.165992e-01, time=2025-04-16 02:34:19 
jj1 = 725, max_th = -1.196028e-01, time=2025-04-16 02:34:24 
jj1 = 606, max_th = 8.044479e-01, time=2025-04-16 02:35:57 
jj1 = 544, max_th = 2.064400e+00, time=2025-04-16 02:38:03 
jj1 = 706, max_th = 1.585587e+00, time=2025-04-16 02:38:06 
jj1 = 622, max_th = 1.224957e+00, time=2025-04-16 02:38:25 
jj1 = 660, max_th = 1.356906e+00, time=2025-04-16 02:43:05 
jj1 = 746, max_th = 1.164902e+00, time=2025-04-16 02:45:54 
jj1 = 585, max_th = 2.041884e+00, time=2025-04-16 02:46:44 
jj1 = 767, max_th = 1.397272e+00, time=2025-04-16 02:47:10 
jj1 = 686, max_th = 1.743123e+00, time=2025-04-16 02:54:56 
jj1 = 766, max_th = 2.597945e+00, time=2025-04-16 02:55:12 
jj1 = 560, max_th = 1.616488e+00, time=2025-04-16 02:55:36 
jj1 = 647, max_th = 1.822057e+00, time=2025-04-16 02:56:39 
jj1 = 605, max_th = 1.746653e+00, time=2025-04-16 02:57:56 
jj1 = 543, max_th = 2.259384e+00, time=2025-04-16 03:01:16 
jj1 = 584, max_th = 1.335311e+00, time=2025-04-16 03:01:36 
jj1 = 621, max_th = 2.239725e+00, time=2025-04-16 03:02:35 
jj1 = 765, max_th = 1.078179e+00, time=2025-04-16 03:04:33 
jj1 = 745, max_th = 2.344450e+00, time=2025-04-16 03:05:57 
jj1 = 744, max_th = -1.602753e-01, time=2025-04-16 03:06:50 
jj1 = 724, max_th = 2.079961e+00, time=2025-04-16 03:08:54 
jj1 = 559, max_th = 2.448896e+00, time=2025-04-16 03:09:25 
jj1 = 764, max_th = 2.928024e+00, time=2025-04-16 03:10:16 
jj1 = 659, max_th = 2.243481e+00, time=2025-04-16 03:10:51 
jj1 = 604, max_th = 2.335474e+00, time=2025-04-16 03:18:38 
jj1 = 542, max_th = 1.433669e+00, time=2025-04-16 03:20:44 
jj1 = 685, max_th = 2.158046e+00, time=2025-04-16 03:21:08 
jj1 = 620, max_th = 1.513032e+00, time=2025-04-16 03:21:21 
jj1 = 705, max_th = 2.220268e+00, time=2025-04-16 03:21:49 
jj1 = 646, max_th = 2.067871e+00, time=2025-04-16 03:23:28 
jj1 = 583, max_th = 2.193100e+00, time=2025-04-16 03:26:06 
jj1 = 723, max_th = 1.497262e+00, time=2025-04-16 03:26:58 
jj1 = 558, max_th = 1.615065e+00, time=2025-04-16 03:28:16 
jj1 = 557, max_th = 5.978447e-01, time=2025-04-16 03:29:41 
jj1 = 722, max_th = 2.914670e+00, time=2025-04-16 03:31:21 
jj1 = 763, max_th = 2.253998e+00, time=2025-04-16 03:33:14 
jj1 = 619, max_th = 2.602911e+00, time=2025-04-16 03:33:18 
jj1 = 541, max_th = 1.222886e+00, time=2025-04-16 03:34:36 
jj1 = 658, max_th = 1.711016e+00, time=2025-04-16 03:34:45 
jj1 = 721, max_th = 2.939408e+00, time=2025-04-16 03:35:42 
jj1 = 743, max_th = 2.148310e+00, time=2025-04-16 03:37:21 
jj1 = 603, max_th = 2.478947e+00, time=2025-04-16 03:37:48 
jj1 = 582, max_th = 1.308568e+00, time=2025-04-16 03:41:08 
jj1 = 645, max_th = 1.686338e+00, time=2025-04-16 03:45:09 
jj1 = 684, max_th = 1.643303e+00, time=2025-04-16 03:45:48 
jj1 = 704, max_th = 2.093526e+00, time=2025-04-16 03:47:32 
jj1 = 762, max_th = 2.538467e+00, time=2025-04-16 03:48:49 
jj1 = 618, max_th = 1.387555e+00, time=2025-04-16 03:48:53 
jj1 = 720, max_th = 2.450915e+00, time=2025-04-16 03:51:24 
jj1 = 540, max_th = 2.315775e+00, time=2025-04-16 03:52:28 
jj1 = 581, max_th = 1.391112e+00, time=2025-04-16 03:53:39 
jj1 = 617, max_th = 2.855648e+00, time=2025-04-16 03:54:03 
jj1 = 602, max_th = 2.424473e+00, time=2025-04-16 03:56:48 
jj1 = 719, max_th = 2.920649e+00, time=2025-04-16 03:57:40 
jj1 = 616, max_th = 7.913467e-01, time=2025-04-16 03:58:09 
jj1 = 657, max_th = 2.002913e+00, time=2025-04-16 03:58:25 
jj1 = 556, max_th = 1.840793e+00, time=2025-04-16 03:58:49 
jj1 = 742, max_th = 1.843673e+00, time=2025-04-16 04:02:10 
jj1 = 644, max_th = 1.954897e+00, time=2025-04-16 04:06:12 
jj1 = 683, max_th = 2.271821e+00, time=2025-04-16 04:09:17 
jj1 = 601, max_th = 1.800146e+00, time=2025-04-16 04:11:24 
jj1 = 703, max_th = 1.782160e+00, time=2025-04-16 04:13:36 
jj1 = 718, max_th = 1.383030e+00, time=2025-04-16 04:14:15 
jj1 = 615, max_th = 1.426132e+00, time=2025-04-16 04:14:28 
jj1 = 761, max_th = 1.803830e+00, time=2025-04-16 04:16:15 
jj1 = 580, max_th = 2.262634e+00, time=2025-04-16 04:17:58 
jj1 = 539, max_th = 1.471575e+00, time=2025-04-16 04:18:01 
jj1 = 741, max_th = 1.838572e+00, time=2025-04-16 04:18:34 
jj1 = 555, max_th = 2.346163e+00, time=2025-04-16 04:20:19 
jj1 = 682, max_th = 2.531598e+00, time=2025-04-16 04:21:32 
jj1 = 656, max_th = 1.629472e+00, time=2025-04-16 04:23:24 
jj1 = 600, max_th = 1.420066e+00, time=2025-04-16 04:24:35 
jj1 = 702, max_th = 1.443830e+00, time=2025-04-16 04:27:11 
jj1 = 760, max_th = 1.324293e+00, time=2025-04-16 04:32:02 
jj1 = 643, max_th = 2.114327e+00, time=2025-04-16 04:35:12 
jj1 = 599, max_th = 1.319787e+00, time=2025-04-16 04:36:54 
jj1 = 554, max_th = 1.334924e+00, time=2025-04-16 04:38:04 
jj1 = 614, max_th = 2.132036e+00, time=2025-04-16 04:38:41 
jj1 = 717, max_th = 1.732318e+00, time=2025-04-16 04:39:19 
jj1 = 579, max_th = 1.540446e+00, time=2025-04-16 04:39:31 
jj1 = 740, max_th = 2.191441e+00, time=2025-04-16 04:42:01 
jj1 = 655, max_th = 2.202857e+00, time=2025-04-16 04:44:46 
jj1 = 681, max_th = 1.846345e+00, time=2025-04-16 04:44:56 
jj1 = 538, max_th = 2.020239e+00, time=2025-04-16 04:50:14 
jj1 = 739, max_th = 1.113888e+00, time=2025-04-16 04:50:45 
jj1 = 716, max_th = 1.356303e+00, time=2025-04-16 04:50:55 
jj1 = 598, max_th = 1.498608e+00, time=2025-04-16 04:52:50 
jj1 = 701, max_th = 2.021527e+00, time=2025-04-16 04:55:35 
jj1 = 759, max_th = 1.683963e+00, time=2025-04-16 04:56:12 
jj1 = 613, max_th = 2.297893e+00, time=2025-04-16 04:58:02 
jj1 = 654, max_th = 1.354903e+00, time=2025-04-16 04:58:12 
jj1 = 642, max_th = 1.856875e+00, time=2025-04-16 05:02:25 
jj1 = 553, max_th = 1.631555e+00, time=2025-04-16 05:03:06 
jj1 = 578, max_th = 1.884014e+00, time=2025-04-16 05:05:05 
jj1 = 680, max_th = 2.242101e+00, time=2025-04-16 05:06:58 
jj1 = 758, max_th = 2.627068e+00, time=2025-04-16 05:08:58 
jj1 = 641, max_th = 1.083190e+00, time=2025-04-16 05:09:37 
jj1 = 679, max_th = 2.550970e+00, time=2025-04-16 05:12:32 
jj1 = 700, max_th = 1.750490e+00, time=2025-04-16 05:14:39 
jj1 = 537, max_th = 1.953380e+00, time=2025-04-16 05:16:06 
jj1 = 715, max_th = 1.809506e+00, time=2025-04-16 05:16:06 
jj1 = 653, max_th = 1.522916e+00, time=2025-04-16 05:17:14 
jj1 = 738, max_th = 2.186559e+00, time=2025-04-16 05:17:20 
jj1 = 552, max_th = 1.563271e+00, time=2025-04-16 05:21:15 
jj1 = 597, max_th = 1.933427e+00, time=2025-04-16 05:21:45 
jj1 = 612, max_th = 1.890186e+00, time=2025-04-16 05:22:10 
jj1 = 640, max_th = 1.388128e+00, time=2025-04-16 05:23:25 
jj1 = 652, max_th = 1.249934e+00, time=2025-04-16 05:23:35 
jj1 = 757, max_th = 1.996079e+00, time=2025-04-16 05:31:21 
jj1 = 678, max_th = 1.507163e+00, time=2025-04-16 05:31:32 
jj1 = 699, max_th = 1.675070e+00, time=2025-04-16 05:34:50 
jj1 = 577, max_th = 2.178531e+00, time=2025-04-16 05:35:06 
jj1 = 536, max_th = 1.792062e+00, time=2025-04-16 05:39:01 
jj1 = 551, max_th = 1.616057e+00, time=2025-04-16 05:40:53 
jj1 = 714, max_th = 1.797100e+00, time=2025-04-16 05:42:16 
jj1 = 639, max_th = 1.512752e+00, time=2025-04-16 05:42:41 
jj1 = 651, max_th = 2.357398e+00, time=2025-04-16 05:43:01 
jj1 = 756, max_th = 2.448929e+00, time=2025-04-16 05:43:09 
jj1 = 611, max_th = 2.426835e+00, time=2025-04-16 05:46:04 
jj1 = 576, max_th = 1.292357e+00, time=2025-04-16 05:46:20 
jj1 = 737, max_th = 1.944297e+00, time=2025-04-16 05:48:53 
jj1 = 677, max_th = 1.643551e+00, time=2025-04-16 05:49:16 
jj1 = 596, max_th = 1.994608e+00, time=2025-04-16 05:51:52 
jj1 = 698, max_th = 2.128862e+00, time=2025-04-16 05:56:47 
jj1 = 736, max_th = 2.791525e+00, time=2025-04-16 05:57:31 
jj1 = 638, max_th = 1.493553e+00, time=2025-04-16 05:58:22 
jj1 = 650, max_th = 2.370319e+00, time=2025-04-16 05:58:27 
jj1 = 610, max_th = 1.336802e+00, time=2025-04-16 05:58:30 
jj1 = 535, max_th = 1.577225e+00, time=2025-04-16 05:59:04 
jj1 = 697, max_th = 7.278396e-01, time=2025-04-16 06:00:23 
jj1 = 676, max_th = 2.438390e+00, time=2025-04-16 06:05:53 
jj1 = 755, max_th = 2.256899e+00, time=2025-04-16 06:07:52 
jj1 = 735, max_th = 1.311437e+00, time=2025-04-16 06:11:42 
jj1 = 609, max_th = 2.453351e+00, time=2025-04-16 06:11:51 
jj1 = 550, max_th = 2.626710e+00, time=2025-04-16 06:14:38 
jj1 = 713, max_th = 1.875948e+00, time=2025-04-16 06:14:45 
jj1 = 637, max_th = 2.433073e+00, time=2025-04-16 06:15:17 
jj1 = 696, max_th = 2.476122e+00, time=2025-04-16 06:15:49 
jj1 = 575, max_th = 1.927992e+00, time=2025-04-16 06:18:57 
jj1 = 595, max_th = 2.068694e+00, time=2025-04-16 06:19:16 
jj1 = 649, max_th = 1.685097e+00, time=2025-04-16 06:20:22 
jj1 = 594, max_th = 6.686955e-01, time=2025-04-16 06:20:52 
jj1 = 636, max_th = 2.879970e+00, time=2025-04-16 06:21:35 
jj1 = 675, max_th = 2.410901e+00, time=2025-04-16 06:21:54 
jj1 = 534, max_th = 1.963045e+00, time=2025-04-16 06:23:44 
jj1 = 808, max_th = 1.324741e+00, time=2025-04-16 06:27:43 
jj1 = 807, max_th = 1.247502e+00, time=2025-04-16 06:35:05 
jj1 = 549, max_th = 2.427292e+00, time=2025-04-16 06:35:34 
jj1 = 695, max_th = 1.715001e+00, time=2025-04-16 06:36:06 
jj1 = 635, max_th = 1.717699e+00, time=2025-04-16 06:37:00 
jj1 = 574, max_th = 1.585656e+00, time=2025-04-16 06:37:35 
jj1 = 712, max_th = 1.652155e+00, time=2025-04-16 06:37:54 
jj1 = 754, max_th = 1.972702e+00, time=2025-04-16 06:38:19 
jj1 = 788, max_th = 2.285591e+00, time=2025-04-16 06:42:28 
jj1 = 533, max_th = 1.613661e+00, time=2025-04-16 06:42:58 
jj1 = 734, max_th = 2.028517e+00, time=2025-04-16 06:43:15 
jj1 = 593, max_th = 1.688969e+00, time=2025-04-16 06:46:38 
jj1 = 634, max_th = 1.178471e+00, time=2025-04-16 06:46:39 
jj1 = 694, max_th = 2.623103e+00, time=2025-04-16 06:48:54 
jj1 = 674, max_th = 1.922283e+00, time=2025-04-16 06:48:57 
jj1 = 806, max_th = 1.416089e+00, time=2025-04-16 06:49:52 
jj1 = 778, max_th = 2.627600e+00, time=2025-04-16 06:49:58 
jj1 = 777, max_th = -1.416445e-01, time=2025-04-16 06:50:47 
jj1 = 711, max_th = 1.258356e+00, time=2025-04-16 06:50:55 
jj1 = 753, max_th = 2.574238e+00, time=2025-04-16 06:54:27 
jj1 = 752, max_th = 3.403771e+00, time=2025-04-16 06:54:51 
jj1 = 751, max_th = 8.476738e-01, time=2025-04-16 06:58:18 
jj1 = 592, max_th = 1.825655e+00, time=2025-04-16 06:59:42 
jj1 = 710, max_th = 2.772096e+00, time=2025-04-16 07:01:46 
jj1 = 787, max_th = 1.768725e+00, time=2025-04-16 07:05:29 
jj1 = 532, max_th = 2.160844e+00, time=2025-04-16 07:06:52 
jj1 = 733, max_th = 1.797972e+00, time=2025-04-16 07:08:13 
jj1 = 573, max_th = 1.975948e+00, time=2025-04-16 07:09:45 
jj1 = 633, max_th = 1.847935e+00, time=2025-04-16 07:09:52 
jj1 = 693, max_th = 1.615289e+00, time=2025-04-16 07:11:12 
jj1 = 805, max_th = 1.949347e+00, time=2025-04-16 07:11:14 
jj1 = 673, max_th = 1.785009e+00, time=2025-04-16 07:14:29 
jj1 = 709, max_th = 2.349828e+00, time=2025-04-16 07:16:40 
jj1 = 786, max_th = 1.547208e+00, time=2025-04-16 07:21:32 
jj1 = 776, max_th = 1.876428e+00, time=2025-04-16 07:22:12 
jj1 = 531, max_th = 2.631601e+00, time=2025-04-16 07:22:26 
jj1 = 750, max_th = 1.674566e+00, time=2025-04-16 07:23:21 
jj1 = 572, max_th = 1.653375e+00, time=2025-04-16 07:26:03 
jj1 = 732, max_th = 2.414427e+00, time=2025-04-16 07:28:30 
jj1 = 591, max_th = 1.911429e+00, time=2025-04-16 07:28:44 
jj1 = 804, max_th = 1.640653e+00, time=2025-04-16 07:32:24 
jj1 = 632, max_th = 1.844259e+00, time=2025-04-16 07:33:07 
jj1 = 749, max_th = 2.714241e+00, time=2025-04-16 07:33:31 
jj1 = 631, max_th = 2.969971e+00, time=2025-04-16 07:35:16 
jj1 = 692, max_th = 2.020928e+00, time=2025-04-16 07:37:59 
jj1 = 571, max_th = 1.204991e+00, time=2025-04-16 07:39:08 
jj1 = 630, max_th = 2.895057e+00, time=2025-04-16 07:39:54 
jj1 = 570, max_th = 5.985147e-01, time=2025-04-16 07:41:23 
jj1 = 672, max_th = 2.018900e+00, time=2025-04-16 07:42:06 
jj1 = 731, max_th = 2.504023e+00, time=2025-04-16 07:45:38 
jj1 = 691, max_th = 1.038167e+00, time=2025-04-16 07:47:05 
jj1 = 530, max_th = 1.884818e+00, time=2025-04-16 07:47:31 
jj1 = 629, max_th = 1.399500e+00, time=2025-04-16 07:47:51 
jj1 = 803, max_th = 1.549481e+00, time=2025-04-16 07:48:12 
jj1 = 785, max_th = 1.908166e+00, time=2025-04-16 07:48:12 
jj1 = 590, max_th = 2.072632e+00, time=2025-04-16 07:49:26 
jj1 = 671, max_th = 2.701447e+00, time=2025-04-16 07:50:45 
jj1 = 775, max_th = 1.671234e+00, time=2025-04-16 07:55:01 
jj1 = 838, max_th = 2.096306e+00, time=2025-04-16 07:55:14 
jj1 = 569, max_th = 1.399571e+00, time=2025-04-16 07:56:34 
jj1 = 529, max_th = 1.550389e+00, time=2025-04-16 08:00:46 
jj1 = 670, max_th = 1.378700e+00, time=2025-04-16 08:00:56 
jj1 = 837, max_th = 1.145530e+00, time=2025-04-16 08:04:06 
jj1 = 730, max_th = 2.472261e+00, time=2025-04-16 08:04:57 
jj1 = 868, max_th = 1.837074e+00, time=2025-04-16 08:04:59 
jj1 = 867, max_th = -3.548178e-01, time=2025-04-16 08:05:12 
jj1 = 690, max_th = 1.679521e+00, time=2025-04-16 08:11:12 
jj1 = 784, max_th = 2.144153e+00, time=2025-04-16 08:12:23 
jj1 = 888, max_th = 2.240586e+00, time=2025-04-16 08:12:47 
jj1 = 802, max_th = 1.808119e+00, time=2025-04-16 08:14:06 
jj1 = 589, max_th = 2.218507e+00, time=2025-04-16 08:17:25 
jj1 = 798, max_th = 2.296857e+00, time=2025-04-16 08:20:21 
jj1 = 774, max_th = 1.866617e+00, time=2025-04-16 08:21:23 
jj1 = 818, max_th = 2.192085e+00, time=2025-04-16 08:22:51 
jj1 = 878, max_th = 9.631333e-01, time=2025-04-16 08:23:12 
jj1 = 887, max_th = 1.271244e+00, time=2025-04-16 08:26:06 
jj1 = 836, max_th = 2.287353e+00, time=2025-04-16 08:27:13 
jj1 = 669, max_th = 2.038780e+00, time=2025-04-16 08:27:23 
jj1 = 729, max_th = 2.280595e+00, time=2025-04-16 08:31:17 
jj1 = 783, max_th = 2.215516e+00, time=2025-04-16 08:36:14 
jj1 = 866, max_th = 1.931733e+00, time=2025-04-16 08:36:17 
jj1 = 689, max_th = 1.926116e+00, time=2025-04-16 08:37:06 
jj1 = 848, max_th = 2.544359e+00, time=2025-04-16 08:41:38 
jj1 = 801, max_th = 1.963925e+00, time=2025-04-16 08:42:23 
jj1 = 817, max_th = 1.755023e+00, time=2025-04-16 08:43:14 
jj1 = 797, max_th = 2.226239e+00, time=2025-04-16 08:45:35 
jj1 = 877, max_th = 2.135007e+00, time=2025-04-16 08:48:37 
jj1 = 835, max_th = 1.631872e+00, time=2025-04-16 08:49:46 
jj1 = 816, max_th = 1.399952e+00, time=2025-04-16 08:52:43 
jj1 = 886, max_th = 1.928585e+00, time=2025-04-16 08:53:47 
jj1 = 858, max_th = 2.086635e+00, time=2025-04-16 08:59:10 
jj1 = 800, max_th = 1.459109e+00, time=2025-04-16 08:59:23 
jj1 = 828, max_th = 2.126325e+00, time=2025-04-16 09:00:16 
jj1 = 782, max_th = 1.969492e+00, time=2025-04-16 09:01:04 
jj1 = 796, max_th = 1.472535e+00, time=2025-04-16 09:04:05 
jj1 = 865, max_th = 1.852566e+00, time=2025-04-16 09:05:46 
jj1 = 857, max_th = 1.102459e+00, time=2025-04-16 09:05:48 
jj1 = 847, max_th = 2.021357e+00, time=2025-04-16 09:09:49 
jj1 = 876, max_th = 2.040393e+00, time=2025-04-16 09:14:08 
jj1 = 834, max_th = 1.794942e+00, time=2025-04-16 09:14:53 
jj1 = 815, max_th = 1.923426e+00, time=2025-04-16 09:15:03 
jj1 = 885, max_th = 1.664839e+00, time=2025-04-16 09:21:13 
jj1 = 799, max_th = 2.102364e+00, time=2025-04-16 09:22:16 
jj1 = 814, max_th = 2.808763e+00, time=2025-04-16 09:22:54 
jj1 = 827, max_th = 1.839719e+00, time=2025-04-16 09:25:43 
jj1 = 781, max_th = 2.109316e+00, time=2025-04-16 09:26:19 
jj1 = 846, max_th = 2.291247e+00, time=2025-04-16 09:26:42 
jj1 = 813, max_th = 2.905161e+00, time=2025-04-16 09:27:44 
jj1 = 773, max_th = 1.972680e+00, time=2025-04-16 09:28:03 
jj1 = 864, max_th = 1.609591e+00, time=2025-04-16 09:29:54 
jj1 = 795, max_th = 1.939127e+00, time=2025-04-16 09:34:08 
jj1 = 772, max_th = 9.936625e-01, time=2025-04-16 09:35:46 
jj1 = 875, max_th = 1.852997e+00, time=2025-04-16 09:36:28 
jj1 = 794, max_th = 7.056854e-01, time=2025-04-16 09:36:30 
jj1 = 856, max_th = 1.965646e+00, time=2025-04-16 09:36:43 
jj1 = 826, max_th = 1.227909e+00, time=2025-04-16 09:37:20 
jj1 = 771, max_th = 6.657667e-01, time=2025-04-16 09:37:27 
jj1 = 845, max_th = 1.487099e+00, time=2025-04-16 09:39:40 
jj1 = 793, max_th = 9.518683e-01, time=2025-04-16 09:40:01 
jj1 = 874, max_th = 2.960851e+00, time=2025-04-16 09:40:16 
jj1 = 873, max_th = -2.028475e-01, time=2025-04-16 09:40:59 
jj1 = 833, max_th = 1.773422e+00, time=2025-04-16 09:42:36 
jj1 = 884, max_th = 2.126168e+00, time=2025-04-16 09:49:35 
jj1 = 825, max_th = 2.503053e+00, time=2025-04-16 09:51:47 
jj1 = 812, max_th = 1.864660e+00, time=2025-04-16 09:53:14 
jj1 = 780, max_th = 2.228707e+00, time=2025-04-16 09:54:43 
jj1 = 863, max_th = 1.667352e+00, time=2025-04-16 09:54:46 
jj1 = 893, max_th = 2.121428e+00, time=2025-04-16 09:55:46 
jj1 = 792, max_th = 1.420199e+00, time=2025-04-16 09:55:47 
jj1 = 770, max_th = 1.851452e+00, time=2025-04-16 09:59:34 
jj1 = 855, max_th = 1.720310e+00, time=2025-04-16 10:02:22 
jj1 = 872, max_th = 1.618928e+00, time=2025-04-16 10:03:54 
jj1 = 844, max_th = 2.159560e+00, time=2025-04-16 10:05:05 
jj1 = 832, max_th = 2.207871e+00, time=2025-04-16 10:07:22 
jj1 = 862, max_th = 2.575033e+00, time=2025-04-16 10:08:59 
jj1 = 883, max_th = 2.163084e+00, time=2025-04-16 10:10:48 
jj1 = 791, max_th = 1.487088e+00, time=2025-04-16 10:13:06 
jj1 = 882, max_th = 2.945182e+00, time=2025-04-16 10:14:22 
jj1 = 892, max_th = 2.338838e+00, time=2025-04-16 10:16:45 
jj1 = 824, max_th = 1.840470e+00, time=2025-04-16 10:18:02 
jj1 = 811, max_th = 1.993116e+00, time=2025-04-16 10:18:27 
jj1 = 831, max_th = 1.620184e+00, time=2025-04-16 10:19:41 
jj1 = 779, max_th = 1.939153e+00, time=2025-04-16 10:19:59 
jj1 = 854, max_th = 2.098177e+00, time=2025-04-16 10:22:33 
jj1 = 769, max_th = 1.852104e+00, time=2025-04-16 10:24:31 
jj1 = 871, max_th = 2.151998e+00, time=2025-04-16 10:26:10 
jj1 = 843, max_th = 1.766933e+00, time=2025-04-16 10:29:24 
jj1 = 861, max_th = 1.769140e+00, time=2025-04-16 10:33:47 
jj1 = 810, max_th = 2.350142e+00, time=2025-04-16 10:33:56 
jj1 = 790, max_th = 2.293394e+00, time=2025-04-16 10:36:17 
jj1 = 881, max_th = 1.673862e+00, time=2025-04-16 10:37:38 
jj1 = 830, max_th = 2.416667e+00, time=2025-04-16 10:40:31 
jj1 = 853, max_th = 2.392703e+00, time=2025-04-16 10:40:42 
jj1 = 891, max_th = 1.614434e+00, time=2025-04-16 10:41:23 
jj1 = 823, max_th = 1.908682e+00, time=2025-04-16 10:44:12 
jj1 = 870, max_th = 2.390393e+00, time=2025-04-16 10:46:28 
jj1 = 880, max_th = 1.225325e+00, time=2025-04-16 10:46:45 
jj1 = 842, max_th = 2.423585e+00, time=2025-04-16 10:47:57 
jj1 = 898, max_th = 1.914546e+00, time=2025-04-16 10:48:04 
jj1 = 789, max_th = 2.586406e+00, time=2025-04-16 10:48:56 
jj1 = 852, max_th = 1.248318e+00, time=2025-04-16 10:53:05 
jj1 = 903, max_th = 1.962779e+00, time=2025-04-16 10:53:13 
jj1 = 860, max_th = 1.622774e+00, time=2025-04-16 10:59:31 
jj1 = 851, max_th = 1.105749e+00, time=2025-04-16 11:01:31 
jj1 = 809, max_th = 2.127358e+00, time=2025-04-16 11:01:36 
jj1 = 928, max_th = 1.552789e+00, time=2025-04-16 11:02:22 
jj1 = 890, max_th = 2.255983e+00, time=2025-04-16 11:04:43 
jj1 = 822, max_th = 1.612357e+00, time=2025-04-16 11:05:16 
jj1 = 902, max_th = 1.398707e+00, time=2025-04-16 11:05:44 
jj1 = 829, max_th = 1.821680e+00, time=2025-04-16 11:08:51 
jj1 = 869, max_th = 1.707233e+00, time=2025-04-16 11:10:14 
jj1 = 897, max_th = 2.355672e+00, time=2025-04-16 11:10:37 
jj1 = 841, max_th = 2.193326e+00, time=2025-04-16 11:11:17 
jj1 = 879, max_th = 1.971395e+00, time=2025-04-16 11:12:18 
jj1 = 933, max_th = 7.994603e-01, time=2025-04-16 11:12:54 
jj1 = 889, max_th = 2.885083e+00, time=2025-04-16 11:13:39 
jj1 = 952, max_th = 2.838681e+00, time=2025-04-16 11:21:38 
jj1 = 932, max_th = 2.598663e+00, time=2025-04-16 11:24:55 
jj1 = 859, max_th = 1.803747e+00, time=2025-04-16 11:25:00 
jj1 = 821, max_th = 2.388178e+00, time=2025-04-16 11:26:21 
jj1 = 927, max_th = 2.012337e+00, time=2025-04-16 11:26:22 
jj1 = 850, max_th = 2.375306e+00, time=2025-04-16 11:27:19 
jj1 = 896, max_th = 2.346232e+00, time=2025-04-16 11:29:42 
jj1 = 901, max_th = 1.743840e+00, time=2025-04-16 11:30:20 
jj1 = 908, max_th = 1.574175e+00, time=2025-04-16 11:31:34 
jj1 = 907, max_th = 6.773029e-03, time=2025-04-16 11:31:52 
jj1 = 840, max_th = 2.125807e+00, time=2025-04-16 11:36:50 
jj1 = 906, max_th = 2.921107e+00, time=2025-04-16 11:37:01 
jj1 = 895, max_th = 1.106399e+00, time=2025-04-16 11:37:54 
jj1 = 918, max_th = 2.077401e+00, time=2025-04-16 11:39:39 
jj1 = 820, max_th = 2.617669e+00, time=2025-04-16 11:39:52 
jj1 = 905, max_th = 3.041930e+00, time=2025-04-16 11:39:59 
jj1 = 951, max_th = 1.595801e+00, time=2025-04-16 11:41:31 
jj1 = 923, max_th = 2.225333e+00, time=2025-04-16 11:41:42 
jj1 = 931, max_th = 1.314442e+00, time=2025-04-16 11:42:35 
jj1 = 913, max_th = 1.646706e+00, time=2025-04-16 11:45:04 
jj1 = 900, max_th = 1.498683e+00, time=2025-04-16 11:45:51 
jj1 = 926, max_th = 1.616321e+00, time=2025-04-16 11:48:22 
jj1 = 904, max_th = 1.300737e+00, time=2025-04-16 11:48:22 
jj1 = 849, max_th = 1.669910e+00, time=2025-04-16 11:49:58 
jj1 = 899, max_th = 9.480277e-01, time=2025-04-16 11:51:33 
jj1 = 950, max_th = 2.533590e+00, time=2025-04-16 11:53:50 
jj1 = 917, max_th = 2.524387e+00, time=2025-04-16 11:56:01 
jj1 = 912, max_th = 1.340540e+00, time=2025-04-16 12:00:06 
jj1 = 894, max_th = 2.257571e+00, time=2025-04-16 12:00:19 
jj1 = 839, max_th = 2.040267e+00, time=2025-04-16 12:01:50 
jj1 = 922, max_th = 1.796192e+00, time=2025-04-16 12:04:59 
jj1 = 930, max_th = 1.614387e+00, time=2025-04-16 12:05:09 
jj1 = 911, max_th = 8.640810e-01, time=2025-04-16 12:07:09 
jj1 = 916, max_th = 1.418071e+00, time=2025-04-16 12:11:49 
jj1 = 819, max_th = 2.084051e+00, time=2025-04-16 12:12:33 
jj1 = 960, max_th = 2.049441e+00, time=2025-04-16 12:13:11 
jj1 = 972, max_th = 2.084376e+00, time=2025-04-16 12:16:01 
jj1 = 943, max_th = 2.089874e+00, time=2025-04-16 12:17:14 
jj1 = 921, max_th = 1.318387e+00, time=2025-04-16 12:18:56 
jj1 = 948, max_th = 1.177025e+00, time=2025-04-16 12:19:29 
jj1 = 925, max_th = 2.032515e+00, time=2025-04-16 12:19:54 
jj1 = 956, max_th = 2.621497e+00, time=2025-04-16 12:20:24 
jj1 = 942, max_th = 8.129481e-01, time=2025-04-16 12:21:11 
jj1 = 949, max_th = 2.124165e+00, time=2025-04-16 12:21:18 
jj1 = 947, max_th = 9.000415e-01, time=2025-04-16 12:22:04 
jj1 = 915, max_th = 1.350891e+00, time=2025-04-16 12:25:10 
jj1 = 910, max_th = 2.412311e+00, time=2025-04-16 12:27:57 
jj1 = 938, max_th = 1.715747e+00, time=2025-04-16 12:28:34 
jj1 = 920, max_th = 1.237696e+00, time=2025-04-16 12:29:32 
jj1 = 929, max_th = 2.255757e+00, time=2025-04-16 12:29:39 
jj1 = 959, max_th = 2.291644e+00, time=2025-04-16 12:35:37 
jj1 = 941, max_th = 2.521106e+00, time=2025-04-16 12:39:22 
jj1 = 924, max_th = 2.210485e+00, time=2025-04-16 12:44:40 
jj1 = 914, max_th = 2.428934e+00, time=2025-04-16 12:45:28 
jj1 = 971, max_th = 1.817313e+00, time=2025-04-16 12:45:35 
jj1 = 937, max_th = 1.471870e+00, time=2025-04-16 12:46:40 
jj1 = 955, max_th = 2.163601e+00, time=2025-04-16 12:47:24 
jj1 = 958, max_th = 1.297097e+00, time=2025-04-16 12:47:31 
jj1 = 984, max_th = 2.238539e+00, time=2025-04-16 12:48:38 
jj1 = 909, max_th = 2.172172e+00, time=2025-04-16 12:57:08 
jj1 = 919, max_th = 2.165636e+00, time=2025-04-16 12:57:53 
jj1 = 976, max_th = 1.975798e+00, time=2025-04-16 12:58:23 
jj1 = 946, max_th = 1.921814e+00, time=2025-04-16 12:59:33 
jj1 = 964, max_th = 2.468967e+00, time=2025-04-16 13:03:47 
jj1 = 940, max_th = 2.363779e+00, time=2025-04-16 13:05:30 
jj1 = 980, max_th = 2.344569e+00, time=2025-04-16 13:05:42 
jj1 = 936, max_th = 1.977189e+00, time=2025-04-16 13:10:14 
jj1 = 945, max_th = 1.313962e+00, time=2025-04-16 13:10:36 
jj1 = 954, max_th = 1.630011e+00, time=2025-04-16 13:10:55 
jj1 = 957, max_th = 2.195588e+00, time=2025-04-16 13:12:20 
jj1 = 983, max_th = 2.270742e+00, time=2025-04-16 13:13:06 
jj1 = 970, max_th = 1.621799e+00, time=2025-04-16 13:14:33 
jj1 = 939, max_th = 2.734248e+00, time=2025-04-16 13:15:44 
jj1 = 944, max_th = 7.392582e-01, time=2025-04-16 13:16:02 
jj1 = 988, max_th = 1.557010e+00, time=2025-04-16 13:16:25 
jj1 = 1000, max_th = 8.176560e-01, time=2025-04-16 13:18:43 
jj1 = 963, max_th = 1.463227e+00, time=2025-04-16 13:20:28 
jj1 = 968, max_th = 1.804141e+00, time=2025-04-16 13:21:22 
jj1 = 982, max_th = 1.219094e+00, time=2025-04-16 13:24:30 
jj1 = 935, max_th = 1.536612e+00, time=2025-04-16 13:26:13 
jj1 = 975, max_th = 2.083374e+00, time=2025-04-16 13:27:31 
jj1 = 979, max_th = 2.327194e+00, time=2025-04-16 13:28:30 
jj1 = 996, max_th = 1.494380e+00, time=2025-04-16 13:29:48 
jj1 = 953, max_th = 1.685537e+00, time=2025-04-16 13:31:39 
jj1 = 997, max_th = 1.864980e+00, time=2025-04-16 13:38:06 
jj1 = 962, max_th = 2.357645e+00, time=2025-04-16 13:38:25 
jj1 = 987, max_th = 1.866981e+00, time=2025-04-16 13:38:33 
jj1 = 969, max_th = 2.032432e+00, time=2025-04-16 13:39:24 
jj1 = 995, max_th = 1.318287e+00, time=2025-04-16 13:41:29 
jj1 = 934, max_th = 2.411451e+00, time=2025-04-16 13:41:37 
jj1 = 981, max_th = 2.411572e+00, time=2025-04-16 13:42:27 
jj1 = 967, max_th = 1.780337e+00, time=2025-04-16 13:43:57 
jj1 = 974, max_th = 2.041213e+00, time=2025-04-16 13:47:17 
jj1 = 978, max_th = 1.769652e+00, time=2025-04-16 13:47:54 
jj1 = 973, max_th = -2.047534e-01, time=2025-04-16 13:48:02 
jj1 = 992, max_th = 2.562660e+00, time=2025-04-16 13:50:34 
jj1 = 999, max_th = 2.551001e+00, time=2025-04-16 13:51:59 
jj1 = 998, max_th = 2.025447e+00, time=2025-04-16 13:52:46 
jj1 = 991, max_th = 2.877720e+00, time=2025-04-16 13:53:32 
jj1 = 961, max_th = 1.728961e+00, time=2025-04-16 13:56:25 
jj1 = 986, max_th = 1.681301e+00, time=2025-04-16 13:57:06 
jj1 = 994, max_th = 2.281063e+00, time=2025-04-16 13:58:13 
jj1 = 990, max_th = 2.668787e+00, time=2025-04-16 13:58:30 
jj1 = 966, max_th = 2.003495e+00, time=2025-04-16 13:58:57 
jj1 = 989, max_th = 2.648717e+00, time=2025-04-16 14:02:16 
jj1 = 993, max_th = 2.569334e+00, time=2025-04-16 14:05:13 
jj1 = 977, max_th = 1.866969e+00, time=2025-04-16 14:06:24 
jj1 = 985, max_th = 2.092684e+00, time=2025-04-16 14:06:55 
jj1 = 965, max_th = 1.884800e+00, time=2025-04-16 14:09:07 
>> >> >> >> >> >> >> >> >> 