MATLAB is selecting SOFTWARE OPENGL rendering.

                            < M A T L A B (R) >
                  Copyright 1984-2021 The MathWorks, Inc.
                  R2021b (9.11.0.1769968) 64-bit (glnxa64)
                             September 17, 2021

 
To get started, type doc.
For product information, visit www.mathworks.com.
 
>> >> >> >> >> >> >> >> >> >> >> >> >> >> >> >> >> >> >> >> >> >> >> >> >> >> Starting parallel pool (parpool) using the 'local' profile ...
[Warning: A task was unexpectedly found in state: Unavailable.] 
[> In parallel.cluster.Local/deriveJobStateFromTasks (line 29)
In parallel.cluster/Local/getJobState (line 174)
In parallel.cluster/CJSCluster/hGetJobState (line 375)
In parallel.internal.cluster/CJSJobMixin/hGetStateEnum (line 175)
In parallel/Job/get.StateEnum (line 247)
In parallel/Job/get.State (line 239)
In parallel.internal.customattr.CustomGetSet>iVectorisedGetHelper (line 128)
In parallel.internal.customattr.CustomGetSet>@(a,b,c)iVectorisedGetHelper(obj,a,b,c) (line 102)
In parallel.internal.customattr/CustomGetSet/doVectorisedGet (line 103)
In parallel.internal.customattr/CustomGetSet/hVectorisedGet (line 76)
In parallel.internal.customattr.GetSetImpl>iAccessProperties (line 322)
In parallel.internal.customattr.GetSetImpl>iGetAllPropertiesVec (line 264)
In parallel.internal.customattr/GetSetImpl/getImpl (line 133)
In parallel.internal.customattr.CustomGetSet>iHetFunGetFunction (line 154)
In parallel.internal.customattr.CustomGetSet>@(o)iHetFunGetFunction(o,props) (line 139)
In parallel.internal.cluster.hetfun (line 46)
In parallel.internal.customattr.CustomGetSet>iHetFunGetProperty (line 139)
In parallel.internal.customattr/CustomGetSet/get (line 38)
In parallel.internal.pool/AbstractInteractiveClient/pRemoveOldJobs (line 211)
In parallel.internal.pool/AbstractInteractiveClient/start (line 103)
In parallel.internal.pool.AbstractClusterPool>iStartClient (line 831)
In parallel.internal.pool/AbstractClusterPool/hBuildPool (line 585)
In parallel.internal.pool.doParpool (line 22)
In parpool (line 123)
In parallel.internal.parpool.getOrCreateCurrentPool (line 17)
In parallel.internal.pool/PoolArrayManager/getOrAutoCreateWithCleanup (line 44)
In pctTryCreatePoolIfNecessary (line 28)
In parallel_function (line 423)] 
Connected to the parallel pool (number of workers: 12).
jj1 = 35, max_th = 1.802332e+00, time=2025-04-10 20:01:57 
jj1 = 40, max_th = 2.448926e+00, time=2025-04-10 20:05:21 
jj1 = 20, max_th = 2.112806e+00, time=2025-04-10 20:05:50 
jj1 = 55, max_th = 2.083708e+00, time=2025-04-10 20:06:04 
jj1 = 30, max_th = 1.683254e+00, time=2025-04-10 20:09:42 
jj1 = 15, max_th = 1.724400e+00, time=2025-04-10 20:10:52 
jj1 = 10, max_th = 2.371859e+00, time=2025-04-10 20:11:50 
jj1 = 5, max_th = 1.602166e+00, time=2025-04-10 20:12:02 
jj1 = 50, max_th = 2.248870e+00, time=2025-04-10 20:12:31 
jj1 = 45, max_th = 1.957744e+00, time=2025-04-10 20:16:16 
jj1 = 49, max_th = 2.936553e+00, time=2025-04-10 20:18:35 
jj1 = 60, max_th = 2.029095e+00, time=2025-04-10 20:18:54 
jj1 = 25, max_th = 2.229480e+00, time=2025-04-10 20:19:37 
jj1 = 54, max_th = 2.525847e+00, time=2025-04-10 20:23:22 
jj1 = 14, max_th = 2.705064e+00, time=2025-04-10 20:23:53 
jj1 = 29, max_th = 2.352112e+00, time=2025-04-10 20:24:41 
jj1 = 34, max_th = 1.825381e+00, time=2025-04-10 20:27:46 
jj1 = 39, max_th = 1.864716e+00, time=2025-04-10 20:28:21 
jj1 = 19, max_th = 2.230447e+00, time=2025-04-10 20:31:58 
jj1 = 48, max_th = 2.302980e+00, time=2025-04-10 20:32:16 
jj1 = 28, max_th = 2.661683e+00, time=2025-04-10 20:34:53 
jj1 = 24, max_th = 2.599137e+00, time=2025-04-10 20:35:59 
jj1 = 59, max_th = 1.609442e+00, time=2025-04-10 20:36:20 
jj1 = 4, max_th = 1.837973e+00, time=2025-04-10 20:37:25 
jj1 = 9, max_th = 1.931155e+00, time=2025-04-10 20:38:21 
jj1 = 44, max_th = 1.707511e+00, time=2025-04-10 20:38:28 
jj1 = 53, max_th = 1.466403e+00, time=2025-04-10 20:39:05 
jj1 = 47, max_th = 2.692782e+00, time=2025-04-10 20:40:05 
jj1 = 13, max_th = 1.433514e+00, time=2025-04-10 20:42:17 
jj1 = 18, max_th = 1.315941e+00, time=2025-04-10 20:45:24 
jj1 = 58, max_th = 1.017262e+00, time=2025-04-10 20:46:28 
jj1 = 38, max_th = 1.747204e+00, time=2025-04-10 20:49:41 
jj1 = 17, max_th = 7.810053e-01, time=2025-04-10 20:50:43 
jj1 = 27, max_th = 2.538836e+00, time=2025-04-10 20:51:09 
jj1 = 12, max_th = 2.337567e+00, time=2025-04-10 20:51:59 
jj1 = 23, max_th = 1.368637e+00, time=2025-04-10 20:53:53 
jj1 = 52, max_th = 1.579340e+00, time=2025-04-10 20:55:01 
jj1 = 37, max_th = 1.026191e+00, time=2025-04-10 20:55:11 
jj1 = 8, max_th = 2.207340e+00, time=2025-04-10 20:59:29 
jj1 = 43, max_th = 2.362603e+00, time=2025-04-10 20:59:30 
jj1 = 16, max_th = 2.636654e+00, time=2025-04-10 20:59:49 
jj1 = 3, max_th = 2.089254e+00, time=2025-04-10 21:00:12 
jj1 = 11, max_th = 2.812640e+00, time=2025-04-10 21:00:59 
jj1 = 46, max_th = 1.610386e+00, time=2025-04-10 21:06:48 
jj1 = 57, max_th = 1.869777e+00, time=2025-04-10 21:09:45 
jj1 = 26, max_th = 2.172013e+00, time=2025-04-10 21:13:58 
jj1 = 2, max_th = 2.511401e+00, time=2025-04-10 21:14:24 
jj1 = 177, max_th = 1.478146e+00, time=2025-04-10 21:14:41 
jj1 = 51, max_th = 1.897236e+00, time=2025-04-10 21:17:32 
jj1 = 42, max_th = 2.341411e+00, time=2025-04-10 21:19:41 
jj1 = 36, max_th = 2.137522e+00, time=2025-04-10 21:20:54 
jj1 = 22, max_th = 2.081354e+00, time=2025-04-10 21:23:39 
jj1 = 7, max_th = 1.964013e+00, time=2025-04-10 21:24:12 
jj1 = 216, max_th = 2.678161e+00, time=2025-04-10 21:24:59 
jj1 = 489, max_th = 2.372890e+00, time=2025-04-10 21:25:24 
jj1 = 6, max_th = 3.092627e+00, time=2025-04-10 21:25:30 
jj1 = 176, max_th = 2.652886e+00, time=2025-04-10 21:26:41 
jj1 = 56, max_th = 1.539235e+00, time=2025-04-10 21:28:53 
jj1 = 372, max_th = 1.310490e+00, time=2025-04-10 21:28:55 
jj1 = 294, max_th = 2.567610e+00, time=2025-04-10 21:29:38 
jj1 = 450, max_th = 2.239815e+00, time=2025-04-10 21:31:00 
jj1 = 215, max_th = 1.346155e+00, time=2025-04-10 21:32:39 
jj1 = 33, max_th = 2.519512e+00, time=2025-04-10 21:33:58 
jj1 = 449, max_th = 2.796160e+00, time=2025-04-10 21:35:12 
jj1 = 1, max_th = 1.970656e+00, time=2025-04-10 21:37:20 
jj1 = 138, max_th = 1.246361e+00, time=2025-04-10 21:38:22 
jj1 = 488, max_th = 2.051501e+00, time=2025-04-10 21:39:47 
jj1 = 99, max_th = 3.034180e+00, time=2025-04-10 21:40:25 
jj1 = 41, max_th = 2.104755e+00, time=2025-04-10 21:42:20 
jj1 = 528, max_th = 1.325301e+00, time=2025-04-10 21:42:37 
jj1 = 214, max_th = 2.644900e+00, time=2025-04-10 21:43:52 
jj1 = 21, max_th = 2.167358e+00, time=2025-04-10 21:45:24 
jj1 = 371, max_th = 2.038371e+00, time=2025-04-10 21:49:10 
jj1 = 175, max_th = 2.377121e+00, time=2025-04-10 21:50:05 
jj1 = 32, max_th = 1.445432e+00, time=2025-04-10 21:53:44 
jj1 = 293, max_th = 1.497298e+00, time=2025-04-10 21:53:54 
jj1 = 31, max_th = 8.762028e-01, time=2025-04-10 21:57:23 
jj1 = 527, max_th = 1.602058e+00, time=2025-04-10 21:58:02 
jj1 = 411, max_th = 2.105423e+00, time=2025-04-10 21:58:13 
jj1 = 448, max_th = 2.182705e+00, time=2025-04-10 22:00:14 
jj1 = 98, max_th = 1.840892e+00, time=2025-04-10 22:01:06 
jj1 = 213, max_th = 1.698028e+00, time=2025-04-10 22:01:42 
jj1 = 410, max_th = 1.272818e+00, time=2025-04-10 22:03:03 
jj1 = 487, max_th = 1.834263e+00, time=2025-04-10 22:05:15 
jj1 = 255, max_th = 1.747475e+00, time=2025-04-10 22:07:42 
jj1 = 137, max_th = 2.313870e+00, time=2025-04-10 22:10:30 
jj1 = 333, max_th = 2.556979e+00, time=2025-04-10 22:11:15 
jj1 = 370, max_th = 2.311811e+00, time=2025-04-10 22:13:57 
jj1 = 409, max_th = 2.640549e+00, time=2025-04-10 22:15:27 
jj1 = 292, max_th = 1.921935e+00, time=2025-04-10 22:17:32 
jj1 = 447, max_th = 1.275031e+00, time=2025-04-10 22:17:55 
jj1 = 174, max_th = 2.023924e+00, time=2025-04-10 22:18:01 
jj1 = 408, max_th = 2.832003e+00, time=2025-04-10 22:18:51 
jj1 = 97, max_th = 2.170435e+00, time=2025-04-10 22:20:43 
jj1 = 136, max_th = 1.462831e+00, time=2025-04-10 22:24:09 
jj1 = 526, max_th = 1.956605e+00, time=2025-04-10 22:24:54 
jj1 = 212, max_th = 1.906019e+00, time=2025-04-10 22:25:47 
jj1 = 486, max_th = 2.086320e+00, time=2025-04-10 22:27:21 
jj1 = 446, max_th = 1.119044e+00, time=2025-04-10 22:27:26 
jj1 = 332, max_th = 1.406007e+00, time=2025-04-10 22:29:13 
jj1 = 369, max_th = 2.119761e+00, time=2025-04-10 22:30:13 
jj1 = 254, max_th = 2.530849e+00, time=2025-04-10 22:30:23 
jj1 = 485, max_th = 2.684762e+00, time=2025-04-10 22:31:16 
jj1 = 173, max_th = 1.375145e+00, time=2025-04-10 22:32:43 
jj1 = 172, max_th = 2.986809e+00, time=2025-04-10 22:36:15 
jj1 = 407, max_th = 1.469040e+00, time=2025-04-10 22:36:54 
jj1 = 96, max_th = 2.363207e+00, time=2025-04-10 22:39:41 
jj1 = 368, max_th = 1.121117e+00, time=2025-04-10 22:41:01 
jj1 = 291, max_th = 1.813891e+00, time=2025-04-10 22:41:04 
jj1 = 525, max_th = 2.226621e+00, time=2025-04-10 22:42:11 
jj1 = 331, max_th = 1.421881e+00, time=2025-04-10 22:42:36 
jj1 = 135, max_th = 1.464586e+00, time=2025-04-10 22:42:46 
jj1 = 253, max_th = 2.189289e+00, time=2025-04-10 22:44:16 
jj1 = 406, max_th = 2.241014e+00, time=2025-04-10 22:49:24 
jj1 = 211, max_th = 1.904229e+00, time=2025-04-10 22:49:29 
jj1 = 95, max_th = 2.253122e+00, time=2025-04-10 22:52:16 
jj1 = 367, max_th = 2.587891e+00, time=2025-04-10 22:55:22 
jj1 = 134, max_th = 2.551406e+00, time=2025-04-10 22:55:32 
jj1 = 290, max_th = 1.451598e+00, time=2025-04-10 22:55:34 
jj1 = 171, max_th = 2.361070e+00, time=2025-04-10 22:56:18 
jj1 = 484, max_th = 1.666827e+00, time=2025-04-10 22:57:18 
jj1 = 445, max_th = 1.629778e+00, time=2025-04-10 22:59:20 
jj1 = 94, max_th = 2.410236e+00, time=2025-04-10 22:59:39 
jj1 = 330, max_th = 1.682275e+00, time=2025-04-10 23:01:47 
jj1 = 444, max_th = 2.857240e+00, time=2025-04-10 23:05:31 
jj1 = 524, max_th = 2.283101e+00, time=2025-04-10 23:06:34 
jj1 = 252, max_th = 1.754784e+00, time=2025-04-10 23:07:47 
jj1 = 443, max_th = 7.272955e-01, time=2025-04-10 23:11:20 
jj1 = 210, max_th = 2.217700e+00, time=2025-04-10 23:11:22 
jj1 = 170, max_th = 1.840447e+00, time=2025-04-10 23:11:29 
jj1 = 93, max_th = 1.460866e+00, time=2025-04-10 23:12:14 
jj1 = 405, max_th = 2.182141e+00, time=2025-04-10 23:14:26 
jj1 = 133, max_th = 1.758925e+00, time=2025-04-10 23:18:49 
jj1 = 329, max_th = 2.253013e+00, time=2025-04-10 23:19:37 
jj1 = 366, max_th = 1.687155e+00, time=2025-04-10 23:19:41 
jj1 = 92, max_th = 1.116736e+00, time=2025-04-10 23:19:57 
jj1 = 289, max_th = 2.092983e+00, time=2025-04-10 23:21:37 
jj1 = 483, max_th = 1.865095e+00, time=2025-04-10 23:22:08 
jj1 = 523, max_th = 2.299517e+00, time=2025-04-10 23:22:18 
jj1 = 404, max_th = 1.219789e+00, time=2025-04-10 23:22:26 
jj1 = 442, max_th = 2.203765e+00, time=2025-04-10 23:25:15 
jj1 = 169, max_th = 1.954164e+00, time=2025-04-10 23:27:59 
jj1 = 251, max_th = 2.050588e+00, time=2025-04-10 23:29:37 
jj1 = 328, max_th = 2.657913e+00, time=2025-04-10 23:31:12 
jj1 = 209, max_th = 2.009279e+00, time=2025-04-10 23:32:58 
jj1 = 168, max_th = 1.051674e+00, time=2025-04-10 23:35:43 
jj1 = 403, max_th = 1.364163e+00, time=2025-04-10 23:35:49 
jj1 = 288, max_th = 1.543584e+00, time=2025-04-10 23:36:08 
jj1 = 365, max_th = 1.684701e+00, time=2025-04-10 23:36:50 
jj1 = 482, max_th = 1.889029e+00, time=2025-04-10 23:42:25 
jj1 = 522, max_th = 1.947920e+00, time=2025-04-10 23:42:46 
jj1 = 91, max_th = 2.195179e+00, time=2025-04-10 23:42:47 
jj1 = 132, max_th = 2.186082e+00, time=2025-04-10 23:43:12 
jj1 = 167, max_th = 1.290885e+00, time=2025-04-10 23:45:06 
jj1 = 441, max_th = 1.878639e+00, time=2025-04-10 23:47:16 
jj1 = 327, max_th = 2.024241e+00, time=2025-04-10 23:52:55 
jj1 = 208, max_th = 2.435304e+00, time=2025-04-10 23:55:56 
jj1 = 402, max_th = 2.094471e+00, time=2025-04-10 23:57:41 
jj1 = 250, max_th = 1.823798e+00, time=2025-04-10 23:59:07 
jj1 = 287, max_th = 2.111196e+00, time=2025-04-11 00:00:27 
jj1 = 364, max_th = 2.293356e+00, time=2025-04-11 00:00:36 
jj1 = 207, max_th = 2.641728e+00, time=2025-04-11 00:02:10 
jj1 = 90, max_th = 1.688748e+00, time=2025-04-11 00:03:49 
jj1 = 131, max_th = 2.271722e+00, time=2025-04-11 00:04:32 
jj1 = 249, max_th = 2.984805e+00, time=2025-04-11 00:05:21 
jj1 = 521, max_th = 1.730939e+00, time=2025-04-11 00:05:37 
jj1 = 481, max_th = 2.467812e+00, time=2025-04-11 00:08:35 
jj1 = 440, max_th = 2.244078e+00, time=2025-04-11 00:09:14 
jj1 = 363, max_th = 1.274106e+00, time=2025-04-11 00:12:39 
jj1 = 520, max_th = 2.652733e+00, time=2025-04-11 00:14:46 
jj1 = 326, max_th = 1.463426e+00, time=2025-04-11 00:14:47 
jj1 = 286, max_th = 2.063026e+00, time=2025-04-11 00:16:38 
jj1 = 401, max_th = 2.005169e+00, time=2025-04-11 00:18:52 
jj1 = 519, max_th = 1.143428e+00, time=2025-04-11 00:22:33 
jj1 = 166, max_th = 2.285673e+00, time=2025-04-11 00:24:35 
jj1 = 206, max_th = 1.996405e+00, time=2025-04-11 00:25:53 
jj1 = 89, max_th = 1.835355e+00, time=2025-04-11 00:27:14 
jj1 = 362, max_th = 1.487540e+00, time=2025-04-11 00:27:16 
jj1 = 439, max_th = 2.007622e+00, time=2025-04-11 00:29:55 
jj1 = 285, max_th = 1.151613e+00, time=2025-04-11 00:30:00 
jj1 = 518, max_th = 2.447008e+00, time=2025-04-11 00:31:34 
jj1 = 130, max_th = 1.988207e+00, time=2025-04-11 00:33:14 
jj1 = 325, max_th = 2.265203e+00, time=2025-04-11 00:36:50 
jj1 = 248, max_th = 2.041706e+00, time=2025-04-11 00:37:29 
jj1 = 324, max_th = 1.021368e+00, time=2025-04-11 00:40:09 
jj1 = 361, max_th = 1.488695e+00, time=2025-04-11 00:40:42 
jj1 = 480, max_th = 1.972290e+00, time=2025-04-11 00:41:17 
jj1 = 400, max_th = 2.163635e+00, time=2025-04-11 00:41:21 
jj1 = 88, max_th = 2.379736e+00, time=2025-04-11 00:41:52 
jj1 = 438, max_th = 2.579405e+00, time=2025-04-11 00:43:03 
jj1 = 517, max_th = 1.452650e+00, time=2025-04-11 00:44:47 
jj1 = 205, max_th = 2.390018e+00, time=2025-04-11 00:44:50 
jj1 = 284, max_th = 2.337961e+00, time=2025-04-11 00:48:45 
jj1 = 516, max_th = 3.023643e+00, time=2025-04-11 00:48:49 
jj1 = 479, max_th = 2.992129e+00, time=2025-04-11 00:48:55 
jj1 = 165, max_th = 2.067423e+00, time=2025-04-11 00:51:04 
jj1 = 164, max_th = 3.321959e+00, time=2025-04-11 00:51:31 
jj1 = 399, max_th = 1.623531e+00, time=2025-04-11 00:53:15 
jj1 = 515, max_th = 2.863813e+00, time=2025-04-11 00:55:40 
jj1 = 247, max_th = 2.464985e+00, time=2025-04-11 00:57:27 
jj1 = 437, max_th = 2.332330e+00, time=2025-04-11 00:57:44 
jj1 = 360, max_th = 1.951594e+00, time=2025-04-11 00:59:36 
jj1 = 283, max_th = 1.558386e+00, time=2025-04-11 01:03:30 
jj1 = 204, max_th = 1.299583e+00, time=2025-04-11 01:03:42 
jj1 = 398, max_th = 2.564991e+00, time=2025-04-11 01:04:36 
jj1 = 87, max_th = 2.374263e+00, time=2025-04-11 01:04:43 
jj1 = 129, max_th = 2.132503e+00, time=2025-04-11 01:05:57 
jj1 = 323, max_th = 1.629674e+00, time=2025-04-11 01:06:03 
jj1 = 436, max_th = 2.898442e+00, time=2025-04-11 01:10:38 
jj1 = 246, max_th = 2.634803e+00, time=2025-04-11 01:11:50 
jj1 = 163, max_th = 1.775759e+00, time=2025-04-11 01:12:32 
jj1 = 514, max_th = 1.980046e+00, time=2025-04-11 01:13:23 
jj1 = 478, max_th = 2.054207e+00, time=2025-04-11 01:14:10 
jj1 = 282, max_th = 1.926921e+00, time=2025-04-11 01:21:17 
jj1 = 281, max_th = 4.984129e-01, time=2025-04-11 01:21:57 
jj1 = 513, max_th = 2.668370e+00, time=2025-04-11 01:22:44 
jj1 = 128, max_th = 2.421601e+00, time=2025-04-11 01:24:34 
jj1 = 86, max_th = 1.716633e+00, time=2025-04-11 01:25:27 
jj1 = 359, max_th = 2.125304e+00, time=2025-04-11 01:28:27 
jj1 = 203, max_th = 2.123054e+00, time=2025-04-11 01:29:06 
jj1 = 322, max_th = 2.101912e+00, time=2025-04-11 01:30:05 
jj1 = 512, max_th = 2.667373e+00, time=2025-04-11 01:30:09 
jj1 = 162, max_th = 1.567463e+00, time=2025-04-11 01:30:24 
jj1 = 435, max_th = 1.843169e+00, time=2025-04-11 01:31:09 
jj1 = 397, max_th = 1.916406e+00, time=2025-04-11 01:31:25 
jj1 = 245, max_th = 2.368638e+00, time=2025-04-11 01:32:46 
jj1 = 280, max_th = 2.388826e+00, time=2025-04-11 01:39:51 
jj1 = 244, max_th = 1.144567e+00, time=2025-04-11 01:41:32 
jj1 = 85, max_th = 1.763036e+00, time=2025-04-11 01:41:41 
jj1 = 358, max_th = 3.366143e+00, time=2025-04-11 01:41:50 
jj1 = 127, max_th = 1.872089e+00, time=2025-04-11 01:44:47 
jj1 = 511, max_th = 1.435642e+00, time=2025-04-11 01:45:14 
jj1 = 243, max_th = -4.267815e-01, time=2025-04-11 01:45:37 
jj1 = 161, max_th = 2.335539e+00, time=2025-04-11 01:49:20 
jj1 = 477, max_th = 2.227194e+00, time=2025-04-11 01:49:40 
jj1 = 510, max_th = 1.199759e+00, time=2025-04-11 01:52:06 
jj1 = 476, max_th = 4.682050e+00, time=2025-04-11 01:52:15 
jj1 = 202, max_th = 1.945782e+00, time=2025-04-11 01:53:25 
jj1 = 396, max_th = 1.828870e+00, time=2025-04-11 01:54:12 
jj1 = 84, max_th = 1.237399e+00, time=2025-04-11 01:55:38 
jj1 = 434, max_th = 1.725231e+00, time=2025-04-11 01:57:21 
jj1 = 321, max_th = 1.983531e+00, time=2025-04-11 01:57:25 
jj1 = 433, max_th = 1.047867e+00, time=2025-04-11 02:00:24 
jj1 = 357, max_th = 1.571719e+00, time=2025-04-11 02:01:43 
jj1 = 242, max_th = 2.400054e+00, time=2025-04-11 02:02:25 
jj1 = 279, max_th = 2.205772e+00, time=2025-04-11 02:03:21 
jj1 = 201, max_th = 1.335093e+00, time=2025-04-11 02:04:46 
jj1 = 475, max_th = 1.413917e+00, time=2025-04-11 02:08:19 
jj1 = 509, max_th = 2.245647e+00, time=2025-04-11 02:10:29 
jj1 = 83, max_th = 1.494771e+00, time=2025-04-11 02:11:24 
jj1 = 160, max_th = 1.944306e+00, time=2025-04-11 02:14:15 
jj1 = 432, max_th = 1.802320e+00, time=2025-04-11 02:16:32 
jj1 = 320, max_th = 1.776850e+00, time=2025-04-11 02:20:46 
jj1 = 395, max_th = 1.784510e+00, time=2025-04-11 02:21:16 
jj1 = 278, max_th = 1.595312e+00, time=2025-04-11 02:21:39 
jj1 = 508, max_th = -4.688950e-02, time=2025-04-11 02:23:16 
jj1 = 159, max_th = 2.272958e+00, time=2025-04-11 02:24:51 
jj1 = 356, max_th = 1.819563e+00, time=2025-04-11 02:25:18 
jj1 = 126, max_th = 2.083827e+00, time=2025-04-11 02:25:19 
jj1 = 241, max_th = 1.977280e+00, time=2025-04-11 02:25:38 
jj1 = 474, max_th = 1.794199e+00, time=2025-04-11 02:30:30 
jj1 = 200, max_th = 1.842593e+00, time=2025-04-11 02:33:31 
jj1 = 158, max_th = 2.601044e+00, time=2025-04-11 02:36:08 
jj1 = 394, max_th = 2.339885e+00, time=2025-04-11 02:39:28 
jj1 = 240, max_th = 1.584114e+00, time=2025-04-11 02:41:16 
jj1 = 355, max_th = 1.559067e+00, time=2025-04-11 02:41:31 
jj1 = 507, max_th = 2.320178e+00, time=2025-04-11 02:43:43 
jj1 = 277, max_th = 2.110461e+00, time=2025-04-11 02:44:08 
jj1 = 393, max_th = 1.226581e+00, time=2025-04-11 02:46:11 
jj1 = 431, max_th = 1.413474e+00, time=2025-04-11 02:46:14 
jj1 = 82, max_th = 1.825288e+00, time=2025-04-11 02:46:23 
jj1 = 473, max_th = 1.781912e+00, time=2025-04-11 02:49:37 
jj1 = 125, max_th = 2.201401e+00, time=2025-04-11 02:51:33 
jj1 = 199, max_th = 1.531740e+00, time=2025-04-11 02:52:13 
jj1 = 319, max_th = 1.932217e+00, time=2025-04-11 02:52:42 
jj1 = 157, max_th = 1.794563e+00, time=2025-04-11 02:57:06 
jj1 = 430, max_th = 1.382681e+00, time=2025-04-11 02:59:30 
jj1 = 392, max_th = 2.132406e+00, time=2025-04-11 02:59:55 
jj1 = 239, max_th = 1.432451e+00, time=2025-04-11 03:02:18 
jj1 = 354, max_th = 1.621099e+00, time=2025-04-11 03:02:27 
jj1 = 472, max_th = 1.525738e+00, time=2025-04-11 03:02:42 
jj1 = 429, max_th = 3.065566e+00, time=2025-04-11 03:03:25 
jj1 = 124, max_th = 1.226636e+00, time=2025-04-11 03:03:36 
jj1 = 506, max_th = 2.013738e+00, time=2025-04-11 03:05:23 
jj1 = 318, max_th = 2.664050e+00, time=2025-04-11 03:05:56 
jj1 = 276, max_th = 2.082579e+00, time=2025-04-11 03:06:30 
jj1 = 275, max_th = 6.467482e-01, time=2025-04-11 03:08:41 
jj1 = 81, max_th = 1.986779e+00, time=2025-04-11 03:10:32 
jj1 = 198, max_th = 1.909010e+00, time=2025-04-11 03:16:26 
jj1 = 353, max_th = 2.391177e+00, time=2025-04-11 03:18:36 
jj1 = 428, max_th = 1.614820e+00, time=2025-04-11 03:20:54 
jj1 = 391, max_th = 2.009291e+00, time=2025-04-11 03:22:39 
jj1 = 156, max_th = 1.773894e+00, time=2025-04-11 03:23:18 
jj1 = 238, max_th = 2.331222e+00, time=2025-04-11 03:23:24 
jj1 = 123, max_th = 1.668577e+00, time=2025-04-11 03:23:51 
jj1 = 471, max_th = 1.906306e+00, time=2025-04-11 03:26:08 
jj1 = 317, max_th = 2.292755e+00, time=2025-04-11 03:27:06 
jj1 = 80, max_th = 2.393168e+00, time=2025-04-11 03:27:39 
jj1 = 274, max_th = 1.740071e+00, time=2025-04-11 03:28:06 
jj1 = 505, max_th = 2.105649e+00, time=2025-04-11 03:30:26 
jj1 = 390, max_th = 2.790956e+00, time=2025-04-11 03:31:05 
jj1 = 273, max_th = 1.707924e+00, time=2025-04-11 03:37:40 
jj1 = 197, max_th = 1.780610e+00, time=2025-04-11 03:40:20 
jj1 = 155, max_th = 1.563966e+00, time=2025-04-11 03:40:24 
jj1 = 352, max_th = 2.109808e+00, time=2025-04-11 03:41:15 
jj1 = 237, max_th = 2.437950e+00, time=2025-04-11 03:42:08 
jj1 = 316, max_th = 2.088009e+00, time=2025-04-11 03:47:53 
jj1 = 79, max_th = 1.671477e+00, time=2025-04-11 03:49:41 
jj1 = 351, max_th = 1.384698e+00, time=2025-04-11 03:52:09 
jj1 = 504, max_th = 1.731082e+00, time=2025-04-11 03:52:58 
jj1 = 470, max_th = 1.923339e+00, time=2025-04-11 03:53:17 
jj1 = 272, max_th = 1.537030e+00, time=2025-04-11 03:53:18 
jj1 = 154, max_th = 1.588576e+00, time=2025-04-11 03:53:31 
jj1 = 389, max_th = 2.156157e+00, time=2025-04-11 03:54:22 
jj1 = 122, max_th = 1.477840e+00, time=2025-04-11 03:54:32 
jj1 = 427, max_th = 3.123675e+00, time=2025-04-11 03:56:45 
jj1 = 388, max_th = 1.225454e+00, time=2025-04-11 04:00:04 
jj1 = 426, max_th = 1.349111e+00, time=2025-04-11 04:02:17 
jj1 = 315, max_th = 2.772325e+00, time=2025-04-11 04:04:23 
jj1 = 387, max_th = 1.080725e+00, time=2025-04-11 04:06:48 
jj1 = 196, max_th = 1.844194e+00, time=2025-04-11 04:06:51 
jj1 = 350, max_th = 1.493707e+00, time=2025-04-11 04:09:56 
jj1 = 78, max_th = 2.289200e+00, time=2025-04-11 04:09:58 
jj1 = 77, max_th = 9.841609e-01, time=2025-04-11 04:13:54 
jj1 = 236, max_th = 1.929151e+00, time=2025-04-11 04:13:56 
jj1 = 469, max_th = 2.325855e+00, time=2025-04-11 04:14:10 
jj1 = 503, max_th = 2.232502e+00, time=2025-04-11 04:15:29 
jj1 = 271, max_th = 2.024021e+00, time=2025-04-11 04:16:15 
jj1 = 425, max_th = 1.598278e+00, time=2025-04-11 04:17:21 
jj1 = 153, max_th = 2.111401e+00, time=2025-04-11 04:17:30 
jj1 = 314, max_th = 2.551401e+00, time=2025-04-11 04:18:08 
jj1 = 121, max_th = 1.727062e+00, time=2025-04-11 04:21:10 
jj1 = 152, max_th = 1.323718e+00, time=2025-04-11 04:22:50 
jj1 = 386, max_th = 2.151383e+00, time=2025-04-11 04:27:47 
jj1 = 424, max_th = 1.330672e+00, time=2025-04-11 04:28:53 
jj1 = 195, max_th = 1.633563e+00, time=2025-04-11 04:30:13 
jj1 = 313, max_th = 2.449712e+00, time=2025-04-11 04:31:37 
jj1 = 120, max_th = 2.418178e+00, time=2025-04-11 04:33:16 
jj1 = 349, max_th = 2.026035e+00, time=2025-04-11 04:34:19 
jj1 = 270, max_th = 2.096594e+00, time=2025-04-11 04:37:17 
jj1 = 76, max_th = 2.255112e+00, time=2025-04-11 04:37:31 
jj1 = 502, max_th = 2.043084e+00, time=2025-04-11 04:39:23 
jj1 = 423, max_th = 1.315039e+00, time=2025-04-11 04:39:40 
jj1 = 269, max_th = 4.256940e-01, time=2025-04-11 04:39:42 
jj1 = 151, max_th = 1.734681e+00, time=2025-04-11 04:41:02 
jj1 = 468, max_th = 2.082979e+00, time=2025-04-11 04:42:08 
jj1 = 150, max_th = 3.000140e+00, time=2025-04-11 04:42:45 
jj1 = 348, max_th = 1.330407e+00, time=2025-04-11 04:45:54 
jj1 = 235, max_th = 1.783813e+00, time=2025-04-11 04:46:17 
jj1 = 385, max_th = 2.044886e+00, time=2025-04-11 04:46:21 
jj1 = 194, max_th = 1.707183e+00, time=2025-04-11 04:49:18 
jj1 = 312, max_th = 1.518468e+00, time=2025-04-11 04:49:37 
jj1 = 422, max_th = 1.379257e+00, time=2025-04-11 04:52:08 
jj1 = 467, max_th = 1.305108e+00, time=2025-04-11 04:58:06 
jj1 = 75, max_th = 2.231412e+00, time=2025-04-11 04:59:03 
jj1 = 119, max_th = 1.815087e+00, time=2025-04-11 04:59:22 
jj1 = 501, max_th = 2.285537e+00, time=2025-04-11 05:01:03 
jj1 = 268, max_th = 1.725401e+00, time=2025-04-11 05:01:06 
jj1 = 234, max_th = 1.810947e+00, time=2025-04-11 05:05:19 
jj1 = 311, max_th = 1.948076e+00, time=2025-04-11 05:06:36 
jj1 = 384, max_th = 2.145589e+00, time=2025-04-11 05:07:25 
jj1 = 347, max_th = 1.868291e+00, time=2025-04-11 05:07:50 
jj1 = 421, max_th = 2.486664e+00, time=2025-04-11 05:08:50 
jj1 = 267, max_th = 1.742415e+00, time=2025-04-11 05:13:35 
jj1 = 193, max_th = 2.014974e+00, time=2025-04-11 05:13:49 
jj1 = 310, max_th = 2.551304e+00, time=2025-04-11 05:17:07 
jj1 = 74, max_th = 2.195167e+00, time=2025-04-11 05:20:06 
jj1 = 266, max_th = 2.801041e+00, time=2025-04-11 05:23:22 
jj1 = 118, max_th = 1.843235e+00, time=2025-04-11 05:23:34 
jj1 = 420, max_th = 2.412475e+00, time=2025-04-11 05:23:55 
jj1 = 466, max_th = 2.267598e+00, time=2025-04-11 05:24:20 
jj1 = 233, max_th = 1.496902e+00, time=2025-04-11 05:24:50 
jj1 = 346, max_th = 1.555212e+00, time=2025-04-11 05:25:52 
jj1 = 73, max_th = 2.699432e+00, time=2025-04-11 05:28:03 
jj1 = 149, max_th = 2.464584e+00, time=2025-04-11 05:28:21 
jj1 = 192, max_th = 1.472397e+00, time=2025-04-11 05:29:17 
jj1 = 383, max_th = 2.236210e+00, time=2025-04-11 05:29:20 
jj1 = 500, max_th = 2.459214e+00, time=2025-04-11 05:29:29 
jj1 = 382, max_th = 3.138937e+00, time=2025-04-11 05:31:16 
jj1 = 72, max_th = 2.976313e+00, time=2025-04-11 05:31:42 
jj1 = 309, max_th = 1.631135e+00, time=2025-04-11 05:32:58 
jj1 = 117, max_th = 1.584942e+00, time=2025-04-11 05:39:26 
jj1 = 191, max_th = 1.430842e+00, time=2025-04-11 05:42:14 
jj1 = 345, max_th = 1.939537e+00, time=2025-04-11 05:46:21 
jj1 = 265, max_th = 2.121474e+00, time=2025-04-11 05:47:11 
jj1 = 499, max_th = 1.480165e+00, time=2025-04-11 05:49:02 
jj1 = 71, max_th = 2.415214e+00, time=2025-04-11 05:49:08 
jj1 = 148, max_th = 1.984934e+00, time=2025-04-11 05:51:18 
jj1 = 419, max_th = 2.196381e+00, time=2025-04-11 05:51:20 
jj1 = 232, max_th = 2.028686e+00, time=2025-04-11 05:53:18 
jj1 = 381, max_th = 1.955380e+00, time=2025-04-11 05:53:58 
jj1 = 465, max_th = 2.234509e+00, time=2025-04-11 05:54:24 
jj1 = 308, max_th = 1.853753e+00, time=2025-04-11 05:54:44 
jj1 = 344, max_th = 1.620841e+00, time=2025-04-11 06:04:08 
jj1 = 190, max_th = 1.994619e+00, time=2025-04-11 06:04:59 
jj1 = 116, max_th = 2.010144e+00, time=2025-04-11 06:06:42 
jj1 = 70, max_th = 2.050982e+00, time=2025-04-11 06:07:39 
jj1 = 498, max_th = 1.656583e+00, time=2025-04-11 06:07:43 
jj1 = 418, max_th = 1.655009e+00, time=2025-04-11 06:08:07 
jj1 = 69, max_th = 8.924197e-01, time=2025-04-11 06:10:38 
jj1 = 264, max_th = 1.741185e+00, time=2025-04-11 06:10:41 
jj1 = 147, max_th = 1.887684e+00, time=2025-04-11 06:16:45 
jj1 = 231, max_th = 1.956626e+00, time=2025-04-11 06:17:40 
jj1 = 146, max_th = 9.124385e-01, time=2025-04-11 06:18:58 
jj1 = 464, max_th = 1.962174e+00, time=2025-04-11 06:20:59 
jj1 = 68, max_th = 1.797962e+00, time=2025-04-11 06:21:11 
jj1 = 343, max_th = 1.883014e+00, time=2025-04-11 06:22:53 
jj1 = 189, max_th = 2.102550e+00, time=2025-04-11 06:27:55 
jj1 = 263, max_th = 2.538019e+00, time=2025-04-11 06:29:07 
jj1 = 115, max_th = 1.761500e+00, time=2025-04-11 06:30:12 
jj1 = 145, max_th = 1.185153e+00, time=2025-04-11 06:30:50 
jj1 = 497, max_th = 2.078695e+00, time=2025-04-11 06:32:22 
jj1 = 417, max_th = 1.860875e+00, time=2025-04-11 06:33:46 
jj1 = 380, max_th = 2.171722e+00, time=2025-04-11 06:34:46 
jj1 = 188, max_th = 1.255819e+00, time=2025-04-11 06:36:03 
jj1 = 144, max_th = 9.793033e-01, time=2025-04-11 06:38:26 
jj1 = 143, max_th = 9.678001e-01, time=2025-04-11 06:39:12 
jj1 = 230, max_th = 1.762884e+00, time=2025-04-11 06:39:38 
jj1 = 416, max_th = 2.724934e+00, time=2025-04-11 06:42:24 
jj1 = 463, max_th = 2.105077e+00, time=2025-04-11 06:43:00 
jj1 = 307, max_th = 2.191478e+00, time=2025-04-11 06:43:20 
jj1 = 187, max_th = 1.364486e+00, time=2025-04-11 06:44:57 
jj1 = 262, max_th = 2.343056e+00, time=2025-04-11 06:45:26 
jj1 = 67, max_th = 2.040954e+00, time=2025-04-11 06:45:51 
jj1 = 114, max_th = 2.465365e+00, time=2025-04-11 06:47:26 
jj1 = 496, max_th = 1.772850e+00, time=2025-04-11 06:50:37 
jj1 = 113, max_th = 1.515683e+00, time=2025-04-11 06:51:27 
jj1 = 142, max_th = 2.161416e+00, time=2025-04-11 06:52:55 
jj1 = 229, max_th = 2.688223e+00, time=2025-04-11 06:53:05 
jj1 = 415, max_th = 1.699953e+00, time=2025-04-11 06:53:44 
jj1 = 228, max_th = 1.064209e+00, time=2025-04-11 06:54:45 
jj1 = 379, max_th = 2.141631e+00, time=2025-04-11 06:57:08 
jj1 = 342, max_th = 2.180048e+00, time=2025-04-11 06:58:23 
jj1 = 261, max_th = 2.339044e+00, time=2025-04-11 07:01:06 
jj1 = 141, max_th = 1.222271e+00, time=2025-04-11 07:01:51 
jj1 = 495, max_th = 2.603366e+00, time=2025-04-11 07:02:16 
jj1 = 462, max_th = 2.264146e+00, time=2025-04-11 07:04:30 
jj1 = 306, max_th = 1.612244e+00, time=2025-04-11 07:05:30 
jj1 = 305, max_th = 1.199740e+00, time=2025-04-11 07:09:18 
jj1 = 414, max_th = 2.337170e+00, time=2025-04-11 07:10:29 
jj1 = 186, max_th = 1.893640e+00, time=2025-04-11 07:11:09 
jj1 = 260, max_th = 1.344869e+00, time=2025-04-11 07:11:41 
jj1 = 341, max_th = 2.347669e+00, time=2025-04-11 07:12:16 
jj1 = 66, max_th = 2.187604e+00, time=2025-04-11 07:13:14 
jj1 = 378, max_th = 1.658657e+00, time=2025-04-11 07:13:18 
jj1 = 185, max_th = 8.479251e-01, time=2025-04-11 07:15:15 
jj1 = 112, max_th = 2.327297e+00, time=2025-04-11 07:17:30 
jj1 = 259, max_th = 2.491294e+00, time=2025-04-11 07:20:35 
jj1 = 227, max_th = 1.687784e+00, time=2025-04-11 07:20:44 
jj1 = 494, max_th = 2.189462e+00, time=2025-04-11 07:21:37 
jj1 = 65, max_th = 2.655027e+00, time=2025-04-11 07:23:09 
jj1 = 413, max_th = 1.746298e+00, time=2025-04-11 07:28:09 
jj1 = 461, max_th = 2.072189e+00, time=2025-04-11 07:28:48 
jj1 = 140, max_th = 1.988133e+00, time=2025-04-11 07:29:27 
jj1 = 304, max_th = 2.313213e+00, time=2025-04-11 07:30:10 
jj1 = 184, max_th = 1.701293e+00, time=2025-04-11 07:32:28 
jj1 = 340, max_th = 2.027146e+00, time=2025-04-11 07:37:02 
jj1 = 377, max_th = 2.053722e+00, time=2025-04-11 07:38:12 
jj1 = 111, max_th = 2.033762e+00, time=2025-04-11 07:38:56 
jj1 = 226, max_th = 1.807902e+00, time=2025-04-11 07:39:03 
jj1 = 376, max_th = 3.147226e+00, time=2025-04-11 07:39:44 
jj1 = 493, max_th = 1.998415e+00, time=2025-04-11 07:40:01 
jj1 = 139, max_th = 1.339548e+00, time=2025-04-11 07:40:34 
jj1 = 258, max_th = 2.181046e+00, time=2025-04-11 07:42:00 
jj1 = 64, max_th = 1.670896e+00, time=2025-04-11 07:43:41 
jj1 = 375, max_th = 1.057178e+00, time=2025-04-11 07:44:10 
jj1 = 568, max_th = 2.649395e+00, time=2025-04-11 07:47:56 
jj1 = 567, max_th = -8.785449e-02, time=2025-04-11 07:48:05 
jj1 = 374, max_th = -4.950900e-03, time=2025-04-11 07:53:32 
jj1 = 460, max_th = 1.772588e+00, time=2025-04-11 07:53:40 
jj1 = 63, max_th = 1.054429e+00, time=2025-04-11 07:54:09 
jj1 = 257, max_th = 2.467118e+00, time=2025-04-11 07:54:34 
jj1 = 183, max_th = 2.279949e+00, time=2025-04-11 07:58:11 
jj1 = 339, max_th = 2.054856e+00, time=2025-04-11 07:59:47 
jj1 = 303, max_th = 1.481936e+00, time=2025-04-11 08:00:07 
jj1 = 256, max_th = 2.677472e+00, time=2025-04-11 08:00:44 
jj1 = 62, max_th = 3.076654e+00, time=2025-04-11 08:01:14 
jj1 = 110, max_th = 1.926745e+00, time=2025-04-11 08:02:08 
jj1 = 492, max_th = 1.813982e+00, time=2025-04-11 08:02:43 
jj1 = 225, max_th = 2.161432e+00, time=2025-04-11 08:03:43 
jj1 = 459, max_th = 2.619744e+00, time=2025-04-11 08:07:41 
jj1 = 412, max_th = 1.927023e+00, time=2025-04-11 08:08:58 
jj1 = 566, max_th = 2.261173e+00, time=2025-04-11 08:09:01 
jj1 = 373, max_th = 2.488208e+00, time=2025-04-11 08:10:09 
jj1 = 224, max_th = 1.240797e+00, time=2025-04-11 08:11:09 
jj1 = 182, max_th = 2.638736e+00, time=2025-04-11 08:16:55 
jj1 = 608, max_th = 2.153755e+00, time=2025-04-11 08:17:04 
jj1 = 302, max_th = 1.758237e+00, time=2025-04-11 08:20:22 
jj1 = 109, max_th = 1.682240e+00, time=2025-04-11 08:22:06 
jj1 = 338, max_th = 2.047077e+00, time=2025-04-11 08:22:15 
jj1 = 61, max_th = 1.980436e+00, time=2025-04-11 08:25:13 
jj1 = 181, max_th = 2.396435e+00, time=2025-04-11 08:25:58 
jj1 = 491, max_th = 2.185685e+00, time=2025-04-11 08:27:40 
jj1 = 458, max_th = 1.466504e+00, time=2025-04-11 08:28:23 
jj1 = 565, max_th = 1.640535e+00, time=2025-04-11 08:28:35 
jj1 = 708, max_th = 2.727498e+00, time=2025-04-11 08:32:36 
jj1 = 607, max_th = 2.283044e+00, time=2025-04-11 08:33:20 
jj1 = 301, max_th = 2.395237e+00, time=2025-04-11 08:36:33 
jj1 = 728, max_th = 2.473080e+00, time=2025-04-11 08:37:56 
jj1 = 490, max_th = 2.274613e+00, time=2025-04-11 08:38:05 
jj1 = 223, max_th = 1.831931e+00, time=2025-04-11 08:39:15 
jj1 = 108, max_th = 2.440033e+00, time=2025-04-11 08:40:22 
jj1 = 588, max_th = 1.737675e+00, time=2025-04-11 08:41:54 
jj1 = 457, max_th = 1.451688e+00, time=2025-04-11 08:42:19 
jj1 = 727, max_th = 1.313455e+00, time=2025-04-11 08:45:02 
jj1 = 564, max_th = 1.999136e+00, time=2025-04-11 08:46:03 
jj1 = 707, max_th = 2.523894e+00, time=2025-04-11 08:47:22 
jj1 = 300, max_th = 1.453612e+00, time=2025-04-11 08:49:49 
jj1 = 606, max_th = 1.670878e+00, time=2025-04-11 08:50:58 
jj1 = 587, max_th = 1.443094e+00, time=2025-04-11 08:52:09 
jj1 = 107, max_th = 2.720202e+00, time=2025-04-11 08:53:42 
jj1 = 180, max_th = 2.143251e+00, time=2025-04-11 08:54:28 
jj1 = 222, max_th = 2.612486e+00, time=2025-04-11 08:56:25 
jj1 = 726, max_th = 1.479019e+00, time=2025-04-11 08:56:45 
jj1 = 337, max_th = 3.012933e+00, time=2025-04-11 08:58:30 
jj1 = 688, max_th = 1.918014e+00, time=2025-04-11 08:59:47 
jj1 = 456, max_th = 1.636362e+00, time=2025-04-11 09:03:32 
jj1 = 299, max_th = 1.485878e+00, time=2025-04-11 09:04:03 
jj1 = 725, max_th = 1.108857e+00, time=2025-04-11 09:04:54 
jj1 = 563, max_th = 1.864288e+00, time=2025-04-11 09:08:47 
jj1 = 179, max_th = 1.551592e+00, time=2025-04-11 09:09:49 
jj1 = 724, max_th = 9.413760e-01, time=2025-04-11 09:10:58 
jj1 = 605, max_th = 2.418330e+00, time=2025-04-11 09:11:42 
jj1 = 706, max_th = 2.217144e+00, time=2025-04-11 09:13:12 
jj1 = 586, max_th = 1.812165e+00, time=2025-04-11 09:14:58 
jj1 = 106, max_th = 2.279449e+00, time=2025-04-11 09:15:12 
jj1 = 687, max_th = 2.425223e+00, time=2025-04-11 09:15:39 
jj1 = 336, max_th = 1.750435e+00, time=2025-04-11 09:18:03 
jj1 = 178, max_th = 1.450450e+00, time=2025-04-11 09:20:44 
jj1 = 604, max_th = 1.310685e+00, time=2025-04-11 09:22:27 
jj1 = 221, max_th = 2.213392e+00, time=2025-04-11 09:22:32 
jj1 = 723, max_th = 2.299706e+00, time=2025-04-11 09:24:04 
jj1 = 562, max_th = 2.002526e+00, time=2025-04-11 09:26:02 
jj1 = 298, max_th = 2.074915e+00, time=2025-04-11 09:28:08 
jj1 = 705, max_th = 2.444677e+00, time=2025-04-11 09:29:18 
jj1 = 455, max_th = 1.905838e+00, time=2025-04-11 09:29:21 
jj1 = 585, max_th = 2.512800e+00, time=2025-04-11 09:29:30 
jj1 = 105, max_th = 1.393434e+00, time=2025-04-11 09:31:34 
jj1 = 686, max_th = 2.205647e+00, time=2025-04-11 09:35:39 
jj1 = 335, max_th = 1.743276e+00, time=2025-04-11 09:37:14 
jj1 = 722, max_th = 2.332861e+00, time=2025-04-11 09:37:17 
jj1 = 603, max_th = 2.176903e+00, time=2025-04-11 09:38:26 
jj1 = 704, max_th = 2.638285e+00, time=2025-04-11 09:41:30 
jj1 = 548, max_th = 2.292411e+00, time=2025-04-11 09:41:46 
jj1 = 584, max_th = 1.491147e+00, time=2025-04-11 09:42:33 
jj1 = 220, max_th = 2.359353e+00, time=2025-04-11 09:43:05 
jj1 = 297, max_th = 2.485605e+00, time=2025-04-11 09:44:31 
jj1 = 561, max_th = 2.435581e+00, time=2025-04-11 09:45:24 
jj1 = 560, max_th = 7.198499e-01, time=2025-04-11 09:48:15 
jj1 = 703, max_th = 1.233726e+00, time=2025-04-11 09:50:25 
jj1 = 602, max_th = 2.839895e+00, time=2025-04-11 09:51:05 
jj1 = 702, max_th = 6.449947e-01, time=2025-04-11 09:52:24 
jj1 = 104, max_th = 2.095901e+00, time=2025-04-11 09:56:04 
jj1 = 454, max_th = 2.066706e+00, time=2025-04-11 09:56:19 
jj1 = 547, max_th = 2.527232e+00, time=2025-04-11 09:56:53 
jj1 = 219, max_th = 1.242650e+00, time=2025-04-11 09:58:51 
jj1 = 334, max_th = 2.019215e+00, time=2025-04-11 10:00:44 
jj1 = 453, max_th = 1.510225e+00, time=2025-04-11 10:04:47 
jj1 = 296, max_th = 2.364998e+00, time=2025-04-11 10:05:58 
jj1 = 583, max_th = 1.577727e+00, time=2025-04-11 10:06:40 
jj1 = 685, max_th = 1.805217e+00, time=2025-04-11 10:07:47 
jj1 = 721, max_th = 2.070974e+00, time=2025-04-11 10:07:54 
jj1 = 684, max_th = 2.715859e-01, time=2025-04-11 10:07:56 
jj1 = 601, max_th = 1.743911e+00, time=2025-04-11 10:08:15 
jj1 = 701, max_th = 2.398096e+00, time=2025-04-11 10:09:18 
jj1 = 218, max_th = 1.431649e+00, time=2025-04-11 10:10:27 
jj1 = 103, max_th = 2.196914e+00, time=2025-04-11 10:15:06 
jj1 = 720, max_th = 9.755377e-01, time=2025-04-11 10:15:26 
jj1 = 600, max_th = 1.208846e+00, time=2025-04-11 10:16:24 
jj1 = 559, max_th = 2.174863e+00, time=2025-04-11 10:18:13 
jj1 = 295, max_th = 1.404660e+00, time=2025-04-11 10:18:56 
jj1 = 452, max_th = 2.490394e+00, time=2025-04-11 10:20:15 
jj1 = 683, max_th = 2.656067e+00, time=2025-04-11 10:21:14 
jj1 = 546, max_th = 2.138917e+00, time=2025-04-11 10:21:17 
jj1 = 700, max_th = 1.597391e+00, time=2025-04-11 10:25:25 
jj1 = 648, max_th = 2.277302e+00, time=2025-04-11 10:25:37 
jj1 = 768, max_th = 1.443639e+00, time=2025-04-11 10:28:39 
jj1 = 719, max_th = 1.554265e+00, time=2025-04-11 10:32:54 
jj1 = 582, max_th = 2.220411e+00, time=2025-04-11 10:33:37 
jj1 = 599, max_th = 1.859741e+00, time=2025-04-11 10:34:52 
jj1 = 682, max_th = 1.446870e+00, time=2025-04-11 10:36:28 
jj1 = 558, max_th = 2.051681e+00, time=2025-04-11 10:38:39 
jj1 = 102, max_th = 2.273853e+00, time=2025-04-11 10:39:59 
jj1 = 451, max_th = 2.252254e+00, time=2025-04-11 10:40:13 
jj1 = 217, max_th = 2.120678e+00, time=2025-04-11 10:40:24 
jj1 = 647, max_th = 2.182215e+00, time=2025-04-11 10:44:19 
jj1 = 699, max_th = 1.725798e+00, time=2025-04-11 10:45:57 
jj1 = 101, max_th = 2.847403e+00, time=2025-04-11 10:45:57 
jj1 = 545, max_th = 1.719042e+00, time=2025-04-11 10:46:49 
jj1 = 581, max_th = 1.292265e+00, time=2025-04-11 10:48:32 
jj1 = 767, max_th = 2.157162e+00, time=2025-04-11 10:49:29 
jj1 = 628, max_th = 1.412404e+00, time=2025-04-11 10:50:55 
jj1 = 681, max_th = 1.745105e+00, time=2025-04-11 10:52:55 
jj1 = 646, max_th = 2.465733e+00, time=2025-04-11 10:53:18 
jj1 = 598, max_th = 2.197397e+00, time=2025-04-11 10:53:47 
jj1 = 718, max_th = 2.077790e+00, time=2025-04-11 10:54:57 
jj1 = 557, max_th = 2.288960e+00, time=2025-04-11 10:55:27 
jj1 = 748, max_th = 1.360379e+00, time=2025-04-11 10:56:07 
jj1 = 717, max_th = 9.786900e-01, time=2025-04-11 10:58:51 
jj1 = 698, max_th = 2.178482e+00, time=2025-04-11 11:06:04 
jj1 = 597, max_th = 2.619370e+00, time=2025-04-11 11:08:03 
jj1 = 100, max_th = 1.839129e+00, time=2025-04-11 11:09:16 
jj1 = 580, max_th = 1.735807e+00, time=2025-04-11 11:09:31 
jj1 = 556, max_th = 2.582477e+00, time=2025-04-11 11:09:48 
jj1 = 627, max_th = 1.614089e+00, time=2025-04-11 11:11:31 
jj1 = 766, max_th = 2.113680e+00, time=2025-04-11 11:11:52 
jj1 = 680, max_th = 1.720747e+00, time=2025-04-11 11:15:34 
jj1 = 716, max_th = 1.535093e+00, time=2025-04-11 11:17:12 
jj1 = 544, max_th = 1.794408e+00, time=2025-04-11 11:17:22 
jj1 = 645, max_th = 1.995679e+00, time=2025-04-11 11:17:51 
jj1 = 555, max_th = 2.722708e+00, time=2025-04-11 11:18:18 
jj1 = 626, max_th = 2.954124e+00, time=2025-04-11 11:18:25 
jj1 = 697, max_th = 2.511025e+00, time=2025-04-11 11:18:35 
jj1 = 747, max_th = 1.245074e+00, time=2025-04-11 11:22:05 
jj1 = 679, max_th = 3.034060e+00, time=2025-04-11 11:25:20 
jj1 = 625, max_th = 1.242862e+00, time=2025-04-11 11:28:46 
jj1 = 596, max_th = 1.910571e+00, time=2025-04-11 11:28:52 
jj1 = 668, max_th = 2.043256e+00, time=2025-04-11 11:30:43 
jj1 = 667, max_th = 3.634582e+00, time=2025-04-11 11:31:16 
jj1 = 715, max_th = 2.348080e+00, time=2025-04-11 11:31:46 
jj1 = 666, max_th = 7.419607e-01, time=2025-04-11 11:34:21 
jj1 = 644, max_th = 1.518509e+00, time=2025-04-11 11:35:20 
jj1 = 579, max_th = 1.665132e+00, time=2025-04-11 11:35:28 
jj1 = 554, max_th = 1.970069e+00, time=2025-04-11 11:36:33 
jj1 = 595, max_th = 2.596435e+00, time=2025-04-11 11:38:01 
jj1 = 746, max_th = 1.650443e+00, time=2025-04-11 11:38:51 
jj1 = 624, max_th = 1.182553e+00, time=2025-04-11 11:39:31 
jj1 = 543, max_th = 2.153329e+00, time=2025-04-11 11:40:42 
jj1 = 696, max_th = 2.168173e+00, time=2025-04-11 11:43:46 
jj1 = 678, max_th = 1.591751e+00, time=2025-04-11 11:44:11 
jj1 = 623, max_th = 1.039797e+00, time=2025-04-11 11:44:31 
jj1 = 594, max_th = 2.659934e+00, time=2025-04-11 11:44:39 
jj1 = 553, max_th = 1.134107e+00, time=2025-04-11 11:44:43 
jj1 = 765, max_th = 2.220607e+00, time=2025-04-11 11:46:55 
jj1 = 665, max_th = 1.158825e+00, time=2025-04-11 11:47:29 
jj1 = 677, max_th = 1.089497e+00, time=2025-04-11 11:50:49 
jj1 = 745, max_th = 2.510105e+00, time=2025-04-11 11:51:06 
jj1 = 578, max_th = 1.918885e+00, time=2025-04-11 11:54:03 
jj1 = 643, max_th = 1.805692e+00, time=2025-04-11 11:55:28 
jj1 = 714, max_th = 2.226800e+00, time=2025-04-11 11:57:17 
jj1 = 622, max_th = 2.582998e+00, time=2025-04-11 11:58:14 
jj1 = 593, max_th = 1.551201e+00, time=2025-04-11 11:58:31 
jj1 = 592, max_th = 3.109025e+00, time=2025-04-11 11:59:50 
jj1 = 695, max_th = 1.493670e+00, time=2025-04-11 12:00:07 
jj1 = 676, max_th = 2.607998e+00, time=2025-04-11 12:00:26 
jj1 = 577, max_th = 3.265382e+00, time=2025-04-11 12:02:00 
jj1 = 744, max_th = 1.246099e+00, time=2025-04-11 12:02:02 
jj1 = 552, max_th = 1.660833e+00, time=2025-04-11 12:04:21 
jj1 = 542, max_th = 3.073787e+00, time=2025-04-11 12:06:12 
jj1 = 743, max_th = 3.022283e+00, time=2025-04-11 12:06:51 
jj1 = 664, max_th = 2.519818e+00, time=2025-04-11 12:07:17 
jj1 = 764, max_th = 1.778919e+00, time=2025-04-11 12:08:22 
jj1 = 551, max_th = 2.890392e+00, time=2025-04-11 12:08:55 
jj1 = 694, max_th = 9.081934e-01, time=2025-04-11 12:09:15 
jj1 = 675, max_th = 1.522334e+00, time=2025-04-11 12:12:45 
jj1 = 663, max_th = 1.286787e+00, time=2025-04-11 12:18:16 
jj1 = 713, max_th = 1.791744e+00, time=2025-04-11 12:18:24 
jj1 = 674, max_th = 1.126975e+00, time=2025-04-11 12:18:58 
jj1 = 642, max_th = 1.922427e+00, time=2025-04-11 12:19:12 
jj1 = 591, max_th = 2.262773e+00, time=2025-04-11 12:19:49 
jj1 = 712, max_th = 3.795977e-01, time=2025-04-11 12:20:19 
jj1 = 576, max_th = 1.663040e+00, time=2025-04-11 12:22:46 
jj1 = 541, max_th = 2.358847e+00, time=2025-04-11 12:23:25 
jj1 = 763, max_th = 1.646892e+00, time=2025-04-11 12:24:30 
jj1 = 621, max_th = 2.163119e+00, time=2025-04-11 12:24:34 
jj1 = 693, max_th = 1.751787e+00, time=2025-04-11 12:26:18 
jj1 = 550, max_th = 2.221043e+00, time=2025-04-11 12:28:02 
jj1 = 742, max_th = 1.843997e+00, time=2025-04-11 12:30:18 
jj1 = 673, max_th = 1.797862e+00, time=2025-04-11 12:35:32 
jj1 = 540, max_th = 2.568820e+00, time=2025-04-11 12:35:46 
jj1 = 641, max_th = 2.409083e+00, time=2025-04-11 12:36:02 
jj1 = 590, max_th = 1.503964e+00, time=2025-04-11 12:37:03 
jj1 = 620, max_th = 2.631791e+00, time=2025-04-11 12:38:00 
jj1 = 692, max_th = 2.300811e+00, time=2025-04-11 12:40:23 
jj1 = 662, max_th = 1.673856e+00, time=2025-04-11 12:40:29 
jj1 = 711, max_th = 2.009707e+00, time=2025-04-11 12:41:46 
jj1 = 549, max_th = 2.452185e+00, time=2025-04-11 12:42:33 
jj1 = 762, max_th = 2.342740e+00, time=2025-04-11 12:43:09 
jj1 = 661, max_th = 3.033704e+00, time=2025-04-11 12:43:58 
jj1 = 710, max_th = 1.051808e+00, time=2025-04-11 12:47:46 
jj1 = 640, max_th = 2.629304e+00, time=2025-04-11 12:51:22 
jj1 = 619, max_th = 2.064654e+00, time=2025-04-11 12:52:59 
jj1 = 575, max_th = 1.873970e+00, time=2025-04-11 12:53:48 
jj1 = 778, max_th = 1.918083e+00, time=2025-04-11 12:54:57 
jj1 = 672, max_th = 1.808989e+00, time=2025-04-11 12:56:20 
jj1 = 741, max_th = 1.815286e+00, time=2025-04-11 12:56:40 
jj1 = 691, max_th = 2.439682e+00, time=2025-04-11 12:56:47 
jj1 = 639, max_th = 9.577490e-01, time=2025-04-11 12:57:48 
jj1 = 761, max_th = 1.454816e+00, time=2025-04-11 12:58:15 
jj1 = 690, max_th = -1.012570e+00, time=2025-04-11 12:59:02 
jj1 = 589, max_th = 1.895298e+00, time=2025-04-11 13:00:16 
jj1 = 539, max_th = 2.216531e+00, time=2025-04-11 13:02:25 
jj1 = 660, max_th = 1.891587e+00, time=2025-04-11 13:08:01 
jj1 = 709, max_th = 2.188930e+00, time=2025-04-11 13:08:11 
jj1 = 777, max_th = 2.141823e+00, time=2025-04-11 13:16:40 
jj1 = 689, max_th = 2.236106e+00, time=2025-04-11 13:16:57 
jj1 = 740, max_th = 2.603876e+00, time=2025-04-11 13:17:56 
jj1 = 760, max_th = 1.528470e+00, time=2025-04-11 13:17:58 
jj1 = 574, max_th = 1.935409e+00, time=2025-04-11 13:20:29 
jj1 = 671, max_th = 1.877542e+00, time=2025-04-11 13:20:41 
jj1 = 788, max_th = 2.390430e+00, time=2025-04-11 13:21:04 
jj1 = 538, max_th = 1.552779e+00, time=2025-04-11 13:21:25 
jj1 = 808, max_th = 1.702536e+00, time=2025-04-11 13:23:39 
jj1 = 618, max_th = 2.262394e+00, time=2025-04-11 13:25:11 
jj1 = 638, max_th = 1.975739e+00, time=2025-04-11 13:25:25 
jj1 = 573, max_th = 2.845821e+00, time=2025-04-11 13:27:49 
jj1 = 537, max_th = 1.148502e+00, time=2025-04-11 13:28:42 
jj1 = 739, max_th = 1.376486e+00, time=2025-04-11 13:29:33 
jj1 = 776, max_th = 1.529348e+00, time=2025-04-11 13:32:43 
jj1 = 659, max_th = 1.832497e+00, time=2025-04-11 13:34:29 
jj1 = 759, max_th = 1.955049e+00, time=2025-04-11 13:35:02 
jj1 = 818, max_th = 1.706830e+00, time=2025-04-11 13:35:09 
jj1 = 536, max_th = 2.754355e+00, time=2025-04-11 13:36:14 
jj1 = 572, max_th = 1.181763e+00, time=2025-04-11 13:36:41 
jj1 = 787, max_th = 2.366824e+00, time=2025-04-11 13:40:30 
jj1 = 617, max_th = 1.463255e+00, time=2025-04-11 13:41:06 
jj1 = 670, max_th = 2.159442e+00, time=2025-04-11 13:41:22 
jj1 = 637, max_th = 1.595979e+00, time=2025-04-11 13:42:11 
jj1 = 807, max_th = 2.591669e+00, time=2025-04-11 13:47:32 
jj1 = 758, max_th = 2.201942e+00, time=2025-04-11 13:47:47 
jj1 = 738, max_th = 1.748828e+00, time=2025-04-11 13:49:30 
jj1 = 658, max_th = 2.512075e+00, time=2025-04-11 13:50:04 
jj1 = 535, max_th = 2.362966e+00, time=2025-04-11 13:53:09 
jj1 = 775, max_th = 2.379263e+00, time=2025-04-11 13:54:26 
jj1 = 817, max_th = 2.606901e+00, time=2025-04-11 13:54:50 
jj1 = 669, max_th = 1.602623e+00, time=2025-04-11 13:57:48 
jj1 = 774, max_th = 2.819628e+00, time=2025-04-11 13:58:33 
jj1 = 616, max_th = 2.209512e+00, time=2025-04-11 14:04:10 
jj1 = 786, max_th = 1.871575e+00, time=2025-04-11 14:05:18 
jj1 = 571, max_th = 1.966932e+00, time=2025-04-11 14:05:39 
jj1 = 636, max_th = 2.106959e+00, time=2025-04-11 14:07:45 
jj1 = 806, max_th = 2.013138e+00, time=2025-04-11 14:12:12 
jj1 = 534, max_th = 2.387642e+00, time=2025-04-11 14:12:44 
jj1 = 828, max_th = 2.532935e+00, time=2025-04-11 14:12:45 
jj1 = 657, max_th = 1.686130e+00, time=2025-04-11 14:13:21 
jj1 = 757, max_th = 2.005261e+00, time=2025-04-11 14:14:35 
jj1 = 816, max_th = 2.830945e+00, time=2025-04-11 14:15:20 
jj1 = 773, max_th = 2.143921e+00, time=2025-04-11 14:16:56 
jj1 = 570, max_th = 1.175207e+00, time=2025-04-11 14:17:11 
jj1 = 737, max_th = 2.339571e+00, time=2025-04-11 14:19:31 
jj1 = 533, max_th = 1.177581e+00, time=2025-04-11 14:20:23 
jj1 = 756, max_th = 1.077760e+00, time=2025-04-11 14:21:10 
jj1 = 635, max_th = 2.333651e+00, time=2025-04-11 14:22:43 
jj1 = 785, max_th = 2.458730e+00, time=2025-04-11 14:25:26 
jj1 = 772, max_th = 1.351077e+00, time=2025-04-11 14:25:35 
jj1 = 815, max_th = 5.677889e-01, time=2025-04-11 14:29:08 
jj1 = 615, max_th = 2.014237e+00, time=2025-04-11 14:29:42 
jj1 = 532, max_th = 9.106264e-01, time=2025-04-11 14:30:40 
jj1 = 656, max_th = 2.448347e+00, time=2025-04-11 14:31:00 
jj1 = 771, max_th = 1.391408e+00, time=2025-04-11 14:35:56 
jj1 = 755, max_th = 2.664266e+00, time=2025-04-11 14:35:55 
jj1 = 827, max_th = 1.584826e+00, time=2025-04-11 14:37:15 
jj1 = 805, max_th = 1.880045e+00, time=2025-04-11 14:38:57 
jj1 = 634, max_th = 2.405690e+00, time=2025-04-11 14:40:42 
jj1 = 814, max_th = 1.497170e+00, time=2025-04-11 14:40:52 
jj1 = 736, max_th = 1.951112e+00, time=2025-04-11 14:42:33 
jj1 = 569, max_th = 1.783262e+00, time=2025-04-11 14:42:50 
jj1 = 633, max_th = 9.011497e-01, time=2025-04-11 14:43:54 
jj1 = 784, max_th = 1.860524e+00, time=2025-04-11 14:44:09 
jj1 = 826, max_th = 1.266060e+00, time=2025-04-11 14:49:33 
jj1 = 813, max_th = 2.510288e+00, time=2025-04-11 14:50:06 
jj1 = 804, max_th = 2.405922e+00, time=2025-04-11 14:52:39 
jj1 = 655, max_th = 1.680916e+00, time=2025-04-11 14:53:32 
jj1 = 770, max_th = 1.996269e+00, time=2025-04-11 14:56:09 
jj1 = 632, max_th = 2.409009e+00, time=2025-04-11 14:56:31 
jj1 = 531, max_th = 1.975713e+00, time=2025-04-11 14:56:35 
jj1 = 735, max_th = 2.550570e+00, time=2025-04-11 14:57:49 
jj1 = 783, max_th = 2.306398e+00, time=2025-04-11 14:58:48 
jj1 = 754, max_th = 2.107088e+00, time=2025-04-11 15:00:10 
jj1 = 803, max_th = 2.681172e+00, time=2025-04-11 15:03:20 
jj1 = 812, max_th = 1.539647e+00, time=2025-04-11 15:03:23 
jj1 = 798, max_th = 2.042394e+00, time=2025-04-11 15:04:26 
jj1 = 825, max_th = 1.802247e+00, time=2025-04-11 15:04:43 
jj1 = 614, max_th = 2.067680e+00, time=2025-04-11 15:06:14 
jj1 = 753, max_th = 2.826268e+00, time=2025-04-11 15:06:45 
jj1 = 782, max_th = 1.534573e+00, time=2025-04-11 15:14:50 
jj1 = 769, max_th = 1.822679e+00, time=2025-04-11 15:17:07 
jj1 = 654, max_th = 1.920969e+00, time=2025-04-11 15:20:34 
jj1 = 631, max_th = 1.933301e+00, time=2025-04-11 15:20:45 
jj1 = 734, max_th = 1.932476e+00, time=2025-04-11 15:23:31 
jj1 = 797, max_th = 2.331275e+00, time=2025-04-11 15:24:20 
jj1 = 802, max_th = 1.905091e+00, time=2025-04-11 15:24:56 
jj1 = 824, max_th = 2.705559e+00, time=2025-04-11 15:25:00 
jj1 = 811, max_th = 2.119962e+00, time=2025-04-11 15:25:07 
jj1 = 796, max_th = 2.906850e+00, time=2025-04-11 15:26:56 
jj1 = 810, max_th = 9.922657e-01, time=2025-04-11 15:28:31 
jj1 = 653, max_th = 1.020984e+00, time=2025-04-11 15:30:34 
jj1 = 613, max_th = 2.228732e+00, time=2025-04-11 15:30:35 
jj1 = 752, max_th = 1.969509e+00, time=2025-04-11 15:30:55 
jj1 = 823, max_th = -1.734767e-01, time=2025-04-11 15:33:47 
jj1 = 781, max_th = 2.218945e+00, time=2025-04-11 15:37:35 
jj1 = 809, max_th = 2.630748e+00, time=2025-04-11 15:37:42 
jj1 = 530, max_th = 1.921218e+00, time=2025-04-11 15:38:33 
jj1 = 822, max_th = 1.214292e+00, time=2025-04-11 15:38:45 
jj1 = 630, max_th = 2.043326e+00, time=2025-04-11 15:39:08 
jj1 = 821, max_th = 3.622879e+00, time=2025-04-11 15:39:50 
jj1 = 893, max_th = 1.968711e+00, time=2025-04-11 15:39:52 
jj1 = 652, max_th = 2.493148e+00, time=2025-04-11 15:47:48 
jj1 = 629, max_th = 1.232591e+00, time=2025-04-11 15:48:56 
jj1 = 751, max_th = 2.149297e+00, time=2025-04-11 15:50:05 
jj1 = 795, max_th = 1.819357e+00, time=2025-04-11 15:51:32 
jj1 = 908, max_th = 2.448666e+00, time=2025-04-11 15:52:20 
jj1 = 733, max_th = 1.804558e+00, time=2025-04-11 15:54:18 
jj1 = 820, max_th = 2.262113e+00, time=2025-04-11 15:56:58 
jj1 = 848, max_th = 1.210116e+00, time=2025-04-11 15:58:38 
jj1 = 801, max_th = 2.045657e+00, time=2025-04-11 15:58:51 
jj1 = 892, max_th = 1.628142e+00, time=2025-04-11 15:59:25 
jj1 = 780, max_th = 2.115008e+00, time=2025-04-11 16:00:59 
jj1 = 651, max_th = 1.441823e+00, time=2025-04-11 16:02:07 
jj1 = 612, max_th = 1.780487e+00, time=2025-04-11 16:03:11 
jj1 = 750, max_th = 2.149152e+00, time=2025-04-11 16:04:50 
jj1 = 529, max_th = 1.774568e+00, time=2025-04-11 16:05:44 
jj1 = 779, max_th = 1.193942e+00, time=2025-04-11 16:05:56 
jj1 = 800, max_th = 2.825276e+00, time=2025-04-11 16:07:55 
jj1 = 732, max_th = 1.417311e+00, time=2025-04-11 16:10:32 
jj1 = 847, max_th = 2.564282e+00, time=2025-04-11 16:11:31 
jj1 = 907, max_th = 1.793566e+00, time=2025-04-11 16:11:48 
jj1 = 819, max_th = 2.048073e+00, time=2025-04-11 16:15:13 
jj1 = 794, max_th = 1.920928e+00, time=2025-04-11 16:16:34 
jj1 = 749, max_th = 1.565997e+00, time=2025-04-11 16:16:58 
jj1 = 898, max_th = 2.049839e+00, time=2025-04-11 16:18:37 
jj1 = 891, max_th = 1.922890e+00, time=2025-04-11 16:21:07 
jj1 = 731, max_th = 2.466070e+00, time=2025-04-11 16:23:02 
jj1 = 611, max_th = 1.701819e+00, time=2025-04-11 16:24:10 
jj1 = 838, max_th = 1.795426e+00, time=2025-04-11 16:26:21 
jj1 = 906, max_th = 1.415558e+00, time=2025-04-11 16:26:33 
jj1 = 650, max_th = 1.862549e+00, time=2025-04-11 16:26:37 
jj1 = 890, max_th = 2.855212e+00, time=2025-04-11 16:26:49 
jj1 = 846, max_th = 2.503814e+00, time=2025-04-11 16:28:52 
jj1 = 649, max_th = 2.853787e+00, time=2025-04-11 16:30:34 
jj1 = 913, max_th = 1.597107e+00, time=2025-04-11 16:30:45 
jj1 = 799, max_th = 1.906709e+00, time=2025-04-11 16:30:46 
jj1 = 793, max_th = 2.153184e+00, time=2025-04-11 16:32:07 
jj1 = 845, max_th = 2.791904e+00, time=2025-04-11 16:32:35 
jj1 = 858, max_th = 1.960496e+00, time=2025-04-11 16:33:00 
jj1 = 897, max_th = 1.946139e+00, time=2025-04-11 16:36:39 
jj1 = 857, max_th = 1.102527e+00, time=2025-04-11 16:38:19 
jj1 = 730, max_th = 1.646937e+00, time=2025-04-11 16:41:07 
jj1 = 889, max_th = 2.025176e+00, time=2025-04-11 16:41:58 
jj1 = 905, max_th = 1.579894e+00, time=2025-04-11 16:43:30 
jj1 = 837, max_th = 1.609079e+00, time=2025-04-11 16:45:07 
jj1 = 912, max_th = 1.948443e+00, time=2025-04-11 16:45:33 
jj1 = 903, max_th = 2.231846e+00, time=2025-04-11 16:48:23 
jj1 = 729, max_th = 2.730419e+00, time=2025-04-11 16:50:07 
jj1 = 610, max_th = 7.650109e-01, time=2025-04-11 16:51:10 
jj1 = 792, max_th = 1.640067e+00, time=2025-04-11 16:51:14 
jj1 = 904, max_th = 2.745052e+00, time=2025-04-11 16:51:41 
jj1 = 896, max_th = 1.422630e+00, time=2025-04-11 16:53:02 
jj1 = 609, max_th = 2.953606e-01, time=2025-04-11 16:53:32 
jj1 = 888, max_th = 1.617852e+00, time=2025-04-11 16:55:32 
jj1 = 923, max_th = 2.519932e+00, time=2025-04-11 16:56:57 
jj1 = 856, max_th = 2.029075e+00, time=2025-04-11 17:02:08 
jj1 = 844, max_th = 1.676183e+00, time=2025-04-11 17:04:18 
jj1 = 836, max_th = 1.271372e+00, time=2025-04-11 17:04:37 
jj1 = 911, max_th = 1.993127e+00, time=2025-04-11 17:04:40 
jj1 = 895, max_th = 2.496228e+00, time=2025-04-11 17:04:47 
jj1 = 922, max_th = 1.899909e+00, time=2025-04-11 17:08:56 
jj1 = 928, max_th = 1.811538e+00, time=2025-04-11 17:09:41 
jj1 = 878, max_th = 1.848093e+00, time=2025-04-11 17:09:47 
jj1 = 791, max_th = 2.216892e+00, time=2025-04-11 17:09:52 
jj1 = 902, max_th = 1.427756e+00, time=2025-04-11 17:11:44 
jj1 = 868, max_th = 2.231371e+00, time=2025-04-11 17:12:42 
jj1 = 910, max_th = 2.839332e+00, time=2025-04-11 17:16:20 
jj1 = 790, max_th = 2.814442e+00, time=2025-04-11 17:16:43 
jj1 = 887, max_th = 2.166757e+00, time=2025-04-11 17:17:52 
jj1 = 894, max_th = 2.490743e+00, time=2025-04-11 17:18:03 
jj1 = 909, max_th = 8.586569e-01, time=2025-04-11 17:19:42 
jj1 = 921, max_th = 1.324753e+00, time=2025-04-11 17:20:38 
jj1 = 927, max_th = 1.508709e+00, time=2025-04-11 17:20:53 
jj1 = 877, max_th = 1.259746e+00, time=2025-04-11 17:22:56 
jj1 = 867, max_th = 1.592875e+00, time=2025-04-11 17:23:44 
jj1 = 843, max_th = 2.139129e+00, time=2025-04-11 17:23:45 
jj1 = 901, max_th = 1.630960e+00, time=2025-04-11 17:26:25 
jj1 = 835, max_th = 1.853754e+00, time=2025-04-11 17:28:24 
jj1 = 943, max_th = 1.706572e+00, time=2025-04-11 17:33:04 
jj1 = 926, max_th = 1.851386e+00, time=2025-04-11 17:33:25 
jj1 = 942, max_th = 1.041259e+00, time=2025-04-11 17:34:36 
jj1 = 886, max_th = 1.926973e+00, time=2025-04-11 17:38:30 
jj1 = 789, max_th = 2.161283e+00, time=2025-04-11 17:38:30 
jj1 = 948, max_th = 2.112630e+00, time=2025-04-11 17:38:29 
jj1 = 920, max_th = 1.719707e+00, time=2025-04-11 17:38:55 
jj1 = 855, max_th = 2.004294e+00, time=2025-04-11 17:41:02 
jj1 = 842, max_th = 2.167410e+00, time=2025-04-11 17:41:07 
jj1 = 876, max_th = 1.878616e+00, time=2025-04-11 17:43:56 
jj1 = 866, max_th = 2.281365e+00, time=2025-04-11 17:45:30 
jj1 = 900, max_th = 1.896873e+00, time=2025-04-11 17:46:51 
jj1 = 919, max_th = 1.275138e+00, time=2025-04-11 17:49:44 
jj1 = 885, max_th = 1.671305e+00, time=2025-04-11 17:50:46 
jj1 = 925, max_th = 2.277237e+00, time=2025-04-11 17:51:22 
jj1 = 941, max_th = 2.277833e+00, time=2025-04-11 17:53:14 
jj1 = 854, max_th = 1.540768e+00, time=2025-04-11 17:55:53 
jj1 = 853, max_th = 4.337071e+00, time=2025-04-11 17:57:30 
jj1 = 841, max_th = 1.730423e+00, time=2025-04-11 17:59:17 
jj1 = 899, max_th = 1.535671e+00, time=2025-04-11 17:59:34 
jj1 = 865, max_th = 1.829626e+00, time=2025-04-11 18:00:23 
jj1 = 875, max_th = 2.622845e+00, time=2025-04-11 18:01:48 
jj1 = 960, max_th = 2.932661e+00, time=2025-04-11 18:03:15 
jj1 = 964, max_th = 1.776813e+00, time=2025-04-11 18:04:35 
jj1 = 918, max_th = 2.091850e+00, time=2025-04-11 18:05:16 
jj1 = 834, max_th = 2.025154e+00, time=2025-04-11 18:05:28 
jj1 = 884, max_th = 2.510074e+00, time=2025-04-11 18:05:57 
jj1 = 947, max_th = 1.963127e+00, time=2025-04-11 18:06:40 
jj1 = 924, max_th = 2.080218e+00, time=2025-04-11 18:09:00 
jj1 = 940, max_th = 2.180090e+00, time=2025-04-11 18:10:45 
jj1 = 939, max_th = 4.083663e-01, time=2025-04-11 18:10:57 
jj1 = 917, max_th = 1.080883e+00, time=2025-04-11 18:11:45 
jj1 = 874, max_th = 2.449397e+00, time=2025-04-11 18:14:25 
jj1 = 864, max_th = 1.747302e+00, time=2025-04-11 18:14:26 
jj1 = 852, max_th = 1.835182e+00, time=2025-04-11 18:15:55 
jj1 = 883, max_th = 3.233352e+00, time=2025-04-11 18:16:26 
jj1 = 863, max_th = 8.016113e-01, time=2025-04-11 18:16:51 
jj1 = 840, max_th = 1.675996e+00, time=2025-04-11 18:17:08 
jj1 = 833, max_th = 2.247904e+00, time=2025-04-11 18:18:56 
jj1 = 946, max_th = 2.201753e+00, time=2025-04-11 18:18:58 
jj1 = 980, max_th = 1.800037e+00, time=2025-04-11 18:19:22 
jj1 = 979, max_th = 1.332019e+00, time=2025-04-11 18:23:53 
jj1 = 916, max_th = 1.712687e+00, time=2025-04-11 18:24:18 
jj1 = 959, max_th = 1.962347e+00, time=2025-04-11 18:24:42 
jj1 = 839, max_th = 2.719188e+00, time=2025-04-11 18:25:34 
jj1 = 832, max_th = 1.416504e+00, time=2025-04-11 18:28:14 
jj1 = 945, max_th = 1.415656e+00, time=2025-04-11 18:29:56 
jj1 = 873, max_th = 1.429965e+00, time=2025-04-11 18:30:40 
jj1 = 915, max_th = 1.469158e+00, time=2025-04-11 18:32:08 
jj1 = 851, max_th = 2.364390e+00, time=2025-04-11 18:33:58 
jj1 = 862, max_th = 2.282555e+00, time=2025-04-11 18:34:17 
jj1 = 882, max_th = 2.188917e+00, time=2025-04-11 18:35:25 
jj1 = 963, max_th = 2.047689e+00, time=2025-04-11 18:36:44 
jj1 = 914, max_th = 2.446007e+00, time=2025-04-11 18:37:42 
jj1 = 988, max_th = -1.980549e+00, time=2025-04-11 18:38:35 
jj1 = 881, max_th = 1.094186e+00, time=2025-04-11 18:39:28 
jj1 = 944, max_th = 1.124438e+00, time=2025-04-11 18:39:30 
jj1 = 872, max_th = 2.747379e+00, time=2025-04-11 18:40:19 
jj1 = 871, max_th = 3.672802e+00, time=2025-04-11 18:40:38 
jj1 = 850, max_th = 9.127636e-01, time=2025-04-11 18:41:20 
jj1 = 831, max_th = 1.547774e+00, time=2025-04-11 18:41:31 
jj1 = 978, max_th = 2.101997e+00, time=2025-04-11 18:41:37 
jj1 = 870, max_th = 9.258893e-01, time=2025-04-11 18:42:23 
jj1 = 958, max_th = 2.093564e+00, time=2025-04-11 18:42:40 
jj1 = 962, max_th = -2.308830e-01, time=2025-04-11 18:46:26 
jj1 = 933, max_th = 1.913151e+00, time=2025-04-11 18:47:15 
jj1 = 987, max_th = 1.855361e+00, time=2025-04-11 18:47:54 
jj1 = 861, max_th = 2.007557e+00, time=2025-04-11 18:47:59 
jj1 = 957, max_th = 1.183271e+00, time=2025-04-11 18:48:03 
jj1 = 961, max_th = 1.167384e+00, time=2025-04-11 18:54:33 
jj1 = 880, max_th = 1.748579e+00, time=2025-04-11 18:55:33 
jj1 = 869, max_th = 1.647822e+00, time=2025-04-11 18:56:28 
jj1 = 984, max_th = 1.431892e+00, time=2025-04-11 18:56:44 
jj1 = 830, max_th = 2.296296e+00, time=2025-04-11 18:57:02 
jj1 = 849, max_th = 2.160725e+00, time=2025-04-11 18:59:14 
jj1 = 829, max_th = 3.263315e+00, time=2025-04-11 18:59:44 
jj1 = 952, max_th = 2.838517e+00, time=2025-04-11 19:03:16 
jj1 = 860, max_th = 1.963552e+00, time=2025-04-11 19:04:26 
jj1 = 996, max_th = 1.864976e+00, time=2025-04-11 19:04:43 
jj1 = 983, max_th = 1.251913e+00, time=2025-04-11 19:04:46 
jj1 = 992, max_th = 1.428859e+00, time=2025-04-11 19:05:52 
jj1 = 932, max_th = 2.360453e+00, time=2025-04-11 19:07:10 
jj1 = 977, max_th = 1.855717e+00, time=2025-04-11 19:07:31 
jj1 = 986, max_th = 1.591156e+00, time=2025-04-11 19:08:45 
jj1 = 879, max_th = 1.579463e+00, time=2025-04-11 19:11:25 
jj1 = 859, max_th = 2.178701e+00, time=2025-04-11 19:15:15 
jj1 = 951, max_th = 1.586875e+00, time=2025-04-11 19:15:39 
jj1 = 968, max_th = 1.942857e+00, time=2025-04-11 19:16:31 
jj1 = 938, max_th = 1.841191e+00, time=2025-04-11 19:17:48 
jj1 = 998, max_th = 1.745919e+00, time=2025-04-11 19:17:47 
jj1 = 985, max_th = 2.344246e+00, time=2025-04-11 19:19:48 
jj1 = 950, max_th = 2.618481e+00, time=2025-04-11 19:21:40 
jj1 = 991, max_th = 1.829816e+00, time=2025-04-11 19:22:20 
jj1 = 931, max_th = 1.802783e+00, time=2025-04-11 19:22:20 
jj1 = 995, max_th = 2.323203e+00, time=2025-04-11 19:22:28 
jj1 = 956, max_th = 1.452324e+00, time=2025-04-11 19:22:51 
jj1 = 972, max_th = 1.818587e+00, time=2025-04-11 19:23:35 
jj1 = 937, max_th = 2.404606e+00, time=2025-04-11 19:24:05 
jj1 = 971, max_th = 2.912754e+00, time=2025-04-11 19:25:46 
jj1 = 990, max_th = 2.252127e+00, time=2025-04-11 19:29:22 
jj1 = 936, max_th = 1.379557e+00, time=2025-04-11 19:31:27 
jj1 = 949, max_th = 2.370418e+00, time=2025-04-11 19:31:45 
jj1 = 982, max_th = 1.854069e+00, time=2025-04-11 19:32:22 
jj1 = 989, max_th = 1.227128e+00, time=2025-04-11 19:32:59 
jj1 = 994, max_th = 2.158892e+00, time=2025-04-11 19:33:14 
jj1 = 970, max_th = 2.357472e+00, time=2025-04-11 19:33:16 
jj1 = 1000, max_th = 1.751458e+00, time=2025-04-11 19:33:22 
jj1 = 935, max_th = 2.835837e+00, time=2025-04-11 19:34:21 
jj1 = 934, max_th = 1.062633e+00, time=2025-04-11 19:34:41 
jj1 = 976, max_th = 2.083592e+00, time=2025-04-11 19:35:40 
jj1 = 930, max_th = 1.756749e+00, time=2025-04-11 19:36:06 
jj1 = 967, max_th = 1.841286e+00, time=2025-04-11 19:36:38 
jj1 = 929, max_th = 2.882329e+00, time=2025-04-11 19:38:39 
jj1 = 999, max_th = -1.166830e-01, time=2025-04-11 19:39:50 
jj1 = 955, max_th = 2.305303e+00, time=2025-04-11 19:40:07 
jj1 = 969, max_th = 2.089561e+00, time=2025-04-11 19:42:11 
jj1 = 975, max_th = 2.189524e+00, time=2025-04-11 19:42:50 
jj1 = 997, max_th = 5.158025e-01, time=2025-04-11 19:42:52 
jj1 = 954, max_th = 1.061383e+00, time=2025-04-11 19:43:00 
jj1 = 981, max_th = 1.892269e+00, time=2025-04-11 19:45:08 
jj1 = 993, max_th = 1.873702e+00, time=2025-04-11 19:45:23 
jj1 = 966, max_th = 1.780630e+00, time=2025-04-11 19:49:30 
jj1 = 974, max_th = 1.739013e+00, time=2025-04-11 19:51:00 
jj1 = 953, max_th = 1.870538e+00, time=2025-04-11 19:53:56 
jj1 = 973, max_th = 2.642356e+00, time=2025-04-11 19:55:45 
jj1 = 965, max_th = 2.039551e+00, time=2025-04-11 19:58:52 
>> >> >> >> >> >> >> >> >> 