MATLAB is selecting SOFTWARE OPENGL rendering.

                            < M A T L A B (R) >
                  Copyright 1984-2021 The MathWorks, Inc.
                  R2021b (9.11.0.1769968) 64-bit (glnxa64)
                             September 17, 2021

 
To get started, type doc.
For product information, visit www.mathworks.com.
 
>> >> >> >> >> >> >> >> >> >> >> >> >> >> >> >> >> >> >> Starting parallel pool (parpool) using the 'local' profile ...
[Warning: A task was unexpectedly found in state: Unavailable.] 
[> In parallel.cluster.Local/deriveJobStateFromTasks (line 29)
In parallel.cluster/Local/getJobState (line 174)
In parallel.cluster/CJSCluster/hGetJobState (line 375)
In parallel.internal.cluster/CJSJobMixin/hGetStateEnum (line 175)
In parallel/Job/get.StateEnum (line 247)
In parallel/Job/get.State (line 239)
In parallel.internal.customattr.CustomGetSet>iVectorisedGetHelper (line 128)
In parallel.internal.customattr.CustomGetSet>@(a,b,c)iVectorisedGetHelper(obj,a,b,c) (line 102)
In parallel.internal.customattr/CustomGetSet/doVectorisedGet (line 103)
In parallel.internal.customattr/CustomGetSet/hVectorisedGet (line 76)
In parallel.internal.customattr.GetSetImpl>iAccessProperties (line 322)
In parallel.internal.customattr.GetSetImpl>iGetAllPropertiesVec (line 264)
In parallel.internal.customattr/GetSetImpl/getImpl (line 133)
In parallel.internal.customattr.CustomGetSet>iHetFunGetFunction (line 154)
In parallel.internal.customattr.CustomGetSet>@(o)iHetFunGetFunction(o,props) (line 139)
In parallel.internal.cluster.hetfun (line 46)
In parallel.internal.customattr.CustomGetSet>iHetFunGetProperty (line 139)
In parallel.internal.customattr/CustomGetSet/get (line 38)
In parallel.internal.pool/AbstractInteractiveClient/pRemoveOldJobs (line 211)
In parallel.internal.pool/AbstractInteractiveClient/start (line 103)
In parallel.internal.pool.AbstractClusterPool>iStartClient (line 831)
In parallel.internal.pool/AbstractClusterPool/hBuildPool (line 585)
In parallel.internal.pool.doParpool (line 22)
In parpool (line 123)
In parallel.internal.parpool.getOrCreateCurrentPool (line 17)
In parallel.internal.pool/PoolArrayManager/getOrAutoCreateWithCleanup (line 44)
In pctTryCreatePoolIfNecessary (line 28)
In parallel_function (line 423)
In fn_measure (line 41)] 
Connected to the parallel pool (number of workers: 12).
Error of vP is 5.554347e-08 
Error of vP is 5.765207e-08 
Error of vP is 5.083791e-08 
Error of vP is 5.141934e-08 
Error of vP is 5.454372e-08 
Error of vP is 6.107730e-08 
Error of vP is 5.213208e-08 
Error of vP is 7.725009e-08 
Error of vP is 8.888973e-08 
Error of vP is 6.920160e-08 
Error of vP is 1.229629e-07 
Error of vP is 5.789014e-08 
Error of vP is 1.311907e-07 
Error of vP is 6.804628e-08 
Error of vP is 8.831443e-08 
Error of vP is 1.083917e-07 
Error of vP is 1.854074e-07 
Error of vP is 1.350089e-07 
Error of vP is 7.151596e-08 
Error of vP is 8.927346e-08 
Error of vP is 5.252297e-08 
Error of vP is 5.508392e-08 
Error of vP is 5.191514e-08 
Error of vP is 5.997106e-08 
Error of vP is 5.693261e-08 
Error of vP is 6.564125e-08 
Error of vP is 8.545748e-08 
Error of vP is 9.774502e-08 
Error of vP is 5.273359e-08 
Error of vP is 1.059251e-07 
Error of vP is 7.179091e-08 
Error of vP is 5.553161e-08 
Error of vP is 1.071134e-07 
Error of vP is 1.210937e-07 
Error of vP is 1.321572e-07 
Error of vP is 1.716596e-07 
Error of vP is 1.218514e-07 
Error of vP is 1.323009e-07 
Error of vP is 6.143183e-08 
Error of vP is 7.091429e-08 
Error of vP is 3.035609e-07 
Error of vP is 7.244011e-08 
Error of vP is 2.038209e-07 
Error of vP is 2.894810e-07 
Error of vP is 7.886903e-08 
Error of vP is 1.825450e-07 
Error of vP is 9.070622e-08 
Error of vP is 1.129374e-07 
Error of vP is 6.145616e-08 
Error of vP is 1.708003e-07 
Error of vP is 5.085125e-08 
Error of vP is 9.701793e-08 
Error of vP is 1.012027e-07 
Error of vP is 7.788213e-08 
Error of vP is 6.048021e-08 
Error of vP is 8.224140e-08 
Error of vP is 1.113947e-07 
Error of vP is 8.453794e-08 
Error of vP is 8.937912e-08 
Error of vP is 1.279130e-07 
Error of vP is 7.271738e-08 
Error of vP is 1.688819e-07 
Error of vP is 7.057533e-08 
Error of vP is 7.459893e-08 
Error of vP is 1.283785e-07 
Error of vP is 1.241271e-07 
Error of vP is 5.800646e-08 
Error of vP is 6.208715e-08 
Error of vP is 5.551095e-08 
Error of vP is 5.136645e-08 
Error of vP is 1.551004e-07 
Error of vP is 1.927234e-07 
Error of vP is 5.226209e-08 
Error of vP is 8.220138e-08 
Error of vP is 5.273832e-08 
Error of vP is 5.284888e-08 
Error of vP is 7.512009e-08 
Error of vP is 7.762886e-08 
Error of vP is 6.240287e-08 
Error of vP is 6.374109e-08 
Error of vP is 5.016294e-08 
Error of vP is 6.947606e-08 
Error of vP is 9.369200e-08 
Error of vP is 5.733892e-08 
Error of vP is 1.262904e-07 
Error of vP is 5.529753e-08 
Error of vP is 9.983226e-08 
Error of vP is 1.471756e-07 
Error of vP is 6.139427e-08 
Error of vP is 5.739393e-08 
Error of vP is 7.104228e-08 
Error of vP is 6.336162e-08 
Error of vP is 6.993337e-08 
Error of vP is 7.618708e-08 
Error of vP is 5.539193e-08 
Error of vP is 5.550572e-08 
Error of vP is 1.069595e-07 
Error of vP is 5.976950e-08 
Error of vP is 6.338811e-08 
Error of vP is 6.474478e-08 
Error of vP is 7.253253e-08 
Error of vP is 6.018227e-08 
Error of vP is 1.166291e-07 
Error of vP is 1.382530e-07 
Error of vP is 5.179008e-08 
Error of vP is 1.322991e-07 
Error of vP is 9.382754e-08 
Error of vP is 1.340544e-07 
Error of vP is 8.346301e-08 
Error of vP is 6.327676e-08 
Error of vP is 7.505055e-08 
Error of vP is 5.746540e-08 
Error of vP is 6.945383e-08 
Error of vP is 5.618295e-08 
Error of vP is 1.646793e-07 
Error of vP is 1.647620e-07 
Error of vP is 7.561330e-08 
Error of vP is 1.004417e-07 
Error of vP is 1.375162e-07 
Error of vP is 7.611108e-08 
Error of vP is 7.018147e-08 
Error of vP is 9.304942e-08 
Error of vP is 8.375050e-08 
Error of vP is 5.415229e-08 
Error of vP is 6.491311e-08 
Error of vP is 1.112906e-07 
Error of vP is 9.928409e-08 
Error of vP is 6.790741e-08 
Error of vP is 5.144104e-08 
Error of vP is 5.674987e-08 
Error of vP is 5.453294e-08 
Error of vP is 6.311887e-08 
Error of vP is 6.962254e-08 
Error of vP is 8.011506e-08 
Error of vP is 5.384365e-08 
Error of vP is 5.264886e-08 
Error of vP is 8.629064e-08 
Error of vP is 5.480255e-08 
Error of vP is 1.044577e-07 
Error of vP is 5.210296e-08 
Error of vP is 5.343138e-08 
Error of vP is 8.115379e-08 
Error of vP is 5.734904e-08 
Error of vP is 8.365340e-08 
Error of vP is 1.565934e-07 
Error of vP is 1.525183e-07 
Error of vP is 6.659797e-08 
Error of vP is 1.479507e-07 
Error of vP is 1.189371e-07 
Error of vP is 6.115380e-08 
Error of vP is 1.379420e-07 
Error of vP is 7.620127e-08 
Error of vP is 8.935191e-08 
Error of vP is 1.473554e-07 
Error of vP is 8.610841e-08 
Error of vP is 9.999558e-08 
Error of vP is 6.299091e-08 
Error of vP is 1.079301e-07 
Error of vP is 8.134063e-08 
Error of vP is 2.836865e-07 
Error of vP is 1.376587e-07 
Error of vP is 6.544326e-08 
Error of vP is 1.137067e-07 
Error of vP is 1.452329e-07 
Error of vP is 2.377188e-07 
Error of vP is 1.213098e-07 
Error of vP is 1.028463e-07 
Error of vP is 1.413412e-07 
Error of vP is 4.167323e-07 
Error of vP is 1.682936e-07 
Error of vP is 2.078361e-07 
Error of vP is 7.067078e-08 
Error of vP is 2.297377e-07 
Error of vP is 9.756292e-08 
Error of vP is 2.130252e-07 
Error of vP is 2.409893e-07 
Error of vP is 2.651190e-07 
Error of vP is 1.361574e-07 
Error of vP is 6.227227e-08 
Error of vP is 5.024411e-08 
Error of vP is 6.365642e-08 
Error of vP is 9.468596e-08 
Error of vP is 5.201709e-08 
Error of vP is 5.192863e-08 
Error of vP is 5.555367e-08 
Error of vP is 5.354608e-08 
Error of vP is 5.562531e-08 
Error of vP is 5.386640e-08 
Error of vP is 6.130018e-08 
Error of vP is 6.539072e-08 
Error of vP is 6.601085e-08 
Error of vP is 7.222678e-08 
Error of vP is 1.007303e-07 
Error of vP is 7.480591e-08 
Error of vP is 8.310336e-08 
Error of vP is 7.877838e-08 
Error of vP is 5.453497e-08 
Error of vP is 7.811203e-08 
Error of vP is 5.121521e-08 
Error of vP is 8.601356e-08 
Error of vP is 9.776717e-08 
Error of vP is 7.117513e-08 
Error of vP is 9.679943e-08 
Error of vP is 7.685622e-08 
Error of vP is 8.624883e-08 
Error of vP is 5.528520e-08 
Error of vP is 1.896483e-07 
Error of vP is 2.052095e-07 
Error of vP is 6.679893e-08 
Error of vP is 1.451520e-07 
Error of vP is 5.581196e-08 
Error of vP is 1.799142e-07 
Error of vP is 7.981871e-08 
Error of vP is 6.909166e-08 
Error of vP is 5.219466e-08 
Error of vP is 7.847772e-08 
Error of vP is 5.725557e-08 
Error of vP is 2.643356e-07 
Error of vP is 1.765491e-07 
Error of vP is 8.179792e-08 
Error of vP is 1.897393e-07 
Error of vP is 1.670545e-07 
Error of vP is 7.040757e-08 
Error of vP is 7.360902e-08 
Error of vP is 1.172939e-07 
Error of vP is 5.648216e-08 
Error of vP is 1.593570e-07 
Error of vP is 5.908326e-08 
Error of vP is 6.968010e-08 
Error of vP is 8.892042e-08 
Error of vP is 1.035467e-07 
Error of vP is 8.339494e-08 
Error of vP is 1.349945e-07 
Error of vP is 6.851894e-08 
Error of vP is 5.616147e-08 
Error of vP is 1.287462e-07 
Error of vP is 6.969394e-08 
Error of vP is 2.106783e-07 
Error of vP is 5.114686e-08 
Error of vP is 8.309979e-08 
Error of vP is 1.177515e-07 
Error of vP is 6.965682e-08 
Error of vP is 5.053456e-08 
Error of vP is 5.593860e-08 
Error of vP is 5.294681e-08 
Error of vP is 5.876220e-08 
Error of vP is 5.204818e-08 
Error of vP is 1.006627e-07 
Error of vP is 5.542994e-08 
Error of vP is 7.531130e-08 
Error of vP is 1.003710e-07 
Error of vP is 8.821449e-08 
Error of vP is 1.140226e-07 
Error of vP is 9.130354e-08 
Error of vP is 6.242094e-08 
Error of vP is 5.152700e-08 
Error of vP is 6.902024e-08 
Error of vP is 6.598689e-08 
Error of vP is 8.202732e-08 
Error of vP is 8.447387e-08 
Error of vP is 7.301248e-08 
Error of vP is 8.693808e-08 
Error of vP is 1.267461e-07 
Error of vP is 2.487057e-07 
Error of vP is 6.284584e-08 
Error of vP is 5.654807e-08 
Error of vP is 1.706293e-07 
Error of vP is 1.384375e-07 
Error of vP is 1.179433e-07 
Error of vP is 8.645906e-08 
Error of vP is 1.422337e-07 
Error of vP is 5.028588e-08 
Error of vP is 5.940743e-08 
Error of vP is 8.987838e-08 
Error of vP is 1.013236e-07 
Error of vP is 6.245838e-08 
Error of vP is 1.615885e-07 
Error of vP is 4.506473e-07 
Error of vP is 1.887782e-07 
Error of vP is 5.414044e-07 
Error of vP is 1.146435e-07 
Error of vP is 2.356619e-07 
Error of vP is 2.500189e-07 
Error of vP is 7.320956e-08 
Error of vP is 5.046160e-08 
Error of vP is 5.083509e-08 
Error of vP is 5.495434e-08 
Error of vP is 6.048917e-08 
Error of vP is 5.894245e-08 
Error of vP is 1.306029e-07 
Error of vP is 7.069440e-08 
Error of vP is 5.777032e-08 
Error of vP is 4.536224e-07 
Error of vP is 5.504828e-08 
Error of vP is 5.978106e-08 
Error of vP is 5.058237e-08 
Error of vP is 5.570708e-08 
Error of vP is 5.186861e-08 
Error of vP is 5.050227e-08 
Error of vP is 6.818628e-08 
Error of vP is 5.095136e-08 
Error of vP is 5.300364e-08 
Error of vP is 7.504720e-08 
Error of vP is 5.201315e-08 
Error of vP is 5.137703e-08 
Error of vP is 1.354763e-07 
Error of vP is 1.456821e-07 
Error of vP is 7.355622e-08 
Error of vP is 1.125703e-07 
Error of vP is 1.213077e-07 
Error of vP is 8.873956e-08 
Error of vP is 1.574691e-07 
Error of vP is 1.757874e-07 
Error of vP is 1.011455e-07 
Error of vP is 1.348093e-07 
Error of vP is 1.224335e-07 
Error of vP is 6.202610e-08 
Error of vP is 1.546369e-07 
Error of vP is 1.384990e-07 
Error of vP is 9.641996e-08 
Error of vP is 1.147618e-07 
Error of vP is 1.108694e-07 
Error of vP is 6.430139e-08 
Error of vP is 6.237687e-08 
Error of vP is 6.223806e-08 
Error of vP is 6.728945e-08 
Error of vP is 6.044534e-08 
Error of vP is 8.510484e-08 
Error of vP is 8.899637e-08 
Error of vP is 5.570741e-08 
Error of vP is 1.036884e-07 
Error of vP is 5.299515e-08 
Error of vP is 5.224640e-08 
Error of vP is 6.559465e-08 
Error of vP is 5.092281e-08 
Error of vP is 8.433132e-08 
Error of vP is 6.300265e-08 
Error of vP is 5.331174e-08 
Error of vP is 5.945529e-08 
Error of vP is 5.036341e-08 
Error of vP is 9.620824e-08 
Error of vP is 6.332038e-08 
Error of vP is 7.305584e-08 
Error of vP is 6.536659e-08 
Error of vP is 5.602885e-08 
Error of vP is 6.680049e-08 
Error of vP is 9.681569e-08 
Error of vP is 8.232799e-08 
Error of vP is 5.235937e-08 
Error of vP is 5.903027e-08 
Error of vP is 6.251079e-08 
Error of vP is 1.173773e-07 
Error of vP is 9.280242e-08 
Error of vP is 5.154536e-08 
Error of vP is 9.547189e-08 
Error of vP is 5.498225e-08 
Error of vP is 5.794632e-08 
Error of vP is 1.210663e-07 
Error of vP is 6.819922e-08 
Error of vP is 2.297340e-07 
Error of vP is 1.642400e-07 
Error of vP is 7.283055e-08 
Error of vP is 6.786879e-08 
Error of vP is 1.092922e-07 
Error of vP is 9.015045e-08 
Error of vP is 1.100027e-07 
Error of vP is 9.130848e-08 
Error of vP is 5.701983e-08 
Error of vP is 1.244520e-07 
Error of vP is 5.345286e-08 
Error of vP is 7.044581e-08 
Error of vP is 5.296426e-08 
Error of vP is 7.467861e-08 
Error of vP is 9.197989e-08 
Error of vP is 5.686465e-08 
Error of vP is 5.551092e-08 
Error of vP is 6.362532e-08 
Error of vP is 1.064300e-07 
Error of vP is 8.491288e-08 
Error of vP is 8.440194e-08 
Error of vP is 6.147111e-08 
Error of vP is 1.832683e-07 
Error of vP is 2.076131e-07 
Error of vP is 6.174613e-08 
Error of vP is 1.276926e-07 
Error of vP is 5.948384e-08 
Error of vP is 7.457540e-08 
Error of vP is 5.371273e-08 
Error of vP is 6.435476e-08 
Error of vP is 5.213987e-08 
Error of vP is 7.261677e-08 
Error of vP is 8.054222e-08 
Error of vP is 6.588861e-08 
Error of vP is 5.120516e-08 
Error of vP is 8.481611e-08 
Error of vP is 6.576563e-08 
Error of vP is 6.530340e-08 
Error of vP is 1.139439e-07 
Error of vP is 5.036725e-08 
Error of vP is 8.037389e-08 
Error of vP is 7.102086e-08 
Error of vP is 5.094794e-08 
Error of vP is 7.052337e-08 
Error of vP is 7.215550e-08 
Error of vP is 5.684525e-08 
Error of vP is 7.154344e-08 
Error of vP is 5.032124e-08 
Error of vP is 7.344614e-08 
Error of vP is 5.623113e-08 
Error of vP is 5.546855e-08 
Error of vP is 7.373819e-08 
Error of vP is 5.446993e-08 
Error of vP is 1.145265e-07 
Error of vP is 5.114811e-08 
Error of vP is 6.396216e-08 
Error of vP is 5.025789e-08 
Error of vP is 5.203156e-08 
Error of vP is 5.328754e-08 
Error of vP is 6.085091e-08 
Error of vP is 6.553196e-08 
Error of vP is 5.423671e-08 
Error of vP is 1.019639e-07 
Error of vP is 5.507019e-08 
Error of vP is 5.068886e-08 
Error of vP is 7.367249e-08 
Error of vP is 1.443233e-07 
Error of vP is 6.530957e-08 
Error of vP is 6.795050e-08 
Error of vP is 5.435194e-08 
Error of vP is 5.113174e-08 
Error of vP is 6.622064e-08 
Error of vP is 6.285282e-08 
Error of vP is 5.489635e-08 
Error of vP is 8.538834e-08 
Error of vP is 1.033349e-07 
Error of vP is 5.245802e-08 
Error of vP is 7.990054e-08 
Error of vP is 7.589601e-08 
Error of vP is 7.495169e-08 
Error of vP is 5.106338e-08 
Error of vP is 7.302704e-08 
Error of vP is 6.909165e-08 
Error of vP is 6.617871e-08 
Error of vP is 9.171989e-08 
Error of vP is 1.203700e-07 
Error of vP is 1.142931e-07 
Error of vP is 9.782305e-08 
Error of vP is 6.401668e-08 
Error of vP is 7.013056e-08 
Error of vP is 6.036172e-08 
Error of vP is 5.361538e-08 
Error of vP is 9.998669e-08 
Error of vP is 6.366208e-08 
Error of vP is 9.396928e-08 
Error of vP is 9.646946e-08 
Error of vP is 5.243913e-08 
Error of vP is 5.310145e-08 
Error of vP is 5.265478e-08 
Error of vP is 5.505021e-08 
Error of vP is 8.000368e-08 
Error of vP is 8.672052e-08 
Error of vP is 5.273056e-08 
Error of vP is 7.413994e-08 
Error of vP is 5.018826e-08 
Error of vP is 1.222507e-07 
Error of vP is 8.198508e-08 
Error of vP is 5.489134e-08 
Error of vP is 1.299317e-07 
Error of vP is 7.768278e-08 
Error of vP is 8.825883e-08 
Error of vP is 8.508862e-08 
Error of vP is 1.180453e-07 
Error of vP is 5.272393e-08 
Error of vP is 7.536723e-08 
Error of vP is 9.210008e-08 
Error of vP is 2.253300e-07 
Error of vP is 7.359390e-08 
Error of vP is 2.855666e-07 
Error of vP is 1.036504e-07 
Error of vP is 1.082553e-07 
Error of vP is 1.082194e-07 
Error of vP is 7.399947e-08 
Error of vP is 8.767863e-08 
Error of vP is 7.788067e-08 
Error of vP is 8.080699e-08 
Error of vP is 5.066259e-08 
Error of vP is 6.272533e-08 
Error of vP is 1.101168e-07 
Error of vP is 7.078383e-08 
Error of vP is 6.741743e-08 
Error of vP is 7.369106e-08 
Error of vP is 1.000030e-07 
Error of vP is 6.275689e-08 
Error of vP is 8.402738e-08 
Error of vP is 1.075796e-07 
Error of vP is 6.809662e-08 
Error of vP is 1.361684e-07 
Error of vP is 7.175083e-08 
Error of vP is 6.159620e-08 
Error of vP is 7.814468e-08 
Error of vP is 7.596826e-08 
Error of vP is 5.595073e-08 
Error of vP is 6.660389e-08 
Error of vP is 5.675224e-08 
Error of vP is 7.131540e-08 
Error of vP is 6.154422e-08 
Error of vP is 9.099857e-08 
Error of vP is 6.006436e-08 
Error of vP is 6.675296e-08 
Error of vP is 5.395952e-08 
Error of vP is 5.679784e-08 
Error of vP is 1.841204e-07 
Error of vP is 7.521937e-08 
Error of vP is 6.010288e-08 
Error of vP is 6.398111e-08 
Error of vP is 9.397775e-08 
Error of vP is 2.451953e-07 
Error of vP is 1.321025e-07 
Error of vP is 5.393219e-08 
Error of vP is 7.088558e-08 
Error of vP is 5.573121e-08 
Error of vP is 9.909602e-08 
Error of vP is 8.057141e-08 
Error of vP is 6.469313e-08 
Error of vP is 7.464961e-08 
Error of vP is 5.765147e-08 
Error of vP is 5.170981e-08 
Error of vP is 7.916289e-08 
Error of vP is 6.595994e-08 
Error of vP is 6.042784e-08 
Error of vP is 5.402318e-08 
Error of vP is 7.724583e-08 
Error of vP is 7.983270e-08 
Error of vP is 5.325459e-08 
Error of vP is 8.844199e-08 
Error of vP is 9.253848e-08 
Error of vP is 5.417882e-08 
Error of vP is 9.521855e-08 
Error of vP is 1.187634e-07 
Error of vP is 1.025823e-07 
Error of vP is 5.696218e-08 
Error of vP is 5.462509e-08 
Error of vP is 8.055382e-08 
Error of vP is 6.548222e-08 
Error of vP is 1.017954e-07 
Error of vP is 1.575481e-07 
Error of vP is 9.192967e-08 
Error of vP is 7.437305e-08 
Error of vP is 6.270982e-08 
Error of vP is 5.745053e-08 
Error of vP is 1.118260e-07 
Error of vP is 1.005721e-07 
>> >> 
endtime =

   4.1181e+04

>> >> >> >> >> >> 