MATLAB is selecting SOFTWARE OPENGL rendering.

                            < M A T L A B (R) >
                  Copyright 1984-2021 The MathWorks, Inc.
                  R2021b (9.11.0.1769968) 64-bit (glnxa64)
                             September 17, 2021

 
To get started, type doc.
For product information, visit www.mathworks.com.
 
>> >> >> >> >> >> >> >> >> >> >> >> >> >> >> >> >> >> >> >> >> >> >> >> >> >> Starting parallel pool (parpool) using the 'local' profile ...
[Warning: A task was unexpectedly found in state: Unavailable.] 
[> In parallel.cluster.Local/deriveJobStateFromTasks (line 29)
In parallel.cluster/Local/getJobState (line 174)
In parallel.cluster/CJSCluster/hGetJobState (line 375)
In parallel.internal.cluster/CJSJobMixin/hGetStateEnum (line 175)
In parallel/Job/get.StateEnum (line 247)
In parallel/Job/get.State (line 239)
In parallel.internal.customattr.CustomGetSet>iVectorisedGetHelper (line 128)
In parallel.internal.customattr.CustomGetSet>@(a,b,c)iVectorisedGetHelper(obj,a,b,c) (line 102)
In parallel.internal.customattr/CustomGetSet/doVectorisedGet (line 103)
In parallel.internal.customattr/CustomGetSet/hVectorisedGet (line 76)
In parallel.internal.customattr.GetSetImpl>iAccessProperties (line 322)
In parallel.internal.customattr.GetSetImpl>iGetAllPropertiesVec (line 264)
In parallel.internal.customattr/GetSetImpl/getImpl (line 133)
In parallel.internal.customattr.CustomGetSet>iHetFunGetFunction (line 154)
In parallel.internal.customattr.CustomGetSet>@(o)iHetFunGetFunction(o,props) (line 139)
In parallel.internal.cluster.hetfun (line 46)
In parallel.internal.customattr.CustomGetSet>iHetFunGetProperty (line 139)
In parallel.internal.customattr/CustomGetSet/get (line 38)
In parallel.internal.pool/AbstractInteractiveClient/pRemoveOldJobs (line 211)
In parallel.internal.pool/AbstractInteractiveClient/start (line 103)
In parallel.internal.pool.AbstractClusterPool>iStartClient (line 831)
In parallel.internal.pool/AbstractClusterPool/hBuildPool (line 585)
In parallel.internal.pool.doParpool (line 22)
In parpool (line 123)
In parallel.internal.parpool.getOrCreateCurrentPool (line 17)
In parallel.internal.pool/PoolArrayManager/getOrAutoCreateWithCleanup (line 44)
In pctTryCreatePoolIfNecessary (line 28)
In parallel_function (line 423)] 
Connected to the parallel pool (number of workers: 12).
jj1 = 30, max_th = 1.023865e+00, time=2025-04-15 09:57:57 
jj1 = 10, max_th = 1.321239e+00, time=2025-04-15 10:03:47 
jj1 = 50, max_th = 2.199794e+00, time=2025-04-15 10:08:09 
jj1 = 40, max_th = 2.527292e+00, time=2025-04-15 10:08:13 
jj1 = 45, max_th = 1.666637e+00, time=2025-04-15 10:08:26 
jj1 = 20, max_th = 2.589358e+00, time=2025-04-15 10:08:52 
jj1 = 60, max_th = 2.236850e+00, time=2025-04-15 10:13:41 
jj1 = 55, max_th = 2.375936e+00, time=2025-04-15 10:14:41 
jj1 = 15, max_th = 2.313647e+00, time=2025-04-15 10:14:52 
jj1 = 5, max_th = 2.237286e+00, time=2025-04-15 10:15:17 
jj1 = 29, max_th = 1.745629e+00, time=2025-04-15 10:17:51 
jj1 = 19, max_th = 1.238307e+00, time=2025-04-15 10:18:22 
jj1 = 25, max_th = 1.921112e+00, time=2025-04-15 10:18:44 
jj1 = 24, max_th = -2.404992e-01, time=2025-04-15 10:20:36 
jj1 = 9, max_th = 1.690766e+00, time=2025-04-15 10:23:33 
jj1 = 49, max_th = 2.250705e+00, time=2025-04-15 10:23:57 
jj1 = 35, max_th = 1.983818e+00, time=2025-04-15 10:25:23 
jj1 = 39, max_th = 1.953285e+00, time=2025-04-15 10:27:37 
jj1 = 14, max_th = 1.552565e+00, time=2025-04-15 10:28:31 
jj1 = 44, max_th = 2.165677e+00, time=2025-04-15 10:29:54 
jj1 = 18, max_th = 2.528970e+00, time=2025-04-15 10:31:09 
jj1 = 59, max_th = 2.367409e+00, time=2025-04-15 10:31:29 
jj1 = 4, max_th = 2.470778e+00, time=2025-04-15 10:31:37 
jj1 = 54, max_th = 1.949330e+00, time=2025-04-15 10:35:04 
jj1 = 58, max_th = 8.817717e-01, time=2025-04-15 10:36:11 
jj1 = 53, max_th = 8.860761e-01, time=2025-04-15 10:37:36 
jj1 = 48, max_th = 2.573613e+00, time=2025-04-15 10:38:15 
jj1 = 28, max_th = 1.840962e+00, time=2025-04-15 10:38:36 
jj1 = 23, max_th = 1.664892e+00, time=2025-04-15 10:38:45 
jj1 = 13, max_th = 2.680808e+00, time=2025-04-15 10:39:18 
jj1 = 34, max_th = 1.481214e+00, time=2025-04-15 10:40:52 
jj1 = 33, max_th = 3.293554e+00, time=2025-04-15 10:41:31 
jj1 = 8, max_th = 1.909535e+00, time=2025-04-15 10:46:26 
jj1 = 43, max_th = 2.159204e+00, time=2025-04-15 10:46:42 
jj1 = 38, max_th = 1.803501e+00, time=2025-04-15 10:48:21 
jj1 = 32, max_th = 1.172266e+00, time=2025-04-15 10:49:17 
jj1 = 3, max_th = 1.741374e+00, time=2025-04-15 10:51:50 
jj1 = 17, max_th = 2.267681e+00, time=2025-04-15 10:52:01 
jj1 = 47, max_th = 1.713060e+00, time=2025-04-15 10:54:27 
jj1 = 52, max_th = 1.571657e+00, time=2025-04-15 10:55:10 
jj1 = 57, max_th = 1.737564e+00, time=2025-04-15 10:56:10 
jj1 = 37, max_th = 2.629407e+00, time=2025-04-15 10:59:28 
jj1 = 27, max_th = 1.772765e+00, time=2025-04-15 10:59:45 
jj1 = 7, max_th = 1.498839e+00, time=2025-04-15 11:00:22 
jj1 = 22, max_th = 1.992710e+00, time=2025-04-15 11:02:15 
jj1 = 31, max_th = 2.436078e+00, time=2025-04-15 11:03:29 
jj1 = 12, max_th = 2.008857e+00, time=2025-04-15 11:03:31 
jj1 = 2, max_th = 1.453213e+00, time=2025-04-15 11:06:24 
jj1 = 42, max_th = 1.628566e+00, time=2025-04-15 11:06:58 
jj1 = 16, max_th = 1.582418e+00, time=2025-04-15 11:09:22 
jj1 = 1, max_th = 2.954568e+00, time=2025-04-15 11:09:40 
jj1 = 99, max_th = -1.883240e-02, time=2025-04-15 11:09:49 
jj1 = 36, max_th = 2.449662e+00, time=2025-04-15 11:11:31 
jj1 = 46, max_th = 1.562809e+00, time=2025-04-15 11:13:19 
jj1 = 56, max_th = 2.191062e+00, time=2025-04-15 11:16:35 
jj1 = 333, max_th = 2.496611e+00, time=2025-04-15 11:17:24 
jj1 = 6, max_th = 2.360432e+00, time=2025-04-15 11:19:44 
jj1 = 26, max_th = 2.312510e+00, time=2025-04-15 11:19:45 
jj1 = 51, max_th = 1.918871e+00, time=2025-04-15 11:20:58 
jj1 = 21, max_th = 2.014326e+00, time=2025-04-15 11:22:06 
jj1 = 11, max_th = 1.785229e+00, time=2025-04-15 11:24:58 
jj1 = 528, max_th = 2.679398e+00, time=2025-04-15 11:27:15 
jj1 = 138, max_th = 1.067569e+00, time=2025-04-15 11:27:28 
jj1 = 372, max_th = 1.777268e+00, time=2025-04-15 11:28:50 
jj1 = 216, max_th = 2.195021e+00, time=2025-04-15 11:28:59 
jj1 = 41, max_th = 1.740379e+00, time=2025-04-15 11:30:09 
jj1 = 98, max_th = 1.808362e+00, time=2025-04-15 11:31:34 
jj1 = 411, max_th = 2.791135e+00, time=2025-04-15 11:35:41 
jj1 = 450, max_th = 2.128519e+00, time=2025-04-15 11:35:53 
jj1 = 294, max_th = 1.965772e+00, time=2025-04-15 11:39:01 
jj1 = 489, max_th = 2.148029e+00, time=2025-04-15 11:41:28 
jj1 = 332, max_th = 1.967350e+00, time=2025-04-15 11:43:21 
jj1 = 177, max_th = 1.487812e+00, time=2025-04-15 11:43:48 
jj1 = 255, max_th = 1.512538e+00, time=2025-04-15 11:44:37 
jj1 = 410, max_th = 1.164093e+00, time=2025-04-15 11:47:14 
jj1 = 137, max_th = 1.697379e+00, time=2025-04-15 11:48:09 
jj1 = 371, max_th = 2.231503e+00, time=2025-04-15 11:55:32 
jj1 = 215, max_th = 1.617071e+00, time=2025-04-15 11:57:21 
jj1 = 97, max_th = 2.430715e+00, time=2025-04-15 11:57:26 
jj1 = 176, max_th = 1.226792e+00, time=2025-04-15 12:00:25 
jj1 = 96, max_th = 1.256552e+00, time=2025-04-15 12:00:49 
jj1 = 293, max_th = 2.590010e+00, time=2025-04-15 12:02:01 
jj1 = 527, max_th = 1.823845e+00, time=2025-04-15 12:03:33 
jj1 = 95, max_th = 9.053286e-01, time=2025-04-15 12:11:42 
jj1 = 449, max_th = 1.815085e+00, time=2025-04-15 12:17:24 
jj1 = 254, max_th = 1.518186e+00, time=2025-04-15 12:20:12 
jj1 = 292, max_th = 2.773417e+00, time=2025-04-15 12:20:13 
jj1 = 331, max_th = 2.519814e+00, time=2025-04-15 12:23:36 
jj1 = 291, max_th = 7.858007e-01, time=2025-04-15 12:26:59 
jj1 = 488, max_th = 1.814512e+00, time=2025-04-15 12:30:48 
jj1 = 136, max_th = 2.000942e+00, time=2025-04-15 12:33:31 
jj1 = 409, max_th = 2.265196e+00, time=2025-04-15 12:36:09 
jj1 = 214, max_th = 1.690379e+00, time=2025-04-15 12:42:57 
jj1 = 408, max_th = 1.371550e+00, time=2025-04-15 12:43:40 
jj1 = 370, max_th = 1.826077e+00, time=2025-04-15 12:46:43 
jj1 = 94, max_th = 2.249754e+00, time=2025-04-15 12:47:34 
jj1 = 175, max_th = 1.791143e+00, time=2025-04-15 12:49:23 
jj1 = 526, max_th = 2.337131e+00, time=2025-04-15 12:50:55 
jj1 = 487, max_th = 1.283549e+00, time=2025-04-15 12:52:30 
jj1 = 369, max_th = 2.778076e+00, time=2025-04-15 13:01:00 
jj1 = 448, max_th = 1.730669e+00, time=2025-04-15 13:07:40 
jj1 = 330, max_th = 2.161963e+00, time=2025-04-15 13:10:58 
jj1 = 253, max_th = 1.392534e+00, time=2025-04-15 13:12:45 
jj1 = 407, max_th = 2.230212e+00, time=2025-04-15 13:22:26 
jj1 = 525, max_th = 2.489390e+00, time=2025-04-15 13:22:29 
jj1 = 290, max_th = 2.013562e+00, time=2025-04-15 13:24:17 
jj1 = 135, max_th = 1.807150e+00, time=2025-04-15 13:24:48 
jj1 = 329, max_th = 1.348743e+00, time=2025-04-15 13:32:20 
jj1 = 213, max_th = 2.079132e+00, time=2025-04-15 13:36:29 
jj1 = 93, max_th = 1.970776e+00, time=2025-04-15 13:39:05 
jj1 = 252, max_th = 1.390550e+00, time=2025-04-15 13:43:03 
jj1 = 134, max_th = 2.728475e+00, time=2025-04-15 13:45:19 
jj1 = 174, max_th = 2.123996e+00, time=2025-04-15 13:49:56 
jj1 = 486, max_th = 1.962087e+00, time=2025-04-15 13:50:44 
jj1 = 368, max_th = 2.164130e+00, time=2025-04-15 13:51:36 
jj1 = 447, max_th = 1.852239e+00, time=2025-04-15 13:52:45 
jj1 = 406, max_th = 1.528584e+00, time=2025-04-15 13:58:32 
jj1 = 289, max_th = 2.171786e+00, time=2025-04-15 14:13:26 
jj1 = 524, max_th = 2.126204e+00, time=2025-04-15 14:15:47 
jj1 = 328, max_th = 2.205203e+00, time=2025-04-15 14:16:11 
jj1 = 92, max_th = 1.644535e+00, time=2025-04-15 14:19:20 
jj1 = 133, max_th = 2.471980e+00, time=2025-04-15 14:20:52 
jj1 = 212, max_th = 1.996510e+00, time=2025-04-15 14:22:00 
jj1 = 523, max_th = 9.085145e-01, time=2025-04-15 14:23:00 
jj1 = 405, max_th = 1.276392e+00, time=2025-04-15 14:23:49 
jj1 = 91, max_th = 2.934523e+00, time=2025-04-15 14:27:22 
jj1 = 173, max_th = 2.148926e+00, time=2025-04-15 14:29:55 
jj1 = 251, max_th = 2.041717e+00, time=2025-04-15 14:31:06 
jj1 = 485, max_th = 1.947025e+00, time=2025-04-15 14:32:38 
jj1 = 367, max_th = 2.319290e+00, time=2025-04-15 14:34:15 
jj1 = 446, max_th = 1.958109e+00, time=2025-04-15 14:37:05 
jj1 = 366, max_th = 2.609979e+00, time=2025-04-15 14:39:33 
jj1 = 404, max_th = 1.285166e+00, time=2025-04-15 14:41:58 
jj1 = 522, max_th = 1.527946e+00, time=2025-04-15 14:47:08 
jj1 = 132, max_th = 2.239445e+00, time=2025-04-15 14:49:59 
jj1 = 90, max_th = 1.542428e+00, time=2025-04-15 14:50:08 
jj1 = 327, max_th = 2.032377e+00, time=2025-04-15 14:52:04 
jj1 = 211, max_th = 2.065568e+00, time=2025-04-15 14:55:04 
jj1 = 288, max_th = 1.820813e+00, time=2025-04-15 14:56:54 
jj1 = 172, max_th = 1.957944e+00, time=2025-04-15 14:56:56 
jj1 = 210, max_th = 2.950635e+00, time=2025-04-15 14:58:34 
jj1 = 365, max_th = 1.545502e+00, time=2025-04-15 14:59:16 
jj1 = 484, max_th = 2.234128e+00, time=2025-04-15 14:59:21 
jj1 = 287, max_th = 7.576698e-01, time=2025-04-15 15:00:17 
jj1 = 250, max_th = 2.059745e+00, time=2025-04-15 15:00:23 
jj1 = 326, max_th = 2.698222e+00, time=2025-04-15 15:03:09 
jj1 = 403, max_th = 1.634755e+00, time=2025-04-15 15:04:33 
jj1 = 445, max_th = 2.113581e+00, time=2025-04-15 15:07:03 
jj1 = 171, max_th = 1.349392e+00, time=2025-04-15 15:08:26 
jj1 = 286, max_th = 1.302173e+00, time=2025-04-15 15:11:39 
jj1 = 325, max_th = 1.254864e+00, time=2025-04-15 15:11:54 
jj1 = 209, max_th = 2.463672e+00, time=2025-04-15 15:13:46 
jj1 = 89, max_th = 1.566090e+00, time=2025-04-15 15:14:00 
jj1 = 208, max_th = 4.717738e-01, time=2025-04-15 15:15:04 
jj1 = 131, max_th = 1.879908e+00, time=2025-04-15 15:15:11 
jj1 = 88, max_th = 3.207603e+00, time=2025-04-15 15:15:27 
jj1 = 521, max_th = 2.156833e+00, time=2025-04-15 15:15:59 
jj1 = 364, max_th = 1.425761e+00, time=2025-04-15 15:17:59 
jj1 = 170, max_th = 2.596190e+00, time=2025-04-15 15:20:30 
jj1 = 207, max_th = 2.698419e+00, time=2025-04-15 15:23:53 
jj1 = 249, max_th = 1.822306e+00, time=2025-04-15 15:27:17 
jj1 = 483, max_th = 1.908624e+00, time=2025-04-15 15:28:00 
jj1 = 402, max_th = 2.337611e+00, time=2025-04-15 15:28:58 
jj1 = 324, max_th = 2.402726e+00, time=2025-04-15 15:30:09 
jj1 = 363, max_th = 1.333901e+00, time=2025-04-15 15:31:12 
jj1 = 206, max_th = 2.818793e+00, time=2025-04-15 15:31:55 
jj1 = 444, max_th = 1.948884e+00, time=2025-04-15 15:32:21 
jj1 = 285, max_th = 1.572864e+00, time=2025-04-15 15:33:44 
jj1 = 401, max_th = 1.112466e+00, time=2025-04-15 15:37:17 
jj1 = 169, max_th = 2.505131e+00, time=2025-04-15 15:37:42 
jj1 = 520, max_th = 1.804434e+00, time=2025-04-15 15:41:48 
jj1 = 130, max_th = 1.910644e+00, time=2025-04-15 15:42:18 
jj1 = 443, max_th = 1.299596e+00, time=2025-04-15 15:43:12 
jj1 = 323, max_th = 1.277201e+00, time=2025-04-15 15:46:25 
jj1 = 205, max_th = 2.487142e+00, time=2025-04-15 15:48:31 
jj1 = 87, max_th = 1.987076e+00, time=2025-04-15 15:49:50 
jj1 = 248, max_th = 2.331488e+00, time=2025-04-15 15:50:45 
jj1 = 482, max_th = 1.904122e+00, time=2025-04-15 15:50:48 
jj1 = 362, max_th = 1.585843e+00, time=2025-04-15 15:53:29 
jj1 = 442, max_th = 2.563423e+00, time=2025-04-15 15:59:53 
jj1 = 284, max_th = 1.819676e+00, time=2025-04-15 16:01:30 
jj1 = 481, max_th = 2.645902e+00, time=2025-04-15 16:02:52 
jj1 = 361, max_th = 8.826292e-01, time=2025-04-15 16:03:00 
jj1 = 519, max_th = 1.617661e+00, time=2025-04-15 16:04:10 
jj1 = 322, max_th = 2.529695e+00, time=2025-04-15 16:04:39 
jj1 = 441, max_th = 8.119577e-01, time=2025-04-15 16:04:46 
jj1 = 168, max_th = 1.838459e+00, time=2025-04-15 16:04:50 
jj1 = 400, max_th = 2.216077e+00, time=2025-04-15 16:06:38 
jj1 = 129, max_th = 2.047646e+00, time=2025-04-15 16:07:10 
jj1 = 247, max_th = 1.590001e+00, time=2025-04-15 16:07:32 
jj1 = 204, max_th = 1.652742e+00, time=2025-04-15 16:10:28 
jj1 = 440, max_th = 2.791063e+00, time=2025-04-15 16:11:03 
jj1 = 86, max_th = 1.753215e+00, time=2025-04-15 16:16:36 
jj1 = 246, max_th = 2.653572e+00, time=2025-04-15 16:19:53 
jj1 = 203, max_th = 2.649150e+00, time=2025-04-15 16:20:05 
jj1 = 321, max_th = 1.374626e+00, time=2025-04-15 16:20:31 
jj1 = 202, max_th = 3.064084e+00, time=2025-04-15 16:22:54 
jj1 = 480, max_th = 2.422867e+00, time=2025-04-15 16:24:06 
jj1 = 128, max_th = 1.585040e+00, time=2025-04-15 16:28:43 
jj1 = 283, max_th = 1.956776e+00, time=2025-04-15 16:29:16 
jj1 = 360, max_th = 2.223105e+00, time=2025-04-15 16:29:54 
jj1 = 167, max_th = 2.067126e+00, time=2025-04-15 16:34:10 
jj1 = 399, max_th = 2.075814e+00, time=2025-04-15 16:36:18 
jj1 = 439, max_th = 1.920900e+00, time=2025-04-15 16:37:14 
jj1 = 282, max_th = 2.748147e+00, time=2025-04-15 16:38:08 
jj1 = 518, max_th = 2.110147e+00, time=2025-04-15 16:38:48 
jj1 = 85, max_th = 2.153403e+00, time=2025-04-15 16:47:26 
jj1 = 320, max_th = 2.059558e+00, time=2025-04-15 16:48:40 
jj1 = 201, max_th = 2.290343e+00, time=2025-04-15 16:52:04 
jj1 = 245, max_th = 1.768636e+00, time=2025-04-15 16:52:57 
jj1 = 319, max_th = 2.838896e+00, time=2025-04-15 16:54:48 
jj1 = 479, max_th = 2.138418e+00, time=2025-04-15 16:54:51 
jj1 = 359, max_th = 2.291450e+00, time=2025-04-15 16:57:53 
jj1 = 478, max_th = 1.066430e+00, time=2025-04-15 17:00:45 
jj1 = 517, max_th = 1.954469e+00, time=2025-04-15 17:01:42 
jj1 = 166, max_th = 1.820665e+00, time=2025-04-15 17:07:48 
jj1 = 127, max_th = 1.973371e+00, time=2025-04-15 17:08:44 
jj1 = 281, max_th = 2.147413e+00, time=2025-04-15 17:09:38 
jj1 = 126, max_th = 6.572710e-01, time=2025-04-15 17:10:59 
jj1 = 398, max_th = 1.856866e+00, time=2025-04-15 17:11:34 
jj1 = 438, max_th = 1.763697e+00, time=2025-04-15 17:14:56 
jj1 = 84, max_th = 2.369019e+00, time=2025-04-15 17:18:30 
jj1 = 200, max_th = 2.411475e+00, time=2025-04-15 17:21:54 
jj1 = 397, max_th = 1.132396e+00, time=2025-04-15 17:23:08 
jj1 = 165, max_th = 1.488511e+00, time=2025-04-15 17:24:45 
jj1 = 244, max_th = 2.029704e+00, time=2025-04-15 17:24:55 
jj1 = 318, max_th = 2.043572e+00, time=2025-04-15 17:27:13 
jj1 = 280, max_th = 2.442094e+00, time=2025-04-15 17:27:43 
jj1 = 358, max_th = 1.678867e+00, time=2025-04-15 17:28:23 
jj1 = 477, max_th = 1.839209e+00, time=2025-04-15 17:31:46 
jj1 = 516, max_th = 2.006669e+00, time=2025-04-15 17:32:26 
jj1 = 437, max_th = 1.540995e+00, time=2025-04-15 17:36:17 
jj1 = 199, max_th = 1.650054e+00, time=2025-04-15 17:36:41 
jj1 = 125, max_th = 1.884803e+00, time=2025-04-15 17:39:07 
jj1 = 83, max_th = 2.186694e+00, time=2025-04-15 17:43:33 
jj1 = 243, max_th = 2.417813e+00, time=2025-04-15 17:44:55 
jj1 = 476, max_th = 1.423099e+00, time=2025-04-15 17:45:32 
jj1 = 515, max_th = 2.548789e+00, time=2025-04-15 17:46:11 
jj1 = 82, max_th = 2.854563e+00, time=2025-04-15 17:48:22 
jj1 = 396, max_th = 1.718204e+00, time=2025-04-15 17:49:01 
jj1 = 198, max_th = 2.561533e+00, time=2025-04-15 17:49:52 
jj1 = 279, max_th = 1.994558e+00, time=2025-04-15 17:50:50 
jj1 = 436, max_th = 2.407596e+00, time=2025-04-15 17:53:41 
jj1 = 357, max_th = 1.833935e+00, time=2025-04-15 17:54:31 
jj1 = 124, max_th = 1.531652e+00, time=2025-04-15 17:55:49 
jj1 = 435, max_th = 2.808137e+00, time=2025-04-15 17:57:03 
jj1 = 317, max_th = 2.035273e+00, time=2025-04-15 17:58:50 
jj1 = 123, max_th = 2.847602e+00, time=2025-04-15 18:00:54 
jj1 = 278, max_th = 1.983713e+00, time=2025-04-15 18:07:21 
jj1 = 514, max_th = 1.715002e+00, time=2025-04-15 18:08:47 
jj1 = 242, max_th = 1.575935e+00, time=2025-04-15 18:09:38 
jj1 = 81, max_th = 2.184941e+00, time=2025-04-15 18:09:52 
jj1 = 197, max_th = 2.053350e+00, time=2025-04-15 18:10:51 
jj1 = 395, max_th = 1.623428e+00, time=2025-04-15 18:13:24 
jj1 = 475, max_th = 2.109250e+00, time=2025-04-15 18:13:37 
jj1 = 434, max_th = 1.657533e+00, time=2025-04-15 18:15:35 
jj1 = 241, max_th = 1.117312e+00, time=2025-04-15 18:16:07 
jj1 = 356, max_th = 1.997491e+00, time=2025-04-15 18:20:06 
jj1 = 513, max_th = 1.293675e+00, time=2025-04-15 18:20:46 
jj1 = 512, max_th = 1.100951e+00, time=2025-04-15 18:23:30 
jj1 = 316, max_th = 2.229521e+00, time=2025-04-15 18:24:44 
jj1 = 240, max_th = 1.032624e+00, time=2025-04-15 18:25:50 
jj1 = 239, max_th = 3.214545e+00, time=2025-04-15 18:27:22 
jj1 = 122, max_th = 2.077965e+00, time=2025-04-15 18:27:23 
jj1 = 277, max_th = 2.002936e+00, time=2025-04-15 18:30:59 
jj1 = 474, max_th = 2.484200e+00, time=2025-04-15 18:31:54 
jj1 = 80, max_th = 2.192624e+00, time=2025-04-15 18:32:33 
jj1 = 315, max_th = 1.157134e+00, time=2025-04-15 18:32:42 
jj1 = 433, max_th = 1.594437e+00, time=2025-04-15 18:33:06 
jj1 = 164, max_th = 1.487019e+00, time=2025-04-15 18:35:38 
jj1 = 394, max_th = 1.856840e+00, time=2025-04-15 18:35:55 
jj1 = 196, max_th = 2.178100e+00, time=2025-04-15 18:36:46 
jj1 = 432, max_th = 2.894378e+00, time=2025-04-15 18:37:28 
jj1 = 355, max_th = 1.497460e+00, time=2025-04-15 18:38:49 
jj1 = 79, max_th = 1.467517e+00, time=2025-04-15 18:47:41 
jj1 = 238, max_th = 1.416692e+00, time=2025-04-15 18:47:52 
jj1 = 314, max_th = 2.584746e+00, time=2025-04-15 18:49:08 
jj1 = 276, max_th = 2.364444e+00, time=2025-04-15 18:51:03 
jj1 = 354, max_th = 1.223003e+00, time=2025-04-15 18:51:49 
jj1 = 511, max_th = 2.172297e+00, time=2025-04-15 18:52:39 
jj1 = 121, max_th = 2.036346e+00, time=2025-04-15 18:54:02 
jj1 = 163, max_th = 1.407832e+00, time=2025-04-15 18:54:03 
jj1 = 195, max_th = 1.552884e+00, time=2025-04-15 18:55:43 
jj1 = 473, max_th = 2.002203e+00, time=2025-04-15 18:55:53 
jj1 = 431, max_th = 1.711127e+00, time=2025-04-15 19:00:48 
jj1 = 393, max_th = 2.240914e+00, time=2025-04-15 19:01:09 
jj1 = 353, max_th = 1.450232e+00, time=2025-04-15 19:02:50 
jj1 = 275, max_th = 1.545209e+00, time=2025-04-15 19:06:37 
jj1 = 78, max_th = 2.374002e+00, time=2025-04-15 19:07:18 
jj1 = 274, max_th = 8.520205e-01, time=2025-04-15 19:09:57 
jj1 = 162, max_th = 2.488474e+00, time=2025-04-15 19:10:42 
jj1 = 120, max_th = 1.490060e+00, time=2025-04-15 19:11:32 
jj1 = 510, max_th = 1.384724e+00, time=2025-04-15 19:11:41 
jj1 = 237, max_th = 1.869305e+00, time=2025-04-15 19:14:22 
jj1 = 313, max_th = 2.143207e+00, time=2025-04-15 19:15:09 
jj1 = 392, max_th = 1.229249e+00, time=2025-04-15 19:15:55 
jj1 = 472, max_th = 1.581457e+00, time=2025-04-15 19:16:38 
jj1 = 194, max_th = 2.122190e+00, time=2025-04-15 19:22:42 
jj1 = 119, max_th = 2.580129e+00, time=2025-04-15 19:25:21 
jj1 = 352, max_th = 2.322307e+00, time=2025-04-15 19:26:56 
jj1 = 236, max_th = 1.359223e+00, time=2025-04-15 19:27:14 
jj1 = 77, max_th = 1.586590e+00, time=2025-04-15 19:29:10 
jj1 = 351, max_th = 5.797952e-01, time=2025-04-15 19:29:33 
jj1 = 350, max_th = 8.425612e-01, time=2025-04-15 19:31:21 
jj1 = 509, max_th = 2.347973e+00, time=2025-04-15 19:32:19 
jj1 = 161, max_th = 1.863556e+00, time=2025-04-15 19:35:01 
jj1 = 312, max_th = 2.067515e+00, time=2025-04-15 19:37:40 
jj1 = 273, max_th = 2.030740e+00, time=2025-04-15 19:37:54 
jj1 = 118, max_th = 1.404445e+00, time=2025-04-15 19:41:06 
jj1 = 471, max_th = 2.215316e+00, time=2025-04-15 19:42:25 
jj1 = 235, max_th = 2.192043e+00, time=2025-04-15 19:44:15 
jj1 = 391, max_th = 2.228233e+00, time=2025-04-15 19:44:33 
jj1 = 193, max_th = 2.104156e+00, time=2025-04-15 19:45:08 
jj1 = 430, max_th = 1.420621e+00, time=2025-04-15 19:46:35 
jj1 = 272, max_th = 1.510433e+00, time=2025-04-15 19:48:47 
jj1 = 234, max_th = 1.024193e+00, time=2025-04-15 19:48:54 
jj1 = 76, max_th = 1.848393e+00, time=2025-04-15 19:53:09 
jj1 = 470, max_th = 1.303875e+00, time=2025-04-15 19:55:31 
jj1 = 117, max_th = 1.557630e+00, time=2025-04-15 19:59:31 
jj1 = 271, max_th = 1.258071e+00, time=2025-04-15 19:59:34 
jj1 = 349, max_th = 2.181165e+00, time=2025-04-15 19:59:44 
jj1 = 311, max_th = 2.244870e+00, time=2025-04-15 20:01:18 
jj1 = 508, max_th = 1.867809e+00, time=2025-04-15 20:01:27 
jj1 = 160, max_th = 2.256229e+00, time=2025-04-15 20:03:38 
jj1 = 429, max_th = 2.363235e+00, time=2025-04-15 20:06:25 
jj1 = 390, max_th = 1.696429e+00, time=2025-04-15 20:07:50 
jj1 = 192, max_th = 1.809230e+00, time=2025-04-15 20:12:27 
jj1 = 233, max_th = 2.057279e+00, time=2025-04-15 20:14:18 
jj1 = 428, max_th = 1.160655e+00, time=2025-04-15 20:14:22 
jj1 = 116, max_th = 1.949808e+00, time=2025-04-15 20:19:19 
jj1 = 348, max_th = 2.437861e+00, time=2025-04-15 20:19:22 
jj1 = 75, max_th = 1.872245e+00, time=2025-04-15 20:21:16 
jj1 = 469, max_th = 1.946782e+00, time=2025-04-15 20:21:37 
jj1 = 270, max_th = 1.733800e+00, time=2025-04-15 20:21:41 
jj1 = 389, max_th = 2.551645e+00, time=2025-04-15 20:22:50 
jj1 = 427, max_th = 1.768666e+00, time=2025-04-15 20:22:52 
jj1 = 159, max_th = 1.382725e+00, time=2025-04-15 20:23:36 
jj1 = 115, max_th = 9.613264e-01, time=2025-04-15 20:23:38 
jj1 = 468, max_th = 7.238337e-01, time=2025-04-15 20:25:14 
jj1 = 507, max_th = 1.883034e+00, time=2025-04-15 20:27:07 
jj1 = 310, max_th = 1.887510e+00, time=2025-04-15 20:29:16 
jj1 = 158, max_th = 1.247083e+00, time=2025-04-15 20:32:28 
jj1 = 269, max_th = 1.397300e+00, time=2025-04-15 20:34:49 
jj1 = 191, max_th = 1.794538e+00, time=2025-04-15 20:35:58 
jj1 = 388, max_th = 2.553410e+00, time=2025-04-15 20:37:07 
jj1 = 506, max_th = 2.640952e+00, time=2025-04-15 20:38:16 
jj1 = 426, max_th = 1.562625e+00, time=2025-04-15 20:38:18 
jj1 = 387, max_th = 3.006307e+00, time=2025-04-15 20:40:27 
jj1 = 232, max_th = 1.957853e+00, time=2025-04-15 20:41:05 
jj1 = 74, max_th = 2.365427e+00, time=2025-04-15 20:41:34 
jj1 = 386, max_th = 7.947567e-01, time=2025-04-15 20:42:56 
jj1 = 268, max_th = 2.656155e+00, time=2025-04-15 20:44:09 
jj1 = 347, max_th = 1.867019e+00, time=2025-04-15 20:44:33 
jj1 = 309, max_th = 1.601640e+00, time=2025-04-15 20:46:29 
jj1 = 308, max_th = -1.006559e-01, time=2025-04-15 20:47:10 
jj1 = 467, max_th = 1.575255e+00, time=2025-04-15 20:50:16 
jj1 = 425, max_th = 2.608893e+00, time=2025-04-15 20:51:12 
jj1 = 114, max_th = 1.667688e+00, time=2025-04-15 20:54:20 
jj1 = 157, max_th = 1.960030e+00, time=2025-04-15 21:00:16 
jj1 = 190, max_th = 2.116575e+00, time=2025-04-15 21:02:42 
jj1 = 156, max_th = 9.316341e-01, time=2025-04-15 21:05:24 
jj1 = 231, max_th = 1.765618e+00, time=2025-04-15 21:05:31 
jj1 = 73, max_th = 1.821140e+00, time=2025-04-15 21:05:34 
jj1 = 346, max_th = 2.252293e+00, time=2025-04-15 21:06:47 
jj1 = 505, max_th = 1.714600e+00, time=2025-04-15 21:07:25 
jj1 = 267, max_th = 1.783992e+00, time=2025-04-15 21:07:46 
jj1 = 307, max_th = 1.480791e+00, time=2025-04-15 21:09:44 
jj1 = 72, max_th = 2.894720e+00, time=2025-04-15 21:10:24 
jj1 = 113, max_th = 2.250340e+00, time=2025-04-15 21:10:33 
jj1 = 385, max_th = 2.176299e+00, time=2025-04-15 21:12:30 
jj1 = 424, max_th = 1.933337e+00, time=2025-04-15 21:18:10 
jj1 = 466, max_th = 2.031862e+00, time=2025-04-15 21:20:31 
jj1 = 345, max_th = 1.646903e+00, time=2025-04-15 21:25:33 
jj1 = 112, max_th = 1.144664e+00, time=2025-04-15 21:26:35 
jj1 = 189, max_th = 2.264945e+00, time=2025-04-15 21:27:25 
jj1 = 155, max_th = 2.319264e+00, time=2025-04-15 21:28:06 
jj1 = 266, max_th = 2.294023e+00, time=2025-04-15 21:28:34 
jj1 = 230, max_th = 1.939515e+00, time=2025-04-15 21:30:01 
jj1 = 71, max_th = 2.201540e+00, time=2025-04-15 21:33:03 
jj1 = 504, max_th = 1.933911e+00, time=2025-04-15 21:33:35 
jj1 = 188, max_th = 1.093555e+00, time=2025-04-15 21:36:29 
jj1 = 423, max_th = 2.102476e+00, time=2025-04-15 21:38:10 
jj1 = 384, max_th = 2.006519e+00, time=2025-04-15 21:38:38 
jj1 = 111, max_th = 1.362574e+00, time=2025-04-15 21:38:43 
jj1 = 306, max_th = 1.862720e+00, time=2025-04-15 21:40:31 
jj1 = 187, max_th = 2.858308e+00, time=2025-04-15 21:43:56 
jj1 = 70, max_th = 2.669620e+00, time=2025-04-15 21:44:31 
jj1 = 503, max_th = 1.342316e+00, time=2025-04-15 21:46:58 
jj1 = 154, max_th = 1.950812e+00, time=2025-04-15 21:48:47 
jj1 = 465, max_th = 1.905628e+00, time=2025-04-15 21:50:30 
jj1 = 265, max_th = 2.310515e+00, time=2025-04-15 21:50:40 
jj1 = 344, max_th = 2.220066e+00, time=2025-04-15 21:51:15 
jj1 = 186, max_th = 1.188459e+00, time=2025-04-15 21:54:44 
jj1 = 229, max_th = 2.011798e+00, time=2025-04-15 21:57:06 
jj1 = 69, max_th = 2.444459e+00, time=2025-04-15 21:58:05 
jj1 = 110, max_th = 2.358734e+00, time=2025-04-15 21:59:00 
jj1 = 68, max_th = 3.090381e+00, time=2025-04-15 22:00:08 
jj1 = 153, max_th = 2.639255e+00, time=2025-04-15 22:00:42 
jj1 = 422, max_th = 2.181168e+00, time=2025-04-15 22:02:49 
jj1 = 305, max_th = 2.137187e+00, time=2025-04-15 22:05:59 
jj1 = 185, max_th = 2.480458e+00, time=2025-04-15 22:09:52 
jj1 = 502, max_th = 2.286823e+00, time=2025-04-15 22:10:01 
jj1 = 383, max_th = 2.128645e+00, time=2025-04-15 22:11:23 
jj1 = 343, max_th = 2.425642e+00, time=2025-04-15 22:12:14 
jj1 = 264, max_th = 2.152791e+00, time=2025-04-15 22:14:21 
jj1 = 421, max_th = 1.503512e+00, time=2025-04-15 22:17:28 
jj1 = 67, max_th = 1.582546e+00, time=2025-04-15 22:19:14 
jj1 = 464, max_th = 1.974108e+00, time=2025-04-15 22:19:57 
jj1 = 66, max_th = 7.291642e-01, time=2025-04-15 22:22:00 
jj1 = 152, max_th = 1.586751e+00, time=2025-04-15 22:24:05 
jj1 = 263, max_th = 2.677444e+00, time=2025-04-15 22:25:12 
jj1 = 228, max_th = 1.978261e+00, time=2025-04-15 22:25:27 
jj1 = 109, max_th = 1.915802e+00, time=2025-04-15 22:25:47 
jj1 = 463, max_th = 1.100860e+00, time=2025-04-15 22:27:52 
jj1 = 108, max_th = 8.482848e-01, time=2025-04-15 22:28:30 
jj1 = 304, max_th = 1.635245e+00, time=2025-04-15 22:28:56 
jj1 = 382, max_th = 1.502118e+00, time=2025-04-15 22:29:37 
jj1 = 420, max_th = 1.534549e+00, time=2025-04-15 22:33:18 
jj1 = 501, max_th = 1.693058e+00, time=2025-04-15 22:33:28 
jj1 = 184, max_th = 1.904801e+00, time=2025-04-15 22:34:54 
jj1 = 65, max_th = 2.587474e+00, time=2025-04-15 22:35:41 
jj1 = 462, max_th = 2.665315e+00, time=2025-04-15 22:37:15 
jj1 = 342, max_th = 1.834786e+00, time=2025-04-15 22:43:26 
jj1 = 262, max_th = 1.374727e+00, time=2025-04-15 22:44:09 
jj1 = 151, max_th = 2.244522e+00, time=2025-04-15 22:45:16 
jj1 = 183, max_th = 1.285808e+00, time=2025-04-15 22:46:20 
jj1 = 227, max_th = 1.514232e+00, time=2025-04-15 22:46:29 
jj1 = 381, max_th = 2.437097e+00, time=2025-04-15 22:49:07 
jj1 = 461, max_th = 2.666638e+00, time=2025-04-15 22:49:39 
jj1 = 107, max_th = 2.001293e+00, time=2025-04-15 22:50:55 
jj1 = 303, max_th = 2.322849e+00, time=2025-04-15 22:52:06 
jj1 = 226, max_th = 9.409416e-01, time=2025-04-15 22:52:45 
jj1 = 64, max_th = 1.704542e+00, time=2025-04-15 22:58:44 
jj1 = 500, max_th = 2.197661e+00, time=2025-04-15 22:59:24 
jj1 = 419, max_th = 2.224124e+00, time=2025-04-15 22:59:40 
jj1 = 460, max_th = 1.351457e+00, time=2025-04-15 23:01:54 
jj1 = 225, max_th = 1.168405e+00, time=2025-04-15 23:02:52 
jj1 = 150, max_th = 1.564463e+00, time=2025-04-15 23:04:21 
jj1 = 63, max_th = 2.801208e+00, time=2025-04-15 23:05:10 
jj1 = 182, max_th = 2.049003e+00, time=2025-04-15 23:07:31 
jj1 = 261, max_th = 2.046465e+00, time=2025-04-15 23:08:41 
jj1 = 341, max_th = 2.040127e+00, time=2025-04-15 23:11:48 
jj1 = 380, max_th = 2.252378e+00, time=2025-04-15 23:14:42 
jj1 = 499, max_th = 1.455199e+00, time=2025-04-15 23:15:36 
jj1 = 302, max_th = 2.046298e+00, time=2025-04-15 23:15:42 
jj1 = 106, max_th = 1.722568e+00, time=2025-04-15 23:17:58 
jj1 = 260, max_th = 1.266969e+00, time=2025-04-15 23:19:52 
jj1 = 301, max_th = 9.279400e-01, time=2025-04-15 23:21:21 
jj1 = 340, max_th = 1.136526e+00, time=2025-04-15 23:22:49 
jj1 = 418, max_th = 1.659565e+00, time=2025-04-15 23:23:19 
jj1 = 181, max_th = 1.429500e+00, time=2025-04-15 23:23:57 
jj1 = 417, max_th = -2.992759e-01, time=2025-04-15 23:25:17 
jj1 = 224, max_th = 1.773475e+00, time=2025-04-15 23:27:11 
jj1 = 62, max_th = 1.793321e+00, time=2025-04-15 23:28:28 
jj1 = 459, max_th = 2.070852e+00, time=2025-04-15 23:29:57 
jj1 = 300, max_th = 1.209609e+00, time=2025-04-15 23:30:36 
jj1 = 149, max_th = 1.863460e+00, time=2025-04-15 23:30:41 
jj1 = 339, max_th = 2.876469e+00, time=2025-04-15 23:36:46 
jj1 = 379, max_th = 1.411212e+00, time=2025-04-15 23:37:44 
jj1 = 498, max_th = 2.044275e+00, time=2025-04-15 23:40:08 
jj1 = 259, max_th = 2.273534e+00, time=2025-04-15 23:41:23 
jj1 = 105, max_th = 1.952850e+00, time=2025-04-15 23:41:35 
jj1 = 299, max_th = 3.506633e+00, time=2025-04-15 23:42:39 
jj1 = 258, max_th = 2.988879e+00, time=2025-04-15 23:44:47 
jj1 = 61, max_th = 2.100569e+00, time=2025-04-15 23:48:13 
jj1 = 223, max_th = 2.362331e+00, time=2025-04-15 23:48:23 
jj1 = 378, max_th = 1.358249e+00, time=2025-04-15 23:49:30 
jj1 = 416, max_th = 1.901962e+00, time=2025-04-15 23:50:42 
jj1 = 180, max_th = 2.027035e+00, time=2025-04-15 23:52:18 
jj1 = 458, max_th = 2.075723e+00, time=2025-04-15 23:57:40 
jj1 = 222, max_th = 1.128662e+00, time=2025-04-15 23:58:50 
jj1 = 148, max_th = 2.074204e+00, time=2025-04-15 23:59:38 
jj1 = 415, max_th = 1.264164e+00, time=2025-04-16 00:02:38 
jj1 = 588, max_th = 1.336108e+00, time=2025-04-16 00:02:47 
jj1 = 179, max_th = 2.669466e+00, time=2025-04-16 00:03:39 
jj1 = 338, max_th = 1.776404e+00, time=2025-04-16 00:03:51 
jj1 = 221, max_th = 2.889830e+00, time=2025-04-16 00:04:02 
jj1 = 104, max_th = 2.098774e+00, time=2025-04-16 00:04:16 
jj1 = 377, max_th = 1.473328e+00, time=2025-04-16 00:05:28 
jj1 = 497, max_th = 1.735594e+00, time=2025-04-16 00:06:15 
jj1 = 257, max_th = 2.337064e+00, time=2025-04-16 00:06:55 
jj1 = 298, max_th = 1.995860e+00, time=2025-04-16 00:08:19 
jj1 = 496, max_th = 7.639531e-01, time=2025-04-16 00:09:35 
jj1 = 337, max_th = 9.420542e-01, time=2025-04-16 00:10:29 
jj1 = 147, max_th = 2.767696e+00, time=2025-04-16 00:11:40 
jj1 = 178, max_th = 2.363574e+00, time=2025-04-16 00:18:12 
jj1 = 457, max_th = 1.704833e+00, time=2025-04-16 00:21:39 
jj1 = 297, max_th = 2.567228e+00, time=2025-04-16 00:23:44 
jj1 = 587, max_th = 1.737879e+00, time=2025-04-16 00:25:53 
jj1 = 495, max_th = 2.533942e+00, time=2025-04-16 00:27:37 
jj1 = 414, max_th = 1.792791e+00, time=2025-04-16 00:29:37 
jj1 = 220, max_th = 1.766466e+00, time=2025-04-16 00:30:15 
jj1 = 376, max_th = 2.328605e+00, time=2025-04-16 00:31:41 
jj1 = 103, max_th = 1.936135e+00, time=2025-04-16 00:31:52 
jj1 = 336, max_th = 2.393571e+00, time=2025-04-16 00:31:57 
jj1 = 146, max_th = 1.587589e+00, time=2025-04-16 00:32:00 
jj1 = 335, max_th = -2.397459e-03, time=2025-04-16 00:33:30 
jj1 = 256, max_th = 2.042141e+00, time=2025-04-16 00:34:21 
jj1 = 568, max_th = 1.587888e+00, time=2025-04-16 00:38:03 
jj1 = 334, max_th = 1.310323e+00, time=2025-04-16 00:46:49 
jj1 = 456, max_th = 1.671543e+00, time=2025-04-16 00:47:08 
jj1 = 586, max_th = 2.155447e+00, time=2025-04-16 00:47:49 
jj1 = 296, max_th = 1.935301e+00, time=2025-04-16 00:48:23 
jj1 = 494, max_th = 1.677213e+00, time=2025-04-16 00:49:53 
jj1 = 102, max_th = 1.520860e+00, time=2025-04-16 00:50:17 
jj1 = 413, max_th = 2.331029e+00, time=2025-04-16 00:52:16 
jj1 = 219, max_th = 2.051762e+00, time=2025-04-16 00:53:35 
jj1 = 567, max_th = 1.950197e+00, time=2025-04-16 00:56:41 
jj1 = 688, max_th = 2.190614e+00, time=2025-04-16 00:58:43 
jj1 = 375, max_th = 2.243072e+00, time=2025-04-16 00:58:54 
jj1 = 585, max_th = 2.661643e+00, time=2025-04-16 01:01:03 
jj1 = 145, max_th = 2.070634e+00, time=2025-04-16 01:04:01 
jj1 = 608, max_th = 1.697330e+00, time=2025-04-16 01:06:36 
jj1 = 218, max_th = 1.447100e+00, time=2025-04-16 01:08:26 
jj1 = 101, max_th = 1.469673e+00, time=2025-04-16 01:08:43 
jj1 = 295, max_th = 1.583096e+00, time=2025-04-16 01:09:14 
jj1 = 687, max_th = 2.686811e+00, time=2025-04-16 01:09:48 
jj1 = 493, max_th = 2.521010e+00, time=2025-04-16 01:09:52 
jj1 = 455, max_th = 2.260293e+00, time=2025-04-16 01:14:08 
jj1 = 548, max_th = 2.819594e+00, time=2025-04-16 01:16:15 
jj1 = 566, max_th = 2.261001e+00, time=2025-04-16 01:20:10 
jj1 = 584, max_th = 1.594048e+00, time=2025-04-16 01:20:13 
jj1 = 412, max_th = 1.986287e+00, time=2025-04-16 01:20:14 
jj1 = 607, max_th = 2.505952e+00, time=2025-04-16 01:21:54 
jj1 = 454, max_th = 1.800102e+00, time=2025-04-16 01:26:56 
jj1 = 217, max_th = 1.652397e+00, time=2025-04-16 01:27:53 
jj1 = 374, max_th = 1.613751e+00, time=2025-04-16 01:27:55 
jj1 = 547, max_th = 1.277817e+00, time=2025-04-16 01:28:10 
jj1 = 100, max_th = 2.386638e+00, time=2025-04-16 01:28:27 
jj1 = 144, max_th = 2.307810e+00, time=2025-04-16 01:31:34 
jj1 = 492, max_th = 1.800653e+00, time=2025-04-16 01:31:56 
jj1 = 565, max_th = 2.595803e+00, time=2025-04-16 01:32:33 
jj1 = 628, max_th = 2.636864e+00, time=2025-04-16 01:32:46 
jj1 = 686, max_th = 2.003861e+00, time=2025-04-16 01:34:51 
jj1 = 583, max_th = 2.679914e+00, time=2025-04-16 01:34:54 
jj1 = 491, max_th = 2.787832e+00, time=2025-04-16 01:40:01 
jj1 = 668, max_th = 1.383109e+00, time=2025-04-16 01:40:59 
jj1 = 373, max_th = 2.554427e+00, time=2025-04-16 01:41:12 
jj1 = 728, max_th = 2.563175e+00, time=2025-04-16 01:41:16 
jj1 = 606, max_th = 2.210302e+00, time=2025-04-16 01:43:12 
jj1 = 564, max_th = 1.184735e+00, time=2025-04-16 01:44:29 
jj1 = 490, max_th = 1.264881e+00, time=2025-04-16 01:47:15 
jj1 = 685, max_th = 1.396872e+00, time=2025-04-16 01:48:03 
jj1 = 143, max_th = 2.495437e+00, time=2025-04-16 01:48:33 
jj1 = 563, max_th = 1.247870e+00, time=2025-04-16 01:49:23 
jj1 = 627, max_th = 1.899883e+00, time=2025-04-16 01:49:34 
jj1 = 453, max_th = 2.210605e+00, time=2025-04-16 01:52:06 
jj1 = 582, max_th = 2.443840e+00, time=2025-04-16 01:53:12 
jj1 = 546, max_th = 1.815593e+00, time=2025-04-16 01:53:58 
jj1 = 142, max_th = 1.165493e+00, time=2025-04-16 01:58:10 
jj1 = 768, max_th = 1.958003e+00, time=2025-04-16 02:02:19 
jj1 = 667, max_th = 1.997893e+00, time=2025-04-16 02:02:56 
jj1 = 545, max_th = 1.183672e+00, time=2025-04-16 02:03:48 
jj1 = 141, max_th = 2.604643e+00, time=2025-04-16 02:04:54 
jj1 = 562, max_th = 2.300313e+00, time=2025-04-16 02:04:59 
jj1 = 727, max_th = 1.864816e+00, time=2025-04-16 02:08:18 
jj1 = 684, max_th = 2.459200e+00, time=2025-04-16 02:09:04 
jj1 = 605, max_th = 1.810188e+00, time=2025-04-16 02:11:08 
jj1 = 626, max_th = 2.281908e+00, time=2025-04-16 02:12:46 
jj1 = 648, max_th = 2.020286e+00, time=2025-04-16 02:16:34 
jj1 = 581, max_th = 1.838770e+00, time=2025-04-16 02:19:27 
jj1 = 625, max_th = 1.143378e+00, time=2025-04-16 02:22:03 
jj1 = 452, max_th = 1.770966e+00, time=2025-04-16 02:22:17 
jj1 = 767, max_th = 1.619813e+00, time=2025-04-16 02:24:07 
jj1 = 666, max_th = 1.705037e+00, time=2025-04-16 02:25:34 
jj1 = 647, max_th = 2.661542e+00, time=2025-04-16 02:26:46 
jj1 = 561, max_th = 2.088322e+00, time=2025-04-16 02:30:31 
jj1 = 544, max_th = 1.871171e+00, time=2025-04-16 02:32:17 
jj1 = 604, max_th = 2.390017e+00, time=2025-04-16 02:32:31 
jj1 = 140, max_th = 2.215237e+00, time=2025-04-16 02:33:48 
jj1 = 726, max_th = 2.319269e+00, time=2025-04-16 02:34:03 
jj1 = 683, max_th = 2.281954e+00, time=2025-04-16 02:34:23 
jj1 = 624, max_th = 2.348987e+00, time=2025-04-16 02:39:21 
jj1 = 580, max_th = 1.680473e+00, time=2025-04-16 02:43:35 
jj1 = 766, max_th = 1.694509e+00, time=2025-04-16 02:46:26 
jj1 = 579, max_th = 3.072390e+00, time=2025-04-16 02:46:58 
jj1 = 543, max_th = 2.544551e+00, time=2025-04-16 02:48:20 
jj1 = 646, max_th = 2.285493e+00, time=2025-04-16 02:49:09 
jj1 = 451, max_th = 1.953552e+00, time=2025-04-16 02:50:12 
jj1 = 139, max_th = 2.451180e+00, time=2025-04-16 02:50:14 
jj1 = 665, max_th = 2.329679e+00, time=2025-04-16 02:53:13 
jj1 = 748, max_th = -1.107536e+00, time=2025-04-16 02:53:41 
jj1 = 645, max_th = 1.050538e+00, time=2025-04-16 02:54:15 
jj1 = 623, max_th = 1.497668e+00, time=2025-04-16 02:54:48 
jj1 = 560, max_th = 2.110967e+00, time=2025-04-16 02:55:14 
jj1 = 603, max_th = 2.095978e+00, time=2025-04-16 02:57:32 
jj1 = 682, max_th = 2.002663e+00, time=2025-04-16 02:57:59 
jj1 = 725, max_th = 2.452080e+00, time=2025-04-16 02:58:20 
jj1 = 765, max_th = 1.370925e+00, time=2025-04-16 03:00:21 
jj1 = 542, max_th = 1.655593e+00, time=2025-04-16 03:03:52 
jj1 = 664, max_th = 2.590031e+00, time=2025-04-16 03:08:06 
jj1 = 708, max_th = 2.442873e+00, time=2025-04-16 03:08:37 
jj1 = 622, max_th = 1.291934e+00, time=2025-04-16 03:10:23 
jj1 = 644, max_th = 1.529150e+00, time=2025-04-16 03:13:13 
jj1 = 541, max_th = 2.660761e+00, time=2025-04-16 03:15:42 
jj1 = 681, max_th = 2.348413e+00, time=2025-04-16 03:16:27 
jj1 = 578, max_th = 2.004416e+00, time=2025-04-16 03:17:15 
jj1 = 559, max_th = 2.333528e+00, time=2025-04-16 03:18:34 
jj1 = 747, max_th = 2.336537e+00, time=2025-04-16 03:18:55 
jj1 = 602, max_th = 1.705934e+00, time=2025-04-16 03:20:28 
jj1 = 643, max_th = 1.438334e+00, time=2025-04-16 03:25:58 
jj1 = 680, max_th = 2.677622e+00, time=2025-04-16 03:26:46 
jj1 = 724, max_th = 2.184353e+00, time=2025-04-16 03:28:25 
jj1 = 707, max_th = 2.504190e+00, time=2025-04-16 03:28:43 
jj1 = 621, max_th = 1.589087e+00, time=2025-04-16 03:29:12 
jj1 = 663, max_th = 2.051058e+00, time=2025-04-16 03:29:54 
jj1 = 764, max_th = 1.966864e+00, time=2025-04-16 03:30:23 
jj1 = 706, max_th = 2.699301e+00, time=2025-04-16 03:37:05 
jj1 = 577, max_th = 1.438981e+00, time=2025-04-16 03:37:13 
jj1 = 540, max_th = 2.318775e+00, time=2025-04-16 03:38:44 
jj1 = 601, max_th = 2.328828e+00, time=2025-04-16 03:43:18 
jj1 = 558, max_th = 2.072443e+00, time=2025-04-16 03:45:37 
jj1 = 746, max_th = 1.926536e+00, time=2025-04-16 03:46:27 
jj1 = 662, max_th = 1.620945e+00, time=2025-04-16 03:49:02 
jj1 = 642, max_th = 2.286931e+00, time=2025-04-16 03:49:03 
jj1 = 679, max_th = 1.674492e+00, time=2025-04-16 03:49:17 
jj1 = 576, max_th = 1.316170e+00, time=2025-04-16 03:51:00 
jj1 = 620, max_th = 2.047971e+00, time=2025-04-16 03:51:05 
jj1 = 641, max_th = 2.959246e+00, time=2025-04-16 03:53:14 
jj1 = 763, max_th = 2.283513e+00, time=2025-04-16 03:54:47 
jj1 = 678, max_th = 2.801244e+00, time=2025-04-16 03:55:19 
jj1 = 762, max_th = 9.869807e-01, time=2025-04-16 03:58:19 
jj1 = 723, max_th = 2.169597e+00, time=2025-04-16 04:00:02 
jj1 = 661, max_th = 1.650018e+00, time=2025-04-16 04:00:24 
jj1 = 575, max_th = 1.247548e+00, time=2025-04-16 04:00:27 
jj1 = 705, max_th = 1.723413e+00, time=2025-04-16 04:01:33 
jj1 = 539, max_th = 1.723614e+00, time=2025-04-16 04:04:07 
jj1 = 600, max_th = 1.660535e+00, time=2025-04-16 04:06:35 
jj1 = 574, max_th = 1.073967e+00, time=2025-04-16 04:08:40 
jj1 = 660, max_th = 2.653575e+00, time=2025-04-16 04:11:11 
jj1 = 557, max_th = 1.911635e+00, time=2025-04-16 04:12:21 
jj1 = 704, max_th = 1.263949e+00, time=2025-04-16 04:13:43 
jj1 = 538, max_th = 2.722760e+00, time=2025-04-16 04:13:53 
jj1 = 745, max_th = 1.976478e+00, time=2025-04-16 04:16:32 
jj1 = 640, max_th = 1.834729e+00, time=2025-04-16 04:18:47 
jj1 = 619, max_th = 1.964078e+00, time=2025-04-16 04:19:20 
jj1 = 677, max_th = 1.722045e+00, time=2025-04-16 04:20:40 
jj1 = 618, max_th = 8.869384e-01, time=2025-04-16 04:22:59 
jj1 = 761, max_th = 1.721619e+00, time=2025-04-16 04:24:32 
jj1 = 722, max_th = 2.313827e+00, time=2025-04-16 04:25:43 
jj1 = 556, max_th = 1.403175e+00, time=2025-04-16 04:26:43 
jj1 = 744, max_th = 2.648762e+00, time=2025-04-16 04:26:48 
jj1 = 703, max_th = 2.347467e+00, time=2025-04-16 04:32:38 
jj1 = 537, max_th = 2.438392e+00, time=2025-04-16 04:33:51 
jj1 = 573, max_th = 1.769392e+00, time=2025-04-16 04:34:35 
jj1 = 659, max_th = 1.660524e+00, time=2025-04-16 04:34:40 
jj1 = 599, max_th = 2.286398e+00, time=2025-04-16 04:34:41 
jj1 = 617, max_th = 1.570671e+00, time=2025-04-16 04:43:23 
jj1 = 598, max_th = 2.647993e+00, time=2025-04-16 04:45:04 
jj1 = 572, max_th = 1.347138e+00, time=2025-04-16 04:45:55 
jj1 = 676, max_th = 2.183638e+00, time=2025-04-16 04:46:27 
jj1 = 702, max_th = 2.571907e+00, time=2025-04-16 04:46:27 
jj1 = 639, max_th = 1.784732e+00, time=2025-04-16 04:48:49 
jj1 = 721, max_th = 2.375000e+00, time=2025-04-16 04:49:17 
jj1 = 555, max_th = 1.871484e+00, time=2025-04-16 04:51:53 
jj1 = 743, max_th = 1.937245e+00, time=2025-04-16 04:52:59 
jj1 = 658, max_th = 2.415356e+00, time=2025-04-16 04:53:15 
jj1 = 760, max_th = 2.023312e+00, time=2025-04-16 04:53:50 
jj1 = 536, max_th = 2.310729e+00, time=2025-04-16 04:55:53 
jj1 = 720, max_th = 9.823775e-01, time=2025-04-16 04:56:54 
jj1 = 616, max_th = 1.643560e+00, time=2025-04-16 05:05:48 
jj1 = 554, max_th = 2.452900e+00, time=2025-04-16 05:06:10 
jj1 = 675, max_th = 2.434594e+00, time=2025-04-16 05:08:11 
jj1 = 674, max_th = 3.809804e+00, time=2025-04-16 05:08:13 
jj1 = 701, max_th = 1.659230e+00, time=2025-04-16 05:08:27 
jj1 = 597, max_th = 1.622652e+00, time=2025-04-16 05:09:09 
jj1 = 759, max_th = 1.454074e+00, time=2025-04-16 05:09:24 
jj1 = 571, max_th = 1.986966e+00, time=2025-04-16 05:13:08 
jj1 = 719, max_th = 2.631437e+00, time=2025-04-16 05:13:10 
jj1 = 742, max_th = 2.355523e+00, time=2025-04-16 05:14:01 
jj1 = 638, max_th = 2.054710e+00, time=2025-04-16 05:15:26 
jj1 = 535, max_th = 1.881909e+00, time=2025-04-16 05:16:05 
jj1 = 615, max_th = 1.404620e+00, time=2025-04-16 05:20:43 
jj1 = 657, max_th = 2.034260e+00, time=2025-04-16 05:20:56 
jj1 = 741, max_th = 1.217006e+00, time=2025-04-16 05:26:05 
jj1 = 700, max_th = 2.516368e+00, time=2025-04-16 05:26:52 
jj1 = 553, max_th = 1.665828e+00, time=2025-04-16 05:28:57 
jj1 = 552, max_th = -1.737315e-01, time=2025-04-16 05:29:28 
jj1 = 758, max_th = 2.149695e+00, time=2025-04-16 05:30:27 
jj1 = 637, max_th = 2.412384e+00, time=2025-04-16 05:32:10 
jj1 = 570, max_th = 2.363585e+00, time=2025-04-16 05:32:56 
jj1 = 718, max_th = 1.416630e+00, time=2025-04-16 05:33:34 
jj1 = 673, max_th = 1.869900e+00, time=2025-04-16 05:33:54 
jj1 = 656, max_th = 1.405624e+00, time=2025-04-16 05:35:26 
jj1 = 596, max_th = 1.767460e+00, time=2025-04-16 05:37:09 
jj1 = 614, max_th = 1.848730e+00, time=2025-04-16 05:37:38 
jj1 = 757, max_th = 9.717921e-01, time=2025-04-16 05:38:25 
jj1 = 699, max_th = 2.694563e+00, time=2025-04-16 05:39:06 
jj1 = 672, max_th = 1.200166e+00, time=2025-04-16 05:41:04 
jj1 = 534, max_th = 2.338141e+00, time=2025-04-16 05:42:07 
jj1 = 740, max_th = 1.371148e+00, time=2025-04-16 05:42:45 
jj1 = 569, max_th = 1.443850e+00, time=2025-04-16 05:44:59 
jj1 = 698, max_th = 2.600547e+00, time=2025-04-16 05:49:02 
jj1 = 717, max_th = 2.596637e+00, time=2025-04-16 05:49:36 
jj1 = 595, max_th = 1.515141e+00, time=2025-04-16 05:52:54 
jj1 = 655, max_th = 1.671580e+00, time=2025-04-16 05:53:39 
jj1 = 551, max_th = 2.348025e+00, time=2025-04-16 05:54:58 
jj1 = 636, max_th = 2.061314e+00, time=2025-04-16 05:55:06 
jj1 = 778, max_th = 2.450150e+00, time=2025-04-16 05:56:54 
jj1 = 533, max_th = 2.539532e+00, time=2025-04-16 05:58:02 
jj1 = 613, max_th = 1.897964e+00, time=2025-04-16 05:59:05 
jj1 = 594, max_th = 1.115583e+00, time=2025-04-16 06:03:29 
jj1 = 671, max_th = 2.132300e+00, time=2025-04-16 06:04:37 
jj1 = 739, max_th = 2.152367e+00, time=2025-04-16 06:05:57 
jj1 = 756, max_th = 2.135916e+00, time=2025-04-16 06:09:03 
jj1 = 612, max_th = 1.551287e+00, time=2025-04-16 06:09:51 
jj1 = 777, max_th = 2.489457e+00, time=2025-04-16 06:10:20 
jj1 = 697, max_th = 1.521335e+00, time=2025-04-16 06:13:37 
jj1 = 654, max_th = 2.183980e+00, time=2025-04-16 06:17:07 
jj1 = 550, max_th = 2.132748e+00, time=2025-04-16 06:18:13 
jj1 = 593, max_th = 2.659700e+00, time=2025-04-16 06:18:21 
jj1 = 635, max_th = 1.878951e+00, time=2025-04-16 06:19:13 
jj1 = 670, max_th = 2.299236e+00, time=2025-04-16 06:21:08 
jj1 = 532, max_th = 2.254265e+00, time=2025-04-16 06:23:10 
jj1 = 716, max_th = 1.770153e+00, time=2025-04-16 06:24:54 
jj1 = 669, max_th = 2.945156e+00, time=2025-04-16 06:25:17 
jj1 = 634, max_th = 2.778200e+00, time=2025-04-16 06:27:21 
jj1 = 611, max_th = 1.639733e+00, time=2025-04-16 06:28:37 
jj1 = 776, max_th = 1.647145e+00, time=2025-04-16 06:30:11 
jj1 = 715, max_th = 8.853115e-01, time=2025-04-16 06:30:32 
jj1 = 696, max_th = 2.473030e+00, time=2025-04-16 06:32:10 
jj1 = 549, max_th = 1.651010e+00, time=2025-04-16 06:34:30 
jj1 = 755, max_th = 2.005572e+00, time=2025-04-16 06:37:31 
jj1 = 738, max_th = 1.971438e+00, time=2025-04-16 06:40:19 
jj1 = 633, max_th = 1.328582e+00, time=2025-04-16 06:40:57 
jj1 = 798, max_th = 1.505399e+00, time=2025-04-16 06:41:16 
jj1 = 653, max_th = 2.089409e+00, time=2025-04-16 06:41:48 
jj1 = 592, max_th = 1.989911e+00, time=2025-04-16 06:43:06 
jj1 = 788, max_th = 2.669579e+00, time=2025-04-16 06:46:20 
jj1 = 610, max_th = 1.561830e+00, time=2025-04-16 06:46:53 
jj1 = 797, max_th = 1.426410e+00, time=2025-04-16 06:47:54 
jj1 = 531, max_th = 1.814940e+00, time=2025-04-16 06:53:35 
jj1 = 787, max_th = 2.853587e+00, time=2025-04-16 06:53:52 
jj1 = 632, max_th = 1.357253e+00, time=2025-04-16 06:53:51 
jj1 = 530, max_th = -1.582074e+00, time=2025-04-16 06:54:20 
jj1 = 775, max_th = 2.056194e+00, time=2025-04-16 06:54:35 
jj1 = 695, max_th = 2.210655e+00, time=2025-04-16 06:58:23 
jj1 = 652, max_th = 2.339889e+00, time=2025-04-16 07:00:55 
jj1 = 714, max_th = 1.820188e+00, time=2025-04-16 07:02:54 
jj1 = 786, max_th = 1.213942e+00, time=2025-04-16 07:03:37 
jj1 = 796, max_th = 1.359051e+00, time=2025-04-16 07:05:44 
jj1 = 754, max_th = 1.868245e+00, time=2025-04-16 07:06:01 
jj1 = 591, max_th = 2.510901e+00, time=2025-04-16 07:06:58 
jj1 = 694, max_th = 2.701180e+00, time=2025-04-16 07:07:31 
jj1 = 737, max_th = 1.956712e+00, time=2025-04-16 07:08:37 
jj1 = 785, max_th = 2.744601e+00, time=2025-04-16 07:12:53 
jj1 = 651, max_th = 2.546011e+00, time=2025-04-16 07:12:54 
jj1 = 609, max_th = 2.012294e+00, time=2025-04-16 07:13:03 
jj1 = 529, max_th = 1.516192e+00, time=2025-04-16 07:13:50 
jj1 = 753, max_th = 2.350005e+00, time=2025-04-16 07:15:27 
jj1 = 795, max_th = 2.689517e+00, time=2025-04-16 07:15:48 
jj1 = 774, max_th = 1.848124e+00, time=2025-04-16 07:16:45 
jj1 = 631, max_th = 2.060869e+00, time=2025-04-16 07:18:18 
jj1 = 794, max_th = 2.951889e+00, time=2025-04-16 07:19:01 
jj1 = 713, max_th = 1.486996e+00, time=2025-04-16 07:20:50 
jj1 = 793, max_th = 1.187214e+00, time=2025-04-16 07:28:25 
jj1 = 818, max_th = 2.584816e+00, time=2025-04-16 07:28:49 
jj1 = 590, max_th = 2.152582e+00, time=2025-04-16 07:29:26 
jj1 = 784, max_th = 1.200286e+00, time=2025-04-16 07:32:20 
jj1 = 773, max_th = 2.531241e+00, time=2025-04-16 07:32:54 
jj1 = 650, max_th = 1.534805e+00, time=2025-04-16 07:33:17 
jj1 = 736, max_th = 1.787132e+00, time=2025-04-16 07:34:37 
jj1 = 693, max_th = 2.226920e+00, time=2025-04-16 07:35:25 
jj1 = 712, max_th = 1.453919e+00, time=2025-04-16 07:38:31 
jj1 = 828, max_th = 2.048136e+00, time=2025-04-16 07:39:06 
jj1 = 817, max_th = 2.635965e+00, time=2025-04-16 07:40:46 
jj1 = 816, max_th = 3.021974e+00, time=2025-04-16 07:43:32 
jj1 = 649, max_th = 2.502962e+00, time=2025-04-16 07:48:14 
jj1 = 792, max_th = 2.245072e+00, time=2025-04-16 07:51:45 
jj1 = 772, max_th = 1.538717e+00, time=2025-04-16 07:52:01 
jj1 = 630, max_th = 2.426748e+00, time=2025-04-16 07:52:17 
jj1 = 815, max_th = 2.738386e+00, time=2025-04-16 07:52:27 
jj1 = 771, max_th = 8.003875e-01, time=2025-04-16 07:54:06 
jj1 = 783, max_th = 1.544221e+00, time=2025-04-16 07:58:06 
jj1 = 735, max_th = 2.240064e+00, time=2025-04-16 07:58:56 
jj1 = 692, max_th = 1.662708e+00, time=2025-04-16 08:00:08 
jj1 = 589, max_th = 1.858719e+00, time=2025-04-16 08:01:20 
jj1 = 734, max_th = 8.660013e-01, time=2025-04-16 08:02:37 
jj1 = 711, max_th = 2.000913e+00, time=2025-04-16 08:03:45 
jj1 = 733, max_th = 7.488557e-01, time=2025-04-16 08:04:49 
jj1 = 848, max_th = 1.732992e+00, time=2025-04-16 08:09:20 
jj1 = 827, max_th = 1.984949e+00, time=2025-04-16 08:10:04 
jj1 = 770, max_th = 1.484812e+00, time=2025-04-16 08:11:01 
jj1 = 791, max_th = 2.162124e+00, time=2025-04-16 08:17:58 
jj1 = 782, max_th = 2.481585e+00, time=2025-04-16 08:18:29 
jj1 = 814, max_th = 1.770492e+00, time=2025-04-16 08:19:14 
jj1 = 629, max_th = 2.158591e+00, time=2025-04-16 08:19:34 
jj1 = 808, max_th = 2.304169e+00, time=2025-04-16 08:22:30 
jj1 = 769, max_th = 2.567106e+00, time=2025-04-16 08:24:10 
jj1 = 847, max_th = 2.326245e+00, time=2025-04-16 08:27:15 
jj1 = 691, max_th = 1.983764e+00, time=2025-04-16 08:28:49 
jj1 = 752, max_th = 1.235569e+00, time=2025-04-16 08:29:08 
jj1 = 710, max_th = 1.727254e+00, time=2025-04-16 08:30:26 
jj1 = 781, max_th = 2.619466e+00, time=2025-04-16 08:30:28 
jj1 = 826, max_th = 2.145702e+00, time=2025-04-16 08:32:51 
jj1 = 732, max_th = 2.091533e+00, time=2025-04-16 08:33:26 
jj1 = 790, max_th = 2.317535e+00, time=2025-04-16 08:38:48 
jj1 = 813, max_th = 1.694015e+00, time=2025-04-16 08:43:00 
jj1 = 868, max_th = 1.741989e+00, time=2025-04-16 08:44:53 
jj1 = 807, max_th = 1.673427e+00, time=2025-04-16 08:45:14 
jj1 = 846, max_th = 1.556679e+00, time=2025-04-16 08:47:48 
jj1 = 825, max_th = 2.451853e+00, time=2025-04-16 08:49:09 
jj1 = 893, max_th = 1.912564e+00, time=2025-04-16 08:51:31 
jj1 = 780, max_th = 2.304357e+00, time=2025-04-16 08:51:37 
jj1 = 789, max_th = 2.492761e+00, time=2025-04-16 08:52:55 
jj1 = 751, max_th = 2.181539e+00, time=2025-04-16 08:55:19 
jj1 = 690, max_th = 2.281886e+00, time=2025-04-16 08:55:24 
jj1 = 731, max_th = 2.326722e+00, time=2025-04-16 08:58:33 
jj1 = 867, max_th = 1.567652e+00, time=2025-04-16 09:02:53 
jj1 = 779, max_th = 1.518838e+00, time=2025-04-16 09:05:12 
jj1 = 750, max_th = 1.298399e+00, time=2025-04-16 09:05:52 
jj1 = 709, max_th = 1.965627e+00, time=2025-04-16 09:06:38 
jj1 = 898, max_th = 1.644759e+00, time=2025-04-16 09:10:55 
jj1 = 806, max_th = 1.955975e+00, time=2025-04-16 09:12:51 
jj1 = 845, max_th = 2.093341e+00, time=2025-04-16 09:13:53 
jj1 = 892, max_th = 2.052348e+00, time=2025-04-16 09:14:17 
jj1 = 891, max_th = 3.278448e+00, time=2025-04-16 09:14:23 
jj1 = 824, max_th = 2.055519e+00, time=2025-04-16 09:14:30 
jj1 = 805, max_th = 8.282228e-01, time=2025-04-16 09:16:57 
jj1 = 804, max_th = 4.315429e-01, time=2025-04-16 09:18:11 
jj1 = 812, max_th = 1.701755e+00, time=2025-04-16 09:18:22 
jj1 = 689, max_th = 2.315205e+00, time=2025-04-16 09:18:25 
jj1 = 903, max_th = 1.474669e+00, time=2025-04-16 09:24:02 
jj1 = 866, max_th = 2.140593e+00, time=2025-04-16 09:31:14 
jj1 = 838, max_th = 1.725893e+00, time=2025-04-16 09:32:18 
jj1 = 897, max_th = 1.521514e+00, time=2025-04-16 09:32:39 
jj1 = 890, max_th = 1.742404e+00, time=2025-04-16 09:33:26 
jj1 = 837, max_th = 4.713791e-01, time=2025-04-16 09:33:35 
jj1 = 803, max_th = 1.416973e+00, time=2025-04-16 09:34:23 
jj1 = 749, max_th = 2.133589e+00, time=2025-04-16 09:35:01 
jj1 = 823, max_th = 1.668508e+00, time=2025-04-16 09:35:43 
jj1 = 878, max_th = 1.555428e+00, time=2025-04-16 09:36:48 
jj1 = 844, max_th = 1.910452e+00, time=2025-04-16 09:42:21 
jj1 = 811, max_th = 1.711911e+00, time=2025-04-16 09:42:24 
jj1 = 889, max_th = 2.666242e+00, time=2025-04-16 09:45:04 
jj1 = 730, max_th = 1.894882e+00, time=2025-04-16 09:45:37 
jj1 = 902, max_th = 2.329719e+00, time=2025-04-16 09:46:05 
jj1 = 896, max_th = 2.298990e+00, time=2025-04-16 09:50:51 
jj1 = 843, max_th = 1.324451e+00, time=2025-04-16 09:54:11 
jj1 = 865, max_th = 1.830895e+00, time=2025-04-16 09:57:53 
jj1 = 836, max_th = 2.098100e+00, time=2025-04-16 09:58:25 
jj1 = 933, max_th = 1.409127e+00, time=2025-04-16 10:00:17 
jj1 = 877, max_th = 2.204807e+00, time=2025-04-16 10:00:44 
jj1 = 822, max_th = 2.092767e+00, time=2025-04-16 10:01:16 
jj1 = 858, max_th = 2.041765e+00, time=2025-04-16 10:02:17 
jj1 = 802, max_th = 1.831548e+00, time=2025-04-16 10:02:28 
jj1 = 810, max_th = 1.575685e+00, time=2025-04-16 10:05:29 
jj1 = 895, max_th = 1.454106e+00, time=2025-04-16 10:06:10 
jj1 = 901, max_th = 1.618834e+00, time=2025-04-16 10:07:25 
jj1 = 876, max_th = 1.331674e+00, time=2025-04-16 10:15:10 
jj1 = 729, max_th = 1.919180e+00, time=2025-04-16 10:15:41 
jj1 = 842, max_th = 1.969124e+00, time=2025-04-16 10:21:42 
jj1 = 864, max_th = 1.526454e+00, time=2025-04-16 10:22:13 
jj1 = 821, max_th = 2.044767e+00, time=2025-04-16 10:25:07 
jj1 = 835, max_th = 2.181625e+00, time=2025-04-16 10:25:35 
jj1 = 801, max_th = 1.691319e+00, time=2025-04-16 10:27:08 
jj1 = 932, max_th = 2.233559e+00, time=2025-04-16 10:27:41 
jj1 = 894, max_th = 2.114355e+00, time=2025-04-16 10:28:54 
jj1 = 809, max_th = 1.916185e+00, time=2025-04-16 10:32:28 
jj1 = 931, max_th = 9.548567e-01, time=2025-04-16 10:33:44 
jj1 = 900, max_th = 2.064939e+00, time=2025-04-16 10:35:32 
jj1 = 820, max_th = 1.332999e+00, time=2025-04-16 10:37:18 
jj1 = 857, max_th = 2.125342e+00, time=2025-04-16 10:40:35 
jj1 = 819, max_th = 8.947865e-01, time=2025-04-16 10:41:14 
jj1 = 875, max_th = 1.784843e+00, time=2025-04-16 10:41:58 
jj1 = 841, max_th = 2.308909e+00, time=2025-04-16 10:41:59 
jj1 = 888, max_th = 2.284018e+00, time=2025-04-16 10:43:10 
jj1 = 938, max_th = 1.552544e+00, time=2025-04-16 10:45:58 
jj1 = 913, max_th = 2.543291e+00, time=2025-04-16 10:47:28 
jj1 = 863, max_th = 1.868204e+00, time=2025-04-16 10:49:44 
jj1 = 834, max_th = 1.815483e+00, time=2025-04-16 10:51:32 
jj1 = 912, max_th = 8.333720e-01, time=2025-04-16 10:51:53 
jj1 = 899, max_th = 2.376881e+00, time=2025-04-16 10:55:14 
jj1 = 874, max_th = 2.576181e+00, time=2025-04-16 10:56:56 
jj1 = 930, max_th = 2.186838e+00, time=2025-04-16 10:58:39 
jj1 = 833, max_th = 1.133572e+00, time=2025-04-16 11:00:47 
jj1 = 908, max_th = 1.470212e+00, time=2025-04-16 11:00:59 
jj1 = 800, max_th = 1.520858e+00, time=2025-04-16 11:01:17 
jj1 = 856, max_th = 1.338469e+00, time=2025-04-16 11:01:40 
jj1 = 840, max_th = 2.420496e+00, time=2025-04-16 11:03:00 
jj1 = 839, max_th = 3.043900e+00, time=2025-04-16 11:06:26 
jj1 = 887, max_th = 1.792087e+00, time=2025-04-16 11:08:22 
jj1 = 873, max_th = 1.238673e+00, time=2025-04-16 11:08:28 
jj1 = 911, max_th = 1.493545e+00, time=2025-04-16 11:08:32 
jj1 = 832, max_th = 9.588636e-01, time=2025-04-16 11:09:33 
jj1 = 855, max_th = 2.653307e+00, time=2025-04-16 11:11:31 
jj1 = 937, max_th = 2.038979e+00, time=2025-04-16 11:12:25 
jj1 = 862, max_th = 2.123811e+00, time=2025-04-16 11:17:08 
jj1 = 943, max_th = 2.019379e+00, time=2025-04-16 11:18:29 
jj1 = 929, max_th = 2.374023e+00, time=2025-04-16 11:19:42 
jj1 = 918, max_th = 1.415236e+00, time=2025-04-16 11:20:34 
jj1 = 960, max_th = 2.928064e+00, time=2025-04-16 11:24:20 
jj1 = 942, max_th = 2.759721e+00, time=2025-04-16 11:25:53 
jj1 = 799, max_th = 1.633353e+00, time=2025-04-16 11:28:05 
jj1 = 861, max_th = 2.630573e+00, time=2025-04-16 11:29:01 
jj1 = 910, max_th = 1.610440e+00, time=2025-04-16 11:30:04 
jj1 = 907, max_th = 2.063903e+00, time=2025-04-16 11:30:25 
jj1 = 872, max_th = 2.284673e+00, time=2025-04-16 11:31:32 
jj1 = 831, max_th = 2.381809e+00, time=2025-04-16 11:33:19 
jj1 = 959, max_th = 1.118223e+00, time=2025-04-16 11:35:03 
jj1 = 936, max_th = 1.561576e+00, time=2025-04-16 11:35:10 
jj1 = 871, max_th = 9.927479e-01, time=2025-04-16 11:37:41 
jj1 = 935, max_th = 3.008591e+00, time=2025-04-16 11:38:52 
jj1 = 886, max_th = 1.704111e+00, time=2025-04-16 11:42:32 
jj1 = 854, max_th = 2.027565e+00, time=2025-04-16 11:43:01 
jj1 = 941, max_th = 2.354575e+00, time=2025-04-16 11:45:21 
jj1 = 860, max_th = 1.545741e+00, time=2025-04-16 11:46:16 
jj1 = 934, max_th = 2.548468e+00, time=2025-04-16 11:52:40 
jj1 = 906, max_th = 2.256191e+00, time=2025-04-16 11:53:01 
jj1 = 909, max_th = 1.617596e+00, time=2025-04-16 11:53:15 
jj1 = 958, max_th = 2.395090e+00, time=2025-04-16 11:55:05 
jj1 = 923, max_th = 1.963928e+00, time=2025-04-16 11:55:47 
jj1 = 830, max_th = 1.679224e+00, time=2025-04-16 11:58:47 
jj1 = 885, max_th = 2.349112e+00, time=2025-04-16 12:00:33 
jj1 = 940, max_th = 1.649242e+00, time=2025-04-16 12:01:50 
jj1 = 884, max_th = 3.177926e+00, time=2025-04-16 12:02:07 
jj1 = 939, max_th = -4.362012e-02, time=2025-04-16 12:02:49 
jj1 = 853, max_th = 2.403389e+00, time=2025-04-16 12:04:38 
jj1 = 870, max_th = 1.729784e+00, time=2025-04-16 12:05:23 
jj1 = 957, max_th = 1.240519e+00, time=2025-04-16 12:08:30 
jj1 = 917, max_th = 2.018969e+00, time=2025-04-16 12:09:08 
jj1 = 859, max_th = 1.626722e+00, time=2025-04-16 12:10:35 
jj1 = 980, max_th = 1.240315e+00, time=2025-04-16 12:14:04 
jj1 = 972, max_th = 1.671634e+00, time=2025-04-16 12:15:37 
jj1 = 968, max_th = 2.258209e+00, time=2025-04-16 12:17:10 
jj1 = 922, max_th = 2.130705e+00, time=2025-04-16 12:21:41 
jj1 = 883, max_th = 2.386656e+00, time=2025-04-16 12:24:53 
jj1 = 916, max_th = 2.401992e+00, time=2025-04-16 12:25:10 
jj1 = 905, max_th = 1.666563e+00, time=2025-04-16 12:26:31 
jj1 = 921, max_th = 2.850708e+00, time=2025-04-16 12:27:20 
jj1 = 920, max_th = -4.079954e-02, time=2025-04-16 12:28:25 
jj1 = 869, max_th = 2.152480e+00, time=2025-04-16 12:28:41 
jj1 = 829, max_th = 1.925159e+00, time=2025-04-16 12:29:08 
jj1 = 988, max_th = 2.381635e+00, time=2025-04-16 12:29:44 
jj1 = 967, max_th = 2.250111e+00, time=2025-04-16 12:31:55 
jj1 = 928, max_th = 2.262224e+00, time=2025-04-16 12:33:22 
jj1 = 852, max_th = 2.211283e+00, time=2025-04-16 12:34:37 
jj1 = 948, max_th = 1.089538e+00, time=2025-04-16 12:34:51 
jj1 = 971, max_th = 2.139019e+00, time=2025-04-16 12:41:37 
jj1 = 919, max_th = 1.411173e+00, time=2025-04-16 12:44:42 
jj1 = 979, max_th = 1.976425e+00, time=2025-04-16 12:45:32 
jj1 = 882, max_th = 1.643371e+00, time=2025-04-16 12:46:36 
jj1 = 904, max_th = 1.746332e+00, time=2025-04-16 12:48:27 
jj1 = 915, max_th = 2.032402e+00, time=2025-04-16 12:50:42 
jj1 = 987, max_th = 2.463019e+00, time=2025-04-16 12:53:16 
jj1 = 947, max_th = 2.050255e+00, time=2025-04-16 12:56:11 
jj1 = 927, max_th = 1.887035e+00, time=2025-04-16 12:59:38 
jj1 = 952, max_th = 1.921535e+00, time=2025-04-16 13:01:51 
jj1 = 851, max_th = 1.684367e+00, time=2025-04-16 13:01:53 
jj1 = 966, max_th = 1.762229e+00, time=2025-04-16 13:02:54 
jj1 = 976, max_th = 1.583833e+00, time=2025-04-16 13:07:39 
jj1 = 992, max_th = 1.845906e+00, time=2025-04-16 13:07:47 
jj1 = 970, max_th = 2.006953e+00, time=2025-04-16 13:08:59 
jj1 = 881, max_th = 2.050342e+00, time=2025-04-16 13:09:43 
jj1 = 914, max_th = 1.532759e+00, time=2025-04-16 13:09:56 
jj1 = 978, max_th = 1.869423e+00, time=2025-04-16 13:15:05 
jj1 = 986, max_th = 2.244474e+00, time=2025-04-16 13:16:47 
jj1 = 926, max_th = 2.411287e+00, time=2025-04-16 13:19:39 
jj1 = 969, max_th = 2.641342e+00, time=2025-04-16 13:21:21 
jj1 = 946, max_th = 2.090267e+00, time=2025-04-16 13:21:36 
jj1 = 951, max_th = 1.657706e+00, time=2025-04-16 13:22:00 
jj1 = 977, max_th = 1.195505e+00, time=2025-04-16 13:23:22 
jj1 = 991, max_th = 2.387781e+00, time=2025-04-16 13:27:07 
jj1 = 975, max_th = 2.219858e+00, time=2025-04-16 13:27:46 
jj1 = 850, max_th = 2.046335e+00, time=2025-04-16 13:27:53 
jj1 = 965, max_th = 1.933729e+00, time=2025-04-16 13:28:13 
jj1 = 945, max_th = 1.302295e+00, time=2025-04-16 13:31:54 
jj1 = 984, max_th = 1.734429e+00, time=2025-04-16 13:32:01 
jj1 = 880, max_th = 2.239415e+00, time=2025-04-16 13:33:49 
jj1 = 990, max_th = 1.119388e+00, time=2025-04-16 13:33:53 
jj1 = 849, max_th = 1.075478e+00, time=2025-04-16 13:35:42 
jj1 = 974, max_th = 1.214135e+00, time=2025-04-16 13:35:53 
jj1 = 998, max_th = 2.547361e+00, time=2025-04-16 13:36:00 
jj1 = 996, max_th = 1.211204e+00, time=2025-04-16 13:37:45 
jj1 = 985, max_th = 2.073448e+00, time=2025-04-16 13:37:47 
jj1 = 983, max_th = 2.647320e+00, time=2025-04-16 13:40:31 
jj1 = 997, max_th = 1.803595e+00, time=2025-04-16 13:41:31 
jj1 = 950, max_th = 2.279049e+00, time=2025-04-16 13:42:53 
jj1 = 925, max_th = 1.918017e+00, time=2025-04-16 13:43:25 
jj1 = 989, max_th = 1.340616e+00, time=2025-04-16 13:46:05 
jj1 = 879, max_th = 1.582728e+00, time=2025-04-16 13:46:31 
jj1 = 944, max_th = 2.438933e+00, time=2025-04-16 13:48:36 
jj1 = 949, max_th = 2.784965e+00, time=2025-04-16 13:48:47 
jj1 = 973, max_th = 2.351592e+00, time=2025-04-16 13:49:47 
jj1 = 956, max_th = 2.263617e+00, time=2025-04-16 13:52:02 
jj1 = 999, max_th = 1.954354e+00, time=2025-04-16 13:52:35 
jj1 = 982, max_th = 2.396676e+00, time=2025-04-16 13:54:02 
jj1 = 995, max_th = 1.829869e+00, time=2025-04-16 13:55:31 
jj1 = 964, max_th = 2.373517e+00, time=2025-04-16 13:55:45 
jj1 = 955, max_th = 1.121879e+00, time=2025-04-16 13:56:30 
jj1 = 963, max_th = 3.007445e+00, time=2025-04-16 13:57:05 
jj1 = 924, max_th = 1.883402e+00, time=2025-04-16 14:03:33 
jj1 = 954, max_th = 1.612211e+00, time=2025-04-16 14:05:19 
jj1 = 981, max_th = 1.542706e+00, time=2025-04-16 14:06:39 
jj1 = 962, max_th = 1.721109e+00, time=2025-04-16 14:07:02 
jj1 = 953, max_th = 1.011704e+00, time=2025-04-16 14:07:36 
jj1 = 994, max_th = 1.969950e+00, time=2025-04-16 14:08:14 
jj1 = 1000, max_th = 2.323782e+00, time=2025-04-16 14:11:31 
jj1 = 961, max_th = 2.580076e+00, time=2025-04-16 14:12:26 
jj1 = 993, max_th = 2.219344e+00, time=2025-04-16 14:17:15 
>> >> >> >> >> >> >> >> >> 