MATLAB is selecting SOFTWARE OPENGL rendering.

                            < M A T L A B (R) >
                  Copyright 1984-2021 The MathWorks, Inc.
                  R2021b (9.11.0.1769968) 64-bit (glnxa64)
                             September 17, 2021

 
To get started, type doc.
For product information, visit www.mathworks.com.
 
>> >> >> >> >> >> >> >> >> >> >> >> >> >> >> >> >> >> >> >> >> >> >> >> >> >> Starting parallel pool (parpool) using the 'local' profile ...
[Warning: A task was unexpectedly found in state: Unavailable.] 
[> In parallel.cluster.Local/deriveJobStateFromTasks (line 29)
In parallel.cluster/Local/getJobState (line 174)
In parallel.cluster/CJSCluster/hGetJobState (line 375)
In parallel.internal.cluster/CJSJobMixin/hGetStateEnum (line 175)
In parallel/Job/get.StateEnum (line 247)
In parallel/Job/get.State (line 239)
In parallel.internal.customattr.CustomGetSet>iVectorisedGetHelper (line 128)
In parallel.internal.customattr.CustomGetSet>@(a,b,c)iVectorisedGetHelper(obj,a,b,c) (line 102)
In parallel.internal.customattr/CustomGetSet/doVectorisedGet (line 103)
In parallel.internal.customattr/CustomGetSet/hVectorisedGet (line 76)
In parallel.internal.customattr.GetSetImpl>iAccessProperties (line 322)
In parallel.internal.customattr.GetSetImpl>iGetAllPropertiesVec (line 264)
In parallel.internal.customattr/GetSetImpl/getImpl (line 133)
In parallel.internal.customattr.CustomGetSet>iHetFunGetFunction (line 154)
In parallel.internal.customattr.CustomGetSet>@(o)iHetFunGetFunction(o,props) (line 139)
In parallel.internal.cluster.hetfun (line 46)
In parallel.internal.customattr.CustomGetSet>iHetFunGetProperty (line 139)
In parallel.internal.customattr/CustomGetSet/get (line 38)
In parallel.internal.pool/AbstractInteractiveClient/pRemoveOldJobs (line 211)
In parallel.internal.pool/AbstractInteractiveClient/start (line 103)
In parallel.internal.pool.AbstractClusterPool>iStartClient (line 831)
In parallel.internal.pool/AbstractClusterPool/hBuildPool (line 585)
In parallel.internal.pool.doParpool (line 22)
In parpool (line 123)
In parallel.internal.parpool.getOrCreateCurrentPool (line 17)
In parallel.internal.pool/PoolArrayManager/getOrAutoCreateWithCleanup (line 44)
In pctTryCreatePoolIfNecessary (line 28)
In parallel_function (line 423)] 
Connected to the parallel pool (number of workers: 12).
jj1 = 5, max_th = 8.143829e-01, time=2025-04-15 09:54:57 
jj1 = 60, max_th = 2.914386e+00, time=2025-04-15 09:56:45 
jj1 = 25, max_th = 2.910671e+00, time=2025-04-15 09:58:28 
jj1 = 50, max_th = 2.702463e+00, time=2025-04-15 10:00:01 
jj1 = 24, max_th = 2.961760e+00, time=2025-04-15 10:01:53 
jj1 = 15, max_th = 1.371480e+00, time=2025-04-15 10:08:42 
jj1 = 30, max_th = 1.754551e+00, time=2025-04-15 10:09:44 
jj1 = 45, max_th = 1.793599e+00, time=2025-04-15 10:13:08 
jj1 = 20, max_th = 2.170121e+00, time=2025-04-15 10:13:57 
jj1 = 4, max_th = 1.665749e+00, time=2025-04-15 10:14:53 
jj1 = 10, max_th = 1.944460e+00, time=2025-04-15 10:15:08 
jj1 = 55, max_th = 1.915386e+00, time=2025-04-15 10:15:41 
jj1 = 35, max_th = 1.941656e+00, time=2025-04-15 10:15:46 
jj1 = 40, max_th = 1.880812e+00, time=2025-04-15 10:16:42 
jj1 = 59, max_th = 2.156564e+00, time=2025-04-15 10:17:46 
jj1 = 49, max_th = 2.356408e+00, time=2025-04-15 10:18:20 
jj1 = 14, max_th = 1.227522e+00, time=2025-04-15 10:18:22 
jj1 = 58, max_th = 4.037888e+00, time=2025-04-15 10:19:55 
jj1 = 44, max_th = 2.605694e+00, time=2025-04-15 10:23:42 
jj1 = 23, max_th = 1.807388e+00, time=2025-04-15 10:24:17 
jj1 = 54, max_th = 1.175961e+00, time=2025-04-15 10:26:11 
jj1 = 43, max_th = 8.365921e-01, time=2025-04-15 10:27:00 
jj1 = 3, max_th = 1.501922e+00, time=2025-04-15 10:27:55 
jj1 = 2, max_th = -2.152650e-02, time=2025-04-15 10:29:00 
jj1 = 29, max_th = 1.568827e+00, time=2025-04-15 10:29:21 
jj1 = 19, max_th = 1.695571e+00, time=2025-04-15 10:29:40 
jj1 = 13, max_th = 1.483800e+00, time=2025-04-15 10:32:05 
jj1 = 48, max_th = 2.484542e+00, time=2025-04-15 10:33:22 
jj1 = 34, max_th = 2.255019e+00, time=2025-04-15 10:34:30 
jj1 = 12, max_th = 8.687858e-01, time=2025-04-15 10:35:22 
jj1 = 39, max_th = 1.806538e+00, time=2025-04-15 10:36:59 
jj1 = 9, max_th = 1.762457e+00, time=2025-04-15 10:38:09 
jj1 = 57, max_th = 1.719139e+00, time=2025-04-15 10:39:14 
jj1 = 18, max_th = 1.314565e+00, time=2025-04-15 10:40:29 
jj1 = 47, max_th = 2.739386e+00, time=2025-04-15 10:40:42 
jj1 = 33, max_th = 1.216434e+00, time=2025-04-15 10:41:21 
jj1 = 22, max_th = 1.294349e+00, time=2025-04-15 10:43:42 
jj1 = 53, max_th = 1.693209e+00, time=2025-04-15 10:45:45 
jj1 = 1, max_th = 1.799345e+00, time=2025-04-15 10:46:43 
jj1 = 99, max_th = 3.067360e+00, time=2025-04-15 10:48:45 
jj1 = 11, max_th = 1.444203e+00, time=2025-04-15 10:48:57 
jj1 = 8, max_th = 2.554027e+00, time=2025-04-15 10:49:31 
jj1 = 56, max_th = 1.302920e+00, time=2025-04-15 10:49:57 
jj1 = 28, max_th = 2.161256e+00, time=2025-04-15 10:52:35 
jj1 = 17, max_th = 2.554970e+00, time=2025-04-15 10:52:42 
jj1 = 98, max_th = 2.897930e+00, time=2025-04-15 10:52:44 
jj1 = 42, max_th = 1.931707e+00, time=2025-04-15 10:53:15 
jj1 = 177, max_th = 1.230049e+00, time=2025-04-15 10:57:44 
jj1 = 32, max_th = 2.339798e+00, time=2025-04-15 10:59:23 
jj1 = 7, max_th = 1.448396e+00, time=2025-04-15 11:01:34 
jj1 = 38, max_th = 1.960820e+00, time=2025-04-15 11:01:44 
jj1 = 46, max_th = 2.093962e+00, time=2025-04-15 11:02:21 
jj1 = 21, max_th = 2.361260e+00, time=2025-04-15 11:03:04 
jj1 = 97, max_th = 1.516465e+00, time=2025-04-15 11:07:10 
jj1 = 16, max_th = 1.503101e+00, time=2025-04-15 11:07:21 
jj1 = 52, max_th = 1.726450e+00, time=2025-04-15 11:09:23 
jj1 = 528, max_th = 1.554395e+00, time=2025-04-15 11:09:44 
jj1 = 527, max_th = 7.265413e-01, time=2025-04-15 11:11:03 
jj1 = 27, max_th = 2.265896e+00, time=2025-04-15 11:12:49 
jj1 = 41, max_th = 1.997018e+00, time=2025-04-15 11:15:05 
jj1 = 216, max_th = 2.738102e+00, time=2025-04-15 11:16:30 
jj1 = 6, max_th = 1.561234e+00, time=2025-04-15 11:17:39 
jj1 = 450, max_th = 1.651139e+00, time=2025-04-15 11:18:14 
jj1 = 31, max_th = 2.397520e+00, time=2025-04-15 11:19:02 
jj1 = 176, max_th = 1.903830e+00, time=2025-04-15 11:19:42 
jj1 = 26, max_th = 1.118963e+00, time=2025-04-15 11:22:54 
jj1 = 37, max_th = 1.896328e+00, time=2025-04-15 11:23:49 
jj1 = 294, max_th = 7.650883e-01, time=2025-04-15 11:25:25 
jj1 = 449, max_th = 1.448583e+00, time=2025-04-15 11:31:16 
jj1 = 526, max_th = 2.215371e+00, time=2025-04-15 11:32:04 
jj1 = 138, max_th = 2.518506e+00, time=2025-04-15 11:32:35 
jj1 = 96, max_th = 2.008300e+00, time=2025-04-15 11:32:46 
jj1 = 51, max_th = 1.814163e+00, time=2025-04-15 11:33:24 
jj1 = 411, max_th = 1.670500e+00, time=2025-04-15 11:34:02 
jj1 = 175, max_th = 1.850182e+00, time=2025-04-15 11:34:35 
jj1 = 215, max_th = 1.816430e+00, time=2025-04-15 11:41:45 
jj1 = 333, max_th = 1.915526e+00, time=2025-04-15 11:43:21 
jj1 = 410, max_th = 2.600681e+00, time=2025-04-15 11:44:53 
jj1 = 255, max_th = 1.786971e+00, time=2025-04-15 11:45:50 
jj1 = 409, max_th = 3.116469e+00, time=2025-04-15 11:49:42 
jj1 = 95, max_th = 1.540226e+00, time=2025-04-15 11:54:20 
jj1 = 293, max_th = 1.943464e+00, time=2025-04-15 11:55:15 
jj1 = 36, max_th = 1.964837e+00, time=2025-04-15 11:56:36 
jj1 = 489, max_th = 2.274207e+00, time=2025-04-15 12:08:48 
jj1 = 137, max_th = 2.152885e+00, time=2025-04-15 12:08:56 
jj1 = 525, max_th = 2.147206e+00, time=2025-04-15 12:09:05 
jj1 = 174, max_th = 2.426447e+00, time=2025-04-15 12:09:51 
jj1 = 448, max_th = 1.921387e+00, time=2025-04-15 12:14:33 
jj1 = 173, max_th = 3.024344e+00, time=2025-04-15 12:18:30 
jj1 = 94, max_th = 1.224534e+00, time=2025-04-15 12:18:45 
jj1 = 408, max_th = 1.506886e+00, time=2025-04-15 12:20:00 
jj1 = 332, max_th = 2.203052e+00, time=2025-04-15 12:25:42 
jj1 = 214, max_th = 2.015706e+00, time=2025-04-15 12:25:50 
jj1 = 372, max_th = 1.508703e+00, time=2025-04-15 12:26:44 
jj1 = 407, max_th = 9.969451e-01, time=2025-04-15 12:30:51 
jj1 = 254, max_th = 1.865723e+00, time=2025-04-15 12:34:14 
jj1 = 292, max_th = 2.151762e+00, time=2025-04-15 12:36:23 
jj1 = 447, max_th = 1.359617e+00, time=2025-04-15 12:43:08 
jj1 = 136, max_th = 1.647104e+00, time=2025-04-15 12:46:06 
jj1 = 524, max_th = 2.133139e+00, time=2025-04-15 12:57:51 
jj1 = 488, max_th = 2.175897e+00, time=2025-04-15 12:58:16 
jj1 = 135, max_th = 2.652480e+00, time=2025-04-15 13:04:54 
jj1 = 213, max_th = 1.622950e+00, time=2025-04-15 13:05:07 
jj1 = 93, max_th = 2.326628e+00, time=2025-04-15 13:07:16 
jj1 = 291, max_th = 1.571457e+00, time=2025-04-15 13:11:45 
jj1 = 406, max_th = 1.720511e+00, time=2025-04-15 13:13:59 
jj1 = 172, max_th = 1.826915e+00, time=2025-04-15 13:15:18 
jj1 = 371, max_th = 1.737220e+00, time=2025-04-15 13:19:16 
jj1 = 92, max_th = 2.800105e+00, time=2025-04-15 13:20:44 
jj1 = 134, max_th = 1.196567e+00, time=2025-04-15 13:21:22 
jj1 = 331, max_th = 1.673136e+00, time=2025-04-15 13:21:39 
jj1 = 171, max_th = 2.684504e+00, time=2025-04-15 13:24:52 
jj1 = 253, max_th = 1.969265e+00, time=2025-04-15 13:27:53 
jj1 = 405, max_th = 1.151247e+00, time=2025-04-15 13:28:10 
jj1 = 446, max_th = 1.863785e+00, time=2025-04-15 13:38:40 
jj1 = 487, max_th = 1.697165e+00, time=2025-04-15 13:44:14 
jj1 = 91, max_th = 2.555009e+00, time=2025-04-15 13:46:32 
jj1 = 523, max_th = 2.069166e+00, time=2025-04-15 13:47:44 
jj1 = 170, max_th = 1.421969e+00, time=2025-04-15 13:53:28 
jj1 = 212, max_th = 1.875088e+00, time=2025-04-15 13:59:05 
jj1 = 133, max_th = 1.509097e+00, time=2025-04-15 14:01:47 
jj1 = 404, max_th = 2.351644e+00, time=2025-04-15 14:02:14 
jj1 = 370, max_th = 2.210358e+00, time=2025-04-15 14:07:20 
jj1 = 252, max_th = 1.907692e+00, time=2025-04-15 14:09:10 
jj1 = 330, max_th = 1.766374e+00, time=2025-04-15 14:10:37 
jj1 = 290, max_th = 1.979978e+00, time=2025-04-15 14:12:59 
jj1 = 90, max_th = 1.457129e+00, time=2025-04-15 14:15:20 
jj1 = 369, max_th = 2.869187e+00, time=2025-04-15 14:19:47 
jj1 = 445, max_th = 1.894621e+00, time=2025-04-15 14:25:51 
jj1 = 132, max_th = 2.613295e+00, time=2025-04-15 14:26:48 
jj1 = 169, max_th = 2.128188e+00, time=2025-04-15 14:28:14 
jj1 = 522, max_th = 1.842796e+00, time=2025-04-15 14:32:11 
jj1 = 486, max_th = 1.886642e+00, time=2025-04-15 14:32:18 
jj1 = 403, max_th = 2.245315e+00, time=2025-04-15 14:35:57 
jj1 = 211, max_th = 2.374443e+00, time=2025-04-15 14:36:28 
jj1 = 289, max_th = 1.608110e+00, time=2025-04-15 14:42:15 
jj1 = 131, max_th = 1.479435e+00, time=2025-04-15 14:44:17 
jj1 = 329, max_th = 2.056630e+00, time=2025-04-15 14:44:34 
jj1 = 89, max_th = 2.415697e+00, time=2025-04-15 14:44:54 
jj1 = 251, max_th = 1.817688e+00, time=2025-04-15 14:45:47 
jj1 = 368, max_th = 2.427388e+00, time=2025-04-15 14:46:50 
jj1 = 168, max_th = 1.634296e+00, time=2025-04-15 14:51:14 
jj1 = 444, max_th = 2.183411e+00, time=2025-04-15 14:52:14 
jj1 = 130, max_th = 1.090506e+00, time=2025-04-15 14:52:57 
jj1 = 485, max_th = 1.925702e+00, time=2025-04-15 14:57:52 
jj1 = 521, max_th = 1.610301e+00, time=2025-04-15 14:58:51 
jj1 = 129, max_th = 2.738637e+00, time=2025-04-15 15:01:09 
jj1 = 167, max_th = 2.638779e+00, time=2025-04-15 15:03:10 
jj1 = 210, max_th = 1.921159e+00, time=2025-04-15 15:07:03 
jj1 = 443, max_th = 1.269666e+00, time=2025-04-15 15:08:40 
jj1 = 328, max_th = 1.797188e+00, time=2025-04-15 15:08:41 
jj1 = 250, max_th = 1.695139e+00, time=2025-04-15 15:09:25 
jj1 = 166, max_th = 2.813161e+00, time=2025-04-15 15:09:32 
jj1 = 88, max_th = 1.843825e+00, time=2025-04-15 15:15:32 
jj1 = 288, max_th = 2.084811e+00, time=2025-04-15 15:15:52 
jj1 = 367, max_th = 1.875916e+00, time=2025-04-15 15:18:57 
jj1 = 520, max_th = 2.361452e+00, time=2025-04-15 15:18:59 
jj1 = 402, max_th = 2.232545e+00, time=2025-04-15 15:25:13 
jj1 = 165, max_th = 1.489639e+00, time=2025-04-15 15:26:00 
jj1 = 484, max_th = 1.877797e+00, time=2025-04-15 15:27:25 
jj1 = 327, max_th = 2.198639e+00, time=2025-04-15 15:30:39 
jj1 = 442, max_th = 1.891757e+00, time=2025-04-15 15:31:07 
jj1 = 249, max_th = 2.419750e+00, time=2025-04-15 15:31:27 
jj1 = 209, max_th = 2.009278e+00, time=2025-04-15 15:32:04 
jj1 = 128, max_th = 2.726206e+00, time=2025-04-15 15:35:30 
jj1 = 401, max_th = 1.075397e+00, time=2025-04-15 15:35:50 
jj1 = 441, max_th = 1.058975e+00, time=2025-04-15 15:35:57 
jj1 = 287, max_th = 2.413539e+00, time=2025-04-15 15:37:08 
jj1 = 519, max_th = 2.472562e+00, time=2025-04-15 15:37:52 
jj1 = 164, max_th = 1.262730e+00, time=2025-04-15 15:38:01 
jj1 = 87, max_th = 2.424163e+00, time=2025-04-15 15:39:19 
jj1 = 248, max_th = 1.185206e+00, time=2025-04-15 15:41:32 
jj1 = 483, max_th = 1.286054e+00, time=2025-04-15 15:41:32 
jj1 = 366, max_th = 2.374855e+00, time=2025-04-15 15:42:13 
jj1 = 127, max_th = 8.383189e-01, time=2025-04-15 15:43:59 
jj1 = 440, max_th = 2.743767e+00, time=2025-04-15 15:45:12 
jj1 = 326, max_th = 1.850030e+00, time=2025-04-15 15:46:23 
jj1 = 286, max_th = 2.722370e+00, time=2025-04-15 15:48:10 
jj1 = 208, max_th = 1.457303e+00, time=2025-04-15 15:50:29 
jj1 = 86, max_th = 1.281178e+00, time=2025-04-15 15:55:32 
jj1 = 163, max_th = 1.557976e+00, time=2025-04-15 15:59:18 
jj1 = 400, max_th = 2.254736e+00, time=2025-04-15 16:02:45 
jj1 = 518, max_th = 2.244079e+00, time=2025-04-15 16:05:02 
jj1 = 247, max_th = 2.130291e+00, time=2025-04-15 16:08:03 
jj1 = 482, max_th = 2.126472e+00, time=2025-04-15 16:08:10 
jj1 = 126, max_th = 1.952970e+00, time=2025-04-15 16:10:34 
jj1 = 207, max_th = 2.047764e+00, time=2025-04-15 16:15:07 
jj1 = 439, max_th = 2.131905e+00, time=2025-04-15 16:16:34 
jj1 = 325, max_th = 2.088718e+00, time=2025-04-15 16:17:19 
jj1 = 285, max_th = 2.093459e+00, time=2025-04-15 16:17:25 
jj1 = 324, max_th = 3.443215e+00, time=2025-04-15 16:17:55 
jj1 = 85, max_th = 1.738133e+00, time=2025-04-15 16:21:02 
jj1 = 365, max_th = 2.059725e+00, time=2025-04-15 16:21:43 
jj1 = 206, max_th = 2.605297e+00, time=2025-04-15 16:25:20 
jj1 = 162, max_th = 2.159935e+00, time=2025-04-15 16:25:33 
jj1 = 517, max_th = 2.430590e+00, time=2025-04-15 16:26:15 
jj1 = 481, max_th = 1.656496e+00, time=2025-04-15 16:29:38 
jj1 = 246, max_th = 2.308141e+00, time=2025-04-15 16:30:10 
jj1 = 480, max_th = -8.113164e-02, time=2025-04-15 16:30:39 
jj1 = 125, max_th = 1.657355e+00, time=2025-04-15 16:32:00 
jj1 = 399, max_th = 2.162705e+00, time=2025-04-15 16:32:52 
jj1 = 161, max_th = 1.176489e+00, time=2025-04-15 16:36:25 
jj1 = 323, max_th = 2.324360e+00, time=2025-04-15 16:40:15 
jj1 = 84, max_th = 2.248694e+00, time=2025-04-15 16:40:54 
jj1 = 322, max_th = 3.106024e+00, time=2025-04-15 16:42:56 
jj1 = 284, max_th = 1.752983e+00, time=2025-04-15 16:43:28 
jj1 = 160, max_th = 1.053015e+00, time=2025-04-15 16:47:25 
jj1 = 438, max_th = 1.860721e+00, time=2025-04-15 16:47:46 
jj1 = 437, max_th = -1.209901e-01, time=2025-04-15 16:49:22 
jj1 = 479, max_th = 1.749854e+00, time=2025-04-15 16:50:44 
jj1 = 516, max_th = 1.949200e+00, time=2025-04-15 16:53:49 
jj1 = 205, max_th = 1.708150e+00, time=2025-04-15 16:54:46 
jj1 = 124, max_th = 1.597666e+00, time=2025-04-15 16:57:29 
jj1 = 364, max_th = 1.920961e+00, time=2025-04-15 17:02:53 
jj1 = 245, max_th = 1.742223e+00, time=2025-04-15 17:04:52 
jj1 = 398, max_th = 2.234232e+00, time=2025-04-15 17:05:43 
jj1 = 478, max_th = 1.344337e+00, time=2025-04-15 17:07:11 
jj1 = 83, max_th = 2.161484e+00, time=2025-04-15 17:14:17 
jj1 = 283, max_th = 2.284234e+00, time=2025-04-15 17:16:46 
jj1 = 436, max_th = 1.634389e+00, time=2025-04-15 17:16:50 
jj1 = 159, max_th = 1.614182e+00, time=2025-04-15 17:17:48 
jj1 = 321, max_th = 2.092946e+00, time=2025-04-15 17:19:08 
jj1 = 123, max_th = 1.542824e+00, time=2025-04-15 17:20:44 
jj1 = 515, max_th = 1.956418e+00, time=2025-04-15 17:23:16 
jj1 = 477, max_th = 1.749661e+00, time=2025-04-15 17:26:11 
jj1 = 363, max_th = 1.646636e+00, time=2025-04-15 17:26:24 
jj1 = 204, max_th = 2.131356e+00, time=2025-04-15 17:29:43 
jj1 = 122, max_th = 2.771290e+00, time=2025-04-15 17:29:53 
jj1 = 397, max_th = 2.332852e+00, time=2025-04-15 17:32:36 
jj1 = 244, max_th = 2.065102e+00, time=2025-04-15 17:34:32 
jj1 = 82, max_th = 1.773652e+00, time=2025-04-15 17:39:20 
jj1 = 320, max_th = 2.049535e+00, time=2025-04-15 17:39:36 
jj1 = 81, max_th = -1.401705e-01, time=2025-04-15 17:40:39 
jj1 = 362, max_th = 2.564090e+00, time=2025-04-15 17:40:45 
jj1 = 282, max_th = 2.248444e+00, time=2025-04-15 17:41:40 
jj1 = 514, max_th = 1.603586e+00, time=2025-04-15 17:42:44 
jj1 = 121, max_th = 1.210510e+00, time=2025-04-15 17:42:54 
jj1 = 203, max_th = 1.312639e+00, time=2025-04-15 17:44:07 
jj1 = 158, max_th = 2.028681e+00, time=2025-04-15 17:45:49 
jj1 = 476, max_th = 1.639566e+00, time=2025-04-15 17:46:40 
jj1 = 435, max_th = 2.074281e+00, time=2025-04-15 17:47:10 
jj1 = 396, max_th = 1.565145e+00, time=2025-04-15 17:52:17 
jj1 = 157, max_th = 2.597334e+00, time=2025-04-15 17:55:23 
jj1 = 281, max_th = 1.864880e+00, time=2025-04-15 18:04:24 
jj1 = 243, max_th = 2.019152e+00, time=2025-04-15 18:06:10 
jj1 = 319, max_th = 1.793446e+00, time=2025-04-15 18:06:32 
jj1 = 80, max_th = 2.159222e+00, time=2025-04-15 18:07:50 
jj1 = 513, max_th = 2.026193e+00, time=2025-04-15 18:08:13 
jj1 = 361, max_th = 2.151522e+00, time=2025-04-15 18:08:27 
jj1 = 512, max_th = 6.378398e-01, time=2025-04-15 18:10:55 
jj1 = 79, max_th = 3.859907e+00, time=2025-04-15 18:11:05 
jj1 = 156, max_th = 1.434699e+00, time=2025-04-15 18:11:30 
jj1 = 475, max_th = 1.639326e+00, time=2025-04-15 18:12:19 
jj1 = 474, max_th = 4.921071e-01, time=2025-04-15 18:12:41 
jj1 = 120, max_th = 1.967961e+00, time=2025-04-15 18:13:18 
jj1 = 202, max_th = 1.953600e+00, time=2025-04-15 18:15:13 
jj1 = 434, max_th = 2.280764e+00, time=2025-04-15 18:15:36 
jj1 = 395, max_th = 2.108024e+00, time=2025-04-15 18:17:25 
jj1 = 394, max_th = 3.319269e+00, time=2025-04-15 18:18:22 
jj1 = 78, max_th = 1.551269e+00, time=2025-04-15 18:26:53 
jj1 = 318, max_th = 2.430602e+00, time=2025-04-15 18:27:00 
jj1 = 511, max_th = 1.948964e+00, time=2025-04-15 18:30:04 
jj1 = 280, max_th = 2.045977e+00, time=2025-04-15 18:31:28 
jj1 = 242, max_th = 2.324687e+00, time=2025-04-15 18:32:36 
jj1 = 473, max_th = 2.371883e+00, time=2025-04-15 18:34:41 
jj1 = 155, max_th = 1.924940e+00, time=2025-04-15 18:34:52 
jj1 = 119, max_th = 2.458782e+00, time=2025-04-15 18:34:53 
jj1 = 201, max_th = 2.247219e+00, time=2025-04-15 18:37:59 
jj1 = 360, max_th = 1.875712e+00, time=2025-04-15 18:38:49 
jj1 = 393, max_th = 2.340839e+00, time=2025-04-15 18:41:01 
jj1 = 433, max_th = 1.930695e+00, time=2025-04-15 18:43:42 
jj1 = 154, max_th = 1.598575e+00, time=2025-04-15 18:50:42 
jj1 = 77, max_th = 2.268225e+00, time=2025-04-15 18:50:49 
jj1 = 118, max_th = 2.473443e+00, time=2025-04-15 18:52:04 
jj1 = 279, max_th = 1.684272e+00, time=2025-04-15 18:52:08 
jj1 = 392, max_th = 1.385131e+00, time=2025-04-15 18:52:19 
jj1 = 241, max_th = 1.602021e+00, time=2025-04-15 18:52:23 
jj1 = 240, max_th = -2.597223e-01, time=2025-04-15 18:52:47 
jj1 = 317, max_th = 1.810146e+00, time=2025-04-15 18:52:58 
jj1 = 472, max_th = 2.385111e+00, time=2025-04-15 18:56:16 
jj1 = 510, max_th = 1.986370e+00, time=2025-04-15 18:56:55 
jj1 = 239, max_th = 8.080518e-01, time=2025-04-15 18:57:24 
jj1 = 359, max_th = 1.474096e+00, time=2025-04-15 18:59:10 
jj1 = 200, max_th = 1.833094e+00, time=2025-04-15 19:09:18 
jj1 = 391, max_th = 2.425204e+00, time=2025-04-15 19:13:17 
jj1 = 432, max_th = 2.038812e+00, time=2025-04-15 19:14:06 
jj1 = 117, max_th = 1.664520e+00, time=2025-04-15 19:15:08 
jj1 = 153, max_th = 2.057978e+00, time=2025-04-15 19:15:11 
jj1 = 471, max_th = 2.395120e+00, time=2025-04-15 19:15:31 
jj1 = 316, max_th = 1.954774e+00, time=2025-04-15 19:18:26 
jj1 = 76, max_th = 1.984289e+00, time=2025-04-15 19:18:44 
jj1 = 431, max_th = 1.022510e+00, time=2025-04-15 19:20:23 
jj1 = 278, max_th = 2.108801e+00, time=2025-04-15 19:22:01 
jj1 = 509, max_th = 1.767340e+00, time=2025-04-15 19:22:23 
jj1 = 358, max_th = 2.381801e+00, time=2025-04-15 19:23:12 
jj1 = 75, max_th = 2.809409e+00, time=2025-04-15 19:24:58 
jj1 = 238, max_th = 1.887540e+00, time=2025-04-15 19:26:22 
jj1 = 390, max_th = 2.515173e+00, time=2025-04-15 19:30:13 
jj1 = 74, max_th = 1.177172e+00, time=2025-04-15 19:30:52 
jj1 = 315, max_th = 2.531790e+00, time=2025-04-15 19:35:16 
jj1 = 357, max_th = 1.346160e+00, time=2025-04-15 19:35:38 
jj1 = 199, max_th = 1.958817e+00, time=2025-04-15 19:37:51 
jj1 = 508, max_th = 1.503979e+00, time=2025-04-15 19:38:18 
jj1 = 152, max_th = 2.215017e+00, time=2025-04-15 19:39:18 
jj1 = 470, max_th = 2.322209e+00, time=2025-04-15 19:40:03 
jj1 = 237, max_th = 1.458171e+00, time=2025-04-15 19:43:00 
jj1 = 116, max_th = 2.110716e+00, time=2025-04-15 19:45:44 
jj1 = 430, max_th = 1.794838e+00, time=2025-04-15 19:46:10 
jj1 = 356, max_th = 1.293888e+00, time=2025-04-15 19:48:47 
jj1 = 277, max_th = 2.119501e+00, time=2025-04-15 19:49:46 
jj1 = 507, max_th = 2.501494e+00, time=2025-04-15 19:51:37 
jj1 = 429, max_th = 1.180288e+00, time=2025-04-15 19:51:41 
jj1 = 73, max_th = 1.665875e+00, time=2025-04-15 19:52:45 
jj1 = 236, max_th = 1.040388e+00, time=2025-04-15 19:55:21 
jj1 = 314, max_th = 1.751852e+00, time=2025-04-15 19:57:28 
jj1 = 389, max_th = 2.033974e+00, time=2025-04-15 20:00:03 
jj1 = 198, max_th = 1.688292e+00, time=2025-04-15 20:01:29 
jj1 = 115, max_th = 2.527856e+00, time=2025-04-15 20:02:39 
jj1 = 72, max_th = 2.453119e+00, time=2025-04-15 20:07:54 
jj1 = 506, max_th = 1.799793e+00, time=2025-04-15 20:09:44 
jj1 = 469, max_th = 2.065094e+00, time=2025-04-15 20:10:24 
jj1 = 71, max_th = 2.919689e+00, time=2025-04-15 20:12:48 
jj1 = 151, max_th = 1.885041e+00, time=2025-04-15 20:13:18 
jj1 = 276, max_th = 1.806403e+00, time=2025-04-15 20:14:03 
jj1 = 468, max_th = 2.795121e+00, time=2025-04-15 20:14:54 
jj1 = 355, max_th = 1.945394e+00, time=2025-04-15 20:15:59 
jj1 = 388, max_th = 1.601887e+00, time=2025-04-15 20:18:47 
jj1 = 354, max_th = 2.966198e+00, time=2025-04-15 20:21:28 
jj1 = 428, max_th = 2.130731e+00, time=2025-04-15 20:22:48 
jj1 = 387, max_th = 2.921476e+00, time=2025-04-15 20:23:34 
jj1 = 235, max_th = 2.015475e+00, time=2025-04-15 20:23:58 
jj1 = 505, max_th = 2.346241e+00, time=2025-04-15 20:27:56 
jj1 = 114, max_th = 2.234771e+00, time=2025-04-15 20:28:21 
jj1 = 467, max_th = 1.397731e+00, time=2025-04-15 20:29:59 
jj1 = 275, max_th = 1.375574e+00, time=2025-04-15 20:30:23 
jj1 = 313, max_th = 2.281971e+00, time=2025-04-15 20:31:38 
jj1 = 150, max_th = 2.394927e+00, time=2025-04-15 20:31:59 
jj1 = 70, max_th = 2.305204e+00, time=2025-04-15 20:33:04 
jj1 = 197, max_th = 1.850822e+00, time=2025-04-15 20:35:09 
jj1 = 274, max_th = 2.614207e+00, time=2025-04-15 20:38:21 
jj1 = 504, max_th = 1.410822e+00, time=2025-04-15 20:40:11 
jj1 = 234, max_th = 2.538654e+00, time=2025-04-15 20:40:44 
jj1 = 386, max_th = 1.486144e+00, time=2025-04-15 20:43:06 
jj1 = 466, max_th = 1.401659e+00, time=2025-04-15 20:43:33 
jj1 = 149, max_th = 1.440989e+00, time=2025-04-15 20:45:04 
jj1 = 427, max_th = 1.629776e+00, time=2025-04-15 20:47:11 
jj1 = 426, max_th = -1.414350e-01, time=2025-04-15 20:47:44 
jj1 = 353, max_th = 2.062650e+00, time=2025-04-15 20:51:30 
jj1 = 69, max_th = 2.253713e+00, time=2025-04-15 20:53:56 
jj1 = 352, max_th = 9.454343e-01, time=2025-04-15 20:55:20 
jj1 = 385, max_th = 2.767958e+00, time=2025-04-15 20:55:29 
jj1 = 148, max_th = 1.172238e+00, time=2025-04-15 20:55:42 
jj1 = 312, max_th = 2.307375e+00, time=2025-04-15 20:55:43 
jj1 = 196, max_th = 1.665920e+00, time=2025-04-15 20:57:40 
jj1 = 465, max_th = 1.240243e+00, time=2025-04-15 20:57:42 
jj1 = 113, max_th = 1.917155e+00, time=2025-04-15 20:59:03 
jj1 = 273, max_th = 2.363251e+00, time=2025-04-15 21:01:29 
jj1 = 311, max_th = 9.838966e-01, time=2025-04-15 21:02:39 
jj1 = 68, max_th = 2.500026e+00, time=2025-04-15 21:03:32 
jj1 = 464, max_th = 2.864450e+00, time=2025-04-15 21:03:43 
jj1 = 503, max_th = 1.684131e+00, time=2025-04-15 21:04:43 
jj1 = 233, max_th = 1.742270e+00, time=2025-04-15 21:07:33 
jj1 = 425, max_th = 1.641721e+00, time=2025-04-15 21:08:27 
jj1 = 67, max_th = 9.802770e-01, time=2025-04-15 21:10:23 
jj1 = 232, max_th = 7.579648e-01, time=2025-04-15 21:10:56 
jj1 = 195, max_th = 1.216341e+00, time=2025-04-15 21:12:17 
jj1 = 502, max_th = 1.076166e+00, time=2025-04-15 21:13:25 
jj1 = 384, max_th = 1.562501e+00, time=2025-04-15 21:15:26 
jj1 = 231, max_th = 2.900647e+00, time=2025-04-15 21:17:57 
jj1 = 147, max_th = 1.738425e+00, time=2025-04-15 21:20:44 
jj1 = 272, max_th = 2.367153e+00, time=2025-04-15 21:22:35 
jj1 = 112, max_th = 1.859410e+00, time=2025-04-15 21:23:11 
jj1 = 310, max_th = 2.296445e+00, time=2025-04-15 21:24:20 
jj1 = 271, max_th = 3.102816e+00, time=2025-04-15 21:24:36 
jj1 = 351, max_th = 2.187872e+00, time=2025-04-15 21:25:40 
jj1 = 424, max_th = 1.474965e+00, time=2025-04-15 21:26:08 
jj1 = 463, max_th = 2.419452e+00, time=2025-04-15 21:26:08 
jj1 = 66, max_th = 2.532406e+00, time=2025-04-15 21:26:13 
jj1 = 383, max_th = 1.293455e+00, time=2025-04-15 21:27:50 
jj1 = 270, max_th = 2.900405e+00, time=2025-04-15 21:28:56 
jj1 = 146, max_th = 2.731875e+00, time=2025-04-15 21:30:30 
jj1 = 501, max_th = 1.950152e+00, time=2025-04-15 21:30:33 
jj1 = 382, max_th = 7.816487e-01, time=2025-04-15 21:31:17 
jj1 = 111, max_th = 1.142323e+00, time=2025-04-15 21:37:20 
jj1 = 230, max_th = 2.459398e+00, time=2025-04-15 21:37:37 
jj1 = 309, max_th = 2.498831e+00, time=2025-04-15 21:38:06 
jj1 = 194, max_th = 1.771746e+00, time=2025-04-15 21:40:01 
jj1 = 462, max_th = 2.505402e+00, time=2025-04-15 21:41:27 
jj1 = 500, max_th = 2.579947e+00, time=2025-04-15 21:44:14 
jj1 = 423, max_th = 2.000444e+00, time=2025-04-15 21:45:56 
jj1 = 110, max_th = 2.729549e+00, time=2025-04-15 21:46:47 
jj1 = 350, max_th = 1.700533e+00, time=2025-04-15 21:48:01 
jj1 = 65, max_th = 2.319356e+00, time=2025-04-15 21:49:32 
jj1 = 381, max_th = 1.751289e+00, time=2025-04-15 21:52:34 
jj1 = 145, max_th = 1.979125e+00, time=2025-04-15 21:52:55 
jj1 = 269, max_th = 2.104554e+00, time=2025-04-15 21:55:10 
jj1 = 380, max_th = 2.854315e+00, time=2025-04-15 21:58:09 
jj1 = 308, max_th = 2.306812e+00, time=2025-04-15 21:58:17 
jj1 = 461, max_th = 2.404019e+00, time=2025-04-15 21:58:38 
jj1 = 193, max_th = 1.571714e+00, time=2025-04-15 21:59:22 
jj1 = 499, max_th = 1.823843e+00, time=2025-04-15 22:03:18 
jj1 = 109, max_th = 1.610834e+00, time=2025-04-15 22:08:17 
jj1 = 229, max_th = 1.963361e+00, time=2025-04-15 22:12:59 
jj1 = 422, max_th = 1.995858e+00, time=2025-04-15 22:13:42 
jj1 = 349, max_th = 2.094002e+00, time=2025-04-15 22:15:54 
jj1 = 64, max_th = 2.065659e+00, time=2025-04-15 22:17:10 
jj1 = 460, max_th = 1.950266e+00, time=2025-04-15 22:18:30 
jj1 = 268, max_th = 1.679466e+00, time=2025-04-15 22:18:53 
jj1 = 379, max_th = 2.246619e+00, time=2025-04-15 22:19:54 
jj1 = 144, max_th = 1.979383e+00, time=2025-04-15 22:20:49 
jj1 = 498, max_th = 1.664573e+00, time=2025-04-15 22:22:39 
jj1 = 378, max_th = 2.835159e+00, time=2025-04-15 22:25:48 
jj1 = 307, max_th = 2.070820e+00, time=2025-04-15 22:27:23 
jj1 = 192, max_th = 1.809876e+00, time=2025-04-15 22:27:48 
jj1 = 108, max_th = 1.471769e+00, time=2025-04-15 22:28:55 
jj1 = 228, max_th = 2.506426e+00, time=2025-04-15 22:32:15 
jj1 = 421, max_th = 1.811599e+00, time=2025-04-15 22:36:43 
jj1 = 459, max_th = 1.476862e+00, time=2025-04-15 22:37:58 
jj1 = 348, max_th = 1.686652e+00, time=2025-04-15 22:41:58 
jj1 = 143, max_th = 1.984199e+00, time=2025-04-15 22:42:51 
jj1 = 63, max_th = 2.223029e+00, time=2025-04-15 22:43:13 
jj1 = 267, max_th = 2.013161e+00, time=2025-04-15 22:46:31 
jj1 = 191, max_th = 1.697806e+00, time=2025-04-15 22:49:08 
jj1 = 497, max_th = 2.076555e+00, time=2025-04-15 22:49:21 
jj1 = 142, max_th = 1.134444e+00, time=2025-04-15 22:51:56 
jj1 = 377, max_th = 1.915454e+00, time=2025-04-15 22:52:01 
jj1 = 62, max_th = 2.763591e+00, time=2025-04-15 22:55:29 
jj1 = 306, max_th = 1.955331e+00, time=2025-04-15 22:56:06 
jj1 = 107, max_th = 1.884522e+00, time=2025-04-15 22:56:35 
jj1 = 420, max_th = 1.691125e+00, time=2025-04-15 22:57:55 
jj1 = 496, max_th = 2.737877e+00, time=2025-04-15 22:58:05 
jj1 = 227, max_th = 1.816475e+00, time=2025-04-15 22:59:02 
jj1 = 458, max_th = 1.758310e+00, time=2025-04-15 23:01:24 
jj1 = 141, max_th = 2.765136e+00, time=2025-04-15 23:01:53 
jj1 = 190, max_th = 2.645800e+00, time=2025-04-15 23:01:55 
jj1 = 61, max_th = 1.295589e+00, time=2025-04-15 23:07:46 
jj1 = 347, max_th = 2.045210e+00, time=2025-04-15 23:10:31 
jj1 = 140, max_th = 2.662074e+00, time=2025-04-15 23:11:08 
jj1 = 376, max_th = 1.748631e+00, time=2025-04-15 23:11:22 
jj1 = 189, max_th = 2.625257e+00, time=2025-04-15 23:14:50 
jj1 = 266, max_th = 2.185878e+00, time=2025-04-15 23:16:34 
jj1 = 226, max_th = 2.358228e+00, time=2025-04-15 23:18:40 
jj1 = 346, max_th = 1.075268e+00, time=2025-04-15 23:18:45 
jj1 = 188, max_th = 8.660737e-01, time=2025-04-15 23:19:23 
jj1 = 305, max_th = 2.372534e+00, time=2025-04-15 23:19:36 
jj1 = 548, max_th = 1.233623e+00, time=2025-04-15 23:20:41 
jj1 = 139, max_th = 1.197312e+00, time=2025-04-15 23:20:45 
jj1 = 419, max_th = 2.259742e+00, time=2025-04-15 23:22:20 
jj1 = 495, max_th = 2.053762e+00, time=2025-04-15 23:22:58 
jj1 = 457, max_th = 2.317960e+00, time=2025-04-15 23:23:32 
jj1 = 106, max_th = 1.981476e+00, time=2025-04-15 23:27:48 
jj1 = 304, max_th = 1.309331e+00, time=2025-04-15 23:30:05 
jj1 = 375, max_th = 2.433056e+00, time=2025-04-15 23:30:48 
jj1 = 225, max_th = 2.520452e+00, time=2025-04-15 23:32:33 
jj1 = 547, max_th = 2.413424e+00, time=2025-04-15 23:40:17 
jj1 = 224, max_th = 1.029522e+00, time=2025-04-15 23:40:35 
jj1 = 265, max_th = 2.210726e+00, time=2025-04-15 23:42:45 
jj1 = 418, max_th = 2.297307e+00, time=2025-04-15 23:43:00 
jj1 = 494, max_th = 1.728715e+00, time=2025-04-15 23:45:21 
jj1 = 456, max_th = 2.203888e+00, time=2025-04-15 23:46:18 
jj1 = 568, max_th = 2.055725e+00, time=2025-04-15 23:46:19 
jj1 = 187, max_th = 2.171450e+00, time=2025-04-15 23:46:59 
jj1 = 455, max_th = -1.601646e-03, time=2025-04-15 23:47:27 
jj1 = 345, max_th = 1.292496e+00, time=2025-04-15 23:47:49 
jj1 = 374, max_th = 1.597660e+00, time=2025-04-15 23:48:48 
jj1 = 344, max_th = 3.128293e+00, time=2025-04-15 23:49:30 
jj1 = 303, max_th = 1.423155e+00, time=2025-04-15 23:49:46 
jj1 = 454, max_th = 2.869741e+00, time=2025-04-15 23:53:32 
jj1 = 105, max_th = 1.773752e+00, time=2025-04-15 23:54:37 
jj1 = 373, max_th = 2.771548e+00, time=2025-04-15 23:56:27 
jj1 = 493, max_th = 2.550933e+00, time=2025-04-15 23:56:58 
jj1 = 223, max_th = 2.142507e+00, time=2025-04-16 00:02:44 
jj1 = 104, max_th = 2.603586e+00, time=2025-04-16 00:07:00 
jj1 = 453, max_th = 1.386489e+00, time=2025-04-16 00:07:58 
jj1 = 546, max_th = 1.837222e+00, time=2025-04-16 00:08:12 
jj1 = 302, max_th = 1.521927e+00, time=2025-04-16 00:08:43 
jj1 = 492, max_th = 1.225274e+00, time=2025-04-16 00:09:00 
jj1 = 567, max_th = 2.221947e+00, time=2025-04-16 00:10:10 
jj1 = 103, max_th = 2.924151e+00, time=2025-04-16 00:10:58 
jj1 = 417, max_th = 1.827348e+00, time=2025-04-16 00:11:24 
jj1 = 343, max_th = 2.291547e+00, time=2025-04-16 00:13:17 
jj1 = 186, max_th = 2.023122e+00, time=2025-04-16 00:14:35 
jj1 = 264, max_th = 2.159515e+00, time=2025-04-16 00:14:58 
jj1 = 545, max_th = 1.442954e+00, time=2025-04-16 00:21:42 
jj1 = 263, max_th = 2.598723e+00, time=2025-04-16 00:22:25 
jj1 = 544, max_th = -4.377382e-01, time=2025-04-16 00:22:29 
jj1 = 222, max_th = 1.709478e+00, time=2025-04-16 00:22:53 
jj1 = 668, max_th = 1.773798e+00, time=2025-04-16 00:23:35 
jj1 = 566, max_th = 2.456876e+00, time=2025-04-16 00:26:57 
jj1 = 301, max_th = 2.473184e+00, time=2025-04-16 00:28:32 
jj1 = 452, max_th = 2.304708e+00, time=2025-04-16 00:33:10 
jj1 = 491, max_th = 1.723101e+00, time=2025-04-16 00:33:23 
jj1 = 185, max_th = 2.412593e+00, time=2025-04-16 00:33:56 
jj1 = 416, max_th = 1.662481e+00, time=2025-04-16 00:34:50 
jj1 = 102, max_th = 2.097885e+00, time=2025-04-16 00:36:36 
jj1 = 565, max_th = 2.615687e+00, time=2025-04-16 00:40:01 
jj1 = 342, max_th = 1.929692e+00, time=2025-04-16 00:41:00 
jj1 = 262, max_th = 1.666849e+00, time=2025-04-16 00:45:37 
jj1 = 543, max_th = 1.568662e+00, time=2025-04-16 00:45:39 
jj1 = 184, max_th = 2.537355e+00, time=2025-04-16 00:47:28 
jj1 = 542, max_th = 3.154676e+00, time=2025-04-16 00:47:31 
jj1 = 221, max_th = 2.160997e+00, time=2025-04-16 00:48:06 
jj1 = 415, max_th = 1.375563e+00, time=2025-04-16 00:49:55 
jj1 = 101, max_th = 2.569004e+00, time=2025-04-16 00:51:39 
jj1 = 667, max_th = 2.027825e+00, time=2025-04-16 00:51:58 
jj1 = 300, max_th = 2.173154e+00, time=2025-04-16 00:53:07 
jj1 = 451, max_th = 1.603055e+00, time=2025-04-16 00:54:51 
jj1 = 490, max_th = 1.953080e+00, time=2025-04-16 00:56:14 
jj1 = 100, max_th = 2.698717e+00, time=2025-04-16 00:59:55 
jj1 = 299, max_th = 2.774998e+00, time=2025-04-16 01:02:05 
jj1 = 341, max_th = 1.606906e+00, time=2025-04-16 01:02:59 
jj1 = 261, max_th = 2.350850e+00, time=2025-04-16 01:03:13 
jj1 = 183, max_th = 2.412104e+00, time=2025-04-16 01:06:01 
jj1 = 564, max_th = 1.938637e+00, time=2025-04-16 01:07:12 
jj1 = 748, max_th = 1.237991e+00, time=2025-04-16 01:08:56 
jj1 = 541, max_th = 1.851540e+00, time=2025-04-16 01:10:20 
jj1 = 220, max_th = 1.724525e+00, time=2025-04-16 01:13:41 
jj1 = 414, max_th = 2.363642e+00, time=2025-04-16 01:14:10 
jj1 = 588, max_th = 1.643458e+00, time=2025-04-16 01:16:53 
jj1 = 666, max_th = 1.868202e+00, time=2025-04-16 01:18:08 
jj1 = 540, max_th = 1.206101e+00, time=2025-04-16 01:21:09 
jj1 = 747, max_th = 2.669586e+00, time=2025-04-16 01:21:52 
jj1 = 563, max_th = 1.372904e+00, time=2025-04-16 01:23:04 
jj1 = 219, max_th = 1.177189e+00, time=2025-04-16 01:23:47 
jj1 = 182, max_th = 2.250404e+00, time=2025-04-16 01:24:39 
jj1 = 298, max_th = 1.603532e+00, time=2025-04-16 01:25:06 
jj1 = 688, max_th = 2.145716e+00, time=2025-04-16 01:27:31 
jj1 = 260, max_th = 1.801253e+00, time=2025-04-16 01:27:57 
jj1 = 587, max_th = 2.532756e+00, time=2025-04-16 01:28:41 
jj1 = 746, max_th = 2.867072e+00, time=2025-04-16 01:29:46 
jj1 = 340, max_th = 1.807220e+00, time=2025-04-16 01:32:07 
jj1 = 562, max_th = 2.696940e+00, time=2025-04-16 01:32:57 
jj1 = 687, max_th = 9.989765e-01, time=2025-04-16 01:33:44 
jj1 = 181, max_th = 1.157219e+00, time=2025-04-16 01:33:57 
jj1 = 413, max_th = 1.565255e+00, time=2025-04-16 01:34:31 
jj1 = 297, max_th = 1.353885e+00, time=2025-04-16 01:37:35 
jj1 = 665, max_th = 1.573489e+00, time=2025-04-16 01:37:50 
jj1 = 539, max_th = 1.751675e+00, time=2025-04-16 01:41:49 
jj1 = 259, max_th = 1.314092e+00, time=2025-04-16 01:42:09 
jj1 = 218, max_th = 2.202143e+00, time=2025-04-16 01:46:04 
jj1 = 561, max_th = 2.406747e+00, time=2025-04-16 01:50:37 
jj1 = 180, max_th = 2.408972e+00, time=2025-04-16 01:52:35 
jj1 = 686, max_th = 2.390703e+00, time=2025-04-16 01:54:52 
jj1 = 586, max_th = 1.812320e+00, time=2025-04-16 01:55:34 
jj1 = 745, max_th = 2.111928e+00, time=2025-04-16 01:57:10 
jj1 = 412, max_th = 1.835803e+00, time=2025-04-16 02:00:09 
jj1 = 664, max_th = 2.051364e+00, time=2025-04-16 02:01:27 
jj1 = 296, max_th = 1.777395e+00, time=2025-04-16 02:07:48 
jj1 = 258, max_th = 1.677030e+00, time=2025-04-16 02:08:44 
jj1 = 538, max_th = 2.018190e+00, time=2025-04-16 02:10:09 
jj1 = 339, max_th = 1.788562e+00, time=2025-04-16 02:10:25 
jj1 = 217, max_th = 1.781085e+00, time=2025-04-16 02:12:30 
jj1 = 560, max_th = 1.519196e+00, time=2025-04-16 02:13:47 
jj1 = 608, max_th = 1.412457e+00, time=2025-04-16 02:13:53 
jj1 = 685, max_th = 1.467948e+00, time=2025-04-16 02:14:11 
jj1 = 179, max_th = 2.133548e+00, time=2025-04-16 02:19:25 
jj1 = 628, max_th = 2.600239e+00, time=2025-04-16 02:21:21 
jj1 = 744, max_th = 2.238574e+00, time=2025-04-16 02:21:22 
jj1 = 585, max_th = 1.725411e+00, time=2025-04-16 02:21:27 
jj1 = 584, max_th = -4.633846e-02, time=2025-04-16 02:22:37 
jj1 = 537, max_th = 1.453645e+00, time=2025-04-16 02:25:16 
jj1 = 663, max_th = 2.021822e+00, time=2025-04-16 02:27:52 
jj1 = 684, max_th = 2.523331e+00, time=2025-04-16 02:30:19 
jj1 = 662, max_th = 2.878257e+00, time=2025-04-16 02:34:51 
jj1 = 743, max_th = 1.448646e+00, time=2025-04-16 02:36:03 
jj1 = 257, max_th = 2.073803e+00, time=2025-04-16 02:39:39 
jj1 = 607, max_th = 2.160370e+00, time=2025-04-16 02:39:39 
jj1 = 295, max_th = 2.179060e+00, time=2025-04-16 02:40:47 
jj1 = 661, max_th = 1.135239e+00, time=2025-04-16 02:41:02 
jj1 = 338, max_th = 1.965258e+00, time=2025-04-16 02:41:02 
jj1 = 559, max_th = 2.076177e+00, time=2025-04-16 02:41:23 
jj1 = 178, max_th = 1.579490e+00, time=2025-04-16 02:42:14 
jj1 = 583, max_th = 1.994665e+00, time=2025-04-16 02:45:42 
jj1 = 536, max_th = 2.197788e+00, time=2025-04-16 02:47:10 
jj1 = 683, max_th = 2.519410e+00, time=2025-04-16 02:48:04 
jj1 = 627, max_th = 1.967204e+00, time=2025-04-16 02:50:18 
jj1 = 535, max_th = 8.206802e-01, time=2025-04-16 02:50:58 
jj1 = 742, max_th = 2.324783e+00, time=2025-04-16 02:58:59 
jj1 = 558, max_th = 1.692540e+00, time=2025-04-16 03:02:47 
jj1 = 648, max_th = 1.595095e+00, time=2025-04-16 03:04:57 
jj1 = 337, max_th = 1.751163e+00, time=2025-04-16 03:05:12 
jj1 = 256, max_th = 1.632786e+00, time=2025-04-16 03:07:04 
jj1 = 660, max_th = 2.208198e+00, time=2025-04-16 03:07:31 
jj1 = 682, max_th = 2.281584e+00, time=2025-04-16 03:07:39 
jj1 = 708, max_th = 1.870852e+00, time=2025-04-16 03:08:50 
jj1 = 534, max_th = 2.301846e+00, time=2025-04-16 03:09:25 
jj1 = 606, max_th = 1.977968e+00, time=2025-04-16 03:10:09 
jj1 = 605, max_th = -1.209715e-01, time=2025-04-16 03:11:24 
jj1 = 582, max_th = 1.764787e+00, time=2025-04-16 03:12:28 
jj1 = 626, max_th = 2.410924e+00, time=2025-04-16 03:15:13 
jj1 = 647, max_th = 2.534183e+00, time=2025-04-16 03:21:33 
jj1 = 533, max_th = 1.340289e+00, time=2025-04-16 03:21:53 
jj1 = 741, max_th = 2.209197e+00, time=2025-04-16 03:22:38 
jj1 = 728, max_th = 1.457641e+00, time=2025-04-16 03:22:40 
jj1 = 659, max_th = 1.601625e+00, time=2025-04-16 03:22:48 
jj1 = 557, max_th = 2.271329e+00, time=2025-04-16 03:23:16 
jj1 = 604, max_th = 1.298781e+00, time=2025-04-16 03:23:39 
jj1 = 740, max_th = 7.614056e-01, time=2025-04-16 03:25:44 
jj1 = 707, max_th = 1.327496e+00, time=2025-04-16 03:27:26 
jj1 = 658, max_th = 8.892077e-01, time=2025-04-16 03:28:49 
jj1 = 603, max_th = 2.848560e+00, time=2025-04-16 03:29:10 
jj1 = 336, max_th = 1.513043e+00, time=2025-04-16 03:29:19 
jj1 = 681, max_th = 1.818149e+00, time=2025-04-16 03:34:20 
jj1 = 581, max_th = 1.626897e+00, time=2025-04-16 03:36:27 
jj1 = 556, max_th = 1.605207e+00, time=2025-04-16 03:43:27 
jj1 = 727, max_th = 2.330175e+00, time=2025-04-16 03:44:06 
jj1 = 646, max_th = 2.280745e+00, time=2025-04-16 03:45:36 
jj1 = 625, max_th = 1.885316e+00, time=2025-04-16 03:45:59 
jj1 = 532, max_th = 1.897375e+00, time=2025-04-16 03:47:03 
jj1 = 624, max_th = -6.252471e-02, time=2025-04-16 03:47:13 
jj1 = 706, max_th = 1.528852e+00, time=2025-04-16 03:52:38 
jj1 = 739, max_th = 2.063962e+00, time=2025-04-16 03:54:14 
jj1 = 602, max_th = 1.831014e+00, time=2025-04-16 03:56:35 
jj1 = 531, max_th = 2.648560e+00, time=2025-04-16 03:56:56 
jj1 = 657, max_th = 2.024681e+00, time=2025-04-16 03:58:10 
jj1 = 726, max_th = 2.562918e+00, time=2025-04-16 03:58:20 
jj1 = 645, max_th = 1.359432e+00, time=2025-04-16 04:00:05 
jj1 = 335, max_th = 1.933615e+00, time=2025-04-16 04:02:33 
jj1 = 680, max_th = 2.374658e+00, time=2025-04-16 04:03:32 
jj1 = 580, max_th = 1.727249e+00, time=2025-04-16 04:04:24 
jj1 = 601, max_th = 2.774972e+00, time=2025-04-16 04:04:27 
jj1 = 555, max_th = 1.833420e+00, time=2025-04-16 04:10:18 
jj1 = 623, max_th = 1.795656e+00, time=2025-04-16 04:10:57 
jj1 = 530, max_th = 2.527861e+00, time=2025-04-16 04:13:03 
jj1 = 705, max_th = 2.354041e+00, time=2025-04-16 04:13:08 
jj1 = 529, max_th = 8.246625e-01, time=2025-04-16 04:16:54 
jj1 = 679, max_th = 1.392960e+00, time=2025-04-16 04:18:19 
jj1 = 738, max_th = 2.112975e+00, time=2025-04-16 04:22:37 
jj1 = 600, max_th = 1.360898e+00, time=2025-04-16 04:24:51 
jj1 = 656, max_th = 2.118399e+00, time=2025-04-16 04:26:24 
jj1 = 725, max_th = 1.973320e+00, time=2025-04-16 04:26:32 
jj1 = 678, max_th = 2.586616e+00, time=2025-04-16 04:26:42 
jj1 = 644, max_th = 1.960867e+00, time=2025-04-16 04:27:39 
jj1 = 334, max_th = 1.852877e+00, time=2025-04-16 04:29:32 
jj1 = 579, max_th = 2.136251e+00, time=2025-04-16 04:31:12 
jj1 = 724, max_th = 2.883257e+00, time=2025-04-16 04:31:53 
jj1 = 554, max_th = 2.274566e+00, time=2025-04-16 04:32:37 
jj1 = 622, max_th = 2.007851e+00, time=2025-04-16 04:33:58 
jj1 = 704, max_th = 1.561141e+00, time=2025-04-16 04:34:59 
jj1 = 655, max_th = 2.543522e+00, time=2025-04-16 04:40:03 
jj1 = 778, max_th = 1.667840e+00, time=2025-04-16 04:42:44 
jj1 = 643, max_th = 2.300102e+00, time=2025-04-16 04:43:08 
jj1 = 737, max_th = 2.525421e+00, time=2025-04-16 04:47:00 
jj1 = 599, max_th = 2.234164e+00, time=2025-04-16 04:51:12 
jj1 = 768, max_th = 1.695336e+00, time=2025-04-16 04:52:18 
jj1 = 553, max_th = 1.581931e+00, time=2025-04-16 04:52:51 
jj1 = 723, max_th = 1.623490e+00, time=2025-04-16 04:53:48 
jj1 = 552, max_th = 8.227209e-01, time=2025-04-16 04:55:28 
jj1 = 578, max_th = 1.740936e+00, time=2025-04-16 04:56:04 
jj1 = 642, max_th = 1.402354e+00, time=2025-04-16 04:58:18 
jj1 = 777, max_th = 2.398543e+00, time=2025-04-16 04:59:40 
jj1 = 677, max_th = 1.787682e+00, time=2025-04-16 05:01:35 
jj1 = 703, max_th = 1.657570e+00, time=2025-04-16 05:03:22 
jj1 = 621, max_th = 2.078564e+00, time=2025-04-16 05:03:46 
jj1 = 676, max_th = 8.770953e-01, time=2025-04-16 05:06:24 
jj1 = 641, max_th = 2.772434e+00, time=2025-04-16 05:07:16 
jj1 = 654, max_th = 2.133145e+00, time=2025-04-16 05:07:30 
jj1 = 577, max_th = 1.267124e+00, time=2025-04-16 05:08:52 
jj1 = 736, max_th = 2.918951e+00, time=2025-04-16 05:09:39 
jj1 = 767, max_th = 1.639846e+00, time=2025-04-16 05:13:08 
jj1 = 722, max_th = 1.643855e+00, time=2025-04-16 05:14:04 
jj1 = 702, max_th = 1.229329e+00, time=2025-04-16 05:18:43 
jj1 = 576, max_th = 2.713568e+00, time=2025-04-16 05:19:23 
jj1 = 551, max_th = 2.204119e+00, time=2025-04-16 05:19:53 
jj1 = 598, max_th = 1.971979e+00, time=2025-04-16 05:21:42 
jj1 = 776, max_th = 2.424190e+00, time=2025-04-16 05:22:16 
jj1 = 620, max_th = 2.301598e+00, time=2025-04-16 05:22:34 
jj1 = 597, max_th = 3.142837e+00, time=2025-04-16 05:23:34 
jj1 = 775, max_th = 6.733060e-01, time=2025-04-16 05:24:29 
jj1 = 653, max_th = 1.627100e+00, time=2025-04-16 05:30:21 
jj1 = 640, max_th = 2.081109e+00, time=2025-04-16 05:33:42 
jj1 = 721, max_th = 1.790591e+00, time=2025-04-16 05:35:01 
jj1 = 675, max_th = 1.888684e+00, time=2025-04-16 05:36:04 
jj1 = 701, max_th = 1.496096e+00, time=2025-04-16 05:37:14 
jj1 = 550, max_th = 1.614255e+00, time=2025-04-16 05:37:56 
jj1 = 575, max_th = 1.657481e+00, time=2025-04-16 05:38:11 
jj1 = 652, max_th = 2.685073e+00, time=2025-04-16 05:40:04 
jj1 = 766, max_th = 2.004915e+00, time=2025-04-16 05:40:05 
jj1 = 735, max_th = 2.185923e+00, time=2025-04-16 05:40:33 
jj1 = 639, max_th = 1.210607e+00, time=2025-04-16 05:44:27 
jj1 = 774, max_th = 1.629613e+00, time=2025-04-16 05:51:01 
jj1 = 651, max_th = 2.644383e+00, time=2025-04-16 05:51:05 
jj1 = 650, max_th = -1.160001e+00, time=2025-04-16 05:52:27 
jj1 = 549, max_th = 1.304888e+00, time=2025-04-16 05:53:02 
jj1 = 596, max_th = 1.987416e+00, time=2025-04-16 05:54:04 
jj1 = 619, max_th = 2.170048e+00, time=2025-04-16 05:54:25 
jj1 = 773, max_th = 7.724401e-01, time=2025-04-16 05:55:10 
jj1 = 720, max_th = 2.323193e+00, time=2025-04-16 05:55:59 
jj1 = 700, max_th = 2.491605e+00, time=2025-04-16 05:57:45 
jj1 = 674, max_th = 1.638357e+00, time=2025-04-16 05:59:17 
jj1 = 574, max_th = 1.838899e+00, time=2025-04-16 06:03:14 
jj1 = 638, max_th = 2.080547e+00, time=2025-04-16 06:06:33 
jj1 = 765, max_th = 1.939467e+00, time=2025-04-16 06:07:56 
jj1 = 649, max_th = 1.801128e+00, time=2025-04-16 06:09:37 
jj1 = 734, max_th = 2.066612e+00, time=2025-04-16 06:11:16 
jj1 = 719, max_th = 1.577277e+00, time=2025-04-16 06:12:34 
jj1 = 637, max_th = 2.549924e+00, time=2025-04-16 06:14:43 
jj1 = 772, max_th = 1.693930e+00, time=2025-04-16 06:17:08 
jj1 = 788, max_th = 1.843020e+00, time=2025-04-16 06:17:28 
jj1 = 618, max_th = 2.381156e+00, time=2025-04-16 06:21:51 
jj1 = 595, max_th = 2.036720e+00, time=2025-04-16 06:23:22 
jj1 = 798, max_th = 2.199595e+00, time=2025-04-16 06:25:24 
jj1 = 673, max_th = 1.748752e+00, time=2025-04-16 06:25:44 
jj1 = 699, max_th = 2.152255e+00, time=2025-04-16 06:26:14 
jj1 = 573, max_th = 1.986579e+00, time=2025-04-16 06:27:45 
jj1 = 594, max_th = 2.894299e+00, time=2025-04-16 06:29:47 
jj1 = 672, max_th = 2.941885e+00, time=2025-04-16 06:30:47 
jj1 = 764, max_th = 1.733554e+00, time=2025-04-16 06:33:52 
jj1 = 771, max_th = 1.453810e+00, time=2025-04-16 06:36:16 
jj1 = 718, max_th = 2.262388e+00, time=2025-04-16 06:36:58 
jj1 = 636, max_th = 1.953930e+00, time=2025-04-16 06:37:10 
jj1 = 698, max_th = 2.680400e+00, time=2025-04-16 06:38:46 
jj1 = 617, max_th = 1.933111e+00, time=2025-04-16 06:38:47 
jj1 = 787, max_th = 1.854459e+00, time=2025-04-16 06:38:58 
jj1 = 733, max_th = 2.076322e+00, time=2025-04-16 06:39:45 
jj1 = 697, max_th = 3.157638e+00, time=2025-04-16 06:40:40 
jj1 = 616, max_th = 9.104346e-01, time=2025-04-16 06:43:16 
jj1 = 635, max_th = 1.104604e+00, time=2025-04-16 06:45:13 
jj1 = 572, max_th = 1.509869e+00, time=2025-04-16 06:47:55 
jj1 = 615, max_th = 8.759697e-01, time=2025-04-16 06:48:16 
jj1 = 593, max_th = 2.253716e+00, time=2025-04-16 06:52:42 
jj1 = 797, max_th = 2.057081e+00, time=2025-04-16 06:53:16 
jj1 = 770, max_th = 2.349544e+00, time=2025-04-16 06:53:17 
jj1 = 763, max_th = 2.276486e+00, time=2025-04-16 06:58:37 
jj1 = 671, max_th = 1.789697e+00, time=2025-04-16 06:58:52 
jj1 = 786, max_th = 2.321298e+00, time=2025-04-16 07:02:25 
jj1 = 717, max_th = 2.076141e+00, time=2025-04-16 07:05:38 
jj1 = 614, max_th = 1.893804e+00, time=2025-04-16 07:06:43 
jj1 = 634, max_th = 1.935393e+00, time=2025-04-16 07:07:47 
jj1 = 696, max_th = 2.195751e+00, time=2025-04-16 07:10:18 
jj1 = 571, max_th = 1.415522e+00, time=2025-04-16 07:10:41 
jj1 = 732, max_th = 1.939658e+00, time=2025-04-16 07:12:48 
jj1 = 796, max_th = 2.160806e+00, time=2025-04-16 07:18:10 
jj1 = 769, max_th = 2.241705e+00, time=2025-04-16 07:18:49 
jj1 = 762, max_th = 1.631145e+00, time=2025-04-16 07:20:59 
jj1 = 592, max_th = 1.571662e+00, time=2025-04-16 07:21:21 
jj1 = 670, max_th = 1.763447e+00, time=2025-04-16 07:24:47 
jj1 = 716, max_th = 1.856102e+00, time=2025-04-16 07:26:26 
jj1 = 785, max_th = 1.985801e+00, time=2025-04-16 07:27:19 
jj1 = 570, max_th = 2.451607e+00, time=2025-04-16 07:27:57 
jj1 = 888, max_th = 2.697342e+00, time=2025-04-16 07:29:22 
jj1 = 633, max_th = 2.424815e+00, time=2025-04-16 07:29:35 
jj1 = 569, max_th = 9.779617e-01, time=2025-04-16 07:33:44 
jj1 = 784, max_th = 2.738170e+00, time=2025-04-16 07:36:16 
jj1 = 613, max_th = 2.036813e+00, time=2025-04-16 07:36:44 
jj1 = 695, max_th = 1.808747e+00, time=2025-04-16 07:38:06 
jj1 = 731, max_th = 1.996795e+00, time=2025-04-16 07:40:27 
jj1 = 887, max_th = 1.297352e+00, time=2025-04-16 07:40:47 
jj1 = 715, max_th = 1.501537e+00, time=2025-04-16 07:41:47 
jj1 = 694, max_th = 2.866473e+00, time=2025-04-16 07:44:34 
jj1 = 591, max_th = 1.796312e+00, time=2025-04-16 07:44:38 
jj1 = 761, max_th = 1.689126e+00, time=2025-04-16 07:46:44 
jj1 = 795, max_th = 2.164333e+00, time=2025-04-16 07:47:23 
jj1 = 632, max_th = 1.621070e+00, time=2025-04-16 07:50:24 
jj1 = 714, max_th = 2.584204e+00, time=2025-04-16 07:54:50 
jj1 = 669, max_th = 2.119826e+00, time=2025-04-16 07:56:29 
jj1 = 783, max_th = 1.798904e+00, time=2025-04-16 07:57:39 
jj1 = 818, max_th = 1.529519e+00, time=2025-04-16 07:58:34 
jj1 = 693, max_th = 1.276090e+00, time=2025-04-16 07:59:59 
jj1 = 612, max_th = 2.269773e+00, time=2025-04-16 08:01:02 
jj1 = 794, max_th = 1.361287e+00, time=2025-04-16 08:01:29 
jj1 = 886, max_th = 1.770352e+00, time=2025-04-16 08:06:48 
jj1 = 692, max_th = 2.800467e+00, time=2025-04-16 08:07:03 
jj1 = 590, max_th = 1.948859e+00, time=2025-04-16 08:07:52 
jj1 = 730, max_th = 1.951937e+00, time=2025-04-16 08:08:27 
jj1 = 631, max_th = 2.297821e+00, time=2025-04-16 08:08:47 
jj1 = 589, max_th = 8.532230e-01, time=2025-04-16 08:11:00 
jj1 = 782, max_th = 2.566789e+00, time=2025-04-16 08:12:46 
jj1 = 828, max_th = 1.414561e+00, time=2025-04-16 08:14:07 
jj1 = 760, max_th = 2.091788e+00, time=2025-04-16 08:14:26 
jj1 = 713, max_th = 1.570533e+00, time=2025-04-16 08:15:14 
jj1 = 691, max_th = 1.198699e+00, time=2025-04-16 08:16:14 
jj1 = 793, max_th = 1.651934e+00, time=2025-04-16 08:19:41 
jj1 = 611, max_th = 1.852190e+00, time=2025-04-16 08:20:02 
jj1 = 690, max_th = 9.903784e-01, time=2025-04-16 08:25:31 
jj1 = 817, max_th = 2.223007e+00, time=2025-04-16 08:25:44 
jj1 = 610, max_th = 1.169973e+00, time=2025-04-16 08:26:25 
jj1 = 630, max_th = 1.618505e+00, time=2025-04-16 08:27:45 
jj1 = 629, max_th = 8.124637e-01, time=2025-04-16 08:31:20 
jj1 = 712, max_th = 1.492723e+00, time=2025-04-16 08:31:43 
jj1 = 885, max_th = 2.117646e+00, time=2025-04-16 08:34:38 
jj1 = 838, max_th = 1.809766e+00, time=2025-04-16 08:37:44 
jj1 = 729, max_th = 1.824392e+00, time=2025-04-16 08:38:07 
jj1 = 781, max_th = 2.096732e+00, time=2025-04-16 08:38:28 
jj1 = 816, max_th = 2.447480e+00, time=2025-04-16 08:41:01 
jj1 = 815, max_th = 3.767168e+00, time=2025-04-16 08:41:03 
jj1 = 609, max_th = 1.162770e+00, time=2025-04-16 08:41:59 
jj1 = 792, max_th = 1.621650e+00, time=2025-04-16 08:42:04 
jj1 = 827, max_th = 1.958560e+00, time=2025-04-16 08:42:25 
jj1 = 759, max_th = 2.023606e+00, time=2025-04-16 08:43:04 
jj1 = 837, max_th = 2.851053e+00, time=2025-04-16 08:44:37 
jj1 = 814, max_th = 2.733232e+00, time=2025-04-16 08:49:42 
jj1 = 711, max_th = 2.050676e+00, time=2025-04-16 08:51:09 
jj1 = 689, max_th = 2.263556e+00, time=2025-04-16 08:52:52 
jj1 = 791, max_th = 1.217294e+00, time=2025-04-16 08:53:12 
jj1 = 836, max_th = 1.320081e+00, time=2025-04-16 08:58:50 
jj1 = 835, max_th = 3.212705e+00, time=2025-04-16 09:00:35 
jj1 = 868, max_th = 1.963185e+00, time=2025-04-16 09:01:05 
jj1 = 848, max_th = 1.612386e+00, time=2025-04-16 09:01:19 
jj1 = 808, max_th = 2.242762e+00, time=2025-04-16 09:01:43 
jj1 = 884, max_th = 2.019180e+00, time=2025-04-16 09:03:42 
jj1 = 780, max_th = 1.876296e+00, time=2025-04-16 09:05:12 
jj1 = 790, max_th = 1.338722e+00, time=2025-04-16 09:06:34 
jj1 = 826, max_th = 2.335669e+00, time=2025-04-16 09:07:03 
jj1 = 758, max_th = 1.893604e+00, time=2025-04-16 09:10:34 
jj1 = 710, max_th = 1.539678e+00, time=2025-04-16 09:14:28 
jj1 = 807, max_th = 1.306411e+00, time=2025-04-16 09:15:58 
jj1 = 813, max_th = 2.127482e+00, time=2025-04-16 09:18:04 
jj1 = 858, max_th = 2.270747e+00, time=2025-04-16 09:18:43 
jj1 = 779, max_th = 2.396699e+00, time=2025-04-16 09:22:20 
jj1 = 825, max_th = 1.700360e+00, time=2025-04-16 09:25:46 
jj1 = 834, max_th = 2.057234e+00, time=2025-04-16 09:27:06 
jj1 = 867, max_th = 2.321232e+00, time=2025-04-16 09:27:36 
jj1 = 847, max_th = 1.815366e+00, time=2025-04-16 09:28:44 
jj1 = 883, max_th = 2.170178e+00, time=2025-04-16 09:31:00 
jj1 = 846, max_th = 2.969512e+00, time=2025-04-16 09:33:37 
jj1 = 789, max_th = 1.811747e+00, time=2025-04-16 09:34:44 
jj1 = 757, max_th = 1.843290e+00, time=2025-04-16 09:37:29 
jj1 = 806, max_th = 1.850724e+00, time=2025-04-16 09:37:43 
jj1 = 709, max_th = 1.918724e+00, time=2025-04-16 09:41:32 
jj1 = 845, max_th = 1.024705e+00, time=2025-04-16 09:41:44 
jj1 = 898, max_th = 1.574368e+00, time=2025-04-16 09:42:45 
jj1 = 812, max_th = 1.907470e+00, time=2025-04-16 09:43:11 
jj1 = 857, max_th = 1.898295e+00, time=2025-04-16 09:45:19 
jj1 = 866, max_th = 2.252787e+00, time=2025-04-16 09:50:52 
jj1 = 824, max_th = 2.055761e+00, time=2025-04-16 09:52:13 
jj1 = 833, max_th = 2.304215e+00, time=2025-04-16 09:54:26 
jj1 = 844, max_th = 1.385986e+00, time=2025-04-16 09:55:58 
jj1 = 882, max_th = 1.765066e+00, time=2025-04-16 09:56:19 
jj1 = 878, max_th = 1.493822e+00, time=2025-04-16 09:56:36 
jj1 = 805, max_th = 2.200883e+00, time=2025-04-16 09:58:48 
jj1 = 903, max_th = 2.093477e+00, time=2025-04-16 10:00:11 
jj1 = 756, max_th = 1.729922e+00, time=2025-04-16 10:00:44 
jj1 = 877, max_th = 1.044398e+00, time=2025-04-16 10:01:10 
jj1 = 811, max_th = 1.570817e+00, time=2025-04-16 10:01:36 
jj1 = 804, max_th = 2.988950e+00, time=2025-04-16 10:01:40 
jj1 = 856, max_th = 1.612776e+00, time=2025-04-16 10:02:58 
jj1 = 902, max_th = 9.106472e-01, time=2025-04-16 10:03:54 
jj1 = 897, max_th = 2.373766e+00, time=2025-04-16 10:04:10 
jj1 = 901, max_th = 3.058530e+00, time=2025-04-16 10:06:01 
jj1 = 876, max_th = 9.843082e-01, time=2025-04-16 10:07:53 
jj1 = 832, max_th = 1.402620e+00, time=2025-04-16 10:09:45 
jj1 = 881, max_th = 2.490925e+00, time=2025-04-16 10:12:11 
jj1 = 865, max_th = 2.207198e+00, time=2025-04-16 10:15:29 
jj1 = 803, max_th = 1.547356e+00, time=2025-04-16 10:18:08 
jj1 = 880, max_th = 1.034040e+00, time=2025-04-16 10:18:26 
jj1 = 843, max_th = 2.305932e+00, time=2025-04-16 10:18:52 
jj1 = 823, max_th = 2.061612e+00, time=2025-04-16 10:20:04 
jj1 = 855, max_th = 2.426730e+00, time=2025-04-16 10:22:11 
jj1 = 875, max_th = 2.248891e+00, time=2025-04-16 10:26:52 
jj1 = 896, max_th = 2.109323e+00, time=2025-04-16 10:27:31 
jj1 = 755, max_th = 2.131982e+00, time=2025-04-16 10:28:36 
jj1 = 810, max_th = 1.861615e+00, time=2025-04-16 10:29:09 
jj1 = 900, max_th = 2.179895e+00, time=2025-04-16 10:31:19 
jj1 = 854, max_th = 1.398860e+00, time=2025-04-16 10:35:51 
jj1 = 831, max_th = 2.224930e+00, time=2025-04-16 10:36:12 
jj1 = 802, max_th = 2.049881e+00, time=2025-04-16 10:36:55 
jj1 = 853, max_th = 9.512940e-01, time=2025-04-16 10:41:44 
jj1 = 899, max_th = 1.289316e+00, time=2025-04-16 10:42:51 
jj1 = 842, max_th = 2.196593e+00, time=2025-04-16 10:43:53 
jj1 = 874, max_th = 1.516702e+00, time=2025-04-16 10:44:01 
jj1 = 822, max_th = 1.851912e+00, time=2025-04-16 10:44:39 
jj1 = 879, max_th = 2.006448e+00, time=2025-04-16 10:44:48 
jj1 = 864, max_th = 1.826014e+00, time=2025-04-16 10:46:56 
jj1 = 895, max_th = 2.166657e+00, time=2025-04-16 10:49:05 
jj1 = 852, max_th = 1.155073e+00, time=2025-04-16 10:49:28 
jj1 = 754, max_th = 2.364652e+00, time=2025-04-16 10:50:08 
jj1 = 809, max_th = 2.471061e+00, time=2025-04-16 10:51:02 
jj1 = 821, max_th = 1.002535e+00, time=2025-04-16 10:51:34 
jj1 = 873, max_th = 2.683361e+00, time=2025-04-16 10:55:59 
jj1 = 830, max_th = 1.904427e+00, time=2025-04-16 11:01:45 
jj1 = 913, max_th = 1.182771e+00, time=2025-04-16 11:03:43 
jj1 = 841, max_th = 1.580247e+00, time=2025-04-16 11:04:48 
jj1 = 851, max_th = 1.698463e+00, time=2025-04-16 11:05:36 
jj1 = 801, max_th = 1.823603e+00, time=2025-04-16 11:05:47 
jj1 = 820, max_th = 1.316033e+00, time=2025-04-16 11:07:24 
jj1 = 952, max_th = 2.236475e+00, time=2025-04-16 11:08:05 
jj1 = 753, max_th = 1.531594e+00, time=2025-04-16 11:08:48 
jj1 = 863, max_th = 2.305143e+00, time=2025-04-16 11:08:58 
jj1 = 894, max_th = 1.492652e+00, time=2025-04-16 11:09:36 
jj1 = 908, max_th = 2.276104e+00, time=2025-04-16 11:11:49 
jj1 = 872, max_th = 1.522214e+00, time=2025-04-16 11:14:07 
jj1 = 912, max_th = 1.518660e+00, time=2025-04-16 11:23:02 
jj1 = 840, max_th = 1.648832e+00, time=2025-04-16 11:23:12 
jj1 = 948, max_th = 2.497792e+00, time=2025-04-16 11:24:33 
jj1 = 829, max_th = 2.046847e+00, time=2025-04-16 11:29:01 
jj1 = 850, max_th = 1.756279e+00, time=2025-04-16 11:31:06 
jj1 = 951, max_th = 1.961541e+00, time=2025-04-16 11:31:15 
jj1 = 800, max_th = 2.103234e+00, time=2025-04-16 11:31:24 
jj1 = 752, max_th = 1.891907e+00, time=2025-04-16 11:32:55 
jj1 = 862, max_th = 1.723888e+00, time=2025-04-16 11:34:09 
jj1 = 819, max_th = 1.969592e+00, time=2025-04-16 11:36:02 
jj1 = 950, max_th = 9.373899e-01, time=2025-04-16 11:36:40 
jj1 = 849, max_th = 1.041900e+00, time=2025-04-16 11:38:39 
jj1 = 907, max_th = 1.872168e+00, time=2025-04-16 11:39:52 
jj1 = 871, max_th = 2.137452e+00, time=2025-04-16 11:40:38 
jj1 = 861, max_th = 2.721260e+00, time=2025-04-16 11:45:09 
jj1 = 839, max_th = 2.413001e+00, time=2025-04-16 11:47:17 
jj1 = 911, max_th = 1.803665e+00, time=2025-04-16 11:48:03 
jj1 = 947, max_th = 2.082462e+00, time=2025-04-16 11:50:31 
jj1 = 946, max_th = -4.196573e-02, time=2025-04-16 11:51:51 
jj1 = 949, max_th = 2.496722e+00, time=2025-04-16 11:52:00 
jj1 = 923, max_th = 2.171908e+00, time=2025-04-16 11:52:40 
jj1 = 918, max_th = 2.446318e+00, time=2025-04-16 11:54:07 
jj1 = 799, max_th = 1.642003e+00, time=2025-04-16 11:54:33 
jj1 = 945, max_th = 8.455051e-01, time=2025-04-16 11:55:33 
jj1 = 870, max_th = 1.536191e+00, time=2025-04-16 11:57:47 
jj1 = 960, max_th = 2.774213e+00, time=2025-04-16 11:59:53 
jj1 = 751, max_th = 1.909941e+00, time=2025-04-16 12:01:15 
jj1 = 860, max_th = 1.447566e+00, time=2025-04-16 12:02:10 
jj1 = 944, max_th = 2.770292e+00, time=2025-04-16 12:02:15 
jj1 = 943, max_th = 1.863547e+00, time=2025-04-16 12:05:00 
jj1 = 922, max_th = 2.668454e+00, time=2025-04-16 12:05:33 
jj1 = 906, max_th = 2.338776e+00, time=2025-04-16 12:06:12 
jj1 = 938, max_th = 1.629712e+00, time=2025-04-16 12:08:40 
jj1 = 869, max_th = 2.625280e+00, time=2025-04-16 12:11:11 
jj1 = 859, max_th = 1.117104e+00, time=2025-04-16 12:12:10 
jj1 = 910, max_th = 1.961420e+00, time=2025-04-16 12:15:18 
jj1 = 917, max_th = 2.218273e+00, time=2025-04-16 12:19:07 
jj1 = 959, max_th = 2.402815e+00, time=2025-04-16 12:20:13 
jj1 = 937, max_th = 1.453581e+00, time=2025-04-16 12:23:27 
jj1 = 933, max_th = 1.966498e+00, time=2025-04-16 12:23:50 
jj1 = 921, max_th = 2.296606e+00, time=2025-04-16 12:24:15 
jj1 = 972, max_th = 1.622339e+00, time=2025-04-16 12:25:04 
jj1 = 905, max_th = 1.481870e+00, time=2025-04-16 12:25:50 
jj1 = 928, max_th = 1.363078e+00, time=2025-04-16 12:27:08 
jj1 = 956, max_th = 2.073886e+00, time=2025-04-16 12:28:33 
jj1 = 942, max_th = 1.777172e+00, time=2025-04-16 12:29:24 
jj1 = 750, max_th = 1.975764e+00, time=2025-04-16 12:31:06 
jj1 = 955, max_th = 9.794727e-01, time=2025-04-16 12:34:49 
jj1 = 927, max_th = 1.340424e+00, time=2025-04-16 12:38:07 
jj1 = 954, max_th = 8.792632e-01, time=2025-04-16 12:40:32 
jj1 = 958, max_th = 2.143131e+00, time=2025-04-16 12:43:20 
jj1 = 932, max_th = 1.647347e+00, time=2025-04-16 12:43:53 
jj1 = 904, max_th = 1.543680e+00, time=2025-04-16 12:44:15 
jj1 = 916, max_th = 2.265087e+00, time=2025-04-16 12:45:22 
jj1 = 909, max_th = 1.917570e+00, time=2025-04-16 12:46:06 
jj1 = 936, max_th = 2.209865e+00, time=2025-04-16 12:47:57 
jj1 = 971, max_th = 1.952790e+00, time=2025-04-16 12:49:26 
jj1 = 941, max_th = 1.845597e+00, time=2025-04-16 12:54:25 
jj1 = 920, max_th = 1.992058e+00, time=2025-04-16 12:56:47 
jj1 = 970, max_th = 1.168807e+00, time=2025-04-16 12:58:12 
jj1 = 953, max_th = 1.482081e+00, time=2025-04-16 12:59:52 
jj1 = 957, max_th = 2.367062e+00, time=2025-04-16 13:03:11 
jj1 = 926, max_th = 1.770126e+00, time=2025-04-16 13:03:38 
jj1 = 915, max_th = 1.601504e+00, time=2025-04-16 13:03:55 
jj1 = 925, max_th = 3.082521e+00, time=2025-04-16 13:05:41 
jj1 = 964, max_th = 2.096924e+00, time=2025-04-16 13:07:55 
jj1 = 968, max_th = 2.186912e+00, time=2025-04-16 13:12:41 
jj1 = 931, max_th = 1.879280e+00, time=2025-04-16 13:13:40 
jj1 = 940, max_th = 2.316043e+00, time=2025-04-16 13:17:18 
jj1 = 935, max_th = 2.062432e+00, time=2025-04-16 13:18:31 
jj1 = 749, max_th = 1.881910e+00, time=2025-04-16 13:19:18 
jj1 = 919, max_th = 2.372179e+00, time=2025-04-16 13:23:28 
jj1 = 963, max_th = 1.601258e+00, time=2025-04-16 13:23:52 
jj1 = 969, max_th = 1.958746e+00, time=2025-04-16 13:24:07 
jj1 = 924, max_th = 2.001381e+00, time=2025-04-16 13:25:41 
jj1 = 992, max_th = 1.993744e+00, time=2025-04-16 13:26:48 
jj1 = 914, max_th = 2.312519e+00, time=2025-04-16 13:27:00 
jj1 = 998, max_th = 2.170774e+00, time=2025-04-16 13:27:07 
jj1 = 967, max_th = 1.965139e+00, time=2025-04-16 13:36:06 
jj1 = 991, max_th = 2.637254e+00, time=2025-04-16 13:37:12 
jj1 = 939, max_th = 1.786184e+00, time=2025-04-16 13:38:23 
jj1 = 930, max_th = 1.869847e+00, time=2025-04-16 13:39:08 
jj1 = 976, max_th = 1.604002e+00, time=2025-04-16 13:39:23 
jj1 = 934, max_th = 1.643948e+00, time=2025-04-16 13:39:36 
jj1 = 999, max_th = 1.533405e+00, time=2025-04-16 13:39:52 
jj1 = 893, max_th = 2.124132e+00, time=2025-04-16 13:43:50 
jj1 = 997, max_th = 1.767423e+00, time=2025-04-16 13:44:00 
jj1 = 988, max_th = 1.088290e+00, time=2025-04-16 13:45:33 
jj1 = 980, max_th = 1.995184e+00, time=2025-04-16 13:47:50 
jj1 = 962, max_th = 2.027947e+00, time=2025-04-16 13:48:23 
jj1 = 990, max_th = 2.361516e+00, time=2025-04-16 13:51:33 
jj1 = 975, max_th = 2.463214e+00, time=2025-04-16 13:53:26 
jj1 = 892, max_th = 1.786182e+00, time=2025-04-16 13:55:07 
jj1 = 966, max_th = 1.839584e+00, time=2025-04-16 13:55:56 
jj1 = 929, max_th = 1.860641e+00, time=2025-04-16 13:57:04 
jj1 = 979, max_th = 2.259988e+00, time=2025-04-16 13:57:26 
jj1 = 984, max_th = 1.868716e+00, time=2025-04-16 13:58:22 
jj1 = 961, max_th = 1.362068e+00, time=2025-04-16 13:58:25 
jj1 = 987, max_th = 2.201756e+00, time=2025-04-16 14:00:29 
jj1 = 989, max_th = 2.362728e+00, time=2025-04-16 14:00:39 
jj1 = 974, max_th = 1.551625e+00, time=2025-04-16 14:02:54 
jj1 = 978, max_th = 1.757028e+00, time=2025-04-16 14:04:06 
jj1 = 891, max_th = 2.037665e+00, time=2025-04-16 14:05:22 
jj1 = 1000, max_th = 1.646540e+00, time=2025-04-16 14:06:10 
jj1 = 890, max_th = 2.901304e+00, time=2025-04-16 14:06:57 
jj1 = 996, max_th = 2.109504e+00, time=2025-04-16 14:08:51 
jj1 = 986, max_th = 2.037958e+00, time=2025-04-16 14:09:56 
jj1 = 965, max_th = 2.213853e+00, time=2025-04-16 14:10:12 
jj1 = 983, max_th = 1.687563e+00, time=2025-04-16 14:11:06 
jj1 = 977, max_th = 1.663033e+00, time=2025-04-16 14:11:39 
jj1 = 973, max_th = 1.934145e+00, time=2025-04-16 14:11:42 
jj1 = 889, max_th = 1.740810e+00, time=2025-04-16 14:15:01 
jj1 = 995, max_th = 1.934894e+00, time=2025-04-16 14:16:38 
jj1 = 985, max_th = 2.142589e+00, time=2025-04-16 14:17:49 
jj1 = 982, max_th = 1.846584e+00, time=2025-04-16 14:18:11 
jj1 = 981, max_th = 2.885931e+00, time=2025-04-16 14:19:45 
jj1 = 994, max_th = 1.639353e+00, time=2025-04-16 14:22:32 
jj1 = 993, max_th = 1.277728e+00, time=2025-04-16 14:25:20 
>> >> >> >> >> >> >> >> >> 