MATLAB is selecting SOFTWARE OPENGL rendering.

                            < M A T L A B (R) >
                  Copyright 1984-2021 The MathWorks, Inc.
                  R2021b (9.11.0.1769968) 64-bit (glnxa64)
                             September 17, 2021

 
To get started, type doc.
For product information, visit www.mathworks.com.
 
>> >> >> >> >> >> >> >> >> >> >> >> >> >> >> >> >> >> >> >> >> >> >> >> Starting parallel pool (parpool) using the 'local' profile ...
Connected to the parallel pool (number of workers: 12).
jj1 = 30, max_th = 7.272430e-01, time=2024-09-06 16:12:27 
jj1 = 50, max_th = 1.349526e+00, time=2024-09-06 16:13:59 
jj1 = 45, max_th = 2.375547e+00, time=2024-09-06 16:18:24 
jj1 = 20, max_th = 2.176230e+00, time=2024-09-06 16:19:07 
jj1 = 5, max_th = 1.636684e+00, time=2024-09-06 16:19:13 
jj1 = 40, max_th = 2.596049e+00, time=2024-09-06 16:20:22 
jj1 = 15, max_th = 2.048609e+00, time=2024-09-06 16:20:34 
jj1 = 44, max_th = 3.065624e+00, time=2024-09-06 16:20:53 
jj1 = 49, max_th = 2.404309e+00, time=2024-09-06 16:20:55 
jj1 = 55, max_th = 2.142747e+00, time=2024-09-06 16:22:07 
jj1 = 29, max_th = 1.656327e+00, time=2024-09-06 16:23:20 
jj1 = 60, max_th = 1.815532e+00, time=2024-09-06 16:24:21 
jj1 = 25, max_th = 2.372962e+00, time=2024-09-06 16:25:00 
jj1 = 19, max_th = 1.209471e+00, time=2024-09-06 16:25:18 
jj1 = 28, max_th = 1.192892e+00, time=2024-09-06 16:26:08 
jj1 = 24, max_th = 1.158378e+00, time=2024-09-06 16:26:12 
jj1 = 18, max_th = -3.046749e-01, time=2024-09-06 16:26:23 
jj1 = 10, max_th = 1.649306e+00, time=2024-09-06 16:26:48 
jj1 = 4, max_th = 2.467363e+00, time=2024-09-06 16:27:03 
jj1 = 59, max_th = 1.394795e+00, time=2024-09-06 16:28:55 
jj1 = 39, max_th = 1.573698e+00, time=2024-09-06 16:30:29 
jj1 = 14, max_th = 1.964089e+00, time=2024-09-06 16:31:02 
jj1 = 43, max_th = 2.192129e+00, time=2024-09-06 16:32:56 
jj1 = 23, max_th = 1.856375e+00, time=2024-09-06 16:33:53 
jj1 = 54, max_th = 2.125002e+00, time=2024-09-06 16:34:15 
jj1 = 48, max_th = 2.056765e+00, time=2024-09-06 16:34:31 
jj1 = 3, max_th = 1.572717e+00, time=2024-09-06 16:36:01 
jj1 = 2, max_th = 2.915798e+00, time=2024-09-06 16:38:21 
jj1 = 9, max_th = 1.897745e+00, time=2024-09-06 16:38:57 
jj1 = 42, max_th = 2.869161e+00, time=2024-09-06 16:39:11 
jj1 = 53, max_th = 2.706721e+00, time=2024-09-06 16:39:36 
jj1 = 58, max_th = 1.767026e+00, time=2024-09-06 16:40:03 
jj1 = 13, max_th = 2.781115e+00, time=2024-09-06 16:41:50 
jj1 = 41, max_th = 3.943846e+00, time=2024-09-06 16:42:08 
jj1 = 57, max_th = 3.069455e+00, time=2024-09-06 16:42:22 
jj1 = 38, max_th = 1.982218e+00, time=2024-09-06 16:42:36 
jj1 = 47, max_th = 2.588128e+00, time=2024-09-06 16:43:23 
jj1 = 52, max_th = 3.173004e+00, time=2024-09-06 16:43:24 
jj1 = 8, max_th = 6.078905e-01, time=2024-09-06 16:44:05 
jj1 = 7, max_th = 3.617661e+00, time=2024-09-06 16:45:15 
jj1 = 1, max_th = 2.063725e+00, time=2024-09-06 16:46:13 
jj1 = 17, max_th = 1.576327e+00, time=2024-09-06 16:47:02 
jj1 = 56, max_th = 1.246243e+00, time=2024-09-06 16:47:24 
jj1 = 22, max_th = 2.091916e+00, time=2024-09-06 16:47:25 
jj1 = 51, max_th = 1.655286e+00, time=2024-09-06 16:49:35 
jj1 = 27, max_th = 1.392785e+00, time=2024-09-06 16:51:03 
jj1 = 37, max_th = 1.817909e+00, time=2024-09-06 16:51:04 
jj1 = 35, max_th = 1.893242e+00, time=2024-09-06 16:53:02 
jj1 = 16, max_th = 1.086105e+00, time=2024-09-06 16:53:58 
jj1 = 99, max_th = 1.920831e+00, time=2024-09-06 16:54:01 
jj1 = 489, max_th = 2.641722e+00, time=2024-09-06 16:55:10 
jj1 = 98, max_th = 2.942710e+00, time=2024-09-06 16:56:04 
jj1 = 488, max_th = 2.665030e+00, time=2024-09-06 16:57:21 
jj1 = 411, max_th = 2.145246e+00, time=2024-09-06 16:57:55 
jj1 = 97, max_th = 3.214552e+00, time=2024-09-06 16:58:09 
jj1 = 12, max_th = 1.653979e+00, time=2024-09-06 16:58:32 
jj1 = 46, max_th = 2.374042e+00, time=2024-09-06 16:58:38 
jj1 = 26, max_th = 3.656847e-01, time=2024-09-06 16:58:51 
jj1 = 36, max_th = 1.631439e+00, time=2024-09-06 16:59:52 
jj1 = 528, max_th = 2.400500e+00, time=2024-09-06 17:00:41 
jj1 = 410, max_th = 2.724785e+00, time=2024-09-06 17:01:22 
jj1 = 21, max_th = 2.287076e+00, time=2024-09-06 17:01:47 
jj1 = 409, max_th = 2.921390e+00, time=2024-09-06 17:04:19 
jj1 = 216, max_th = 2.434420e+00, time=2024-09-06 17:05:21 
jj1 = 294, max_th = 1.170011e+00, time=2024-09-06 17:07:04 
jj1 = 6, max_th = 2.027098e+00, time=2024-09-06 17:07:32 
jj1 = 96, max_th = 2.449675e+00, time=2024-09-06 17:07:39 
jj1 = 11, max_th = 2.634559e+00, time=2024-09-06 17:07:56 
jj1 = 255, max_th = 2.625762e+00, time=2024-09-06 17:08:48 
jj1 = 408, max_th = 1.542108e+00, time=2024-09-06 17:09:17 
jj1 = 34, max_th = 1.870929e+00, time=2024-09-06 17:09:34 
jj1 = 487, max_th = 2.228312e+00, time=2024-09-06 17:10:05 
jj1 = 254, max_th = 6.558729e-01, time=2024-09-06 17:10:34 
jj1 = 372, max_th = 2.226854e+00, time=2024-09-06 17:10:38 
jj1 = 450, max_th = 1.651106e+00, time=2024-09-06 17:11:49 
jj1 = 215, max_th = 2.407733e+00, time=2024-09-06 17:12:03 
jj1 = 371, max_th = 1.028157e+00, time=2024-09-06 17:12:44 
jj1 = 214, max_th = 3.598415e+00, time=2024-09-06 17:14:47 
jj1 = 407, max_th = 2.418326e+00, time=2024-09-06 17:15:11 
jj1 = 449, max_th = 1.047560e+00, time=2024-09-06 17:15:56 
jj1 = 486, max_th = 1.108117e+00, time=2024-09-06 17:16:27 
jj1 = 406, max_th = -1.374803e-03, time=2024-09-06 17:17:28 
jj1 = 253, max_th = 1.442206e+00, time=2024-09-06 17:17:57 
jj1 = 293, max_th = 1.621434e+00, time=2024-09-06 17:18:53 
jj1 = 485, max_th = 2.649577e+00, time=2024-09-06 17:18:54 
jj1 = 33, max_th = 2.646748e+00, time=2024-09-06 17:19:00 
jj1 = 177, max_th = 1.275859e+00, time=2024-09-06 17:19:10 
jj1 = 527, max_th = 1.645326e+00, time=2024-09-06 17:19:45 
jj1 = 370, max_th = 2.349496e+00, time=2024-09-06 17:20:09 
jj1 = 95, max_th = 2.127725e+00, time=2024-09-06 17:21:44 
jj1 = 32, max_th = 1.418631e+00, time=2024-09-06 17:21:46 
jj1 = 405, max_th = 2.820985e+00, time=2024-09-06 17:21:50 
jj1 = 404, max_th = 2.915543e+00, time=2024-09-06 17:26:29 
jj1 = 403, max_th = 3.090225e+00, time=2024-09-06 17:26:57 
jj1 = 369, max_th = 1.999810e+00, time=2024-09-06 17:27:39 
jj1 = 176, max_th = 1.663059e+00, time=2024-09-06 17:27:49 
jj1 = 252, max_th = 1.616070e+00, time=2024-09-06 17:28:46 
jj1 = 31, max_th = 9.812036e-01, time=2024-09-06 17:30:00 
jj1 = 251, max_th = 3.124506e+00, time=2024-09-06 17:30:34 
jj1 = 484, max_th = 2.036051e+00, time=2024-09-06 17:30:52 
jj1 = 368, max_th = 2.945526e+00, time=2024-09-06 17:31:34 
jj1 = 448, max_th = 1.828959e+00, time=2024-09-06 17:31:54 
jj1 = 213, max_th = 1.651794e+00, time=2024-09-06 17:31:57 
jj1 = 94, max_th = 4.078578e-01, time=2024-09-06 17:32:21 
jj1 = 292, max_th = 2.262199e+00, time=2024-09-06 17:32:33 
jj1 = 402, max_th = 1.851882e+00, time=2024-09-06 17:33:22 
jj1 = 138, max_th = 1.933013e+00, time=2024-09-06 17:34:11 
jj1 = 291, max_th = 2.767608e+00, time=2024-09-06 17:34:21 
jj1 = 137, max_th = 3.360252e+00, time=2024-09-06 17:35:33 
jj1 = 483, max_th = 1.795117e+00, time=2024-09-06 17:36:29 
jj1 = 526, max_th = 2.097987e+00, time=2024-09-06 17:36:46 
jj1 = 290, max_th = 1.253052e+00, time=2024-09-06 17:39:09 
jj1 = 175, max_th = 1.890357e+00, time=2024-09-06 17:41:54 
jj1 = 333, max_th = -3.641552e-01, time=2024-09-06 17:42:02 
jj1 = 93, max_th = 2.276510e+00, time=2024-09-06 17:42:11 
jj1 = 401, max_th = 2.286705e+00, time=2024-09-06 17:44:56 
jj1 = 212, max_th = 1.737228e+00, time=2024-09-06 17:45:15 
jj1 = 211, max_th = 4.161207e-01, time=2024-09-06 17:48:13 
jj1 = 174, max_th = 1.474009e+00, time=2024-09-06 17:48:21 
jj1 = 482, max_th = 2.324568e+00, time=2024-09-06 17:49:04 
jj1 = 173, max_th = 3.331436e+00, time=2024-09-06 17:50:25 
jj1 = 289, max_th = 2.362981e+00, time=2024-09-06 17:51:16 
jj1 = 332, max_th = 2.943232e+00, time=2024-09-06 17:51:55 
jj1 = 525, max_th = 2.289467e+00, time=2024-09-06 17:52:38 
jj1 = 400, max_th = 2.479569e+00, time=2024-09-06 17:53:24 
jj1 = 92, max_th = 1.763595e+00, time=2024-09-06 17:53:25 
jj1 = 447, max_th = 1.718143e+00, time=2024-09-06 17:54:48 
jj1 = 136, max_th = 2.989328e+00, time=2024-09-06 17:54:58 
jj1 = 288, max_th = 1.157572e+00, time=2024-09-06 17:54:59 
jj1 = 210, max_th = 2.021417e+00, time=2024-09-06 17:56:30 
jj1 = 367, max_th = 1.775567e+00, time=2024-09-06 17:58:46 
jj1 = 172, max_th = 1.649578e+00, time=2024-09-06 17:59:02 
jj1 = 250, max_th = 2.142431e+00, time=2024-09-06 18:00:45 
jj1 = 481, max_th = 1.877187e+00, time=2024-09-06 18:01:11 
jj1 = 524, max_th = 2.247946e+00, time=2024-09-06 18:01:28 
jj1 = 287, max_th = 1.202548e+00, time=2024-09-06 18:01:37 
jj1 = 209, max_th = 2.458070e+00, time=2024-09-06 18:01:42 
jj1 = 135, max_th = 1.058113e+00, time=2024-09-06 18:03:32 
jj1 = 331, max_th = 1.999992e+00, time=2024-09-06 18:04:46 
jj1 = 91, max_th = 1.783778e+00, time=2024-09-06 18:05:14 
jj1 = 399, max_th = 2.187743e+00, time=2024-09-06 18:06:14 
jj1 = 480, max_th = 1.543743e+00, time=2024-09-06 18:06:48 
jj1 = 208, max_th = 2.203209e+00, time=2024-09-06 18:07:23 
jj1 = 171, max_th = 1.758253e+00, time=2024-09-06 18:10:45 
jj1 = 366, max_th = 2.727327e+00, time=2024-09-06 18:11:14 
jj1 = 330, max_th = 1.315740e+00, time=2024-09-06 18:12:47 
jj1 = 523, max_th = 1.791129e+00, time=2024-09-06 18:13:17 
jj1 = 170, max_th = 2.809716e+00, time=2024-09-06 18:13:29 
jj1 = 249, max_th = 1.692784e+00, time=2024-09-06 18:13:44 
jj1 = 207, max_th = 2.418690e+00, time=2024-09-06 18:14:05 
jj1 = 90, max_th = 2.193460e+00, time=2024-09-06 18:14:45 
jj1 = 329, max_th = 1.115379e+00, time=2024-09-06 18:16:08 
jj1 = 365, max_th = 2.787437e+00, time=2024-09-06 18:17:02 
jj1 = 364, max_th = 1.976038e-01, time=2024-09-06 18:17:36 
jj1 = 398, max_th = 2.024526e+00, time=2024-09-06 18:17:51 
jj1 = 169, max_th = 1.409979e+00, time=2024-09-06 18:18:35 
jj1 = 479, max_th = 2.163208e+00, time=2024-09-06 18:19:22 
jj1 = 478, max_th = 9.655307e-01, time=2024-09-06 18:21:37 
jj1 = 168, max_th = 9.443702e-01, time=2024-09-06 18:21:48 
jj1 = 167, max_th = 2.233064e-01, time=2024-09-06 18:22:41 
jj1 = 89, max_th = 2.424084e+00, time=2024-09-06 18:23:33 
jj1 = 206, max_th = 1.354842e+00, time=2024-09-06 18:24:42 
jj1 = 397, max_th = 2.000671e+00, time=2024-09-06 18:25:09 
jj1 = 446, max_th = 2.128292e+00, time=2024-09-06 18:25:29 
jj1 = 134, max_th = 1.851910e+00, time=2024-09-06 18:28:31 
jj1 = 445, max_th = 1.204241e+00, time=2024-09-06 18:29:07 
jj1 = 88, max_th = 2.494841e+00, time=2024-09-06 18:29:39 
jj1 = 166, max_th = 1.522073e+00, time=2024-09-06 18:30:08 
jj1 = 396, max_th = 2.193693e+00, time=2024-09-06 18:31:32 
jj1 = 522, max_th = 1.922892e+00, time=2024-09-06 18:32:59 
jj1 = 328, max_th = 2.146348e+00, time=2024-09-06 18:33:03 
jj1 = 363, max_th = 2.366967e+00, time=2024-09-06 18:34:22 
jj1 = 87, max_th = 2.768892e+00, time=2024-09-06 18:34:44 
jj1 = 205, max_th = 1.852563e+00, time=2024-09-06 18:34:52 
jj1 = 248, max_th = 1.453996e+00, time=2024-09-06 18:36:33 
jj1 = 286, max_th = 2.088956e+00, time=2024-09-06 18:36:41 
jj1 = 444, max_th = 1.839929e+00, time=2024-09-06 18:36:57 
jj1 = 247, max_th = 1.064266e+00, time=2024-09-06 18:39:28 
jj1 = 86, max_th = 1.160508e+00, time=2024-09-06 18:40:14 
jj1 = 327, max_th = -3.990157e-01, time=2024-09-06 18:42:43 
jj1 = 362, max_th = 2.703947e+00, time=2024-09-06 18:43:29 
jj1 = 165, max_th = 2.005322e+00, time=2024-09-06 18:46:20 
jj1 = 204, max_th = 2.172291e+00, time=2024-09-06 18:47:08 
jj1 = 477, max_th = 2.126353e+00, time=2024-09-06 18:48:04 
jj1 = 395, max_th = 1.576393e+00, time=2024-09-06 18:48:28 
jj1 = 85, max_th = 1.951389e+00, time=2024-09-06 18:48:42 
jj1 = 443, max_th = 1.805392e+00, time=2024-09-06 18:51:51 
jj1 = 476, max_th = -1.109968e+00, time=2024-09-06 18:54:39 
jj1 = 164, max_th = 1.336081e+00, time=2024-09-06 18:55:59 
jj1 = 203, max_th = 1.844482e+00, time=2024-09-06 18:56:32 
jj1 = 285, max_th = 1.803114e+00, time=2024-09-06 18:56:35 
jj1 = 442, max_th = 1.323067e+00, time=2024-09-06 18:56:58 
jj1 = 84, max_th = 2.582803e+00, time=2024-09-06 18:57:01 
jj1 = 475, max_th = 9.312680e-01, time=2024-09-06 18:57:10 
jj1 = 202, max_th = 1.596347e-01, time=2024-09-06 18:58:37 
jj1 = 361, max_th = 1.534609e+00, time=2024-09-06 18:58:38 
jj1 = 394, max_th = 2.007956e+00, time=2024-09-06 19:00:43 
jj1 = 246, max_th = 2.116389e+00, time=2024-09-06 19:02:31 
jj1 = 163, max_th = 1.421581e+00, time=2024-09-06 19:03:15 
jj1 = 133, max_th = 1.926976e+00, time=2024-09-06 19:03:22 
jj1 = 162, max_th = 3.778103e+00, time=2024-09-06 19:03:24 
jj1 = 326, max_th = 1.762974e+00, time=2024-09-06 19:04:23 
jj1 = 441, max_th = 1.335178e+00, time=2024-09-06 19:04:44 
jj1 = 440, max_th = 5.066629e-01, time=2024-09-06 19:05:46 
jj1 = 393, max_th = 2.701111e+00, time=2024-09-06 19:06:22 
jj1 = 439, max_th = 1.300618e+00, time=2024-09-06 19:08:49 
jj1 = 83, max_th = 2.320492e+00, time=2024-09-06 19:08:50 
jj1 = 474, max_th = 1.595061e+00, time=2024-09-06 19:09:52 
jj1 = 161, max_th = 1.022166e+00, time=2024-09-06 19:12:15 
jj1 = 201, max_th = 2.066910e+00, time=2024-09-06 19:12:21 
jj1 = 392, max_th = 2.384070e+00, time=2024-09-06 19:13:04 
jj1 = 360, max_th = 2.045821e+00, time=2024-09-06 19:18:09 
jj1 = 438, max_th = 2.040792e+00, time=2024-09-06 19:19:07 
jj1 = 82, max_th = 2.246509e+00, time=2024-09-06 19:20:58 
jj1 = 160, max_th = 1.744987e+00, time=2024-09-06 19:21:15 
jj1 = 132, max_th = 2.086423e+00, time=2024-09-06 19:21:33 
jj1 = 159, max_th = 2.798248e+00, time=2024-09-06 19:21:59 
jj1 = 359, max_th = 7.557056e-01, time=2024-09-06 19:22:05 
jj1 = 200, max_th = 1.967539e+00, time=2024-09-06 19:23:03 
jj1 = 81, max_th = 6.142097e-01, time=2024-09-06 19:24:24 
jj1 = 245, max_th = 2.408661e+00, time=2024-09-06 19:24:53 
jj1 = 284, max_th = 1.500496e+00, time=2024-09-06 19:24:59 
jj1 = 391, max_th = 2.306785e+00, time=2024-09-06 19:25:01 
jj1 = 390, max_th = 1.016955e+00, time=2024-09-06 19:27:52 
jj1 = 158, max_th = 2.301715e+00, time=2024-09-06 19:28:15 
jj1 = 389, max_th = 3.233003e+00, time=2024-09-06 19:31:57 
jj1 = 131, max_th = 2.650318e+00, time=2024-09-06 19:32:36 
jj1 = 473, max_th = 7.311018e-01, time=2024-09-06 19:33:30 
jj1 = 437, max_th = 3.006199e+00, time=2024-09-06 19:34:11 
jj1 = 325, max_th = 2.232813e+00, time=2024-09-06 19:36:22 
jj1 = 80, max_th = 2.288218e+00, time=2024-09-06 19:37:05 
jj1 = 283, max_th = 1.636405e+00, time=2024-09-06 19:37:52 
jj1 = 157, max_th = 1.531737e+00, time=2024-09-06 19:38:29 
jj1 = 244, max_th = 1.741733e+00, time=2024-09-06 19:39:37 
jj1 = 79, max_th = 2.587424e+00, time=2024-09-06 19:40:43 
jj1 = 388, max_th = 2.242199e+00, time=2024-09-06 19:42:51 
jj1 = 282, max_th = 4.256416e-01, time=2024-09-06 19:42:55 
jj1 = 436, max_th = 2.247730e+00, time=2024-09-06 19:43:27 
jj1 = 387, max_th = 3.083105e+00, time=2024-09-06 19:44:43 
jj1 = 130, max_th = 2.725706e+00, time=2024-09-06 19:44:53 
jj1 = 156, max_th = 1.533099e+00, time=2024-09-06 19:46:32 
jj1 = 358, max_th = 2.026093e+00, time=2024-09-06 19:49:12 
jj1 = 78, max_th = 2.319093e+00, time=2024-09-06 19:49:45 
jj1 = 199, max_th = 2.417382e+00, time=2024-09-06 19:51:09 
jj1 = 435, max_th = 1.577651e+00, time=2024-09-06 19:51:58 
jj1 = 472, max_th = 1.873386e+00, time=2024-09-06 19:53:26 
jj1 = 129, max_th = 1.085311e+00, time=2024-09-06 19:53:36 
jj1 = 243, max_th = 1.629018e+00, time=2024-09-06 19:55:07 
jj1 = 386, max_th = 1.899602e+00, time=2024-09-06 19:55:51 
jj1 = 155, max_th = 2.375957e+00, time=2024-09-06 19:57:18 
jj1 = 324, max_th = 2.064591e+00, time=2024-09-06 19:58:12 
jj1 = 77, max_th = 1.689046e+00, time=2024-09-06 19:58:33 
jj1 = 434, max_th = 2.244822e+00, time=2024-09-06 20:03:42 
jj1 = 76, max_th = 2.256585e+00, time=2024-09-06 20:05:14 
jj1 = 281, max_th = 2.135315e+00, time=2024-09-06 20:08:55 
jj1 = 357, max_th = 1.957231e+00, time=2024-09-06 20:12:26 
jj1 = 471, max_th = 2.490789e+00, time=2024-09-06 20:12:53 
jj1 = 356, max_th = 2.320249e-01, time=2024-09-06 20:14:08 
jj1 = 355, max_th = -1.522402e+00, time=2024-09-06 20:14:45 
jj1 = 128, max_th = 2.292052e+00, time=2024-09-06 20:14:52 
jj1 = 154, max_th = 3.104083e+00, time=2024-09-06 20:15:14 
jj1 = 433, max_th = 1.812972e+00, time=2024-09-06 20:16:12 
jj1 = 198, max_th = 2.371596e+00, time=2024-09-06 20:20:32 
jj1 = 323, max_th = 2.008332e+00, time=2024-09-06 20:22:35 
jj1 = 242, max_th = 1.992439e+00, time=2024-09-06 20:23:56 
jj1 = 470, max_th = 1.182429e+00, time=2024-09-06 20:25:15 
jj1 = 432, max_th = 1.376207e+00, time=2024-09-06 20:28:21 
jj1 = 469, max_th = 1.432705e+00, time=2024-09-06 20:29:16 
jj1 = 153, max_th = 2.334595e+00, time=2024-09-06 20:29:38 
jj1 = 152, max_th = 4.507363e+00, time=2024-09-06 20:29:45 
jj1 = 75, max_th = 2.080414e+00, time=2024-09-06 20:29:57 
jj1 = 280, max_th = 2.035686e+00, time=2024-09-06 20:33:41 
jj1 = 127, max_th = -1.932778e-01, time=2024-09-06 20:36:14 
jj1 = 126, max_th = -5.544497e-01, time=2024-09-06 20:36:37 
jj1 = 74, max_th = 1.231919e+00, time=2024-09-06 20:37:23 
jj1 = 468, max_th = 1.628775e+00, time=2024-09-06 20:38:46 
jj1 = 354, max_th = 2.309763e+00, time=2024-09-06 20:39:35 
jj1 = 431, max_th = 1.779470e+00, time=2024-09-06 20:39:45 
jj1 = 241, max_th = 1.090383e+00, time=2024-09-06 20:41:32 
jj1 = 430, max_th = 8.863499e-01, time=2024-09-06 20:42:14 
jj1 = 429, max_th = 4.182281e+00, time=2024-09-06 20:43:18 
jj1 = 151, max_th = 1.973175e+00, time=2024-09-06 20:45:15 
jj1 = 150, max_th = 3.056845e-01, time=2024-09-06 20:45:34 
jj1 = 73, max_th = 2.158603e+00, time=2024-09-06 20:45:50 
jj1 = 125, max_th = 2.609829e+00, time=2024-09-06 20:47:30 
jj1 = 467, max_th = 1.854455e+00, time=2024-09-06 20:47:48 
jj1 = 279, max_th = 2.601216e+00, time=2024-09-06 20:47:59 
jj1 = 72, max_th = 2.421396e+00, time=2024-09-06 20:49:21 
jj1 = 428, max_th = 1.237420e+00, time=2024-09-06 20:51:20 
jj1 = 466, max_th = 2.114391e+00, time=2024-09-06 20:53:53 
jj1 = 465, max_th = 2.680768e-01, time=2024-09-06 20:55:37 
jj1 = 278, max_th = 1.415023e+00, time=2024-09-06 20:56:02 
jj1 = 197, max_th = 2.071361e+00, time=2024-09-06 20:57:20 
jj1 = 353, max_th = 2.153927e+00, time=2024-09-06 20:59:55 
jj1 = 427, max_th = 2.285402e+00, time=2024-09-06 21:01:14 
jj1 = 385, max_th = 1.479421e+00, time=2024-09-06 21:01:56 
jj1 = 240, max_th = 2.021142e+00, time=2024-09-06 21:02:08 
jj1 = 124, max_th = 1.746813e+00, time=2024-09-06 21:02:22 
jj1 = 149, max_th = 1.409136e+00, time=2024-09-06 21:03:41 
jj1 = 239, max_th = 3.262073e+00, time=2024-09-06 21:05:02 
jj1 = 71, max_th = 2.441827e+00, time=2024-09-06 21:05:36 
jj1 = 148, max_th = 2.946945e-01, time=2024-09-06 21:05:51 
jj1 = 322, max_th = 1.998169e+00, time=2024-09-06 21:06:53 
jj1 = 464, max_th = 1.792133e+00, time=2024-09-06 21:07:18 
jj1 = 352, max_th = 2.531992e+00, time=2024-09-06 21:12:18 
jj1 = 196, max_th = 1.536441e+00, time=2024-09-06 21:12:20 
jj1 = 238, max_th = 4.618448e+00, time=2024-09-06 21:12:38 
jj1 = 123, max_th = 8.101994e-01, time=2024-09-06 21:14:01 
jj1 = 426, max_th = 1.920850e+00, time=2024-09-06 21:14:15 
jj1 = 70, max_th = 1.744627e+00, time=2024-09-06 21:16:34 
jj1 = 147, max_th = 1.967223e+00, time=2024-09-06 21:17:18 
jj1 = 277, max_th = 1.765070e+00, time=2024-09-06 21:17:46 
jj1 = 384, max_th = 2.151110e+00, time=2024-09-06 21:18:46 
jj1 = 321, max_th = 1.525618e+00, time=2024-09-06 21:19:25 
jj1 = 463, max_th = 1.694926e+00, time=2024-09-06 21:19:42 
jj1 = 146, max_th = 8.759175e-01, time=2024-09-06 21:20:59 
jj1 = 462, max_th = 2.933084e+00, time=2024-09-06 21:21:24 
jj1 = 122, max_th = 1.323253e+00, time=2024-09-06 21:21:43 
jj1 = 425, max_th = 1.686458e+00, time=2024-09-06 21:26:09 
jj1 = 195, max_th = 1.474497e+00, time=2024-09-06 21:27:30 
jj1 = 320, max_th = 1.907231e+00, time=2024-09-06 21:27:45 
jj1 = 145, max_th = 1.959455e+00, time=2024-09-06 21:28:03 
jj1 = 383, max_th = 2.428203e+00, time=2024-09-06 21:29:15 
jj1 = 382, max_th = 4.227767e-01, time=2024-09-06 21:31:24 
jj1 = 237, max_th = 1.999003e+00, time=2024-09-06 21:31:38 
jj1 = 276, max_th = 2.245765e+00, time=2024-09-06 21:32:57 
jj1 = 351, max_th = 1.908069e+00, time=2024-09-06 21:35:29 
jj1 = 424, max_th = 2.246623e+00, time=2024-09-06 21:36:15 
jj1 = 121, max_th = 2.077756e+00, time=2024-09-06 21:38:35 
jj1 = 144, max_th = 2.711569e+00, time=2024-09-06 21:40:17 
jj1 = 319, max_th = 2.277936e+00, time=2024-09-06 21:42:25 
jj1 = 318, max_th = 3.092313e+00, time=2024-09-06 21:44:03 
jj1 = 423, max_th = 1.493098e+00, time=2024-09-06 21:44:13 
jj1 = 461, max_th = 1.962021e+00, time=2024-09-06 21:45:36 
jj1 = 422, max_th = 8.570759e-01, time=2024-09-06 21:45:51 
jj1 = 194, max_th = 2.008327e+00, time=2024-09-06 21:48:18 
jj1 = 236, max_th = 2.514361e+00, time=2024-09-06 21:48:24 
jj1 = 193, max_th = 4.425220e-01, time=2024-09-06 21:48:52 
jj1 = 381, max_th = 9.225768e-01, time=2024-09-06 21:49:18 
jj1 = 350, max_th = 1.449986e+00, time=2024-09-06 21:49:30 
jj1 = 521, max_th = 1.829563e+00, time=2024-09-06 21:50:13 
jj1 = 69, max_th = 1.680484e+00, time=2024-09-06 21:51:06 
jj1 = 120, max_th = 1.380247e+00, time=2024-09-06 21:51:06 
jj1 = 460, max_th = 2.494228e+00, time=2024-09-06 21:51:25 
jj1 = 421, max_th = 2.401257e+00, time=2024-09-06 21:51:55 
jj1 = 317, max_th = 2.506900e+00, time=2024-09-06 21:52:04 
jj1 = 143, max_th = 2.028472e+00, time=2024-09-06 21:52:27 
jj1 = 68, max_th = -1.566058e-01, time=2024-09-06 21:55:27 
jj1 = 459, max_th = 3.022486e+00, time=2024-09-06 21:55:49 
jj1 = 192, max_th = 2.417220e+00, time=2024-09-06 21:57:05 
jj1 = 275, max_th = 1.716081e+00, time=2024-09-06 21:58:28 
jj1 = 458, max_th = 2.751839e+00, time=2024-09-06 22:00:25 
jj1 = 235, max_th = 2.318647e+00, time=2024-09-06 22:01:24 
jj1 = 142, max_th = 2.021643e+00, time=2024-09-06 22:02:52 
jj1 = 119, max_th = 2.680510e+00, time=2024-09-06 22:03:13 
jj1 = 316, max_th = 1.566017e+00, time=2024-09-06 22:03:21 
jj1 = 191, max_th = 2.629389e+00, time=2024-09-06 22:07:33 
jj1 = 118, max_th = 2.312497e+00, time=2024-09-06 22:08:58 
jj1 = 315, max_th = 1.537909e+00, time=2024-09-06 22:09:12 
jj1 = 380, max_th = 2.485314e+00, time=2024-09-06 22:10:05 
jj1 = 349, max_th = 2.217962e+00, time=2024-09-06 22:10:21 
jj1 = 314, max_th = 1.292901e+00, time=2024-09-06 22:12:18 
jj1 = 141, max_th = 2.579664e+00, time=2024-09-06 22:12:48 
jj1 = 457, max_th = 2.067315e+00, time=2024-09-06 22:13:03 
jj1 = 67, max_th = 1.820690e+00, time=2024-09-06 22:15:10 
jj1 = 520, max_th = 2.460012e+00, time=2024-09-06 22:15:12 
jj1 = 140, max_th = 1.450381e+00, time=2024-09-06 22:16:37 
jj1 = 117, max_th = 2.712040e+00, time=2024-09-06 22:18:54 
jj1 = 456, max_th = 2.364954e+00, time=2024-09-06 22:21:09 
jj1 = 379, max_th = 2.533709e+00, time=2024-09-06 22:21:30 
jj1 = 348, max_th = 1.303734e+00, time=2024-09-06 22:22:53 
jj1 = 234, max_th = 1.613981e+00, time=2024-09-06 22:24:21 
jj1 = 274, max_th = 1.842403e+00, time=2024-09-06 22:28:15 
jj1 = 313, max_th = 2.441010e+00, time=2024-09-06 22:28:55 
jj1 = 66, max_th = 2.091275e+00, time=2024-09-06 22:29:31 
jj1 = 190, max_th = 1.862125e+00, time=2024-09-06 22:31:17 
jj1 = 116, max_th = 2.370659e+00, time=2024-09-06 22:31:43 
jj1 = 455, max_th = 1.587409e+00, time=2024-09-06 22:33:21 
jj1 = 519, max_th = 1.536503e+00, time=2024-09-06 22:33:22 
jj1 = 420, max_th = 1.974965e+00, time=2024-09-06 22:35:29 
jj1 = 65, max_th = 1.669826e+00, time=2024-09-06 22:39:26 
jj1 = 115, max_th = 2.044618e+00, time=2024-09-06 22:40:18 
jj1 = 378, max_th = 1.541542e+00, time=2024-09-06 22:41:07 
jj1 = 139, max_th = 1.782405e+00, time=2024-09-06 22:41:23 
jj1 = 233, max_th = 2.521933e+00, time=2024-09-06 22:42:01 
jj1 = 419, max_th = 1.819133e+00, time=2024-09-06 22:43:58 
jj1 = 347, max_th = 2.180676e+00, time=2024-09-06 22:44:27 
jj1 = 377, max_th = -1.964859e-01, time=2024-09-06 22:44:32 
jj1 = 273, max_th = 1.792482e+00, time=2024-09-06 22:44:49 
jj1 = 189, max_th = 2.483950e+00, time=2024-09-06 22:45:02 
jj1 = 64, max_th = 2.160271e+00, time=2024-09-06 22:48:26 
jj1 = 63, max_th = 2.993725e+00, time=2024-09-06 22:48:55 
jj1 = 748, max_th = 1.979468e+00, time=2024-09-06 22:51:55 
jj1 = 188, max_th = 1.302968e+00, time=2024-09-06 22:53:23 
jj1 = 454, max_th = 2.171290e+00, time=2024-09-06 22:56:45 
jj1 = 518, max_th = 2.089639e+00, time=2024-09-06 22:58:42 
jj1 = 272, max_th = 1.383162e+00, time=2024-09-06 23:00:26 
jj1 = 114, max_th = 6.178642e-01, time=2024-09-06 23:00:28 
jj1 = 62, max_th = 1.923586e+00, time=2024-09-06 23:01:53 
jj1 = 747, max_th = 7.932289e-01, time=2024-09-06 23:02:08 
jj1 = 418, max_th = 2.123652e+00, time=2024-09-06 23:03:46 
jj1 = 453, max_th = 2.313867e+00, time=2024-09-06 23:03:57 
jj1 = 312, max_th = 2.216679e+00, time=2024-09-06 23:06:04 
jj1 = 61, max_th = 1.397261e+00, time=2024-09-06 23:06:28 
jj1 = 346, max_th = 1.651076e+00, time=2024-09-06 23:07:28 
jj1 = 376, max_th = 1.851635e+00, time=2024-09-06 23:07:35 
jj1 = 187, max_th = 1.615015e+00, time=2024-09-06 23:08:21 
jj1 = 517, max_th = 2.005520e+00, time=2024-09-06 23:09:25 
jj1 = 375, max_th = 3.157763e+00, time=2024-09-06 23:09:35 
jj1 = 271, max_th = 3.125977e+00, time=2024-09-06 23:09:46 
jj1 = 232, max_th = 2.065270e+00, time=2024-09-06 23:10:20 
jj1 = 516, max_th = 5.247114e-01, time=2024-09-06 23:11:41 
jj1 = 345, max_th = 2.705919e+00, time=2024-09-06 23:12:54 
jj1 = 746, max_th = 1.993582e+00, time=2024-09-06 23:12:58 
jj1 = 231, max_th = -2.462981e-01, time=2024-09-06 23:13:43 
jj1 = 568, max_th = 2.106133e+00, time=2024-09-06 23:14:55 
jj1 = 417, max_th = 1.169125e+00, time=2024-09-06 23:15:05 
jj1 = 745, max_th = 1.896463e+00, time=2024-09-06 23:20:54 
jj1 = 230, max_th = 2.481998e+00, time=2024-09-06 23:21:04 
jj1 = 113, max_th = 1.827510e+00, time=2024-09-06 23:21:44 
jj1 = 452, max_th = 2.019829e+00, time=2024-09-06 23:21:58 
jj1 = 344, max_th = 2.497306e+00, time=2024-09-06 23:22:30 
jj1 = 744, max_th = 6.677309e-01, time=2024-09-06 23:22:51 
jj1 = 515, max_th = 2.432242e+00, time=2024-09-06 23:23:53 
jj1 = 186, max_th = 1.616094e+00, time=2024-09-06 23:23:54 
jj1 = 567, max_th = 1.866386e+00, time=2024-09-06 23:25:23 
jj1 = 416, max_th = 2.336842e+00, time=2024-09-06 23:25:34 
jj1 = 311, max_th = 1.289904e+00, time=2024-09-06 23:25:57 
jj1 = 185, max_th = 2.804928e+00, time=2024-09-06 23:31:23 
jj1 = 566, max_th = 1.314781e+00, time=2024-09-06 23:31:24 
jj1 = 743, max_th = 1.547087e+00, time=2024-09-06 23:32:09 
jj1 = 374, max_th = 2.080495e+00, time=2024-09-06 23:32:37 
jj1 = 270, max_th = 1.776220e+00, time=2024-09-06 23:32:56 
jj1 = 415, max_th = 1.927539e+00, time=2024-09-06 23:35:05 
jj1 = 514, max_th = 2.655777e+00, time=2024-09-06 23:36:06 
jj1 = 343, max_th = 1.427677e+00, time=2024-09-06 23:37:56 
jj1 = 451, max_th = 1.547021e+00, time=2024-09-06 23:38:50 
jj1 = 742, max_th = 1.799027e+00, time=2024-09-06 23:38:56 
jj1 = 310, max_th = 1.598552e+00, time=2024-09-06 23:40:32 
jj1 = 112, max_th = 2.162605e+00, time=2024-09-06 23:43:37 
jj1 = 414, max_th = 2.426295e+00, time=2024-09-06 23:43:55 
jj1 = 565, max_th = 2.319802e+00, time=2024-09-06 23:45:28 
jj1 = 229, max_th = 1.683953e+00, time=2024-09-06 23:47:09 
jj1 = 373, max_th = 1.839383e+00, time=2024-09-06 23:48:58 
jj1 = 741, max_th = 2.315354e+00, time=2024-09-06 23:50:32 
jj1 = 342, max_th = 2.415971e+00, time=2024-09-06 23:51:02 
jj1 = 513, max_th = 1.593399e+00, time=2024-09-06 23:52:19 
jj1 = 608, max_th = 2.071333e+00, time=2024-09-06 23:52:21 
jj1 = 309, max_th = 1.468374e+00, time=2024-09-06 23:53:23 
jj1 = 184, max_th = 1.478342e+00, time=2024-09-06 23:55:54 
jj1 = 564, max_th = 2.022273e+00, time=2024-09-06 23:56:06 
jj1 = 413, max_th = 1.835846e+00, time=2024-09-06 23:56:51 
jj1 = 269, max_th = 2.071610e+00, time=2024-09-06 23:57:39 
jj1 = 341, max_th = 2.860265e+00, time=2024-09-06 23:59:00 
jj1 = 228, max_th = 2.100384e+00, time=2024-09-07 00:01:13 
jj1 = 412, max_th = 1.291208e+00, time=2024-09-07 00:03:02 
jj1 = 740, max_th = 1.181037e+00, time=2024-09-07 00:03:17 
jj1 = 183, max_th = 1.331653e+00, time=2024-09-07 00:03:32 
jj1 = 512, max_th = 1.476318e+00, time=2024-09-07 00:03:44 
jj1 = 340, max_th = 5.272798e-01, time=2024-09-07 00:03:45 
jj1 = 182, max_th = 7.050633e-01, time=2024-09-07 00:05:21 
jj1 = 511, max_th = 3.206322e+00, time=2024-09-07 00:08:38 
jj1 = 181, max_th = 2.665986e+00, time=2024-09-07 00:11:10 
jj1 = 648, max_th = 1.337011e+00, time=2024-09-07 00:11:41 
jj1 = 739, max_th = 2.244979e+00, time=2024-09-07 00:12:27 
jj1 = 111, max_th = 2.295874e+00, time=2024-09-07 00:13:11 
jj1 = 308, max_th = 1.303886e+00, time=2024-09-07 00:13:22 
jj1 = 607, max_th = 2.265067e+00, time=2024-09-07 00:17:04 
jj1 = 563, max_th = 2.341798e+00, time=2024-09-07 00:17:58 
jj1 = 268, max_th = 1.923466e+00, time=2024-09-07 00:17:58 
jj1 = 562, max_th = 7.377273e-01, time=2024-09-07 00:20:24 
jj1 = 738, max_th = 2.444745e+00, time=2024-09-07 00:20:57 
jj1 = 339, max_th = 2.209612e+00, time=2024-09-07 00:22:04 
jj1 = 548, max_th = 1.927834e+00, time=2024-09-07 00:22:46 
jj1 = 561, max_th = 1.203058e+00, time=2024-09-07 00:24:39 
jj1 = 606, max_th = 2.266701e+00, time=2024-09-07 00:25:45 
jj1 = 510, max_th = 2.014059e+00, time=2024-09-07 00:25:46 
jj1 = 227, max_th = 1.610874e+00, time=2024-09-07 00:26:06 
jj1 = 647, max_th = 1.684371e+00, time=2024-09-07 00:26:57 
jj1 = 338, max_th = 2.977148e+00, time=2024-09-07 00:27:08 
jj1 = 560, max_th = -1.420431e-02, time=2024-09-07 00:28:11 
jj1 = 737, max_th = 1.846809e+00, time=2024-09-07 00:28:56 
jj1 = 605, max_th = 1.291010e+00, time=2024-09-07 00:29:26 
jj1 = 307, max_th = 1.962526e+00, time=2024-09-07 00:29:30 
jj1 = 736, max_th = 5.346574e-01, time=2024-09-07 00:34:31 
jj1 = 180, max_th = 2.286321e+00, time=2024-09-07 00:36:19 
jj1 = 337, max_th = 1.322437e+00, time=2024-09-07 00:36:42 
jj1 = 604, max_th = 4.202725e+00, time=2024-09-07 00:37:15 
jj1 = 110, max_th = 2.024203e+00, time=2024-09-07 00:38:49 
jj1 = 267, max_th = 2.160873e+00, time=2024-09-07 00:39:49 
jj1 = 226, max_th = 1.859063e+00, time=2024-09-07 00:40:58 
jj1 = 306, max_th = 1.805412e+00, time=2024-09-07 00:41:25 
jj1 = 547, max_th = 1.990234e+00, time=2024-09-07 00:43:52 
jj1 = 305, max_th = 5.598611e-01, time=2024-09-07 00:45:34 
jj1 = 179, max_th = 1.489469e+00, time=2024-09-07 00:46:19 
jj1 = 735, max_th = 1.962591e+00, time=2024-09-07 00:48:14 
jj1 = 509, max_th = 2.193297e+00, time=2024-09-07 00:49:48 
jj1 = 559, max_th = 1.947351e+00, time=2024-09-07 00:54:32 
jj1 = 734, max_th = 1.924089e+00, time=2024-09-07 00:56:55 
jj1 = 266, max_th = 2.396493e+00, time=2024-09-07 00:58:09 
jj1 = 225, max_th = 2.190945e+00, time=2024-09-07 00:59:50 
jj1 = 336, max_th = 1.877585e+00, time=2024-09-07 01:01:14 
jj1 = 733, max_th = 3.039808e+00, time=2024-09-07 01:01:55 
jj1 = 508, max_th = 1.488472e+00, time=2024-09-07 01:03:08 
jj1 = 558, max_th = 2.385834e+00, time=2024-09-07 01:04:24 
jj1 = 304, max_th = 1.776324e+00, time=2024-09-07 01:04:57 
jj1 = 109, max_th = 1.684525e+00, time=2024-09-07 01:05:59 
jj1 = 557, max_th = 2.609659e+00, time=2024-09-07 01:07:19 
jj1 = 603, max_th = 1.656938e+00, time=2024-09-07 01:08:51 
jj1 = 265, max_th = 2.115046e+00, time=2024-09-07 01:09:18 
jj1 = 178, max_th = 1.887432e+00, time=2024-09-07 01:09:38 
jj1 = 264, max_th = 7.501411e-01, time=2024-09-07 01:10:24 
jj1 = 263, max_th = 4.369370e-01, time=2024-09-07 01:10:46 
jj1 = 646, max_th = 2.074020e+00, time=2024-09-07 01:11:02 
jj1 = 335, max_th = 2.508312e+00, time=2024-09-07 01:12:39 
jj1 = 507, max_th = 2.691366e+00, time=2024-09-07 01:13:10 
jj1 = 732, max_th = 1.630091e+00, time=2024-09-07 01:13:58 
jj1 = 628, max_th = 2.741554e+00, time=2024-09-07 01:15:22 
jj1 = 303, max_th = 2.613490e+00, time=2024-09-07 01:15:31 
jj1 = 224, max_th = 2.664479e+00, time=2024-09-07 01:15:38 
jj1 = 556, max_th = 1.972537e+00, time=2024-09-07 01:17:11 
jj1 = 602, max_th = 2.350641e+00, time=2024-09-07 01:17:26 
jj1 = 731, max_th = 1.424811e+00, time=2024-09-07 01:21:11 
jj1 = 262, max_th = 2.082502e+00, time=2024-09-07 01:21:30 
jj1 = 730, max_th = 1.337575e+00, time=2024-09-07 01:25:54 
jj1 = 627, max_th = 1.945077e+00, time=2024-09-07 01:25:56 
jj1 = 729, max_th = 3.041765e+00, time=2024-09-07 01:26:51 
jj1 = 108, max_th = 2.172286e+00, time=2024-09-07 01:27:50 
jj1 = 546, max_th = 2.315130e+00, time=2024-09-07 01:28:04 
jj1 = 261, max_th = 2.200069e+00, time=2024-09-07 01:28:19 
jj1 = 645, max_th = 1.619982e+00, time=2024-09-07 01:28:25 
jj1 = 555, max_th = 1.576568e+00, time=2024-09-07 01:31:31 
jj1 = 506, max_th = 1.814065e+00, time=2024-09-07 01:31:41 
jj1 = 778, max_th = 1.385443e+00, time=2024-09-07 01:33:39 
jj1 = 260, max_th = 1.663108e+00, time=2024-09-07 01:35:41 
jj1 = 334, max_th = 1.960563e+00, time=2024-09-07 01:36:23 
jj1 = 302, max_th = 2.219419e+00, time=2024-09-07 01:38:20 
jj1 = 554, max_th = 2.427277e+00, time=2024-09-07 01:38:43 
jj1 = 259, max_th = 1.764284e+00, time=2024-09-07 01:44:16 
jj1 = 601, max_th = 3.157096e+00, time=2024-09-07 01:45:43 
jj1 = 505, max_th = 1.375419e+00, time=2024-09-07 01:46:06 
jj1 = 644, max_th = 1.875119e+00, time=2024-09-07 01:46:46 
jj1 = 777, max_th = 1.745445e+00, time=2024-09-07 01:47:13 
jj1 = 643, max_th = 4.466450e-01, time=2024-09-07 01:47:27 
jj1 = 626, max_th = 2.122675e+00, time=2024-09-07 01:48:19 
jj1 = 107, max_th = 1.969817e+00, time=2024-09-07 01:49:39 
jj1 = 504, max_th = 9.139356e-01, time=2024-09-07 01:49:46 
jj1 = 776, max_th = 4.028395e+00, time=2024-09-07 01:50:02 
jj1 = 625, max_th = 3.130542e+00, time=2024-09-07 01:50:12 
jj1 = 553, max_th = 2.161721e+00, time=2024-09-07 01:50:58 
jj1 = 688, max_th = 2.232224e+00, time=2024-09-07 01:51:26 
jj1 = 545, max_th = 2.151132e+00, time=2024-09-07 01:53:04 
jj1 = 301, max_th = 1.700352e+00, time=2024-09-07 01:57:07 
jj1 = 775, max_th = 2.660374e+00, time=2024-09-07 01:57:09 
jj1 = 258, max_th = 1.720939e+00, time=2024-09-07 01:57:24 
jj1 = 600, max_th = 2.208016e+00, time=2024-09-07 01:58:42 
jj1 = 552, max_th = 1.910862e+00, time=2024-09-07 01:59:45 
jj1 = 642, max_th = 2.618802e+00, time=2024-09-07 02:01:00 
jj1 = 223, max_th = 1.892007e+00, time=2024-09-07 02:01:12 
jj1 = 106, max_th = 2.715131e+00, time=2024-09-07 02:03:12 
jj1 = 257, max_th = 1.515883e+00, time=2024-09-07 02:03:16 
jj1 = 599, max_th = 1.401696e+00, time=2024-09-07 02:04:03 
jj1 = 598, max_th = 1.656371e-03, time=2024-09-07 02:05:10 
jj1 = 551, max_th = 2.250207e+00, time=2024-09-07 02:06:02 
jj1 = 503, max_th = 1.882464e+00, time=2024-09-07 02:06:27 
jj1 = 544, max_th = 1.994075e+00, time=2024-09-07 02:06:52 
jj1 = 687, max_th = 2.641893e+00, time=2024-09-07 02:06:57 
jj1 = 300, max_th = 1.708684e+00, time=2024-09-07 02:07:19 
jj1 = 597, max_th = 1.326296e+00, time=2024-09-07 02:10:59 
jj1 = 624, max_th = 2.025212e+00, time=2024-09-07 02:11:01 
jj1 = 686, max_th = 2.958837e+00, time=2024-09-07 02:11:51 
jj1 = 623, max_th = 2.990745e+00, time=2024-09-07 02:12:47 
jj1 = 256, max_th = 2.266354e+00, time=2024-09-07 02:13:57 
jj1 = 550, max_th = 1.468110e+00, time=2024-09-07 02:14:43 
jj1 = 641, max_th = 1.826863e+00, time=2024-09-07 02:15:31 
jj1 = 622, max_th = 1.298070e+00, time=2024-09-07 02:17:24 
jj1 = 222, max_th = 2.391451e+00, time=2024-09-07 02:18:24 
jj1 = 774, max_th = 2.068769e+00, time=2024-09-07 02:20:54 
jj1 = 596, max_th = 2.233465e+00, time=2024-09-07 02:21:16 
jj1 = 502, max_th = 2.381641e+00, time=2024-09-07 02:21:47 
jj1 = 668, max_th = 1.660153e+00, time=2024-09-07 02:22:24 
jj1 = 543, max_th = 1.709888e+00, time=2024-09-07 02:23:33 
jj1 = 105, max_th = 1.803120e+00, time=2024-09-07 02:24:00 
jj1 = 667, max_th = 9.211663e-01, time=2024-09-07 02:25:05 
jj1 = 773, max_th = 1.328969e+00, time=2024-09-07 02:25:36 
jj1 = 549, max_th = 1.790594e+00, time=2024-09-07 02:26:09 
jj1 = 640, max_th = 1.322283e+00, time=2024-09-07 02:26:20 
jj1 = 299, max_th = 1.779866e+00, time=2024-09-07 02:28:26 
jj1 = 772, max_th = 1.200205e+00, time=2024-09-07 02:28:47 
jj1 = 621, max_th = 1.990665e+00, time=2024-09-07 02:29:39 
jj1 = 501, max_th = 2.633364e+00, time=2024-09-07 02:30:31 
jj1 = 666, max_th = 2.714343e+00, time=2024-09-07 02:31:09 
jj1 = 685, max_th = 1.692807e+00, time=2024-09-07 02:31:55 
jj1 = 620, max_th = 2.934661e+00, time=2024-09-07 02:33:15 
jj1 = 619, max_th = -9.326678e-01, time=2024-09-07 02:34:53 
jj1 = 665, max_th = 2.329502e+00, time=2024-09-07 02:34:59 
jj1 = 542, max_th = 1.464670e+00, time=2024-09-07 02:35:46 
jj1 = 104, max_th = 9.097382e-01, time=2024-09-07 02:35:56 
jj1 = 771, max_th = 2.016172e+00, time=2024-09-07 02:37:01 
jj1 = 788, max_th = 2.183466e+00, time=2024-09-07 02:37:09 
jj1 = 221, max_th = 1.924665e+00, time=2024-09-07 02:39:01 
jj1 = 664, max_th = 2.850939e+00, time=2024-09-07 02:39:10 
jj1 = 639, max_th = 2.463309e+00, time=2024-09-07 02:39:49 
jj1 = 618, max_th = 2.583657e+00, time=2024-09-07 02:42:54 
jj1 = 595, max_th = 1.362766e+00, time=2024-09-07 02:44:57 
jj1 = 663, max_th = 1.394028e+00, time=2024-09-07 02:45:57 
jj1 = 770, max_th = 1.833234e+00, time=2024-09-07 02:46:34 
jj1 = 787, max_th = 2.067798e+00, time=2024-09-07 02:48:14 
jj1 = 638, max_th = 1.386110e+00, time=2024-09-07 02:48:28 
jj1 = 103, max_th = 1.061730e+00, time=2024-09-07 02:48:37 
jj1 = 541, max_th = 4.721305e-01, time=2024-09-07 02:48:53 
jj1 = 220, max_th = 2.026484e+00, time=2024-09-07 02:52:22 
jj1 = 684, max_th = 1.572560e+00, time=2024-09-07 02:52:30 
jj1 = 617, max_th = 2.216427e+00, time=2024-09-07 02:54:09 
jj1 = 298, max_th = 1.843913e+00, time=2024-09-07 02:54:13 
jj1 = 500, max_th = 1.419105e+00, time=2024-09-07 02:55:20 
jj1 = 540, max_th = 2.711322e+00, time=2024-09-07 02:56:07 
jj1 = 662, max_th = 1.584805e+00, time=2024-09-07 02:56:23 
jj1 = 637, max_th = 2.640562e+00, time=2024-09-07 02:56:25 
jj1 = 786, max_th = 1.960119e+00, time=2024-09-07 02:58:16 
jj1 = 499, max_th = 1.355854e+00, time=2024-09-07 02:59:28 
jj1 = 769, max_th = 2.369114e+00, time=2024-09-07 02:59:45 
jj1 = 498, max_th = 1.224019e-01, time=2024-09-07 03:01:33 
jj1 = 594, max_th = 1.957169e+00, time=2024-09-07 03:01:48 
jj1 = 102, max_th = 1.338666e+00, time=2024-09-07 03:02:13 
jj1 = 219, max_th = 1.965901e+00, time=2024-09-07 03:04:34 
jj1 = 101, max_th = 4.098677e+00, time=2024-09-07 03:05:28 
jj1 = 616, max_th = 2.392451e+00, time=2024-09-07 03:05:39 
jj1 = 100, max_th = -7.199547e-01, time=2024-09-07 03:06:01 
jj1 = 661, max_th = 2.363741e+00, time=2024-09-07 03:07:33 
jj1 = 785, max_th = 1.686180e+00, time=2024-09-07 03:08:40 
jj1 = 838, max_th = 2.420964e+00, time=2024-09-07 03:09:50 
jj1 = 593, max_th = 1.675233e+00, time=2024-09-07 03:10:05 
jj1 = 660, max_th = 2.999439e+00, time=2024-09-07 03:10:16 
jj1 = 784, max_th = 8.114836e-01, time=2024-09-07 03:10:25 
jj1 = 297, max_th = 5.507330e-01, time=2024-09-07 03:12:03 
jj1 = 539, max_th = 2.045402e+00, time=2024-09-07 03:12:34 
jj1 = 218, max_th = 2.346633e+00, time=2024-09-07 03:14:32 
jj1 = 636, max_th = 2.126778e+00, time=2024-09-07 03:14:54 
jj1 = 497, max_th = 1.224551e+00, time=2024-09-07 03:17:31 
jj1 = 683, max_th = 1.809783e+00, time=2024-09-07 03:17:45 
jj1 = 659, max_th = 2.326916e+00, time=2024-09-07 03:19:13 
jj1 = 728, max_th = 2.573036e+00, time=2024-09-07 03:19:17 
jj1 = 635, max_th = 3.267306e+00, time=2024-09-07 03:19:19 
jj1 = 783, max_th = 1.958766e+00, time=2024-09-07 03:21:18 
jj1 = 615, max_th = 1.833694e+00, time=2024-09-07 03:21:48 
jj1 = 837, max_th = 1.873717e+00, time=2024-09-07 03:24:23 
jj1 = 217, max_th = 1.946276e+00, time=2024-09-07 03:25:27 
jj1 = 708, max_th = 1.143110e+00, time=2024-09-07 03:25:57 
jj1 = 296, max_th = 2.599775e+00, time=2024-09-07 03:27:13 
jj1 = 836, max_th = 1.299570e+00, time=2024-09-07 03:28:29 
jj1 = 614, max_th = 2.059531e+00, time=2024-09-07 03:29:17 
jj1 = 682, max_th = 2.435915e+00, time=2024-09-07 03:29:45 
jj1 = 592, max_th = 1.341039e+00, time=2024-09-07 03:31:10 
jj1 = 727, max_th = 2.644442e+00, time=2024-09-07 03:31:16 
jj1 = 782, max_th = 2.343717e+00, time=2024-09-07 03:31:31 
jj1 = 658, max_th = 1.634931e+00, time=2024-09-07 03:31:46 
jj1 = 295, max_th = 7.706930e-01, time=2024-09-07 03:33:26 
jj1 = 538, max_th = 2.165517e+00, time=2024-09-07 03:33:33 
jj1 = 496, max_th = 1.617668e+00, time=2024-09-07 03:33:56 
jj1 = 634, max_th = 4.224703e+00, time=2024-09-07 03:35:13 
jj1 = 537, max_th = 7.173907e-01, time=2024-09-07 03:35:53 
jj1 = 657, max_th = 2.542430e+00, time=2024-09-07 03:36:13 
jj1 = 613, max_th = 2.337783e+00, time=2024-09-07 03:36:43 
jj1 = 633, max_th = 2.871215e+00, time=2024-09-07 03:37:03 
jj1 = 591, max_th = 1.950921e+00, time=2024-09-07 03:38:56 
jj1 = 495, max_th = 6.972417e-01, time=2024-09-07 03:39:02 
jj1 = 494, max_th = -1.633767e-03, time=2024-09-07 03:39:27 
jj1 = 768, max_th = 7.119948e-01, time=2024-09-07 03:40:02 
jj1 = 835, max_th = 2.286130e+00, time=2024-09-07 03:40:17 
jj1 = 590, max_th = 3.581873e+00, time=2024-09-07 03:40:24 
jj1 = 493, max_th = 3.540323e+00, time=2024-09-07 03:40:26 
jj1 = 781, max_th = 2.876982e+00, time=2024-09-07 03:42:10 
jj1 = 492, max_th = 2.891693e+00, time=2024-09-07 03:43:56 
jj1 = 834, max_th = 3.292365e+00, time=2024-09-07 03:44:02 
jj1 = 589, max_th = 1.299001e+00, time=2024-09-07 03:44:43 
jj1 = 656, max_th = 1.635381e+00, time=2024-09-07 03:45:50 
jj1 = 612, max_th = 2.152869e+00, time=2024-09-07 03:47:07 
jj1 = 780, max_th = 2.805588e+00, time=2024-09-07 03:47:46 
jj1 = 632, max_th = 2.363368e+00, time=2024-09-07 03:48:05 
jj1 = 536, max_th = 2.585276e+00, time=2024-09-07 03:49:15 
jj1 = 779, max_th = 2.807419e+00, time=2024-09-07 03:50:21 
jj1 = 767, max_th = 1.513835e+00, time=2024-09-07 03:50:37 
jj1 = 798, max_th = 1.030779e+00, time=2024-09-07 03:50:39 
jj1 = 726, max_th = 2.038911e+00, time=2024-09-07 03:52:37 
jj1 = 491, max_th = 2.258151e+00, time=2024-09-07 03:53:05 
jj1 = 833, max_th = 2.137785e+00, time=2024-09-07 03:53:26 
jj1 = 611, max_th = 1.901421e+00, time=2024-09-07 03:55:41 
jj1 = 868, max_th = 1.238256e+00, time=2024-09-07 03:56:20 
jj1 = 610, max_th = 2.740924e+00, time=2024-09-07 03:57:46 
jj1 = 725, max_th = 2.906154e+00, time=2024-09-07 03:59:12 
jj1 = 707, max_th = 2.068607e+00, time=2024-09-07 03:59:54 
jj1 = 797, max_th = 1.539606e+00, time=2024-09-07 04:00:03 
jj1 = 832, max_th = 2.674096e+00, time=2024-09-07 04:01:19 
jj1 = 706, max_th = 1.900114e-01, time=2024-09-07 04:01:46 
jj1 = 724, max_th = 3.063108e+00, time=2024-09-07 04:02:40 
jj1 = 631, max_th = 1.464422e+00, time=2024-09-07 04:03:58 
jj1 = 796, max_th = 1.313893e+00, time=2024-09-07 04:04:43 
jj1 = 535, max_th = 2.379462e+00, time=2024-09-07 04:06:15 
jj1 = 490, max_th = 1.848412e+00, time=2024-09-07 04:07:26 
jj1 = 609, max_th = 2.215519e+00, time=2024-09-07 04:08:06 
jj1 = 831, max_th = 2.052466e+00, time=2024-09-07 04:12:55 
jj1 = 867, max_th = 2.144142e+00, time=2024-09-07 04:17:01 
jj1 = 766, max_th = 1.978940e+00, time=2024-09-07 04:17:41 
jj1 = 534, max_th = 1.800514e+00, time=2024-09-07 04:18:55 
jj1 = 765, max_th = 1.027980e+00, time=2024-09-07 04:21:53 
jj1 = 795, max_th = 1.591355e+00, time=2024-09-07 04:23:22 
jj1 = 723, max_th = 2.091959e+00, time=2024-09-07 04:23:30 
jj1 = 764, max_th = 3.151406e+00, time=2024-09-07 04:23:51 
jj1 = 655, max_th = 1.042071e+00, time=2024-09-07 04:24:18 
jj1 = 630, max_th = 2.355196e+00, time=2024-09-07 04:25:21 
jj1 = 866, max_th = 1.920985e+00, time=2024-09-07 04:26:38 
jj1 = 830, max_th = 2.109547e+00, time=2024-09-07 04:26:42 
jj1 = 865, max_th = 5.487730e-01, time=2024-09-07 04:26:51 
jj1 = 794, max_th = 1.110732e+00, time=2024-09-07 04:27:09 
jj1 = 864, max_th = 3.038734e+00, time=2024-09-07 04:27:52 
jj1 = 828, max_th = 2.425796e+00, time=2024-09-07 04:28:01 
jj1 = 629, max_th = 2.914853e-01, time=2024-09-07 04:29:45 
jj1 = 793, max_th = 5.233163e-01, time=2024-09-07 04:31:21 
jj1 = 681, max_th = 2.026577e+00, time=2024-09-07 04:31:24 
jj1 = 829, max_th = 1.844336e+00, time=2024-09-07 04:32:52 
jj1 = 705, max_th = 2.455551e+00, time=2024-09-07 04:33:11 
jj1 = 722, max_th = 4.030563e+00, time=2024-09-07 04:34:23 
jj1 = 654, max_th = 2.224367e+00, time=2024-09-07 04:35:32 
jj1 = 680, max_th = 1.301962e+00, time=2024-09-07 04:36:24 
jj1 = 792, max_th = 2.873062e+00, time=2024-09-07 04:36:26 
jj1 = 763, max_th = 2.075541e+00, time=2024-09-07 04:38:08 
jj1 = 818, max_th = 1.175553e+00, time=2024-09-07 04:40:05 
jj1 = 653, max_th = 3.572539e-01, time=2024-09-07 04:40:07 
jj1 = 533, max_th = 2.691000e+00, time=2024-09-07 04:40:10 
jj1 = 827, max_th = 2.257900e+00, time=2024-09-07 04:40:16 
jj1 = 791, max_th = 3.034564e+00, time=2024-09-07 04:40:55 
jj1 = 679, max_th = -2.844836e-01, time=2024-09-07 04:42:35 
jj1 = 532, max_th = 2.930351e-01, time=2024-09-07 04:42:37 
jj1 = 878, max_th = 2.002318e+00, time=2024-09-07 04:43:07 
jj1 = 588, max_th = 1.672848e+00, time=2024-09-07 04:45:31 
jj1 = 863, max_th = 2.280455e+00, time=2024-09-07 04:47:10 
jj1 = 704, max_th = 2.609351e+00, time=2024-09-07 04:47:56 
jj1 = 826, max_th = 1.610034e+00, time=2024-09-07 04:48:04 
jj1 = 531, max_th = 1.423775e+00, time=2024-09-07 04:48:41 
jj1 = 862, max_th = 1.017326e+00, time=2024-09-07 04:50:12 
jj1 = 762, max_th = 1.857777e+00, time=2024-09-07 04:51:10 
jj1 = 817, max_th = 1.537081e+00, time=2024-09-07 04:51:51 
jj1 = 877, max_th = 2.446730e+00, time=2024-09-07 04:52:21 
jj1 = 678, max_th = 1.942956e+00, time=2024-09-07 04:53:41 
jj1 = 790, max_th = 1.736203e+00, time=2024-09-07 04:53:59 
jj1 = 721, max_th = 1.617830e+00, time=2024-09-07 04:55:56 
jj1 = 861, max_th = 1.606586e+00, time=2024-09-07 04:56:58 
jj1 = 652, max_th = 1.743981e+00, time=2024-09-07 04:57:01 
jj1 = 530, max_th = 2.657993e+00, time=2024-09-07 04:58:29 
jj1 = 587, max_th = 2.221962e+00, time=2024-09-07 04:59:01 
jj1 = 761, max_th = 2.395404e+00, time=2024-09-07 04:59:54 
jj1 = 677, max_th = 2.988181e+00, time=2024-09-07 05:00:26 
jj1 = 876, max_th = 1.409423e+00, time=2024-09-07 05:00:50 
jj1 = 789, max_th = 2.110361e+00, time=2024-09-07 05:03:55 
jj1 = 720, max_th = 2.134026e+00, time=2024-09-07 05:05:30 
jj1 = 676, max_th = 2.202789e+00, time=2024-09-07 05:06:07 
jj1 = 760, max_th = 2.154975e+00, time=2024-09-07 05:07:26 
jj1 = 903, max_th = 1.336611e+00, time=2024-09-07 05:07:26 
jj1 = 860, max_th = 2.093092e+00, time=2024-09-07 05:08:16 
jj1 = 875, max_th = 2.486790e+00, time=2024-09-07 05:08:32 
jj1 = 529, max_th = 1.775311e+00, time=2024-09-07 05:09:00 
jj1 = 825, max_th = 1.908075e+00, time=2024-09-07 05:09:34 
jj1 = 703, max_th = 2.424774e+00, time=2024-09-07 05:09:46 
jj1 = 759, max_th = 2.869023e+00, time=2024-09-07 05:09:58 
jj1 = 859, max_th = 6.241879e-01, time=2024-09-07 05:10:11 
jj1 = 586, max_th = 2.135883e+00, time=2024-09-07 05:13:07 
jj1 = 824, max_th = -8.614290e-02, time=2024-09-07 05:13:11 
jj1 = 808, max_th = 8.664322e-01, time=2024-09-07 05:13:38 
jj1 = 651, max_th = 2.036932e+00, time=2024-09-07 05:14:02 
jj1 = 908, max_th = 1.186205e+00, time=2024-09-07 05:14:25 
jj1 = 675, max_th = 1.896199e+00, time=2024-09-07 05:15:07 
jj1 = 719, max_th = 1.839668e+00, time=2024-09-07 05:15:26 
jj1 = 874, max_th = 1.451435e+00, time=2024-09-07 05:17:05 
jj1 = 702, max_th = 2.289742e+00, time=2024-09-07 05:17:31 
jj1 = 650, max_th = 3.771192e+00, time=2024-09-07 05:18:40 
jj1 = 758, max_th = 2.349641e+00, time=2024-09-07 05:19:02 
jj1 = 674, max_th = 1.036955e+00, time=2024-09-07 05:19:23 
jj1 = 816, max_th = 1.524172e+00, time=2024-09-07 05:19:40 
jj1 = 902, max_th = 1.378132e+00, time=2024-09-07 05:19:41 
jj1 = 718, max_th = 1.578338e+00, time=2024-09-07 05:23:11 
jj1 = 907, max_th = 1.512870e+00, time=2024-09-07 05:23:31 
jj1 = 585, max_th = 1.428140e+00, time=2024-09-07 05:28:26 
jj1 = 815, max_th = 1.661824e+00, time=2024-09-07 05:28:33 
jj1 = 649, max_th = 1.857336e+00, time=2024-09-07 05:29:02 
jj1 = 673, max_th = 2.244051e+00, time=2024-09-07 05:29:32 
jj1 = 757, max_th = 2.239036e+00, time=2024-09-07 05:29:55 
jj1 = 901, max_th = 1.326397e+00, time=2024-09-07 05:29:58 
jj1 = 873, max_th = 1.869864e+00, time=2024-09-07 05:30:44 
jj1 = 823, max_th = 2.008030e+00, time=2024-09-07 05:31:07 
jj1 = 872, max_th = 7.817998e-01, time=2024-09-07 05:32:08 
jj1 = 807, max_th = 1.905544e+00, time=2024-09-07 05:32:17 
jj1 = 717, max_th = 2.211750e+00, time=2024-09-07 05:32:32 
jj1 = 871, max_th = 4.169453e+00, time=2024-09-07 05:32:57 
jj1 = 756, max_th = 4.261524e-01, time=2024-09-07 05:33:29 
jj1 = 822, max_th = 2.402227e+00, time=2024-09-07 05:33:52 
jj1 = 906, max_th = 1.966529e+00, time=2024-09-07 05:34:25 
jj1 = 900, max_th = 2.300107e+00, time=2024-09-07 05:35:13 
jj1 = 672, max_th = 2.890533e+00, time=2024-09-07 05:36:26 
jj1 = 858, max_th = 1.899101e+00, time=2024-09-07 05:37:13 
jj1 = 814, max_th = 2.157373e+00, time=2024-09-07 05:37:28 
jj1 = 584, max_th = 1.833301e+00, time=2024-09-07 05:38:31 
jj1 = 870, max_th = 1.517780e+00, time=2024-09-07 05:39:07 
jj1 = 905, max_th = 1.649851e+00, time=2024-09-07 05:39:54 
jj1 = 701, max_th = 2.241901e+00, time=2024-09-07 05:40:24 
jj1 = 899, max_th = 4.206145e+00, time=2024-09-07 05:40:54 
jj1 = 755, max_th = 1.863238e+00, time=2024-09-07 05:41:06 
jj1 = 806, max_th = 1.962278e+00, time=2024-09-07 05:43:29 
jj1 = 671, max_th = 1.688356e+00, time=2024-09-07 05:44:04 
jj1 = 857, max_th = 2.847006e+00, time=2024-09-07 05:44:07 
jj1 = 805, max_th = 3.268206e+00, time=2024-09-07 05:44:07 
jj1 = 856, max_th = 3.282436e+00, time=2024-09-07 05:44:47 
jj1 = 716, max_th = 1.840155e+00, time=2024-09-07 05:46:21 
jj1 = 869, max_th = 2.009161e+00, time=2024-09-07 05:46:29 
jj1 = 583, max_th = 2.103287e+00, time=2024-09-07 05:46:35 
jj1 = 928, max_th = 3.093087e+00, time=2024-09-07 05:46:50 
jj1 = 821, max_th = 2.340239e+00, time=2024-09-07 05:49:15 
jj1 = 804, max_th = 2.325300e+00, time=2024-09-07 05:50:21 
jj1 = 700, max_th = 2.064309e+00, time=2024-09-07 05:50:23 
jj1 = 582, max_th = 2.208853e+00, time=2024-09-07 05:50:29 
jj1 = 754, max_th = 2.154613e+00, time=2024-09-07 05:51:09 
jj1 = 715, max_th = 3.271819e+00, time=2024-09-07 05:51:40 
jj1 = 670, max_th = 2.055919e+00, time=2024-09-07 05:51:42 
jj1 = 581, max_th = 2.829388e+00, time=2024-09-07 05:53:04 
jj1 = 933, max_th = 2.363407e+00, time=2024-09-07 05:53:10 
jj1 = 855, max_th = 1.330088e+00, time=2024-09-07 05:53:13 
jj1 = 904, max_th = 2.179604e+00, time=2024-09-07 05:54:22 
jj1 = 927, max_th = 8.199054e-01, time=2024-09-07 05:54:26 
jj1 = 943, max_th = 2.949584e+00, time=2024-09-07 05:55:15 
jj1 = 820, max_th = 2.141274e+00, time=2024-09-07 05:55:44 
jj1 = 714, max_th = 1.453915e+00, time=2024-09-07 05:58:52 
jj1 = 803, max_th = 1.845438e+00, time=2024-09-07 05:58:54 
jj1 = 753, max_th = 2.571576e+00, time=2024-09-07 05:59:15 
jj1 = 813, max_th = 2.796659e+00, time=2024-09-07 05:59:35 
jj1 = 926, max_th = 1.308578e+00, time=2024-09-07 06:00:08 
jj1 = 699, max_th = 1.289036e+00, time=2024-09-07 06:02:27 
jj1 = 854, max_th = 1.889993e+00, time=2024-09-07 06:02:43 
jj1 = 942, max_th = 2.131961e+00, time=2024-09-07 06:03:46 
jj1 = 932, max_th = 2.070605e+00, time=2024-09-07 06:04:46 
jj1 = 925, max_th = 2.542504e+00, time=2024-09-07 06:05:20 
jj1 = 580, max_th = 2.328585e+00, time=2024-09-07 06:06:11 
jj1 = 752, max_th = 1.375712e+00, time=2024-09-07 06:06:45 
jj1 = 802, max_th = 2.094173e+00, time=2024-09-07 06:06:47 
jj1 = 812, max_th = 2.121888e+00, time=2024-09-07 06:07:56 
jj1 = 941, max_th = 1.442175e+00, time=2024-09-07 06:07:59 
jj1 = 669, max_th = 2.361752e+00, time=2024-09-07 06:08:24 
jj1 = 819, max_th = 2.040585e+00, time=2024-09-07 06:09:29 
jj1 = 713, max_th = 1.947801e+00, time=2024-09-07 06:09:31 
jj1 = 853, max_th = 1.728765e+00, time=2024-09-07 06:09:33 
jj1 = 931, max_th = 1.654372e+00, time=2024-09-07 06:10:10 
jj1 = 918, max_th = 9.491427e-01, time=2024-09-07 06:10:33 
jj1 = 811, max_th = 4.475179e-01, time=2024-09-07 06:10:49 
jj1 = 801, max_th = 2.694223e+00, time=2024-09-07 06:11:05 
jj1 = 940, max_th = 2.722642e+00, time=2024-09-07 06:11:27 
jj1 = 712, max_th = 3.024537e+00, time=2024-09-07 06:12:17 
jj1 = 939, max_th = 1.176871e+00, time=2024-09-07 06:12:33 
jj1 = 852, max_th = 1.457551e+00, time=2024-09-07 06:13:02 
jj1 = 848, max_th = 2.775642e+00, time=2024-09-07 06:13:42 
jj1 = 924, max_th = 1.868071e+00, time=2024-09-07 06:13:56 
jj1 = 751, max_th = 2.016469e+00, time=2024-09-07 06:14:01 
jj1 = 579, max_th = 1.634153e+00, time=2024-09-07 06:14:35 
jj1 = 750, max_th = 1.028401e+00, time=2024-09-07 06:15:37 
jj1 = 698, max_th = 2.279431e+00, time=2024-09-07 06:15:48 
jj1 = 578, max_th = 1.323133e+00, time=2024-09-07 06:16:03 
jj1 = 800, max_th = 1.443291e+00, time=2024-09-07 06:16:16 
jj1 = 930, max_th = 2.367126e+00, time=2024-09-07 06:16:18 
jj1 = 810, max_th = 2.026911e+00, time=2024-09-07 06:16:28 
jj1 = 917, max_th = 2.157148e+00, time=2024-09-07 06:19:37 
jj1 = 960, max_th = 1.540850e+00, time=2024-09-07 06:20:37 
jj1 = 959, max_th = 7.432020e-01, time=2024-09-07 06:21:01 
jj1 = 697, max_th = 1.706669e+00, time=2024-09-07 06:21:23 
jj1 = 851, max_th = 2.066305e+00, time=2024-09-07 06:22:05 
jj1 = 847, max_th = 1.793887e+00, time=2024-09-07 06:22:17 
jj1 = 809, max_th = 2.392212e+00, time=2024-09-07 06:22:44 
jj1 = 846, max_th = 2.937387e-01, time=2024-09-07 06:22:56 
jj1 = 956, max_th = 1.723629e+00, time=2024-09-07 06:23:05 
jj1 = 958, max_th = 1.209691e+00, time=2024-09-07 06:23:17 
jj1 = 850, max_th = 1.190285e+00, time=2024-09-07 06:25:03 
jj1 = 929, max_th = 1.706500e+00, time=2024-09-07 06:25:53 
jj1 = 799, max_th = 1.785102e+00, time=2024-09-07 06:26:45 
jj1 = 577, max_th = 2.106780e+00, time=2024-09-07 06:27:02 
jj1 = 952, max_th = 9.799671e-02, time=2024-09-07 06:27:27 
jj1 = 916, max_th = 1.576263e+00, time=2024-09-07 06:27:31 
jj1 = 845, max_th = 2.905161e+00, time=2024-09-07 06:28:00 
jj1 = 938, max_th = 7.133106e-01, time=2024-09-07 06:28:10 
jj1 = 849, max_th = 2.474389e+00, time=2024-09-07 06:29:45 
jj1 = 696, max_th = 2.326140e+00, time=2024-09-07 06:30:12 
jj1 = 937, max_th = 2.610516e+00, time=2024-09-07 06:30:42 
jj1 = 711, max_th = 1.256334e+00, time=2024-09-07 06:30:52 
jj1 = 695, max_th = 1.428214e+00, time=2024-09-07 06:33:03 
jj1 = 936, max_th = 1.609216e+00, time=2024-09-07 06:33:30 
jj1 = 576, max_th = 2.055271e+00, time=2024-09-07 06:33:37 
jj1 = 844, max_th = 1.699475e+00, time=2024-09-07 06:34:57 
jj1 = 915, max_th = 2.134853e+00, time=2024-09-07 06:35:02 
jj1 = 749, max_th = 2.242010e+00, time=2024-09-07 06:35:33 
jj1 = 957, max_th = 2.186635e+00, time=2024-09-07 06:35:54 
jj1 = 955, max_th = 1.424578e+00, time=2024-09-07 06:36:09 
jj1 = 951, max_th = 1.824485e+00, time=2024-09-07 06:36:45 
jj1 = 694, max_th = 2.533582e+00, time=2024-09-07 06:37:54 
jj1 = 948, max_th = 1.168650e+00, time=2024-09-07 06:38:44 
jj1 = 935, max_th = 1.706534e+00, time=2024-09-07 06:38:54 
jj1 = 954, max_th = 2.691287e+00, time=2024-09-07 06:39:17 
jj1 = 710, max_th = 1.935703e+00, time=2024-09-07 06:39:19 
jj1 = 923, max_th = 1.720506e+00, time=2024-09-07 06:40:15 
jj1 = 950, max_th = 2.591669e+00, time=2024-09-07 06:41:11 
jj1 = 898, max_th = 2.266181e+00, time=2024-09-07 06:42:34 
jj1 = 947, max_th = 1.602063e+00, time=2024-09-07 06:44:13 
jj1 = 843, max_th = 1.922266e+00, time=2024-09-07 06:45:25 
jj1 = 709, max_th = 2.301435e+00, time=2024-09-07 06:45:34 
jj1 = 934, max_th = 1.750978e+00, time=2024-09-07 06:45:40 
jj1 = 972, max_th = 2.397419e+00, time=2024-09-07 06:46:53 
jj1 = 953, max_th = 1.858182e+00, time=2024-09-07 06:47:12 
jj1 = 914, max_th = 2.220300e+00, time=2024-09-07 06:47:22 
jj1 = 842, max_th = 1.066974e+00, time=2024-09-07 06:47:25 
jj1 = 693, max_th = 1.941743e+00, time=2024-09-07 06:47:34 
jj1 = 897, max_th = 2.505183e+00, time=2024-09-07 06:49:45 
jj1 = 888, max_th = 2.381513e+00, time=2024-09-07 06:51:22 
jj1 = 946, max_th = 2.090450e+00, time=2024-09-07 06:51:32 
jj1 = 692, max_th = 1.468657e+00, time=2024-09-07 06:52:00 
jj1 = 968, max_th = 2.366896e+00, time=2024-09-07 06:53:15 
jj1 = 887, max_th = 2.872154e+00, time=2024-09-07 06:53:32 
jj1 = 896, max_th = 1.552705e+00, time=2024-09-07 06:54:34 
jj1 = 971, max_th = 2.244122e+00, time=2024-09-07 06:54:57 
jj1 = 575, max_th = 2.410977e+00, time=2024-09-07 06:55:00 
jj1 = 922, max_th = 1.905512e+00, time=2024-09-07 06:55:10 
jj1 = 988, max_th = 1.720915e+00, time=2024-09-07 06:55:59 
jj1 = 987, max_th = 4.509800e+00, time=2024-09-07 06:56:38 
jj1 = 949, max_th = 1.968421e+00, time=2024-09-07 06:57:00 
jj1 = 945, max_th = 2.104973e+00, time=2024-09-07 06:57:07 
jj1 = 967, max_th = 2.229482e+00, time=2024-09-07 06:59:09 
jj1 = 976, max_th = 2.042675e+00, time=2024-09-07 06:59:13 
jj1 = 966, max_th = 1.049618e+00, time=2024-09-07 07:01:23 
jj1 = 895, max_th = 1.729039e+00, time=2024-09-07 07:01:24 
jj1 = 894, max_th = 3.110954e+00, time=2024-09-07 07:02:00 
jj1 = 975, max_th = 1.339493e+00, time=2024-09-07 07:02:44 
jj1 = 574, max_th = 2.347296e+00, time=2024-09-07 07:02:44 
jj1 = 691, max_th = 2.054573e+00, time=2024-09-07 07:02:45 
jj1 = 841, max_th = 1.612977e+00, time=2024-09-07 07:03:35 
jj1 = 886, max_th = 1.580343e+00, time=2024-09-07 07:03:49 
jj1 = 921, max_th = 1.780494e+00, time=2024-09-07 07:04:19 
jj1 = 986, max_th = 1.742626e+00, time=2024-09-07 07:04:20 
jj1 = 984, max_th = 2.185527e+00, time=2024-09-07 07:04:28 
jj1 = 985, max_th = 5.973348e-01, time=2024-09-07 07:05:29 
jj1 = 983, max_th = 4.149319e-01, time=2024-09-07 07:05:34 
jj1 = 974, max_th = 1.277819e+00, time=2024-09-07 07:06:11 
jj1 = 944, max_th = 1.672891e+00, time=2024-09-07 07:06:30 
jj1 = 920, max_th = 8.589321e-01, time=2024-09-07 07:07:04 
jj1 = 573, max_th = 2.408074e+00, time=2024-09-07 07:07:57 
jj1 = 965, max_th = 1.770464e+00, time=2024-09-07 07:08:21 
jj1 = 840, max_th = 2.726626e+00, time=2024-09-07 07:08:55 
jj1 = 982, max_th = 1.504721e+00, time=2024-09-07 07:09:34 
jj1 = 690, max_th = 1.834642e+00, time=2024-09-07 07:10:14 
jj1 = 919, max_th = 1.385231e+00, time=2024-09-07 07:10:24 
jj1 = 973, max_th = 2.389246e+00, time=2024-09-07 07:10:26 
jj1 = 999, max_th = 1.750957e+00, time=2024-09-07 07:10:45 
jj1 = 996, max_th = 1.342199e+00, time=2024-09-07 07:11:49 
jj1 = 572, max_th = 1.768220e+00, time=2024-09-07 07:12:33 
jj1 = 995, max_th = 3.085130e+00, time=2024-09-07 07:13:01 
jj1 = 981, max_th = 1.914251e+00, time=2024-09-07 07:15:05 
jj1 = 885, max_th = 2.029864e+00, time=2024-09-07 07:16:03 
jj1 = 980, max_th = 1.385332e+00, time=2024-09-07 07:16:15 
jj1 = 839, max_th = 1.978427e+00, time=2024-09-07 07:16:16 
jj1 = 571, max_th = 2.789181e+00, time=2024-09-07 07:16:42 
jj1 = 1000, max_th = 1.735327e+00, time=2024-09-07 07:17:02 
jj1 = 979, max_th = -1.257893e+00, time=2024-09-07 07:17:05 
jj1 = 689, max_th = 2.114785e+00, time=2024-09-07 07:19:19 
jj1 = 994, max_th = 1.633180e+00, time=2024-09-07 07:19:37 
jj1 = 970, max_th = 1.280418e+00, time=2024-09-07 07:19:48 
jj1 = 884, max_th = 1.592827e+00, time=2024-09-07 07:20:28 
jj1 = 570, max_th = 2.377208e+00, time=2024-09-07 07:21:18 
jj1 = 893, max_th = 2.725976e+00, time=2024-09-07 07:21:31 
jj1 = 964, max_th = 2.519804e+00, time=2024-09-07 07:21:45 
jj1 = 569, max_th = 2.916370e+00, time=2024-09-07 07:23:08 
jj1 = 892, max_th = 8.187860e-02, time=2024-09-07 07:23:15 
jj1 = 963, max_th = 2.981778e+00, time=2024-09-07 07:24:08 
jj1 = 883, max_th = 2.247468e+00, time=2024-09-07 07:25:21 
jj1 = 993, max_th = 2.018851e+00, time=2024-09-07 07:26:07 
jj1 = 969, max_th = 1.469545e+00, time=2024-09-07 07:26:10 
jj1 = 978, max_th = 1.819808e+00, time=2024-09-07 07:26:29 
jj1 = 962, max_th = 1.562391e+00, time=2024-09-07 07:28:28 
jj1 = 992, max_th = 1.725044e+00, time=2024-09-07 07:29:09 
jj1 = 997, max_th = 2.613692e+00, time=2024-09-07 07:30:07 
jj1 = 891, max_th = 1.533682e+00, time=2024-09-07 07:30:49 
jj1 = 913, max_th = 1.965876e+00, time=2024-09-07 07:30:55 
jj1 = 890, max_th = 8.517923e-01, time=2024-09-07 07:31:19 
jj1 = 977, max_th = 1.906121e+00, time=2024-09-07 07:32:23 
jj1 = 882, max_th = 2.036989e+00, time=2024-09-07 07:33:52 
jj1 = 991, max_th = 1.880746e+00, time=2024-09-07 07:34:50 
jj1 = 961, max_th = 1.803976e+00, time=2024-09-07 07:35:04 
jj1 = 912, max_th = 1.850833e+00, time=2024-09-07 07:35:40 
jj1 = 881, max_th = 1.558443e+00, time=2024-09-07 07:38:57 
jj1 = 889, max_th = 1.912748e+00, time=2024-09-07 07:39:02 
jj1 = 880, max_th = 2.613707e+00, time=2024-09-07 07:42:54 
jj1 = 911, max_th = 2.135123e+00, time=2024-09-07 07:44:27 
jj1 = 990, max_th = 3.278393e+00, time=2024-09-07 07:45:15 
jj1 = 989, max_th = 1.158558e+00, time=2024-09-07 07:47:32 
jj1 = 879, max_th = 1.570042e+00, time=2024-09-07 07:49:39 
jj1 = 910, max_th = 2.121366e+00, time=2024-09-07 07:53:25 
jj1 = 998, max_th = 1.769220e+00, time=2024-09-07 07:58:06 
jj1 = 909, max_th = 1.992240e+00, time=2024-09-07 07:59:12 
>> >> >> >> >> >> >> >> 