MATLAB is selecting SOFTWARE OPENGL rendering.

                            < M A T L A B (R) >
                  Copyright 1984-2021 The MathWorks, Inc.
                  R2021b (9.11.0.1769968) 64-bit (glnxa64)
                             September 17, 2021

 
To get started, type doc.
For product information, visit www.mathworks.com.
 
>> >> >> >> >> >> >> >> >> >> >> >> >> >> >> >> >> >> >> >> >> >> >> >> >> >> Starting parallel pool (parpool) using the 'local' profile ...
[Warning: A task was unexpectedly found in state: Unavailable.] 
[> In parallel.cluster.Local/deriveJobStateFromTasks (line 29)
In parallel.cluster/Local/getJobState (line 174)
In parallel.cluster/CJSCluster/hGetJobState (line 375)
In parallel.internal.cluster/CJSJobMixin/hGetStateEnum (line 175)
In parallel/Job/get.StateEnum (line 247)
In parallel/Job/get.State (line 239)
In parallel.internal.customattr.CustomGetSet>iVectorisedGetHelper (line 128)
In parallel.internal.customattr.CustomGetSet>@(a,b,c)iVectorisedGetHelper(obj,a,b,c) (line 102)
In parallel.internal.customattr/CustomGetSet/doVectorisedGet (line 103)
In parallel.internal.customattr/CustomGetSet/hVectorisedGet (line 76)
In parallel.internal.customattr.GetSetImpl>iAccessProperties (line 322)
In parallel.internal.customattr.GetSetImpl>iGetAllPropertiesVec (line 264)
In parallel.internal.customattr/GetSetImpl/getImpl (line 133)
In parallel.internal.customattr.CustomGetSet>iHetFunGetFunction (line 154)
In parallel.internal.customattr.CustomGetSet>@(o)iHetFunGetFunction(o,props) (line 139)
In parallel.internal.cluster.hetfun (line 46)
In parallel.internal.customattr.CustomGetSet>iHetFunGetProperty (line 139)
In parallel.internal.customattr/CustomGetSet/get (line 38)
In parallel.internal.pool/AbstractInteractiveClient/pRemoveOldJobs (line 211)
In parallel.internal.pool/AbstractInteractiveClient/start (line 103)
In parallel.internal.pool.AbstractClusterPool>iStartClient (line 831)
In parallel.internal.pool/AbstractClusterPool/hBuildPool (line 585)
In parallel.internal.pool.doParpool (line 22)
In parpool (line 123)
In parallel.internal.parpool.getOrCreateCurrentPool (line 17)
In parallel.internal.pool/PoolArrayManager/getOrAutoCreateWithCleanup (line 44)
In pctTryCreatePoolIfNecessary (line 28)
In parallel_function (line 423)] 
Connected to the parallel pool (number of workers: 12).
jj1 = 20, max_th = 1.235685e+00, time=2025-04-10 19:57:56 
jj1 = 60, max_th = 2.415719e+00, time=2025-04-10 20:03:08 
jj1 = 55, max_th = 2.636745e+00, time=2025-04-10 20:04:03 
jj1 = 19, max_th = 2.603696e+00, time=2025-04-10 20:08:02 
jj1 = 25, max_th = 1.568454e+00, time=2025-04-10 20:12:36 
jj1 = 50, max_th = 2.007307e+00, time=2025-04-10 20:13:27 
jj1 = 15, max_th = 1.767294e+00, time=2025-04-10 20:13:37 
jj1 = 45, max_th = 1.808989e+00, time=2025-04-10 20:13:41 
jj1 = 30, max_th = 2.203556e+00, time=2025-04-10 20:13:57 
jj1 = 35, max_th = 2.012317e+00, time=2025-04-10 20:15:15 
jj1 = 10, max_th = 1.928077e+00, time=2025-04-10 20:15:52 
jj1 = 54, max_th = 1.446766e+00, time=2025-04-10 20:17:36 
jj1 = 5, max_th = 1.767434e+00, time=2025-04-10 20:17:59 
jj1 = 29, max_th = 1.055417e+00, time=2025-04-10 20:19:08 
jj1 = 40, max_th = 2.077073e+00, time=2025-04-10 20:20:48 
jj1 = 24, max_th = 6.874413e-01, time=2025-04-10 20:22:52 
jj1 = 59, max_th = 1.907534e+00, time=2025-04-10 20:26:41 
jj1 = 18, max_th = 1.811111e+00, time=2025-04-10 20:31:49 
jj1 = 9, max_th = 1.894822e+00, time=2025-04-10 20:34:48 
jj1 = 39, max_th = 1.537669e+00, time=2025-04-10 20:35:37 
jj1 = 17, max_th = 3.779604e+00, time=2025-04-10 20:35:43 
jj1 = 49, max_th = 1.786275e+00, time=2025-04-10 20:36:38 
jj1 = 34, max_th = 1.723791e+00, time=2025-04-10 20:37:40 
jj1 = 14, max_th = 2.208793e+00, time=2025-04-10 20:38:28 
jj1 = 53, max_th = 2.309495e+00, time=2025-04-10 20:38:32 
jj1 = 4, max_th = 1.709339e+00, time=2025-04-10 20:40:04 
jj1 = 23, max_th = 2.507707e+00, time=2025-04-10 20:40:32 
jj1 = 22, max_th = 8.284791e-01, time=2025-04-10 20:43:01 
jj1 = 28, max_th = 2.141890e+00, time=2025-04-10 20:46:42 
jj1 = 27, max_th = 4.425823e-01, time=2025-04-10 20:47:09 
jj1 = 58, max_th = 2.190531e+00, time=2025-04-10 20:49:07 
jj1 = 52, max_th = 1.448096e+00, time=2025-04-10 20:50:29 
jj1 = 44, max_th = 2.319065e+00, time=2025-04-10 20:50:39 
jj1 = 16, max_th = 2.341926e+00, time=2025-04-10 20:52:38 
jj1 = 13, max_th = 1.222301e+00, time=2025-04-10 20:52:44 
jj1 = 3, max_th = 1.609181e+00, time=2025-04-10 20:54:04 
jj1 = 2, max_th = 5.607770e-01, time=2025-04-10 20:55:18 
jj1 = 38, max_th = 1.860013e+00, time=2025-04-10 20:56:58 
jj1 = 26, max_th = 1.396079e+00, time=2025-04-10 20:57:46 
jj1 = 48, max_th = 2.130149e+00, time=2025-04-10 20:59:00 
jj1 = 8, max_th = 1.738672e+00, time=2025-04-10 20:59:50 
jj1 = 33, max_th = 2.023927e+00, time=2025-04-10 21:02:40 
jj1 = 51, max_th = 2.810807e+00, time=2025-04-10 21:03:00 
jj1 = 37, max_th = 8.703103e-01, time=2025-04-10 21:04:37 
jj1 = 21, max_th = 1.414476e+00, time=2025-04-10 21:04:39 
jj1 = 47, max_th = 2.720165e+00, time=2025-04-10 21:04:40 
jj1 = 32, max_th = 1.290783e+00, time=2025-04-10 21:07:15 
jj1 = 216, max_th = 2.422358e+00, time=2025-04-10 21:08:31 
jj1 = 1, max_th = 1.545555e+00, time=2025-04-10 21:09:05 
jj1 = 255, max_th = 3.072213e+00, time=2025-04-10 21:09:11 
jj1 = 57, max_th = 1.835034e+00, time=2025-04-10 21:10:41 
jj1 = 43, max_th = 2.148877e+00, time=2025-04-10 21:10:43 
jj1 = 254, max_th = 9.247130e-01, time=2025-04-10 21:12:47 
jj1 = 12, max_th = 1.468867e+00, time=2025-04-10 21:13:29 
jj1 = 294, max_th = 1.761199e+00, time=2025-04-10 21:20:25 
jj1 = 7, max_th = 1.882156e+00, time=2025-04-10 21:24:17 
jj1 = 489, max_th = 1.801303e+00, time=2025-04-10 21:24:42 
jj1 = 253, max_th = 2.409287e+00, time=2025-04-10 21:30:17 
jj1 = 99, max_th = 1.615223e+00, time=2025-04-10 21:30:54 
jj1 = 46, max_th = 1.782572e+00, time=2025-04-10 21:31:08 
jj1 = 215, max_th = 1.817344e+00, time=2025-04-10 21:31:12 
jj1 = 31, max_th = 2.057545e+00, time=2025-04-10 21:32:08 
jj1 = 36, max_th = 1.993960e+00, time=2025-04-10 21:32:56 
jj1 = 56, max_th = 2.043630e+00, time=2025-04-10 21:36:21 
jj1 = 6, max_th = 1.504644e+00, time=2025-04-10 21:37:30 
jj1 = 450, max_th = 1.165333e+00, time=2025-04-10 21:38:30 
jj1 = 372, max_th = 2.877738e+00, time=2025-04-10 21:38:53 
jj1 = 214, max_th = 2.295026e+00, time=2025-04-10 21:42:46 
jj1 = 42, max_th = 2.736975e+00, time=2025-04-10 21:42:53 
jj1 = 11, max_th = 2.222644e+00, time=2025-04-10 21:43:10 
jj1 = 293, max_th = 2.326642e+00, time=2025-04-10 21:43:52 
jj1 = 138, max_th = 2.349837e+00, time=2025-04-10 21:47:34 
jj1 = 449, max_th = 1.136259e+00, time=2025-04-10 21:47:58 
jj1 = 371, max_th = 1.113477e+00, time=2025-04-10 21:48:31 
jj1 = 98, max_th = 1.647765e+00, time=2025-04-10 21:49:56 
jj1 = 252, max_th = 2.347176e+00, time=2025-04-10 21:50:13 
jj1 = 370, max_th = 9.033816e-01, time=2025-04-10 21:53:30 
jj1 = 488, max_th = 1.798205e+00, time=2025-04-10 21:53:57 
jj1 = 333, max_th = 1.510397e+00, time=2025-04-10 21:54:37 
jj1 = 177, max_th = 1.294410e+00, time=2025-04-10 21:56:48 
jj1 = 528, max_th = 1.816050e+00, time=2025-04-10 22:00:52 
jj1 = 448, max_th = 1.568569e+00, time=2025-04-10 22:01:03 
jj1 = 213, max_th = 1.415410e+00, time=2025-04-10 22:02:03 
jj1 = 41, max_th = 2.045182e+00, time=2025-04-10 22:02:51 
jj1 = 292, max_th = 1.501768e+00, time=2025-04-10 22:03:00 
jj1 = 137, max_th = 1.948366e+00, time=2025-04-10 22:03:13 
jj1 = 369, max_th = 1.460864e+00, time=2025-04-10 22:07:04 
jj1 = 447, max_th = 2.518988e-01, time=2025-04-10 22:08:34 
jj1 = 97, max_th = 2.117870e+00, time=2025-04-10 22:11:15 
jj1 = 446, max_th = 2.845318e+00, time=2025-04-10 22:15:20 
jj1 = 445, max_th = 3.010264e+00, time=2025-04-10 22:16:05 
jj1 = 251, max_th = 2.029342e+00, time=2025-04-10 22:17:24 
jj1 = 291, max_th = 1.439795e+00, time=2025-04-10 22:17:26 
jj1 = 411, max_th = 1.567553e+00, time=2025-04-10 22:18:04 
jj1 = 176, max_th = 1.715107e+00, time=2025-04-10 22:18:38 
jj1 = 487, max_th = 2.176307e+00, time=2025-04-10 22:19:38 
jj1 = 527, max_th = 2.135118e+00, time=2025-04-10 22:22:07 
jj1 = 332, max_th = 2.040951e+00, time=2025-04-10 22:23:17 
jj1 = 136, max_th = 1.986086e+00, time=2025-04-10 22:24:47 
jj1 = 250, max_th = 2.679215e+00, time=2025-04-10 22:25:09 
jj1 = 212, max_th = 2.032716e+00, time=2025-04-10 22:31:11 
jj1 = 368, max_th = 1.932778e+00, time=2025-04-10 22:32:43 
jj1 = 410, max_th = 2.485649e+00, time=2025-04-10 22:33:29 
jj1 = 444, max_th = 2.253635e+00, time=2025-04-10 22:33:48 
jj1 = 331, max_th = 2.660917e+00, time=2025-04-10 22:35:26 
jj1 = 290, max_th = 1.331437e+00, time=2025-04-10 22:36:01 
jj1 = 526, max_th = 2.390754e+00, time=2025-04-10 22:36:05 
jj1 = 96, max_th = 1.945298e+00, time=2025-04-10 22:36:30 
jj1 = 486, max_th = 1.836950e+00, time=2025-04-10 22:43:31 
jj1 = 175, max_th = 2.652794e+00, time=2025-04-10 22:43:41 
jj1 = 249, max_th = 1.386043e+00, time=2025-04-10 22:45:18 
jj1 = 367, max_th = 2.214837e+00, time=2025-04-10 22:45:55 
jj1 = 135, max_th = 1.957394e+00, time=2025-04-10 22:46:56 
jj1 = 248, max_th = 6.102029e-01, time=2025-04-10 22:50:48 
jj1 = 174, max_th = 1.196778e+00, time=2025-04-10 22:51:34 
jj1 = 443, max_th = 2.180221e+00, time=2025-04-10 22:51:52 
jj1 = 485, max_th = 2.538960e+00, time=2025-04-10 22:51:58 
jj1 = 409, max_th = 1.964703e+00, time=2025-04-10 22:55:49 
jj1 = 525, max_th = 1.695542e+00, time=2025-04-10 22:57:07 
jj1 = 247, max_th = 2.796115e+00, time=2025-04-10 22:57:26 
jj1 = 289, max_th = 1.741347e+00, time=2025-04-10 22:57:59 
jj1 = 366, max_th = 2.630494e+00, time=2025-04-10 22:59:02 
jj1 = 211, max_th = 1.918674e+00, time=2025-04-10 23:01:15 
jj1 = 134, max_th = 2.193561e+00, time=2025-04-10 23:02:48 
jj1 = 95, max_th = 2.143223e+00, time=2025-04-10 23:03:18 
jj1 = 524, max_th = 2.977616e+00, time=2025-04-10 23:05:22 
jj1 = 330, max_th = 2.122941e+00, time=2025-04-10 23:10:53 
jj1 = 484, max_th = 2.248191e+00, time=2025-04-10 23:13:41 
jj1 = 288, max_th = 2.430532e+00, time=2025-04-10 23:15:23 
jj1 = 365, max_th = 1.810709e+00, time=2025-04-10 23:15:40 
jj1 = 442, max_th = 1.866534e+00, time=2025-04-10 23:16:17 
jj1 = 173, max_th = 2.015379e+00, time=2025-04-10 23:16:41 
jj1 = 246, max_th = 1.345615e+00, time=2025-04-10 23:17:13 
jj1 = 94, max_th = 1.717693e+00, time=2025-04-10 23:18:48 
jj1 = 408, max_th = 2.028985e+00, time=2025-04-10 23:20:28 
jj1 = 441, max_th = 9.590455e-01, time=2025-04-10 23:25:14 
jj1 = 329, max_th = 2.727558e+00, time=2025-04-10 23:26:51 
jj1 = 523, max_th = 1.912929e+00, time=2025-04-10 23:28:24 
jj1 = 93, max_th = 2.723179e+00, time=2025-04-10 23:28:28 
jj1 = 483, max_th = 1.412447e+00, time=2025-04-10 23:30:08 
jj1 = 172, max_th = 1.648347e+00, time=2025-04-10 23:31:00 
jj1 = 364, max_th = 2.091185e+00, time=2025-04-10 23:35:17 
jj1 = 133, max_th = 2.035365e+00, time=2025-04-10 23:36:27 
jj1 = 522, max_th = 2.853151e+00, time=2025-04-10 23:38:31 
jj1 = 287, max_th = 2.210252e+00, time=2025-04-10 23:40:44 
jj1 = 407, max_th = 2.146980e+00, time=2025-04-10 23:42:12 
jj1 = 210, max_th = 2.316173e+00, time=2025-04-10 23:43:04 
jj1 = 440, max_th = 1.638467e+00, time=2025-04-10 23:45:04 
jj1 = 245, max_th = 1.899401e+00, time=2025-04-10 23:46:02 
jj1 = 92, max_th = 1.378076e+00, time=2025-04-10 23:46:53 
jj1 = 328, max_th = 1.769331e+00, time=2025-04-10 23:49:54 
jj1 = 171, max_th = 1.676037e+00, time=2025-04-10 23:50:01 
jj1 = 209, max_th = 1.349005e+00, time=2025-04-10 23:52:29 
jj1 = 363, max_th = 1.588885e+00, time=2025-04-10 23:54:40 
jj1 = 482, max_th = 1.858030e+00, time=2025-04-10 23:56:10 
jj1 = 244, max_th = 2.646116e+00, time=2025-04-10 23:56:46 
jj1 = 362, max_th = 8.783337e-01, time=2025-04-10 23:56:51 
jj1 = 406, max_th = 2.205659e+00, time=2025-04-10 23:57:21 
jj1 = 132, max_th = 1.951533e+00, time=2025-04-10 23:57:32 
jj1 = 286, max_th = 2.099879e+00, time=2025-04-11 00:00:29 
jj1 = 91, max_th = 2.520513e+00, time=2025-04-11 00:00:59 
jj1 = 521, max_th = 1.960842e+00, time=2025-04-11 00:01:41 
jj1 = 439, max_th = 2.158788e+00, time=2025-04-11 00:03:17 
jj1 = 131, max_th = 1.283160e+00, time=2025-04-11 00:08:01 
jj1 = 327, max_th = 1.671269e+00, time=2025-04-11 00:10:03 
jj1 = 170, max_th = 2.141291e+00, time=2025-04-11 00:10:16 
jj1 = 405, max_th = 1.594579e+00, time=2025-04-11 00:12:50 
jj1 = 438, max_th = 2.613017e+00, time=2025-04-11 00:13:27 
jj1 = 208, max_th = 2.053098e+00, time=2025-04-11 00:14:18 
jj1 = 326, max_th = 1.153612e+00, time=2025-04-11 00:16:08 
jj1 = 285, max_th = 1.775247e+00, time=2025-04-11 00:24:06 
jj1 = 243, max_th = 1.776556e+00, time=2025-04-11 00:25:50 
jj1 = 404, max_th = 1.544994e+00, time=2025-04-11 00:26:11 
jj1 = 90, max_th = 1.944364e+00, time=2025-04-11 00:27:18 
jj1 = 520, max_th = 1.617355e+00, time=2025-04-11 00:27:18 
jj1 = 169, max_th = 2.233924e+00, time=2025-04-11 00:29:23 
jj1 = 481, max_th = 1.714961e+00, time=2025-04-11 00:32:02 
jj1 = 437, max_th = 1.579120e+00, time=2025-04-11 00:32:18 
jj1 = 361, max_th = 1.509557e+00, time=2025-04-11 00:32:33 
jj1 = 207, max_th = 2.019151e+00, time=2025-04-11 00:45:18 
jj1 = 403, max_th = 1.840241e+00, time=2025-04-11 00:47:27 
jj1 = 242, max_th = 1.682157e+00, time=2025-04-11 00:47:34 
jj1 = 360, max_th = 1.532911e+00, time=2025-04-11 00:48:18 
jj1 = 89, max_th = 1.680982e+00, time=2025-04-11 00:49:08 
jj1 = 519, max_th = 2.369998e+00, time=2025-04-11 00:49:48 
jj1 = 168, max_th = 2.007780e+00, time=2025-04-11 00:52:56 
jj1 = 480, max_th = 1.991028e+00, time=2025-04-11 00:57:11 
jj1 = 359, max_th = 1.093605e+00, time=2025-04-11 00:57:48 
jj1 = 325, max_th = 1.989554e+00, time=2025-04-11 00:58:25 
jj1 = 88, max_th = 3.380998e+00, time=2025-04-11 00:59:13 
jj1 = 284, max_th = 1.985985e+00, time=2025-04-11 01:00:05 
jj1 = 206, max_th = 1.518817e+00, time=2025-04-11 01:00:41 
jj1 = 436, max_th = 7.624487e-01, time=2025-04-11 01:02:24 
jj1 = 241, max_th = 2.065829e+00, time=2025-04-11 01:03:53 
jj1 = 240, max_th = 1.020220e+00, time=2025-04-11 01:10:25 
jj1 = 402, max_th = 2.029131e+00, time=2025-04-11 01:10:47 
jj1 = 283, max_th = 2.608962e+00, time=2025-04-11 01:11:23 
jj1 = 479, max_th = 2.502592e+00, time=2025-04-11 01:11:34 
jj1 = 358, max_th = 1.425052e+00, time=2025-04-11 01:11:48 
jj1 = 167, max_th = 2.326866e+00, time=2025-04-11 01:12:35 
jj1 = 518, max_th = 1.970725e+00, time=2025-04-11 01:15:21 
jj1 = 87, max_th = 1.892919e+00, time=2025-04-11 01:16:32 
jj1 = 86, max_th = 1.451998e-01, time=2025-04-11 01:16:54 
jj1 = 282, max_th = 1.086201e+00, time=2025-04-11 01:18:36 
jj1 = 85, max_th = 8.076654e-01, time=2025-04-11 01:19:23 
jj1 = 324, max_th = 2.147521e+00, time=2025-04-11 01:19:37 
jj1 = 435, max_th = 2.267842e+00, time=2025-04-11 01:19:49 
jj1 = 517, max_th = 1.192365e+00, time=2025-04-11 01:25:44 
jj1 = 434, max_th = 2.838659e+00, time=2025-04-11 01:25:57 
jj1 = 205, max_th = 2.124977e+00, time=2025-04-11 01:26:27 
jj1 = 357, max_th = 2.335247e+00, time=2025-04-11 01:27:26 
jj1 = 516, max_th = 7.744076e-01, time=2025-04-11 01:28:17 
jj1 = 356, max_th = 4.275709e-01, time=2025-04-11 01:28:29 
jj1 = 355, max_th = 8.592703e-01, time=2025-04-11 01:29:08 
jj1 = 401, max_th = 1.668338e+00, time=2025-04-11 01:30:48 
jj1 = 166, max_th = 2.340426e+00, time=2025-04-11 01:31:18 
jj1 = 478, max_th = 1.510254e+00, time=2025-04-11 01:32:01 
jj1 = 323, max_th = 1.598350e+00, time=2025-04-11 01:33:27 
jj1 = 354, max_th = 1.295665e+00, time=2025-04-11 01:36:10 
jj1 = 281, max_th = 1.228114e+00, time=2025-04-11 01:37:27 
jj1 = 400, max_th = 2.789636e+00, time=2025-04-11 01:39:54 
jj1 = 239, max_th = 1.876148e+00, time=2025-04-11 01:41:35 
jj1 = 84, max_th = 1.653859e+00, time=2025-04-11 01:42:13 
jj1 = 204, max_th = 1.572470e+00, time=2025-04-11 01:45:22 
jj1 = 322, max_th = 2.556174e+00, time=2025-04-11 01:48:27 
jj1 = 165, max_th = 2.150355e+00, time=2025-04-11 01:48:54 
jj1 = 477, max_th = 1.850235e+00, time=2025-04-11 01:49:20 
jj1 = 515, max_th = 1.872235e+00, time=2025-04-11 01:50:32 
jj1 = 130, max_th = 2.145514e+00, time=2025-04-11 01:51:57 
jj1 = 280, max_th = 2.440238e+00, time=2025-04-11 01:53:32 
jj1 = 203, max_th = 2.782921e+00, time=2025-04-11 01:54:55 
jj1 = 433, max_th = 2.337823e+00, time=2025-04-11 01:55:42 
jj1 = 238, max_th = 2.401981e+00, time=2025-04-11 01:56:06 
jj1 = 514, max_th = 1.537477e+00, time=2025-04-11 01:57:03 
jj1 = 353, max_th = 1.772087e+00, time=2025-04-11 01:57:43 
jj1 = 321, max_th = 2.525184e+00, time=2025-04-11 02:01:31 
jj1 = 279, max_th = 1.400341e+00, time=2025-04-11 02:01:43 
jj1 = 476, max_th = 1.125372e+00, time=2025-04-11 02:02:09 
jj1 = 399, max_th = 2.190266e+00, time=2025-04-11 02:02:13 
jj1 = 398, max_th = 2.330865e-01, time=2025-04-11 02:02:37 
jj1 = 83, max_th = 2.377832e+00, time=2025-04-11 02:05:05 
jj1 = 513, max_th = 1.801128e+00, time=2025-04-11 02:15:38 
jj1 = 237, max_th = 2.253045e+00, time=2025-04-11 02:15:39 
jj1 = 164, max_th = 2.268328e+00, time=2025-04-11 02:15:45 
jj1 = 129, max_th = 2.089431e+00, time=2025-04-11 02:16:18 
jj1 = 512, max_th = 3.229741e+00, time=2025-04-11 02:17:03 
jj1 = 432, max_th = 1.877669e+00, time=2025-04-11 02:18:25 
jj1 = 202, max_th = 2.139608e+00, time=2025-04-11 02:20:01 
jj1 = 201, max_th = 3.330266e+00, time=2025-04-11 02:20:13 
jj1 = 82, max_th = 2.579365e+00, time=2025-04-11 02:20:30 
jj1 = 352, max_th = 2.124818e+00, time=2025-04-11 02:20:31 
jj1 = 475, max_th = 1.695809e+00, time=2025-04-11 02:23:27 
jj1 = 278, max_th = 1.752189e+00, time=2025-04-11 02:25:27 
jj1 = 397, max_th = 1.693433e+00, time=2025-04-11 02:25:37 
jj1 = 320, max_th = 2.315982e+00, time=2025-04-11 02:26:40 
jj1 = 511, max_th = 2.386472e+00, time=2025-04-11 02:33:52 
jj1 = 236, max_th = 2.506314e+00, time=2025-04-11 02:34:43 
jj1 = 163, max_th = 2.392214e+00, time=2025-04-11 02:39:55 
jj1 = 128, max_th = 2.042330e+00, time=2025-04-11 02:40:26 
jj1 = 431, max_th = 1.906253e+00, time=2025-04-11 02:41:22 
jj1 = 430, max_th = 2.554205e-01, time=2025-04-11 02:41:30 
jj1 = 200, max_th = 2.553604e+00, time=2025-04-11 02:44:06 
jj1 = 127, max_th = 3.016828e+00, time=2025-04-11 02:46:21 
jj1 = 81, max_th = 2.124959e+00, time=2025-04-11 02:46:43 
jj1 = 277, max_th = 2.143183e+00, time=2025-04-11 02:47:18 
jj1 = 351, max_th = 1.981686e+00, time=2025-04-11 02:47:21 
jj1 = 319, max_th = 2.234853e+00, time=2025-04-11 02:50:23 
jj1 = 396, max_th = 2.173157e+00, time=2025-04-11 02:50:44 
jj1 = 474, max_th = 1.871479e+00, time=2025-04-11 02:51:19 
jj1 = 510, max_th = 1.754402e+00, time=2025-04-11 02:55:03 
jj1 = 350, max_th = 1.405893e+00, time=2025-04-11 02:57:12 
jj1 = 235, max_th = 1.883901e+00, time=2025-04-11 03:03:18 
jj1 = 162, max_th = 2.070885e+00, time=2025-04-11 03:04:20 
jj1 = 349, max_th = 2.867489e+00, time=2025-04-11 03:04:26 
jj1 = 473, max_th = 2.444919e+00, time=2025-04-11 03:06:25 
jj1 = 276, max_th = 2.302273e+00, time=2025-04-11 03:07:32 
jj1 = 199, max_th = 2.091384e+00, time=2025-04-11 03:08:23 
jj1 = 348, max_th = 1.004788e+00, time=2025-04-11 03:08:33 
jj1 = 318, max_th = 2.379634e+00, time=2025-04-11 03:10:54 
jj1 = 509, max_th = 1.333796e+00, time=2025-04-11 03:12:15 
jj1 = 234, max_th = 2.559347e+00, time=2025-04-11 03:13:42 
jj1 = 429, max_th = 1.945813e+00, time=2025-04-11 03:13:50 
jj1 = 126, max_th = 2.228861e+00, time=2025-04-11 03:13:53 
jj1 = 428, max_th = 5.070658e-01, time=2025-04-11 03:14:45 
jj1 = 395, max_th = 1.934589e+00, time=2025-04-11 03:17:15 
jj1 = 275, max_th = 2.549485e+00, time=2025-04-11 03:17:40 
jj1 = 161, max_th = 1.649195e+00, time=2025-04-11 03:18:19 
jj1 = 427, max_th = 1.445759e+00, time=2025-04-11 03:23:40 
jj1 = 347, max_th = 2.695619e+00, time=2025-04-11 03:23:41 
jj1 = 80, max_th = 2.315591e+00, time=2025-04-11 03:24:00 
jj1 = 198, max_th = 2.268822e+00, time=2025-04-11 03:25:07 
jj1 = 317, max_th = 1.405974e+00, time=2025-04-11 03:25:12 
jj1 = 346, max_th = 1.041393e+00, time=2025-04-11 03:27:39 
jj1 = 160, max_th = 1.390271e+00, time=2025-04-11 03:29:55 
jj1 = 125, max_th = 2.285065e+00, time=2025-04-11 03:30:41 
jj1 = 197, max_th = 1.498709e+00, time=2025-04-11 03:32:09 
jj1 = 274, max_th = 2.384461e+00, time=2025-04-11 03:32:13 
jj1 = 472, max_th = 2.142195e+00, time=2025-04-11 03:32:16 
jj1 = 508, max_th = 1.761687e+00, time=2025-04-11 03:32:19 
jj1 = 345, max_th = 1.009869e+00, time=2025-04-11 03:33:48 
jj1 = 394, max_th = 1.210220e+00, time=2025-04-11 03:35:44 
jj1 = 273, max_th = 1.421212e+00, time=2025-04-11 03:40:04 
jj1 = 233, max_th = 2.270937e+00, time=2025-04-11 03:40:25 
jj1 = 426, max_th = 1.860851e+00, time=2025-04-11 03:43:46 
jj1 = 159, max_th = 1.679486e+00, time=2025-04-11 03:44:30 
jj1 = 507, max_th = 2.416681e+00, time=2025-04-11 03:45:13 
jj1 = 232, max_th = 2.778737e+00, time=2025-04-11 03:48:39 
jj1 = 471, max_th = 1.751762e+00, time=2025-04-11 03:49:27 
jj1 = 124, max_th = 2.171838e+00, time=2025-04-11 03:49:49 
jj1 = 79, max_th = 1.948821e+00, time=2025-04-11 03:51:51 
jj1 = 316, max_th = 2.210601e+00, time=2025-04-11 03:52:24 
jj1 = 344, max_th = 1.915304e+00, time=2025-04-11 03:55:37 
jj1 = 393, max_th = 2.270726e+00, time=2025-04-11 03:56:13 
jj1 = 272, max_th = 1.699392e+00, time=2025-04-11 03:58:06 
jj1 = 425, max_th = 2.266673e+00, time=2025-04-11 03:58:25 
jj1 = 78, max_th = 1.030359e+00, time=2025-04-11 03:58:50 
jj1 = 196, max_th = 1.789663e+00, time=2025-04-11 04:02:44 
jj1 = 231, max_th = 1.645605e+00, time=2025-04-11 04:03:37 
jj1 = 158, max_th = 1.705049e+00, time=2025-04-11 04:03:49 
jj1 = 123, max_th = 1.360849e+00, time=2025-04-11 04:04:21 
jj1 = 424, max_th = 1.250512e+00, time=2025-04-11 04:04:44 
jj1 = 423, max_th = 3.395743e-01, time=2025-04-11 04:05:06 
jj1 = 470, max_th = 2.347811e+00, time=2025-04-11 04:05:17 
jj1 = 77, max_th = 1.076889e+00, time=2025-04-11 04:07:47 
jj1 = 506, max_th = 1.822224e+00, time=2025-04-11 04:08:24 
jj1 = 343, max_th = 2.772380e+00, time=2025-04-11 04:08:34 
jj1 = 315, max_th = 1.740090e+00, time=2025-04-11 04:12:06 
jj1 = 392, max_th = 1.415848e+00, time=2025-04-11 04:13:20 
jj1 = 422, max_th = 2.614588e+00, time=2025-04-11 04:15:42 
jj1 = 122, max_th = 1.373976e+00, time=2025-04-11 04:16:16 
jj1 = 271, max_th = 2.258648e+00, time=2025-04-11 04:16:43 
jj1 = 342, max_th = 1.950124e+00, time=2025-04-11 04:19:13 
jj1 = 76, max_th = 1.414892e+00, time=2025-04-11 04:23:20 
jj1 = 505, max_th = 2.424804e+00, time=2025-04-11 04:24:14 
jj1 = 230, max_th = 1.573022e+00, time=2025-04-11 04:24:47 
jj1 = 195, max_th = 1.851905e+00, time=2025-04-11 04:25:04 
jj1 = 157, max_th = 1.908620e+00, time=2025-04-11 04:26:20 
jj1 = 469, max_th = 1.768231e+00, time=2025-04-11 04:27:28 
jj1 = 121, max_th = 2.342845e+00, time=2025-04-11 04:29:40 
jj1 = 391, max_th = 2.293189e+00, time=2025-04-11 04:30:13 
jj1 = 229, max_th = 1.608572e+00, time=2025-04-11 04:33:08 
jj1 = 156, max_th = 7.890313e-01, time=2025-04-11 04:34:21 
jj1 = 314, max_th = 2.048250e+00, time=2025-04-11 04:34:30 
jj1 = 421, max_th = 2.081951e+00, time=2025-04-11 04:36:48 
jj1 = 420, max_th = 3.147875e+00, time=2025-04-11 04:37:51 
jj1 = 341, max_th = 2.032639e+00, time=2025-04-11 04:40:03 
jj1 = 194, max_th = 2.338544e+00, time=2025-04-11 04:41:27 
jj1 = 193, max_th = 3.034849e+00, time=2025-04-11 04:45:12 
jj1 = 468, max_th = 2.424456e+00, time=2025-04-11 04:47:53 
jj1 = 270, max_th = 1.844933e+00, time=2025-04-11 04:48:06 
jj1 = 390, max_th = 2.374502e+00, time=2025-04-11 04:48:40 
jj1 = 75, max_th = 2.109982e+00, time=2025-04-11 04:49:39 
jj1 = 269, max_th = 3.320434e+00, time=2025-04-11 04:49:52 
jj1 = 120, max_th = 2.186084e+00, time=2025-04-11 04:50:46 
jj1 = 504, max_th = 1.124250e+00, time=2025-04-11 04:52:21 
jj1 = 155, max_th = 1.886047e+00, time=2025-04-11 04:54:47 
jj1 = 313, max_th = 1.656883e+00, time=2025-04-11 04:57:49 
jj1 = 419, max_th = 1.926229e+00, time=2025-04-11 04:58:22 
jj1 = 389, max_th = 1.416986e+00, time=2025-04-11 04:58:46 
jj1 = 467, max_th = 1.565048e+00, time=2025-04-11 05:00:32 
jj1 = 228, max_th = 1.913412e+00, time=2025-04-11 05:01:26 
jj1 = 227, max_th = 7.235666e-01, time=2025-04-11 05:03:00 
jj1 = 119, max_th = 2.465205e+00, time=2025-04-11 05:03:35 
jj1 = 118, max_th = 3.102090e+00, time=2025-04-11 05:04:30 
jj1 = 74, max_th = 2.530139e+00, time=2025-04-11 05:06:00 
jj1 = 340, max_th = 2.159594e+00, time=2025-04-11 05:06:21 
jj1 = 192, max_th = 2.175351e+00, time=2025-04-11 05:06:50 
jj1 = 154, max_th = 2.301047e+00, time=2025-04-11 05:07:49 
jj1 = 268, max_th = 2.050906e+00, time=2025-04-11 05:09:41 
jj1 = 503, max_th = 1.408973e+00, time=2025-04-11 05:10:30 
jj1 = 153, max_th = 1.145294e+00, time=2025-04-11 05:12:55 
jj1 = 502, max_th = 9.097392e-01, time=2025-04-11 05:15:16 
jj1 = 418, max_th = 2.058425e+00, time=2025-04-11 05:17:46 
jj1 = 339, max_th = 1.454644e+00, time=2025-04-11 05:18:52 
jj1 = 388, max_th = 1.903268e+00, time=2025-04-11 05:20:07 
jj1 = 312, max_th = 2.178924e+00, time=2025-04-11 05:20:11 
jj1 = 466, max_th = 2.384298e+00, time=2025-04-11 05:21:36 
jj1 = 226, max_th = 1.585647e+00, time=2025-04-11 05:22:28 
jj1 = 117, max_th = 1.714980e+00, time=2025-04-11 05:23:25 
jj1 = 73, max_th = 1.903568e+00, time=2025-04-11 05:28:22 
jj1 = 311, max_th = 2.542967e+00, time=2025-04-11 05:28:29 
jj1 = 225, max_th = 3.587167e+00, time=2025-04-11 05:28:53 
jj1 = 191, max_th = 2.061592e+00, time=2025-04-11 05:29:04 
jj1 = 387, max_th = 2.480888e+00, time=2025-04-11 05:33:01 
jj1 = 501, max_th = 2.464534e+00, time=2025-04-11 05:33:06 
jj1 = 465, max_th = 1.272853e+00, time=2025-04-11 05:34:21 
jj1 = 116, max_th = 1.286117e+00, time=2025-04-11 05:35:20 
jj1 = 152, max_th = 1.646638e+00, time=2025-04-11 05:35:29 
jj1 = 338, max_th = 1.589035e+00, time=2025-04-11 05:35:50 
jj1 = 267, max_th = 1.826325e+00, time=2025-04-11 05:37:22 
jj1 = 115, max_th = 2.993634e+00, time=2025-04-11 05:38:01 
jj1 = 417, max_th = 2.101638e+00, time=2025-04-11 05:38:43 
jj1 = 151, max_th = 2.752413e+00, time=2025-04-11 05:41:37 
jj1 = 224, max_th = 2.573695e+00, time=2025-04-11 05:42:08 
jj1 = 464, max_th = 1.297640e+00, time=2025-04-11 05:42:13 
jj1 = 310, max_th = 2.542679e+00, time=2025-04-11 05:42:50 
jj1 = 190, max_th = 2.536594e+00, time=2025-04-11 05:43:17 
jj1 = 266, max_th = 2.795746e+00, time=2025-04-11 05:43:48 
jj1 = 337, max_th = 2.573274e+00, time=2025-04-11 05:48:29 
jj1 = 463, max_th = 1.070432e+00, time=2025-04-11 05:50:42 
jj1 = 189, max_th = 1.295290e+00, time=2025-04-11 05:50:51 
jj1 = 114, max_th = 2.247645e+00, time=2025-04-11 05:54:34 
jj1 = 500, max_th = 2.204835e+00, time=2025-04-11 05:56:26 
jj1 = 150, max_th = 2.131177e+00, time=2025-04-11 05:59:07 
jj1 = 72, max_th = 2.017652e+00, time=2025-04-11 05:59:47 
jj1 = 499, max_th = 1.087517e+00, time=2025-04-11 06:00:48 
jj1 = 336, max_th = 1.454635e+00, time=2025-04-11 06:01:03 
jj1 = 416, max_th = 1.508395e+00, time=2025-04-11 06:01:57 
jj1 = 386, max_th = 1.880744e+00, time=2025-04-11 06:02:16 
jj1 = 188, max_th = 1.600422e+00, time=2025-04-11 06:04:13 
jj1 = 223, max_th = 1.781664e+00, time=2025-04-11 06:06:18 
jj1 = 462, max_th = 1.431614e+00, time=2025-04-11 06:08:11 
jj1 = 309, max_th = 2.041422e+00, time=2025-04-11 06:09:16 
jj1 = 265, max_th = 1.901064e+00, time=2025-04-11 06:10:42 
jj1 = 335, max_th = 1.252267e+00, time=2025-04-11 06:13:07 
jj1 = 334, max_th = 1.169257e+00, time=2025-04-11 06:15:13 
jj1 = 415, max_th = 1.430595e+00, time=2025-04-11 06:16:34 
jj1 = 113, max_th = 2.024279e+00, time=2025-04-11 06:18:53 
jj1 = 149, max_th = 1.516035e+00, time=2025-04-11 06:20:28 
jj1 = 187, max_th = 2.388920e+00, time=2025-04-11 06:21:20 
jj1 = 461, max_th = 2.312476e+00, time=2025-04-11 06:22:55 
jj1 = 222, max_th = 1.415569e+00, time=2025-04-11 06:23:01 
jj1 = 71, max_th = 2.030548e+00, time=2025-04-11 06:24:58 
jj1 = 385, max_th = 1.989917e+00, time=2025-04-11 06:25:14 
jj1 = 112, max_th = 1.105705e+00, time=2025-04-11 06:26:06 
jj1 = 688, max_th = 1.106815e+00, time=2025-04-11 06:26:33 
jj1 = 264, max_th = 1.563103e+00, time=2025-04-11 06:28:23 
jj1 = 70, max_th = 2.912161e+00, time=2025-04-11 06:30:44 
jj1 = 460, max_th = 2.339916e+00, time=2025-04-11 06:33:06 
jj1 = 498, max_th = 1.921158e+00, time=2025-04-11 06:34:37 
jj1 = 414, max_th = 1.451690e+00, time=2025-04-11 06:39:33 
jj1 = 384, max_th = 1.656803e+00, time=2025-04-11 06:40:00 
jj1 = 308, max_th = 2.155698e+00, time=2025-04-11 06:40:02 
jj1 = 186, max_th = 2.363599e+00, time=2025-04-11 06:40:27 
jj1 = 148, max_th = 2.097561e+00, time=2025-04-11 06:40:36 
jj1 = 221, max_th = 1.750255e+00, time=2025-04-11 06:44:39 
jj1 = 383, max_th = 8.626668e-01, time=2025-04-11 06:46:41 
jj1 = 687, max_th = 2.391585e+00, time=2025-04-11 06:47:33 
jj1 = 459, max_th = 2.552026e+00, time=2025-04-11 06:47:55 
jj1 = 413, max_th = 1.249955e+00, time=2025-04-11 06:48:06 
jj1 = 147, max_th = 2.763570e+00, time=2025-04-11 06:50:48 
jj1 = 185, max_th = 1.264362e+00, time=2025-04-11 06:51:10 
jj1 = 263, max_th = 2.321200e+00, time=2025-04-11 06:52:15 
jj1 = 307, max_th = 2.518808e+00, time=2025-04-11 06:52:28 
jj1 = 306, max_th = -2.373613e-01, time=2025-04-11 06:54:01 
jj1 = 69, max_th = 2.263251e+00, time=2025-04-11 06:54:47 
jj1 = 305, max_th = -1.804613e-01, time=2025-04-11 06:55:38 
jj1 = 497, max_th = 2.065333e+00, time=2025-04-11 06:57:21 
jj1 = 496, max_th = 8.549295e-02, time=2025-04-11 06:57:30 
jj1 = 220, max_th = 2.502262e+00, time=2025-04-11 07:02:47 
jj1 = 686, max_th = 1.764445e+00, time=2025-04-11 07:03:55 
jj1 = 146, max_th = 2.303114e+00, time=2025-04-11 07:06:04 
jj1 = 382, max_th = 2.290157e+00, time=2025-04-11 07:08:57 
jj1 = 495, max_th = 2.099875e+00, time=2025-04-11 07:09:12 
jj1 = 412, max_th = 1.867349e+00, time=2025-04-11 07:10:25 
jj1 = 184, max_th = 2.288405e+00, time=2025-04-11 07:12:29 
jj1 = 458, max_th = 1.808962e+00, time=2025-04-11 07:14:22 
jj1 = 494, max_th = 2.704277e+00, time=2025-04-11 07:16:39 
jj1 = 304, max_th = 1.684104e+00, time=2025-04-11 07:18:06 
jj1 = 262, max_th = 1.620383e+00, time=2025-04-11 07:20:07 
jj1 = 111, max_th = 2.721197e+00, time=2025-04-11 07:20:09 
jj1 = 685, max_th = 2.316870e+00, time=2025-04-11 07:20:23 
jj1 = 684, max_th = 3.399866e+00, time=2025-04-11 07:21:25 
jj1 = 68, max_th = 2.055508e+00, time=2025-04-11 07:23:05 
jj1 = 219, max_th = 2.210053e+00, time=2025-04-11 07:26:51 
jj1 = 145, max_th = 2.180220e+00, time=2025-04-11 07:28:24 
jj1 = 683, max_th = 2.814922e+00, time=2025-04-11 07:28:43 
jj1 = 303, max_th = 1.294499e+00, time=2025-04-11 07:31:41 
jj1 = 648, max_th = 1.829414e+00, time=2025-04-11 07:32:02 
jj1 = 183, max_th = 1.327653e+00, time=2025-04-11 07:33:45 
jj1 = 457, max_th = 1.702695e+00, time=2025-04-11 07:35:26 
jj1 = 381, max_th = 2.063323e+00, time=2025-04-11 07:36:24 
jj1 = 218, max_th = 1.388910e+00, time=2025-04-11 07:40:59 
jj1 = 110, max_th = 2.019691e+00, time=2025-04-11 07:42:04 
jj1 = 261, max_th = 2.514011e+00, time=2025-04-11 07:44:27 
jj1 = 67, max_th = 1.899593e+00, time=2025-04-11 07:44:31 
jj1 = 493, max_th = 2.008358e+00, time=2025-04-11 07:44:53 
jj1 = 682, max_th = 1.530847e+00, time=2025-04-11 07:48:40 
jj1 = 144, max_th = 1.616998e+00, time=2025-04-11 07:49:07 
jj1 = 647, max_th = 2.338064e+00, time=2025-04-11 07:51:19 
jj1 = 109, max_th = 2.493011e+00, time=2025-04-11 07:53:17 
jj1 = 302, max_th = 2.159320e+00, time=2025-04-11 07:55:45 
jj1 = 380, max_th = 2.203806e+00, time=2025-04-11 07:56:07 
jj1 = 182, max_th = 1.992470e+00, time=2025-04-11 07:56:57 
jj1 = 217, max_th = 2.552508e+00, time=2025-04-11 07:56:59 
jj1 = 260, max_th = 2.112412e+00, time=2025-04-11 08:02:54 
jj1 = 301, max_th = 9.477473e-01, time=2025-04-11 08:02:59 
jj1 = 492, max_th = 1.837953e+00, time=2025-04-11 08:03:53 
jj1 = 108, max_th = 2.546041e+00, time=2025-04-11 08:04:30 
jj1 = 646, max_th = 1.531766e+00, time=2025-04-11 08:08:05 
jj1 = 456, max_th = 2.382075e+00, time=2025-04-11 08:08:20 
jj1 = 66, max_th = 2.310795e+00, time=2025-04-11 08:10:05 
jj1 = 143, max_th = 1.560036e+00, time=2025-04-11 08:10:05 
jj1 = 65, max_th = 8.837174e-01, time=2025-04-11 08:12:50 
jj1 = 181, max_th = 1.668163e+00, time=2025-04-11 08:17:17 
jj1 = 608, max_th = 1.784380e+00, time=2025-04-11 08:17:35 
jj1 = 681, max_th = 2.145589e+00, time=2025-04-11 08:20:57 
jj1 = 259, max_th = 1.497055e+00, time=2025-04-11 08:21:19 
jj1 = 491, max_th = 1.994669e+00, time=2025-04-11 08:22:28 
jj1 = 107, max_th = 2.575514e+00, time=2025-04-11 08:22:30 
jj1 = 379, max_th = 1.929673e+00, time=2025-04-11 08:22:38 
jj1 = 378, max_th = 3.232410e+00, time=2025-04-11 08:25:38 
jj1 = 300, max_th = 2.018246e+00, time=2025-04-11 08:27:35 
jj1 = 680, max_th = 2.702156e+00, time=2025-04-11 08:28:08 
jj1 = 645, max_th = 1.828746e+00, time=2025-04-11 08:29:04 
jj1 = 64, max_th = 2.417152e+00, time=2025-04-11 08:29:15 
jj1 = 299, max_th = 3.024956e+00, time=2025-04-11 08:29:51 
jj1 = 142, max_th = 1.942747e+00, time=2025-04-11 08:31:33 
jj1 = 63, max_th = 8.528768e-01, time=2025-04-11 08:32:13 
jj1 = 141, max_th = 3.233430e+00, time=2025-04-11 08:32:16 
jj1 = 258, max_th = 1.346050e+00, time=2025-04-11 08:33:07 
jj1 = 180, max_th = 1.730414e+00, time=2025-04-11 08:38:26 
jj1 = 490, max_th = 1.428430e+00, time=2025-04-11 08:38:27 
jj1 = 106, max_th = 1.662418e+00, time=2025-04-11 08:38:44 
jj1 = 607, max_th = 2.129963e+00, time=2025-04-11 08:41:19 
jj1 = 679, max_th = 2.277322e+00, time=2025-04-11 08:44:14 
jj1 = 455, max_th = 1.320442e+00, time=2025-04-11 08:44:36 
jj1 = 62, max_th = 1.226553e+00, time=2025-04-11 08:45:02 
jj1 = 678, max_th = 8.104368e-01, time=2025-04-11 08:46:56 
jj1 = 644, max_th = 2.046717e+00, time=2025-04-11 08:47:04 
jj1 = 105, max_th = 1.236190e+00, time=2025-04-11 08:47:39 
jj1 = 140, max_th = 1.897254e+00, time=2025-04-11 08:47:57 
jj1 = 377, max_th = 1.918706e+00, time=2025-04-11 08:48:33 
jj1 = 179, max_th = 1.209055e+00, time=2025-04-11 08:48:58 
jj1 = 298, max_th = 1.581037e+00, time=2025-04-11 08:51:36 
jj1 = 178, max_th = 2.925964e+00, time=2025-04-11 08:54:16 
jj1 = 454, max_th = 1.465445e+00, time=2025-04-11 08:56:19 
jj1 = 139, max_th = 2.623041e+00, time=2025-04-11 09:01:09 
jj1 = 606, max_th = 1.681381e+00, time=2025-04-11 09:04:12 
jj1 = 61, max_th = 1.590268e+00, time=2025-04-11 09:04:45 
jj1 = 708, max_th = 2.123891e+00, time=2025-04-11 09:06:18 
jj1 = 376, max_th = 1.387324e+00, time=2025-04-11 09:06:20 
jj1 = 677, max_th = 1.858733e+00, time=2025-04-11 09:06:56 
jj1 = 643, max_th = 2.172287e+00, time=2025-04-11 09:08:00 
jj1 = 104, max_th = 2.138400e+00, time=2025-04-11 09:08:40 
jj1 = 297, max_th = 2.763109e+00, time=2025-04-11 09:09:20 
jj1 = 453, max_th = 2.633878e+00, time=2025-04-11 09:11:16 
jj1 = 676, max_th = 7.814258e-01, time=2025-04-11 09:11:59 
jj1 = 707, max_th = 2.616614e+00, time=2025-04-11 09:13:32 
jj1 = 257, max_th = 2.276433e+00, time=2025-04-11 09:20:08 
jj1 = 675, max_th = 2.547369e+00, time=2025-04-11 09:21:33 
jj1 = 296, max_th = 1.423415e+00, time=2025-04-11 09:23:42 
jj1 = 748, max_th = 1.713957e+00, time=2025-04-11 09:23:56 
jj1 = 628, max_th = 2.330420e+00, time=2025-04-11 09:24:29 
jj1 = 375, max_th = 2.198675e+00, time=2025-04-11 09:24:51 
jj1 = 452, max_th = 1.141926e+00, time=2025-04-11 09:26:11 
jj1 = 548, max_th = 2.034696e+00, time=2025-04-11 09:26:24 
jj1 = 706, max_th = 2.607598e+00, time=2025-04-11 09:27:11 
jj1 = 605, max_th = 2.006000e+00, time=2025-04-11 09:27:13 
jj1 = 604, max_th = 3.328422e+00, time=2025-04-11 09:29:03 
jj1 = 103, max_th = 2.407715e+00, time=2025-04-11 09:30:35 
jj1 = 642, max_th = 1.749172e+00, time=2025-04-11 09:34:16 
jj1 = 747, max_th = 2.678037e+00, time=2025-04-11 09:35:42 
jj1 = 374, max_th = 2.515370e+00, time=2025-04-11 09:37:44 
jj1 = 295, max_th = 1.461557e+00, time=2025-04-11 09:40:03 
jj1 = 547, max_th = 1.524507e+00, time=2025-04-11 09:41:53 
jj1 = 641, max_th = 2.789411e+00, time=2025-04-11 09:42:06 
jj1 = 102, max_th = 1.509194e+00, time=2025-04-11 09:42:21 
jj1 = 674, max_th = 2.082625e+00, time=2025-04-11 09:43:56 
jj1 = 673, max_th = 2.796670e+00, time=2025-04-11 09:48:31 
jj1 = 672, max_th = -1.840563e-01, time=2025-04-11 09:50:17 
jj1 = 256, max_th = 1.990175e+00, time=2025-04-11 09:50:46 
jj1 = 627, max_th = 1.680848e+00, time=2025-04-11 09:51:24 
jj1 = 546, max_th = 1.250285e+00, time=2025-04-11 09:52:01 
jj1 = 101, max_th = 2.450325e+00, time=2025-04-11 09:52:22 
jj1 = 603, max_th = 1.950177e+00, time=2025-04-11 09:52:45 
jj1 = 746, max_th = 2.203220e+00, time=2025-04-11 09:54:41 
jj1 = 451, max_th = 1.703512e+00, time=2025-04-11 09:58:18 
jj1 = 640, max_th = 2.365772e+00, time=2025-04-11 10:05:30 
jj1 = 705, max_th = 1.333753e+00, time=2025-04-11 10:06:54 
jj1 = 373, max_th = 1.977975e+00, time=2025-04-11 10:07:11 
jj1 = 671, max_th = 2.626818e+00, time=2025-04-11 10:07:21 
jj1 = 745, max_th = 1.601951e+00, time=2025-04-11 10:10:22 
jj1 = 545, max_th = 2.345457e+00, time=2025-04-11 10:11:02 
jj1 = 602, max_th = 1.695795e+00, time=2025-04-11 10:12:18 
jj1 = 626, max_th = 1.718174e+00, time=2025-04-11 10:12:30 
jj1 = 100, max_th = 2.451697e+00, time=2025-04-11 10:13:24 
jj1 = 639, max_th = 1.220770e+00, time=2025-04-11 10:15:06 
jj1 = 728, max_th = 4.698720e-01, time=2025-04-11 10:16:40 
jj1 = 768, max_th = 2.592950e+00, time=2025-04-11 10:17:16 
jj1 = 588, max_th = 2.305128e+00, time=2025-04-11 10:17:50 
jj1 = 568, max_th = 2.092878e+00, time=2025-04-11 10:19:09 
jj1 = 767, max_th = 4.094889e-01, time=2025-04-11 10:19:25 
jj1 = 638, max_th = 1.394175e+00, time=2025-04-11 10:20:53 
jj1 = 587, max_th = 2.902922e+00, time=2025-04-11 10:23:11 
jj1 = 704, max_th = 1.841712e+00, time=2025-04-11 10:24:54 
jj1 = 601, max_th = 2.567518e+00, time=2025-04-11 10:27:11 
jj1 = 727, max_th = 1.825120e+00, time=2025-04-11 10:29:07 
jj1 = 544, max_th = 1.640381e+00, time=2025-04-11 10:30:29 
jj1 = 670, max_th = 2.281948e+00, time=2025-04-11 10:30:38 
jj1 = 637, max_th = 2.673458e+00, time=2025-04-11 10:34:15 
jj1 = 766, max_th = 1.398258e+00, time=2025-04-11 10:34:27 
jj1 = 703, max_th = 1.426873e+00, time=2025-04-11 10:37:32 
jj1 = 600, max_th = 1.282618e+00, time=2025-04-11 10:39:13 
jj1 = 625, max_th = 1.740064e+00, time=2025-04-11 10:40:25 
jj1 = 744, max_th = 2.023548e+00, time=2025-04-11 10:41:07 
jj1 = 726, max_th = 1.344442e+00, time=2025-04-11 10:41:18 
jj1 = 586, max_th = 2.356064e+00, time=2025-04-11 10:44:03 
jj1 = 636, max_th = 2.208496e+00, time=2025-04-11 10:47:17 
jj1 = 765, max_th = 2.318655e+00, time=2025-04-11 10:47:25 
jj1 = 543, max_th = 1.636152e+00, time=2025-04-11 10:49:45 
jj1 = 567, max_th = 2.069006e+00, time=2025-04-11 10:49:49 
jj1 = 669, max_th = 2.387441e+00, time=2025-04-11 10:52:26 
jj1 = 725, max_th = 2.361724e+00, time=2025-04-11 10:54:16 
jj1 = 743, max_th = 2.106862e+00, time=2025-04-11 10:55:33 
jj1 = 702, max_th = 2.279741e+00, time=2025-04-11 11:00:18 
jj1 = 599, max_th = 2.070529e+00, time=2025-04-11 11:01:31 
jj1 = 624, max_th = 1.857449e+00, time=2025-04-11 11:03:58 
jj1 = 764, max_th = 2.554820e+00, time=2025-04-11 11:06:20 
jj1 = 778, max_th = 1.935484e+00, time=2025-04-11 11:06:35 
jj1 = 585, max_th = 1.860293e+00, time=2025-04-11 11:08:19 
jj1 = 542, max_th = 1.570419e+00, time=2025-04-11 11:09:02 
jj1 = 635, max_th = 2.313292e+00, time=2025-04-11 11:10:46 
jj1 = 566, max_th = 1.825967e+00, time=2025-04-11 11:14:16 
jj1 = 598, max_th = 1.326186e+00, time=2025-04-11 11:15:45 
jj1 = 724, max_th = 2.103900e+00, time=2025-04-11 11:16:08 
jj1 = 742, max_th = 1.944073e+00, time=2025-04-11 11:18:08 
jj1 = 763, max_th = 1.408082e+00, time=2025-04-11 11:18:23 
jj1 = 701, max_th = 1.996404e+00, time=2025-04-11 11:19:43 
jj1 = 623, max_th = 1.531254e+00, time=2025-04-11 11:22:21 
jj1 = 723, max_th = 1.363774e+00, time=2025-04-11 11:25:50 
jj1 = 622, max_th = 2.874818e+00, time=2025-04-11 11:25:57 
jj1 = 741, max_th = 1.278440e+00, time=2025-04-11 11:28:42 
jj1 = 722, max_th = 1.070249e+00, time=2025-04-11 11:30:04 
jj1 = 634, max_th = 2.158179e+00, time=2025-04-11 11:30:06 
jj1 = 541, max_th = 2.026396e+00, time=2025-04-11 11:31:45 
jj1 = 633, max_th = 2.896736e+00, time=2025-04-11 11:32:12 
jj1 = 584, max_th = 1.867156e+00, time=2025-04-11 11:34:21 
jj1 = 762, max_th = 1.490498e+00, time=2025-04-11 11:35:14 
jj1 = 597, max_th = 2.228777e+00, time=2025-04-11 11:36:32 
jj1 = 761, max_th = 3.020067e+00, time=2025-04-11 11:37:24 
jj1 = 565, max_th = 2.316332e+00, time=2025-04-11 11:38:56 
jj1 = 777, max_th = 1.795112e+00, time=2025-04-11 11:39:22 
jj1 = 632, max_th = 2.809278e+00, time=2025-04-11 11:39:34 
jj1 = 740, max_th = 2.654978e+00, time=2025-04-11 11:41:49 
jj1 = 700, max_th = 1.924953e+00, time=2025-04-11 11:46:57 
jj1 = 621, max_th = 1.758996e+00, time=2025-04-11 11:48:26 
jj1 = 721, max_th = 2.445143e+00, time=2025-04-11 11:50:24 
jj1 = 776, max_th = 1.695648e+00, time=2025-04-11 11:53:25 
jj1 = 540, max_th = 2.076672e+00, time=2025-04-11 11:53:32 
jj1 = 564, max_th = 1.833010e+00, time=2025-04-11 11:54:23 
jj1 = 583, max_th = 1.844926e+00, time=2025-04-11 11:54:57 
jj1 = 739, max_th = 1.802697e+00, time=2025-04-11 11:57:25 
jj1 = 760, max_th = 2.276901e+00, time=2025-04-11 12:01:19 
jj1 = 699, max_th = 1.028533e+00, time=2025-04-11 12:02:18 
jj1 = 631, max_th = 1.976860e+00, time=2025-04-11 12:02:52 
jj1 = 720, max_th = 2.024687e+00, time=2025-04-11 12:06:10 
jj1 = 620, max_th = 1.474271e+00, time=2025-04-11 12:07:13 
jj1 = 775, max_th = 1.659063e+00, time=2025-04-11 12:08:24 
jj1 = 596, max_th = 1.835865e+00, time=2025-04-11 12:11:14 
jj1 = 582, max_th = 2.478557e+00, time=2025-04-11 12:14:05 
jj1 = 759, max_th = 2.326104e+00, time=2025-04-11 12:15:10 
jj1 = 581, max_th = 3.209018e+00, time=2025-04-11 12:15:33 
jj1 = 539, max_th = 2.102901e+00, time=2025-04-11 12:15:57 
jj1 = 563, max_th = 2.323756e+00, time=2025-04-11 12:17:02 
jj1 = 774, max_th = 2.782209e+00, time=2025-04-11 12:17:51 
jj1 = 698, max_th = 1.508520e+00, time=2025-04-11 12:19:25 
jj1 = 719, max_th = 1.949861e+00, time=2025-04-11 12:20:53 
jj1 = 738, max_th = 1.860340e+00, time=2025-04-11 12:22:42 
jj1 = 630, max_th = 2.259077e+00, time=2025-04-11 12:24:14 
jj1 = 718, max_th = 2.827198e+00, time=2025-04-11 12:27:48 
jj1 = 758, max_th = 2.496959e+00, time=2025-04-11 12:28:46 
jj1 = 538, max_th = 1.366210e+00, time=2025-04-11 12:29:47 
jj1 = 580, max_th = 1.523433e+00, time=2025-04-11 12:31:10 
jj1 = 619, max_th = 1.466223e+00, time=2025-04-11 12:32:32 
jj1 = 717, max_th = 1.255356e+00, time=2025-04-11 12:33:30 
jj1 = 595, max_th = 2.303822e+00, time=2025-04-11 12:34:01 
jj1 = 773, max_th = 2.343100e+00, time=2025-04-11 12:35:03 
jj1 = 697, max_th = 2.439844e+00, time=2025-04-11 12:37:29 
jj1 = 737, max_th = 1.697996e+00, time=2025-04-11 12:39:05 
jj1 = 757, max_th = 2.351499e+00, time=2025-04-11 12:39:32 
jj1 = 772, max_th = 1.058712e+00, time=2025-04-11 12:40:39 
jj1 = 562, max_th = 2.110741e+00, time=2025-04-11 12:40:45 
jj1 = 629, max_th = 1.955318e+00, time=2025-04-11 12:43:00 
jj1 = 771, max_th = 3.393580e+00, time=2025-04-11 12:47:31 
jj1 = 770, max_th = 3.201617e+00, time=2025-04-11 12:48:24 
jj1 = 618, max_th = 1.611793e+00, time=2025-04-11 12:49:46 
jj1 = 537, max_th = 1.980209e+00, time=2025-04-11 12:50:10 
jj1 = 579, max_th = 1.754206e+00, time=2025-04-11 12:50:15 
jj1 = 788, max_th = 1.072309e+00, time=2025-04-11 12:50:32 
jj1 = 696, max_th = 2.650055e+00, time=2025-04-11 12:51:39 
jj1 = 594, max_th = 1.661350e+00, time=2025-04-11 12:52:54 
jj1 = 756, max_th = 1.592900e+00, time=2025-04-11 12:53:55 
jj1 = 736, max_th = 1.587678e+00, time=2025-04-11 12:55:34 
jj1 = 716, max_th = 2.056631e+00, time=2025-04-11 12:56:31 
jj1 = 735, max_th = 2.717013e+00, time=2025-04-11 13:01:11 
jj1 = 769, max_th = 2.402240e+00, time=2025-04-11 13:02:15 
jj1 = 536, max_th = 2.382922e+00, time=2025-04-11 13:03:06 
jj1 = 593, max_th = 2.198624e+00, time=2025-04-11 13:04:10 
jj1 = 561, max_th = 2.174695e+00, time=2025-04-11 13:05:33 
jj1 = 893, max_th = 2.845549e+00, time=2025-04-11 13:08:41 
jj1 = 695, max_th = 1.949236e+00, time=2025-04-11 13:09:41 
jj1 = 668, max_th = 2.128920e+00, time=2025-04-11 13:10:51 
jj1 = 755, max_th = 2.459835e+00, time=2025-04-11 13:12:14 
jj1 = 754, max_th = 3.315750e+00, time=2025-04-11 13:13:57 
jj1 = 578, max_th = 2.093147e+00, time=2025-04-11 13:14:46 
jj1 = 892, max_th = 7.455431e-01, time=2025-04-11 13:14:50 
jj1 = 787, max_th = 1.813329e+00, time=2025-04-11 13:16:18 
jj1 = 560, max_th = 2.433011e+00, time=2025-04-11 13:17:21 
jj1 = 715, max_th = 2.268678e+00, time=2025-04-11 13:18:12 
jj1 = 734, max_th = 1.991532e+00, time=2025-04-11 13:20:08 
jj1 = 617, max_th = 1.985415e+00, time=2025-04-11 13:20:12 
jj1 = 535, max_th = 1.711070e+00, time=2025-04-11 13:22:17 
jj1 = 753, max_th = 1.235863e+00, time=2025-04-11 13:26:02 
jj1 = 616, max_th = 2.960381e+00, time=2025-04-11 13:26:38 
jj1 = 786, max_th = 1.412435e+00, time=2025-04-11 13:27:16 
jj1 = 694, max_th = 1.695461e+00, time=2025-04-11 13:27:29 
jj1 = 714, max_th = 1.422854e+00, time=2025-04-11 13:31:46 
jj1 = 891, max_th = 2.106715e+00, time=2025-04-11 13:32:24 
jj1 = 592, max_th = 2.010517e+00, time=2025-04-11 13:35:26 
jj1 = 577, max_th = 1.894823e+00, time=2025-04-11 13:36:49 
jj1 = 785, max_th = 2.915140e+00, time=2025-04-11 13:37:27 
jj1 = 667, max_th = 1.893218e+00, time=2025-04-11 13:38:26 
jj1 = 733, max_th = 1.909177e+00, time=2025-04-11 13:40:43 
jj1 = 784, max_th = 2.848346e+00, time=2025-04-11 13:43:44 
jj1 = 752, max_th = 1.856659e+00, time=2025-04-11 13:44:59 
jj1 = 559, max_th = 2.016824e+00, time=2025-04-11 13:45:07 
jj1 = 534, max_th = 2.419483e+00, time=2025-04-11 13:46:02 
jj1 = 693, max_th = 1.634183e+00, time=2025-04-11 13:47:19 
jj1 = 890, max_th = 2.434449e+00, time=2025-04-11 13:50:11 
jj1 = 615, max_th = 1.893245e+00, time=2025-04-11 13:50:41 
jj1 = 591, max_th = 1.601402e+00, time=2025-04-11 13:52:40 
jj1 = 692, max_th = 4.269853e+00, time=2025-04-11 13:52:53 
jj1 = 783, max_th = 2.690406e+00, time=2025-04-11 13:53:02 
jj1 = 666, max_th = 2.614343e+00, time=2025-04-11 13:53:07 
jj1 = 576, max_th = 2.603661e+00, time=2025-04-11 13:54:38 
jj1 = 889, max_th = 9.516233e-01, time=2025-04-11 13:55:50 
jj1 = 713, max_th = 2.256108e+00, time=2025-04-11 13:56:56 
jj1 = 558, max_th = 2.789076e+00, time=2025-04-11 13:56:59 
jj1 = 665, max_th = 1.226118e+00, time=2025-04-11 13:57:15 
jj1 = 712, max_th = 9.049730e-01, time=2025-04-11 13:57:31 
jj1 = 732, max_th = 1.657595e+00, time=2025-04-11 13:58:34 
jj1 = 557, max_th = 5.554330e-01, time=2025-04-11 13:58:53 
jj1 = 664, max_th = 3.142339e+00, time=2025-04-11 13:59:27 
jj1 = 782, max_th = 2.886525e+00, time=2025-04-11 13:59:57 
jj1 = 556, max_th = 6.461422e-01, time=2025-04-11 14:00:17 
jj1 = 614, max_th = 1.480399e+00, time=2025-04-11 14:02:10 
jj1 = 533, max_th = 1.433696e+00, time=2025-04-11 14:02:48 
jj1 = 613, max_th = 3.088786e+00, time=2025-04-11 14:06:33 
jj1 = 711, max_th = 2.588381e+00, time=2025-04-11 14:06:42 
jj1 = 751, max_th = 1.415035e+00, time=2025-04-11 14:09:17 
jj1 = 731, max_th = 1.204566e+00, time=2025-04-11 14:09:24 
jj1 = 590, max_th = 2.406074e+00, time=2025-04-11 14:11:40 
jj1 = 532, max_th = 1.328049e+00, time=2025-04-11 14:13:18 
jj1 = 903, max_th = 2.421545e+00, time=2025-04-11 14:14:40 
jj1 = 575, max_th = 1.610503e+00, time=2025-04-11 14:14:52 
jj1 = 781, max_th = 2.346908e+00, time=2025-04-11 14:14:58 
jj1 = 691, max_th = 2.033593e+00, time=2025-04-11 14:16:54 
jj1 = 663, max_th = 1.882567e+00, time=2025-04-11 14:19:42 
jj1 = 710, max_th = 1.697016e+00, time=2025-04-11 14:21:20 
jj1 = 730, max_th = 2.600280e+00, time=2025-04-11 14:24:42 
jj1 = 750, max_th = 2.554855e+00, time=2025-04-11 14:24:58 
jj1 = 589, max_th = 2.426315e+00, time=2025-04-11 14:26:17 
jj1 = 574, max_th = 2.602105e+00, time=2025-04-11 14:28:09 
jj1 = 555, max_th = 2.204875e+00, time=2025-04-11 14:31:19 
jj1 = 531, max_th = 1.904373e+00, time=2025-04-11 14:32:37 
jj1 = 798, max_th = 2.824293e+00, time=2025-04-11 14:32:51 
jj1 = 709, max_th = 2.533134e+00, time=2025-04-11 14:32:52 
jj1 = 612, max_th = 2.041761e+00, time=2025-04-11 14:32:58 
jj1 = 780, max_th = 1.611817e+00, time=2025-04-11 14:33:16 
jj1 = 690, max_th = 1.853557e+00, time=2025-04-11 14:36:40 
jj1 = 902, max_th = 2.032691e+00, time=2025-04-11 14:36:57 
jj1 = 779, max_th = 9.601886e-01, time=2025-04-11 14:37:08 
jj1 = 901, max_th = 3.369278e+00, time=2025-04-11 14:37:15 
jj1 = 662, max_th = 2.320835e+00, time=2025-04-11 14:39:38 
jj1 = 749, max_th = 1.854146e+00, time=2025-04-11 14:44:26 
jj1 = 689, max_th = 2.764670e+00, time=2025-04-11 14:45:20 
jj1 = 611, max_th = 1.742243e+00, time=2025-04-11 14:46:07 
jj1 = 610, max_th = 2.684011e+00, time=2025-04-11 14:52:34 
jj1 = 530, max_th = 1.989374e+00, time=2025-04-11 14:52:50 
jj1 = 729, max_th = 1.812307e+00, time=2025-04-11 14:53:36 
jj1 = 573, max_th = 1.888790e+00, time=2025-04-11 14:55:05 
jj1 = 888, max_th = 1.962362e+00, time=2025-04-11 14:55:10 
jj1 = 554, max_th = 2.129020e+00, time=2025-04-11 14:56:33 
jj1 = 898, max_th = 1.736003e+00, time=2025-04-11 14:56:44 
jj1 = 808, max_th = 1.880989e+00, time=2025-04-11 15:02:31 
jj1 = 797, max_th = 1.878688e+00, time=2025-04-11 15:03:43 
jj1 = 661, max_th = 2.108764e+00, time=2025-04-11 15:03:45 
jj1 = 900, max_th = 1.934620e+00, time=2025-04-11 15:04:27 
jj1 = 878, max_th = 1.994620e+00, time=2025-04-11 15:04:54 
jj1 = 807, max_th = 7.548707e-01, time=2025-04-11 15:06:29 
jj1 = 553, max_th = 2.414522e+00, time=2025-04-11 15:09:51 
jj1 = 887, max_th = 1.847604e+00, time=2025-04-11 15:12:28 
jj1 = 529, max_th = 1.909227e+00, time=2025-04-11 15:13:14 
jj1 = 609, max_th = 2.580953e+00, time=2025-04-11 15:14:57 
jj1 = 806, max_th = 1.453566e+00, time=2025-04-11 15:15:33 
jj1 = 572, max_th = 1.768559e+00, time=2025-04-11 15:17:13 
jj1 = 897, max_th = 2.212317e+00, time=2025-04-11 15:17:43 
jj1 = 899, max_th = 1.414874e+00, time=2025-04-11 15:18:40 
jj1 = 828, max_th = 1.912095e+00, time=2025-04-11 15:19:41 
jj1 = 877, max_th = 1.619734e+00, time=2025-04-11 15:20:00 
jj1 = 805, max_th = 2.929808e+00, time=2025-04-11 15:20:04 
jj1 = 818, max_th = 2.520028e+00, time=2025-04-11 15:20:07 
jj1 = 660, max_th = 2.044059e+00, time=2025-04-11 15:20:14 
jj1 = 796, max_th = 2.417938e+00, time=2025-04-11 15:22:51 
jj1 = 804, max_th = 1.022881e+00, time=2025-04-11 15:23:48 
jj1 = 876, max_th = 2.648539e+00, time=2025-04-11 15:28:45 
jj1 = 552, max_th = 1.642822e+00, time=2025-04-11 15:30:16 
jj1 = 817, max_th = 1.804381e+00, time=2025-04-11 15:31:21 
jj1 = 896, max_th = 1.901216e+00, time=2025-04-11 15:36:06 
jj1 = 827, max_th = 1.570358e+00, time=2025-04-11 15:38:41 
jj1 = 908, max_th = 1.825295e+00, time=2025-04-11 15:39:48 
jj1 = 838, max_th = 2.266155e+00, time=2025-04-11 15:42:15 
jj1 = 803, max_th = 1.797744e+00, time=2025-04-11 15:43:03 
jj1 = 886, max_th = 1.690778e+00, time=2025-04-11 15:44:27 
jj1 = 659, max_th = 2.158688e+00, time=2025-04-11 15:45:31 
jj1 = 875, max_th = 2.389843e+00, time=2025-04-11 15:46:37 
jj1 = 795, max_th = 2.116210e+00, time=2025-04-11 15:48:36 
jj1 = 658, max_th = 2.974138e+00, time=2025-04-11 15:50:28 
jj1 = 551, max_th = 1.694538e+00, time=2025-04-11 15:50:39 
jj1 = 816, max_th = 2.825470e+00, time=2025-04-11 15:51:45 
jj1 = 571, max_th = 2.153693e+00, time=2025-04-11 15:52:59 
jj1 = 895, max_th = 2.104215e+00, time=2025-04-11 15:54:16 
jj1 = 874, max_th = 1.207055e+00, time=2025-04-11 15:57:07 
jj1 = 657, max_th = 2.882607e+00, time=2025-04-11 15:57:18 
jj1 = 837, max_th = 2.285274e+00, time=2025-04-11 16:02:51 
jj1 = 826, max_th = 1.996233e+00, time=2025-04-11 16:03:31 
jj1 = 907, max_th = 2.338281e+00, time=2025-04-11 16:04:22 
jj1 = 550, max_th = 1.321049e+00, time=2025-04-11 16:06:51 
jj1 = 815, max_th = 2.602328e+00, time=2025-04-11 16:06:58 
jj1 = 885, max_th = 2.316790e+00, time=2025-04-11 16:09:20 
jj1 = 802, max_th = 2.267252e+00, time=2025-04-11 16:09:29 
jj1 = 894, max_th = 1.804201e+00, time=2025-04-11 16:14:35 
jj1 = 873, max_th = 2.326761e+00, time=2025-04-11 16:15:25 
jj1 = 656, max_th = 1.421706e+00, time=2025-04-11 16:16:08 
jj1 = 923, max_th = 1.149652e+00, time=2025-04-11 16:16:17 
jj1 = 906, max_th = 2.301149e+00, time=2025-04-11 16:18:22 
jj1 = 794, max_th = 2.478746e+00, time=2025-04-11 16:18:30 
jj1 = 814, max_th = 2.474601e+00, time=2025-04-11 16:18:38 
jj1 = 922, max_th = 3.150870e+00, time=2025-04-11 16:20:10 
jj1 = 884, max_th = 2.458707e+00, time=2025-04-11 16:21:14 
jj1 = 825, max_th = 1.804080e+00, time=2025-04-11 16:22:17 
jj1 = 836, max_th = 1.776125e+00, time=2025-04-11 16:24:14 
jj1 = 549, max_th = 1.527104e+00, time=2025-04-11 16:24:36 
jj1 = 801, max_th = 2.396240e+00, time=2025-04-11 16:25:29 
jj1 = 872, max_th = 2.669133e+00, time=2025-04-11 16:26:14 
jj1 = 813, max_th = 2.651403e+00, time=2025-04-11 16:28:39 
jj1 = 905, max_th = 2.350939e+00, time=2025-04-11 16:31:13 
jj1 = 655, max_th = 2.471302e+00, time=2025-04-11 16:32:33 
jj1 = 793, max_th = 2.574643e+00, time=2025-04-11 16:34:27 
jj1 = 800, max_th = 1.325029e+00, time=2025-04-11 16:35:59 
jj1 = 824, max_th = 2.179616e+00, time=2025-04-11 16:38:48 
jj1 = 904, max_th = 2.710085e+00, time=2025-04-11 16:39:48 
jj1 = 921, max_th = 2.211188e+00, time=2025-04-11 16:39:51 
jj1 = 570, max_th = 2.034265e+00, time=2025-04-11 16:40:46 
jj1 = 799, max_th = 2.835277e+00, time=2025-04-11 16:41:35 
jj1 = 835, max_th = 2.602979e+00, time=2025-04-11 16:41:37 
jj1 = 952, max_th = 1.039983e+00, time=2025-04-11 16:43:54 
jj1 = 933, max_th = 8.169300e-01, time=2025-04-11 16:43:54 
jj1 = 654, max_th = 1.189355e+00, time=2025-04-11 16:44:06 
jj1 = 871, max_th = 2.181613e+00, time=2025-04-11 16:44:24 
jj1 = 812, max_th = 2.313355e+00, time=2025-04-11 16:45:35 
jj1 = 883, max_th = 4.279612e-01, time=2025-04-11 16:46:01 
jj1 = 858, max_th = 1.512388e+00, time=2025-04-11 16:46:20 
jj1 = 920, max_th = 1.208020e+00, time=2025-04-11 16:46:56 
jj1 = 823, max_th = 2.111054e+00, time=2025-04-11 16:49:53 
jj1 = 932, max_th = 1.381532e+00, time=2025-04-11 16:55:38 
jj1 = 882, max_th = 1.214357e+00, time=2025-04-11 16:56:28 
jj1 = 951, max_th = 1.688914e+00, time=2025-04-11 16:56:59 
jj1 = 792, max_th = 1.963661e+00, time=2025-04-11 16:59:26 
jj1 = 881, max_th = 1.046761e+00, time=2025-04-11 17:00:33 
jj1 = 834, max_th = 1.597973e+00, time=2025-04-11 17:01:51 
jj1 = 857, max_th = 2.033475e+00, time=2025-04-11 17:01:58 
jj1 = 931, max_th = 9.116840e-01, time=2025-04-11 17:02:37 
jj1 = 822, max_th = 2.440876e+00, time=2025-04-11 17:02:50 
jj1 = 653, max_th = 2.214034e+00, time=2025-04-11 17:02:57 
jj1 = 569, max_th = 2.017666e+00, time=2025-04-11 17:03:38 
jj1 = 870, max_th = 1.667385e+00, time=2025-04-11 17:04:00 
jj1 = 811, max_th = 1.885661e+00, time=2025-04-11 17:05:31 
jj1 = 880, max_th = 1.308348e+00, time=2025-04-11 17:10:54 
jj1 = 821, max_th = 2.596117e+00, time=2025-04-11 17:11:46 
jj1 = 919, max_th = 2.220253e+00, time=2025-04-11 17:13:04 
jj1 = 930, max_th = 1.740880e+00, time=2025-04-11 17:16:02 
jj1 = 833, max_th = 1.947953e+00, time=2025-04-11 17:18:17 
jj1 = 869, max_th = 2.680108e+00, time=2025-04-11 17:18:59 
jj1 = 856, max_th = 1.951615e+00, time=2025-04-11 17:19:11 
jj1 = 810, max_th = 2.469060e+00, time=2025-04-11 17:20:36 
jj1 = 868, max_th = 2.154795e+00, time=2025-04-11 17:20:39 
jj1 = 950, max_th = 2.023763e+00, time=2025-04-11 17:21:02 
jj1 = 791, max_th = 1.726524e+00, time=2025-04-11 17:22:09 
jj1 = 790, max_th = -1.804071e-01, time=2025-04-11 17:22:38 
jj1 = 879, max_th = 1.489117e+00, time=2025-04-11 17:23:15 
jj1 = 652, max_th = 1.979962e+00, time=2025-04-11 17:27:36 
jj1 = 956, max_th = 1.644141e+00, time=2025-04-11 17:28:35 
jj1 = 820, max_th = 1.593259e+00, time=2025-04-11 17:30:24 
jj1 = 928, max_th = 2.724931e+00, time=2025-04-11 17:30:42 
jj1 = 855, max_th = 2.452524e+00, time=2025-04-11 17:30:54 
jj1 = 949, max_th = 1.247944e+00, time=2025-04-11 17:32:36 
jj1 = 929, max_th = 2.185798e+00, time=2025-04-11 17:34:15 
jj1 = 867, max_th = 1.708895e+00, time=2025-04-11 17:34:31 
jj1 = 789, max_th = 2.543857e+00, time=2025-04-11 17:37:05 
jj1 = 964, max_th = 1.023054e+00, time=2025-04-11 17:37:46 
jj1 = 819, max_th = 1.175481e+00, time=2025-04-11 17:38:59 
jj1 = 832, max_th = 2.013497e+00, time=2025-04-11 17:39:54 
jj1 = 913, max_th = 7.239351e-01, time=2025-04-11 17:40:04 
jj1 = 938, max_th = 1.179411e+00, time=2025-04-11 17:40:12 
jj1 = 968, max_th = 1.223973e+00, time=2025-04-11 17:40:57 
jj1 = 809, max_th = 1.530301e+00, time=2025-04-11 17:41:54 
jj1 = 912, max_th = 7.527791e-01, time=2025-04-11 17:45:28 
jj1 = 918, max_th = 1.936663e+00, time=2025-04-11 17:45:43 
jj1 = 955, max_th = 2.150935e+00, time=2025-04-11 17:46:47 
jj1 = 651, max_th = 1.935432e+00, time=2025-04-11 17:47:40 
jj1 = 854, max_th = 1.677588e+00, time=2025-04-11 17:47:56 
jj1 = 866, max_th = 2.431160e+00, time=2025-04-11 17:49:23 
jj1 = 831, max_th = 1.339924e+00, time=2025-04-11 17:49:46 
jj1 = 963, max_th = 2.485275e+00, time=2025-04-11 17:50:37 
jj1 = 830, max_th = 1.227698e+00, time=2025-04-11 17:54:39 
jj1 = 927, max_th = 2.468812e+00, time=2025-04-11 17:55:31 
jj1 = 917, max_th = 2.651668e+00, time=2025-04-11 17:57:00 
jj1 = 943, max_th = 2.130273e+00, time=2025-04-11 18:00:41 
jj1 = 937, max_th = 1.927434e+00, time=2025-04-11 18:01:05 
jj1 = 829, max_th = 2.354095e+00, time=2025-04-11 18:02:24 
jj1 = 967, max_th = 2.185202e+00, time=2025-04-11 18:02:58 
jj1 = 948, max_th = 3.075619e+00, time=2025-04-11 18:03:28 
jj1 = 954, max_th = 2.132438e+00, time=2025-04-11 18:03:46 
jj1 = 650, max_th = 1.895488e+00, time=2025-04-11 18:07:04 
jj1 = 853, max_th = 2.326660e+00, time=2025-04-11 18:07:32 
jj1 = 865, max_th = 1.785927e+00, time=2025-04-11 18:07:35 
jj1 = 962, max_th = 2.125813e+00, time=2025-04-11 18:08:53 
jj1 = 916, max_th = 1.860895e+00, time=2025-04-11 18:10:53 
jj1 = 911, max_th = 1.687372e+00, time=2025-04-11 18:11:34 
jj1 = 947, max_th = 2.282286e+00, time=2025-04-11 18:12:08 
jj1 = 953, max_th = 1.435929e+00, time=2025-04-11 18:14:00 
jj1 = 926, max_th = 1.797145e+00, time=2025-04-11 18:14:21 
jj1 = 942, max_th = 2.036824e+00, time=2025-04-11 18:16:09 
jj1 = 966, max_th = 2.301771e+00, time=2025-04-11 18:16:41 
jj1 = 915, max_th = 1.297873e+00, time=2025-04-11 18:17:25 
jj1 = 961, max_th = 2.647776e+00, time=2025-04-11 18:19:24 
jj1 = 910, max_th = 1.454670e+00, time=2025-04-11 18:20:59 
jj1 = 946, max_th = 2.370573e+00, time=2025-04-11 18:21:23 
jj1 = 936, max_th = 2.002803e+00, time=2025-04-11 18:21:51 
jj1 = 914, max_th = 1.781110e+00, time=2025-04-11 18:26:04 
jj1 = 864, max_th = 2.057572e+00, time=2025-04-11 18:26:21 
jj1 = 852, max_th = 1.831377e+00, time=2025-04-11 18:27:02 
jj1 = 976, max_th = 2.361806e+00, time=2025-04-11 18:28:16 
jj1 = 925, max_th = 2.337879e+00, time=2025-04-11 18:30:14 
jj1 = 649, max_th = 2.073761e+00, time=2025-04-11 18:32:03 
jj1 = 941, max_th = 2.005064e+00, time=2025-04-11 18:32:04 
jj1 = 940, max_th = 7.435352e-01, time=2025-04-11 18:33:04 
jj1 = 909, max_th = 2.302431e+00, time=2025-04-11 18:35:55 
jj1 = 965, max_th = 2.135865e+00, time=2025-04-11 18:37:24 
jj1 = 945, max_th = 2.018802e+00, time=2025-04-11 18:38:58 
jj1 = 984, max_th = 2.457092e+00, time=2025-04-11 18:40:27 
jj1 = 939, max_th = 2.895307e+00, time=2025-04-11 18:40:38 
jj1 = 851, max_th = 1.632887e+00, time=2025-04-11 18:41:40 
jj1 = 935, max_th = 1.987010e+00, time=2025-04-11 18:45:18 
jj1 = 944, max_th = 1.302601e+00, time=2025-04-11 18:45:44 
jj1 = 975, max_th = 2.019264e+00, time=2025-04-11 18:47:01 
jj1 = 863, max_th = 2.271358e+00, time=2025-04-11 18:47:37 
jj1 = 848, max_th = 2.312419e+00, time=2025-04-11 18:49:40 
jj1 = 983, max_th = 1.458849e+00, time=2025-04-11 18:49:47 
jj1 = 850, max_th = 2.734017e+00, time=2025-04-11 18:50:23 
jj1 = 924, max_th = 2.181675e+00, time=2025-04-11 18:50:29 
jj1 = 999, max_th = 2.827641e+00, time=2025-04-11 18:51:58 
jj1 = 996, max_th = 1.529634e+00, time=2025-04-11 18:53:09 
jj1 = 988, max_th = 2.054953e+00, time=2025-04-11 18:54:25 
jj1 = 982, max_th = 1.490469e+00, time=2025-04-11 18:56:04 
jj1 = 998, max_th = 2.184088e+00, time=2025-04-11 18:57:35 
jj1 = 992, max_th = 1.882112e+00, time=2025-04-11 18:58:05 
jj1 = 934, max_th = 2.345232e+00, time=2025-04-11 19:01:11 
jj1 = 862, max_th = 1.693345e+00, time=2025-04-11 19:02:22 
jj1 = 974, max_th = 2.521669e+00, time=2025-04-11 19:03:22 
jj1 = 980, max_th = 1.937180e+00, time=2025-04-11 19:04:15 
jj1 = 849, max_th = 1.717997e+00, time=2025-04-11 19:04:18 
jj1 = 847, max_th = 1.681414e+00, time=2025-04-11 19:05:23 
jj1 = 987, max_th = 1.514932e+00, time=2025-04-11 19:08:35 
jj1 = 981, max_th = 2.491006e+00, time=2025-04-11 19:08:58 
jj1 = 846, max_th = 2.778823e+00, time=2025-04-11 19:10:51 
jj1 = 979, max_th = 2.340744e+00, time=2025-04-11 19:10:59 
jj1 = 995, max_th = 1.729963e+00, time=2025-04-11 19:11:49 
jj1 = 991, max_th = 2.049610e+00, time=2025-04-11 19:13:36 
jj1 = 861, max_th = 2.249769e+00, time=2025-04-11 19:13:56 
jj1 = 860, max_th = 4.090246e-01, time=2025-04-11 19:14:29 
jj1 = 997, max_th = 1.746807e+00, time=2025-04-11 19:14:41 
jj1 = 973, max_th = 2.204576e+00, time=2025-04-11 19:16:52 
jj1 = 960, max_th = 1.504427e+00, time=2025-04-11 19:19:42 
jj1 = 845, max_th = 2.535534e+00, time=2025-04-11 19:21:07 
jj1 = 978, max_th = 2.036011e+00, time=2025-04-11 19:21:59 
jj1 = 844, max_th = 2.969263e+00, time=2025-04-11 19:22:11 
jj1 = 977, max_th = 1.029400e+00, time=2025-04-11 19:23:58 
jj1 = 986, max_th = 2.009630e+00, time=2025-04-11 19:24:33 
jj1 = 990, max_th = 2.081933e+00, time=2025-04-11 19:26:24 
jj1 = 1000, max_th = 2.391366e+00, time=2025-04-11 19:26:26 
jj1 = 994, max_th = 2.019834e+00, time=2025-04-11 19:30:46 
jj1 = 993, max_th = 8.835253e-01, time=2025-04-11 19:32:37 
jj1 = 843, max_th = 2.404618e+00, time=2025-04-11 19:34:34 
jj1 = 985, max_th = 2.277523e+00, time=2025-04-11 19:38:09 
jj1 = 989, max_th = 2.028790e+00, time=2025-04-11 19:38:11 
jj1 = 959, max_th = 1.472447e+00, time=2025-04-11 19:38:28 
jj1 = 859, max_th = 1.841117e+00, time=2025-04-11 19:38:57 
jj1 = 958, max_th = 3.157178e+00, time=2025-04-11 19:39:49 
jj1 = 842, max_th = 2.119686e+00, time=2025-04-11 19:44:57 
jj1 = 972, max_th = 2.592224e+00, time=2025-04-11 19:45:03 
jj1 = 957, max_th = 2.340442e+00, time=2025-04-11 19:46:28 
jj1 = 971, max_th = 2.794305e+00, time=2025-04-11 19:48:01 
jj1 = 841, max_th = 2.051875e+00, time=2025-04-11 19:52:18 
jj1 = 970, max_th = 1.897561e+00, time=2025-04-11 19:54:42 
jj1 = 840, max_th = 1.843671e+00, time=2025-04-11 19:59:24 
jj1 = 969, max_th = 2.037945e+00, time=2025-04-11 20:01:31 
jj1 = 839, max_th = 2.211503e+00, time=2025-04-11 20:05:39 
>> >> >> >> >> >> >> >> >> 