MATLAB is selecting SOFTWARE OPENGL rendering.

                            < M A T L A B (R) >
                  Copyright 1984-2021 The MathWorks, Inc.
                  R2021b (9.11.0.1769968) 64-bit (glnxa64)
                             September 17, 2021

 
To get started, type doc.
For product information, visit www.mathworks.com.
 
>> >> >> >> >> >> >> >> >> >> >> >> >> >> >> >> >> >> >> Starting parallel pool (parpool) using the 'local' profile ...
[Warning: A task was unexpectedly found in state: Unavailable.] 
[> In parallel.cluster.Local/deriveJobStateFromTasks (line 29)
In parallel.cluster/Local/getJobState (line 174)
In parallel.cluster/CJSCluster/hGetJobState (line 375)
In parallel.internal.cluster/CJSJobMixin/hGetStateEnum (line 175)
In parallel/Job/get.StateEnum (line 247)
In parallel/Job/get.State (line 239)
In parallel.internal.customattr.CustomGetSet>iVectorisedGetHelper (line 128)
In parallel.internal.customattr.CustomGetSet>@(a,b,c)iVectorisedGetHelper(obj,a,b,c) (line 102)
In parallel.internal.customattr/CustomGetSet/doVectorisedGet (line 103)
In parallel.internal.customattr/CustomGetSet/hVectorisedGet (line 76)
In parallel.internal.customattr.GetSetImpl>iAccessProperties (line 322)
In parallel.internal.customattr.GetSetImpl>iGetAllPropertiesVec (line 264)
In parallel.internal.customattr/GetSetImpl/getImpl (line 133)
In parallel.internal.customattr.CustomGetSet>iHetFunGetFunction (line 154)
In parallel.internal.customattr.CustomGetSet>@(o)iHetFunGetFunction(o,props) (line 139)
In parallel.internal.cluster.hetfun (line 46)
In parallel.internal.customattr.CustomGetSet>iHetFunGetProperty (line 139)
In parallel.internal.customattr/CustomGetSet/get (line 38)
In parallel.internal.pool/AbstractInteractiveClient/pRemoveOldJobs (line 211)
In parallel.internal.pool/AbstractInteractiveClient/start (line 103)
In parallel.internal.pool.AbstractClusterPool>iStartClient (line 831)
In parallel.internal.pool/AbstractClusterPool/hBuildPool (line 585)
In parallel.internal.pool.doParpool (line 22)
In parpool (line 123)
In parallel.internal.parpool.getOrCreateCurrentPool (line 17)
In parallel.internal.pool/PoolArrayManager/getOrAutoCreateWithCleanup (line 44)
In pctTryCreatePoolIfNecessary (line 28)
In parallel_function (line 423)
In fn_measure (line 41)] 
Connected to the parallel pool (number of workers: 12).
Error of vP is 5.309311e-08 
Error of vP is 8.811671e-08 
Error of vP is 9.011998e-08 
Error of vP is 1.735223e-07 
Error of vP is 6.048553e-08 
Error of vP is 7.038645e-08 
Error of vP is 6.893091e-08 
Error of vP is 6.528138e-08 
Error of vP is 8.517633e-08 
Error of vP is 6.422988e-08 
Error of vP is 5.898315e-08 
Error of vP is 7.829916e-08 
Error of vP is 1.018559e-07 
Error of vP is 7.006555e-08 
Error of vP is 5.100159e-08 
Error of vP is 6.081061e-08 
Error of vP is 6.668261e-08 
Error of vP is 9.032501e-08 
Error of vP is 7.615724e-08 
Error of vP is 8.297116e-08 
Error of vP is 5.573414e-08 
Error of vP is 5.974026e-08 
Error of vP is 6.958178e-08 
Error of vP is 6.666817e-08 
Error of vP is 1.047916e-07 
Error of vP is 8.122141e-08 
Error of vP is 7.609355e-08 
Error of vP is 7.128791e-08 
Error of vP is 8.923065e-08 
Error of vP is 6.675652e-08 
Error of vP is 7.648573e-08 
Error of vP is 8.862450e-08 
Error of vP is 1.128971e-07 
Error of vP is 8.349507e-08 
Error of vP is 5.317606e-08 
Error of vP is 5.762573e-08 
Error of vP is 8.263281e-08 
Error of vP is 8.341010e-08 
Error of vP is 5.906025e-08 
Error of vP is 1.097327e-07 
Error of vP is 7.099179e-08 
Error of vP is 8.748869e-08 
Error of vP is 5.898349e-08 
Error of vP is 6.137896e-08 
Error of vP is 1.100841e-07 
Error of vP is 2.482166e-07 
Error of vP is 1.088650e-07 
Error of vP is 5.043068e-08 
Error of vP is 3.222804e-07 
Error of vP is 2.459049e-07 
Error of vP is 1.057991e-07 
Error of vP is 4.177450e-07 
Error of vP is 2.909631e-07 
Error of vP is 3.685423e-07 
Error of vP is 1.775805e-07 
Error of vP is 1.117767e-07 
Error of vP is 5.264348e-07 
Error of vP is 3.984242e-07 
Error of vP is 1.177165e-07 
Error of vP is 1.471724e-07 
Error of vP is 1.365946e-07 
Error of vP is 8.066737e-08 
Error of vP is 1.397908e-07 
Error of vP is 2.258622e-07 
Error of vP is 1.465562e-07 
Error of vP is 4.602855e-07 
Error of vP is 9.713364e-07 
Error of vP is 3.345076e-07 
Error of vP is 5.583009e-07 
Error of vP is 5.983706e-07 
Error of vP is 2.749743e-07 
Error of vP is 4.617933e-07 
Error of vP is 5.558947e-08 
Error of vP is 2.609392e-07 
Error of vP is 1.236981e-07 
Error of vP is 8.986486e-08 
Error of vP is 8.208848e-08 
Error of vP is 2.650626e-07 
Error of vP is 2.281301e-07 
Error of vP is 1.449261e-07 
Error of vP is 1.706638e-07 
Error of vP is 2.267221e-07 
Error of vP is 1.894031e-07 
Error of vP is 6.657150e-08 
Error of vP is 7.977796e-08 
Error of vP is 3.702312e-07 
Error of vP is 2.706964e-07 
Error of vP is 3.059698e-07 
Error of vP is 7.518613e-08 
Error of vP is 1.149638e-07 
Error of vP is 3.141431e-07 
Error of vP is 5.852905e-08 
Error of vP is 5.236308e-07 
Error of vP is 1.669546e-07 
Error of vP is 4.689490e-07 
Error of vP is 3.033402e-07 
Error of vP is 5.460409e-08 
Error of vP is 3.944488e-07 
Error of vP is 7.594834e-08 
Error of vP is 9.885793e-07 
Error of vP is 5.472672e-08 
Error of vP is 1.108603e-07 
Error of vP is 4.073249e-07 
Error of vP is 1.078599e-07 
Error of vP is 9.601766e-08 
Error of vP is 4.373633e-07 
Error of vP is 1.589683e-07 
Error of vP is 2.949600e-07 
Error of vP is 5.311511e-08 
Error of vP is 1.318553e-07 
Error of vP is 9.017300e-08 
Error of vP is 8.151021e-08 
Error of vP is 5.690600e-08 
Error of vP is 5.990149e-08 
Error of vP is 8.129458e-08 
Error of vP is 9.888081e-08 
Error of vP is 8.475637e-08 
Error of vP is 6.373944e-08 
Error of vP is 5.242839e-08 
Error of vP is 6.039281e-08 
Error of vP is 5.269515e-08 
Error of vP is 5.140192e-08 
Error of vP is 5.526818e-08 
Error of vP is 5.588473e-08 
Error of vP is 5.188705e-08 
Error of vP is 7.713997e-08 
Error of vP is 8.615122e-08 
Error of vP is 1.100350e-07 
Error of vP is 1.275097e-07 
Error of vP is 8.534454e-08 
Error of vP is 1.445967e-07 
Error of vP is 1.107749e-07 
Error of vP is 2.318562e-07 
Error of vP is 1.477385e-07 
Error of vP is 2.198021e-07 
Error of vP is 9.143922e-08 
Error of vP is 7.710271e-08 
Error of vP is 1.296952e-07 
Error of vP is 5.014993e-08 
Error of vP is 1.052849e-07 
Error of vP is 1.283002e-07 
Error of vP is 1.639620e-07 
Error of vP is 1.977047e-07 
Error of vP is 1.525538e-07 
Error of vP is 9.207555e-08 
Error of vP is 2.002004e-07 
Error of vP is 4.563528e-07 
Error of vP is 2.361915e-07 
Error of vP is 3.857478e-07 
Error of vP is 5.981742e-08 
Error of vP is 1.122575e-07 
Error of vP is 6.118298e-08 
Error of vP is 1.205023e-07 
Error of vP is 1.365264e-07 
Error of vP is 1.078729e-07 
Error of vP is 1.236421e-07 
Error of vP is 1.798816e-07 
Error of vP is 1.041920e-07 
Error of vP is 1.906274e-07 
Error of vP is 2.129147e-07 
Error of vP is 6.678186e-08 
Error of vP is 2.865166e-07 
Error of vP is 7.835966e-08 
Error of vP is 6.998162e-08 
Error of vP is 1.504135e-07 
Error of vP is 2.970589e-07 
Error of vP is 1.442972e-07 
Error of vP is 9.991694e-08 
Error of vP is 8.355199e-08 
Error of vP is 3.187663e-07 
Error of vP is 9.406026e-08 
Error of vP is 1.106492e-07 
Error of vP is 2.098616e-07 
Error of vP is 1.045645e-07 
Error of vP is 1.739956e-07 
Error of vP is 6.363320e-08 
Error of vP is 2.552317e-07 
Error of vP is 2.022500e-07 
Error of vP is 1.140290e-07 
Error of vP is 1.708826e-07 
Error of vP is 8.291380e-08 
Error of vP is 4.483456e-07 
Error of vP is 1.698662e-07 
Error of vP is 8.699544e-08 
Error of vP is 6.618904e-08 
Error of vP is 5.888051e-08 
Error of vP is 5.779102e-08 
Error of vP is 6.709326e-08 
Error of vP is 5.321815e-08 
Error of vP is 5.787412e-08 
Error of vP is 7.428812e-08 
Error of vP is 6.893082e-08 
Error of vP is 6.401235e-08 
Error of vP is 8.850751e-08 
Error of vP is 9.867317e-08 
Error of vP is 5.650679e-08 
Error of vP is 5.011189e-08 
Error of vP is 6.174403e-08 
Error of vP is 5.016988e-08 
Error of vP is 5.439710e-08 
Error of vP is 8.513899e-08 
Error of vP is 5.748555e-08 
Error of vP is 1.011401e-07 
Error of vP is 6.564535e-08 
Error of vP is 6.519439e-08 
Error of vP is 5.910303e-08 
Error of vP is 5.811556e-08 
Error of vP is 6.828055e-08 
Error of vP is 7.443903e-08 
Error of vP is 1.290908e-07 
Error of vP is 1.302926e-07 
Error of vP is 7.430518e-08 
Error of vP is 1.222078e-07 
Error of vP is 6.970743e-08 
Error of vP is 6.090952e-08 
Error of vP is 5.607596e-08 
Error of vP is 7.825992e-08 
Error of vP is 5.122149e-08 
Error of vP is 6.561356e-08 
Error of vP is 8.281719e-08 
Error of vP is 1.071037e-07 
Error of vP is 5.157367e-08 
Error of vP is 2.121452e-07 
Error of vP is 1.589196e-07 
Error of vP is 1.478564e-07 
Error of vP is 5.360702e-07 
Error of vP is 6.644076e-08 
Error of vP is 6.263745e-08 
Error of vP is 1.716935e-07 
Error of vP is 6.489886e-08 
Error of vP is 1.224390e-07 
Error of vP is 5.929144e-07 
Error of vP is 1.430363e-07 
Error of vP is 8.771562e-08 
Error of vP is 1.633111e-07 
Error of vP is 1.140509e-07 
Error of vP is 1.269377e-07 
Error of vP is 7.619434e-08 
Error of vP is 1.917064e-07 
Error of vP is 2.124907e-07 
Error of vP is 2.731562e-07 
Error of vP is 2.972140e-07 
Error of vP is 8.671490e-08 
Error of vP is 2.774261e-07 
Error of vP is 3.418566e-07 
Error of vP is 8.206168e-08 
Error of vP is 1.799056e-07 
Error of vP is 7.864808e-08 
Error of vP is 2.132157e-07 
Error of vP is 2.994437e-07 
Error of vP is 2.744206e-07 
Error of vP is 2.447984e-07 
Error of vP is 1.410513e-07 
Error of vP is 3.548907e-07 
Error of vP is 3.258181e-07 
Error of vP is 5.610601e-08 
Error of vP is 3.788987e-07 
Error of vP is 9.157137e-08 
Error of vP is 2.795352e-07 
Error of vP is 8.661912e-07 
Error of vP is 1.828060e-07 
Error of vP is 7.962867e-07 
Error of vP is 4.842422e-07 
Error of vP is 6.938536e-07 
Error of vP is 5.023660e-07 
Error of vP is 4.056382e-07 
Error of vP is 7.379466e-07 
Error of vP is 1.649270e-07 
Error of vP is 1.614239e-07 
Error of vP is 4.858869e-07 
Error of vP is 7.109632e-08 
Error of vP is 7.289367e-08 
Error of vP is 5.164341e-07 
Error of vP is 2.315558e-07 
Error of vP is 1.260564e-07 
Error of vP is 3.801751e-07 
Error of vP is 1.138923e-07 
Error of vP is 4.872519e-07 
Error of vP is 9.896586e-08 
Error of vP is 1.258613e-07 
Error of vP is 8.937456e-08 
Error of vP is 1.025845e-07 
Error of vP is 8.067280e-07 
Error of vP is 1.130040e-07 
Error of vP is 7.397155e-08 
Error of vP is 3.114931e-07 
Error of vP is 3.763501e-07 
Error of vP is 8.120264e-08 
Error of vP is 7.582437e-07 
Error of vP is 1.590668e-07 
Error of vP is 5.323385e-08 
Error of vP is 5.667321e-08 
Error of vP is 1.052276e-07 
Error of vP is 5.792657e-08 
Error of vP is 7.675812e-08 
Error of vP is 1.024841e-07 
Error of vP is 9.290969e-08 
Error of vP is 9.834554e-08 
Error of vP is 6.592345e-08 
Error of vP is 6.413658e-08 
Error of vP is 1.191764e-07 
Error of vP is 1.543476e-07 
Error of vP is 1.171799e-07 
Error of vP is 7.517567e-08 
Error of vP is 5.073077e-08 
Error of vP is 5.726328e-08 
Error of vP is 6.894960e-08 
Error of vP is 7.239864e-08 
Error of vP is 1.482689e-07 
Error of vP is 1.896299e-07 
Error of vP is 6.499357e-08 
Error of vP is 1.574555e-07 
Error of vP is 1.930548e-07 
Error of vP is 8.867770e-08 
Error of vP is 1.131027e-07 
Error of vP is 1.418752e-07 
Error of vP is 1.576727e-07 
Error of vP is 8.924459e-08 
Error of vP is 2.059123e-07 
Error of vP is 6.339563e-08 
Error of vP is 8.742428e-08 
Error of vP is 9.911027e-08 
Error of vP is 6.490105e-08 
Error of vP is 6.354623e-08 
Error of vP is 1.024270e-07 
Error of vP is 2.207330e-07 
Error of vP is 5.635467e-08 
Error of vP is 7.668621e-08 
Error of vP is 7.531100e-08 
Error of vP is 2.680388e-07 
Error of vP is 1.580009e-07 
Error of vP is 8.780022e-08 
Error of vP is 1.291632e-07 
Error of vP is 2.631439e-07 
Error of vP is 5.066563e-08 
Error of vP is 8.044992e-08 
Error of vP is 2.034912e-07 
Error of vP is 6.568940e-08 
Error of vP is 5.967261e-08 
Error of vP is 1.531939e-07 
Error of vP is 1.251808e-07 
Error of vP is 8.120863e-08 
Error of vP is 2.241909e-07 
Error of vP is 1.125754e-07 
Error of vP is 2.289173e-07 
Error of vP is 2.282898e-07 
Error of vP is 2.233689e-07 
Error of vP is 1.000457e-07 
Error of vP is 1.164195e-07 
Error of vP is 1.235514e-07 
Error of vP is 5.634170e-08 
Error of vP is 2.365240e-07 
Error of vP is 1.023280e-07 
Error of vP is 5.420333e-08 
Error of vP is 6.803931e-08 
Error of vP is 8.439318e-08 
Error of vP is 1.428005e-07 
Error of vP is 6.139598e-08 
Error of vP is 1.296035e-07 
Error of vP is 1.050562e-07 
Error of vP is 5.774493e-08 
Error of vP is 1.146905e-07 
Error of vP is 7.750691e-08 
Error of vP is 1.052813e-07 
Error of vP is 1.296984e-07 
Error of vP is 1.575569e-07 
Error of vP is 5.041744e-08 
Error of vP is 9.859744e-08 
Error of vP is 1.079318e-07 
Error of vP is 6.811655e-08 
Error of vP is 3.324640e-07 
Error of vP is 3.714835e-07 
Error of vP is 2.445843e-07 
Error of vP is 1.676819e-07 
Error of vP is 5.940938e-08 
Error of vP is 1.600991e-07 
Error of vP is 1.058867e-07 
Error of vP is 9.814087e-08 
Error of vP is 9.243689e-08 
Error of vP is 9.526807e-08 
Error of vP is 3.867643e-07 
Error of vP is 5.014328e-07 
Error of vP is 1.868153e-07 
Error of vP is 2.295406e-07 
Error of vP is 5.082007e-08 
Error of vP is 2.228344e-07 
Error of vP is 1.670827e-07 
Error of vP is 7.804253e-08 
Error of vP is 1.970749e-07 
Error of vP is 7.115257e-08 
Error of vP is 1.131881e-07 
Error of vP is 1.987492e-07 
Error of vP is 1.303878e-06 
Error of vP is 2.778695e-07 
Error of vP is 1.620068e-07 
Error of vP is 4.145115e-07 
Error of vP is 5.999722e-07 
Error of vP is 6.014023e-08 
Error of vP is 8.975227e-08 
Error of vP is 1.073132e-07 
Error of vP is 6.623492e-08 
Error of vP is 1.503146e-07 
Error of vP is 1.280595e-07 
Error of vP is 6.237048e-08 
Error of vP is 1.169139e-07 
Error of vP is 8.344595e-08 
Error of vP is 8.574151e-08 
Error of vP is 8.119346e-08 
Error of vP is 5.842335e-08 
Error of vP is 5.636485e-08 
Error of vP is 6.133876e-08 
Error of vP is 5.907557e-08 
Error of vP is 7.447225e-08 
Error of vP is 7.515119e-08 
Error of vP is 2.184445e-07 
Error of vP is 5.055571e-08 
Error of vP is 5.321032e-08 
Error of vP is 2.404456e-07 
Error of vP is 1.247525e-07 
Error of vP is 5.744147e-08 
Error of vP is 7.141157e-08 
Error of vP is 5.892261e-08 
Error of vP is 5.392092e-08 
Error of vP is 8.158657e-08 
Error of vP is 5.802909e-08 
Error of vP is 7.847307e-07 
Error of vP is 7.056698e-08 
Error of vP is 5.613680e-08 
Error of vP is 8.625860e-08 
Error of vP is 5.117286e-08 
Error of vP is 5.688255e-08 
Error of vP is 6.147979e-08 
Error of vP is 9.071171e-08 
Error of vP is 5.466419e-08 
Error of vP is 7.087961e-08 
Error of vP is 5.280074e-08 
Error of vP is 6.474869e-08 
Error of vP is 1.119801e-07 
Error of vP is 6.011259e-08 
Error of vP is 5.074446e-08 
Error of vP is 9.273550e-08 
Error of vP is 5.782595e-08 
Error of vP is 6.190782e-08 
Error of vP is 6.988304e-08 
Error of vP is 6.011909e-08 
Error of vP is 5.036355e-08 
Error of vP is 1.475742e-07 
Error of vP is 1.030745e-07 
Error of vP is 1.539171e-07 
Error of vP is 1.014771e-07 
Error of vP is 6.513015e-08 
Error of vP is 8.422757e-08 
Error of vP is 3.796971e-07 
Error of vP is 9.410387e-08 
Error of vP is 5.461614e-08 
Error of vP is 1.640926e-07 
Error of vP is 7.251682e-08 
Error of vP is 1.019106e-07 
Error of vP is 2.953665e-07 
Error of vP is 1.408498e-07 
Error of vP is 7.192179e-08 
Error of vP is 5.396795e-08 
Error of vP is 5.932103e-08 
Error of vP is 1.429921e-07 
Error of vP is 9.996954e-08 
Error of vP is 5.138199e-08 
Error of vP is 5.638104e-08 
Error of vP is 1.129062e-07 
Error of vP is 1.348528e-07 
Error of vP is 7.422328e-08 
Error of vP is 1.937428e-07 
Error of vP is 1.944199e-07 
Error of vP is 5.810032e-08 
Error of vP is 5.272361e-08 
Error of vP is 7.551161e-08 
Error of vP is 7.497601e-08 
Error of vP is 1.483466e-07 
Error of vP is 5.654226e-08 
Error of vP is 5.722023e-08 
Error of vP is 5.161027e-08 
Error of vP is 6.553374e-08 
Error of vP is 8.352195e-08 
Error of vP is 8.891169e-08 
Error of vP is 6.856867e-08 
Error of vP is 6.033033e-08 
Error of vP is 6.251907e-08 
Error of vP is 9.462689e-08 
Error of vP is 5.915596e-08 
Error of vP is 7.119431e-08 
Error of vP is 6.281069e-08 
Error of vP is 5.326110e-08 
Error of vP is 5.783437e-08 
Error of vP is 9.226692e-08 
Error of vP is 1.358603e-07 
Error of vP is 1.192790e-07 
Error of vP is 6.486489e-08 
Error of vP is 7.703986e-08 
Error of vP is 1.156451e-07 
Error of vP is 1.032614e-07 
Error of vP is 1.616384e-07 
Error of vP is 7.749518e-08 
Error of vP is 5.660474e-08 
Error of vP is 5.915797e-08 
Error of vP is 6.368372e-08 
Error of vP is 5.256979e-08 
Error of vP is 7.196386e-08 
Error of vP is 8.478509e-08 
Error of vP is 5.268398e-08 
Error of vP is 5.125523e-08 
Error of vP is 6.426414e-08 
Error of vP is 7.253565e-08 
Error of vP is 8.560255e-08 
Error of vP is 1.198471e-07 
Error of vP is 9.495523e-08 
Error of vP is 9.297417e-08 
Error of vP is 1.745569e-07 
Error of vP is 5.053123e-08 
Error of vP is 2.228074e-07 
Error of vP is 1.059384e-07 
Error of vP is 7.158302e-08 
Error of vP is 1.600013e-07 
Error of vP is 7.014065e-08 
Error of vP is 1.006840e-07 
Error of vP is 2.159349e-07 
Error of vP is 1.197338e-07 
Error of vP is 1.105263e-07 
Error of vP is 1.648783e-07 
Error of vP is 5.024206e-08 
Error of vP is 2.019370e-07 
Error of vP is 1.001766e-07 
Error of vP is 1.728172e-07 
Error of vP is 7.823441e-08 
Error of vP is 1.133227e-07 
Error of vP is 1.054568e-07 
Error of vP is 1.092370e-07 
Error of vP is 9.250847e-08 
Error of vP is 7.024099e-08 
Error of vP is 7.465974e-08 
Error of vP is 6.366878e-08 
Error of vP is 9.178712e-08 
Error of vP is 6.609346e-08 
Error of vP is 1.269212e-07 
Error of vP is 6.959774e-08 
Error of vP is 1.006401e-07 
Error of vP is 5.235278e-08 
Error of vP is 5.376978e-08 
Error of vP is 7.911943e-08 
Error of vP is 6.160168e-08 
Error of vP is 5.382071e-08 
Error of vP is 6.007700e-08 
Error of vP is 6.332464e-08 
Error of vP is 9.833025e-08 
Error of vP is 7.188611e-08 
Error of vP is 6.715708e-08 
Error of vP is 7.240545e-08 
Error of vP is 5.897878e-08 
Error of vP is 5.033156e-08 
Error of vP is 5.542111e-08 
Error of vP is 5.356817e-08 
Error of vP is 6.177102e-08 
Error of vP is 1.425528e-07 
Error of vP is 1.150250e-07 
Error of vP is 1.272089e-07 
Error of vP is 1.916397e-07 
Error of vP is 5.869319e-08 
Error of vP is 1.024300e-07 
Error of vP is 9.648369e-08 
Error of vP is 8.693309e-08 
Error of vP is 9.570375e-08 
Error of vP is 1.674399e-07 
Error of vP is 2.044364e-07 
Error of vP is 7.977793e-08 
Error of vP is 6.555272e-08 
Error of vP is 1.282781e-07 
Error of vP is 6.038145e-08 
Error of vP is 5.547666e-08 
Error of vP is 5.787317e-08 
Error of vP is 5.838827e-08 
Error of vP is 6.339957e-08 
Error of vP is 6.975935e-08 
Error of vP is 5.466989e-08 
Error of vP is 5.686749e-08 
Error of vP is 8.022503e-08 
Error of vP is 6.920151e-08 
Error of vP is 5.022882e-08 
Error of vP is 8.517880e-08 
Error of vP is 6.629149e-08 
Error of vP is 7.700950e-08 
Error of vP is 1.111403e-07 
Error of vP is 8.691018e-08 
Error of vP is 7.281195e-08 
Error of vP is 1.241644e-07 
Error of vP is 5.318910e-08 
Error of vP is 7.708905e-08 
Error of vP is 5.301715e-08 
Error of vP is 5.549295e-08 
Error of vP is 6.791826e-08 
Error of vP is 7.290940e-08 
Error of vP is 5.466068e-08 
Error of vP is 5.146451e-08 
Error of vP is 6.583422e-08 
Error of vP is 5.489290e-08 
Error of vP is 7.631106e-08 
Error of vP is 5.330732e-08 
Error of vP is 6.463104e-08 
Error of vP is 7.052081e-08 
Error of vP is 8.485687e-08 
Error of vP is 6.289524e-08 
Error of vP is 1.452462e-07 
Error of vP is 5.261385e-08 
Error of vP is 5.779518e-08 
Error of vP is 5.085366e-08 
Error of vP is 6.208715e-08 
Error of vP is 1.190109e-07 
Error of vP is 1.177402e-07 
Error of vP is 6.798169e-08 
Error of vP is 5.101886e-08 
Error of vP is 8.124105e-08 
Error of vP is 8.826469e-08 
Error of vP is 6.967123e-08 
Error of vP is 1.113453e-07 
Error of vP is 1.219783e-07 
Error of vP is 6.149658e-08 
Error of vP is 5.937632e-08 
Error of vP is 6.255510e-08 
Error of vP is 5.693065e-08 
Error of vP is 5.181739e-08 
Error of vP is 6.243760e-08 
Error of vP is 1.307822e-07 
Error of vP is 2.220160e-07 
Error of vP is 7.613790e-08 
Error of vP is 1.323898e-07 
Error of vP is 5.183352e-08 
Error of vP is 1.688842e-07 
Error of vP is 1.412636e-07 
Error of vP is 1.247351e-07 
Error of vP is 1.696555e-07 
Error of vP is 1.036996e-07 
Error of vP is 5.670775e-08 
Error of vP is 7.497095e-08 
Error of vP is 1.086131e-07 
Error of vP is 1.008881e-07 
Error of vP is 5.131135e-08 
Error of vP is 5.512432e-08 
Error of vP is 6.290438e-08 
Error of vP is 8.937769e-08 
Error of vP is 6.067369e-08 
Error of vP is 1.955836e-07 
Error of vP is 6.008165e-08 
Error of vP is 6.258272e-08 
Error of vP is 8.835008e-08 
Error of vP is 5.498165e-08 
Error of vP is 1.061801e-07 
Error of vP is 5.989136e-08 
Error of vP is 1.191814e-07 
Error of vP is 8.292656e-08 
Error of vP is 9.656331e-08 
Error of vP is 8.261267e-08 
Error of vP is 1.566773e-07 
Error of vP is 6.755802e-08 
Error of vP is 1.689603e-07 
Error of vP is 1.104827e-07 
Error of vP is 1.719062e-07 
Error of vP is 1.248709e-07 
Error of vP is 6.621821e-08 
Error of vP is 7.009197e-08 
Error of vP is 5.484055e-08 
Error of vP is 5.026934e-08 
Error of vP is 5.080178e-08 
Error of vP is 6.734239e-08 
Error of vP is 8.489747e-08 
Error of vP is 9.367296e-08 
Error of vP is 5.846843e-08 
Error of vP is 8.666504e-08 
Error of vP is 1.349244e-07 
Error of vP is 8.032165e-08 
Error of vP is 5.721413e-08 
Error of vP is 5.151464e-08 
Error of vP is 8.101263e-08 
Error of vP is 9.737929e-08 
Error of vP is 5.794385e-08 
Error of vP is 6.741871e-08 
Error of vP is 7.516855e-08 
Error of vP is 1.070748e-07 
Error of vP is 7.616475e-08 
Error of vP is 5.491345e-08 
Error of vP is 1.086467e-07 
Error of vP is 8.650260e-08 
Error of vP is 7.784882e-08 
Error of vP is 1.086035e-07 
Error of vP is 5.446796e-08 
Error of vP is 6.446216e-08 
Error of vP is 1.251455e-07 
Error of vP is 7.105764e-08 
Error of vP is 5.232032e-08 
Error of vP is 1.185614e-07 
Error of vP is 5.209017e-08 
Error of vP is 6.857615e-08 
Error of vP is 6.690925e-08 
Error of vP is 8.760273e-08 
Error of vP is 1.349121e-07 
Error of vP is 8.366662e-08 
Error of vP is 1.208697e-07 
Error of vP is 6.560792e-08 
Error of vP is 5.943808e-08 
Error of vP is 5.807987e-08 
Error of vP is 7.568408e-08 
>> >> 
endtime =

   4.1068e+04

>> >> >> >> >> >> 