MATLAB is selecting SOFTWARE OPENGL rendering.

                            < M A T L A B (R) >
                  Copyright 1984-2021 The MathWorks, Inc.
                  R2021b (9.11.0.1769968) 64-bit (glnxa64)
                             September 17, 2021

 
To get started, type doc.
For product information, visit www.mathworks.com.
 
>> >> >> >> >> >> >> >> >> >> >> >> >> >> >> >> >> >> >> >> >> >> >> >> Starting parallel pool (parpool) using the 'local' profile ...
Connected to the parallel pool (number of workers: 12).
jj1 = 15, max_th = 9.353279e-01, time=2024-09-08 10:54:38 
jj1 = 35, max_th = 2.749557e+00, time=2024-09-08 10:54:54 
jj1 = 25, max_th = 2.499842e+00, time=2024-09-08 10:56:41 
jj1 = 40, max_th = 2.586439e+00, time=2024-09-08 10:57:26 
jj1 = 10, max_th = 2.554160e+00, time=2024-09-08 10:57:32 
jj1 = 30, max_th = 1.372135e+00, time=2024-09-08 10:57:36 
jj1 = 39, max_th = -4.078925e-02, time=2024-09-08 10:57:51 
jj1 = 60, max_th = 2.408015e+00, time=2024-09-08 10:59:04 
jj1 = 34, max_th = 2.350102e+00, time=2024-09-08 10:59:24 
jj1 = 5, max_th = 2.376053e+00, time=2024-09-08 10:59:57 
jj1 = 20, max_th = 1.703941e+00, time=2024-09-08 10:59:57 
jj1 = 50, max_th = 2.332239e+00, time=2024-09-08 11:00:08 
jj1 = 55, max_th = 1.668938e+00, time=2024-09-08 11:00:14 
jj1 = 49, max_th = 3.034172e+00, time=2024-09-08 11:01:02 
jj1 = 29, max_th = 2.672863e+00, time=2024-09-08 11:01:13 
jj1 = 14, max_th = 2.198156e+00, time=2024-09-08 11:01:32 
jj1 = 38, max_th = 2.638139e+00, time=2024-09-08 11:01:44 
jj1 = 45, max_th = 2.169211e+00, time=2024-09-08 11:01:44 
jj1 = 54, max_th = 9.452232e-01, time=2024-09-08 11:01:48 
jj1 = 59, max_th = 1.330750e+00, time=2024-09-08 11:03:25 
jj1 = 9, max_th = 2.251905e+00, time=2024-09-08 11:04:14 
jj1 = 53, max_th = 2.779306e+00, time=2024-09-08 11:04:22 
jj1 = 28, max_th = 1.295353e+00, time=2024-09-08 11:04:30 
jj1 = 58, max_th = 9.772691e-01, time=2024-09-08 11:05:18 
jj1 = 24, max_th = 2.167564e+00, time=2024-09-08 11:05:20 
jj1 = 23, max_th = 9.508130e-01, time=2024-09-08 11:06:43 
jj1 = 13, max_th = 2.512362e+00, time=2024-09-08 11:06:57 
jj1 = 44, max_th = 1.700391e+00, time=2024-09-08 11:07:19 
jj1 = 4, max_th = 1.673933e+00, time=2024-09-08 11:07:40 
jj1 = 19, max_th = 1.943598e+00, time=2024-09-08 11:08:08 
jj1 = 33, max_th = 2.126038e+00, time=2024-09-08 11:08:13 
jj1 = 37, max_th = 2.367941e+00, time=2024-09-08 11:09:35 
jj1 = 48, max_th = 2.172364e+00, time=2024-09-08 11:10:05 
jj1 = 8, max_th = 2.389546e+00, time=2024-09-08 11:10:57 
jj1 = 57, max_th = 2.351851e+00, time=2024-09-08 11:11:15 
jj1 = 47, max_th = 2.897091e+00, time=2024-09-08 11:11:32 
jj1 = 18, max_th = 2.686592e+00, time=2024-09-08 11:11:37 
jj1 = 3, max_th = 1.318969e+00, time=2024-09-08 11:12:16 
jj1 = 12, max_th = 2.404193e+00, time=2024-09-08 11:12:50 
jj1 = 52, max_th = 1.959016e+00, time=2024-09-08 11:13:00 
jj1 = 27, max_th = 2.135960e+00, time=2024-09-08 11:13:05 
jj1 = 2, max_th = 8.911325e-01, time=2024-09-08 11:13:37 
jj1 = 32, max_th = 2.362834e+00, time=2024-09-08 11:15:07 
jj1 = 22, max_th = 1.962248e+00, time=2024-09-08 11:15:26 
jj1 = 43, max_th = 1.881630e+00, time=2024-09-08 11:16:22 
jj1 = 11, max_th = 1.398171e+00, time=2024-09-08 11:16:54 
jj1 = 36, max_th = 2.377268e+00, time=2024-09-08 11:17:23 
jj1 = 46, max_th = 2.149542e+00, time=2024-09-08 11:18:06 
jj1 = 177, max_th = 9.685387e-01, time=2024-09-08 11:18:44 
jj1 = 450, max_th = 8.705148e-01, time=2024-09-08 11:19:35 
jj1 = 7, max_th = 1.959311e+00, time=2024-09-08 11:19:38 
jj1 = 17, max_th = 1.842681e+00, time=2024-09-08 11:19:48 
jj1 = 56, max_th = 2.139838e+00, time=2024-09-08 11:19:51 
jj1 = 449, max_th = 2.888597e+00, time=2024-09-08 11:21:22 
jj1 = 1, max_th = 1.676926e+00, time=2024-09-08 11:21:26 
jj1 = 51, max_th = 2.114373e+00, time=2024-09-08 11:21:41 
jj1 = 42, max_th = 1.552419e+00, time=2024-09-08 11:21:52 
jj1 = 26, max_th = 1.933716e+00, time=2024-09-08 11:22:00 
jj1 = 21, max_th = 1.682664e+00, time=2024-09-08 11:23:09 
jj1 = 31, max_th = 1.912587e+00, time=2024-09-08 11:23:42 
jj1 = 6, max_th = 1.338017e+00, time=2024-09-08 11:23:53 
jj1 = 176, max_th = 1.544784e+00, time=2024-09-08 11:24:56 
jj1 = 448, max_th = 2.597990e+00, time=2024-09-08 11:25:08 
jj1 = 99, max_th = 1.328721e+00, time=2024-09-08 11:26:01 
jj1 = 528, max_th = 1.705213e+00, time=2024-09-08 11:26:55 
jj1 = 41, max_th = 2.149888e+00, time=2024-09-08 11:27:30 
jj1 = 16, max_th = 1.739757e+00, time=2024-09-08 11:27:40 
jj1 = 333, max_th = 1.228215e+00, time=2024-09-08 11:27:44 
jj1 = 372, max_th = 1.974624e+00, time=2024-09-08 11:27:48 
jj1 = 255, max_th = 2.350775e+00, time=2024-09-08 11:28:26 
jj1 = 489, max_th = 1.897469e+00, time=2024-09-08 11:29:24 
jj1 = 254, max_th = 8.638387e-01, time=2024-09-08 11:29:52 
jj1 = 294, max_th = 1.964353e+00, time=2024-09-08 11:30:47 
jj1 = 138, max_th = 2.238383e+00, time=2024-09-08 11:31:18 
jj1 = 447, max_th = 1.663065e+00, time=2024-09-08 11:32:43 
jj1 = 216, max_th = 2.507006e+00, time=2024-09-08 11:32:49 
jj1 = 332, max_th = 2.347185e+00, time=2024-09-08 11:33:55 
jj1 = 175, max_th = 1.969484e+00, time=2024-09-08 11:34:10 
jj1 = 371, max_th = 1.585626e+00, time=2024-09-08 11:34:49 
jj1 = 98, max_th = 1.938841e+00, time=2024-09-08 11:34:56 
jj1 = 527, max_th = 2.105251e+00, time=2024-09-08 11:35:01 
jj1 = 411, max_th = 2.318541e+00, time=2024-09-08 11:35:13 
jj1 = 370, max_th = 8.451314e-01, time=2024-09-08 11:36:11 
jj1 = 488, max_th = 1.810089e+00, time=2024-09-08 11:37:37 
jj1 = 293, max_th = 1.612666e+00, time=2024-09-08 11:37:46 
jj1 = 410, max_th = 2.755151e+00, time=2024-09-08 11:37:46 
jj1 = 253, max_th = 2.029245e+00, time=2024-09-08 11:39:01 
jj1 = 331, max_th = 1.651300e+00, time=2024-09-08 11:39:46 
jj1 = 137, max_th = 2.271404e+00, time=2024-09-08 11:39:59 
jj1 = 446, max_th = 1.638374e+00, time=2024-09-08 11:40:06 
jj1 = 215, max_th = 1.945304e+00, time=2024-09-08 11:41:03 
jj1 = 174, max_th = 1.671550e+00, time=2024-09-08 11:41:53 
jj1 = 526, max_th = 1.942144e+00, time=2024-09-08 11:43:30 
jj1 = 97, max_th = 1.941865e+00, time=2024-09-08 11:43:35 
jj1 = 487, max_th = 1.562335e+00, time=2024-09-08 11:44:06 
jj1 = 445, max_th = 1.354422e+00, time=2024-09-08 11:44:08 
jj1 = 136, max_th = 2.559531e+00, time=2024-09-08 11:44:32 
jj1 = 369, max_th = 2.096133e+00, time=2024-09-08 11:44:51 
jj1 = 252, max_th = 2.409583e+00, time=2024-09-08 11:45:13 
jj1 = 330, max_th = 1.653455e+00, time=2024-09-08 11:46:24 
jj1 = 292, max_th = 1.917676e+00, time=2024-09-08 11:46:37 
jj1 = 409, max_th = 2.135764e+00, time=2024-09-08 11:46:39 
jj1 = 291, max_th = 9.072704e-01, time=2024-09-08 11:48:05 
jj1 = 173, max_th = 1.566762e+00, time=2024-09-08 11:49:03 
jj1 = 214, max_th = 2.090338e+00, time=2024-09-08 11:49:35 
jj1 = 525, max_th = 1.593795e+00, time=2024-09-08 11:49:54 
jj1 = 329, max_th = 1.331907e+00, time=2024-09-08 11:50:36 
jj1 = 96, max_th = 2.152312e+00, time=2024-09-08 11:51:02 
jj1 = 290, max_th = 1.159877e+00, time=2024-09-08 11:51:03 
jj1 = 408, max_th = 1.342567e+00, time=2024-09-08 11:51:03 
jj1 = 486, max_th = 1.661157e+00, time=2024-09-08 11:51:26 
jj1 = 328, max_th = 2.940445e+00, time=2024-09-08 11:51:56 
jj1 = 135, max_th = 1.688841e+00, time=2024-09-08 11:52:02 
jj1 = 444, max_th = 1.726410e+00, time=2024-09-08 11:52:24 
jj1 = 407, max_th = 9.411510e-01, time=2024-09-08 11:52:34 
jj1 = 368, max_th = 1.659107e+00, time=2024-09-08 11:52:44 
jj1 = 289, max_th = 2.746874e+00, time=2024-09-08 11:53:35 
jj1 = 213, max_th = 2.497443e+00, time=2024-09-08 11:54:15 
jj1 = 251, max_th = 1.870340e+00, time=2024-09-08 11:54:26 
jj1 = 524, max_th = 1.599737e+00, time=2024-09-08 11:54:35 
jj1 = 134, max_th = 2.713537e+00, time=2024-09-08 11:55:13 
jj1 = 172, max_th = 1.849381e+00, time=2024-09-08 11:55:40 
jj1 = 95, max_th = 1.674963e+00, time=2024-09-08 11:58:54 
jj1 = 171, max_th = 1.365220e+00, time=2024-09-08 12:00:11 
jj1 = 327, max_th = 2.090556e+00, time=2024-09-08 12:00:25 
jj1 = 485, max_th = 2.074580e+00, time=2024-09-08 12:00:29 
jj1 = 94, max_th = 2.850598e+00, time=2024-09-08 12:00:30 
jj1 = 212, max_th = 1.591944e+00, time=2024-09-08 12:00:34 
jj1 = 443, max_th = 1.855109e+00, time=2024-09-08 12:00:51 
jj1 = 406, max_th = 2.121286e+00, time=2024-09-08 12:01:22 
jj1 = 288, max_th = 1.730776e+00, time=2024-09-08 12:01:29 
jj1 = 133, max_th = 1.576392e+00, time=2024-09-08 12:02:11 
jj1 = 367, max_th = 2.136864e+00, time=2024-09-08 12:02:24 
jj1 = 250, max_th = 2.131891e+00, time=2024-09-08 12:03:18 
jj1 = 523, max_th = 1.917459e+00, time=2024-09-08 12:03:27 
jj1 = 93, max_th = 2.597739e+00, time=2024-09-08 12:04:13 
jj1 = 326, max_th = 1.434818e+00, time=2024-09-08 12:05:57 
jj1 = 211, max_th = 1.547207e+00, time=2024-09-08 12:06:29 
jj1 = 522, max_th = 1.247899e+00, time=2024-09-08 12:06:42 
jj1 = 484, max_th = 2.366174e+00, time=2024-09-08 12:07:31 
jj1 = 249, max_th = 2.555255e+00, time=2024-09-08 12:07:44 
jj1 = 442, max_th = 2.324788e+00, time=2024-09-08 12:08:47 
jj1 = 170, max_th = 2.177869e+00, time=2024-09-08 12:08:56 
jj1 = 405, max_th = 2.092169e+00, time=2024-09-08 12:10:06 
jj1 = 325, max_th = 1.336181e+00, time=2024-09-08 12:10:21 
jj1 = 287, max_th = 2.075573e+00, time=2024-09-08 12:10:37 
jj1 = 132, max_th = 2.170915e+00, time=2024-09-08 12:11:01 
jj1 = 521, max_th = 1.318778e+00, time=2024-09-08 12:11:02 
jj1 = 366, max_th = 1.994438e+00, time=2024-09-08 12:11:47 
jj1 = 210, max_th = 2.392979e+00, time=2024-09-08 12:13:03 
jj1 = 92, max_th = 2.133114e+00, time=2024-09-08 12:13:09 
jj1 = 169, max_th = 2.591203e+00, time=2024-09-08 12:13:12 
jj1 = 483, max_th = 2.404791e+00, time=2024-09-08 12:13:27 
jj1 = 248, max_th = 2.368699e+00, time=2024-09-08 12:14:23 
jj1 = 404, max_th = 2.504223e+00, time=2024-09-08 12:14:42 
jj1 = 482, max_th = 8.965984e-01, time=2024-09-08 12:14:51 
jj1 = 209, max_th = 9.685749e-01, time=2024-09-08 12:14:59 
jj1 = 131, max_th = 2.621659e+00, time=2024-09-08 12:15:12 
jj1 = 91, max_th = 2.600999e+00, time=2024-09-08 12:16:43 
jj1 = 208, max_th = 2.873598e+00, time=2024-09-08 12:16:55 
jj1 = 286, max_th = 2.385297e+00, time=2024-09-08 12:17:03 
jj1 = 441, max_th = 2.161120e+00, time=2024-09-08 12:17:27 
jj1 = 324, max_th = 2.306288e+00, time=2024-09-08 12:17:30 
jj1 = 247, max_th = 1.310050e+00, time=2024-09-08 12:18:33 
jj1 = 520, max_th = 1.903968e+00, time=2024-09-08 12:18:58 
jj1 = 246, max_th = 2.885835e+00, time=2024-09-08 12:20:19 
jj1 = 403, max_th = 1.557244e+00, time=2024-09-08 12:20:47 
jj1 = 130, max_th = 1.557711e+00, time=2024-09-08 12:21:10 
jj1 = 90, max_th = 1.379609e+00, time=2024-09-08 12:21:34 
jj1 = 481, max_th = 1.609494e+00, time=2024-09-08 12:21:36 
jj1 = 365, max_th = 2.116726e+00, time=2024-09-08 12:21:47 
jj1 = 168, max_th = 1.863878e+00, time=2024-09-08 12:21:53 
jj1 = 480, max_th = 9.271323e-01, time=2024-09-08 12:23:17 
jj1 = 207, max_th = 2.343226e+00, time=2024-09-08 12:23:36 
jj1 = 129, max_th = 2.772019e+00, time=2024-09-08 12:23:57 
jj1 = 440, max_th = 2.369380e+00, time=2024-09-08 12:24:29 
jj1 = 206, max_th = 9.071743e-01, time=2024-09-08 12:25:07 
jj1 = 285, max_th = 1.885521e+00, time=2024-09-08 12:25:23 
jj1 = 323, max_th = 2.220973e+00, time=2024-09-08 12:25:44 
jj1 = 479, max_th = 1.289588e+00, time=2024-09-08 12:27:27 
jj1 = 519, max_th = 1.924922e+00, time=2024-09-08 12:28:10 
jj1 = 89, max_th = 2.342097e+00, time=2024-09-08 12:28:31 
jj1 = 245, max_th = 1.913915e+00, time=2024-09-08 12:29:02 
jj1 = 402, max_th = 2.084786e+00, time=2024-09-08 12:29:50 
jj1 = 167, max_th = 1.891674e+00, time=2024-09-08 12:30:01 
jj1 = 364, max_th = 1.812930e+00, time=2024-09-08 12:30:14 
jj1 = 88, max_th = 9.907823e-01, time=2024-09-08 12:30:28 
jj1 = 166, max_th = 8.281544e-01, time=2024-09-08 12:31:23 
jj1 = 478, max_th = 1.381329e+00, time=2024-09-08 12:32:17 
jj1 = 128, max_th = 1.958909e+00, time=2024-09-08 12:32:39 
jj1 = 322, max_th = 1.683224e+00, time=2024-09-08 12:33:11 
jj1 = 401, max_th = 1.171065e+00, time=2024-09-08 12:33:10 
jj1 = 439, max_th = 2.119736e+00, time=2024-09-08 12:33:18 
jj1 = 205, max_th = 2.178663e+00, time=2024-09-08 12:33:34 
jj1 = 363, max_th = 1.312169e+00, time=2024-09-08 12:34:18 
jj1 = 284, max_th = 1.973802e+00, time=2024-09-08 12:34:27 
jj1 = 518, max_th = 1.862571e+00, time=2024-09-08 12:36:34 
jj1 = 244, max_th = 1.915387e+00, time=2024-09-08 12:37:59 
jj1 = 87, max_th = 1.861727e+00, time=2024-09-08 12:39:02 
jj1 = 477, max_th = 1.681141e+00, time=2024-09-08 12:39:54 
jj1 = 438, max_th = 2.366720e+00, time=2024-09-08 12:39:56 
jj1 = 165, max_th = 1.877314e+00, time=2024-09-08 12:40:22 
jj1 = 204, max_th = 2.380761e+00, time=2024-09-08 12:40:25 
jj1 = 283, max_th = 2.394300e+00, time=2024-09-08 12:40:28 
jj1 = 127, max_th = 1.728502e+00, time=2024-09-08 12:40:49 
jj1 = 362, max_th = 2.359078e+00, time=2024-09-08 12:41:02 
jj1 = 400, max_th = 2.190942e+00, time=2024-09-08 12:41:12 
jj1 = 321, max_th = 1.833329e+00, time=2024-09-08 12:41:52 
jj1 = 243, max_th = 2.609576e+00, time=2024-09-08 12:42:07 
jj1 = 86, max_th = 2.588094e+00, time=2024-09-08 12:43:25 
jj1 = 517, max_th = 2.151887e+00, time=2024-09-08 12:43:48 
jj1 = 126, max_th = 1.296789e+00, time=2024-09-08 12:44:10 
jj1 = 125, max_th = -1.598811e-01, time=2024-09-08 12:44:23 
jj1 = 320, max_th = 2.776236e+00, time=2024-09-08 12:44:35 
jj1 = 361, max_th = 2.606820e+00, time=2024-09-08 12:45:04 
jj1 = 476, max_th = 2.355704e+00, time=2024-09-08 12:46:27 
jj1 = 282, max_th = 2.387398e+00, time=2024-09-08 12:47:00 
jj1 = 399, max_th = 2.333178e+00, time=2024-09-08 12:48:27 
jj1 = 203, max_th = 1.759762e+00, time=2024-09-08 12:48:40 
jj1 = 164, max_th = 2.060975e+00, time=2024-09-08 12:49:03 
jj1 = 437, max_th = 1.966717e+00, time=2024-09-08 12:49:02 
jj1 = 124, max_th = 2.506180e+00, time=2024-09-08 12:49:33 
jj1 = 516, max_th = 1.594801e+00, time=2024-09-08 12:49:44 
jj1 = 242, max_th = 1.707165e+00, time=2024-09-08 12:49:52 
jj1 = 85, max_th = 2.387641e+00, time=2024-09-08 12:50:01 
jj1 = 360, max_th = 2.521721e+00, time=2024-09-08 12:50:30 
jj1 = 436, max_th = 9.712633e-01, time=2024-09-08 12:50:52 
jj1 = 398, max_th = 2.715363e+00, time=2024-09-08 12:51:38 
jj1 = 84, max_th = 9.624462e-01, time=2024-09-08 12:51:48 
jj1 = 319, max_th = 1.808793e+00, time=2024-09-08 12:53:03 
jj1 = 475, max_th = 1.623548e+00, time=2024-09-08 12:53:43 
jj1 = 515, max_th = 2.546680e+00, time=2024-09-08 12:54:07 
jj1 = 281, max_th = 1.847343e+00, time=2024-09-08 12:54:28 
jj1 = 435, max_th = 2.587406e+00, time=2024-09-08 12:55:31 
jj1 = 83, max_th = 2.606674e+00, time=2024-09-08 12:55:56 
jj1 = 123, max_th = 2.418216e+00, time=2024-09-08 12:56:04 
jj1 = 202, max_th = 1.859240e+00, time=2024-09-08 12:56:54 
jj1 = 241, max_th = 1.681444e+00, time=2024-09-08 12:57:16 
jj1 = 359, max_th = 2.342024e+00, time=2024-09-08 12:57:21 
jj1 = 163, max_th = 1.863168e+00, time=2024-09-08 12:57:43 
jj1 = 122, max_th = 9.737661e-01, time=2024-09-08 12:57:56 
jj1 = 318, max_th = 2.513348e+00, time=2024-09-08 12:58:16 
jj1 = 474, max_th = 2.559773e+00, time=2024-09-08 12:58:21 
jj1 = 82, max_th = 2.717569e+00, time=2024-09-08 12:59:02 
jj1 = 514, max_th = 2.521796e+00, time=2024-09-08 12:59:30 
jj1 = 121, max_th = 2.883912e+00, time=2024-09-08 12:59:42 
jj1 = 397, max_th = 1.925693e+00, time=2024-09-08 13:00:46 
jj1 = 513, max_th = 1.025878e+00, time=2024-09-08 13:01:47 
jj1 = 280, max_th = 1.841900e+00, time=2024-09-08 13:02:20 
jj1 = 434, max_th = 1.628212e+00, time=2024-09-08 13:02:45 
jj1 = 201, max_th = 2.370701e+00, time=2024-09-08 13:03:51 
jj1 = 162, max_th = 1.899691e+00, time=2024-09-08 13:03:59 
jj1 = 358, max_th = 1.631536e+00, time=2024-09-08 13:04:37 
jj1 = 396, max_th = 2.550818e+00, time=2024-09-08 13:04:49 
jj1 = 240, max_th = 1.956121e+00, time=2024-09-08 13:05:23 
jj1 = 473, max_th = 1.687680e+00, time=2024-09-08 13:05:49 
jj1 = 512, max_th = 2.592850e+00, time=2024-09-08 13:05:56 
jj1 = 81, max_th = 1.688985e+00, time=2024-09-08 13:06:24 
jj1 = 357, max_th = 9.622265e-01, time=2024-09-08 13:06:27 
jj1 = 317, max_th = 1.881946e+00, time=2024-09-08 13:06:52 
jj1 = 120, max_th = 2.164292e+00, time=2024-09-08 13:08:19 
jj1 = 356, max_th = 2.770038e+00, time=2024-09-08 13:09:12 
jj1 = 279, max_th = 1.621174e+00, time=2024-09-08 13:09:22 
jj1 = 161, max_th = 1.495919e+00, time=2024-09-08 13:09:35 
jj1 = 433, max_th = 1.631174e+00, time=2024-09-08 13:09:53 
jj1 = 200, max_th = 2.272724e+00, time=2024-09-08 13:11:56 
jj1 = 395, max_th = 1.835824e+00, time=2024-09-08 13:13:23 
jj1 = 472, max_th = 1.952604e+00, time=2024-09-08 13:13:38 
jj1 = 80, max_th = 1.626632e+00, time=2024-09-08 13:13:43 
jj1 = 432, max_th = 1.352309e+00, time=2024-09-08 13:13:55 
jj1 = 239, max_th = 2.170889e+00, time=2024-09-08 13:14:02 
jj1 = 316, max_th = 1.669964e+00, time=2024-09-08 13:14:11 
jj1 = 511, max_th = 2.128770e+00, time=2024-09-08 13:14:53 
jj1 = 119, max_th = 1.693228e+00, time=2024-09-08 13:15:40 
jj1 = 160, max_th = 1.796282e+00, time=2024-09-08 13:16:57 
jj1 = 355, max_th = 2.286709e+00, time=2024-09-08 13:17:03 
jj1 = 315, max_th = 1.260004e+00, time=2024-09-08 13:17:22 
jj1 = 278, max_th = 1.880045e+00, time=2024-09-08 13:18:09 
jj1 = 238, max_th = 1.950100e+00, time=2024-09-08 13:19:31 
jj1 = 199, max_th = 2.168990e+00, time=2024-09-08 13:20:52 
jj1 = 510, max_th = 2.420915e+00, time=2024-09-08 13:21:21 
jj1 = 314, max_th = 1.325382e+00, time=2024-09-08 13:21:38 
jj1 = 431, max_th = 1.952124e+00, time=2024-09-08 13:21:39 
jj1 = 79, max_th = 2.139727e+00, time=2024-09-08 13:22:12 
jj1 = 471, max_th = 2.136745e+00, time=2024-09-08 13:22:13 
jj1 = 118, max_th = 1.646274e+00, time=2024-09-08 13:22:26 
jj1 = 159, max_th = 1.601269e+00, time=2024-09-08 13:22:28 
jj1 = 394, max_th = 1.921594e+00, time=2024-09-08 13:22:32 
jj1 = 509, max_th = 9.055662e-01, time=2024-09-08 13:22:48 
jj1 = 117, max_th = 9.039513e-01, time=2024-09-08 13:23:34 
jj1 = 354, max_th = 2.295174e+00, time=2024-09-08 13:24:02 
jj1 = 277, max_th = 1.614043e+00, time=2024-09-08 13:24:53 
jj1 = 237, max_th = 1.634343e+00, time=2024-09-08 13:26:18 
jj1 = 276, max_th = 2.598473e+00, time=2024-09-08 13:28:31 
jj1 = 158, max_th = 1.592556e+00, time=2024-09-08 13:28:54 
jj1 = 198, max_th = 2.166464e+00, time=2024-09-08 13:29:29 
jj1 = 393, max_th = 1.657550e+00, time=2024-09-08 13:29:31 
jj1 = 78, max_th = 1.682704e+00, time=2024-09-08 13:29:46 
jj1 = 430, max_th = 2.107570e+00, time=2024-09-08 13:30:00 
jj1 = 470, max_th = 1.686179e+00, time=2024-09-08 13:30:07 
jj1 = 313, max_th = 2.124518e+00, time=2024-09-08 13:30:28 
jj1 = 508, max_th = 1.962402e+00, time=2024-09-08 13:31:31 
jj1 = 236, max_th = 2.398921e+00, time=2024-09-08 13:31:33 
jj1 = 116, max_th = 2.164142e+00, time=2024-09-08 13:32:12 
jj1 = 353, max_th = 2.143669e+00, time=2024-09-08 13:32:13 
jj1 = 312, max_th = 1.373380e+00, time=2024-09-08 13:35:19 
jj1 = 157, max_th = 2.150957e+00, time=2024-09-08 13:35:53 
jj1 = 275, max_th = 1.688745e+00, time=2024-09-08 13:36:01 
jj1 = 197, max_th = 1.704899e+00, time=2024-09-08 13:36:28 
jj1 = 77, max_th = 1.571036e+00, time=2024-09-08 13:36:36 
jj1 = 429, max_th = 1.691742e+00, time=2024-09-08 13:37:17 
jj1 = 392, max_th = 1.674439e+00, time=2024-09-08 13:37:18 
jj1 = 469, max_th = 1.666265e+00, time=2024-09-08 13:37:47 
jj1 = 507, max_th = 2.423931e+00, time=2024-09-08 13:37:57 
jj1 = 115, max_th = 2.402978e+00, time=2024-09-08 13:38:04 
jj1 = 235, max_th = 1.609000e+00, time=2024-09-08 13:38:07 
jj1 = 428, max_th = 8.763161e-01, time=2024-09-08 13:38:46 
jj1 = 352, max_th = 2.143168e+00, time=2024-09-08 13:40:36 
jj1 = 76, max_th = 1.232915e+00, time=2024-09-08 13:40:39 
jj1 = 506, max_th = 1.195405e+00, time=2024-09-08 13:40:58 
jj1 = 234, max_th = 2.689332e+00, time=2024-09-08 13:41:34 
jj1 = 156, max_th = 1.528955e+00, time=2024-09-08 13:41:40 
jj1 = 196, max_th = 2.511948e+00, time=2024-09-08 13:41:52 
jj1 = 311, max_th = 2.379838e+00, time=2024-09-08 13:42:03 
jj1 = 274, max_th = 2.389524e+00, time=2024-09-08 13:42:22 
jj1 = 233, max_th = 2.913196e+00, time=2024-09-08 13:43:05 
jj1 = 427, max_th = 2.495463e+00, time=2024-09-08 13:43:22 
jj1 = 391, max_th = 2.326255e+00, time=2024-09-08 13:45:01 
jj1 = 114, max_th = 1.639197e+00, time=2024-09-08 13:45:12 
jj1 = 468, max_th = 1.711465e+00, time=2024-09-08 13:45:42 
jj1 = 155, max_th = 2.399045e+00, time=2024-09-08 13:46:52 
jj1 = 310, max_th = 1.587538e+00, time=2024-09-08 13:48:48 
jj1 = 351, max_th = 2.043870e+00, time=2024-09-08 13:49:07 
jj1 = 195, max_th = 2.312101e+00, time=2024-09-08 13:49:10 
jj1 = 75, max_th = 1.913649e+00, time=2024-09-08 13:49:21 
jj1 = 390, max_th = 2.559851e+00, time=2024-09-08 13:49:36 
jj1 = 505, max_th = 1.967231e+00, time=2024-09-08 13:49:56 
jj1 = 273, max_th = 1.819919e+00, time=2024-09-08 13:50:44 
jj1 = 232, max_th = 1.910246e+00, time=2024-09-08 13:51:23 
jj1 = 154, max_th = 1.321544e+00, time=2024-09-08 13:51:24 
jj1 = 426, max_th = 1.940006e+00, time=2024-09-08 13:52:00 
jj1 = 113, max_th = 1.903309e+00, time=2024-09-08 13:53:17 
jj1 = 467, max_th = 1.941630e+00, time=2024-09-08 13:54:11 
jj1 = 504, max_th = 1.383563e+00, time=2024-09-08 13:54:45 
jj1 = 350, max_th = 1.600748e+00, time=2024-09-08 13:54:56 
jj1 = 309, max_th = 2.340154e+00, time=2024-09-08 13:55:35 
jj1 = 389, max_th = 2.385257e+00, time=2024-09-08 13:56:13 
jj1 = 194, max_th = 1.629909e+00, time=2024-09-08 13:56:23 
jj1 = 74, max_th = 1.633818e+00, time=2024-09-08 13:56:26 
jj1 = 153, max_th = 2.406588e+00, time=2024-09-08 13:57:28 
jj1 = 112, max_th = 2.588173e+00, time=2024-09-08 13:57:46 
jj1 = 272, max_th = 1.962197e+00, time=2024-09-08 13:59:29 
jj1 = 349, max_th = 1.336185e+00, time=2024-09-08 13:59:31 
jj1 = 466, max_th = 2.516026e+00, time=2024-09-08 13:59:32 
jj1 = 503, max_th = 2.535197e+00, time=2024-09-08 13:59:47 
jj1 = 152, max_th = 2.776427e+00, time=2024-09-08 14:00:08 
jj1 = 231, max_th = 1.932983e+00, time=2024-09-08 14:00:26 
jj1 = 425, max_th = 1.942933e+00, time=2024-09-08 14:00:37 
jj1 = 111, max_th = 1.346680e+00, time=2024-09-08 14:01:39 
jj1 = 424, max_th = 8.539589e-01, time=2024-09-08 14:01:55 
jj1 = 388, max_th = 1.635380e+00, time=2024-09-08 14:02:59 
jj1 = 193, max_th = 1.657094e+00, time=2024-09-08 14:03:02 
jj1 = 110, max_th = 9.859844e-01, time=2024-09-08 14:03:35 
jj1 = 308, max_th = 2.170758e+00, time=2024-09-08 14:04:23 
jj1 = 423, max_th = 1.165814e+00, time=2024-09-08 14:04:28 
jj1 = 73, max_th = 1.926212e+00, time=2024-09-08 14:05:45 
jj1 = 502, max_th = 1.644794e+00, time=2024-09-08 14:06:24 
jj1 = 109, max_th = 1.650024e+00, time=2024-09-08 14:07:28 
jj1 = 465, max_th = 2.158677e+00, time=2024-09-08 14:07:50 
jj1 = 271, max_th = 2.137813e+00, time=2024-09-08 14:08:05 
jj1 = 230, max_th = 1.673418e+00, time=2024-09-08 14:08:37 
jj1 = 348, max_th = 2.122402e+00, time=2024-09-08 14:08:38 
jj1 = 151, max_th = 1.921046e+00, time=2024-09-08 14:09:10 
jj1 = 387, max_th = 1.546514e+00, time=2024-09-08 14:09:46 
jj1 = 192, max_th = 1.665490e+00, time=2024-09-08 14:10:04 
jj1 = 307, max_th = 2.427546e+00, time=2024-09-08 14:10:50 
jj1 = 306, max_th = -1.105405e-01, time=2024-09-08 14:11:06 
jj1 = 108, max_th = 1.263762e+00, time=2024-09-08 14:11:22 
jj1 = 464, max_th = 2.590790e+00, time=2024-09-08 14:12:04 
jj1 = 72, max_th = 1.604759e+00, time=2024-09-08 14:12:17 
jj1 = 107, max_th = 8.888295e-01, time=2024-09-08 14:12:47 
jj1 = 270, max_th = 2.398919e+00, time=2024-09-08 14:13:17 
jj1 = 422, max_th = 1.928178e+00, time=2024-09-08 14:13:41 
jj1 = 150, max_th = 2.461285e+00, time=2024-09-08 14:14:51 
jj1 = 305, max_th = 1.396082e+00, time=2024-09-08 14:15:23 
jj1 = 501, max_th = 1.970314e+00, time=2024-09-08 14:15:28 
jj1 = 500, max_th = 8.032856e-01, time=2024-09-08 14:16:34 
jj1 = 229, max_th = 2.224369e+00, time=2024-09-08 14:16:43 
jj1 = 347, max_th = 1.939759e+00, time=2024-09-08 14:17:13 
jj1 = 269, max_th = 1.316382e+00, time=2024-09-08 14:17:21 
jj1 = 386, max_th = 2.093336e+00, time=2024-09-08 14:17:59 
jj1 = 191, max_th = 2.118825e+00, time=2024-09-08 14:18:36 
jj1 = 71, max_th = 2.334578e+00, time=2024-09-08 14:19:29 
jj1 = 228, max_th = 1.550048e+00, time=2024-09-08 14:20:30 
jj1 = 463, max_th = 1.866841e+00, time=2024-09-08 14:20:59 
jj1 = 106, max_th = 2.160068e+00, time=2024-09-08 14:21:12 
jj1 = 346, max_th = 2.608088e+00, time=2024-09-08 14:21:24 
jj1 = 421, max_th = 1.885933e+00, time=2024-09-08 14:22:01 
jj1 = 149, max_th = 1.615832e+00, time=2024-09-08 14:22:12 
jj1 = 105, max_th = 8.491154e-01, time=2024-09-08 14:22:19 
jj1 = 385, max_th = 1.386039e+00, time=2024-09-08 14:22:52 
jj1 = 190, max_th = 1.700667e+00, time=2024-09-08 14:24:21 
jj1 = 304, max_th = 1.928710e+00, time=2024-09-08 14:24:24 
jj1 = 70, max_th = 2.522499e+00, time=2024-09-08 14:24:37 
jj1 = 462, max_th = 2.662720e+00, time=2024-09-08 14:24:44 
jj1 = 268, max_th = 1.664650e+00, time=2024-09-08 14:24:51 
jj1 = 499, max_th = 1.918419e+00, time=2024-09-08 14:25:33 
jj1 = 148, max_th = 2.576333e+00, time=2024-09-08 14:27:01 
jj1 = 461, max_th = 2.607374e+00, time=2024-09-08 14:28:49 
jj1 = 420, max_th = 1.704334e+00, time=2024-09-08 14:29:09 
jj1 = 227, max_th = 2.082281e+00, time=2024-09-08 14:29:10 
jj1 = 104, max_th = 1.643892e+00, time=2024-09-08 14:29:17 
jj1 = 303, max_th = 1.404272e+00, time=2024-09-08 14:29:29 
jj1 = 498, max_th = 1.402314e+00, time=2024-09-08 14:29:47 
jj1 = 345, max_th = 2.130517e+00, time=2024-09-08 14:30:24 
jj1 = 189, max_th = 1.665781e+00, time=2024-09-08 14:31:32 
jj1 = 384, max_th = 1.915371e+00, time=2024-09-08 14:31:40 
jj1 = 69, max_th = 2.103530e+00, time=2024-09-08 14:32:01 
jj1 = 460, max_th = 2.585699e+00, time=2024-09-08 14:33:23 
jj1 = 267, max_th = 1.886391e+00, time=2024-09-08 14:33:42 
jj1 = 497, max_th = 1.357232e+00, time=2024-09-08 14:34:15 
jj1 = 147, max_th = 1.916649e+00, time=2024-09-08 14:36:01 
jj1 = 419, max_th = 2.383403e+00, time=2024-09-08 14:36:02 
jj1 = 68, max_th = 2.569810e+00, time=2024-09-08 14:36:46 
jj1 = 302, max_th = 1.717650e+00, time=2024-09-08 14:37:16 
jj1 = 226, max_th = 1.944791e+00, time=2024-09-08 14:37:17 
jj1 = 146, max_th = 8.649782e-01, time=2024-09-08 14:37:23 
jj1 = 103, max_th = 1.862157e+00, time=2024-09-08 14:38:03 
jj1 = 67, max_th = 2.794563e+00, time=2024-09-08 14:38:59 
jj1 = 344, max_th = 1.818018e+00, time=2024-09-08 14:39:06 
jj1 = 188, max_th = 1.679226e+00, time=2024-09-08 14:39:19 
jj1 = 266, max_th = 2.346702e+00, time=2024-09-08 14:39:57 
jj1 = 418, max_th = 1.236104e+00, time=2024-09-08 14:40:00 
jj1 = 459, max_th = 1.798728e+00, time=2024-09-08 14:40:36 
jj1 = 383, max_th = 1.917976e+00, time=2024-09-08 14:40:53 
jj1 = 102, max_th = 2.637243e+00, time=2024-09-08 14:42:13 
jj1 = 496, max_th = 1.885874e+00, time=2024-09-08 14:42:44 
jj1 = 145, max_th = 2.380076e+00, time=2024-09-08 14:44:11 
jj1 = 301, max_th = 1.951553e+00, time=2024-09-08 14:44:39 
jj1 = 458, max_th = 1.336381e+00, time=2024-09-08 14:44:52 
jj1 = 144, max_th = 2.915297e+00, time=2024-09-08 14:45:54 
jj1 = 225, max_th = 2.129402e+00, time=2024-09-08 14:46:12 
jj1 = 265, max_th = 1.849019e+00, time=2024-09-08 14:46:26 
jj1 = 417, max_th = 2.099526e+00, time=2024-09-08 14:46:40 
jj1 = 66, max_th = 2.142095e+00, time=2024-09-08 14:47:23 
jj1 = 187, max_th = 2.141366e+00, time=2024-09-08 14:47:27 
jj1 = 382, max_th = 1.658560e+00, time=2024-09-08 14:47:52 
jj1 = 343, max_th = 1.923681e+00, time=2024-09-08 14:48:33 
jj1 = 495, max_th = 1.666398e+00, time=2024-09-08 14:50:06 
jj1 = 143, max_th = 2.592668e+00, time=2024-09-08 14:50:11 
jj1 = 186, max_th = 1.246799e+00, time=2024-09-08 14:50:26 
jj1 = 101, max_th = 2.134354e+00, time=2024-09-08 14:51:09 
jj1 = 300, max_th = 2.367443e+00, time=2024-09-08 14:51:29 
jj1 = 416, max_th = 2.540785e+00, time=2024-09-08 14:51:43 
jj1 = 457, max_th = 1.659080e+00, time=2024-09-08 14:51:55 
jj1 = 456, max_th = -1.107467e-01, time=2024-09-08 14:52:12 
jj1 = 224, max_th = 2.100707e+00, time=2024-09-08 14:53:07 
jj1 = 299, max_th = 2.773570e+00, time=2024-09-08 14:54:10 
jj1 = 185, max_th = 1.353220e+00, time=2024-09-08 14:54:36 
jj1 = 65, max_th = 1.636639e+00, time=2024-09-08 14:54:41 
jj1 = 142, max_th = 1.366921e+00, time=2024-09-08 14:54:54 
jj1 = 264, max_th = 1.911358e+00, time=2024-09-08 14:54:58 
jj1 = 381, max_th = 1.657505e+00, time=2024-09-08 14:55:00 
jj1 = 494, max_th = 2.421198e+00, time=2024-09-08 14:56:28 
jj1 = 342, max_th = 2.168452e+00, time=2024-09-08 14:57:24 
jj1 = 141, max_th = 2.766619e+00, time=2024-09-08 14:57:33 
jj1 = 100, max_th = 2.342549e+00, time=2024-09-08 14:58:08 
jj1 = 415, max_th = 2.373472e+00, time=2024-09-08 14:58:46 
jj1 = 64, max_th = 1.332249e+00, time=2024-09-08 14:59:16 
jj1 = 493, max_th = 2.702582e+00, time=2024-09-08 14:59:16 
jj1 = 728, max_th = 9.502762e-01, time=2024-09-08 14:59:27 
jj1 = 223, max_th = 1.708836e+00, time=2024-09-08 15:00:32 
jj1 = 298, max_th = 2.387195e+00, time=2024-09-08 15:00:44 
jj1 = 455, max_th = 2.122184e+00, time=2024-09-08 15:01:14 
jj1 = 492, max_th = 2.797876e+00, time=2024-09-08 15:01:17 
jj1 = 184, max_th = 2.373980e+00, time=2024-09-08 15:01:35 
jj1 = 341, max_th = 2.537351e+00, time=2024-09-08 15:02:37 
jj1 = 263, max_th = 1.922106e+00, time=2024-09-08 15:03:43 
jj1 = 380, max_th = 1.978482e+00, time=2024-09-08 15:04:14 
jj1 = 140, max_th = 1.624265e+00, time=2024-09-08 15:04:43 
jj1 = 297, max_th = 2.569080e+00, time=2024-09-08 15:05:29 
jj1 = 414, max_th = 2.386428e+00, time=2024-09-08 15:05:37 
jj1 = 454, max_th = 2.490618e+00, time=2024-09-08 15:06:42 
jj1 = 63, max_th = 2.098201e+00, time=2024-09-08 15:06:48 
jj1 = 413, max_th = 2.939916e+00, time=2024-09-08 15:07:02 
jj1 = 222, max_th = 1.902525e+00, time=2024-09-08 15:07:51 
jj1 = 727, max_th = 1.832714e+00, time=2024-09-08 15:08:10 
jj1 = 379, max_th = 1.289354e+00, time=2024-09-08 15:08:22 
jj1 = 491, max_th = 1.954593e+00, time=2024-09-08 15:09:23 
jj1 = 378, max_th = 2.905727e+00, time=2024-09-08 15:09:52 
jj1 = 183, max_th = 1.888348e+00, time=2024-09-08 15:10:10 
jj1 = 340, max_th = 1.665838e+00, time=2024-09-08 15:10:13 
jj1 = 296, max_th = 1.511150e+00, time=2024-09-08 15:11:15 
jj1 = 139, max_th = 2.371875e+00, time=2024-09-08 15:11:40 
jj1 = 221, max_th = 1.270488e+00, time=2024-09-08 15:11:49 
jj1 = 490, max_th = 2.699618e+00, time=2024-09-08 15:11:50 
jj1 = 262, max_th = 2.136216e+00, time=2024-09-08 15:12:06 
jj1 = 412, max_th = 2.394369e+00, time=2024-09-08 15:13:17 
jj1 = 182, max_th = 1.218856e+00, time=2024-09-08 15:13:30 
jj1 = 588, max_th = 8.549933e-01, time=2024-09-08 15:14:46 
jj1 = 453, max_th = 2.108166e+00, time=2024-09-08 15:15:04 
jj1 = 726, max_th = 2.370460e+00, time=2024-09-08 15:15:14 
jj1 = 261, max_th = 1.237351e+00, time=2024-09-08 15:15:40 
jj1 = 62, max_th = 2.116257e+00, time=2024-09-08 15:15:42 
jj1 = 339, max_th = 1.850393e+00, time=2024-09-08 15:16:39 
jj1 = 295, max_th = 2.367924e+00, time=2024-09-08 15:18:10 
jj1 = 548, max_th = 1.664010e+00, time=2024-09-08 15:18:45 
jj1 = 377, max_th = 1.919604e+00, time=2024-09-08 15:18:53 
jj1 = 608, max_th = 1.629314e+00, time=2024-09-08 15:19:14 
jj1 = 220, max_th = 1.947887e+00, time=2024-09-08 15:19:28 
jj1 = 338, max_th = 1.256127e+00, time=2024-09-08 15:20:10 
jj1 = 587, max_th = 1.700247e+00, time=2024-09-08 15:20:49 
jj1 = 708, max_th = 2.724728e+00, time=2024-09-08 15:21:19 
jj1 = 181, max_th = 1.904646e+00, time=2024-09-08 15:21:36 
jj1 = 376, max_th = 2.732017e+00, time=2024-09-08 15:21:55 
jj1 = 725, max_th = 1.947961e+00, time=2024-09-08 15:22:48 
jj1 = 452, max_th = 2.206928e+00, time=2024-09-08 15:22:51 
jj1 = 61, max_th = 1.664796e+00, time=2024-09-08 15:23:05 
jj1 = 219, max_th = 1.237243e+00, time=2024-09-08 15:23:10 
jj1 = 260, max_th = 2.168413e+00, time=2024-09-08 15:24:04 
jj1 = 628, max_th = 2.777926e+00, time=2024-09-08 15:25:39 
jj1 = 607, max_th = 2.198604e+00, time=2024-09-08 15:25:57 
jj1 = 547, max_th = 1.720329e+00, time=2024-09-08 15:26:36 
jj1 = 707, max_th = 1.657644e+00, time=2024-09-08 15:28:11 
jj1 = 337, max_th = 2.143962e+00, time=2024-09-08 15:28:21 
jj1 = 218, max_th = 2.249568e+00, time=2024-09-08 15:29:14 
jj1 = 180, max_th = 1.894526e+00, time=2024-09-08 15:29:17 
jj1 = 375, max_th = 2.101852e+00, time=2024-09-08 15:29:22 
jj1 = 706, max_th = 9.892412e-01, time=2024-09-08 15:30:03 
jj1 = 586, max_th = 1.787399e+00, time=2024-09-08 15:30:25 
jj1 = 179, max_th = 9.462868e-01, time=2024-09-08 15:30:41 
jj1 = 451, max_th = 1.958947e+00, time=2024-09-08 15:31:35 
jj1 = 724, max_th = 1.936187e+00, time=2024-09-08 15:31:52 
jj1 = 606, max_th = 1.554444e+00, time=2024-09-08 15:31:59 
jj1 = 259, max_th = 2.143105e+00, time=2024-09-08 15:32:15 
jj1 = 546, max_th = 1.703264e+00, time=2024-09-08 15:33:21 
jj1 = 627, max_th = 2.153723e+00, time=2024-09-08 15:33:29 
jj1 = 217, max_th = 2.547444e+00, time=2024-09-08 15:33:31 
jj1 = 258, max_th = 9.847145e-01, time=2024-09-08 15:34:11 
jj1 = 178, max_th = 1.348954e+00, time=2024-09-08 15:34:33 
jj1 = 688, max_th = 9.729735e-01, time=2024-09-08 15:35:27 
jj1 = 336, max_th = 2.371651e+00, time=2024-09-08 15:35:28 
jj1 = 374, max_th = 2.424583e+00, time=2024-09-08 15:35:45 
jj1 = 705, max_th = 1.655268e+00, time=2024-09-08 15:36:48 
jj1 = 373, max_th = 2.794640e+00, time=2024-09-08 15:37:57 
jj1 = 585, max_th = 1.849215e+00, time=2024-09-08 15:38:14 
jj1 = 768, max_th = 1.351418e+00, time=2024-09-08 15:38:22 
jj1 = 335, max_th = 1.173734e+00, time=2024-09-08 15:38:48 
jj1 = 626, max_th = 1.599108e+00, time=2024-09-08 15:38:51 
jj1 = 648, max_th = 1.662975e+00, time=2024-09-08 15:39:04 
jj1 = 723, max_th = 1.906389e+00, time=2024-09-08 15:40:12 
jj1 = 605, max_th = 2.004939e+00, time=2024-09-08 15:40:14 
jj1 = 257, max_th = 1.583246e+00, time=2024-09-08 15:40:44 
jj1 = 687, max_th = 1.490077e+00, time=2024-09-08 15:41:12 
jj1 = 545, max_th = 2.007911e+00, time=2024-09-08 15:41:49 
jj1 = 584, max_th = 2.554445e+00, time=2024-09-08 15:43:20 
jj1 = 722, max_th = 2.594893e+00, time=2024-09-08 15:44:07 
jj1 = 334, max_th = 1.562980e+00, time=2024-09-08 15:44:54 
jj1 = 748, max_th = 1.948725e+00, time=2024-09-08 15:45:15 
jj1 = 647, max_th = 1.585208e+00, time=2024-09-08 15:45:47 
jj1 = 704, max_th = 1.921385e+00, time=2024-09-08 15:45:48 
jj1 = 256, max_th = 2.512471e+00, time=2024-09-08 15:45:52 
jj1 = 583, max_th = 2.650053e+00, time=2024-09-08 15:46:09 
jj1 = 646, max_th = 2.997699e+00, time=2024-09-08 15:46:43 
jj1 = 686, max_th = 2.455367e+00, time=2024-09-08 15:46:51 
jj1 = 625, max_th = 1.858413e+00, time=2024-09-08 15:47:13 
jj1 = 767, max_th = 1.924685e+00, time=2024-09-08 15:47:29 
jj1 = 568, max_th = 2.779100e+00, time=2024-09-08 15:47:33 
jj1 = 668, max_th = 9.305107e-01, time=2024-09-08 15:47:36 
jj1 = 604, max_th = 2.210438e+00, time=2024-09-08 15:48:15 
jj1 = 544, max_th = 2.197421e+00, time=2024-09-08 15:48:58 
jj1 = 747, max_th = 2.626091e+00, time=2024-09-08 15:49:22 
jj1 = 667, max_th = 9.656454e-01, time=2024-09-08 15:49:27 
jj1 = 645, max_th = 1.406985e+00, time=2024-09-08 15:51:28 
jj1 = 603, max_th = 2.598012e+00, time=2024-09-08 15:51:50 
jj1 = 666, max_th = 2.746087e+00, time=2024-09-08 15:51:58 
jj1 = 721, max_th = 1.941020e+00, time=2024-09-08 15:52:48 
jj1 = 703, max_th = 1.633328e+00, time=2024-09-08 15:52:55 
jj1 = 624, max_th = 2.436880e+00, time=2024-09-08 15:53:07 
jj1 = 567, max_th = 2.351373e+00, time=2024-09-08 15:53:12 
jj1 = 685, max_th = 2.386807e+00, time=2024-09-08 15:53:27 
jj1 = 746, max_th = 1.334232e+00, time=2024-09-08 15:53:57 
jj1 = 582, max_th = 1.693740e+00, time=2024-09-08 15:54:13 
jj1 = 766, max_th = 2.196435e+00, time=2024-09-08 15:54:49 
jj1 = 602, max_th = 2.727980e+00, time=2024-09-08 15:55:01 
jj1 = 543, max_th = 1.704945e+00, time=2024-09-08 15:55:55 
jj1 = 566, max_th = 2.569163e+00, time=2024-09-08 15:58:02 
jj1 = 601, max_th = 1.280994e+00, time=2024-09-08 15:58:16 
jj1 = 581, max_th = 1.315458e+00, time=2024-09-08 15:58:56 
jj1 = 665, max_th = 1.667245e+00, time=2024-09-08 15:59:17 
jj1 = 644, max_th = 2.210343e+00, time=2024-09-08 15:59:32 
jj1 = 765, max_th = 2.521215e+00, time=2024-09-08 16:00:03 
jj1 = 702, max_th = 1.945655e+00, time=2024-09-08 16:00:54 
jj1 = 623, max_th = 1.955203e+00, time=2024-09-08 16:01:18 
jj1 = 720, max_th = 1.885120e+00, time=2024-09-08 16:01:41 
jj1 = 684, max_th = 1.892878e+00, time=2024-09-08 16:01:57 
jj1 = 745, max_th = 2.185492e+00, time=2024-09-08 16:02:34 
jj1 = 622, max_th = 8.667711e-01, time=2024-09-08 16:02:35 
jj1 = 542, max_th = 1.673844e+00, time=2024-09-08 16:03:15 
jj1 = 664, max_th = 1.326764e+00, time=2024-09-08 16:03:48 
jj1 = 683, max_th = 2.545615e+00, time=2024-09-08 16:06:27 
jj1 = 764, max_th = 2.377442e+00, time=2024-09-08 16:06:49 
jj1 = 643, max_th = 2.332372e+00, time=2024-09-08 16:06:51 
jj1 = 600, max_th = 2.061285e+00, time=2024-09-08 16:07:03 
jj1 = 565, max_th = 2.129219e+00, time=2024-09-08 16:07:05 
jj1 = 682, max_th = 3.075328e+00, time=2024-09-08 16:07:15 
jj1 = 763, max_th = 9.156679e-01, time=2024-09-08 16:08:17 
jj1 = 580, max_th = 2.135207e+00, time=2024-09-08 16:08:57 
jj1 = 701, max_th = 1.894885e+00, time=2024-09-08 16:09:09 
jj1 = 744, max_th = 1.705470e+00, time=2024-09-08 16:09:36 
jj1 = 621, max_th = 2.375824e+00, time=2024-09-08 16:09:38 
jj1 = 642, max_th = 1.271517e+00, time=2024-09-08 16:10:24 
jj1 = 719, max_th = 2.179152e+00, time=2024-09-08 16:10:31 
jj1 = 541, max_th = 1.667239e+00, time=2024-09-08 16:10:35 
jj1 = 663, max_th = 1.639580e+00, time=2024-09-08 16:10:44 
jj1 = 762, max_th = 2.574064e+00, time=2024-09-08 16:13:09 
jj1 = 599, max_th = 1.628256e+00, time=2024-09-08 16:14:02 
jj1 = 564, max_th = 2.195527e+00, time=2024-09-08 16:14:44 
jj1 = 681, max_th = 1.860192e+00, time=2024-09-08 16:15:42 
jj1 = 579, max_th = 1.658164e+00, time=2024-09-08 16:16:53 
jj1 = 700, max_th = 2.145037e+00, time=2024-09-08 16:17:01 
jj1 = 718, max_th = 1.591083e+00, time=2024-09-08 16:17:05 
jj1 = 717, max_th = 3.502770e+00, time=2024-09-08 16:17:08 
jj1 = 743, max_th = 1.717470e+00, time=2024-09-08 16:17:30 
jj1 = 540, max_th = 1.851410e+00, time=2024-09-08 16:17:39 
jj1 = 620, max_th = 2.012118e+00, time=2024-09-08 16:18:05 
jj1 = 598, max_th = 1.389893e+00, time=2024-09-08 16:18:43 
jj1 = 662, max_th = 2.189747e+00, time=2024-09-08 16:18:48 
jj1 = 641, max_th = 1.919087e+00, time=2024-09-08 16:19:31 
jj1 = 539, max_th = 1.251242e+00, time=2024-09-08 16:20:17 
jj1 = 761, max_th = 2.322234e+00, time=2024-09-08 16:20:33 
jj1 = 563, max_th = 2.420119e+00, time=2024-09-08 16:21:23 
jj1 = 680, max_th = 2.249278e+00, time=2024-09-08 16:21:56 
jj1 = 640, max_th = 2.760687e+00, time=2024-09-08 16:22:08 
jj1 = 760, max_th = 2.739843e+00, time=2024-09-08 16:23:30 
jj1 = 639, max_th = 9.430910e-01, time=2024-09-08 16:23:46 
jj1 = 742, max_th = 1.644176e+00, time=2024-09-08 16:24:07 
jj1 = 578, max_th = 1.645279e+00, time=2024-09-08 16:24:20 
jj1 = 699, max_th = 1.674564e+00, time=2024-09-08 16:24:20 
jj1 = 716, max_th = 1.902004e+00, time=2024-09-08 16:24:50 
jj1 = 597, max_th = 1.666030e+00, time=2024-09-08 16:26:18 
jj1 = 619, max_th = 1.970598e+00, time=2024-09-08 16:27:15 
jj1 = 538, max_th = 1.690027e+00, time=2024-09-08 16:27:28 
jj1 = 661, max_th = 2.175231e+00, time=2024-09-08 16:27:32 
jj1 = 679, max_th = 1.595863e+00, time=2024-09-08 16:28:04 
jj1 = 562, max_th = 1.658943e+00, time=2024-09-08 16:28:45 
jj1 = 596, max_th = 2.538366e+00, time=2024-09-08 16:31:20 
jj1 = 741, max_th = 1.629789e+00, time=2024-09-08 16:31:20 
jj1 = 537, max_th = 1.354321e+00, time=2024-09-08 16:31:30 
jj1 = 759, max_th = 2.217365e+00, time=2024-09-08 16:31:41 
jj1 = 595, max_th = 3.040116e+00, time=2024-09-08 16:32:12 
jj1 = 698, max_th = 1.676128e+00, time=2024-09-08 16:32:18 
jj1 = 638, max_th = 1.816692e+00, time=2024-09-08 16:32:28 
jj1 = 618, max_th = 2.398432e+00, time=2024-09-08 16:32:46 
jj1 = 715, max_th = 2.171359e+00, time=2024-09-08 16:33:41 
jj1 = 637, max_th = 9.224733e-01, time=2024-09-08 16:34:11 
jj1 = 660, max_th = 1.696241e+00, time=2024-09-08 16:34:25 
jj1 = 577, max_th = 1.930927e+00, time=2024-09-08 16:34:33 
jj1 = 561, max_th = 2.339610e+00, time=2024-09-08 16:35:49 
jj1 = 758, max_th = 1.407653e+00, time=2024-09-08 16:36:24 
jj1 = 617, max_th = 1.312636e+00, time=2024-09-08 16:36:40 
jj1 = 697, max_th = 2.584509e+00, time=2024-09-08 16:36:56 
jj1 = 594, max_th = 1.412474e+00, time=2024-09-08 16:37:10 
jj1 = 678, max_th = 1.977544e+00, time=2024-09-08 16:37:20 
jj1 = 536, max_th = 2.422397e+00, time=2024-09-08 16:37:55 
jj1 = 714, max_th = 1.461502e+00, time=2024-09-08 16:38:36 
jj1 = 713, max_th = 3.354276e+00, time=2024-09-08 16:38:44 
jj1 = 740, max_th = 1.717967e+00, time=2024-09-08 16:39:12 
jj1 = 636, max_th = 1.849605e+00, time=2024-09-08 16:40:39 
jj1 = 739, max_th = 9.514762e-01, time=2024-09-08 16:40:42 
jj1 = 659, max_th = 1.620979e+00, time=2024-09-08 16:41:35 
jj1 = 535, max_th = 1.281226e+00, time=2024-09-08 16:42:11 
jj1 = 616, max_th = 2.408850e+00, time=2024-09-08 16:42:49 
jj1 = 576, max_th = 2.216221e+00, time=2024-09-08 16:44:03 
jj1 = 696, max_th = 1.684153e+00, time=2024-09-08 16:44:31 
jj1 = 635, max_th = 1.263385e+00, time=2024-09-08 16:44:41 
jj1 = 560, max_th = 1.933181e+00, time=2024-09-08 16:44:50 
jj1 = 677, max_th = 1.684015e+00, time=2024-09-08 16:44:52 
jj1 = 757, max_th = 1.986186e+00, time=2024-09-08 16:45:35 
jj1 = 593, max_th = 2.067549e+00, time=2024-09-08 16:46:01 
jj1 = 712, max_th = 2.132031e+00, time=2024-09-08 16:47:30 
jj1 = 738, max_th = 1.703408e+00, time=2024-09-08 16:47:44 
jj1 = 658, max_th = 1.694073e+00, time=2024-09-08 16:48:34 
jj1 = 575, max_th = 1.288074e+00, time=2024-09-08 16:48:39 
jj1 = 615, max_th = 2.425608e+00, time=2024-09-08 16:48:50 
jj1 = 534, max_th = 1.897024e+00, time=2024-09-08 16:49:55 
jj1 = 695, max_th = 2.389153e+00, time=2024-09-08 16:51:04 
jj1 = 559, max_th = 1.642772e+00, time=2024-09-08 16:51:53 
jj1 = 676, max_th = 2.366980e+00, time=2024-09-08 16:51:54 
jj1 = 574, max_th = 1.208296e+00, time=2024-09-08 16:52:18 
jj1 = 737, max_th = 1.385838e+00, time=2024-09-08 16:52:25 
jj1 = 634, max_th = 1.891119e+00, time=2024-09-08 16:52:41 
jj1 = 573, max_th = 7.829871e-01, time=2024-09-08 16:53:37 
jj1 = 614, max_th = 1.380518e+00, time=2024-09-08 16:53:43 
jj1 = 756, max_th = 1.924254e+00, time=2024-09-08 16:54:23 
jj1 = 592, max_th = 1.861408e+00, time=2024-09-08 16:54:26 
jj1 = 657, max_th = 2.150511e+00, time=2024-09-08 16:54:53 
jj1 = 711, max_th = 1.874122e+00, time=2024-09-08 16:56:32 
jj1 = 558, max_th = 1.373201e+00, time=2024-09-08 16:56:47 
jj1 = 656, max_th = 2.749688e+00, time=2024-09-08 16:56:53 
jj1 = 572, max_th = 1.299217e+00, time=2024-09-08 16:57:17 
jj1 = 533, max_th = 2.165997e+00, time=2024-09-08 16:58:32 
jj1 = 633, max_th = 1.697888e+00, time=2024-09-08 16:59:13 
jj1 = 675, max_th = 1.619929e+00, time=2024-09-08 16:59:22 
jj1 = 694, max_th = 2.183463e+00, time=2024-09-08 16:59:28 
jj1 = 613, max_th = 1.572041e+00, time=2024-09-08 17:00:26 
jj1 = 736, max_th = 1.907473e+00, time=2024-09-08 17:00:43 
jj1 = 755, max_th = 2.342011e+00, time=2024-09-08 17:00:47 
jj1 = 557, max_th = 2.607252e+00, time=2024-09-08 17:00:51 
jj1 = 655, max_th = 1.387224e+00, time=2024-09-08 17:01:28 
jj1 = 591, max_th = 1.713535e+00, time=2024-09-08 17:02:07 
jj1 = 710, max_th = 2.405738e+00, time=2024-09-08 17:02:35 
jj1 = 532, max_th = 2.540394e+00, time=2024-09-08 17:03:14 
jj1 = 674, max_th = 1.286485e+00, time=2024-09-08 17:03:23 
jj1 = 632, max_th = 1.601276e+00, time=2024-09-08 17:05:16 
jj1 = 754, max_th = 2.427303e+00, time=2024-09-08 17:07:13 
jj1 = 571, max_th = 2.129220e+00, time=2024-09-08 17:07:25 
jj1 = 590, max_th = 2.398783e+00, time=2024-09-08 17:07:28 
jj1 = 693, max_th = 2.267211e+00, time=2024-09-08 17:07:34 
jj1 = 654, max_th = 2.354473e+00, time=2024-09-08 17:07:47 
jj1 = 612, max_th = 1.665336e+00, time=2024-09-08 17:07:48 
jj1 = 556, max_th = 2.201395e+00, time=2024-09-08 17:08:04 
jj1 = 735, max_th = 1.876171e+00, time=2024-09-08 17:09:57 
jj1 = 709, max_th = 1.682485e+00, time=2024-09-08 17:10:11 
jj1 = 673, max_th = 1.672236e+00, time=2024-09-08 17:10:52 
jj1 = 531, max_th = 1.858953e+00, time=2024-09-08 17:11:22 
jj1 = 530, max_th = 3.379999e+00, time=2024-09-08 17:11:30 
jj1 = 631, max_th = 2.148990e+00, time=2024-09-08 17:12:00 
jj1 = 753, max_th = 1.703025e+00, time=2024-09-08 17:14:01 
jj1 = 589, max_th = 1.693056e+00, time=2024-09-08 17:14:34 
jj1 = 611, max_th = 2.366887e+00, time=2024-09-08 17:14:50 
jj1 = 570, max_th = 1.622719e+00, time=2024-09-08 17:14:57 
jj1 = 692, max_th = 1.897459e+00, time=2024-09-08 17:15:18 
jj1 = 653, max_th = 1.711952e+00, time=2024-09-08 17:15:26 
jj1 = 672, max_th = 2.557390e+00, time=2024-09-08 17:15:27 
jj1 = 555, max_th = 1.689411e+00, time=2024-09-08 17:15:37 
jj1 = 529, max_th = 2.294121e+00, time=2024-09-08 17:17:54 
jj1 = 734, max_th = 1.906684e+00, time=2024-09-08 17:18:16 
jj1 = 630, max_th = 1.693238e+00, time=2024-09-08 17:19:14 
jj1 = 778, max_th = 2.123738e+00, time=2024-09-08 17:19:23 
jj1 = 752, max_th = 1.856233e+00, time=2024-09-08 17:21:53 
jj1 = 671, max_th = 2.389805e+00, time=2024-09-08 17:21:56 
jj1 = 733, max_th = 1.305751e+00, time=2024-09-08 17:22:11 
jj1 = 798, max_th = 2.189418e+00, time=2024-09-08 17:22:38 
jj1 = 610, max_th = 2.102929e+00, time=2024-09-08 17:22:49 
jj1 = 691, max_th = 2.116087e+00, time=2024-09-08 17:24:06 
jj1 = 569, max_th = 1.966693e+00, time=2024-09-08 17:24:10 
jj1 = 652, max_th = 1.923996e+00, time=2024-09-08 17:24:35 
jj1 = 788, max_th = 2.372144e+00, time=2024-09-08 17:25:08 
jj1 = 751, max_th = 1.252690e+00, time=2024-09-08 17:25:09 
jj1 = 554, max_th = 1.973502e+00, time=2024-09-08 17:25:13 
jj1 = 629, max_th = 2.343581e+00, time=2024-09-08 17:26:04 
jj1 = 777, max_th = 1.614645e+00, time=2024-09-08 17:26:23 
jj1 = 732, max_th = 2.566664e+00, time=2024-09-08 17:26:57 
jj1 = 690, max_th = 2.690933e+00, time=2024-09-08 17:27:20 
jj1 = 797, max_th = 2.362058e+00, time=2024-09-08 17:29:21 
jj1 = 651, max_th = 2.509378e+00, time=2024-09-08 17:29:28 
jj1 = 553, max_th = 2.149908e+00, time=2024-09-08 17:30:39 
jj1 = 670, max_th = 2.172420e+00, time=2024-09-08 17:30:48 
jj1 = 838, max_th = 1.381714e+00, time=2024-09-08 17:31:03 
jj1 = 808, max_th = 1.688745e+00, time=2024-09-08 17:31:23 
jj1 = 750, max_th = 1.899218e+00, time=2024-09-08 17:31:45 
jj1 = 609, max_th = 1.864099e+00, time=2024-09-08 17:32:36 
jj1 = 787, max_th = 2.190143e+00, time=2024-09-08 17:33:16 
jj1 = 796, max_th = 1.358743e+00, time=2024-09-08 17:33:47 
jj1 = 689, max_th = 1.659592e+00, time=2024-09-08 17:34:18 
jj1 = 776, max_th = 2.185431e+00, time=2024-09-08 17:34:55 
jj1 = 837, max_th = 1.347292e+00, time=2024-09-08 17:35:02 
jj1 = 650, max_th = 2.353821e+00, time=2024-09-08 17:35:48 
jj1 = 731, max_th = 2.174075e+00, time=2024-09-08 17:35:52 
jj1 = 818, max_th = 9.748947e-01, time=2024-09-08 17:36:13 
jj1 = 749, max_th = 1.696781e+00, time=2024-09-08 17:38:28 
jj1 = 552, max_th = 1.942643e+00, time=2024-09-08 17:39:11 
jj1 = 669, max_th = 1.956803e+00, time=2024-09-08 17:39:16 
jj1 = 807, max_th = 2.142718e+00, time=2024-09-08 17:39:36 
jj1 = 730, max_th = 1.325039e+00, time=2024-09-08 17:40:05 
jj1 = 795, max_th = 2.415452e+00, time=2024-09-08 17:40:11 
jj1 = 817, max_th = 2.552669e+00, time=2024-09-08 17:40:31 
jj1 = 794, max_th = -1.026897e-02, time=2024-09-08 17:40:34 
jj1 = 551, max_th = 2.894193e+00, time=2024-09-08 17:40:50 
jj1 = 828, max_th = 1.846633e+00, time=2024-09-08 17:41:11 
jj1 = 786, max_th = 1.944517e+00, time=2024-09-08 17:41:21 
jj1 = 550, max_th = 2.888061e+00, time=2024-09-08 17:42:33 
jj1 = 775, max_th = 1.842819e+00, time=2024-09-08 17:43:10 
jj1 = 836, max_th = 1.943511e+00, time=2024-09-08 17:43:28 
jj1 = 649, max_th = 2.216673e+00, time=2024-09-08 17:44:06 
jj1 = 806, max_th = 2.383857e+00, time=2024-09-08 17:45:54 
jj1 = 858, max_th = 1.969592e+00, time=2024-09-08 17:47:39 
jj1 = 793, max_th = 2.152039e+00, time=2024-09-08 17:47:52 
jj1 = 888, max_th = 1.324829e+00, time=2024-09-08 17:48:18 
jj1 = 848, max_th = 2.062689e+00, time=2024-09-08 17:48:19 
jj1 = 729, max_th = 1.880289e+00, time=2024-09-08 17:49:00 
jj1 = 816, max_th = 1.833252e+00, time=2024-09-08 17:49:30 
jj1 = 835, max_th = 1.565656e+00, time=2024-09-08 17:49:50 
jj1 = 785, max_th = 1.990748e+00, time=2024-09-08 17:49:55 
jj1 = 805, max_th = 1.378424e+00, time=2024-09-08 17:50:40 
jj1 = 774, max_th = 1.669804e+00, time=2024-09-08 17:50:51 
jj1 = 827, max_th = 1.914302e+00, time=2024-09-08 17:50:57 
jj1 = 868, max_th = 2.749081e+00, time=2024-09-08 17:51:17 
jj1 = 834, max_th = 2.888610e+00, time=2024-09-08 17:51:31 
jj1 = 549, max_th = 2.064745e+00, time=2024-09-08 17:51:36 
jj1 = 857, max_th = 2.591201e+00, time=2024-09-08 17:51:50 
jj1 = 784, max_th = 2.556574e+00, time=2024-09-08 17:54:20 
jj1 = 847, max_th = 2.357308e+00, time=2024-09-08 17:54:55 
jj1 = 856, max_th = 2.692411e+00, time=2024-09-08 17:55:06 
jj1 = 887, max_th = 2.311683e+00, time=2024-09-08 17:55:14 
jj1 = 833, max_th = 2.561835e+00, time=2024-09-08 17:56:15 
jj1 = 792, max_th = 2.167100e+00, time=2024-09-08 17:56:32 
jj1 = 815, max_th = 1.693576e+00, time=2024-09-08 17:56:32 
jj1 = 878, max_th = 1.526164e+00, time=2024-09-08 17:57:58 
jj1 = 846, max_th = 1.255571e+00, time=2024-09-08 17:58:10 
jj1 = 826, max_th = 1.710830e+00, time=2024-09-08 17:58:33 
jj1 = 804, max_th = 1.917899e+00, time=2024-09-08 17:59:38 
jj1 = 773, max_th = 1.916115e+00, time=2024-09-08 17:59:46 
jj1 = 867, max_th = 1.992795e+00, time=2024-09-08 17:59:48 
jj1 = 845, max_th = 2.773232e+00, time=2024-09-08 18:00:53 
jj1 = 855, max_th = 1.582606e+00, time=2024-09-08 18:01:40 
jj1 = 886, max_th = 1.677617e+00, time=2024-09-08 18:02:40 
jj1 = 783, max_th = 1.935240e+00, time=2024-09-08 18:03:05 
jj1 = 814, max_th = 1.657269e+00, time=2024-09-08 18:03:20 
jj1 = 772, max_th = 1.268727e+00, time=2024-09-08 18:03:37 
jj1 = 791, max_th = 2.312969e+00, time=2024-09-08 18:03:44 
jj1 = 832, max_th = 1.909360e+00, time=2024-09-08 18:04:40 
jj1 = 877, max_th = 2.321481e+00, time=2024-09-08 18:05:30 
jj1 = 844, max_th = 1.376801e+00, time=2024-09-08 18:05:41 
jj1 = 790, max_th = 9.835067e-01, time=2024-09-08 18:05:41 
jj1 = 885, max_th = 1.263628e+00, time=2024-09-08 18:06:34 
jj1 = 825, max_th = 1.665812e+00, time=2024-09-08 18:06:47 
jj1 = 866, max_th = 1.611884e+00, time=2024-09-08 18:06:53 
jj1 = 803, max_th = 2.133621e+00, time=2024-09-08 18:08:27 
jj1 = 813, max_th = 1.547258e+00, time=2024-09-08 18:09:12 
jj1 = 884, max_th = 2.737513e+00, time=2024-09-08 18:09:26 
jj1 = 782, max_th = 1.640448e+00, time=2024-09-08 18:09:44 
jj1 = 854, max_th = 1.825532e+00, time=2024-09-08 18:09:47 
jj1 = 781, max_th = -2.037619e-02, time=2024-09-08 18:10:08 
jj1 = 824, max_th = 1.290773e+00, time=2024-09-08 18:11:04 
jj1 = 865, max_th = 1.342038e+00, time=2024-09-08 18:11:12 
jj1 = 876, max_th = 1.564683e+00, time=2024-09-08 18:12:08 
jj1 = 771, max_th = 1.927330e+00, time=2024-09-08 18:12:42 
jj1 = 789, max_th = 2.332085e+00, time=2024-09-08 18:13:10 
jj1 = 831, max_th = 2.016667e+00, time=2024-09-08 18:13:46 
jj1 = 780, max_th = 1.357411e+00, time=2024-09-08 18:14:25 
jj1 = 802, max_th = 1.489530e+00, time=2024-09-08 18:14:26 
jj1 = 843, max_th = 2.175899e+00, time=2024-09-08 18:14:36 
jj1 = 864, max_th = 2.502472e+00, time=2024-09-08 18:15:44 
jj1 = 883, max_th = 1.613255e+00, time=2024-09-08 18:15:59 
jj1 = 853, max_th = 2.362169e+00, time=2024-09-08 18:16:31 
jj1 = 812, max_th = 1.828841e+00, time=2024-09-08 18:17:53 
jj1 = 898, max_th = 2.527959e+00, time=2024-09-08 18:18:26 
jj1 = 842, max_th = 1.480345e+00, time=2024-09-08 18:19:54 
jj1 = 875, max_th = 2.182667e+00, time=2024-09-08 18:20:43 
jj1 = 770, max_th = 1.787990e+00, time=2024-09-08 18:20:45 
jj1 = 823, max_th = 1.916804e+00, time=2024-09-08 18:21:06 
jj1 = 779, max_th = 1.661705e+00, time=2024-09-08 18:21:25 
jj1 = 874, max_th = 9.222183e-01, time=2024-09-08 18:22:22 
jj1 = 811, max_th = 1.363820e+00, time=2024-09-08 18:22:22 
jj1 = 822, max_th = 2.953189e+00, time=2024-09-08 18:22:25 
jj1 = 830, max_th = 1.909481e+00, time=2024-09-08 18:22:30 
jj1 = 897, max_th = 2.588685e+00, time=2024-09-08 18:22:48 
jj1 = 801, max_th = 2.064434e+00, time=2024-09-08 18:23:11 
jj1 = 852, max_th = 2.382379e+00, time=2024-09-08 18:23:15 
jj1 = 903, max_th = 2.798762e+00, time=2024-09-08 18:23:27 
jj1 = 851, max_th = 8.894449e-01, time=2024-09-08 18:24:22 
jj1 = 829, max_th = 2.859679e+00, time=2024-09-08 18:24:24 
jj1 = 882, max_th = 2.082730e+00, time=2024-09-08 18:24:25 
jj1 = 863, max_th = 1.883876e+00, time=2024-09-08 18:24:41 
jj1 = 873, max_th = 1.251750e+00, time=2024-09-08 18:25:22 
jj1 = 881, max_th = 1.149800e+00, time=2024-09-08 18:26:37 
jj1 = 841, max_th = 1.606829e+00, time=2024-09-08 18:26:38 
jj1 = 872, max_th = 9.592530e-01, time=2024-09-08 18:27:06 
jj1 = 810, max_th = 2.391704e+00, time=2024-09-08 18:28:44 
jj1 = 913, max_th = 1.390415e+00, time=2024-09-08 18:29:12 
jj1 = 769, max_th = 1.962602e+00, time=2024-09-08 18:29:38 
jj1 = 809, max_th = 8.782284e-01, time=2024-09-08 18:29:42 
jj1 = 821, max_th = 2.146531e+00, time=2024-09-08 18:30:26 
jj1 = 800, max_th = 2.192662e+00, time=2024-09-08 18:31:03 
jj1 = 896, max_th = 1.891197e+00, time=2024-09-08 18:31:16 
jj1 = 902, max_th = 1.914623e+00, time=2024-09-08 18:32:33 
jj1 = 923, max_th = 1.349344e+00, time=2024-09-08 18:33:03 
jj1 = 850, max_th = 1.869323e+00, time=2024-09-08 18:33:11 
jj1 = 862, max_th = 2.114835e+00, time=2024-09-08 18:33:24 
jj1 = 880, max_th = 1.656042e+00, time=2024-09-08 18:33:26 
jj1 = 840, max_th = 2.099047e+00, time=2024-09-08 18:33:44 
jj1 = 871, max_th = 1.659667e+00, time=2024-09-08 18:34:12 
jj1 = 901, max_th = 9.821017e-01, time=2024-09-08 18:34:26 
jj1 = 820, max_th = 2.547072e+00, time=2024-09-08 18:34:48 
jj1 = 893, max_th = 1.567382e+00, time=2024-09-08 18:36:09 
jj1 = 849, max_th = 1.299621e+00, time=2024-09-08 18:36:21 
jj1 = 861, max_th = 2.621540e+00, time=2024-09-08 18:37:34 
jj1 = 839, max_th = 1.352242e+00, time=2024-09-08 18:37:36 
jj1 = 895, max_th = 2.391437e+00, time=2024-09-08 18:37:38 
jj1 = 912, max_th = 1.913039e+00, time=2024-09-08 18:37:44 
jj1 = 799, max_th = 1.642134e+00, time=2024-09-08 18:37:50 
jj1 = 894, max_th = -4.491301e-02, time=2024-09-08 18:37:56 
jj1 = 900, max_th = 1.355704e+00, time=2024-09-08 18:38:27 
jj1 = 870, max_th = 2.476123e+00, time=2024-09-08 18:40:11 
jj1 = 911, max_th = 2.785651e+00, time=2024-09-08 18:40:13 
jj1 = 922, max_th = 1.893467e+00, time=2024-09-08 18:41:05 
jj1 = 819, max_th = 2.346913e+00, time=2024-09-08 18:41:17 
jj1 = 879, max_th = 2.212373e+00, time=2024-09-08 18:41:19 
jj1 = 860, max_th = 1.334062e+00, time=2024-09-08 18:41:48 
jj1 = 908, max_th = 1.282297e+00, time=2024-09-08 18:42:05 
jj1 = 928, max_th = 1.657560e+00, time=2024-09-08 18:43:04 
jj1 = 892, max_th = 1.635662e+00, time=2024-09-08 18:43:32 
jj1 = 859, max_th = 1.155021e+00, time=2024-09-08 18:44:20 
jj1 = 933, max_th = 1.686331e+00, time=2024-09-08 18:45:11 
jj1 = 938, max_th = 1.317467e+00, time=2024-09-08 18:45:25 
jj1 = 952, max_th = 1.789901e+00, time=2024-09-08 18:46:27 
jj1 = 899, max_th = 1.715778e+00, time=2024-09-08 18:46:31 
jj1 = 927, max_th = 2.564219e+00, time=2024-09-08 18:47:43 
jj1 = 869, max_th = 1.901849e+00, time=2024-09-08 18:47:55 
jj1 = 921, max_th = 1.582387e+00, time=2024-09-08 18:48:13 
jj1 = 910, max_th = 1.958539e+00, time=2024-09-08 18:48:46 
jj1 = 943, max_th = 1.334703e+00, time=2024-09-08 18:48:48 
jj1 = 918, max_th = 2.254863e+00, time=2024-09-08 18:48:58 
jj1 = 907, max_th = 2.340011e+00, time=2024-09-08 18:48:59 
jj1 = 937, max_th = 1.327247e+00, time=2024-09-08 18:49:48 
jj1 = 909, max_th = 8.177679e-01, time=2024-09-08 18:49:59 
jj1 = 906, max_th = 9.739633e-01, time=2024-09-08 18:50:50 
jj1 = 891, max_th = 2.137700e+00, time=2024-09-08 18:51:54 
jj1 = 948, max_th = 1.287219e+00, time=2024-09-08 18:52:00 
jj1 = 932, max_th = 1.617157e+00, time=2024-09-08 18:52:07 
jj1 = 942, max_th = 2.556225e+00, time=2024-09-08 18:53:22 
jj1 = 956, max_th = 1.660381e+00, time=2024-09-08 18:53:33 
jj1 = 951, max_th = 1.898356e+00, time=2024-09-08 18:54:04 
jj1 = 926, max_th = 1.571341e+00, time=2024-09-08 18:54:23 
jj1 = 920, max_th = 2.434215e+00, time=2024-09-08 18:54:26 
jj1 = 917, max_th = 2.473298e+00, time=2024-09-08 18:54:51 
jj1 = 905, max_th = 1.359267e+00, time=2024-09-08 18:55:15 
jj1 = 890, max_th = 1.408110e+00, time=2024-09-08 18:56:07 
jj1 = 936, max_th = 2.342968e+00, time=2024-09-08 18:56:09 
jj1 = 931, max_th = 1.284909e+00, time=2024-09-08 18:56:18 
jj1 = 960, max_th = 1.574764e+00, time=2024-09-08 18:56:57 
jj1 = 916, max_th = 1.074162e+00, time=2024-09-08 18:57:13 
jj1 = 925, max_th = 1.349773e+00, time=2024-09-08 18:57:27 
jj1 = 941, max_th = 2.589704e+00, time=2024-09-08 18:57:47 
jj1 = 955, max_th = 2.504648e+00, time=2024-09-08 18:58:29 
jj1 = 947, max_th = 1.713503e+00, time=2024-09-08 18:59:42 
jj1 = 889, max_th = 1.336387e+00, time=2024-09-08 19:00:20 
jj1 = 919, max_th = 1.900494e+00, time=2024-09-08 19:01:07 
jj1 = 950, max_th = 2.313251e+00, time=2024-09-08 19:01:33 
jj1 = 924, max_th = 1.335693e+00, time=2024-09-08 19:01:34 
jj1 = 904, max_th = 1.702733e+00, time=2024-09-08 19:01:58 
jj1 = 930, max_th = 2.307338e+00, time=2024-09-08 19:03:27 
jj1 = 935, max_th = 1.940239e+00, time=2024-09-08 19:04:37 
jj1 = 940, max_th = 2.370664e+00, time=2024-09-08 19:05:03 
jj1 = 959, max_th = 1.933622e+00, time=2024-09-08 19:06:00 
jj1 = 949, max_th = 1.389805e+00, time=2024-09-08 19:06:10 
jj1 = 915, max_th = 1.881155e+00, time=2024-09-08 19:06:27 
jj1 = 972, max_th = 2.435017e+00, time=2024-09-08 19:06:30 
jj1 = 954, max_th = 1.719374e+00, time=2024-09-08 19:06:31 
jj1 = 980, max_th = 2.577885e+00, time=2024-09-08 19:06:38 
jj1 = 968, max_th = 2.412161e+00, time=2024-09-08 19:07:22 
jj1 = 971, max_th = 8.990122e-01, time=2024-09-08 19:07:23 
jj1 = 914, max_th = 9.387152e-01, time=2024-09-08 19:08:10 
jj1 = 946, max_th = 2.121167e+00, time=2024-09-08 19:08:45 
jj1 = 939, max_th = 1.288665e+00, time=2024-09-08 19:09:06 
jj1 = 964, max_th = 2.126873e+00, time=2024-09-08 19:09:24 
jj1 = 929, max_th = 2.371423e+00, time=2024-09-08 19:10:27 
jj1 = 984, max_th = 1.648752e+00, time=2024-09-08 19:11:58 
jj1 = 976, max_th = 9.220855e-01, time=2024-09-08 19:12:10 
jj1 = 934, max_th = 1.990505e+00, time=2024-09-08 19:12:57 
jj1 = 958, max_th = 1.801477e+00, time=2024-09-08 19:13:02 
jj1 = 996, max_th = 2.612631e+00, time=2024-09-08 19:13:20 
jj1 = 963, max_th = 2.498124e+00, time=2024-09-08 19:13:50 
jj1 = 953, max_th = 1.951466e+00, time=2024-09-08 19:13:53 
jj1 = 970, max_th = 2.382973e+00, time=2024-09-08 19:13:59 
jj1 = 957, max_th = 8.667868e-01, time=2024-09-08 19:14:19 
jj1 = 979, max_th = 1.824297e+00, time=2024-09-08 19:14:45 
jj1 = 999, max_th = 3.058929e+00, time=2024-09-08 19:15:05 
jj1 = 967, max_th = 1.946676e+00, time=2024-09-08 19:15:09 
jj1 = 945, max_th = 1.581473e+00, time=2024-09-08 19:15:14 
jj1 = 978, max_th = 8.672192e-01, time=2024-09-08 19:16:12 
jj1 = 995, max_th = 2.714685e+00, time=2024-09-08 19:16:22 
jj1 = 988, max_th = 2.224595e+00, time=2024-09-08 19:16:35 
jj1 = 992, max_th = 1.314195e+00, time=2024-09-08 19:16:56 
jj1 = 991, max_th = 2.914881e+00, time=2024-09-08 19:18:25 
jj1 = 966, max_th = 1.286184e+00, time=2024-09-08 19:19:19 
jj1 = 975, max_th = 1.898867e+00, time=2024-09-08 19:19:31 
jj1 = 983, max_th = 1.723984e+00, time=2024-09-08 19:20:34 
jj1 = 994, max_th = 2.572607e+00, time=2024-09-08 19:21:10 
jj1 = 944, max_th = 1.521992e+00, time=2024-09-08 19:21:30 
jj1 = 962, max_th = 2.175250e+00, time=2024-09-08 19:22:36 
jj1 = 997, max_th = 2.067148e+00, time=2024-09-08 19:22:50 
jj1 = 987, max_th = 2.354153e+00, time=2024-09-08 19:22:52 
jj1 = 969, max_th = 1.967614e+00, time=2024-09-08 19:22:55 
jj1 = 977, max_th = 1.936760e+00, time=2024-09-08 19:24:46 
jj1 = 982, max_th = 2.588160e+00, time=2024-09-08 19:24:48 
jj1 = 990, max_th = 1.586857e+00, time=2024-09-08 19:24:53 
jj1 = 974, max_th = 1.573969e+00, time=2024-09-08 19:26:30 
jj1 = 993, max_th = 2.148821e+00, time=2024-09-08 19:27:43 
jj1 = 965, max_th = 2.120299e+00, time=2024-09-08 19:28:10 
jj1 = 998, max_th = 1.666706e+00, time=2024-09-08 19:28:37 
jj1 = 961, max_th = 1.865025e+00, time=2024-09-08 19:30:15 
jj1 = 986, max_th = 1.945624e+00, time=2024-09-08 19:30:49 
jj1 = 989, max_th = 1.892234e+00, time=2024-09-08 19:32:25 
jj1 = 981, max_th = 2.124259e+00, time=2024-09-08 19:32:49 
jj1 = 973, max_th = 1.866010e+00, time=2024-09-08 19:33:54 
jj1 = 1000, max_th = 1.712134e+00, time=2024-09-08 19:36:55 
jj1 = 985, max_th = 2.180074e+00, time=2024-09-08 19:38:18 
>> >> >> >> >> >> >> >> 