MATLAB is selecting SOFTWARE OPENGL rendering.

                            < M A T L A B (R) >
                  Copyright 1984-2021 The MathWorks, Inc.
                  R2021b (9.11.0.1769968) 64-bit (glnxa64)
                             September 17, 2021

 
To get started, type doc.
For product information, visit www.mathworks.com.
 
>> >> >> >> >> >> >> >> >> >> >> >> >> >> >> >> >> >> >> >> >> >> >> >> Starting parallel pool (parpool) using the 'local' profile ...
Connected to the parallel pool (number of workers: 12).
jj1 = 25, max_th = 2.947283e+00, time=2024-09-08 10:55:24 
jj1 = 55, max_th = 2.826174e+00, time=2024-09-08 10:56:55 
jj1 = 60, max_th = 2.474766e+00, time=2024-09-08 10:58:24 
jj1 = 5, max_th = 1.871854e+00, time=2024-09-08 10:59:43 
jj1 = 30, max_th = 1.751289e+00, time=2024-09-08 11:00:10 
jj1 = 40, max_th = 1.885571e+00, time=2024-09-08 11:00:27 
jj1 = 10, max_th = 1.954424e+00, time=2024-09-08 11:02:14 
jj1 = 9, max_th = 3.837052e+00, time=2024-09-08 11:02:24 
jj1 = 59, max_th = 2.559231e+00, time=2024-09-08 11:02:40 
jj1 = 20, max_th = 2.623581e+00, time=2024-09-08 11:03:04 
jj1 = 50, max_th = 1.724581e+00, time=2024-09-08 11:03:31 
jj1 = 45, max_th = 2.122225e+00, time=2024-09-08 11:04:53 
jj1 = 54, max_th = 1.594654e+00, time=2024-09-08 11:06:04 
jj1 = 4, max_th = 2.306154e+00, time=2024-09-08 11:06:58 
jj1 = 53, max_th = 4.080625e+00, time=2024-09-08 11:07:13 
jj1 = 58, max_th = 1.239958e+00, time=2024-09-08 11:07:49 
jj1 = 35, max_th = 2.160253e+00, time=2024-09-08 11:08:24 
jj1 = 24, max_th = 2.138511e+00, time=2024-09-08 11:08:49 
jj1 = 15, max_th = 2.026648e+00, time=2024-09-08 11:09:59 
jj1 = 8, max_th = 1.846901e+00, time=2024-09-08 11:10:33 
jj1 = 39, max_th = 1.695339e+00, time=2024-09-08 11:11:19 
jj1 = 29, max_th = 1.895500e+00, time=2024-09-08 11:11:46 
jj1 = 19, max_th = 2.247147e+00, time=2024-09-08 11:12:06 
jj1 = 57, max_th = 1.798526e+00, time=2024-09-08 11:12:38 
jj1 = 49, max_th = 1.943168e+00, time=2024-09-08 11:12:41 
jj1 = 23, max_th = 2.602577e+00, time=2024-09-08 11:14:21 
jj1 = 18, max_th = 2.549806e+00, time=2024-09-08 11:15:00 
jj1 = 52, max_th = 1.773505e+00, time=2024-09-08 11:15:06 
jj1 = 44, max_th = 2.126905e+00, time=2024-09-08 11:15:23 
jj1 = 34, max_th = 2.175544e+00, time=2024-09-08 11:17:20 
jj1 = 56, max_th = 9.562082e-01, time=2024-09-08 11:17:23 
jj1 = 528, max_th = 5.255878e-01, time=2024-09-08 11:18:04 
jj1 = 17, max_th = 1.107557e+00, time=2024-09-08 11:18:33 
jj1 = 38, max_th = 2.243443e+00, time=2024-09-08 11:19:09 
jj1 = 7, max_th = 1.583785e+00, time=2024-09-08 11:19:15 
jj1 = 14, max_th = 1.866439e+00, time=2024-09-08 11:19:58 
jj1 = 28, max_th = 2.418766e+00, time=2024-09-08 11:20:04 
jj1 = 3, max_th = 1.866639e+00, time=2024-09-08 11:20:18 
jj1 = 22, max_th = 2.478092e+00, time=2024-09-08 11:21:44 
jj1 = 48, max_th = 1.633700e+00, time=2024-09-08 11:21:44 
jj1 = 27, max_th = 1.102679e+00, time=2024-09-08 11:21:45 
jj1 = 33, max_th = 2.575863e+00, time=2024-09-08 11:22:16 
jj1 = 6, max_th = 2.509739e+00, time=2024-09-08 11:22:22 
jj1 = 527, max_th = 2.619567e+00, time=2024-09-08 11:23:02 
jj1 = 51, max_th = 2.360860e+00, time=2024-09-08 11:23:25 
jj1 = 489, max_th = -1.405876e-01, time=2024-09-08 11:23:27 
jj1 = 21, max_th = 2.893135e+00, time=2024-09-08 11:23:51 
jj1 = 488, max_th = 1.234212e+00, time=2024-09-08 11:26:52 
jj1 = 16, max_th = 1.770123e+00, time=2024-09-08 11:27:13 
jj1 = 37, max_th = 1.686883e+00, time=2024-09-08 11:27:46 
jj1 = 32, max_th = 2.290899e+00, time=2024-09-08 11:28:05 
jj1 = 43, max_th = 2.052996e+00, time=2024-09-08 11:29:18 
jj1 = 36, max_th = 2.890320e+00, time=2024-09-08 11:29:45 
jj1 = 13, max_th = 1.761418e+00, time=2024-09-08 11:29:47 
jj1 = 47, max_th = 1.865453e+00, time=2024-09-08 11:30:03 
jj1 = 526, max_th = 1.698095e+00, time=2024-09-08 11:30:14 
jj1 = 2, max_th = 1.877337e+00, time=2024-09-08 11:30:54 
jj1 = 255, max_th = 1.798036e+00, time=2024-09-08 11:31:10 
jj1 = 26, max_th = 1.891396e+00, time=2024-09-08 11:31:25 
jj1 = 46, max_th = 2.750758e+00, time=2024-09-08 11:32:23 
jj1 = 372, max_th = 2.779673e+00, time=2024-09-08 11:32:27 
jj1 = 294, max_th = 3.300683e+00, time=2024-09-08 11:33:19 
jj1 = 42, max_th = 2.550800e+00, time=2024-09-08 11:34:13 
jj1 = 138, max_th = 2.190411e+00, time=2024-09-08 11:34:45 
jj1 = 1, max_th = 2.436405e+00, time=2024-09-08 11:36:48 
jj1 = 254, max_th = 1.519310e+00, time=2024-09-08 11:37:05 
jj1 = 31, max_th = 1.923368e+00, time=2024-09-08 11:37:27 
jj1 = 487, max_th = 1.724037e+00, time=2024-09-08 11:37:37 
jj1 = 216, max_th = 2.646831e+00, time=2024-09-08 11:38:50 
jj1 = 333, max_th = 1.170077e+00, time=2024-09-08 11:39:24 
jj1 = 12, max_th = 1.833047e+00, time=2024-09-08 11:40:10 
jj1 = 293, max_th = 1.275939e+00, time=2024-09-08 11:40:33 
jj1 = 137, max_th = 2.273411e+00, time=2024-09-08 11:40:46 
jj1 = 450, max_th = 1.923890e+00, time=2024-09-08 11:41:25 
jj1 = 371, max_th = 1.708075e+00, time=2024-09-08 11:42:26 
jj1 = 41, max_th = 1.908719e+00, time=2024-09-08 11:42:35 
jj1 = 11, max_th = 2.753727e+00, time=2024-09-08 11:42:55 
jj1 = 253, max_th = 1.849506e+00, time=2024-09-08 11:44:16 
jj1 = 136, max_th = 1.280217e+00, time=2024-09-08 11:45:22 
jj1 = 411, max_th = 2.450086e+00, time=2024-09-08 11:45:22 
jj1 = 486, max_th = 2.347193e+00, time=2024-09-08 11:45:56 
jj1 = 525, max_th = 2.237554e+00, time=2024-09-08 11:46:37 
jj1 = 135, max_th = 5.978866e-01, time=2024-09-08 11:46:43 
jj1 = 215, max_th = 1.906377e+00, time=2024-09-08 11:46:52 
jj1 = 449, max_th = 1.385217e+00, time=2024-09-08 11:47:03 
jj1 = 370, max_th = 2.537346e+00, time=2024-09-08 11:47:08 
jj1 = 332, max_th = 1.910929e+00, time=2024-09-08 11:48:20 
jj1 = 99, max_th = 1.986246e+00, time=2024-09-08 11:49:47 
jj1 = 252, max_th = 2.518261e+00, time=2024-09-08 11:50:29 
jj1 = 134, max_th = 1.082794e+00, time=2024-09-08 11:51:22 
jj1 = 292, max_th = 1.577257e+00, time=2024-09-08 11:52:47 
jj1 = 177, max_th = 2.054002e+00, time=2024-09-08 11:53:20 
jj1 = 485, max_th = 1.638807e+00, time=2024-09-08 11:53:31 
jj1 = 410, max_th = 1.740426e+00, time=2024-09-08 11:53:59 
jj1 = 524, max_th = 1.998212e+00, time=2024-09-08 11:55:05 
jj1 = 214, max_th = 1.752594e+00, time=2024-09-08 11:55:36 
jj1 = 448, max_th = 1.885326e+00, time=2024-09-08 11:55:46 
jj1 = 369, max_th = 1.831294e+00, time=2024-09-08 11:57:13 
jj1 = 291, max_th = 1.453988e+00, time=2024-09-08 11:57:15 
jj1 = 251, max_th = 1.617182e+00, time=2024-09-08 11:58:09 
jj1 = 133, max_th = 1.800589e+00, time=2024-09-08 11:58:32 
jj1 = 368, max_th = 2.845544e+00, time=2024-09-08 11:58:52 
jj1 = 331, max_th = 2.185914e+00, time=2024-09-08 11:59:26 
jj1 = 98, max_th = 1.741964e+00, time=2024-09-08 11:59:41 
jj1 = 447, max_th = 2.534501e+00, time=2024-09-08 12:00:35 
jj1 = 132, max_th = 3.670024e+00, time=2024-09-08 12:01:04 
jj1 = 176, max_th = 1.669755e+00, time=2024-09-08 12:01:51 
jj1 = 409, max_th = 1.889994e+00, time=2024-09-08 12:02:04 
jj1 = 523, max_th = 1.586263e+00, time=2024-09-08 12:02:35 
jj1 = 250, max_th = 2.499469e+00, time=2024-09-08 12:02:55 
jj1 = 213, max_th = 1.716329e+00, time=2024-09-08 12:04:05 
jj1 = 175, max_th = 1.124366e+00, time=2024-09-08 12:04:29 
jj1 = 367, max_th = 1.743139e+00, time=2024-09-08 12:04:31 
jj1 = 290, max_th = 2.097118e+00, time=2024-09-08 12:05:35 
jj1 = 330, max_th = 1.950823e+00, time=2024-09-08 12:06:02 
jj1 = 289, max_th = 7.514160e-01, time=2024-09-08 12:06:49 
jj1 = 484, max_th = 1.785601e+00, time=2024-09-08 12:07:22 
jj1 = 131, max_th = 1.711374e+00, time=2024-09-08 12:08:14 
jj1 = 97, max_th = 1.976080e+00, time=2024-09-08 12:08:19 
jj1 = 446, max_th = 1.667171e+00, time=2024-09-08 12:08:42 
jj1 = 174, max_th = 1.374363e+00, time=2024-09-08 12:09:05 
jj1 = 522, max_th = 1.610579e+00, time=2024-09-08 12:09:40 
jj1 = 212, max_th = 2.382847e+00, time=2024-09-08 12:09:57 
jj1 = 408, max_th = 1.996017e+00, time=2024-09-08 12:10:16 
jj1 = 329, max_th = 2.561390e+00, time=2024-09-08 12:11:49 
jj1 = 366, max_th = 1.852311e+00, time=2024-09-08 12:12:08 
jj1 = 249, max_th = 1.988811e+00, time=2024-09-08 12:12:21 
jj1 = 211, max_th = 1.419712e+00, time=2024-09-08 12:13:43 
jj1 = 288, max_th = 1.426336e+00, time=2024-09-08 12:14:35 
jj1 = 521, max_th = 1.472536e+00, time=2024-09-08 12:15:01 
jj1 = 483, max_th = 1.840539e+00, time=2024-09-08 12:15:17 
jj1 = 407, max_th = 2.706874e+00, time=2024-09-08 12:15:37 
jj1 = 173, max_th = 2.045774e+00, time=2024-09-08 12:16:07 
jj1 = 96, max_th = 1.999271e+00, time=2024-09-08 12:16:55 
jj1 = 445, max_th = 1.685779e+00, time=2024-09-08 12:17:06 
jj1 = 130, max_th = 1.922026e+00, time=2024-09-08 12:18:51 
jj1 = 172, max_th = 2.672768e+00, time=2024-09-08 12:19:32 
jj1 = 520, max_th = 2.771065e+00, time=2024-09-08 12:19:36 
jj1 = 248, max_th = 2.051060e+00, time=2024-09-08 12:19:57 
jj1 = 95, max_th = 2.825684e+00, time=2024-09-08 12:20:11 
jj1 = 365, max_th = 2.105081e+00, time=2024-09-08 12:20:17 
jj1 = 210, max_th = 2.043480e+00, time=2024-09-08 12:20:48 
jj1 = 328, max_th = 1.780267e+00, time=2024-09-08 12:21:45 
jj1 = 444, max_th = 2.366907e+00, time=2024-09-08 12:23:59 
jj1 = 406, max_th = 1.828952e+00, time=2024-09-08 12:25:31 
jj1 = 171, max_th = 1.592329e+00, time=2024-09-08 12:25:49 
jj1 = 327, max_th = 2.788725e+00, time=2024-09-08 12:25:56 
jj1 = 482, max_th = 1.929418e+00, time=2024-09-08 12:26:31 
jj1 = 287, max_th = 1.661018e+00, time=2024-09-08 12:27:21 
jj1 = 481, max_th = 3.557804e+00, time=2024-09-08 12:27:46 
jj1 = 247, max_th = 2.222338e+00, time=2024-09-08 12:27:48 
jj1 = 519, max_th = 1.765910e+00, time=2024-09-08 12:28:00 
jj1 = 209, max_th = 2.216448e+00, time=2024-09-08 12:28:19 
jj1 = 94, max_th = 2.265751e+00, time=2024-09-08 12:28:46 
jj1 = 129, max_th = 2.434786e+00, time=2024-09-08 12:28:53 
jj1 = 286, max_th = 9.497085e-01, time=2024-09-08 12:29:29 
jj1 = 364, max_th = 2.018634e+00, time=2024-09-08 12:29:58 
jj1 = 246, max_th = 2.877921e+00, time=2024-09-08 12:30:34 
jj1 = 518, max_th = 2.766027e+00, time=2024-09-08 12:31:55 
jj1 = 326, max_th = 1.779573e+00, time=2024-09-08 12:32:30 
jj1 = 405, max_th = 1.455410e+00, time=2024-09-08 12:32:34 
jj1 = 363, max_th = 1.097312e+00, time=2024-09-08 12:32:42 
jj1 = 443, max_th = 2.382143e+00, time=2024-09-08 12:32:43 
jj1 = 325, max_th = 2.740405e+00, time=2024-09-08 12:35:09 
jj1 = 93, max_th = 1.693099e+00, time=2024-09-08 12:35:21 
jj1 = 245, max_th = 2.287031e+00, time=2024-09-08 12:35:31 
jj1 = 170, max_th = 1.817170e+00, time=2024-09-08 12:35:39 
jj1 = 480, max_th = 1.606428e+00, time=2024-09-08 12:35:45 
jj1 = 285, max_th = 1.752909e+00, time=2024-09-08 12:36:00 
jj1 = 128, max_th = 2.255779e+00, time=2024-09-08 12:36:34 
jj1 = 208, max_th = 2.894021e+00, time=2024-09-08 12:36:34 
jj1 = 207, max_th = 3.362708e+00, time=2024-09-08 12:37:16 
jj1 = 517, max_th = 2.132342e+00, time=2024-09-08 12:37:40 
jj1 = 244, max_th = 2.640706e+00, time=2024-09-08 12:38:55 
jj1 = 404, max_th = 2.433213e+00, time=2024-09-08 12:39:59 
jj1 = 92, max_th = 2.583137e+00, time=2024-09-08 12:40:47 
jj1 = 284, max_th = 2.354730e+00, time=2024-09-08 12:41:16 
jj1 = 362, max_th = 1.625521e+00, time=2024-09-08 12:41:16 
jj1 = 127, max_th = 2.356562e+00, time=2024-09-08 12:41:17 
jj1 = 169, max_th = 2.514462e+00, time=2024-09-08 12:41:59 
jj1 = 324, max_th = 9.831095e-01, time=2024-09-08 12:42:06 
jj1 = 442, max_th = 1.717927e+00, time=2024-09-08 12:42:07 
jj1 = 479, max_th = 2.470322e+00, time=2024-09-08 12:43:18 
jj1 = 441, max_th = 9.968408e-01, time=2024-09-08 12:43:36 
jj1 = 91, max_th = 3.855552e-01, time=2024-09-08 12:44:14 
jj1 = 516, max_th = 2.137176e+00, time=2024-09-08 12:44:36 
jj1 = 206, max_th = 1.507495e+00, time=2024-09-08 12:44:52 
jj1 = 478, max_th = 1.117251e+00, time=2024-09-08 12:45:32 
jj1 = 323, max_th = 2.660695e+00, time=2024-09-08 12:46:06 
jj1 = 283, max_th = 1.356842e+00, time=2024-09-08 12:46:31 
jj1 = 403, max_th = 2.482619e+00, time=2024-09-08 12:46:47 
jj1 = 168, max_th = 1.406057e+00, time=2024-09-08 12:47:50 
jj1 = 90, max_th = 1.832453e+00, time=2024-09-08 12:48:26 
jj1 = 243, max_th = 2.251002e+00, time=2024-09-08 12:48:57 
jj1 = 322, max_th = 1.399571e+00, time=2024-09-08 12:49:43 
jj1 = 361, max_th = 2.085676e+00, time=2024-09-08 12:51:16 
jj1 = 515, max_th = 1.900919e+00, time=2024-09-08 12:51:29 
jj1 = 89, max_th = 2.910142e+00, time=2024-09-08 12:52:00 
jj1 = 126, max_th = 1.720591e+00, time=2024-09-08 12:53:02 
jj1 = 88, max_th = 8.606555e-01, time=2024-09-08 12:53:14 
jj1 = 440, max_th = 1.815738e+00, time=2024-09-08 12:53:24 
jj1 = 87, max_th = 1.047792e+00, time=2024-09-08 12:53:39 
jj1 = 477, max_th = 2.180270e+00, time=2024-09-08 12:53:59 
jj1 = 205, max_th = 2.321156e+00, time=2024-09-08 12:54:16 
jj1 = 514, max_th = 1.169181e+00, time=2024-09-08 12:55:06 
jj1 = 242, max_th = 2.370795e+00, time=2024-09-08 12:55:31 
jj1 = 439, max_th = -5.701571e-01, time=2024-09-08 12:56:04 
jj1 = 402, max_th = 1.784921e+00, time=2024-09-08 12:56:14 
jj1 = 125, max_th = 2.607229e+00, time=2024-09-08 12:57:13 
jj1 = 167, max_th = 1.673210e+00, time=2024-09-08 12:58:29 
jj1 = 401, max_th = 1.382502e+00, time=2024-09-08 12:59:51 
jj1 = 282, max_th = 1.927860e+00, time=2024-09-08 13:00:09 
jj1 = 360, max_th = 1.731272e+00, time=2024-09-08 13:00:21 
jj1 = 124, max_th = 1.494551e+00, time=2024-09-08 13:00:47 
jj1 = 438, max_th = 1.601971e+00, time=2024-09-08 13:01:13 
jj1 = 204, max_th = 2.380119e+00, time=2024-09-08 13:02:37 
jj1 = 513, max_th = 1.520444e+00, time=2024-09-08 13:02:38 
jj1 = 281, max_th = 2.845534e+00, time=2024-09-08 13:02:59 
jj1 = 86, max_th = 1.952889e+00, time=2024-09-08 13:03:27 
jj1 = 476, max_th = 2.110818e+00, time=2024-09-08 13:03:47 
jj1 = 321, max_th = 1.937865e+00, time=2024-09-08 13:03:55 
jj1 = 241, max_th = 1.817454e+00, time=2024-09-08 13:04:00 
jj1 = 400, max_th = 1.762942e+00, time=2024-09-08 13:05:38 
jj1 = 437, max_th = 1.398704e+00, time=2024-09-08 13:06:58 
jj1 = 359, max_th = 2.463338e+00, time=2024-09-08 13:07:44 
jj1 = 85, max_th = 2.557016e+00, time=2024-09-08 13:07:46 
jj1 = 166, max_th = 2.086895e+00, time=2024-09-08 13:09:06 
jj1 = 436, max_th = 1.227907e+00, time=2024-09-08 13:09:12 
jj1 = 512, max_th = 1.649026e+00, time=2024-09-08 13:09:28 
jj1 = 240, max_th = 2.311946e+00, time=2024-09-08 13:10:36 
jj1 = 123, max_th = 2.018319e+00, time=2024-09-08 13:11:00 
jj1 = 280, max_th = 2.017189e+00, time=2024-09-08 13:11:16 
jj1 = 435, max_th = 2.638044e+00, time=2024-09-08 13:11:23 
jj1 = 320, max_th = 1.716878e+00, time=2024-09-08 13:12:42 
jj1 = 399, max_th = 2.092678e+00, time=2024-09-08 13:13:07 
jj1 = 165, max_th = 1.071626e+00, time=2024-09-08 13:13:28 
jj1 = 164, max_th = -5.447831e-01, time=2024-09-08 13:13:31 
jj1 = 475, max_th = 2.373107e+00, time=2024-09-08 13:13:36 
jj1 = 511, max_th = 1.268648e+00, time=2024-09-08 13:13:58 
jj1 = 84, max_th = 1.742612e+00, time=2024-09-08 13:14:48 
jj1 = 203, max_th = 1.863217e+00, time=2024-09-08 13:15:49 
jj1 = 358, max_th = 2.278820e+00, time=2024-09-08 13:16:14 
jj1 = 357, max_th = 3.627115e+00, time=2024-09-08 13:18:25 
jj1 = 474, max_th = 1.673146e+00, time=2024-09-08 13:18:27 
jj1 = 239, max_th = 1.895926e+00, time=2024-09-08 13:18:30 
jj1 = 279, max_th = 1.691329e+00, time=2024-09-08 13:18:30 
jj1 = 434, max_th = 2.040884e+00, time=2024-09-08 13:19:02 
jj1 = 122, max_th = 1.725980e+00, time=2024-09-08 13:19:08 
jj1 = 319, max_th = 2.348831e+00, time=2024-09-08 13:19:19 
jj1 = 398, max_th = 1.810050e+00, time=2024-09-08 13:19:31 
jj1 = 278, max_th = 2.929966e+00, time=2024-09-08 13:19:55 
jj1 = 83, max_th = 1.642655e+00, time=2024-09-08 13:20:54 
jj1 = 121, max_th = 8.449583e-01, time=2024-09-08 13:21:44 
jj1 = 202, max_th = 1.436500e+00, time=2024-09-08 13:22:35 
jj1 = 510, max_th = 2.229427e+00, time=2024-09-08 13:23:53 
jj1 = 433, max_th = 2.335537e+00, time=2024-09-08 13:24:11 
jj1 = 163, max_th = 2.584838e+00, time=2024-09-08 13:24:24 
jj1 = 432, max_th = 3.183067e+00, time=2024-09-08 13:25:05 
jj1 = 397, max_th = 2.051418e+00, time=2024-09-08 13:25:43 
jj1 = 82, max_th = 2.322611e+00, time=2024-09-08 13:26:10 
jj1 = 356, max_th = 2.224233e+00, time=2024-09-08 13:26:39 
jj1 = 396, max_th = 2.879553e+00, time=2024-09-08 13:27:54 
jj1 = 238, max_th = 1.105549e+00, time=2024-09-08 13:28:10 
jj1 = 120, max_th = 1.894804e+00, time=2024-09-08 13:30:08 
jj1 = 201, max_th = 2.272321e+00, time=2024-09-08 13:30:28 
jj1 = 277, max_th = 2.105987e+00, time=2024-09-08 13:30:35 
jj1 = 431, max_th = 2.039876e+00, time=2024-09-08 13:31:58 
jj1 = 162, max_th = 1.758533e+00, time=2024-09-08 13:32:11 
jj1 = 119, max_th = 1.178404e+00, time=2024-09-08 13:33:30 
jj1 = 318, max_th = 2.715979e+00, time=2024-09-08 13:33:50 
jj1 = 355, max_th = 2.379274e+00, time=2024-09-08 13:33:56 
jj1 = 237, max_th = 1.258302e+00, time=2024-09-08 13:33:59 
jj1 = 509, max_th = 1.890413e+00, time=2024-09-08 13:34:16 
jj1 = 276, max_th = 1.145755e+00, time=2024-09-08 13:34:19 
jj1 = 81, max_th = 1.933207e+00, time=2024-09-08 13:34:40 
jj1 = 200, max_th = 1.305536e+00, time=2024-09-08 13:34:52 
jj1 = 354, max_th = 3.005119e+00, time=2024-09-08 13:35:04 
jj1 = 395, max_th = 2.148170e+00, time=2024-09-08 13:37:57 
jj1 = 236, max_th = 2.349940e+00, time=2024-09-08 13:38:15 
jj1 = 161, max_th = 1.755929e+00, time=2024-09-08 13:39:14 
jj1 = 430, max_th = 2.050446e+00, time=2024-09-08 13:39:20 
jj1 = 118, max_th = 2.493221e+00, time=2024-09-08 13:40:13 
jj1 = 275, max_th = 1.684335e+00, time=2024-09-08 13:40:34 
jj1 = 317, max_th = 2.378515e+00, time=2024-09-08 13:41:20 
jj1 = 429, max_th = 2.763372e+00, time=2024-09-08 13:43:06 
jj1 = 80, max_th = 2.294512e+00, time=2024-09-08 13:43:47 
jj1 = 199, max_th = 2.145089e+00, time=2024-09-08 13:44:04 
jj1 = 235, max_th = 2.187536e+00, time=2024-09-08 13:44:05 
jj1 = 353, max_th = 2.234771e+00, time=2024-09-08 13:45:58 
jj1 = 274, max_th = 1.366502e+00, time=2024-09-08 13:46:02 
jj1 = 508, max_th = 2.129539e+00, time=2024-09-08 13:46:19 
jj1 = 160, max_th = 1.570844e+00, time=2024-09-08 13:47:23 
jj1 = 316, max_th = 1.680932e+00, time=2024-09-08 13:48:17 
jj1 = 394, max_th = 2.072167e+00, time=2024-09-08 13:48:35 
jj1 = 117, max_th = 1.544669e+00, time=2024-09-08 13:49:36 
jj1 = 198, max_th = 1.987062e+00, time=2024-09-08 13:49:51 
jj1 = 234, max_th = 2.417861e+00, time=2024-09-08 13:50:29 
jj1 = 428, max_th = 2.104459e+00, time=2024-09-08 13:51:30 
jj1 = 473, max_th = 2.185962e+00, time=2024-09-08 13:51:33 
jj1 = 507, max_th = 2.440282e+00, time=2024-09-08 13:52:37 
jj1 = 79, max_th = 2.677283e+00, time=2024-09-08 13:53:31 
jj1 = 116, max_th = 2.652837e+00, time=2024-09-08 13:53:51 
jj1 = 273, max_th = 1.623430e+00, time=2024-09-08 13:54:58 
jj1 = 233, max_th = 1.261486e+00, time=2024-09-08 13:55:25 
jj1 = 159, max_th = 1.911672e+00, time=2024-09-08 13:55:31 
jj1 = 393, max_th = 1.369217e+00, time=2024-09-08 13:56:43 
jj1 = 352, max_th = 1.667965e+00, time=2024-09-08 13:57:21 
jj1 = 427, max_th = 1.702778e+00, time=2024-09-08 13:57:24 
jj1 = 506, max_th = 1.615458e+00, time=2024-09-08 13:58:02 
jj1 = 232, max_th = 1.287800e+00, time=2024-09-08 13:59:39 
jj1 = 315, max_th = 1.424983e+00, time=2024-09-08 13:59:50 
jj1 = 272, max_th = 2.256479e+00, time=2024-09-08 14:01:37 
jj1 = 78, max_th = 2.043404e+00, time=2024-09-08 14:02:32 
jj1 = 426, max_th = 2.352337e+00, time=2024-09-08 14:02:50 
jj1 = 231, max_th = 1.678362e+00, time=2024-09-08 14:03:38 
jj1 = 197, max_th = 2.220107e+00, time=2024-09-08 14:03:45 
jj1 = 115, max_th = 2.119131e+00, time=2024-09-08 14:04:08 
jj1 = 472, max_th = 1.975587e+00, time=2024-09-08 14:04:48 
jj1 = 158, max_th = 1.939466e+00, time=2024-09-08 14:05:15 
jj1 = 505, max_th = 2.326231e+00, time=2024-09-08 14:05:50 
jj1 = 230, max_th = -2.224821e-04, time=2024-09-08 14:05:55 
jj1 = 351, max_th = 2.225229e+00, time=2024-09-08 14:06:16 
jj1 = 350, max_th = 1.097731e+00, time=2024-09-08 14:07:56 
jj1 = 314, max_th = 1.611146e+00, time=2024-09-08 14:08:36 
jj1 = 392, max_th = 2.167733e+00, time=2024-09-08 14:08:41 
jj1 = 313, max_th = 2.798800e-01, time=2024-09-08 14:09:14 
jj1 = 504, max_th = 2.799537e+00, time=2024-09-08 14:10:43 
jj1 = 229, max_th = 1.675600e+00, time=2024-09-08 14:10:51 
jj1 = 77, max_th = 2.175493e+00, time=2024-09-08 14:11:06 
jj1 = 114, max_th = 2.755770e+00, time=2024-09-08 14:11:47 
jj1 = 157, max_th = 2.321199e+00, time=2024-09-08 14:12:27 
jj1 = 271, max_th = 1.732615e+00, time=2024-09-08 14:12:34 
jj1 = 196, max_th = 2.032759e+00, time=2024-09-08 14:13:10 
jj1 = 349, max_th = 2.533435e+00, time=2024-09-08 14:14:01 
jj1 = 471, max_th = 2.177208e+00, time=2024-09-08 14:14:03 
jj1 = 425, max_th = 1.842873e+00, time=2024-09-08 14:14:16 
jj1 = 391, max_th = 2.597065e+00, time=2024-09-08 14:14:38 
jj1 = 312, max_th = 1.279450e+00, time=2024-09-08 14:15:07 
jj1 = 470, max_th = 1.205689e+00, time=2024-09-08 14:16:23 
jj1 = 270, max_th = 2.613428e+00, time=2024-09-08 14:16:37 
jj1 = 503, max_th = 2.307211e+00, time=2024-09-08 14:18:22 
jj1 = 228, max_th = 2.252260e+00, time=2024-09-08 14:18:24 
jj1 = 76, max_th = 2.372383e+00, time=2024-09-08 14:18:44 
jj1 = 113, max_th = 2.000245e+00, time=2024-09-08 14:19:46 
jj1 = 390, max_th = 1.443088e+00, time=2024-09-08 14:20:14 
jj1 = 156, max_th = 1.373258e+00, time=2024-09-08 14:20:20 
jj1 = 502, max_th = 1.167126e+00, time=2024-09-08 14:20:31 
jj1 = 195, max_th = 1.627368e+00, time=2024-09-08 14:20:52 
jj1 = 348, max_th = 2.197034e+00, time=2024-09-08 14:21:47 
jj1 = 311, max_th = 2.097610e+00, time=2024-09-08 14:23:06 
jj1 = 424, max_th = 1.758199e+00, time=2024-09-08 14:23:10 
jj1 = 75, max_th = 1.115156e+00, time=2024-09-08 14:23:20 
jj1 = 269, max_th = 1.851058e+00, time=2024-09-08 14:23:27 
jj1 = 389, max_th = 2.684944e+00, time=2024-09-08 14:23:28 
jj1 = 423, max_th = 1.075880e+00, time=2024-09-08 14:25:11 
jj1 = 112, max_th = 2.592036e+00, time=2024-09-08 14:25:31 
jj1 = 469, max_th = 1.671939e+00, time=2024-09-08 14:25:53 
jj1 = 422, max_th = -3.616661e-01, time=2024-09-08 14:27:20 
jj1 = 227, max_th = 2.113060e+00, time=2024-09-08 14:27:25 
jj1 = 111, max_th = 8.331356e-01, time=2024-09-08 14:27:44 
jj1 = 194, max_th = 2.169256e+00, time=2024-09-08 14:28:03 
jj1 = 155, max_th = 2.069834e+00, time=2024-09-08 14:29:41 
jj1 = 347, max_th = 1.803669e+00, time=2024-09-08 14:30:05 
jj1 = 74, max_th = 1.443035e+00, time=2024-09-08 14:30:37 
jj1 = 310, max_th = 1.916862e+00, time=2024-09-08 14:31:49 
jj1 = 193, max_th = 1.178432e+00, time=2024-09-08 14:31:52 
jj1 = 421, max_th = 2.467968e+00, time=2024-09-08 14:33:17 
jj1 = 501, max_th = 3.213812e+00, time=2024-09-08 14:33:42 
jj1 = 110, max_th = 2.321339e+00, time=2024-09-08 14:34:29 
jj1 = 388, max_th = 2.217331e+00, time=2024-09-08 14:34:50 
jj1 = 387, max_th = 3.027016e+00, time=2024-09-08 14:36:33 
jj1 = 468, max_th = 1.753374e+00, time=2024-09-08 14:36:59 
jj1 = 226, max_th = 2.119378e+00, time=2024-09-08 14:37:04 
jj1 = 109, max_th = 1.192607e+00, time=2024-09-08 14:37:27 
jj1 = 309, max_th = 1.522443e+00, time=2024-09-08 14:37:30 
jj1 = 192, max_th = 2.362710e+00, time=2024-09-08 14:37:48 
jj1 = 386, max_th = 3.031913e+00, time=2024-09-08 14:37:59 
jj1 = 346, max_th = 1.637277e+00, time=2024-09-08 14:38:06 
jj1 = 154, max_th = 2.049564e+00, time=2024-09-08 14:38:09 
jj1 = 268, max_th = 2.214314e+00, time=2024-09-08 14:38:12 
jj1 = 345, max_th = 6.043036e-01, time=2024-09-08 14:38:44 
jj1 = 73, max_th = 1.791499e+00, time=2024-09-08 14:38:46 
jj1 = 308, max_th = 1.021569e+00, time=2024-09-08 14:39:46 
jj1 = 500, max_th = 2.364224e+00, time=2024-09-08 14:40:08 
jj1 = 153, max_th = 1.191041e+00, time=2024-09-08 14:40:25 
jj1 = 191, max_th = 1.255252e+00, time=2024-09-08 14:42:10 
jj1 = 467, max_th = 2.498922e+00, time=2024-09-08 14:42:54 
jj1 = 385, max_th = 1.148210e+00, time=2024-09-08 14:43:00 
jj1 = 225, max_th = 2.490093e+00, time=2024-09-08 14:43:38 
jj1 = 466, max_th = 1.110859e+00, time=2024-09-08 14:46:03 
jj1 = 420, max_th = 2.427148e+00, time=2024-09-08 14:46:09 
jj1 = 384, max_th = 1.217779e+00, time=2024-09-08 14:46:22 
jj1 = 72, max_th = 1.744897e+00, time=2024-09-08 14:47:21 
jj1 = 267, max_th = 1.343554e+00, time=2024-09-08 14:47:23 
jj1 = 152, max_th = 1.195323e+00, time=2024-09-08 14:47:29 
jj1 = 499, max_th = 1.728614e+00, time=2024-09-08 14:47:28 
jj1 = 344, max_th = 1.778759e+00, time=2024-09-08 14:49:07 
jj1 = 465, max_th = 1.168190e+00, time=2024-09-08 14:49:52 
jj1 = 190, max_th = 2.423821e+00, time=2024-09-08 14:50:13 
jj1 = 307, max_th = 2.166396e+00, time=2024-09-08 14:50:15 
jj1 = 498, max_th = 1.067586e+00, time=2024-09-08 14:50:37 
jj1 = 224, max_th = 2.294942e+00, time=2024-09-08 14:50:47 
jj1 = 108, max_th = 2.342219e+00, time=2024-09-08 14:51:15 
jj1 = 189, max_th = 8.643534e-01, time=2024-09-08 14:52:23 
jj1 = 306, max_th = 1.058545e+00, time=2024-09-08 14:53:34 
jj1 = 419, max_th = 2.118474e+00, time=2024-09-08 14:54:10 
jj1 = 266, max_th = 2.427752e+00, time=2024-09-08 14:54:20 
jj1 = 343, max_th = 2.182080e+00, time=2024-09-08 14:55:28 
jj1 = 71, max_th = 2.315637e+00, time=2024-09-08 14:55:32 
jj1 = 383, max_th = 2.265090e+00, time=2024-09-08 14:57:05 
jj1 = 151, max_th = 1.832973e+00, time=2024-09-08 14:58:03 
jj1 = 305, max_th = 2.551794e+00, time=2024-09-08 14:58:32 
jj1 = 150, max_th = 2.785061e+00, time=2024-09-08 14:58:57 
jj1 = 107, max_th = 2.189301e+00, time=2024-09-08 14:59:09 
jj1 = 223, max_th = 1.935158e+00, time=2024-09-08 14:59:26 
jj1 = 265, max_th = 2.509274e+00, time=2024-09-08 14:59:30 
jj1 = 497, max_th = 2.091819e+00, time=2024-09-08 14:59:45 
jj1 = 188, max_th = 2.508477e+00, time=2024-09-08 15:00:35 
jj1 = 464, max_th = 1.693674e+00, time=2024-09-08 15:01:19 
jj1 = 382, max_th = 1.290338e+00, time=2024-09-08 15:03:32 
jj1 = 264, max_th = 2.233073e+00, time=2024-09-08 15:04:01 
jj1 = 418, max_th = 2.108135e+00, time=2024-09-08 15:04:41 
jj1 = 106, max_th = 1.583785e+00, time=2024-09-08 15:04:55 
jj1 = 70, max_th = 1.783831e+00, time=2024-09-08 15:05:05 
jj1 = 149, max_th = 1.228658e+00, time=2024-09-08 15:05:13 
jj1 = 304, max_th = 2.357257e+00, time=2024-09-08 15:05:27 
jj1 = 463, max_th = 1.135930e+00, time=2024-09-08 15:06:23 
jj1 = 342, max_th = 1.774846e+00, time=2024-09-08 15:06:35 
jj1 = 187, max_th = 2.572335e+00, time=2024-09-08 15:07:03 
jj1 = 105, max_th = 1.205855e+00, time=2024-09-08 15:07:17 
jj1 = 222, max_th = 2.258457e+00, time=2024-09-08 15:08:23 
jj1 = 303, max_th = 2.709428e+00, time=2024-09-08 15:08:39 
jj1 = 263, max_th = 2.558583e+00, time=2024-09-08 15:08:49 
jj1 = 462, max_th = 1.350097e+00, time=2024-09-08 15:09:42 
jj1 = 496, max_th = 1.864532e+00, time=2024-09-08 15:10:04 
jj1 = 417, max_th = 1.896227e+00, time=2024-09-08 15:10:32 
jj1 = 69, max_th = 1.905737e+00, time=2024-09-08 15:12:30 
jj1 = 104, max_th = 3.095219e+00, time=2024-09-08 15:13:11 
jj1 = 416, max_th = 2.750800e+00, time=2024-09-08 15:13:25 
jj1 = 186, max_th = 2.422055e+00, time=2024-09-08 15:14:44 
jj1 = 221, max_th = 1.623323e+00, time=2024-09-08 15:15:33 
jj1 = 302, max_th = 1.697443e+00, time=2024-09-08 15:15:50 
jj1 = 381, max_th = 1.983412e+00, time=2024-09-08 15:16:46 
jj1 = 341, max_th = 2.021999e+00, time=2024-09-08 15:16:59 
jj1 = 461, max_th = 2.304432e+00, time=2024-09-08 15:17:07 
jj1 = 148, max_th = 1.982715e+00, time=2024-09-08 15:17:34 
jj1 = 415, max_th = 4.788516e-01, time=2024-09-08 15:17:35 
jj1 = 495, max_th = 2.216337e+00, time=2024-09-08 15:18:00 
jj1 = 220, max_th = 2.943387e+00, time=2024-09-08 15:19:37 
jj1 = 68, max_th = 1.763186e+00, time=2024-09-08 15:21:06 
jj1 = 262, max_th = 1.853138e+00, time=2024-09-08 15:21:06 
jj1 = 380, max_th = 1.589316e+00, time=2024-09-08 15:21:37 
jj1 = 301, max_th = 1.763279e+00, time=2024-09-08 15:22:10 
jj1 = 460, max_th = 1.430874e+00, time=2024-09-08 15:22:20 
jj1 = 185, max_th = 1.527253e+00, time=2024-09-08 15:22:20 
jj1 = 340, max_th = 1.373772e+00, time=2024-09-08 15:23:10 
jj1 = 103, max_th = 2.036880e+00, time=2024-09-08 15:24:07 
jj1 = 459, max_th = 1.124297e+00, time=2024-09-08 15:25:04 
jj1 = 147, max_th = 1.863651e+00, time=2024-09-08 15:25:14 
jj1 = 414, max_th = 2.696838e+00, time=2024-09-08 15:25:35 
jj1 = 261, max_th = 2.194916e+00, time=2024-09-08 15:26:23 
jj1 = 219, max_th = 1.669137e+00, time=2024-09-08 15:27:19 
jj1 = 494, max_th = 1.557238e+00, time=2024-09-08 15:27:35 
jj1 = 379, max_th = 2.429960e+00, time=2024-09-08 15:27:49 
jj1 = 102, max_th = 1.371396e+00, time=2024-09-08 15:28:01 
jj1 = 458, max_th = 1.123808e+00, time=2024-09-08 15:28:15 
jj1 = 67, max_th = 1.797252e+00, time=2024-09-08 15:29:05 
jj1 = 260, max_th = -1.921951e-01, time=2024-09-08 15:30:10 
jj1 = 300, max_th = 1.796131e+00, time=2024-09-08 15:30:11 
jj1 = 259, max_th = 5.359276e-01, time=2024-09-08 15:31:18 
jj1 = 218, max_th = 2.706500e+00, time=2024-09-08 15:31:24 
jj1 = 339, max_th = 2.220507e+00, time=2024-09-08 15:32:34 
jj1 = 184, max_th = 1.981101e+00, time=2024-09-08 15:34:57 
jj1 = 146, max_th = 1.973476e+00, time=2024-09-08 15:34:58 
jj1 = 217, max_th = 1.420075e+00, time=2024-09-08 15:35:43 
jj1 = 66, max_th = 1.975245e+00, time=2024-09-08 15:37:35 
jj1 = 493, max_th = 2.368444e+00, time=2024-09-08 15:37:35 
jj1 = 101, max_th = 1.724318e+00, time=2024-09-08 15:38:12 
jj1 = 457, max_th = 1.760482e+00, time=2024-09-08 15:38:19 
jj1 = 338, max_th = 2.471551e+00, time=2024-09-08 15:38:46 
jj1 = 258, max_th = 1.590123e+00, time=2024-09-08 15:39:26 
jj1 = 257, max_th = 7.156655e-01, time=2024-09-08 15:40:04 
jj1 = 299, max_th = 2.180181e+00, time=2024-09-08 15:40:31 
jj1 = 608, max_th = 1.559654e+00, time=2024-09-08 15:41:18 
jj1 = 413, max_th = 2.481733e+00, time=2024-09-08 15:41:32 
jj1 = 378, max_th = 2.072998e+00, time=2024-09-08 15:43:13 
jj1 = 145, max_th = 1.467479e+00, time=2024-09-08 15:43:23 
jj1 = 100, max_th = 2.597201e+00, time=2024-09-08 15:44:19 
jj1 = 492, max_th = 2.651699e+00, time=2024-09-08 15:44:38 
jj1 = 568, max_th = 5.676694e-01, time=2024-09-08 15:45:03 
jj1 = 183, max_th = 1.659557e+00, time=2024-09-08 15:45:04 
jj1 = 337, max_th = 1.687342e+00, time=2024-09-08 15:45:31 
jj1 = 65, max_th = 1.886000e+00, time=2024-09-08 15:46:09 
jj1 = 298, max_th = 2.454591e+00, time=2024-09-08 15:46:12 
jj1 = 456, max_th = 2.163145e+00, time=2024-09-08 15:46:18 
jj1 = 607, max_th = 1.936961e+00, time=2024-09-08 15:46:39 
jj1 = 336, max_th = 2.992911e+00, time=2024-09-08 15:47:54 
jj1 = 64, max_th = 8.383785e-01, time=2024-09-08 15:49:00 
jj1 = 567, max_th = 2.567039e+00, time=2024-09-08 15:49:48 
jj1 = 377, max_th = 2.430185e+00, time=2024-09-08 15:49:53 
jj1 = 412, max_th = 2.179583e+00, time=2024-09-08 15:49:59 
jj1 = 256, max_th = 2.526993e+00, time=2024-09-08 15:50:13 
jj1 = 297, max_th = 1.404565e+00, time=2024-09-08 15:50:14 
jj1 = 491, max_th = 1.782860e+00, time=2024-09-08 15:50:21 
jj1 = 490, max_th = 5.817855e-01, time=2024-09-08 15:50:37 
jj1 = 144, max_th = 2.315134e+00, time=2024-09-08 15:52:07 
jj1 = 668, max_th = 9.779605e-01, time=2024-09-08 15:52:36 
jj1 = 296, max_th = 9.966370e-01, time=2024-09-08 15:53:01 
jj1 = 143, max_th = 1.203846e+00, time=2024-09-08 15:53:31 
jj1 = 182, max_th = 2.101166e+00, time=2024-09-08 15:53:46 
jj1 = 335, max_th = 1.387589e+00, time=2024-09-08 15:54:26 
jj1 = 566, max_th = 1.608243e+00, time=2024-09-08 15:55:27 
jj1 = 606, max_th = 2.135884e+00, time=2024-09-08 15:55:28 
jj1 = 455, max_th = 2.121196e+00, time=2024-09-08 15:55:31 
jj1 = 454, max_th = 1.253562e-01, time=2024-09-08 15:56:22 
jj1 = 376, max_th = 1.623460e+00, time=2024-09-08 15:57:03 
jj1 = 142, max_th = 2.843440e+00, time=2024-09-08 15:57:49 
jj1 = 688, max_th = 1.713058e+00, time=2024-09-08 15:57:55 
jj1 = 605, max_th = 1.799951e+00, time=2024-09-08 15:58:42 
jj1 = 63, max_th = 1.920562e+00, time=2024-09-08 15:58:52 
jj1 = 181, max_th = 2.089528e+00, time=2024-09-08 15:59:54 
jj1 = 548, max_th = 2.085656e+00, time=2024-09-08 16:00:04 
jj1 = 334, max_th = 2.158664e+00, time=2024-09-08 16:02:20 
jj1 = 375, max_th = 2.592636e+00, time=2024-09-08 16:02:27 
jj1 = 667, max_th = 1.746057e+00, time=2024-09-08 16:02:48 
jj1 = 453, max_th = 1.328984e+00, time=2024-09-08 16:02:55 
jj1 = 295, max_th = 2.005383e+00, time=2024-09-08 16:03:20 
jj1 = 687, max_th = 1.390832e+00, time=2024-09-08 16:03:46 
jj1 = 604, max_th = 1.187713e+00, time=2024-09-08 16:05:02 
jj1 = 62, max_th = 2.364329e+00, time=2024-09-08 16:06:16 
jj1 = 565, max_th = 1.873194e+00, time=2024-09-08 16:06:35 
jj1 = 141, max_th = 2.113680e+00, time=2024-09-08 16:07:01 
jj1 = 686, max_th = 2.698287e+00, time=2024-09-08 16:07:52 
jj1 = 180, max_th = 2.438434e+00, time=2024-09-08 16:08:00 
jj1 = 547, max_th = 2.126664e+00, time=2024-09-08 16:08:33 
jj1 = 140, max_th = 1.387534e+00, time=2024-09-08 16:09:14 
jj1 = 452, max_th = 1.537898e+00, time=2024-09-08 16:09:27 
jj1 = 603, max_th = 1.480592e+00, time=2024-09-08 16:09:42 
jj1 = 374, max_th = 1.797296e+00, time=2024-09-08 16:09:42 
jj1 = 685, max_th = 7.891526e-01, time=2024-09-08 16:09:59 
jj1 = 684, max_th = -5.050953e-01, time=2024-09-08 16:10:21 
jj1 = 728, max_th = 2.320532e+00, time=2024-09-08 16:10:34 
jj1 = 61, max_th = 2.559594e+00, time=2024-09-08 16:11:15 
jj1 = 648, max_th = 1.760259e+00, time=2024-09-08 16:11:17 
jj1 = 666, max_th = 2.193654e+00, time=2024-09-08 16:11:22 
jj1 = 546, max_th = 9.590396e-01, time=2024-09-08 16:12:18 
jj1 = 545, max_th = 7.649998e-01, time=2024-09-08 16:13:25 
jj1 = 179, max_th = 1.526200e+00, time=2024-09-08 16:13:54 
jj1 = 139, max_th = 1.306192e+00, time=2024-09-08 16:13:55 
jj1 = 564, max_th = 1.723196e+00, time=2024-09-08 16:14:48 
jj1 = 647, max_th = 2.100085e+00, time=2024-09-08 16:15:30 
jj1 = 373, max_th = 2.314955e+00, time=2024-09-08 16:16:23 
jj1 = 451, max_th = 1.334470e+00, time=2024-09-08 16:16:29 
jj1 = 708, max_th = 1.355722e+00, time=2024-09-08 16:16:40 
jj1 = 602, max_th = 2.544134e+00, time=2024-09-08 16:16:47 
jj1 = 178, max_th = 1.183043e+00, time=2024-09-08 16:17:01 
jj1 = 727, max_th = 1.760862e+00, time=2024-09-08 16:18:10 
jj1 = 683, max_th = 2.096890e+00, time=2024-09-08 16:18:11 
jj1 = 665, max_th = 2.108489e+00, time=2024-09-08 16:19:38 
jj1 = 768, max_th = 2.337417e+00, time=2024-09-08 16:20:08 
jj1 = 601, max_th = 1.155720e+00, time=2024-09-08 16:20:51 
jj1 = 588, max_th = 2.285357e+00, time=2024-09-08 16:21:14 
jj1 = 628, max_th = 1.385676e+00, time=2024-09-08 16:21:50 
jj1 = 646, max_th = 1.744437e+00, time=2024-09-08 16:22:09 
jj1 = 544, max_th = 2.141388e+00, time=2024-09-08 16:22:24 
jj1 = 707, max_th = 1.526473e+00, time=2024-09-08 16:23:06 
jj1 = 664, max_th = 2.560954e+00, time=2024-09-08 16:24:16 
jj1 = 563, max_th = 1.641547e+00, time=2024-09-08 16:24:46 
jj1 = 645, max_th = 1.163195e+00, time=2024-09-08 16:26:02 
jj1 = 748, max_th = 2.151510e+00, time=2024-09-08 16:26:53 
jj1 = 600, max_th = 1.879991e+00, time=2024-09-08 16:27:06 
jj1 = 706, max_th = 4.718634e-01, time=2024-09-08 16:27:11 
jj1 = 663, max_th = 1.274268e+00, time=2024-09-08 16:27:35 
jj1 = 627, max_th = 1.578301e+00, time=2024-09-08 16:28:13 
jj1 = 543, max_th = 1.960839e+00, time=2024-09-08 16:28:36 
jj1 = 726, max_th = 1.860956e+00, time=2024-09-08 16:28:54 
jj1 = 767, max_th = 2.238918e+00, time=2024-09-08 16:29:58 
jj1 = 682, max_th = 2.760447e+00, time=2024-09-08 16:31:04 
jj1 = 587, max_th = 2.008076e+00, time=2024-09-08 16:31:58 
jj1 = 562, max_th = 2.462435e+00, time=2024-09-08 16:33:07 
jj1 = 626, max_th = 1.384579e+00, time=2024-09-08 16:33:10 
jj1 = 705, max_th = 2.282516e-03, time=2024-09-08 16:33:22 
jj1 = 586, max_th = 2.983751e+00, time=2024-09-08 16:33:31 
jj1 = 747, max_th = 2.273355e+00, time=2024-09-08 16:34:38 
jj1 = 625, max_th = 1.299579e+00, time=2024-09-08 16:35:27 
jj1 = 644, max_th = 1.556974e+00, time=2024-09-08 16:35:30 
jj1 = 542, max_th = 1.331288e+00, time=2024-09-08 16:35:44 
jj1 = 681, max_th = 1.551520e+00, time=2024-09-08 16:36:10 
jj1 = 725, max_th = 1.628241e+00, time=2024-09-08 16:36:27 
jj1 = 766, max_th = 2.325482e+00, time=2024-09-08 16:37:14 
jj1 = 561, max_th = 1.600178e+00, time=2024-09-08 16:37:45 
jj1 = 599, max_th = 1.784506e+00, time=2024-09-08 16:38:03 
jj1 = 585, max_th = 1.707525e+00, time=2024-09-08 16:38:22 
jj1 = 662, max_th = 2.149190e+00, time=2024-09-08 16:39:26 
jj1 = 541, max_th = 2.606204e+00, time=2024-09-08 16:39:35 
jj1 = 680, max_th = 2.589033e+00, time=2024-09-08 16:40:31 
jj1 = 643, max_th = 1.297509e+00, time=2024-09-08 16:41:29 
jj1 = 704, max_th = 1.623277e+00, time=2024-09-08 16:42:03 
jj1 = 560, max_th = 2.620349e+00, time=2024-09-08 16:42:32 
jj1 = 765, max_th = 1.507066e+00, time=2024-09-08 16:43:15 
jj1 = 703, max_th = 9.214090e-01, time=2024-09-08 16:43:38 
jj1 = 724, max_th = 2.086473e+00, time=2024-09-08 16:44:42 
jj1 = 540, max_th = 1.656198e+00, time=2024-09-08 16:45:34 
jj1 = 746, max_th = 1.861173e+00, time=2024-09-08 16:46:04 
jj1 = 598, max_th = 2.105737e+00, time=2024-09-08 16:46:12 
jj1 = 661, max_th = 1.652228e+00, time=2024-09-08 16:46:33 
jj1 = 624, max_th = 1.866491e+00, time=2024-09-08 16:48:15 
jj1 = 679, max_th = 2.047768e+00, time=2024-09-08 16:49:01 
jj1 = 723, max_th = 1.587224e+00, time=2024-09-08 16:49:41 
jj1 = 539, max_th = 1.750064e+00, time=2024-09-08 16:49:54 
jj1 = 559, max_th = 1.813161e+00, time=2024-09-08 16:52:14 
jj1 = 722, max_th = 3.162330e+00, time=2024-09-08 16:52:43 
jj1 = 538, max_th = 1.213108e+00, time=2024-09-08 16:53:07 
jj1 = 597, max_th = 2.294173e+00, time=2024-09-08 16:53:11 
jj1 = 702, max_th = 1.719884e+00, time=2024-09-08 16:53:26 
jj1 = 660, max_th = 2.397073e+00, time=2024-09-08 16:53:50 
jj1 = 642, max_th = 1.940245e+00, time=2024-09-08 16:54:12 
jj1 = 584, max_th = 1.590860e+00, time=2024-09-08 16:55:38 
jj1 = 623, max_th = 1.832392e+00, time=2024-09-08 16:56:52 
jj1 = 558, max_th = 1.302048e+00, time=2024-09-08 16:57:38 
jj1 = 745, max_th = 1.733968e+00, time=2024-09-08 16:57:48 
jj1 = 596, max_th = 2.342025e+00, time=2024-09-08 16:58:04 
jj1 = 701, max_th = 1.236000e+00, time=2024-09-08 16:58:32 
jj1 = 764, max_th = 2.301267e+00, time=2024-09-08 16:58:46 
jj1 = 678, max_th = 1.967545e+00, time=2024-09-08 16:59:02 
jj1 = 721, max_th = 2.570367e+00, time=2024-09-08 16:59:23 
jj1 = 537, max_th = 2.002353e+00, time=2024-09-08 17:00:59 
jj1 = 583, max_th = 1.609234e+00, time=2024-09-08 17:02:56 
jj1 = 659, max_th = 2.425203e+00, time=2024-09-08 17:03:11 
jj1 = 744, max_th = 2.546761e+00, time=2024-09-08 17:03:19 
jj1 = 658, max_th = 3.084436e+00, time=2024-09-08 17:03:52 
jj1 = 641, max_th = 1.171610e+00, time=2024-09-08 17:04:18 
jj1 = 743, max_th = 9.830844e-01, time=2024-09-08 17:05:11 
jj1 = 595, max_th = 2.007120e+00, time=2024-09-08 17:05:25 
jj1 = 622, max_th = 1.751522e+00, time=2024-09-08 17:05:31 
jj1 = 677, max_th = 2.718771e+00, time=2024-09-08 17:05:38 
jj1 = 720, max_th = 1.633803e+00, time=2024-09-08 17:07:18 
jj1 = 700, max_th = 1.767602e+00, time=2024-09-08 17:07:49 
jj1 = 763, max_th = 4.903060e-01, time=2024-09-08 17:07:52 
jj1 = 557, max_th = 1.733419e+00, time=2024-09-08 17:08:39 
jj1 = 536, max_th = 3.040276e+00, time=2024-09-08 17:08:45 
jj1 = 621, max_th = 2.881198e+00, time=2024-09-08 17:08:49 
jj1 = 657, max_th = 2.222916e+00, time=2024-09-08 17:09:36 
jj1 = 762, max_th = 2.779222e+00, time=2024-09-08 17:10:46 
jj1 = 640, max_th = 2.293462e+00, time=2024-09-08 17:12:08 
jj1 = 582, max_th = 2.370423e+00, time=2024-09-08 17:13:25 
jj1 = 719, max_th = 2.485299e+00, time=2024-09-08 17:13:27 
jj1 = 742, max_th = 1.825086e+00, time=2024-09-08 17:14:31 
jj1 = 594, max_th = 1.811722e+00, time=2024-09-08 17:14:39 
jj1 = 656, max_th = 1.363327e+00, time=2024-09-08 17:14:48 
jj1 = 676, max_th = 2.214774e+00, time=2024-09-08 17:14:57 
jj1 = 620, max_th = 2.065693e+00, time=2024-09-08 17:15:13 
jj1 = 699, max_th = 2.140395e+00, time=2024-09-08 17:15:58 
jj1 = 718, max_th = 1.542279e+00, time=2024-09-08 17:16:37 
jj1 = 535, max_th = 1.888756e+00, time=2024-09-08 17:17:29 
jj1 = 593, max_th = 1.026228e+00, time=2024-09-08 17:17:30 
jj1 = 761, max_th = 2.654779e+00, time=2024-09-08 17:18:05 
jj1 = 556, max_th = 1.911691e+00, time=2024-09-08 17:18:08 
jj1 = 698, max_th = 1.357037e+00, time=2024-09-08 17:18:48 
jj1 = 655, max_th = 1.554073e+00, time=2024-09-08 17:19:56 
jj1 = 555, max_th = 1.049175e+00, time=2024-09-08 17:20:22 
jj1 = 639, max_th = 1.918380e+00, time=2024-09-08 17:20:57 
jj1 = 581, max_th = 2.109115e+00, time=2024-09-08 17:21:10 
jj1 = 717, max_th = 1.567313e+00, time=2024-09-08 17:21:55 
jj1 = 675, max_th = 1.910296e+00, time=2024-09-08 17:22:06 
jj1 = 554, max_th = 7.761548e-01, time=2024-09-08 17:22:10 
jj1 = 619, max_th = 1.577978e+00, time=2024-09-08 17:23:27 
jj1 = 592, max_th = 2.517286e+00, time=2024-09-08 17:23:47 
jj1 = 741, max_th = 2.913241e+00, time=2024-09-08 17:23:48 
jj1 = 591, max_th = 3.103865e+00, time=2024-09-08 17:24:50 
jj1 = 740, max_th = 2.923505e+00, time=2024-09-08 17:25:50 
jj1 = 618, max_th = 3.146328e+00, time=2024-09-08 17:26:25 
jj1 = 534, max_th = 1.791754e+00, time=2024-09-08 17:27:35 
jj1 = 697, max_th = 2.474013e+00, time=2024-09-08 17:28:11 
jj1 = 674, max_th = 2.546125e+00, time=2024-09-08 17:28:27 
jj1 = 580, max_th = 1.453936e+00, time=2024-09-08 17:29:03 
jj1 = 617, max_th = 1.367072e+00, time=2024-09-08 17:29:28 
jj1 = 739, max_th = 1.556821e+00, time=2024-09-08 17:29:43 
jj1 = 760, max_th = 2.488138e+00, time=2024-09-08 17:31:13 
jj1 = 638, max_th = 1.884485e+00, time=2024-09-08 17:31:19 
jj1 = 654, max_th = 1.773439e+00, time=2024-09-08 17:32:03 
jj1 = 533, max_th = 1.407109e+00, time=2024-09-08 17:32:28 
jj1 = 590, max_th = 1.778597e+00, time=2024-09-08 17:33:08 
jj1 = 673, max_th = 1.218774e+00, time=2024-09-08 17:33:22 
jj1 = 716, max_th = 1.940646e+00, time=2024-09-08 17:34:48 
jj1 = 589, max_th = 8.945798e-01, time=2024-09-08 17:35:02 
jj1 = 553, max_th = 1.724935e+00, time=2024-09-08 17:36:50 
jj1 = 579, max_th = 2.233641e+00, time=2024-09-08 17:37:30 
jj1 = 759, max_th = 2.287991e+00, time=2024-09-08 17:37:52 
jj1 = 653, max_th = 2.150265e+00, time=2024-09-08 17:38:16 
jj1 = 696, max_th = 1.905191e+00, time=2024-09-08 17:38:18 
jj1 = 738, max_th = 1.565937e+00, time=2024-09-08 17:38:25 
jj1 = 616, max_th = 2.188969e+00, time=2024-09-08 17:38:34 
jj1 = 695, max_th = 3.020246e+00, time=2024-09-08 17:39:30 
jj1 = 637, max_th = 1.758855e+00, time=2024-09-08 17:39:40 
jj1 = 672, max_th = 2.112607e+00, time=2024-09-08 17:41:40 
jj1 = 778, max_th = 1.611979e+00, time=2024-09-08 17:41:51 
jj1 = 758, max_th = 1.352574e+00, time=2024-09-08 17:42:20 
jj1 = 532, max_th = 2.204318e+00, time=2024-09-08 17:42:40 
jj1 = 715, max_th = 1.886746e+00, time=2024-09-08 17:43:12 
jj1 = 671, max_th = 2.761851e+00, time=2024-09-08 17:44:53 
jj1 = 694, max_th = 1.545837e+00, time=2024-09-08 17:44:58 
jj1 = 652, max_th = 1.700390e+00, time=2024-09-08 17:45:03 
jj1 = 651, max_th = 3.543871e+00, time=2024-09-08 17:45:06 
jj1 = 552, max_th = 2.245538e+00, time=2024-09-08 17:45:32 
jj1 = 531, max_th = 1.199366e+00, time=2024-09-08 17:45:33 
jj1 = 670, max_th = 2.946559e+00, time=2024-09-08 17:46:12 
jj1 = 615, max_th = 2.249427e+00, time=2024-09-08 17:46:16 
jj1 = 614, max_th = -6.778491e-01, time=2024-09-08 17:46:30 
jj1 = 578, max_th = 2.268387e+00, time=2024-09-08 17:46:36 
jj1 = 714, max_th = 1.222067e+00, time=2024-09-08 17:46:58 
jj1 = 613, max_th = 3.716042e-01, time=2024-09-08 17:47:22 
jj1 = 636, max_th = 1.861189e+00, time=2024-09-08 17:48:41 
jj1 = 737, max_th = 1.562337e+00, time=2024-09-08 17:48:42 
jj1 = 777, max_th = 1.564591e+00, time=2024-09-08 17:50:02 
jj1 = 669, max_th = 2.638299e+00, time=2024-09-08 17:51:04 
jj1 = 693, max_th = 1.876001e+00, time=2024-09-08 17:51:27 
jj1 = 757, max_th = 1.726758e+00, time=2024-09-08 17:51:33 
jj1 = 650, max_th = 1.669809e+00, time=2024-09-08 17:52:59 
jj1 = 577, max_th = 1.314683e+00, time=2024-09-08 17:53:28 
jj1 = 649, max_th = 1.000641e+00, time=2024-09-08 17:54:22 
jj1 = 713, max_th = 1.982785e+00, time=2024-09-08 17:54:36 
jj1 = 530, max_th = 1.876125e+00, time=2024-09-08 17:54:42 
jj1 = 736, max_th = 1.531799e+00, time=2024-09-08 17:54:49 
jj1 = 776, max_th = 2.296693e+00, time=2024-09-08 17:57:08 
jj1 = 692, max_th = 2.511582e+00, time=2024-09-08 17:57:21 
jj1 = 798, max_th = 1.381732e+00, time=2024-09-08 17:57:25 
jj1 = 612, max_th = 1.981393e+00, time=2024-09-08 17:57:47 
jj1 = 635, max_th = 2.143063e+00, time=2024-09-08 17:58:21 
jj1 = 551, max_th = 1.825204e+00, time=2024-09-08 17:59:05 
jj1 = 576, max_th = 1.573780e+00, time=2024-09-08 18:00:16 
jj1 = 808, max_th = 1.278008e+00, time=2024-09-08 18:00:18 
jj1 = 712, max_th = 2.091458e+00, time=2024-09-08 18:00:47 
jj1 = 756, max_th = 1.943312e+00, time=2024-09-08 18:01:21 
jj1 = 529, max_th = 2.113437e+00, time=2024-09-08 18:01:38 
jj1 = 775, max_th = 1.930758e+00, time=2024-09-08 18:04:35 
jj1 = 735, max_th = 2.327100e+00, time=2024-09-08 18:04:54 
jj1 = 797, max_th = 1.536922e+00, time=2024-09-08 18:05:17 
jj1 = 691, max_th = 1.708625e+00, time=2024-09-08 18:06:44 
jj1 = 634, max_th = 1.806002e+00, time=2024-09-08 18:07:00 
jj1 = 807, max_th = 1.899825e+00, time=2024-09-08 18:07:23 
jj1 = 755, max_th = 2.028362e+00, time=2024-09-08 18:07:58 
jj1 = 575, max_th = 2.271057e+00, time=2024-09-08 18:08:04 
jj1 = 550, max_th = 2.178654e+00, time=2024-09-08 18:09:19 
jj1 = 611, max_th = 1.278797e+00, time=2024-09-08 18:09:19 
jj1 = 818, max_th = 2.037874e+00, time=2024-09-08 18:10:14 
jj1 = 796, max_th = 2.487208e+00, time=2024-09-08 18:10:56 
jj1 = 711, max_th = 2.042331e+00, time=2024-09-08 18:11:25 
jj1 = 633, max_th = 1.684821e+00, time=2024-09-08 18:12:12 
jj1 = 806, max_th = 2.308917e+00, time=2024-09-08 18:14:25 
jj1 = 774, max_th = 2.050497e+00, time=2024-09-08 18:14:32 
jj1 = 754, max_th = 1.502652e+00, time=2024-09-08 18:15:00 
jj1 = 734, max_th = 2.128160e+00, time=2024-09-08 18:15:06 
jj1 = 753, max_th = 1.169332e+00, time=2024-09-08 18:15:34 
jj1 = 610, max_th = 1.646833e+00, time=2024-09-08 18:16:13 
jj1 = 690, max_th = 1.783801e+00, time=2024-09-08 18:16:17 
jj1 = 632, max_th = 2.468454e+00, time=2024-09-08 18:17:17 
jj1 = 805, max_th = 1.105416e+00, time=2024-09-08 18:17:36 
jj1 = 817, max_th = 2.213113e+00, time=2024-09-08 18:17:58 
jj1 = 795, max_th = 1.678188e+00, time=2024-09-08 18:18:36 
jj1 = 574, max_th = 1.859511e+00, time=2024-09-08 18:18:36 
jj1 = 631, max_th = -9.265038e-01, time=2024-09-08 18:18:48 
jj1 = 549, max_th = 2.101244e+00, time=2024-09-08 18:20:02 
jj1 = 733, max_th = 2.616263e+00, time=2024-09-08 18:20:18 
jj1 = 794, max_th = 1.124511e+00, time=2024-09-08 18:21:32 
jj1 = 710, max_th = 1.891843e+00, time=2024-09-08 18:22:15 
jj1 = 773, max_th = 1.795252e+00, time=2024-09-08 18:22:24 
jj1 = 804, max_th = 1.313121e+00, time=2024-09-08 18:22:43 
jj1 = 816, max_th = 2.320521e+00, time=2024-09-08 18:24:06 
jj1 = 689, max_th = 2.197576e+00, time=2024-09-08 18:24:06 
jj1 = 788, max_th = 1.141653e+00, time=2024-09-08 18:24:34 
jj1 = 630, max_th = 1.466785e+00, time=2024-09-08 18:24:48 
jj1 = 815, max_th = 2.999482e+00, time=2024-09-08 18:25:05 
jj1 = 752, max_th = 2.010273e+00, time=2024-09-08 18:25:20 
jj1 = 732, max_th = 1.133736e+00, time=2024-09-08 18:25:51 
jj1 = 573, max_th = 1.823973e+00, time=2024-09-08 18:26:18 
jj1 = 848, max_th = 8.203705e-01, time=2024-09-08 18:26:28 
jj1 = 772, max_th = 2.403621e+00, time=2024-09-08 18:28:02 
jj1 = 609, max_th = 2.435073e+00, time=2024-09-08 18:28:45 
jj1 = 751, max_th = 1.201563e+00, time=2024-09-08 18:30:05 
jj1 = 793, max_th = 2.037149e+00, time=2024-09-08 18:31:01 
jj1 = 803, max_th = 1.868085e+00, time=2024-09-08 18:31:17 
jj1 = 709, max_th = 1.771371e+00, time=2024-09-08 18:32:06 
jj1 = 629, max_th = 2.310821e+00, time=2024-09-08 18:32:29 
jj1 = 771, max_th = 1.444063e+00, time=2024-09-08 18:32:58 
jj1 = 847, max_th = 2.360560e+00, time=2024-09-08 18:33:34 
jj1 = 750, max_th = 2.549272e-01, time=2024-09-08 18:33:38 
jj1 = 731, max_th = 1.508618e+00, time=2024-09-08 18:33:42 
jj1 = 888, max_th = 1.261606e+00, time=2024-09-08 18:33:49 
jj1 = 802, max_th = 8.901977e-01, time=2024-09-08 18:34:00 
jj1 = 787, max_th = 1.924272e+00, time=2024-09-08 18:34:14 
jj1 = 814, max_th = 1.939465e+00, time=2024-09-08 18:34:18 
jj1 = 572, max_th = 1.477409e+00, time=2024-09-08 18:34:20 
jj1 = 792, max_th = 2.524184e+00, time=2024-09-08 18:34:54 
jj1 = 730, max_th = 2.878629e+00, time=2024-09-08 18:35:42 
jj1 = 770, max_th = 1.140254e+00, time=2024-09-08 18:36:23 
jj1 = 571, max_th = 1.318860e+00, time=2024-09-08 18:38:17 
jj1 = 786, max_th = 2.475755e+00, time=2024-09-08 18:39:42 
jj1 = 749, max_th = 2.304124e+00, time=2024-09-08 18:39:56 
jj1 = 838, max_th = 1.683906e+00, time=2024-09-08 18:41:14 
jj1 = 769, max_th = 1.124180e+00, time=2024-09-08 18:41:25 
jj1 = 828, max_th = 1.707471e+00, time=2024-09-08 18:42:28 
jj1 = 791, max_th = 1.642235e+00, time=2024-09-08 18:42:34 
jj1 = 801, max_th = 1.576085e+00, time=2024-09-08 18:43:05 
jj1 = 729, max_th = 2.004399e+00, time=2024-09-08 18:44:01 
jj1 = 846, max_th = 2.324465e+00, time=2024-09-08 18:45:01 
jj1 = 887, max_th = 2.014126e+00, time=2024-09-08 18:46:38 
jj1 = 785, max_th = 1.436910e+00, time=2024-09-08 18:47:18 
jj1 = 827, max_th = 1.441578e+00, time=2024-09-08 18:47:51 
jj1 = 570, max_th = 2.542999e+00, time=2024-09-08 18:48:14 
jj1 = 868, max_th = 2.558621e+00, time=2024-09-08 18:48:23 
jj1 = 813, max_th = 1.688886e+00, time=2024-09-08 18:49:28 
jj1 = 837, max_th = 2.346889e+00, time=2024-09-08 18:50:00 
jj1 = 858, max_th = 1.831273e+00, time=2024-09-08 18:51:05 
jj1 = 845, max_th = 2.516183e+00, time=2024-09-08 18:51:22 
jj1 = 790, max_th = 1.963489e+00, time=2024-09-08 18:51:30 
jj1 = 893, max_th = 1.857978e+00, time=2024-09-08 18:51:32 
jj1 = 800, max_th = 1.677795e+00, time=2024-09-08 18:52:26 
jj1 = 799, max_th = 3.193613e+00, time=2024-09-08 18:53:06 
jj1 = 886, max_th = 1.713482e+00, time=2024-09-08 18:54:48 
jj1 = 569, max_th = 3.131202e+00, time=2024-09-08 18:55:07 
jj1 = 784, max_th = 1.745374e+00, time=2024-09-08 18:55:32 
jj1 = 826, max_th = 2.215582e+00, time=2024-09-08 18:55:54 
jj1 = 857, max_th = 1.180875e+00, time=2024-09-08 18:56:04 
jj1 = 789, max_th = 2.537593e+00, time=2024-09-08 18:56:53 
jj1 = 885, max_th = 8.559678e-01, time=2024-09-08 18:57:05 
jj1 = 892, max_th = 2.422036e+00, time=2024-09-08 18:57:54 
jj1 = 903, max_th = 2.936199e+00, time=2024-09-08 18:58:13 
jj1 = 812, max_th = 2.235096e+00, time=2024-09-08 18:58:21 
jj1 = 844, max_th = 2.520008e+00, time=2024-09-08 18:58:25 
jj1 = 836, max_th = 1.810236e+00, time=2024-09-08 18:58:54 
jj1 = 856, max_th = 2.553088e+00, time=2024-09-08 18:58:59 
jj1 = 878, max_th = 2.518770e+00, time=2024-09-08 18:59:54 
jj1 = 898, max_th = 2.645344e+00, time=2024-09-08 19:01:04 
jj1 = 825, max_th = 2.249752e+00, time=2024-09-08 19:01:29 
jj1 = 867, max_th = 1.682151e+00, time=2024-09-08 19:01:59 
jj1 = 783, max_th = 1.254553e+00, time=2024-09-08 19:02:08 
jj1 = 855, max_th = 3.582600e+00, time=2024-09-08 19:02:50 
jj1 = 811, max_th = 1.269920e+00, time=2024-09-08 19:03:04 
jj1 = 897, max_th = 2.364557e-01, time=2024-09-08 19:04:15 
jj1 = 884, max_th = 1.553237e+00, time=2024-09-08 19:04:33 
jj1 = 824, max_th = 2.973521e+00, time=2024-09-08 19:04:34 
jj1 = 866, max_th = 2.756388e+00, time=2024-09-08 19:04:45 
jj1 = 883, max_th = 3.276923e+00, time=2024-09-08 19:05:03 
jj1 = 835, max_th = 1.611271e+00, time=2024-09-08 19:05:17 
jj1 = 865, max_th = 3.033600e+00, time=2024-09-08 19:05:33 
jj1 = 882, max_th = 3.049593e+00, time=2024-09-08 19:05:48 
jj1 = 877, max_th = 1.673227e+00, time=2024-09-08 19:06:00 
jj1 = 891, max_th = 2.117436e+00, time=2024-09-08 19:07:03 
jj1 = 843, max_th = 2.180682e+00, time=2024-09-08 19:07:47 
jj1 = 782, max_th = 2.366583e+00, time=2024-09-08 19:08:26 
jj1 = 902, max_th = 1.781307e+00, time=2024-09-08 19:08:57 
jj1 = 810, max_th = 2.000339e+00, time=2024-09-08 19:09:56 
jj1 = 896, max_th = 2.466404e+00, time=2024-09-08 19:10:31 
jj1 = 834, max_th = 1.639877e+00, time=2024-09-08 19:10:34 
jj1 = 833, max_th = 3.119761e+00, time=2024-09-08 19:11:32 
jj1 = 901, max_th = 1.312935e+00, time=2024-09-08 19:12:02 
jj1 = 890, max_th = 2.743371e+00, time=2024-09-08 19:12:48 
jj1 = 854, max_th = 2.132733e+00, time=2024-09-08 19:13:11 
jj1 = 823, max_th = 2.036673e+00, time=2024-09-08 19:13:39 
jj1 = 876, max_th = 2.274272e+00, time=2024-09-08 19:13:53 
jj1 = 842, max_th = 1.618837e+00, time=2024-09-08 19:14:28 
jj1 = 881, max_th = 2.006554e+00, time=2024-09-08 19:15:32 
jj1 = 895, max_th = 1.496432e+00, time=2024-09-08 19:15:52 
jj1 = 864, max_th = 2.107398e+00, time=2024-09-08 19:17:28 
jj1 = 822, max_th = 2.504729e+00, time=2024-09-08 19:17:29 
jj1 = 832, max_th = 1.452138e+00, time=2024-09-08 19:18:14 
jj1 = 809, max_th = 1.668701e+00, time=2024-09-08 19:18:27 
jj1 = 841, max_th = 1.182801e+00, time=2024-09-08 19:19:07 
jj1 = 875, max_th = 2.553600e+00, time=2024-09-08 19:19:29 
jj1 = 900, max_th = 1.644187e+00, time=2024-09-08 19:19:45 
jj1 = 853, max_th = 2.178680e+00, time=2024-09-08 19:22:25 
jj1 = 889, max_th = 1.571913e+00, time=2024-09-08 19:22:34 
jj1 = 894, max_th = 2.073891e+00, time=2024-09-08 19:23:26 
jj1 = 781, max_th = 1.033092e+00, time=2024-09-08 19:24:07 
jj1 = 880, max_th = 1.760454e+00, time=2024-09-08 19:25:02 
jj1 = 821, max_th = 1.925878e+00, time=2024-09-08 19:25:50 
jj1 = 874, max_th = 2.354976e+00, time=2024-09-08 19:26:01 
jj1 = 873, max_th = 6.192250e-01, time=2024-09-08 19:26:45 
jj1 = 899, max_th = 2.080718e+00, time=2024-09-08 19:27:31 
jj1 = 908, max_th = 1.931367e+00, time=2024-09-08 19:27:31 
jj1 = 831, max_th = 2.105900e+00, time=2024-09-08 19:28:08 
jj1 = 907, max_th = 4.182845e-01, time=2024-09-08 19:28:11 
jj1 = 863, max_th = 2.036506e+00, time=2024-09-08 19:29:00 
jj1 = 852, max_th = 1.546545e+00, time=2024-09-08 19:29:22 
jj1 = 780, max_th = 2.234351e+00, time=2024-09-08 19:29:25 
jj1 = 943, max_th = 2.058816e+00, time=2024-09-08 19:29:45 
jj1 = 960, max_th = 2.278777e+00, time=2024-09-08 19:31:00 
jj1 = 906, max_th = 2.505567e+00, time=2024-09-08 19:31:08 
jj1 = 879, max_th = 2.126824e+00, time=2024-09-08 19:32:05 
jj1 = 840, max_th = 1.943900e+00, time=2024-09-08 19:32:59 
jj1 = 820, max_th = 2.025502e+00, time=2024-09-08 19:33:16 
jj1 = 851, max_th = 2.508358e+00, time=2024-09-08 19:33:37 
jj1 = 779, max_th = 2.629327e+00, time=2024-09-08 19:34:04 
jj1 = 952, max_th = 2.425200e+00, time=2024-09-08 19:34:27 
jj1 = 942, max_th = 2.477163e+00, time=2024-09-08 19:34:57 
jj1 = 850, max_th = 1.514795e+00, time=2024-09-08 19:35:00 
jj1 = 872, max_th = 2.324940e+00, time=2024-09-08 19:35:18 
jj1 = 959, max_th = 1.621130e+00, time=2024-09-08 19:35:52 
jj1 = 862, max_th = 2.092628e+00, time=2024-09-08 19:36:03 
jj1 = 905, max_th = 2.325784e+00, time=2024-09-08 19:36:24 
jj1 = 923, max_th = 1.373500e+00, time=2024-09-08 19:37:06 
jj1 = 830, max_th = 1.659724e+00, time=2024-09-08 19:38:42 
jj1 = 958, max_th = 2.508061e+00, time=2024-09-08 19:39:40 
jj1 = 819, max_th = 1.704579e+00, time=2024-09-08 19:40:13 
jj1 = 839, max_th = 2.143888e+00, time=2024-09-08 19:40:21 
jj1 = 849, max_th = 1.724632e+00, time=2024-09-08 19:40:37 
jj1 = 871, max_th = 2.208095e+00, time=2024-09-08 19:41:39 
jj1 = 951, max_th = 1.777071e+00, time=2024-09-08 19:41:47 
jj1 = 913, max_th = 2.100896e+00, time=2024-09-08 19:41:52 
jj1 = 941, max_th = 1.594736e+00, time=2024-09-08 19:42:45 
jj1 = 912, max_th = 1.005448e+00, time=2024-09-08 19:42:58 
jj1 = 904, max_th = 1.578865e+00, time=2024-09-08 19:43:04 
jj1 = 922, max_th = 1.958010e+00, time=2024-09-08 19:43:09 
jj1 = 957, max_th = 1.606627e+00, time=2024-09-08 19:43:20 
jj1 = 829, max_th = 2.000524e+00, time=2024-09-08 19:43:26 
jj1 = 861, max_th = 2.598284e+00, time=2024-09-08 19:43:28 
jj1 = 938, max_th = 1.405066e+00, time=2024-09-08 19:44:20 
jj1 = 933, max_th = 2.399059e+00, time=2024-09-08 19:44:57 
jj1 = 870, max_th = 1.499943e+00, time=2024-09-08 19:45:14 
jj1 = 964, max_th = 1.399408e+00, time=2024-09-08 19:45:49 
jj1 = 921, max_th = 2.715766e+00, time=2024-09-08 19:46:48 
jj1 = 963, max_th = 1.123509e+00, time=2024-09-08 19:47:41 
jj1 = 918, max_th = 2.536197e+00, time=2024-09-08 19:48:14 
jj1 = 972, max_th = 1.622451e+00, time=2024-09-08 19:48:17 
jj1 = 950, max_th = 1.699333e+00, time=2024-09-08 19:48:19 
jj1 = 940, max_th = 2.412866e+00, time=2024-09-08 19:48:21 
jj1 = 928, max_th = 2.203399e+00, time=2024-09-08 19:49:33 
jj1 = 937, max_th = 2.407353e+00, time=2024-09-08 19:49:39 
jj1 = 860, max_th = 1.589498e+00, time=2024-09-08 19:49:43 
jj1 = 869, max_th = 1.953307e+00, time=2024-09-08 19:50:40 
jj1 = 911, max_th = 2.032535e+00, time=2024-09-08 19:50:42 
jj1 = 910, max_th = 3.232950e+00, time=2024-09-08 19:50:58 
jj1 = 949, max_th = 1.359263e+00, time=2024-09-08 19:51:51 
jj1 = 917, max_th = 1.549901e+00, time=2024-09-08 19:52:10 
jj1 = 962, max_th = 1.779649e+00, time=2024-09-08 19:52:55 
jj1 = 920, max_th = 1.795343e+00, time=2024-09-08 19:54:02 
jj1 = 909, max_th = 2.798922e+00, time=2024-09-08 19:54:06 
jj1 = 932, max_th = 1.679253e+00, time=2024-09-08 19:54:13 
jj1 = 936, max_th = 1.498982e+00, time=2024-09-08 19:54:26 
jj1 = 956, max_th = 1.284803e+00, time=2024-09-08 19:54:50 
jj1 = 971, max_th = 1.862863e+00, time=2024-09-08 19:55:28 
jj1 = 859, max_th = 1.609579e+00, time=2024-09-08 19:55:32 
jj1 = 927, max_th = 1.583016e+00, time=2024-09-08 19:55:42 
jj1 = 916, max_th = 1.302273e+00, time=2024-09-08 19:55:42 
jj1 = 939, max_th = 1.725041e+00, time=2024-09-08 19:56:00 
jj1 = 970, max_th = 2.007723e-01, time=2024-09-08 19:56:28 
jj1 = 976, max_th = 2.488445e+00, time=2024-09-08 19:57:48 
jj1 = 948, max_th = 2.652900e+00, time=2024-09-08 19:59:09 
jj1 = 955, max_th = 2.456482e+00, time=2024-09-08 19:59:19 
jj1 = 935, max_th = 2.378833e+00, time=2024-09-08 19:59:36 
jj1 = 984, max_th = 2.083144e+00, time=2024-09-08 20:01:12 
jj1 = 968, max_th = 2.020657e+00, time=2024-09-08 20:01:12 
jj1 = 931, max_th = 2.157789e+00, time=2024-09-08 20:01:13 
jj1 = 969, max_th = 2.246138e+00, time=2024-09-08 20:01:37 
jj1 = 915, max_th = 2.240313e+00, time=2024-09-08 20:01:43 
jj1 = 930, max_th = 4.316216e-03, time=2024-09-08 20:01:42 
jj1 = 926, max_th = 1.951889e+00, time=2024-09-08 20:02:22 
jj1 = 914, max_th = 7.717344e-01, time=2024-09-08 20:02:41 
jj1 = 967, max_th = 2.716223e+00, time=2024-09-08 20:03:31 
jj1 = 966, max_th = 9.866993e-01, time=2024-09-08 20:03:34 
jj1 = 983, max_th = 1.448249e+00, time=2024-09-08 20:04:32 
jj1 = 975, max_th = 2.260424e+00, time=2024-09-08 20:04:46 
jj1 = 919, max_th = 1.458482e+00, time=2024-09-08 20:04:56 
jj1 = 947, max_th = 2.078865e+00, time=2024-09-08 20:06:44 
jj1 = 998, max_th = 2.053282e+00, time=2024-09-08 20:07:26 
jj1 = 992, max_th = 2.356592e+00, time=2024-09-08 20:07:47 
jj1 = 961, max_th = 1.973610e+00, time=2024-09-08 20:08:06 
jj1 = 954, max_th = 1.652033e+00, time=2024-09-08 20:08:11 
jj1 = 991, max_th = 6.900325e-01, time=2024-09-08 20:08:27 
jj1 = 934, max_th = 1.956736e+00, time=2024-09-08 20:08:34 
jj1 = 925, max_th = 1.473653e+00, time=2024-09-08 20:08:59 
jj1 = 929, max_th = 1.957303e+00, time=2024-09-08 20:10:01 
jj1 = 974, max_th = 2.191438e+00, time=2024-09-08 20:10:23 
jj1 = 980, max_th = 1.568559e+00, time=2024-09-08 20:10:35 
jj1 = 982, max_th = 2.078318e+00, time=2024-09-08 20:11:02 
jj1 = 979, max_th = 7.698557e-01, time=2024-09-08 20:11:02 
jj1 = 997, max_th = 2.505667e+00, time=2024-09-08 20:12:03 
jj1 = 953, max_th = 2.717517e+00, time=2024-09-08 20:12:13 
jj1 = 946, max_th = 1.807020e+00, time=2024-09-08 20:12:45 
jj1 = 924, max_th = 2.350670e+00, time=2024-09-08 20:13:10 
jj1 = 965, max_th = 1.337397e+00, time=2024-09-08 20:13:37 
jj1 = 988, max_th = 1.896974e+00, time=2024-09-08 20:14:20 
jj1 = 973, max_th = 1.444588e+00, time=2024-09-08 20:15:04 
jj1 = 945, max_th = 1.417958e+00, time=2024-09-08 20:15:35 
jj1 = 996, max_th = 1.964918e+00, time=2024-09-08 20:16:33 
jj1 = 981, max_th = 2.024661e+00, time=2024-09-08 20:17:58 
jj1 = 1000, max_th = 1.463700e+00, time=2024-09-08 20:17:59 
jj1 = 990, max_th = 1.960862e+00, time=2024-09-08 20:18:31 
jj1 = 978, max_th = 2.167725e+00, time=2024-09-08 20:18:54 
jj1 = 987, max_th = 2.457978e+00, time=2024-09-08 20:20:56 
jj1 = 995, max_th = 1.545457e+00, time=2024-09-08 20:21:16 
jj1 = 977, max_th = 2.984926e+00, time=2024-09-08 20:22:13 
jj1 = 999, max_th = 2.059385e+00, time=2024-09-08 20:22:14 
jj1 = 944, max_th = 1.857135e+00, time=2024-09-08 20:23:45 
jj1 = 989, max_th = 1.847481e+00, time=2024-09-08 20:25:01 
jj1 = 994, max_th = 2.507524e+00, time=2024-09-08 20:25:34 
jj1 = 986, max_th = 1.661180e+00, time=2024-09-08 20:26:08 
jj1 = 993, max_th = 1.654449e+00, time=2024-09-08 20:30:34 
jj1 = 985, max_th = 2.212763e+00, time=2024-09-08 20:31:37 
>> >> >> >> >> >> >> >> 