MATLAB is selecting SOFTWARE OPENGL rendering.

                            < M A T L A B (R) >
                  Copyright 1984-2021 The MathWorks, Inc.
                  R2021b (9.11.0.1769968) 64-bit (glnxa64)
                             September 17, 2021

 
To get started, type doc.
For product information, visit www.mathworks.com.
 
>> >> >> >> >> >> >> >> >> >> >> >> >> >> >> >> >> >> >> >> >> >> >> >> Starting parallel pool (parpool) using the 'local' profile ...
Connected to the parallel pool (number of workers: 12).
jj1 = 60, max_th = 9.461250e-01, time=2024-09-06 16:15:14 
jj1 = 35, max_th = 2.918462e+00, time=2024-09-06 16:15:18 
jj1 = 59, max_th = 1.298452e+00, time=2024-09-06 16:18:41 
jj1 = 20, max_th = 1.244881e+00, time=2024-09-06 16:19:19 
jj1 = 30, max_th = 1.299355e+00, time=2024-09-06 16:20:17 
jj1 = 25, max_th = 2.428684e+00, time=2024-09-06 16:20:39 
jj1 = 10, max_th = 2.151861e+00, time=2024-09-06 16:21:43 
jj1 = 9, max_th = -1.052887e-01, time=2024-09-06 16:21:59 
jj1 = 40, max_th = 2.213949e+00, time=2024-09-06 16:22:57 
jj1 = 15, max_th = 2.367131e+00, time=2024-09-06 16:25:19 
jj1 = 45, max_th = 2.351362e+00, time=2024-09-06 16:25:45 
jj1 = 19, max_th = 1.248999e+00, time=2024-09-06 16:26:21 
jj1 = 58, max_th = 1.321213e+00, time=2024-09-06 16:27:17 
jj1 = 24, max_th = 2.356201e+00, time=2024-09-06 16:28:25 
jj1 = 50, max_th = 1.973541e+00, time=2024-09-06 16:28:44 
jj1 = 55, max_th = 1.918759e+00, time=2024-09-06 16:29:04 
jj1 = 49, max_th = -7.154409e-04, time=2024-09-06 16:29:31 
jj1 = 34, max_th = 1.679549e+00, time=2024-09-06 16:30:03 
jj1 = 5, max_th = 1.896587e+00, time=2024-09-06 16:30:05 
jj1 = 29, max_th = 1.836909e+00, time=2024-09-06 16:31:08 
jj1 = 8, max_th = 2.404367e+00, time=2024-09-06 16:32:14 
jj1 = 54, max_th = 9.520303e-01, time=2024-09-06 16:32:15 
jj1 = 18, max_th = 1.215089e+00, time=2024-09-06 16:32:54 
jj1 = 39, max_th = 1.369112e+00, time=2024-09-06 16:33:07 
jj1 = 44, max_th = 2.539478e+00, time=2024-09-06 16:37:00 
jj1 = 57, max_th = 1.332103e+00, time=2024-09-06 16:37:21 
jj1 = 43, max_th = 3.064914e+00, time=2024-09-06 16:38:56 
jj1 = 14, max_th = 2.143658e+00, time=2024-09-06 16:39:28 
jj1 = 23, max_th = 1.667957e+00, time=2024-09-06 16:39:33 
jj1 = 28, max_th = 1.618509e+00, time=2024-09-06 16:40:14 
jj1 = 33, max_th = 1.867193e+00, time=2024-09-06 16:40:49 
jj1 = 7, max_th = 2.158190e+00, time=2024-09-06 16:42:13 
jj1 = 53, max_th = 1.370407e+00, time=2024-09-06 16:42:28 
jj1 = 48, max_th = 1.541723e+00, time=2024-09-06 16:43:49 
jj1 = 6, max_th = 1.250055e+00, time=2024-09-06 16:44:52 
jj1 = 4, max_th = 1.629866e+00, time=2024-09-06 16:46:40 
jj1 = 56, max_th = 2.179818e+00, time=2024-09-06 16:47:04 
jj1 = 27, max_th = 1.652452e+00, time=2024-09-06 16:47:17 
jj1 = 26, max_th = -1.001232e-01, time=2024-09-06 16:47:30 
jj1 = 17, max_th = 2.360012e+00, time=2024-09-06 16:47:34 
jj1 = 16, max_th = -1.080386e-02, time=2024-09-06 16:48:25 
jj1 = 32, max_th = 1.643056e+00, time=2024-09-06 16:49:11 
jj1 = 528, max_th = 2.823883e+00, time=2024-09-06 16:49:41 
jj1 = 52, max_th = 1.374539e+00, time=2024-09-06 16:49:48 
jj1 = 38, max_th = 1.683119e+00, time=2024-09-06 16:50:03 
jj1 = 13, max_th = 2.119314e+00, time=2024-09-06 16:51:53 
jj1 = 42, max_th = 2.409042e+00, time=2024-09-06 16:53:13 
jj1 = 22, max_th = 1.853884e+00, time=2024-09-06 16:54:27 
jj1 = 21, max_th = 3.087917e+00, time=2024-09-06 16:55:13 
jj1 = 138, max_th = 1.692793e+00, time=2024-09-06 16:55:56 
jj1 = 12, max_th = 2.636999e+00, time=2024-09-06 16:56:10 
jj1 = 294, max_th = 2.155930e+00, time=2024-09-06 16:56:28 
jj1 = 31, max_th = 1.851522e+00, time=2024-09-06 16:56:57 
jj1 = 51, max_th = 2.366151e+00, time=2024-09-06 16:57:42 
jj1 = 47, max_th = 1.694685e+00, time=2024-09-06 16:59:20 
jj1 = 527, max_th = 2.009452e+00, time=2024-09-06 16:59:29 
jj1 = 37, max_th = 2.566703e+00, time=2024-09-06 17:00:46 
jj1 = 137, max_th = 2.545871e+00, time=2024-09-06 17:01:04 
jj1 = 293, max_th = 2.559137e+00, time=2024-09-06 17:01:28 
jj1 = 3, max_th = 1.565519e+00, time=2024-09-06 17:01:39 
jj1 = 136, max_th = 9.005374e-01, time=2024-09-06 17:02:21 
jj1 = 526, max_th = 1.384157e+00, time=2024-09-06 17:04:46 
jj1 = 216, max_th = 1.808609e+00, time=2024-09-06 17:05:51 
jj1 = 333, max_th = 1.857895e+00, time=2024-09-06 17:06:02 
jj1 = 489, max_th = 1.912323e+00, time=2024-09-06 17:07:24 
jj1 = 41, max_th = 1.685750e+00, time=2024-09-06 17:07:46 
jj1 = 46, max_th = 2.189462e+00, time=2024-09-06 17:08:34 
jj1 = 292, max_th = 1.654014e+00, time=2024-09-06 17:08:38 
jj1 = 215, max_th = 1.264991e+00, time=2024-09-06 17:09:44 
jj1 = 214, max_th = 2.917027e+00, time=2024-09-06 17:11:23 
jj1 = 2, max_th = 2.179014e+00, time=2024-09-06 17:11:27 
jj1 = 135, max_th = 1.718915e+00, time=2024-09-06 17:11:35 
jj1 = 11, max_th = 2.168523e+00, time=2024-09-06 17:13:26 
jj1 = 450, max_th = 1.322754e+00, time=2024-09-06 17:13:32 
jj1 = 525, max_th = 2.276860e+00, time=2024-09-06 17:13:59 
jj1 = 291, max_th = 2.541176e+00, time=2024-09-06 17:14:02 
jj1 = 255, max_th = 2.107448e+00, time=2024-09-06 17:14:06 
jj1 = 332, max_th = 1.673662e+00, time=2024-09-06 17:14:23 
jj1 = 524, max_th = 9.207571e-01, time=2024-09-06 17:15:53 
jj1 = 36, max_th = 2.198407e+00, time=2024-09-06 17:16:05 
jj1 = 488, max_th = 2.129633e+00, time=2024-09-06 17:17:06 
jj1 = 411, max_th = 2.542281e+00, time=2024-09-06 17:18:12 
jj1 = 1, max_th = 2.370967e+00, time=2024-09-06 17:20:07 
jj1 = 134, max_th = 2.193718e+00, time=2024-09-06 17:20:17 
jj1 = 290, max_th = 2.487160e+00, time=2024-09-06 17:20:20 
jj1 = 523, max_th = 1.327768e+00, time=2024-09-06 17:20:44 
jj1 = 213, max_th = 1.614907e+00, time=2024-09-06 17:20:47 
jj1 = 177, max_th = 1.255938e+00, time=2024-09-06 17:21:52 
jj1 = 372, max_th = 2.747587e+00, time=2024-09-06 17:21:58 
jj1 = 487, max_th = 2.200299e+00, time=2024-09-06 17:23:28 
jj1 = 486, max_th = -2.428452e-04, time=2024-09-06 17:23:48 
jj1 = 331, max_th = 1.965046e+00, time=2024-09-06 17:24:21 
jj1 = 449, max_th = 1.847193e+00, time=2024-09-06 17:24:39 
jj1 = 289, max_th = 2.000013e+00, time=2024-09-06 17:24:58 
jj1 = 99, max_th = 2.587920e+00, time=2024-09-06 17:25:07 
jj1 = 485, max_th = 9.477240e-01, time=2024-09-06 17:25:29 
jj1 = 448, max_th = 2.828658e+00, time=2024-09-06 17:27:16 
jj1 = 133, max_th = 2.421847e+00, time=2024-09-06 17:27:30 
jj1 = 98, max_th = 1.304551e+00, time=2024-09-06 17:29:03 
jj1 = 254, max_th = 1.870447e+00, time=2024-09-06 17:29:22 
jj1 = 212, max_th = 1.374878e+00, time=2024-09-06 17:30:02 
jj1 = 522, max_th = 2.166580e+00, time=2024-09-06 17:30:18 
jj1 = 132, max_th = 2.724396e+00, time=2024-09-06 17:30:58 
jj1 = 521, max_th = 3.086891e+00, time=2024-09-06 17:31:00 
jj1 = 253, max_th = 2.851126e+00, time=2024-09-06 17:31:13 
jj1 = 288, max_th = 2.403118e+00, time=2024-09-06 17:31:22 
jj1 = 410, max_th = 2.257915e+00, time=2024-09-06 17:31:51 
jj1 = 447, max_th = 1.381331e+00, time=2024-09-06 17:32:32 
jj1 = 97, max_th = 1.355924e+00, time=2024-09-06 17:33:41 
jj1 = 484, max_th = 2.107830e+00, time=2024-09-06 17:34:26 
jj1 = 96, max_th = 9.334964e-01, time=2024-09-06 17:35:24 
jj1 = 252, max_th = 1.401310e+00, time=2024-09-06 17:35:55 
jj1 = 446, max_th = 1.298482e+00, time=2024-09-06 17:36:07 
jj1 = 483, max_th = 9.543488e-01, time=2024-09-06 17:36:10 
jj1 = 330, max_th = 1.904806e+00, time=2024-09-06 17:36:42 
jj1 = 520, max_th = 2.351060e+00, time=2024-09-06 17:37:07 
jj1 = 371, max_th = 2.379502e+00, time=2024-09-06 17:37:16 
jj1 = 176, max_th = 2.119278e+00, time=2024-09-06 17:37:33 
jj1 = 482, max_th = 9.755381e-01, time=2024-09-06 17:38:08 
jj1 = 211, max_th = 2.110263e+00, time=2024-09-06 17:38:47 
jj1 = 409, max_th = 2.577799e+00, time=2024-09-06 17:38:49 
jj1 = 287, max_th = 2.323246e+00, time=2024-09-06 17:39:32 
jj1 = 131, max_th = 2.117191e+00, time=2024-09-06 17:40:34 
jj1 = 445, max_th = 1.362241e+00, time=2024-09-06 17:40:55 
jj1 = 251, max_th = 2.099950e+00, time=2024-09-06 17:41:08 
jj1 = 444, max_th = 7.101694e-01, time=2024-09-06 17:41:51 
jj1 = 210, max_th = 1.205718e+00, time=2024-09-06 17:42:02 
jj1 = 175, max_th = 2.575170e+00, time=2024-09-06 17:42:30 
jj1 = 209, max_th = 3.037723e+00, time=2024-09-06 17:43:00 
jj1 = 329, max_th = 1.641072e+00, time=2024-09-06 17:44:07 
jj1 = 95, max_th = 2.139895e+00, time=2024-09-06 17:45:28 
jj1 = 519, max_th = 1.956288e+00, time=2024-09-06 17:46:25 
jj1 = 481, max_th = 1.691475e+00, time=2024-09-06 17:46:48 
jj1 = 286, max_th = 2.374407e+00, time=2024-09-06 17:47:21 
jj1 = 370, max_th = 2.369892e+00, time=2024-09-06 17:48:22 
jj1 = 285, max_th = 2.938292e+00, time=2024-09-06 17:48:51 
jj1 = 130, max_th = 2.326120e+00, time=2024-09-06 17:49:11 
jj1 = 250, max_th = 2.312359e+00, time=2024-09-06 17:49:17 
jj1 = 328, max_th = 2.503420e+00, time=2024-09-06 17:49:28 
jj1 = 208, max_th = 2.524621e+00, time=2024-09-06 17:49:33 
jj1 = 249, max_th = 2.915788e+00, time=2024-09-06 17:51:02 
jj1 = 369, max_th = 2.714478e+00, time=2024-09-06 17:52:02 
jj1 = 408, max_th = 1.941844e+00, time=2024-09-06 17:52:03 
jj1 = 368, max_th = -5.610863e-03, time=2024-09-06 17:52:27 
jj1 = 480, max_th = 1.505556e+00, time=2024-09-06 17:52:56 
jj1 = 207, max_th = 2.684638e+00, time=2024-09-06 17:53:08 
jj1 = 174, max_th = 2.399073e+00, time=2024-09-06 17:53:25 
jj1 = 407, max_th = 2.946116e+00, time=2024-09-06 17:53:27 
jj1 = 284, max_th = 1.333602e+00, time=2024-09-06 17:54:04 
jj1 = 94, max_th = 1.327011e+00, time=2024-09-06 17:55:29 
jj1 = 129, max_th = 2.417936e+00, time=2024-09-06 17:56:25 
jj1 = 518, max_th = 1.922366e+00, time=2024-09-06 17:56:45 
jj1 = 327, max_th = 2.335875e+00, time=2024-09-06 17:57:29 
jj1 = 443, max_th = 2.176476e+00, time=2024-09-06 17:59:57 
jj1 = 326, max_th = 2.812572e+00, time=2024-09-06 18:00:03 
jj1 = 479, max_th = 1.591366e+00, time=2024-09-06 18:00:10 
jj1 = 367, max_th = 2.164903e+00, time=2024-09-06 18:02:18 
jj1 = 206, max_th = 2.131769e+00, time=2024-09-06 18:02:39 
jj1 = 248, max_th = 1.876984e+00, time=2024-09-06 18:03:14 
jj1 = 406, max_th = 1.918162e+00, time=2024-09-06 18:03:45 
jj1 = 128, max_th = 1.673841e+00, time=2024-09-06 18:05:08 
jj1 = 517, max_th = 2.138528e+00, time=2024-09-06 18:07:35 
jj1 = 205, max_th = 2.559775e+00, time=2024-09-06 18:07:56 
jj1 = 325, max_th = 2.167652e+00, time=2024-09-06 18:09:57 
jj1 = 478, max_th = 2.174180e+00, time=2024-09-06 18:10:04 
jj1 = 283, max_th = 2.208318e+00, time=2024-09-06 18:10:11 
jj1 = 173, max_th = 1.677036e+00, time=2024-09-06 18:10:31 
jj1 = 442, max_th = 2.561823e+00, time=2024-09-06 18:10:40 
jj1 = 93, max_th = 1.634390e+00, time=2024-09-06 18:11:36 
jj1 = 247, max_th = 1.618119e+00, time=2024-09-06 18:11:41 
jj1 = 204, max_th = 1.228897e+00, time=2024-09-06 18:12:10 
jj1 = 366, max_th = 1.874542e+00, time=2024-09-06 18:12:55 
jj1 = 516, max_th = 2.777943e+00, time=2024-09-06 18:13:34 
jj1 = 405, max_th = 1.919288e+00, time=2024-09-06 18:13:38 
jj1 = 127, max_th = 1.719376e+00, time=2024-09-06 18:14:01 
jj1 = 203, max_th = 9.701813e-01, time=2024-09-06 18:14:12 
jj1 = 477, max_th = 2.519578e+00, time=2024-09-06 18:16:05 
jj1 = 404, max_th = 2.769857e+00, time=2024-09-06 18:16:39 
jj1 = 282, max_th = 1.248853e+00, time=2024-09-06 18:17:01 
jj1 = 246, max_th = 2.565745e+00, time=2024-09-06 18:17:22 
jj1 = 324, max_th = 1.646239e+00, time=2024-09-06 18:17:23 
jj1 = 476, max_th = 9.215928e-01, time=2024-09-06 18:17:52 
jj1 = 126, max_th = 2.352741e+00, time=2024-09-06 18:20:51 
jj1 = 365, max_th = 2.144567e+00, time=2024-09-06 18:22:03 
jj1 = 202, max_th = 2.160077e+00, time=2024-09-06 18:23:29 
jj1 = 475, max_th = 1.655274e+00, time=2024-09-06 18:25:21 
jj1 = 92, max_th = 2.359698e+00, time=2024-09-06 18:26:45 
jj1 = 403, max_th = 1.917974e+00, time=2024-09-06 18:27:10 
jj1 = 245, max_th = 1.933471e+00, time=2024-09-06 18:27:40 
jj1 = 323, max_th = 1.979892e+00, time=2024-09-06 18:27:44 
jj1 = 515, max_th = 2.377736e+00, time=2024-09-06 18:29:32 
jj1 = 172, max_th = 1.832878e+00, time=2024-09-06 18:30:06 
jj1 = 441, max_th = 2.009129e+00, time=2024-09-06 18:30:23 
jj1 = 125, max_th = 2.169579e+00, time=2024-09-06 18:31:08 
jj1 = 281, max_th = 2.417154e+00, time=2024-09-06 18:31:21 
jj1 = 201, max_th = 2.202262e+00, time=2024-09-06 18:31:22 
jj1 = 402, max_th = 1.307986e+00, time=2024-09-06 18:31:31 
jj1 = 474, max_th = 2.202988e+00, time=2024-09-06 18:33:25 
jj1 = 364, max_th = 2.133895e+00, time=2024-09-06 18:33:29 
jj1 = 322, max_th = 2.348071e+00, time=2024-09-06 18:34:38 
jj1 = 124, max_th = 1.400717e+00, time=2024-09-06 18:35:26 
jj1 = 244, max_th = 1.948846e+00, time=2024-09-06 18:36:09 
jj1 = 321, max_th = 2.866089e+00, time=2024-09-06 18:37:40 
jj1 = 514, max_th = 1.591964e+00, time=2024-09-06 18:38:51 
jj1 = 401, max_th = 1.943705e+00, time=2024-09-06 18:40:52 
jj1 = 200, max_th = 1.962088e+00, time=2024-09-06 18:41:06 
jj1 = 320, max_th = 2.704773e+00, time=2024-09-06 18:41:28 
jj1 = 400, max_th = 9.179174e-01, time=2024-09-06 18:42:41 
jj1 = 473, max_th = 1.878065e+00, time=2024-09-06 18:43:38 
jj1 = 472, max_th = 3.101931e+00, time=2024-09-06 18:44:17 
jj1 = 243, max_th = 1.679019e+00, time=2024-09-06 18:44:34 
jj1 = 440, max_th = 2.356454e+00, time=2024-09-06 18:44:57 
jj1 = 123, max_th = 1.955584e+00, time=2024-09-06 18:45:58 
jj1 = 91, max_th = 1.933828e+00, time=2024-09-06 18:46:30 
jj1 = 513, max_th = 2.380301e+00, time=2024-09-06 18:46:47 
jj1 = 280, max_th = 2.275818e+00, time=2024-09-06 18:47:00 
jj1 = 363, max_th = 1.655943e+00, time=2024-09-06 18:47:26 
jj1 = 171, max_th = 1.956482e+00, time=2024-09-06 18:48:37 
jj1 = 319, max_th = 2.421674e+00, time=2024-09-06 18:48:50 
jj1 = 199, max_th = 1.635535e+00, time=2024-09-06 18:49:03 
jj1 = 439, max_th = 2.599924e+00, time=2024-09-06 18:50:56 
jj1 = 399, max_th = 2.195018e+00, time=2024-09-06 18:52:00 
jj1 = 242, max_th = 1.682034e+00, time=2024-09-06 18:53:11 
jj1 = 170, max_th = 2.807606e+00, time=2024-09-06 18:53:28 
jj1 = 471, max_th = 2.160293e+00, time=2024-09-06 18:53:29 
jj1 = 318, max_th = 2.399442e+00, time=2024-09-06 18:54:27 
jj1 = 169, max_th = 3.115757e+00, time=2024-09-06 18:54:50 
jj1 = 122, max_th = 1.530142e+00, time=2024-09-06 18:55:06 
jj1 = 470, max_th = 9.555807e-01, time=2024-09-06 18:55:18 
jj1 = 469, max_th = 3.114455e+00, time=2024-09-06 18:55:57 
jj1 = 398, max_th = 2.547922e+00, time=2024-09-06 18:56:57 
jj1 = 512, max_th = 1.912481e+00, time=2024-09-06 18:57:10 
jj1 = 198, max_th = 1.906777e+00, time=2024-09-06 18:58:21 
jj1 = 362, max_th = 2.046268e+00, time=2024-09-06 18:59:37 
jj1 = 241, max_th = 1.695086e+00, time=2024-09-06 19:01:01 
jj1 = 438, max_th = 2.558151e+00, time=2024-09-06 19:01:00 
jj1 = 90, max_th = 2.382773e+00, time=2024-09-06 19:01:32 
jj1 = 197, max_th = 1.239586e+00, time=2024-09-06 19:02:18 
jj1 = 361, max_th = 2.840213e+00, time=2024-09-06 19:02:42 
jj1 = 437, max_th = 2.993922e+00, time=2024-09-06 19:03:29 
jj1 = 121, max_th = 2.327873e+00, time=2024-09-06 19:03:34 
jj1 = 397, max_th = 1.653875e+00, time=2024-09-06 19:04:33 
jj1 = 468, max_th = 1.905283e+00, time=2024-09-06 19:04:58 
jj1 = 511, max_th = 1.694800e+00, time=2024-09-06 19:05:13 
jj1 = 279, max_th = 1.954650e+00, time=2024-09-06 19:05:21 
jj1 = 168, max_th = 2.221142e+00, time=2024-09-06 19:07:02 
jj1 = 240, max_th = 2.375399e+00, time=2024-09-06 19:09:58 
jj1 = 510, max_th = 1.314979e+00, time=2024-09-06 19:10:48 
jj1 = 196, max_th = 1.685110e+00, time=2024-09-06 19:10:51 
jj1 = 120, max_th = 2.302808e+00, time=2024-09-06 19:10:51 
jj1 = 396, max_th = 1.606536e+00, time=2024-09-06 19:11:39 
jj1 = 467, max_th = 1.623998e+00, time=2024-09-06 19:13:18 
jj1 = 360, max_th = 2.082229e+00, time=2024-09-06 19:13:29 
jj1 = 317, max_th = 1.920959e+00, time=2024-09-06 19:13:33 
jj1 = 119, max_th = 2.698029e+00, time=2024-09-06 19:13:59 
jj1 = 118, max_th = 2.962306e+00, time=2024-09-06 19:15:23 
jj1 = 436, max_th = 2.349002e+00, time=2024-09-06 19:16:14 
jj1 = 195, max_th = 1.378934e+00, time=2024-09-06 19:16:25 
jj1 = 316, max_th = 2.877557e+00, time=2024-09-06 19:18:04 
jj1 = 278, max_th = 2.403973e+00, time=2024-09-06 19:18:21 
jj1 = 509, max_th = 2.370824e+00, time=2024-09-06 19:19:05 
jj1 = 167, max_th = 2.301244e+00, time=2024-09-06 19:20:13 
jj1 = 239, max_th = 1.875586e+00, time=2024-09-06 19:20:31 
jj1 = 166, max_th = -3.075774e-02, time=2024-09-06 19:21:02 
jj1 = 395, max_th = 2.061000e+00, time=2024-09-06 19:21:10 
jj1 = 359, max_th = 2.370098e+00, time=2024-09-06 19:21:49 
jj1 = 89, max_th = 1.924370e+00, time=2024-09-06 19:22:18 
jj1 = 88, max_th = -2.585038e-02, time=2024-09-06 19:23:10 
jj1 = 435, max_th = 2.606734e+00, time=2024-09-06 19:25:20 
jj1 = 117, max_th = 2.189187e+00, time=2024-09-06 19:25:32 
jj1 = 508, max_th = 1.678613e+00, time=2024-09-06 19:27:51 
jj1 = 194, max_th = 1.918888e+00, time=2024-09-06 19:28:12 
jj1 = 358, max_th = 2.516653e+00, time=2024-09-06 19:28:39 
jj1 = 238, max_th = 1.659865e+00, time=2024-09-06 19:28:51 
jj1 = 237, max_th = 2.901229e+00, time=2024-09-06 19:30:23 
jj1 = 394, max_th = 2.181515e+00, time=2024-09-06 19:30:48 
jj1 = 393, max_th = -3.021032e-02, time=2024-09-06 19:31:14 
jj1 = 116, max_th = 2.352822e+00, time=2024-09-06 19:32:31 
jj1 = 466, max_th = 2.088611e+00, time=2024-09-06 19:34:04 
jj1 = 277, max_th = 1.951284e+00, time=2024-09-06 19:34:50 
jj1 = 193, max_th = 2.189698e+00, time=2024-09-06 19:37:24 
jj1 = 507, max_th = 2.108821e+00, time=2024-09-06 19:37:28 
jj1 = 115, max_th = 1.369377e+00, time=2024-09-06 19:37:53 
jj1 = 315, max_th = 1.966919e+00, time=2024-09-06 19:38:16 
jj1 = 392, max_th = 2.383368e+00, time=2024-09-06 19:39:00 
jj1 = 165, max_th = 1.954774e+00, time=2024-09-06 19:39:03 
jj1 = 357, max_th = 1.960334e+00, time=2024-09-06 19:40:23 
jj1 = 236, max_th = 1.924058e+00, time=2024-09-06 19:40:53 
jj1 = 192, max_th = 1.417306e+00, time=2024-09-06 19:42:33 
jj1 = 114, max_th = 1.328829e+00, time=2024-09-06 19:43:10 
jj1 = 434, max_th = 1.845183e+00, time=2024-09-06 19:43:40 
jj1 = 87, max_th = 1.925418e+00, time=2024-09-06 19:43:46 
jj1 = 391, max_th = 1.333622e+00, time=2024-09-06 19:45:07 
jj1 = 506, max_th = 2.366875e+00, time=2024-09-06 19:45:20 
jj1 = 314, max_th = 1.313618e+00, time=2024-09-06 19:46:15 
jj1 = 356, max_th = 2.322677e+00, time=2024-09-06 19:49:34 
jj1 = 235, max_th = 1.725113e+00, time=2024-09-06 19:50:08 
jj1 = 113, max_th = 1.900882e+00, time=2024-09-06 19:51:02 
jj1 = 191, max_th = 1.697748e+00, time=2024-09-06 19:51:12 
jj1 = 276, max_th = 1.851972e+00, time=2024-09-06 19:51:29 
jj1 = 86, max_th = 1.344566e+00, time=2024-09-06 19:53:04 
jj1 = 390, max_th = 2.370140e+00, time=2024-09-06 19:53:05 
jj1 = 465, max_th = 2.134593e+00, time=2024-09-06 19:53:14 
jj1 = 505, max_th = 2.369808e+00, time=2024-09-06 19:53:23 
jj1 = 355, max_th = 1.081815e+00, time=2024-09-06 19:54:01 
jj1 = 389, max_th = 9.835668e-01, time=2024-09-06 19:55:08 
jj1 = 190, max_th = 1.349258e+00, time=2024-09-06 19:56:03 
jj1 = 164, max_th = 2.161543e+00, time=2024-09-06 19:58:01 
jj1 = 234, max_th = 2.124644e+00, time=2024-09-06 20:00:39 
jj1 = 354, max_th = 1.552079e+00, time=2024-09-06 20:01:49 
jj1 = 464, max_th = 1.332426e+00, time=2024-09-06 20:02:08 
jj1 = 504, max_th = 2.189959e+00, time=2024-09-06 20:02:35 
jj1 = 433, max_th = 2.170534e+00, time=2024-09-06 20:02:54 
jj1 = 112, max_th = 2.187153e+00, time=2024-09-06 20:03:18 
jj1 = 463, max_th = 3.101588e+00, time=2024-09-06 20:03:24 
jj1 = 388, max_th = 2.322670e+00, time=2024-09-06 20:03:25 
jj1 = 111, max_th = 9.500108e-01, time=2024-09-06 20:04:14 
jj1 = 313, max_th = 1.955941e+00, time=2024-09-06 20:05:10 
jj1 = 189, max_th = 2.078611e+00, time=2024-09-06 20:07:17 
jj1 = 387, max_th = 2.572454e+00, time=2024-09-06 20:08:45 
jj1 = 353, max_th = 1.636928e+00, time=2024-09-06 20:09:45 
jj1 = 503, max_th = 1.609902e+00, time=2024-09-06 20:10:14 
jj1 = 233, max_th = 1.940395e+00, time=2024-09-06 20:10:32 
jj1 = 85, max_th = 1.953523e+00, time=2024-09-06 20:10:38 
jj1 = 386, max_th = 2.737415e+00, time=2024-09-06 20:11:58 
jj1 = 275, max_th = 1.874174e+00, time=2024-09-06 20:12:16 
jj1 = 462, max_th = 2.075252e+00, time=2024-09-06 20:13:44 
jj1 = 110, max_th = 2.112508e+00, time=2024-09-06 20:13:51 
jj1 = 163, max_th = 1.707332e+00, time=2024-09-06 20:14:09 
jj1 = 312, max_th = 1.327644e+00, time=2024-09-06 20:14:47 
jj1 = 352, max_th = 1.654689e+00, time=2024-09-06 20:17:17 
jj1 = 188, max_th = 2.115994e+00, time=2024-09-06 20:17:20 
jj1 = 232, max_th = 2.337428e+00, time=2024-09-06 20:18:42 
jj1 = 502, max_th = 1.886586e+00, time=2024-09-06 20:19:49 
jj1 = 187, max_th = 2.685746e+00, time=2024-09-06 20:21:12 
jj1 = 84, max_th = 1.371888e+00, time=2024-09-06 20:21:34 
jj1 = 385, max_th = 1.910435e+00, time=2024-09-06 20:21:39 
jj1 = 274, max_th = 1.372925e+00, time=2024-09-06 20:23:04 
jj1 = 432, max_th = 2.123269e+00, time=2024-09-06 20:23:04 
jj1 = 231, max_th = 1.344020e+00, time=2024-09-06 20:23:33 
jj1 = 109, max_th = 1.962861e+00, time=2024-09-06 20:23:48 
jj1 = 461, max_th = 1.935218e+00, time=2024-09-06 20:25:38 
jj1 = 162, max_th = 2.524332e+00, time=2024-09-06 20:26:01 
jj1 = 186, max_th = 1.622873e+00, time=2024-09-06 20:29:02 
jj1 = 351, max_th = 1.980587e+00, time=2024-09-06 20:29:17 
jj1 = 384, max_th = 1.687405e+00, time=2024-09-06 20:30:18 
jj1 = 501, max_th = 1.943898e+00, time=2024-09-06 20:30:50 
jj1 = 431, max_th = 2.500223e+00, time=2024-09-06 20:31:32 
jj1 = 185, max_th = 2.731243e+00, time=2024-09-06 20:32:20 
jj1 = 311, max_th = 2.194735e+00, time=2024-09-06 20:32:23 
jj1 = 108, max_th = 2.139902e+00, time=2024-09-06 20:33:07 
jj1 = 83, max_th = 2.446746e+00, time=2024-09-06 20:34:08 
jj1 = 460, max_th = 2.160268e+00, time=2024-09-06 20:34:43 
jj1 = 230, max_th = 2.073571e+00, time=2024-09-06 20:34:45 
jj1 = 350, max_th = 1.650988e+00, time=2024-09-06 20:35:53 
jj1 = 383, max_th = 2.554668e+00, time=2024-09-06 20:35:53 
jj1 = 229, max_th = 9.956954e-01, time=2024-09-06 20:36:57 
jj1 = 184, max_th = 1.363459e+00, time=2024-09-06 20:37:26 
jj1 = 107, max_th = 1.316385e+00, time=2024-09-06 20:37:54 
jj1 = 459, max_th = 2.695547e+00, time=2024-09-06 20:37:57 
jj1 = 310, max_th = 2.720371e+00, time=2024-09-06 20:39:24 
jj1 = 430, max_th = 1.309457e+00, time=2024-09-06 20:39:46 
jj1 = 500, max_th = 2.058252e+00, time=2024-09-06 20:40:32 
jj1 = 106, max_th = 2.771023e+00, time=2024-09-06 20:40:52 
jj1 = 273, max_th = 2.182554e+00, time=2024-09-06 20:42:00 
jj1 = 458, max_th = 2.515427e+00, time=2024-09-06 20:43:51 
jj1 = 382, max_th = 2.411481e+00, time=2024-09-06 20:43:57 
jj1 = 349, max_th = 1.890342e+00, time=2024-09-06 20:45:16 
jj1 = 105, max_th = 1.386393e+00, time=2024-09-06 20:46:13 
jj1 = 499, max_th = 2.349643e+00, time=2024-09-06 20:46:19 
jj1 = 161, max_th = 1.929290e+00, time=2024-09-06 20:46:27 
jj1 = 183, max_th = 1.857581e+00, time=2024-09-06 20:46:44 
jj1 = 228, max_th = 1.914417e+00, time=2024-09-06 20:46:56 
jj1 = 381, max_th = 1.344562e+00, time=2024-09-06 20:48:30 
jj1 = 272, max_th = 1.366659e+00, time=2024-09-06 20:52:13 
jj1 = 457, max_th = 2.161674e+00, time=2024-09-06 20:53:32 
jj1 = 498, max_th = 2.358631e+00, time=2024-09-06 20:53:48 
jj1 = 82, max_th = 1.873080e+00, time=2024-09-06 20:54:24 
jj1 = 104, max_th = 1.666803e+00, time=2024-09-06 20:54:35 
jj1 = 182, max_th = 1.642429e+00, time=2024-09-06 20:54:38 
jj1 = 348, max_th = 1.951526e+00, time=2024-09-06 20:54:54 
jj1 = 456, max_th = 9.195419e-01, time=2024-09-06 20:55:22 
jj1 = 227, max_th = 2.215222e+00, time=2024-09-06 20:56:05 
jj1 = 181, max_th = 8.903605e-01, time=2024-09-06 20:56:11 
jj1 = 160, max_th = 1.357629e+00, time=2024-09-06 20:56:41 
jj1 = 429, max_th = 2.210001e+00, time=2024-09-06 20:57:35 
jj1 = 380, max_th = 1.982784e+00, time=2024-09-06 20:58:56 
jj1 = 347, max_th = 1.352567e+00, time=2024-09-06 20:59:28 
jj1 = 309, max_th = 1.922741e+00, time=2024-09-06 21:00:05 
jj1 = 180, max_th = 1.235094e+00, time=2024-09-06 21:00:13 
jj1 = 497, max_th = 2.554728e+00, time=2024-09-06 21:00:31 
jj1 = 428, max_th = 8.661410e-01, time=2024-09-06 21:00:43 
jj1 = 455, max_th = 2.580470e+00, time=2024-09-06 21:00:59 
jj1 = 226, max_th = 2.561181e+00, time=2024-09-06 21:01:20 
jj1 = 496, max_th = 9.213333e-01, time=2024-09-06 21:02:21 
jj1 = 103, max_th = 2.076265e+00, time=2024-09-06 21:04:58 
jj1 = 225, max_th = 1.394377e+00, time=2024-09-06 21:06:29 
jj1 = 379, max_th = 2.383669e+00, time=2024-09-06 21:06:37 
jj1 = 102, max_th = 2.848631e+00, time=2024-09-06 21:06:51 
jj1 = 159, max_th = 2.559533e+00, time=2024-09-06 21:07:34 
jj1 = 271, max_th = 1.642727e+00, time=2024-09-06 21:07:35 
jj1 = 454, max_th = 1.804307e+00, time=2024-09-06 21:09:14 
jj1 = 179, max_th = 2.137615e+00, time=2024-09-06 21:09:28 
jj1 = 346, max_th = 1.971191e+00, time=2024-09-06 21:09:49 
jj1 = 378, max_th = 2.590442e+00, time=2024-09-06 21:11:32 
jj1 = 178, max_th = 9.718589e-01, time=2024-09-06 21:11:33 
jj1 = 495, max_th = 2.152017e+00, time=2024-09-06 21:11:33 
jj1 = 453, max_th = 2.776913e+00, time=2024-09-06 21:12:09 
jj1 = 81, max_th = 2.170567e+00, time=2024-09-06 21:14:08 
jj1 = 101, max_th = 2.425062e+00, time=2024-09-06 21:14:20 
jj1 = 608, max_th = 1.204044e+00, time=2024-09-06 21:14:52 
jj1 = 224, max_th = 2.287049e+00, time=2024-09-06 21:14:55 
jj1 = 427, max_th = 1.578090e+00, time=2024-09-06 21:15:14 
jj1 = 345, max_th = 1.375661e+00, time=2024-09-06 21:15:26 
jj1 = 308, max_th = 1.617074e+00, time=2024-09-06 21:15:59 
jj1 = 377, max_th = 2.563647e+00, time=2024-09-06 21:16:48 
jj1 = 494, max_th = 2.392524e+00, time=2024-09-06 21:18:51 
jj1 = 100, max_th = 2.609893e+00, time=2024-09-06 21:19:04 
jj1 = 223, max_th = 2.396710e+00, time=2024-09-06 21:21:33 
jj1 = 270, max_th = 1.580694e+00, time=2024-09-06 21:23:12 
jj1 = 452, max_th = 2.147616e+00, time=2024-09-06 21:23:20 
jj1 = 158, max_th = 2.336527e+00, time=2024-09-06 21:23:50 
jj1 = 607, max_th = 2.152604e+00, time=2024-09-06 21:23:50 
jj1 = 344, max_th = 1.723770e+00, time=2024-09-06 21:24:38 
jj1 = 426, max_th = 1.368006e+00, time=2024-09-06 21:25:38 
jj1 = 376, max_th = 1.677922e+00, time=2024-09-06 21:26:28 
jj1 = 606, max_th = 1.303800e+00, time=2024-09-06 21:27:54 
jj1 = 493, max_th = 2.127097e+00, time=2024-09-06 21:28:54 
jj1 = 548, max_th = 1.330090e+00, time=2024-09-06 21:29:04 
jj1 = 269, max_th = 1.299746e+00, time=2024-09-06 21:29:25 
jj1 = 451, max_th = 2.414363e+00, time=2024-09-06 21:30:22 
jj1 = 222, max_th = 1.941250e+00, time=2024-09-06 21:31:16 
jj1 = 343, max_th = 1.690454e+00, time=2024-09-06 21:33:05 
jj1 = 80, max_th = 1.831817e+00, time=2024-09-06 21:33:12 
jj1 = 307, max_th = 2.145641e+00, time=2024-09-06 21:33:41 
jj1 = 605, max_th = 2.436521e+00, time=2024-09-06 21:34:28 
jj1 = 492, max_th = 2.524492e+00, time=2024-09-06 21:35:12 
jj1 = 375, max_th = 2.190210e+00, time=2024-09-06 21:35:48 
jj1 = 157, max_th = 2.398724e+00, time=2024-09-06 21:36:04 
jj1 = 491, max_th = 2.831982e+00, time=2024-09-06 21:37:46 
jj1 = 547, max_th = 2.586344e+00, time=2024-09-06 21:39:04 
jj1 = 668, max_th = 2.160620e+00, time=2024-09-06 21:39:41 
jj1 = 268, max_th = 2.561706e+00, time=2024-09-06 21:39:48 
jj1 = 221, max_th = 1.681584e+00, time=2024-09-06 21:39:50 
jj1 = 156, max_th = 2.766815e+00, time=2024-09-06 21:41:56 
jj1 = 155, max_th = -2.010156e-02, time=2024-09-06 21:42:47 
jj1 = 306, max_th = 1.356333e+00, time=2024-09-06 21:42:48 
jj1 = 267, max_th = 9.591434e-01, time=2024-09-06 21:43:46 
jj1 = 604, max_th = 2.180287e+00, time=2024-09-06 21:44:03 
jj1 = 220, max_th = 1.354258e+00, time=2024-09-06 21:44:18 
jj1 = 425, max_th = 2.161804e+00, time=2024-09-06 21:44:21 
jj1 = 342, max_th = 1.891176e+00, time=2024-09-06 21:45:27 
jj1 = 341, max_th = 3.249455e+00, time=2024-09-06 21:45:43 
jj1 = 603, max_th = 9.021663e-01, time=2024-09-06 21:45:53 
jj1 = 374, max_th = 1.919919e+00, time=2024-09-06 21:46:13 
jj1 = 490, max_th = 1.714552e+00, time=2024-09-06 21:46:33 
jj1 = 667, max_th = 2.142279e+00, time=2024-09-06 21:48:51 
jj1 = 219, max_th = 1.600216e+00, time=2024-09-06 21:49:20 
jj1 = 79, max_th = 2.192164e+00, time=2024-09-06 21:51:12 
jj1 = 546, max_th = 1.594793e+00, time=2024-09-06 21:51:15 
jj1 = 218, max_th = 2.729804e+00, time=2024-09-06 21:52:49 
jj1 = 266, max_th = 1.326713e+00, time=2024-09-06 21:53:40 
jj1 = 340, max_th = 2.318048e+00, time=2024-09-06 21:54:01 
jj1 = 373, max_th = 1.632933e+00, time=2024-09-06 21:54:19 
jj1 = 568, max_th = 1.901028e+00, time=2024-09-06 21:54:27 
jj1 = 602, max_th = 1.695494e+00, time=2024-09-06 21:54:49 
jj1 = 339, max_th = 2.924544e+00, time=2024-09-06 21:55:47 
jj1 = 666, max_th = 2.378298e+00, time=2024-09-06 21:56:41 
jj1 = 338, max_th = 9.575544e-01, time=2024-09-06 21:57:40 
jj1 = 154, max_th = 1.617832e+00, time=2024-09-06 21:58:24 
jj1 = 305, max_th = 2.372489e+00, time=2024-09-06 21:58:38 
jj1 = 567, max_th = 2.551941e+00, time=2024-09-06 21:59:03 
jj1 = 153, max_th = -7.045245e-03, time=2024-09-06 21:59:16 
jj1 = 601, max_th = 1.650791e+00, time=2024-09-06 22:01:03 
jj1 = 545, max_th = 2.067335e+00, time=2024-09-06 22:01:45 
jj1 = 600, max_th = 9.109936e-01, time=2024-09-06 22:02:40 
jj1 = 265, max_th = 1.354858e+00, time=2024-09-06 22:03:08 
jj1 = 688, max_th = 1.824707e+00, time=2024-09-06 22:03:58 
jj1 = 566, max_th = 1.359376e+00, time=2024-09-06 22:04:10 
jj1 = 424, max_th = 1.919195e+00, time=2024-09-06 22:04:40 
jj1 = 423, max_th = 3.241445e+00, time=2024-09-06 22:05:18 
jj1 = 78, max_th = 2.150452e+00, time=2024-09-06 22:05:22 
jj1 = 565, max_th = 8.819226e-01, time=2024-09-06 22:05:26 
jj1 = 337, max_th = 2.369688e+00, time=2024-09-06 22:05:29 
jj1 = 665, max_th = 2.157897e+00, time=2024-09-06 22:05:46 
jj1 = 544, max_th = 1.389707e+00, time=2024-09-06 22:06:59 
jj1 = 217, max_th = 2.129012e+00, time=2024-09-06 22:07:16 
jj1 = 543, max_th = 9.925513e-01, time=2024-09-06 22:09:10 
jj1 = 687, max_th = 1.595073e+00, time=2024-09-06 22:11:00 
jj1 = 564, max_th = 1.624348e+00, time=2024-09-06 22:13:31 
jj1 = 599, max_th = 2.126950e+00, time=2024-09-06 22:13:41 
jj1 = 664, max_th = 2.142919e+00, time=2024-09-06 22:14:38 
jj1 = 422, max_th = 2.566867e+00, time=2024-09-06 22:15:59 
jj1 = 152, max_th = 2.048157e+00, time=2024-09-06 22:16:38 
jj1 = 598, max_th = 1.247745e+00, time=2024-09-06 22:17:02 
jj1 = 628, max_th = 1.885340e+00, time=2024-09-06 22:17:13 
jj1 = 563, max_th = 1.337942e+00, time=2024-09-06 22:18:13 
jj1 = 542, max_th = 2.186748e+00, time=2024-09-06 22:18:34 
jj1 = 304, max_th = 1.864781e+00, time=2024-09-06 22:18:37 
jj1 = 686, max_th = 1.655486e+00, time=2024-09-06 22:18:49 
jj1 = 597, max_th = 1.097040e+00, time=2024-09-06 22:19:57 
jj1 = 264, max_th = 1.678537e+00, time=2024-09-06 22:20:01 
jj1 = 421, max_th = 9.885934e-01, time=2024-09-06 22:20:08 
jj1 = 303, max_th = 2.949889e+00, time=2024-09-06 22:20:38 
jj1 = 336, max_th = 1.630817e+00, time=2024-09-06 22:20:52 
jj1 = 77, max_th = 2.335977e+00, time=2024-09-06 22:21:38 
jj1 = 627, max_th = 2.565755e+00, time=2024-09-06 22:22:16 
jj1 = 663, max_th = 1.726570e+00, time=2024-09-06 22:23:39 
jj1 = 685, max_th = 2.542150e+00, time=2024-09-06 22:24:18 
jj1 = 626, max_th = 2.552838e+00, time=2024-09-06 22:26:55 
jj1 = 562, max_th = 2.174657e+00, time=2024-09-06 22:28:00 
jj1 = 541, max_th = 2.183036e+00, time=2024-09-06 22:28:09 
jj1 = 596, max_th = 1.932910e+00, time=2024-09-06 22:30:55 
jj1 = 684, max_th = 2.383853e+00, time=2024-09-06 22:32:00 
jj1 = 662, max_th = 1.910489e+00, time=2024-09-06 22:32:53 
jj1 = 420, max_th = 1.651386e+00, time=2024-09-06 22:32:54 
jj1 = 540, max_th = 2.561480e+00, time=2024-09-06 22:33:24 
jj1 = 151, max_th = 2.182560e+00, time=2024-09-06 22:35:25 
jj1 = 561, max_th = 2.201033e+00, time=2024-09-06 22:35:29 
jj1 = 625, max_th = 2.103418e+00, time=2024-09-06 22:35:34 
jj1 = 335, max_th = 1.563818e+00, time=2024-09-06 22:35:56 
jj1 = 302, max_th = 2.372087e+00, time=2024-09-06 22:36:31 
jj1 = 263, max_th = 2.318334e+00, time=2024-09-06 22:36:41 
jj1 = 661, max_th = 1.320508e+00, time=2024-09-06 22:37:43 
jj1 = 660, max_th = 3.263347e+00, time=2024-09-06 22:38:02 
jj1 = 539, max_th = 1.333967e+00, time=2024-09-06 22:38:26 
jj1 = 334, max_th = 9.364187e-01, time=2024-09-06 22:39:28 
jj1 = 76, max_th = 1.996109e+00, time=2024-09-06 22:40:03 
jj1 = 683, max_th = 1.948175e+00, time=2024-09-06 22:40:36 
jj1 = 595, max_th = 1.921810e+00, time=2024-09-06 22:41:19 
jj1 = 538, max_th = 1.306151e+00, time=2024-09-06 22:42:20 
jj1 = 301, max_th = 2.702243e+00, time=2024-09-06 22:43:00 
jj1 = 624, max_th = 1.703067e+00, time=2024-09-06 22:43:07 
jj1 = 560, max_th = 1.628089e+00, time=2024-09-06 22:43:22 
jj1 = 537, max_th = 9.517842e-01, time=2024-09-06 22:44:03 
jj1 = 659, max_th = 1.605313e+00, time=2024-09-06 22:45:00 
jj1 = 559, max_th = 9.793846e-01, time=2024-09-06 22:45:31 
jj1 = 623, max_th = 2.752758e+00, time=2024-09-06 22:45:55 
jj1 = 748, max_th = 2.582604e+00, time=2024-09-06 22:49:40 
jj1 = 682, max_th = 2.065862e+00, time=2024-09-06 22:50:45 
jj1 = 594, max_th = 2.168676e+00, time=2024-09-06 22:50:51 
jj1 = 419, max_th = 1.926800e+00, time=2024-09-06 22:54:04 
jj1 = 536, max_th = 1.923235e+00, time=2024-09-06 22:54:13 
jj1 = 747, max_th = 2.749555e+00, time=2024-09-06 22:54:35 
jj1 = 658, max_th = 1.876181e+00, time=2024-09-06 22:54:57 
jj1 = 558, max_th = 2.113272e+00, time=2024-09-06 22:55:24 
jj1 = 150, max_th = 1.876506e+00, time=2024-09-06 22:55:30 
jj1 = 622, max_th = 1.912021e+00, time=2024-09-06 22:55:43 
jj1 = 262, max_th = 1.959436e+00, time=2024-09-06 22:55:44 
jj1 = 75, max_th = 1.638546e+00, time=2024-09-06 22:55:47 
jj1 = 300, max_th = 1.899117e+00, time=2024-09-06 22:58:44 
jj1 = 746, max_th = 9.905789e-01, time=2024-09-06 22:59:06 
jj1 = 74, max_th = 1.297050e+00, time=2024-09-06 22:59:24 
jj1 = 535, max_th = 2.566752e+00, time=2024-09-06 22:59:38 
jj1 = 261, max_th = 1.344114e+00, time=2024-09-06 23:00:00 
jj1 = 534, max_th = 3.111199e+00, time=2024-09-06 23:00:19 
jj1 = 681, max_th = 2.179869e+00, time=2024-09-06 23:00:32 
jj1 = 593, max_th = 2.101096e+00, time=2024-09-06 23:02:27 
jj1 = 657, max_th = 1.614542e+00, time=2024-09-06 23:02:39 
jj1 = 621, max_th = 2.557776e+00, time=2024-09-06 23:04:21 
jj1 = 620, max_th = 1.051234e+00, time=2024-09-06 23:06:40 
jj1 = 533, max_th = 2.417363e+00, time=2024-09-06 23:07:29 
jj1 = 260, max_th = 2.366411e+00, time=2024-09-06 23:07:40 
jj1 = 557, max_th = 2.134678e+00, time=2024-09-06 23:08:27 
jj1 = 680, max_th = 2.331346e+00, time=2024-09-06 23:08:57 
jj1 = 656, max_th = 2.533309e+00, time=2024-09-06 23:09:05 
jj1 = 73, max_th = 1.665634e+00, time=2024-09-06 23:09:26 
jj1 = 149, max_th = 2.367053e+00, time=2024-09-06 23:10:41 
jj1 = 72, max_th = 8.802914e-01, time=2024-09-06 23:10:59 
jj1 = 299, max_th = 1.530489e+00, time=2024-09-06 23:12:58 
jj1 = 418, max_th = 1.875833e+00, time=2024-09-06 23:13:33 
jj1 = 745, max_th = 2.355486e+00, time=2024-09-06 23:14:11 
jj1 = 679, max_th = 1.549503e+00, time=2024-09-06 23:14:13 
jj1 = 532, max_th = 2.358579e+00, time=2024-09-06 23:15:01 
jj1 = 556, max_th = 2.469853e+00, time=2024-09-06 23:15:06 
jj1 = 619, max_th = 2.160189e+00, time=2024-09-06 23:15:54 
jj1 = 655, max_th = 1.637574e+00, time=2024-09-06 23:16:53 
jj1 = 259, max_th = 1.942160e+00, time=2024-09-06 23:17:04 
jj1 = 592, max_th = 2.307207e+00, time=2024-09-06 23:17:46 
jj1 = 678, max_th = 1.219958e+00, time=2024-09-06 23:18:24 
jj1 = 677, max_th = 1.349151e+00, time=2024-09-06 23:22:33 
jj1 = 618, max_th = 1.596984e+00, time=2024-09-06 23:22:48 
jj1 = 531, max_th = 1.853300e+00, time=2024-09-06 23:24:30 
jj1 = 258, max_th = 1.657917e+00, time=2024-09-06 23:24:38 
jj1 = 555, max_th = 2.060389e+00, time=2024-09-06 23:24:57 
jj1 = 654, max_th = 1.947686e+00, time=2024-09-06 23:25:35 
jj1 = 71, max_th = 2.193811e+00, time=2024-09-06 23:25:52 
jj1 = 148, max_th = 2.146838e+00, time=2024-09-06 23:27:24 
jj1 = 744, max_th = 2.403979e+00, time=2024-09-06 23:27:43 
jj1 = 653, max_th = 1.400838e+00, time=2024-09-06 23:29:56 
jj1 = 617, max_th = 1.903040e+00, time=2024-09-06 23:31:27 
jj1 = 676, max_th = 1.939530e+00, time=2024-09-06 23:32:24 
jj1 = 417, max_th = 2.091610e+00, time=2024-09-06 23:32:34 
jj1 = 298, max_th = 1.916722e+00, time=2024-09-06 23:33:07 
jj1 = 652, max_th = 2.549742e+00, time=2024-09-06 23:33:38 
jj1 = 554, max_th = 2.258120e+00, time=2024-09-06 23:33:38 
jj1 = 530, max_th = 1.894998e+00, time=2024-09-06 23:33:47 
jj1 = 257, max_th = 1.935361e+00, time=2024-09-06 23:34:45 
jj1 = 616, max_th = 1.336931e+00, time=2024-09-06 23:36:25 
jj1 = 147, max_th = 2.551642e+00, time=2024-09-06 23:36:29 
jj1 = 591, max_th = 2.140364e+00, time=2024-09-06 23:36:36 
jj1 = 651, max_th = 1.345224e+00, time=2024-09-06 23:38:07 
jj1 = 416, max_th = 2.781233e+00, time=2024-09-06 23:38:18 
jj1 = 615, max_th = 2.856723e+00, time=2024-09-06 23:38:32 
jj1 = 146, max_th = 2.987969e+00, time=2024-09-06 23:39:02 
jj1 = 70, max_th = 2.176442e+00, time=2024-09-06 23:39:50 
jj1 = 675, max_th = 2.358015e+00, time=2024-09-06 23:39:53 
jj1 = 69, max_th = 9.601148e-01, time=2024-09-06 23:41:49 
jj1 = 650, max_th = 1.325007e+00, time=2024-09-06 23:42:48 
jj1 = 529, max_th = 2.185020e+00, time=2024-09-06 23:43:18 
jj1 = 553, max_th = 1.912747e+00, time=2024-09-06 23:43:35 
jj1 = 68, max_th = 9.053266e-01, time=2024-09-06 23:43:44 
jj1 = 256, max_th = 1.564053e+00, time=2024-09-06 23:44:08 
jj1 = 614, max_th = 2.353615e+00, time=2024-09-06 23:45:28 
jj1 = 743, max_th = 1.960155e+00, time=2024-09-06 23:47:39 
jj1 = 674, max_th = 1.629067e+00, time=2024-09-06 23:48:41 
jj1 = 145, max_th = 2.536524e+00, time=2024-09-06 23:50:22 
jj1 = 297, max_th = 2.212684e+00, time=2024-09-06 23:51:17 
jj1 = 552, max_th = 2.378837e+00, time=2024-09-06 23:51:21 
jj1 = 613, max_th = 2.472870e+00, time=2024-09-06 23:52:09 
jj1 = 649, max_th = 1.961249e+00, time=2024-09-06 23:52:24 
jj1 = 415, max_th = 2.141755e+00, time=2024-09-06 23:52:36 
jj1 = 788, max_th = 1.527365e+00, time=2024-09-06 23:52:42 
jj1 = 144, max_th = 8.335524e-01, time=2024-09-06 23:53:26 
jj1 = 551, max_th = 9.678747e-01, time=2024-09-06 23:53:30 
jj1 = 673, max_th = 1.357660e+00, time=2024-09-06 23:53:33 
jj1 = 588, max_th = 1.910099e+00, time=2024-09-06 23:53:43 
jj1 = 798, max_th = 1.264552e+00, time=2024-09-06 23:56:30 
jj1 = 67, max_th = 1.936428e+00, time=2024-09-06 23:56:47 
jj1 = 590, max_th = 1.927276e+00, time=2024-09-06 23:56:57 
jj1 = 296, max_th = 2.760322e+00, time=2024-09-06 23:57:17 
jj1 = 550, max_th = 1.282237e+00, time=2024-09-06 23:58:18 
jj1 = 742, max_th = 2.400676e+00, time=2024-09-06 23:59:02 
jj1 = 612, max_th = 1.652830e+00, time=2024-09-06 23:59:32 
jj1 = 797, max_th = 1.194280e+00, time=2024-09-07 00:00:08 
jj1 = 66, max_th = 2.655889e+00, time=2024-09-07 00:01:19 
jj1 = 587, max_th = 1.797273e+00, time=2024-09-07 00:01:46 
jj1 = 414, max_th = 2.156958e+00, time=2024-09-07 00:02:16 
jj1 = 672, max_th = 2.087852e+00, time=2024-09-07 00:03:10 
jj1 = 787, max_th = 2.514574e+00, time=2024-09-07 00:03:33 
jj1 = 586, max_th = 9.409613e-01, time=2024-09-07 00:03:39 
jj1 = 413, max_th = 9.048302e-01, time=2024-09-07 00:03:54 
jj1 = 589, max_th = 1.164863e+00, time=2024-09-07 00:04:23 
jj1 = 585, max_th = 2.956549e+00, time=2024-09-07 00:05:00 
jj1 = 549, max_th = 2.394692e+00, time=2024-09-07 00:05:19 
jj1 = 808, max_th = 2.950462e+00, time=2024-09-07 00:06:28 
jj1 = 65, max_th = 1.378950e+00, time=2024-09-07 00:06:52 
jj1 = 611, max_th = 1.936421e+00, time=2024-09-07 00:09:31 
jj1 = 796, max_th = 1.959144e+00, time=2024-09-07 00:09:42 
jj1 = 143, max_th = 2.312484e+00, time=2024-09-07 00:09:55 
jj1 = 671, max_th = 2.187993e+00, time=2024-09-07 00:12:25 
jj1 = 412, max_th = 1.846527e+00, time=2024-09-07 00:12:39 
jj1 = 741, max_th = 1.642344e+00, time=2024-09-07 00:13:12 
jj1 = 584, max_th = 1.946241e+00, time=2024-09-07 00:13:52 
jj1 = 795, max_th = 2.635014e+00, time=2024-09-07 00:14:14 
jj1 = 807, max_th = 2.378995e+00, time=2024-09-07 00:14:23 
jj1 = 295, max_th = 2.142505e+00, time=2024-09-07 00:15:13 
jj1 = 670, max_th = 2.735986e+00, time=2024-09-07 00:15:35 
jj1 = 583, max_th = 2.815900e+00, time=2024-09-07 00:16:24 
jj1 = 64, max_th = 2.112625e+00, time=2024-09-07 00:16:30 
jj1 = 786, max_th = 1.875247e+00, time=2024-09-07 00:17:05 
jj1 = 582, max_th = 9.785420e-01, time=2024-09-07 00:18:30 
jj1 = 610, max_th = 1.881477e+00, time=2024-09-07 00:19:42 
jj1 = 669, max_th = 1.273378e+00, time=2024-09-07 00:20:09 
jj1 = 708, max_th = 1.620896e+00, time=2024-09-07 00:20:20 
jj1 = 785, max_th = 1.249170e+00, time=2024-09-07 00:20:35 
jj1 = 707, max_th = 3.110409e+00, time=2024-09-07 00:21:00 
jj1 = 794, max_th = 1.645184e+00, time=2024-09-07 00:21:35 
jj1 = 806, max_th = 2.321206e+00, time=2024-09-07 00:23:18 
jj1 = 778, max_th = 2.021674e+00, time=2024-09-07 00:25:02 
jj1 = 805, max_th = 1.012183e+00, time=2024-09-07 00:25:55 
jj1 = 581, max_th = 2.328895e+00, time=2024-09-07 00:26:43 
jj1 = 63, max_th = 1.873172e+00, time=2024-09-07 00:26:53 
jj1 = 142, max_th = 2.143360e+00, time=2024-09-07 00:27:49 
jj1 = 804, max_th = 2.753129e+00, time=2024-09-07 00:28:45 
jj1 = 818, max_th = 2.317642e+00, time=2024-09-07 00:28:46 
jj1 = 609, max_th = 2.149351e+00, time=2024-09-07 00:28:48 
jj1 = 803, max_th = -1.551664e-02, time=2024-09-07 00:29:12 
jj1 = 793, max_th = 2.344648e+00, time=2024-09-07 00:29:24 
jj1 = 706, max_th = 2.204644e+00, time=2024-09-07 00:29:35 
jj1 = 817, max_th = 7.358312e-01, time=2024-09-07 00:29:55 
jj1 = 784, max_th = 1.913779e+00, time=2024-09-07 00:30:22 
jj1 = 648, max_th = 1.606234e+00, time=2024-09-07 00:30:37 
jj1 = 792, max_th = 9.246933e-01, time=2024-09-07 00:31:21 
jj1 = 740, max_th = 1.910862e+00, time=2024-09-07 00:32:33 
jj1 = 580, max_th = 1.656243e+00, time=2024-09-07 00:34:20 
jj1 = 62, max_th = 1.641728e+00, time=2024-09-07 00:34:30 
jj1 = 777, max_th = 2.578755e+00, time=2024-09-07 00:35:21 
jj1 = 791, max_th = 2.399488e+00, time=2024-09-07 00:36:48 
jj1 = 776, max_th = 3.083807e+00, time=2024-09-07 00:36:58 
jj1 = 816, max_th = 1.697417e+00, time=2024-09-07 00:37:27 
jj1 = 705, max_th = 2.371387e+00, time=2024-09-07 00:37:39 
jj1 = 783, max_th = 1.654172e+00, time=2024-09-07 00:37:43 
jj1 = 802, max_th = 2.165574e+00, time=2024-09-07 00:38:47 
jj1 = 815, max_th = 2.744077e+00, time=2024-09-07 00:40:25 
jj1 = 647, max_th = 2.529604e+00, time=2024-09-07 00:42:16 
jj1 = 828, max_th = 2.130161e+00, time=2024-09-07 00:42:16 
jj1 = 704, max_th = 1.312020e+00, time=2024-09-07 00:42:18 
jj1 = 579, max_th = 1.867582e+00, time=2024-09-07 00:44:30 
jj1 = 782, max_th = 1.702538e+00, time=2024-09-07 00:45:05 
jj1 = 61, max_th = 2.515199e+00, time=2024-09-07 00:45:25 
jj1 = 790, max_th = 1.857017e+00, time=2024-09-07 00:45:42 
jj1 = 801, max_th = 2.303764e+00, time=2024-09-07 00:46:27 
jj1 = 703, max_th = 1.354858e+00, time=2024-09-07 00:47:03 
jj1 = 141, max_th = 2.165979e+00, time=2024-09-07 00:47:29 
jj1 = 814, max_th = 1.711192e+00, time=2024-09-07 00:48:45 
jj1 = 789, max_th = 2.560410e+00, time=2024-09-07 00:50:46 
jj1 = 140, max_th = 8.913162e-01, time=2024-09-07 00:50:47 
jj1 = 827, max_th = 2.193832e+00, time=2024-09-07 00:51:05 
jj1 = 739, max_th = 1.941314e+00, time=2024-09-07 00:52:03 
jj1 = 868, max_th = 9.594102e-01, time=2024-09-07 00:52:42 
jj1 = 702, max_th = 1.552281e+00, time=2024-09-07 00:53:00 
jj1 = 578, max_th = 2.324223e+00, time=2024-09-07 00:53:20 
jj1 = 775, max_th = 1.947495e+00, time=2024-09-07 00:54:06 
jj1 = 800, max_th = 1.902026e+00, time=2024-09-07 00:55:02 
jj1 = 781, max_th = 1.894424e+00, time=2024-09-07 00:56:26 
jj1 = 813, max_th = 1.351330e+00, time=2024-09-07 00:56:39 
jj1 = 738, max_th = 2.761212e+00, time=2024-09-07 00:58:42 
jj1 = 799, max_th = 1.246694e+00, time=2024-09-07 00:59:02 
jj1 = 867, max_th = 2.384188e+00, time=2024-09-07 01:00:08 
jj1 = 646, max_th = 1.895437e+00, time=2024-09-07 01:00:29 
jj1 = 577, max_th = 1.592543e+00, time=2024-09-07 01:00:47 
jj1 = 826, max_th = 2.189814e+00, time=2024-09-07 01:01:53 
jj1 = 866, max_th = 2.694934e+00, time=2024-09-07 01:03:29 
jj1 = 645, max_th = 8.736688e-01, time=2024-09-07 01:03:31 
jj1 = 768, max_th = 2.169756e+00, time=2024-09-07 01:04:34 
jj1 = 780, max_th = 1.359796e+00, time=2024-09-07 01:06:14 
jj1 = 812, max_th = 2.052025e+00, time=2024-09-07 01:06:14 
jj1 = 774, max_th = 2.430317e+00, time=2024-09-07 01:08:16 
jj1 = 701, max_th = 1.977575e+00, time=2024-09-07 01:08:24 
jj1 = 139, max_th = 2.185992e+00, time=2024-09-07 01:09:30 
jj1 = 576, max_th = 2.105655e+00, time=2024-09-07 01:09:37 
jj1 = 825, max_th = 2.342349e+00, time=2024-09-07 01:11:43 
jj1 = 865, max_th = 1.853640e+00, time=2024-09-07 01:12:09 
jj1 = 644, max_th = 2.565590e+00, time=2024-09-07 01:14:17 
jj1 = 811, max_th = 2.156031e+00, time=2024-09-07 01:15:08 
jj1 = 864, max_th = 2.683558e+00, time=2024-09-07 01:16:02 
jj1 = 888, max_th = 2.192177e+00, time=2024-09-07 01:16:39 
jj1 = 824, max_th = 2.569338e+00, time=2024-09-07 01:17:15 
jj1 = 737, max_th = 2.193580e+00, time=2024-09-07 01:17:47 
jj1 = 767, max_th = 1.698799e+00, time=2024-09-07 01:18:25 
jj1 = 779, max_th = 2.387609e+00, time=2024-09-07 01:21:01 
jj1 = 575, max_th = 2.388319e+00, time=2024-09-07 01:21:47 
jj1 = 700, max_th = 1.514779e+00, time=2024-09-07 01:21:55 
jj1 = 810, max_th = 2.333004e+00, time=2024-09-07 01:23:26 
jj1 = 773, max_th = 2.336698e+00, time=2024-09-07 01:23:52 
jj1 = 863, max_th = 1.689223e+00, time=2024-09-07 01:24:11 
jj1 = 823, max_th = 1.666040e+00, time=2024-09-07 01:25:40 
jj1 = 862, max_th = 2.922018e+00, time=2024-09-07 01:25:55 
jj1 = 809, max_th = 2.572436e+00, time=2024-09-07 01:28:41 
jj1 = 643, max_th = 1.703644e+00, time=2024-09-07 01:29:34 
jj1 = 728, max_th = 1.981425e+00, time=2024-09-07 01:30:02 
jj1 = 574, max_th = 2.605282e+00, time=2024-09-07 01:30:38 
jj1 = 772, max_th = 2.595919e+00, time=2024-09-07 01:32:39 
jj1 = 861, max_th = 2.306756e+00, time=2024-09-07 01:33:18 
jj1 = 822, max_th = 1.703720e+00, time=2024-09-07 01:33:33 
jj1 = 887, max_th = 2.160735e+00, time=2024-09-07 01:35:19 
jj1 = 766, max_th = 1.673973e+00, time=2024-09-07 01:35:38 
jj1 = 699, max_th = 2.150857e+00, time=2024-09-07 01:36:32 
jj1 = 821, max_th = 1.227991e+00, time=2024-09-07 01:37:14 
jj1 = 736, max_th = 2.185124e+00, time=2024-09-07 01:38:04 
jj1 = 903, max_th = 2.132634e+00, time=2024-09-07 01:38:41 
jj1 = 848, max_th = 1.855985e+00, time=2024-09-07 01:39:19 
jj1 = 642, max_th = 2.561010e+00, time=2024-09-07 01:39:52 
jj1 = 820, max_th = 2.686701e+00, time=2024-09-07 01:41:02 
jj1 = 573, max_th = 1.698133e+00, time=2024-09-07 01:41:32 
jj1 = 860, max_th = 1.674595e+00, time=2024-09-07 01:42:05 
jj1 = 847, max_th = 9.849142e-01, time=2024-09-07 01:43:03 
jj1 = 727, max_th = 2.246493e+00, time=2024-09-07 01:46:08 
jj1 = 819, max_th = 2.544539e+00, time=2024-09-07 01:46:42 
jj1 = 771, max_th = 2.363827e+00, time=2024-09-07 01:47:54 
jj1 = 859, max_th = 2.489029e+00, time=2024-09-07 01:48:19 
jj1 = 902, max_th = 2.080733e+00, time=2024-09-07 01:48:21 
jj1 = 726, max_th = 8.895240e-01, time=2024-09-07 01:49:05 
jj1 = 846, max_th = 1.628404e+00, time=2024-09-07 01:51:15 
jj1 = 698, max_th = 2.356364e+00, time=2024-09-07 01:51:27 
jj1 = 770, max_th = 9.781306e-01, time=2024-09-07 01:52:02 
jj1 = 572, max_th = 1.938817e+00, time=2024-09-07 01:52:51 
jj1 = 765, max_th = 2.211226e+00, time=2024-09-07 01:53:43 
jj1 = 735, max_th = 2.295368e+00, time=2024-09-07 01:54:22 
jj1 = 886, max_th = 1.835257e+00, time=2024-09-07 01:54:46 
jj1 = 845, max_th = 1.297290e+00, time=2024-09-07 01:55:16 
jj1 = 908, max_th = 2.028831e+00, time=2024-09-07 01:57:07 
jj1 = 641, max_th = 2.192643e+00, time=2024-09-07 01:57:14 
jj1 = 725, max_th = 2.676176e+00, time=2024-09-07 01:57:20 
jj1 = 901, max_th = 2.106083e+00, time=2024-09-07 01:57:37 
jj1 = 918, max_th = 2.179252e+00, time=2024-09-07 01:57:58 
jj1 = 571, max_th = 1.554159e+00, time=2024-09-07 01:58:22 
jj1 = 907, max_th = 1.355825e+00, time=2024-09-07 02:01:56 
jj1 = 917, max_th = 1.345983e+00, time=2024-09-07 02:02:33 
jj1 = 570, max_th = 2.590460e+00, time=2024-09-07 02:03:05 
jj1 = 844, max_th = 1.862890e+00, time=2024-09-07 02:04:48 
jj1 = 734, max_th = 1.324190e+00, time=2024-09-07 02:05:23 
jj1 = 900, max_th = 2.209910e+00, time=2024-09-07 02:06:33 
jj1 = 916, max_th = 1.372849e+00, time=2024-09-07 02:07:59 
jj1 = 769, max_th = 1.707038e+00, time=2024-09-07 02:08:10 
jj1 = 899, max_th = 8.932952e-01, time=2024-09-07 02:08:11 
jj1 = 569, max_th = 2.389378e+00, time=2024-09-07 02:10:25 
jj1 = 697, max_th = 1.936852e+00, time=2024-09-07 02:10:46 
jj1 = 906, max_th = 2.170675e+00, time=2024-09-07 02:11:51 
jj1 = 733, max_th = 2.741927e+00, time=2024-09-07 02:12:06 
jj1 = 858, max_th = 9.855851e-01, time=2024-09-07 02:12:33 
jj1 = 764, max_th = 1.919734e+00, time=2024-09-07 02:13:45 
jj1 = 885, max_th = 1.941778e+00, time=2024-09-07 02:13:47 
jj1 = 640, max_th = 1.679153e+00, time=2024-09-07 02:14:17 
jj1 = 938, max_th = 2.415686e+00, time=2024-09-07 02:15:02 
jj1 = 915, max_th = 1.949051e+00, time=2024-09-07 02:15:46 
jj1 = 724, max_th = 1.915269e+00, time=2024-09-07 02:16:46 
jj1 = 878, max_th = 1.399294e+00, time=2024-09-07 02:16:52 
jj1 = 696, max_th = 1.209062e+00, time=2024-09-07 02:18:35 
jj1 = 843, max_th = 1.557586e+00, time=2024-09-07 02:19:26 
jj1 = 877, max_th = 2.910084e+00, time=2024-09-07 02:20:17 
jj1 = 905, max_th = 1.984006e+00, time=2024-09-07 02:22:02 
jj1 = 857, max_th = 2.182734e+00, time=2024-09-07 02:22:06 
jj1 = 639, max_th = 2.606911e+00, time=2024-09-07 02:23:22 
jj1 = 856, max_th = 9.507964e-01, time=2024-09-07 02:23:41 
jj1 = 842, max_th = 2.698520e+00, time=2024-09-07 02:25:52 
jj1 = 937, max_th = 2.116067e+00, time=2024-09-07 02:25:53 
jj1 = 884, max_th = 1.950109e+00, time=2024-09-07 02:26:05 
jj1 = 914, max_th = 2.156730e+00, time=2024-09-07 02:26:28 
jj1 = 904, max_th = 2.558750e+00, time=2024-09-07 02:27:21 
jj1 = 883, max_th = 2.825480e+00, time=2024-09-07 02:31:23 
jj1 = 732, max_th = 1.760968e+00, time=2024-09-07 02:31:34 
jj1 = 936, max_th = 2.507575e+00, time=2024-09-07 02:31:37 
jj1 = 855, max_th = 2.153270e+00, time=2024-09-07 02:32:19 
jj1 = 763, max_th = 2.123431e+00, time=2024-09-07 02:34:03 
jj1 = 876, max_th = 1.560796e+00, time=2024-09-07 02:35:08 
jj1 = 943, max_th = 1.897821e+00, time=2024-09-07 02:35:31 
jj1 = 723, max_th = 1.820748e+00, time=2024-09-07 02:35:50 
jj1 = 841, max_th = 1.700455e+00, time=2024-09-07 02:35:50 
jj1 = 695, max_th = 1.981855e+00, time=2024-09-07 02:38:42 
jj1 = 935, max_th = 2.195472e+00, time=2024-09-07 02:40:00 
jj1 = 854, max_th = 2.284641e+00, time=2024-09-07 02:40:33 
jj1 = 638, max_th = 1.718664e+00, time=2024-09-07 02:40:57 
jj1 = 840, max_th = 2.574943e+00, time=2024-09-07 02:41:02 
jj1 = 762, max_th = 1.287986e+00, time=2024-09-07 02:43:05 
jj1 = 942, max_th = 1.681623e+00, time=2024-09-07 02:43:56 
jj1 = 722, max_th = 2.606703e+00, time=2024-09-07 02:44:31 
jj1 = 948, max_th = 1.933538e+00, time=2024-09-07 02:45:31 
jj1 = 694, max_th = 2.619405e+00, time=2024-09-07 02:47:54 
jj1 = 839, max_th = 2.420043e+00, time=2024-09-07 02:48:16 
jj1 = 934, max_th = 1.668729e+00, time=2024-09-07 02:48:23 
jj1 = 882, max_th = 1.793317e+00, time=2024-09-07 02:48:41 
jj1 = 853, max_th = 2.197034e+00, time=2024-09-07 02:48:47 
jj1 = 941, max_th = 1.363104e+00, time=2024-09-07 02:48:59 
jj1 = 956, max_th = 2.709122e+00, time=2024-09-07 02:51:52 
jj1 = 731, max_th = 1.967126e+00, time=2024-09-07 02:53:28 
jj1 = 875, max_th = 2.108880e+00, time=2024-09-07 02:54:01 
jj1 = 933, max_th = 1.604700e+00, time=2024-09-07 02:55:26 
jj1 = 940, max_th = 1.897700e+00, time=2024-09-07 02:57:26 
jj1 = 852, max_th = 2.115133e+00, time=2024-09-07 02:58:01 
jj1 = 637, max_th = 1.961850e+00, time=2024-09-07 03:00:51 
jj1 = 955, max_th = 2.230695e+00, time=2024-09-07 03:01:16 
jj1 = 947, max_th = 2.330763e+00, time=2024-09-07 03:01:52 
jj1 = 721, max_th = 2.055344e+00, time=2024-09-07 03:02:04 
jj1 = 932, max_th = 1.555371e+00, time=2024-09-07 03:02:05 
jj1 = 730, max_th = 2.683794e+00, time=2024-09-07 03:02:25 
jj1 = 761, max_th = 2.117954e+00, time=2024-09-07 03:03:01 
jj1 = 881, max_th = 1.646917e+00, time=2024-09-07 03:03:01 
jj1 = 880, max_th = -5.524075e-02, time=2024-09-07 03:03:44 
jj1 = 939, max_th = 1.624436e+00, time=2024-09-07 03:05:33 
jj1 = 693, max_th = 1.939029e+00, time=2024-09-07 03:06:46 
jj1 = 851, max_th = 1.871339e+00, time=2024-09-07 03:07:56 
jj1 = 954, max_th = 1.686003e+00, time=2024-09-07 03:09:50 
jj1 = 874, max_th = 1.679152e+00, time=2024-09-07 03:10:50 
jj1 = 636, max_th = 1.407817e+00, time=2024-09-07 03:11:30 
jj1 = 931, max_th = 1.861343e+00, time=2024-09-07 03:11:35 
jj1 = 953, max_th = 9.817332e-01, time=2024-09-07 03:12:02 
jj1 = 760, max_th = 1.273557e+00, time=2024-09-07 03:12:17 
jj1 = 946, max_th = 1.375313e+00, time=2024-09-07 03:12:32 
jj1 = 759, max_th = -1.053812e-01, time=2024-09-07 03:12:51 
jj1 = 968, max_th = 1.579282e+00, time=2024-09-07 03:13:53 
jj1 = 850, max_th = 1.593247e+00, time=2024-09-07 03:14:55 
jj1 = 849, max_th = 8.670957e-01, time=2024-09-07 03:16:19 
jj1 = 758, max_th = 2.863070e+00, time=2024-09-07 03:17:22 
jj1 = 930, max_th = 2.202475e+00, time=2024-09-07 03:19:45 
jj1 = 720, max_th = 2.103421e+00, time=2024-09-07 03:19:56 
jj1 = 729, max_th = 2.155810e+00, time=2024-09-07 03:20:56 
jj1 = 692, max_th = 1.533974e+00, time=2024-09-07 03:21:07 
jj1 = 879, max_th = 1.672298e+00, time=2024-09-07 03:21:09 
jj1 = 967, max_th = 1.531923e+00, time=2024-09-07 03:21:15 
jj1 = 929, max_th = 2.847634e+00, time=2024-09-07 03:21:44 
jj1 = 976, max_th = 1.882110e+00, time=2024-09-07 03:22:14 
jj1 = 966, max_th = 3.062747e+00, time=2024-09-07 03:22:47 
jj1 = 960, max_th = 1.845902e+00, time=2024-09-07 03:24:11 
jj1 = 635, max_th = 2.189272e+00, time=2024-09-07 03:24:37 
jj1 = 959, max_th = 8.083284e-01, time=2024-09-07 03:25:49 
jj1 = 873, max_th = 1.631277e+00, time=2024-09-07 03:27:03 
jj1 = 691, max_th = 2.727742e+00, time=2024-09-07 03:28:07 
jj1 = 975, max_th = 2.493314e+00, time=2024-09-07 03:28:13 
jj1 = 945, max_th = 1.853673e+00, time=2024-09-07 03:29:47 
jj1 = 923, max_th = 1.329618e+00, time=2024-09-07 03:30:36 
jj1 = 965, max_th = 1.664115e+00, time=2024-09-07 03:30:36 
jj1 = 634, max_th = 2.345667e+00, time=2024-09-07 03:31:44 
jj1 = 838, max_th = 2.128910e+00, time=2024-09-07 03:33:27 
jj1 = 757, max_th = 1.897713e+00, time=2024-09-07 03:34:01 
jj1 = 958, max_th = 2.106160e+00, time=2024-09-07 03:34:56 
jj1 = 633, max_th = 1.189254e+00, time=2024-09-07 03:35:34 
jj1 = 719, max_th = 1.620785e+00, time=2024-09-07 03:35:47 
jj1 = 957, max_th = 8.696291e-01, time=2024-09-07 03:36:15 
jj1 = 980, max_th = 2.494382e+00, time=2024-09-07 03:36:21 
jj1 = 974, max_th = 2.287012e+00, time=2024-09-07 03:36:47 
jj1 = 988, max_th = 8.692855e-01, time=2024-09-07 03:37:36 
jj1 = 837, max_th = 1.252914e+00, time=2024-09-07 03:37:45 
jj1 = 836, max_th = -5.410749e-03, time=2024-09-07 03:38:14 
jj1 = 922, max_th = 1.262054e+00, time=2024-09-07 03:38:28 
jj1 = 632, max_th = 1.281776e+00, time=2024-09-07 03:40:24 
jj1 = 972, max_th = 2.137120e+00, time=2024-09-07 03:40:57 
jj1 = 973, max_th = 1.320137e+00, time=2024-09-07 03:41:43 
jj1 = 979, max_th = 1.354608e+00, time=2024-09-07 03:42:04 
jj1 = 872, max_th = 1.667508e+00, time=2024-09-07 03:43:25 
jj1 = 690, max_th = 1.635274e+00, time=2024-09-07 03:44:18 
jj1 = 718, max_th = 1.293899e+00, time=2024-09-07 03:44:20 
jj1 = 944, max_th = 1.633511e+00, time=2024-09-07 03:45:32 
jj1 = 631, max_th = 1.387195e+00, time=2024-09-07 03:45:41 
jj1 = 987, max_th = 2.168994e+00, time=2024-09-07 03:47:04 
jj1 = 835, max_th = 1.659358e+00, time=2024-09-07 03:47:05 
jj1 = 717, max_th = 2.920393e+00, time=2024-09-07 03:47:49 
jj1 = 756, max_th = 1.666179e+00, time=2024-09-07 03:50:17 
jj1 = 984, max_th = 1.667590e+00, time=2024-09-07 03:50:18 
jj1 = 871, max_th = 1.296454e+00, time=2024-09-07 03:51:48 
jj1 = 921, max_th = 1.699169e+00, time=2024-09-07 03:52:03 
jj1 = 971, max_th = 2.509190e+00, time=2024-09-07 03:52:48 
jj1 = 978, max_th = 1.939470e+00, time=2024-09-07 03:52:51 
jj1 = 834, max_th = 1.344014e+00, time=2024-09-07 03:53:19 
jj1 = 986, max_th = 1.566595e+00, time=2024-09-07 03:54:18 
jj1 = 630, max_th = 2.318077e+00, time=2024-09-07 03:55:11 
jj1 = 977, max_th = 2.768073e+00, time=2024-09-07 03:55:47 
jj1 = 983, max_th = 1.692564e+00, time=2024-09-07 03:58:27 
jj1 = 629, max_th = 1.323738e+00, time=2024-09-07 04:00:17 
jj1 = 964, max_th = 2.198660e+00, time=2024-09-07 04:00:36 
jj1 = 998, max_th = 1.647490e+00, time=2024-09-07 04:02:55 
jj1 = 716, max_th = 1.643055e+00, time=2024-09-07 04:03:01 
jj1 = 689, max_th = 1.859857e+00, time=2024-09-07 04:03:13 
jj1 = 870, max_th = 2.188607e+00, time=2024-09-07 04:05:17 
jj1 = 985, max_th = 1.873722e+00, time=2024-09-07 04:05:30 
jj1 = 999, max_th = -1.557720e-02, time=2024-09-07 04:05:56 
jj1 = 755, max_th = 1.623085e+00, time=2024-09-07 04:06:09 
jj1 = 833, max_th = 2.172276e+00, time=2024-09-07 04:06:40 
jj1 = 920, max_th = 2.116368e+00, time=2024-09-07 04:09:09 
jj1 = 898, max_th = 1.604049e+00, time=2024-09-07 04:09:53 
jj1 = 982, max_th = 1.691835e+00, time=2024-09-07 04:11:45 
jj1 = 970, max_th = 1.927282e+00, time=2024-09-07 04:13:18 
jj1 = 919, max_th = 2.502456e+00, time=2024-09-07 04:14:32 
jj1 = 869, max_th = 2.166029e+00, time=2024-09-07 04:15:02 
jj1 = 996, max_th = 8.163484e-01, time=2024-09-07 04:15:53 
jj1 = 897, max_th = 2.434337e+00, time=2024-09-07 04:16:37 
jj1 = 995, max_th = 2.934281e+00, time=2024-09-07 04:17:05 
jj1 = 715, max_th = 2.419523e+00, time=2024-09-07 04:17:20 
jj1 = 754, max_th = 2.377052e+00, time=2024-09-07 04:17:53 
jj1 = 963, max_th = 2.219798e+00, time=2024-09-07 04:19:04 
jj1 = 893, max_th = 1.806609e+00, time=2024-09-07 04:20:07 
jj1 = 896, max_th = 2.514339e+00, time=2024-09-07 04:22:15 
jj1 = 952, max_th = 1.772376e+00, time=2024-09-07 04:24:52 
jj1 = 832, max_th = 1.857151e+00, time=2024-09-07 04:25:18 
jj1 = 895, max_th = 2.696644e+00, time=2024-09-07 04:25:31 
jj1 = 969, max_th = 1.648529e+00, time=2024-09-07 04:26:02 
jj1 = 994, max_th = 1.963280e+00, time=2024-09-07 04:27:20 
jj1 = 981, max_th = 2.188658e+00, time=2024-09-07 04:29:56 
jj1 = 753, max_th = 1.885783e+00, time=2024-09-07 04:30:07 
jj1 = 951, max_th = 1.603761e+00, time=2024-09-07 04:31:22 
jj1 = 894, max_th = 2.349424e+00, time=2024-09-07 04:31:21 
jj1 = 962, max_th = 1.704371e+00, time=2024-09-07 04:34:31 
jj1 = 993, max_th = 1.638414e+00, time=2024-09-07 04:35:06 
jj1 = 950, max_th = 1.348667e+00, time=2024-09-07 04:35:32 
jj1 = 752, max_th = 2.398686e+00, time=2024-09-07 04:35:57 
jj1 = 714, max_th = 1.907890e+00, time=2024-09-07 04:36:02 
jj1 = 892, max_th = 1.910222e+00, time=2024-09-07 04:39:23 
jj1 = 949, max_th = 1.338466e+00, time=2024-09-07 04:40:22 
jj1 = 961, max_th = 2.735406e+00, time=2024-09-07 04:41:09 
jj1 = 997, max_th = 2.197478e+00, time=2024-09-07 04:42:11 
jj1 = 831, max_th = 1.933913e+00, time=2024-09-07 04:43:03 
jj1 = 891, max_th = 1.395679e+00, time=2024-09-07 04:45:07 
jj1 = 1000, max_th = 2.111351e+00, time=2024-09-07 04:48:57 
jj1 = 830, max_th = 2.341738e+00, time=2024-09-07 04:50:45 
jj1 = 890, max_th = 1.349074e+00, time=2024-09-07 04:51:02 
jj1 = 751, max_th = 1.911938e+00, time=2024-09-07 04:51:39 
jj1 = 750, max_th = 2.905782e+00, time=2024-09-07 04:54:56 
jj1 = 713, max_th = 1.887672e+00, time=2024-09-07 04:55:15 
jj1 = 829, max_th = 1.928181e+00, time=2024-09-07 05:03:59 
jj1 = 992, max_th = -2.541602e-01, time=2024-09-07 05:04:15 
jj1 = 712, max_th = 1.360291e+00, time=2024-09-07 05:05:36 
jj1 = 749, max_th = 2.129718e+00, time=2024-09-07 05:06:00 
jj1 = 889, max_th = 1.660807e+00, time=2024-09-07 05:06:46 
jj1 = 913, max_th = 1.685064e+00, time=2024-09-07 05:14:15 
jj1 = 711, max_th = 1.636101e+00, time=2024-09-07 05:15:53 
jj1 = 991, max_th = 1.875603e+00, time=2024-09-07 05:20:53 
jj1 = 710, max_th = 1.339889e+00, time=2024-09-07 05:20:57 
jj1 = 912, max_th = 2.363728e+00, time=2024-09-07 05:21:48 
jj1 = 709, max_th = 2.685899e+00, time=2024-09-07 05:24:59 
jj1 = 928, max_th = 2.791673e+00, time=2024-09-07 05:27:31 
jj1 = 911, max_th = 2.141074e+00, time=2024-09-07 05:31:44 
jj1 = 927, max_th = 2.322821e+00, time=2024-09-07 05:35:37 
jj1 = 990, max_th = 2.246997e+00, time=2024-09-07 05:35:38 
jj1 = 910, max_th = 2.517347e+00, time=2024-09-07 05:38:39 
jj1 = 909, max_th = 9.623799e-01, time=2024-09-07 05:40:27 
jj1 = 989, max_th = 2.518995e+00, time=2024-09-07 05:42:10 
jj1 = 926, max_th = 1.876828e+00, time=2024-09-07 05:45:05 
jj1 = 925, max_th = 2.421510e+00, time=2024-09-07 05:51:53 
jj1 = 924, max_th = 1.340967e+00, time=2024-09-07 05:56:07 
>> >> >> >> >> >> >> >> 