MATLAB is selecting SOFTWARE OPENGL rendering.

                            < M A T L A B (R) >
                  Copyright 1984-2021 The MathWorks, Inc.
                  R2021b (9.11.0.1769968) 64-bit (glnxa64)
                             September 17, 2021

 
To get started, type doc.
For product information, visit www.mathworks.com.
 
>> >> >> >> >> >> >> >> >> >> >> >> >> >> >> >> >> >> >> >> >> >> >> >> Starting parallel pool (parpool) using the 'local' profile ...
Connected to the parallel pool (number of workers: 12).
jj1 = 30, max_th = -1.915728e+00, time=2024-09-06 16:13:21 
jj1 = 15, max_th = 1.107204e+00, time=2024-09-06 16:14:25 
jj1 = 35, max_th = 7.422775e-01, time=2024-09-06 16:14:25 
jj1 = 60, max_th = 2.704554e+00, time=2024-09-06 16:17:45 
jj1 = 10, max_th = 1.557618e+00, time=2024-09-06 16:19:46 
jj1 = 5, max_th = 2.095383e+00, time=2024-09-06 16:21:29 
jj1 = 25, max_th = 2.058945e+00, time=2024-09-06 16:23:02 
jj1 = 40, max_th = 1.338939e+00, time=2024-09-06 16:23:39 
jj1 = 29, max_th = 2.104656e+00, time=2024-09-06 16:23:42 
jj1 = 50, max_th = 1.832730e+00, time=2024-09-06 16:26:37 
jj1 = 34, max_th = 2.258471e+00, time=2024-09-06 16:26:58 
jj1 = 24, max_th = 2.448676e+00, time=2024-09-06 16:28:18 
jj1 = 20, max_th = 2.367890e+00, time=2024-09-06 16:28:33 
jj1 = 9, max_th = 1.370004e+00, time=2024-09-06 16:28:34 
jj1 = 55, max_th = 2.036896e+00, time=2024-09-06 16:29:21 
jj1 = 33, max_th = 1.210279e+00, time=2024-09-06 16:29:40 
jj1 = 28, max_th = 1.066250e+00, time=2024-09-06 16:31:04 
jj1 = 4, max_th = 2.031007e+00, time=2024-09-06 16:33:08 
jj1 = 3, max_th = 7.468661e-01, time=2024-09-06 16:33:51 
jj1 = 59, max_th = 1.725372e+00, time=2024-09-06 16:34:20 
jj1 = 14, max_th = 1.695195e+00, time=2024-09-06 16:34:23 
jj1 = 39, max_th = 2.401593e+00, time=2024-09-06 16:34:36 
jj1 = 54, max_th = 1.268834e+00, time=2024-09-06 16:36:19 
jj1 = 23, max_th = 2.493032e+00, time=2024-09-06 16:36:28 
jj1 = 45, max_th = 2.205299e+00, time=2024-09-06 16:36:41 
jj1 = 44, max_th = 3.056481e+00, time=2024-09-06 16:37:22 
jj1 = 32, max_th = 2.522973e+00, time=2024-09-06 16:37:31 
jj1 = 2, max_th = 2.861032e+00, time=2024-09-06 16:37:33 
jj1 = 49, max_th = 2.349587e+00, time=2024-09-06 16:38:16 
jj1 = 19, max_th = 2.261822e+00, time=2024-09-06 16:39:48 
jj1 = 43, max_th = 2.913577e+00, time=2024-09-06 16:41:04 
jj1 = 38, max_th = 1.111826e+00, time=2024-09-06 16:41:31 
jj1 = 31, max_th = 2.531400e+00, time=2024-09-06 16:43:10 
jj1 = 8, max_th = 1.981007e+00, time=2024-09-06 16:43:14 
jj1 = 7, max_th = 2.961968e+00, time=2024-09-06 16:45:08 
jj1 = 27, max_th = 1.610357e+00, time=2024-09-06 16:47:07 
jj1 = 18, max_th = 2.827200e+00, time=2024-09-06 16:48:27 
jj1 = 13, max_th = 2.577566e+00, time=2024-09-06 16:50:17 
jj1 = 333, max_th = 2.609769e+00, time=2024-09-06 16:54:03 
jj1 = 26, max_th = 1.279709e+00, time=2024-09-06 16:55:16 
jj1 = 17, max_th = 2.345736e+00, time=2024-09-06 16:55:17 
jj1 = 42, max_th = 2.240550e+00, time=2024-09-06 16:55:22 
jj1 = 48, max_th = 1.715238e+00, time=2024-09-06 16:55:44 
jj1 = 41, max_th = 7.149915e-01, time=2024-09-06 16:56:13 
jj1 = 53, max_th = 1.931428e+00, time=2024-09-06 16:56:59 
jj1 = 37, max_th = 1.526369e+00, time=2024-09-06 16:58:37 
jj1 = 6, max_th = 2.216549e+00, time=2024-09-06 17:00:05 
jj1 = 16, max_th = 1.418597e+00, time=2024-09-06 17:00:22 
jj1 = 22, max_th = 2.264532e+00, time=2024-09-06 17:00:52 
jj1 = 1, max_th = 2.318754e+00, time=2024-09-06 17:00:57 
jj1 = 58, max_th = 2.334731e+00, time=2024-09-06 17:01:50 
jj1 = 332, max_th = 4.877491e+00, time=2024-09-06 17:03:17 
jj1 = 12, max_th = 2.490939e+00, time=2024-09-06 17:07:49 
jj1 = 36, max_th = 2.328196e+00, time=2024-09-06 17:08:25 
jj1 = 411, max_th = 1.855395e+00, time=2024-09-06 17:09:16 
jj1 = 47, max_th = 1.366122e+00, time=2024-09-06 17:10:12 
jj1 = 99, max_th = 1.878575e+00, time=2024-09-06 17:10:57 
jj1 = 138, max_th = 2.125980e+00, time=2024-09-06 17:12:35 
jj1 = 294, max_th = 1.893440e+00, time=2024-09-06 17:12:43 
jj1 = 372, max_th = 1.410476e+00, time=2024-09-06 17:13:04 
jj1 = 52, max_th = 2.033413e+00, time=2024-09-06 17:13:41 
jj1 = 46, max_th = 2.886316e+00, time=2024-09-06 17:14:04 
jj1 = 216, max_th = 2.023520e+00, time=2024-09-06 17:16:34 
jj1 = 410, max_th = 1.551534e+00, time=2024-09-06 17:16:45 
jj1 = 57, max_th = 1.772479e+00, time=2024-09-06 17:17:08 
jj1 = 21, max_th = 1.604884e+00, time=2024-09-06 17:19:26 
jj1 = 98, max_th = 2.179619e+00, time=2024-09-06 17:20:49 
jj1 = 293, max_th = 1.901352e+00, time=2024-09-06 17:21:18 
jj1 = 371, max_th = 1.840431e+00, time=2024-09-06 17:21:43 
jj1 = 450, max_th = 2.198300e+00, time=2024-09-06 17:22:03 
jj1 = 255, max_th = 3.120380e+00, time=2024-09-06 17:22:54 
jj1 = 56, max_th = 2.417148e+00, time=2024-09-06 17:24:44 
jj1 = 11, max_th = 2.268833e+00, time=2024-09-06 17:25:29 
jj1 = 370, max_th = 2.404108e+00, time=2024-09-06 17:26:32 
jj1 = 409, max_th = 1.528481e+00, time=2024-09-06 17:27:19 
jj1 = 292, max_th = 1.535720e+00, time=2024-09-06 17:29:04 
jj1 = 254, max_th = 2.510578e+00, time=2024-09-06 17:30:09 
jj1 = 449, max_th = 2.163433e+00, time=2024-09-06 17:31:17 
jj1 = 215, max_th = 1.372143e+00, time=2024-09-06 17:31:22 
jj1 = 97, max_th = 2.028220e+00, time=2024-09-06 17:31:51 
jj1 = 369, max_th = 1.508273e+00, time=2024-09-06 17:32:39 
jj1 = 331, max_th = 2.033226e+00, time=2024-09-06 17:32:59 
jj1 = 96, max_th = 1.445051e+00, time=2024-09-06 17:33:22 
jj1 = 408, max_th = 1.512554e+00, time=2024-09-06 17:34:31 
jj1 = 253, max_th = 1.034636e+00, time=2024-09-06 17:35:44 
jj1 = 51, max_th = 1.879517e+00, time=2024-09-06 17:36:46 
jj1 = 177, max_th = 1.928690e+00, time=2024-09-06 17:37:14 
jj1 = 291, max_th = 2.074742e+00, time=2024-09-06 17:38:27 
jj1 = 95, max_th = 1.515160e+00, time=2024-09-06 17:41:18 
jj1 = 407, max_th = 2.253759e+00, time=2024-09-06 17:41:18 
jj1 = 176, max_th = 1.550824e+00, time=2024-09-06 17:42:37 
jj1 = 175, max_th = -8.203219e-04, time=2024-09-06 17:43:14 
jj1 = 290, max_th = 2.619685e+00, time=2024-09-06 17:43:48 
jj1 = 252, max_th = 2.258942e+00, time=2024-09-06 17:43:49 
jj1 = 214, max_th = 2.640993e+00, time=2024-09-06 17:45:00 
jj1 = 137, max_th = 2.637032e+00, time=2024-09-06 17:46:10 
jj1 = 368, max_th = 1.959175e+00, time=2024-09-06 17:46:51 
jj1 = 406, max_th = 2.102123e+00, time=2024-09-06 17:47:37 
jj1 = 528, max_th = 1.655242e+00, time=2024-09-06 17:47:42 
jj1 = 489, max_th = 1.522647e+00, time=2024-09-06 17:48:06 
jj1 = 289, max_th = 2.507096e+00, time=2024-09-06 17:51:27 
jj1 = 330, max_th = 2.178495e+00, time=2024-09-06 17:52:32 
jj1 = 488, max_th = 1.316432e+00, time=2024-09-06 17:53:18 
jj1 = 213, max_th = 1.915094e+00, time=2024-09-06 17:55:45 
jj1 = 136, max_th = 2.522642e+00, time=2024-09-06 17:56:24 
jj1 = 405, max_th = 2.088435e+00, time=2024-09-06 17:57:13 
jj1 = 174, max_th = 2.264802e+00, time=2024-09-06 17:57:45 
jj1 = 135, max_th = 8.734613e-01, time=2024-09-06 17:59:17 
jj1 = 251, max_th = 2.475658e+00, time=2024-09-06 17:59:50 
jj1 = 527, max_th = 1.938504e+00, time=2024-09-06 18:00:21 
jj1 = 288, max_th = 2.347054e+00, time=2024-09-06 18:00:39 
jj1 = 94, max_th = 2.060333e+00, time=2024-09-06 18:01:19 
jj1 = 448, max_th = 2.036299e+00, time=2024-09-06 18:02:33 
jj1 = 404, max_th = 2.006805e+00, time=2024-09-06 18:04:38 
jj1 = 329, max_th = 1.314246e+00, time=2024-09-06 18:05:10 
jj1 = 173, max_th = 1.166042e+00, time=2024-09-06 18:05:17 
jj1 = 367, max_th = 2.241802e+00, time=2024-09-06 18:06:01 
jj1 = 134, max_th = 2.377277e+00, time=2024-09-06 18:06:14 
jj1 = 287, max_th = 1.363391e+00, time=2024-09-06 18:06:19 
jj1 = 447, max_th = 1.001801e+00, time=2024-09-06 18:07:33 
jj1 = 403, max_th = 2.669483e+00, time=2024-09-06 18:10:01 
jj1 = 250, max_th = 2.708070e+00, time=2024-09-06 18:11:18 
jj1 = 526, max_th = 1.830198e+00, time=2024-09-06 18:12:28 
jj1 = 93, max_th = 1.409660e+00, time=2024-09-06 18:13:07 
jj1 = 133, max_th = 1.527974e+00, time=2024-09-06 18:13:48 
jj1 = 286, max_th = 2.182274e+00, time=2024-09-06 18:14:10 
jj1 = 212, max_th = 1.877421e+00, time=2024-09-06 18:14:14 
jj1 = 402, max_th = 2.669048e+00, time=2024-09-06 18:14:46 
jj1 = 487, max_th = 1.862478e+00, time=2024-09-06 18:17:40 
jj1 = 172, max_th = 1.552709e+00, time=2024-09-06 18:21:44 
jj1 = 401, max_th = 2.456046e+00, time=2024-09-06 18:21:46 
jj1 = 525, max_th = 1.837678e+00, time=2024-09-06 18:23:06 
jj1 = 366, max_th = 2.357398e+00, time=2024-09-06 18:23:37 
jj1 = 249, max_th = 2.464122e+00, time=2024-09-06 18:24:02 
jj1 = 328, max_th = 1.812276e+00, time=2024-09-06 18:25:21 
jj1 = 446, max_th = 2.021810e+00, time=2024-09-06 18:27:41 
jj1 = 132, max_th = 1.940391e+00, time=2024-09-06 18:29:34 
jj1 = 486, max_th = 2.656427e+00, time=2024-09-06 18:30:01 
jj1 = 524, max_th = 1.623809e+00, time=2024-09-06 18:30:14 
jj1 = 400, max_th = 1.807599e+00, time=2024-09-06 18:32:00 
jj1 = 285, max_th = 2.139705e+00, time=2024-09-06 18:32:14 
jj1 = 171, max_th = 1.575307e+00, time=2024-09-06 18:35:04 
jj1 = 327, max_th = 2.469253e+00, time=2024-09-06 18:35:25 
jj1 = 365, max_th = 1.515006e+00, time=2024-09-06 18:35:39 
jj1 = 211, max_th = 2.030065e+00, time=2024-09-06 18:37:03 
jj1 = 92, max_th = 2.145146e+00, time=2024-09-06 18:38:45 
jj1 = 399, max_th = 1.324789e+00, time=2024-09-06 18:41:59 
jj1 = 284, max_th = 2.101095e+00, time=2024-09-06 18:42:38 
jj1 = 326, max_th = 2.215362e+00, time=2024-09-06 18:43:10 
jj1 = 283, max_th = 7.732239e-01, time=2024-09-06 18:44:12 
jj1 = 170, max_th = 2.074102e+00, time=2024-09-06 18:44:37 
jj1 = 445, max_th = 2.321142e+00, time=2024-09-06 18:44:46 
jj1 = 364, max_th = 1.450256e+00, time=2024-09-06 18:45:52 
jj1 = 523, max_th = 1.918724e+00, time=2024-09-06 18:45:57 
jj1 = 398, max_th = 1.452021e+00, time=2024-09-06 18:47:11 
jj1 = 325, max_th = 2.491151e+00, time=2024-09-06 18:49:16 
jj1 = 169, max_th = 1.335037e+00, time=2024-09-06 18:51:19 
jj1 = 131, max_th = 1.885388e+00, time=2024-09-06 18:52:22 
jj1 = 397, max_th = 1.531544e+00, time=2024-09-06 18:53:06 
jj1 = 282, max_th = 1.610945e+00, time=2024-09-06 18:53:28 
jj1 = 522, max_th = 2.344464e+00, time=2024-09-06 18:57:59 
jj1 = 210, max_th = 2.040384e+00, time=2024-09-06 18:59:23 
jj1 = 168, max_th = 2.261556e+00, time=2024-09-06 19:01:14 
jj1 = 485, max_th = 2.367526e+00, time=2024-09-06 19:01:38 
jj1 = 91, max_th = 1.589160e+00, time=2024-09-06 19:02:36 
jj1 = 324, max_th = 2.075210e+00, time=2024-09-06 19:03:17 
jj1 = 396, max_th = 1.579785e+00, time=2024-09-06 19:04:09 
jj1 = 444, max_th = 2.024016e+00, time=2024-09-06 19:04:23 
jj1 = 248, max_th = 1.902649e+00, time=2024-09-06 19:04:56 
jj1 = 363, max_th = 1.709179e+00, time=2024-09-06 19:06:54 
jj1 = 130, max_th = 2.391987e+00, time=2024-09-06 19:07:10 
jj1 = 167, max_th = 2.697446e+00, time=2024-09-06 19:07:11 
jj1 = 281, max_th = 2.087990e+00, time=2024-09-06 19:07:31 
jj1 = 247, max_th = 2.776907e+00, time=2024-09-06 19:12:13 
jj1 = 323, max_th = 2.131906e+00, time=2024-09-06 19:13:51 
jj1 = 246, max_th = -1.351476e+00, time=2024-09-06 19:14:45 
jj1 = 280, max_th = 1.544935e+00, time=2024-09-06 19:15:30 
jj1 = 521, max_th = 1.539241e+00, time=2024-09-06 19:16:20 
jj1 = 129, max_th = 2.522765e+00, time=2024-09-06 19:16:37 
jj1 = 279, max_th = 3.166681e+00, time=2024-09-06 19:16:37 
jj1 = 362, max_th = 1.266427e+00, time=2024-09-06 19:17:04 
jj1 = 443, max_th = 1.713400e+00, time=2024-09-06 19:17:34 
jj1 = 395, max_th = 1.859225e+00, time=2024-09-06 19:17:43 
jj1 = 90, max_th = 1.505727e+00, time=2024-09-06 19:19:18 
jj1 = 166, max_th = 2.117370e+00, time=2024-09-06 19:19:19 
jj1 = 322, max_th = 1.305626e+00, time=2024-09-06 19:20:24 
jj1 = 165, max_th = 1.228928e+00, time=2024-09-06 19:23:12 
jj1 = 278, max_th = 1.477220e+00, time=2024-09-06 19:23:21 
jj1 = 128, max_th = 2.689323e+00, time=2024-09-06 19:25:39 
jj1 = 361, max_th = 2.566547e+00, time=2024-09-06 19:26:22 
jj1 = 520, max_th = 1.425395e+00, time=2024-09-06 19:26:57 
jj1 = 442, max_th = 2.025393e+00, time=2024-09-06 19:29:30 
jj1 = 89, max_th = 1.293247e+00, time=2024-09-06 19:29:44 
jj1 = 394, max_th = 2.377342e+00, time=2024-09-06 19:30:19 
jj1 = 321, max_th = 1.938877e+00, time=2024-09-06 19:30:29 
jj1 = 484, max_th = 2.396071e+00, time=2024-09-06 19:30:36 
jj1 = 127, max_th = 1.047941e+00, time=2024-09-06 19:31:34 
jj1 = 277, max_th = 2.428416e+00, time=2024-09-06 19:32:41 
jj1 = 245, max_th = 1.833018e+00, time=2024-09-06 19:34:30 
jj1 = 441, max_th = 1.190518e+00, time=2024-09-06 19:34:31 
jj1 = 320, max_th = 1.079940e-01, time=2024-09-06 19:35:24 
jj1 = 360, max_th = 2.542903e+00, time=2024-09-06 19:36:53 
jj1 = 164, max_th = 1.050804e+00, time=2024-09-06 19:38:17 
jj1 = 209, max_th = 2.069089e+00, time=2024-09-06 19:38:26 
jj1 = 163, max_th = 3.555797e+00, time=2024-09-06 19:39:40 
jj1 = 244, max_th = 1.395779e+00, time=2024-09-06 19:40:16 
jj1 = 276, max_th = 1.444402e+00, time=2024-09-06 19:42:22 
jj1 = 519, max_th = 2.277273e+00, time=2024-09-06 19:42:23 
jj1 = 126, max_th = 2.353716e+00, time=2024-09-06 19:43:43 
jj1 = 440, max_th = 2.538036e+00, time=2024-09-06 19:44:11 
jj1 = 319, max_th = 2.338127e+00, time=2024-09-06 19:44:26 
jj1 = 318, max_th = -4.380322e-01, time=2024-09-06 19:44:34 
jj1 = 208, max_th = 1.481836e+00, time=2024-09-06 19:45:28 
jj1 = 243, max_th = 1.385838e+00, time=2024-09-06 19:47:41 
jj1 = 439, max_th = 1.547165e+00, time=2024-09-06 19:49:52 
jj1 = 518, max_th = 1.476542e+00, time=2024-09-06 19:51:29 
jj1 = 242, max_th = 2.733129e+00, time=2024-09-06 19:52:14 
jj1 = 483, max_th = 2.063356e+00, time=2024-09-06 19:52:55 
jj1 = 162, max_th = 1.928557e+00, time=2024-09-06 19:52:56 
jj1 = 393, max_th = 1.637184e+00, time=2024-09-06 19:52:58 
jj1 = 88, max_th = 2.058110e+00, time=2024-09-06 19:54:16 
jj1 = 275, max_th = 1.824920e+00, time=2024-09-06 19:54:51 
jj1 = 359, max_th = 1.733200e+00, time=2024-09-06 19:55:11 
jj1 = 161, max_th = 1.091508e+00, time=2024-09-06 19:56:36 
jj1 = 207, max_th = 2.332375e+00, time=2024-09-06 19:59:19 
jj1 = 317, max_th = 2.169067e+00, time=2024-09-06 19:59:41 
jj1 = 438, max_th = 2.277851e+00, time=2024-09-06 20:00:14 
jj1 = 125, max_th = 1.808746e+00, time=2024-09-06 20:01:14 
jj1 = 274, max_th = 2.487468e+00, time=2024-09-06 20:02:02 
jj1 = 241, max_th = 1.668109e+00, time=2024-09-06 20:02:09 
jj1 = 160, max_th = 1.637402e+00, time=2024-09-06 20:02:52 
jj1 = 392, max_th = 1.213390e+00, time=2024-09-06 20:03:32 
jj1 = 482, max_th = 2.402634e+00, time=2024-09-06 20:05:06 
jj1 = 391, max_th = 3.045588e+00, time=2024-09-06 20:05:38 
jj1 = 517, max_th = 1.891314e+00, time=2024-09-06 20:07:08 
jj1 = 316, max_th = 2.366895e+00, time=2024-09-06 20:07:31 
jj1 = 206, max_th = 1.848352e+00, time=2024-09-06 20:08:09 
jj1 = 273, max_th = 1.700679e+00, time=2024-09-06 20:08:31 
jj1 = 159, max_th = 2.494023e+00, time=2024-09-06 20:09:12 
jj1 = 358, max_th = 2.349516e+00, time=2024-09-06 20:09:45 
jj1 = 437, max_th = 1.704822e+00, time=2024-09-06 20:11:11 
jj1 = 272, max_th = 3.025973e+00, time=2024-09-06 20:13:27 
jj1 = 87, max_th = 1.632111e+00, time=2024-09-06 20:14:18 
jj1 = 436, max_th = 9.653358e-01, time=2024-09-06 20:15:05 
jj1 = 315, max_th = 1.791086e+00, time=2024-09-06 20:16:21 
jj1 = 481, max_th = 2.415699e+00, time=2024-09-06 20:16:31 
jj1 = 205, max_th = 1.608606e+00, time=2024-09-06 20:17:52 
jj1 = 158, max_th = 1.972311e+00, time=2024-09-06 20:18:56 
jj1 = 435, max_th = 1.440650e+00, time=2024-09-06 20:19:29 
jj1 = 390, max_th = 1.459297e+00, time=2024-09-06 20:19:38 
jj1 = 124, max_th = 2.034557e+00, time=2024-09-06 20:21:12 
jj1 = 86, max_th = 2.858235e+00, time=2024-09-06 20:22:00 
jj1 = 389, max_th = 1.106156e+00, time=2024-09-06 20:23:01 
jj1 = 480, max_th = 2.740187e+00, time=2024-09-06 20:23:16 
jj1 = 271, max_th = 1.679302e+00, time=2024-09-06 20:23:19 
jj1 = 240, max_th = 2.495571e+00, time=2024-09-06 20:23:46 
jj1 = 434, max_th = 2.292126e+00, time=2024-09-06 20:24:59 
jj1 = 516, max_th = 2.214894e+00, time=2024-09-06 20:25:44 
jj1 = 314, max_th = 1.642865e+00, time=2024-09-06 20:26:04 
jj1 = 239, max_th = 7.686822e-01, time=2024-09-06 20:28:07 
jj1 = 433, max_th = 2.813481e+00, time=2024-09-06 20:29:14 
jj1 = 204, max_th = 1.902670e+00, time=2024-09-06 20:30:42 
jj1 = 123, max_th = 1.472191e+00, time=2024-09-06 20:31:39 
jj1 = 313, max_th = 1.542798e+00, time=2024-09-06 20:32:18 
jj1 = 357, max_th = 2.221107e+00, time=2024-09-06 20:32:56 
jj1 = 157, max_th = 2.403797e+00, time=2024-09-06 20:33:37 
jj1 = 85, max_th = 9.290566e-01, time=2024-09-06 20:36:42 
jj1 = 270, max_th = 1.769477e+00, time=2024-09-06 20:36:55 
jj1 = 312, max_th = 1.219936e+00, time=2024-09-06 20:41:17 
jj1 = 156, max_th = 1.955859e+00, time=2024-09-06 20:41:21 
jj1 = 432, max_th = 1.968256e+00, time=2024-09-06 20:41:54 
jj1 = 122, max_th = 1.116748e+00, time=2024-09-06 20:42:42 
jj1 = 203, max_th = 1.934314e+00, time=2024-09-06 20:43:02 
jj1 = 479, max_th = 1.403512e+00, time=2024-09-06 20:43:23 
jj1 = 388, max_th = 2.106216e+00, time=2024-09-06 20:43:52 
jj1 = 84, max_th = 2.816729e+00, time=2024-09-06 20:46:24 
jj1 = 202, max_th = 2.601719e+00, time=2024-09-06 20:46:50 
jj1 = 269, max_th = 2.230165e+00, time=2024-09-06 20:48:39 
jj1 = 155, max_th = 2.939339e+00, time=2024-09-06 20:49:32 
jj1 = 238, max_th = 2.090615e+00, time=2024-09-06 20:49:46 
jj1 = 311, max_th = 1.668776e+00, time=2024-09-06 20:52:01 
jj1 = 515, max_th = 2.036235e+00, time=2024-09-06 20:52:52 
jj1 = 201, max_th = 2.465813e+00, time=2024-09-06 20:53:27 
jj1 = 431, max_th = 2.248055e+00, time=2024-09-06 20:53:30 
jj1 = 200, max_th = -7.006266e-03, time=2024-09-06 20:54:56 
jj1 = 237, max_th = 2.787215e+00, time=2024-09-06 20:57:29 
jj1 = 268, max_th = 1.660443e+00, time=2024-09-06 20:58:03 
jj1 = 199, max_th = 2.897245e+00, time=2024-09-06 20:58:15 
jj1 = 478, max_th = 1.726501e+00, time=2024-09-06 20:59:02 
jj1 = 154, max_th = 1.904865e+00, time=2024-09-06 21:00:16 
jj1 = 310, max_th = 2.233710e+00, time=2024-09-06 21:00:19 
jj1 = 309, max_th = 1.057946e+00, time=2024-09-06 21:02:19 
jj1 = 430, max_th = 1.672913e+00, time=2024-09-06 21:02:42 
jj1 = 153, max_th = 7.972682e-01, time=2024-09-06 21:03:31 
jj1 = 121, max_th = 1.945335e+00, time=2024-09-06 21:03:46 
jj1 = 356, max_th = 1.908975e+00, time=2024-09-06 21:03:53 
jj1 = 198, max_th = 2.518650e+00, time=2024-09-06 21:05:06 
jj1 = 83, max_th = 2.359503e+00, time=2024-09-06 21:06:46 
jj1 = 267, max_th = 1.742643e+00, time=2024-09-06 21:06:52 
jj1 = 387, max_th = 2.004065e+00, time=2024-09-06 21:08:20 
jj1 = 477, max_th = 2.592308e+00, time=2024-09-06 21:10:38 
jj1 = 429, max_th = 2.010425e+00, time=2024-09-06 21:12:09 
jj1 = 476, max_th = 6.172019e-01, time=2024-09-06 21:12:36 
jj1 = 197, max_th = 1.594729e+00, time=2024-09-06 21:12:53 
jj1 = 355, max_th = 1.311368e+00, time=2024-09-06 21:13:02 
jj1 = 514, max_th = 2.318309e+00, time=2024-09-06 21:13:03 
jj1 = 152, max_th = 2.549686e+00, time=2024-09-06 21:13:58 
jj1 = 308, max_th = 1.670758e+00, time=2024-09-06 21:14:02 
jj1 = 151, max_th = 3.006248e+00, time=2024-09-06 21:14:48 
jj1 = 236, max_th = 2.316164e+00, time=2024-09-06 21:16:23 
jj1 = 266, max_th = 2.126172e+00, time=2024-09-06 21:17:31 
jj1 = 82, max_th = 2.447393e+00, time=2024-09-06 21:19:20 
jj1 = 475, max_th = 1.051164e+00, time=2024-09-06 21:20:05 
jj1 = 150, max_th = 1.228328e+00, time=2024-09-06 21:20:32 
jj1 = 120, max_th = 1.544555e+00, time=2024-09-06 21:20:48 
jj1 = 196, max_th = 2.299736e+00, time=2024-09-06 21:21:17 
jj1 = 81, max_th = 4.363513e-01, time=2024-09-06 21:21:49 
jj1 = 513, max_th = 2.878503e+00, time=2024-09-06 21:23:14 
jj1 = 428, max_th = 2.080102e+00, time=2024-09-06 21:23:41 
jj1 = 307, max_th = 1.914518e+00, time=2024-09-06 21:24:11 
jj1 = 265, max_th = 2.460549e+00, time=2024-09-06 21:25:12 
jj1 = 354, max_th = 2.377787e+00, time=2024-09-06 21:25:23 
jj1 = 306, max_th = 2.975721e+00, time=2024-09-06 21:27:35 
jj1 = 305, max_th = 4.398132e+00, time=2024-09-06 21:27:38 
jj1 = 264, max_th = 1.119409e+00, time=2024-09-06 21:27:55 
jj1 = 195, max_th = 2.344202e+00, time=2024-09-06 21:28:42 
jj1 = 304, max_th = 1.076095e+00, time=2024-09-06 21:30:08 
jj1 = 149, max_th = 2.129897e+00, time=2024-09-06 21:30:15 
jj1 = 80, max_th = 2.462153e+00, time=2024-09-06 21:31:58 
jj1 = 194, max_th = 9.651470e-01, time=2024-09-06 21:32:29 
jj1 = 386, max_th = 2.087391e+00, time=2024-09-06 21:33:21 
jj1 = 303, max_th = 2.761952e+00, time=2024-09-06 21:33:22 
jj1 = 427, max_th = 1.742977e+00, time=2024-09-06 21:34:01 
jj1 = 353, max_th = 2.118099e+00, time=2024-09-06 21:34:09 
jj1 = 235, max_th = 2.044789e+00, time=2024-09-06 21:34:33 
jj1 = 119, max_th = 2.274126e+00, time=2024-09-06 21:36:30 
jj1 = 474, max_th = 1.898671e+00, time=2024-09-06 21:37:17 
jj1 = 79, max_th = 3.757396e+00, time=2024-09-06 21:37:37 
jj1 = 148, max_th = 1.699504e+00, time=2024-09-06 21:38:03 
jj1 = 352, max_th = 2.508147e+00, time=2024-09-06 21:38:21 
jj1 = 302, max_th = 2.484788e+00, time=2024-09-06 21:40:34 
jj1 = 78, max_th = 1.074556e+00, time=2024-09-06 21:42:45 
jj1 = 512, max_th = 2.087394e+00, time=2024-09-06 21:43:30 
jj1 = 234, max_th = 1.402857e+00, time=2024-09-06 21:44:15 
jj1 = 263, max_th = 1.936342e+00, time=2024-09-06 21:45:58 
jj1 = 193, max_th = 1.738862e+00, time=2024-09-06 21:46:31 
jj1 = 351, max_th = 1.886650e+00, time=2024-09-06 21:49:05 
jj1 = 301, max_th = 1.618949e+00, time=2024-09-06 21:49:13 
jj1 = 473, max_th = 1.130104e+00, time=2024-09-06 21:49:14 
jj1 = 426, max_th = 1.979212e+00, time=2024-09-06 21:49:57 
jj1 = 118, max_th = 2.602087e+00, time=2024-09-06 21:50:06 
jj1 = 147, max_th = 1.826296e+00, time=2024-09-06 21:51:07 
jj1 = 385, max_th = 1.757704e+00, time=2024-09-06 21:52:15 
jj1 = 262, max_th = 1.679921e+00, time=2024-09-06 21:52:16 
jj1 = 77, max_th = 2.479258e+00, time=2024-09-06 21:53:10 
jj1 = 146, max_th = 1.389034e+00, time=2024-09-06 21:56:39 
jj1 = 511, max_th = 2.337781e+00, time=2024-09-06 21:56:44 
jj1 = 300, max_th = 1.585989e+00, time=2024-09-06 21:57:18 
jj1 = 192, max_th = 1.803748e+00, time=2024-09-06 21:57:46 
jj1 = 425, max_th = 2.735176e+00, time=2024-09-06 21:58:46 
jj1 = 472, max_th = 1.555952e+00, time=2024-09-06 22:00:54 
jj1 = 299, max_th = 1.174644e+00, time=2024-09-06 22:02:53 
jj1 = 233, max_th = 1.641770e+00, time=2024-09-06 22:03:08 
jj1 = 261, max_th = 1.937868e+00, time=2024-09-06 22:04:28 
jj1 = 191, max_th = 2.429970e+00, time=2024-09-06 22:04:55 
jj1 = 260, max_th = 3.052350e+00, time=2024-09-06 22:05:10 
jj1 = 145, max_th = 2.467704e+00, time=2024-09-06 22:06:11 
jj1 = 424, max_th = 1.437506e+00, time=2024-09-06 22:07:13 
jj1 = 190, max_th = 2.926235e+00, time=2024-09-06 22:07:13 
jj1 = 117, max_th = 1.704880e+00, time=2024-09-06 22:08:50 
jj1 = 298, max_th = 2.214246e+00, time=2024-09-06 22:12:18 
jj1 = 350, max_th = 1.879816e+00, time=2024-09-06 22:12:34 
jj1 = 76, max_th = 2.136066e+00, time=2024-09-06 22:12:39 
jj1 = 510, max_th = 1.730726e+00, time=2024-09-06 22:13:09 
jj1 = 259, max_th = 2.546731e+00, time=2024-09-06 22:14:14 
jj1 = 116, max_th = 1.946037e+00, time=2024-09-06 22:14:51 
jj1 = 232, max_th = 3.321037e+00, time=2024-09-06 22:15:19 
jj1 = 189, max_th = 2.106609e+00, time=2024-09-06 22:15:58 
jj1 = 471, max_th = 1.709137e+00, time=2024-09-06 22:18:50 
jj1 = 509, max_th = 2.791175e+00, time=2024-09-06 22:18:51 
jj1 = 384, max_th = 1.770224e+00, time=2024-09-06 22:18:58 
jj1 = 423, max_th = 1.882543e+00, time=2024-09-06 22:19:03 
jj1 = 422, max_th = 1.299955e+00, time=2024-09-06 22:23:49 
jj1 = 297, max_th = 2.105571e+00, time=2024-09-06 22:24:13 
jj1 = 144, max_th = 1.154689e+00, time=2024-09-06 22:24:23 
jj1 = 188, max_th = 2.241397e+00, time=2024-09-06 22:25:22 
jj1 = 508, max_th = 2.755862e+00, time=2024-09-06 22:26:59 
jj1 = 349, max_th = 1.364170e+00, time=2024-09-06 22:29:51 
jj1 = 115, max_th = 1.856055e+00, time=2024-09-06 22:30:31 
jj1 = 143, max_th = 2.397117e+00, time=2024-09-06 22:30:53 
jj1 = 421, max_th = 2.110915e+00, time=2024-09-06 22:31:59 
jj1 = 296, max_th = 1.712851e+00, time=2024-09-06 22:33:11 
jj1 = 187, max_th = 1.662721e+00, time=2024-09-06 22:33:45 
jj1 = 258, max_th = 2.104152e+00, time=2024-09-06 22:34:15 
jj1 = 295, max_th = -2.998135e-01, time=2024-09-06 22:34:32 
jj1 = 75, max_th = 1.829763e+00, time=2024-09-06 22:35:57 
jj1 = 142, max_th = 2.379225e+00, time=2024-09-06 22:38:50 
jj1 = 507, max_th = 2.489333e+00, time=2024-09-06 22:40:29 
jj1 = 420, max_th = 1.849355e+00, time=2024-09-06 22:41:09 
jj1 = 114, max_th = 1.715210e+00, time=2024-09-06 22:43:33 
jj1 = 186, max_th = 1.502406e+00, time=2024-09-06 22:44:02 
jj1 = 383, max_th = 2.045559e+00, time=2024-09-06 22:44:36 
jj1 = 257, max_th = 1.199717e+00, time=2024-09-06 22:44:47 
jj1 = 548, max_th = 1.855168e+00, time=2024-09-06 22:44:53 
jj1 = 231, max_th = 2.129846e+00, time=2024-09-06 22:44:55 
jj1 = 382, max_th = 6.913835e-01, time=2024-09-06 22:48:15 
jj1 = 348, max_th = 1.635965e+00, time=2024-09-06 22:48:43 
jj1 = 419, max_th = 1.777949e+00, time=2024-09-06 22:50:55 
jj1 = 547, max_th = 1.643189e+00, time=2024-09-06 22:51:07 
jj1 = 141, max_th = 3.207253e+00, time=2024-09-06 22:52:38 
jj1 = 113, max_th = 2.412986e+00, time=2024-09-06 22:53:23 
jj1 = 506, max_th = 2.249454e+00, time=2024-09-06 22:53:58 
jj1 = 185, max_th = 2.073055e+00, time=2024-09-06 22:54:08 
jj1 = 74, max_th = 1.542475e+00, time=2024-09-06 22:55:06 
jj1 = 418, max_th = 2.570044e+00, time=2024-09-06 22:55:53 
jj1 = 230, max_th = 2.510375e+00, time=2024-09-06 22:56:51 
jj1 = 184, max_th = 2.981688e+00, time=2024-09-06 22:57:38 
jj1 = 183, max_th = 2.680378e+00, time=2024-09-06 23:00:04 
jj1 = 256, max_th = 2.235477e+00, time=2024-09-06 23:00:15 
jj1 = 112, max_th = 2.685379e+00, time=2024-09-06 23:00:26 
jj1 = 546, max_th = 2.051513e+00, time=2024-09-06 23:00:30 
jj1 = 140, max_th = 2.342500e+00, time=2024-09-06 23:01:19 
jj1 = 381, max_th = 2.174341e+00, time=2024-09-06 23:01:23 
jj1 = 470, max_th = 2.430219e+00, time=2024-09-06 23:01:34 
jj1 = 73, max_th = 1.246986e+00, time=2024-09-06 23:03:41 
jj1 = 182, max_th = 1.190407e+00, time=2024-09-06 23:03:55 
jj1 = 417, max_th = 2.681870e+00, time=2024-09-06 23:03:56 
jj1 = 139, max_th = 2.924150e+00, time=2024-09-06 23:04:12 
jj1 = 181, max_th = 1.000967e+00, time=2024-09-06 23:04:48 
jj1 = 505, max_th = 2.271208e+00, time=2024-09-06 23:06:15 
jj1 = 469, max_th = 2.956473e+00, time=2024-09-06 23:06:15 
jj1 = 545, max_th = 2.724210e+00, time=2024-09-06 23:07:26 
jj1 = 72, max_th = 9.716150e-01, time=2024-09-06 23:07:50 
jj1 = 111, max_th = 2.112140e+00, time=2024-09-06 23:10:19 
jj1 = 180, max_th = 2.582710e+00, time=2024-09-06 23:10:36 
jj1 = 416, max_th = 1.751275e+00, time=2024-09-06 23:11:11 
jj1 = 347, max_th = 2.040556e+00, time=2024-09-06 23:12:16 
jj1 = 748, max_th = 1.892098e+00, time=2024-09-06 23:13:21 
jj1 = 380, max_th = 2.648160e+00, time=2024-09-06 23:13:30 
jj1 = 468, max_th = 1.710631e+00, time=2024-09-06 23:15:36 
jj1 = 179, max_th = 1.597573e+00, time=2024-09-06 23:16:45 
jj1 = 229, max_th = 1.696372e+00, time=2024-09-06 23:16:50 
jj1 = 544, max_th = 2.020859e+00, time=2024-09-06 23:17:38 
jj1 = 415, max_th = 1.289898e+00, time=2024-09-06 23:17:55 
jj1 = 110, max_th = 1.410990e+00, time=2024-09-06 23:18:37 
jj1 = 543, max_th = 7.777625e-01, time=2024-09-06 23:18:37 
jj1 = 542, max_th = 3.017020e+00, time=2024-09-06 23:20:21 
jj1 = 504, max_th = 1.988806e+00, time=2024-09-06 23:20:38 
jj1 = 568, max_th = 1.790334e+00, time=2024-09-06 23:21:06 
jj1 = 747, max_th = 1.837763e+00, time=2024-09-06 23:21:21 
jj1 = 414, max_th = 2.718624e+00, time=2024-09-06 23:21:22 
jj1 = 467, max_th = 2.371136e+00, time=2024-09-06 23:25:43 
jj1 = 178, max_th = 1.520913e+00, time=2024-09-06 23:26:02 
jj1 = 109, max_th = 1.562916e+00, time=2024-09-06 23:26:13 
jj1 = 541, max_th = 1.555674e+00, time=2024-09-06 23:28:15 
jj1 = 346, max_th = 2.204456e+00, time=2024-09-06 23:28:22 
jj1 = 71, max_th = 2.306754e+00, time=2024-09-06 23:28:33 
jj1 = 413, max_th = 2.090347e+00, time=2024-09-06 23:29:50 
jj1 = 503, max_th = 1.877812e+00, time=2024-09-06 23:30:03 
jj1 = 746, max_th = 2.018606e+00, time=2024-09-06 23:30:39 
jj1 = 379, max_th = 2.021397e+00, time=2024-09-06 23:32:37 
jj1 = 745, max_th = 2.811274e+00, time=2024-09-06 23:34:28 
jj1 = 412, max_th = 1.411245e+00, time=2024-09-06 23:35:31 
jj1 = 108, max_th = 2.339911e+00, time=2024-09-06 23:35:36 
jj1 = 228, max_th = 1.623777e+00, time=2024-09-06 23:37:21 
jj1 = 107, max_th = 3.034283e+00, time=2024-09-06 23:38:42 
jj1 = 540, max_th = 2.026584e+00, time=2024-09-06 23:38:58 
jj1 = 466, max_th = 1.644468e+00, time=2024-09-06 23:40:33 
jj1 = 567, max_th = 1.768899e+00, time=2024-09-06 23:40:37 
jj1 = 502, max_th = 2.007348e+00, time=2024-09-06 23:40:53 
jj1 = 539, max_th = 3.220677e+00, time=2024-09-06 23:41:25 
jj1 = 688, max_th = 1.291893e+00, time=2024-09-06 23:42:32 
jj1 = 628, max_th = 2.378413e+00, time=2024-09-06 23:45:43 
jj1 = 106, max_th = 2.373239e+00, time=2024-09-06 23:46:48 
jj1 = 501, max_th = 1.755685e+00, time=2024-09-06 23:48:19 
jj1 = 465, max_th = 2.383823e+00, time=2024-09-06 23:50:25 
jj1 = 538, max_th = 1.897347e+00, time=2024-09-06 23:50:28 
jj1 = 500, max_th = 2.873582e+00, time=2024-09-06 23:50:46 
jj1 = 499, max_th = 3.471298e+00, time=2024-09-06 23:50:54 
jj1 = 227, max_th = 2.099327e+00, time=2024-09-06 23:51:21 
jj1 = 105, max_th = 2.452148e+00, time=2024-09-06 23:52:46 
jj1 = 687, max_th = 2.129550e+00, time=2024-09-06 23:53:51 
jj1 = 226, max_th = 1.458774e+00, time=2024-09-06 23:56:27 
jj1 = 104, max_th = 1.245321e+00, time=2024-09-06 23:56:37 
jj1 = 498, max_th = 2.475017e+00, time=2024-09-06 23:57:59 
jj1 = 744, max_th = 1.925973e+00, time=2024-09-06 23:58:09 
jj1 = 566, max_th = 1.354018e+00, time=2024-09-06 23:58:57 
jj1 = 378, max_th = 1.306242e+00, time=2024-09-06 23:59:00 
jj1 = 464, max_th = 1.352306e+00, time=2024-09-06 23:59:39 
jj1 = 345, max_th = 1.781512e+00, time=2024-09-06 23:59:59 
jj1 = 686, max_th = 2.578297e+00, time=2024-09-07 00:00:32 
jj1 = 537, max_th = 1.969839e+00, time=2024-09-07 00:01:22 
jj1 = 685, max_th = 7.794738e-01, time=2024-09-07 00:01:50 
jj1 = 377, max_th = 9.943807e-01, time=2024-09-07 00:03:17 
jj1 = 497, max_th = 1.461054e+00, time=2024-09-07 00:05:08 
jj1 = 743, max_th = 1.676063e+00, time=2024-09-07 00:06:41 
jj1 = 225, max_th = 2.178155e+00, time=2024-09-07 00:07:04 
jj1 = 684, max_th = 1.547503e+00, time=2024-09-07 00:08:10 
jj1 = 565, max_th = 1.007875e+00, time=2024-09-07 00:08:26 
jj1 = 376, max_th = 2.546717e+00, time=2024-09-07 00:08:43 
jj1 = 742, max_th = 1.147938e+00, time=2024-09-07 00:09:16 
jj1 = 224, max_th = 1.268527e+00, time=2024-09-07 00:09:16 
jj1 = 536, max_th = 1.730433e+00, time=2024-09-07 00:09:30 
jj1 = 496, max_th = 2.156876e+00, time=2024-09-07 00:10:12 
jj1 = 223, max_th = 3.056170e+00, time=2024-09-07 00:10:23 
jj1 = 344, max_th = 1.903749e+00, time=2024-09-07 00:11:50 
jj1 = 103, max_th = 1.625906e+00, time=2024-09-07 00:13:06 
jj1 = 741, max_th = 2.155352e+00, time=2024-09-07 00:15:36 
jj1 = 683, max_th = 2.336580e+00, time=2024-09-07 00:15:53 
jj1 = 535, max_th = 2.050909e+00, time=2024-09-07 00:17:08 
jj1 = 222, max_th = 1.903262e+00, time=2024-09-07 00:17:46 
jj1 = 70, max_th = 2.242810e+00, time=2024-09-07 00:18:34 
jj1 = 463, max_th = 1.734443e+00, time=2024-09-07 00:19:05 
jj1 = 627, max_th = 2.427513e+00, time=2024-09-07 00:19:06 
jj1 = 564, max_th = 2.330601e+00, time=2024-09-07 00:19:32 
jj1 = 495, max_th = 2.440149e+00, time=2024-09-07 00:19:48 
jj1 = 682, max_th = 1.255791e+00, time=2024-09-07 00:20:02 
jj1 = 534, max_th = 1.118681e+00, time=2024-09-07 00:21:07 
jj1 = 563, max_th = 1.083446e+00, time=2024-09-07 00:21:53 
jj1 = 102, max_th = 1.536266e+00, time=2024-09-07 00:23:18 
jj1 = 740, max_th = 1.907591e+00, time=2024-09-07 00:25:18 
jj1 = 375, max_th = 1.754216e+00, time=2024-09-07 00:25:20 
jj1 = 494, max_th = 1.086243e+00, time=2024-09-07 00:25:24 
jj1 = 562, max_th = 2.393615e+00, time=2024-09-07 00:25:54 
jj1 = 221, max_th = 2.272462e+00, time=2024-09-07 00:27:14 
jj1 = 533, max_th = 2.413360e+00, time=2024-09-07 00:27:16 
jj1 = 220, max_th = 2.886213e-01, time=2024-09-07 00:27:31 
jj1 = 219, max_th = 1.099947e+00, time=2024-09-07 00:28:59 
jj1 = 681, max_th = 1.639336e+00, time=2024-09-07 00:33:20 
jj1 = 493, max_th = 1.720699e+00, time=2024-09-07 00:35:06 
jj1 = 101, max_th = 2.025787e+00, time=2024-09-07 00:35:18 
jj1 = 532, max_th = 1.656112e+00, time=2024-09-07 00:35:43 
jj1 = 492, max_th = 8.874385e-01, time=2024-09-07 00:35:45 
jj1 = 218, max_th = 2.624546e+00, time=2024-09-07 00:35:46 
jj1 = 69, max_th = 2.321472e+00, time=2024-09-07 00:36:23 
jj1 = 343, max_th = 1.785525e+00, time=2024-09-07 00:36:31 
jj1 = 739, max_th = 1.982312e+00, time=2024-09-07 00:36:36 
jj1 = 626, max_th = 1.577287e+00, time=2024-09-07 00:36:46 
jj1 = 680, max_th = 2.383453e+00, time=2024-09-07 00:39:09 
jj1 = 374, max_th = 1.867863e+00, time=2024-09-07 00:39:27 
jj1 = 217, max_th = 1.235198e+00, time=2024-09-07 00:40:15 
jj1 = 462, max_th = 1.867149e+00, time=2024-09-07 00:41:34 
jj1 = 738, max_th = 1.232364e+00, time=2024-09-07 00:41:43 
jj1 = 679, max_th = 3.168304e+00, time=2024-09-07 00:42:43 
jj1 = 491, max_th = 2.101292e+00, time=2024-09-07 00:42:47 
jj1 = 100, max_th = 2.077156e+00, time=2024-09-07 00:45:40 
jj1 = 625, max_th = 1.391219e+00, time=2024-09-07 00:46:42 
jj1 = 531, max_th = 1.978934e+00, time=2024-09-07 00:47:31 
jj1 = 561, max_th = 2.071311e+00, time=2024-09-07 00:47:51 
jj1 = 737, max_th = 1.573847e+00, time=2024-09-07 00:49:24 
jj1 = 373, max_th = 1.516137e+00, time=2024-09-07 00:50:02 
jj1 = 608, max_th = 2.731339e+00, time=2024-09-07 00:50:21 
jj1 = 490, max_th = 2.356718e+00, time=2024-09-07 00:52:05 
jj1 = 68, max_th = 1.481649e+00, time=2024-09-07 00:52:11 
jj1 = 678, max_th = 1.444280e+00, time=2024-09-07 00:52:31 
jj1 = 708, max_th = 1.834922e+00, time=2024-09-07 00:52:53 
jj1 = 530, max_th = 1.959624e+00, time=2024-09-07 00:53:50 
jj1 = 607, max_th = 1.127647e+00, time=2024-09-07 00:54:09 
jj1 = 529, max_th = -7.992458e-01, time=2024-09-07 00:54:12 
jj1 = 342, max_th = 1.875719e+00, time=2024-09-07 00:54:17 
jj1 = 341, max_th = 3.207769e+00, time=2024-09-07 00:55:48 
jj1 = 677, max_th = 2.962683e+00, time=2024-09-07 00:57:11 
jj1 = 736, max_th = 1.189628e+00, time=2024-09-07 00:57:12 
jj1 = 728, max_th = 2.496137e+00, time=2024-09-07 00:57:24 
jj1 = 461, max_th = 1.459289e+00, time=2024-09-07 00:58:29 
jj1 = 340, max_th = 3.072669e+00, time=2024-09-07 00:58:58 
jj1 = 460, max_th = 3.220643e+00, time=2024-09-07 00:59:04 
jj1 = 778, max_th = 1.712560e+00, time=2024-09-07 01:02:03 
jj1 = 727, max_th = 1.211672e+00, time=2024-09-07 01:03:48 
jj1 = 606, max_th = 2.114232e+00, time=2024-09-07 01:04:29 
jj1 = 735, max_th = 1.703920e+00, time=2024-09-07 01:07:49 
jj1 = 676, max_th = 2.161517e+00, time=2024-09-07 01:08:22 
jj1 = 707, max_th = 2.426644e+00, time=2024-09-07 01:10:42 
jj1 = 726, max_th = 2.254674e+00, time=2024-09-07 01:10:58 
jj1 = 777, max_th = 1.957457e+00, time=2024-09-07 01:11:32 
jj1 = 560, max_th = 2.173678e+00, time=2024-09-07 01:12:43 
jj1 = 734, max_th = 2.709144e+00, time=2024-09-07 01:12:53 
jj1 = 459, max_th = 2.802745e+00, time=2024-09-07 01:13:15 
jj1 = 605, max_th = 1.710529e+00, time=2024-09-07 01:15:22 
jj1 = 67, max_th = 2.013470e+00, time=2024-09-07 01:15:32 
jj1 = 675, max_th = 2.318182e+00, time=2024-09-07 01:15:56 
jj1 = 604, max_th = 1.156147e+00, time=2024-09-07 01:18:52 
jj1 = 674, max_th = 3.195391e+00, time=2024-09-07 01:19:09 
jj1 = 725, max_th = 2.517925e+00, time=2024-09-07 01:19:37 
jj1 = 776, max_th = 1.521437e+00, time=2024-09-07 01:20:55 
jj1 = 775, max_th = 6.170550e-01, time=2024-09-07 01:22:05 
jj1 = 624, max_th = 1.966546e+00, time=2024-09-07 01:22:30 
jj1 = 339, max_th = 1.938558e+00, time=2024-09-07 01:23:35 
jj1 = 603, max_th = 1.368219e+00, time=2024-09-07 01:24:00 
jj1 = 733, max_th = 2.039588e+00, time=2024-09-07 01:24:05 
jj1 = 706, max_th = 1.509637e+00, time=2024-09-07 01:25:37 
jj1 = 673, max_th = 2.369487e+00, time=2024-09-07 01:25:59 
jj1 = 672, max_th = 7.912545e-01, time=2024-09-07 01:27:03 
jj1 = 458, max_th = 2.412076e+00, time=2024-09-07 01:28:32 
jj1 = 559, max_th = 1.944613e+00, time=2024-09-07 01:29:00 
jj1 = 774, max_th = 1.429693e+00, time=2024-09-07 01:29:32 
jj1 = 732, max_th = 1.263032e+00, time=2024-09-07 01:29:43 
jj1 = 602, max_th = 2.677006e+00, time=2024-09-07 01:31:47 
jj1 = 558, max_th = 7.892507e-01, time=2024-09-07 01:33:30 
jj1 = 671, max_th = 1.848642e+00, time=2024-09-07 01:34:06 
jj1 = 773, max_th = 2.611672e+00, time=2024-09-07 01:35:48 
jj1 = 670, max_th = 1.420306e+00, time=2024-09-07 01:38:36 
jj1 = 731, max_th = 1.883032e+00, time=2024-09-07 01:39:22 
jj1 = 66, max_th = 1.733794e+00, time=2024-09-07 01:40:22 
jj1 = 601, max_th = 2.110271e+00, time=2024-09-07 01:40:42 
jj1 = 457, max_th = 1.676466e+00, time=2024-09-07 01:41:39 
jj1 = 623, max_th = 1.882841e+00, time=2024-09-07 01:42:42 
jj1 = 772, max_th = 1.550914e+00, time=2024-09-07 01:43:03 
jj1 = 338, max_th = 2.159621e+00, time=2024-09-07 01:43:17 
jj1 = 724, max_th = 1.755442e+00, time=2024-09-07 01:43:57 
jj1 = 557, max_th = 2.260969e+00, time=2024-09-07 01:44:21 
jj1 = 600, max_th = 1.107074e+00, time=2024-09-07 01:45:10 
jj1 = 556, max_th = -6.015437e-01, time=2024-09-07 01:45:26 
jj1 = 705, max_th = 2.404676e+00, time=2024-09-07 01:46:00 
jj1 = 730, max_th = 1.556558e+00, time=2024-09-07 01:46:35 
jj1 = 729, max_th = 3.228895e+00, time=2024-09-07 01:47:35 
jj1 = 771, max_th = 2.568828e+00, time=2024-09-07 01:48:17 
jj1 = 456, max_th = 1.596690e+00, time=2024-09-07 01:52:00 
jj1 = 65, max_th = 2.582444e+00, time=2024-09-07 01:52:03 
jj1 = 723, max_th = 2.435406e+00, time=2024-09-07 01:52:22 
jj1 = 555, max_th = 2.212786e+00, time=2024-09-07 01:52:29 
jj1 = 798, max_th = 2.585355e+00, time=2024-09-07 01:52:52 
jj1 = 770, max_th = 1.529585e+00, time=2024-09-07 01:54:32 
jj1 = 622, max_th = 1.354326e+00, time=2024-09-07 01:54:36 
jj1 = 797, max_th = 2.199989e+00, time=2024-09-07 01:57:12 
jj1 = 621, max_th = 6.732192e-01, time=2024-09-07 01:58:22 
jj1 = 599, max_th = 1.625681e+00, time=2024-09-07 01:58:36 
jj1 = 669, max_th = 1.935550e+00, time=2024-09-07 01:59:13 
jj1 = 769, max_th = 1.308910e+00, time=2024-09-07 02:00:22 
jj1 = 455, max_th = 1.773706e+00, time=2024-09-07 02:00:25 
jj1 = 704, max_th = 2.394128e+00, time=2024-09-07 02:00:37 
jj1 = 796, max_th = 7.456586e-01, time=2024-09-07 02:01:25 
jj1 = 337, max_th = 1.520393e+00, time=2024-09-07 02:01:43 
jj1 = 554, max_th = 2.073611e+00, time=2024-09-07 02:04:29 
jj1 = 722, max_th = 3.019547e+00, time=2024-09-07 02:04:39 
jj1 = 64, max_th = 1.551350e+00, time=2024-09-07 02:05:38 
jj1 = 553, max_th = 2.941438e+00, time=2024-09-07 02:05:55 
jj1 = 868, max_th = 1.867527e+00, time=2024-09-07 02:08:02 
jj1 = 598, max_th = 1.762307e+00, time=2024-09-07 02:08:06 
jj1 = 597, max_th = 8.663796e-01, time=2024-09-07 02:11:56 
jj1 = 454, max_th = 1.768408e+00, time=2024-09-07 02:13:20 
jj1 = 795, max_th = 2.010598e+00, time=2024-09-07 02:15:10 
jj1 = 721, max_th = 1.898093e+00, time=2024-09-07 02:15:26 
jj1 = 63, max_th = 1.588249e+00, time=2024-09-07 02:16:26 
jj1 = 620, max_th = 1.792412e+00, time=2024-09-07 02:16:46 
jj1 = 867, max_th = 2.373181e+00, time=2024-09-07 02:17:25 
jj1 = 453, max_th = 1.177897e+00, time=2024-09-07 02:17:26 
jj1 = 720, max_th = 1.450037e+00, time=2024-09-07 02:18:34 
jj1 = 552, max_th = 1.887855e+00, time=2024-09-07 02:19:11 
jj1 = 336, max_th = 1.951766e+00, time=2024-09-07 02:20:47 
jj1 = 596, max_th = 1.615887e+00, time=2024-09-07 02:22:16 
jj1 = 866, max_th = 2.583193e+00, time=2024-09-07 02:22:20 
jj1 = 703, max_th = 1.804171e+00, time=2024-09-07 02:22:48 
jj1 = 794, max_th = 2.466411e+00, time=2024-09-07 02:23:19 
jj1 = 588, max_th = 1.964592e+00, time=2024-09-07 02:26:02 
jj1 = 595, max_th = 1.263028e+00, time=2024-09-07 02:26:25 
jj1 = 719, max_th = 9.982888e-01, time=2024-09-07 02:26:36 
jj1 = 62, max_th = 1.444485e+00, time=2024-09-07 02:26:41 
jj1 = 452, max_th = 2.297531e+00, time=2024-09-07 02:29:08 
jj1 = 551, max_th = 2.124878e+00, time=2024-09-07 02:29:10 
jj1 = 865, max_th = 1.699170e+00, time=2024-09-07 02:30:50 
jj1 = 793, max_th = 2.356958e+00, time=2024-09-07 02:31:33 
jj1 = 818, max_th = 1.435893e+00, time=2024-09-07 02:31:47 
jj1 = 550, max_th = 1.203923e+00, time=2024-09-07 02:32:51 
jj1 = 594, max_th = 1.567059e+00, time=2024-09-07 02:33:55 
jj1 = 451, max_th = 1.287214e+00, time=2024-09-07 02:35:11 
jj1 = 587, max_th = 2.010055e+00, time=2024-09-07 02:35:41 
jj1 = 335, max_th = 1.695655e+00, time=2024-09-07 02:35:48 
jj1 = 702, max_th = 2.583224e+00, time=2024-09-07 02:38:17 
jj1 = 61, max_th = 2.506426e+00, time=2024-09-07 02:38:28 
jj1 = 648, max_th = -9.601472e-02, time=2024-09-07 02:39:49 
jj1 = 792, max_th = 3.206768e+00, time=2024-09-07 02:40:06 
jj1 = 593, max_th = 2.455866e+00, time=2024-09-07 02:40:32 
jj1 = 619, max_th = 1.768343e+00, time=2024-09-07 02:40:53 
jj1 = 768, max_th = 1.449288e+00, time=2024-09-07 02:41:25 
jj1 = 864, max_th = 2.330116e+00, time=2024-09-07 02:41:41 
jj1 = 817, max_th = 2.670229e+00, time=2024-09-07 02:41:54 
jj1 = 549, max_th = 1.794484e+00, time=2024-09-07 02:42:55 
jj1 = 718, max_th = 1.540097e+00, time=2024-09-07 02:45:29 
jj1 = 586, max_th = 2.177762e+00, time=2024-09-07 02:48:48 
jj1 = 816, max_th = 2.656742e+00, time=2024-09-07 02:49:54 
jj1 = 863, max_th = 2.510909e+00, time=2024-09-07 02:50:18 
jj1 = 767, max_th = 1.812536e+00, time=2024-09-07 02:50:58 
jj1 = 791, max_th = 1.584377e+00, time=2024-09-07 02:51:14 
jj1 = 592, max_th = 2.313628e+00, time=2024-09-07 02:51:18 
jj1 = 647, max_th = 2.023170e+00, time=2024-09-07 02:52:59 
jj1 = 646, max_th = 3.406156e+00, time=2024-09-07 02:53:05 
jj1 = 585, max_th = 2.708556e+00, time=2024-09-07 02:53:15 
jj1 = 788, max_th = 1.698831e+00, time=2024-09-07 02:53:20 
jj1 = 334, max_th = 1.921555e+00, time=2024-09-07 02:54:59 
jj1 = 591, max_th = 1.156011e+00, time=2024-09-07 02:55:13 
jj1 = 862, max_th = 2.855095e+00, time=2024-09-07 02:55:34 
jj1 = 584, max_th = 2.972808e+00, time=2024-09-07 02:55:34 
jj1 = 766, max_th = 2.527991e+00, time=2024-09-07 02:56:13 
jj1 = 815, max_th = 2.977896e+00, time=2024-09-07 02:56:24 
jj1 = 668, max_th = 6.657136e-01, time=2024-09-07 02:57:12 
jj1 = 645, max_th = 1.397154e+00, time=2024-09-07 02:58:39 
jj1 = 790, max_th = 1.473728e+00, time=2024-09-07 02:59:14 
jj1 = 861, max_th = 1.299902e+00, time=2024-09-07 03:00:02 
jj1 = 701, max_th = 1.834066e+00, time=2024-09-07 03:00:22 
jj1 = 583, max_th = 1.563666e+00, time=2024-09-07 03:02:19 
jj1 = 717, max_th = 2.019928e+00, time=2024-09-07 03:03:12 
jj1 = 765, max_th = 2.573666e+00, time=2024-09-07 03:03:56 
jj1 = 590, max_th = 2.333688e+00, time=2024-09-07 03:05:12 
jj1 = 618, max_th = 2.073054e+00, time=2024-09-07 03:06:21 
jj1 = 787, max_th = 1.907096e+00, time=2024-09-07 03:07:23 
jj1 = 786, max_th = 3.483087e+00, time=2024-09-07 03:07:31 
jj1 = 789, max_th = 1.794006e+00, time=2024-09-07 03:08:35 
jj1 = 860, max_th = 1.821972e+00, time=2024-09-07 03:09:05 
jj1 = 589, max_th = 2.812449e+00, time=2024-09-07 03:09:37 
jj1 = 785, max_th = 4.415430e-01, time=2024-09-07 03:10:12 
jj1 = 644, max_th = 1.430245e+00, time=2024-09-07 03:10:31 
jj1 = 764, max_th = 1.883459e+00, time=2024-09-07 03:10:31 
jj1 = 716, max_th = 1.848789e+00, time=2024-09-07 03:11:35 
jj1 = 667, max_th = 1.534871e+00, time=2024-09-07 03:11:56 
jj1 = 700, max_th = 2.611648e+00, time=2024-09-07 03:11:58 
jj1 = 582, max_th = 2.105783e+00, time=2024-09-07 03:12:24 
jj1 = 643, max_th = 9.088645e-01, time=2024-09-07 03:13:15 
jj1 = 715, max_th = 1.169352e+00, time=2024-09-07 03:15:24 
jj1 = 814, max_th = 1.809805e+00, time=2024-09-07 03:16:33 
jj1 = 784, max_th = 1.442918e+00, time=2024-09-07 03:17:40 
jj1 = 763, max_th = 1.561889e+00, time=2024-09-07 03:17:41 
jj1 = 617, max_th = 2.129652e+00, time=2024-09-07 03:18:16 
jj1 = 699, max_th = 1.339782e+00, time=2024-09-07 03:19:44 
jj1 = 859, max_th = 1.221067e+00, time=2024-09-07 03:19:52 
jj1 = 616, max_th = 9.852139e-01, time=2024-09-07 03:20:12 
jj1 = 762, max_th = 1.333704e+00, time=2024-09-07 03:21:44 
jj1 = 581, max_th = 2.008087e+00, time=2024-09-07 03:23:02 
jj1 = 878, max_th = 1.973274e+00, time=2024-09-07 03:23:08 
jj1 = 714, max_th = 2.095602e+00, time=2024-09-07 03:23:16 
jj1 = 783, max_th = 2.685409e+00, time=2024-09-07 03:24:08 
jj1 = 615, max_th = 1.361867e+00, time=2024-09-07 03:24:37 
jj1 = 642, max_th = 2.120646e+00, time=2024-09-07 03:25:23 
jj1 = 893, max_th = 1.625286e+00, time=2024-09-07 03:28:10 
jj1 = 761, max_th = 2.746750e+00, time=2024-09-07 03:28:33 
jj1 = 666, max_th = 2.077035e+00, time=2024-09-07 03:29:55 
jj1 = 838, max_th = 2.414159e+00, time=2024-09-07 03:30:21 
jj1 = 877, max_th = 1.980538e+00, time=2024-09-07 03:32:51 
jj1 = 614, max_th = 2.465259e+00, time=2024-09-07 03:33:40 
jj1 = 641, max_th = 1.396564e+00, time=2024-09-07 03:34:26 
jj1 = 580, max_th = 1.857003e+00, time=2024-09-07 03:34:45 
jj1 = 837, max_th = 2.625402e+00, time=2024-09-07 03:35:25 
jj1 = 782, max_th = 1.351642e+00, time=2024-09-07 03:35:28 
jj1 = 813, max_th = 2.264791e+00, time=2024-09-07 03:37:29 
jj1 = 698, max_th = 1.673960e+00, time=2024-09-07 03:38:38 
jj1 = 640, max_th = 2.601623e+00, time=2024-09-07 03:38:48 
jj1 = 579, max_th = 2.579371e+00, time=2024-09-07 03:39:19 
jj1 = 812, max_th = 4.177321e+00, time=2024-09-07 03:39:55 
jj1 = 760, max_th = 1.811039e+00, time=2024-09-07 03:41:08 
jj1 = 892, max_th = 1.788096e+00, time=2024-09-07 03:41:14 
jj1 = 713, max_th = 2.286142e+00, time=2024-09-07 03:42:09 
jj1 = 613, max_th = 1.835006e+00, time=2024-09-07 03:42:41 
jj1 = 639, max_th = 2.775078e+00, time=2024-09-07 03:42:44 
jj1 = 876, max_th = 2.566989e+00, time=2024-09-07 03:42:51 
jj1 = 781, max_th = 2.625595e+00, time=2024-09-07 03:45:05 
jj1 = 578, max_th = 2.531251e+00, time=2024-09-07 03:46:28 
jj1 = 577, max_th = 8.494632e-01, time=2024-09-07 03:48:03 
jj1 = 759, max_th = 1.493799e+00, time=2024-09-07 03:49:00 
jj1 = 612, max_th = 1.760553e+00, time=2024-09-07 03:50:33 
jj1 = 665, max_th = 1.689203e+00, time=2024-09-07 03:51:29 
jj1 = 891, max_th = 1.839586e+00, time=2024-09-07 03:51:42 
jj1 = 836, max_th = 2.348101e+00, time=2024-09-07 03:52:41 
jj1 = 758, max_th = 2.652727e+00, time=2024-09-07 03:52:45 
jj1 = 712, max_th = 1.464951e+00, time=2024-09-07 03:54:04 
jj1 = 875, max_th = 2.276963e+00, time=2024-09-07 03:54:15 
jj1 = 638, max_th = 1.979013e+00, time=2024-09-07 03:54:55 
jj1 = 757, max_th = 2.963413e+00, time=2024-09-07 03:55:53 
jj1 = 576, max_th = 2.299092e+00, time=2024-09-07 03:57:08 
jj1 = 811, max_th = 2.122278e+00, time=2024-09-07 03:58:21 
jj1 = 874, max_th = 1.689334e+00, time=2024-09-07 03:59:35 
jj1 = 756, max_th = 8.590868e-01, time=2024-09-07 04:00:41 
jj1 = 890, max_th = 2.091471e+00, time=2024-09-07 04:01:49 
jj1 = 611, max_th = 2.035424e+00, time=2024-09-07 04:02:59 
jj1 = 575, max_th = 1.419410e+00, time=2024-09-07 04:03:48 
jj1 = 711, max_th = 1.909203e+00, time=2024-09-07 04:04:36 
jj1 = 637, max_th = 2.207284e+00, time=2024-09-07 04:06:02 
jj1 = 780, max_th = 2.477120e+00, time=2024-09-07 04:07:39 
jj1 = 697, max_th = 1.960720e+00, time=2024-09-07 04:07:40 
jj1 = 873, max_th = 2.375938e+00, time=2024-09-07 04:08:26 
jj1 = 710, max_th = 2.948626e+00, time=2024-09-07 04:08:35 
jj1 = 755, max_th = 1.685870e+00, time=2024-09-07 04:09:55 
jj1 = 889, max_th = 1.575606e+00, time=2024-09-07 04:10:03 
jj1 = 574, max_th = 2.576304e+00, time=2024-09-07 04:10:38 
jj1 = 810, max_th = 1.442199e+00, time=2024-09-07 04:11:54 
jj1 = 754, max_th = 2.881978e+00, time=2024-09-07 04:12:47 
jj1 = 664, max_th = 1.935552e+00, time=2024-09-07 04:13:00 
jj1 = 610, max_th = 2.039153e+00, time=2024-09-07 04:13:53 
jj1 = 709, max_th = 2.106362e+00, time=2024-09-07 04:14:54 
jj1 = 872, max_th = 2.668879e+00, time=2024-09-07 04:16:21 
jj1 = 636, max_th = 1.887658e+00, time=2024-09-07 04:16:52 
jj1 = 835, max_th = 1.503750e+00, time=2024-09-07 04:17:19 
jj1 = 858, max_th = 2.726007e+00, time=2024-09-07 04:17:57 
jj1 = 753, max_th = 2.454652e+00, time=2024-09-07 04:18:17 
jj1 = 928, max_th = 2.159055e+00, time=2024-09-07 04:19:46 
jj1 = 809, max_th = 1.443983e+00, time=2024-09-07 04:20:15 
jj1 = 927, max_th = 3.061103e+00, time=2024-09-07 04:22:02 
jj1 = 573, max_th = 1.819139e+00, time=2024-09-07 04:22:30 
jj1 = 834, max_th = 9.669602e-01, time=2024-09-07 04:22:33 
jj1 = 696, max_th = 1.656245e+00, time=2024-09-07 04:24:00 
jj1 = 871, max_th = 1.594916e+00, time=2024-09-07 04:24:03 
jj1 = 609, max_th = 1.671016e+00, time=2024-09-07 04:24:49 
jj1 = 926, max_th = -9.809146e-02, time=2024-09-07 04:24:56 
jj1 = 635, max_th = 1.906481e+00, time=2024-09-07 04:25:49 
jj1 = 888, max_th = 2.316133e+00, time=2024-09-07 04:27:21 
jj1 = 752, max_th = 2.632283e+00, time=2024-09-07 04:27:27 
jj1 = 857, max_th = 1.695504e+00, time=2024-09-07 04:27:34 
jj1 = 663, max_th = 1.753453e+00, time=2024-09-07 04:28:55 
jj1 = 751, max_th = 2.687231e+00, time=2024-09-07 04:29:17 
jj1 = 695, max_th = 1.273590e+00, time=2024-09-07 04:29:59 
jj1 = 572, max_th = 1.404580e+00, time=2024-09-07 04:29:58 
jj1 = 870, max_th = 1.644458e+00, time=2024-09-07 04:30:15 
jj1 = 925, max_th = 2.287880e+00, time=2024-09-07 04:33:26 
jj1 = 779, max_th = 2.216181e+00, time=2024-09-07 04:35:00 
jj1 = 750, max_th = 1.598019e+00, time=2024-09-07 04:35:11 
jj1 = 808, max_th = 2.030021e+00, time=2024-09-07 04:35:50 
jj1 = 869, max_th = 2.891685e+00, time=2024-09-07 04:36:17 
jj1 = 887, max_th = 1.879750e+00, time=2024-09-07 04:37:18 
jj1 = 856, max_th = 2.053512e+00, time=2024-09-07 04:38:36 
jj1 = 571, max_th = 2.321259e+00, time=2024-09-07 04:39:24 
jj1 = 694, max_th = 1.532065e+00, time=2024-09-07 04:40:35 
jj1 = 634, max_th = 2.377889e+00, time=2024-09-07 04:41:25 
jj1 = 749, max_th = 1.511233e+00, time=2024-09-07 04:42:00 
jj1 = 924, max_th = 1.828750e+00, time=2024-09-07 04:42:07 
jj1 = 918, max_th = 2.892813e+00, time=2024-09-07 04:42:45 
jj1 = 662, max_th = 1.889580e+00, time=2024-09-07 04:44:40 
jj1 = 807, max_th = 1.709027e+00, time=2024-09-07 04:44:46 
jj1 = 833, max_th = 2.118443e+00, time=2024-09-07 04:45:25 
jj1 = 886, max_th = 1.362464e+00, time=2024-09-07 04:45:53 
jj1 = 633, max_th = 1.332569e+00, time=2024-09-07 04:46:36 
jj1 = 885, max_th = 1.147197e+00, time=2024-09-07 04:49:17 
jj1 = 570, max_th = 1.890761e+00, time=2024-09-07 04:50:28 
jj1 = 898, max_th = 1.658365e+00, time=2024-09-07 04:50:49 
jj1 = 933, max_th = 2.207045e+00, time=2024-09-07 04:50:59 
jj1 = 632, max_th = 1.138176e+00, time=2024-09-07 04:51:12 
jj1 = 917, max_th = 1.645254e+00, time=2024-09-07 04:51:27 
jj1 = 806, max_th = 2.591094e+00, time=2024-09-07 04:52:05 
jj1 = 916, max_th = 3.193466e+00, time=2024-09-07 04:52:19 
jj1 = 693, max_th = 2.326929e+00, time=2024-09-07 04:52:21 
jj1 = 884, max_th = 1.339707e+00, time=2024-09-07 04:54:00 
jj1 = 832, max_th = 1.400162e+00, time=2024-09-07 04:54:11 
jj1 = 661, max_th = 1.622912e+00, time=2024-09-07 04:54:37 
jj1 = 908, max_th = 2.325481e+00, time=2024-09-07 04:54:46 
jj1 = 631, max_th = 2.790882e+00, time=2024-09-07 04:55:01 
jj1 = 907, max_th = 1.996760e-01, time=2024-09-07 04:55:15 
jj1 = 855, max_th = 2.253597e+00, time=2024-09-07 04:58:23 
jj1 = 660, max_th = 2.421027e+00, time=2024-09-07 04:58:28 
jj1 = 932, max_th = 2.145251e+00, time=2024-09-07 04:59:11 
jj1 = 692, max_th = 1.541804e+00, time=2024-09-07 04:59:25 
jj1 = 883, max_th = 1.523458e+00, time=2024-09-07 05:00:57 
jj1 = 906, max_th = 2.708890e+00, time=2024-09-07 05:01:58 
jj1 = 915, max_th = 1.783943e+00, time=2024-09-07 05:02:33 
jj1 = 854, max_th = 1.264724e+00, time=2024-09-07 05:02:35 
jj1 = 569, max_th = 2.085815e+00, time=2024-09-07 05:02:37 
jj1 = 831, max_th = 2.271959e+00, time=2024-09-07 05:03:28 
jj1 = 805, max_th = 2.532183e+00, time=2024-09-07 05:03:33 
jj1 = 630, max_th = 1.595925e+00, time=2024-09-07 05:03:49 
jj1 = 897, max_th = 1.958392e+00, time=2024-09-07 05:03:58 
jj1 = 804, max_th = 3.304087e-01, time=2024-09-07 05:04:09 
jj1 = 931, max_th = 2.686429e+00, time=2024-09-07 05:04:51 
jj1 = 659, max_th = -4.028443e-01, time=2024-09-07 05:06:26 
jj1 = 853, max_th = 2.445243e+00, time=2024-09-07 05:07:56 
jj1 = 848, max_th = 1.481679e+00, time=2024-09-07 05:07:59 
jj1 = 914, max_th = 2.169994e+00, time=2024-09-07 05:11:05 
jj1 = 691, max_th = 1.809075e+00, time=2024-09-07 05:11:13 
jj1 = 882, max_th = 1.769170e+00, time=2024-09-07 05:11:15 
jj1 = 803, max_th = 2.314429e+00, time=2024-09-07 05:12:07 
jj1 = 930, max_th = 1.318123e+00, time=2024-09-07 05:12:41 
jj1 = 896, max_th = 1.675400e+00, time=2024-09-07 05:12:58 
jj1 = 658, max_th = 1.752602e+00, time=2024-09-07 05:13:02 
jj1 = 690, max_th = -1.105863e+00, time=2024-09-07 05:13:33 
jj1 = 847, max_th = 1.877296e+00, time=2024-09-07 05:13:50 
jj1 = 629, max_th = 2.164992e+00, time=2024-09-07 05:14:21 
jj1 = 881, max_th = 2.688453e+00, time=2024-09-07 05:14:28 
jj1 = 956, max_th = 1.222424e+00, time=2024-09-07 05:15:41 
jj1 = 830, max_th = 1.115218e+00, time=2024-09-07 05:16:05 
jj1 = 852, max_th = 2.362477e+00, time=2024-09-07 05:18:35 
jj1 = 657, max_th = 2.612679e+00, time=2024-09-07 05:19:52 
jj1 = 895, max_th = 1.760366e+00, time=2024-09-07 05:20:17 
jj1 = 905, max_th = 1.942998e+00, time=2024-09-07 05:20:54 
jj1 = 903, max_th = 1.646032e+00, time=2024-09-07 05:21:14 
jj1 = 689, max_th = 1.997553e+00, time=2024-09-07 05:21:21 
jj1 = 846, max_th = 2.175407e+00, time=2024-09-07 05:22:39 
jj1 = 802, max_th = 2.138135e+00, time=2024-09-07 05:23:15 
jj1 = 851, max_th = 2.631705e+00, time=2024-09-07 05:23:21 
jj1 = 880, max_th = 2.098696e+00, time=2024-09-07 05:23:34 
jj1 = 929, max_th = 1.955189e+00, time=2024-09-07 05:23:47 
jj1 = 955, max_th = 1.574800e+00, time=2024-09-07 05:24:47 
jj1 = 845, max_th = 1.329515e+00, time=2024-09-07 05:25:57 
jj1 = 894, max_th = 2.380400e+00, time=2024-09-07 05:26:58 
jj1 = 656, max_th = 2.774984e+00, time=2024-09-07 05:27:14 
jj1 = 850, max_th = 1.470581e+00, time=2024-09-07 05:29:02 
jj1 = 964, max_th = 1.369889e+00, time=2024-09-07 05:29:21 
jj1 = 902, max_th = 1.241502e+00, time=2024-09-07 05:29:22 
jj1 = 655, max_th = 2.733186e+00, time=2024-09-07 05:30:03 
jj1 = 844, max_th = 1.209687e+00, time=2024-09-07 05:30:04 
jj1 = 879, max_th = 2.632909e+00, time=2024-09-07 05:30:07 
jj1 = 801, max_th = 2.050914e+00, time=2024-09-07 05:31:47 
jj1 = 829, max_th = 1.697149e+00, time=2024-09-07 05:32:27 
jj1 = 828, max_th = 1.615844e+00, time=2024-09-07 05:32:33 
jj1 = 960, max_th = 2.392485e+00, time=2024-09-07 05:34:34 
jj1 = 904, max_th = 1.759483e+00, time=2024-09-07 05:35:06 
jj1 = 954, max_th = 1.740318e+00, time=2024-09-07 05:35:32 
jj1 = 963, max_th = 2.573697e+00, time=2024-09-07 05:36:13 
jj1 = 943, max_th = 2.146560e+00, time=2024-09-07 05:38:03 
jj1 = 849, max_th = 1.856441e+00, time=2024-09-07 05:38:08 
jj1 = 843, max_th = 2.124832e+00, time=2024-09-07 05:38:09 
jj1 = 959, max_th = 2.502191e+00, time=2024-09-07 05:38:39 
jj1 = 654, max_th = 2.123392e+00, time=2024-09-07 05:39:31 
jj1 = 800, max_th = 2.109833e+00, time=2024-09-07 05:40:15 
jj1 = 653, max_th = 3.184358e+00, time=2024-09-07 05:40:29 
jj1 = 953, max_th = 1.280376e+00, time=2024-09-07 05:40:32 
jj1 = 923, max_th = 2.236845e+00, time=2024-09-07 05:40:34 
jj1 = 958, max_th = 1.022212e+00, time=2024-09-07 05:40:54 
jj1 = 827, max_th = 1.652717e+00, time=2024-09-07 05:41:51 
jj1 = 901, max_th = 1.866700e+00, time=2024-09-07 05:41:58 
jj1 = 957, max_th = 1.130615e+00, time=2024-09-07 05:42:51 
jj1 = 952, max_th = 1.936453e+00, time=2024-09-07 05:43:36 
jj1 = 962, max_th = 2.255325e+00, time=2024-09-07 05:44:43 
jj1 = 922, max_th = 1.566078e+00, time=2024-09-07 05:45:24 
jj1 = 799, max_th = 1.395984e+00, time=2024-09-07 05:45:34 
jj1 = 942, max_th = 2.316651e+00, time=2024-09-07 05:46:09 
jj1 = 842, max_th = 1.758339e+00, time=2024-09-07 05:46:18 
jj1 = 900, max_th = 2.868482e+00, time=2024-09-07 05:46:44 
jj1 = 988, max_th = 2.699060e+00, time=2024-09-07 05:47:32 
jj1 = 948, max_th = 9.543083e-01, time=2024-09-07 05:47:53 
jj1 = 947, max_th = 3.259836e+00, time=2024-09-07 05:48:20 
jj1 = 946, max_th = 3.081847e+00, time=2024-09-07 05:49:39 
jj1 = 951, max_th = 1.898536e+00, time=2024-09-07 05:50:29 
jj1 = 972, max_th = 2.184183e+00, time=2024-09-07 05:50:30 
jj1 = 938, max_th = 1.604895e+00, time=2024-09-07 05:50:51 
jj1 = 826, max_th = 2.471214e+00, time=2024-09-07 05:51:00 
jj1 = 961, max_th = 2.053197e+00, time=2024-09-07 05:52:50 
jj1 = 652, max_th = 2.165257e+00, time=2024-09-07 05:53:11 
jj1 = 950, max_th = 2.841208e+00, time=2024-09-07 05:54:07 
jj1 = 899, max_th = 1.590226e+00, time=2024-09-07 05:54:12 
jj1 = 971, max_th = 1.447673e+00, time=2024-09-07 05:54:44 
jj1 = 921, max_th = 1.890327e+00, time=2024-09-07 05:54:48 
jj1 = 945, max_th = 1.808551e+00, time=2024-09-07 05:54:55 
jj1 = 987, max_th = 2.222676e+00, time=2024-09-07 05:55:24 
jj1 = 941, max_th = 2.236214e+00, time=2024-09-07 05:56:04 
jj1 = 841, max_th = 1.216703e+00, time=2024-09-07 05:56:19 
jj1 = 937, max_th = 2.195010e+00, time=2024-09-07 05:56:53 
jj1 = 970, max_th = 2.777863e+00, time=2024-09-07 05:57:26 
jj1 = 840, max_th = 1.215737e+00, time=2024-09-07 05:58:40 
jj1 = 986, max_th = 1.035309e+00, time=2024-09-07 05:58:59 
jj1 = 651, max_th = 2.044593e+00, time=2024-09-07 06:00:13 
jj1 = 940, max_th = 2.696963e+00, time=2024-09-07 06:00:29 
jj1 = 839, max_th = 2.800587e+00, time=2024-09-07 06:00:49 
jj1 = 984, max_th = 2.407752e+00, time=2024-09-07 06:00:50 
jj1 = 985, max_th = 1.055421e+00, time=2024-09-07 06:01:15 
jj1 = 976, max_th = 2.082275e+00, time=2024-09-07 06:01:56 
jj1 = 944, max_th = 1.786874e+00, time=2024-09-07 06:02:26 
jj1 = 969, max_th = 2.524782e+00, time=2024-09-07 06:03:17 
jj1 = 825, max_th = 2.179614e+00, time=2024-09-07 06:03:47 
jj1 = 1000, max_th = 1.218276e+00, time=2024-09-07 06:03:58 
jj1 = 936, max_th = 1.714406e+00, time=2024-09-07 06:04:00 
jj1 = 949, max_th = 1.879693e+00, time=2024-09-07 06:04:32 
jj1 = 650, max_th = 2.388780e+00, time=2024-09-07 06:06:47 
jj1 = 968, max_th = 2.479512e+00, time=2024-09-07 06:07:20 
jj1 = 939, max_th = 2.157148e+00, time=2024-09-07 06:08:28 
jj1 = 983, max_th = 2.139043e+00, time=2024-09-07 06:08:41 
jj1 = 975, max_th = 1.949643e+00, time=2024-09-07 06:09:11 
jj1 = 920, max_th = 1.920587e+00, time=2024-09-07 06:09:49 
jj1 = 935, max_th = 2.109743e+00, time=2024-09-07 06:10:29 
jj1 = 824, max_th = 1.276816e+00, time=2024-09-07 06:10:58 
jj1 = 997, max_th = 1.981415e+00, time=2024-09-07 06:11:03 
jj1 = 982, max_th = 2.825608e+00, time=2024-09-07 06:11:13 
jj1 = 999, max_th = 1.946032e+00, time=2024-09-07 06:11:23 
jj1 = 649, max_th = 1.453936e+00, time=2024-09-07 06:12:25 
jj1 = 967, max_th = 1.642638e+00, time=2024-09-07 06:12:41 
jj1 = 913, max_th = 3.051561e+00, time=2024-09-07 06:13:29 
jj1 = 823, max_th = 4.187155e+00, time=2024-09-07 06:14:44 
jj1 = 919, max_th = 1.761143e+00, time=2024-09-07 06:16:15 
jj1 = 992, max_th = 2.062440e+00, time=2024-09-07 06:16:35 
jj1 = 981, max_th = 2.365934e+00, time=2024-09-07 06:17:13 
jj1 = 974, max_th = 2.031141e+00, time=2024-09-07 06:18:08 
jj1 = 966, max_th = 2.540024e+00, time=2024-09-07 06:19:31 
jj1 = 822, max_th = 2.700474e+00, time=2024-09-07 06:19:48 
jj1 = 991, max_th = 1.339172e+00, time=2024-09-07 06:21:12 
jj1 = 912, max_th = 2.293759e+00, time=2024-09-07 06:21:28 
jj1 = 990, max_th = 7.386343e-01, time=2024-09-07 06:23:05 
jj1 = 934, max_th = 1.964344e+00, time=2024-09-07 06:24:02 
jj1 = 973, max_th = 2.111167e+00, time=2024-09-07 06:26:27 
jj1 = 965, max_th = 2.123806e+00, time=2024-09-07 06:27:05 
jj1 = 996, max_th = 1.818551e+00, time=2024-09-07 06:27:27 
jj1 = 998, max_th = 1.735963e+00, time=2024-09-07 06:28:47 
jj1 = 989, max_th = 1.690068e+00, time=2024-09-07 06:29:07 
jj1 = 911, max_th = 2.211281e+00, time=2024-09-07 06:29:48 
jj1 = 821, max_th = 1.933568e+00, time=2024-09-07 06:31:53 
jj1 = 820, max_th = 2.584998e+00, time=2024-09-07 06:35:51 
jj1 = 910, max_th = 1.520819e+00, time=2024-09-07 06:36:32 
jj1 = 995, max_th = 2.130576e+00, time=2024-09-07 06:40:15 
jj1 = 819, max_th = 1.582222e+00, time=2024-09-07 06:41:48 
jj1 = 909, max_th = 1.621835e+00, time=2024-09-07 06:42:40 
jj1 = 994, max_th = 1.941982e+00, time=2024-09-07 06:47:49 
jj1 = 980, max_th = 2.229428e+00, time=2024-09-07 06:49:02 
jj1 = 993, max_th = 1.622570e+00, time=2024-09-07 06:56:03 
jj1 = 979, max_th = 2.147111e+00, time=2024-09-07 06:57:46 
jj1 = 978, max_th = 1.994632e+00, time=2024-09-07 07:07:52 
jj1 = 977, max_th = 2.670313e+00, time=2024-09-07 07:15:33 
>> >> >> >> >> >> >> >> 