MATLAB is selecting SOFTWARE OPENGL rendering.

                            < M A T L A B (R) >
                  Copyright 1984-2021 The MathWorks, Inc.
                  R2021b (9.11.0.1769968) 64-bit (glnxa64)
                             September 17, 2021

 
To get started, type doc.
For product information, visit www.mathworks.com.
 
>> >> >> >> >> >> >> >> >> >> >> >> >> >> >> >> >> >> >> >> >> >> >> >> >> >> Starting parallel pool (parpool) using the 'local' profile ...
[Warning: A task was unexpectedly found in state: Unavailable.] 
[> In parallel.cluster.Local/deriveJobStateFromTasks (line 29)
In parallel.cluster/Local/getJobState (line 174)
In parallel.cluster/CJSCluster/hGetJobState (line 375)
In parallel.internal.cluster/CJSJobMixin/hGetStateEnum (line 175)
In parallel/Job/get.StateEnum (line 247)
In parallel/Job/get.State (line 239)
In parallel.internal.customattr.CustomGetSet>iVectorisedGetHelper (line 128)
In parallel.internal.customattr.CustomGetSet>@(a,b,c)iVectorisedGetHelper(obj,a,b,c) (line 102)
In parallel.internal.customattr/CustomGetSet/doVectorisedGet (line 103)
In parallel.internal.customattr/CustomGetSet/hVectorisedGet (line 76)
In parallel.internal.customattr.GetSetImpl>iAccessProperties (line 322)
In parallel.internal.customattr.GetSetImpl>iGetAllPropertiesVec (line 264)
In parallel.internal.customattr/GetSetImpl/getImpl (line 133)
In parallel.internal.customattr.CustomGetSet>iHetFunGetFunction (line 154)
In parallel.internal.customattr.CustomGetSet>@(o)iHetFunGetFunction(o,props) (line 139)
In parallel.internal.cluster.hetfun (line 46)
In parallel.internal.customattr.CustomGetSet>iHetFunGetProperty (line 139)
In parallel.internal.customattr/CustomGetSet/get (line 38)
In parallel.internal.pool/AbstractInteractiveClient/pRemoveOldJobs (line 211)
In parallel.internal.pool/AbstractInteractiveClient/start (line 103)
In parallel.internal.pool.AbstractClusterPool>iStartClient (line 831)
In parallel.internal.pool/AbstractClusterPool/hBuildPool (line 585)
In parallel.internal.pool.doParpool (line 22)
In parpool (line 123)
In parallel.internal.parpool.getOrCreateCurrentPool (line 17)
In parallel.internal.pool/PoolArrayManager/getOrAutoCreateWithCleanup (line 44)
In pctTryCreatePoolIfNecessary (line 28)
In parallel_function (line 423)] 
Connected to the parallel pool (number of workers: 12).
jj1 = 30, max_th = 2.910431e+00, time=2025-04-10 19:55:24 
jj1 = 29, max_th = 4.103895e+00, time=2025-04-10 19:55:36 
jj1 = 45, max_th = 1.117610e+00, time=2025-04-10 19:56:05 
jj1 = 25, max_th = 1.068146e+00, time=2025-04-10 19:56:43 
jj1 = 5, max_th = 1.324576e+00, time=2025-04-10 20:03:41 
jj1 = 15, max_th = 2.179030e+00, time=2025-04-10 20:04:11 
jj1 = 50, max_th = 2.402091e+00, time=2025-04-10 20:04:58 
jj1 = 10, max_th = 2.355218e+00, time=2025-04-10 20:05:57 
jj1 = 49, max_th = 1.250326e+00, time=2025-04-10 20:09:19 
jj1 = 55, max_th = 1.857080e+00, time=2025-04-10 20:09:38 
jj1 = 40, max_th = 1.766901e+00, time=2025-04-10 20:13:10 
jj1 = 24, max_th = 2.398098e+00, time=2025-04-10 20:15:03 
jj1 = 20, max_th = 1.957368e+00, time=2025-04-10 20:16:09 
jj1 = 14, max_th = 2.631140e+00, time=2025-04-10 20:16:14 
jj1 = 28, max_th = 1.696749e+00, time=2025-04-10 20:16:32 
jj1 = 39, max_th = 9.753467e-01, time=2025-04-10 20:18:03 
jj1 = 35, max_th = 1.233613e+00, time=2025-04-10 20:20:44 
jj1 = 60, max_th = 1.516807e+00, time=2025-04-10 20:23:08 
jj1 = 4, max_th = 1.587353e+00, time=2025-04-10 20:23:33 
jj1 = 34, max_th = 8.110322e-01, time=2025-04-10 20:23:47 
jj1 = 9, max_th = 2.094267e+00, time=2025-04-10 20:24:42 
jj1 = 23, max_th = 1.480495e+00, time=2025-04-10 20:27:15 
jj1 = 44, max_th = 1.869091e+00, time=2025-04-10 20:27:26 
jj1 = 54, max_th = 2.098745e+00, time=2025-04-10 20:30:45 
jj1 = 48, max_th = 2.097929e+00, time=2025-04-10 20:31:12 
jj1 = 13, max_th = 2.322531e+00, time=2025-04-10 20:34:44 
jj1 = 53, max_th = 2.986317e+00, time=2025-04-10 20:37:52 
jj1 = 19, max_th = 1.667060e+00, time=2025-04-10 20:37:55 
jj1 = 33, max_th = 2.473456e+00, time=2025-04-10 20:39:49 
jj1 = 22, max_th = 2.574785e+00, time=2025-04-10 20:40:47 
jj1 = 59, max_th = 3.181193e+00, time=2025-04-10 20:41:03 
jj1 = 27, max_th = 2.290592e+00, time=2025-04-10 20:41:05 
jj1 = 8, max_th = 2.321849e+00, time=2025-04-10 20:44:41 
jj1 = 43, max_th = 1.989226e+00, time=2025-04-10 20:46:17 
jj1 = 32, max_th = 1.344763e+00, time=2025-04-10 20:47:58 
jj1 = 38, max_th = 1.962544e+00, time=2025-04-10 20:48:46 
jj1 = 3, max_th = 1.872072e+00, time=2025-04-10 20:49:12 
jj1 = 18, max_th = 1.735969e+00, time=2025-04-10 20:56:05 
jj1 = 37, max_th = 2.815466e+00, time=2025-04-10 20:56:20 
jj1 = 21, max_th = 1.407369e+00, time=2025-04-10 20:57:06 
jj1 = 47, max_th = 1.741212e+00, time=2025-04-10 20:57:54 
jj1 = 52, max_th = 2.335818e+00, time=2025-04-10 20:59:37 
jj1 = 12, max_th = 1.654046e+00, time=2025-04-10 20:59:44 
jj1 = 2, max_th = 2.468255e+00, time=2025-04-10 21:01:24 
jj1 = 31, max_th = 1.449598e+00, time=2025-04-10 21:01:42 
jj1 = 58, max_th = 2.242497e+00, time=2025-04-10 21:02:56 
jj1 = 7, max_th = 1.760618e+00, time=2025-04-10 21:06:11 
jj1 = 51, max_th = 1.345391e+00, time=2025-04-10 21:06:17 
jj1 = 26, max_th = 2.122454e+00, time=2025-04-10 21:06:58 
jj1 = 36, max_th = 1.287284e+00, time=2025-04-10 21:08:57 
jj1 = 333, max_th = 1.192091e+00, time=2025-04-10 21:11:08 
jj1 = 1, max_th = 1.267091e+00, time=2025-04-10 21:11:12 
jj1 = 57, max_th = 1.223108e+00, time=2025-04-10 21:12:26 
jj1 = 42, max_th = 2.173915e+00, time=2025-04-10 21:12:35 
jj1 = 46, max_th = 1.598253e+00, time=2025-04-10 21:13:11 
jj1 = 17, max_th = 1.640353e+00, time=2025-04-10 21:16:36 
jj1 = 16, max_th = 3.134273e+00, time=2025-04-10 21:20:25 
jj1 = 489, max_th = 1.371438e+00, time=2025-04-10 21:22:27 
jj1 = 255, max_th = 1.780655e+00, time=2025-04-10 21:24:26 
jj1 = 450, max_th = 2.661742e+00, time=2025-04-10 21:24:25 
jj1 = 99, max_th = 2.625766e+00, time=2025-04-10 21:27:14 
jj1 = 6, max_th = 1.843877e+00, time=2025-04-10 21:28:11 
jj1 = 372, max_th = 1.960199e+00, time=2025-04-10 21:28:23 
jj1 = 11, max_th = 2.175655e+00, time=2025-04-10 21:30:22 
jj1 = 41, max_th = 2.419639e+00, time=2025-04-10 21:32:15 
jj1 = 332, max_th = 2.512479e+00, time=2025-04-10 21:32:34 
jj1 = 56, max_th = 2.110482e+00, time=2025-04-10 21:34:34 
jj1 = 294, max_th = 2.018462e+00, time=2025-04-10 21:35:41 
jj1 = 216, max_th = 2.367403e+00, time=2025-04-10 21:38:21 
jj1 = 254, max_th = 2.497191e+00, time=2025-04-10 21:40:11 
jj1 = 98, max_th = 2.280676e+00, time=2025-04-10 21:45:23 
jj1 = 528, max_th = 1.354006e+00, time=2025-04-10 21:45:50 
jj1 = 488, max_th = 2.020348e+00, time=2025-04-10 21:46:35 
jj1 = 371, max_th = 1.373703e+00, time=2025-04-10 21:47:51 
jj1 = 253, max_th = 2.593492e+00, time=2025-04-10 21:48:11 
jj1 = 138, max_th = 2.334244e+00, time=2025-04-10 21:50:18 
jj1 = 449, max_th = 1.971487e+00, time=2025-04-10 21:50:58 
jj1 = 177, max_th = 2.022564e+00, time=2025-04-10 21:53:48 
jj1 = 370, max_th = 1.473254e+00, time=2025-04-10 22:01:41 
jj1 = 331, max_th = 2.083933e+00, time=2025-04-10 22:02:09 
jj1 = 527, max_th = 2.342594e+00, time=2025-04-10 22:02:16 
jj1 = 97, max_th = 1.471415e+00, time=2025-04-10 22:03:17 
jj1 = 293, max_th = 2.310249e+00, time=2025-04-10 22:05:00 
jj1 = 137, max_th = 1.849115e+00, time=2025-04-10 22:07:46 
jj1 = 411, max_th = 1.683996e+00, time=2025-04-10 22:09:19 
jj1 = 448, max_th = 1.605731e+00, time=2025-04-10 22:09:45 
jj1 = 487, max_th = 2.006231e+00, time=2025-04-10 22:10:14 
jj1 = 215, max_th = 1.721691e+00, time=2025-04-10 22:14:43 
jj1 = 252, max_th = 2.271488e+00, time=2025-04-10 22:16:03 
jj1 = 292, max_th = 1.551289e+00, time=2025-04-10 22:19:25 
jj1 = 176, max_th = 1.731812e+00, time=2025-04-10 22:21:11 
jj1 = 447, max_th = 1.232525e+00, time=2025-04-10 22:21:31 
jj1 = 526, max_th = 1.901639e+00, time=2025-04-10 22:24:49 
jj1 = 96, max_th = 2.466391e+00, time=2025-04-10 22:27:04 
jj1 = 369, max_th = 1.787838e+00, time=2025-04-10 22:27:17 
jj1 = 291, max_th = 1.164167e+00, time=2025-04-10 22:28:50 
jj1 = 330, max_th = 2.170828e+00, time=2025-04-10 22:29:19 
jj1 = 486, max_th = 1.954821e+00, time=2025-04-10 22:29:55 
jj1 = 410, max_th = 1.877635e+00, time=2025-04-10 22:31:03 
jj1 = 95, max_th = 2.909740e+00, time=2025-04-10 22:31:25 
jj1 = 175, max_th = 2.379853e+00, time=2025-04-10 22:32:05 
jj1 = 214, max_th = 2.218193e+00, time=2025-04-10 22:33:51 
jj1 = 251, max_th = 2.110224e+00, time=2025-04-10 22:36:59 
jj1 = 525, max_th = 1.338470e+00, time=2025-04-10 22:37:49 
jj1 = 329, max_th = 2.760036e+00, time=2025-04-10 22:38:54 
jj1 = 136, max_th = 2.176890e+00, time=2025-04-10 22:39:09 
jj1 = 94, max_th = 2.710358e+00, time=2025-04-10 22:40:42 
jj1 = 446, max_th = 1.698501e+00, time=2025-04-10 22:44:12 
jj1 = 290, max_th = 1.587403e+00, time=2025-04-10 22:49:44 
jj1 = 368, max_th = 2.114305e+00, time=2025-04-10 22:49:48 
jj1 = 213, max_th = 1.319529e+00, time=2025-04-10 22:50:01 
jj1 = 174, max_th = 1.320443e+00, time=2025-04-10 22:51:18 
jj1 = 409, max_th = 2.256796e+00, time=2025-04-10 22:53:32 
jj1 = 485, max_th = 1.765567e+00, time=2025-04-10 22:55:06 
jj1 = 250, max_th = 1.894898e+00, time=2025-04-10 22:58:43 
jj1 = 93, max_th = 2.301683e+00, time=2025-04-10 22:58:45 
jj1 = 408, max_th = 1.555372e+00, time=2025-04-10 22:59:07 
jj1 = 135, max_th = 2.253792e+00, time=2025-04-10 23:01:07 
jj1 = 212, max_th = 2.386355e+00, time=2025-04-10 23:02:20 
jj1 = 367, max_th = 1.860167e+00, time=2025-04-10 23:02:57 
jj1 = 328, max_th = 1.875500e+00, time=2025-04-10 23:03:19 
jj1 = 445, max_th = 1.570402e+00, time=2025-04-10 23:04:36 
jj1 = 524, max_th = 2.022295e+00, time=2025-04-10 23:05:01 
jj1 = 289, max_th = 1.410293e+00, time=2025-04-10 23:05:34 
jj1 = 249, max_th = 1.401395e+00, time=2025-04-10 23:06:33 
jj1 = 523, max_th = 7.938900e-01, time=2025-04-10 23:07:29 
jj1 = 366, max_th = 2.859047e+00, time=2025-04-10 23:09:14 
jj1 = 365, max_th = 7.702216e-01, time=2025-04-10 23:11:39 
jj1 = 173, max_th = 2.475930e+00, time=2025-04-10 23:12:07 
jj1 = 484, max_th = 1.619406e+00, time=2025-04-10 23:12:48 
jj1 = 483, max_th = 6.856841e-01, time=2025-04-10 23:14:36 
jj1 = 288, max_th = 2.842331e+00, time=2025-04-10 23:16:23 
jj1 = 248, max_th = 1.899620e+00, time=2025-04-10 23:19:56 
jj1 = 444, max_th = 2.403095e+00, time=2025-04-10 23:21:39 
jj1 = 92, max_th = 2.083216e+00, time=2025-04-10 23:22:16 
jj1 = 522, max_th = 1.507212e+00, time=2025-04-10 23:22:33 
jj1 = 407, max_th = 2.243695e+00, time=2025-04-10 23:22:36 
jj1 = 247, max_th = 2.937831e+00, time=2025-04-10 23:24:34 
jj1 = 327, max_th = 2.202746e+00, time=2025-04-10 23:24:50 
jj1 = 172, max_th = 1.503448e+00, time=2025-04-10 23:26:12 
jj1 = 211, max_th = 2.085558e+00, time=2025-04-10 23:28:02 
jj1 = 364, max_th = 2.409985e+00, time=2025-04-10 23:29:25 
jj1 = 287, max_th = 1.329409e+00, time=2025-04-10 23:30:00 
jj1 = 246, max_th = 1.117256e+00, time=2025-04-10 23:31:46 
jj1 = 134, max_th = 1.912400e+00, time=2025-04-10 23:31:51 
jj1 = 406, max_th = 2.590424e+00, time=2025-04-10 23:34:48 
jj1 = 482, max_th = 1.794774e+00, time=2025-04-10 23:35:03 
jj1 = 245, max_th = 2.948153e+00, time=2025-04-10 23:35:14 
jj1 = 521, max_th = 1.492078e+00, time=2025-04-10 23:36:57 
jj1 = 91, max_th = 1.496549e+00, time=2025-04-10 23:37:34 
jj1 = 210, max_th = 3.320212e-01, time=2025-04-10 23:38:05 
jj1 = 326, max_th = 1.543595e+00, time=2025-04-10 23:38:53 
jj1 = 443, max_th = 1.678435e+00, time=2025-04-10 23:43:39 
jj1 = 286, max_th = 1.455983e+00, time=2025-04-10 23:45:52 
jj1 = 363, max_th = 2.306434e+00, time=2025-04-10 23:50:51 
jj1 = 171, max_th = 2.119043e+00, time=2025-04-10 23:51:23 
jj1 = 520, max_th = 2.436762e+00, time=2025-04-10 23:52:50 
jj1 = 325, max_th = 2.451266e+00, time=2025-04-10 23:54:46 
jj1 = 481, max_th = 1.630877e+00, time=2025-04-10 23:55:03 
jj1 = 90, max_th = 2.093201e+00, time=2025-04-10 23:57:50 
jj1 = 405, max_th = 2.067896e+00, time=2025-04-10 23:59:13 
jj1 = 133, max_th = 2.081255e+00, time=2025-04-11 00:00:59 
jj1 = 209, max_th = 1.033268e+00, time=2025-04-11 00:01:20 
jj1 = 244, max_th = 1.874104e+00, time=2025-04-11 00:01:24 
jj1 = 132, max_th = 3.894574e+00, time=2025-04-11 00:03:31 
jj1 = 519, max_th = 1.336878e+00, time=2025-04-11 00:05:21 
jj1 = 518, max_th = 3.021591e+00, time=2025-04-11 00:08:45 
jj1 = 285, max_th = 2.164270e+00, time=2025-04-11 00:09:03 
jj1 = 442, max_th = 2.036780e+00, time=2025-04-11 00:11:39 
jj1 = 362, max_th = 2.375789e+00, time=2025-04-11 00:13:21 
jj1 = 284, max_th = 9.965077e-01, time=2025-04-11 00:14:05 
jj1 = 480, max_th = 2.151313e+00, time=2025-04-11 00:14:14 
jj1 = 170, max_th = 1.929314e+00, time=2025-04-11 00:16:29 
jj1 = 243, max_th = 1.564950e+00, time=2025-04-11 00:17:40 
jj1 = 89, max_th = 2.536986e+00, time=2025-04-11 00:18:03 
jj1 = 324, max_th = 1.966484e+00, time=2025-04-11 00:20:24 
jj1 = 131, max_th = 2.150337e+00, time=2025-04-11 00:20:31 
jj1 = 404, max_th = 1.641268e+00, time=2025-04-11 00:22:12 
jj1 = 208, max_th = 2.123297e+00, time=2025-04-11 00:24:00 
jj1 = 207, max_th = 9.322135e-01, time=2025-04-11 00:28:24 
jj1 = 206, max_th = 3.566672e+00, time=2025-04-11 00:28:32 
jj1 = 517, max_th = 2.193744e+00, time=2025-04-11 00:30:39 
jj1 = 242, max_th = 9.005325e-01, time=2025-04-11 00:31:21 
jj1 = 283, max_th = 2.307285e+00, time=2025-04-11 00:31:45 
jj1 = 361, max_th = 2.429425e+00, time=2025-04-11 00:33:59 
jj1 = 441, max_th = 1.906639e+00, time=2025-04-11 00:35:06 
jj1 = 282, max_th = 1.126559e+00, time=2025-04-11 00:36:37 
jj1 = 323, max_th = 2.534979e+00, time=2025-04-11 00:37:08 
jj1 = 479, max_th = 2.057852e+00, time=2025-04-11 00:37:50 
jj1 = 169, max_th = 1.963797e+00, time=2025-04-11 00:39:20 
jj1 = 88, max_th = 1.872624e+00, time=2025-04-11 00:41:26 
jj1 = 205, max_th = 1.214660e+00, time=2025-04-11 00:42:59 
jj1 = 204, max_th = 2.963651e+00, time=2025-04-11 00:46:02 
jj1 = 130, max_th = 1.920170e+00, time=2025-04-11 00:48:30 
jj1 = 241, max_th = 1.901871e+00, time=2025-04-11 00:51:12 
jj1 = 360, max_th = 1.614851e+00, time=2025-04-11 00:52:56 
jj1 = 281, max_th = 2.325086e+00, time=2025-04-11 00:53:10 
jj1 = 403, max_th = 1.611419e+00, time=2025-04-11 00:53:32 
jj1 = 240, max_th = 4.192056e+00, time=2025-04-11 00:54:07 
jj1 = 168, max_th = 1.560249e+00, time=2025-04-11 00:54:59 
jj1 = 203, max_th = 2.668192e+00, time=2025-04-11 00:55:30 
jj1 = 440, max_th = 1.569079e+00, time=2025-04-11 00:57:55 
jj1 = 478, max_th = 2.291044e+00, time=2025-04-11 01:00:34 
jj1 = 87, max_th = 1.758398e+00, time=2025-04-11 01:00:47 
jj1 = 516, max_th = 1.890479e+00, time=2025-04-11 01:01:35 
jj1 = 477, max_th = 8.924560e-01, time=2025-04-11 01:02:09 
jj1 = 129, max_th = 1.258656e+00, time=2025-04-11 01:02:38 
jj1 = 322, max_th = 2.057636e+00, time=2025-04-11 01:03:06 
jj1 = 202, max_th = 1.314071e+00, time=2025-04-11 01:06:52 
jj1 = 515, max_th = 1.349481e+00, time=2025-04-11 01:08:43 
jj1 = 280, max_th = 1.620970e+00, time=2025-04-11 01:12:54 
jj1 = 359, max_th = 2.167886e+00, time=2025-04-11 01:14:52 
jj1 = 476, max_th = 2.428952e+00, time=2025-04-11 01:15:54 
jj1 = 167, max_th = 2.211536e+00, time=2025-04-11 01:16:33 
jj1 = 239, max_th = 1.560092e+00, time=2025-04-11 01:18:08 
jj1 = 402, max_th = 2.045035e+00, time=2025-04-11 01:22:06 
jj1 = 86, max_th = 2.118425e+00, time=2025-04-11 01:23:22 
jj1 = 439, max_th = 1.804429e+00, time=2025-04-11 01:24:50 
jj1 = 514, max_th = 2.427380e+00, time=2025-04-11 01:28:08 
jj1 = 201, max_th = 2.084610e+00, time=2025-04-11 01:29:20 
jj1 = 321, max_th = 2.074357e+00, time=2025-04-11 01:29:37 
jj1 = 238, max_th = 2.214097e+00, time=2025-04-11 01:31:38 
jj1 = 358, max_th = 1.478190e+00, time=2025-04-11 01:32:15 
jj1 = 320, max_th = 2.808819e+00, time=2025-04-11 01:34:34 
jj1 = 279, max_th = 1.916630e+00, time=2025-04-11 01:36:23 
jj1 = 128, max_th = 2.098518e+00, time=2025-04-11 01:36:52 
jj1 = 166, max_th = 2.330355e+00, time=2025-04-11 01:39:47 
jj1 = 357, max_th = 2.726475e+00, time=2025-04-11 01:40:04 
jj1 = 475, max_th = 1.955963e+00, time=2025-04-11 01:40:29 
jj1 = 401, max_th = 1.758315e+00, time=2025-04-11 01:41:05 
jj1 = 85, max_th = 2.489268e+00, time=2025-04-11 01:41:10 
jj1 = 165, max_th = 7.956968e-01, time=2025-04-11 01:44:07 
jj1 = 438, max_th = 2.364418e+00, time=2025-04-11 01:45:26 
jj1 = 474, max_th = 9.680576e-01, time=2025-04-11 01:45:51 
jj1 = 237, max_th = 1.607070e+00, time=2025-04-11 01:47:23 
jj1 = 278, max_th = 1.455893e+00, time=2025-04-11 01:50:33 
jj1 = 277, max_th = 3.108817e+00, time=2025-04-11 01:53:23 
jj1 = 400, max_th = 2.481245e+00, time=2025-04-11 01:57:04 
jj1 = 164, max_th = 2.011431e+00, time=2025-04-11 01:57:45 
jj1 = 200, max_th = 1.892247e+00, time=2025-04-11 01:58:18 
jj1 = 356, max_th = 2.245059e+00, time=2025-04-11 01:58:21 
jj1 = 513, max_th = 1.935406e+00, time=2025-04-11 01:58:35 
jj1 = 399, max_th = 1.074995e+00, time=2025-04-11 02:03:50 
jj1 = 127, max_th = 2.101346e+00, time=2025-04-11 02:04:11 
jj1 = 84, max_th = 1.926070e+00, time=2025-04-11 02:04:41 
jj1 = 276, max_th = 2.493435e+00, time=2025-04-11 02:07:05 
jj1 = 473, max_th = 1.837990e+00, time=2025-04-11 02:08:56 
jj1 = 437, max_th = 2.180440e+00, time=2025-04-11 02:10:22 
jj1 = 319, max_th = 2.194408e+00, time=2025-04-11 02:10:48 
jj1 = 236, max_th = 1.887708e+00, time=2025-04-11 02:11:15 
jj1 = 398, max_th = 2.250122e+00, time=2025-04-11 02:15:52 
jj1 = 355, max_th = 2.269730e+00, time=2025-04-11 02:17:58 
jj1 = 126, max_th = 2.460567e+00, time=2025-04-11 02:20:02 
jj1 = 163, max_th = 1.707800e+00, time=2025-04-11 02:21:10 
jj1 = 83, max_th = 1.464780e+00, time=2025-04-11 02:21:12 
jj1 = 512, max_th = 1.888994e+00, time=2025-04-11 02:24:09 
jj1 = 199, max_th = 1.835716e+00, time=2025-04-11 02:25:01 
jj1 = 472, max_th = 2.324383e+00, time=2025-04-11 02:25:11 
jj1 = 235, max_th = 1.849509e+00, time=2025-04-11 02:26:00 
jj1 = 436, max_th = 1.796818e+00, time=2025-04-11 02:27:54 
jj1 = 397, max_th = 1.549223e+00, time=2025-04-11 02:28:56 
jj1 = 318, max_th = 1.604386e+00, time=2025-04-11 02:29:08 
jj1 = 125, max_th = 2.678014e+00, time=2025-04-11 02:29:21 
jj1 = 275, max_th = 1.861956e+00, time=2025-04-11 02:30:09 
jj1 = 396, max_th = 2.962626e+00, time=2025-04-11 02:33:13 
jj1 = 162, max_th = 2.000999e+00, time=2025-04-11 02:35:55 
jj1 = 354, max_th = 1.619731e+00, time=2025-04-11 02:38:06 
jj1 = 82, max_th = 1.620505e+00, time=2025-04-11 02:38:40 
jj1 = 353, max_th = 3.350655e+00, time=2025-04-11 02:39:31 
jj1 = 198, max_th = 2.047742e+00, time=2025-04-11 02:45:05 
jj1 = 471, max_th = 2.197722e+00, time=2025-04-11 02:45:12 
jj1 = 511, max_th = 2.087402e+00, time=2025-04-11 02:47:18 
jj1 = 435, max_th = 1.700536e+00, time=2025-04-11 02:48:38 
jj1 = 197, max_th = 9.802310e-01, time=2025-04-11 02:49:02 
jj1 = 124, max_th = 1.740826e+00, time=2025-04-11 02:50:14 
jj1 = 274, max_th = 1.654720e+00, time=2025-04-11 02:50:44 
jj1 = 234, max_th = 1.922979e+00, time=2025-04-11 02:52:49 
jj1 = 317, max_th = 1.915416e+00, time=2025-04-11 02:53:03 
jj1 = 395, max_th = 2.269761e+00, time=2025-04-11 02:53:18 
jj1 = 233, max_th = -1.227767e-01, time=2025-04-11 02:53:28 
jj1 = 81, max_th = 2.216146e+00, time=2025-04-11 02:54:52 
jj1 = 161, max_th = 2.031782e+00, time=2025-04-11 02:59:15 
jj1 = 232, max_th = 9.578905e-01, time=2025-04-11 03:00:43 
jj1 = 352, max_th = 1.903636e+00, time=2025-04-11 03:01:04 
jj1 = 470, max_th = 2.411416e+00, time=2025-04-11 03:01:53 
jj1 = 160, max_th = 2.861942e+00, time=2025-04-11 03:03:32 
jj1 = 80, max_th = 9.808335e-01, time=2025-04-11 03:06:26 
jj1 = 273, max_th = 2.583179e+00, time=2025-04-11 03:07:16 
jj1 = 123, max_th = 2.430768e+00, time=2025-04-11 03:08:56 
jj1 = 434, max_th = 2.405017e+00, time=2025-04-11 03:10:12 
jj1 = 196, max_th = 1.680297e+00, time=2025-04-11 03:11:02 
jj1 = 394, max_th = 2.123131e+00, time=2025-04-11 03:20:22 
jj1 = 231, max_th = 2.316502e+00, time=2025-04-11 03:20:45 
jj1 = 159, max_th = 2.346392e+00, time=2025-04-11 03:21:04 
jj1 = 510, max_th = 2.230671e+00, time=2025-04-11 03:21:45 
jj1 = 316, max_th = 2.275035e+00, time=2025-04-11 03:23:05 
jj1 = 433, max_th = 1.261730e+00, time=2025-04-11 03:23:34 
jj1 = 195, max_th = 2.444221e+00, time=2025-04-11 03:24:56 
jj1 = 469, max_th = 1.770434e+00, time=2025-04-11 03:25:11 
jj1 = 79, max_th = 2.218249e+00, time=2025-04-11 03:25:48 
jj1 = 393, max_th = 1.092841e+00, time=2025-04-11 03:26:36 
jj1 = 351, max_th = 2.219295e+00, time=2025-04-11 03:28:38 
jj1 = 272, max_th = 1.757073e+00, time=2025-04-11 03:29:18 
jj1 = 122, max_th = 1.527332e+00, time=2025-04-11 03:30:39 
jj1 = 78, max_th = 2.879301e+00, time=2025-04-11 03:33:48 
jj1 = 194, max_th = 1.461876e+00, time=2025-04-11 03:38:18 
jj1 = 315, max_th = 2.689082e+00, time=2025-04-11 03:38:36 
jj1 = 158, max_th = 2.402696e+00, time=2025-04-11 03:39:37 
jj1 = 350, max_th = 2.513700e+00, time=2025-04-11 03:43:03 
jj1 = 121, max_th = 1.174310e+00, time=2025-04-11 03:43:33 
jj1 = 432, max_th = 1.472621e+00, time=2025-04-11 03:44:46 
jj1 = 509, max_th = 1.841173e+00, time=2025-04-11 03:45:35 
jj1 = 468, max_th = 1.861054e+00, time=2025-04-11 03:46:15 
jj1 = 392, max_th = 2.097460e+00, time=2025-04-11 03:46:25 
jj1 = 77, max_th = 1.425006e+00, time=2025-04-11 03:46:41 
jj1 = 230, max_th = 1.906397e+00, time=2025-04-11 03:46:57 
jj1 = 271, max_th = 2.006009e+00, time=2025-04-11 03:52:22 
jj1 = 157, max_th = 2.173559e+00, time=2025-04-11 03:56:55 
jj1 = 467, max_th = 1.311314e+00, time=2025-04-11 03:57:20 
jj1 = 314, max_th = 1.371124e+00, time=2025-04-11 03:58:23 
jj1 = 156, max_th = 3.131139e+00, time=2025-04-11 03:58:24 
jj1 = 229, max_th = 1.701702e+00, time=2025-04-11 03:59:21 
jj1 = 120, max_th = 2.511786e+00, time=2025-04-11 04:02:54 
jj1 = 391, max_th = 2.374913e+00, time=2025-04-11 04:03:57 
jj1 = 431, max_th = 2.216856e+00, time=2025-04-11 04:06:23 
jj1 = 349, max_th = 2.216221e+00, time=2025-04-11 04:07:35 
jj1 = 193, max_th = 1.972529e+00, time=2025-04-11 04:08:49 
jj1 = 228, max_th = 1.352101e+00, time=2025-04-11 04:10:02 
jj1 = 508, max_th = 1.272986e+00, time=2025-04-11 04:11:36 
jj1 = 76, max_th = 2.093647e+00, time=2025-04-11 04:11:49 
jj1 = 155, max_th = 2.294797e+00, time=2025-04-11 04:15:37 
jj1 = 466, max_th = 2.257422e+00, time=2025-04-11 04:21:33 
jj1 = 192, max_th = 2.440927e+00, time=2025-04-11 04:24:16 
jj1 = 227, max_th = 2.346959e+00, time=2025-04-11 04:25:41 
jj1 = 313, max_th = 1.791300e+00, time=2025-04-11 04:25:58 
jj1 = 119, max_th = 1.812319e+00, time=2025-04-11 04:27:06 
jj1 = 390, max_th = 1.789951e+00, time=2025-04-11 04:27:44 
jj1 = 270, max_th = 2.074703e+00, time=2025-04-11 04:29:30 
jj1 = 226, max_th = 2.906279e+00, time=2025-04-11 04:29:34 
jj1 = 465, max_th = 2.381279e+00, time=2025-04-11 04:30:03 
jj1 = 348, max_th = 1.580006e+00, time=2025-04-11 04:31:49 
jj1 = 75, max_th = 2.002776e+00, time=2025-04-11 04:31:51 
jj1 = 507, max_th = 2.072799e+00, time=2025-04-11 04:31:54 
jj1 = 430, max_th = 1.355781e+00, time=2025-04-11 04:33:33 
jj1 = 154, max_th = 2.037721e+00, time=2025-04-11 04:33:35 
jj1 = 225, max_th = 9.383546e-01, time=2025-04-11 04:38:03 
jj1 = 74, max_th = 1.159465e+00, time=2025-04-11 04:41:23 
jj1 = 464, max_th = 1.505942e+00, time=2025-04-11 04:43:58 
jj1 = 191, max_th = 2.388332e+00, time=2025-04-11 04:44:52 
jj1 = 269, max_th = 1.591671e+00, time=2025-04-11 04:46:34 
jj1 = 506, max_th = 2.112299e+00, time=2025-04-11 04:50:49 
jj1 = 389, max_th = 2.097061e+00, time=2025-04-11 04:51:28 
jj1 = 312, max_th = 2.014219e+00, time=2025-04-11 04:55:15 
jj1 = 347, max_th = 2.281827e+00, time=2025-04-11 04:55:21 
jj1 = 153, max_th = 2.231239e+00, time=2025-04-11 04:55:30 
jj1 = 73, max_th = 1.596335e+00, time=2025-04-11 04:57:12 
jj1 = 429, max_th = 1.978645e+00, time=2025-04-11 04:58:38 
jj1 = 190, max_th = 2.306723e+00, time=2025-04-11 05:02:14 
jj1 = 118, max_th = 1.970705e+00, time=2025-04-11 05:04:39 
jj1 = 189, max_th = 8.217244e-01, time=2025-04-11 05:05:24 
jj1 = 463, max_th = 1.664531e+00, time=2025-04-11 05:05:32 
jj1 = 428, max_th = 1.444645e+00, time=2025-04-11 05:09:05 
jj1 = 388, max_th = 1.592865e+00, time=2025-04-11 05:09:47 
jj1 = 268, max_th = 1.753929e+00, time=2025-04-11 05:10:58 
jj1 = 505, max_th = 1.810202e+00, time=2025-04-11 05:13:33 
jj1 = 72, max_th = 1.852161e+00, time=2025-04-11 05:15:51 
jj1 = 346, max_th = 1.531746e+00, time=2025-04-11 05:18:12 
jj1 = 71, max_th = 1.700000e+00, time=2025-04-11 05:19:16 
jj1 = 188, max_th = 1.916026e+00, time=2025-04-11 05:22:33 
jj1 = 427, max_th = 1.564788e+00, time=2025-04-11 05:22:38 
jj1 = 224, max_th = 2.207954e+00, time=2025-04-11 05:23:36 
jj1 = 223, max_th = 3.012318e+00, time=2025-04-11 05:26:57 
jj1 = 187, max_th = 1.168847e+00, time=2025-04-11 05:27:49 
jj1 = 311, max_th = 2.041716e+00, time=2025-04-11 05:29:39 
jj1 = 267, max_th = 2.180195e+00, time=2025-04-11 05:33:34 
jj1 = 152, max_th = 1.888365e+00, time=2025-04-11 05:34:54 
jj1 = 117, max_th = 1.920067e+00, time=2025-04-11 05:35:40 
jj1 = 70, max_th = 1.856704e+00, time=2025-04-11 05:36:07 
jj1 = 462, max_th = 2.071334e+00, time=2025-04-11 05:36:34 
jj1 = 387, max_th = 1.612426e+00, time=2025-04-11 05:37:40 
jj1 = 186, max_th = 1.134879e+00, time=2025-04-11 05:38:27 
jj1 = 266, max_th = 2.871954e+00, time=2025-04-11 05:38:49 
jj1 = 426, max_th = 1.379129e+00, time=2025-04-11 05:40:02 
jj1 = 504, max_th = 1.981915e+00, time=2025-04-11 05:40:47 
jj1 = 222, max_th = 2.004830e+00, time=2025-04-11 05:43:10 
jj1 = 386, max_th = 2.856733e+00, time=2025-04-11 05:43:57 
jj1 = 345, max_th = 1.591593e+00, time=2025-04-11 05:44:12 
jj1 = 69, max_th = 1.337334e+00, time=2025-04-11 05:45:31 
jj1 = 265, max_th = 2.661471e+00, time=2025-04-11 05:49:31 
jj1 = 310, max_th = 1.851509e+00, time=2025-04-11 05:51:25 
jj1 = 461, max_th = 1.573742e+00, time=2025-04-11 05:51:56 
jj1 = 385, max_th = 2.606496e+00, time=2025-04-11 05:52:16 
jj1 = 151, max_th = 2.356075e+00, time=2025-04-11 05:53:36 
jj1 = 344, max_th = 1.602968e+00, time=2025-04-11 05:57:46 
jj1 = 116, max_th = 2.405950e+00, time=2025-04-11 05:58:52 
jj1 = 150, max_th = 2.700279e+00, time=2025-04-11 06:00:32 
jj1 = 185, max_th = 1.924693e+00, time=2025-04-11 06:00:35 
jj1 = 221, max_th = 1.857472e+00, time=2025-04-11 06:02:04 
jj1 = 460, max_th = 1.454565e+00, time=2025-04-11 06:02:25 
jj1 = 264, max_th = 2.605070e+00, time=2025-04-11 06:03:12 
jj1 = 503, max_th = 2.023757e+00, time=2025-04-11 06:08:11 
jj1 = 425, max_th = 2.366636e+00, time=2025-04-11 06:08:25 
jj1 = 263, max_th = 8.836681e-01, time=2025-04-11 06:09:11 
jj1 = 68, max_th = 2.211622e+00, time=2025-04-11 06:09:18 
jj1 = 459, max_th = 1.638967e+00, time=2025-04-11 06:12:55 
jj1 = 343, max_th = 2.341644e+00, time=2025-04-11 06:14:09 
jj1 = 309, max_th = 1.512196e+00, time=2025-04-11 06:14:14 
jj1 = 384, max_th = 1.966676e+00, time=2025-04-11 06:18:41 
jj1 = 458, max_th = 1.084731e+00, time=2025-04-11 06:24:01 
jj1 = 220, max_th = 1.562605e+00, time=2025-04-11 06:25:18 
jj1 = 184, max_th = 2.037665e+00, time=2025-04-11 06:25:52 
jj1 = 342, max_th = 2.587706e+00, time=2025-04-11 06:27:10 
jj1 = 149, max_th = 2.075928e+00, time=2025-04-11 06:28:46 
jj1 = 502, max_th = 2.252636e+00, time=2025-04-11 06:30:59 
jj1 = 67, max_th = 2.087331e+00, time=2025-04-11 06:33:01 
jj1 = 308, max_th = 2.256305e+00, time=2025-04-11 06:33:48 
jj1 = 262, max_th = 2.225616e+00, time=2025-04-11 06:34:01 
jj1 = 219, max_th = 1.518432e+00, time=2025-04-11 06:36:03 
jj1 = 424, max_th = 1.971408e+00, time=2025-04-11 06:36:04 
jj1 = 115, max_th = 2.084113e+00, time=2025-04-11 06:40:31 
jj1 = 457, max_th = 2.167825e+00, time=2025-04-11 06:43:21 
jj1 = 148, max_th = 2.357980e+00, time=2025-04-11 06:45:38 
jj1 = 383, max_th = 1.967174e+00, time=2025-04-11 06:47:42 
jj1 = 423, max_th = 2.565790e+00, time=2025-04-11 06:49:16 
jj1 = 183, max_th = 1.217373e+00, time=2025-04-11 06:50:13 
jj1 = 341, max_th = 2.057179e+00, time=2025-04-11 06:50:28 
jj1 = 66, max_th = 1.529504e+00, time=2025-04-11 06:52:00 
jj1 = 456, max_th = 2.697882e+00, time=2025-04-11 06:53:48 
jj1 = 114, max_th = 1.423662e+00, time=2025-04-11 06:55:57 
jj1 = 501, max_th = 1.938258e+00, time=2025-04-11 06:57:29 
jj1 = 218, max_th = 2.180284e+00, time=2025-04-11 06:57:37 
jj1 = 307, max_th = 1.815411e+00, time=2025-04-11 06:58:17 
jj1 = 455, max_th = 2.781059e+00, time=2025-04-11 07:01:01 
jj1 = 261, max_th = 2.018091e+00, time=2025-04-11 07:02:39 
jj1 = 182, max_th = 1.602067e+00, time=2025-04-11 07:03:25 
jj1 = 217, max_th = 9.897096e-01, time=2025-04-11 07:03:42 
jj1 = 147, max_th = 1.870156e+00, time=2025-04-11 07:07:04 
jj1 = 65, max_th = 2.564264e+00, time=2025-04-11 07:07:13 
jj1 = 382, max_th = 1.542370e+00, time=2025-04-11 07:07:25 
jj1 = 548, max_th = 1.176741e+00, time=2025-04-11 07:11:15 
jj1 = 422, max_th = 1.806194e+00, time=2025-04-11 07:12:33 
jj1 = 64, max_th = 1.202982e+00, time=2025-04-11 07:13:19 
jj1 = 454, max_th = 1.561190e+00, time=2025-04-11 07:14:54 
jj1 = 340, max_th = 1.762992e+00, time=2025-04-11 07:16:59 
jj1 = 260, max_th = 2.366470e+00, time=2025-04-11 07:22:54 
jj1 = 339, max_th = 1.102821e+00, time=2025-04-11 07:23:06 
jj1 = 500, max_th = 1.522026e+00, time=2025-04-11 07:25:57 
jj1 = 113, max_th = 1.975385e+00, time=2025-04-11 07:26:47 
jj1 = 181, max_th = 1.412435e+00, time=2025-04-11 07:26:54 
jj1 = 146, max_th = 2.285732e+00, time=2025-04-11 07:28:29 
jj1 = 306, max_th = 1.727629e+00, time=2025-04-11 07:30:11 
jj1 = 421, max_th = 2.151465e+00, time=2025-04-11 07:30:23 
jj1 = 381, max_th = 1.927104e+00, time=2025-04-11 07:30:38 
jj1 = 420, max_th = 3.583203e+00, time=2025-04-11 07:31:09 
jj1 = 547, max_th = 1.772892e+00, time=2025-04-11 07:33:03 
jj1 = 546, max_th = 2.994793e+00, time=2025-04-11 07:37:49 
jj1 = 63, max_th = 1.833541e+00, time=2025-04-11 07:39:05 
jj1 = 338, max_th = 1.700940e+00, time=2025-04-11 07:40:58 
jj1 = 259, max_th = 1.790438e+00, time=2025-04-11 07:43:32 
jj1 = 180, max_th = 2.713121e+00, time=2025-04-11 07:43:34 
jj1 = 499, max_th = 2.476314e+00, time=2025-04-11 07:44:54 
jj1 = 419, max_th = 2.366049e+00, time=2025-04-11 07:45:46 
jj1 = 453, max_th = 2.052108e+00, time=2025-04-11 07:47:27 
jj1 = 112, max_th = 1.669398e+00, time=2025-04-11 07:47:50 
jj1 = 380, max_th = 2.390189e+00, time=2025-04-11 07:50:05 
jj1 = 305, max_th = 2.199122e+00, time=2025-04-11 07:50:10 
jj1 = 337, max_th = 1.352207e+00, time=2025-04-11 07:50:59 
jj1 = 545, max_th = 1.552772e+00, time=2025-04-11 07:51:16 
jj1 = 145, max_th = 2.138975e+00, time=2025-04-11 07:52:01 
jj1 = 544, max_th = 3.040361e+00, time=2025-04-11 07:55:56 
jj1 = 258, max_th = 1.530846e+00, time=2025-04-11 07:56:05 
jj1 = 62, max_th = 2.055483e+00, time=2025-04-11 07:57:21 
jj1 = 498, max_th = 1.362574e+00, time=2025-04-11 08:01:13 
jj1 = 144, max_th = 1.273329e+00, time=2025-04-11 08:01:13 
jj1 = 61, max_th = 1.166450e+00, time=2025-04-11 08:01:36 
jj1 = 111, max_th = 2.625700e+00, time=2025-04-11 08:03:42 
jj1 = 179, max_th = 2.237004e+00, time=2025-04-11 08:06:18 
jj1 = 452, max_th = 1.669411e+00, time=2025-04-11 08:07:25 
jj1 = 110, max_th = 2.982619e+00, time=2025-04-11 08:07:39 
jj1 = 648, max_th = 2.853526e+00, time=2025-04-11 08:08:20 
jj1 = 304, max_th = 2.481311e+00, time=2025-04-11 08:09:10 
jj1 = 647, max_th = 3.990751e+00, time=2025-04-11 08:12:01 
jj1 = 143, max_th = 2.545598e+00, time=2025-04-11 08:12:33 
jj1 = 497, max_th = 2.552251e+00, time=2025-04-11 08:13:40 
jj1 = 379, max_th = 1.891097e+00, time=2025-04-11 08:17:27 
jj1 = 257, max_th = 2.423913e+00, time=2025-04-11 08:17:34 
jj1 = 418, max_th = 2.165824e+00, time=2025-04-11 08:18:51 
jj1 = 336, max_th = 2.077053e+00, time=2025-04-11 08:19:25 
jj1 = 543, max_th = 1.809748e+00, time=2025-04-11 08:21:30 
jj1 = 109, max_th = 2.484902e+00, time=2025-04-11 08:24:43 
jj1 = 646, max_th = 2.498439e+00, time=2025-04-11 08:25:07 
jj1 = 178, max_th = 1.720143e+00, time=2025-04-11 08:25:21 
jj1 = 303, max_th = 1.516150e+00, time=2025-04-11 08:25:26 
jj1 = 378, max_th = 1.151908e+00, time=2025-04-11 08:25:32 
jj1 = 142, max_th = 1.347981e+00, time=2025-04-11 08:28:32 
jj1 = 451, max_th = 2.211079e+00, time=2025-04-11 08:29:28 
jj1 = 496, max_th = 1.646858e+00, time=2025-04-11 08:31:49 
jj1 = 335, max_th = 2.668691e+00, time=2025-04-11 08:32:26 
jj1 = 417, max_th = 2.489908e+00, time=2025-04-11 08:34:07 
jj1 = 302, max_th = 1.370069e+00, time=2025-04-11 08:34:42 
jj1 = 542, max_th = 2.203036e+00, time=2025-04-11 08:38:39 
jj1 = 108, max_th = 2.572296e+00, time=2025-04-11 08:39:39 
jj1 = 688, max_th = 1.517433e+00, time=2025-04-11 08:40:09 
jj1 = 256, max_th = 1.860653e+00, time=2025-04-11 08:42:11 
jj1 = 141, max_th = 2.286899e+00, time=2025-04-11 08:42:53 
jj1 = 588, max_th = 8.173578e-01, time=2025-04-11 08:43:14 
jj1 = 377, max_th = 2.354260e+00, time=2025-04-11 08:43:43 
jj1 = 608, max_th = 3.071931e+00, time=2025-04-11 08:44:36 
jj1 = 645, max_th = 2.164072e+00, time=2025-04-11 08:48:21 
jj1 = 376, max_th = 2.753589e+00, time=2025-04-11 08:52:40 
jj1 = 334, max_th = 1.443007e+00, time=2025-04-11 08:53:12 
jj1 = 416, max_th = 1.901976e+00, time=2025-04-11 08:53:19 
jj1 = 301, max_th = 2.153090e+00, time=2025-04-11 08:58:08 
jj1 = 495, max_th = 2.111873e+00, time=2025-04-11 08:58:20 
jj1 = 494, max_th = -6.408880e-02, time=2025-04-11 08:59:36 
jj1 = 687, max_th = 2.282506e+00, time=2025-04-11 08:59:51 
jj1 = 140, max_th = 1.644314e+00, time=2025-04-11 09:00:15 
jj1 = 607, max_th = 1.357176e+00, time=2025-04-11 09:01:19 
jj1 = 541, max_th = 2.034629e+00, time=2025-04-11 09:01:35 
jj1 = 587, max_th = 2.177317e+00, time=2025-04-11 09:02:44 
jj1 = 107, max_th = 2.227221e+00, time=2025-04-11 09:04:11 
jj1 = 540, max_th = 1.004190e+00, time=2025-04-11 09:06:59 
jj1 = 644, max_th = 1.770050e+00, time=2025-04-11 09:08:51 
jj1 = 415, max_th = 1.316747e+00, time=2025-04-11 09:08:59 
jj1 = 139, max_th = 2.833814e+00, time=2025-04-11 09:09:05 
jj1 = 728, max_th = 2.907464e+00, time=2025-04-11 09:12:24 
jj1 = 628, max_th = 2.216886e+00, time=2025-04-11 09:16:42 
jj1 = 586, max_th = 2.101317e+00, time=2025-04-11 09:20:52 
jj1 = 686, max_th = 2.369203e+00, time=2025-04-11 09:21:43 
jj1 = 300, max_th = 1.653666e+00, time=2025-04-11 09:22:32 
jj1 = 493, max_th = 2.051498e+00, time=2025-04-11 09:22:44 
jj1 = 539, max_th = 2.310954e+00, time=2025-04-11 09:23:54 
jj1 = 106, max_th = 1.568341e+00, time=2025-04-11 09:27:25 
jj1 = 606, max_th = 1.395155e+00, time=2025-04-11 09:29:04 
jj1 = 375, max_th = 1.690752e+00, time=2025-04-11 09:32:37 
jj1 = 299, max_th = 1.664679e+00, time=2025-04-11 09:33:18 
jj1 = 643, max_th = 2.123297e+00, time=2025-04-11 09:36:10 
jj1 = 605, max_th = 1.057403e+00, time=2025-04-11 09:36:40 
jj1 = 414, max_th = 1.796564e+00, time=2025-04-11 09:38:35 
jj1 = 538, max_th = 2.290610e+00, time=2025-04-11 09:43:08 
jj1 = 585, max_th = 2.041820e+00, time=2025-04-11 09:44:50 
jj1 = 627, max_th = 2.073845e+00, time=2025-04-11 09:45:38 
jj1 = 492, max_th = 2.317666e+00, time=2025-04-11 09:47:25 
jj1 = 298, max_th = 2.560061e+00, time=2025-04-11 09:47:28 
jj1 = 491, max_th = 2.739429e-01, time=2025-04-11 09:48:09 
jj1 = 685, max_th = 1.985373e+00, time=2025-04-11 09:48:23 
jj1 = 105, max_th = 2.388460e+00, time=2025-04-11 09:48:33 
jj1 = 584, max_th = 3.069615e+00, time=2025-04-11 09:49:56 
jj1 = 642, max_th = 2.472240e+00, time=2025-04-11 09:51:35 
jj1 = 374, max_th = 1.609420e+00, time=2025-04-11 09:51:45 
jj1 = 413, max_th = 1.480280e+00, time=2025-04-11 09:54:22 
jj1 = 626, max_th = 1.194859e+00, time=2025-04-11 09:54:58 
jj1 = 412, max_th = 8.496480e-01, time=2025-04-11 09:57:11 
jj1 = 625, max_th = 2.689294e+00, time=2025-04-11 10:01:15 
jj1 = 537, max_th = 1.468614e+00, time=2025-04-11 10:02:43 
jj1 = 297, max_th = 2.158469e+00, time=2025-04-11 10:02:45 
jj1 = 604, max_th = 1.754272e+00, time=2025-04-11 10:03:52 
jj1 = 684, max_th = 1.394565e+00, time=2025-04-11 10:04:11 
jj1 = 490, max_th = 1.729207e+00, time=2025-04-11 10:08:44 
jj1 = 373, max_th = 2.463389e+00, time=2025-04-11 10:09:42 
jj1 = 683, max_th = 2.679959e+00, time=2025-04-11 10:11:30 
jj1 = 583, max_th = 2.082961e+00, time=2025-04-11 10:11:46 
jj1 = 624, max_th = 1.289245e+00, time=2025-04-11 10:13:48 
jj1 = 641, max_th = 1.574419e+00, time=2025-04-11 10:14:27 
jj1 = 682, max_th = 8.494927e-01, time=2025-04-11 10:14:39 
jj1 = 104, max_th = 1.972267e+00, time=2025-04-11 10:16:29 
jj1 = 582, max_th = 2.852280e+00, time=2025-04-11 10:18:53 
jj1 = 668, max_th = 2.076963e+00, time=2025-04-11 10:26:53 
jj1 = 603, max_th = 1.790624e+00, time=2025-04-11 10:27:23 
jj1 = 536, max_th = 2.143174e+00, time=2025-04-11 10:27:56 
jj1 = 296, max_th = 1.867998e+00, time=2025-04-11 10:28:52 
jj1 = 681, max_th = 2.001358e+00, time=2025-04-11 10:31:01 
jj1 = 748, max_th = 2.238588e+00, time=2025-04-11 10:33:01 
jj1 = 103, max_th = 2.101226e+00, time=2025-04-11 10:33:22 
jj1 = 640, max_th = 2.516462e+00, time=2025-04-11 10:33:41 
jj1 = 768, max_th = 1.909365e+00, time=2025-04-11 10:34:35 
jj1 = 623, max_th = 2.151184e+00, time=2025-04-11 10:36:20 
jj1 = 602, max_th = 2.390521e+00, time=2025-04-11 10:37:36 
jj1 = 581, max_th = 1.682751e+00, time=2025-04-11 10:41:16 
jj1 = 680, max_th = 3.352641e+00, time=2025-04-11 10:42:56 
jj1 = 667, max_th = 2.391109e+00, time=2025-04-11 10:45:41 
jj1 = 535, max_th = 2.002638e+00, time=2025-04-11 10:45:59 
jj1 = 639, max_th = 2.167266e+00, time=2025-04-11 10:50:40 
jj1 = 102, max_th = 1.895357e+00, time=2025-04-11 10:53:33 
jj1 = 601, max_th = 1.942057e+00, time=2025-04-11 10:58:27 
jj1 = 295, max_th = 1.891426e+00, time=2025-04-11 11:00:20 
jj1 = 580, max_th = 2.213578e+00, time=2025-04-11 11:01:12 
jj1 = 747, max_th = 2.025067e+00, time=2025-04-11 11:02:38 
jj1 = 679, max_th = 2.211476e+00, time=2025-04-11 11:02:44 
jj1 = 767, max_th = 1.968127e+00, time=2025-04-11 11:03:02 
jj1 = 622, max_th = 2.083728e+00, time=2025-04-11 11:03:07 
jj1 = 727, max_th = 2.226844e+00, time=2025-04-11 11:03:55 
jj1 = 534, max_th = 2.172229e+00, time=2025-04-11 11:04:48 
jj1 = 579, max_th = 3.465860e+00, time=2025-04-11 11:08:43 
jj1 = 666, max_th = 1.784770e+00, time=2025-04-11 11:09:40 
jj1 = 726, max_th = 2.799841e+00, time=2025-04-11 11:10:39 
jj1 = 638, max_th = 1.807448e+00, time=2025-04-11 11:12:01 
jj1 = 101, max_th = 2.336076e+00, time=2025-04-11 11:16:07 
jj1 = 621, max_th = 1.312419e+00, time=2025-04-11 11:16:21 
jj1 = 600, max_th = 2.193949e+00, time=2025-04-11 11:17:18 
jj1 = 665, max_th = 1.176930e+00, time=2025-04-11 11:18:05 
jj1 = 637, max_th = 1.174537e+00, time=2025-04-11 11:18:54 
jj1 = 766, max_th = 1.577060e+00, time=2025-04-11 11:21:09 
jj1 = 533, max_th = 2.145738e+00, time=2025-04-11 11:24:09 
jj1 = 725, max_th = 2.341368e+00, time=2025-04-11 11:24:22 
jj1 = 568, max_th = 1.710213e+00, time=2025-04-11 11:24:59 
jj1 = 678, max_th = 2.429751e+00, time=2025-04-11 11:28:32 
jj1 = 724, max_th = 1.158977e+00, time=2025-04-11 11:32:23 
jj1 = 578, max_th = 2.233054e+00, time=2025-04-11 11:32:26 
jj1 = 664, max_th = 2.537781e+00, time=2025-04-11 11:36:28 
jj1 = 599, max_th = 2.071529e+00, time=2025-04-11 11:37:00 
jj1 = 532, max_th = 2.528251e+00, time=2025-04-11 11:37:45 
jj1 = 577, max_th = 2.804056e+00, time=2025-04-11 11:38:37 
jj1 = 636, max_th = 1.930828e+00, time=2025-04-11 11:38:41 
jj1 = 746, max_th = 2.079854e+00, time=2025-04-11 11:38:50 
jj1 = 765, max_th = 2.438762e+00, time=2025-04-11 11:39:17 
jj1 = 100, max_th = 1.835368e+00, time=2025-04-11 11:41:06 
jj1 = 620, max_th = 2.173687e+00, time=2025-04-11 11:42:13 
jj1 = 567, max_th = 1.960157e+00, time=2025-04-11 11:47:11 
jj1 = 576, max_th = 2.858867e+00, time=2025-04-11 11:52:29 
jj1 = 677, max_th = 1.913774e+00, time=2025-04-11 11:52:34 
jj1 = 723, max_th = 1.805953e+00, time=2025-04-11 11:54:00 
jj1 = 663, max_th = 1.757834e+00, time=2025-04-11 11:57:25 
jj1 = 531, max_th = 2.256199e+00, time=2025-04-11 11:57:58 
jj1 = 676, max_th = 3.184888e+00, time=2025-04-11 11:58:34 
jj1 = 635, max_th = 1.786127e+00, time=2025-04-11 11:58:47 
jj1 = 745, max_th = 2.275945e+00, time=2025-04-11 12:00:00 
jj1 = 634, max_th = 2.902665e+00, time=2025-04-11 12:01:38 
jj1 = 598, max_th = 2.074932e+00, time=2025-04-11 12:02:01 
jj1 = 722, max_th = 1.134848e+00, time=2025-04-11 12:03:07 
jj1 = 530, max_th = 2.753934e+00, time=2025-04-11 12:06:32 
jj1 = 764, max_th = 1.926224e+00, time=2025-04-11 12:07:14 
jj1 = 708, max_th = 1.938430e+00, time=2025-04-11 12:07:57 
jj1 = 619, max_th = 2.230237e+00, time=2025-04-11 12:09:43 
jj1 = 597, max_th = 1.070049e+00, time=2025-04-11 12:11:05 
jj1 = 566, max_th = 1.718734e+00, time=2025-04-11 12:15:54 
jj1 = 596, max_th = 1.067018e+00, time=2025-04-11 12:16:14 
jj1 = 662, max_th = 2.407415e+00, time=2025-04-11 12:17:06 
jj1 = 675, max_th = 1.634351e+00, time=2025-04-11 12:17:53 
jj1 = 707, max_th = 1.268491e+00, time=2025-04-11 12:17:57 
jj1 = 633, max_th = 1.548215e+00, time=2025-04-11 12:19:08 
jj1 = 575, max_th = 2.046531e+00, time=2025-04-11 12:19:20 
jj1 = 744, max_th = 2.361994e+00, time=2025-04-11 12:19:25 
jj1 = 565, max_th = 3.208955e+00, time=2025-04-11 12:20:04 
jj1 = 632, max_th = 1.798875e+00, time=2025-04-11 12:25:47 
jj1 = 706, max_th = -6.115006e-02, time=2025-04-11 12:25:57 
jj1 = 529, max_th = 1.784657e+00, time=2025-04-11 12:26:24 
jj1 = 574, max_th = 1.598798e+00, time=2025-04-11 12:27:07 
jj1 = 721, max_th = 2.113965e+00, time=2025-04-11 12:32:22 
jj1 = 618, max_th = 1.729429e+00, time=2025-04-11 12:33:05 
jj1 = 778, max_th = 2.743436e+00, time=2025-04-11 12:33:27 
jj1 = 743, max_th = 1.849827e+00, time=2025-04-11 12:34:50 
jj1 = 777, max_th = 5.475469e-01, time=2025-04-11 12:34:58 
jj1 = 720, max_th = 2.736190e+00, time=2025-04-11 12:36:11 
jj1 = 763, max_th = 2.226310e+00, time=2025-04-11 12:37:54 
jj1 = 776, max_th = 1.223315e+00, time=2025-04-11 12:38:41 
jj1 = 661, max_th = 2.369952e+00, time=2025-04-11 12:38:50 
jj1 = 674, max_th = 2.058233e+00, time=2025-04-11 12:42:48 
jj1 = 573, max_th = 2.356360e+00, time=2025-04-11 12:46:19 
jj1 = 775, max_th = 2.738930e+00, time=2025-04-11 12:46:40 
jj1 = 705, max_th = 2.097487e+00, time=2025-04-11 12:46:50 
jj1 = 774, max_th = 8.515797e-01, time=2025-04-11 12:48:24 
jj1 = 595, max_th = 2.368958e+00, time=2025-04-11 12:49:14 
jj1 = 631, max_th = 1.764657e+00, time=2025-04-11 12:49:49 
jj1 = 719, max_th = 2.582556e+00, time=2025-04-11 12:50:49 
jj1 = 617, max_th = 2.144965e+00, time=2025-04-11 12:55:00 
jj1 = 660, max_th = 2.121723e+00, time=2025-04-11 12:55:16 
jj1 = 564, max_th = 2.166856e+00, time=2025-04-11 12:55:19 
jj1 = 659, max_th = -2.952356e-01, time=2025-04-11 12:55:31 
jj1 = 704, max_th = 2.584550e+00, time=2025-04-11 12:56:16 
jj1 = 762, max_th = 1.730732e+00, time=2025-04-11 12:56:16 
jj1 = 718, max_th = 9.595188e-01, time=2025-04-11 12:56:34 
jj1 = 742, max_th = 1.531009e+00, time=2025-04-11 12:57:05 
jj1 = 673, max_th = 1.474659e+00, time=2025-04-11 13:01:31 
jj1 = 741, max_th = 1.053684e+00, time=2025-04-11 13:03:58 
jj1 = 630, max_th = 1.893970e+00, time=2025-04-11 13:05:11 
jj1 = 717, max_th = 2.500526e+00, time=2025-04-11 13:05:56 
jj1 = 594, max_th = 1.843454e+00, time=2025-04-11 13:07:39 
jj1 = 572, max_th = 2.107376e+00, time=2025-04-11 13:08:42 
jj1 = 616, max_th = 2.299748e+00, time=2025-04-11 13:09:52 
jj1 = 703, max_th = 1.927412e+00, time=2025-04-11 13:11:25 
jj1 = 773, max_th = 1.869170e+00, time=2025-04-11 13:16:27 
jj1 = 563, max_th = 1.691457e+00, time=2025-04-11 13:17:17 
jj1 = 658, max_th = 1.760365e+00, time=2025-04-11 13:17:48 
jj1 = 740, max_th = 1.360988e+00, time=2025-04-11 13:18:55 
jj1 = 761, max_th = 1.822575e+00, time=2025-04-11 13:21:45 
jj1 = 672, max_th = 1.580224e+00, time=2025-04-11 13:23:47 
jj1 = 571, max_th = 1.823848e+00, time=2025-04-11 13:24:20 
jj1 = 702, max_th = 2.370635e+00, time=2025-04-11 13:25:44 
jj1 = 629, max_th = 1.765502e+00, time=2025-04-11 13:25:50 
jj1 = 593, max_th = 2.239696e+00, time=2025-04-11 13:26:13 
jj1 = 772, max_th = 2.589073e+00, time=2025-04-11 13:26:41 
jj1 = 615, max_th = 1.847579e+00, time=2025-04-11 13:29:07 
jj1 = 760, max_th = 2.918411e+00, time=2025-04-11 13:30:35 
jj1 = 716, max_th = 2.232781e+00, time=2025-04-11 13:31:04 
jj1 = 788, max_th = 2.712546e+00, time=2025-04-11 13:36:32 
jj1 = 739, max_th = 2.446449e+00, time=2025-04-11 13:37:34 
jj1 = 787, max_th = 3.779338e+00, time=2025-04-11 13:38:12 
jj1 = 562, max_th = 1.638691e+00, time=2025-04-11 13:42:10 
jj1 = 561, max_th = -2.197228e-01, time=2025-04-11 13:43:31 
jj1 = 701, max_th = 1.643374e+00, time=2025-04-11 13:43:47 
jj1 = 570, max_th = 1.818380e+00, time=2025-04-11 13:44:24 
jj1 = 657, max_th = 2.017633e+00, time=2025-04-11 13:44:38 
jj1 = 771, max_th = 1.775637e+00, time=2025-04-11 13:49:37 
jj1 = 560, max_th = 1.136962e+00, time=2025-04-11 13:50:42 
jj1 = 759, max_th = 2.329934e+00, time=2025-04-11 13:51:59 
jj1 = 592, max_th = 2.066916e+00, time=2025-04-11 13:53:11 
jj1 = 738, max_th = 1.378812e+00, time=2025-04-11 13:53:12 
jj1 = 715, max_th = 1.670441e+00, time=2025-04-11 13:54:50 
jj1 = 614, max_th = 2.463041e+00, time=2025-04-11 13:55:52 
jj1 = 786, max_th = 2.260528e+00, time=2025-04-11 13:57:29 
jj1 = 671, max_th = 2.341372e+00, time=2025-04-11 13:57:33 
jj1 = 700, max_th = 1.619700e+00, time=2025-04-11 14:02:44 
jj1 = 770, max_th = 1.265097e+00, time=2025-04-11 14:02:45 
jj1 = 569, max_th = 1.631752e+00, time=2025-04-11 14:03:12 
jj1 = 714, max_th = 2.687399e+00, time=2025-04-11 14:03:24 
jj1 = 699, max_th = 7.600250e-01, time=2025-04-11 14:06:06 
jj1 = 656, max_th = 2.072707e+00, time=2025-04-11 14:07:56 
jj1 = 591, max_th = 1.754742e+00, time=2025-04-11 14:09:02 
jj1 = 785, max_th = 1.605905e+00, time=2025-04-11 14:12:39 
jj1 = 559, max_th = 2.327575e+00, time=2025-04-11 14:12:53 
jj1 = 670, max_th = 1.801712e+00, time=2025-04-11 14:13:05 
jj1 = 558, max_th = -6.320236e-02, time=2025-04-11 14:13:35 
jj1 = 698, max_th = 2.729900e+00, time=2025-04-11 14:14:14 
jj1 = 613, max_th = 2.049664e+00, time=2025-04-11 14:14:41 
jj1 = 713, max_th = 1.639093e+00, time=2025-04-11 14:19:53 
jj1 = 590, max_th = 2.871772e+00, time=2025-04-11 14:20:21 
jj1 = 697, max_th = 2.642538e+00, time=2025-04-11 14:23:21 
jj1 = 769, max_th = 2.090098e+00, time=2025-04-11 14:25:16 
jj1 = 712, max_th = 9.631440e-01, time=2025-04-11 14:27:46 
jj1 = 784, max_th = 1.225547e+00, time=2025-04-11 14:28:11 
jj1 = 737, max_th = 1.921235e+00, time=2025-04-11 14:28:37 
jj1 = 808, max_th = 1.914704e+00, time=2025-04-11 14:29:08 
jj1 = 758, max_th = 1.879369e+00, time=2025-04-11 14:29:32 
jj1 = 669, max_th = 2.212110e+00, time=2025-04-11 14:34:40 
jj1 = 612, max_th = 2.553283e+00, time=2025-04-11 14:34:40 
jj1 = 589, max_th = 2.112830e+00, time=2025-04-11 14:35:11 
jj1 = 655, max_th = 2.042879e+00, time=2025-04-11 14:38:40 
jj1 = 696, max_th = 2.742404e+00, time=2025-04-11 14:38:49 
jj1 = 807, max_th = 1.478411e+00, time=2025-04-11 14:43:22 
jj1 = 798, max_th = 1.332268e+00, time=2025-04-11 14:45:28 
jj1 = 783, max_th = 1.954639e+00, time=2025-04-11 14:48:18 
jj1 = 557, max_th = 1.637530e+00, time=2025-04-11 14:50:03 
jj1 = 736, max_th = 2.162094e+00, time=2025-04-11 14:50:07 
jj1 = 893, max_th = 1.529397e+00, time=2025-04-11 14:50:19 
jj1 = 711, max_th = 1.920621e+00, time=2025-04-11 14:50:23 
jj1 = 611, max_th = 1.399428e+00, time=2025-04-11 14:51:57 
jj1 = 757, max_th = 2.585484e+00, time=2025-04-11 14:51:56 
jj1 = 610, max_th = 8.275906e-01, time=2025-04-11 14:53:59 
jj1 = 556, max_th = 9.486247e-01, time=2025-04-11 14:54:08 
jj1 = 695, max_th = 1.945395e+00, time=2025-04-11 14:56:57 
jj1 = 818, max_th = 2.184301e+00, time=2025-04-11 14:58:58 
jj1 = 609, max_th = 1.200857e+00, time=2025-04-11 14:59:26 
jj1 = 694, max_th = 2.966145e+00, time=2025-04-11 15:01:18 
jj1 = 817, max_th = 3.014377e+00, time=2025-04-11 15:02:09 
jj1 = 710, max_th = 1.076068e+00, time=2025-04-11 15:02:22 
jj1 = 693, max_th = 5.835883e-01, time=2025-04-11 15:03:14 
jj1 = 654, max_th = 2.239161e+00, time=2025-04-11 15:05:42 
jj1 = 555, max_th = 2.593104e+00, time=2025-04-11 15:05:56 
jj1 = 797, max_th = 2.101201e+00, time=2025-04-11 15:06:01 
jj1 = 756, max_th = 1.244843e+00, time=2025-04-11 15:06:13 
jj1 = 806, max_th = 2.227798e+00, time=2025-04-11 15:06:45 
jj1 = 782, max_th = 1.834133e+00, time=2025-04-11 15:08:57 
jj1 = 554, max_th = 2.959021e+00, time=2025-04-11 15:09:48 
jj1 = 816, max_th = 1.448873e+00, time=2025-04-11 15:10:11 
jj1 = 892, max_th = 1.662652e+00, time=2025-04-11 15:11:02 
jj1 = 796, max_th = 2.650912e+00, time=2025-04-11 15:11:53 
jj1 = 795, max_th = 2.950938e+00, time=2025-04-11 15:16:08 
jj1 = 735, max_th = 2.139393e+00, time=2025-04-11 15:17:49 
jj1 = 805, max_th = 2.261630e+00, time=2025-04-11 15:20:42 
jj1 = 653, max_th = 1.567576e+00, time=2025-04-11 15:22:02 
jj1 = 709, max_th = 1.726536e+00, time=2025-04-11 15:22:29 
jj1 = 828, max_th = 2.191566e+00, time=2025-04-11 15:23:12 
jj1 = 815, max_th = 1.518650e+00, time=2025-04-11 15:24:17 
jj1 = 692, max_th = 1.997027e+00, time=2025-04-11 15:25:34 
jj1 = 781, max_th = 2.004302e+00, time=2025-04-11 15:26:57 
jj1 = 891, max_th = 2.031962e+00, time=2025-04-11 15:28:29 
jj1 = 755, max_th = 1.768371e+00, time=2025-04-11 15:30:50 
jj1 = 838, max_th = 2.606292e+00, time=2025-04-11 15:32:03 
jj1 = 553, max_th = 2.023717e+00, time=2025-04-11 15:34:31 
jj1 = 652, max_th = 1.407348e+00, time=2025-04-11 15:34:44 
jj1 = 651, max_th = -6.735009e-01, time=2025-04-11 15:34:55 
jj1 = 734, max_th = 1.631695e+00, time=2025-04-11 15:35:17 
jj1 = 814, max_th = 2.445783e+00, time=2025-04-11 15:39:53 
jj1 = 837, max_th = 1.352010e+00, time=2025-04-11 15:40:45 
jj1 = 794, max_th = 2.148454e+00, time=2025-04-11 15:40:58 
jj1 = 552, max_th = 1.502139e+00, time=2025-04-11 15:41:30 
jj1 = 804, max_th = 1.857523e+00, time=2025-04-11 15:42:47 
jj1 = 890, max_th = 1.986606e+00, time=2025-04-11 15:47:25 
jj1 = 827, max_th = 1.831512e+00, time=2025-04-11 15:49:44 
jj1 = 803, max_th = 2.653343e+00, time=2025-04-11 15:51:17 
jj1 = 733, max_th = 2.485215e+00, time=2025-04-11 15:51:18 
jj1 = 780, max_th = 2.010118e+00, time=2025-04-11 15:52:01 
jj1 = 650, max_th = 2.582083e+00, time=2025-04-11 15:52:23 
jj1 = 691, max_th = 2.186434e+00, time=2025-04-11 15:55:09 
jj1 = 754, max_th = 2.138889e+00, time=2025-04-11 15:55:19 
jj1 = 826, max_th = 4.035145e+00, time=2025-04-11 15:58:20 
jj1 = 813, max_th = 1.759398e+00, time=2025-04-11 15:59:26 
jj1 = 825, max_th = -1.103114e-01, time=2025-04-11 15:59:32 
jj1 = 551, max_th = 1.567510e+00, time=2025-04-11 16:00:36 
jj1 = 753, max_th = 3.243636e+00, time=2025-04-11 16:01:15 
jj1 = 889, max_th = 1.367387e+00, time=2025-04-11 16:01:34 
jj1 = 836, max_th = 2.015375e+00, time=2025-04-11 16:03:52 
jj1 = 793, max_th = 2.286394e+00, time=2025-04-11 16:04:21 
jj1 = 550, max_th = 9.256256e-01, time=2025-04-11 16:06:46 
jj1 = 802, max_th = 2.633376e+00, time=2025-04-11 16:07:28 
jj1 = 752, max_th = 2.856230e+00, time=2025-04-11 16:09:17 
jj1 = 779, max_th = 1.736473e+00, time=2025-04-11 16:11:01 
jj1 = 690, max_th = 1.518012e+00, time=2025-04-11 16:12:20 
jj1 = 732, max_th = 2.139727e+00, time=2025-04-11 16:15:56 
jj1 = 835, max_th = 2.564709e+00, time=2025-04-11 16:16:31 
jj1 = 792, max_th = 2.579219e+00, time=2025-04-11 16:18:09 
jj1 = 908, max_th = 2.470853e+00, time=2025-04-11 16:19:09 
jj1 = 549, max_th = 1.602815e+00, time=2025-04-11 16:20:20 
jj1 = 649, max_th = 2.176677e+00, time=2025-04-11 16:20:59 
jj1 = 812, max_th = 1.617760e+00, time=2025-04-11 16:21:29 
jj1 = 824, max_th = 1.583261e+00, time=2025-04-11 16:21:39 
jj1 = 751, max_th = 1.549412e+00, time=2025-04-11 16:22:48 
jj1 = 689, max_th = 2.572042e+00, time=2025-04-11 16:26:08 
jj1 = 801, max_th = 1.464671e+00, time=2025-04-11 16:27:04 
jj1 = 848, max_th = 4.348298e-01, time=2025-04-11 16:27:21 
jj1 = 834, max_th = 1.481347e+00, time=2025-04-11 16:31:59 
jj1 = 898, max_th = 2.071305e+00, time=2025-04-11 16:33:33 
jj1 = 847, max_th = 1.298898e+00, time=2025-04-11 16:33:43 
jj1 = 878, max_th = 2.418317e+00, time=2025-04-11 16:34:12 
jj1 = 750, max_th = 1.939139e+00, time=2025-04-11 16:36:21 
jj1 = 800, max_th = 2.674975e+00, time=2025-04-11 16:36:29 
jj1 = 791, max_th = 2.247373e+00, time=2025-04-11 16:36:56 
jj1 = 811, max_th = 1.435049e+00, time=2025-04-11 16:38:03 
jj1 = 823, max_th = 2.045051e+00, time=2025-04-11 16:40:21 
jj1 = 907, max_th = 2.017261e+00, time=2025-04-11 16:40:36 
jj1 = 822, max_th = 2.949660e+00, time=2025-04-11 16:41:59 
jj1 = 897, max_th = 2.793295e+00, time=2025-04-11 16:42:07 
jj1 = 749, max_th = 2.933463e+00, time=2025-04-11 16:42:55 
jj1 = 846, max_th = 2.341085e+00, time=2025-04-11 16:44:07 
jj1 = 810, max_th = 1.430663e+00, time=2025-04-11 16:44:53 
jj1 = 821, max_th = 3.203765e+00, time=2025-04-11 16:45:53 
jj1 = 877, max_th = 2.444255e+00, time=2025-04-11 16:49:44 
jj1 = 799, max_th = 2.528568e+00, time=2025-04-11 16:50:26 
jj1 = 731, max_th = 1.766048e+00, time=2025-04-11 16:51:10 
jj1 = 888, max_th = 1.990073e+00, time=2025-04-11 16:52:02 
jj1 = 833, max_th = 2.214780e+00, time=2025-04-11 16:52:22 
jj1 = 790, max_th = 1.248519e+00, time=2025-04-11 16:53:34 
jj1 = 896, max_th = 2.158165e+00, time=2025-04-11 16:58:13 
jj1 = 809, max_th = 2.239626e+00, time=2025-04-11 16:59:25 
jj1 = 858, max_th = 1.810183e+00, time=2025-04-11 17:00:43 
jj1 = 906, max_th = 1.912761e+00, time=2025-04-11 17:02:22 
jj1 = 903, max_th = 1.751754e+00, time=2025-04-11 17:04:49 
jj1 = 902, max_th = 2.597810e-01, time=2025-04-11 17:05:12 
jj1 = 887, max_th = 1.917869e+00, time=2025-04-11 17:06:17 
jj1 = 820, max_th = 1.888471e+00, time=2025-04-11 17:06:26 
jj1 = 845, max_th = 1.935569e+00, time=2025-04-11 17:07:22 
jj1 = 730, max_th = 2.435817e+00, time=2025-04-11 17:07:30 
jj1 = 876, max_th = 1.807682e+00, time=2025-04-11 17:09:10 
jj1 = 857, max_th = 1.381593e+00, time=2025-04-11 17:13:09 
jj1 = 832, max_th = 1.917091e+00, time=2025-04-11 17:13:24 
jj1 = 895, max_th = 1.553330e+00, time=2025-04-11 17:14:22 
jj1 = 789, max_th = 1.922199e+00, time=2025-04-11 17:14:34 
jj1 = 819, max_th = 1.179143e+00, time=2025-04-11 17:15:35 
jj1 = 905, max_th = 1.588740e+00, time=2025-04-11 17:16:38 
jj1 = 923, max_th = 1.094000e+00, time=2025-04-11 17:18:07 
jj1 = 901, max_th = 2.550550e+00, time=2025-04-11 17:18:40 
jj1 = 875, max_th = 2.841444e+00, time=2025-04-11 17:18:48 
jj1 = 918, max_th = 2.119898e+00, time=2025-04-11 17:18:53 
jj1 = 729, max_th = 2.288748e+00, time=2025-04-11 17:21:56 
jj1 = 886, max_th = 2.317652e+00, time=2025-04-11 17:22:41 
jj1 = 856, max_th = 1.353741e+00, time=2025-04-11 17:23:00 
jj1 = 913, max_th = 1.349071e+00, time=2025-04-11 17:23:31 
jj1 = 844, max_th = 2.061926e+00, time=2025-04-11 17:25:43 
jj1 = 874, max_th = 2.299262e+00, time=2025-04-11 17:27:19 
jj1 = 843, max_th = 3.023398e+00, time=2025-04-11 17:27:51 
jj1 = 831, max_th = 2.311010e+00, time=2025-04-11 17:29:02 
jj1 = 873, max_th = 4.577412e+00, time=2025-04-11 17:29:19 
jj1 = 894, max_th = 2.061436e+00, time=2025-04-11 17:31:43 
jj1 = 917, max_th = 2.149779e+00, time=2025-04-11 17:33:58 
jj1 = 900, max_th = 1.898727e+00, time=2025-04-11 17:34:06 
jj1 = 922, max_th = 1.847318e+00, time=2025-04-11 17:34:18 
jj1 = 904, max_th = 1.880337e+00, time=2025-04-11 17:34:36 
jj1 = 885, max_th = 2.520716e+00, time=2025-04-11 17:34:41 
jj1 = 912, max_th = 2.578584e+00, time=2025-04-11 17:35:01 
jj1 = 921, max_th = 8.080360e-01, time=2025-04-11 17:35:07 
jj1 = 899, max_th = 3.571164e+00, time=2025-04-11 17:35:29 
jj1 = 830, max_th = 2.451465e+00, time=2025-04-11 17:38:54 
jj1 = 884, max_th = 2.870203e+00, time=2025-04-11 17:40:15 
jj1 = 883, max_th = -2.386832e-01, time=2025-04-11 17:40:41 
jj1 = 868, max_th = 2.131363e+00, time=2025-04-11 17:42:19 
jj1 = 842, max_th = 1.244920e+00, time=2025-04-11 17:43:07 
jj1 = 938, max_th = 1.849929e+00, time=2025-04-11 17:43:31 
jj1 = 960, max_th = 2.550659e+00, time=2025-04-11 17:44:50 
jj1 = 855, max_th = 1.866370e+00, time=2025-04-11 17:48:08 
jj1 = 872, max_th = 2.073407e+00, time=2025-04-11 17:48:08 
jj1 = 911, max_th = 2.319279e+00, time=2025-04-11 17:49:51 
jj1 = 882, max_th = 2.612623e+00, time=2025-04-11 17:50:36 
jj1 = 933, max_th = 1.770478e+00, time=2025-04-11 17:52:54 
jj1 = 920, max_th = 1.783890e+00, time=2025-04-11 17:54:00 
jj1 = 881, max_th = 1.006529e+00, time=2025-04-11 17:54:47 
jj1 = 841, max_th = 1.322182e+00, time=2025-04-11 17:54:52 
jj1 = 932, max_th = 6.038257e-01, time=2025-04-11 17:54:55 
jj1 = 937, max_th = 1.548145e+00, time=2025-04-11 17:57:19 
jj1 = 829, max_th = 1.903411e+00, time=2025-04-11 17:58:09 
jj1 = 916, max_th = 2.027466e+00, time=2025-04-11 17:59:46 
jj1 = 867, max_th = 1.991524e+00, time=2025-04-11 18:00:58 
jj1 = 910, max_th = 2.537795e+00, time=2025-04-11 18:02:14 
jj1 = 919, max_th = 1.295929e+00, time=2025-04-11 18:04:24 
jj1 = 959, max_th = 1.716078e+00, time=2025-04-11 18:04:24 
jj1 = 931, max_th = 1.362570e+00, time=2025-04-11 18:04:51 
jj1 = 854, max_th = 1.785099e+00, time=2025-04-11 18:08:25 
jj1 = 928, max_th = 1.437757e+00, time=2025-04-11 18:09:11 
jj1 = 871, max_th = 1.875351e+00, time=2025-04-11 18:09:47 
jj1 = 870, max_th = -6.026180e-01, time=2025-04-11 18:10:27 
jj1 = 909, max_th = 2.614936e+00, time=2025-04-11 18:11:31 
jj1 = 915, max_th = 2.576553e+00, time=2025-04-11 18:15:34 
jj1 = 840, max_th = 2.138079e+00, time=2025-04-11 18:15:55 
jj1 = 936, max_th = 1.854034e+00, time=2025-04-11 18:16:22 
jj1 = 880, max_th = 2.269060e+00, time=2025-04-11 18:17:49 
jj1 = 866, max_th = 2.268064e+00, time=2025-04-11 18:17:49 
jj1 = 865, max_th = 2.975105e+00, time=2025-04-11 18:19:44 
jj1 = 958, max_th = 2.335562e+00, time=2025-04-11 18:21:07 
jj1 = 927, max_th = 1.545744e+00, time=2025-04-11 18:21:40 
jj1 = 972, max_th = 2.054497e+00, time=2025-04-11 18:24:05 
jj1 = 930, max_th = 1.768750e+00, time=2025-04-11 18:24:33 
jj1 = 879, max_th = 2.058892e+00, time=2025-04-11 18:24:58 
jj1 = 914, max_th = 2.591284e+00, time=2025-04-11 18:25:29 
jj1 = 864, max_th = 1.136715e+00, time=2025-04-11 18:26:14 
jj1 = 869, max_th = 1.534498e+00, time=2025-04-11 18:26:53 
jj1 = 968, max_th = 1.718042e+00, time=2025-04-11 18:27:01 
jj1 = 853, max_th = 2.164346e+00, time=2025-04-11 18:27:27 
jj1 = 839, max_th = 2.350766e+00, time=2025-04-11 18:29:27 
jj1 = 952, max_th = 2.420498e+00, time=2025-04-11 18:33:41 
jj1 = 971, max_th = 2.484627e+00, time=2025-04-11 18:36:53 
jj1 = 970, max_th = 6.241652e-01, time=2025-04-11 18:39:04 
jj1 = 967, max_th = 1.487870e+00, time=2025-04-11 18:39:22 
jj1 = 926, max_th = 1.938488e+00, time=2025-04-11 18:39:33 
jj1 = 852, max_th = 1.748070e+00, time=2025-04-11 18:39:33 
jj1 = 929, max_th = 1.387281e+00, time=2025-04-11 18:41:15 
jj1 = 966, max_th = 7.513440e-01, time=2025-04-11 18:41:43 
jj1 = 851, max_th = 3.162161e+00, time=2025-04-11 18:41:56 
jj1 = 957, max_th = 1.863735e+00, time=2025-04-11 18:42:31 
jj1 = 935, max_th = 1.811686e+00, time=2025-04-11 18:42:51 
jj1 = 863, max_th = 1.915803e+00, time=2025-04-11 18:43:37 
jj1 = 964, max_th = 2.037492e+00, time=2025-04-11 18:44:08 
jj1 = 943, max_th = 1.524425e+00, time=2025-04-11 18:44:07 
jj1 = 988, max_th = 2.911310e+00, time=2025-04-11 18:47:15 
jj1 = 951, max_th = 1.843417e+00, time=2025-04-11 18:48:21 
jj1 = 942, max_th = 8.909884e-01, time=2025-04-11 18:49:35 
jj1 = 862, max_th = 1.071434e+00, time=2025-04-11 18:49:51 
jj1 = 984, max_th = 2.543326e+00, time=2025-04-11 18:50:37 
jj1 = 850, max_th = 1.855318e+00, time=2025-04-11 18:51:49 
jj1 = 965, max_th = 1.329785e+00, time=2025-04-11 18:52:01 
jj1 = 861, max_th = 2.745464e+00, time=2025-04-11 18:54:11 
jj1 = 860, max_th = -3.026440e-01, time=2025-04-11 18:54:34 
jj1 = 963, max_th = 2.711421e+00, time=2025-04-11 18:54:34 
jj1 = 969, max_th = 1.523565e+00, time=2025-04-11 18:54:42 
jj1 = 934, max_th = 2.421376e+00, time=2025-04-11 18:56:06 
jj1 = 925, max_th = 2.265218e+00, time=2025-04-11 18:58:17 
jj1 = 859, max_th = 2.509950e+00, time=2025-04-11 18:59:01 
jj1 = 950, max_th = 1.598854e+00, time=2025-04-11 18:59:24 
jj1 = 948, max_th = 2.235125e+00, time=2025-04-11 19:01:17 
jj1 = 949, max_th = 1.151957e+00, time=2025-04-11 19:01:35 
jj1 = 983, max_th = 1.653148e+00, time=2025-04-11 19:04:54 
jj1 = 997, max_th = 2.376653e+00, time=2025-04-11 19:05:06 
jj1 = 980, max_th = 1.339041e+00, time=2025-04-11 19:07:15 
jj1 = 962, max_th = 2.519847e+00, time=2025-04-11 19:07:34 
jj1 = 996, max_th = 1.403419e+00, time=2025-04-11 19:07:43 
jj1 = 998, max_th = 1.660292e+00, time=2025-04-11 19:09:29 
jj1 = 941, max_th = 2.027921e+00, time=2025-04-11 19:11:14 
jj1 = 924, max_th = 2.227802e+00, time=2025-04-11 19:11:33 
jj1 = 976, max_th = 2.306692e+00, time=2025-04-11 19:11:58 
jj1 = 975, max_th = 1.106292e+00, time=2025-04-11 19:12:29 
jj1 = 992, max_th = 9.042944e-01, time=2025-04-11 19:14:58 
jj1 = 849, max_th = 1.980748e+00, time=2025-04-11 19:15:08 
jj1 = 982, max_th = 1.489060e+00, time=2025-04-11 19:15:11 
jj1 = 947, max_th = 2.338196e+00, time=2025-04-11 19:16:58 
jj1 = 979, max_th = 1.699461e+00, time=2025-04-11 19:19:53 
jj1 = 981, max_th = 2.616623e+00, time=2025-04-11 19:20:22 
jj1 = 974, max_th = 2.521277e+00, time=2025-04-11 19:20:46 
jj1 = 940, max_th = 2.168905e+00, time=2025-04-11 19:24:08 
jj1 = 995, max_th = 2.153520e+00, time=2025-04-11 19:25:13 
jj1 = 961, max_th = 1.941336e+00, time=2025-04-11 19:25:57 
jj1 = 973, max_th = 1.778471e+00, time=2025-04-11 19:33:45 
jj1 = 939, max_th = 2.109621e+00, time=2025-04-11 19:34:01 
jj1 = 946, max_th = 1.414270e+00, time=2025-04-11 19:34:43 
jj1 = 994, max_th = 1.421327e+00, time=2025-04-11 19:35:05 
jj1 = 991, max_th = 2.034525e+00, time=2025-04-11 19:36:03 
jj1 = 978, max_th = 2.297045e+00, time=2025-04-11 19:38:07 
jj1 = 999, max_th = 2.303651e+00, time=2025-04-11 19:41:44 
jj1 = 990, max_th = 2.297958e+00, time=2025-04-11 19:43:13 
jj1 = 1000, max_th = 2.276504e+00, time=2025-04-11 19:43:41 
jj1 = 993, max_th = 1.726887e+00, time=2025-04-11 19:44:44 
jj1 = 945, max_th = 1.886890e+00, time=2025-04-11 19:45:43 
jj1 = 989, max_th = 1.270656e+00, time=2025-04-11 19:46:46 
jj1 = 977, max_th = 2.122181e+00, time=2025-04-11 19:46:47 
jj1 = 987, max_th = 1.327384e+00, time=2025-04-11 19:47:18 
jj1 = 944, max_th = 3.084212e+00, time=2025-04-11 19:47:54 
jj1 = 956, max_th = 2.073178e+00, time=2025-04-11 19:51:36 
jj1 = 986, max_th = 2.367056e+00, time=2025-04-11 19:54:05 
jj1 = 955, max_th = 1.355524e+00, time=2025-04-11 19:55:32 
jj1 = 954, max_th = 2.998527e+00, time=2025-04-11 19:56:26 
jj1 = 985, max_th = 2.967238e+00, time=2025-04-11 19:57:09 
jj1 = 953, max_th = 9.888647e-01, time=2025-04-11 19:57:45 
>> >> >> >> >> >> >> >> >> 