MATLAB is selecting SOFTWARE OPENGL rendering.

                            < M A T L A B (R) >
                  Copyright 1984-2021 The MathWorks, Inc.
                  R2021b (9.11.0.1769968) 64-bit (glnxa64)
                             September 17, 2021

 
To get started, type doc.
For product information, visit www.mathworks.com.
 
>> >> >> >> >> >> >> >> >> >> >> >> >> >> >> >> >> >> >> Starting parallel pool (parpool) using the 'local' profile ...
[Warning: A task was unexpectedly found in state: Unavailable.] 
[> In parallel.cluster.Local/deriveJobStateFromTasks (line 29)
In parallel.cluster/Local/getJobState (line 174)
In parallel.cluster/CJSCluster/hGetJobState (line 375)
In parallel.internal.cluster/CJSJobMixin/hGetStateEnum (line 175)
In parallel/Job/get.StateEnum (line 247)
In parallel/Job/get.State (line 239)
In parallel.internal.customattr.CustomGetSet>iVectorisedGetHelper (line 128)
In parallel.internal.customattr.CustomGetSet>@(a,b,c)iVectorisedGetHelper(obj,a,b,c) (line 102)
In parallel.internal.customattr/CustomGetSet/doVectorisedGet (line 103)
In parallel.internal.customattr/CustomGetSet/hVectorisedGet (line 76)
In parallel.internal.customattr.GetSetImpl>iAccessProperties (line 322)
In parallel.internal.customattr.GetSetImpl>iGetAllPropertiesVec (line 264)
In parallel.internal.customattr/GetSetImpl/getImpl (line 133)
In parallel.internal.customattr.CustomGetSet>iHetFunGetFunction (line 154)
In parallel.internal.customattr.CustomGetSet>@(o)iHetFunGetFunction(o,props) (line 139)
In parallel.internal.cluster.hetfun (line 46)
In parallel.internal.customattr.CustomGetSet>iHetFunGetProperty (line 139)
In parallel.internal.customattr/CustomGetSet/get (line 38)
In parallel.internal.pool/AbstractInteractiveClient/pRemoveOldJobs (line 211)
In parallel.internal.pool/AbstractInteractiveClient/start (line 103)
In parallel.internal.pool.AbstractClusterPool>iStartClient (line 831)
In parallel.internal.pool/AbstractClusterPool/hBuildPool (line 585)
In parallel.internal.pool.doParpool (line 22)
In parpool (line 123)
In parallel.internal.parpool.getOrCreateCurrentPool (line 17)
In parallel.internal.pool/PoolArrayManager/getOrAutoCreateWithCleanup (line 44)
In pctTryCreatePoolIfNecessary (line 28)
In parallel_function (line 423)
In fn_measure (line 41)] 
Connected to the parallel pool (number of workers: 12).
Error of vP is 5.798757e-08 
Error of vP is 1.087558e-07 
Error of vP is 9.273894e-08 
Error of vP is 1.530588e-07 
Error of vP is 9.993112e-08 
Error of vP is 1.231204e-07 
Error of vP is 7.554238e-08 
Error of vP is 2.126974e-07 
Error of vP is 6.285706e-08 
Error of vP is 1.110255e-07 
Error of vP is 2.898745e-07 
Error of vP is 1.739984e-07 
Error of vP is 8.495160e-08 
Error of vP is 1.298523e-07 
Error of vP is 5.842024e-08 
Error of vP is 6.939350e-08 
Error of vP is 2.158202e-07 
Error of vP is 2.482118e-07 
Error of vP is 2.525363e-07 
Error of vP is 8.653645e-08 
Error of vP is 1.375101e-07 
Error of vP is 1.328489e-07 
Error of vP is 1.397093e-07 
Error of vP is 1.284662e-07 
Error of vP is 1.630963e-07 
Error of vP is 1.576960e-07 
Error of vP is 1.224265e-07 
Error of vP is 1.825046e-07 
Error of vP is 1.905814e-07 
Error of vP is 1.496477e-07 
Error of vP is 5.916530e-08 
Error of vP is 1.189893e-07 
Error of vP is 1.039237e-07 
Error of vP is 7.742237e-08 
Error of vP is 1.184790e-07 
Error of vP is 1.731066e-07 
Error of vP is 7.431393e-08 
Error of vP is 1.230647e-07 
Error of vP is 1.055882e-07 
Error of vP is 6.979689e-08 
Error of vP is 1.538474e-07 
Error of vP is 5.176645e-08 
Error of vP is 1.118124e-07 
Error of vP is 3.183408e-07 
Error of vP is 5.779421e-08 
Error of vP is 1.264461e-07 
Error of vP is 7.364663e-08 
Error of vP is 5.864190e-08 
Error of vP is 5.144069e-08 
Error of vP is 7.276112e-08 
Error of vP is 7.366274e-08 
Error of vP is 5.696329e-08 
Error of vP is 6.166427e-08 
Error of vP is 6.267930e-08 
Error of vP is 1.203081e-07 
Error of vP is 9.610177e-08 
Error of vP is 5.955390e-08 
Error of vP is 5.783770e-08 
Error of vP is 5.364490e-08 
Error of vP is 6.153413e-08 
Error of vP is 1.019432e-07 
Error of vP is 5.376443e-08 
Error of vP is 1.949764e-07 
Error of vP is 7.510527e-08 
Error of vP is 1.072905e-07 
Error of vP is 1.335373e-07 
Error of vP is 1.264053e-07 
Error of vP is 7.476116e-08 
Error of vP is 1.263309e-07 
Error of vP is 1.133207e-07 
Error of vP is 1.240679e-07 
Error of vP is 8.237466e-08 
Error of vP is 4.620695e-07 
Error of vP is 1.539315e-07 
Error of vP is 1.204347e-07 
Error of vP is 1.652280e-07 
Error of vP is 1.494272e-07 
Error of vP is 2.686487e-07 
Error of vP is 1.807208e-07 
Error of vP is 2.292088e-07 
Error of vP is 1.461730e-07 
Error of vP is 6.498970e-08 
Error of vP is 7.203718e-08 
Error of vP is 1.673021e-07 
Error of vP is 1.364610e-07 
Error of vP is 1.487058e-07 
Error of vP is 1.241747e-07 
Error of vP is 1.874708e-07 
Error of vP is 1.437545e-07 
Error of vP is 2.830265e-07 
Error of vP is 4.506760e-07 
Error of vP is 5.821257e-07 
Error of vP is 9.436672e-08 
Error of vP is 5.447786e-08 
Error of vP is 4.135988e-07 
Error of vP is 1.624416e-07 
Error of vP is 2.444446e-07 
Error of vP is 5.236187e-08 
Error of vP is 7.974484e-08 
Error of vP is 5.654431e-08 
Error of vP is 5.663723e-08 
Error of vP is 6.224142e-08 
Error of vP is 7.195796e-08 
Error of vP is 1.116072e-07 
Error of vP is 5.420096e-08 
Error of vP is 9.886806e-08 
Error of vP is 5.489266e-08 
Error of vP is 5.104697e-08 
Error of vP is 8.254102e-08 
Error of vP is 8.450371e-08 
Error of vP is 5.555313e-08 
Error of vP is 8.824581e-08 
Error of vP is 7.825864e-08 
Error of vP is 5.444318e-08 
Error of vP is 5.983627e-08 
Error of vP is 1.134180e-07 
Error of vP is 7.672401e-08 
Error of vP is 9.212039e-08 
Error of vP is 1.609985e-07 
Error of vP is 1.454495e-07 
Error of vP is 6.074138e-08 
Error of vP is 6.136975e-08 
Error of vP is 5.883638e-08 
Error of vP is 7.059588e-08 
Error of vP is 8.793353e-08 
Error of vP is 5.484381e-08 
Error of vP is 6.440025e-08 
Error of vP is 6.432392e-08 
Error of vP is 5.263579e-08 
Error of vP is 8.002642e-08 
Error of vP is 7.683998e-08 
Error of vP is 8.340143e-08 
Error of vP is 8.503845e-08 
Error of vP is 6.777714e-08 
Error of vP is 6.410068e-08 
Error of vP is 7.966585e-08 
Error of vP is 7.615677e-08 
Error of vP is 5.082088e-08 
Error of vP is 9.595375e-08 
Error of vP is 8.432041e-08 
Error of vP is 5.284265e-08 
Error of vP is 7.503714e-08 
Error of vP is 1.175514e-07 
Error of vP is 1.669457e-07 
Error of vP is 1.706545e-07 
Error of vP is 9.077819e-08 
Error of vP is 5.633011e-08 
Error of vP is 5.387565e-08 
Error of vP is 7.580330e-08 
Error of vP is 5.454493e-08 
Error of vP is 6.390981e-08 
Error of vP is 7.861293e-08 
Error of vP is 8.832505e-08 
Error of vP is 8.682840e-08 
Error of vP is 5.042088e-08 
Error of vP is 9.403393e-08 
Error of vP is 6.210770e-08 
Error of vP is 6.607068e-08 
Error of vP is 5.750056e-08 
Error of vP is 8.154859e-08 
Error of vP is 6.830355e-08 
Error of vP is 8.555552e-08 
Error of vP is 1.329712e-07 
Error of vP is 5.132154e-08 
Error of vP is 5.669520e-08 
Error of vP is 1.071611e-07 
Error of vP is 5.350507e-08 
Error of vP is 1.063916e-07 
Error of vP is 8.816507e-08 
Error of vP is 1.350065e-07 
Error of vP is 9.329113e-08 
Error of vP is 6.266159e-08 
Error of vP is 8.951185e-08 
Error of vP is 8.211730e-08 
Error of vP is 7.241584e-08 
Error of vP is 1.011230e-07 
Error of vP is 8.081124e-08 
Error of vP is 1.281928e-07 
Error of vP is 7.769015e-08 
Error of vP is 5.894261e-08 
Error of vP is 7.611812e-08 
Error of vP is 6.228104e-08 
Error of vP is 1.457505e-07 
Error of vP is 2.020054e-07 
Error of vP is 1.112807e-07 
Error of vP is 1.576565e-07 
Error of vP is 1.604909e-07 
Error of vP is 1.521248e-07 
Error of vP is 6.955994e-08 
Error of vP is 1.319335e-07 
Error of vP is 7.520852e-08 
Error of vP is 8.289777e-08 
Error of vP is 6.084351e-08 
Error of vP is 2.484035e-07 
Error of vP is 8.458423e-08 
Error of vP is 1.297984e-07 
Error of vP is 6.407755e-08 
Error of vP is 1.847270e-07 
Error of vP is 1.604129e-07 
Error of vP is 1.920957e-07 
Error of vP is 1.042751e-07 
Error of vP is 7.090094e-08 
Error of vP is 8.447159e-08 
Error of vP is 6.106410e-08 
Error of vP is 5.169665e-08 
Error of vP is 8.877476e-08 
Error of vP is 1.019861e-07 
Error of vP is 7.460701e-08 
Error of vP is 1.265034e-07 
Error of vP is 8.315838e-08 
Error of vP is 1.079694e-07 
Error of vP is 5.974386e-08 
Error of vP is 5.780230e-08 
Error of vP is 5.336038e-08 
Error of vP is 5.151070e-08 
Error of vP is 8.022794e-08 
Error of vP is 8.643032e-08 
Error of vP is 5.075826e-08 
Error of vP is 5.376546e-08 
Error of vP is 6.399389e-08 
Error of vP is 1.105107e-07 
Error of vP is 1.144894e-07 
Error of vP is 6.737944e-08 
Error of vP is 1.644595e-07 
Error of vP is 8.966186e-08 
Error of vP is 3.178441e-07 
Error of vP is 1.118590e-07 
Error of vP is 1.207498e-07 
Error of vP is 2.219449e-07 
Error of vP is 9.573557e-08 
Error of vP is 1.425786e-07 
Error of vP is 5.217621e-08 
Error of vP is 8.826428e-08 
Error of vP is 1.462500e-07 
Error of vP is 1.295657e-07 
Error of vP is 2.846348e-07 
Error of vP is 8.701532e-08 
Error of vP is 1.705587e-07 
Error of vP is 1.994305e-07 
Error of vP is 1.093896e-07 
Error of vP is 2.375138e-07 
Error of vP is 1.048873e-07 
Error of vP is 7.255520e-08 
Error of vP is 1.768293e-07 
Error of vP is 4.970125e-07 
Error of vP is 9.187710e-08 
Error of vP is 1.334212e-07 
Error of vP is 6.067381e-08 
Error of vP is 5.283458e-08 
Error of vP is 5.147637e-08 
Error of vP is 6.287148e-08 
Error of vP is 7.528820e-08 
Error of vP is 1.060928e-07 
Error of vP is 6.568173e-08 
Error of vP is 1.316516e-07 
Error of vP is 8.724998e-08 
Error of vP is 2.263088e-07 
Error of vP is 9.641859e-08 
Error of vP is 5.574876e-08 
Error of vP is 1.202843e-07 
Error of vP is 7.794315e-08 
Error of vP is 1.173602e-07 
Error of vP is 2.300704e-07 
Error of vP is 7.317929e-08 
Error of vP is 9.844823e-08 
Error of vP is 1.223351e-07 
Error of vP is 1.420755e-07 
Error of vP is 1.812096e-07 
Error of vP is 1.220011e-07 
Error of vP is 1.205543e-07 
Error of vP is 1.741753e-07 
Error of vP is 5.652924e-08 
Error of vP is 5.846487e-08 
Error of vP is 6.292796e-08 
Error of vP is 6.012471e-08 
Error of vP is 5.285594e-08 
Error of vP is 6.213003e-08 
Error of vP is 7.609989e-08 
Error of vP is 9.736649e-08 
Error of vP is 6.200441e-08 
Error of vP is 5.808248e-08 
Error of vP is 7.087965e-08 
Error of vP is 8.220381e-08 
Error of vP is 5.750875e-08 
Error of vP is 5.281955e-08 
Error of vP is 1.138659e-07 
Error of vP is 5.390363e-08 
Error of vP is 1.099866e-07 
Error of vP is 9.217425e-08 
Error of vP is 5.417784e-08 
Error of vP is 1.047441e-07 
Error of vP is 7.026035e-08 
Error of vP is 1.041291e-07 
Error of vP is 6.663357e-08 
Error of vP is 8.757468e-08 
Error of vP is 5.259592e-08 
Error of vP is 5.169109e-08 
Error of vP is 5.299153e-08 
Error of vP is 5.698296e-08 
Error of vP is 6.158879e-08 
Error of vP is 5.762466e-08 
Error of vP is 6.942825e-08 
Error of vP is 5.402866e-08 
Error of vP is 8.919697e-08 
Error of vP is 5.491807e-08 
Error of vP is 5.383090e-08 
Error of vP is 1.193218e-07 
Error of vP is 1.385062e-07 
Error of vP is 1.481920e-07 
Error of vP is 7.334717e-08 
Error of vP is 8.513169e-08 
Error of vP is 1.274204e-07 
Error of vP is 8.674204e-08 
Error of vP is 7.277338e-08 
Error of vP is 8.528698e-08 
Error of vP is 1.104011e-07 
Error of vP is 1.113721e-07 
Error of vP is 9.374020e-08 
Error of vP is 1.565141e-07 
Error of vP is 1.429191e-07 
Error of vP is 1.338914e-07 
Error of vP is 8.352120e-08 
Error of vP is 5.116365e-08 
Error of vP is 7.349521e-08 
Error of vP is 6.564260e-08 
Error of vP is 1.240174e-07 
Error of vP is 6.725550e-08 
Error of vP is 6.062787e-08 
Error of vP is 5.687957e-08 
Error of vP is 8.348700e-08 
Error of vP is 8.154002e-08 
Error of vP is 8.029736e-08 
Error of vP is 8.823412e-08 
Error of vP is 9.370913e-08 
Error of vP is 6.260118e-08 
Error of vP is 5.365562e-08 
Error of vP is 7.679746e-08 
Error of vP is 1.116416e-07 
Error of vP is 7.139703e-08 
Error of vP is 5.027384e-08 
Error of vP is 5.410238e-08 
Error of vP is 7.880557e-08 
Error of vP is 6.804058e-08 
Error of vP is 9.306252e-08 
Error of vP is 5.106710e-08 
Error of vP is 9.896580e-08 
Error of vP is 5.636225e-08 
Error of vP is 5.910498e-08 
Error of vP is 1.103617e-07 
Error of vP is 6.289034e-08 
Error of vP is 6.070791e-08 
Error of vP is 5.359201e-08 
Error of vP is 1.194853e-07 
Error of vP is 1.854233e-07 
Error of vP is 2.358981e-07 
Error of vP is 8.541488e-08 
Error of vP is 1.407864e-07 
Error of vP is 1.022307e-07 
Error of vP is 7.275487e-08 
Error of vP is 1.217588e-07 
Error of vP is 6.151106e-08 
Error of vP is 6.804579e-08 
Error of vP is 8.517365e-08 
Error of vP is 1.208005e-07 
Error of vP is 1.984634e-07 
Error of vP is 5.176558e-08 
Error of vP is 6.243615e-08 
Error of vP is 6.950544e-08 
Error of vP is 6.536781e-08 
Error of vP is 1.209556e-07 
Error of vP is 1.351787e-07 
Error of vP is 7.123285e-08 
Error of vP is 8.599080e-08 
Error of vP is 6.416544e-08 
Error of vP is 5.236801e-08 
Error of vP is 6.785690e-08 
Error of vP is 9.723519e-08 
Error of vP is 5.083158e-08 
Error of vP is 6.304565e-08 
Error of vP is 5.041381e-08 
Error of vP is 7.664816e-08 
Error of vP is 1.143254e-07 
Error of vP is 1.840977e-07 
Error of vP is 3.889855e-07 
Error of vP is 3.275817e-07 
Error of vP is 2.463794e-07 
Error of vP is 6.543842e-07 
Error of vP is 2.855995e-07 
Error of vP is 1.205650e-07 
Error of vP is 2.949609e-07 
Error of vP is 8.623919e-08 
Error of vP is 2.097177e-07 
Error of vP is 8.421531e-08 
Error of vP is 3.254631e-07 
Error of vP is 1.457577e-07 
Error of vP is 1.238350e-07 
Error of vP is 5.103678e-07 
Error of vP is 6.166348e-08 
Error of vP is 6.219564e-08 
Error of vP is 3.758109e-07 
Error of vP is 3.673024e-07 
Error of vP is 1.887265e-07 
Error of vP is 5.369500e-07 
Error of vP is 1.784826e-07 
Error of vP is 8.868809e-08 
Error of vP is 4.175026e-07 
Error of vP is 2.209154e-07 
Error of vP is 7.756760e-07 
Error of vP is 5.313804e-07 
Error of vP is 6.461614e-07 
Error of vP is 3.032264e-07 
Error of vP is 2.507447e-07 
Error of vP is 1.282758e-07 
Error of vP is 1.233044e-07 
Error of vP is 6.140601e-07 
Error of vP is 2.077486e-07 
Error of vP is 4.335750e-07 
Error of vP is 1.233181e-07 
Error of vP is 2.747879e-07 
Error of vP is 1.308161e-07 
Error of vP is 7.226195e-08 
Error of vP is 6.181949e-08 
Error of vP is 6.280723e-08 
Error of vP is 7.187746e-08 
Error of vP is 1.268241e-07 
Error of vP is 9.492227e-08 
Error of vP is 6.193664e-08 
Error of vP is 5.385605e-08 
Error of vP is 5.201017e-08 
Error of vP is 1.265274e-07 
Error of vP is 7.803569e-08 
Error of vP is 2.340892e-07 
Error of vP is 1.500373e-07 
Error of vP is 9.416016e-08 
Error of vP is 8.773644e-08 
Error of vP is 1.121202e-07 
Error of vP is 1.199821e-07 
Error of vP is 1.321436e-07 
Error of vP is 7.751704e-08 
Error of vP is 8.873574e-08 
Error of vP is 1.538000e-07 
Error of vP is 9.900219e-08 
Error of vP is 6.955831e-08 
Error of vP is 1.066983e-07 
Error of vP is 1.722695e-07 
Error of vP is 7.905584e-08 
Error of vP is 1.580151e-07 
Error of vP is 5.456766e-08 
Error of vP is 5.684476e-08 
Error of vP is 1.170561e-07 
Error of vP is 1.115355e-07 
Error of vP is 1.159519e-07 
Error of vP is 1.111401e-07 
Error of vP is 1.148330e-07 
Error of vP is 8.811719e-08 
Error of vP is 9.509196e-08 
Error of vP is 6.360985e-08 
Error of vP is 6.513377e-08 
Error of vP is 6.255511e-08 
Error of vP is 1.024407e-07 
Error of vP is 6.305686e-08 
Error of vP is 8.642125e-08 
Error of vP is 6.365378e-08 
Error of vP is 6.340304e-08 
Error of vP is 7.201949e-08 
Error of vP is 7.691526e-08 
Error of vP is 5.010524e-08 
Error of vP is 8.938870e-08 
Error of vP is 6.578017e-08 
Error of vP is 5.502492e-08 
Error of vP is 5.898960e-08 
Error of vP is 1.623779e-07 
Error of vP is 8.522272e-08 
Error of vP is 6.100346e-08 
Error of vP is 6.819884e-08 
Error of vP is 6.867215e-08 
Error of vP is 6.706560e-08 
Error of vP is 7.450520e-08 
Error of vP is 1.127283e-07 
Error of vP is 1.511094e-07 
Error of vP is 1.370490e-07 
Error of vP is 5.903873e-08 
Error of vP is 1.046164e-07 
Error of vP is 5.988884e-08 
Error of vP is 1.585211e-07 
Error of vP is 2.348085e-07 
Error of vP is 2.896571e-07 
Error of vP is 2.766237e-07 
Error of vP is 5.040340e-08 
Error of vP is 6.761475e-08 
Error of vP is 7.427187e-08 
Error of vP is 8.404211e-08 
Error of vP is 3.447968e-07 
Error of vP is 6.804259e-08 
Error of vP is 2.323757e-07 
Error of vP is 6.487451e-08 
Error of vP is 1.398517e-07 
Error of vP is 2.142708e-07 
Error of vP is 6.921109e-08 
Error of vP is 1.882960e-07 
Error of vP is 1.768323e-07 
Error of vP is 5.514457e-08 
Error of vP is 1.464766e-07 
Error of vP is 1.383256e-07 
Error of vP is 1.774201e-07 
Error of vP is 3.064603e-07 
Error of vP is 1.537220e-07 
Error of vP is 7.504386e-08 
Error of vP is 5.493756e-08 
Error of vP is 5.243605e-08 
Error of vP is 6.002342e-08 
Error of vP is 5.269110e-08 
Error of vP is 8.532912e-08 
Error of vP is 7.421235e-08 
Error of vP is 8.550610e-08 
Error of vP is 5.197911e-08 
Error of vP is 8.208488e-08 
Error of vP is 6.340813e-08 
Error of vP is 5.965052e-08 
Error of vP is 5.066911e-08 
Error of vP is 5.670661e-08 
Error of vP is 5.443953e-08 
Error of vP is 7.616530e-08 
Error of vP is 6.695594e-08 
Error of vP is 1.090477e-07 
Error of vP is 8.734021e-08 
Error of vP is 5.271924e-08 
Error of vP is 1.687676e-07 
Error of vP is 8.091088e-08 
Error of vP is 5.741004e-08 
Error of vP is 5.814618e-08 
Error of vP is 5.489425e-08 
Error of vP is 5.024603e-08 
Error of vP is 5.422500e-08 
Error of vP is 5.516756e-08 
Error of vP is 1.063382e-07 
Error of vP is 5.202966e-08 
Error of vP is 5.457447e-08 
Error of vP is 7.562268e-08 
Error of vP is 9.344762e-08 
Error of vP is 5.990531e-08 
Error of vP is 5.218089e-08 
Error of vP is 6.423165e-08 
Error of vP is 6.779787e-08 
Error of vP is 5.405156e-08 
Error of vP is 9.861654e-08 
Error of vP is 1.626895e-07 
Error of vP is 1.475627e-07 
Error of vP is 1.457541e-07 
Error of vP is 1.126291e-07 
Error of vP is 1.220106e-07 
Error of vP is 1.579721e-07 
Error of vP is 2.224131e-07 
Error of vP is 7.547649e-08 
Error of vP is 5.711921e-08 
Error of vP is 2.185819e-07 
Error of vP is 1.696610e-07 
Error of vP is 1.391027e-07 
Error of vP is 2.108970e-07 
Error of vP is 2.202857e-07 
Error of vP is 1.584991e-07 
Error of vP is 5.144770e-08 
Error of vP is 3.224333e-07 
Error of vP is 8.094604e-08 
Error of vP is 3.704330e-07 
Error of vP is 3.009768e-07 
Error of vP is 2.403793e-07 
Error of vP is 1.468780e-07 
Error of vP is 7.593732e-08 
Error of vP is 2.399205e-07 
Error of vP is 1.334530e-07 
Error of vP is 8.249516e-08 
Error of vP is 5.355766e-08 
Error of vP is 1.765437e-07 
Error of vP is 3.249193e-07 
Error of vP is 2.549970e-07 
Error of vP is 9.489557e-08 
Error of vP is 7.220541e-08 
Error of vP is 1.006053e-07 
Error of vP is 1.668266e-07 
Error of vP is 2.080354e-07 
Error of vP is 1.588664e-07 
Error of vP is 2.263678e-07 
Error of vP is 9.309506e-08 
Error of vP is 7.170698e-08 
Error of vP is 1.066261e-07 
Error of vP is 9.188331e-08 
Error of vP is 1.031151e-07 
Error of vP is 1.487759e-07 
Error of vP is 8.732336e-08 
Error of vP is 7.120245e-08 
Error of vP is 5.015045e-08 
Error of vP is 1.053093e-07 
Error of vP is 1.535466e-07 
Error of vP is 3.638784e-07 
Error of vP is 3.882102e-07 
Error of vP is 6.386383e-08 
Error of vP is 7.404271e-07 
Error of vP is 3.885602e-07 
Error of vP is 1.112799e-07 
Error of vP is 3.235228e-07 
Error of vP is 5.331358e-07 
Error of vP is 5.101767e-07 
Error of vP is 2.511875e-07 
Error of vP is 9.296247e-08 
Error of vP is 3.926330e-07 
Error of vP is 2.401902e-07 
Error of vP is 2.998549e-07 
Error of vP is 3.737804e-07 
Error of vP is 5.874759e-08 
Error of vP is 2.082083e-07 
Error of vP is 9.017523e-08 
Error of vP is 6.055528e-08 
Error of vP is 2.317303e-07 
Error of vP is 2.032607e-07 
Error of vP is 1.809177e-07 
Error of vP is 6.744175e-08 
Error of vP is 3.136828e-07 
Error of vP is 2.745300e-07 
Error of vP is 1.622032e-07 
Error of vP is 2.684399e-07 
Error of vP is 2.196832e-07 
Error of vP is 2.365755e-07 
Error of vP is 2.003387e-07 
Error of vP is 6.457235e-08 
Error of vP is 4.661593e-07 
Error of vP is 5.422128e-07 
Error of vP is 1.379948e-07 
Error of vP is 7.223395e-08 
Error of vP is 1.214543e-07 
Error of vP is 5.414551e-07 
Error of vP is 5.797641e-08 
Error of vP is 5.010183e-07 
Error of vP is 8.505713e-08 
Error of vP is 1.746173e-07 
Error of vP is 6.725606e-08 
Error of vP is 5.470469e-08 
Error of vP is 5.303848e-07 
Error of vP is 1.135720e-07 
Error of vP is 2.118267e-07 
Error of vP is 4.911753e-07 
Error of vP is 3.117343e-07 
Error of vP is 5.533798e-08 
Error of vP is 1.706985e-07 
Error of vP is 4.752420e-07 
Error of vP is 6.251719e-08 
Error of vP is 2.243198e-07 
Error of vP is 1.958998e-07 
Error of vP is 1.868788e-07 
Error of vP is 2.153191e-07 
Error of vP is 5.944016e-08 
Error of vP is 4.274499e-07 
Error of vP is 1.791109e-07 
Error of vP is 3.335062e-07 
Error of vP is 9.782263e-08 
Error of vP is 2.226795e-07 
Error of vP is 8.570748e-08 
Error of vP is 3.111838e-07 
Error of vP is 3.825585e-07 
Error of vP is 8.396449e-07 
Error of vP is 8.710235e-07 
Error of vP is 2.594039e-07 
Error of vP is 9.083656e-07 
Error of vP is 1.276085e-07 
Error of vP is 6.472226e-08 
Error of vP is 5.567367e-08 
Error of vP is 6.386632e-08 
Error of vP is 5.154934e-08 
Error of vP is 5.345156e-08 
Error of vP is 5.064893e-08 
Error of vP is 1.174723e-07 
Error of vP is 8.427712e-08 
Error of vP is 5.891510e-08 
Error of vP is 1.314959e-07 
Error of vP is 1.298292e-07 
Error of vP is 9.442788e-08 
Error of vP is 7.634416e-08 
Error of vP is 1.527525e-07 
Error of vP is 5.717913e-08 
Error of vP is 8.519250e-08 
Error of vP is 5.483508e-08 
Error of vP is 5.383895e-08 
Error of vP is 7.152289e-08 
Error of vP is 8.609031e-08 
Error of vP is 8.940777e-08 
Error of vP is 2.341414e-07 
Error of vP is 9.386463e-08 
Error of vP is 1.715693e-07 
Error of vP is 2.224102e-07 
Error of vP is 5.610914e-08 
Error of vP is 7.019795e-08 
Error of vP is 7.264034e-08 
Error of vP is 9.553376e-08 
Error of vP is 6.692633e-08 
Error of vP is 6.079424e-08 
Error of vP is 9.823462e-08 
Error of vP is 5.144466e-08 
Error of vP is 5.456064e-08 
Error of vP is 6.514788e-08 
Error of vP is 9.152063e-08 
Error of vP is 5.570223e-08 
Error of vP is 5.398533e-08 
Error of vP is 5.072520e-08 
Error of vP is 1.004367e-07 
Error of vP is 6.898566e-08 
Error of vP is 7.038887e-08 
Error of vP is 7.643491e-08 
Error of vP is 8.735993e-08 
Error of vP is 5.963415e-08 
Error of vP is 5.493874e-08 
Error of vP is 6.172821e-08 
Error of vP is 5.498196e-08 
Error of vP is 6.452859e-08 
Error of vP is 8.791025e-08 
Error of vP is 9.581169e-08 
Error of vP is 7.069447e-08 
Error of vP is 2.950803e-07 
Error of vP is 1.162598e-06 
Error of vP is 1.553505e-07 
Error of vP is 6.358847e-08 
Error of vP is 9.589364e-08 
Error of vP is 5.602293e-08 
Error of vP is 6.820334e-08 
Error of vP is 1.028974e-07 
Error of vP is 6.023105e-08 
Error of vP is 1.098365e-07 
Error of vP is 7.726076e-08 
Error of vP is 6.567929e-08 
Error of vP is 8.581519e-08 
Error of vP is 7.792958e-08 
Error of vP is 5.883380e-08 
Error of vP is 5.579808e-08 
Error of vP is 5.480147e-08 
Error of vP is 5.691659e-08 
Error of vP is 5.840780e-08 
Error of vP is 5.530051e-08 
Error of vP is 9.105218e-08 
Error of vP is 7.540416e-08 
Error of vP is 1.065356e-07 
Error of vP is 5.649811e-08 
Error of vP is 5.828174e-08 
Error of vP is 5.202587e-08 
Error of vP is 6.868572e-08 
Error of vP is 6.811765e-08 
Error of vP is 6.332437e-08 
Error of vP is 6.511976e-08 
Error of vP is 1.289282e-07 
Error of vP is 6.371802e-08 
Error of vP is 6.908848e-08 
Error of vP is 1.317250e-07 
Error of vP is 8.650481e-08 
Error of vP is 1.194356e-07 
Error of vP is 8.733723e-08 
Error of vP is 1.443321e-07 
Error of vP is 8.068208e-08 
Error of vP is 1.456045e-07 
Error of vP is 6.341104e-08 
Error of vP is 6.164235e-08 
Error of vP is 1.485322e-07 
Error of vP is 1.286613e-07 
Error of vP is 7.209375e-08 
Error of vP is 1.819075e-07 
Error of vP is 1.507607e-07 
Error of vP is 9.709168e-08 
Error of vP is 7.456015e-08 
Error of vP is 1.139188e-07 
Error of vP is 1.613266e-07 
Error of vP is 5.941472e-08 
Error of vP is 1.426923e-07 
Error of vP is 1.260821e-07 
Error of vP is 1.314511e-07 
Error of vP is 5.538753e-08 
Error of vP is 3.109933e-07 
Error of vP is 7.279194e-08 
Error of vP is 1.410426e-07 
Error of vP is 8.371955e-08 
Error of vP is 2.383637e-07 
Error of vP is 2.336186e-07 
Error of vP is 5.335976e-08 
Error of vP is 1.239884e-07 
Error of vP is 5.273463e-08 
Error of vP is 7.310581e-08 
Error of vP is 6.866632e-08 
Error of vP is 5.898923e-08 
Error of vP is 1.761983e-07 
Error of vP is 6.665031e-08 
Error of vP is 1.298124e-07 
Error of vP is 1.112731e-07 
Error of vP is 1.065656e-07 
Error of vP is 1.127473e-07 
Error of vP is 1.166370e-07 
Error of vP is 1.340072e-07 
Error of vP is 1.303133e-07 
Error of vP is 1.780917e-07 
Error of vP is 1.044256e-07 
Error of vP is 6.180384e-08 
Error of vP is 6.040325e-08 
Error of vP is 6.700408e-08 
Error of vP is 5.243415e-08 
>> >> 
endtime =

   4.0975e+04

>> >> >> >> >> >> 