MATLAB is selecting SOFTWARE OPENGL rendering.

                            < M A T L A B (R) >
                  Copyright 1984-2021 The MathWorks, Inc.
                  R2021b (9.11.0.1769968) 64-bit (glnxa64)
                             September 17, 2021

 
To get started, type doc.
For product information, visit www.mathworks.com.
 
>> >> >> >> >> >> >> >> >> >> >> >> >> >> >> >> >> >> >> >> >> >> >> >> >> >> Starting parallel pool (parpool) using the 'local' profile ...
[Warning: A task was unexpectedly found in state: Unavailable.] 
[> In parallel.cluster.Local/deriveJobStateFromTasks (line 29)
In parallel.cluster/Local/getJobState (line 174)
In parallel.cluster/CJSCluster/hGetJobState (line 375)
In parallel.internal.cluster/CJSJobMixin/hGetStateEnum (line 175)
In parallel/Job/get.StateEnum (line 247)
In parallel/Job/get.State (line 239)
In parallel.internal.customattr.CustomGetSet>iVectorisedGetHelper (line 128)
In parallel.internal.customattr.CustomGetSet>@(a,b,c)iVectorisedGetHelper(obj,a,b,c) (line 102)
In parallel.internal.customattr/CustomGetSet/doVectorisedGet (line 103)
In parallel.internal.customattr/CustomGetSet/hVectorisedGet (line 76)
In parallel.internal.customattr.GetSetImpl>iAccessProperties (line 322)
In parallel.internal.customattr.GetSetImpl>iGetAllPropertiesVec (line 264)
In parallel.internal.customattr/GetSetImpl/getImpl (line 133)
In parallel.internal.customattr.CustomGetSet>iHetFunGetFunction (line 154)
In parallel.internal.customattr.CustomGetSet>@(o)iHetFunGetFunction(o,props) (line 139)
In parallel.internal.cluster.hetfun (line 46)
In parallel.internal.customattr.CustomGetSet>iHetFunGetProperty (line 139)
In parallel.internal.customattr/CustomGetSet/get (line 38)
In parallel.internal.pool/AbstractInteractiveClient/pRemoveOldJobs (line 211)
In parallel.internal.pool/AbstractInteractiveClient/start (line 103)
In parallel.internal.pool.AbstractClusterPool>iStartClient (line 831)
In parallel.internal.pool/AbstractClusterPool/hBuildPool (line 585)
In parallel.internal.pool.doParpool (line 22)
In parpool (line 123)
In parallel.internal.parpool.getOrCreateCurrentPool (line 17)
In parallel.internal.pool/PoolArrayManager/getOrAutoCreateWithCleanup (line 44)
In pctTryCreatePoolIfNecessary (line 28)
In parallel_function (line 423)] 
Connected to the parallel pool (number of workers: 12).
jj1 = 30, max_th = -5.821075e-01, time=2025-04-07 16:20:51 
jj1 = 55, max_th = 1.043490e+00, time=2025-04-07 16:26:47 
jj1 = 10, max_th = 1.166581e+00, time=2025-04-07 16:27:27 
jj1 = 25, max_th = 1.184429e+00, time=2025-04-07 16:29:40 
jj1 = 24, max_th = 2.857225e+00, time=2025-04-07 16:30:58 
jj1 = 60, max_th = 2.621651e+00, time=2025-04-07 16:31:15 
jj1 = 29, max_th = 1.518623e+00, time=2025-04-07 16:37:03 
jj1 = 15, max_th = 1.880885e+00, time=2025-04-07 16:40:05 
jj1 = 50, max_th = 1.479035e+00, time=2025-04-07 16:40:15 
jj1 = 23, max_th = 2.675124e+00, time=2025-04-07 16:41:28 
jj1 = 5, max_th = 2.045986e+00, time=2025-04-07 16:41:57 
jj1 = 40, max_th = 2.211017e+00, time=2025-04-07 16:42:15 
jj1 = 35, max_th = 1.585127e+00, time=2025-04-07 16:44:40 
jj1 = 28, max_th = 1.222757e+00, time=2025-04-07 16:45:34 
jj1 = 54, max_th = 1.562373e+00, time=2025-04-07 16:47:17 
jj1 = 20, max_th = 1.925947e+00, time=2025-04-07 16:47:21 
jj1 = 9, max_th = 2.117085e+00, time=2025-04-07 16:53:47 
jj1 = 59, max_th = 1.859499e+00, time=2025-04-07 16:54:02 
jj1 = 53, max_th = 2.891905e+00, time=2025-04-07 16:54:52 
jj1 = 45, max_th = 2.288838e+00, time=2025-04-07 16:58:53 
jj1 = 49, max_th = 2.216833e+00, time=2025-04-07 16:59:43 
jj1 = 39, max_th = 1.556663e+00, time=2025-04-07 17:00:25 
jj1 = 19, max_th = 2.498794e+00, time=2025-04-07 17:00:26 
jj1 = 14, max_th = 1.920708e+00, time=2025-04-07 17:04:05 
jj1 = 27, max_th = 1.927207e+00, time=2025-04-07 17:04:34 
jj1 = 22, max_th = 2.217542e+00, time=2025-04-07 17:04:43 
jj1 = 44, max_th = 2.824249e+00, time=2025-04-07 17:05:52 
jj1 = 48, max_th = 1.427624e+00, time=2025-04-07 17:09:54 
jj1 = 8, max_th = 2.317778e+00, time=2025-04-07 17:10:31 
jj1 = 34, max_th = 2.225041e+00, time=2025-04-07 17:10:41 
jj1 = 43, max_th = 2.760609e+00, time=2025-04-07 17:11:23 
jj1 = 4, max_th = 1.923991e+00, time=2025-04-07 17:11:52 
jj1 = 58, max_th = 2.202020e+00, time=2025-04-07 17:12:44 
jj1 = 26, max_th = 2.687098e+00, time=2025-04-07 17:13:51 
jj1 = 52, max_th = 1.969704e+00, time=2025-04-07 17:18:43 
jj1 = 57, max_th = 1.239226e+00, time=2025-04-07 17:19:27 
jj1 = 38, max_th = 1.675407e+00, time=2025-04-07 17:19:42 
jj1 = 21, max_th = 2.569536e+00, time=2025-04-07 17:21:37 
jj1 = 18, max_th = 2.019130e+00, time=2025-04-07 17:25:55 
jj1 = 42, max_th = 1.610146e+00, time=2025-04-07 17:26:21 
jj1 = 13, max_th = 2.454727e+00, time=2025-04-07 17:27:19 
jj1 = 12, max_th = 2.804817e+00, time=2025-04-07 17:29:17 
jj1 = 47, max_th = 1.846225e+00, time=2025-04-07 17:30:10 
jj1 = 37, max_th = 2.724829e+00, time=2025-04-07 17:31:35 
jj1 = 51, max_th = 2.611089e+00, time=2025-04-07 17:32:50 
jj1 = 3, max_th = 2.226105e+00, time=2025-04-07 17:33:11 
jj1 = 255, max_th = 2.373172e+00, time=2025-04-07 17:33:33 
jj1 = 7, max_th = 1.883115e+00, time=2025-04-07 17:33:37 
jj1 = 294, max_th = 2.233512e+00, time=2025-04-07 17:33:52 
jj1 = 36, max_th = 3.008766e+00, time=2025-04-07 17:34:20 
jj1 = 46, max_th = 8.923474e-01, time=2025-04-07 17:34:40 
jj1 = 33, max_th = 2.265400e+00, time=2025-04-07 17:35:06 
jj1 = 11, max_th = 9.401217e-01, time=2025-04-07 17:37:15 
jj1 = 56, max_th = 2.341160e+00, time=2025-04-07 17:38:02 
jj1 = 17, max_th = 1.474840e+00, time=2025-04-07 17:39:33 
jj1 = 2, max_th = 9.841606e-01, time=2025-04-07 17:39:56 
jj1 = 293, max_th = 2.736048e+00, time=2025-04-07 17:42:27 
jj1 = 528, max_th = 9.701739e-01, time=2025-04-07 17:43:08 
jj1 = 489, max_th = 1.432338e+00, time=2025-04-07 17:47:20 
jj1 = 254, max_th = 1.501354e+00, time=2025-04-07 17:47:44 
jj1 = 41, max_th = 2.213639e+00, time=2025-04-07 17:49:15 
jj1 = 6, max_th = 2.352998e+00, time=2025-04-07 17:49:59 
jj1 = 16, max_th = 1.189005e+00, time=2025-04-07 17:50:11 
jj1 = 372, max_th = 1.569771e+00, time=2025-04-07 17:51:07 
jj1 = 292, max_th = 1.042317e+00, time=2025-04-07 17:52:42 
jj1 = 1, max_th = 2.401496e+00, time=2025-04-07 17:53:13 
jj1 = 450, max_th = 1.999674e+00, time=2025-04-07 17:55:17 
jj1 = 177, max_th = 2.384373e+00, time=2025-04-07 17:56:39 
jj1 = 411, max_th = 2.900463e+00, time=2025-04-07 17:59:34 
jj1 = 32, max_th = 2.163062e+00, time=2025-04-07 18:00:00 
jj1 = 488, max_th = 1.707264e+00, time=2025-04-07 18:02:57 
jj1 = 371, max_th = 2.393557e+00, time=2025-04-07 18:06:01 
jj1 = 176, max_th = 2.566608e+00, time=2025-04-07 18:09:38 
jj1 = 527, max_th = 2.015220e+00, time=2025-04-07 18:09:50 
jj1 = 138, max_th = 2.268375e+00, time=2025-04-07 18:10:29 
jj1 = 449, max_th = 2.094378e+00, time=2025-04-07 18:11:47 
jj1 = 137, max_th = -9.179792e-02, time=2025-04-07 18:11:54 
jj1 = 253, max_th = 2.041459e+00, time=2025-04-07 18:12:25 
jj1 = 216, max_th = 1.935591e+00, time=2025-04-07 18:13:08 
jj1 = 487, max_th = 1.300691e+00, time=2025-04-07 18:14:46 
jj1 = 291, max_th = 2.105767e+00, time=2025-04-07 18:15:04 
jj1 = 526, max_th = 1.235207e+00, time=2025-04-07 18:16:58 
jj1 = 252, max_th = 2.959089e+00, time=2025-04-07 18:18:16 
jj1 = 31, max_th = 2.103208e+00, time=2025-04-07 18:19:48 
jj1 = 486, max_th = 2.393277e+00, time=2025-04-07 18:25:13 
jj1 = 99, max_th = 1.617989e+00, time=2025-04-07 18:25:50 
jj1 = 215, max_th = 1.491564e+00, time=2025-04-07 18:28:07 
jj1 = 175, max_th = 2.380191e+00, time=2025-04-07 18:29:47 
jj1 = 448, max_th = 2.221242e+00, time=2025-04-07 18:31:25 
jj1 = 370, max_th = 2.041163e+00, time=2025-04-07 18:32:42 
jj1 = 485, max_th = 2.777070e+00, time=2025-04-07 18:34:13 
jj1 = 251, max_th = 2.526828e+00, time=2025-04-07 18:34:59 
jj1 = 369, max_th = 2.955057e+00, time=2025-04-07 18:36:30 
jj1 = 136, max_th = 1.864213e+00, time=2025-04-07 18:37:23 
jj1 = 333, max_th = 1.941543e+00, time=2025-04-07 18:41:33 
jj1 = 410, max_th = 1.664809e+00, time=2025-04-07 18:41:55 
jj1 = 368, max_th = 2.688864e+00, time=2025-04-07 18:42:35 
jj1 = 214, max_th = 2.468957e+00, time=2025-04-07 18:42:50 
jj1 = 290, max_th = 1.823949e+00, time=2025-04-07 18:43:23 
jj1 = 525, max_th = 2.020908e+00, time=2025-04-07 18:43:56 
jj1 = 447, max_th = 2.525162e+00, time=2025-04-07 18:45:23 
jj1 = 174, max_th = 2.103064e+00, time=2025-04-07 18:50:52 
jj1 = 484, max_th = 1.571076e+00, time=2025-04-07 18:51:43 
jj1 = 250, max_th = 2.213350e+00, time=2025-04-07 18:52:02 
jj1 = 213, max_th = 1.285345e+00, time=2025-04-07 18:52:42 
jj1 = 98, max_th = 1.964348e+00, time=2025-04-07 18:53:23 
jj1 = 332, max_th = 1.542810e+00, time=2025-04-07 19:00:34 
jj1 = 367, max_th = 2.200314e+00, time=2025-04-07 19:00:38 
jj1 = 289, max_th = 2.431566e+00, time=2025-04-07 19:01:14 
jj1 = 524, max_th = 1.488331e+00, time=2025-04-07 19:01:38 
jj1 = 135, max_th = 2.108713e+00, time=2025-04-07 19:01:57 
jj1 = 409, max_th = 2.303365e+00, time=2025-04-07 19:02:01 
jj1 = 249, max_th = 2.521129e+00, time=2025-04-07 19:04:48 
jj1 = 97, max_th = 1.433492e+00, time=2025-04-07 19:10:38 
jj1 = 288, max_th = 1.302056e+00, time=2025-04-07 19:10:42 
jj1 = 483, max_th = 1.950850e+00, time=2025-04-07 19:12:14 
jj1 = 446, max_th = 2.079243e+00, time=2025-04-07 19:13:33 
jj1 = 212, max_th = 2.043678e+00, time=2025-04-07 19:13:57 
jj1 = 173, max_th = 1.782171e+00, time=2025-04-07 19:14:08 
jj1 = 482, max_th = 1.148180e+00, time=2025-04-07 19:15:34 
jj1 = 96, max_th = 2.828945e+00, time=2025-04-07 19:16:33 
jj1 = 408, max_th = 1.850821e+00, time=2025-04-07 19:16:35 
jj1 = 366, max_th = 2.159345e+00, time=2025-04-07 19:19:47 
jj1 = 331, max_th = 1.640491e+00, time=2025-04-07 19:20:08 
jj1 = 134, max_th = 1.864624e+00, time=2025-04-07 19:22:58 
jj1 = 365, max_th = 2.923286e+00, time=2025-04-07 19:24:16 
jj1 = 364, max_th = 3.170346e+00, time=2025-04-07 19:25:21 
jj1 = 523, max_th = 1.778527e+00, time=2025-04-07 19:26:23 
jj1 = 445, max_th = 1.372528e+00, time=2025-04-07 19:28:05 
jj1 = 172, max_th = 1.666760e+00, time=2025-04-07 19:29:43 
jj1 = 95, max_th = 1.555037e+00, time=2025-04-07 19:31:51 
jj1 = 248, max_th = 2.182578e+00, time=2025-04-07 19:31:55 
jj1 = 287, max_th = 2.158373e+00, time=2025-04-07 19:33:01 
jj1 = 407, max_th = 2.338561e+00, time=2025-04-07 19:36:32 
jj1 = 211, max_th = 2.312747e+00, time=2025-04-07 19:39:38 
jj1 = 330, max_th = 1.617584e+00, time=2025-04-07 19:40:08 
jj1 = 481, max_th = 2.018467e+00, time=2025-04-07 19:40:53 
jj1 = 363, max_th = 1.555729e+00, time=2025-04-07 19:42:45 
jj1 = 444, max_th = 1.998243e+00, time=2025-04-07 19:46:43 
jj1 = 247, max_th = 1.271126e+00, time=2025-04-07 19:46:54 
jj1 = 406, max_th = 2.552926e+00, time=2025-04-07 19:46:57 
jj1 = 246, max_th = 3.623569e+00, time=2025-04-07 19:47:13 
jj1 = 522, max_th = 2.389298e+00, time=2025-04-07 19:48:05 
jj1 = 133, max_th = 1.541770e+00, time=2025-04-07 19:51:36 
jj1 = 362, max_th = 1.212225e+00, time=2025-04-07 19:52:20 
jj1 = 171, max_th = 2.264592e+00, time=2025-04-07 19:53:58 
jj1 = 94, max_th = 1.583887e+00, time=2025-04-07 19:55:55 
jj1 = 480, max_th = 1.465427e+00, time=2025-04-07 19:57:45 
jj1 = 286, max_th = 2.027739e+00, time=2025-04-07 19:58:43 
jj1 = 329, max_th = 2.332749e+00, time=2025-04-07 20:00:08 
jj1 = 443, max_th = 2.108232e+00, time=2025-04-07 20:03:49 
jj1 = 170, max_th = 1.632719e+00, time=2025-04-07 20:08:22 
jj1 = 521, max_th = 2.220567e+00, time=2025-04-07 20:09:24 
jj1 = 405, max_th = 2.202677e+00, time=2025-04-07 20:09:46 
jj1 = 361, max_th = 1.579970e+00, time=2025-04-07 20:09:53 
jj1 = 132, max_th = 1.730430e+00, time=2025-04-07 20:11:50 
jj1 = 245, max_th = 1.775208e+00, time=2025-04-07 20:12:10 
jj1 = 93, max_th = 1.577263e+00, time=2025-04-07 20:14:23 
jj1 = 210, max_th = 1.875161e+00, time=2025-04-07 20:15:02 
jj1 = 442, max_th = 1.329719e+00, time=2025-04-07 20:16:55 
jj1 = 479, max_th = 2.123024e+00, time=2025-04-07 20:19:13 
jj1 = 209, max_th = 2.843102e+00, time=2025-04-07 20:21:00 
jj1 = 328, max_th = 1.956352e+00, time=2025-04-07 20:21:05 
jj1 = 131, max_th = 2.659596e+00, time=2025-04-07 20:22:19 
jj1 = 285, max_th = 1.536244e+00, time=2025-04-07 20:23:33 
jj1 = 404, max_th = 2.389228e+00, time=2025-04-07 20:26:42 
jj1 = 208, max_th = 2.775676e+00, time=2025-04-07 20:28:47 
jj1 = 520, max_th = 2.424382e+00, time=2025-04-07 20:29:03 
jj1 = 169, max_th = 2.004298e+00, time=2025-04-07 20:30:38 
jj1 = 441, max_th = 1.656248e+00, time=2025-04-07 20:31:15 
jj1 = 244, max_th = 2.181152e+00, time=2025-04-07 20:33:47 
jj1 = 360, max_th = 2.120410e+00, time=2025-04-07 20:34:34 
jj1 = 284, max_th = 1.393180e+00, time=2025-04-07 20:38:26 
jj1 = 403, max_th = 2.505523e+00, time=2025-04-07 20:38:47 
jj1 = 130, max_th = 1.479734e+00, time=2025-04-07 20:38:52 
jj1 = 92, max_th = 2.083875e+00, time=2025-04-07 20:39:39 
jj1 = 327, max_th = 1.798430e+00, time=2025-04-07 20:41:23 
jj1 = 519, max_th = 1.748929e+00, time=2025-04-07 20:44:24 
jj1 = 168, max_th = 1.850862e+00, time=2025-04-07 20:46:05 
jj1 = 283, max_th = 1.257685e+00, time=2025-04-07 20:46:56 
jj1 = 282, max_th = 7.868698e-01, time=2025-04-07 20:48:50 
jj1 = 478, max_th = 1.926200e+00, time=2025-04-07 20:50:03 
jj1 = 207, max_th = 2.209119e+00, time=2025-04-07 20:50:30 
jj1 = 359, max_th = 2.405537e+00, time=2025-04-07 20:50:44 
jj1 = 129, max_th = 2.432660e+00, time=2025-04-07 20:53:26 
jj1 = 128, max_th = 7.862153e-01, time=2025-04-07 20:55:48 
jj1 = 243, max_th = 2.005069e+00, time=2025-04-07 20:55:54 
jj1 = 440, max_th = 2.065686e+00, time=2025-04-07 20:58:10 
jj1 = 402, max_th = 1.673623e+00, time=2025-04-07 20:58:15 
jj1 = 91, max_th = 2.370037e+00, time=2025-04-07 21:01:13 
jj1 = 518, max_th = 2.416007e+00, time=2025-04-07 21:02:47 
jj1 = 167, max_th = 1.734658e+00, time=2025-04-07 21:04:38 
jj1 = 326, max_th = 1.569615e+00, time=2025-04-07 21:05:20 
jj1 = 439, max_th = 1.137748e+00, time=2025-04-07 21:05:40 
jj1 = 477, max_th = 2.363409e+00, time=2025-04-07 21:07:24 
jj1 = 281, max_th = 1.786449e+00, time=2025-04-07 21:10:55 
jj1 = 476, max_th = 3.035640e+00, time=2025-04-07 21:11:49 
jj1 = 401, max_th = 1.651845e+00, time=2025-04-07 21:15:48 
jj1 = 358, max_th = 2.061472e+00, time=2025-04-07 21:17:48 
jj1 = 242, max_th = 2.044792e+00, time=2025-04-07 21:17:58 
jj1 = 206, max_th = 1.727758e+00, time=2025-04-07 21:18:57 
jj1 = 438, max_th = 1.842698e+00, time=2025-04-07 21:19:09 
jj1 = 437, max_th = 3.412582e+00, time=2025-04-07 21:20:06 
jj1 = 127, max_th = 1.911496e+00, time=2025-04-07 21:20:46 
jj1 = 436, max_th = 6.581246e-01, time=2025-04-07 21:22:06 
jj1 = 280, max_th = 1.435774e+00, time=2025-04-07 21:23:16 
jj1 = 325, max_th = 1.476254e+00, time=2025-04-07 21:24:17 
jj1 = 90, max_th = 1.838277e+00, time=2025-04-07 21:32:22 
jj1 = 241, max_th = 2.539891e+00, time=2025-04-07 21:33:20 
jj1 = 517, max_th = 2.255296e+00, time=2025-04-07 21:34:38 
jj1 = 475, max_th = 1.893740e+00, time=2025-04-07 21:35:15 
jj1 = 166, max_th = 2.012504e+00, time=2025-04-07 21:36:22 
jj1 = 279, max_th = 2.447553e+00, time=2025-04-07 21:37:14 
jj1 = 400, max_th = 2.277247e+00, time=2025-04-07 21:37:47 
jj1 = 357, max_th = 1.889886e+00, time=2025-04-07 21:38:39 
jj1 = 278, max_th = 9.003260e-01, time=2025-04-07 21:40:50 
jj1 = 126, max_th = 1.810162e+00, time=2025-04-07 21:41:13 
jj1 = 435, max_th = 2.148048e+00, time=2025-04-07 21:41:24 
jj1 = 324, max_th = 2.298344e+00, time=2025-04-07 21:42:15 
jj1 = 205, max_th = 1.779562e+00, time=2025-04-07 21:43:11 
jj1 = 125, max_th = 8.097290e-01, time=2025-04-07 21:46:09 
jj1 = 356, max_th = 2.776587e+00, time=2025-04-07 21:46:11 
jj1 = 323, max_th = 2.940098e+00, time=2025-04-07 21:46:57 
jj1 = 474, max_th = 2.247379e+00, time=2025-04-07 21:52:18 
jj1 = 240, max_th = 2.304247e+00, time=2025-04-07 21:52:52 
jj1 = 277, max_th = 2.619646e+00, time=2025-04-07 21:53:04 
jj1 = 355, max_th = 9.789463e-01, time=2025-04-07 21:53:45 
jj1 = 204, max_th = 1.377769e+00, time=2025-04-07 21:53:54 
jj1 = 399, max_th = 1.930005e+00, time=2025-04-07 21:54:41 
jj1 = 89, max_th = 1.802609e+00, time=2025-04-07 21:54:52 
jj1 = 322, max_th = 2.613459e+00, time=2025-04-07 21:56:36 
jj1 = 276, max_th = 2.958545e+00, time=2025-04-07 21:57:02 
jj1 = 516, max_th = 2.010057e+00, time=2025-04-07 21:59:35 
jj1 = 88, max_th = 2.622250e+00, time=2025-04-07 22:05:46 
jj1 = 165, max_th = 1.965753e+00, time=2025-04-07 22:06:03 
jj1 = 434, max_th = 1.937474e+00, time=2025-04-07 22:08:21 
jj1 = 398, max_th = 2.669873e+00, time=2025-04-07 22:08:57 
jj1 = 124, max_th = 1.960708e+00, time=2025-04-07 22:12:06 
jj1 = 203, max_th = 2.145293e+00, time=2025-04-07 22:12:13 
jj1 = 473, max_th = 2.270104e+00, time=2025-04-07 22:12:54 
jj1 = 239, max_th = 1.858150e+00, time=2025-04-07 22:13:47 
jj1 = 321, max_th = 2.262444e+00, time=2025-04-07 22:14:25 
jj1 = 354, max_th = 1.941086e+00, time=2025-04-07 22:17:18 
jj1 = 164, max_th = 1.553979e+00, time=2025-04-07 22:19:40 
jj1 = 320, max_th = 2.777595e+00, time=2025-04-07 22:21:04 
jj1 = 275, max_th = 2.174956e+00, time=2025-04-07 22:21:13 
jj1 = 515, max_th = 1.945047e+00, time=2025-04-07 22:21:24 
jj1 = 472, max_th = 2.049968e+00, time=2025-04-07 22:24:50 
jj1 = 163, max_th = 7.635165e-01, time=2025-04-07 22:26:06 
jj1 = 433, max_th = 1.733844e+00, time=2025-04-07 22:27:04 
jj1 = 123, max_th = 1.509118e+00, time=2025-04-07 22:27:05 
jj1 = 122, max_th = 8.955355e-01, time=2025-04-07 22:30:29 
jj1 = 274, max_th = 2.666973e+00, time=2025-04-07 22:30:45 
jj1 = 121, max_th = 2.998252e-01, time=2025-04-07 22:30:50 
jj1 = 87, max_th = 2.207021e+00, time=2025-04-07 22:31:23 
jj1 = 397, max_th = 2.015035e+00, time=2025-04-07 22:31:42 
jj1 = 162, max_th = 2.716607e+00, time=2025-04-07 22:33:18 
jj1 = 353, max_th = 1.568229e+00, time=2025-04-07 22:33:23 
jj1 = 202, max_th = 2.002026e+00, time=2025-04-07 22:37:58 
jj1 = 471, max_th = 2.294576e+00, time=2025-04-07 22:40:29 
jj1 = 514, max_th = 1.445939e+00, time=2025-04-07 22:41:09 
jj1 = 319, max_th = 1.945353e+00, time=2025-04-07 22:41:27 
jj1 = 238, max_th = 2.269150e+00, time=2025-04-07 22:41:28 
jj1 = 352, max_th = 1.350475e+00, time=2025-04-07 22:43:46 
jj1 = 470, max_th = 2.992499e+00, time=2025-04-07 22:44:28 
jj1 = 161, max_th = 1.316078e+00, time=2025-04-07 22:46:08 
jj1 = 396, max_th = 2.572222e+00, time=2025-04-07 22:48:12 
jj1 = 432, max_th = 2.330062e+00, time=2025-04-07 22:49:51 
jj1 = 273, max_th = 1.877858e+00, time=2025-04-07 22:52:04 
jj1 = 120, max_th = 2.270682e+00, time=2025-04-07 22:52:42 
jj1 = 237, max_th = 2.633191e+00, time=2025-04-07 22:52:45 
jj1 = 513, max_th = 1.367961e+00, time=2025-04-07 22:53:50 
jj1 = 86, max_th = 1.941520e+00, time=2025-04-07 22:54:10 
jj1 = 469, max_th = 1.373769e+00, time=2025-04-07 22:55:33 
jj1 = 119, max_th = 2.754833e+00, time=2025-04-07 22:58:36 
jj1 = 318, max_th = 1.941713e+00, time=2025-04-07 22:58:51 
jj1 = 395, max_th = 2.447392e+00, time=2025-04-07 23:00:51 
jj1 = 512, max_th = 1.278395e+00, time=2025-04-07 23:01:40 
jj1 = 351, max_th = 1.744632e+00, time=2025-04-07 23:03:10 
jj1 = 160, max_th = 2.153818e+00, time=2025-04-07 23:06:21 
jj1 = 511, max_th = 1.049069e+00, time=2025-04-07 23:07:47 
jj1 = 201, max_th = 2.082095e+00, time=2025-04-07 23:07:53 
jj1 = 431, max_th = 2.252554e+00, time=2025-04-07 23:13:26 
jj1 = 118, max_th = 2.190989e+00, time=2025-04-07 23:13:30 
jj1 = 272, max_th = 1.734139e+00, time=2025-04-07 23:13:32 
jj1 = 510, max_th = 2.859753e+00, time=2025-04-07 23:14:16 
jj1 = 468, max_th = 1.708632e+00, time=2025-04-07 23:15:25 
jj1 = 236, max_th = 1.680987e+00, time=2025-04-07 23:16:21 
jj1 = 85, max_th = 2.073732e+00, time=2025-04-07 23:18:40 
jj1 = 394, max_th = 2.261820e+00, time=2025-04-07 23:18:43 
jj1 = 393, max_th = -8.081785e-01, time=2025-04-07 23:19:03 
jj1 = 317, max_th = 1.881078e+00, time=2025-04-07 23:22:02 
jj1 = 350, max_th = 1.873084e+00, time=2025-04-07 23:23:24 
jj1 = 117, max_th = 1.585378e+00, time=2025-04-07 23:30:44 
jj1 = 392, max_th = 1.487409e+00, time=2025-04-07 23:31:24 
jj1 = 430, max_th = 1.899077e+00, time=2025-04-07 23:32:06 
jj1 = 316, max_th = 1.302174e+00, time=2025-04-07 23:33:08 
jj1 = 467, max_th = 2.246744e+00, time=2025-04-07 23:33:10 
jj1 = 200, max_th = 1.882737e+00, time=2025-04-07 23:33:27 
jj1 = 271, max_th = 1.962839e+00, time=2025-04-07 23:36:29 
jj1 = 235, max_th = 2.332402e+00, time=2025-04-07 23:36:51 
jj1 = 349, max_th = 1.558898e+00, time=2025-04-07 23:36:54 
jj1 = 509, max_th = 2.044672e+00, time=2025-04-07 23:37:42 
jj1 = 159, max_th = 2.279643e+00, time=2025-04-07 23:40:56 
jj1 = 84, max_th = 2.036334e+00, time=2025-04-07 23:42:03 
jj1 = 315, max_th = 1.279446e+00, time=2025-04-07 23:43:47 
jj1 = 116, max_th = 2.150727e+00, time=2025-04-07 23:49:01 
jj1 = 466, max_th = 2.439039e+00, time=2025-04-07 23:49:59 
jj1 = 429, max_th = 1.773021e+00, time=2025-04-07 23:51:05 
jj1 = 234, max_th = 1.395265e+00, time=2025-04-07 23:53:08 
jj1 = 391, max_th = 1.778147e+00, time=2025-04-07 23:56:38 
jj1 = 115, max_th = 1.089401e+00, time=2025-04-07 23:58:06 
jj1 = 314, max_th = 2.459142e+00, time=2025-04-07 23:59:03 
jj1 = 158, max_th = 1.444065e+00, time=2025-04-07 23:59:07 
jj1 = 199, max_th = 1.979908e+00, time=2025-04-08 00:00:21 
jj1 = 348, max_th = 1.985193e+00, time=2025-04-08 00:02:00 
jj1 = 465, max_th = 1.117913e+00, time=2025-04-08 00:02:39 
jj1 = 270, max_th = 2.481241e+00, time=2025-04-08 00:03:57 
jj1 = 83, max_th = 1.889859e+00, time=2025-04-08 00:04:26 
jj1 = 428, max_th = 1.800368e+00, time=2025-04-08 00:04:27 
jj1 = 508, max_th = 2.336113e+00, time=2025-04-08 00:07:21 
jj1 = 313, max_th = 1.014352e+00, time=2025-04-08 00:10:32 
jj1 = 233, max_th = 2.298202e+00, time=2025-04-08 00:12:08 
jj1 = 157, max_th = 1.437905e+00, time=2025-04-08 00:14:05 
jj1 = 198, max_th = 2.487857e+00, time=2025-04-08 00:16:25 
jj1 = 114, max_th = 2.145720e+00, time=2025-04-08 00:16:39 
jj1 = 464, max_th = 1.491930e+00, time=2025-04-08 00:18:32 
jj1 = 269, max_th = 1.663453e+00, time=2025-04-08 00:20:48 
jj1 = 347, max_th = 2.164733e+00, time=2025-04-08 00:23:31 
jj1 = 232, max_th = 2.621288e+00, time=2025-04-08 00:25:36 
jj1 = 390, max_th = 2.268666e+00, time=2025-04-08 00:25:44 
jj1 = 312, max_th = 2.000318e+00, time=2025-04-08 00:28:21 
jj1 = 427, max_th = 1.914247e+00, time=2025-04-08 00:28:52 
jj1 = 507, max_th = 1.474535e+00, time=2025-04-08 00:28:59 
jj1 = 113, max_th = 2.557961e+00, time=2025-04-08 00:29:51 
jj1 = 311, max_th = 9.261855e-01, time=2025-04-08 00:31:35 
jj1 = 82, max_th = 1.881505e+00, time=2025-04-08 00:32:27 
jj1 = 156, max_th = 1.588978e+00, time=2025-04-08 00:34:05 
jj1 = 463, max_th = 1.586719e+00, time=2025-04-08 00:35:29 
jj1 = 197, max_th = 2.152689e+00, time=2025-04-08 00:38:10 
jj1 = 268, max_th = 2.369939e+00, time=2025-04-08 00:39:10 
jj1 = 310, max_th = 2.688435e+00, time=2025-04-08 00:40:01 
jj1 = 389, max_th = 1.472410e+00, time=2025-04-08 00:41:06 
jj1 = 506, max_th = 2.520933e+00, time=2025-04-08 00:42:39 
jj1 = 346, max_th = 2.241199e+00, time=2025-04-08 00:44:54 
jj1 = 462, max_th = 1.544681e+00, time=2025-04-08 00:47:24 
jj1 = 231, max_th = 2.041973e+00, time=2025-04-08 00:47:59 
jj1 = 81, max_th = 2.446412e+00, time=2025-04-08 00:48:03 
jj1 = 112, max_th = 1.871766e+00, time=2025-04-08 00:49:03 
jj1 = 426, max_th = 1.733146e+00, time=2025-04-08 00:50:01 
jj1 = 155, max_th = 2.359508e+00, time=2025-04-08 00:51:41 
jj1 = 345, max_th = 2.701664e+00, time=2025-04-08 00:52:31 
jj1 = 267, max_th = 1.602592e+00, time=2025-04-08 00:54:50 
jj1 = 505, max_th = 2.553187e+00, time=2025-04-08 00:59:30 
jj1 = 388, max_th = 1.773012e+00, time=2025-04-08 00:59:43 
jj1 = 461, max_th = 1.457204e+00, time=2025-04-08 01:03:17 
jj1 = 230, max_th = 1.592667e+00, time=2025-04-08 01:03:40 
jj1 = 309, max_th = 1.879473e+00, time=2025-04-08 01:04:37 
jj1 = 425, max_th = 1.482741e+00, time=2025-04-08 01:05:50 
jj1 = 344, max_th = 1.433633e+00, time=2025-04-08 01:06:25 
jj1 = 111, max_th = 1.846695e+00, time=2025-04-08 01:07:00 
jj1 = 196, max_th = 1.704717e+00, time=2025-04-08 01:07:37 
jj1 = 80, max_th = 1.853500e+00, time=2025-04-08 01:10:43 
jj1 = 266, max_th = 1.809456e+00, time=2025-04-08 01:15:46 
jj1 = 154, max_th = 1.870041e+00, time=2025-04-08 01:16:57 
jj1 = 504, max_th = 2.280040e+00, time=2025-04-08 01:18:16 
jj1 = 424, max_th = 1.403363e+00, time=2025-04-08 01:21:37 
jj1 = 460, max_th = 1.675970e+00, time=2025-04-08 01:24:33 
jj1 = 110, max_th = 1.769335e+00, time=2025-04-08 01:27:25 
jj1 = 79, max_th = 1.974088e+00, time=2025-04-08 01:27:29 
jj1 = 343, max_th = 2.039638e+00, time=2025-04-08 01:27:39 
jj1 = 387, max_th = 1.886340e+00, time=2025-04-08 01:27:41 
jj1 = 195, max_th = 2.115493e+00, time=2025-04-08 01:28:34 
jj1 = 265, max_th = 2.356497e+00, time=2025-04-08 01:29:49 
jj1 = 459, max_th = 2.813351e+00, time=2025-04-08 01:31:22 
jj1 = 229, max_th = 1.997542e+00, time=2025-04-08 01:31:38 
jj1 = 308, max_th = 1.782028e+00, time=2025-04-08 01:31:55 
jj1 = 503, max_th = 2.199855e+00, time=2025-04-08 01:32:56 
jj1 = 423, max_th = 1.178994e+00, time=2025-04-08 01:33:50 
jj1 = 342, max_th = 2.379890e+00, time=2025-04-08 01:39:20 
jj1 = 153, max_th = 2.086261e+00, time=2025-04-08 01:41:13 
jj1 = 228, max_th = 1.282474e+00, time=2025-04-08 01:42:35 
jj1 = 264, max_th = 2.463292e+00, time=2025-04-08 01:42:37 
jj1 = 386, max_th = 1.678218e+00, time=2025-04-08 01:43:13 
jj1 = 307, max_th = 2.505885e+00, time=2025-04-08 01:46:25 
jj1 = 194, max_th = 1.841491e+00, time=2025-04-08 01:48:12 
jj1 = 109, max_th = 1.907467e+00, time=2025-04-08 01:50:37 
jj1 = 502, max_th = 2.211114e+00, time=2025-04-08 01:53:21 
jj1 = 193, max_th = 2.991524e+00, time=2025-04-08 01:53:54 
jj1 = 78, max_th = 1.641200e+00, time=2025-04-08 01:54:13 
jj1 = 458, max_th = 1.617858e+00, time=2025-04-08 01:54:41 
jj1 = 192, max_th = 7.275141e-01, time=2025-04-08 01:56:16 
jj1 = 422, max_th = 1.735108e+00, time=2025-04-08 01:57:03 
jj1 = 306, max_th = 2.448763e+00, time=2025-04-08 02:00:57 
jj1 = 385, max_th = 1.559216e+00, time=2025-04-08 02:01:28 
jj1 = 341, max_th = 1.874983e+00, time=2025-04-08 02:01:52 
jj1 = 263, max_th = 2.430869e+00, time=2025-04-08 02:02:52 
jj1 = 77, max_th = 1.239715e+00, time=2025-04-08 02:05:39 
jj1 = 227, max_th = 1.920724e+00, time=2025-04-08 02:08:26 
jj1 = 152, max_th = 2.013481e+00, time=2025-04-08 02:10:43 
jj1 = 108, max_th = 2.281389e+00, time=2025-04-08 02:11:39 
jj1 = 262, max_th = 2.399241e+00, time=2025-04-08 02:12:50 
jj1 = 457, max_th = 2.282624e+00, time=2025-04-08 02:13:32 
jj1 = 501, max_th = 2.051215e+00, time=2025-04-08 02:13:56 
jj1 = 191, max_th = 2.417153e+00, time=2025-04-08 02:15:10 
jj1 = 261, max_th = 3.326280e+00, time=2025-04-08 02:18:16 
jj1 = 421, max_th = 2.125805e+00, time=2025-04-08 02:18:58 
jj1 = 76, max_th = 2.463338e+00, time=2025-04-08 02:19:51 
jj1 = 340, max_th = 1.882089e+00, time=2025-04-08 02:24:28 
jj1 = 305, max_th = 1.669731e+00, time=2025-04-08 02:24:37 
jj1 = 190, max_th = 2.671688e+00, time=2025-04-08 02:25:22 
jj1 = 384, max_th = 2.012253e+00, time=2025-04-08 02:27:55 
jj1 = 151, max_th = 1.852073e+00, time=2025-04-08 02:31:19 
jj1 = 226, max_th = 1.866906e+00, time=2025-04-08 02:33:04 
jj1 = 107, max_th = 2.007777e+00, time=2025-04-08 02:33:50 
jj1 = 500, max_th = 2.064967e+00, time=2025-04-08 02:35:33 
jj1 = 420, max_th = 1.744465e+00, time=2025-04-08 02:37:17 
jj1 = 189, max_th = 1.409289e+00, time=2025-04-08 02:37:21 
jj1 = 188, max_th = -4.691316e-03, time=2025-04-08 02:38:01 
jj1 = 260, max_th = 1.859578e+00, time=2025-04-08 02:38:57 
jj1 = 75, max_th = 2.137763e+00, time=2025-04-08 02:40:31 
jj1 = 456, max_th = 1.867993e+00, time=2025-04-08 02:41:17 
jj1 = 304, max_th = 1.846524e+00, time=2025-04-08 02:45:33 
jj1 = 339, max_th = 1.861160e+00, time=2025-04-08 02:46:10 
jj1 = 150, max_th = 1.598005e+00, time=2025-04-08 02:46:28 
jj1 = 455, max_th = 1.019354e+00, time=2025-04-08 02:47:10 
jj1 = 383, max_th = 1.820478e+00, time=2025-04-08 02:47:59 
jj1 = 259, max_th = 2.100816e+00, time=2025-04-08 02:55:49 
jj1 = 225, max_th = 1.746669e+00, time=2025-04-08 02:57:14 
jj1 = 419, max_th = 1.966547e+00, time=2025-04-08 02:57:43 
jj1 = 258, max_th = 4.149297e+00, time=2025-04-08 02:58:00 
jj1 = 499, max_th = 2.309869e+00, time=2025-04-08 02:58:32 
jj1 = 187, max_th = 2.165368e+00, time=2025-04-08 02:59:30 
jj1 = 74, max_th = 1.956725e+00, time=2025-04-08 03:00:09 
jj1 = 106, max_th = 2.293788e+00, time=2025-04-08 03:04:22 
jj1 = 73, max_th = 2.905073e+00, time=2025-04-08 03:04:55 
jj1 = 303, max_th = 1.847505e+00, time=2025-04-08 03:06:24 
jj1 = 338, max_th = 1.744974e+00, time=2025-04-08 03:06:28 
jj1 = 454, max_th = 2.270550e+00, time=2025-04-08 03:08:24 
jj1 = 186, max_th = 2.647899e+00, time=2025-04-08 03:08:28 
jj1 = 382, max_th = 1.611071e+00, time=2025-04-08 03:09:04 
jj1 = 337, max_th = 8.321211e-01, time=2025-04-08 03:10:21 
jj1 = 149, max_th = 2.018433e+00, time=2025-04-08 03:12:38 
jj1 = 224, max_th = 1.527536e+00, time=2025-04-08 03:12:51 
jj1 = 381, max_th = 1.185884e+00, time=2025-04-08 03:15:09 
jj1 = 185, max_th = 1.301061e+00, time=2025-04-08 03:16:08 
jj1 = 418, max_th = 2.045541e+00, time=2025-04-08 03:17:14 
jj1 = 498, max_th = 2.208512e+00, time=2025-04-08 03:19:31 
jj1 = 302, max_th = 1.857561e+00, time=2025-04-08 03:26:21 
jj1 = 72, max_th = 1.988589e+00, time=2025-04-08 03:26:54 
jj1 = 105, max_th = 2.208121e+00, time=2025-04-08 03:27:52 
jj1 = 336, max_th = 2.052830e+00, time=2025-04-08 03:30:34 
jj1 = 453, max_th = 1.890843e+00, time=2025-04-08 03:32:22 
jj1 = 380, max_th = 1.673945e+00, time=2025-04-08 03:33:10 
jj1 = 223, max_th = 1.818375e+00, time=2025-04-08 03:35:18 
jj1 = 417, max_th = 2.168168e+00, time=2025-04-08 03:36:50 
jj1 = 104, max_th = 2.051134e+00, time=2025-04-08 03:40:04 
jj1 = 184, max_th = 2.206556e+00, time=2025-04-08 03:41:05 
jj1 = 148, max_th = 2.762924e+00, time=2025-04-08 03:42:31 
jj1 = 497, max_th = 2.166779e+00, time=2025-04-08 03:45:19 
jj1 = 301, max_th = 1.836983e+00, time=2025-04-08 03:48:50 
jj1 = 257, max_th = 2.333451e+00, time=2025-04-08 03:51:20 
jj1 = 222, max_th = 1.601507e+00, time=2025-04-08 03:51:22 
jj1 = 103, max_th = 1.221025e+00, time=2025-04-08 03:52:20 
jj1 = 71, max_th = 2.175167e+00, time=2025-04-08 03:52:23 
jj1 = 335, max_th = 1.927725e+00, time=2025-04-08 03:54:04 
jj1 = 379, max_th = 2.008347e+00, time=2025-04-08 03:54:22 
jj1 = 183, max_th = 2.578450e+00, time=2025-04-08 03:55:01 
jj1 = 416, max_th = 2.418945e+00, time=2025-04-08 03:56:07 
jj1 = 102, max_th = 3.885021e-03, time=2025-04-08 03:56:23 
jj1 = 452, max_th = 1.767817e+00, time=2025-04-08 03:56:25 
jj1 = 221, max_th = 2.822065e+00, time=2025-04-08 03:58:32 
jj1 = 147, max_th = 1.661866e+00, time=2025-04-08 04:00:30 
jj1 = 182, max_th = 1.340656e+00, time=2025-04-08 04:05:45 
jj1 = 496, max_th = 2.001054e+00, time=2025-04-08 04:05:51 
jj1 = 70, max_th = 2.450817e+00, time=2025-04-08 04:06:13 
jj1 = 451, max_th = 1.470785e+00, time=2025-04-08 04:07:00 
jj1 = 256, max_th = 1.759920e+00, time=2025-04-08 04:08:09 
jj1 = 300, max_th = 2.029986e+00, time=2025-04-08 04:09:51 
jj1 = 495, max_th = 1.243219e+00, time=2025-04-08 04:12:21 
jj1 = 415, max_th = 1.394720e+00, time=2025-04-08 04:13:49 
jj1 = 181, max_th = 1.163658e+00, time=2025-04-08 04:15:26 
jj1 = 334, max_th = 1.885824e+00, time=2025-04-08 04:15:44 
jj1 = 101, max_th = 1.796239e+00, time=2025-04-08 04:15:49 
jj1 = 378, max_th = 1.879885e+00, time=2025-04-08 04:18:39 
jj1 = 146, max_th = 1.731188e+00, time=2025-04-08 04:21:29 
jj1 = 69, max_th = 2.148424e+00, time=2025-04-08 04:21:44 
jj1 = 548, max_th = 1.328332e+00, time=2025-04-08 04:22:26 
jj1 = 494, max_th = 2.463369e+00, time=2025-04-08 04:23:34 
jj1 = 220, max_th = 2.083757e+00, time=2025-04-08 04:23:36 
jj1 = 180, max_th = 1.399028e+00, time=2025-04-08 04:25:07 
jj1 = 414, max_th = 2.805813e+00, time=2025-04-08 04:26:22 
jj1 = 68, max_th = 2.851416e+00, time=2025-04-08 04:26:44 
jj1 = 299, max_th = 1.901082e+00, time=2025-04-08 04:28:09 
jj1 = 100, max_th = 2.675261e+00, time=2025-04-08 04:28:27 
jj1 = 588, max_th = 2.046003e+00, time=2025-04-08 04:28:52 
jj1 = 547, max_th = 1.900206e+00, time=2025-04-08 04:31:32 
jj1 = 608, max_th = 1.728995e+00, time=2025-04-08 04:36:13 
jj1 = 413, max_th = 1.390845e+00, time=2025-04-08 04:39:57 
jj1 = 546, max_th = 2.500784e+00, time=2025-04-08 04:42:08 
jj1 = 377, max_th = 1.817016e+00, time=2025-04-08 04:42:21 
jj1 = 219, max_th = 1.844520e+00, time=2025-04-08 04:44:02 
jj1 = 708, max_th = 2.252803e+00, time=2025-04-08 04:45:18 
jj1 = 376, max_th = 4.505678e-01, time=2025-04-08 04:45:25 
jj1 = 179, max_th = 1.969062e+00, time=2025-04-08 04:47:24 
jj1 = 545, max_th = 2.787982e+00, time=2025-04-08 04:47:39 
jj1 = 587, max_th = 2.107152e+00, time=2025-04-08 04:49:12 
jj1 = 707, max_th = 2.808407e+00, time=2025-04-08 04:50:32 
jj1 = 607, max_th = 1.822623e+00, time=2025-04-08 04:51:02 
jj1 = 145, max_th = 1.944785e+00, time=2025-04-08 04:51:15 
jj1 = 493, max_th = 1.857782e+00, time=2025-04-08 04:52:21 
jj1 = 492, max_th = 3.255912e+00, time=2025-04-08 04:53:17 
jj1 = 544, max_th = 2.771892e+00, time=2025-04-08 04:53:51 
jj1 = 298, max_th = 1.968909e+00, time=2025-04-08 04:55:28 
jj1 = 67, max_th = 2.345326e+00, time=2025-04-08 04:56:26 
jj1 = 586, max_th = 2.711686e+00, time=2025-04-08 04:57:58 
jj1 = 412, max_th = 1.829995e+00, time=2025-04-08 05:04:27 
jj1 = 144, max_th = 1.879747e+00, time=2025-04-08 05:05:17 
jj1 = 628, max_th = 3.072731e+00, time=2025-04-08 05:06:01 
jj1 = 585, max_th = 2.672224e+00, time=2025-04-08 05:06:40 
jj1 = 375, max_th = 1.897909e+00, time=2025-04-08 05:06:53 
jj1 = 218, max_th = 2.039599e+00, time=2025-04-08 05:07:27 
jj1 = 606, max_th = 1.834934e+00, time=2025-04-08 05:08:19 
jj1 = 66, max_th = 1.478313e+00, time=2025-04-08 05:08:40 
jj1 = 706, max_th = 1.948204e+00, time=2025-04-08 05:11:25 
jj1 = 491, max_th = 2.523502e+00, time=2025-04-08 05:12:21 
jj1 = 178, max_th = 2.270720e+00, time=2025-04-08 05:13:43 
jj1 = 543, max_th = 2.166625e+00, time=2025-04-08 05:16:44 
jj1 = 297, max_th = 1.894771e+00, time=2025-04-08 05:16:55 
jj1 = 605, max_th = 2.767031e+00, time=2025-04-08 05:18:32 
jj1 = 584, max_th = 1.371737e+00, time=2025-04-08 05:20:13 
jj1 = 705, max_th = 2.508429e+00, time=2025-04-08 05:26:47 
jj1 = 65, max_th = 2.293915e+00, time=2025-04-08 05:28:01 
jj1 = 728, max_th = 1.487966e+00, time=2025-04-08 05:28:11 
jj1 = 627, max_th = 1.885614e+00, time=2025-04-08 05:28:24 
jj1 = 583, max_th = 2.799433e+00, time=2025-04-08 05:28:26 
jj1 = 374, max_th = 2.109224e+00, time=2025-04-08 05:28:49 
jj1 = 143, max_th = 2.087579e+00, time=2025-04-08 05:28:52 
jj1 = 490, max_th = 2.456618e+00, time=2025-04-08 05:28:56 
jj1 = 217, max_th = 1.856104e+00, time=2025-04-08 05:29:43 
jj1 = 604, max_th = 2.536920e+00, time=2025-04-08 05:32:06 
jj1 = 542, max_th = 2.161908e+00, time=2025-04-08 05:34:28 
jj1 = 704, max_th = 1.330248e+00, time=2025-04-08 05:36:54 
jj1 = 541, max_th = 1.142173e+00, time=2025-04-08 05:38:16 
jj1 = 582, max_th = 1.396466e+00, time=2025-04-08 05:40:00 
jj1 = 373, max_th = 1.197610e+00, time=2025-04-08 05:40:05 
jj1 = 626, max_th = 1.444325e+00, time=2025-04-08 05:40:22 
jj1 = 727, max_th = 2.536723e+00, time=2025-04-08 05:42:51 
jj1 = 688, max_th = 1.003875e+00, time=2025-04-08 05:44:13 
jj1 = 296, max_th = 1.980204e+00, time=2025-04-08 05:45:07 
jj1 = 64, max_th = 2.253894e+00, time=2025-04-08 05:50:30 
jj1 = 687, max_th = 2.723624e+00, time=2025-04-08 05:51:10 
jj1 = 603, max_th = 2.065109e+00, time=2025-04-08 05:51:48 
jj1 = 668, max_th = 2.179028e+00, time=2025-04-08 05:56:21 
jj1 = 568, max_th = 1.976889e+00, time=2025-04-08 05:56:27 
jj1 = 581, max_th = 1.930725e+00, time=2025-04-08 05:58:13 
jj1 = 726, max_th = 2.368013e+00, time=2025-04-08 06:00:17 
jj1 = 540, max_th = 1.894511e+00, time=2025-04-08 06:01:04 
jj1 = 625, max_th = 1.764014e+00, time=2025-04-08 06:01:43 
jj1 = 703, max_th = 1.867667e+00, time=2025-04-08 06:03:48 
jj1 = 63, max_th = 2.453482e+00, time=2025-04-08 06:04:29 
jj1 = 295, max_th = 2.271828e+00, time=2025-04-08 06:07:28 
jj1 = 686, max_th = 1.741775e+00, time=2025-04-08 06:12:10 
jj1 = 567, max_th = 1.755131e+00, time=2025-04-08 06:13:25 
jj1 = 602, max_th = 1.914110e+00, time=2025-04-08 06:13:43 
jj1 = 624, max_th = 1.431670e+00, time=2025-04-08 06:14:05 
jj1 = 580, max_th = 1.469905e+00, time=2025-04-08 06:15:57 
jj1 = 667, max_th = 1.978639e+00, time=2025-04-08 06:20:04 
jj1 = 539, max_th = 2.221342e+00, time=2025-04-08 06:24:13 
jj1 = 725, max_th = 1.820971e+00, time=2025-04-08 06:25:45 
jj1 = 142, max_th = 1.373548e+00, time=2025-04-08 06:26:38 
jj1 = 62, max_th = 1.679712e+00, time=2025-04-08 06:26:39 
jj1 = 702, max_th = 2.337105e+00, time=2025-04-08 06:27:17 
jj1 = 566, max_th = 2.100443e+00, time=2025-04-08 06:28:56 
jj1 = 768, max_th = 1.961203e+00, time=2025-04-08 06:31:53 
jj1 = 601, max_th = 1.736564e+00, time=2025-04-08 06:34:25 
jj1 = 623, max_th = 1.718778e+00, time=2025-04-08 06:34:42 
jj1 = 579, max_th = 2.355372e+00, time=2025-04-08 06:35:15 
jj1 = 685, max_th = 2.143128e+00, time=2025-04-08 06:36:34 
jj1 = 61, max_th = 1.399822e+00, time=2025-04-08 06:36:47 
jj1 = 767, max_th = 9.539803e-01, time=2025-04-08 06:38:26 
jj1 = 666, max_th = 2.248129e+00, time=2025-04-08 06:40:45 
jj1 = 141, max_th = 2.577928e+00, time=2025-04-08 06:41:34 
jj1 = 766, max_th = 9.083672e-01, time=2025-04-08 06:42:31 
jj1 = 565, max_th = 2.540500e+00, time=2025-04-08 06:42:50 
jj1 = 600, max_th = 1.346805e+00, time=2025-04-08 06:43:43 
jj1 = 578, max_th = 1.298870e+00, time=2025-04-08 06:46:04 
jj1 = 564, max_th = 9.740384e-01, time=2025-04-08 06:46:38 
jj1 = 140, max_th = 1.064891e+00, time=2025-04-08 06:49:34 
jj1 = 538, max_th = 2.183312e+00, time=2025-04-08 06:50:02 
jj1 = 701, max_th = 1.618457e+00, time=2025-04-08 06:51:11 
jj1 = 577, max_th = 4.190238e+00, time=2025-04-08 06:52:25 
jj1 = 139, max_th = 5.789104e-01, time=2025-04-08 06:53:18 
jj1 = 622, max_th = 1.812657e+00, time=2025-04-08 06:56:07 
jj1 = 684, max_th = 2.094548e+00, time=2025-04-08 06:56:26 
jj1 = 748, max_th = 2.122300e+00, time=2025-04-08 06:56:37 
jj1 = 621, max_th = 1.334533e+00, time=2025-04-08 06:58:47 
jj1 = 724, max_th = 2.278061e+00, time=2025-04-08 06:58:57 
jj1 = 665, max_th = 2.161080e+00, time=2025-04-08 06:59:35 
jj1 = 599, max_th = 1.497479e+00, time=2025-04-08 07:00:57 
jj1 = 537, max_th = 1.433888e+00, time=2025-04-08 07:02:02 
jj1 = 765, max_th = 1.686168e+00, time=2025-04-08 07:06:00 
jj1 = 700, max_th = 2.614782e+00, time=2025-04-08 07:06:27 
jj1 = 563, max_th = 2.029604e+00, time=2025-04-08 07:07:48 
jj1 = 683, max_th = 2.553087e+00, time=2025-04-08 07:08:11 
jj1 = 664, max_th = -1.121799e+00, time=2025-04-08 07:08:47 
jj1 = 598, max_th = 2.548186e+00, time=2025-04-08 07:10:59 
jj1 = 648, max_th = 2.366464e+00, time=2025-04-08 07:12:19 
jj1 = 723, max_th = 1.208479e+00, time=2025-04-08 07:12:45 
jj1 = 764, max_th = 8.940336e-01, time=2025-04-08 07:14:05 
jj1 = 562, max_th = 2.797590e+00, time=2025-04-08 07:15:26 
jj1 = 747, max_th = 1.804138e+00, time=2025-04-08 07:17:33 
jj1 = 576, max_th = 2.160701e+00, time=2025-04-08 07:19:33 
jj1 = 620, max_th = 1.760791e+00, time=2025-04-08 07:22:17 
jj1 = 536, max_th = 1.967308e+00, time=2025-04-08 07:22:48 
jj1 = 746, max_th = 2.646767e+00, time=2025-04-08 07:25:18 
jj1 = 682, max_th = 1.761230e+00, time=2025-04-08 07:26:59 
jj1 = 699, max_th = 2.232305e+00, time=2025-04-08 07:27:03 
jj1 = 698, max_th = 5.084595e-01, time=2025-04-08 07:28:12 
jj1 = 647, max_th = 2.520969e+00, time=2025-04-08 07:28:17 
jj1 = 663, max_th = 1.955241e+00, time=2025-04-08 07:31:06 
jj1 = 722, max_th = 2.155958e+00, time=2025-04-08 07:33:14 
jj1 = 763, max_th = 2.365448e+00, time=2025-04-08 07:33:46 
jj1 = 597, max_th = 2.319181e+00, time=2025-04-08 07:36:04 
jj1 = 745, max_th = 1.303422e+00, time=2025-04-08 07:36:37 
jj1 = 575, max_th = 1.923298e+00, time=2025-04-08 07:37:44 
jj1 = 697, max_th = 1.256851e+00, time=2025-04-08 07:38:37 
jj1 = 561, max_th = 1.887746e+00, time=2025-04-08 07:39:06 
jj1 = 681, max_th = 3.516734e+00, time=2025-04-08 07:40:46 
jj1 = 646, max_th = 2.534781e+00, time=2025-04-08 07:41:54 
jj1 = 535, max_th = 2.305358e+00, time=2025-04-08 07:42:54 
jj1 = 619, max_th = 2.010054e+00, time=2025-04-08 07:46:06 
jj1 = 696, max_th = 4.497566e+00, time=2025-04-08 07:47:31 
jj1 = 596, max_th = 1.202064e+00, time=2025-04-08 07:48:14 
jj1 = 721, max_th = 2.601903e+00, time=2025-04-08 07:48:38 
jj1 = 662, max_th = 1.643120e+00, time=2025-04-08 07:49:02 
jj1 = 744, max_th = 2.557487e+00, time=2025-04-08 07:49:40 
jj1 = 595, max_th = 3.119793e+00, time=2025-04-08 07:50:22 
jj1 = 661, max_th = 7.955028e-01, time=2025-04-08 07:50:54 
jj1 = 594, max_th = 2.796254e+00, time=2025-04-08 07:56:43 
jj1 = 680, max_th = 1.593506e+00, time=2025-04-08 07:56:55 
jj1 = 762, max_th = 2.127830e+00, time=2025-04-08 07:57:29 
jj1 = 574, max_th = 2.022650e+00, time=2025-04-08 07:59:58 
jj1 = 695, max_th = 2.429815e+00, time=2025-04-08 08:00:36 
jj1 = 560, max_th = 2.268370e+00, time=2025-04-08 08:02:02 
jj1 = 645, max_th = 2.607443e+00, time=2025-04-08 08:02:46 
jj1 = 743, max_th = 1.377812e+00, time=2025-04-08 08:03:11 
jj1 = 534, max_th = 2.113245e+00, time=2025-04-08 08:07:29 
jj1 = 618, max_th = 1.715566e+00, time=2025-04-08 08:07:35 
jj1 = 559, max_th = 2.644018e+00, time=2025-04-08 08:09:48 
jj1 = 679, max_th = 1.609250e+00, time=2025-04-08 08:11:36 
jj1 = 742, max_th = 1.499966e+00, time=2025-04-08 08:12:13 
jj1 = 761, max_th = 1.467129e+00, time=2025-04-08 08:13:51 
jj1 = 660, max_th = 2.064254e+00, time=2025-04-08 08:17:00 
jj1 = 533, max_th = 2.465068e+00, time=2025-04-08 08:18:34 
jj1 = 760, max_th = 2.932533e+00, time=2025-04-08 08:18:50 
jj1 = 573, max_th = 1.637983e+00, time=2025-04-08 08:19:18 
jj1 = 720, max_th = 1.373830e+00, time=2025-04-08 08:21:11 
jj1 = 593, max_th = 2.283108e+00, time=2025-04-08 08:22:23 
jj1 = 617, max_th = 1.654793e+00, time=2025-04-08 08:24:10 
jj1 = 694, max_th = 2.171974e+00, time=2025-04-08 08:24:22 
jj1 = 592, max_th = 2.660919e+00, time=2025-04-08 08:27:02 
jj1 = 759, max_th = 1.460666e+00, time=2025-04-08 08:31:01 
jj1 = 532, max_th = 2.499330e+00, time=2025-04-08 08:32:21 
jj1 = 644, max_th = 2.016749e+00, time=2025-04-08 08:33:26 
jj1 = 572, max_th = 2.201723e+00, time=2025-04-08 08:34:20 
jj1 = 678, max_th = 1.732951e+00, time=2025-04-08 08:35:04 
jj1 = 741, max_th = 1.828867e+00, time=2025-04-08 08:35:18 
jj1 = 659, max_th = 1.676444e+00, time=2025-04-08 08:37:00 
jj1 = 616, max_th = 2.530286e+00, time=2025-04-08 08:38:38 
jj1 = 558, max_th = 1.833825e+00, time=2025-04-08 08:39:16 
jj1 = 677, max_th = 2.822554e+00, time=2025-04-08 08:42:00 
jj1 = 591, max_th = 2.490558e+00, time=2025-04-08 08:43:51 
jj1 = 719, max_th = 2.067667e+00, time=2025-04-08 08:44:41 
jj1 = 693, max_th = 1.943317e+00, time=2025-04-08 08:46:14 
jj1 = 758, max_th = 2.221014e+00, time=2025-04-08 08:49:43 
jj1 = 615, max_th = 3.048520e+00, time=2025-04-08 08:49:50 
jj1 = 718, max_th = 2.732799e+00, time=2025-04-08 08:50:43 
jj1 = 590, max_th = 2.794212e+00, time=2025-04-08 08:51:24 
jj1 = 717, max_th = 3.069623e+00, time=2025-04-08 08:51:34 
jj1 = 571, max_th = 2.153232e+00, time=2025-04-08 08:52:40 
jj1 = 740, max_th = 2.309044e+00, time=2025-04-08 08:53:39 
jj1 = 676, max_th = 1.277293e+00, time=2025-04-08 08:53:48 
jj1 = 643, max_th = 2.197974e+00, time=2025-04-08 08:53:53 
jj1 = 557, max_th = 2.430067e+00, time=2025-04-08 08:56:58 
jj1 = 531, max_th = 1.843676e+00, time=2025-04-08 09:00:15 
jj1 = 614, max_th = 2.353068e+00, time=2025-04-08 09:05:59 
jj1 = 675, max_th = 1.898676e+00, time=2025-04-08 09:09:43 
jj1 = 757, max_th = 2.256385e+00, time=2025-04-08 09:09:58 
jj1 = 716, max_th = 1.722785e+00, time=2025-04-08 09:10:33 
jj1 = 589, max_th = 1.944065e+00, time=2025-04-08 09:11:05 
jj1 = 570, max_th = 1.721985e+00, time=2025-04-08 09:13:20 
jj1 = 692, max_th = 1.041428e-01, time=2025-04-08 09:14:59 
jj1 = 642, max_th = 1.679861e+00, time=2025-04-08 09:16:05 
jj1 = 674, max_th = 1.284102e+00, time=2025-04-08 09:18:32 
jj1 = 530, max_th = 1.576921e+00, time=2025-04-08 09:19:09 
jj1 = 739, max_th = 1.967334e+00, time=2025-04-08 09:19:11 
jj1 = 613, max_th = 1.487191e+00, time=2025-04-08 09:20:37 
jj1 = 715, max_th = 2.570888e+00, time=2025-04-08 09:23:08 
jj1 = 529, max_th = 2.995719e+00, time=2025-04-08 09:23:36 
jj1 = 658, max_th = 1.418731e+00, time=2025-04-08 09:28:03 
jj1 = 556, max_th = 1.404179e+00, time=2025-04-08 09:28:25 
jj1 = 756, max_th = 1.590048e+00, time=2025-04-08 09:29:07 
jj1 = 555, max_th = 3.730650e-01, time=2025-04-08 09:30:14 
jj1 = 569, max_th = 1.528026e+00, time=2025-04-08 09:30:34 
jj1 = 738, max_th = 1.404898e+00, time=2025-04-08 09:30:56 
jj1 = 798, max_th = 1.667037e+00, time=2025-04-08 09:32:45 
jj1 = 554, max_th = -2.761183e-01, time=2025-04-08 09:35:42 
jj1 = 737, max_th = 2.863163e+00, time=2025-04-08 09:37:15 
jj1 = 778, max_th = 1.127399e+00, time=2025-04-08 09:39:32 
jj1 = 691, max_th = 1.873117e+00, time=2025-04-08 09:39:59 
jj1 = 641, max_th = 2.005668e+00, time=2025-04-08 09:40:10 
jj1 = 612, max_th = 2.042176e+00, time=2025-04-08 09:40:56 
jj1 = 673, max_th = 2.174796e+00, time=2025-04-08 09:42:27 
jj1 = 788, max_th = 1.606582e+00, time=2025-04-08 09:46:08 
jj1 = 714, max_th = 1.889910e+00, time=2025-04-08 09:46:30 
jj1 = 755, max_th = 2.200490e+00, time=2025-04-08 09:46:38 
jj1 = 797, max_th = 2.300839e+00, time=2025-04-08 09:47:07 
jj1 = 736, max_th = 2.624990e+00, time=2025-04-08 09:48:13 
jj1 = 657, max_th = 2.569825e+00, time=2025-04-08 09:48:28 
jj1 = 553, max_th = 2.384941e+00, time=2025-04-08 09:52:30 
jj1 = 611, max_th = 2.571927e+00, time=2025-04-08 09:53:43 
jj1 = 672, max_th = 1.466249e+00, time=2025-04-08 09:57:18 
jj1 = 690, max_th = 1.948912e+00, time=2025-04-08 09:57:41 
jj1 = 796, max_th = 1.165754e+00, time=2025-04-08 09:58:10 
jj1 = 610, max_th = 1.228383e+00, time=2025-04-08 10:02:00 
jj1 = 787, max_th = 2.297468e+00, time=2025-04-08 10:04:44 
jj1 = 735, max_th = 2.410361e+00, time=2025-04-08 10:05:12 
jj1 = 640, max_th = 2.113223e+00, time=2025-04-08 10:05:35 
jj1 = 777, max_th = 1.871991e+00, time=2025-04-08 10:07:12 
jj1 = 656, max_th = 1.804714e+00, time=2025-04-08 10:08:28 
jj1 = 795, max_th = 1.125372e+00, time=2025-04-08 10:08:46 
jj1 = 713, max_th = 1.914571e+00, time=2025-04-08 10:11:21 
jj1 = 754, max_th = 1.968387e+00, time=2025-04-08 10:12:53 
jj1 = 609, max_th = 1.477866e+00, time=2025-04-08 10:13:48 
jj1 = 689, max_th = 1.366155e+00, time=2025-04-08 10:14:09 
jj1 = 734, max_th = 1.321227e+00, time=2025-04-08 10:15:07 
jj1 = 552, max_th = 2.115821e+00, time=2025-04-08 10:16:31 
jj1 = 639, max_th = 1.783198e+00, time=2025-04-08 10:19:21 
jj1 = 671, max_th = 2.213405e+00, time=2025-04-08 10:19:26 
jj1 = 786, max_th = -7.818965e-02, time=2025-04-08 10:25:30 
jj1 = 794, max_th = 2.367955e+00, time=2025-04-08 10:27:52 
jj1 = 712, max_th = 2.171011e+00, time=2025-04-08 10:31:30 
jj1 = 776, max_th = 1.976412e+00, time=2025-04-08 10:32:54 
jj1 = 793, max_th = 1.011832e+00, time=2025-04-08 10:33:02 
jj1 = 733, max_th = 2.233155e+00, time=2025-04-08 10:33:52 
jj1 = 655, max_th = 1.842708e+00, time=2025-04-08 10:34:58 
jj1 = 818, max_th = 1.646664e+00, time=2025-04-08 10:35:07 
jj1 = 808, max_th = 1.772921e+00, time=2025-04-08 10:35:57 
jj1 = 753, max_th = 1.844871e+00, time=2025-04-08 10:36:09 
jj1 = 551, max_th = 2.303602e+00, time=2025-04-08 10:39:04 
jj1 = 670, max_th = 2.091716e+00, time=2025-04-08 10:40:24 
jj1 = 792, max_th = 1.065343e+00, time=2025-04-08 10:41:10 
jj1 = 638, max_th = 1.946648e+00, time=2025-04-08 10:42:17 
jj1 = 775, max_th = 1.551094e+00, time=2025-04-08 10:46:02 
jj1 = 711, max_th = 2.339903e+00, time=2025-04-08 10:50:16 
jj1 = 785, max_th = 2.009530e+00, time=2025-04-08 10:50:28 
jj1 = 732, max_th = 2.621902e+00, time=2025-04-08 10:50:34 
jj1 = 752, max_th = 1.718238e+00, time=2025-04-08 10:51:46 
jj1 = 807, max_th = 2.303148e+00, time=2025-04-08 10:52:30 
jj1 = 654, max_th = 2.296903e+00, time=2025-04-08 10:52:54 
jj1 = 817, max_th = 2.510571e+00, time=2025-04-08 10:53:09 
jj1 = 637, max_th = 1.478799e+00, time=2025-04-08 10:54:02 
jj1 = 710, max_th = -1.301716e+00, time=2025-04-08 10:54:04 
jj1 = 653, max_th = 6.986563e-01, time=2025-04-08 10:55:00 
jj1 = 774, max_th = 1.311900e+00, time=2025-04-08 10:58:45 
jj1 = 669, max_th = 1.616494e+00, time=2025-04-08 10:58:52 
jj1 = 816, max_th = 2.758592e+00, time=2025-04-08 10:59:55 
jj1 = 550, max_th = 2.170110e+00, time=2025-04-08 11:01:01 
jj1 = 815, max_th = 7.728960e-01, time=2025-04-08 11:01:55 
jj1 = 731, max_th = 1.354792e+00, time=2025-04-08 11:02:51 
jj1 = 791, max_th = 1.961514e+00, time=2025-04-08 11:04:14 
jj1 = 784, max_th = 1.766269e+00, time=2025-04-08 11:06:25 
jj1 = 858, max_th = 2.647354e+00, time=2025-04-08 11:08:18 
jj1 = 806, max_th = 1.439149e+00, time=2025-04-08 11:09:05 
jj1 = 751, max_th = 2.227115e+00, time=2025-04-08 11:11:08 
jj1 = 730, max_th = 2.656559e+00, time=2025-04-08 11:11:28 
jj1 = 773, max_th = 2.154945e+00, time=2025-04-08 11:11:38 
jj1 = 652, max_th = 2.003503e+00, time=2025-04-08 11:16:40 
jj1 = 729, max_th = 3.357293e+00, time=2025-04-08 11:16:59 
jj1 = 636, max_th = 2.246981e+00, time=2025-04-08 11:18:32 
jj1 = 709, max_th = 1.777744e+00, time=2025-04-08 11:20:00 
jj1 = 828, max_th = 7.641197e-01, time=2025-04-08 11:22:48 
jj1 = 549, max_th = 1.957246e+00, time=2025-04-08 11:24:04 
jj1 = 805, max_th = 2.459650e+00, time=2025-04-08 11:24:33 
jj1 = 790, max_th = 1.722434e+00, time=2025-04-08 11:25:56 
jj1 = 814, max_th = 2.039013e+00, time=2025-04-08 11:26:04 
jj1 = 804, max_th = 7.178922e-01, time=2025-04-08 11:27:18 
jj1 = 772, max_th = 1.485382e+00, time=2025-04-08 11:29:06 
jj1 = 783, max_th = 2.154782e+00, time=2025-04-08 11:29:40 
jj1 = 750, max_th = 1.801605e+00, time=2025-04-08 11:31:12 
jj1 = 771, max_th = 8.560279e-01, time=2025-04-08 11:32:23 
jj1 = 749, max_th = -4.424343e-02, time=2025-04-08 11:32:28 
jj1 = 803, max_th = 2.841211e+00, time=2025-04-08 11:34:01 
jj1 = 868, max_th = 8.911874e-01, time=2025-04-08 11:37:15 
jj1 = 857, max_th = 2.268554e+00, time=2025-04-08 11:37:22 
jj1 = 878, max_th = 1.878232e+00, time=2025-04-08 11:39:52 
jj1 = 813, max_th = 2.513606e+00, time=2025-04-08 11:41:28 
jj1 = 651, max_th = 1.988198e+00, time=2025-04-08 11:41:28 
jj1 = 635, max_th = 2.286856e+00, time=2025-04-08 11:41:32 
jj1 = 848, max_th = 2.354673e+00, time=2025-04-08 11:42:44 
jj1 = 770, max_th = 1.127394e+00, time=2025-04-08 11:43:58 
jj1 = 827, max_th = 1.681215e+00, time=2025-04-08 11:46:58 
jj1 = 802, max_th = 1.419607e+00, time=2025-04-08 11:47:13 
jj1 = 789, max_th = 2.092021e+00, time=2025-04-08 11:49:00 
jj1 = 801, max_th = 2.921379e+00, time=2025-04-08 11:49:37 
jj1 = 867, max_th = 1.443251e+00, time=2025-04-08 11:50:20 
jj1 = 782, max_th = 1.605644e+00, time=2025-04-08 11:52:27 
jj1 = 769, max_th = 2.662207e+00, time=2025-04-08 11:53:35 
jj1 = 812, max_th = 2.486145e+00, time=2025-04-08 11:54:07 
jj1 = 781, max_th = 2.783586e+00, time=2025-04-08 11:58:11 
jj1 = 800, max_th = 1.332645e+00, time=2025-04-08 11:59:47 
jj1 = 634, max_th = 1.651428e+00, time=2025-04-08 12:00:10 
jj1 = 847, max_th = 1.563609e+00, time=2025-04-08 12:00:18 
jj1 = 866, max_th = 1.340113e+00, time=2025-04-08 12:00:56 
jj1 = 877, max_th = 1.623323e+00, time=2025-04-08 12:01:21 
jj1 = 856, max_th = 2.114536e+00, time=2025-04-08 12:01:55 
jj1 = 650, max_th = 2.232244e+00, time=2025-04-08 12:05:43 
jj1 = 826, max_th = 2.156030e+00, time=2025-04-08 12:08:23 
jj1 = 903, max_th = 2.460524e+00, time=2025-04-08 12:08:25 
jj1 = 902, max_th = 2.342777e-01, time=2025-04-08 12:08:41 
jj1 = 649, max_th = 2.980693e+00, time=2025-04-08 12:10:19 
jj1 = 893, max_th = 2.120791e+00, time=2025-04-08 12:11:34 
jj1 = 838, max_th = 9.665021e-01, time=2025-04-08 12:12:27 
jj1 = 811, max_th = 1.762070e+00, time=2025-04-08 12:14:38 
jj1 = 865, max_th = 1.368845e+00, time=2025-04-08 12:15:25 
jj1 = 846, max_th = 1.636324e+00, time=2025-04-08 12:18:00 
jj1 = 855, max_th = 2.001269e+00, time=2025-04-08 12:19:38 
jj1 = 799, max_th = 2.377020e+00, time=2025-04-08 12:20:15 
jj1 = 780, max_th = 2.156715e+00, time=2025-04-08 12:22:40 
jj1 = 825, max_th = 2.469415e+00, time=2025-04-08 12:23:38 
jj1 = 824, max_th = 1.290565e+00, time=2025-04-08 12:29:09 
jj1 = 633, max_th = 2.172377e+00, time=2025-04-08 12:30:26 
jj1 = 901, max_th = 2.324719e+00, time=2025-04-08 12:30:43 
jj1 = 876, max_th = 1.930492e+00, time=2025-04-08 12:32:47 
jj1 = 913, max_th = 2.575744e+00, time=2025-04-08 12:32:50 
jj1 = 837, max_th = 2.207296e+00, time=2025-04-08 12:33:32 
jj1 = 823, max_th = 2.751984e+00, time=2025-04-08 12:35:33 
jj1 = 845, max_th = 2.420186e+00, time=2025-04-08 12:38:21 
jj1 = 810, max_th = 1.725629e+00, time=2025-04-08 12:38:44 
jj1 = 854, max_th = 2.235623e+00, time=2025-04-08 12:38:49 
jj1 = 892, max_th = 1.955624e+00, time=2025-04-08 12:38:56 
jj1 = 836, max_th = 9.968444e-01, time=2025-04-08 12:39:07 
jj1 = 864, max_th = 2.025712e+00, time=2025-04-08 12:41:48 
jj1 = 875, max_th = 1.442450e+00, time=2025-04-08 12:45:46 
jj1 = 779, max_th = 1.553804e+00, time=2025-04-08 12:47:21 
jj1 = 632, max_th = 1.898350e+00, time=2025-04-08 12:48:41 
jj1 = 853, max_th = 2.816535e+00, time=2025-04-08 12:49:37 
jj1 = 900, max_th = 2.086957e+00, time=2025-04-08 12:55:25 
jj1 = 844, max_th = 1.683426e+00, time=2025-04-08 12:57:18 
jj1 = 898, max_th = 1.354757e+00, time=2025-04-08 12:57:55 
jj1 = 912, max_th = 2.157275e+00, time=2025-04-08 12:58:37 
jj1 = 835, max_th = 1.370786e+00, time=2025-04-08 12:58:52 
jj1 = 822, max_th = 2.075662e+00, time=2025-04-08 13:00:14 
jj1 = 809, max_th = 1.861170e+00, time=2025-04-08 13:02:11 
jj1 = 911, max_th = 1.150334e+00, time=2025-04-08 13:02:33 
jj1 = 874, max_th = 2.619174e+00, time=2025-04-08 13:03:09 
jj1 = 631, max_th = 1.380546e+00, time=2025-04-08 13:03:18 
jj1 = 863, max_th = 2.180671e+00, time=2025-04-08 13:04:39 
jj1 = 891, max_th = 2.280690e+00, time=2025-04-08 13:04:45 
jj1 = 852, max_th = 1.655005e+00, time=2025-04-08 13:04:59 
jj1 = 897, max_th = 2.546461e+00, time=2025-04-08 13:06:05 
jj1 = 910, max_th = 1.246084e+00, time=2025-04-08 13:07:28 
jj1 = 908, max_th = 3.759704e+00, time=2025-04-08 13:09:07 
jj1 = 899, max_th = 1.484953e+00, time=2025-04-08 13:12:28 
jj1 = 843, max_th = 1.547211e+00, time=2025-04-08 13:16:02 
jj1 = 630, max_th = 1.408294e+00, time=2025-04-08 13:16:53 
jj1 = 821, max_th = 2.145845e+00, time=2025-04-08 13:20:19 
jj1 = 896, max_th = 1.636578e+00, time=2025-04-08 13:22:19 
jj1 = 909, max_th = 1.448651e+00, time=2025-04-08 13:25:05 
jj1 = 890, max_th = 2.051753e+00, time=2025-04-08 13:25:56 
jj1 = 834, max_th = 1.983542e+00, time=2025-04-08 13:26:37 
jj1 = 833, max_th = 7.129535e-01, time=2025-04-08 13:28:24 
jj1 = 873, max_th = 1.764553e+00, time=2025-04-08 13:29:27 
jj1 = 948, max_th = 1.695717e+00, time=2025-04-08 13:30:02 
jj1 = 851, max_th = 2.268173e+00, time=2025-04-08 13:30:12 
jj1 = 862, max_th = 1.789088e+00, time=2025-04-08 13:31:38 
jj1 = 907, max_th = 1.588061e+00, time=2025-04-08 13:31:44 
jj1 = 629, max_th = 2.444915e+00, time=2025-04-08 13:33:32 
jj1 = 842, max_th = 1.846442e+00, time=2025-04-08 13:38:51 
jj1 = 820, max_th = 1.881813e+00, time=2025-04-08 13:39:36 
jj1 = 947, max_th = 1.546272e+00, time=2025-04-08 13:42:15 
jj1 = 889, max_th = 1.852672e+00, time=2025-04-08 13:46:06 
jj1 = 895, max_th = 2.306921e+00, time=2025-04-08 13:48:37 
jj1 = 850, max_th = 1.532087e+00, time=2025-04-08 13:48:42 
jj1 = 861, max_th = 2.395554e+00, time=2025-04-08 13:51:39 
jj1 = 832, max_th = 1.935684e+00, time=2025-04-08 13:52:57 
jj1 = 872, max_th = 2.108015e+00, time=2025-04-08 13:53:19 
jj1 = 946, max_th = 1.698912e+00, time=2025-04-08 13:54:07 
jj1 = 956, max_th = 1.855854e+00, time=2025-04-08 13:55:09 
jj1 = 888, max_th = 1.910473e+00, time=2025-04-08 13:55:37 
jj1 = 943, max_th = 2.767701e+00, time=2025-04-08 13:56:36 
jj1 = 906, max_th = 1.882928e+00, time=2025-04-08 13:57:03 
jj1 = 841, max_th = 1.713218e+00, time=2025-04-08 14:00:49 
jj1 = 871, max_th = 2.805753e+00, time=2025-04-08 14:03:07 
jj1 = 860, max_th = 2.682353e+00, time=2025-04-08 14:04:27 
jj1 = 819, max_th = 2.353529e+00, time=2025-04-08 14:05:17 
jj1 = 870, max_th = 1.270253e+00, time=2025-04-08 14:08:22 
jj1 = 955, max_th = 2.680674e+00, time=2025-04-08 14:11:23 
jj1 = 894, max_th = 1.701055e+00, time=2025-04-08 14:11:58 
jj1 = 831, max_th = 2.394146e+00, time=2025-04-08 14:12:58 
jj1 = 849, max_th = 2.133703e+00, time=2025-04-08 14:14:19 
jj1 = 942, max_th = 1.315486e+00, time=2025-04-08 14:15:09 
jj1 = 887, max_th = 1.748729e+00, time=2025-04-08 14:15:55 
jj1 = 928, max_th = 2.637907e+00, time=2025-04-08 14:19:16 
jj1 = 918, max_th = 2.847608e+00, time=2025-04-08 14:19:52 
jj1 = 905, max_th = 2.371115e+00, time=2025-04-08 14:20:42 
jj1 = 945, max_th = 2.058140e+00, time=2025-04-08 14:24:44 
jj1 = 869, max_th = 1.599840e+00, time=2025-04-08 14:25:07 
jj1 = 886, max_th = 2.512236e+00, time=2025-04-08 14:26:18 
jj1 = 840, max_th = 1.903163e+00, time=2025-04-08 14:27:28 
jj1 = 923, max_th = 7.649616e-01, time=2025-04-08 14:29:16 
jj1 = 830, max_th = 1.640741e+00, time=2025-04-08 14:30:40 
jj1 = 859, max_th = 1.953194e+00, time=2025-04-08 14:32:25 
jj1 = 938, max_th = 3.059414e+00, time=2025-04-08 14:34:57 
jj1 = 960, max_th = 1.540327e+00, time=2025-04-08 14:35:55 
jj1 = 954, max_th = 1.615592e+00, time=2025-04-08 14:37:50 
jj1 = 885, max_th = 2.744824e+00, time=2025-04-08 14:38:07 
jj1 = 937, max_th = 2.919959e+00, time=2025-04-08 14:38:43 
jj1 = 959, max_th = 2.969588e+00, time=2025-04-08 14:42:59 
jj1 = 829, max_th = 1.357264e+00, time=2025-04-08 14:43:26 
jj1 = 927, max_th = 2.260431e+00, time=2025-04-08 14:44:30 
jj1 = 917, max_th = 1.706575e+00, time=2025-04-08 14:44:41 
jj1 = 839, max_th = 1.239041e+00, time=2025-04-08 14:45:56 
jj1 = 884, max_th = 2.778327e+00, time=2025-04-08 14:48:02 
jj1 = 904, max_th = 1.806780e+00, time=2025-04-08 14:48:14 
jj1 = 916, max_th = 1.047549e+00, time=2025-04-08 14:52:38 
jj1 = 941, max_th = 1.870308e+00, time=2025-04-08 14:52:46 
jj1 = 944, max_th = 1.864424e+00, time=2025-04-08 14:54:20 
jj1 = 922, max_th = 2.092427e+00, time=2025-04-08 14:58:21 
jj1 = 953, max_th = 1.509892e+00, time=2025-04-08 14:59:14 
jj1 = 883, max_th = 1.301940e+00, time=2025-04-08 15:00:21 
jj1 = 936, max_th = 2.378424e+00, time=2025-04-08 15:02:19 
jj1 = 926, max_th = 2.209483e+00, time=2025-04-08 15:07:30 
jj1 = 952, max_th = 1.764074e+00, time=2025-04-08 15:10:05 
jj1 = 958, max_th = 1.817929e+00, time=2025-04-08 15:10:55 
jj1 = 933, max_th = 2.190426e+00, time=2025-04-08 15:14:25 
jj1 = 957, max_th = 8.083682e-01, time=2025-04-08 15:14:32 
jj1 = 964, max_th = 2.137131e+00, time=2025-04-08 15:15:16 
jj1 = 963, max_th = 8.117814e-01, time=2025-04-08 15:19:00 
jj1 = 882, max_th = 1.562985e+00, time=2025-04-08 15:20:11 
jj1 = 915, max_th = 1.930086e+00, time=2025-04-08 15:20:42 
jj1 = 921, max_th = 2.417208e+00, time=2025-04-08 15:21:18 
jj1 = 935, max_th = 2.516921e+00, time=2025-04-08 15:22:22 
jj1 = 968, max_th = 1.857903e+00, time=2025-04-08 15:25:12 
jj1 = 940, max_th = 1.987322e+00, time=2025-04-08 15:27:32 
jj1 = 972, max_th = 1.723416e+00, time=2025-04-08 15:27:46 
jj1 = 881, max_th = 9.992984e-01, time=2025-04-08 15:27:57 
jj1 = 951, max_th = 2.346359e+00, time=2025-04-08 15:32:15 
jj1 = 914, max_th = 9.442599e-01, time=2025-04-08 15:35:38 
jj1 = 880, max_th = 2.717081e+00, time=2025-04-08 15:38:15 
jj1 = 920, max_th = 1.331799e+00, time=2025-04-08 15:38:26 
jj1 = 925, max_th = 1.962851e+00, time=2025-04-08 15:40:41 
jj1 = 967, max_th = 1.422011e+00, time=2025-04-08 15:42:26 
jj1 = 988, max_th = 2.075571e+00, time=2025-04-08 15:44:31 
jj1 = 932, max_th = 1.988287e+00, time=2025-04-08 15:45:52 
jj1 = 962, max_th = 1.816922e+00, time=2025-04-08 15:46:18 
jj1 = 950, max_th = 2.473776e+00, time=2025-04-08 15:49:20 
jj1 = 939, max_th = 2.239836e+00, time=2025-04-08 15:52:39 
jj1 = 934, max_th = 2.071630e+00, time=2025-04-08 15:52:58 
jj1 = 992, max_th = 2.475214e+00, time=2025-04-08 15:53:40 
jj1 = 879, max_th = 1.638268e+00, time=2025-04-08 15:58:47 
jj1 = 971, max_th = 1.869413e+00, time=2025-04-08 15:59:35 
jj1 = 924, max_th = 1.949395e+00, time=2025-04-08 15:59:49 
jj1 = 970, max_th = 3.075713e+00, time=2025-04-08 16:02:04 
jj1 = 980, max_th = 1.437195e+00, time=2025-04-08 16:02:05 
jj1 = 919, max_th = 2.046312e+00, time=2025-04-08 16:02:27 
jj1 = 987, max_th = 1.628315e+00, time=2025-04-08 16:04:17 
jj1 = 961, max_th = 1.801079e+00, time=2025-04-08 16:05:39 
jj1 = 966, max_th = 2.077347e+00, time=2025-04-08 16:05:43 
jj1 = 949, max_th = 1.936754e+00, time=2025-04-08 16:08:17 
jj1 = 1000, max_th = 2.914123e+00, time=2025-04-08 16:09:50 
jj1 = 931, max_th = 1.870542e+00, time=2025-04-08 16:12:01 
jj1 = 996, max_th = 1.337757e+00, time=2025-04-08 16:12:26 
jj1 = 997, max_th = 1.494760e+00, time=2025-04-08 16:14:02 
jj1 = 979, max_th = 2.350628e+00, time=2025-04-08 16:16:02 
jj1 = 976, max_th = 2.373116e+00, time=2025-04-08 16:16:30 
jj1 = 986, max_th = 2.491949e+00, time=2025-04-08 16:17:02 
jj1 = 991, max_th = 2.309187e+00, time=2025-04-08 16:17:24 
jj1 = 975, max_th = 2.911776e+00, time=2025-04-08 16:19:00 
jj1 = 965, max_th = 2.341579e+00, time=2025-04-08 16:23:11 
jj1 = 995, max_th = 2.511196e+00, time=2025-04-08 16:24:29 
jj1 = 969, max_th = 2.181979e+00, time=2025-04-08 16:28:41 
jj1 = 930, max_th = 2.373408e+00, time=2025-04-08 16:28:41 
jj1 = 998, max_th = 1.875912e+00, time=2025-04-08 16:31:56 
jj1 = 984, max_th = 2.165336e+00, time=2025-04-08 16:33:04 
jj1 = 974, max_th = 2.444068e+00, time=2025-04-08 16:34:19 
jj1 = 978, max_th = 2.152758e+00, time=2025-04-08 16:36:24 
jj1 = 985, max_th = 1.942676e+00, time=2025-04-08 16:36:57 
jj1 = 990, max_th = 2.006500e+00, time=2025-04-08 16:37:37 
jj1 = 973, max_th = 2.538649e+00, time=2025-04-08 16:38:55 
jj1 = 994, max_th = 2.241604e+00, time=2025-04-08 16:39:45 
jj1 = 977, max_th = 1.290739e+00, time=2025-04-08 16:42:39 
jj1 = 929, max_th = 2.128298e+00, time=2025-04-08 16:42:50 
jj1 = 983, max_th = 1.670858e+00, time=2025-04-08 16:43:10 
jj1 = 989, max_th = 1.660287e+00, time=2025-04-08 16:47:41 
jj1 = 999, max_th = 1.597528e+00, time=2025-04-08 16:50:25 
jj1 = 993, max_th = 1.932967e+00, time=2025-04-08 16:50:41 
jj1 = 982, max_th = 2.287954e+00, time=2025-04-08 16:52:29 
jj1 = 981, max_th = 2.935321e+00, time=2025-04-08 16:56:46 
>> >> >> >> >> >> >> >> >> 