MATLAB is selecting SOFTWARE OPENGL rendering.

                            < M A T L A B (R) >
                  Copyright 1984-2021 The MathWorks, Inc.
                  R2021b (9.11.0.1769968) 64-bit (glnxa64)
                             September 17, 2021

 
To get started, type doc.
For product information, visit www.mathworks.com.
 
>> >> >> >> >> >> >> >> >> >> >> >> >> >> >> >> >> >> >> Starting parallel pool (parpool) using the 'local' profile ...
[Warning: A task was unexpectedly found in state: Unavailable.] 
[> In parallel.cluster.Local/deriveJobStateFromTasks (line 29)
In parallel.cluster/Local/getJobState (line 174)
In parallel.cluster/CJSCluster/hGetJobState (line 375)
In parallel.internal.cluster/CJSJobMixin/hGetStateEnum (line 175)
In parallel/Job/get.StateEnum (line 247)
In parallel/Job/get.State (line 239)
In parallel.internal.customattr.CustomGetSet>iVectorisedGetHelper (line 128)
In parallel.internal.customattr.CustomGetSet>@(a,b,c)iVectorisedGetHelper(obj,a,b,c) (line 102)
In parallel.internal.customattr/CustomGetSet/doVectorisedGet (line 103)
In parallel.internal.customattr/CustomGetSet/hVectorisedGet (line 76)
In parallel.internal.customattr.GetSetImpl>iAccessProperties (line 322)
In parallel.internal.customattr.GetSetImpl>iGetAllPropertiesVec (line 264)
In parallel.internal.customattr/GetSetImpl/getImpl (line 133)
In parallel.internal.customattr.CustomGetSet>iHetFunGetFunction (line 154)
In parallel.internal.customattr.CustomGetSet>@(o)iHetFunGetFunction(o,props) (line 139)
In parallel.internal.cluster.hetfun (line 46)
In parallel.internal.customattr.CustomGetSet>iHetFunGetProperty (line 139)
In parallel.internal.customattr/CustomGetSet/get (line 38)
In parallel.internal.pool/AbstractInteractiveClient/pRemoveOldJobs (line 211)
In parallel.internal.pool/AbstractInteractiveClient/start (line 103)
In parallel.internal.pool.AbstractClusterPool>iStartClient (line 831)
In parallel.internal.pool/AbstractClusterPool/hBuildPool (line 585)
In parallel.internal.pool.doParpool (line 22)
In parpool (line 123)
In parallel.internal.parpool.getOrCreateCurrentPool (line 17)
In parallel.internal.pool/PoolArrayManager/getOrAutoCreateWithCleanup (line 44)
In pctTryCreatePoolIfNecessary (line 28)
In parallel_function (line 423)
In fn_measure (line 41)] 
Connected to the parallel pool (number of workers: 12).
Error of vP is 7.296574e-08 
Error of vP is 5.798073e-08 
Error of vP is 7.087296e-08 
Error of vP is 8.075298e-08 
Error of vP is 5.191350e-08 
Error of vP is 7.021294e-08 
Error of vP is 5.042467e-08 
Error of vP is 5.087358e-08 
Error of vP is 5.629720e-08 
Error of vP is 5.432383e-08 
Error of vP is 6.357118e-08 
Error of vP is 7.014971e-08 
Error of vP is 7.249386e-08 
Error of vP is 2.087773e-07 
Error of vP is 1.138299e-07 
Error of vP is 1.101689e-07 
Error of vP is 5.840734e-08 
Error of vP is 9.411878e-08 
Error of vP is 7.466274e-08 
Error of vP is 7.998401e-08 
Error of vP is 9.585429e-08 
Error of vP is 1.135176e-07 
Error of vP is 1.044617e-07 
Error of vP is 1.293625e-07 
Error of vP is 8.415404e-08 
Error of vP is 1.229562e-07 
Error of vP is 1.271318e-07 
Error of vP is 1.129580e-07 
Error of vP is 6.527254e-08 
Error of vP is 1.989044e-07 
Error of vP is 5.840856e-08 
Error of vP is 5.984879e-08 
Error of vP is 7.129388e-08 
Error of vP is 5.423202e-08 
Error of vP is 8.131069e-08 
Error of vP is 6.020577e-08 
Error of vP is 5.500988e-08 
Error of vP is 8.856410e-08 
Error of vP is 7.655000e-08 
Error of vP is 5.064435e-08 
Error of vP is 6.166422e-08 
Error of vP is 5.952334e-08 
Error of vP is 5.751869e-08 
Error of vP is 5.827464e-08 
Error of vP is 1.078686e-07 
Error of vP is 8.170512e-08 
Error of vP is 5.582175e-08 
Error of vP is 6.373680e-08 
Error of vP is 9.882062e-08 
Error of vP is 1.004999e-07 
Error of vP is 5.155663e-08 
Error of vP is 5.207586e-08 
Error of vP is 7.090618e-08 
Error of vP is 6.740379e-08 
Error of vP is 6.391063e-08 
Error of vP is 7.323254e-08 
Error of vP is 7.131833e-08 
Error of vP is 7.742008e-08 
Error of vP is 6.827002e-08 
Error of vP is 6.413183e-08 
Error of vP is 1.128838e-07 
Error of vP is 6.331633e-08 
Error of vP is 5.228213e-08 
Error of vP is 8.872932e-08 
Error of vP is 1.730644e-07 
Error of vP is 1.370523e-07 
Error of vP is 7.589935e-08 
Error of vP is 1.398684e-07 
Error of vP is 1.376101e-07 
Error of vP is 9.647252e-08 
Error of vP is 7.467745e-08 
Error of vP is 1.278112e-07 
Error of vP is 1.406304e-07 
Error of vP is 1.593520e-07 
Error of vP is 6.155389e-08 
Error of vP is 5.068313e-08 
Error of vP is 6.073587e-08 
Error of vP is 7.680805e-08 
Error of vP is 5.138423e-08 
Error of vP is 5.852318e-08 
Error of vP is 6.054973e-08 
Error of vP is 5.077155e-08 
Error of vP is 8.022832e-08 
Error of vP is 6.138097e-08 
Error of vP is 6.043980e-08 
Error of vP is 5.746750e-08 
Error of vP is 6.404560e-08 
Error of vP is 5.813531e-08 
Error of vP is 6.074995e-08 
Error of vP is 5.278629e-08 
Error of vP is 5.060082e-08 
Error of vP is 6.187434e-08 
Error of vP is 6.909221e-08 
Error of vP is 6.553298e-08 
Error of vP is 7.359101e-08 
Error of vP is 5.295368e-08 
Error of vP is 5.360217e-08 
Error of vP is 7.978429e-08 
Error of vP is 5.115762e-08 
Error of vP is 6.390789e-08 
Error of vP is 5.594769e-08 
Error of vP is 5.651238e-08 
Error of vP is 5.990748e-08 
Error of vP is 5.648070e-08 
Error of vP is 5.429824e-08 
Error of vP is 6.529593e-08 
Error of vP is 5.042952e-08 
Error of vP is 5.972009e-08 
Error of vP is 5.618544e-08 
Error of vP is 7.244208e-08 
Error of vP is 1.181106e-07 
Error of vP is 6.767596e-08 
Error of vP is 6.965155e-08 
Error of vP is 7.350484e-08 
Error of vP is 6.705508e-08 
Error of vP is 1.263778e-07 
Error of vP is 9.602020e-08 
Error of vP is 2.051116e-07 
Error of vP is 1.030397e-07 
Error of vP is 6.150320e-08 
Error of vP is 7.361065e-08 
Error of vP is 6.456726e-08 
Error of vP is 6.245483e-08 
Error of vP is 7.030859e-08 
Error of vP is 6.266219e-08 
Error of vP is 5.686448e-08 
Error of vP is 1.138372e-07 
Error of vP is 5.600172e-08 
Error of vP is 8.653702e-08 
Error of vP is 6.570596e-08 
Error of vP is 6.200261e-08 
Error of vP is 8.114724e-08 
Error of vP is 5.275096e-08 
Error of vP is 7.719416e-08 
Error of vP is 7.837881e-08 
Error of vP is 7.533328e-08 
Error of vP is 1.434749e-07 
Error of vP is 5.977466e-08 
Error of vP is 1.068902e-07 
Error of vP is 9.243755e-08 
Error of vP is 5.289182e-08 
Error of vP is 1.052950e-07 
Error of vP is 9.220662e-08 
Error of vP is 8.710989e-08 
Error of vP is 9.985246e-08 
Error of vP is 1.178780e-07 
Error of vP is 1.779225e-07 
Error of vP is 2.660669e-07 
Error of vP is 2.435198e-07 
Error of vP is 8.128651e-08 
Error of vP is 3.026746e-07 
Error of vP is 9.645424e-08 
Error of vP is 5.795501e-08 
Error of vP is 5.543003e-08 
Error of vP is 5.316644e-08 
Error of vP is 6.078196e-08 
Error of vP is 5.336685e-08 
Error of vP is 5.388126e-08 
Error of vP is 5.411055e-08 
Error of vP is 6.575954e-08 
Error of vP is 6.903655e-08 
Error of vP is 6.424706e-08 
Error of vP is 8.196253e-08 
Error of vP is 7.739684e-08 
Error of vP is 6.602454e-08 
Error of vP is 8.815371e-08 
Error of vP is 5.618904e-08 
Error of vP is 8.389158e-08 
Error of vP is 1.288569e-07 
Error of vP is 6.411197e-08 
Error of vP is 7.536123e-08 
Error of vP is 5.518986e-08 
Error of vP is 5.063432e-08 
Error of vP is 7.734424e-08 
Error of vP is 7.351908e-08 
Error of vP is 8.601290e-08 
Error of vP is 9.838883e-08 
Error of vP is 5.962338e-08 
Error of vP is 7.302766e-08 
Error of vP is 5.203304e-08 
Error of vP is 5.465771e-08 
Error of vP is 1.104975e-07 
Error of vP is 5.461851e-08 
Error of vP is 6.078752e-08 
Error of vP is 6.558750e-08 
Error of vP is 7.921365e-08 
Error of vP is 6.524636e-08 
Error of vP is 5.756928e-08 
Error of vP is 6.636924e-08 
Error of vP is 5.386700e-08 
Error of vP is 8.593768e-08 
Error of vP is 5.174600e-08 
Error of vP is 5.565452e-08 
Error of vP is 6.596936e-08 
Error of vP is 9.531492e-08 
Error of vP is 8.233542e-08 
Error of vP is 9.750541e-08 
Error of vP is 1.781802e-07 
Error of vP is 7.494717e-08 
Error of vP is 3.561625e-07 
Error of vP is 1.663779e-07 
Error of vP is 1.658976e-07 
Error of vP is 7.191021e-08 
Error of vP is 1.605499e-07 
Error of vP is 2.355730e-07 
Error of vP is 8.387163e-08 
Error of vP is 9.656130e-08 
Error of vP is 1.158581e-07 
Error of vP is 8.479809e-08 
Error of vP is 7.122893e-08 
Error of vP is 9.742505e-08 
Error of vP is 9.054726e-08 
Error of vP is 5.290537e-08 
Error of vP is 5.377672e-08 
Error of vP is 1.147119e-07 
Error of vP is 7.011718e-08 
Error of vP is 5.987349e-08 
Error of vP is 8.911750e-08 
Error of vP is 5.469510e-08 
Error of vP is 1.119248e-07 
Error of vP is 5.332915e-08 
Error of vP is 5.885132e-08 
Error of vP is 8.329258e-08 
Error of vP is 9.067741e-08 
Error of vP is 1.313131e-07 
Error of vP is 8.161296e-08 
Error of vP is 1.709108e-07 
Error of vP is 1.781573e-07 
Error of vP is 1.400751e-07 
Error of vP is 5.489370e-08 
Error of vP is 5.345265e-08 
Error of vP is 9.164232e-08 
Error of vP is 6.177770e-08 
Error of vP is 9.754533e-08 
Error of vP is 5.819858e-08 
Error of vP is 9.662989e-08 
Error of vP is 6.491559e-08 
Error of vP is 1.098772e-07 
Error of vP is 6.535307e-08 
Error of vP is 5.439032e-08 
Error of vP is 6.123822e-08 
Error of vP is 7.006791e-08 
Error of vP is 7.189928e-08 
Error of vP is 7.583025e-08 
Error of vP is 7.430538e-08 
Error of vP is 7.166153e-08 
Error of vP is 1.393296e-07 
Error of vP is 8.502863e-08 
Error of vP is 5.374569e-08 
Error of vP is 5.902643e-08 
Error of vP is 1.918919e-07 
Error of vP is 7.835652e-08 
Error of vP is 9.714527e-08 
Error of vP is 2.719612e-07 
Error of vP is 1.114739e-07 
Error of vP is 5.568194e-08 
Error of vP is 1.764504e-07 
Error of vP is 9.292434e-08 
Error of vP is 8.643891e-08 
Error of vP is 1.955006e-07 
Error of vP is 1.667226e-07 
Error of vP is 1.053986e-07 
Error of vP is 9.496776e-08 
Error of vP is 8.246072e-08 
Error of vP is 1.444016e-07 
Error of vP is 1.055530e-07 
Error of vP is 7.595865e-08 
Error of vP is 1.326401e-07 
Error of vP is 1.779298e-07 
Error of vP is 7.697763e-08 
Error of vP is 1.310145e-07 
Error of vP is 1.047985e-07 
Error of vP is 2.002601e-07 
Error of vP is 9.535200e-08 
Error of vP is 7.687941e-08 
Error of vP is 1.524187e-07 
Error of vP is 2.403333e-07 
Error of vP is 2.139771e-07 
Error of vP is 3.465786e-07 
Error of vP is 7.573152e-08 
Error of vP is 1.361155e-07 
Error of vP is 5.744093e-08 
Error of vP is 5.510081e-08 
Error of vP is 5.890441e-08 
Error of vP is 5.819344e-08 
Error of vP is 6.093688e-08 
Error of vP is 6.704802e-08 
Error of vP is 6.131397e-08 
Error of vP is 8.995729e-08 
Error of vP is 1.039610e-07 
Error of vP is 7.717284e-08 
Error of vP is 1.570524e-07 
Error of vP is 8.778568e-08 
Error of vP is 1.136973e-07 
Error of vP is 8.651552e-08 
Error of vP is 1.088926e-07 
Error of vP is 9.967631e-08 
Error of vP is 6.859428e-08 
Error of vP is 5.680502e-08 
Error of vP is 2.490986e-07 
Error of vP is 2.352151e-07 
Error of vP is 6.778417e-08 
Error of vP is 5.926218e-08 
Error of vP is 5.860937e-08 
Error of vP is 1.316914e-07 
Error of vP is 8.046392e-08 
Error of vP is 1.787639e-07 
Error of vP is 5.707877e-08 
Error of vP is 1.531108e-07 
Error of vP is 1.305144e-07 
Error of vP is 2.141689e-07 
Error of vP is 2.225263e-07 
Error of vP is 5.101975e-08 
Error of vP is 1.003719e-07 
Error of vP is 7.249797e-08 
Error of vP is 6.199158e-08 
Error of vP is 5.987768e-08 
Error of vP is 6.732121e-08 
Error of vP is 5.344349e-08 
Error of vP is 6.970125e-08 
Error of vP is 6.908487e-08 
Error of vP is 1.161935e-07 
Error of vP is 9.362605e-08 
Error of vP is 9.626369e-08 
Error of vP is 6.298443e-08 
Error of vP is 6.019123e-08 
Error of vP is 9.712033e-08 
Error of vP is 7.643115e-08 
Error of vP is 7.898589e-08 
Error of vP is 8.740950e-08 
Error of vP is 7.064577e-08 
Error of vP is 6.547820e-08 
Error of vP is 5.872569e-08 
Error of vP is 5.893792e-08 
Error of vP is 7.709452e-08 
Error of vP is 1.655862e-07 
Error of vP is 8.404020e-08 
Error of vP is 1.059586e-07 
Error of vP is 5.477430e-08 
Error of vP is 5.088417e-08 
Error of vP is 7.649030e-08 
Error of vP is 6.972214e-08 
Error of vP is 1.284924e-07 
Error of vP is 7.919960e-08 
Error of vP is 8.477001e-08 
Error of vP is 1.235628e-07 
Error of vP is 5.825160e-08 
Error of vP is 2.638067e-07 
Error of vP is 2.690438e-07 
Error of vP is 9.090093e-07 
Error of vP is 1.316224e-07 
Error of vP is 1.274743e-07 
Error of vP is 2.352087e-07 
Error of vP is 5.544004e-07 
Error of vP is 5.248465e-07 
Error of vP is 4.004410e-07 
Error of vP is 5.219213e-08 
Error of vP is 5.391948e-08 
Error of vP is 6.811665e-08 
Error of vP is 6.059838e-08 
Error of vP is 6.249304e-08 
Error of vP is 6.156603e-08 
Error of vP is 1.024549e-07 
Error of vP is 1.144882e-07 
Error of vP is 6.801304e-08 
Error of vP is 8.551423e-08 
Error of vP is 1.016647e-07 
Error of vP is 7.689959e-08 
Error of vP is 8.173434e-08 
Error of vP is 1.104322e-07 
Error of vP is 8.076682e-08 
Error of vP is 2.573173e-07 
Error of vP is 4.214186e-07 
Error of vP is 4.973716e-07 
Error of vP is 1.528973e-07 
Error of vP is 3.058328e-07 
Error of vP is 1.229067e-07 
Error of vP is 1.845286e-07 
Error of vP is 6.007102e-08 
Error of vP is 1.835001e-07 
Error of vP is 2.289046e-07 
Error of vP is 1.784155e-07 
Error of vP is 1.435028e-07 
Error of vP is 2.166442e-07 
Error of vP is 1.423270e-07 
Error of vP is 3.078734e-07 
Error of vP is 7.511933e-08 
Error of vP is 3.784133e-07 
Error of vP is 1.514966e-07 
Error of vP is 1.215385e-07 
Error of vP is 1.223236e-07 
Error of vP is 1.648828e-07 
Error of vP is 8.455993e-08 
Error of vP is 2.315931e-07 
Error of vP is 2.537900e-07 
Error of vP is 5.580871e-08 
Error of vP is 5.400340e-08 
Error of vP is 1.549723e-07 
Error of vP is 7.429248e-08 
Error of vP is 7.288499e-08 
Error of vP is 9.544416e-08 
Error of vP is 6.100556e-08 
Error of vP is 8.307787e-08 
Error of vP is 6.169582e-08 
Error of vP is 5.126029e-08 
Error of vP is 7.392600e-08 
Error of vP is 6.314271e-08 
Error of vP is 5.101263e-08 
Error of vP is 8.006475e-08 
Error of vP is 6.957204e-08 
Error of vP is 5.829248e-08 
Error of vP is 6.472042e-08 
Error of vP is 6.654237e-08 
Error of vP is 7.772115e-08 
Error of vP is 5.205028e-08 
Error of vP is 6.094727e-08 
Error of vP is 8.575858e-08 
Error of vP is 8.242777e-08 
Error of vP is 8.214866e-08 
Error of vP is 7.027921e-08 
Error of vP is 9.693795e-08 
Error of vP is 1.395568e-07 
Error of vP is 1.146329e-07 
Error of vP is 3.326586e-07 
Error of vP is 1.803190e-07 
Error of vP is 1.055850e-07 
Error of vP is 5.450324e-08 
Error of vP is 1.455131e-07 
Error of vP is 5.725964e-08 
Error of vP is 6.012052e-08 
Error of vP is 5.432046e-08 
Error of vP is 6.762566e-08 
Error of vP is 8.261816e-08 
Error of vP is 9.118387e-08 
Error of vP is 7.297141e-08 
Error of vP is 8.811543e-08 
Error of vP is 5.734820e-08 
Error of vP is 5.314944e-08 
Error of vP is 5.124380e-08 
Error of vP is 6.007870e-08 
Error of vP is 5.149016e-08 
Error of vP is 6.168453e-08 
Error of vP is 5.156717e-08 
Error of vP is 5.064621e-08 
Error of vP is 5.449935e-08 
Error of vP is 5.998057e-08 
Error of vP is 5.043129e-08 
Error of vP is 5.162167e-08 
Error of vP is 7.759261e-08 
Error of vP is 7.610498e-08 
Error of vP is 6.906587e-08 
Error of vP is 5.597453e-08 
Error of vP is 6.716070e-08 
Error of vP is 5.891153e-08 
>> >> 
endtime =

   3.9594e+04

>> >> >> >> >> >> 