Starting parallel pool (parpool) using the 'local' profile ...
Connected to the parallel pool (number of workers: 8).
jj1 = 35, max_th = 1.398745e+00, time=2025-01-22 21:16:57 
jj1 = 14, max_th = 2.609174e+00, time=2025-01-22 21:16:58 
jj1 = 56, max_th = 2.628934e+00, time=2025-01-22 21:16:58 
jj1 = 42, max_th = 1.397736e+00, time=2025-01-22 21:17:07 
jj1 = 13, max_th = 9.872161e-01, time=2025-01-22 21:18:33 
jj1 = 55, max_th = 2.815774e+00, time=2025-01-22 21:18:48 
jj1 = 21, max_th = 1.717723e+00, time=2025-01-22 21:20:04 
jj1 = 20, max_th = -1.004771e-02, time=2025-01-22 21:20:22 
jj1 = 28, max_th = 2.223310e+00, time=2025-01-22 21:20:29 
jj1 = 7, max_th = 2.222702e+00, time=2025-01-22 21:20:30 
jj1 = 41, max_th = 2.628672e+00, time=2025-01-22 21:20:30 
jj1 = 49, max_th = 1.980003e+00, time=2025-01-22 21:21:07 
jj1 = 27, max_th = 9.899307e-01, time=2025-01-22 21:22:01 
jj1 = 34, max_th = 2.434143e+00, time=2025-01-22 21:22:02 
jj1 = 19, max_th = 2.815167e+00, time=2025-01-22 21:22:14 
jj1 = 54, max_th = 1.402852e+00, time=2025-01-22 21:22:25 
jj1 = 40, max_th = 1.403448e+00, time=2025-01-22 21:24:10 
jj1 = 12, max_th = 1.716730e+00, time=2025-01-22 21:25:00 
jj1 = 48, max_th = 1.729339e+00, time=2025-01-22 21:27:43 
jj1 = 6, max_th = 1.987064e+00, time=2025-01-22 21:27:48 
jj1 = 33, max_th = 2.202791e+00, time=2025-01-22 21:27:58 
jj1 = 39, max_th = 1.405207e+00, time=2025-01-22 21:27:58 
jj1 = 26, max_th = 1.710107e+00, time=2025-01-22 21:28:11 
jj1 = 38, max_th = -1.714882e-02, time=2025-01-22 21:28:17 
jj1 = 53, max_th = 1.687216e+00, time=2025-01-22 21:28:35 
jj1 = 5, max_th = 9.871485e-01, time=2025-01-22 21:29:24 
jj1 = 18, max_th = 1.967976e+00, time=2025-01-22 21:29:48 
jj1 = 47, max_th = 1.404371e+00, time=2025-01-22 21:31:28 
jj1 = 11, max_th = 1.994731e+00, time=2025-01-22 21:31:48 
jj1 = 37, max_th = 1.371812e+00, time=2025-01-22 21:32:20 
jj1 = 52, max_th = 2.435247e+00, time=2025-01-22 21:33:41 
jj1 = 32, max_th = 2.188976e+00, time=2025-01-22 21:34:45 
jj1 = 25, max_th = 1.943798e+00, time=2025-01-22 21:35:08 
jj1 = 17, max_th = 2.204198e+00, time=2025-01-22 21:35:58 
jj1 = 4, max_th = 1.983460e+00, time=2025-01-22 21:36:49 
jj1 = 3, max_th = 9.655662e-01, time=2025-01-22 21:38:19 
jj1 = 10, max_th = 1.724682e+00, time=2025-01-22 21:38:32 
jj1 = 46, max_th = 1.989134e+00, time=2025-01-22 21:38:38 
jj1 = 24, max_th = 1.404096e+00, time=2025-01-22 21:38:53 
jj1 = 36, max_th = 2.227992e+00, time=2025-01-22 21:39:17 
jj1 = 51, max_th = 1.710562e+00, time=2025-01-22 21:39:52 
jj1 = 31, max_th = 2.230945e+00, time=2025-01-22 21:41:32 
jj1 = 50, max_th = 2.815394e+00, time=2025-01-22 21:41:44 
jj1 = 16, max_th = 1.992072e+00, time=2025-01-22 21:42:58 
jj1 = 45, max_th = 2.427287e+00, time=2025-01-22 21:43:56 
jj1 = 2, max_th = 1.712075e+00, time=2025-01-22 21:44:35 
jj1 = 9, max_th = 2.207658e+00, time=2025-01-22 21:45:06 
jj1 = 30, max_th = 1.370936e+00, time=2025-01-22 21:45:53 
jj1 = 23, max_th = 1.982429e+00, time=2025-01-22 21:46:49 
jj1 = 410, max_th = 1.988652e+00, time=2025-01-22 21:47:05 
jj1 = 528, max_th = 2.427933e+00, time=2025-01-22 21:47:45 
jj1 = 44, max_th = 2.615423e+00, time=2025-01-22 21:48:15 
jj1 = 1, max_th = 1.398444e+00, time=2025-01-22 21:49:02 
jj1 = 527, max_th = 9.767888e-01, time=2025-01-22 21:49:51 
jj1 = 15, max_th = 1.727573e+00, time=2025-01-22 21:51:13 
jj1 = 233, max_th = 9.689282e-01, time=2025-01-22 21:53:16 
jj1 = 43, max_th = 1.409003e+00, time=2025-01-22 21:53:33 
jj1 = 22, max_th = 2.435259e+00, time=2025-01-22 21:53:37 
jj1 = 8, max_th = 1.722472e+00, time=2025-01-22 21:54:00 
jj1 = 409, max_th = 2.203529e+00, time=2025-01-22 21:55:09 
jj1 = 29, max_th = 1.975914e+00, time=2025-01-22 21:56:01 
jj1 = 526, max_th = 2.440437e+00, time=2025-01-22 21:56:24 
jj1 = 115, max_th = 1.725083e+00, time=2025-01-22 21:57:57 
jj1 = 525, max_th = 2.800819e+00, time=2025-01-22 21:58:31 
jj1 = 351, max_th = 2.443128e+00, time=2025-01-22 22:02:19 
jj1 = 232, max_th = 2.215588e+00, time=2025-01-22 22:02:22 
jj1 = 292, max_th = 1.996119e+00, time=2025-01-22 22:02:29 
jj1 = 469, max_th = 1.982984e+00, time=2025-01-22 22:03:32 
jj1 = 174, max_th = 1.987030e+00, time=2025-01-22 22:03:42 
jj1 = 350, max_th = 2.802978e+00, time=2025-01-22 22:04:36 
jj1 = 408, max_th = 1.984389e+00, time=2025-01-22 22:04:59 
jj1 = 524, max_th = 2.228908e+00, time=2025-01-22 22:07:38 
jj1 = 114, max_th = 1.986691e+00, time=2025-01-22 22:07:41 
jj1 = 173, max_th = 1.375741e+00, time=2025-01-22 22:09:07 
jj1 = 349, max_th = 1.384010e+00, time=2025-01-22 22:09:53 
jj1 = 291, max_th = 2.209035e+00, time=2025-01-22 22:11:06 
jj1 = 468, max_th = 1.710117e+00, time=2025-01-22 22:11:43 
jj1 = 231, max_th = 1.987713e+00, time=2025-01-22 22:12:03 
jj1 = 407, max_th = 2.221773e+00, time=2025-01-22 22:14:07 
jj1 = 348, max_th = 1.403624e+00, time=2025-01-22 22:14:48 
jj1 = 467, max_th = 1.403476e+00, time=2025-01-22 22:16:34 
jj1 = 113, max_th = 2.215487e+00, time=2025-01-22 22:16:40 
jj1 = 523, max_th = 1.981929e+00, time=2025-01-22 22:17:43 
jj1 = 172, max_th = 2.212734e+00, time=2025-01-22 22:18:02 
jj1 = 466, max_th = 9.731666e-01, time=2025-01-22 22:18:42 
jj1 = 290, max_th = 1.718644e+00, time=2025-01-22 22:19:47 
jj1 = 171, max_th = 2.817238e+00, time=2025-01-22 22:20:27 
jj1 = 230, max_th = 1.716250e+00, time=2025-01-22 22:20:42 
jj1 = 406, max_th = 2.414545e+00, time=2025-01-22 22:21:06 
jj1 = 170, max_th = 2.965142e+00, time=2025-01-22 22:21:49 
jj1 = 289, max_th = 9.838088e-01, time=2025-01-22 22:21:51 
jj1 = 347, max_th = 1.725552e+00, time=2025-01-22 22:23:43 
jj1 = 169, max_th = 9.688485e-01, time=2025-01-22 22:23:53 
jj1 = 112, max_th = 1.715826e+00, time=2025-01-22 22:25:15 
jj1 = 522, max_th = 1.715958e+00, time=2025-01-22 22:26:18 
jj1 = 465, max_th = 1.984552e+00, time=2025-01-22 22:28:33 
jj1 = 405, max_th = 2.212238e+00, time=2025-01-22 22:30:01 
jj1 = 229, max_th = 1.985762e+00, time=2025-01-22 22:30:28 
jj1 = 288, max_th = 2.221381e+00, time=2025-01-22 22:31:07 
jj1 = 404, max_th = 2.817168e+00, time=2025-01-22 22:32:29 
jj1 = 346, max_th = 2.229285e+00, time=2025-01-22 22:32:52 
jj1 = 521, max_th = 2.412314e+00, time=2025-01-22 22:33:13 
jj1 = 345, max_th = 3.126945e+00, time=2025-01-22 22:33:32 
jj1 = 111, max_th = 1.715747e+00, time=2025-01-22 22:33:43 
jj1 = 464, max_th = 1.386396e+00, time=2025-01-22 22:33:55 
jj1 = 168, max_th = 1.976467e+00, time=2025-01-22 22:34:09 
jj1 = 228, max_th = 1.401631e+00, time=2025-01-22 22:35:05 
jj1 = 167, max_th = 2.631594e+00, time=2025-01-22 22:38:37 
jj1 = 403, max_th = 2.412950e+00, time=2025-01-22 22:39:25 
jj1 = 287, max_th = 2.222433e+00, time=2025-01-22 22:40:25 
jj1 = 344, max_th = 1.705731e+00, time=2025-01-22 22:41:25 
jj1 = 520, max_th = 2.214882e+00, time=2025-01-22 22:42:15 
jj1 = 286, max_th = 9.668904e-01, time=2025-01-22 22:42:27 
jj1 = 463, max_th = 1.713910e+00, time=2025-01-22 22:42:28 
jj1 = 110, max_th = 1.721154e+00, time=2025-01-22 22:42:28 
jj1 = 227, max_th = 1.716918e+00, time=2025-01-22 22:43:46 
jj1 = 285, max_th = 9.688890e-01, time=2025-01-22 22:44:30 
jj1 = 402, max_th = 2.432749e+00, time=2025-01-22 22:46:18 
jj1 = 109, max_th = 2.634207e+00, time=2025-01-22 22:46:47 
jj1 = 166, max_th = 1.989810e+00, time=2025-01-22 22:48:14 
jj1 = 284, max_th = 1.402102e+00, time=2025-01-22 22:49:10 
jj1 = 283, max_th = 9.595718e-01, time=2025-01-22 22:51:06 
jj1 = 519, max_th = 1.728781e+00, time=2025-01-22 22:51:05 
jj1 = 462, max_th = 1.730425e+00, time=2025-01-22 22:51:18 
jj1 = 343, max_th = 1.972811e+00, time=2025-01-22 22:51:37 
jj1 = 282, max_th = 9.636891e-01, time=2025-01-22 22:53:07 
jj1 = 226, max_th = 1.978694e+00, time=2025-01-22 22:53:50 
jj1 = 108, max_th = 1.697780e+00, time=2025-01-22 22:53:57 
jj1 = 401, max_th = 2.229317e+00, time=2025-01-22 22:55:28 
jj1 = 518, max_th = 1.385196e+00, time=2025-01-22 22:56:25 
jj1 = 165, max_th = 1.710652e+00, time=2025-01-22 22:56:34 
jj1 = 342, max_th = 2.424310e+00, time=2025-01-22 22:58:49 
jj1 = 517, max_th = 2.819554e+00, time=2025-01-22 22:58:53 
jj1 = 225, max_th = 1.406455e+00, time=2025-01-22 22:58:59 
jj1 = 400, max_th = 2.618489e+00, time=2025-01-22 23:00:04 
jj1 = 461, max_th = 1.987080e+00, time=2025-01-22 23:01:05 
jj1 = 281, max_th = 1.712558e+00, time=2025-01-22 23:01:31 
jj1 = 107, max_th = 1.990055e+00, time=2025-01-22 23:03:33 
jj1 = 164, max_th = 1.713943e+00, time=2025-01-22 23:05:07 
jj1 = 106, max_th = 2.820137e+00, time=2025-01-22 23:06:02 
jj1 = 341, max_th = 1.674712e+00, time=2025-01-22 23:07:19 
jj1 = 224, max_th = 1.946471e+00, time=2025-01-22 23:07:52 
jj1 = 516, max_th = 2.222998e+00, time=2025-01-22 23:08:06 
jj1 = 399, max_th = 2.223132e+00, time=2025-01-22 23:09:18 
jj1 = 340, max_th = 9.853608e-01, time=2025-01-22 23:09:26 
jj1 = 460, max_th = 1.713594e+00, time=2025-01-22 23:09:38 
jj1 = 105, max_th = 2.600888e+00, time=2025-01-22 23:09:49 
jj1 = 280, max_th = 1.984421e+00, time=2025-01-22 23:11:28 
jj1 = 279, max_th = 2.970730e+00, time=2025-01-22 23:12:49 
jj1 = 278, max_th = 2.980856e+00, time=2025-01-22 23:14:07 
jj1 = 163, max_th = 2.213397e+00, time=2025-01-22 23:14:13 
jj1 = 339, max_th = 1.403544e+00, time=2025-01-22 23:14:21 
jj1 = 162, max_th = 2.984081e+00, time=2025-01-22 23:15:29 
jj1 = 515, max_th = 1.725652e+00, time=2025-01-22 23:17:02 
jj1 = 398, max_th = 1.692381e+00, time=2025-01-22 23:17:14 
jj1 = 223, max_th = 1.973963e+00, time=2025-01-22 23:17:59 
jj1 = 459, max_th = 1.996383e+00, time=2025-01-22 23:18:27 
jj1 = 104, max_th = 1.722423e+00, time=2025-01-22 23:18:42 
jj1 = 103, max_th = 3.150045e+00, time=2025-01-22 23:19:03 
jj1 = 338, max_th = 1.403302e+00, time=2025-01-22 23:19:12 
jj1 = 458, max_th = 2.970670e+00, time=2025-01-22 23:19:47 
jj1 = 161, max_th = 1.393526e+00, time=2025-01-22 23:20:34 
jj1 = 397, max_th = 1.349310e+00, time=2025-01-22 23:21:11 
jj1 = 337, max_th = 2.814625e+00, time=2025-01-22 23:21:42 
jj1 = 514, max_th = 1.405614e+00, time=2025-01-22 23:22:11 
jj1 = 277, max_th = 1.709836e+00, time=2025-01-22 23:22:26 
jj1 = 160, max_th = 9.915520e-01, time=2025-01-22 23:22:39 
jj1 = 457, max_th = 1.411484e+00, time=2025-01-22 23:25:16 
jj1 = 102, max_th = 2.394957e+00, time=2025-01-22 23:25:36 
jj1 = 159, max_th = 2.630551e+00, time=2025-01-22 23:27:08 
jj1 = 222, max_th = 1.992407e+00, time=2025-01-22 23:27:18 
jj1 = 513, max_th = 2.437060e+00, time=2025-01-22 23:28:51 
jj1 = 396, max_th = 2.213323e+00, time=2025-01-22 23:30:09 
jj1 = 336, max_th = 1.995779e+00, time=2025-01-22 23:30:41 
jj1 = 276, max_th = 1.993564e+00, time=2025-01-22 23:31:43 
jj1 = 395, max_th = 9.415259e-01, time=2025-01-22 23:31:59 
jj1 = 221, max_th = 2.441481e+00, time=2025-01-22 23:33:41 
jj1 = 456, max_th = 1.723360e+00, time=2025-01-22 23:34:10 
jj1 = 158, max_th = 1.712600e+00, time=2025-01-22 23:35:28 
jj1 = 101, max_th = 1.983519e+00, time=2025-01-22 23:35:32 
jj1 = 275, max_th = 1.388847e+00, time=2025-01-22 23:36:59 
jj1 = 512, max_th = 1.724642e+00, time=2025-01-22 23:37:44 
jj1 = 220, max_th = 2.438621e+00, time=2025-01-22 23:40:16 
jj1 = 335, max_th = 1.988519e+00, time=2025-01-22 23:40:21 
jj1 = 394, max_th = 1.958959e+00, time=2025-01-22 23:41:32 
jj1 = 157, max_th = 1.702187e+00, time=2025-01-22 23:42:38 
jj1 = 455, max_th = 1.722944e+00, time=2025-01-22 23:43:04 
jj1 = 454, max_th = 9.872835e-01, time=2025-01-22 23:45:10 
jj1 = 100, max_th = 1.984839e+00, time=2025-01-22 23:45:22 
jj1 = 274, max_th = 1.720848e+00, time=2025-01-22 23:45:44 
jj1 = 511, max_th = 1.667172e+00, time=2025-01-22 23:46:01 
jj1 = 334, max_th = 2.426143e+00, time=2025-01-22 23:47:32 
jj1 = 510, max_th = 9.232992e-01, time=2025-01-22 23:47:54 
jj1 = 219, max_th = 2.226050e+00, time=2025-01-22 23:49:33 
jj1 = 156, max_th = 2.420059e+00, time=2025-01-22 23:49:49 
jj1 = 393, max_th = 1.718693e+00, time=2025-01-22 23:50:16 
jj1 = 99, max_th = 1.409843e+00, time=2025-01-22 23:50:46 
jj1 = 453, max_th = 2.438456e+00, time=2025-01-22 23:51:47 
jj1 = 392, max_th = 9.482451e-01, time=2025-01-22 23:51:57 
jj1 = 218, max_th = 2.623765e+00, time=2025-01-22 23:54:13 
jj1 = 333, max_th = 2.435160e+00, time=2025-01-22 23:54:21 
jj1 = 273, max_th = 2.213790e+00, time=2025-01-22 23:54:38 
jj1 = 155, max_th = 1.373948e+00, time=2025-01-22 23:55:11 
jj1 = 98, max_th = 2.443462e+00, time=2025-01-22 23:57:02 
jj1 = 509, max_th = 2.227109e+00, time=2025-01-22 23:57:03 
jj1 = 272, max_th = 2.795346e+00, time=2025-01-22 23:57:06 
jj1 = 97, max_th = -1.007058e-03, time=2025-01-22 23:57:24 
jj1 = 391, max_th = 1.718721e+00, time=2025-01-23 00:00:38 
jj1 = 154, max_th = 1.699662e+00, time=2025-01-23 00:01:12 
jj1 = 452, max_th = 1.983025e+00, time=2025-01-23 00:01:47 
jj1 = 217, max_th = 1.991856e+00, time=2025-01-23 00:03:39 
jj1 = 271, max_th = 2.439141e+00, time=2025-01-23 00:03:41 
jj1 = 451, max_th = 2.802344e+00, time=2025-01-23 00:04:04 
jj1 = 332, max_th = 1.977469e+00, time=2025-01-23 00:04:27 
jj1 = 508, max_th = 2.209051e+00, time=2025-01-23 00:05:44 
jj1 = 331, max_th = 2.963488e+00, time=2025-01-23 00:05:49 
jj1 = 96, max_th = 1.994466e+00, time=2025-01-23 00:06:33 
jj1 = 390, max_th = 2.213966e+00, time=2025-01-23 00:09:38 
jj1 = 153, max_th = 1.995108e+00, time=2025-01-23 00:10:13 
jj1 = 270, max_th = 1.701029e+00, time=2025-01-23 00:10:23 
jj1 = 507, max_th = 1.391652e+00, time=2025-01-23 00:10:51 
jj1 = 330, max_th = 1.385485e+00, time=2025-01-23 00:11:08 
jj1 = 450, max_th = 2.197591e+00, time=2025-01-23 00:11:59 
jj1 = 269, max_th = 9.890650e-01, time=2025-01-23 00:12:29 
jj1 = 216, max_th = 1.727828e+00, time=2025-01-23 00:12:35 
jj1 = 95, max_th = 1.696098e+00, time=2025-01-23 00:14:11 
jj1 = 329, max_th = 1.392635e+00, time=2025-01-23 00:16:16 
jj1 = 389, max_th = 2.431753e+00, time=2025-01-23 00:16:31 
jj1 = 215, max_th = 1.700691e+00, time=2025-01-23 00:19:08 
jj1 = 152, max_th = 2.227441e+00, time=2025-01-23 00:19:30 
jj1 = 449, max_th = 2.201635e+00, time=2025-01-23 00:19:38 
jj1 = 151, max_th = -1.726340e-02, time=2025-01-23 00:19:55 
jj1 = 506, max_th = 2.223224e+00, time=2025-01-23 00:20:08 
jj1 = 94, max_th = 2.434388e+00, time=2025-01-23 00:20:57 
jj1 = 268, max_th = 1.995096e+00, time=2025-01-23 00:21:31 
jj1 = 150, max_th = 2.804301e+00, time=2025-01-23 00:22:18 
jj1 = 267, max_th = 9.877198e-01, time=2025-01-23 00:23:35 
jj1 = 214, max_th = 1.382686e+00, time=2025-01-23 00:24:20 
jj1 = 388, max_th = 1.708399e+00, time=2025-01-23 00:24:38 
jj1 = 448, max_th = 1.388908e+00, time=2025-01-23 00:24:57 
jj1 = 328, max_th = 2.208846e+00, time=2025-01-23 00:25:02 
jj1 = 505, max_th = 1.723961e+00, time=2025-01-23 00:28:59 
jj1 = 93, max_th = 2.229383e+00, time=2025-01-23 00:30:03 
jj1 = 447, max_th = 1.410606e+00, time=2025-01-23 00:30:22 
jj1 = 149, max_th = 2.219258e+00, time=2025-01-23 00:31:30 
jj1 = 327, max_th = 2.428110e+00, time=2025-01-23 00:32:05 
jj1 = 326, max_th = 2.985849e+00, time=2025-01-23 00:33:19 
jj1 = 213, max_th = 2.224776e+00, time=2025-01-23 00:33:33 
jj1 = 266, max_th = 1.981973e+00, time=2025-01-23 00:33:32 
jj1 = 387, max_th = 2.228186e+00, time=2025-01-23 00:33:49 
jj1 = 325, max_th = 2.812196e+00, time=2025-01-23 00:35:47 
jj1 = 504, max_th = 2.426856e+00, time=2025-01-23 00:36:09 
jj1 = 148, max_th = 1.412028e+00, time=2025-01-23 00:36:58 
jj1 = 92, max_th = 2.417360e+00, time=2025-01-23 00:37:10 
jj1 = 446, max_th = 2.424557e+00, time=2025-01-23 00:37:39 
jj1 = 265, max_th = 2.628490e+00, time=2025-01-23 00:38:08 
jj1 = 386, max_th = 2.194801e+00, time=2025-01-23 00:42:15 
jj1 = 264, max_th = 1.397657e+00, time=2025-01-23 00:42:47 
jj1 = 324, max_th = 2.414064e+00, time=2025-01-23 00:42:48 
jj1 = 445, max_th = 1.408815e+00, time=2025-01-23 00:42:56 
jj1 = 212, max_th = 1.989606e+00, time=2025-01-23 00:43:04 
jj1 = 503, max_th = 2.230922e+00, time=2025-01-23 00:45:12 
jj1 = 263, max_th = 2.814860e+00, time=2025-01-23 00:45:14 
jj1 = 91, max_th = 1.720058e+00, time=2025-01-23 00:45:49 
jj1 = 147, max_th = 2.228830e+00, time=2025-01-23 00:46:06 
jj1 = 211, max_th = 2.622767e+00, time=2025-01-23 00:47:42 
jj1 = 90, max_th = 2.615588e+00, time=2025-01-23 00:50:22 
jj1 = 385, max_th = 1.717113e+00, time=2025-01-23 00:50:54 
jj1 = 444, max_th = 1.729295e+00, time=2025-01-23 00:51:47 
jj1 = 323, max_th = 1.972497e+00, time=2025-01-23 00:52:55 
jj1 = 262, max_th = 1.705975e+00, time=2025-01-23 00:53:02 
jj1 = 502, max_th = 1.723676e+00, time=2025-01-23 00:54:00 
jj1 = 322, max_th = 2.971742e+00, time=2025-01-23 00:54:15 
jj1 = 146, max_th = 1.712238e+00, time=2025-01-23 00:54:29 
jj1 = 384, max_th = 1.398788e+00, time=2025-01-23 00:55:23 
jj1 = 210, max_th = 2.212137e+00, time=2025-01-23 00:56:33 
jj1 = 383, max_th = 9.913791e-01, time=2025-01-23 00:57:27 
jj1 = 321, max_th = 1.404542e+00, time=2025-01-23 00:59:16 
jj1 = 89, max_th = 2.227034e+00, time=2025-01-23 00:59:32 
jj1 = 443, max_th = 2.222691e+00, time=2025-01-23 01:01:00 
jj1 = 209, max_th = 1.362498e+00, time=2025-01-23 01:01:37 
jj1 = 261, max_th = 1.721294e+00, time=2025-01-23 01:01:46 
jj1 = 501, max_th = 1.729332e+00, time=2025-01-23 01:02:45 
jj1 = 145, max_th = 2.224771e+00, time=2025-01-23 01:03:44 
jj1 = 382, max_th = 2.425146e+00, time=2025-01-23 01:04:35 
jj1 = 88, max_th = 1.407494e+00, time=2025-01-23 01:04:45 
jj1 = 500, max_th = 2.635168e+00, time=2025-01-23 01:07:04 
jj1 = 442, max_th = 2.419084e+00, time=2025-01-23 01:08:06 
jj1 = 320, max_th = 1.723820e+00, time=2025-01-23 01:08:09 
jj1 = 208, max_th = 2.426991e+00, time=2025-01-23 01:08:45 
jj1 = 144, max_th = 1.391396e+00, time=2025-01-23 01:08:47 
jj1 = 260, max_th = 2.226485e+00, time=2025-01-23 01:10:58 
jj1 = 381, max_th = 2.194768e+00, time=2025-01-23 01:13:01 
jj1 = 87, max_th = 1.721404e+00, time=2025-01-23 01:13:32 
jj1 = 441, max_th = 2.440931e+00, time=2025-01-23 01:14:31 
jj1 = 259, max_th = 2.638051e+00, time=2025-01-23 01:15:13 
jj1 = 499, max_th = 1.721492e+00, time=2025-01-23 01:15:53 
jj1 = 143, max_th = 1.729784e+00, time=2025-01-23 01:17:42 
jj1 = 319, max_th = 1.982272e+00, time=2025-01-23 01:18:04 
jj1 = 207, max_th = 1.920107e+00, time=2025-01-23 01:18:57 
jj1 = 440, max_th = 2.622938e+00, time=2025-01-23 01:19:10 
jj1 = 380, max_th = 2.202961e+00, time=2025-01-23 01:21:04 
jj1 = 142, max_th = 2.633747e+00, time=2025-01-23 01:22:07 
jj1 = 318, max_th = 2.641669e+00, time=2025-01-23 01:22:09 
jj1 = 86, max_th = 2.225929e+00, time=2025-01-23 01:22:49 
jj1 = 498, max_th = 1.715813e+00, time=2025-01-23 01:24:25 
jj1 = 258, max_th = 1.988997e+00, time=2025-01-23 01:24:50 
jj1 = 206, max_th = 2.429905e+00, time=2025-01-23 01:25:55 
jj1 = 317, max_th = 1.396466e+00, time=2025-01-23 01:26:59 
jj1 = 439, max_th = 2.223069e+00, time=2025-01-23 01:28:24 
jj1 = 379, max_th = 2.222225e+00, time=2025-01-23 01:30:17 
jj1 = 141, max_th = 1.980063e+00, time=2025-01-23 01:32:18 
jj1 = 205, max_th = 2.407973e+00, time=2025-01-23 01:32:40 
jj1 = 85, max_th = 1.921921e+00, time=2025-01-23 01:32:57 
jj1 = 257, max_th = 2.219574e+00, time=2025-01-23 01:34:02 
jj1 = 497, max_th = 1.981990e+00, time=2025-01-23 01:34:22 
jj1 = 378, max_th = 2.627130e+00, time=2025-01-23 01:34:50 
jj1 = 140, max_th = 2.627866e+00, time=2025-01-23 01:36:49 
jj1 = 377, max_th = 9.676251e-01, time=2025-01-23 01:36:54 
jj1 = 316, max_th = 1.980262e+00, time=2025-01-23 01:37:03 
jj1 = 438, max_th = 1.717780e+00, time=2025-01-23 01:37:05 
jj1 = 204, max_th = 1.381896e+00, time=2025-01-23 01:37:51 
jj1 = 256, max_th = 2.629843e+00, time=2025-01-23 01:38:31 
jj1 = 84, max_th = 1.994079e+00, time=2025-01-23 01:42:06 
jj1 = 376, max_th = 1.369426e+00, time=2025-01-23 01:42:10 
jj1 = 255, max_th = 1.365967e+00, time=2025-01-23 01:43:41 
jj1 = 437, max_th = 2.437638e+00, time=2025-01-23 01:43:42 
jj1 = 139, max_th = 2.433183e+00, time=2025-01-23 01:43:44 
jj1 = 496, max_th = 1.985201e+00, time=2025-01-23 01:44:08 
jj1 = 83, max_th = 2.778745e+00, time=2025-01-23 01:44:53 
jj1 = 315, max_th = 2.231081e+00, time=2025-01-23 01:46:09 
jj1 = 203, max_th = 1.726000e+00, time=2025-01-23 01:46:46 
jj1 = 375, max_th = 1.715202e+00, time=2025-01-23 01:50:40 
jj1 = 436, max_th = 2.201647e+00, time=2025-01-23 01:51:16 
jj1 = 254, max_th = 1.725732e+00, time=2025-01-23 01:52:41 
jj1 = 82, max_th = 1.691579e+00, time=2025-01-23 01:52:52 
jj1 = 138, max_th = 1.992770e+00, time=2025-01-23 01:53:04 
jj1 = 495, max_th = 2.171502e+00, time=2025-01-23 01:53:44 
jj1 = 81, max_th = 2.804657e+00, time=2025-01-23 01:55:13 
jj1 = 314, max_th = 2.223607e+00, time=2025-01-23 01:55:25 
jj1 = 374, max_th = 1.407854e+00, time=2025-01-23 01:55:55 
jj1 = 435, max_th = 1.407034e+00, time=2025-01-23 01:56:28 
jj1 = 202, max_th = 1.982062e+00, time=2025-01-23 01:56:50 
jj1 = 373, max_th = 1.402157e+00, time=2025-01-23 02:00:32 
jj1 = 253, max_th = 1.716715e+00, time=2025-01-23 02:01:15 
jj1 = 201, max_th = 2.630650e+00, time=2025-01-23 02:01:18 
jj1 = 434, max_th = 1.394724e+00, time=2025-01-23 02:01:30 
jj1 = 80, max_th = 2.417428e+00, time=2025-01-23 02:02:17 
jj1 = 494, max_th = 2.219890e+00, time=2025-01-23 02:02:52 
jj1 = 137, max_th = 1.984018e+00, time=2025-01-23 02:02:58 
jj1 = 372, max_th = 2.815041e+00, time=2025-01-23 02:03:00 
jj1 = 313, max_th = 2.225075e+00, time=2025-01-23 02:04:44 
jj1 = 433, max_th = 2.444784e+00, time=2025-01-23 02:07:45 
jj1 = 432, max_th = 9.874899e-01, time=2025-01-23 02:09:51 
jj1 = 200, max_th = 1.715619e+00, time=2025-01-23 02:09:53 
jj1 = 312, max_th = 1.407336e+00, time=2025-01-23 02:10:00 
jj1 = 79, max_th = 1.717696e+00, time=2025-01-23 02:10:58 
jj1 = 252, max_th = 1.981612e+00, time=2025-01-23 02:11:20 
jj1 = 493, max_th = 1.713731e+00, time=2025-01-23 02:11:22 
jj1 = 371, max_th = 1.981109e+00, time=2025-01-23 02:13:03 
jj1 = 136, max_th = 1.976713e+00, time=2025-01-23 02:13:16 
jj1 = 135, max_th = -2.020579e-03, time=2025-01-23 02:13:40 
jj1 = 251, max_th = 1.406157e+00, time=2025-01-23 02:16:28 
jj1 = 199, max_th = 2.423151e+00, time=2025-01-23 02:17:00 
jj1 = 78, max_th = 2.442062e+00, time=2025-01-23 02:17:21 
jj1 = 492, max_th = 1.718726e+00, time=2025-01-23 02:19:58 
jj1 = 431, max_th = 1.979865e+00, time=2025-01-23 02:19:58 
jj1 = 311, max_th = 1.968828e+00, time=2025-01-23 02:20:00 
jj1 = 77, max_th = 1.401457e+00, time=2025-01-23 02:21:55 
jj1 = 370, max_th = 1.956090e+00, time=2025-01-23 02:22:09 
jj1 = 250, max_th = 2.398862e+00, time=2025-01-23 02:22:19 
jj1 = 134, max_th = 2.222461e+00, time=2025-01-23 02:22:58 
jj1 = 198, max_th = 1.716778e+00, time=2025-01-23 02:25:37 
jj1 = 76, max_th = 2.640357e+00, time=2025-01-23 02:26:04 
jj1 = 369, max_th = 2.627799e+00, time=2025-01-23 02:26:41 
jj1 = 491, max_th = 2.429180e+00, time=2025-01-23 02:26:55 
jj1 = 430, max_th = 1.695482e+00, time=2025-01-23 02:27:39 
jj1 = 310, max_th = 1.707864e+00, time=2025-01-23 02:28:05 
jj1 = 133, max_th = 1.711990e+00, time=2025-01-23 02:31:23 
jj1 = 249, max_th = 2.226149e+00, time=2025-01-23 02:31:35 
jj1 = 429, max_th = 1.403684e+00, time=2025-01-23 02:32:33 
jj1 = 197, max_th = 1.696550e+00, time=2025-01-23 02:33:04 
jj1 = 368, max_th = 1.695372e+00, time=2025-01-23 02:34:22 
jj1 = 428, max_th = 9.813288e-01, time=2025-01-23 02:34:42 
jj1 = 75, max_th = 2.208478e+00, time=2025-01-23 02:34:47 
jj1 = 490, max_th = 2.221325e+00, time=2025-01-23 02:36:10 
jj1 = 309, max_th = 1.728180e+00, time=2025-01-23 02:36:58 
jj1 = 196, max_th = 1.396170e+00, time=2025-01-23 02:37:59 
jj1 = 132, max_th = 2.203020e+00, time=2025-01-23 02:39:22 
jj1 = 248, max_th = 1.718117e+00, time=2025-01-23 02:40:11 
jj1 = 489, max_th = 1.403387e+00, time=2025-01-23 02:40:59 
jj1 = 488, max_th = -3.194965e-03, time=2025-01-23 02:41:24 
jj1 = 427, max_th = 2.410691e+00, time=2025-01-23 02:41:36 
jj1 = 74, max_th = 1.713780e+00, time=2025-01-23 02:43:10 
jj1 = 367, max_th = 1.994124e+00, time=2025-01-23 02:43:28 
jj1 = 195, max_th = 2.445608e+00, time=2025-01-23 02:44:03 
jj1 = 247, max_th = 1.401168e+00, time=2025-01-23 02:44:37 
jj1 = 308, max_th = 2.220296e+00, time=2025-01-23 02:46:10 
jj1 = 426, max_th = 1.403510e+00, time=2025-01-23 02:46:31 
jj1 = 425, max_th = 9.816840e-01, time=2025-01-23 02:48:39 
jj1 = 131, max_th = 1.976175e+00, time=2025-01-23 02:49:35 
jj1 = 246, max_th = 1.394673e+00, time=2025-01-23 02:49:35 
jj1 = 487, max_th = 1.713697e+00, time=2025-01-23 02:49:50 
jj1 = 486, max_th = 9.495874e-01, time=2025-01-23 02:51:13 
jj1 = 307, max_th = 1.405514e+00, time=2025-01-23 02:51:16 
jj1 = 73, max_th = 1.718112e+00, time=2025-01-23 02:51:49 
jj1 = 485, max_th = 2.995460e+00, time=2025-01-23 02:52:18 
jj1 = 194, max_th = 1.672532e+00, time=2025-01-23 02:52:39 
jj1 = 366, max_th = 1.964237e+00, time=2025-01-23 02:53:15 
jj1 = 245, max_th = 1.387303e+00, time=2025-01-23 02:54:46 
jj1 = 424, max_th = 2.433444e+00, time=2025-01-23 02:55:32 
jj1 = 244, max_th = 2.808739e+00, time=2025-01-23 02:57:11 
jj1 = 193, max_th = 1.701194e+00, time=2025-01-23 02:59:33 
jj1 = 130, max_th = 1.975615e+00, time=2025-01-23 02:59:46 
jj1 = 484, max_th = 2.217581e+00, time=2025-01-23 03:01:17 
jj1 = 306, max_th = 1.979674e+00, time=2025-01-23 03:01:21 
jj1 = 72, max_th = 1.974895e+00, time=2025-01-23 03:02:03 
jj1 = 365, max_th = 2.229603e+00, time=2025-01-23 03:02:17 
jj1 = 423, max_th = 2.436688e+00, time=2025-01-23 03:02:20 
jj1 = 483, max_th = 1.392370e+00, time=2025-01-23 03:06:18 
jj1 = 243, max_th = 2.225686e+00, time=2025-01-23 03:06:26 
jj1 = 129, max_th = 2.430693e+00, time=2025-01-23 03:06:45 
jj1 = 364, max_th = 1.407868e+00, time=2025-01-23 03:07:32 
jj1 = 192, max_th = 1.715556e+00, time=2025-01-23 03:08:05 
jj1 = 191, max_th = -5.101305e-02, time=2025-01-23 03:08:23 
jj1 = 363, max_th = 9.829339e-01, time=2025-01-23 03:09:36 
jj1 = 305, max_th = 1.983364e+00, time=2025-01-23 03:11:18 
jj1 = 422, max_th = 2.217820e+00, time=2025-01-23 03:11:30 
jj1 = 71, max_th = 1.989743e+00, time=2025-01-23 03:11:36 
jj1 = 242, max_th = 1.378926e+00, time=2025-01-23 03:11:51 
jj1 = 362, max_th = 1.394193e+00, time=2025-01-23 03:14:36 
jj1 = 482, max_th = 1.946889e+00, time=2025-01-23 03:15:02 
jj1 = 128, max_th = 1.715971e+00, time=2025-01-23 03:15:26 
jj1 = 190, max_th = 2.214771e+00, time=2025-01-23 03:17:27 
jj1 = 304, max_th = 2.443628e+00, time=2025-01-23 03:17:37 
jj1 = 189, max_th = -2.113445e-02, time=2025-01-23 03:17:52 
jj1 = 421, max_th = 2.404627e+00, time=2025-01-23 03:17:57 
jj1 = 127, max_th = 2.623573e+00, time=2025-01-23 03:20:04 
jj1 = 70, max_th = 1.715766e+00, time=2025-01-23 03:20:11 
jj1 = 241, max_th = 2.228441e+00, time=2025-01-23 03:21:05 
jj1 = 361, max_th = 2.437327e+00, time=2025-01-23 03:21:13 
jj1 = 481, max_th = 2.437068e+00, time=2025-01-23 03:21:44 
jj1 = 420, max_th = 2.207262e+00, time=2025-01-23 03:26:37 
jj1 = 303, max_th = 1.983317e+00, time=2025-01-23 03:27:35 
jj1 = 188, max_th = 1.968008e+00, time=2025-01-23 03:27:49 
jj1 = 69, max_th = 1.726591e+00, time=2025-01-23 03:29:09 
jj1 = 360, max_th = 1.719898e+00, time=2025-01-23 03:29:58 
jj1 = 126, max_th = 1.975027e+00, time=2025-01-23 03:30:22 
jj1 = 480, max_th = 1.956355e+00, time=2025-01-23 03:30:58 
jj1 = 240, max_th = 1.982458e+00, time=2025-01-23 03:31:06 
jj1 = 479, max_th = -6.128527e-03, time=2025-01-23 03:31:23 
jj1 = 187, max_th = 2.632120e+00, time=2025-01-23 03:32:15 
jj1 = 419, max_th = 2.228642e+00, time=2025-01-23 03:35:44 
jj1 = 302, max_th = 2.224004e+00, time=2025-01-23 03:36:51 
jj1 = 359, max_th = 2.415140e+00, time=2025-01-23 03:36:58 
jj1 = 186, max_th = 1.411820e+00, time=2025-01-23 03:37:40 
jj1 = 68, max_th = 2.212963e+00, time=2025-01-23 03:38:05 
jj1 = 478, max_th = 2.429131e+00, time=2025-01-23 03:38:23 
jj1 = 125, max_th = 1.721067e+00, time=2025-01-23 03:39:10 
jj1 = 239, max_th = 1.993441e+00, time=2025-01-23 03:40:23 
jj1 = 238, max_th = 9.869565e-01, time=2025-01-23 03:42:30 
jj1 = 185, max_th = 2.433379e+00, time=2025-01-23 03:44:28 
jj1 = 418, max_th = 2.216539e+00, time=2025-01-23 03:44:54 
jj1 = 301, max_th = 1.716669e+00, time=2025-01-23 03:45:32 
jj1 = 358, max_th = 1.719592e+00, time=2025-01-23 03:45:42 
jj1 = 300, max_th = -1.708739e-02, time=2025-01-23 03:45:57 
jj1 = 67, max_th = 1.998716e+00, time=2025-01-23 03:46:06 
jj1 = 124, max_th = 2.426822e+00, time=2025-01-23 03:46:16 
jj1 = 237, max_th = 1.405751e+00, time=2025-01-23 03:47:37 
jj1 = 477, max_th = 2.225316e+00, time=2025-01-23 03:47:38 
jj1 = 299, max_th = 2.812873e+00, time=2025-01-23 03:48:24 
jj1 = 184, max_th = 2.639994e+00, time=2025-01-23 03:48:37 
jj1 = 123, max_th = 2.820677e+00, time=2025-01-23 03:48:43 
jj1 = 298, max_th = 9.984228e-01, time=2025-01-23 03:50:15 
jj1 = 122, max_th = 1.407516e+00, time=2025-01-23 03:54:00 
jj1 = 417, max_th = 2.221809e+00, time=2025-01-23 03:54:06 
jj1 = 357, max_th = 1.721786e+00, time=2025-01-23 03:54:26 
jj1 = 66, max_th = 1.988959e+00, time=2025-01-23 03:55:42 
jj1 = 236, max_th = 2.211971e+00, time=2025-01-23 03:56:30 
jj1 = 476, max_th = 1.728052e+00, time=2025-01-23 03:56:30 
jj1 = 183, max_th = 2.212867e+00, time=2025-01-23 03:57:32 
jj1 = 356, max_th = 1.400588e+00, time=2025-01-23 03:58:36 
jj1 = 121, max_th = 2.624867e+00, time=2025-01-23 03:58:39 
jj1 = 297, max_th = 1.719346e+00, time=2025-01-23 03:58:56 
jj1 = 182, max_th = 9.749654e-01, time=2025-01-23 03:59:40 
jj1 = 416, max_th = 2.439038e+00, time=2025-01-23 04:00:41 
jj1 = 65, max_th = 2.416108e+00, time=2025-01-23 04:02:48 
jj1 = 120, max_th = 2.435939e+00, time=2025-01-23 04:05:29 
jj1 = 475, max_th = 1.987512e+00, time=2025-01-23 04:06:09 
jj1 = 235, max_th = 1.978718e+00, time=2025-01-23 04:06:37 
jj1 = 355, max_th = 2.224545e+00, time=2025-01-23 04:07:49 
jj1 = 296, max_th = 2.214755e+00, time=2025-01-23 04:07:55 
jj1 = 181, max_th = 2.223275e+00, time=2025-01-23 04:08:52 
jj1 = 415, max_th = 1.986353e+00, time=2025-01-23 04:10:27 
jj1 = 64, max_th = 1.707002e+00, time=2025-01-23 04:10:48 
jj1 = 234, max_th = 1.406805e+00, time=2025-01-23 04:11:47 
jj1 = 63, max_th = 2.975793e+00, time=2025-01-23 04:12:08 
jj1 = 119, max_th = 1.700892e+00, time=2025-01-23 04:12:11 
jj1 = 354, max_th = 2.623197e+00, time=2025-01-23 04:12:27 
jj1 = 295, max_th = 1.405412e+00, time=2025-01-23 04:13:01 
jj1 = 474, max_th = 2.219452e+00, time=2025-01-23 04:15:16 
jj1 = 414, max_th = 2.426903e+00, time=2025-01-23 04:17:37 
jj1 = 294, max_th = 1.393311e+00, time=2025-01-23 04:18:05 
jj1 = 708, max_th = 2.442994e+00, time=2025-01-23 04:18:08 
jj1 = 180, max_th = 2.226254e+00, time=2025-01-23 04:18:10 
jj1 = 179, max_th = 2.817772e+00, time=2025-01-23 04:20:40 
jj1 = 62, max_th = 1.715386e+00, time=2025-01-23 04:20:43 
jj1 = 118, max_th = 1.717625e+00, time=2025-01-23 04:20:53 
jj1 = 353, max_th = 2.226366e+00, time=2025-01-23 04:21:39 
jj1 = 293, max_th = 2.627311e+00, time=2025-01-23 04:22:39 
jj1 = 707, max_th = 1.397475e+00, time=2025-01-23 04:22:49 
jj1 = 473, max_th = 2.226333e+00, time=2025-01-23 04:24:26 
jj1 = 768, max_th = 9.959227e-01, time=2025-01-23 04:24:39 
jj1 = 767, max_th = 3.291830e+00, time=2025-01-23 04:24:53 
jj1 = 413, max_th = 1.990918e+00, time=2025-01-23 04:27:10 
jj1 = 472, max_th = 1.397339e+00, time=2025-01-23 04:29:05 
jj1 = 178, max_th = 1.723242e+00, time=2025-01-23 04:29:35 
jj1 = 61, max_th = 2.224585e+00, time=2025-01-23 04:30:02 
jj1 = 117, max_th = 1.975834e+00, time=2025-01-23 04:31:07 
jj1 = 352, max_th = 1.968819e+00, time=2025-01-23 04:31:34 
jj1 = 706, max_th = 2.221047e+00, time=2025-01-23 04:32:01 
jj1 = 412, max_th = 1.390389e+00, time=2025-01-23 04:32:20 
jj1 = 766, max_th = 1.711656e+00, time=2025-01-23 04:33:16 
jj1 = 765, max_th = 3.153264e+00, time=2025-01-23 04:33:45 
jj1 = 471, max_th = 1.389882e+00, time=2025-01-23 04:34:11 
jj1 = 60, max_th = 1.714743e+00, time=2025-01-23 04:38:29 
jj1 = 177, max_th = 1.981321e+00, time=2025-01-23 04:39:34 
jj1 = 558, max_th = 1.708237e+00, time=2025-01-23 04:39:35 
jj1 = 116, max_th = 1.725072e+00, time=2025-01-23 04:40:05 
jj1 = 705, max_th = 1.997101e+00, time=2025-01-23 04:40:37 
jj1 = 411, max_th = 2.193824e+00, time=2025-01-23 04:40:57 
jj1 = 176, max_th = 2.808608e+00, time=2025-01-23 04:42:00 
jj1 = 470, max_th = 2.231728e+00, time=2025-01-23 04:43:08 
jj1 = 764, max_th = 1.985982e+00, time=2025-01-23 04:43:34 
jj1 = 738, max_th = 2.620286e+00, time=2025-01-23 04:44:44 
jj1 = 704, max_th = 1.401371e+00, time=2025-01-23 04:45:05 
jj1 = 59, max_th = 2.429128e+00, time=2025-01-23 04:45:23 
jj1 = 557, max_th = 2.224414e+00, time=2025-01-23 04:48:46 
jj1 = 763, max_th = 1.407471e+00, time=2025-01-23 04:48:50 
jj1 = 588, max_th = 1.697232e+00, time=2025-01-23 04:50:26 
jj1 = 678, max_th = 1.979592e+00, time=2025-01-23 04:51:01 
jj1 = 175, max_th = 1.982746e+00, time=2025-01-23 04:51:59 
jj1 = 587, max_th = 9.931317e-01, time=2025-01-23 04:52:29 
jj1 = 703, max_th = 1.721364e+00, time=2025-01-23 04:53:53 
jj1 = 648, max_th = 2.819202e+00, time=2025-01-23 04:54:28 
jj1 = 737, max_th = 1.983286e+00, time=2025-01-23 04:54:35 
jj1 = 58, max_th = 2.221783e+00, time=2025-01-23 04:54:36 
jj1 = 586, max_th = 1.399123e+00, time=2025-01-23 04:56:49 
jj1 = 556, max_th = 1.708514e+00, time=2025-01-23 04:56:51 
jj1 = 762, max_th = 1.717456e+00, time=2025-01-23 04:57:29 
jj1 = 702, max_th = 1.393100e+00, time=2025-01-23 04:58:52 
jj1 = 677, max_th = 1.721121e+00, time=2025-01-23 04:59:48 
jj1 = 736, max_th = 2.437538e+00, time=2025-01-23 05:01:13 
jj1 = 57, max_th = 2.434836e+00, time=2025-01-23 05:01:24 
jj1 = 647, max_th = 1.706364e+00, time=2025-01-23 05:02:25 
jj1 = 555, max_th = 2.433114e+00, time=2025-01-23 05:03:42 
jj1 = 585, max_th = 1.719278e+00, time=2025-01-23 05:05:30 
jj1 = 761, max_th = 2.233326e+00, time=2025-01-23 05:06:26 
jj1 = 584, max_th = 2.973956e+00, time=2025-01-23 05:06:51 
jj1 = 554, max_th = 2.634253e+00, time=2025-01-23 05:08:04 
jj1 = 676, max_th = 1.724243e+00, time=2025-01-23 05:08:44 
jj1 = 701, max_th = 1.978467e+00, time=2025-01-23 05:08:56 
jj1 = 618, max_th = 1.724248e+00, time=2025-01-23 05:10:22 
jj1 = 735, max_th = 1.975571e+00, time=2025-01-23 05:11:23 
jj1 = 646, max_th = 2.226798e+00, time=2025-01-23 05:11:39 
jj1 = 583, max_th = 2.412614e+00, time=2025-01-23 05:13:44 
jj1 = 700, max_th = 1.403226e+00, time=2025-01-23 05:13:46 
jj1 = 760, max_th = 2.211619e+00, time=2025-01-23 05:15:19 
jj1 = 645, max_th = 1.398364e+00, time=2025-01-23 05:16:13 
jj1 = 553, max_th = 1.969255e+00, time=2025-01-23 05:18:05 
jj1 = 675, max_th = 1.983690e+00, time=2025-01-23 05:18:43 
jj1 = 552, max_th = 9.805847e-01, time=2025-01-23 05:20:13 
jj1 = 617, max_th = 1.969288e+00, time=2025-01-23 05:20:22 
jj1 = 734, max_th = 1.975544e+00, time=2025-01-23 05:21:37 
jj1 = 699, max_th = 1.998080e+00, time=2025-01-23 05:22:08 
jj1 = 759, max_th = 2.432362e+00, time=2025-01-23 05:22:15 
jj1 = 582, max_th = 1.980961e+00, time=2025-01-23 05:23:38 
jj1 = 674, max_th = 1.395253e+00, time=2025-01-23 05:23:41 
jj1 = 644, max_th = 2.202422e+00, time=2025-01-23 05:24:10 
jj1 = 758, max_th = 9.859343e-01, time=2025-01-23 05:24:18 
jj1 = 733, max_th = 2.414889e+00, time=2025-01-23 05:28:30 
jj1 = 616, max_th = 1.725855e+00, time=2025-01-23 05:29:19 
jj1 = 551, max_th = 1.975338e+00, time=2025-01-23 05:30:32 
jj1 = 673, max_th = 2.427473e+00, time=2025-01-23 05:30:48 
jj1 = 698, max_th = 2.215868e+00, time=2025-01-23 05:31:15 
jj1 = 581, max_th = 2.217968e+00, time=2025-01-23 05:32:43 
jj1 = 643, max_th = 1.993327e+00, time=2025-01-23 05:33:21 
jj1 = 757, max_th = 2.228957e+00, time=2025-01-23 05:33:29 
jj1 = 550, max_th = 1.411302e+00, time=2025-01-23 05:35:56 
jj1 = 732, max_th = 1.683960e+00, time=2025-01-23 05:36:50 
jj1 = 580, max_th = 1.400719e+00, time=2025-01-23 05:36:56 
jj1 = 579, max_th = 9.889510e-01, time=2025-01-23 05:39:02 
jj1 = 615, max_th = 1.966607e+00, time=2025-01-23 05:39:13 
jj1 = 672, max_th = 1.979539e+00, time=2025-01-23 05:40:55 
jj1 = 697, max_th = 1.985930e+00, time=2025-01-23 05:41:04 
jj1 = 642, max_th = 2.219194e+00, time=2025-01-23 05:42:30 
jj1 = 696, max_th = 2.808269e+00, time=2025-01-23 05:43:30 
jj1 = 578, max_th = 2.630638e+00, time=2025-01-23 05:43:30 
jj1 = 756, max_th = 1.979685e+00, time=2025-01-23 05:43:35 
jj1 = 614, max_th = 2.619751e+00, time=2025-01-23 05:43:47 
jj1 = 731, max_th = 1.723316e+00, time=2025-01-23 05:45:42 
jj1 = 549, max_th = 1.972136e+00, time=2025-01-23 05:46:01 
jj1 = 671, max_th = 1.373084e+00, time=2025-01-23 05:46:17 
jj1 = 577, max_th = 2.617942e+00, time=2025-01-23 05:48:03 
jj1 = 755, max_th = 1.398323e+00, time=2025-01-23 05:48:10 
jj1 = 548, max_th = 2.822667e+00, time=2025-01-23 05:48:28 
jj1 = 641, max_th = 1.709240e+00, time=2025-01-23 05:50:45 
jj1 = 695, max_th = 2.221142e+00, time=2025-01-23 05:52:48 
jj1 = 613, max_th = 2.218374e+00, time=2025-01-23 05:52:54 
jj1 = 547, max_th = 1.381104e+00, time=2025-01-23 05:53:50 
jj1 = 754, max_th = 2.438405e+00, time=2025-01-23 05:54:49 
jj1 = 694, max_th = 9.943552e-01, time=2025-01-23 05:54:49 
jj1 = 730, max_th = 1.964200e+00, time=2025-01-23 05:55:29 
jj1 = 670, max_th = 2.222348e+00, time=2025-01-23 05:55:30 
jj1 = 669, max_th = -3.203187e-03, time=2025-01-23 05:55:55 
jj1 = 729, max_th = 9.894096e-01, time=2025-01-23 05:57:32 
jj1 = 576, max_th = 1.969104e+00, time=2025-01-23 05:58:08 
jj1 = 575, max_th = -2.103894e-02, time=2025-01-23 05:58:34 
jj1 = 612, max_th = 2.429458e+00, time=2025-01-23 05:59:55 
jj1 = 640, max_th = 1.987415e+00, time=2025-01-23 06:00:29 
jj1 = 753, max_th = 2.431417e+00, time=2025-01-23 06:01:46 
jj1 = 752, max_th = 3.151899e+00, time=2025-01-23 06:02:14 
jj1 = 668, max_th = 1.699347e+00, time=2025-01-23 06:02:21 
jj1 = 611, max_th = 2.812371e+00, time=2025-01-23 06:02:22 
jj1 = 728, max_th = 1.395334e+00, time=2025-01-23 06:02:23 
jj1 = 546, max_th = 1.720001e+00, time=2025-01-23 06:02:29 
jj1 = 751, max_th = 2.976711e+00, time=2025-01-23 06:03:33 
jj1 = 693, max_th = 2.225294e+00, time=2025-01-23 06:04:08 
jj1 = 545, max_th = 2.801840e+00, time=2025-01-23 06:04:39 
jj1 = 574, max_th = 2.226721e+00, time=2025-01-23 06:07:50 
jj1 = 610, max_th = 2.419345e+00, time=2025-01-23 06:09:27 
jj1 = 639, max_th = 1.993611e+00, time=2025-01-23 06:09:43 
jj1 = 573, max_th = 9.882453e-01, time=2025-01-23 06:09:55 
jj1 = 667, max_th = 1.704500e+00, time=2025-01-23 06:10:05 
jj1 = 727, max_th = 1.716664e+00, time=2025-01-23 06:11:00 
jj1 = 692, max_th = 1.713101e+00, time=2025-01-23 06:12:34 
jj1 = 750, max_th = 2.228569e+00, time=2025-01-23 06:12:42 
jj1 = 544, max_th = 2.213454e+00, time=2025-01-23 06:13:34 
jj1 = 638, max_th = 1.399202e+00, time=2025-01-23 06:14:01 
jj1 = 609, max_th = 1.401746e+00, time=2025-01-23 06:14:03 
jj1 = 572, max_th = 1.388158e+00, time=2025-01-23 06:15:12 
jj1 = 691, max_th = 1.403783e+00, time=2025-01-23 06:17:31 
jj1 = 726, max_th = 2.437206e+00, time=2025-01-23 06:17:37 
jj1 = 666, max_th = 1.960320e+00, time=2025-01-23 06:19:47 
jj1 = 608, max_th = 2.433307e+00, time=2025-01-23 06:20:53 
jj1 = 749, max_th = 1.718617e+00, time=2025-01-23 06:21:19 
jj1 = 571, max_th = 2.424186e+00, time=2025-01-23 06:22:17 
jj1 = 543, max_th = 2.216658e+00, time=2025-01-23 06:22:37 
jj1 = 637, max_th = 1.976703e+00, time=2025-01-23 06:24:11 
jj1 = 725, max_th = 1.710234e+00, time=2025-01-23 06:25:51 
jj1 = 748, max_th = 1.406302e+00, time=2025-01-23 06:26:31 
jj1 = 690, max_th = 2.218073e+00, time=2025-01-23 06:26:35 
jj1 = 665, max_th = 2.212657e+00, time=2025-01-23 06:28:43 
jj1 = 542, max_th = 2.438797e+00, time=2025-01-23 06:29:11 
jj1 = 607, max_th = 1.978665e+00, time=2025-01-23 06:30:51 
jj1 = 570, max_th = 2.218221e+00, time=2025-01-23 06:31:26 
jj1 = 689, max_th = 1.406355e+00, time=2025-01-23 06:31:43 
jj1 = 569, max_th = 2.985421e+00, time=2025-01-23 06:32:39 
jj1 = 541, max_th = 2.592542e+00, time=2025-01-23 06:33:47 
jj1 = 636, max_th = 1.987461e+00, time=2025-01-23 06:33:53 
jj1 = 664, max_th = 1.366446e+00, time=2025-01-23 06:34:06 
jj1 = 724, max_th = 2.225235e+00, time=2025-01-23 06:35:05 
jj1 = 663, max_th = 2.983127e+00, time=2025-01-23 06:35:22 
jj1 = 747, max_th = 1.969851e+00, time=2025-01-23 06:36:36 
jj1 = 606, max_th = 2.217097e+00, time=2025-01-23 06:39:50 
jj1 = 662, max_th = 2.614548e+00, time=2025-01-23 06:39:56 
jj1 = 723, max_th = 1.395532e+00, time=2025-01-23 06:39:56 
jj1 = 688, max_th = 2.228267e+00, time=2025-01-23 06:40:53 
jj1 = 568, max_th = 1.722690e+00, time=2025-01-23 06:41:32 
jj1 = 746, max_th = 1.385531e+00, time=2025-01-23 06:41:56 
jj1 = 540, max_th = 1.713663e+00, time=2025-01-23 06:42:16 
jj1 = 687, max_th = 9.827245e-01, time=2025-01-23 06:43:00 
jj1 = 635, max_th = 1.988160e+00, time=2025-01-23 06:43:34 
jj1 = 539, max_th = 2.631257e+00, time=2025-01-23 06:46:41 
jj1 = 745, max_th = 1.358743e+00, time=2025-01-23 06:46:49 
jj1 = 567, max_th = 2.437820e+00, time=2025-01-23 06:48:13 
jj1 = 686, max_th = 1.410962e+00, time=2025-01-23 06:48:23 
jj1 = 605, max_th = 1.725538e+00, time=2025-01-23 06:48:46 
jj1 = 661, max_th = 1.994681e+00, time=2025-01-23 06:49:00 
jj1 = 722, max_th = 2.221252e+00, time=2025-01-23 06:49:06 
jj1 = 744, max_th = 1.410242e+00, time=2025-01-23 06:52:11 
jj1 = 634, max_th = 1.986171e+00, time=2025-01-23 06:53:24 
jj1 = 538, max_th = 2.227596e+00, time=2025-01-23 06:55:48 
jj1 = 566, max_th = 1.704198e+00, time=2025-01-23 06:55:51 
jj1 = 685, max_th = 1.726219e+00, time=2025-01-23 06:57:23 
jj1 = 743, max_th = 1.377878e+00, time=2025-01-23 06:57:28 
jj1 = 604, max_th = 2.221287e+00, time=2025-01-23 06:57:55 
jj1 = 660, max_th = 1.941776e+00, time=2025-01-23 06:58:23 
jj1 = 721, max_th = 1.979679e+00, time=2025-01-23 06:59:12 
jj1 = 633, max_th = 1.706303e+00, time=2025-01-23 07:01:19 
jj1 = 565, max_th = 2.433863e+00, time=2025-01-23 07:02:38 
jj1 = 720, max_th = 1.409970e+00, time=2025-01-23 07:04:32 
jj1 = 537, max_th = 1.982479e+00, time=2025-01-23 07:05:44 
jj1 = 632, max_th = 1.398134e+00, time=2025-01-23 07:05:55 
jj1 = 684, max_th = 2.211016e+00, time=2025-01-23 07:06:15 
jj1 = 742, max_th = 1.725494e+00, time=2025-01-23 07:06:26 
jj1 = 659, max_th = 2.221896e+00, time=2025-01-23 07:07:33 
jj1 = 603, max_th = 1.971829e+00, time=2025-01-23 07:08:03 
jj1 = 658, max_th = 9.781562e-01, time=2025-01-23 07:09:42 
jj1 = 719, max_th = 2.441081e+00, time=2025-01-23 07:10:58 
jj1 = 631, max_th = 1.409173e+00, time=2025-01-23 07:11:17 
jj1 = 741, max_th = 1.391184e+00, time=2025-01-23 07:11:36 
jj1 = 564, max_th = 1.993964e+00, time=2025-01-23 07:11:44 
jj1 = 536, max_th = 2.228184e+00, time=2025-01-23 07:14:51 
jj1 = 683, max_th = 1.984337e+00, time=2025-01-23 07:16:05 
jj1 = 740, max_th = 1.404955e+00, time=2025-01-23 07:16:38 
jj1 = 602, max_th = 1.970097e+00, time=2025-01-23 07:18:02 
jj1 = 563, max_th = 2.412216e+00, time=2025-01-23 07:18:30 
jj1 = 657, max_th = 1.992017e+00, time=2025-01-23 07:19:03 
jj1 = 630, max_th = 1.718309e+00, time=2025-01-23 07:20:01 
jj1 = 718, max_th = 1.974177e+00, time=2025-01-23 07:21:11 
jj1 = 535, max_th = 2.426661e+00, time=2025-01-23 07:21:56 
jj1 = 629, max_th = 9.746446e-01, time=2025-01-23 07:22:07 
jj1 = 656, max_th = 1.371089e+00, time=2025-01-23 07:24:24 
jj1 = 682, max_th = 1.716884e+00, time=2025-01-23 07:24:45 
jj1 = 739, max_th = 1.986686e+00, time=2025-01-23 07:26:23 
jj1 = 601, max_th = 1.973847e+00, time=2025-01-23 07:28:09 
jj1 = 798, max_th = 9.798376e-01, time=2025-01-23 07:28:30 
jj1 = 562, max_th = 1.977893e+00, time=2025-01-23 07:28:37 
jj1 = 534, max_th = 2.435004e+00, time=2025-01-23 07:28:43 
jj1 = 628, max_th = 1.707263e+00, time=2025-01-23 07:30:14 
jj1 = 533, max_th = 2.797478e+00, time=2025-01-23 07:31:02 
jj1 = 717, max_th = 1.964741e+00, time=2025-01-23 07:31:07 
jj1 = 532, max_th = 2.983256e+00, time=2025-01-23 07:32:18 
jj1 = 681, max_th = 1.711371e+00, time=2025-01-23 07:33:07 
jj1 = 655, max_th = 1.721419e+00, time=2025-01-23 07:33:14 
jj1 = 627, max_th = 2.446591e+00, time=2025-01-23 07:36:11 
jj1 = 600, max_th = 1.711113e+00, time=2025-01-23 07:36:27 
jj1 = 531, max_th = 2.631266e+00, time=2025-01-23 07:36:44 
jj1 = 797, max_th = 1.985164e+00, time=2025-01-23 07:38:17 
jj1 = 680, max_th = 1.385534e+00, time=2025-01-23 07:38:23 
jj1 = 561, max_th = 1.981139e+00, time=2025-01-23 07:38:31 
jj1 = 654, max_th = 2.442875e+00, time=2025-01-23 07:39:36 
jj1 = 716, max_th = 2.226920e+00, time=2025-01-23 07:40:17 
jj1 = 626, max_th = 1.375098e+00, time=2025-01-23 07:41:35 
jj1 = 796, max_th = 2.437128e+00, time=2025-01-23 07:45:00 
jj1 = 560, max_th = 1.694901e+00, time=2025-01-23 07:46:14 
jj1 = 599, max_th = 1.985194e+00, time=2025-01-23 07:46:16 
jj1 = 653, max_th = 2.430515e+00, time=2025-01-23 07:46:34 
jj1 = 795, max_th = 9.480420e-01, time=2025-01-23 07:46:40 
jj1 = 530, max_th = 1.981449e+00, time=2025-01-23 07:46:46 
jj1 = 679, max_th = 2.229013e+00, time=2025-01-23 07:47:32 
jj1 = 794, max_th = 2.980915e+00, time=2025-01-23 07:48:00 
jj1 = 625, max_th = 2.417743e+00, time=2025-01-23 07:48:36 
jj1 = 715, max_th = 1.716324e+00, time=2025-01-23 07:48:53 
jj1 = 624, max_th = 2.989612e+00, time=2025-01-23 07:49:48 
jj1 = 793, max_th = 9.793492e-01, time=2025-01-23 07:50:08 
jj1 = 529, max_th = 2.432658e+00, time=2025-01-23 07:53:35 
jj1 = 598, max_th = 1.687462e+00, time=2025-01-23 07:54:26 
jj1 = 783, max_th = 2.418564e+00, time=2025-01-23 07:54:35 
jj1 = 559, max_th = 1.720820e+00, time=2025-01-23 07:55:02 
jj1 = 652, max_th = 2.215091e+00, time=2025-01-23 07:55:38 
jj1 = 623, max_th = 2.420882e+00, time=2025-01-23 07:56:58 
jj1 = 714, max_th = 1.994255e+00, time=2025-01-23 07:58:02 
jj1 = 792, max_th = 1.714284e+00, time=2025-01-23 07:58:36 
jj1 = 782, max_th = 1.403346e+00, time=2025-01-23 07:59:26 
jj1 = 813, max_th = 2.218532e+00, time=2025-01-23 08:02:40 
jj1 = 713, max_th = 1.388585e+00, time=2025-01-23 08:03:10 
jj1 = 622, max_th = 2.430862e+00, time=2025-01-23 08:03:53 
jj1 = 781, max_th = 1.405795e+00, time=2025-01-23 08:04:32 
jj1 = 858, max_th = 1.989256e+00, time=2025-01-23 08:04:35 
jj1 = 597, max_th = 1.975116e+00, time=2025-01-23 08:04:38 
jj1 = 651, max_th = 2.222944e+00, time=2025-01-23 08:04:50 
jj1 = 791, max_th = 2.432231e+00, time=2025-01-23 08:05:27 
jj1 = 621, max_th = 9.900536e-01, time=2025-01-23 08:05:56 
jj1 = 812, max_th = 1.407489e+00, time=2025-01-23 08:07:51 
jj1 = 790, max_th = 1.400453e+00, time=2025-01-23 08:09:33 
jj1 = 857, max_th = 1.405403e+00, time=2025-01-23 08:09:38 
jj1 = 650, max_th = 2.399533e+00, time=2025-01-23 08:10:10 
jj1 = 620, max_th = 1.400827e+00, time=2025-01-23 08:10:18 
jj1 = 649, max_th = 3.146838e+00, time=2025-01-23 08:10:40 
jj1 = 712, max_th = 2.229651e+00, time=2025-01-23 08:12:15 
jj1 = 619, max_th = 9.901608e-01, time=2025-01-23 08:12:25 
jj1 = 811, max_th = 1.388119e+00, time=2025-01-23 08:13:04 
jj1 = 596, max_th = 1.724194e+00, time=2025-01-23 08:13:26 
jj1 = 780, max_th = 1.990205e+00, time=2025-01-23 08:14:04 
jj1 = 711, max_th = 9.911845e-01, time=2025-01-23 08:14:19 
jj1 = 873, max_th = 9.662227e-01, time=2025-01-23 08:14:26 
jj1 = 595, max_th = 9.772815e-01, time=2025-01-23 08:15:29 
jj1 = 856, max_th = 1.722261e+00, time=2025-01-23 08:18:23 
jj1 = 710, max_th = 2.609069e+00, time=2025-01-23 08:18:51 
jj1 = 789, max_th = 1.988356e+00, time=2025-01-23 08:19:12 
jj1 = 872, max_th = 1.395110e+00, time=2025-01-23 08:19:24 
jj1 = 843, max_th = 1.724353e+00, time=2025-01-23 08:19:35 
jj1 = 779, max_th = 2.430602e+00, time=2025-01-23 08:21:01 
jj1 = 810, max_th = 2.213565e+00, time=2025-01-23 08:22:05 
jj1 = 709, max_th = 1.400140e+00, time=2025-01-23 08:22:25 
jj1 = 594, max_th = 2.427228e+00, time=2025-01-23 08:22:32 
jj1 = 855, max_th = 1.392527e+00, time=2025-01-23 08:23:30 
jj1 = 842, max_th = 2.624248e+00, time=2025-01-23 08:24:11 
jj1 = 788, max_th = 1.384874e+00, time=2025-01-23 08:24:23 
jj1 = 841, max_th = 9.979675e-01, time=2025-01-23 08:26:03 
jj1 = 778, max_th = 1.406037e+00, time=2025-01-23 08:26:05 
jj1 = 854, max_th = 1.382704e+00, time=2025-01-23 08:28:44 
jj1 = 871, max_th = 2.179258e+00, time=2025-01-23 08:28:57 
jj1 = 787, max_th = 1.391882e+00, time=2025-01-23 08:29:27 
jj1 = 870, max_th = 2.977704e+00, time=2025-01-23 08:30:15 
jj1 = 809, max_th = 1.715641e+00, time=2025-01-23 08:30:38 
jj1 = 593, max_th = 1.719497e+00, time=2025-01-23 08:31:16 
jj1 = 828, max_th = 1.986214e+00, time=2025-01-23 08:32:10 
jj1 = 840, max_th = 1.712237e+00, time=2025-01-23 08:34:23 
jj1 = 777, max_th = 2.221441e+00, time=2025-01-23 08:35:17 
jj1 = 786, max_th = 1.694478e+00, time=2025-01-23 08:37:13 
jj1 = 827, max_th = 1.410770e+00, time=2025-01-23 08:37:35 
jj1 = 808, max_th = 1.701546e+00, time=2025-01-23 08:37:41 
jj1 = 853, max_th = 1.964760e+00, time=2025-01-23 08:38:34 
jj1 = 869, max_th = 1.991820e+00, time=2025-01-23 08:39:37 
jj1 = 592, max_th = 1.995839e+00, time=2025-01-23 08:40:06 
jj1 = 839, max_th = 2.431069e+00, time=2025-01-23 08:41:20 
jj1 = 807, max_th = 2.619956e+00, time=2025-01-23 08:42:14 
jj1 = 785, max_th = 1.386746e+00, time=2025-01-23 08:42:32 
jj1 = 776, max_th = 2.231816e+00, time=2025-01-23 08:44:17 
jj1 = 826, max_th = 2.222422e+00, time=2025-01-23 08:46:48 
jj1 = 591, max_th = 2.414517e+00, time=2025-01-23 08:47:04 
jj1 = 806, max_th = 1.391138e+00, time=2025-01-23 08:47:26 
jj1 = 784, max_th = 1.407624e+00, time=2025-01-23 08:47:45 
jj1 = 852, max_th = 1.962119e+00, time=2025-01-23 08:48:10 
jj1 = 775, max_th = 1.398139e+00, time=2025-01-23 08:48:57 
jj1 = 868, max_th = 1.982835e+00, time=2025-01-23 08:49:36 
jj1 = 838, max_th = 1.989018e+00, time=2025-01-23 08:50:55 
jj1 = 774, max_th = 9.806539e-01, time=2025-01-23 08:51:05 
jj1 = 895, max_th = 1.380609e+00, time=2025-01-23 08:53:10 
jj1 = 825, max_th = 2.434774e+00, time=2025-01-23 08:53:33 
jj1 = 867, max_th = 1.401475e+00, time=2025-01-23 08:54:07 
jj1 = 590, max_th = 1.709255e+00, time=2025-01-23 08:55:13 
jj1 = 824, max_th = 9.981132e-01, time=2025-01-23 08:55:25 
jj1 = 805, max_th = 1.988808e+00, time=2025-01-23 08:57:06 
jj1 = 851, max_th = 1.972499e+00, time=2025-01-23 08:58:16 
jj1 = 894, max_th = 2.422366e+00, time=2025-01-23 09:00:18 
jj1 = 773, max_th = 1.987885e+00, time=2025-01-23 09:00:40 
jj1 = 823, max_th = 1.371842e+00, time=2025-01-23 09:00:50 
jj1 = 837, max_th = 1.975063e+00, time=2025-01-23 09:01:06 
jj1 = 866, max_th = 2.210537e+00, time=2025-01-23 09:02:57 
jj1 = 850, max_th = 2.432972e+00, time=2025-01-23 09:05:06 
jj1 = 865, max_th = 2.795865e+00, time=2025-01-23 09:05:24 
jj1 = 589, max_th = 1.974922e+00, time=2025-01-23 09:05:27 
jj1 = 893, max_th = 1.382135e+00, time=2025-01-23 09:05:38 
jj1 = 772, max_th = 1.385142e+00, time=2025-01-23 09:05:50 
jj1 = 804, max_th = 2.211103e+00, time=2025-01-23 09:05:54 
jj1 = 822, max_th = 2.437441e+00, time=2025-01-23 09:07:32 
jj1 = 849, max_th = 2.654025e+00, time=2025-01-23 09:08:52 
jj1 = 836, max_th = 1.995477e+00, time=2025-01-23 09:10:03 
jj1 = 864, max_th = 1.409478e+00, time=2025-01-23 09:10:43 
jj1 = 803, max_th = 2.424879e+00, time=2025-01-23 09:13:04 
jj1 = 802, max_th = 3.146182e+00, time=2025-01-23 09:13:34 
jj1 = 771, max_th = 1.708202e+00, time=2025-01-23 09:13:57 
jj1 = 888, max_th = 1.723317e+00, time=2025-01-23 09:14:21 
jj1 = 892, max_th = 2.226539e+00, time=2025-01-23 09:14:50 
jj1 = 821, max_th = 1.709387e+00, time=2025-01-23 09:15:43 
jj1 = 848, max_th = 1.977504e+00, time=2025-01-23 09:18:52 
jj1 = 835, max_th = 1.722857e+00, time=2025-01-23 09:18:57 
jj1 = 801, max_th = 1.378386e+00, time=2025-01-23 09:18:58 
jj1 = 887, max_th = 1.385099e+00, time=2025-01-23 09:19:40 
jj1 = 863, max_th = 2.227679e+00, time=2025-01-23 09:19:55 
jj1 = 820, max_th = 1.406710e+00, time=2025-01-23 09:20:53 
jj1 = 770, max_th = 1.973134e+00, time=2025-01-23 09:24:05 
jj1 = 891, max_th = 1.987874e+00, time=2025-01-23 09:24:35 
jj1 = 800, max_th = 1.698357e+00, time=2025-01-23 09:25:56 
jj1 = 819, max_th = 1.388913e+00, time=2025-01-23 09:26:05 
jj1 = 834, max_th = 1.701841e+00, time=2025-01-23 09:26:07 
jj1 = 833, max_th = -2.900134e-02, time=2025-01-23 09:26:31 
jj1 = 799, max_th = 2.969432e+00, time=2025-01-23 09:27:16 
jj1 = 847, max_th = 1.726074e+00, time=2025-01-23 09:27:44 
jj1 = 862, max_th = 1.720040e+00, time=2025-01-23 09:28:37 
jj1 = 886, max_th = 1.995158e+00, time=2025-01-23 09:28:38 
jj1 = 769, max_th = 1.395940e+00, time=2025-01-23 09:29:00 
jj1 = 909, max_th = 1.385642e+00, time=2025-01-23 09:32:25 
jj1 = 832, max_th = 2.203059e+00, time=2025-01-23 09:34:33 
jj1 = 890, max_th = 1.978462e+00, time=2025-01-23 09:34:40 
jj1 = 818, max_th = 2.222291e+00, time=2025-01-23 09:35:15 
jj1 = 846, max_th = 2.224348e+00, time=2025-01-23 09:36:55 
jj1 = 861, max_th = 1.683253e+00, time=2025-01-23 09:36:58 
jj1 = 817, max_th = 2.811007e+00, time=2025-01-23 09:37:40 
jj1 = 885, max_th = 1.984317e+00, time=2025-01-23 09:38:28 
jj1 = 902, max_th = 1.978160e+00, time=2025-01-23 09:39:03 
jj1 = 831, max_th = 1.394988e+00, time=2025-01-23 09:39:27 
jj1 = 908, max_th = 1.721373e+00, time=2025-01-23 09:41:08 
jj1 = 816, max_th = 1.381449e+00, time=2025-01-23 09:43:03 
jj1 = 889, max_th = 2.229880e+00, time=2025-01-23 09:43:46 
jj1 = 845, max_th = 2.429700e+00, time=2025-01-23 09:43:57 
jj1 = 844, max_th = -2.115252e-02, time=2025-01-23 09:44:22 
jj1 = 916, max_th = -1.506752e-02, time=2025-01-23 09:44:47 
jj1 = 860, max_th = 1.688709e+00, time=2025-01-23 09:45:10 
jj1 = 859, max_th = -1.410844e-02, time=2025-01-23 09:45:35 
jj1 = 901, max_th = 1.701346e+00, time=2025-01-23 09:45:56 
jj1 = 830, max_th = 1.697559e+00, time=2025-01-23 09:46:44 
jj1 = 815, max_th = 2.635299e+00, time=2025-01-23 09:47:23 
jj1 = 930, max_th = 9.982064e-01, time=2025-01-23 09:47:27 
jj1 = 884, max_th = 2.219695e+00, time=2025-01-23 09:47:35 
jj1 = 907, max_th = 2.438717e+00, time=2025-01-23 09:47:40 
jj1 = 915, max_th = 1.403534e+00, time=2025-01-23 09:49:41 
jj1 = 944, max_th = 2.220737e+00, time=2025-01-23 09:52:57 
jj1 = 900, max_th = 2.216571e+00, time=2025-01-23 09:54:59 
jj1 = 829, max_th = 1.713212e+00, time=2025-01-23 09:55:08 
jj1 = 943, max_th = 2.812805e+00, time=2025-01-23 09:55:25 
jj1 = 883, max_th = 1.715411e+00, time=2025-01-23 09:56:05 
jj1 = 906, max_th = 1.715322e+00, time=2025-01-23 09:56:12 
jj1 = 929, max_th = 1.992192e+00, time=2025-01-23 09:56:47 
jj1 = 923, max_th = 9.914629e-01, time=2025-01-23 09:57:12 
jj1 = 814, max_th = 1.972376e+00, time=2025-01-23 09:57:31 
jj1 = 905, max_th = 9.732069e-01, time=2025-01-23 09:58:18 
jj1 = 914, max_th = 1.719311e+00, time=2025-01-23 09:58:22 
jj1 = 942, max_th = 2.622686e+00, time=2025-01-23 10:00:01 
jj1 = 899, max_th = 1.713947e+00, time=2025-01-23 10:03:22 
jj1 = 928, max_th = 2.437332e+00, time=2025-01-23 10:03:27 
jj1 = 913, max_th = 2.428507e+00, time=2025-01-23 10:05:23 
jj1 = 882, max_th = 1.989161e+00, time=2025-01-23 10:05:40 
jj1 = 937, max_th = 1.724519e+00, time=2025-01-23 10:06:23 
jj1 = 922, max_th = 1.975201e+00, time=2025-01-23 10:07:21 
jj1 = 904, max_th = 2.217885e+00, time=2025-01-23 10:07:22 
jj1 = 881, max_th = 9.883131e-01, time=2025-01-23 10:07:45 
jj1 = 898, max_th = 1.404838e+00, time=2025-01-23 10:08:25 
jj1 = 927, max_th = 1.411168e+00, time=2025-01-23 10:08:52 
jj1 = 941, max_th = 1.727238e+00, time=2025-01-23 10:08:53 
jj1 = 903, max_th = 1.352287e+00, time=2025-01-23 10:11:45 
jj1 = 912, max_th = 2.438177e+00, time=2025-01-23 10:11:53 
jj1 = 958, max_th = -2.030385e-02, time=2025-01-23 10:12:10 
jj1 = 936, max_th = 2.435657e+00, time=2025-01-23 10:13:05 
jj1 = 880, max_th = 2.424876e+00, time=2025-01-23 10:14:48 
jj1 = 935, max_th = 9.956978e-01, time=2025-01-23 10:15:04 
jj1 = 940, max_th = 2.427059e+00, time=2025-01-23 10:15:58 
jj1 = 897, max_th = 1.714107e+00, time=2025-01-23 10:16:52 
jj1 = 921, max_th = 1.974729e+00, time=2025-01-23 10:17:32 
jj1 = 926, max_th = 1.979684e+00, time=2025-01-23 10:18:54 
jj1 = 957, max_th = 1.719285e+00, time=2025-01-23 10:20:49 
jj1 = 911, max_th = 2.215319e+00, time=2025-01-23 10:20:51 
jj1 = 939, max_th = 1.408152e+00, time=2025-01-23 10:21:12 
jj1 = 934, max_th = 1.722672e+00, time=2025-01-23 10:23:51 
jj1 = 879, max_th = 2.222481e+00, time=2025-01-23 10:23:58 
jj1 = 925, max_th = 2.434952e+00, time=2025-01-23 10:25:37 
jj1 = 920, max_th = 1.712286e+00, time=2025-01-23 10:25:52 
jj1 = 896, max_th = 1.978255e+00, time=2025-01-23 10:26:55 
jj1 = 933, max_th = 1.409643e+00, time=2025-01-23 10:29:06 
jj1 = 956, max_th = 1.714333e+00, time=2025-01-23 10:29:08 
jj1 = 910, max_th = 2.222767e+00, time=2025-01-23 10:29:53 
jj1 = 938, max_th = 1.993443e+00, time=2025-01-23 10:30:10 
jj1 = 878, max_th = 1.705411e+00, time=2025-01-23 10:31:40 
jj1 = 919, max_th = 2.436959e+00, time=2025-01-23 10:32:23 
jj1 = 932, max_th = 2.624411e+00, time=2025-01-23 10:33:39 
jj1 = 924, max_th = 2.223669e+00, time=2025-01-23 10:34:43 
jj1 = 979, max_th = 1.394339e+00, time=2025-01-23 10:34:44 
jj1 = 918, max_th = 2.810153e+00, time=2025-01-23 10:34:48 
jj1 = 931, max_th = 9.595546e-01, time=2025-01-23 10:35:31 
jj1 = 972, max_th = 1.372504e+00, time=2025-01-23 10:35:32 
jj1 = 965, max_th = 1.965945e+00, time=2025-01-23 10:36:35 
jj1 = 955, max_th = 1.721305e+00, time=2025-01-23 10:37:52 
jj1 = 1000, max_th = 1.397174e+00, time=2025-01-23 10:40:09 
jj1 = 877, max_th = 1.723211e+00, time=2025-01-23 10:40:20 
jj1 = 971, max_th = 1.406687e+00, time=2025-01-23 10:40:39 
jj1 = 917, max_th = 1.704035e+00, time=2025-01-23 10:42:21 
jj1 = 978, max_th = 2.212788e+00, time=2025-01-23 10:43:33 
jj1 = 986, max_th = 1.965877e+00, time=2025-01-23 10:44:28 
jj1 = 970, max_th = 2.614600e+00, time=2025-01-23 10:45:07 
jj1 = 954, max_th = 1.708769e+00, time=2025-01-23 10:45:54 
jj1 = 964, max_th = 1.983818e+00, time=2025-01-23 10:46:22 
jj1 = 999, max_th = 1.709779e+00, time=2025-01-23 10:48:11 
jj1 = 993, max_th = 2.425702e+00, time=2025-01-23 10:49:24 
jj1 = 876, max_th = 2.223196e+00, time=2025-01-23 10:49:27 
jj1 = 998, max_th = 9.794431e-01, time=2025-01-23 10:50:15 
jj1 = 953, max_th = 2.622856e+00, time=2025-01-23 10:50:26 
jj1 = 977, max_th = 2.224050e+00, time=2025-01-23 10:52:42 
jj1 = 976, max_th = -6.205238e-02, time=2025-01-23 10:53:03 
jj1 = 985, max_th = 2.211738e+00, time=2025-01-23 10:53:14 
jj1 = 969, max_th = 2.218799e+00, time=2025-01-23 10:54:03 
jj1 = 952, max_th = 1.348891e+00, time=2025-01-23 10:54:29 
jj1 = 997, max_th = 1.398516e+00, time=2025-01-23 10:54:41 
jj1 = 968, max_th = 9.934404e-01, time=2025-01-23 10:55:59 
jj1 = 963, max_th = 1.972177e+00, time=2025-01-23 10:56:20 
jj1 = 875, max_th = 1.990641e+00, time=2025-01-23 10:58:39 
jj1 = 992, max_th = 1.976202e+00, time=2025-01-23 10:59:13 
jj1 = 975, max_th = 2.214191e+00, time=2025-01-23 11:01:40 
jj1 = 984, max_th = 1.994011e+00, time=2025-01-23 11:02:03 
jj1 = 962, max_th = 2.444097e+00, time=2025-01-23 11:02:20 
jj1 = 996, max_th = 1.717145e+00, time=2025-01-23 11:02:49 
jj1 = 967, max_th = 1.988952e+00, time=2025-01-23 11:05:12 
jj1 = 983, max_th = 2.605729e+00, time=2025-01-23 11:06:14 
jj1 = 961, max_th = 1.411739e+00, time=2025-01-23 11:07:33 
jj1 = 874, max_th = 1.991718e+00, time=2025-01-23 11:07:43 
jj1 = 991, max_th = 2.187046e+00, time=2025-01-23 11:08:01 
jj1 = 995, max_th = 1.713252e+00, time=2025-01-23 11:10:52 
jj1 = 974, max_th = 1.964480e+00, time=2025-01-23 11:10:59 
jj1 = 966, max_th = 1.699571e+00, time=2025-01-23 11:11:12 
jj1 = 982, max_th = 1.708975e+00, time=2025-01-23 11:13:55 
jj1 = 994, max_th = 2.635800e+00, time=2025-01-23 11:14:47 
jj1 = 951, max_th = 1.706129e+00, time=2025-01-23 11:15:01 
jj1 = 960, max_th = 1.962533e+00, time=2025-01-23 11:16:30 
jj1 = 990, max_th = 1.980196e+00, time=2025-01-23 11:17:17 
jj1 = 973, max_th = 1.973397e+00, time=2025-01-23 11:19:53 
jj1 = 981, max_th = 1.714370e+00, time=2025-01-23 11:21:09 
jj1 = 950, max_th = 1.711388e+00, time=2025-01-23 11:22:01 
jj1 = 959, max_th = 1.692057e+00, time=2025-01-23 11:23:03 
jj1 = 989, max_th = 1.982861e+00, time=2025-01-23 11:25:16 
jj1 = 980, max_th = 1.718529e+00, time=2025-01-23 11:27:50 
jj1 = 949, max_th = 1.976348e+00, time=2025-01-23 11:29:31 
jj1 = 988, max_th = 1.989022e+00, time=2025-01-23 11:31:58 
jj1 = 948, max_th = 1.714252e+00, time=2025-01-23 11:35:06 
jj1 = 987, max_th = 2.218149e+00, time=2025-01-23 11:37:59 
jj1 = 947, max_th = 1.715640e+00, time=2025-01-23 11:40:05 
jj1 = 946, max_th = 1.362364e+00, time=2025-01-23 11:42:20 
jj1 = 945, max_th = 1.715846e+00, time=2025-01-23 11:46:36 
