MATLAB is selecting SOFTWARE OPENGL rendering.

                            < M A T L A B (R) >
                  Copyright 1984-2021 The MathWorks, Inc.
                  R2021b (9.11.0.1769968) 64-bit (glnxa64)
                             September 17, 2021

 
To get started, type doc.
For product information, visit www.mathworks.com.
 
>> >> >> >> >> >> >> >> >> >> >> >> >> >> >> >> >> >> >> >> >> >> >> >> >> >> Starting parallel pool (parpool) using the 'local' profile ...
[Warning: A task was unexpectedly found in state: Unavailable.] 
[> In parallel.cluster.Local/deriveJobStateFromTasks (line 29)
In parallel.cluster/Local/getJobState (line 174)
In parallel.cluster/CJSCluster/hGetJobState (line 375)
In parallel.internal.cluster/CJSJobMixin/hGetStateEnum (line 175)
In parallel/Job/get.StateEnum (line 247)
In parallel/Job/get.State (line 239)
In parallel.internal.customattr.CustomGetSet>iVectorisedGetHelper (line 128)
In parallel.internal.customattr.CustomGetSet>@(a,b,c)iVectorisedGetHelper(obj,a,b,c) (line 102)
In parallel.internal.customattr/CustomGetSet/doVectorisedGet (line 103)
In parallel.internal.customattr/CustomGetSet/hVectorisedGet (line 76)
In parallel.internal.customattr.GetSetImpl>iAccessProperties (line 322)
In parallel.internal.customattr.GetSetImpl>iGetAllPropertiesVec (line 264)
In parallel.internal.customattr/GetSetImpl/getImpl (line 133)
In parallel.internal.customattr.CustomGetSet>iHetFunGetFunction (line 154)
In parallel.internal.customattr.CustomGetSet>@(o)iHetFunGetFunction(o,props) (line 139)
In parallel.internal.cluster.hetfun (line 46)
In parallel.internal.customattr.CustomGetSet>iHetFunGetProperty (line 139)
In parallel.internal.customattr/CustomGetSet/get (line 38)
In parallel.internal.pool/AbstractInteractiveClient/pRemoveOldJobs (line 211)
In parallel.internal.pool/AbstractInteractiveClient/start (line 103)
In parallel.internal.pool.AbstractClusterPool>iStartClient (line 831)
In parallel.internal.pool/AbstractClusterPool/hBuildPool (line 585)
In parallel.internal.pool.doParpool (line 22)
In parpool (line 123)
In parallel.internal.parpool.getOrCreateCurrentPool (line 17)
In parallel.internal.pool/PoolArrayManager/getOrAutoCreateWithCleanup (line 44)
In pctTryCreatePoolIfNecessary (line 28)
In parallel_function (line 423)] 
Connected to the parallel pool (number of workers: 12).
jj1 = 5, max_th = 3.397278e+00, time=2025-04-15 09:54:23 
jj1 = 20, max_th = 3.197114e+00, time=2025-04-15 09:54:59 
jj1 = 40, max_th = 9.343912e-01, time=2025-04-15 09:59:04 
jj1 = 60, max_th = 2.736974e+00, time=2025-04-15 10:00:32 
jj1 = 10, max_th = 1.343799e+00, time=2025-04-15 10:04:40 
jj1 = 45, max_th = 2.601558e+00, time=2025-04-15 10:05:18 
jj1 = 55, max_th = 2.498955e+00, time=2025-04-15 10:06:12 
jj1 = 50, max_th = 2.523387e+00, time=2025-04-15 10:06:39 
jj1 = 4, max_th = 1.434760e+00, time=2025-04-15 10:08:56 
jj1 = 25, max_th = 2.424772e+00, time=2025-04-15 10:11:04 
jj1 = 39, max_th = 2.536281e+00, time=2025-04-15 10:12:25 
jj1 = 38, max_th = -4.268717e-01, time=2025-04-15 10:12:31 
jj1 = 30, max_th = 1.791655e+00, time=2025-04-15 10:14:23 
jj1 = 35, max_th = 2.168857e+00, time=2025-04-15 10:16:37 
jj1 = 9, max_th = 1.600170e+00, time=2025-04-15 10:16:59 
jj1 = 19, max_th = 2.040172e+00, time=2025-04-15 10:17:52 
jj1 = 18, max_th = -2.625609e-01, time=2025-04-15 10:18:23 
jj1 = 49, max_th = 2.606278e+00, time=2025-04-15 10:18:51 
jj1 = 15, max_th = 1.926363e+00, time=2025-04-15 10:19:58 
jj1 = 59, max_th = 2.217341e+00, time=2025-04-15 10:22:30 
jj1 = 3, max_th = 2.508653e+00, time=2025-04-15 10:23:06 
jj1 = 37, max_th = 1.401265e+00, time=2025-04-15 10:23:12 
jj1 = 44, max_th = 2.613116e+00, time=2025-04-15 10:24:08 
jj1 = 24, max_th = 2.569791e+00, time=2025-04-15 10:24:30 
jj1 = 54, max_th = 2.411032e+00, time=2025-04-15 10:24:36 
jj1 = 23, max_th = -4.395004e-01, time=2025-04-15 10:24:42 
jj1 = 48, max_th = 1.398038e+00, time=2025-04-15 10:29:14 
jj1 = 29, max_th = 2.151048e+00, time=2025-04-15 10:32:21 
jj1 = 8, max_th = 2.165864e+00, time=2025-04-15 10:33:04 
jj1 = 7, max_th = 2.897132e+00, time=2025-04-15 10:36:30 
jj1 = 34, max_th = 1.740406e+00, time=2025-04-15 10:36:58 
jj1 = 17, max_th = 1.842795e+00, time=2025-04-15 10:37:50 
jj1 = 14, max_th = 2.307428e+00, time=2025-04-15 10:38:49 
jj1 = 2, max_th = 1.741778e+00, time=2025-04-15 10:42:53 
jj1 = 36, max_th = 1.882333e+00, time=2025-04-15 10:43:22 
jj1 = 6, max_th = 1.331380e+00, time=2025-04-15 10:43:30 
jj1 = 43, max_th = 2.053269e+00, time=2025-04-15 10:44:44 
jj1 = 22, max_th = 1.792337e+00, time=2025-04-15 10:46:19 
jj1 = 47, max_th = 2.473656e+00, time=2025-04-15 10:46:53 
jj1 = 21, max_th = 1.131994e+00, time=2025-04-15 10:48:16 
jj1 = 13, max_th = 1.400301e+00, time=2025-04-15 10:49:30 
jj1 = 372, max_th = 2.814277e+00, time=2025-04-15 10:49:56 
jj1 = 53, max_th = 2.129328e+00, time=2025-04-15 10:51:20 
jj1 = 52, max_th = 2.986687e+00, time=2025-04-15 10:54:30 
jj1 = 28, max_th = 2.137128e+00, time=2025-04-15 10:54:47 
jj1 = 138, max_th = 1.397114e+00, time=2025-04-15 10:55:18 
jj1 = 33, max_th = 2.147707e+00, time=2025-04-15 10:56:09 
jj1 = 58, max_th = 1.586329e+00, time=2025-04-15 10:58:27 
jj1 = 16, max_th = 1.945044e+00, time=2025-04-15 11:00:08 
jj1 = 12, max_th = 2.445820e+00, time=2025-04-15 11:00:33 
jj1 = 1, max_th = 2.371941e+00, time=2025-04-15 11:01:10 
jj1 = 42, max_th = 1.655174e+00, time=2025-04-15 11:04:18 
jj1 = 137, max_th = 1.215913e+00, time=2025-04-15 11:04:42 
jj1 = 57, max_th = 2.645226e+00, time=2025-04-15 11:06:09 
jj1 = 32, max_th = 1.345651e+00, time=2025-04-15 11:08:19 
jj1 = 46, max_th = 2.161578e+00, time=2025-04-15 11:09:57 
jj1 = 255, max_th = 1.869157e+00, time=2025-04-15 11:11:44 
jj1 = 371, max_th = 2.028325e+00, time=2025-04-15 11:13:48 
jj1 = 11, max_th = 2.464413e+00, time=2025-04-15 11:15:44 
jj1 = 27, max_th = 1.829416e+00, time=2025-04-15 11:17:36 
jj1 = 99, max_th = 1.514588e+00, time=2025-04-15 11:17:46 
jj1 = 51, max_th = 2.056058e+00, time=2025-04-15 11:18:23 
jj1 = 41, max_th = 1.391525e+00, time=2025-04-15 11:18:36 
jj1 = 216, max_th = 2.285599e+00, time=2025-04-15 11:19:27 
jj1 = 56, max_th = 1.902282e+00, time=2025-04-15 11:20:19 
jj1 = 136, max_th = 1.609335e+00, time=2025-04-15 11:22:21 
jj1 = 254, max_th = 1.365639e+00, time=2025-04-15 11:24:44 
jj1 = 489, max_th = 2.662894e+00, time=2025-04-15 11:27:24 
jj1 = 31, max_th = 1.846205e+00, time=2025-04-15 11:28:38 
jj1 = 26, max_th = 2.628320e+00, time=2025-04-15 11:28:40 
jj1 = 450, max_th = 1.682927e+00, time=2025-04-15 11:29:15 
jj1 = 449, max_th = 3.525614e+00, time=2025-04-15 11:29:25 
jj1 = 135, max_th = 2.552820e+00, time=2025-04-15 11:33:23 
jj1 = 370, max_th = 1.802992e+00, time=2025-04-15 11:33:34 
jj1 = 294, max_th = 2.826227e+00, time=2025-04-15 11:34:04 
jj1 = 98, max_th = 2.323573e+00, time=2025-04-15 11:38:45 
jj1 = 253, max_th = 2.436315e+00, time=2025-04-15 11:41:31 
jj1 = 528, max_th = 2.051739e+00, time=2025-04-15 11:41:46 
jj1 = 411, max_th = 1.683074e+00, time=2025-04-15 11:43:27 
jj1 = 215, max_th = 1.883152e+00, time=2025-04-15 11:44:32 
jj1 = 488, max_th = 2.311060e+00, time=2025-04-15 11:49:57 
jj1 = 333, max_th = 2.414698e+00, time=2025-04-15 11:51:07 
jj1 = 448, max_th = 1.591622e+00, time=2025-04-15 11:55:52 
jj1 = 252, max_th = 1.141998e+00, time=2025-04-15 11:57:17 
jj1 = 293, max_th = 1.884942e+00, time=2025-04-15 11:57:17 
jj1 = 177, max_th = 2.072567e+00, time=2025-04-15 11:59:58 
jj1 = 410, max_th = 1.216062e+00, time=2025-04-15 12:07:41 
jj1 = 97, max_th = 2.478845e+00, time=2025-04-15 12:07:54 
jj1 = 369, max_th = 2.291478e+00, time=2025-04-15 12:11:59 
jj1 = 134, max_th = 2.211636e+00, time=2025-04-15 12:13:43 
jj1 = 292, max_th = 1.297507e+00, time=2025-04-15 12:21:15 
jj1 = 332, max_th = 2.167174e+00, time=2025-04-15 12:34:53 
jj1 = 487, max_th = 1.904599e+00, time=2025-04-15 12:35:45 
jj1 = 214, max_th = 1.924421e+00, time=2025-04-15 12:38:52 
jj1 = 527, max_th = 2.123811e+00, time=2025-04-15 12:41:46 
jj1 = 176, max_th = 2.230501e+00, time=2025-04-15 12:49:33 
jj1 = 251, max_th = 1.892304e+00, time=2025-04-15 12:51:23 
jj1 = 96, max_th = 2.161956e+00, time=2025-04-15 12:56:25 
jj1 = 447, max_th = 2.027289e+00, time=2025-04-15 12:56:45 
jj1 = 409, max_th = 2.160975e+00, time=2025-04-15 12:58:27 
jj1 = 213, max_th = 1.324681e+00, time=2025-04-15 13:06:23 
jj1 = 95, max_th = 9.338100e-01, time=2025-04-15 13:07:49 
jj1 = 331, max_th = 2.462787e+00, time=2025-04-15 13:08:26 
jj1 = 291, max_th = 2.277358e+00, time=2025-04-15 13:10:04 
jj1 = 133, max_th = 2.116849e+00, time=2025-04-15 13:15:16 
jj1 = 212, max_th = 8.408218e-01, time=2025-04-15 13:16:57 
jj1 = 368, max_th = 2.086476e+00, time=2025-04-15 13:19:13 
jj1 = 175, max_th = 2.475611e+00, time=2025-04-15 13:22:55 
jj1 = 486, max_th = 2.135737e+00, time=2025-04-15 13:25:27 
jj1 = 526, max_th = 2.060004e+00, time=2025-04-15 13:28:11 
jj1 = 250, max_th = 1.633599e+00, time=2025-04-15 13:28:50 
jj1 = 367, max_th = 1.142432e+00, time=2025-04-15 13:31:35 
jj1 = 446, max_th = 1.659786e+00, time=2025-04-15 13:35:26 
jj1 = 174, max_th = 1.077366e+00, time=2025-04-15 13:36:24 
jj1 = 211, max_th = 2.596921e+00, time=2025-04-15 13:38:27 
jj1 = 173, max_th = 6.914143e-01, time=2025-04-15 13:41:59 
jj1 = 94, max_th = 1.612468e+00, time=2025-04-15 13:47:47 
jj1 = 408, max_th = 1.727176e+00, time=2025-04-15 13:49:10 
jj1 = 132, max_th = 2.345902e+00, time=2025-04-15 13:50:46 
jj1 = 330, max_th = 1.621575e+00, time=2025-04-15 13:50:53 
jj1 = 407, max_th = -3.383115e-02, time=2025-04-15 13:57:12 
jj1 = 131, max_th = 3.036475e+00, time=2025-04-15 13:57:25 
jj1 = 290, max_th = 2.038976e+00, time=2025-04-15 13:57:52 
jj1 = 445, max_th = 1.999171e+00, time=2025-04-15 13:58:16 
jj1 = 525, max_th = 1.608780e+00, time=2025-04-15 14:05:26 
jj1 = 249, max_th = 2.288266e+00, time=2025-04-15 14:07:59 
jj1 = 366, max_th = 2.002664e+00, time=2025-04-15 14:17:30 
jj1 = 406, max_th = 1.247162e+00, time=2025-04-15 14:17:37 
jj1 = 485, max_th = 2.015488e+00, time=2025-04-15 14:19:16 
jj1 = 172, max_th = 2.102798e+00, time=2025-04-15 14:26:01 
jj1 = 210, max_th = 2.014673e+00, time=2025-04-15 14:29:24 
jj1 = 93, max_th = 2.140643e+00, time=2025-04-15 14:32:23 
jj1 = 248, max_th = 1.446658e+00, time=2025-04-15 14:32:46 
jj1 = 329, max_th = 1.977227e+00, time=2025-04-15 14:37:05 
jj1 = 289, max_th = 1.734375e+00, time=2025-04-15 14:38:18 
jj1 = 484, max_th = 2.675232e+00, time=2025-04-15 14:38:24 
jj1 = 524, max_th = 2.303085e+00, time=2025-04-15 14:39:07 
jj1 = 130, max_th = 2.039806e+00, time=2025-04-15 14:40:35 
jj1 = 247, max_th = 1.089539e+00, time=2025-04-15 14:40:53 
jj1 = 444, max_th = 1.934146e+00, time=2025-04-15 14:42:17 
jj1 = 365, max_th = 2.391180e+00, time=2025-04-15 14:44:01 
jj1 = 443, max_th = 9.160172e-01, time=2025-04-15 14:46:43 
jj1 = 171, max_th = 1.553063e+00, time=2025-04-15 14:47:38 
jj1 = 405, max_th = 2.235220e+00, time=2025-04-15 14:48:15 
jj1 = 209, max_th = 1.898158e+00, time=2025-04-15 14:55:10 
jj1 = 364, max_th = 1.353665e+00, time=2025-04-15 14:57:24 
jj1 = 170, max_th = 2.677427e+00, time=2025-04-15 14:59:32 
jj1 = 92, max_th = 1.981798e+00, time=2025-04-15 14:59:37 
jj1 = 483, max_th = 1.657923e+00, time=2025-04-15 15:01:35 
jj1 = 288, max_th = 1.898219e+00, time=2025-04-15 15:05:28 
jj1 = 328, max_th = 2.120207e+00, time=2025-04-15 15:05:44 
jj1 = 91, max_th = 1.095246e+00, time=2025-04-15 15:07:00 
jj1 = 327, max_th = 3.047205e+00, time=2025-04-15 15:07:51 
jj1 = 208, max_th = 2.639227e+00, time=2025-04-15 15:07:55 
jj1 = 404, max_th = 2.232419e+00, time=2025-04-15 15:08:27 
jj1 = 129, max_th = 2.066220e+00, time=2025-04-15 15:09:34 
jj1 = 246, max_th = 1.916562e+00, time=2025-04-15 15:10:32 
jj1 = 442, max_th = 2.105528e+00, time=2025-04-15 15:13:39 
jj1 = 482, max_th = 1.334171e+00, time=2025-04-15 15:16:23 
jj1 = 363, max_th = 1.539464e+00, time=2025-04-15 15:17:38 
jj1 = 523, max_th = 1.978489e+00, time=2025-04-15 15:27:06 
jj1 = 169, max_th = 2.028157e+00, time=2025-04-15 15:29:14 
jj1 = 245, max_th = 1.509647e+00, time=2025-04-15 15:29:21 
jj1 = 287, max_th = 1.625293e+00, time=2025-04-15 15:30:27 
jj1 = 362, max_th = 2.617156e+00, time=2025-04-15 15:31:04 
jj1 = 286, max_th = 7.336136e-01, time=2025-04-15 15:32:46 
jj1 = 128, max_th = 2.355740e+00, time=2025-04-15 15:33:05 
jj1 = 403, max_th = 2.103964e+00, time=2025-04-15 15:34:48 
jj1 = 90, max_th = 2.131122e+00, time=2025-04-15 15:35:19 
jj1 = 207, max_th = 2.065922e+00, time=2025-04-15 15:35:24 
jj1 = 326, max_th = 2.079666e+00, time=2025-04-15 15:37:41 
jj1 = 441, max_th = 2.068789e+00, time=2025-04-15 15:40:35 
jj1 = 127, max_th = 2.607211e+00, time=2025-04-15 15:45:22 
jj1 = 481, max_th = 2.127843e+00, time=2025-04-15 15:48:35 
jj1 = 325, max_th = 2.769930e+00, time=2025-04-15 15:48:58 
jj1 = 244, max_th = 2.352386e+00, time=2025-04-15 15:49:29 
jj1 = 168, max_th = 1.653642e+00, time=2025-04-15 15:51:46 
jj1 = 402, max_th = 1.524623e+00, time=2025-04-15 15:54:52 
jj1 = 126, max_th = 1.241165e+00, time=2025-04-15 15:55:29 
jj1 = 89, max_th = 2.195785e+00, time=2025-04-15 15:59:20 
jj1 = 522, max_th = 2.188177e+00, time=2025-04-15 15:59:32 
jj1 = 206, max_th = 2.381021e+00, time=2025-04-15 16:02:04 
jj1 = 480, max_th = 1.529271e+00, time=2025-04-15 16:02:31 
jj1 = 243, max_th = 2.694581e+00, time=2025-04-15 16:03:05 
jj1 = 285, max_th = 1.861048e+00, time=2025-04-15 16:04:23 
jj1 = 361, max_th = 2.096540e+00, time=2025-04-15 16:05:58 
jj1 = 440, max_th = 2.320896e+00, time=2025-04-15 16:08:39 
jj1 = 284, max_th = 9.559182e-01, time=2025-04-15 16:09:36 
jj1 = 88, max_th = 2.693041e+00, time=2025-04-15 16:13:57 
jj1 = 521, max_th = 1.477180e+00, time=2025-04-15 16:14:58 
jj1 = 324, max_th = 2.187839e+00, time=2025-04-15 16:15:31 
jj1 = 167, max_th = 1.974167e+00, time=2025-04-15 16:16:29 
jj1 = 283, max_th = 2.766943e+00, time=2025-04-15 16:18:38 
jj1 = 125, max_th = 2.213044e+00, time=2025-04-15 16:20:44 
jj1 = 479, max_th = 2.046243e+00, time=2025-04-15 16:25:06 
jj1 = 124, max_th = 3.016971e+00, time=2025-04-15 16:26:43 
jj1 = 87, max_th = 2.595940e+00, time=2025-04-15 16:27:03 
jj1 = 439, max_th = 1.439991e+00, time=2025-04-15 16:28:19 
jj1 = 205, max_th = 2.130791e+00, time=2025-04-15 16:31:07 
jj1 = 401, max_th = 2.233185e+00, time=2025-04-15 16:33:24 
jj1 = 86, max_th = 2.840971e+00, time=2025-04-15 16:33:43 
jj1 = 360, max_th = 2.115197e+00, time=2025-04-15 16:35:31 
jj1 = 400, max_th = 3.058956e+00, time=2025-04-15 16:35:33 
jj1 = 166, max_th = 1.696515e+00, time=2025-04-15 16:37:55 
jj1 = 242, max_th = 1.974407e+00, time=2025-04-15 16:42:08 
jj1 = 282, max_th = 1.390321e+00, time=2025-04-15 16:42:27 
jj1 = 123, max_th = 2.511064e+00, time=2025-04-15 16:44:35 
jj1 = 323, max_th = 2.072996e+00, time=2025-04-15 16:46:14 
jj1 = 165, max_th = 2.711606e+00, time=2025-04-15 16:48:00 
jj1 = 204, max_th = 2.681343e+00, time=2025-04-15 16:48:09 
jj1 = 399, max_th = 2.668966e+00, time=2025-04-15 16:48:36 
jj1 = 520, max_th = 2.123096e+00, time=2025-04-15 16:48:39 
jj1 = 478, max_th = 2.002056e+00, time=2025-04-15 16:57:25 
jj1 = 203, max_th = 1.446033e+00, time=2025-04-15 17:02:23 
jj1 = 241, max_th = 1.503378e+00, time=2025-04-15 17:03:21 
jj1 = 438, max_th = 2.046269e+00, time=2025-04-15 17:03:37 
jj1 = 359, max_th = 1.686661e+00, time=2025-04-15 17:06:29 
jj1 = 85, max_th = 2.147121e+00, time=2025-04-15 17:07:14 
jj1 = 322, max_th = 2.193901e+00, time=2025-04-15 17:10:29 
jj1 = 519, max_th = 2.299157e+00, time=2025-04-15 17:11:46 
jj1 = 122, max_th = 2.275742e+00, time=2025-04-15 17:15:03 
jj1 = 121, max_th = -2.015248e-01, time=2025-04-15 17:15:42 
jj1 = 398, max_th = 1.685089e+00, time=2025-04-15 17:16:27 
jj1 = 518, max_th = 2.954682e+00, time=2025-04-15 17:16:40 
jj1 = 281, max_th = 2.127303e+00, time=2025-04-15 17:16:52 
jj1 = 164, max_th = 1.938573e+00, time=2025-04-15 17:24:02 
jj1 = 321, max_th = 2.204316e+00, time=2025-04-15 17:28:51 
jj1 = 84, max_th = 1.426564e+00, time=2025-04-15 17:28:58 
jj1 = 477, max_th = 2.210541e+00, time=2025-04-15 17:29:22 
jj1 = 202, max_th = 1.882366e+00, time=2025-04-15 17:31:57 
jj1 = 240, max_th = 1.781150e+00, time=2025-04-15 17:32:25 
jj1 = 437, max_th = 2.012597e+00, time=2025-04-15 17:33:24 
jj1 = 358, max_th = 1.843326e+00, time=2025-04-15 17:33:59 
jj1 = 163, max_th = 2.648649e+00, time=2025-04-15 17:35:43 
jj1 = 201, max_th = 5.416521e-01, time=2025-04-15 17:39:25 
jj1 = 517, max_th = 2.153490e+00, time=2025-04-15 17:40:31 
jj1 = 397, max_th = 2.148175e+00, time=2025-04-15 17:40:46 
jj1 = 83, max_th = 2.655829e+00, time=2025-04-15 17:42:01 
jj1 = 280, max_th = 1.838766e+00, time=2025-04-15 17:43:03 
jj1 = 357, max_th = 2.694665e+00, time=2025-04-15 17:43:48 
jj1 = 120, max_th = 2.068212e+00, time=2025-04-15 17:43:54 
jj1 = 320, max_th = 1.566243e+00, time=2025-04-15 17:48:12 
jj1 = 436, max_th = 1.334944e+00, time=2025-04-15 17:48:36 
jj1 = 396, max_th = 2.638168e+00, time=2025-04-15 17:51:50 
jj1 = 200, max_th = 1.341262e+00, time=2025-04-15 17:52:09 
jj1 = 162, max_th = 2.530447e+00, time=2025-04-15 17:53:02 
jj1 = 199, max_th = 8.413920e-01, time=2025-04-15 17:54:20 
jj1 = 476, max_th = 1.728057e+00, time=2025-04-15 17:54:42 
jj1 = 279, max_th = 2.450700e+00, time=2025-04-15 17:55:33 
jj1 = 82, max_th = 1.396395e+00, time=2025-04-15 17:56:11 
jj1 = 239, max_th = 1.875952e+00, time=2025-04-15 17:58:08 
jj1 = 278, max_th = 8.893351e-01, time=2025-04-15 17:59:19 
jj1 = 198, max_th = 1.141247e+00, time=2025-04-15 18:01:22 
jj1 = 516, max_th = 2.142825e+00, time=2025-04-15 18:02:17 
jj1 = 277, max_th = 2.923512e+00, time=2025-04-15 18:03:19 
jj1 = 276, max_th = 7.983142e-01, time=2025-04-15 18:06:18 
jj1 = 356, max_th = 2.176811e+00, time=2025-04-15 18:06:43 
jj1 = 119, max_th = 1.780536e+00, time=2025-04-15 18:06:55 
jj1 = 395, max_th = 2.202991e+00, time=2025-04-15 18:10:08 
jj1 = 394, max_th = 6.812013e-01, time=2025-04-15 18:12:58 
jj1 = 275, max_th = 1.139705e+00, time=2025-04-15 18:13:56 
jj1 = 319, max_th = 2.180266e+00, time=2025-04-15 18:15:00 
jj1 = 161, max_th = 1.669569e+00, time=2025-04-15 18:19:21 
jj1 = 238, max_th = 2.147101e+00, time=2025-04-15 18:20:52 
jj1 = 475, max_th = 2.319801e+00, time=2025-04-15 18:21:01 
jj1 = 274, max_th = 1.190729e+00, time=2025-04-15 18:21:59 
jj1 = 355, max_th = 2.427559e+00, time=2025-04-15 18:23:03 
jj1 = 474, max_th = 9.214125e-01, time=2025-04-15 18:27:11 
jj1 = 393, max_th = 2.399567e+00, time=2025-04-15 18:27:18 
jj1 = 197, max_th = 1.907657e+00, time=2025-04-15 18:28:11 
jj1 = 81, max_th = 1.923839e+00, time=2025-04-15 18:30:13 
jj1 = 515, max_th = 2.187551e+00, time=2025-04-15 18:32:38 
jj1 = 318, max_th = 1.492391e+00, time=2025-04-15 18:32:50 
jj1 = 118, max_th = 1.886892e+00, time=2025-04-15 18:33:30 
jj1 = 473, max_th = 2.761417e+00, time=2025-04-15 18:35:34 
jj1 = 160, max_th = 2.392167e+00, time=2025-04-15 18:37:52 
jj1 = 435, max_th = 1.471485e+00, time=2025-04-15 18:40:25 
jj1 = 392, max_th = 1.487321e+00, time=2025-04-15 18:43:20 
jj1 = 273, max_th = 2.209726e+00, time=2025-04-15 18:44:01 
jj1 = 237, max_th = 2.061422e+00, time=2025-04-15 18:45:58 
jj1 = 434, max_th = 2.840794e+00, time=2025-04-15 18:46:04 
jj1 = 354, max_th = 1.955281e+00, time=2025-04-15 18:49:04 
jj1 = 196, max_th = 2.239625e+00, time=2025-04-15 18:53:44 
jj1 = 117, max_th = 1.789976e+00, time=2025-04-15 18:58:43 
jj1 = 433, max_th = 2.452813e+00, time=2025-04-15 18:58:43 
jj1 = 472, max_th = 1.632638e+00, time=2025-04-15 19:00:17 
jj1 = 514, max_th = 2.081601e+00, time=2025-04-15 19:00:51 
jj1 = 80, max_th = 2.076995e+00, time=2025-04-15 19:02:15 
jj1 = 159, max_th = 2.229275e+00, time=2025-04-15 19:03:45 
jj1 = 317, max_th = 1.967604e+00, time=2025-04-15 19:04:43 
jj1 = 272, max_th = 2.288117e+00, time=2025-04-15 19:05:18 
jj1 = 391, max_th = 2.335546e+00, time=2025-04-15 19:06:44 
jj1 = 236, max_th = 1.757510e+00, time=2025-04-15 19:08:01 
jj1 = 195, max_th = 1.473019e+00, time=2025-04-15 19:12:13 
jj1 = 353, max_th = 2.085016e+00, time=2025-04-15 19:15:24 
jj1 = 432, max_th = 1.537072e+00, time=2025-04-15 19:15:34 
jj1 = 235, max_th = 2.826967e+00, time=2025-04-15 19:16:08 
jj1 = 513, max_th = 1.524219e+00, time=2025-04-15 19:17:50 
jj1 = 471, max_th = 1.622475e+00, time=2025-04-15 19:17:58 
jj1 = 271, max_th = 2.581576e+00, time=2025-04-15 19:20:01 
jj1 = 79, max_th = 1.469367e+00, time=2025-04-15 19:20:41 
jj1 = 512, max_th = 2.944381e+00, time=2025-04-15 19:21:45 
jj1 = 116, max_th = 1.632654e+00, time=2025-04-15 19:27:26 
jj1 = 316, max_th = 1.806113e+00, time=2025-04-15 19:28:47 
jj1 = 194, max_th = 1.545972e+00, time=2025-04-15 19:29:24 
jj1 = 390, max_th = 1.731715e+00, time=2025-04-15 19:30:41 
jj1 = 352, max_th = 1.558397e+00, time=2025-04-15 19:31:20 
jj1 = 270, max_th = 1.361255e+00, time=2025-04-15 19:32:02 
jj1 = 234, max_th = 2.457321e+00, time=2025-04-15 19:32:43 
jj1 = 158, max_th = 1.768329e+00, time=2025-04-15 19:33:05 
jj1 = 431, max_th = 1.710773e+00, time=2025-04-15 19:38:56 
jj1 = 470, max_th = 2.235249e+00, time=2025-04-15 19:39:33 
jj1 = 115, max_th = 1.435775e+00, time=2025-04-15 19:42:04 
jj1 = 78, max_th = 2.237190e+00, time=2025-04-15 19:46:01 
jj1 = 469, max_th = 2.569875e+00, time=2025-04-15 19:52:12 
jj1 = 315, max_th = 2.157549e+00, time=2025-04-15 19:52:14 
jj1 = 468, max_th = 3.220554e+00, time=2025-04-15 19:53:35 
jj1 = 157, max_th = 2.353845e+00, time=2025-04-15 19:54:16 
jj1 = 389, max_th = 2.005738e+00, time=2025-04-15 19:54:31 
jj1 = 233, max_th = 1.807955e+00, time=2025-04-15 19:55:57 
jj1 = 114, max_th = 2.621391e+00, time=2025-04-15 19:56:04 
jj1 = 269, max_th = 2.302421e+00, time=2025-04-15 19:56:15 
jj1 = 511, max_th = 2.053058e+00, time=2025-04-15 19:57:01 
jj1 = 351, max_th = 1.886751e+00, time=2025-04-15 19:57:05 
jj1 = 193, max_th = 2.067352e+00, time=2025-04-15 19:58:03 
jj1 = 430, max_th = 1.621221e+00, time=2025-04-15 20:00:11 
jj1 = 268, max_th = 9.647707e-01, time=2025-04-15 20:00:15 
jj1 = 156, max_th = 1.041502e+00, time=2025-04-15 20:02:28 
jj1 = 429, max_th = 7.861433e-01, time=2025-04-15 20:04:27 
jj1 = 350, max_th = 1.398559e+00, time=2025-04-15 20:09:01 
jj1 = 77, max_th = 2.229004e+00, time=2025-04-15 20:12:27 
jj1 = 467, max_th = 2.419252e+00, time=2025-04-15 20:12:42 
jj1 = 349, max_th = 2.843701e+00, time=2025-04-15 20:14:17 
jj1 = 314, max_th = 1.929082e+00, time=2025-04-15 20:19:26 
jj1 = 192, max_th = 2.209418e+00, time=2025-04-15 20:21:39 
jj1 = 267, max_th = 1.559786e+00, time=2025-04-15 20:21:41 
jj1 = 232, max_th = 1.889625e+00, time=2025-04-15 20:22:24 
jj1 = 510, max_th = 2.015906e+00, time=2025-04-15 20:23:23 
jj1 = 388, max_th = 2.105033e+00, time=2025-04-15 20:24:34 
jj1 = 155, max_th = 2.048275e+00, time=2025-04-15 20:24:52 
jj1 = 113, max_th = 1.924067e+00, time=2025-04-15 20:26:10 
jj1 = 76, max_th = 1.314106e+00, time=2025-04-15 20:27:23 
jj1 = 428, max_th = 1.912823e+00, time=2025-04-15 20:30:56 
jj1 = 348, max_th = 2.380872e+00, time=2025-04-15 20:34:00 
jj1 = 154, max_th = 2.611277e+00, time=2025-04-15 20:37:53 
jj1 = 266, max_th = 2.442429e+00, time=2025-04-15 20:39:53 
jj1 = 466, max_th = 1.868773e+00, time=2025-04-15 20:40:34 
jj1 = 313, max_th = 1.647203e+00, time=2025-04-15 20:40:46 
jj1 = 191, max_th = 2.316722e+00, time=2025-04-15 20:45:11 
jj1 = 231, max_th = 2.122414e+00, time=2025-04-15 20:46:02 
jj1 = 387, max_th = 1.670100e+00, time=2025-04-15 20:47:05 
jj1 = 75, max_th = 1.814331e+00, time=2025-04-15 20:48:24 
jj1 = 509, max_th = 2.223752e+00, time=2025-04-15 20:49:45 
jj1 = 153, max_th = 2.400066e+00, time=2025-04-15 20:52:26 
jj1 = 112, max_th = 1.936899e+00, time=2025-04-15 20:54:21 
jj1 = 427, max_th = 1.783910e+00, time=2025-04-15 20:55:01 
jj1 = 386, max_th = 1.156114e+00, time=2025-04-15 20:55:31 
jj1 = 190, max_th = 2.591105e+00, time=2025-04-15 20:57:58 
jj1 = 347, max_th = 1.769051e+00, time=2025-04-15 20:58:07 
jj1 = 312, max_th = 1.507414e+00, time=2025-04-15 20:59:40 
jj1 = 230, max_th = 2.898806e+00, time=2025-04-15 21:02:26 
jj1 = 265, max_th = 1.731138e+00, time=2025-04-15 21:04:19 
jj1 = 465, max_th = 1.852448e+00, time=2025-04-15 21:04:25 
jj1 = 346, max_th = 2.772749e+00, time=2025-04-15 21:07:17 
jj1 = 111, max_th = 1.484092e+00, time=2025-04-15 21:10:23 
jj1 = 508, max_th = 2.342235e+00, time=2025-04-15 21:12:20 
jj1 = 189, max_th = 2.532984e+00, time=2025-04-15 21:13:45 
jj1 = 426, max_th = 1.712597e+00, time=2025-04-15 21:14:26 
jj1 = 152, max_th = 2.234185e+00, time=2025-04-15 21:15:59 
jj1 = 385, max_th = 1.628064e+00, time=2025-04-15 21:17:04 
jj1 = 311, max_th = 1.521768e+00, time=2025-04-15 21:19:54 
jj1 = 507, max_th = 2.814964e+00, time=2025-04-15 21:20:17 
jj1 = 384, max_th = 2.748098e+00, time=2025-04-15 21:24:04 
jj1 = 229, max_th = 2.242638e+00, time=2025-04-15 21:24:11 
jj1 = 264, max_th = 2.164638e+00, time=2025-04-15 21:26:35 
jj1 = 74, max_th = 1.812210e+00, time=2025-04-15 21:26:50 
jj1 = 464, max_th = 2.195299e+00, time=2025-04-15 21:27:57 
jj1 = 345, max_th = 2.094493e+00, time=2025-04-15 21:30:13 
jj1 = 425, max_th = 2.442111e+00, time=2025-04-15 21:31:38 
jj1 = 463, max_th = 8.360835e-01, time=2025-04-15 21:32:05 
jj1 = 188, max_th = 1.646867e+00, time=2025-04-15 21:33:54 
jj1 = 110, max_th = 2.135655e+00, time=2025-04-15 21:38:16 
jj1 = 151, max_th = 2.146339e+00, time=2025-04-15 21:39:28 
jj1 = 383, max_th = 1.803222e+00, time=2025-04-15 21:41:45 
jj1 = 73, max_th = 2.532895e+00, time=2025-04-15 21:42:19 
jj1 = 228, max_th = 2.423313e+00, time=2025-04-15 21:44:47 
jj1 = 72, max_th = 2.873217e+00, time=2025-04-15 21:47:26 
jj1 = 310, max_th = 1.887025e+00, time=2025-04-15 21:47:55 
jj1 = 424, max_th = 1.382053e+00, time=2025-04-15 21:48:08 
jj1 = 109, max_th = 2.716222e+00, time=2025-04-15 21:48:14 
jj1 = 263, max_th = 1.842983e+00, time=2025-04-15 21:48:23 
jj1 = 506, max_th = 2.316866e+00, time=2025-04-15 21:49:18 
jj1 = 262, max_th = 2.799617e+00, time=2025-04-15 21:54:20 
jj1 = 344, max_th = 1.772729e+00, time=2025-04-15 21:54:38 
jj1 = 423, max_th = 1.073149e+00, time=2025-04-15 21:55:10 
jj1 = 187, max_th = 2.004412e+00, time=2025-04-15 21:58:33 
jj1 = 227, max_th = 1.382961e+00, time=2025-04-15 21:58:35 
jj1 = 382, max_th = 2.426155e+00, time=2025-04-15 21:59:03 
jj1 = 150, max_th = 1.584351e+00, time=2025-04-15 21:59:35 
jj1 = 309, max_th = 1.162310e+00, time=2025-04-15 22:00:15 
jj1 = 108, max_th = 1.276226e+00, time=2025-04-15 22:01:38 
jj1 = 462, max_th = 2.028400e+00, time=2025-04-15 22:02:27 
jj1 = 107, max_th = 9.802099e-01, time=2025-04-15 22:02:56 
jj1 = 71, max_th = 1.536651e+00, time=2025-04-15 22:07:27 
jj1 = 261, max_th = 2.217722e+00, time=2025-04-15 22:10:27 
jj1 = 422, max_th = 2.483204e+00, time=2025-04-15 22:11:39 
jj1 = 505, max_th = 1.856791e+00, time=2025-04-15 22:14:24 
jj1 = 343, max_th = 2.237109e+00, time=2025-04-15 22:17:58 
jj1 = 226, max_th = 2.385098e+00, time=2025-04-15 22:18:25 
jj1 = 260, max_th = 1.162321e+00, time=2025-04-15 22:20:19 
jj1 = 186, max_th = 1.687003e+00, time=2025-04-15 22:22:28 
jj1 = 149, max_th = 1.640217e+00, time=2025-04-15 22:24:07 
jj1 = 381, max_th = 2.058790e+00, time=2025-04-15 22:25:05 
jj1 = 308, max_th = 1.874117e+00, time=2025-04-15 22:26:35 
jj1 = 106, max_th = 1.818345e+00, time=2025-04-15 22:29:59 
jj1 = 461, max_th = 2.009954e+00, time=2025-04-15 22:32:40 
jj1 = 380, max_th = 1.130822e+00, time=2025-04-15 22:34:10 
jj1 = 421, max_th = 1.845363e+00, time=2025-04-15 22:34:21 
jj1 = 225, max_th = 2.506173e+00, time=2025-04-15 22:34:54 
jj1 = 70, max_th = 2.240236e+00, time=2025-04-15 22:35:00 
jj1 = 185, max_th = 2.534418e+00, time=2025-04-15 22:36:31 
jj1 = 504, max_th = 1.954080e+00, time=2025-04-15 22:38:59 
jj1 = 259, max_th = 2.100391e+00, time=2025-04-15 22:40:20 
jj1 = 342, max_th = 2.194102e+00, time=2025-04-15 22:41:08 
jj1 = 148, max_th = 2.406284e+00, time=2025-04-15 22:42:17 
jj1 = 69, max_th = 2.798963e+00, time=2025-04-15 22:42:31 
jj1 = 307, max_th = 2.514986e+00, time=2025-04-15 22:43:03 
jj1 = 460, max_th = 2.587192e+00, time=2025-04-15 22:46:35 
jj1 = 503, max_th = 1.251073e+00, time=2025-04-15 22:49:18 
jj1 = 105, max_th = 1.707150e+00, time=2025-04-15 22:50:00 
jj1 = 420, max_th = 2.000073e+00, time=2025-04-15 22:51:06 
jj1 = 341, max_th = 1.259259e+00, time=2025-04-15 22:51:37 
jj1 = 306, max_th = 2.250150e+00, time=2025-04-15 22:58:51 
jj1 = 379, max_th = 1.811017e+00, time=2025-04-15 22:59:02 
jj1 = 184, max_th = 2.044866e+00, time=2025-04-15 23:02:17 
jj1 = 68, max_th = 1.613562e+00, time=2025-04-15 23:04:49 
jj1 = 224, max_th = 2.078686e+00, time=2025-04-15 23:04:57 
jj1 = 459, max_th = 1.726213e+00, time=2025-04-15 23:09:35 
jj1 = 258, max_th = 1.973498e+00, time=2025-04-15 23:11:26 
jj1 = 67, max_th = 9.412827e-01, time=2025-04-15 23:11:35 
jj1 = 147, max_th = 2.675850e+00, time=2025-04-15 23:12:20 
jj1 = 340, max_th = 1.802296e+00, time=2025-04-15 23:13:18 
jj1 = 502, max_th = 1.812924e+00, time=2025-04-15 23:14:47 
jj1 = 104, max_th = 1.984376e+00, time=2025-04-15 23:17:15 
jj1 = 257, max_th = 2.903103e+00, time=2025-04-15 23:18:17 
jj1 = 419, max_th = 1.927767e+00, time=2025-04-15 23:20:46 
jj1 = 183, max_th = 2.468394e+00, time=2025-04-15 23:22:13 
jj1 = 458, max_th = 1.307310e+00, time=2025-04-15 23:22:30 
jj1 = 378, max_th = 2.098235e+00, time=2025-04-15 23:22:37 
jj1 = 305, max_th = 1.795450e+00, time=2025-04-15 23:23:19 
jj1 = 223, max_th = 2.079745e+00, time=2025-04-15 23:28:59 
jj1 = 222, max_th = 3.341088e+00, time=2025-04-15 23:29:36 
jj1 = 103, max_th = 1.668793e+00, time=2025-04-15 23:32:33 
jj1 = 339, max_th = 2.391913e+00, time=2025-04-15 23:33:01 
jj1 = 256, max_th = 2.503567e+00, time=2025-04-15 23:35:21 
jj1 = 146, max_th = 1.852425e+00, time=2025-04-15 23:36:04 
jj1 = 377, max_th = 1.751877e+00, time=2025-04-15 23:40:24 
jj1 = 501, max_th = 2.241086e+00, time=2025-04-15 23:40:35 
jj1 = 66, max_th = 2.123372e+00, time=2025-04-15 23:41:19 
jj1 = 182, max_th = 1.531279e+00, time=2025-04-15 23:42:40 
jj1 = 304, max_th = 2.346126e+00, time=2025-04-15 23:42:55 
jj1 = 65, max_th = 2.797138e+00, time=2025-04-15 23:48:41 
jj1 = 418, max_th = 2.119286e+00, time=2025-04-15 23:49:33 
jj1 = 145, max_th = 1.946081e+00, time=2025-04-15 23:49:38 
jj1 = 376, max_th = 2.576802e+00, time=2025-04-15 23:50:14 
jj1 = 457, max_th = 1.766082e+00, time=2025-04-15 23:50:32 
jj1 = 221, max_th = 2.003523e+00, time=2025-04-15 23:54:49 
jj1 = 338, max_th = 2.055913e+00, time=2025-04-15 23:56:23 
jj1 = 768, max_th = 2.120400e+00, time=2025-04-16 00:00:16 
jj1 = 181, max_th = 1.530876e+00, time=2025-04-16 00:03:04 
jj1 = 500, max_th = 2.288735e+00, time=2025-04-16 00:04:12 
jj1 = 375, max_th = 2.546343e+00, time=2025-04-16 00:04:26 
jj1 = 102, max_th = 1.918945e+00, time=2025-04-16 00:04:57 
jj1 = 337, max_th = 2.562893e+00, time=2025-04-16 00:08:45 
jj1 = 303, max_th = 1.860884e+00, time=2025-04-16 00:09:28 
jj1 = 417, max_th = 2.097118e+00, time=2025-04-16 00:13:46 
jj1 = 64, max_th = 2.004109e+00, time=2025-04-16 00:16:09 
jj1 = 101, max_th = 1.271280e+00, time=2025-04-16 00:16:50 
jj1 = 499, max_th = 2.551675e+00, time=2025-04-16 00:17:29 
jj1 = 767, max_th = 1.465477e+00, time=2025-04-16 00:17:41 
jj1 = 144, max_th = 2.023400e+00, time=2025-04-16 00:18:55 
jj1 = 220, max_th = 1.809203e+00, time=2025-04-16 00:19:07 
jj1 = 180, max_th = 2.299181e+00, time=2025-04-16 00:22:17 
jj1 = 374, max_th = 1.796647e+00, time=2025-04-16 00:23:16 
jj1 = 100, max_th = 9.906667e-01, time=2025-04-16 00:23:18 
jj1 = 143, max_th = 9.138764e-01, time=2025-04-16 00:23:40 
jj1 = 498, max_th = 2.696306e+00, time=2025-04-16 00:26:12 
jj1 = 373, max_th = 2.748954e+00, time=2025-04-16 00:29:50 
jj1 = 219, max_th = 1.221075e+00, time=2025-04-16 00:30:10 
jj1 = 63, max_th = 2.557917e+00, time=2025-04-16 00:32:10 
jj1 = 302, max_th = 2.142454e+00, time=2025-04-16 00:32:35 
jj1 = 336, max_th = 2.004618e+00, time=2025-04-16 00:34:10 
jj1 = 416, max_th = 1.847993e+00, time=2025-04-16 00:34:17 
jj1 = 708, max_th = 2.825626e+00, time=2025-04-16 00:37:07 
jj1 = 142, max_th = 2.655266e+00, time=2025-04-16 00:38:33 
jj1 = 766, max_th = 2.208836e+00, time=2025-04-16 00:39:55 
jj1 = 141, max_th = 2.713627e+00, time=2025-04-16 00:48:07 
jj1 = 218, max_th = 2.515172e+00, time=2025-04-16 00:48:21 
jj1 = 179, max_th = 2.113623e+00, time=2025-04-16 00:50:01 
jj1 = 568, max_th = 2.139103e+00, time=2025-04-16 00:51:14 
jj1 = 415, max_th = 2.381114e+00, time=2025-04-16 00:51:51 
jj1 = 497, max_th = 2.041667e+00, time=2025-04-16 00:52:58 
jj1 = 62, max_th = 1.533467e+00, time=2025-04-16 00:53:54 
jj1 = 301, max_th = 1.635594e+00, time=2025-04-16 00:59:16 
jj1 = 765, max_th = 1.527245e+00, time=2025-04-16 01:01:30 
jj1 = 707, max_th = 1.941196e+00, time=2025-04-16 01:01:32 
jj1 = 764, max_th = 3.598759e+00, time=2025-04-16 01:01:35 
jj1 = 496, max_th = 1.233873e+00, time=2025-04-16 01:02:36 
jj1 = 335, max_th = 1.918264e+00, time=2025-04-16 01:03:00 
jj1 = 300, max_th = 4.181543e+00, time=2025-04-16 01:03:17 
jj1 = 299, max_th = -8.878482e-02, time=2025-04-16 01:03:59 
jj1 = 567, max_th = 1.312320e+00, time=2025-04-16 01:04:17 
jj1 = 217, max_th = 2.493098e+00, time=2025-04-16 01:04:41 
jj1 = 566, max_th = 7.314248e-01, time=2025-04-16 01:07:10 
jj1 = 140, max_th = 1.640542e+00, time=2025-04-16 01:12:20 
jj1 = 588, max_th = 2.693388e+00, time=2025-04-16 01:13:46 
jj1 = 763, max_th = 1.361274e+00, time=2025-04-16 01:15:31 
jj1 = 414, max_th = 2.236756e+00, time=2025-04-16 01:15:51 
jj1 = 456, max_th = 1.720277e+00, time=2025-04-16 01:17:19 
jj1 = 413, max_th = 3.121313e+00, time=2025-04-16 01:18:04 
jj1 = 178, max_th = 1.886707e+00, time=2025-04-16 01:18:40 
jj1 = 61, max_th = 2.231418e+00, time=2025-04-16 01:19:57 
jj1 = 334, max_th = 1.648812e+00, time=2025-04-16 01:19:58 
jj1 = 706, max_th = 1.442417e+00, time=2025-04-16 01:25:37 
jj1 = 139, max_th = 1.450845e+00, time=2025-04-16 01:26:00 
jj1 = 298, max_th = 2.259938e+00, time=2025-04-16 01:27:21 
jj1 = 495, max_th = 2.029160e+00, time=2025-04-16 01:30:44 
jj1 = 628, max_th = 2.648727e+00, time=2025-04-16 01:31:47 
jj1 = 762, max_th = 2.313895e+00, time=2025-04-16 01:32:28 
jj1 = 548, max_th = 2.625528e+00, time=2025-04-16 01:33:19 
jj1 = 455, max_th = 1.394857e+00, time=2025-04-16 01:33:23 
jj1 = 565, max_th = 2.182215e+00, time=2025-04-16 01:33:43 
jj1 = 587, max_th = 1.753652e+00, time=2025-04-16 01:36:36 
jj1 = 412, max_th = 1.746441e+00, time=2025-04-16 01:39:45 
jj1 = 494, max_th = 1.401071e+00, time=2025-04-16 01:43:19 
jj1 = 608, max_th = 1.717193e+00, time=2025-04-16 01:45:08 
jj1 = 705, max_th = 2.420413e+00, time=2025-04-16 01:45:46 
jj1 = 586, max_th = 2.498811e+00, time=2025-04-16 01:49:42 
jj1 = 704, max_th = 2.920619e+00, time=2025-04-16 01:50:53 
jj1 = 668, max_th = 1.767737e+00, time=2025-04-16 01:51:36 
jj1 = 297, max_th = 2.053591e+00, time=2025-04-16 01:51:37 
jj1 = 547, max_th = 2.444111e+00, time=2025-04-16 01:52:02 
jj1 = 454, max_th = 1.444017e+00, time=2025-04-16 01:52:17 
jj1 = 761, max_th = 1.902398e+00, time=2025-04-16 01:55:45 
jj1 = 627, max_th = 2.230778e+00, time=2025-04-16 01:58:03 
jj1 = 564, max_th = 1.971622e+00, time=2025-04-16 01:59:04 
jj1 = 648, max_th = 1.676208e+00, time=2025-04-16 02:04:18 
jj1 = 546, max_th = 1.650223e+00, time=2025-04-16 02:08:53 
jj1 = 493, max_th = 2.682817e+00, time=2025-04-16 02:10:12 
jj1 = 607, max_th = 1.932739e+00, time=2025-04-16 02:12:03 
jj1 = 585, max_th = 2.387228e+00, time=2025-04-16 02:12:52 
jj1 = 296, max_th = 1.696983e+00, time=2025-04-16 02:14:34 
jj1 = 453, max_th = 2.258597e+00, time=2025-04-16 02:15:51 
jj1 = 703, max_th = 2.190080e+00, time=2025-04-16 02:19:08 
jj1 = 667, max_th = 1.969649e+00, time=2025-04-16 02:19:51 
jj1 = 760, max_th = 2.280317e+00, time=2025-04-16 02:20:17 
jj1 = 545, max_th = 1.332657e+00, time=2025-04-16 02:22:18 
jj1 = 606, max_th = 2.655333e+00, time=2025-04-16 02:22:24 
jj1 = 295, max_th = 2.700517e+00, time=2025-04-16 02:22:39 
jj1 = 647, max_th = 1.751659e+00, time=2025-04-16 02:23:42 
jj1 = 544, max_th = 7.952138e-01, time=2025-04-16 02:24:21 
jj1 = 626, max_th = 1.930727e+00, time=2025-04-16 02:27:38 
jj1 = 563, max_th = 1.982409e+00, time=2025-04-16 02:27:44 
jj1 = 492, max_th = 1.555969e+00, time=2025-04-16 02:27:55 
jj1 = 702, max_th = 2.679747e+00, time=2025-04-16 02:30:55 
jj1 = 666, max_th = 2.491260e+00, time=2025-04-16 02:36:51 
jj1 = 584, max_th = 1.841823e+00, time=2025-04-16 02:38:23 
jj1 = 759, max_th = 1.900175e+00, time=2025-04-16 02:39:37 
jj1 = 625, max_th = 1.369700e+00, time=2025-04-16 02:42:56 
jj1 = 452, max_th = 1.878015e+00, time=2025-04-16 02:43:02 
jj1 = 491, max_th = 1.380108e+00, time=2025-04-16 02:43:47 
jj1 = 605, max_th = 1.961333e+00, time=2025-04-16 02:46:46 
jj1 = 748, max_th = 1.957330e+00, time=2025-04-16 02:50:11 
jj1 = 543, max_th = 1.827254e+00, time=2025-04-16 02:51:08 
jj1 = 646, max_th = 2.029804e+00, time=2025-04-16 02:51:38 
jj1 = 562, max_th = 2.096476e+00, time=2025-04-16 02:51:57 
jj1 = 747, max_th = 7.789822e-01, time=2025-04-16 02:53:37 
jj1 = 701, max_th = 2.123344e+00, time=2025-04-16 02:56:38 
jj1 = 758, max_th = 2.405587e+00, time=2025-04-16 02:57:22 
jj1 = 624, max_th = 2.621665e+00, time=2025-04-16 02:58:27 
jj1 = 490, max_th = 1.373018e+00, time=2025-04-16 03:01:13 
jj1 = 451, max_th = 1.508737e+00, time=2025-04-16 03:02:05 
jj1 = 665, max_th = 2.112923e+00, time=2025-04-16 03:04:03 
jj1 = 746, max_th = 2.597759e+00, time=2025-04-16 03:05:30 
jj1 = 583, max_th = 1.725001e+00, time=2025-04-16 03:06:35 
jj1 = 623, max_th = 1.247166e+00, time=2025-04-16 03:06:40 
jj1 = 645, max_th = 2.272813e+00, time=2025-04-16 03:09:34 
jj1 = 542, max_th = 2.407305e+00, time=2025-04-16 03:11:21 
jj1 = 561, max_th = 1.802276e+00, time=2025-04-16 03:13:49 
jj1 = 757, max_th = 2.301003e+00, time=2025-04-16 03:14:38 
jj1 = 745, max_th = 2.720526e+00, time=2025-04-16 03:16:05 
jj1 = 604, max_th = 2.079369e+00, time=2025-04-16 03:16:16 
jj1 = 700, max_th = 2.207671e+00, time=2025-04-16 03:20:55 
jj1 = 728, max_th = 2.313044e+00, time=2025-04-16 03:22:32 
jj1 = 560, max_th = 2.670380e+00, time=2025-04-16 03:24:58 
jj1 = 622, max_th = 1.612073e+00, time=2025-04-16 03:26:19 
jj1 = 644, max_th = 2.414877e+00, time=2025-04-16 03:29:08 
jj1 = 582, max_th = 1.689366e+00, time=2025-04-16 03:30:31 
jj1 = 688, max_th = 1.968119e+00, time=2025-04-16 03:31:06 
jj1 = 664, max_th = 2.013352e+00, time=2025-04-16 03:32:41 
jj1 = 603, max_th = 2.493480e+00, time=2025-04-16 03:34:17 
jj1 = 744, max_th = 2.248014e+00, time=2025-04-16 03:36:30 
jj1 = 756, max_th = 2.295582e+00, time=2025-04-16 03:36:33 
jj1 = 621, max_th = 2.688049e+00, time=2025-04-16 03:36:51 
jj1 = 699, max_th = 2.519779e+00, time=2025-04-16 03:37:51 
jj1 = 541, max_th = 1.971946e+00, time=2025-04-16 03:40:31 
jj1 = 743, max_th = 8.608567e-01, time=2025-04-16 03:41:01 
jj1 = 559, max_th = 1.460688e+00, time=2025-04-16 03:41:27 
jj1 = 643, max_th = 2.545355e+00, time=2025-04-16 03:43:46 
jj1 = 540, max_th = 1.201799e+00, time=2025-04-16 03:49:26 
jj1 = 687, max_th = 1.534104e+00, time=2025-04-16 03:51:09 
jj1 = 727, max_th = 1.884942e+00, time=2025-04-16 03:51:15 
jj1 = 602, max_th = 2.346011e+00, time=2025-04-16 03:52:57 
jj1 = 698, max_th = 2.475578e+00, time=2025-04-16 03:53:53 
jj1 = 581, max_th = 1.944837e+00, time=2025-04-16 03:56:08 
jj1 = 663, max_th = 1.791426e+00, time=2025-04-16 03:57:37 
jj1 = 742, max_th = 2.189542e+00, time=2025-04-16 04:00:43 
jj1 = 539, max_th = 1.240634e+00, time=2025-04-16 04:00:47 
jj1 = 642, max_th = 2.249238e+00, time=2025-04-16 04:02:13 
jj1 = 755, max_th = 1.990130e+00, time=2025-04-16 04:02:28 
jj1 = 558, max_th = 1.800986e+00, time=2025-04-16 04:04:24 
jj1 = 620, max_th = 1.883158e+00, time=2025-04-16 04:04:36 
jj1 = 641, max_th = 8.190043e-01, time=2025-04-16 04:06:22 
jj1 = 754, max_th = 9.106126e-01, time=2025-04-16 04:07:17 
jj1 = 662, max_th = 1.223830e+00, time=2025-04-16 04:11:37 
jj1 = 726, max_th = 1.681830e+00, time=2025-04-16 04:15:09 
jj1 = 580, max_th = 1.371076e+00, time=2025-04-16 04:16:00 
jj1 = 538, max_th = 2.446550e+00, time=2025-04-16 04:16:34 
jj1 = 697, max_th = 2.040558e+00, time=2025-04-16 04:17:44 
jj1 = 601, max_th = 1.719248e+00, time=2025-04-16 04:19:20 
jj1 = 686, max_th = 1.871499e+00, time=2025-04-16 04:20:14 
jj1 = 741, max_th = 2.051199e+00, time=2025-04-16 04:21:47 
jj1 = 557, max_th = 1.417804e+00, time=2025-04-16 04:22:00 
jj1 = 753, max_th = 2.049372e+00, time=2025-04-16 04:24:19 
jj1 = 556, max_th = 2.913402e+00, time=2025-04-16 04:27:18 
jj1 = 640, max_th = 1.901245e+00, time=2025-04-16 04:29:02 
jj1 = 619, max_th = 1.843795e+00, time=2025-04-16 04:30:41 
jj1 = 639, max_th = 8.027340e-01, time=2025-04-16 04:31:54 
jj1 = 661, max_th = 1.654814e+00, time=2025-04-16 04:34:31 
jj1 = 579, max_th = 1.641753e+00, time=2025-04-16 04:36:05 
jj1 = 638, max_th = 1.002129e+00, time=2025-04-16 04:38:05 
jj1 = 696, max_th = 1.691970e+00, time=2025-04-16 04:39:24 
jj1 = 725, max_th = 2.120692e+00, time=2025-04-16 04:40:21 
jj1 = 600, max_th = 1.585059e+00, time=2025-04-16 04:40:51 
jj1 = 537, max_th = 2.069807e+00, time=2025-04-16 04:44:07 
jj1 = 599, max_th = 8.989802e-01, time=2025-04-16 04:44:56 
jj1 = 695, max_th = 9.636708e-01, time=2025-04-16 04:45:06 
jj1 = 752, max_th = 1.578612e+00, time=2025-04-16 04:45:28 
jj1 = 685, max_th = 2.077424e+00, time=2025-04-16 04:48:09 
jj1 = 740, max_th = 2.019444e+00, time=2025-04-16 04:50:05 
jj1 = 536, max_th = 2.805645e+00, time=2025-04-16 04:50:53 
jj1 = 535, max_th = 7.265623e-01, time=2025-04-16 04:52:39 
jj1 = 598, max_th = 2.618518e+00, time=2025-04-16 04:54:16 
jj1 = 724, max_th = 1.469587e+00, time=2025-04-16 04:56:45 
jj1 = 637, max_th = 1.654759e+00, time=2025-04-16 04:57:13 
jj1 = 555, max_th = 2.018766e+00, time=2025-04-16 04:57:35 
jj1 = 618, max_th = 2.031149e+00, time=2025-04-16 04:59:04 
jj1 = 578, max_th = 2.222608e+00, time=2025-04-16 04:59:47 
jj1 = 660, max_th = 2.016590e+00, time=2025-04-16 05:01:20 
jj1 = 636, max_th = 8.094185e-01, time=2025-04-16 05:01:29 
jj1 = 694, max_th = 2.343490e+00, time=2025-04-16 05:05:38 
jj1 = 751, max_th = 1.778517e+00, time=2025-04-16 05:09:04 
jj1 = 739, max_th = 2.433160e+00, time=2025-04-16 05:10:37 
jj1 = 750, max_th = 8.718230e-01, time=2025-04-16 05:12:49 
jj1 = 684, max_th = 2.218618e+00, time=2025-04-16 05:14:12 
jj1 = 659, max_th = 2.490445e+00, time=2025-04-16 05:15:52 
jj1 = 577, max_th = 1.445822e+00, time=2025-04-16 05:16:41 
jj1 = 723, max_th = 2.422280e+00, time=2025-04-16 05:16:51 
jj1 = 554, max_th = 1.572340e+00, time=2025-04-16 05:18:05 
jj1 = 635, max_th = 2.216531e+00, time=2025-04-16 05:23:58 
jj1 = 534, max_th = 1.870702e+00, time=2025-04-16 05:24:18 
jj1 = 617, max_th = 2.277963e+00, time=2025-04-16 05:25:04 
jj1 = 576, max_th = 1.255901e+00, time=2025-04-16 05:26:18 
jj1 = 693, max_th = 2.082376e+00, time=2025-04-16 05:28:39 
jj1 = 597, max_th = 2.038222e+00, time=2025-04-16 05:29:11 
jj1 = 738, max_th = 1.802272e+00, time=2025-04-16 05:33:33 
jj1 = 749, max_th = 1.808010e+00, time=2025-04-16 05:37:15 
jj1 = 722, max_th = 1.734776e+00, time=2025-04-16 05:37:18 
jj1 = 596, max_th = 1.184449e+00, time=2025-04-16 05:38:37 
jj1 = 634, max_th = 2.050660e+00, time=2025-04-16 05:38:40 
jj1 = 553, max_th = 2.396036e+00, time=2025-04-16 05:41:07 
jj1 = 683, max_th = 2.213051e+00, time=2025-04-16 05:41:38 
jj1 = 575, max_th = 1.556750e+00, time=2025-04-16 05:41:59 
jj1 = 682, max_th = -1.518135e-01, time=2025-04-16 05:43:29 
jj1 = 658, max_th = 1.910044e+00, time=2025-04-16 05:47:06 
jj1 = 737, max_th = 1.548144e+00, time=2025-04-16 05:47:46 
jj1 = 616, max_th = 2.250868e+00, time=2025-04-16 05:48:00 
jj1 = 692, max_th = 1.707215e+00, time=2025-04-16 05:48:03 
jj1 = 533, max_th = 1.778290e+00, time=2025-04-16 05:48:17 
jj1 = 574, max_th = 1.206702e+00, time=2025-04-16 05:51:31 
jj1 = 552, max_th = 1.311779e+00, time=2025-04-16 05:53:47 
jj1 = 633, max_th = 1.750398e+00, time=2025-04-16 05:54:55 
jj1 = 595, max_th = 1.543927e+00, time=2025-04-16 05:57:41 
jj1 = 778, max_th = 2.049149e+00, time=2025-04-16 05:58:14 
jj1 = 691, max_th = 2.587169e+00, time=2025-04-16 05:58:43 
jj1 = 721, max_th = 1.944783e+00, time=2025-04-16 05:59:46 
jj1 = 657, max_th = 1.328878e+00, time=2025-04-16 06:02:44 
jj1 = 532, max_th = 2.350242e+00, time=2025-04-16 06:03:04 
jj1 = 615, max_th = 1.493042e+00, time=2025-04-16 06:05:11 
jj1 = 681, max_th = 1.958259e+00, time=2025-04-16 06:06:55 
jj1 = 736, max_th = 1.764879e+00, time=2025-04-16 06:08:33 
jj1 = 573, max_th = 2.249046e+00, time=2025-04-16 06:09:42 
jj1 = 594, max_th = 1.403578e+00, time=2025-04-16 06:09:48 
jj1 = 690, max_th = 1.256676e+00, time=2025-04-16 06:10:24 
jj1 = 593, max_th = 2.889315e+00, time=2025-04-16 06:14:43 
jj1 = 551, max_th = 2.347158e+00, time=2025-04-16 06:16:37 
jj1 = 689, max_th = 2.784193e+00, time=2025-04-16 06:16:45 
jj1 = 777, max_th = 1.563624e+00, time=2025-04-16 06:17:06 
jj1 = 632, max_th = 2.082153e+00, time=2025-04-16 06:18:41 
jj1 = 614, max_th = 1.444259e+00, time=2025-04-16 06:21:44 
jj1 = 656, max_th = 1.800209e+00, time=2025-04-16 06:22:59 
jj1 = 720, max_th = 2.132147e+00, time=2025-04-16 06:24:35 
jj1 = 531, max_th = 2.270857e+00, time=2025-04-16 06:25:11 
jj1 = 680, max_th = 1.601024e+00, time=2025-04-16 06:28:03 
jj1 = 679, max_th = 4.843484e-01, time=2025-04-16 06:29:24 
jj1 = 735, max_th = 2.334717e+00, time=2025-04-16 06:29:25 
jj1 = 719, max_th = 2.880881e+00, time=2025-04-16 06:30:14 
jj1 = 530, max_th = 2.872188e+00, time=2025-04-16 06:30:20 
jj1 = 592, max_th = 1.849878e+00, time=2025-04-16 06:31:00 
jj1 = 776, max_th = 3.195506e+00, time=2025-04-16 06:32:06 
jj1 = 613, max_th = 1.447552e+00, time=2025-04-16 06:33:44 
jj1 = 550, max_th = 1.323792e+00, time=2025-04-16 06:34:56 
jj1 = 798, max_th = 2.406608e+00, time=2025-04-16 06:35:10 
jj1 = 572, max_th = 1.940234e+00, time=2025-04-16 06:35:16 
jj1 = 655, max_th = 2.634470e+00, time=2025-04-16 06:37:05 
jj1 = 631, max_th = 1.543847e+00, time=2025-04-16 06:37:20 
jj1 = 529, max_th = 1.185539e+00, time=2025-04-16 06:41:29 
jj1 = 612, max_th = 2.826629e+00, time=2025-04-16 06:41:40 
jj1 = 678, max_th = 2.436902e+00, time=2025-04-16 06:43:49 
jj1 = 734, max_th = 1.387645e+00, time=2025-04-16 06:45:33 
jj1 = 775, max_th = 1.414340e+00, time=2025-04-16 06:47:25 
jj1 = 718, max_th = 1.488144e+00, time=2025-04-16 06:48:08 
jj1 = 611, max_th = 2.821588e+00, time=2025-04-16 06:48:18 
jj1 = 797, max_th = 1.319518e+00, time=2025-04-16 06:51:05 
jj1 = 549, max_th = 2.149607e+00, time=2025-04-16 06:55:01 
jj1 = 591, max_th = 1.756198e+00, time=2025-04-16 06:56:27 
jj1 = 571, max_th = 2.372740e+00, time=2025-04-16 06:56:39 
jj1 = 717, max_th = 1.248080e+00, time=2025-04-16 06:59:14 
jj1 = 570, max_th = 7.245768e-01, time=2025-04-16 06:59:44 
jj1 = 654, max_th = 1.595974e+00, time=2025-04-16 07:00:25 
jj1 = 653, max_th = -2.140950e-01, time=2025-04-16 07:00:41 
jj1 = 796, max_th = 2.600255e+00, time=2025-04-16 07:00:43 
jj1 = 838, max_th = 2.050744e+00, time=2025-04-16 07:02:22 
jj1 = 630, max_th = 1.655568e+00, time=2025-04-16 07:02:48 
jj1 = 788, max_th = 2.771856e+00, time=2025-04-16 07:04:05 
jj1 = 733, max_th = 1.750994e+00, time=2025-04-16 07:05:31 
jj1 = 629, max_th = 3.038313e+00, time=2025-04-16 07:05:42 
jj1 = 677, max_th = 1.904992e+00, time=2025-04-16 07:08:52 
jj1 = 716, max_th = 2.549580e+00, time=2025-04-16 07:09:23 
jj1 = 774, max_th = 2.010035e+00, time=2025-04-16 07:11:27 
jj1 = 610, max_th = 2.152209e+00, time=2025-04-16 07:12:17 
jj1 = 569, max_th = 1.686899e+00, time=2025-04-16 07:19:04 
jj1 = 590, max_th = 2.322556e+00, time=2025-04-16 07:19:40 
jj1 = 715, max_th = 1.346611e+00, time=2025-04-16 07:20:15 
jj1 = 858, max_th = 2.614530e+00, time=2025-04-16 07:20:31 
jj1 = 795, max_th = 1.828689e+00, time=2025-04-16 07:20:56 
jj1 = 652, max_th = 1.590483e+00, time=2025-04-16 07:21:15 
jj1 = 787, max_th = 1.483948e+00, time=2025-04-16 07:24:23 
jj1 = 732, max_th = 1.655501e+00, time=2025-04-16 07:25:24 
jj1 = 837, max_th = 1.980713e+00, time=2025-04-16 07:27:57 
jj1 = 714, max_th = 2.695226e+00, time=2025-04-16 07:28:40 
jj1 = 651, max_th = 2.529887e+00, time=2025-04-16 07:33:16 
jj1 = 676, max_th = 1.638530e+00, time=2025-04-16 07:33:23 
jj1 = 794, max_th = 1.064927e+00, time=2025-04-16 07:33:52 
jj1 = 609, max_th = 1.742344e+00, time=2025-04-16 07:35:04 
jj1 = 857, max_th = 1.557387e+00, time=2025-04-16 07:37:30 
jj1 = 731, max_th = 1.286976e+00, time=2025-04-16 07:37:57 
jj1 = 808, max_th = 1.607262e+00, time=2025-04-16 07:38:35 
jj1 = 773, max_th = 2.068763e+00, time=2025-04-16 07:39:44 
jj1 = 589, max_th = 1.648093e+00, time=2025-04-16 07:39:48 
jj1 = 786, max_th = 2.490574e+00, time=2025-04-16 07:41:42 
jj1 = 818, max_th = 3.043265e+00, time=2025-04-16 07:41:52 
jj1 = 675, max_th = 1.422455e+00, time=2025-04-16 07:49:18 
jj1 = 650, max_th = 1.328731e+00, time=2025-04-16 07:49:51 
jj1 = 836, max_th = 1.941201e+00, time=2025-04-16 07:54:36 
jj1 = 713, max_th = 2.131987e+00, time=2025-04-16 07:56:20 
jj1 = 649, max_th = 2.786924e+00, time=2025-04-16 07:57:48 
jj1 = 730, max_th = 1.591236e+00, time=2025-04-16 07:58:07 
jj1 = 793, max_th = 2.172418e+00, time=2025-04-16 07:59:49 
jj1 = 817, max_th = 2.396035e+00, time=2025-04-16 08:00:20 
jj1 = 856, max_th = 1.837284e+00, time=2025-04-16 08:01:32 
jj1 = 772, max_th = 1.707836e+00, time=2025-04-16 08:02:11 
jj1 = 828, max_th = 2.058801e+00, time=2025-04-16 08:02:12 
jj1 = 835, max_th = 1.130212e+00, time=2025-04-16 08:03:04 
jj1 = 807, max_th = 1.958278e+00, time=2025-04-16 08:03:45 
jj1 = 785, max_th = 2.310037e+00, time=2025-04-16 08:03:48 
jj1 = 834, max_th = 3.139412e+00, time=2025-04-16 08:05:32 
jj1 = 855, max_th = 1.039203e+00, time=2025-04-16 08:07:04 
jj1 = 792, max_th = 1.322259e+00, time=2025-04-16 08:12:55 
jj1 = 674, max_th = 2.167815e+00, time=2025-04-16 08:18:07 
jj1 = 848, max_th = 1.899696e+00, time=2025-04-16 08:18:34 
jj1 = 827, max_th = 1.765219e+00, time=2025-04-16 08:19:10 
jj1 = 729, max_th = 2.322276e+00, time=2025-04-16 08:21:22 
jj1 = 806, max_th = 2.487574e+00, time=2025-04-16 08:21:59 
jj1 = 784, max_th = 2.485287e+00, time=2025-04-16 08:22:32 
jj1 = 712, max_th = 2.220570e+00, time=2025-04-16 08:22:39 
jj1 = 826, max_th = 8.626060e-01, time=2025-04-16 08:23:04 
jj1 = 816, max_th = 2.177833e+00, time=2025-04-16 08:25:08 
jj1 = 833, max_th = 2.275659e+00, time=2025-04-16 08:27:28 
jj1 = 771, max_th = 2.138727e+00, time=2025-04-16 08:27:54 
jj1 = 791, max_th = 1.585630e+00, time=2025-04-16 08:31:11 
jj1 = 711, max_th = 2.695401e+00, time=2025-04-16 08:31:15 
jj1 = 805, max_th = 2.722109e+00, time=2025-04-16 08:32:36 
jj1 = 854, max_th = 2.037519e+00, time=2025-04-16 08:34:46 
jj1 = 673, max_th = 2.422807e+00, time=2025-04-16 08:35:24 
jj1 = 832, max_th = 2.450385e+00, time=2025-04-16 08:36:15 
jj1 = 815, max_th = 1.594240e+00, time=2025-04-16 08:43:47 
jj1 = 790, max_th = 1.453127e+00, time=2025-04-16 08:46:09 
jj1 = 847, max_th = 1.826355e+00, time=2025-04-16 08:47:09 
jj1 = 868, max_th = 1.732087e+00, time=2025-04-16 08:47:11 
jj1 = 770, max_th = 2.105658e+00, time=2025-04-16 08:47:46 
jj1 = 825, max_th = 1.998751e+00, time=2025-04-16 08:48:00 
jj1 = 783, max_th = 2.325684e+00, time=2025-04-16 08:48:00 
jj1 = 867, max_th = 2.890927e+00, time=2025-04-16 08:51:43 
jj1 = 846, max_th = 9.592127e-01, time=2025-04-16 08:53:33 
jj1 = 814, max_th = 1.173783e+00, time=2025-04-16 08:54:31 
jj1 = 710, max_th = 2.228154e+00, time=2025-04-16 08:54:59 
jj1 = 709, max_th = 5.905287e-01, time=2025-04-16 08:57:04 
jj1 = 804, max_th = 1.771568e+00, time=2025-04-16 08:58:32 
jj1 = 853, max_th = 2.072368e+00, time=2025-04-16 09:00:03 
jj1 = 831, max_th = 2.226925e+00, time=2025-04-16 09:00:36 
jj1 = 672, max_th = 2.020445e+00, time=2025-04-16 09:05:21 
jj1 = 824, max_th = 2.558909e+00, time=2025-04-16 09:05:27 
jj1 = 782, max_th = 1.428830e+00, time=2025-04-16 09:07:24 
jj1 = 866, max_th = 2.518049e+00, time=2025-04-16 09:08:24 
jj1 = 878, max_th = 2.450310e+00, time=2025-04-16 09:08:36 
jj1 = 769, max_th = 1.744852e+00, time=2025-04-16 09:10:51 
jj1 = 852, max_th = 2.687717e+00, time=2025-04-16 09:11:20 
jj1 = 789, max_th = 2.165306e+00, time=2025-04-16 09:12:05 
jj1 = 813, max_th = 2.206947e+00, time=2025-04-16 09:18:02 
jj1 = 893, max_th = 1.195357e+00, time=2025-04-16 09:18:04 
jj1 = 671, max_th = 1.257875e+00, time=2025-04-16 09:18:22 
jj1 = 830, max_th = 2.326530e+00, time=2025-04-16 09:21:13 
jj1 = 803, max_th = 2.191196e+00, time=2025-04-16 09:21:25 
jj1 = 812, max_th = 8.318417e-01, time=2025-04-16 09:21:54 
jj1 = 892, max_th = 9.162298e-01, time=2025-04-16 09:23:28 
jj1 = 845, max_th = 1.929842e+00, time=2025-04-16 09:24:11 
jj1 = 802, max_th = 8.543287e-01, time=2025-04-16 09:25:40 
jj1 = 670, max_th = 1.175654e+00, time=2025-04-16 09:27:48 
jj1 = 829, max_th = 1.335909e+00, time=2025-04-16 09:29:43 
jj1 = 823, max_th = 1.711104e+00, time=2025-04-16 09:30:06 
jj1 = 865, max_th = 2.282611e+00, time=2025-04-16 09:31:39 
jj1 = 851, max_th = 1.846839e+00, time=2025-04-16 09:34:08 
jj1 = 781, max_th = 1.736795e+00, time=2025-04-16 09:34:35 
jj1 = 898, max_th = 1.992020e+00, time=2025-04-16 09:37:31 
jj1 = 877, max_th = 1.732474e+00, time=2025-04-16 09:37:53 
jj1 = 844, max_th = 1.534232e+00, time=2025-04-16 09:43:20 
jj1 = 801, max_th = 1.707992e+00, time=2025-04-16 09:46:10 
jj1 = 811, max_th = 2.135359e+00, time=2025-04-16 09:46:26 
jj1 = 891, max_th = 2.235918e+00, time=2025-04-16 09:47:12 
jj1 = 897, max_th = 2.150876e+00, time=2025-04-16 09:50:54 
jj1 = 903, max_th = 2.054435e+00, time=2025-04-16 09:51:27 
jj1 = 669, max_th = 1.537624e+00, time=2025-04-16 09:52:59 
jj1 = 822, max_th = 2.152968e+00, time=2025-04-16 09:54:38 
jj1 = 864, max_th = 2.194080e+00, time=2025-04-16 09:55:00 
jj1 = 780, max_th = 2.470212e+00, time=2025-04-16 09:56:57 
jj1 = 876, max_th = 2.408214e+00, time=2025-04-16 09:57:49 
jj1 = 843, max_th = 1.260334e+00, time=2025-04-16 09:57:56 
jj1 = 863, max_th = 9.003245e-01, time=2025-04-16 09:58:09 
jj1 = 850, max_th = 1.942512e+00, time=2025-04-16 09:58:38 
jj1 = 902, max_th = 1.358246e+00, time=2025-04-16 10:04:05 
jj1 = 875, max_th = 1.101423e+00, time=2025-04-16 10:04:22 
jj1 = 800, max_th = 1.494321e+00, time=2025-04-16 10:05:36 
jj1 = 810, max_th = 1.711771e+00, time=2025-04-16 10:08:46 
jj1 = 890, max_th = 1.862401e+00, time=2025-04-16 10:11:38 
jj1 = 901, max_th = 2.681363e+00, time=2025-04-16 10:14:30 
jj1 = 888, max_th = 1.695455e+00, time=2025-04-16 10:15:06 
jj1 = 821, max_th = 1.619177e+00, time=2025-04-16 10:17:12 
jj1 = 849, max_th = 1.526590e+00, time=2025-04-16 10:17:42 
jj1 = 896, max_th = 2.020473e+00, time=2025-04-16 10:18:21 
jj1 = 779, max_th = 1.515065e+00, time=2025-04-16 10:18:22 
jj1 = 889, max_th = 2.818982e+00, time=2025-04-16 10:19:14 
jj1 = 799, max_th = 1.639798e+00, time=2025-04-16 10:19:38 
jj1 = 862, max_th = 2.420372e+00, time=2025-04-16 10:19:52 
jj1 = 913, max_th = 2.973433e+00, time=2025-04-16 10:21:29 
jj1 = 809, max_th = 1.393056e+00, time=2025-04-16 10:21:42 
jj1 = 820, max_th = 1.250832e+00, time=2025-04-16 10:26:34 
jj1 = 842, max_th = 1.911523e+00, time=2025-04-16 10:27:01 
jj1 = 874, max_th = 2.132309e+00, time=2025-04-16 10:30:41 
jj1 = 948, max_th = 2.457903e+00, time=2025-04-16 10:35:48 
jj1 = 912, max_th = 2.387446e+00, time=2025-04-16 10:36:20 
jj1 = 895, max_th = 1.608349e+00, time=2025-04-16 10:36:56 
jj1 = 900, max_th = 2.021302e+00, time=2025-04-16 10:38:56 
jj1 = 887, max_th = 1.880316e+00, time=2025-04-16 10:42:30 
jj1 = 894, max_th = 2.985016e+00, time=2025-04-16 10:43:04 
jj1 = 908, max_th = 2.263337e+00, time=2025-04-16 10:43:41 
jj1 = 918, max_th = 1.807667e+00, time=2025-04-16 10:47:02 
jj1 = 928, max_th = 2.210124e+00, time=2025-04-16 10:47:28 
jj1 = 873, max_th = 1.475164e+00, time=2025-04-16 10:48:40 
jj1 = 819, max_th = 1.657959e+00, time=2025-04-16 10:49:06 
jj1 = 861, max_th = 1.927330e+00, time=2025-04-16 10:49:41 
jj1 = 911, max_th = 1.349030e+00, time=2025-04-16 10:49:41 
jj1 = 910, max_th = 9.085785e-01, time=2025-04-16 10:54:22 
jj1 = 841, max_th = 1.814379e+00, time=2025-04-16 10:54:23 
jj1 = 872, max_th = 1.204692e+00, time=2025-04-16 10:56:05 
jj1 = 899, max_th = 1.540388e+00, time=2025-04-16 10:56:16 
jj1 = 947, max_th = 2.120845e+00, time=2025-04-16 10:57:34 
jj1 = 886, max_th = 2.413010e+00, time=2025-04-16 11:01:54 
jj1 = 871, max_th = 1.022455e+00, time=2025-04-16 11:03:13 
jj1 = 952, max_th = 2.136333e+00, time=2025-04-16 11:07:06 
jj1 = 923, max_th = 2.462383e+00, time=2025-04-16 11:08:43 
jj1 = 870, max_th = 2.846812e+00, time=2025-04-16 11:08:55 
jj1 = 927, max_th = 1.664261e+00, time=2025-04-16 11:09:59 
jj1 = 956, max_th = 2.533900e+00, time=2025-04-16 11:12:15 
jj1 = 860, max_th = 1.809168e+00, time=2025-04-16 11:13:15 
jj1 = 907, max_th = 2.172183e+00, time=2025-04-16 11:13:24 
jj1 = 909, max_th = 2.140901e+00, time=2025-04-16 11:15:08 
jj1 = 917, max_th = 2.080828e+00, time=2025-04-16 11:15:16 
jj1 = 946, max_th = 2.415887e+00, time=2025-04-16 11:19:30 
jj1 = 885, max_th = 1.800246e+00, time=2025-04-16 11:20:35 
jj1 = 840, max_th = 2.007428e+00, time=2025-04-16 11:21:09 
jj1 = 951, max_th = 1.549671e+00, time=2025-04-16 11:21:15 
jj1 = 964, max_th = 1.300316e+00, time=2025-04-16 11:22:34 
jj1 = 869, max_th = 1.804389e+00, time=2025-04-16 11:24:22 
jj1 = 884, max_th = 8.709179e-01, time=2025-04-16 11:25:37 
jj1 = 916, max_th = 1.235007e+00, time=2025-04-16 11:27:05 
jj1 = 955, max_th = 1.656717e+00, time=2025-04-16 11:31:47 
jj1 = 945, max_th = 1.849962e+00, time=2025-04-16 11:34:41 
jj1 = 906, max_th = 2.437517e+00, time=2025-04-16 11:35:18 
jj1 = 926, max_th = 2.219200e+00, time=2025-04-16 11:35:30 
jj1 = 922, max_th = 1.823027e+00, time=2025-04-16 11:37:34 
jj1 = 859, max_th = 1.888738e+00, time=2025-04-16 11:39:55 
jj1 = 954, max_th = 1.145809e+00, time=2025-04-16 11:40:43 
jj1 = 950, max_th = 2.260954e+00, time=2025-04-16 11:44:25 
jj1 = 915, max_th = 1.435764e+00, time=2025-04-16 11:45:35 
jj1 = 839, max_th = 2.287690e+00, time=2025-04-16 11:46:32 
jj1 = 963, max_th = 1.952982e+00, time=2025-04-16 11:47:00 
jj1 = 943, max_th = 1.964594e+00, time=2025-04-16 11:51:05 
jj1 = 962, max_th = 9.292543e-01, time=2025-04-16 11:52:25 
jj1 = 883, max_th = 1.675983e+00, time=2025-04-16 11:53:38 
jj1 = 925, max_th = 1.662813e+00, time=2025-04-16 11:58:32 
jj1 = 961, max_th = 2.824678e+00, time=2025-04-16 11:59:34 
jj1 = 921, max_th = 2.296060e+00, time=2025-04-16 11:59:47 
jj1 = 944, max_th = 2.181786e+00, time=2025-04-16 12:01:08 
jj1 = 949, max_th = 1.443769e+00, time=2025-04-16 12:02:44 
jj1 = 938, max_th = 2.207761e+00, time=2025-04-16 12:03:21 
jj1 = 933, max_th = 2.349406e+00, time=2025-04-16 12:03:42 
jj1 = 953, max_th = 1.812584e+00, time=2025-04-16 12:04:45 
jj1 = 905, max_th = 2.015746e+00, time=2025-04-16 12:04:49 
jj1 = 932, max_th = 1.043986e+00, time=2025-04-16 12:10:01 
jj1 = 942, max_th = 1.618046e+00, time=2025-04-16 12:11:04 
jj1 = 914, max_th = 2.013778e+00, time=2025-04-16 12:13:19 
jj1 = 931, max_th = 2.802648e+00, time=2025-04-16 12:16:27 
jj1 = 992, max_th = 1.327547e+00, time=2025-04-16 12:18:31 
jj1 = 920, max_th = 1.847168e+00, time=2025-04-16 12:19:51 
jj1 = 924, max_th = 1.566047e+00, time=2025-04-16 12:20:06 
jj1 = 930, max_th = 8.247180e-01, time=2025-04-16 12:20:48 
jj1 = 882, max_th = 1.955870e+00, time=2025-04-16 12:21:29 
jj1 = 937, max_th = 1.534767e+00, time=2025-04-16 12:21:37 
jj1 = 996, max_th = 2.245071e+00, time=2025-04-16 12:22:45 
jj1 = 972, max_th = 2.115792e+00, time=2025-04-16 12:26:16 
jj1 = 976, max_th = 1.500507e+00, time=2025-04-16 12:28:47 
jj1 = 904, max_th = 2.286202e+00, time=2025-04-16 12:30:07 
jj1 = 984, max_th = 2.141848e+00, time=2025-04-16 12:30:31 
jj1 = 941, max_th = 2.388301e+00, time=2025-04-16 12:32:10 
jj1 = 919, max_th = 2.626775e+00, time=2025-04-16 12:34:14 
jj1 = 971, max_th = 1.253950e+00, time=2025-04-16 12:36:13 
jj1 = 991, max_th = 1.993909e+00, time=2025-04-16 12:39:31 
jj1 = 881, max_th = 2.344513e+00, time=2025-04-16 12:43:56 
jj1 = 936, max_th = 1.852288e+00, time=2025-04-16 12:44:34 
jj1 = 980, max_th = 2.080225e+00, time=2025-04-16 12:46:55 
jj1 = 929, max_th = 2.321231e+00, time=2025-04-16 12:47:13 
jj1 = 995, max_th = 1.940621e+00, time=2025-04-16 12:51:01 
jj1 = 983, max_th = 2.058879e+00, time=2025-04-16 12:55:27 
jj1 = 968, max_th = 1.739791e+00, time=2025-04-16 12:56:39 
jj1 = 988, max_th = 1.726275e+00, time=2025-04-16 13:00:09 
jj1 = 940, max_th = 1.874753e+00, time=2025-04-16 13:00:13 
jj1 = 970, max_th = 2.267581e+00, time=2025-04-16 13:01:05 
jj1 = 975, max_th = 2.023642e+00, time=2025-04-16 13:02:35 
jj1 = 990, max_th = 2.213991e+00, time=2025-04-16 13:04:22 
jj1 = 982, max_th = 2.772019e+00, time=2025-04-16 13:05:35 
jj1 = 935, max_th = 2.326369e+00, time=2025-04-16 13:06:05 
jj1 = 979, max_th = 1.736864e+00, time=2025-04-16 13:08:48 
jj1 = 880, max_th = 1.954664e+00, time=2025-04-16 13:11:22 
jj1 = 969, max_th = 1.273141e+00, time=2025-04-16 13:14:20 
jj1 = 999, max_th = 2.022035e+00, time=2025-04-16 13:14:20 
jj1 = 994, max_th = 2.054071e+00, time=2025-04-16 13:15:35 
jj1 = 879, max_th = 2.928826e+00, time=2025-04-16 13:18:12 
jj1 = 967, max_th = 1.631980e+00, time=2025-04-16 13:18:34 
jj1 = 993, max_th = 2.981659e+00, time=2025-04-16 13:18:56 
jj1 = 1000, max_th = 3.122566e+00, time=2025-04-16 13:20:30 
jj1 = 974, max_th = 1.845761e+00, time=2025-04-16 13:23:12 
jj1 = 934, max_th = 2.198428e+00, time=2025-04-16 13:25:17 
jj1 = 978, max_th = 1.495079e+00, time=2025-04-16 13:25:37 
jj1 = 939, max_th = 1.908721e+00, time=2025-04-16 13:28:01 
jj1 = 981, max_th = 2.245738e+00, time=2025-04-16 13:28:51 
jj1 = 989, max_th = 2.072870e+00, time=2025-04-16 13:29:40 
jj1 = 987, max_th = 1.822359e+00, time=2025-04-16 13:32:17 
jj1 = 997, max_th = 2.810077e+00, time=2025-04-16 13:33:22 
jj1 = 960, max_th = 1.559443e+00, time=2025-04-16 13:37:28 
jj1 = 998, max_th = 2.405883e+00, time=2025-04-16 13:40:35 
jj1 = 973, max_th = 1.856445e+00, time=2025-04-16 13:41:02 
jj1 = 966, max_th = 2.267340e+00, time=2025-04-16 13:42:11 
jj1 = 977, max_th = 2.084074e+00, time=2025-04-16 13:44:40 
jj1 = 986, max_th = 1.945773e+00, time=2025-04-16 13:47:04 
jj1 = 959, max_th = 1.437161e+00, time=2025-04-16 13:48:05 
jj1 = 965, max_th = 2.105925e+00, time=2025-04-16 13:54:43 
jj1 = 958, max_th = 1.911562e+00, time=2025-04-16 13:57:53 
jj1 = 985, max_th = 1.538846e+00, time=2025-04-16 14:00:53 
jj1 = 957, max_th = 1.540060e+00, time=2025-04-16 14:05:24 
>> >> >> >> >> >> >> >> >> 