MATLAB is selecting SOFTWARE OPENGL rendering.

                            < M A T L A B (R) >
                  Copyright 1984-2021 The MathWorks, Inc.
                  R2021b (9.11.0.1769968) 64-bit (glnxa64)
                             September 17, 2021

 
To get started, type doc.
For product information, visit www.mathworks.com.
 
>> >> >> >> >> >> >> >> >> >> >> >> >> >> >> >> >> >> >> >> >> >> >> >> >> >> Starting parallel pool (parpool) using the 'local' profile ...
[Warning: A task was unexpectedly found in state: Unavailable.] 
[> In parallel.cluster.Local/deriveJobStateFromTasks (line 29)
In parallel.cluster/Local/getJobState (line 174)
In parallel.cluster/CJSCluster/hGetJobState (line 375)
In parallel.internal.cluster/CJSJobMixin/hGetStateEnum (line 175)
In parallel/Job/get.StateEnum (line 247)
In parallel/Job/get.State (line 239)
In parallel.internal.customattr.CustomGetSet>iVectorisedGetHelper (line 128)
In parallel.internal.customattr.CustomGetSet>@(a,b,c)iVectorisedGetHelper(obj,a,b,c) (line 102)
In parallel.internal.customattr/CustomGetSet/doVectorisedGet (line 103)
In parallel.internal.customattr/CustomGetSet/hVectorisedGet (line 76)
In parallel.internal.customattr.GetSetImpl>iAccessProperties (line 322)
In parallel.internal.customattr.GetSetImpl>iGetAllPropertiesVec (line 264)
In parallel.internal.customattr/GetSetImpl/getImpl (line 133)
In parallel.internal.customattr.CustomGetSet>iHetFunGetFunction (line 154)
In parallel.internal.customattr.CustomGetSet>@(o)iHetFunGetFunction(o,props) (line 139)
In parallel.internal.cluster.hetfun (line 46)
In parallel.internal.customattr.CustomGetSet>iHetFunGetProperty (line 139)
In parallel.internal.customattr/CustomGetSet/get (line 38)
In parallel.internal.pool/AbstractInteractiveClient/pRemoveOldJobs (line 211)
In parallel.internal.pool/AbstractInteractiveClient/start (line 103)
In parallel.internal.pool.AbstractClusterPool>iStartClient (line 831)
In parallel.internal.pool/AbstractClusterPool/hBuildPool (line 585)
In parallel.internal.pool.doParpool (line 22)
In parpool (line 123)
In parallel.internal.parpool.getOrCreateCurrentPool (line 17)
In parallel.internal.pool/PoolArrayManager/getOrAutoCreateWithCleanup (line 44)
In pctTryCreatePoolIfNecessary (line 28)
In parallel_function (line 423)] 
Connected to the parallel pool (number of workers: 12).
jj1 = 50, max_th = 2.296850e+00, time=2025-04-07 16:34:00 
jj1 = 60, max_th = 1.281045e+00, time=2025-04-07 16:35:26 
jj1 = 35, max_th = 1.502640e+00, time=2025-04-07 16:35:40 
jj1 = 5, max_th = 2.108849e+00, time=2025-04-07 16:36:34 
jj1 = 30, max_th = 1.793575e+00, time=2025-04-07 16:38:16 
jj1 = 45, max_th = 1.696570e+00, time=2025-04-07 16:39:23 
jj1 = 10, max_th = 2.145293e+00, time=2025-04-07 16:39:31 
jj1 = 20, max_th = 1.584747e+00, time=2025-04-07 16:39:30 
jj1 = 34, max_th = 9.635565e-01, time=2025-04-07 16:40:04 
jj1 = 40, max_th = 1.714659e+00, time=2025-04-07 16:40:42 
jj1 = 55, max_th = 1.671103e+00, time=2025-04-07 16:41:00 
jj1 = 15, max_th = 1.989907e+00, time=2025-04-07 16:41:08 
jj1 = 25, max_th = 2.146608e+00, time=2025-04-07 16:42:07 
jj1 = 19, max_th = 2.580943e+00, time=2025-04-07 16:53:20 
jj1 = 49, max_th = 2.138404e+00, time=2025-04-07 16:53:57 
jj1 = 44, max_th = 1.377382e+00, time=2025-04-07 16:54:24 
jj1 = 9, max_th = 1.609131e+00, time=2025-04-07 16:57:23 
jj1 = 39, max_th = 2.159716e+00, time=2025-04-07 16:57:43 
jj1 = 54, max_th = 1.423374e+00, time=2025-04-07 16:58:15 
jj1 = 24, max_th = 1.638093e+00, time=2025-04-07 16:59:35 
jj1 = 29, max_th = 1.863893e+00, time=2025-04-07 16:59:58 
jj1 = 14, max_th = 1.817529e+00, time=2025-04-07 17:00:31 
jj1 = 4, max_th = 1.817860e+00, time=2025-04-07 17:00:43 
jj1 = 33, max_th = 1.680772e+00, time=2025-04-07 17:03:11 
jj1 = 59, max_th = 1.724580e+00, time=2025-04-07 17:03:26 
jj1 = 48, max_th = 1.229392e+00, time=2025-04-07 17:09:22 
jj1 = 8, max_th = 2.568736e+00, time=2025-04-07 17:11:19 
jj1 = 38, max_th = 2.581148e+00, time=2025-04-07 17:11:38 
jj1 = 13, max_th = 2.417684e+00, time=2025-04-07 17:11:52 
jj1 = 18, max_th = 1.656858e+00, time=2025-04-07 17:15:36 
jj1 = 23, max_th = 1.752050e+00, time=2025-04-07 17:16:07 
jj1 = 43, max_th = 2.102661e+00, time=2025-04-07 17:16:46 
jj1 = 12, max_th = 2.759568e+00, time=2025-04-07 17:18:23 
jj1 = 3, max_th = 2.459057e+00, time=2025-04-07 17:19:11 
jj1 = 58, max_th = 1.697979e+00, time=2025-04-07 17:19:19 
jj1 = 53, max_th = 1.946082e+00, time=2025-04-07 17:22:25 
jj1 = 22, max_th = 1.046736e+00, time=2025-04-07 17:23:17 
jj1 = 2, max_th = 1.090185e+00, time=2025-04-07 17:25:17 
jj1 = 32, max_th = 2.176467e+00, time=2025-04-07 17:25:55 
jj1 = 42, max_th = 2.725254e+00, time=2025-04-07 17:26:30 
jj1 = 28, max_th = 2.035666e+00, time=2025-04-07 17:26:32 
jj1 = 47, max_th = 1.607611e+00, time=2025-04-07 17:29:03 
jj1 = 52, max_th = 1.309355e+00, time=2025-04-07 17:29:11 
jj1 = 7, max_th = 2.100663e+00, time=2025-04-07 17:29:21 
jj1 = 31, max_th = 9.022294e-01, time=2025-04-07 17:29:25 
jj1 = 37, max_th = 1.564798e+00, time=2025-04-07 17:32:15 
jj1 = 17, max_th = 2.199685e+00, time=2025-04-07 17:34:23 
jj1 = 11, max_th = 2.298812e+00, time=2025-04-07 17:35:03 
jj1 = 21, max_th = 1.379694e+00, time=2025-04-07 17:35:50 
jj1 = 41, max_th = 1.286355e+00, time=2025-04-07 17:36:46 
jj1 = 6, max_th = 2.787562e+00, time=2025-04-07 17:36:48 
jj1 = 57, max_th = 2.139480e+00, time=2025-04-07 17:42:58 
jj1 = 36, max_th = 1.176845e+00, time=2025-04-07 17:43:29 
jj1 = 255, max_th = 2.879955e+00, time=2025-04-07 17:44:11 
jj1 = 1, max_th = 1.631299e+00, time=2025-04-07 17:45:57 
jj1 = 46, max_th = 2.388842e+00, time=2025-04-07 17:46:15 
jj1 = 411, max_th = 2.632208e+00, time=2025-04-07 17:47:26 
jj1 = 51, max_th = 1.561980e+00, time=2025-04-07 17:48:33 
jj1 = 16, max_th = 2.403259e+00, time=2025-04-07 17:49:35 
jj1 = 333, max_th = 1.707983e+00, time=2025-04-07 17:51:21 
jj1 = 216, max_th = 1.014624e+00, time=2025-04-07 17:54:58 
jj1 = 177, max_th = 1.810409e+00, time=2025-04-07 17:56:04 
jj1 = 372, max_th = 2.678471e+00, time=2025-04-07 17:57:10 
jj1 = 138, max_th = 1.618849e+00, time=2025-04-07 17:57:14 
jj1 = 27, max_th = 1.985622e+00, time=2025-04-07 17:57:18 
jj1 = 254, max_th = 2.443605e+00, time=2025-04-07 17:59:34 
jj1 = 56, max_th = 1.556576e+00, time=2025-04-07 18:01:07 
jj1 = 410, max_th = 1.631383e+00, time=2025-04-07 18:03:24 
jj1 = 215, max_th = 1.651810e+00, time=2025-04-07 18:06:17 
jj1 = 489, max_th = 1.211013e+00, time=2025-04-07 18:08:43 
jj1 = 99, max_th = 1.715424e+00, time=2025-04-07 18:09:24 
jj1 = 528, max_th = 1.341824e+00, time=2025-04-07 18:12:07 
jj1 = 26, max_th = 1.495267e+00, time=2025-04-07 18:12:15 
jj1 = 450, max_th = 1.942660e+00, time=2025-04-07 18:12:50 
jj1 = 176, max_th = 1.628196e+00, time=2025-04-07 18:13:28 
jj1 = 137, max_th = 1.290724e+00, time=2025-04-07 18:13:53 
jj1 = 449, max_th = 6.315001e-01, time=2025-04-07 18:14:48 
jj1 = 332, max_th = 2.127075e+00, time=2025-04-07 18:15:13 
jj1 = 136, max_th = 2.659409e+00, time=2025-04-07 18:17:20 
jj1 = 253, max_th = 1.602717e+00, time=2025-04-07 18:18:40 
jj1 = 331, max_th = 2.694683e+00, time=2025-04-07 18:21:39 
jj1 = 214, max_th = 1.950838e+00, time=2025-04-07 18:21:54 
jj1 = 98, max_th = 1.475901e+00, time=2025-04-07 18:22:35 
jj1 = 175, max_th = 1.744200e+00, time=2025-04-07 18:25:14 
jj1 = 409, max_th = 1.890628e+00, time=2025-04-07 18:26:13 
jj1 = 371, max_th = 1.986429e+00, time=2025-04-07 18:26:35 
jj1 = 294, max_th = 2.489070e+00, time=2025-04-07 18:27:12 
jj1 = 213, max_th = 1.328219e+00, time=2025-04-07 18:27:26 
jj1 = 174, max_th = 2.868571e+00, time=2025-04-07 18:29:52 
jj1 = 527, max_th = 2.220345e+00, time=2025-04-07 18:33:12 
jj1 = 135, max_th = 2.357125e+00, time=2025-04-07 18:35:51 
jj1 = 448, max_th = 2.382493e+00, time=2025-04-07 18:36:42 
jj1 = 330, max_th = 1.707652e+00, time=2025-04-07 18:37:11 
jj1 = 293, max_th = 1.411887e+00, time=2025-04-07 18:37:55 
jj1 = 488, max_th = 2.075469e+00, time=2025-04-07 18:38:42 
jj1 = 526, max_th = 1.300550e+00, time=2025-04-07 18:40:05 
jj1 = 212, max_th = 1.452234e+00, time=2025-04-07 18:41:33 
jj1 = 370, max_th = 2.469514e+00, time=2025-04-07 18:42:46 
jj1 = 252, max_th = 2.008083e+00, time=2025-04-07 18:44:03 
jj1 = 97, max_th = 2.302283e+00, time=2025-04-07 18:46:37 
jj1 = 173, max_th = 1.918841e+00, time=2025-04-07 18:46:42 
jj1 = 408, max_th = 2.209115e+00, time=2025-04-07 18:52:08 
jj1 = 525, max_th = 2.502438e+00, time=2025-04-07 18:53:45 
jj1 = 134, max_th = 2.183327e+00, time=2025-04-07 18:58:03 
jj1 = 369, max_th = 1.382628e+00, time=2025-04-07 18:58:20 
jj1 = 133, max_th = 3.352297e+00, time=2025-04-07 18:59:20 
jj1 = 487, max_th = 1.812983e+00, time=2025-04-07 19:00:41 
jj1 = 211, max_th = 1.605728e+00, time=2025-04-07 19:01:20 
jj1 = 292, max_th = 1.877446e+00, time=2025-04-07 19:01:39 
jj1 = 132, max_th = 7.445856e-01, time=2025-04-07 19:02:47 
jj1 = 407, max_th = 1.345817e+00, time=2025-04-07 19:02:58 
jj1 = 329, max_th = 1.563281e+00, time=2025-04-07 19:03:51 
jj1 = 172, max_th = 1.899780e+00, time=2025-04-07 19:04:42 
jj1 = 447, max_th = 2.233295e+00, time=2025-04-07 19:04:50 
jj1 = 524, max_th = 2.516253e+00, time=2025-04-07 19:08:30 
jj1 = 523, max_th = 3.369461e+00, time=2025-04-07 19:09:00 
jj1 = 210, max_th = 2.740483e+00, time=2025-04-07 19:09:30 
jj1 = 251, max_th = 1.841760e+00, time=2025-04-07 19:09:33 
jj1 = 96, max_th = 2.152092e+00, time=2025-04-07 19:10:04 
jj1 = 522, max_th = 2.811340e+00, time=2025-04-07 19:14:23 
jj1 = 250, max_th = 2.717254e+00, time=2025-04-07 19:17:55 
jj1 = 446, max_th = 2.349423e+00, time=2025-04-07 19:19:16 
jj1 = 328, max_th = 2.389536e+00, time=2025-04-07 19:20:24 
jj1 = 209, max_th = 1.355130e+00, time=2025-04-07 19:21:17 
jj1 = 406, max_th = 1.953332e+00, time=2025-04-07 19:23:43 
jj1 = 131, max_th = 2.370806e+00, time=2025-04-07 19:23:56 
jj1 = 368, max_th = 2.037647e+00, time=2025-04-07 19:24:08 
jj1 = 171, max_th = 1.768270e+00, time=2025-04-07 19:24:42 
jj1 = 95, max_th = 1.485696e+00, time=2025-04-07 19:26:16 
jj1 = 486, max_th = 1.866594e+00, time=2025-04-07 19:27:00 
jj1 = 521, max_th = 1.470906e+00, time=2025-04-07 19:29:27 
jj1 = 291, max_th = 2.129956e+00, time=2025-04-07 19:31:08 
jj1 = 445, max_th = 1.419966e+00, time=2025-04-07 19:31:08 
jj1 = 208, max_th = 2.783066e+00, time=2025-04-07 19:32:50 
jj1 = 367, max_th = 2.484019e+00, time=2025-04-07 19:32:50 
jj1 = 290, max_th = 1.020080e+00, time=2025-04-07 19:33:47 
jj1 = 327, max_th = 2.360443e+00, time=2025-04-07 19:37:18 
jj1 = 249, max_th = 2.121424e+00, time=2025-04-07 19:39:32 
jj1 = 130, max_th = 1.485477e+00, time=2025-04-07 19:41:06 
jj1 = 170, max_th = 1.613525e+00, time=2025-04-07 19:43:00 
jj1 = 485, max_th = 1.580077e+00, time=2025-04-07 19:45:40 
jj1 = 405, max_th = 1.758243e+00, time=2025-04-07 19:46:21 
jj1 = 520, max_th = 1.750485e+00, time=2025-04-07 19:46:53 
jj1 = 207, max_th = 2.202683e+00, time=2025-04-07 19:47:22 
jj1 = 169, max_th = 1.114551e+00, time=2025-04-07 19:48:14 
jj1 = 366, max_th = 2.308149e+00, time=2025-04-07 19:48:28 
jj1 = 94, max_th = 2.038414e+00, time=2025-04-07 19:48:46 
jj1 = 365, max_th = -2.876714e-03, time=2025-04-07 19:49:21 
jj1 = 289, max_th = 1.547618e+00, time=2025-04-07 19:49:26 
jj1 = 248, max_th = 1.330181e+00, time=2025-04-07 19:51:58 
jj1 = 444, max_th = 2.033899e+00, time=2025-04-07 19:53:50 
jj1 = 288, max_th = 1.188270e+00, time=2025-04-07 19:57:16 
jj1 = 484, max_th = 2.051168e+00, time=2025-04-07 20:00:05 
jj1 = 519, max_th = 1.872951e+00, time=2025-04-07 20:00:15 
jj1 = 93, max_th = 2.607739e+00, time=2025-04-07 20:00:37 
jj1 = 168, max_th = 1.294188e+00, time=2025-04-07 20:01:10 
jj1 = 129, max_th = 2.136876e+00, time=2025-04-07 20:04:26 
jj1 = 206, max_th = 2.424079e+00, time=2025-04-07 20:04:42 
jj1 = 404, max_th = 1.952189e+00, time=2025-04-07 20:07:11 
jj1 = 364, max_th = 1.795320e+00, time=2025-04-07 20:09:06 
jj1 = 363, max_th = 3.488558e-01, time=2025-04-07 20:09:40 
jj1 = 287, max_th = 1.411437e+00, time=2025-04-07 20:11:11 
jj1 = 362, max_th = 5.247606e-01, time=2025-04-07 20:13:26 
jj1 = 247, max_th = 1.571610e+00, time=2025-04-07 20:14:00 
jj1 = 443, max_th = 2.210758e+00, time=2025-04-07 20:17:03 
jj1 = 483, max_th = 1.615431e+00, time=2025-04-07 20:18:48 
jj1 = 518, max_th = 1.754195e+00, time=2025-04-07 20:19:59 
jj1 = 128, max_th = 2.141926e+00, time=2025-04-07 20:20:27 
jj1 = 92, max_th = 2.133554e+00, time=2025-04-07 20:21:54 
jj1 = 167, max_th = 2.134961e+00, time=2025-04-07 20:24:03 
jj1 = 286, max_th = 2.100094e+00, time=2025-04-07 20:25:45 
jj1 = 403, max_th = 1.629084e+00, time=2025-04-07 20:26:18 
jj1 = 246, max_th = 2.557935e+00, time=2025-04-07 20:26:28 
jj1 = 166, max_th = 4.167721e-01, time=2025-04-07 20:27:20 
jj1 = 205, max_th = 1.872669e+00, time=2025-04-07 20:30:29 
jj1 = 245, max_th = 1.026134e+00, time=2025-04-07 20:31:42 
jj1 = 326, max_th = 1.931562e+00, time=2025-04-07 20:32:13 
jj1 = 285, max_th = 1.133312e+00, time=2025-04-07 20:32:59 
jj1 = 402, max_th = 2.429245e+00, time=2025-04-07 20:38:12 
jj1 = 482, max_th = 2.110517e+00, time=2025-04-07 20:39:56 
jj1 = 517, max_th = 1.706924e+00, time=2025-04-07 20:40:33 
jj1 = 361, max_th = 2.170261e+00, time=2025-04-07 20:41:51 
jj1 = 127, max_th = 1.946218e+00, time=2025-04-07 20:42:04 
jj1 = 244, max_th = 1.153640e+00, time=2025-04-07 20:42:39 
jj1 = 442, max_th = 2.179036e+00, time=2025-04-07 20:43:55 
jj1 = 204, max_th = 1.543606e+00, time=2025-04-07 20:45:07 
jj1 = 325, max_th = 1.319359e+00, time=2025-04-07 20:48:33 
jj1 = 284, max_th = 2.471188e+00, time=2025-04-07 20:49:14 
jj1 = 91, max_th = 2.331607e+00, time=2025-04-07 20:50:13 
jj1 = 360, max_th = 2.519894e+00, time=2025-04-07 20:53:01 
jj1 = 165, max_th = 1.616264e+00, time=2025-04-07 20:53:11 
jj1 = 401, max_th = 2.312336e+00, time=2025-04-07 20:55:21 
jj1 = 516, max_th = 1.707601e+00, time=2025-04-07 20:57:40 
jj1 = 243, max_th = 1.860062e+00, time=2025-04-07 21:02:20 
jj1 = 324, max_th = 2.396298e+00, time=2025-04-07 21:02:57 
jj1 = 441, max_th = 1.818967e+00, time=2025-04-07 21:06:25 
jj1 = 126, max_th = 1.885077e+00, time=2025-04-07 21:06:33 
jj1 = 90, max_th = 2.566284e+00, time=2025-04-07 21:06:55 
jj1 = 203, max_th = 1.966709e+00, time=2025-04-07 21:07:05 
jj1 = 164, max_th = 1.429396e+00, time=2025-04-07 21:09:12 
jj1 = 481, max_th = 2.439181e+00, time=2025-04-07 21:10:40 
jj1 = 283, max_th = 1.774601e+00, time=2025-04-07 21:10:58 
jj1 = 359, max_th = 2.405027e+00, time=2025-04-07 21:13:26 
jj1 = 89, max_th = 1.328607e+00, time=2025-04-07 21:15:15 
jj1 = 400, max_th = 1.835461e+00, time=2025-04-07 21:15:20 
jj1 = 515, max_th = 2.409040e+00, time=2025-04-07 21:16:10 
jj1 = 440, max_th = 2.406208e+00, time=2025-04-07 21:22:09 
jj1 = 242, max_th = 1.995771e+00, time=2025-04-07 21:23:59 
jj1 = 125, max_th = 2.152828e+00, time=2025-04-07 21:24:39 
jj1 = 323, max_th = 2.214544e+00, time=2025-04-07 21:25:27 
jj1 = 163, max_th = 2.045366e+00, time=2025-04-07 21:29:41 
jj1 = 202, max_th = 1.742386e+00, time=2025-04-07 21:29:42 
jj1 = 358, max_th = 1.899414e+00, time=2025-04-07 21:30:32 
jj1 = 201, max_th = 3.155199e+00, time=2025-04-07 21:31:02 
jj1 = 399, max_th = 1.807862e+00, time=2025-04-07 21:36:11 
jj1 = 88, max_th = 1.706520e+00, time=2025-04-07 21:36:39 
jj1 = 282, max_th = 2.112216e+00, time=2025-04-07 21:37:59 
jj1 = 480, max_th = 2.185609e+00, time=2025-04-07 21:41:16 
jj1 = 322, max_th = 2.425303e+00, time=2025-04-07 21:42:55 
jj1 = 124, max_th = 1.862354e+00, time=2025-04-07 21:43:44 
jj1 = 514, max_th = 1.818657e+00, time=2025-04-07 21:44:09 
jj1 = 357, max_th = 1.589268e+00, time=2025-04-07 21:45:16 
jj1 = 241, max_th = 2.091767e+00, time=2025-04-07 21:45:53 
jj1 = 439, max_th = 1.866662e+00, time=2025-04-07 21:46:43 
jj1 = 162, max_th = 1.844493e+00, time=2025-04-07 21:51:00 
jj1 = 200, max_th = 1.913926e+00, time=2025-04-07 21:53:15 
jj1 = 281, max_th = 1.648191e+00, time=2025-04-07 21:53:55 
jj1 = 161, max_th = 2.871778e+00, time=2025-04-07 21:57:49 
jj1 = 87, max_th = 2.054383e+00, time=2025-04-07 21:58:08 
jj1 = 398, max_th = 2.158648e+00, time=2025-04-07 21:59:42 
jj1 = 240, max_th = 2.301624e+00, time=2025-04-07 22:00:49 
jj1 = 513, max_th = 2.309342e+00, time=2025-04-07 22:00:57 
jj1 = 397, max_th = 3.013923e+00, time=2025-04-07 22:02:08 
jj1 = 86, max_th = 1.392132e+00, time=2025-04-07 22:03:00 
jj1 = 123, max_th = 2.210527e+00, time=2025-04-07 22:03:27 
jj1 = 321, max_th = 1.615477e+00, time=2025-04-07 22:03:41 
jj1 = 479, max_th = 2.127838e+00, time=2025-04-07 22:04:52 
jj1 = 356, max_th = 2.152751e+00, time=2025-04-07 22:06:23 
jj1 = 438, max_th = 1.931707e+00, time=2025-04-07 22:08:16 
jj1 = 280, max_th = 2.312009e+00, time=2025-04-07 22:11:41 
jj1 = 320, max_th = 1.147884e+00, time=2025-04-07 22:11:41 
jj1 = 160, max_th = 2.478586e+00, time=2025-04-07 22:11:57 
jj1 = 355, max_th = 2.861651e+00, time=2025-04-07 22:12:11 
jj1 = 199, max_th = 2.308151e+00, time=2025-04-07 22:12:14 
jj1 = 396, max_th = 2.594919e+00, time=2025-04-07 22:12:30 
jj1 = 437, max_th = 6.376202e-01, time=2025-04-07 22:12:40 
jj1 = 239, max_th = 1.468270e+00, time=2025-04-07 22:15:55 
jj1 = 85, max_th = 2.458612e+00, time=2025-04-07 22:20:50 
jj1 = 512, max_th = 1.943476e+00, time=2025-04-07 22:23:05 
jj1 = 122, max_th = 2.019356e+00, time=2025-04-07 22:24:00 
jj1 = 319, max_th = 2.517991e+00, time=2025-04-07 22:24:11 
jj1 = 238, max_th = 2.654059e+00, time=2025-04-07 22:26:22 
jj1 = 395, max_th = 1.568366e+00, time=2025-04-07 22:27:22 
jj1 = 478, max_th = 2.265070e+00, time=2025-04-07 22:27:52 
jj1 = 511, max_th = 2.581334e+00, time=2025-04-07 22:33:39 
jj1 = 159, max_th = 2.204935e+00, time=2025-04-07 22:35:07 
jj1 = 84, max_th = 2.615090e+00, time=2025-04-07 22:35:28 
jj1 = 198, max_th = 2.096431e+00, time=2025-04-07 22:36:20 
jj1 = 279, max_th = 1.814841e+00, time=2025-04-07 22:36:32 
jj1 = 354, max_th = 1.762340e+00, time=2025-04-07 22:37:41 
jj1 = 436, max_th = 1.971327e+00, time=2025-04-07 22:39:02 
jj1 = 318, max_th = 1.629043e+00, time=2025-04-07 22:39:21 
jj1 = 121, max_th = 1.516906e+00, time=2025-04-07 22:40:50 
jj1 = 510, max_th = 1.097195e+00, time=2025-04-07 22:41:11 
jj1 = 477, max_th = 1.432685e+00, time=2025-04-07 22:41:15 
jj1 = 158, max_th = 1.024521e+00, time=2025-04-07 22:44:55 
jj1 = 394, max_th = 2.157802e+00, time=2025-04-07 22:47:15 
jj1 = 237, max_th = 1.990051e+00, time=2025-04-07 22:48:24 
jj1 = 317, max_th = 1.404947e+00, time=2025-04-07 22:51:33 
jj1 = 509, max_th = 2.475184e+00, time=2025-04-07 22:54:59 
jj1 = 236, max_th = 1.057387e+00, time=2025-04-07 22:55:11 
jj1 = 278, max_th = 2.271760e+00, time=2025-04-07 22:57:28 
jj1 = 197, max_th = 2.395496e+00, time=2025-04-07 22:58:05 
jj1 = 353, max_th = 2.773004e+00, time=2025-04-07 22:59:03 
jj1 = 83, max_th = 2.133510e+00, time=2025-04-07 22:59:07 
jj1 = 316, max_th = 1.327420e+00, time=2025-04-07 22:59:57 
jj1 = 120, max_th = 1.780656e+00, time=2025-04-07 23:00:49 
jj1 = 157, max_th = 1.850810e+00, time=2025-04-07 23:02:59 
jj1 = 476, max_th = 2.238996e+00, time=2025-04-07 23:04:26 
jj1 = 277, max_th = 1.128051e+00, time=2025-04-07 23:05:08 
jj1 = 435, max_th = 1.875761e+00, time=2025-04-07 23:05:12 
jj1 = 196, max_th = 1.133975e+00, time=2025-04-07 23:05:43 
jj1 = 393, max_th = 2.280646e+00, time=2025-04-07 23:06:26 
jj1 = 508, max_th = 2.452973e+00, time=2025-04-07 23:10:31 
jj1 = 352, max_th = 2.213102e+00, time=2025-04-07 23:11:08 
jj1 = 235, max_th = 2.301060e+00, time=2025-04-07 23:14:28 
jj1 = 392, max_th = 2.755893e+00, time=2025-04-07 23:14:35 
jj1 = 391, max_th = 1.117186e+00, time=2025-04-07 23:19:38 
jj1 = 156, max_th = 1.752439e+00, time=2025-04-07 23:21:14 
jj1 = 276, max_th = 1.706319e+00, time=2025-04-07 23:21:40 
jj1 = 82, max_th = 2.007032e+00, time=2025-04-07 23:22:22 
jj1 = 119, max_th = 1.824029e+00, time=2025-04-07 23:23:27 
jj1 = 195, max_th = 1.745678e+00, time=2025-04-07 23:23:26 
jj1 = 315, max_th = 1.986640e+00, time=2025-04-07 23:23:56 
jj1 = 475, max_th = 1.975143e+00, time=2025-04-07 23:25:57 
jj1 = 194, max_th = 1.208536e+00, time=2025-04-07 23:27:17 
jj1 = 507, max_th = 1.653879e+00, time=2025-04-07 23:27:36 
jj1 = 434, max_th = 1.870336e+00, time=2025-04-07 23:28:12 
jj1 = 314, max_th = 2.612643e+00, time=2025-04-07 23:32:27 
jj1 = 275, max_th = 2.463493e+00, time=2025-04-07 23:34:12 
jj1 = 351, max_th = 1.898054e+00, time=2025-04-07 23:34:34 
jj1 = 234, max_th = 2.243702e+00, time=2025-04-07 23:35:14 
jj1 = 313, max_th = 3.027352e+00, time=2025-04-07 23:36:26 
jj1 = 274, max_th = 2.994446e+00, time=2025-04-07 23:36:52 
jj1 = 155, max_th = 1.560315e+00, time=2025-04-07 23:37:14 
jj1 = 390, max_th = 1.904673e+00, time=2025-04-07 23:38:57 
jj1 = 193, max_th = 2.562361e+00, time=2025-04-07 23:39:57 
jj1 = 81, max_th = 2.296981e+00, time=2025-04-07 23:41:22 
jj1 = 350, max_th = 9.239395e-01, time=2025-04-07 23:41:54 
jj1 = 506, max_th = 2.336303e+00, time=2025-04-07 23:46:09 
jj1 = 474, max_th = 2.382487e+00, time=2025-04-07 23:46:10 
jj1 = 118, max_th = 1.827321e+00, time=2025-04-07 23:47:01 
jj1 = 154, max_th = 2.445617e+00, time=2025-04-07 23:48:12 
jj1 = 80, max_th = 2.699014e+00, time=2025-04-07 23:50:57 
jj1 = 349, max_th = 2.768785e+00, time=2025-04-07 23:51:12 
jj1 = 192, max_th = 1.407054e+00, time=2025-04-07 23:52:07 
jj1 = 389, max_th = 2.475643e+00, time=2025-04-07 23:54:11 
jj1 = 273, max_th = 1.592839e+00, time=2025-04-07 23:55:11 
jj1 = 233, max_th = 1.679846e+00, time=2025-04-07 23:56:24 
jj1 = 272, max_th = 3.098775e+00, time=2025-04-07 23:56:29 
jj1 = 117, max_th = 1.417681e+00, time=2025-04-07 23:57:34 
jj1 = 473, max_th = 2.703725e+00, time=2025-04-07 23:57:59 
jj1 = 312, max_th = 2.110485e+00, time=2025-04-07 23:58:05 
jj1 = 271, max_th = 2.988171e+00, time=2025-04-07 23:59:22 
jj1 = 388, max_th = 1.391795e+00, time=2025-04-08 00:00:25 
jj1 = 79, max_th = 3.494913e+00, time=2025-04-08 00:00:30 
jj1 = 78, max_th = 4.414541e+00, time=2025-04-08 00:02:24 
jj1 = 505, max_th = 1.916543e+00, time=2025-04-08 00:05:34 
jj1 = 348, max_th = 1.847899e+00, time=2025-04-08 00:06:54 
jj1 = 153, max_th = 2.251435e+00, time=2025-04-08 00:07:25 
jj1 = 311, max_th = 1.297189e+00, time=2025-04-08 00:07:32 
jj1 = 191, max_th = 2.393988e+00, time=2025-04-08 00:08:02 
jj1 = 190, max_th = 1.237231e+00, time=2025-04-08 00:15:32 
jj1 = 504, max_th = 2.665147e+00, time=2025-04-08 00:15:47 
jj1 = 472, max_th = 2.338922e+00, time=2025-04-08 00:16:14 
jj1 = 116, max_th = 1.923991e+00, time=2025-04-08 00:17:10 
jj1 = 387, max_th = 1.617614e+00, time=2025-04-08 00:17:12 
jj1 = 232, max_th = 2.285392e+00, time=2025-04-08 00:17:26 
jj1 = 310, max_th = 1.091582e+00, time=2025-04-08 00:20:07 
jj1 = 270, max_th = 2.223973e+00, time=2025-04-08 00:21:31 
jj1 = 433, max_th = 1.261947e+00, time=2025-04-08 00:21:50 
jj1 = 432, max_th = 8.309629e-01, time=2025-04-08 00:24:38 
jj1 = 77, max_th = 1.881885e+00, time=2025-04-08 00:25:58 
jj1 = 152, max_th = 2.283805e+00, time=2025-04-08 00:27:18 
jj1 = 151, max_th = 3.326421e+00, time=2025-04-08 00:27:56 
jj1 = 347, max_th = 1.766655e+00, time=2025-04-08 00:29:44 
jj1 = 503, max_th = 1.468777e+00, time=2025-04-08 00:30:18 
jj1 = 231, max_th = 2.496201e+00, time=2025-04-08 00:33:06 
jj1 = 189, max_th = 1.786102e+00, time=2025-04-08 00:35:36 
jj1 = 386, max_th = 2.213100e+00, time=2025-04-08 00:36:37 
jj1 = 150, max_th = 1.091622e+00, time=2025-04-08 00:37:15 
jj1 = 309, max_th = 1.631770e+00, time=2025-04-08 00:37:26 
jj1 = 269, max_th = 1.582574e+00, time=2025-04-08 00:40:21 
jj1 = 471, max_th = 1.977693e+00, time=2025-04-08 00:40:57 
jj1 = 308, max_th = 2.868959e+00, time=2025-04-08 00:42:20 
jj1 = 115, max_th = 2.058349e+00, time=2025-04-08 00:43:04 
jj1 = 502, max_th = 1.313980e+00, time=2025-04-08 00:43:05 
jj1 = 346, max_th = 2.342929e+00, time=2025-04-08 00:46:27 
jj1 = 431, max_th = 1.953675e+00, time=2025-04-08 00:47:27 
jj1 = 470, max_th = 2.480936e+00, time=2025-04-08 00:50:33 
jj1 = 188, max_th = 1.478698e+00, time=2025-04-08 00:50:53 
jj1 = 230, max_th = 1.595345e+00, time=2025-04-08 00:51:09 
jj1 = 430, max_th = 2.768739e+00, time=2025-04-08 00:53:02 
jj1 = 149, max_th = 2.419643e+00, time=2025-04-08 00:54:42 
jj1 = 229, max_th = 9.317967e-01, time=2025-04-08 00:55:28 
jj1 = 114, max_th = 2.525241e+00, time=2025-04-08 00:56:18 
jj1 = 268, max_th = 1.688398e+00, time=2025-04-08 00:58:21 
jj1 = 187, max_th = 1.193813e+00, time=2025-04-08 00:59:21 
jj1 = 385, max_th = 1.823661e+00, time=2025-04-08 00:59:44 
jj1 = 501, max_th = 2.160113e+00, time=2025-04-08 01:06:12 
jj1 = 307, max_th = 2.028695e+00, time=2025-04-08 01:07:53 
jj1 = 384, max_th = 1.099079e+00, time=2025-04-08 01:08:46 
jj1 = 267, max_th = 2.452540e+00, time=2025-04-08 01:11:47 
jj1 = 345, max_th = 1.823069e+00, time=2025-04-08 01:12:13 
jj1 = 429, max_th = 1.727652e+00, time=2025-04-08 01:13:13 
jj1 = 148, max_th = 1.635782e+00, time=2025-04-08 01:14:39 
jj1 = 228, max_th = 2.342453e+00, time=2025-04-08 01:14:43 
jj1 = 469, max_th = 2.115229e+00, time=2025-04-08 01:15:02 
jj1 = 147, max_th = -8.911662e-02, time=2025-04-08 01:15:23 
jj1 = 113, max_th = 1.470956e+00, time=2025-04-08 01:16:26 
jj1 = 428, max_th = 1.168903e+00, time=2025-04-08 01:17:57 
jj1 = 112, max_th = 2.979163e+00, time=2025-04-08 01:19:08 
jj1 = 186, max_th = 2.065549e+00, time=2025-04-08 01:19:42 
jj1 = 227, max_th = 2.629396e+00, time=2025-04-08 01:23:37 
jj1 = 266, max_th = 1.601000e+00, time=2025-04-08 01:26:17 
jj1 = 76, max_th = 2.216198e+00, time=2025-04-08 01:26:23 
jj1 = 306, max_th = 1.762844e+00, time=2025-04-08 01:28:40 
jj1 = 383, max_th = 1.874605e+00, time=2025-04-08 01:30:41 
jj1 = 344, max_th = 2.360026e+00, time=2025-04-08 01:30:47 
jj1 = 500, max_th = 2.216911e+00, time=2025-04-08 01:31:17 
jj1 = 111, max_th = 1.550795e+00, time=2025-04-08 01:31:42 
jj1 = 146, max_th = 1.405568e+00, time=2025-04-08 01:31:45 
jj1 = 382, max_th = 3.277151e+00, time=2025-04-08 01:31:55 
jj1 = 185, max_th = 1.449368e+00, time=2025-04-08 01:33:05 
jj1 = 468, max_th = 1.541325e+00, time=2025-04-08 01:34:22 
jj1 = 145, max_th = 2.900538e+00, time=2025-04-08 01:35:41 
jj1 = 305, max_th = 2.769197e+00, time=2025-04-08 01:36:05 
jj1 = 427, max_th = 2.427106e+00, time=2025-04-08 01:37:07 
jj1 = 265, max_th = 1.380725e+00, time=2025-04-08 01:37:54 
jj1 = 499, max_th = 2.787461e+00, time=2025-04-08 01:39:47 
jj1 = 264, max_th = 8.579053e-01, time=2025-04-08 01:40:52 
jj1 = 226, max_th = 1.523673e+00, time=2025-04-08 01:41:29 
jj1 = 381, max_th = 2.711123e+00, time=2025-04-08 01:42:55 
jj1 = 110, max_th = 1.260281e+00, time=2025-04-08 01:45:23 
jj1 = 343, max_th = 2.418175e+00, time=2025-04-08 01:47:40 
jj1 = 304, max_th = 1.484500e+00, time=2025-04-08 01:48:43 
jj1 = 184, max_th = 2.471948e+00, time=2025-04-08 01:49:07 
jj1 = 75, max_th = 1.945623e+00, time=2025-04-08 01:50:15 
jj1 = 74, max_th = 2.863813e+00, time=2025-04-08 01:55:32 
jj1 = 342, max_th = 1.184700e+00, time=2025-04-08 01:55:47 
jj1 = 225, max_th = 1.595776e+00, time=2025-04-08 01:56:19 
jj1 = 498, max_th = 2.412340e+00, time=2025-04-08 01:58:34 
jj1 = 426, max_th = 2.111385e+00, time=2025-04-08 02:00:01 
jj1 = 467, max_th = 1.725098e+00, time=2025-04-08 02:02:29 
jj1 = 183, max_th = 2.442171e+00, time=2025-04-08 02:02:38 
jj1 = 263, max_th = 1.770502e+00, time=2025-04-08 02:03:39 
jj1 = 380, max_th = 2.240036e+00, time=2025-04-08 02:03:59 
jj1 = 109, max_th = 1.900456e+00, time=2025-04-08 02:08:02 
jj1 = 144, max_th = 1.907651e+00, time=2025-04-08 02:08:08 
jj1 = 303, max_th = 2.194802e+00, time=2025-04-08 02:08:53 
jj1 = 497, max_th = 2.510807e+00, time=2025-04-08 02:11:34 
jj1 = 73, max_th = 1.465036e+00, time=2025-04-08 02:12:48 
jj1 = 182, max_th = 1.368928e+00, time=2025-04-08 02:14:16 
jj1 = 341, max_th = 2.465531e+00, time=2025-04-08 02:16:06 
jj1 = 181, max_th = 2.935135e+00, time=2025-04-08 02:18:35 
jj1 = 262, max_th = 2.426584e+00, time=2025-04-08 02:19:26 
jj1 = 108, max_th = 2.680301e+00, time=2025-04-08 02:19:30 
jj1 = 224, max_th = 1.789514e+00, time=2025-04-08 02:20:33 
jj1 = 466, max_th = 2.263562e+00, time=2025-04-08 02:20:58 
jj1 = 425, max_th = 2.209723e+00, time=2025-04-08 02:22:40 
jj1 = 379, max_th = 2.410191e+00, time=2025-04-08 02:23:39 
jj1 = 223, max_th = -8.459731e-02, time=2025-04-08 02:24:12 
jj1 = 143, max_th = 2.001975e+00, time=2025-04-08 02:28:01 
jj1 = 340, max_th = 2.576438e+00, time=2025-04-08 02:28:36 
jj1 = 302, max_th = 1.652761e+00, time=2025-04-08 02:28:49 
jj1 = 261, max_th = 2.638294e+00, time=2025-04-08 02:29:11 
jj1 = 107, max_th = 2.820289e+00, time=2025-04-08 02:31:13 
jj1 = 106, max_th = 6.425649e-01, time=2025-04-08 02:32:48 
jj1 = 496, max_th = 2.415469e+00, time=2025-04-08 02:34:51 
jj1 = 424, max_th = 2.591031e+00, time=2025-04-08 02:35:13 
jj1 = 72, max_th = 2.081239e+00, time=2025-04-08 02:37:31 
jj1 = 180, max_th = 1.597909e+00, time=2025-04-08 02:38:18 
jj1 = 465, max_th = 2.444855e+00, time=2025-04-08 02:38:52 
jj1 = 179, max_th = 3.275457e+00, time=2025-04-08 02:39:05 
jj1 = 378, max_th = 1.876410e+00, time=2025-04-08 02:41:05 
jj1 = 339, max_th = 2.009695e+00, time=2025-04-08 02:47:59 
jj1 = 142, max_th = 2.320079e+00, time=2025-04-08 02:50:13 
jj1 = 178, max_th = 2.568380e+00, time=2025-04-08 02:51:33 
jj1 = 301, max_th = 1.980733e+00, time=2025-04-08 02:52:47 
jj1 = 260, max_th = 2.016738e+00, time=2025-04-08 02:53:09 
jj1 = 105, max_th = 2.207511e+00, time=2025-04-08 02:55:18 
jj1 = 495, max_th = 1.778301e+00, time=2025-04-08 02:56:16 
jj1 = 423, max_th = 2.103869e+00, time=2025-04-08 02:57:06 
jj1 = 71, max_th = 2.236480e+00, time=2025-04-08 02:58:18 
jj1 = 104, max_th = 3.015131e+00, time=2025-04-08 02:58:58 
jj1 = 377, max_th = 1.553103e+00, time=2025-04-08 02:59:22 
jj1 = 338, max_th = 2.365315e+00, time=2025-04-08 03:02:56 
jj1 = 464, max_th = 2.039306e+00, time=2025-04-08 03:03:31 
jj1 = 463, max_th = 2.981957e+00, time=2025-04-08 03:06:38 
jj1 = 728, max_th = 2.148877e+00, time=2025-04-08 03:06:41 
jj1 = 222, max_th = 2.269188e+00, time=2025-04-08 03:06:43 
jj1 = 422, max_th = 2.396332e+00, time=2025-04-08 03:09:26 
jj1 = 259, max_th = 2.204308e+00, time=2025-04-08 03:11:59 
jj1 = 300, max_th = 2.384320e+00, time=2025-04-08 03:12:06 
jj1 = 141, max_th = 2.097078e+00, time=2025-04-08 03:12:44 
jj1 = 103, max_th = 2.405592e+00, time=2025-04-08 03:15:04 
jj1 = 70, max_th = 1.675385e+00, time=2025-04-08 03:16:35 
jj1 = 421, max_th = 2.777839e+00, time=2025-04-08 03:17:53 
jj1 = 337, max_th = 2.309437e+00, time=2025-04-08 03:18:34 
jj1 = 376, max_th = 1.792474e+00, time=2025-04-08 03:21:00 
jj1 = 258, max_th = 2.651127e+00, time=2025-04-08 03:21:58 
jj1 = 727, max_th = 2.295334e+00, time=2025-04-08 03:23:50 
jj1 = 140, max_th = 2.633684e+00, time=2025-04-08 03:24:17 
jj1 = 299, max_th = 2.389305e+00, time=2025-04-08 03:25:47 
jj1 = 494, max_th = 1.955362e+00, time=2025-04-08 03:26:50 
jj1 = 221, max_th = 1.993297e+00, time=2025-04-08 03:28:57 
jj1 = 102, max_th = 2.410528e+00, time=2025-04-08 03:29:35 
jj1 = 462, max_th = 2.171574e+00, time=2025-04-08 03:30:34 
jj1 = 336, max_th = 2.153642e+00, time=2025-04-08 03:35:52 
jj1 = 69, max_th = 1.627509e+00, time=2025-04-08 03:38:39 
jj1 = 257, max_th = 1.608032e+00, time=2025-04-08 03:39:02 
jj1 = 298, max_th = 1.754010e+00, time=2025-04-08 03:39:15 
jj1 = 375, max_th = 2.662671e+00, time=2025-04-08 03:39:53 
jj1 = 420, max_th = 1.772625e+00, time=2025-04-08 03:43:34 
jj1 = 461, max_th = 1.949735e+00, time=2025-04-08 03:43:47 
jj1 = 220, max_th = 1.642309e+00, time=2025-04-08 03:44:21 
jj1 = 460, max_th = 3.257826e+00, time=2025-04-08 03:45:30 
jj1 = 493, max_th = 1.585013e+00, time=2025-04-08 03:46:35 
jj1 = 726, max_th = 2.074286e+00, time=2025-04-08 03:46:39 
jj1 = 139, max_th = 1.951091e+00, time=2025-04-08 03:46:58 
jj1 = 335, max_th = 1.585843e+00, time=2025-04-08 03:51:03 
jj1 = 68, max_th = 1.373347e+00, time=2025-04-08 03:51:27 
jj1 = 492, max_th = 2.891298e+00, time=2025-04-08 03:51:27 
jj1 = 374, max_th = 2.771627e+00, time=2025-04-08 03:52:06 
jj1 = 297, max_th = 1.490729e+00, time=2025-04-08 03:54:37 
jj1 = 219, max_th = 1.567793e+00, time=2025-04-08 04:00:47 
jj1 = 256, max_th = 2.024773e+00, time=2025-04-08 04:03:09 
jj1 = 419, max_th = 2.216423e+00, time=2025-04-08 04:03:18 
jj1 = 373, max_th = 1.252481e+00, time=2025-04-08 04:05:06 
jj1 = 568, max_th = 1.801922e+00, time=2025-04-08 04:05:46 
jj1 = 101, max_th = 2.196134e+00, time=2025-04-08 04:05:54 
jj1 = 418, max_th = 3.123430e+00, time=2025-04-08 04:07:28 
jj1 = 725, max_th = 2.285343e+00, time=2025-04-08 04:08:28 
jj1 = 608, max_th = 3.019891e+00, time=2025-04-08 04:09:25 
jj1 = 334, max_th = 2.222930e+00, time=2025-04-08 04:10:46 
jj1 = 459, max_th = 2.477358e+00, time=2025-04-08 04:12:09 
jj1 = 218, max_th = 1.445609e+00, time=2025-04-08 04:13:19 
jj1 = 67, max_th = 1.808950e+00, time=2025-04-08 04:14:53 
jj1 = 296, max_th = 2.323998e+00, time=2025-04-08 04:15:18 
jj1 = 491, max_th = 1.980773e+00, time=2025-04-08 04:16:29 
jj1 = 458, max_th = 1.753333e+00, time=2025-04-08 04:26:33 
jj1 = 417, max_th = 2.049247e+00, time=2025-04-08 04:26:43 
jj1 = 607, max_th = 2.147037e+00, time=2025-04-08 04:28:23 
jj1 = 217, max_th = 1.649078e+00, time=2025-04-08 04:29:28 
jj1 = 100, max_th = 2.132805e+00, time=2025-04-08 04:29:31 
jj1 = 768, max_th = 2.080168e+00, time=2025-04-08 04:29:46 
jj1 = 648, max_th = 2.319036e+00, time=2025-04-08 04:30:41 
jj1 = 457, max_th = 9.319520e-01, time=2025-04-08 04:32:44 
jj1 = 416, max_th = 1.195195e+00, time=2025-04-08 04:32:48 
jj1 = 724, max_th = 2.136564e+00, time=2025-04-08 04:32:49 
jj1 = 567, max_th = 1.877936e+00, time=2025-04-08 04:34:34 
jj1 = 66, max_th = 2.162063e+00, time=2025-04-08 04:37:42 
jj1 = 767, max_th = 2.363801e+00, time=2025-04-08 04:39:02 
jj1 = 490, max_th = 1.975386e+00, time=2025-04-08 04:40:23 
jj1 = 295, max_th = 2.095977e+00, time=2025-04-08 04:41:48 
jj1 = 65, max_th = 2.550141e+00, time=2025-04-08 04:47:40 
jj1 = 456, max_th = 1.649323e+00, time=2025-04-08 04:48:36 
jj1 = 723, max_th = 2.098844e+00, time=2025-04-08 04:50:13 
jj1 = 606, max_th = 1.981997e+00, time=2025-04-08 04:52:03 
jj1 = 415, max_th = 2.386711e+00, time=2025-04-08 04:52:19 
jj1 = 766, max_th = 1.594790e+00, time=2025-04-08 04:54:38 
jj1 = 722, max_th = 1.056551e+00, time=2025-04-08 04:54:51 
jj1 = 628, max_th = 2.175252e+00, time=2025-04-08 04:55:05 
jj1 = 588, max_th = 1.934964e+00, time=2025-04-08 04:56:13 
jj1 = 566, max_th = 1.874157e+00, time=2025-04-08 04:56:16 
jj1 = 765, max_th = 1.029332e+00, time=2025-04-08 05:00:14 
jj1 = 64, max_th = 2.459729e+00, time=2025-04-08 05:00:31 
jj1 = 647, max_th = 1.582859e+00, time=2025-04-08 05:01:08 
jj1 = 548, max_th = 2.183530e+00, time=2025-04-08 05:06:05 
jj1 = 721, max_th = 2.663586e+00, time=2025-04-08 05:07:02 
jj1 = 748, max_th = 2.134270e+00, time=2025-04-08 05:07:22 
jj1 = 720, max_th = 3.616415e+00, time=2025-04-08 05:09:29 
jj1 = 605, max_th = 2.192887e+00, time=2025-04-08 05:12:35 
jj1 = 646, max_th = 1.123759e+00, time=2025-04-08 05:12:45 
jj1 = 455, max_th = 2.053954e+00, time=2025-04-08 05:13:19 
jj1 = 627, max_th = 2.417809e+00, time=2025-04-08 05:13:26 
jj1 = 645, max_th = 2.699689e+00, time=2025-04-08 05:14:54 
jj1 = 414, max_th = 1.802897e+00, time=2025-04-08 05:15:38 
jj1 = 565, max_th = 1.623295e+00, time=2025-04-08 05:15:43 
jj1 = 547, max_th = 2.660288e+00, time=2025-04-08 05:19:21 
jj1 = 587, max_th = 1.512222e+00, time=2025-04-08 05:22:01 
jj1 = 764, max_th = 1.844773e+00, time=2025-04-08 05:22:02 
jj1 = 763, max_th = 3.166432e+00, time=2025-04-08 05:23:27 
jj1 = 63, max_th = 1.979422e+00, time=2025-04-08 05:25:41 
jj1 = 413, max_th = 1.219476e+00, time=2025-04-08 05:25:58 
jj1 = 604, max_th = 1.950528e+00, time=2025-04-08 05:30:52 
jj1 = 626, max_th = 1.480013e+00, time=2025-04-08 05:31:26 
jj1 = 546, max_th = 2.607743e+00, time=2025-04-08 05:31:26 
jj1 = 644, max_th = 1.675880e+00, time=2025-04-08 05:33:45 
jj1 = 625, max_th = 3.029377e+00, time=2025-04-08 05:33:56 
jj1 = 719, max_th = 2.085002e+00, time=2025-04-08 05:34:07 
jj1 = 747, max_th = 1.767280e+00, time=2025-04-08 05:36:30 
jj1 = 564, max_th = 2.141210e+00, time=2025-04-08 05:38:32 
jj1 = 454, max_th = 1.968952e+00, time=2025-04-08 05:41:17 
jj1 = 718, max_th = 1.307268e+00, time=2025-04-08 05:43:11 
jj1 = 586, max_th = 1.585764e+00, time=2025-04-08 05:43:45 
jj1 = 762, max_th = 2.216925e+00, time=2025-04-08 05:44:11 
jj1 = 603, max_th = 1.318273e+00, time=2025-04-08 05:45:48 
jj1 = 412, max_th = 1.830833e+00, time=2025-04-08 05:46:11 
jj1 = 688, max_th = -1.026076e-03, time=2025-04-08 05:46:59 
jj1 = 563, max_th = 1.302722e+00, time=2025-04-08 05:47:33 
jj1 = 746, max_th = 1.528784e+00, time=2025-04-08 05:50:42 
jj1 = 624, max_th = 1.693539e+00, time=2025-04-08 05:51:02 
jj1 = 545, max_th = 1.659217e+00, time=2025-04-08 05:51:52 
jj1 = 62, max_th = 1.955683e+00, time=2025-04-08 05:52:25 
jj1 = 717, max_th = 1.460977e+00, time=2025-04-08 05:54:20 
jj1 = 562, max_th = 1.073672e+00, time=2025-04-08 05:54:20 
jj1 = 585, max_th = 2.486890e+00, time=2025-04-08 05:56:31 
jj1 = 643, max_th = 1.859830e+00, time=2025-04-08 05:57:26 
jj1 = 602, max_th = 1.461687e+00, time=2025-04-08 05:57:39 
jj1 = 745, max_th = 1.334324e+00, time=2025-04-08 06:03:25 
jj1 = 453, max_th = 1.621908e+00, time=2025-04-08 06:03:30 
jj1 = 716, max_th = 2.728065e+00, time=2025-04-08 06:03:54 
jj1 = 544, max_th = 1.408794e+00, time=2025-04-08 06:04:12 
jj1 = 687, max_th = 1.915786e+00, time=2025-04-08 06:04:22 
jj1 = 642, max_th = 1.174471e+00, time=2025-04-08 06:05:53 
jj1 = 584, max_th = 2.001372e+00, time=2025-04-08 06:08:13 
jj1 = 623, max_th = 1.969503e+00, time=2025-04-08 06:09:37 
jj1 = 61, max_th = 2.437430e+00, time=2025-04-08 06:12:00 
jj1 = 601, max_th = 2.408742e+00, time=2025-04-08 06:13:33 
jj1 = 744, max_th = 2.667987e+00, time=2025-04-08 06:14:02 
jj1 = 561, max_th = 2.010291e+00, time=2025-04-08 06:15:28 
jj1 = 452, max_th = 1.223753e+00, time=2025-04-08 06:17:54 
jj1 = 761, max_th = 1.568612e+00, time=2025-04-08 06:20:15 
jj1 = 451, max_th = 2.997084e+00, time=2025-04-08 06:21:32 
jj1 = 715, max_th = 2.166977e+00, time=2025-04-08 06:23:21 
jj1 = 686, max_th = 2.191378e+00, time=2025-04-08 06:23:33 
jj1 = 543, max_th = 2.388385e+00, time=2025-04-08 06:24:57 
jj1 = 641, max_th = 1.703293e+00, time=2025-04-08 06:25:20 
jj1 = 640, max_th = 6.542609e-01, time=2025-04-08 06:26:45 
jj1 = 714, max_th = 8.730916e-01, time=2025-04-08 06:26:57 
jj1 = 583, max_th = 2.048115e+00, time=2025-04-08 06:27:16 
jj1 = 743, max_th = 1.618284e+00, time=2025-04-08 06:28:37 
jj1 = 685, max_th = 1.190173e+00, time=2025-04-08 06:29:13 
jj1 = 560, max_th = 2.551761e+00, time=2025-04-08 06:29:54 
jj1 = 760, max_th = 2.660168e+00, time=2025-04-08 06:29:59 
jj1 = 600, max_th = 1.577031e+00, time=2025-04-08 06:33:24 
jj1 = 582, max_th = 1.560389e+00, time=2025-04-08 06:35:40 
jj1 = 668, max_th = 2.125649e+00, time=2025-04-08 06:37:16 
jj1 = 639, max_th = 2.529919e+00, time=2025-04-08 06:38:08 
jj1 = 622, max_th = 1.759482e+00, time=2025-04-08 06:39:07 
jj1 = 638, max_th = -4.655276e-01, time=2025-04-08 06:40:08 
jj1 = 621, max_th = 2.983793e+00, time=2025-04-08 06:43:03 
jj1 = 708, max_th = 2.409596e+00, time=2025-04-08 06:43:26 
jj1 = 742, max_th = 2.402688e+00, time=2025-04-08 06:45:02 
jj1 = 684, max_th = 2.314471e+00, time=2025-04-08 06:48:10 
jj1 = 542, max_th = 1.846151e+00, time=2025-04-08 06:48:27 
jj1 = 713, max_th = 1.884649e+00, time=2025-04-08 06:49:01 
jj1 = 559, max_th = 2.161134e+00, time=2025-04-08 06:49:54 
jj1 = 759, max_th = 2.118021e+00, time=2025-04-08 06:51:42 
jj1 = 667, max_th = 1.395713e+00, time=2025-04-08 06:52:31 
jj1 = 741, max_th = 3.147953e+00, time=2025-04-08 06:53:12 
jj1 = 599, max_th = 1.775828e+00, time=2025-04-08 06:55:27 
jj1 = 637, max_th = 2.379621e+00, time=2025-04-08 06:56:46 
jj1 = 581, max_th = 1.664886e+00, time=2025-04-08 06:57:37 
jj1 = 683, max_th = 2.128880e+00, time=2025-04-08 06:59:06 
jj1 = 666, max_th = 2.825774e+00, time=2025-04-08 07:02:03 
jj1 = 707, max_th = 2.107199e+00, time=2025-04-08 07:04:00 
jj1 = 620, max_th = 2.045377e+00, time=2025-04-08 07:04:10 
jj1 = 740, max_th = 1.535260e+00, time=2025-04-08 07:06:07 
jj1 = 739, max_th = 3.307152e+00, time=2025-04-08 07:06:40 
jj1 = 706, max_th = 9.403976e-01, time=2025-04-08 07:07:39 
jj1 = 682, max_th = 1.289465e+00, time=2025-04-08 07:07:42 
jj1 = 758, max_th = 2.359683e+00, time=2025-04-08 07:08:43 
jj1 = 712, max_th = 2.154852e+00, time=2025-04-08 07:09:47 
jj1 = 558, max_th = 1.889937e+00, time=2025-04-08 07:11:21 
jj1 = 598, max_th = 2.388663e+00, time=2025-04-08 07:13:44 
jj1 = 757, max_th = 2.752200e+00, time=2025-04-08 07:15:32 
jj1 = 580, max_th = 1.877289e+00, time=2025-04-08 07:16:09 
jj1 = 541, max_th = 1.931252e+00, time=2025-04-08 07:17:01 
jj1 = 636, max_th = 1.947743e+00, time=2025-04-08 07:18:32 
jj1 = 597, max_th = 1.024621e+00, time=2025-04-08 07:20:57 
jj1 = 619, max_th = 1.964463e+00, time=2025-04-08 07:21:41 
jj1 = 738, max_th = 1.661730e+00, time=2025-04-08 07:21:48 
jj1 = 681, max_th = 2.517323e+00, time=2025-04-08 07:22:32 
jj1 = 711, max_th = 2.518253e+00, time=2025-04-08 07:24:03 
jj1 = 705, max_th = 1.797120e+00, time=2025-04-08 07:24:55 
jj1 = 557, max_th = 1.458277e+00, time=2025-04-08 07:30:33 
jj1 = 665, max_th = 1.919513e+00, time=2025-04-08 07:31:18 
jj1 = 579, max_th = 1.662199e+00, time=2025-04-08 07:33:21 
jj1 = 756, max_th = 2.203335e+00, time=2025-04-08 07:33:51 
jj1 = 618, max_th = 1.504748e+00, time=2025-04-08 07:34:15 
jj1 = 540, max_th = 2.452106e+00, time=2025-04-08 07:37:33 
jj1 = 635, max_th = 1.764658e+00, time=2025-04-08 07:37:43 
jj1 = 710, max_th = 2.418573e+00, time=2025-04-08 07:37:47 
jj1 = 737, max_th = 2.439148e+00, time=2025-04-08 07:37:52 
jj1 = 680, max_th = 2.145908e+00, time=2025-04-08 07:39:07 
jj1 = 755, max_th = 2.762545e+00, time=2025-04-08 07:42:07 
jj1 = 664, max_th = 2.735144e+00, time=2025-04-08 07:42:17 
jj1 = 596, max_th = 2.209105e+00, time=2025-04-08 07:43:02 
jj1 = 578, max_th = 2.300617e+00, time=2025-04-08 07:45:17 
jj1 = 539, max_th = 1.237600e+00, time=2025-04-08 07:45:34 
jj1 = 617, max_th = 1.482509e+00, time=2025-04-08 07:47:02 
jj1 = 634, max_th = 1.513633e+00, time=2025-04-08 07:51:48 
jj1 = 556, max_th = 2.226167e+00, time=2025-04-08 07:52:25 
jj1 = 704, max_th = 2.125874e+00, time=2025-04-08 07:53:01 
jj1 = 679, max_th = 2.460077e+00, time=2025-04-08 07:56:42 
jj1 = 736, max_th = 2.273922e+00, time=2025-04-08 07:56:57 
jj1 = 663, max_th = 2.193902e+00, time=2025-04-08 07:59:43 
jj1 = 595, max_th = 2.324811e+00, time=2025-04-08 07:59:44 
jj1 = 754, max_th = 1.936032e+00, time=2025-04-08 08:02:47 
jj1 = 633, max_th = 2.498180e+00, time=2025-04-08 08:05:14 
jj1 = 594, max_th = 2.982211e+00, time=2025-04-08 08:05:55 
jj1 = 709, max_th = 1.707012e+00, time=2025-04-08 08:06:36 
jj1 = 616, max_th = 1.994750e+00, time=2025-04-08 08:08:11 
jj1 = 577, max_th = 2.035556e+00, time=2025-04-08 08:08:27 
jj1 = 593, max_th = -2.371606e-01, time=2025-04-08 08:12:11 
jj1 = 592, max_th = 3.227763e+00, time=2025-04-08 08:13:09 
jj1 = 703, max_th = 1.517961e+00, time=2025-04-08 08:14:28 
jj1 = 778, max_th = 1.352010e+00, time=2025-04-08 08:14:31 
jj1 = 555, max_th = 1.713165e+00, time=2025-04-08 08:14:37 
jj1 = 735, max_th = 2.360117e+00, time=2025-04-08 08:14:47 
jj1 = 538, max_th = 1.812833e+00, time=2025-04-08 08:15:43 
jj1 = 678, max_th = 1.994724e+00, time=2025-04-08 08:17:20 
jj1 = 591, max_th = 1.032750e+00, time=2025-04-08 08:19:38 
jj1 = 537, max_th = 2.837026e+00, time=2025-04-08 08:20:55 
jj1 = 632, max_th = 1.949675e+00, time=2025-04-08 08:24:05 
jj1 = 590, max_th = 1.038664e+00, time=2025-04-08 08:24:51 
jj1 = 615, max_th = 1.798731e+00, time=2025-04-08 08:24:58 
jj1 = 677, max_th = 2.152464e+00, time=2025-04-08 08:26:56 
jj1 = 662, max_th = 2.115444e+00, time=2025-04-08 08:27:25 
jj1 = 753, max_th = 2.071888e+00, time=2025-04-08 08:27:40 
jj1 = 661, max_th = 3.294044e+00, time=2025-04-08 08:28:16 
jj1 = 554, max_th = 2.216444e+00, time=2025-04-08 08:28:31 
jj1 = 777, max_th = 2.047801e+00, time=2025-04-08 08:34:07 
jj1 = 702, max_th = 2.041516e+00, time=2025-04-08 08:34:26 
jj1 = 660, max_th = 2.719596e+00, time=2025-04-08 08:36:25 
jj1 = 576, max_th = 1.885967e+00, time=2025-04-08 08:36:55 
jj1 = 734, max_th = 2.307408e+00, time=2025-04-08 08:37:02 
jj1 = 553, max_th = 1.196060e+00, time=2025-04-08 08:37:50 
jj1 = 701, max_th = 2.791532e+00, time=2025-04-08 08:40:50 
jj1 = 614, max_th = 2.407917e+00, time=2025-04-08 08:40:53 
jj1 = 676, max_th = 1.751320e+00, time=2025-04-08 08:42:54 
jj1 = 752, max_th = 1.702295e+00, time=2025-04-08 08:44:21 
jj1 = 589, max_th = 2.239901e+00, time=2025-04-08 08:45:24 
jj1 = 536, max_th = 1.837436e+00, time=2025-04-08 08:45:43 
jj1 = 631, max_th = 1.863165e+00, time=2025-04-08 08:48:53 
jj1 = 776, max_th = 1.837903e+00, time=2025-04-08 08:50:32 
jj1 = 552, max_th = 1.499292e+00, time=2025-04-08 08:52:17 
jj1 = 733, max_th = 1.544298e+00, time=2025-04-08 08:55:19 
jj1 = 630, max_th = 2.718224e+00, time=2025-04-08 08:57:09 
jj1 = 535, max_th = 1.125530e+00, time=2025-04-08 08:57:15 
jj1 = 613, max_th = 2.254193e+00, time=2025-04-08 08:57:45 
jj1 = 751, max_th = 2.454530e+00, time=2025-04-08 08:58:06 
jj1 = 575, max_th = 1.968060e+00, time=2025-04-08 09:00:59 
jj1 = 659, max_th = 1.815432e+00, time=2025-04-08 09:01:46 
jj1 = 808, max_th = 2.168732e+00, time=2025-04-08 09:02:51 
jj1 = 675, max_th = 2.223615e+00, time=2025-04-08 09:04:07 
jj1 = 700, max_th = 2.289596e+00, time=2025-04-08 09:07:20 
jj1 = 732, max_th = 2.707673e+00, time=2025-04-08 09:08:56 
jj1 = 775, max_th = 1.804635e+00, time=2025-04-08 09:09:23 
jj1 = 658, max_th = 2.787665e+00, time=2025-04-08 09:10:02 
jj1 = 551, max_th = 1.687499e+00, time=2025-04-08 09:10:50 
jj1 = 574, max_th = 1.333840e+00, time=2025-04-08 09:11:34 
jj1 = 534, max_th = 2.629603e+00, time=2025-04-08 09:12:24 
jj1 = 629, max_th = 2.396793e+00, time=2025-04-08 09:14:30 
jj1 = 674, max_th = 1.472510e+00, time=2025-04-08 09:14:45 
jj1 = 612, max_th = 1.575372e+00, time=2025-04-08 09:17:18 
jj1 = 750, max_th = 2.213480e+00, time=2025-04-08 09:18:23 
jj1 = 749, max_th = 8.387751e-01, time=2025-04-08 09:20:09 
jj1 = 673, max_th = 1.092149e+00, time=2025-04-08 09:21:54 
jj1 = 774, max_th = 1.416638e+00, time=2025-04-08 09:22:04 
jj1 = 807, max_th = 2.003470e+00, time=2025-04-08 09:24:13 
jj1 = 798, max_th = 2.731128e+00, time=2025-04-08 09:26:57 
jj1 = 611, max_th = 2.717428e+00, time=2025-04-08 09:27:06 
jj1 = 672, max_th = 2.984407e+00, time=2025-04-08 09:27:20 
jj1 = 550, max_th = 1.854345e+00, time=2025-04-08 09:28:48 
jj1 = 699, max_th = 1.289173e+00, time=2025-04-08 09:28:51 
jj1 = 731, max_th = 2.014664e+00, time=2025-04-08 09:31:06 
jj1 = 657, max_th = 2.179377e+00, time=2025-04-08 09:31:51 
jj1 = 573, max_th = 2.032125e+00, time=2025-04-08 09:32:23 
jj1 = 773, max_th = 2.545452e+00, time=2025-04-08 09:34:01 
jj1 = 818, max_th = 1.855956e+00, time=2025-04-08 09:37:17 
jj1 = 533, max_th = 2.292955e+00, time=2025-04-08 09:38:18 
jj1 = 549, max_th = 1.553081e+00, time=2025-04-08 09:41:31 
jj1 = 698, max_th = 2.551492e+00, time=2025-04-08 09:42:21 
jj1 = 730, max_th = 1.400886e+00, time=2025-04-08 09:43:05 
jj1 = 671, max_th = 2.346558e+00, time=2025-04-08 09:43:11 
jj1 = 797, max_th = 1.591383e+00, time=2025-04-08 09:43:56 
jj1 = 806, max_th = 2.063071e+00, time=2025-04-08 09:46:28 
jj1 = 610, max_th = 2.185159e+00, time=2025-04-08 09:49:43 
jj1 = 817, max_th = 1.591623e+00, time=2025-04-08 09:53:50 
jj1 = 772, max_th = 2.268672e+00, time=2025-04-08 09:55:31 
jj1 = 572, max_th = 1.978062e+00, time=2025-04-08 09:56:05 
jj1 = 788, max_th = 2.394484e+00, time=2025-04-08 09:57:04 
jj1 = 656, max_th = 2.022392e+00, time=2025-04-08 09:57:54 
jj1 = 796, max_th = 2.316564e+00, time=2025-04-08 10:00:03 
jj1 = 729, max_th = 1.756763e+00, time=2025-04-08 10:00:14 
jj1 = 532, max_th = 2.135601e+00, time=2025-04-08 10:01:08 
jj1 = 670, max_th = 2.152591e+00, time=2025-04-08 10:01:28 
jj1 = 609, max_th = 2.689044e+00, time=2025-04-08 10:01:44 
jj1 = 805, max_th = 2.456403e+00, time=2025-04-08 10:02:31 
jj1 = 697, max_th = 1.941415e+00, time=2025-04-08 10:02:51 
jj1 = 795, max_th = 1.247908e+00, time=2025-04-08 10:06:55 
jj1 = 816, max_th = 2.566425e+00, time=2025-04-08 10:08:45 
jj1 = 531, max_th = 2.609850e+00, time=2025-04-08 10:10:37 
jj1 = 771, max_th = 2.148879e+00, time=2025-04-08 10:13:20 
jj1 = 794, max_th = 1.392593e+00, time=2025-04-08 10:16:02 
jj1 = 787, max_th = 2.241972e+00, time=2025-04-08 10:16:53 
jj1 = 770, max_th = 1.250011e+00, time=2025-04-08 10:17:08 
jj1 = 804, max_th = 2.000399e+00, time=2025-04-08 10:19:21 
jj1 = 838, max_th = 1.852740e+00, time=2025-04-08 10:19:38 
jj1 = 571, max_th = 1.661252e+00, time=2025-04-08 10:23:03 
jj1 = 655, max_th = 2.068811e+00, time=2025-04-08 10:23:13 
jj1 = 848, max_th = 1.794144e+00, time=2025-04-08 10:23:21 
jj1 = 530, max_th = 1.321120e+00, time=2025-04-08 10:24:00 
jj1 = 815, max_th = 2.541508e+00, time=2025-04-08 10:24:34 
jj1 = 696, max_th = 2.052462e+00, time=2025-04-08 10:25:01 
jj1 = 669, max_th = 1.931967e+00, time=2025-04-08 10:26:41 
jj1 = 793, max_th = 1.666308e+00, time=2025-04-08 10:30:08 
jj1 = 570, max_th = 2.671876e+00, time=2025-04-08 10:30:41 
jj1 = 654, max_th = 1.227665e+00, time=2025-04-08 10:31:57 
jj1 = 803, max_th = 2.229227e+00, time=2025-04-08 10:32:27 
jj1 = 792, max_th = 8.274993e-01, time=2025-04-08 10:35:14 
jj1 = 837, max_th = 1.997977e+00, time=2025-04-08 10:37:32 
jj1 = 695, max_th = 2.540696e+00, time=2025-04-08 10:37:38 
jj1 = 769, max_th = 1.935611e+00, time=2025-04-08 10:38:32 
jj1 = 529, max_th = 2.540945e+00, time=2025-04-08 10:39:22 
jj1 = 868, max_th = 1.460779e+00, time=2025-04-08 10:40:56 
jj1 = 786, max_th = 1.888853e+00, time=2025-04-08 10:41:56 
jj1 = 847, max_th = 1.851128e+00, time=2025-04-08 10:44:42 
jj1 = 814, max_th = 2.047140e+00, time=2025-04-08 10:45:56 
jj1 = 694, max_th = 2.721769e+00, time=2025-04-08 10:46:34 
jj1 = 791, max_th = 1.088379e+00, time=2025-04-08 10:47:46 
jj1 = 858, max_th = 2.790001e+00, time=2025-04-08 10:47:50 
jj1 = 569, max_th = 2.296416e+00, time=2025-04-08 10:48:10 
jj1 = 653, max_th = 2.444667e+00, time=2025-04-08 10:49:44 
jj1 = 785, max_th = 7.963950e-01, time=2025-04-08 10:50:13 
jj1 = 893, max_th = 1.277427e+00, time=2025-04-08 10:50:16 
jj1 = 867, max_th = 2.639719e+00, time=2025-04-08 10:51:34 
jj1 = 802, max_th = 1.997830e+00, time=2025-04-08 10:53:50 
jj1 = 857, max_th = 2.769156e+00, time=2025-04-08 10:54:10 
jj1 = 866, max_th = 3.162527e+00, time=2025-04-08 10:55:34 
jj1 = 836, max_th = 2.345316e+00, time=2025-04-08 10:56:10 
jj1 = 652, max_th = 1.237941e+00, time=2025-04-08 10:58:09 
jj1 = 693, max_th = 1.407133e+00, time=2025-04-08 11:03:28 
jj1 = 892, max_th = 2.399472e+00, time=2025-04-08 11:03:37 
jj1 = 846, max_th = 2.147637e+00, time=2025-04-08 11:04:12 
jj1 = 692, max_th = 3.183536e+00, time=2025-04-08 11:04:25 
jj1 = 828, max_th = 1.727501e+00, time=2025-04-08 11:08:11 
jj1 = 784, max_th = 1.629259e+00, time=2025-04-08 11:08:26 
jj1 = 790, max_th = 1.926250e+00, time=2025-04-08 11:11:35 
jj1 = 783, max_th = 8.615253e-01, time=2025-04-08 11:12:09 
jj1 = 865, max_th = 1.939032e+00, time=2025-04-08 11:14:43 
jj1 = 801, max_th = 2.388461e+00, time=2025-04-08 11:14:54 
jj1 = 835, max_th = 1.560725e+00, time=2025-04-08 11:14:58 
jj1 = 813, max_th = 1.971461e+00, time=2025-04-08 11:15:29 
jj1 = 845, max_th = 2.536883e+00, time=2025-04-08 11:16:18 
jj1 = 856, max_th = 1.961927e+00, time=2025-04-08 11:17:08 
jj1 = 651, max_th = 1.816598e+00, time=2025-04-08 11:21:16 
jj1 = 812, max_th = 2.894083e+00, time=2025-04-08 11:21:18 
jj1 = 691, max_th = 2.439295e+00, time=2025-04-08 11:22:36 
jj1 = 827, max_th = 1.781642e+00, time=2025-04-08 11:24:10 
jj1 = 782, max_th = 2.505309e+00, time=2025-04-08 11:26:26 
jj1 = 891, max_th = 2.015117e+00, time=2025-04-08 11:29:06 
jj1 = 864, max_th = 2.372251e+00, time=2025-04-08 11:30:58 
jj1 = 800, max_th = 2.358121e+00, time=2025-04-08 11:31:12 
jj1 = 834, max_th = 2.431220e+00, time=2025-04-08 11:31:34 
jj1 = 650, max_th = 2.753219e+00, time=2025-04-08 11:33:15 
jj1 = 789, max_th = 2.088797e+00, time=2025-04-08 11:37:11 
jj1 = 811, max_th = 1.392733e+00, time=2025-04-08 11:38:21 
jj1 = 844, max_th = 2.084875e+00, time=2025-04-08 11:38:56 
jj1 = 843, max_th = 3.389667e+00, time=2025-04-08 11:39:16 
jj1 = 781, max_th = 2.149775e+00, time=2025-04-08 11:40:56 
jj1 = 826, max_th = 2.212875e+00, time=2025-04-08 11:41:41 
jj1 = 855, max_th = 1.878130e+00, time=2025-04-08 11:42:54 
jj1 = 690, max_th = 2.144817e+00, time=2025-04-08 11:42:57 
jj1 = 863, max_th = 1.603458e+00, time=2025-04-08 11:45:47 
jj1 = 842, max_th = 1.097040e+00, time=2025-04-08 11:46:10 
jj1 = 689, max_th = 7.628822e-01, time=2025-04-08 11:46:23 
jj1 = 799, max_th = 2.511629e+00, time=2025-04-08 11:46:53 
jj1 = 908, max_th = 1.900482e+00, time=2025-04-08 11:49:11 
jj1 = 649, max_th = 1.589999e+00, time=2025-04-08 11:50:48 
jj1 = 862, max_th = 1.151811e+00, time=2025-04-08 11:52:47 
jj1 = 890, max_th = 1.935693e+00, time=2025-04-08 11:53:38 
jj1 = 841, max_th = 1.450785e+00, time=2025-04-08 11:56:29 
jj1 = 825, max_th = 2.669175e+00, time=2025-04-08 11:56:34 
jj1 = 810, max_th = 2.438453e+00, time=2025-04-08 11:56:36 
jj1 = 833, max_th = 1.760662e+00, time=2025-04-08 11:57:17 
jj1 = 878, max_th = 2.823168e+00, time=2025-04-08 11:57:43 
jj1 = 898, max_th = 2.560018e+00, time=2025-04-08 11:57:52 
jj1 = 877, max_th = 3.252316e+00, time=2025-04-08 11:58:29 
jj1 = 854, max_th = 2.477007e+00, time=2025-04-08 12:00:15 
jj1 = 780, max_th = 1.831703e+00, time=2025-04-08 12:03:21 
jj1 = 907, max_th = 1.582775e+00, time=2025-04-08 12:04:45 
jj1 = 840, max_th = 9.763655e-01, time=2025-04-08 12:05:23 
jj1 = 853, max_th = 2.820395e+00, time=2025-04-08 12:07:12 
jj1 = 889, max_th = 1.494049e+00, time=2025-04-08 12:08:55 
jj1 = 888, max_th = 2.045517e+00, time=2025-04-08 12:09:00 
jj1 = 897, max_th = 1.351535e+00, time=2025-04-08 12:12:30 
jj1 = 906, max_th = 1.518558e+00, time=2025-04-08 12:13:29 
jj1 = 809, max_th = 1.644808e+00, time=2025-04-08 12:13:44 
jj1 = 832, max_th = 1.720649e+00, time=2025-04-08 12:16:22 
jj1 = 861, max_th = 1.980832e+00, time=2025-04-08 12:17:04 
jj1 = 933, max_th = 1.365682e+00, time=2025-04-08 12:18:37 
jj1 = 860, max_th = 7.593832e-01, time=2025-04-08 12:18:44 
jj1 = 887, max_th = 2.299637e+00, time=2025-04-08 12:21:07 
jj1 = 876, max_th = 2.183872e+00, time=2025-04-08 12:21:15 
jj1 = 839, max_th = 2.443379e+00, time=2025-04-08 12:23:04 
jj1 = 779, max_th = 1.829802e+00, time=2025-04-08 12:26:06 
jj1 = 896, max_th = 1.748860e+00, time=2025-04-08 12:26:10 
jj1 = 824, max_th = 2.163643e+00, time=2025-04-08 12:30:00 
jj1 = 852, max_th = 1.766424e+00, time=2025-04-08 12:30:49 
jj1 = 895, max_th = 2.947319e+00, time=2025-04-08 12:31:48 
jj1 = 886, max_th = 1.444076e+00, time=2025-04-08 12:33:19 
jj1 = 903, max_th = 1.579824e+00, time=2025-04-08 12:34:13 
jj1 = 831, max_th = 1.690111e+00, time=2025-04-08 12:35:28 
jj1 = 913, max_th = 1.136997e+00, time=2025-04-08 12:36:13 
jj1 = 830, max_th = 3.955790e-01, time=2025-04-08 12:36:17 
jj1 = 905, max_th = 2.009672e+00, time=2025-04-08 12:38:10 
jj1 = 912, max_th = 3.134643e+00, time=2025-04-08 12:39:25 
jj1 = 932, max_th = 1.970681e+00, time=2025-04-08 12:41:25 
jj1 = 859, max_th = 1.934055e+00, time=2025-04-08 12:42:16 
jj1 = 918, max_th = 1.732511e+00, time=2025-04-08 12:44:04 
jj1 = 875, max_th = 2.110527e+00, time=2025-04-08 12:44:58 
jj1 = 928, max_th = 4.079334e-03, time=2025-04-08 12:50:03 
jj1 = 829, max_th = 2.514091e+00, time=2025-04-08 12:51:51 
jj1 = 894, max_th = 2.226370e+00, time=2025-04-08 12:53:02 
jj1 = 885, max_th = 2.220642e+00, time=2025-04-08 12:56:29 
jj1 = 851, max_th = 1.684285e+00, time=2025-04-08 12:57:09 
jj1 = 823, max_th = 2.278045e+00, time=2025-04-08 12:57:30 
jj1 = 902, max_th = 1.835904e+00, time=2025-04-08 12:58:39 
jj1 = 931, max_th = 2.472356e+00, time=2025-04-08 13:00:21 
jj1 = 927, max_th = 1.048848e+00, time=2025-04-08 13:00:37 
jj1 = 956, max_th = 2.811919e+00, time=2025-04-08 13:00:48 
jj1 = 904, max_th = 2.132101e+00, time=2025-04-08 13:02:11 
jj1 = 917, max_th = 1.877305e+00, time=2025-04-08 13:03:36 
jj1 = 911, max_th = 2.208354e+00, time=2025-04-08 13:05:32 
jj1 = 822, max_th = 2.499019e+00, time=2025-04-08 13:07:48 
jj1 = 930, max_th = 1.171191e+00, time=2025-04-08 13:08:34 
jj1 = 874, max_th = 1.715606e+00, time=2025-04-08 13:09:14 
jj1 = 916, max_th = 2.656531e+00, time=2025-04-08 13:11:04 
jj1 = 910, max_th = 2.705667e+00, time=2025-04-08 13:13:04 
jj1 = 923, max_th = 1.937602e+00, time=2025-04-08 13:16:12 
jj1 = 955, max_th = 1.575704e+00, time=2025-04-08 13:16:42 
jj1 = 850, max_th = 1.833072e+00, time=2025-04-08 13:19:19 
jj1 = 926, max_th = 2.258840e+00, time=2025-04-08 13:19:27 
jj1 = 909, max_th = 2.657568e+00, time=2025-04-08 13:20:06 
jj1 = 901, max_th = 2.112131e+00, time=2025-04-08 13:21:14 
jj1 = 884, max_th = 2.007850e+00, time=2025-04-08 13:21:14 
jj1 = 948, max_th = 2.036482e+00, time=2025-04-08 13:24:43 
jj1 = 821, max_th = 2.006899e+00, time=2025-04-08 13:25:24 
jj1 = 922, max_th = 2.685095e+00, time=2025-04-08 13:29:10 
jj1 = 873, max_th = 2.055101e+00, time=2025-04-08 13:30:01 
jj1 = 915, max_th = 1.585663e+00, time=2025-04-08 13:31:58 
jj1 = 929, max_th = 2.024674e+00, time=2025-04-08 13:33:12 
jj1 = 820, max_th = 1.219088e+00, time=2025-04-08 13:33:45 
jj1 = 883, max_th = 2.610153e+00, time=2025-04-08 13:34:01 
jj1 = 976, max_th = 2.613601e+00, time=2025-04-08 13:35:34 
jj1 = 849, max_th = 2.032686e+00, time=2025-04-08 13:35:50 
jj1 = 925, max_th = 2.424706e+00, time=2025-04-08 13:36:36 
jj1 = 947, max_th = 2.524716e+00, time=2025-04-08 13:36:50 
jj1 = 954, max_th = 1.933293e+00, time=2025-04-08 13:40:41 
jj1 = 900, max_th = 1.808933e+00, time=2025-04-08 13:43:04 
jj1 = 946, max_th = 1.109575e+00, time=2025-04-08 13:45:45 
jj1 = 921, max_th = 2.167318e+00, time=2025-04-08 13:46:24 
jj1 = 975, max_th = 1.076708e+00, time=2025-04-08 13:47:35 
jj1 = 872, max_th = 2.217812e+00, time=2025-04-08 13:53:09 
jj1 = 899, max_th = 1.202791e+00, time=2025-04-08 13:53:27 
jj1 = 920, max_th = 1.242217e+00, time=2025-04-08 13:54:24 
jj1 = 924, max_th = 1.665902e+00, time=2025-04-08 13:55:06 
jj1 = 974, max_th = 1.157971e+00, time=2025-04-08 13:55:24 
jj1 = 882, max_th = 1.663114e+00, time=2025-04-08 13:57:45 
jj1 = 953, max_th = 1.653539e+00, time=2025-04-08 13:58:42 
jj1 = 914, max_th = 2.028522e+00, time=2025-04-08 13:58:58 
jj1 = 819, max_th = 1.856955e+00, time=2025-04-08 13:59:01 
jj1 = 964, max_th = 2.071520e+00, time=2025-04-08 13:59:38 
jj1 = 980, max_th = 9.112275e-01, time=2025-04-08 14:01:10 
jj1 = 938, max_th = 1.856771e+00, time=2025-04-08 14:02:21 
jj1 = 945, max_th = 1.497889e+00, time=2025-04-08 14:04:20 
jj1 = 919, max_th = 2.646741e+00, time=2025-04-08 14:04:51 
jj1 = 968, max_th = 2.542294e+00, time=2025-04-08 14:11:45 
jj1 = 937, max_th = 1.102537e+00, time=2025-04-08 14:13:17 
jj1 = 881, max_th = 2.502066e+00, time=2025-04-08 14:14:57 
jj1 = 973, max_th = 1.796044e+00, time=2025-04-08 14:19:36 
jj1 = 871, max_th = 2.047490e+00, time=2025-04-08 14:21:15 
jj1 = 979, max_th = 2.055137e+00, time=2025-04-08 14:26:27 
jj1 = 963, max_th = 2.281353e+00, time=2025-04-08 14:28:34 
jj1 = 967, max_th = 1.751188e+00, time=2025-04-08 14:31:24 
jj1 = 984, max_th = 1.917294e+00, time=2025-04-08 14:32:09 
jj1 = 988, max_th = 1.885181e+00, time=2025-04-08 14:33:34 
jj1 = 943, max_th = 2.019045e+00, time=2025-04-08 14:37:55 
jj1 = 944, max_th = 2.089139e+00, time=2025-04-08 14:39:19 
jj1 = 972, max_th = 2.306312e+00, time=2025-04-08 14:41:45 
jj1 = 880, max_th = 1.952595e+00, time=2025-04-08 14:44:22 
jj1 = 996, max_th = 2.034751e+00, time=2025-04-08 14:46:59 
jj1 = 936, max_th = 2.033524e+00, time=2025-04-08 14:47:03 
jj1 = 870, max_th = 1.883232e+00, time=2025-04-08 14:48:26 
jj1 = 962, max_th = 2.345112e+00, time=2025-04-08 14:49:18 
jj1 = 987, max_th = 2.491631e+00, time=2025-04-08 14:51:39 
jj1 = 978, max_th = 2.044195e+00, time=2025-04-08 14:54:00 
jj1 = 992, max_th = 1.364360e+00, time=2025-04-08 14:58:26 
jj1 = 942, max_th = 1.937720e+00, time=2025-04-08 15:01:22 
jj1 = 971, max_th = 1.954033e+00, time=2025-04-08 15:03:11 
jj1 = 983, max_th = 2.182751e+00, time=2025-04-08 15:03:16 
jj1 = 966, max_th = 1.924373e+00, time=2025-04-08 15:04:01 
jj1 = 995, max_th = 1.588141e+00, time=2025-04-08 15:06:15 
jj1 = 879, max_th = 1.693439e+00, time=2025-04-08 15:09:04 
jj1 = 869, max_th = 1.703628e+00, time=2025-04-08 15:09:19 
jj1 = 965, max_th = 2.894766e+00, time=2025-04-08 15:09:41 
jj1 = 935, max_th = 2.220618e+00, time=2025-04-08 15:15:24 
jj1 = 961, max_th = 2.279885e+00, time=2025-04-08 15:18:33 
jj1 = 986, max_th = 1.931155e+00, time=2025-04-08 15:22:42 
jj1 = 960, max_th = 2.597630e+00, time=2025-04-08 15:23:12 
jj1 = 941, max_th = 2.254498e+00, time=2025-04-08 15:23:57 
jj1 = 991, max_th = 1.848636e+00, time=2025-04-08 15:25:23 
jj1 = 977, max_th = 1.979182e+00, time=2025-04-08 15:25:25 
jj1 = 982, max_th = 2.229706e+00, time=2025-04-08 15:26:23 
jj1 = 970, max_th = 1.664392e+00, time=2025-04-08 15:29:48 
jj1 = 994, max_th = 1.744697e+00, time=2025-04-08 15:30:23 
jj1 = 969, max_th = -2.236482e-01, time=2025-04-08 15:30:51 
jj1 = 1000, max_th = 1.041867e+00, time=2025-04-08 15:33:51 
jj1 = 952, max_th = 1.718553e+00, time=2025-04-08 15:36:21 
jj1 = 997, max_th = 2.453400e+00, time=2025-04-08 15:36:50 
jj1 = 959, max_th = 2.440700e+00, time=2025-04-08 15:38:34 
jj1 = 934, max_th = 2.101657e+00, time=2025-04-08 15:39:10 
jj1 = 951, max_th = 7.436614e-01, time=2025-04-08 15:40:05 
jj1 = 999, max_th = 2.157941e+00, time=2025-04-08 15:40:06 
jj1 = 990, max_th = 1.397798e+00, time=2025-04-08 15:40:31 
jj1 = 940, max_th = 1.949838e+00, time=2025-04-08 15:43:24 
jj1 = 985, max_th = 1.582918e+00, time=2025-04-08 15:45:30 
jj1 = 989, max_th = 9.329757e-01, time=2025-04-08 15:48:35 
jj1 = 993, max_th = 2.241647e+00, time=2025-04-08 15:51:58 
jj1 = 939, max_th = 1.234307e+00, time=2025-04-08 15:53:46 
jj1 = 981, max_th = 2.125002e+00, time=2025-04-08 15:56:02 
jj1 = 958, max_th = 1.629957e+00, time=2025-04-08 16:01:22 
jj1 = 998, max_th = 1.954612e+00, time=2025-04-08 16:01:24 
jj1 = 950, max_th = 1.684767e+00, time=2025-04-08 16:02:34 
jj1 = 957, max_th = 2.187223e+00, time=2025-04-08 16:22:30 
jj1 = 949, max_th = 2.258823e+00, time=2025-04-08 16:23:31 
>> >> >> >> >> >> >> >> >> 