MATLAB is selecting SOFTWARE OPENGL rendering.

                            < M A T L A B (R) >
                  Copyright 1984-2021 The MathWorks, Inc.
                  R2021b (9.11.0.1769968) 64-bit (glnxa64)
                             September 17, 2021

 
To get started, type doc.
For product information, visit www.mathworks.com.
 
>> >> >> >> >> >> >> >> >> >> >> >> >> >> >> >> >> >> >> Starting parallel pool (parpool) using the 'local' profile ...
[Warning: A task was unexpectedly found in state: Unavailable.] 
[> In parallel.cluster.Local/deriveJobStateFromTasks (line 29)
In parallel.cluster/Local/getJobState (line 174)
In parallel.cluster/CJSCluster/hGetJobState (line 375)
In parallel.internal.cluster/CJSJobMixin/hGetStateEnum (line 175)
In parallel/Job/get.StateEnum (line 247)
In parallel/Job/get.State (line 239)
In parallel.internal.customattr.CustomGetSet>iVectorisedGetHelper (line 128)
In parallel.internal.customattr.CustomGetSet>@(a,b,c)iVectorisedGetHelper(obj,a,b,c) (line 102)
In parallel.internal.customattr/CustomGetSet/doVectorisedGet (line 103)
In parallel.internal.customattr/CustomGetSet/hVectorisedGet (line 76)
In parallel.internal.customattr.GetSetImpl>iAccessProperties (line 322)
In parallel.internal.customattr.GetSetImpl>iGetAllPropertiesVec (line 264)
In parallel.internal.customattr/GetSetImpl/getImpl (line 133)
In parallel.internal.customattr.CustomGetSet>iHetFunGetFunction (line 154)
In parallel.internal.customattr.CustomGetSet>@(o)iHetFunGetFunction(o,props) (line 139)
In parallel.internal.cluster.hetfun (line 46)
In parallel.internal.customattr.CustomGetSet>iHetFunGetProperty (line 139)
In parallel.internal.customattr/CustomGetSet/get (line 38)
In parallel.internal.pool/AbstractInteractiveClient/pRemoveOldJobs (line 211)
In parallel.internal.pool/AbstractInteractiveClient/start (line 103)
In parallel.internal.pool.AbstractClusterPool>iStartClient (line 831)
In parallel.internal.pool/AbstractClusterPool/hBuildPool (line 585)
In parallel.internal.pool.doParpool (line 22)
In parpool (line 123)
In parallel.internal.parpool.getOrCreateCurrentPool (line 17)
In parallel.internal.pool/PoolArrayManager/getOrAutoCreateWithCleanup (line 44)
In pctTryCreatePoolIfNecessary (line 28)
In parallel_function (line 423)
In fn_measure (line 41)] 
Connected to the parallel pool (number of workers: 12).
Error of vP is 5.173739e-08 
Error of vP is 5.194861e-08 
Error of vP is 7.625391e-08 
Error of vP is 1.547790e-07 
Error of vP is 6.882433e-08 
Error of vP is 8.308426e-08 
Error of vP is 5.911521e-08 
Error of vP is 5.099981e-08 
Error of vP is 6.436014e-08 
Error of vP is 6.395322e-08 
Error of vP is 9.362837e-08 
Error of vP is 6.473531e-08 
Error of vP is 1.259762e-07 
Error of vP is 7.864724e-08 
Error of vP is 5.200489e-08 
Error of vP is 6.448307e-08 
Error of vP is 5.091369e-08 
Error of vP is 9.357309e-08 
Error of vP is 8.191765e-08 
Error of vP is 5.202464e-08 
Error of vP is 5.080858e-08 
Error of vP is 7.495375e-08 
Error of vP is 1.352376e-07 
Error of vP is 7.100602e-08 
Error of vP is 1.128568e-07 
Error of vP is 7.254022e-08 
Error of vP is 1.924928e-07 
Error of vP is 1.497364e-07 
Error of vP is 8.970291e-08 
Error of vP is 5.668509e-08 
Error of vP is 5.399331e-08 
Error of vP is 6.130999e-08 
Error of vP is 1.042679e-07 
Error of vP is 6.728628e-08 
Error of vP is 8.066563e-08 
Error of vP is 8.632865e-08 
Error of vP is 6.007103e-08 
Error of vP is 5.299868e-08 
Error of vP is 6.816687e-08 
Error of vP is 6.439352e-08 
Error of vP is 6.307982e-08 
Error of vP is 6.612562e-08 
Error of vP is 5.399148e-08 
Error of vP is 5.700013e-08 
Error of vP is 6.833079e-08 
Error of vP is 6.416584e-08 
Error of vP is 6.933632e-08 
Error of vP is 7.262047e-08 
Error of vP is 1.361690e-07 
Error of vP is 8.468980e-08 
Error of vP is 5.773850e-08 
Error of vP is 1.061671e-07 
Error of vP is 8.183435e-08 
Error of vP is 1.076927e-07 
Error of vP is 5.264491e-08 
Error of vP is 5.449450e-08 
Error of vP is 1.529795e-07 
Error of vP is 5.169185e-08 
Error of vP is 5.646656e-08 
Error of vP is 6.764966e-08 
Error of vP is 6.518480e-08 
Error of vP is 1.527485e-07 
Error of vP is 8.307344e-08 
Error of vP is 1.396646e-07 
Error of vP is 9.741666e-08 
Error of vP is 6.786414e-08 
Error of vP is 6.968024e-08 
Error of vP is 1.036805e-07 
Error of vP is 6.730449e-08 
Error of vP is 6.030152e-08 
Error of vP is 5.956984e-08 
Error of vP is 1.035294e-07 
Error of vP is 5.670127e-08 
Error of vP is 6.913209e-08 
Error of vP is 3.081298e-07 
Error of vP is 1.952238e-07 
Error of vP is 1.750526e-07 
Error of vP is 6.672378e-08 
Error of vP is 1.275518e-07 
Error of vP is 6.073990e-08 
Error of vP is 9.186068e-08 
Error of vP is 1.659374e-07 
Error of vP is 1.270210e-07 
Error of vP is 5.454057e-08 
Error of vP is 5.443356e-08 
Error of vP is 5.503239e-08 
Error of vP is 1.325311e-07 
Error of vP is 1.349927e-07 
Error of vP is 1.260723e-07 
Error of vP is 6.243895e-08 
Error of vP is 1.954042e-07 
Error of vP is 1.173846e-07 
Error of vP is 3.699105e-07 
Error of vP is 6.797179e-08 
Error of vP is 6.359268e-08 
Error of vP is 7.544847e-08 
Error of vP is 5.103261e-08 
Error of vP is 6.180757e-08 
Error of vP is 1.011008e-07 
Error of vP is 5.142515e-08 
Error of vP is 5.715235e-08 
Error of vP is 7.254567e-08 
Error of vP is 5.801636e-08 
Error of vP is 7.243305e-08 
Error of vP is 1.139324e-07 
Error of vP is 6.237293e-08 
Error of vP is 8.285208e-08 
Error of vP is 8.073093e-08 
Error of vP is 5.282107e-08 
Error of vP is 1.187973e-07 
Error of vP is 1.621608e-07 
Error of vP is 7.265046e-08 
Error of vP is 5.451312e-08 
Error of vP is 1.384791e-07 
Error of vP is 1.796168e-07 
Error of vP is 8.661363e-08 
Error of vP is 2.463070e-07 
Error of vP is 6.446461e-08 
Error of vP is 1.383243e-07 
Error of vP is 2.133368e-07 
Error of vP is 5.658146e-08 
Error of vP is 7.723257e-08 
Error of vP is 5.417431e-08 
Error of vP is 1.685355e-07 
Error of vP is 1.285663e-07 
Error of vP is 6.185189e-08 
Error of vP is 2.230131e-07 
Error of vP is 9.050660e-08 
Error of vP is 1.726560e-07 
Error of vP is 1.725262e-07 
Error of vP is 1.047674e-07 
Error of vP is 5.308858e-08 
Error of vP is 1.131315e-07 
Error of vP is 1.496311e-07 
Error of vP is 7.590668e-08 
Error of vP is 5.557694e-08 
Error of vP is 1.422308e-07 
Error of vP is 5.140280e-08 
Error of vP is 8.181025e-08 
Error of vP is 1.254057e-07 
Error of vP is 3.553561e-07 
Error of vP is 7.656854e-08 
Error of vP is 2.536365e-07 
Error of vP is 2.176572e-07 
Error of vP is 3.725500e-07 
Error of vP is 2.414558e-07 
Error of vP is 7.119180e-08 
Error of vP is 1.780475e-07 
Error of vP is 1.523178e-07 
Error of vP is 5.496431e-08 
Error of vP is 3.090809e-07 
Error of vP is 7.076606e-08 
Error of vP is 7.583593e-08 
Error of vP is 4.346226e-07 
Error of vP is 9.489855e-08 
Error of vP is 3.530005e-07 
Error of vP is 6.164215e-08 
Error of vP is 5.357958e-08 
Error of vP is 1.133555e-07 
Error of vP is 3.047957e-07 
Error of vP is 8.740432e-08 
Error of vP is 6.187868e-08 
Error of vP is 1.451138e-07 
Error of vP is 1.142217e-07 
Error of vP is 2.359095e-07 
Error of vP is 1.726010e-07 
Error of vP is 1.348597e-07 
Error of vP is 1.632292e-07 
Error of vP is 6.900779e-08 
Error of vP is 8.550165e-08 
Error of vP is 4.257817e-07 
Error of vP is 6.232005e-08 
Error of vP is 5.761043e-08 
Error of vP is 2.201575e-07 
Error of vP is 9.746706e-08 
Error of vP is 6.502371e-08 
Error of vP is 5.784909e-08 
Error of vP is 5.081054e-08 
Error of vP is 2.013389e-07 
Error of vP is 1.251178e-07 
Error of vP is 8.092459e-08 
Error of vP is 1.386934e-07 
Error of vP is 8.212032e-08 
Error of vP is 1.720998e-07 
Error of vP is 1.193854e-07 
Error of vP is 6.826915e-08 
Error of vP is 5.671962e-08 
Error of vP is 1.461757e-07 
Error of vP is 6.736974e-08 
Error of vP is 7.531146e-08 
Error of vP is 7.808053e-08 
Error of vP is 9.658774e-08 
Error of vP is 1.457102e-07 
Error of vP is 1.352364e-07 
Error of vP is 6.098258e-08 
Error of vP is 1.022089e-07 
Error of vP is 5.356709e-08 
Error of vP is 5.097546e-08 
Error of vP is 5.217754e-08 
Error of vP is 8.434634e-08 
Error of vP is 8.178150e-08 
Error of vP is 7.929411e-08 
Error of vP is 5.285489e-08 
Error of vP is 7.872593e-08 
Error of vP is 1.032617e-07 
Error of vP is 6.610556e-08 
Error of vP is 5.444192e-08 
Error of vP is 5.188685e-08 
Error of vP is 7.512709e-08 
Error of vP is 5.380600e-08 
Error of vP is 8.092381e-08 
Error of vP is 6.965146e-08 
Error of vP is 6.273279e-08 
Error of vP is 5.466600e-08 
Error of vP is 5.178796e-08 
Error of vP is 1.122301e-07 
Error of vP is 5.825947e-08 
Error of vP is 7.313844e-08 
Error of vP is 7.225065e-08 
Error of vP is 6.471590e-08 
Error of vP is 6.078545e-08 
Error of vP is 8.083544e-08 
Error of vP is 6.451288e-08 
Error of vP is 1.184254e-07 
Error of vP is 1.078213e-07 
Error of vP is 1.167379e-07 
Error of vP is 1.326865e-07 
Error of vP is 1.295129e-07 
Error of vP is 9.517533e-08 
Error of vP is 1.089230e-07 
Error of vP is 1.375066e-07 
Error of vP is 5.558357e-08 
Error of vP is 7.527426e-08 
Error of vP is 6.377520e-08 
Error of vP is 6.759518e-08 
Error of vP is 1.481757e-07 
Error of vP is 7.102524e-08 
Error of vP is 1.291012e-07 
Error of vP is 1.473419e-07 
Error of vP is 9.045233e-08 
Error of vP is 7.080110e-08 
Error of vP is 6.445888e-08 
Error of vP is 6.965229e-08 
Error of vP is 1.054284e-07 
Error of vP is 9.787802e-08 
Error of vP is 7.725914e-08 
Error of vP is 7.566140e-08 
Error of vP is 1.074876e-07 
Error of vP is 1.331327e-07 
Error of vP is 1.065254e-07 
Error of vP is 1.787030e-07 
Error of vP is 2.041493e-07 
Error of vP is 7.045435e-08 
Error of vP is 1.634781e-07 
Error of vP is 1.423470e-07 
Error of vP is 1.009759e-07 
Error of vP is 6.061612e-08 
Error of vP is 6.755051e-08 
Error of vP is 1.991881e-07 
Error of vP is 6.898423e-08 
Error of vP is 1.615623e-07 
Error of vP is 5.315733e-08 
Error of vP is 8.853500e-08 
Error of vP is 1.330852e-07 
Error of vP is 1.179147e-07 
Error of vP is 1.099388e-07 
Error of vP is 6.324181e-08 
Error of vP is 7.871797e-08 
Error of vP is 5.925676e-08 
Error of vP is 1.547258e-07 
Error of vP is 7.022702e-08 
Error of vP is 7.265301e-08 
Error of vP is 7.013455e-08 
Error of vP is 3.090687e-07 
Error of vP is 2.834353e-07 
Error of vP is 2.826447e-07 
Error of vP is 1.134389e-07 
Error of vP is 2.226504e-07 
Error of vP is 2.401928e-07 
Error of vP is 5.755906e-08 
Error of vP is 1.922204e-07 
Error of vP is 1.345182e-07 
Error of vP is 1.098339e-07 
Error of vP is 1.730403e-07 
Error of vP is 1.457409e-07 
Error of vP is 7.259860e-08 
Error of vP is 1.164945e-07 
Error of vP is 1.954808e-07 
Error of vP is 1.784635e-07 
Error of vP is 7.869563e-08 
Error of vP is 2.236858e-07 
Error of vP is 1.834092e-07 
Error of vP is 5.773539e-08 
Error of vP is 1.430067e-07 
Error of vP is 3.242163e-07 
Error of vP is 2.101283e-07 
Error of vP is 1.720044e-07 
Error of vP is 3.078072e-07 
Error of vP is 2.798120e-07 
Error of vP is 2.599530e-07 
Error of vP is 1.794010e-07 
Error of vP is 1.351712e-07 
Error of vP is 7.544980e-08 
Error of vP is 1.829478e-07 
Error of vP is 5.100646e-08 
Error of vP is 7.842510e-08 
Error of vP is 5.001635e-08 
Error of vP is 7.831309e-08 
Error of vP is 5.566197e-08 
Error of vP is 1.113016e-07 
Error of vP is 5.887514e-08 
Error of vP is 8.861586e-08 
Error of vP is 8.095206e-08 
Error of vP is 5.175244e-08 
Error of vP is 5.932311e-08 
Error of vP is 7.331493e-08 
Error of vP is 6.913750e-08 
Error of vP is 5.941356e-08 
Error of vP is 6.612565e-08 
Error of vP is 8.010134e-08 
Error of vP is 1.322296e-07 
Error of vP is 1.597597e-07 
Error of vP is 5.458136e-08 
Error of vP is 7.819734e-08 
Error of vP is 5.390667e-08 
Error of vP is 1.736370e-07 
Error of vP is 6.336991e-08 
Error of vP is 9.130787e-08 
Error of vP is 8.850780e-08 
Error of vP is 7.057495e-08 
Error of vP is 6.515156e-08 
Error of vP is 6.817049e-08 
Error of vP is 5.850631e-08 
Error of vP is 5.504821e-08 
Error of vP is 1.027940e-07 
Error of vP is 6.090920e-08 
Error of vP is 5.040180e-08 
Error of vP is 5.350734e-08 
Error of vP is 6.264544e-08 
Error of vP is 7.749094e-08 
Error of vP is 9.591435e-08 
Error of vP is 5.167487e-08 
Error of vP is 1.302057e-07 
Error of vP is 1.141996e-07 
Error of vP is 9.285556e-08 
Error of vP is 6.950093e-08 
Error of vP is 5.585263e-08 
Error of vP is 5.281092e-08 
Error of vP is 8.039198e-08 
Error of vP is 7.704204e-08 
Error of vP is 9.748161e-08 
Error of vP is 6.193686e-08 
Error of vP is 6.691750e-08 
Error of vP is 1.311147e-07 
Error of vP is 1.109005e-07 
Error of vP is 6.013919e-08 
Error of vP is 2.191515e-07 
Error of vP is 5.706766e-08 
Error of vP is 7.972206e-08 
Error of vP is 6.428722e-08 
Error of vP is 5.109062e-08 
Error of vP is 1.107373e-07 
Error of vP is 5.185369e-08 
Error of vP is 6.732863e-08 
Error of vP is 8.894651e-08 
Error of vP is 1.297176e-07 
Error of vP is 5.375405e-08 
Error of vP is 2.741968e-07 
Error of vP is 8.570730e-08 
Error of vP is 1.122544e-07 
Error of vP is 1.965075e-07 
Error of vP is 5.117922e-08 
Error of vP is 1.260279e-07 
Error of vP is 1.000866e-07 
Error of vP is 7.995318e-08 
Error of vP is 8.620455e-08 
Error of vP is 1.523455e-07 
Error of vP is 8.850206e-08 
Error of vP is 8.804324e-08 
Error of vP is 1.091557e-07 
Error of vP is 1.667928e-07 
Error of vP is 1.116918e-07 
Error of vP is 1.177114e-07 
Error of vP is 1.399857e-07 
Error of vP is 1.158977e-07 
Error of vP is 1.347865e-07 
Error of vP is 1.613329e-07 
Error of vP is 1.690940e-07 
Error of vP is 1.205463e-07 
Error of vP is 1.410116e-07 
Error of vP is 1.499199e-07 
Error of vP is 9.767141e-08 
Error of vP is 1.982460e-07 
Error of vP is 1.007491e-07 
Error of vP is 6.376548e-08 
Error of vP is 1.073932e-07 
Error of vP is 5.516973e-08 
Error of vP is 5.023888e-08 
Error of vP is 6.259234e-08 
Error of vP is 5.781985e-08 
Error of vP is 6.321581e-08 
Error of vP is 6.531080e-08 
Error of vP is 1.231013e-07 
Error of vP is 1.020488e-07 
Error of vP is 1.263013e-07 
Error of vP is 9.055253e-08 
Error of vP is 7.402782e-08 
Error of vP is 1.694942e-07 
Error of vP is 5.143241e-08 
Error of vP is 1.137006e-07 
Error of vP is 1.652932e-07 
Error of vP is 1.429378e-07 
Error of vP is 5.137666e-08 
Error of vP is 1.255546e-07 
Error of vP is 2.836390e-07 
Error of vP is 1.297763e-07 
Error of vP is 7.222574e-08 
Error of vP is 1.165908e-07 
Error of vP is 1.363037e-07 
Error of vP is 3.527840e-07 
Error of vP is 5.257356e-08 
Error of vP is 1.334011e-07 
Error of vP is 5.058147e-08 
Error of vP is 8.831354e-08 
Error of vP is 1.309732e-07 
Error of vP is 2.737907e-07 
Error of vP is 7.559449e-08 
Error of vP is 1.962498e-07 
Error of vP is 7.261749e-08 
Error of vP is 1.448488e-07 
Error of vP is 5.889785e-08 
Error of vP is 9.398758e-08 
Error of vP is 5.177236e-08 
Error of vP is 5.628611e-08 
Error of vP is 1.647646e-07 
Error of vP is 1.096616e-07 
Error of vP is 1.122441e-07 
Error of vP is 1.173964e-07 
Error of vP is 8.372706e-08 
Error of vP is 1.227036e-07 
Error of vP is 6.075820e-08 
Error of vP is 1.381913e-07 
Error of vP is 1.288218e-07 
Error of vP is 1.248123e-07 
Error of vP is 5.696495e-08 
Error of vP is 1.119161e-07 
Error of vP is 2.353464e-07 
Error of vP is 4.264887e-07 
Error of vP is 1.101262e-07 
Error of vP is 1.643979e-07 
Error of vP is 9.657284e-08 
Error of vP is 5.848616e-07 
Error of vP is 7.203245e-08 
Error of vP is 7.080706e-08 
Error of vP is 8.656170e-08 
Error of vP is 5.516548e-08 
Error of vP is 1.149165e-07 
Error of vP is 6.186208e-08 
Error of vP is 6.417865e-08 
Error of vP is 5.878850e-08 
Error of vP is 1.310727e-07 
Error of vP is 8.147080e-08 
Error of vP is 2.120749e-07 
Error of vP is 9.629503e-08 
Error of vP is 7.028173e-08 
Error of vP is 5.060604e-08 
Error of vP is 7.470840e-08 
Error of vP is 7.005505e-08 
Error of vP is 5.632959e-08 
Error of vP is 9.323431e-08 
Error of vP is 7.429053e-08 
Error of vP is 7.269112e-08 
Error of vP is 7.816430e-08 
Error of vP is 9.893016e-08 
Error of vP is 7.621815e-08 
Error of vP is 1.402285e-07 
Error of vP is 6.649725e-08 
Error of vP is 8.598797e-08 
Error of vP is 1.215466e-07 
Error of vP is 3.454418e-07 
Error of vP is 6.282758e-08 
Error of vP is 7.140754e-08 
Error of vP is 7.509491e-08 
Error of vP is 1.583464e-07 
Error of vP is 1.189891e-07 
Error of vP is 1.252262e-07 
Error of vP is 1.042673e-07 
Error of vP is 1.434422e-07 
Error of vP is 9.885065e-08 
Error of vP is 1.040976e-07 
Error of vP is 8.668371e-08 
Error of vP is 6.314104e-08 
Error of vP is 7.138392e-08 
Error of vP is 1.328460e-07 
Error of vP is 1.001580e-07 
Error of vP is 3.097461e-07 
Error of vP is 1.253500e-07 
Error of vP is 6.577779e-08 
Error of vP is 5.950776e-08 
Error of vP is 8.763438e-08 
Error of vP is 1.130101e-07 
Error of vP is 7.401878e-08 
Error of vP is 8.222801e-08 
Error of vP is 1.135060e-07 
Error of vP is 2.607740e-07 
Error of vP is 7.858454e-08 
Error of vP is 1.015690e-07 
Error of vP is 6.921911e-08 
Error of vP is 1.080424e-07 
Error of vP is 1.035025e-07 
Error of vP is 8.179207e-08 
Error of vP is 6.061758e-08 
Error of vP is 5.035215e-08 
Error of vP is 5.261297e-08 
Error of vP is 5.352658e-08 
Error of vP is 8.372078e-08 
Error of vP is 7.920518e-08 
Error of vP is 1.137785e-07 
Error of vP is 1.012226e-07 
Error of vP is 6.172438e-08 
Error of vP is 8.658929e-08 
Error of vP is 6.868770e-08 
Error of vP is 5.092437e-08 
Error of vP is 8.796728e-08 
Error of vP is 6.098065e-08 
Error of vP is 6.256955e-08 
Error of vP is 5.570065e-08 
Error of vP is 1.110003e-07 
Error of vP is 5.316169e-08 
Error of vP is 6.316024e-08 
Error of vP is 1.005614e-07 
Error of vP is 1.171228e-07 
Error of vP is 9.423432e-08 
Error of vP is 6.455619e-08 
Error of vP is 5.514101e-08 
Error of vP is 6.617998e-08 
Error of vP is 5.694200e-08 
Error of vP is 9.652031e-08 
Error of vP is 7.384483e-08 
Error of vP is 5.912536e-08 
Error of vP is 6.024770e-08 
Error of vP is 7.831138e-08 
Error of vP is 1.483893e-07 
Error of vP is 6.808156e-08 
Error of vP is 5.352614e-08 
Error of vP is 5.719828e-08 
Error of vP is 1.341310e-07 
Error of vP is 5.038368e-08 
Error of vP is 5.424653e-08 
Error of vP is 6.327117e-08 
Error of vP is 5.628754e-08 
Error of vP is 5.025542e-08 
Error of vP is 8.017959e-08 
Error of vP is 6.360190e-08 
Error of vP is 5.797554e-08 
Error of vP is 6.468223e-08 
Error of vP is 5.180393e-08 
Error of vP is 5.777509e-08 
Error of vP is 6.850386e-08 
Error of vP is 5.710530e-08 
Error of vP is 1.019826e-07 
Error of vP is 5.500318e-08 
Error of vP is 1.001861e-07 
Error of vP is 1.023224e-07 
Error of vP is 1.747073e-07 
Error of vP is 8.005030e-08 
Error of vP is 8.273303e-08 
Error of vP is 1.038985e-07 
Error of vP is 6.923099e-08 
Error of vP is 1.291097e-07 
Error of vP is 7.856378e-08 
Error of vP is 1.343234e-07 
Error of vP is 6.585171e-08 
Error of vP is 5.846069e-08 
Error of vP is 5.812681e-08 
Error of vP is 1.309632e-07 
Error of vP is 7.809710e-08 
Error of vP is 5.400196e-08 
Error of vP is 5.227228e-08 
Error of vP is 5.352147e-08 
Error of vP is 6.100325e-08 
Error of vP is 7.108267e-08 
Error of vP is 7.830879e-08 
Error of vP is 1.030300e-07 
Error of vP is 1.219154e-07 
Error of vP is 6.820333e-08 
Error of vP is 9.328719e-08 
Error of vP is 1.030428e-07 
Error of vP is 1.568064e-07 
Error of vP is 5.639862e-08 
Error of vP is 7.426012e-08 
Error of vP is 1.319410e-07 
Error of vP is 8.288090e-08 
Error of vP is 8.239360e-08 
Error of vP is 6.493216e-08 
Error of vP is 1.687462e-07 
Error of vP is 9.269835e-08 
Error of vP is 1.081810e-07 
Error of vP is 6.365491e-08 
Error of vP is 8.840537e-08 
Error of vP is 8.093785e-08 
Error of vP is 8.139866e-08 
Error of vP is 5.281417e-08 
Error of vP is 3.590347e-07 
Error of vP is 1.093814e-07 
Error of vP is 1.004877e-07 
Error of vP is 1.580857e-07 
Error of vP is 9.380850e-08 
Error of vP is 6.470688e-08 
Error of vP is 1.470210e-07 
Error of vP is 1.069529e-07 
Error of vP is 1.045880e-07 
Error of vP is 5.031669e-08 
Error of vP is 1.575986e-07 
Error of vP is 1.159500e-07 
Error of vP is 2.146485e-07 
Error of vP is 5.422764e-08 
Error of vP is 5.926116e-08 
Error of vP is 6.120004e-08 
Error of vP is 6.756199e-08 
Error of vP is 1.480637e-07 
Error of vP is 5.969140e-08 
Error of vP is 9.318398e-08 
Error of vP is 8.276106e-08 
Error of vP is 5.368013e-08 
Error of vP is 7.088786e-08 
Error of vP is 9.055483e-08 
Error of vP is 7.631021e-08 
Error of vP is 9.970437e-08 
Error of vP is 5.327598e-08 
Error of vP is 1.710826e-07 
Error of vP is 1.216990e-07 
Error of vP is 9.760194e-08 
Error of vP is 1.439809e-07 
Error of vP is 1.702005e-07 
Error of vP is 1.433003e-07 
Error of vP is 1.981919e-07 
Error of vP is 7.732851e-08 
Error of vP is 2.201566e-07 
Error of vP is 7.209201e-08 
Error of vP is 5.703952e-08 
Error of vP is 5.861160e-08 
Error of vP is 5.217770e-08 
Error of vP is 6.506184e-08 
Error of vP is 9.283213e-08 
Error of vP is 8.183791e-08 
Error of vP is 1.633938e-07 
Error of vP is 1.767609e-07 
Error of vP is 8.585589e-08 
Error of vP is 5.191701e-08 
Error of vP is 5.050821e-08 
Error of vP is 6.458415e-08 
Error of vP is 7.834970e-08 
Error of vP is 5.598532e-08 
Error of vP is 5.179729e-08 
Error of vP is 7.200795e-08 
Error of vP is 6.148821e-08 
Error of vP is 5.973585e-08 
Error of vP is 1.097783e-07 
Error of vP is 1.204701e-07 
Error of vP is 5.370578e-08 
>> >> 
endtime =

   3.9500e+04

>> >> >> >> >> >> 