MATLAB is selecting SOFTWARE OPENGL rendering.

                            < M A T L A B (R) >
                  Copyright 1984-2021 The MathWorks, Inc.
                  R2021b (9.11.0.1769968) 64-bit (glnxa64)
                             September 17, 2021

 
To get started, type doc.
For product information, visit www.mathworks.com.
 
>> >> >> >> >> >> >> >> >> >> >> >> >> >> >> >> >> >> >> >> >> >> >> >> >> >> Starting parallel pool (parpool) using the 'local' profile ...
[Warning: A task was unexpectedly found in state: Unavailable.] 
[> In parallel.cluster.Local/deriveJobStateFromTasks (line 29)
In parallel.cluster/Local/getJobState (line 174)
In parallel.cluster/CJSCluster/hGetJobState (line 375)
In parallel.internal.cluster/CJSJobMixin/hGetStateEnum (line 175)
In parallel/Job/get.StateEnum (line 247)
In parallel/Job/get.State (line 239)
In parallel.internal.customattr.CustomGetSet>iVectorisedGetHelper (line 128)
In parallel.internal.customattr.CustomGetSet>@(a,b,c)iVectorisedGetHelper(obj,a,b,c) (line 102)
In parallel.internal.customattr/CustomGetSet/doVectorisedGet (line 103)
In parallel.internal.customattr/CustomGetSet/hVectorisedGet (line 76)
In parallel.internal.customattr.GetSetImpl>iAccessProperties (line 322)
In parallel.internal.customattr.GetSetImpl>iGetAllPropertiesVec (line 264)
In parallel.internal.customattr/GetSetImpl/getImpl (line 133)
In parallel.internal.customattr.CustomGetSet>iHetFunGetFunction (line 154)
In parallel.internal.customattr.CustomGetSet>@(o)iHetFunGetFunction(o,props) (line 139)
In parallel.internal.cluster.hetfun (line 46)
In parallel.internal.customattr.CustomGetSet>iHetFunGetProperty (line 139)
In parallel.internal.customattr/CustomGetSet/get (line 38)
In parallel.internal.pool/AbstractInteractiveClient/pRemoveOldJobs (line 211)
In parallel.internal.pool/AbstractInteractiveClient/start (line 103)
In parallel.internal.pool.AbstractClusterPool>iStartClient (line 831)
In parallel.internal.pool/AbstractClusterPool/hBuildPool (line 585)
In parallel.internal.pool.doParpool (line 22)
In parpool (line 123)
In parallel.internal.parpool.getOrCreateCurrentPool (line 17)
In parallel.internal.pool/PoolArrayManager/getOrAutoCreateWithCleanup (line 44)
In pctTryCreatePoolIfNecessary (line 28)
In parallel_function (line 423)] 
Connected to the parallel pool (number of workers: 12).
jj1 = 15, max_th = 3.138299e+00, time=2025-04-15 09:54:09 
jj1 = 45, max_th = 2.841233e+00, time=2025-04-15 09:57:54 
jj1 = 30, max_th = 1.430233e+00, time=2025-04-15 10:07:07 
jj1 = 29, max_th = 3.440628e+00, time=2025-04-15 10:07:24 
jj1 = 40, max_th = 2.250899e+00, time=2025-04-15 10:08:40 
jj1 = 50, max_th = 1.692580e+00, time=2025-04-15 10:11:26 
jj1 = 60, max_th = 1.727806e+00, time=2025-04-15 10:12:31 
jj1 = 20, max_th = 1.761213e+00, time=2025-04-15 10:12:50 
jj1 = 25, max_th = 2.151847e+00, time=2025-04-15 10:13:33 
jj1 = 14, max_th = 2.139360e+00, time=2025-04-15 10:16:45 
jj1 = 5, max_th = 1.890248e+00, time=2025-04-15 10:17:46 
jj1 = 10, max_th = 2.031175e+00, time=2025-04-15 10:18:22 
jj1 = 24, max_th = 9.630012e-01, time=2025-04-15 10:20:24 
jj1 = 44, max_th = 2.118198e+00, time=2025-04-15 10:22:00 
jj1 = 35, max_th = 1.970930e+00, time=2025-04-15 10:22:23 
jj1 = 28, max_th = 2.096664e+00, time=2025-04-15 10:26:46 
jj1 = 55, max_th = 2.377246e+00, time=2025-04-15 10:30:29 
jj1 = 27, max_th = 2.799951e+00, time=2025-04-15 10:30:46 
jj1 = 43, max_th = 1.374634e+00, time=2025-04-15 10:33:26 
jj1 = 59, max_th = 1.863100e+00, time=2025-04-15 10:33:42 
jj1 = 39, max_th = 1.832172e+00, time=2025-04-15 10:33:49 
jj1 = 49, max_th = 2.153991e+00, time=2025-04-15 10:33:55 
jj1 = 23, max_th = 2.523742e+00, time=2025-04-15 10:34:51 
jj1 = 19, max_th = 2.118402e+00, time=2025-04-15 10:36:18 
jj1 = 4, max_th = 1.851422e+00, time=2025-04-15 10:38:22 
jj1 = 13, max_th = 1.943953e+00, time=2025-04-15 10:39:48 
jj1 = 34, max_th = 2.374368e+00, time=2025-04-15 10:40:31 
jj1 = 9, max_th = 2.120451e+00, time=2025-04-15 10:43:35 
jj1 = 42, max_th = 2.536965e+00, time=2025-04-15 10:44:29 
jj1 = 58, max_th = 1.414419e+00, time=2025-04-15 10:49:17 
jj1 = 12, max_th = 1.505230e+00, time=2025-04-15 10:50:40 
jj1 = 26, max_th = 2.025657e+00, time=2025-04-15 10:51:07 
jj1 = 48, max_th = 2.078731e+00, time=2025-04-15 10:52:21 
jj1 = 33, max_th = 2.536742e+00, time=2025-04-15 10:53:37 
jj1 = 38, max_th = 1.796316e+00, time=2025-04-15 10:53:57 
jj1 = 18, max_th = 2.382935e+00, time=2025-04-15 10:54:35 
jj1 = 54, max_th = 2.019301e+00, time=2025-04-15 10:55:23 
jj1 = 41, max_th = 1.393578e+00, time=2025-04-15 10:56:17 
jj1 = 8, max_th = 3.416212e+00, time=2025-04-15 10:56:39 
jj1 = 53, max_th = 6.704076e-01, time=2025-04-15 10:56:52 
jj1 = 22, max_th = 2.076344e+00, time=2025-04-15 10:57:59 
jj1 = 3, max_th = 2.095478e+00, time=2025-04-15 10:59:14 
jj1 = 294, max_th = 1.167644e+00, time=2025-04-15 10:59:15 
jj1 = 17, max_th = 1.230034e+00, time=2025-04-15 11:04:02 
jj1 = 47, max_th = 2.593411e+00, time=2025-04-15 11:04:45 
jj1 = 32, max_th = 1.579545e+00, time=2025-04-15 11:12:22 
jj1 = 57, max_th = 2.132571e+00, time=2025-04-15 11:12:29 
jj1 = 11, max_th = 2.004598e+00, time=2025-04-15 11:12:43 
jj1 = 31, max_th = 3.050654e+00, time=2025-04-15 11:14:30 
jj1 = 7, max_th = 2.428716e+00, time=2025-04-15 11:15:01 
jj1 = 16, max_th = 1.311523e+00, time=2025-04-15 11:16:29 
jj1 = 52, max_th = 2.270215e+00, time=2025-04-15 11:17:27 
jj1 = 293, max_th = 2.099593e+00, time=2025-04-15 11:18:02 
jj1 = 37, max_th = 2.119380e+00, time=2025-04-15 11:19:10 
jj1 = 2, max_th = 1.915620e+00, time=2025-04-15 11:20:35 
jj1 = 411, max_th = 1.927764e+00, time=2025-04-15 11:20:45 
jj1 = 21, max_th = 2.060587e+00, time=2025-04-15 11:21:03 
jj1 = 177, max_th = 2.686001e+00, time=2025-04-15 11:21:13 
jj1 = 56, max_th = 2.761888e+00, time=2025-04-15 11:22:13 
jj1 = 46, max_th = 2.277475e+00, time=2025-04-15 11:25:46 
jj1 = 6, max_th = 1.489296e+00, time=2025-04-15 11:31:14 
jj1 = 1, max_th = 1.448499e+00, time=2025-04-15 11:31:44 
jj1 = 528, max_th = 2.593921e+00, time=2025-04-15 11:32:45 
jj1 = 36, max_th = 2.413924e+00, time=2025-04-15 11:33:47 
jj1 = 216, max_th = 2.203019e+00, time=2025-04-15 11:35:32 
jj1 = 333, max_th = 2.061406e+00, time=2025-04-15 11:38:32 
jj1 = 450, max_th = 2.477686e+00, time=2025-04-15 11:40:09 
jj1 = 292, max_th = 2.158467e+00, time=2025-04-15 11:41:27 
jj1 = 51, max_th = 2.017674e+00, time=2025-04-15 11:44:06 
jj1 = 255, max_th = 1.790420e+00, time=2025-04-15 11:46:55 
jj1 = 99, max_th = 2.513329e+00, time=2025-04-15 11:48:17 
jj1 = 410, max_th = 2.060686e+00, time=2025-04-15 11:50:39 
jj1 = 332, max_th = 1.123420e+00, time=2025-04-15 11:52:11 
jj1 = 176, max_th = 2.126045e+00, time=2025-04-15 11:52:52 
jj1 = 215, max_th = 2.551177e+00, time=2025-04-15 11:54:36 
jj1 = 372, max_th = 1.553670e+00, time=2025-04-15 11:57:09 
jj1 = 409, max_th = 9.677872e-01, time=2025-04-15 12:01:13 
jj1 = 527, max_th = 1.611322e+00, time=2025-04-15 12:05:13 
jj1 = 138, max_th = 2.054250e+00, time=2025-04-15 12:07:11 
jj1 = 254, max_th = 1.418886e+00, time=2025-04-15 12:20:01 
jj1 = 291, max_th = 1.984093e+00, time=2025-04-15 12:27:15 
jj1 = 331, max_th = 1.756252e+00, time=2025-04-15 12:29:55 
jj1 = 408, max_th = 1.474794e+00, time=2025-04-15 12:30:30 
jj1 = 175, max_th = 2.425936e+00, time=2025-04-15 12:31:56 
jj1 = 449, max_th = 1.986379e+00, time=2025-04-15 12:32:57 
jj1 = 371, max_th = 2.326989e+00, time=2025-04-15 12:41:43 
jj1 = 489, max_th = 2.023705e+00, time=2025-04-15 12:43:01 
jj1 = 98, max_th = 2.060356e+00, time=2025-04-15 12:43:56 
jj1 = 214, max_th = 1.836847e+00, time=2025-04-15 12:52:06 
jj1 = 97, max_th = 2.762859e+00, time=2025-04-15 12:56:37 
jj1 = 290, max_th = 2.480505e+00, time=2025-04-15 12:56:42 
jj1 = 526, max_th = 1.676690e+00, time=2025-04-15 12:57:52 
jj1 = 137, max_th = 1.970436e+00, time=2025-04-15 13:03:55 
jj1 = 370, max_th = 2.612399e+00, time=2025-04-15 13:06:34 
jj1 = 488, max_th = 1.343855e+00, time=2025-04-15 13:08:18 
jj1 = 174, max_th = 1.694726e+00, time=2025-04-15 13:14:36 
jj1 = 253, max_th = 2.091569e+00, time=2025-04-15 13:15:29 
jj1 = 330, max_th = 2.276705e+00, time=2025-04-15 13:15:39 
jj1 = 407, max_th = 1.885493e+00, time=2025-04-15 13:21:23 
jj1 = 96, max_th = 2.638750e+00, time=2025-04-15 13:22:38 
jj1 = 448, max_th = 2.018392e+00, time=2025-04-15 13:26:17 
jj1 = 213, max_th = 2.110199e+00, time=2025-04-15 13:40:29 
jj1 = 136, max_th = 1.749201e+00, time=2025-04-15 13:40:54 
jj1 = 369, max_th = 1.949775e+00, time=2025-04-15 13:42:47 
jj1 = 525, max_th = 2.281392e+00, time=2025-04-15 13:43:52 
jj1 = 289, max_th = 1.755629e+00, time=2025-04-15 13:46:07 
jj1 = 447, max_th = 1.318298e+00, time=2025-04-15 13:54:38 
jj1 = 329, max_th = 2.053088e+00, time=2025-04-15 13:55:15 
jj1 = 487, max_th = 2.008235e+00, time=2025-04-15 13:57:25 
jj1 = 173, max_th = 2.102085e+00, time=2025-04-15 13:59:39 
jj1 = 406, max_th = 1.621553e+00, time=2025-04-15 14:04:06 
jj1 = 95, max_th = 1.862913e+00, time=2025-04-15 14:18:32 
jj1 = 212, max_th = 1.578240e+00, time=2025-04-15 14:22:30 
jj1 = 368, max_th = 1.948374e+00, time=2025-04-15 14:23:47 
jj1 = 252, max_th = 2.096010e+00, time=2025-04-15 14:26:56 
jj1 = 524, max_th = 2.124660e+00, time=2025-04-15 14:28:55 
jj1 = 405, max_th = 1.227679e+00, time=2025-04-15 14:30:00 
jj1 = 446, max_th = 2.245191e+00, time=2025-04-15 14:31:00 
jj1 = 135, max_th = 1.983071e+00, time=2025-04-15 14:32:55 
jj1 = 486, max_th = 2.434702e+00, time=2025-04-15 14:32:59 
jj1 = 288, max_th = 1.868969e+00, time=2025-04-15 14:35:01 
jj1 = 328, max_th = 2.119476e+00, time=2025-04-15 14:37:56 
jj1 = 172, max_th = 1.842330e+00, time=2025-04-15 14:44:44 
jj1 = 485, max_th = 2.658814e+00, time=2025-04-15 14:44:59 
jj1 = 94, max_th = 1.562395e+00, time=2025-04-15 14:45:43 
jj1 = 211, max_th = 1.639124e+00, time=2025-04-15 14:47:51 
jj1 = 404, max_th = 2.461897e+00, time=2025-04-15 14:48:01 
jj1 = 251, max_th = 1.684942e+00, time=2025-04-15 14:51:16 
jj1 = 523, max_th = 2.387571e+00, time=2025-04-15 14:54:54 
jj1 = 484, max_th = 2.705564e+00, time=2025-04-15 14:56:37 
jj1 = 445, max_th = 2.309871e+00, time=2025-04-15 14:57:23 
jj1 = 134, max_th = 1.604219e+00, time=2025-04-15 14:58:05 
jj1 = 367, max_th = 2.021149e+00, time=2025-04-15 14:58:14 
jj1 = 287, max_th = 1.675294e+00, time=2025-04-15 15:00:00 
jj1 = 171, max_th = 2.430557e+00, time=2025-04-15 15:04:22 
jj1 = 93, max_th = 1.497867e+00, time=2025-04-15 15:04:34 
jj1 = 366, max_th = 9.708665e-01, time=2025-04-15 15:04:58 
jj1 = 210, max_th = 2.404954e+00, time=2025-04-15 15:10:11 
jj1 = 403, max_th = 2.132298e+00, time=2025-04-15 15:17:20 
jj1 = 209, max_th = 2.857814e+00, time=2025-04-15 15:17:32 
jj1 = 444, max_th = 1.568616e+00, time=2025-04-15 15:18:33 
jj1 = 250, max_th = 2.176677e+00, time=2025-04-15 15:19:45 
jj1 = 443, max_th = 3.103647e+00, time=2025-04-15 15:19:45 
jj1 = 92, max_th = 2.379772e+00, time=2025-04-15 15:20:21 
jj1 = 522, max_th = 1.804126e+00, time=2025-04-15 15:21:05 
jj1 = 286, max_th = 2.294789e+00, time=2025-04-15 15:22:15 
jj1 = 91, max_th = 3.218751e+00, time=2025-04-15 15:22:51 
jj1 = 327, max_th = 1.824780e+00, time=2025-04-15 15:26:12 
jj1 = 133, max_th = 1.917898e+00, time=2025-04-15 15:27:00 
jj1 = 170, max_th = 2.225690e+00, time=2025-04-15 15:29:46 
jj1 = 169, max_th = 5.854569e-01, time=2025-04-15 15:31:10 
jj1 = 483, max_th = 1.896273e+00, time=2025-04-15 15:31:29 
jj1 = 365, max_th = 1.962565e+00, time=2025-04-15 15:34:07 
jj1 = 249, max_th = 1.562914e+00, time=2025-04-15 15:35:29 
jj1 = 132, max_th = 2.780971e+00, time=2025-04-15 15:35:38 
jj1 = 285, max_th = 2.448430e+00, time=2025-04-15 15:38:02 
jj1 = 442, max_th = 2.148408e+00, time=2025-04-15 15:39:49 
jj1 = 402, max_th = 1.839573e+00, time=2025-04-15 15:42:17 
jj1 = 208, max_th = 1.839964e+00, time=2025-04-15 15:47:03 
jj1 = 521, max_th = 2.281732e+00, time=2025-04-15 15:48:26 
jj1 = 482, max_th = 1.851736e+00, time=2025-04-15 15:49:02 
jj1 = 90, max_th = 1.829449e+00, time=2025-04-15 15:51:09 
jj1 = 326, max_th = 1.954009e+00, time=2025-04-15 15:51:29 
jj1 = 168, max_th = 1.658867e+00, time=2025-04-15 15:52:25 
jj1 = 131, max_th = 2.363679e+00, time=2025-04-15 15:54:06 
jj1 = 364, max_th = 2.153420e+00, time=2025-04-15 15:58:40 
jj1 = 325, max_th = 2.775319e+00, time=2025-04-15 16:00:23 
jj1 = 248, max_th = 2.237631e+00, time=2025-04-15 16:00:44 
jj1 = 441, max_th = 1.569975e+00, time=2025-04-15 16:02:10 
jj1 = 440, max_th = 8.701713e-01, time=2025-04-15 16:05:43 
jj1 = 284, max_th = 1.957525e+00, time=2025-04-15 16:09:46 
jj1 = 167, max_th = 1.655083e+00, time=2025-04-15 16:12:04 
jj1 = 363, max_th = 2.412492e+00, time=2025-04-15 16:14:40 
jj1 = 89, max_th = 2.257970e+00, time=2025-04-15 16:15:00 
jj1 = 207, max_th = 1.816851e+00, time=2025-04-15 16:16:47 
jj1 = 401, max_th = 1.966583e+00, time=2025-04-15 16:16:49 
jj1 = 88, max_th = 3.095636e+00, time=2025-04-15 16:17:14 
jj1 = 247, max_th = 2.492060e+00, time=2025-04-15 16:18:35 
jj1 = 481, max_th = 1.906492e+00, time=2025-04-15 16:18:40 
jj1 = 520, max_th = 1.981610e+00, time=2025-04-15 16:22:21 
jj1 = 283, max_th = 2.593908e+00, time=2025-04-15 16:23:39 
jj1 = 87, max_th = 1.065776e+00, time=2025-04-15 16:24:03 
jj1 = 130, max_th = 2.034079e+00, time=2025-04-15 16:25:38 
jj1 = 324, max_th = 1.725686e+00, time=2025-04-15 16:26:56 
jj1 = 439, max_th = 2.354927e+00, time=2025-04-15 16:27:01 
jj1 = 206, max_th = 2.633323e+00, time=2025-04-15 16:29:39 
jj1 = 400, max_th = 1.537628e+00, time=2025-04-15 16:33:04 
jj1 = 166, max_th = 1.622871e+00, time=2025-04-15 16:35:05 
jj1 = 362, max_th = 2.220184e+00, time=2025-04-15 16:42:26 
jj1 = 86, max_th = 2.433795e+00, time=2025-04-15 16:47:39 
jj1 = 246, max_th = 1.942389e+00, time=2025-04-15 16:50:06 
jj1 = 480, max_th = 2.012709e+00, time=2025-04-15 16:52:47 
jj1 = 438, max_th = 2.285169e+00, time=2025-04-15 16:53:00 
jj1 = 323, max_th = 1.557179e+00, time=2025-04-15 16:54:06 
jj1 = 361, max_th = 1.091083e+00, time=2025-04-15 16:54:20 
jj1 = 205, max_th = 2.368559e+00, time=2025-04-15 16:54:57 
jj1 = 282, max_th = 1.768289e+00, time=2025-04-15 16:56:29 
jj1 = 519, max_th = 1.964694e+00, time=2025-04-15 16:56:53 
jj1 = 129, max_th = 2.005085e+00, time=2025-04-15 16:58:35 
jj1 = 165, max_th = 2.304937e+00, time=2025-04-15 17:04:09 
jj1 = 399, max_th = 2.212470e+00, time=2025-04-15 17:04:57 
jj1 = 437, max_th = 2.773694e+00, time=2025-04-15 17:06:46 
jj1 = 398, max_th = 2.811318e+00, time=2025-04-15 17:12:18 
jj1 = 204, max_th = 2.631505e+00, time=2025-04-15 17:12:43 
jj1 = 85, max_th = 1.776165e+00, time=2025-04-15 17:20:30 
jj1 = 281, max_th = 1.692706e+00, time=2025-04-15 17:23:10 
jj1 = 128, max_th = 1.308843e+00, time=2025-04-15 17:23:20 
jj1 = 479, max_th = 2.053103e+00, time=2025-04-15 17:23:43 
jj1 = 360, max_th = 2.135114e+00, time=2025-04-15 17:24:06 
jj1 = 436, max_th = 1.367234e+00, time=2025-04-15 17:25:00 
jj1 = 322, max_th = 1.869745e+00, time=2025-04-15 17:25:20 
jj1 = 245, max_th = 1.893281e+00, time=2025-04-15 17:26:54 
jj1 = 518, max_th = 1.842855e+00, time=2025-04-15 17:28:35 
jj1 = 397, max_th = 1.561700e+00, time=2025-04-15 17:30:56 
jj1 = 164, max_th = 1.870383e+00, time=2025-04-15 17:31:57 
jj1 = 203, max_th = 2.282944e+00, time=2025-04-15 17:40:57 
jj1 = 84, max_th = 2.305243e+00, time=2025-04-15 17:42:28 
jj1 = 517, max_th = 1.436371e+00, time=2025-04-15 17:46:00 
jj1 = 244, max_th = 1.615492e+00, time=2025-04-15 17:46:43 
jj1 = 435, max_th = 1.578988e+00, time=2025-04-15 17:47:01 
jj1 = 478, max_th = 2.380969e+00, time=2025-04-15 17:47:28 
jj1 = 321, max_th = 1.666481e+00, time=2025-04-15 17:49:03 
jj1 = 516, max_th = 1.031697e+00, time=2025-04-15 17:50:06 
jj1 = 127, max_th = 1.713988e+00, time=2025-04-15 17:51:01 
jj1 = 280, max_th = 2.040496e+00, time=2025-04-15 17:54:28 
jj1 = 359, max_th = 1.970659e+00, time=2025-04-15 17:54:29 
jj1 = 358, max_th = -7.764351e-02, time=2025-04-15 17:55:04 
jj1 = 202, max_th = 1.567905e+00, time=2025-04-15 17:58:22 
jj1 = 163, max_th = 2.232117e+00, time=2025-04-15 17:59:03 
jj1 = 396, max_th = 1.902300e+00, time=2025-04-15 17:59:27 
jj1 = 434, max_th = 1.492485e+00, time=2025-04-15 18:00:34 
jj1 = 162, max_th = 8.116081e-01, time=2025-04-15 18:03:06 
jj1 = 201, max_th = 9.082181e-01, time=2025-04-15 18:04:49 
jj1 = 357, max_th = 1.342473e+00, time=2025-04-15 18:06:29 
jj1 = 320, max_th = 1.634763e+00, time=2025-04-15 18:07:12 
jj1 = 356, max_th = 3.261870e+00, time=2025-04-15 18:07:19 
jj1 = 161, max_th = 7.422147e-01, time=2025-04-15 18:09:29 
jj1 = 515, max_th = 1.788215e+00, time=2025-04-15 18:10:46 
jj1 = 279, max_th = 2.594041e+00, time=2025-04-15 18:11:23 
jj1 = 83, max_th = 2.275182e+00, time=2025-04-15 18:13:07 
jj1 = 243, max_th = 1.792174e+00, time=2025-04-15 18:15:49 
jj1 = 126, max_th = 2.188898e+00, time=2025-04-15 18:18:09 
jj1 = 477, max_th = 2.077661e+00, time=2025-04-15 18:20:41 
jj1 = 82, max_th = 3.329290e+00, time=2025-04-15 18:21:43 
jj1 = 433, max_th = 2.090652e+00, time=2025-04-15 18:25:19 
jj1 = 200, max_th = 1.616510e+00, time=2025-04-15 18:26:31 
jj1 = 395, max_th = 2.268597e+00, time=2025-04-15 18:26:36 
jj1 = 278, max_th = 2.511870e+00, time=2025-04-15 18:28:06 
jj1 = 319, max_th = 2.478187e+00, time=2025-04-15 18:29:39 
jj1 = 476, max_th = 1.280733e+00, time=2025-04-15 18:33:26 
jj1 = 355, max_th = 1.985498e+00, time=2025-04-15 18:33:41 
jj1 = 242, max_th = 1.514376e+00, time=2025-04-15 18:34:36 
jj1 = 160, max_th = 2.223737e+00, time=2025-04-15 18:36:52 
jj1 = 514, max_th = 1.985210e+00, time=2025-04-15 18:37:54 
jj1 = 277, max_th = 2.680232e+00, time=2025-04-15 18:38:59 
jj1 = 159, max_th = 6.809799e-01, time=2025-04-15 18:39:40 
jj1 = 241, max_th = 2.910215e+00, time=2025-04-15 18:40:11 
jj1 = 199, max_th = 2.449639e+00, time=2025-04-15 18:40:53 
jj1 = 125, max_th = 1.762060e+00, time=2025-04-15 18:41:48 
jj1 = 432, max_th = 2.489757e+00, time=2025-04-15 18:43:16 
jj1 = 475, max_th = 1.303939e+00, time=2025-04-15 18:46:24 
jj1 = 394, max_th = 2.412529e+00, time=2025-04-15 18:47:13 
jj1 = 318, max_th = 1.539237e+00, time=2025-04-15 18:47:44 
jj1 = 81, max_th = 1.920794e+00, time=2025-04-15 18:50:30 
jj1 = 354, max_th = 2.363726e+00, time=2025-04-15 18:53:19 
jj1 = 240, max_th = 2.438659e+00, time=2025-04-15 18:58:15 
jj1 = 124, max_th = 2.506837e+00, time=2025-04-15 18:58:55 
jj1 = 431, max_th = 1.496440e+00, time=2025-04-15 19:00:02 
jj1 = 158, max_th = 2.160081e+00, time=2025-04-15 19:03:14 
jj1 = 393, max_th = 2.576065e+00, time=2025-04-15 19:03:26 
jj1 = 513, max_th = 1.964434e+00, time=2025-04-15 19:04:04 
jj1 = 198, max_th = 1.934719e+00, time=2025-04-15 19:06:08 
jj1 = 276, max_th = 1.880828e+00, time=2025-04-15 19:07:47 
jj1 = 353, max_th = 1.436532e+00, time=2025-04-15 19:07:51 
jj1 = 239, max_th = 1.233724e+00, time=2025-04-15 19:08:39 
jj1 = 80, max_th = 2.001982e+00, time=2025-04-15 19:11:21 
jj1 = 317, max_th = 1.793765e+00, time=2025-04-15 19:13:33 
jj1 = 352, max_th = 1.089002e+00, time=2025-04-15 19:14:41 
jj1 = 474, max_th = 1.981799e+00, time=2025-04-15 19:18:52 
jj1 = 123, max_th = 1.954640e+00, time=2025-04-15 19:26:36 
jj1 = 157, max_th = 1.721211e+00, time=2025-04-15 19:27:26 
jj1 = 430, max_th = 2.161084e+00, time=2025-04-15 19:29:11 
jj1 = 392, max_th = 2.333440e+00, time=2025-04-15 19:29:21 
jj1 = 79, max_th = 1.746441e+00, time=2025-04-15 19:29:56 
jj1 = 197, max_th = 1.910354e+00, time=2025-04-15 19:32:24 
jj1 = 512, max_th = 1.907215e+00, time=2025-04-15 19:34:59 
jj1 = 316, max_th = 1.688050e+00, time=2025-04-15 19:35:34 
jj1 = 238, max_th = 1.866209e+00, time=2025-04-15 19:37:50 
jj1 = 351, max_th = 1.736475e+00, time=2025-04-15 19:38:04 
jj1 = 275, max_th = 2.079236e+00, time=2025-04-15 19:38:08 
jj1 = 391, max_th = 2.740190e+00, time=2025-04-15 19:38:17 
jj1 = 473, max_th = 1.574337e+00, time=2025-04-15 19:39:47 
jj1 = 350, max_th = 2.798500e+00, time=2025-04-15 19:45:17 
jj1 = 196, max_th = 2.539446e+00, time=2025-04-15 19:47:47 
jj1 = 122, max_th = 2.292857e+00, time=2025-04-15 19:51:01 
jj1 = 472, max_th = 1.332835e+00, time=2025-04-15 19:52:06 
jj1 = 78, max_th = 2.147357e+00, time=2025-04-15 19:53:30 
jj1 = 429, max_th = 1.996655e+00, time=2025-04-15 19:54:12 
jj1 = 511, max_th = 2.262266e+00, time=2025-04-15 19:55:36 
jj1 = 156, max_th = 1.828042e+00, time=2025-04-15 19:55:51 
jj1 = 237, max_th = 2.346480e+00, time=2025-04-15 19:57:42 
jj1 = 390, max_th = 1.396697e+00, time=2025-04-15 19:59:17 
jj1 = 315, max_th = 1.689022e+00, time=2025-04-15 20:00:07 
jj1 = 155, max_th = 2.735442e+00, time=2025-04-15 20:05:14 
jj1 = 274, max_th = 2.077429e+00, time=2025-04-15 20:09:27 
jj1 = 349, max_th = 2.325590e+00, time=2025-04-15 20:09:40 
jj1 = 314, max_th = 2.724545e+00, time=2025-04-15 20:10:21 
jj1 = 471, max_th = 2.451594e+00, time=2025-04-15 20:10:37 
jj1 = 77, max_th = 1.698005e+00, time=2025-04-15 20:15:51 
jj1 = 273, max_th = 1.264680e+00, time=2025-04-15 20:19:05 
jj1 = 121, max_th = 1.934868e+00, time=2025-04-15 20:20:40 
jj1 = 510, max_th = 1.967999e+00, time=2025-04-15 20:22:37 
jj1 = 313, max_th = 1.189461e+00, time=2025-04-15 20:23:21 
jj1 = 389, max_th = 2.385840e+00, time=2025-04-15 20:23:22 
jj1 = 428, max_th = 2.078201e+00, time=2025-04-15 20:23:54 
jj1 = 236, max_th = 2.035143e+00, time=2025-04-15 20:25:37 
jj1 = 348, max_th = 1.330254e+00, time=2025-04-15 20:25:58 
jj1 = 195, max_th = 1.460776e+00, time=2025-04-15 20:27:01 
jj1 = 154, max_th = 1.779631e+00, time=2025-04-15 20:29:56 
jj1 = 470, max_th = 1.422305e+00, time=2025-04-15 20:31:18 
jj1 = 388, max_th = 1.256878e+00, time=2025-04-15 20:33:18 
jj1 = 272, max_th = 2.099494e+00, time=2025-04-15 20:42:49 
jj1 = 76, max_th = 2.204746e+00, time=2025-04-15 20:43:13 
jj1 = 469, max_th = 1.365821e+00, time=2025-04-15 20:43:57 
jj1 = 509, max_th = 2.204244e+00, time=2025-04-15 20:46:04 
jj1 = 120, max_th = 1.909716e+00, time=2025-04-15 20:48:15 
jj1 = 347, max_th = 2.276147e+00, time=2025-04-15 20:48:59 
jj1 = 235, max_th = 1.625282e+00, time=2025-04-15 20:49:14 
jj1 = 387, max_th = 2.517367e+00, time=2025-04-15 20:49:37 
jj1 = 312, max_th = 2.111764e+00, time=2025-04-15 20:51:11 
jj1 = 153, max_th = 2.368444e+00, time=2025-04-15 20:51:41 
jj1 = 194, max_th = 2.228251e+00, time=2025-04-15 20:51:46 
jj1 = 427, max_th = 1.831894e+00, time=2025-04-15 20:51:58 
jj1 = 311, max_th = 8.342824e-01, time=2025-04-15 20:54:41 
jj1 = 346, max_th = 2.729577e+00, time=2025-04-15 20:56:45 
jj1 = 468, max_th = 1.525078e+00, time=2025-04-15 21:03:23 
jj1 = 426, max_th = 1.273318e+00, time=2025-04-15 21:04:44 
jj1 = 425, max_th = -1.419841e-01, time=2025-04-15 21:05:37 
jj1 = 119, max_th = 2.394589e+00, time=2025-04-15 21:06:27 
jj1 = 152, max_th = 1.496007e+00, time=2025-04-15 21:07:21 
jj1 = 271, max_th = 1.432500e+00, time=2025-04-15 21:07:29 
jj1 = 75, max_th = 1.955393e+00, time=2025-04-15 21:10:32 
jj1 = 508, max_th = 1.788755e+00, time=2025-04-15 21:11:33 
jj1 = 234, max_th = 1.754814e+00, time=2025-04-15 21:12:03 
jj1 = 310, max_th = 1.535968e+00, time=2025-04-15 21:16:08 
jj1 = 193, max_th = 1.765842e+00, time=2025-04-15 21:16:52 
jj1 = 467, max_th = 1.498259e+00, time=2025-04-15 21:19:36 
jj1 = 386, max_th = 1.982048e+00, time=2025-04-15 21:21:50 
jj1 = 345, max_th = 2.277524e+00, time=2025-04-15 21:22:21 
jj1 = 424, max_th = 1.591794e+00, time=2025-04-15 21:23:45 
jj1 = 344, max_th = 7.440469e-01, time=2025-04-15 21:25:04 
jj1 = 507, max_th = 1.445329e+00, time=2025-04-15 21:25:58 
jj1 = 309, max_th = 2.670540e+00, time=2025-04-15 21:28:41 
jj1 = 151, max_th = 1.628596e+00, time=2025-04-15 21:28:51 
jj1 = 118, max_th = 2.199073e+00, time=2025-04-15 21:32:33 
jj1 = 74, max_th = 2.057337e+00, time=2025-04-15 21:35:24 
jj1 = 506, max_th = 1.246435e+00, time=2025-04-15 21:37:32 
jj1 = 270, max_th = 1.965281e+00, time=2025-04-15 21:38:27 
jj1 = 192, max_th = 1.989493e+00, time=2025-04-15 21:40:18 
jj1 = 233, max_th = 2.221623e+00, time=2025-04-15 21:43:18 
jj1 = 505, max_th = 1.850338e+00, time=2025-04-15 21:46:31 
jj1 = 466, max_th = 1.785833e+00, time=2025-04-15 21:47:22 
jj1 = 385, max_th = 2.003166e+00, time=2025-04-15 21:48:52 
jj1 = 423, max_th = 2.033240e+00, time=2025-04-15 21:49:18 
jj1 = 343, max_th = 1.711600e+00, time=2025-04-15 21:50:22 
jj1 = 150, max_th = 1.798131e+00, time=2025-04-15 21:50:55 
jj1 = 308, max_th = 1.578127e+00, time=2025-04-15 21:53:10 
jj1 = 191, max_th = 2.296905e+00, time=2025-04-15 21:59:06 
jj1 = 149, max_th = 1.064694e+00, time=2025-04-15 21:59:35 
jj1 = 117, max_th = 1.925796e+00, time=2025-04-15 22:00:40 
jj1 = 73, max_th = 1.688059e+00, time=2025-04-15 22:02:17 
jj1 = 307, max_th = 2.660354e+00, time=2025-04-15 22:03:33 
jj1 = 504, max_th = 2.527704e+00, time=2025-04-15 22:04:12 
jj1 = 422, max_th = 2.462292e+00, time=2025-04-15 22:07:19 
jj1 = 269, max_th = 1.884349e+00, time=2025-04-15 22:09:05 
jj1 = 342, max_th = 2.467134e+00, time=2025-04-15 22:09:21 
jj1 = 190, max_th = 1.215639e+00, time=2025-04-15 22:09:24 
jj1 = 116, max_th = 2.694640e+00, time=2025-04-15 22:11:07 
jj1 = 232, max_th = 2.218830e+00, time=2025-04-15 22:12:47 
jj1 = 306, max_th = 2.648895e+00, time=2025-04-15 22:14:00 
jj1 = 384, max_th = 2.284357e+00, time=2025-04-15 22:14:19 
jj1 = 465, max_th = 2.026969e+00, time=2025-04-15 22:17:13 
jj1 = 148, max_th = 1.950202e+00, time=2025-04-15 22:18:31 
jj1 = 72, max_th = 1.566324e+00, time=2025-04-15 22:27:21 
jj1 = 383, max_th = 1.432960e+00, time=2025-04-15 22:31:31 
jj1 = 464, max_th = 2.451612e+00, time=2025-04-15 22:32:48 
jj1 = 268, max_th = 2.109046e+00, time=2025-04-15 22:33:35 
jj1 = 305, max_th = 1.699329e+00, time=2025-04-15 22:33:56 
jj1 = 231, max_th = 1.665593e+00, time=2025-04-15 22:35:06 
jj1 = 341, max_th = 1.774171e+00, time=2025-04-15 22:35:44 
jj1 = 503, max_th = 1.910878e+00, time=2025-04-15 22:35:57 
jj1 = 189, max_th = 1.878987e+00, time=2025-04-15 22:36:40 
jj1 = 421, max_th = 1.960261e+00, time=2025-04-15 22:36:46 
jj1 = 115, max_th = 2.012605e+00, time=2025-04-15 22:39:53 
jj1 = 147, max_th = 2.101950e+00, time=2025-04-15 22:43:16 
jj1 = 267, max_th = 1.263424e+00, time=2025-04-15 22:46:09 
jj1 = 463, max_th = 1.433501e+00, time=2025-04-15 22:47:17 
jj1 = 502, max_th = 2.596612e+00, time=2025-04-15 22:49:53 
jj1 = 340, max_th = 2.624692e+00, time=2025-04-15 22:50:14 
jj1 = 420, max_th = 1.382483e+00, time=2025-04-15 22:50:41 
jj1 = 146, max_th = 2.723966e+00, time=2025-04-15 22:52:09 
jj1 = 382, max_th = 2.000355e+00, time=2025-04-15 22:53:10 
jj1 = 304, max_th = 2.374762e+00, time=2025-04-15 22:54:57 
jj1 = 71, max_th = 2.077059e+00, time=2025-04-15 22:55:15 
jj1 = 266, max_th = 1.148207e+00, time=2025-04-15 22:56:02 
jj1 = 230, max_th = 1.632629e+00, time=2025-04-15 22:56:55 
jj1 = 114, max_th = 2.442360e+00, time=2025-04-15 22:59:04 
jj1 = 188, max_th = 1.868737e+00, time=2025-04-15 23:02:04 
jj1 = 462, max_th = 2.562847e+00, time=2025-04-15 23:02:09 
jj1 = 145, max_th = 2.802770e+00, time=2025-04-15 23:06:42 
jj1 = 419, max_th = 1.465939e+00, time=2025-04-15 23:07:47 
jj1 = 461, max_th = 2.833142e+00, time=2025-04-15 23:08:35 
jj1 = 381, max_th = 1.435647e+00, time=2025-04-15 23:08:43 
jj1 = 380, max_th = 3.129859e+00, time=2025-04-15 23:11:06 
jj1 = 339, max_th = 1.473219e+00, time=2025-04-15 23:11:24 
jj1 = 187, max_th = 1.389539e+00, time=2025-04-15 23:13:13 
jj1 = 70, max_th = 1.950752e+00, time=2025-04-15 23:13:48 
jj1 = 501, max_th = 2.124416e+00, time=2025-04-15 23:20:41 
jj1 = 113, max_th = 2.306622e+00, time=2025-04-15 23:21:22 
jj1 = 229, max_th = 1.856458e+00, time=2025-04-15 23:22:14 
jj1 = 303, max_th = 1.937043e+00, time=2025-04-15 23:22:46 
jj1 = 418, max_th = 1.407165e+00, time=2025-04-15 23:22:51 
jj1 = 186, max_th = 2.691654e+00, time=2025-04-15 23:23:16 
jj1 = 460, max_th = 2.487861e+00, time=2025-04-15 23:23:28 
jj1 = 265, max_th = 2.189441e+00, time=2025-04-15 23:24:38 
jj1 = 112, max_th = 7.952323e-01, time=2025-04-15 23:25:02 
jj1 = 338, max_th = 1.362877e+00, time=2025-04-15 23:25:15 
jj1 = 144, max_th = 2.317346e+00, time=2025-04-15 23:29:33 
jj1 = 500, max_th = 1.401728e+00, time=2025-04-15 23:34:19 
jj1 = 185, max_th = 2.888737e+00, time=2025-04-15 23:37:48 
jj1 = 111, max_th = 1.365331e+00, time=2025-04-15 23:40:39 
jj1 = 69, max_th = 2.136188e+00, time=2025-04-15 23:42:37 
jj1 = 379, max_th = 2.070711e+00, time=2025-04-15 23:44:38 
jj1 = 264, max_th = 2.296858e+00, time=2025-04-15 23:45:32 
jj1 = 459, max_th = 2.291197e+00, time=2025-04-15 23:46:31 
jj1 = 302, max_th = 1.581396e+00, time=2025-04-15 23:47:40 
jj1 = 228, max_th = 2.019155e+00, time=2025-04-15 23:48:00 
jj1 = 417, max_th = 2.114170e+00, time=2025-04-15 23:48:03 
jj1 = 337, max_th = 2.004573e+00, time=2025-04-15 23:52:38 
jj1 = 184, max_th = 1.601738e+00, time=2025-04-15 23:55:32 
jj1 = 68, max_th = 1.345024e+00, time=2025-04-15 23:56:25 
jj1 = 143, max_th = 2.067062e+00, time=2025-04-15 23:58:28 
jj1 = 499, max_th = 2.002925e+00, time=2025-04-15 23:59:17 
jj1 = 378, max_th = 1.616823e+00, time=2025-04-16 00:00:20 
jj1 = 110, max_th = 2.430372e+00, time=2025-04-16 00:02:02 
jj1 = 227, max_th = 2.479615e+00, time=2025-04-16 00:04:48 
jj1 = 336, max_th = 2.351788e+00, time=2025-04-16 00:06:48 
jj1 = 301, max_th = 1.471250e+00, time=2025-04-16 00:07:33 
jj1 = 263, max_th = 2.042943e+00, time=2025-04-16 00:10:15 
jj1 = 458, max_th = 2.006026e+00, time=2025-04-16 00:13:06 
jj1 = 416, max_th = 1.889594e+00, time=2025-04-16 00:13:17 
jj1 = 377, max_th = 1.310230e+00, time=2025-04-16 00:15:44 
jj1 = 226, max_th = 2.630139e+00, time=2025-04-16 00:16:14 
jj1 = 142, max_th = 1.468443e+00, time=2025-04-16 00:16:43 
jj1 = 183, max_th = 1.910330e+00, time=2025-04-16 00:21:56 
jj1 = 498, max_th = 2.000870e+00, time=2025-04-16 00:25:04 
jj1 = 415, max_th = 2.499413e+00, time=2025-04-16 00:25:16 
jj1 = 67, max_th = 2.118770e+00, time=2025-04-16 00:25:34 
jj1 = 262, max_th = 1.567583e+00, time=2025-04-16 00:31:00 
jj1 = 300, max_th = 2.142698e+00, time=2025-04-16 00:31:37 
jj1 = 376, max_th = 1.830638e+00, time=2025-04-16 00:34:03 
jj1 = 335, max_th = 2.178819e+00, time=2025-04-16 00:36:01 
jj1 = 109, max_th = 2.113629e+00, time=2025-04-16 00:36:31 
jj1 = 261, max_th = 1.097244e+00, time=2025-04-16 00:36:33 
jj1 = 375, max_th = 2.791818e+00, time=2025-04-16 00:40:28 
jj1 = 457, max_th = 1.932622e+00, time=2025-04-16 00:40:53 
jj1 = 225, max_th = 1.845730e+00, time=2025-04-16 00:41:09 
jj1 = 182, max_th = 2.389550e+00, time=2025-04-16 00:41:34 
jj1 = 414, max_th = 1.608228e+00, time=2025-04-16 00:42:23 
jj1 = 299, max_th = 1.393136e+00, time=2025-04-16 00:42:57 
jj1 = 141, max_th = 2.126095e+00, time=2025-04-16 00:44:57 
jj1 = 66, max_th = 1.431625e+00, time=2025-04-16 00:45:20 
jj1 = 497, max_th = 1.733385e+00, time=2025-04-16 00:51:34 
jj1 = 224, max_th = 2.595489e+00, time=2025-04-16 00:55:39 
jj1 = 334, max_th = 1.586320e+00, time=2025-04-16 00:57:39 
jj1 = 374, max_th = 2.250601e+00, time=2025-04-16 00:58:21 
jj1 = 260, max_th = 1.947199e+00, time=2025-04-16 00:59:20 
jj1 = 413, max_th = 1.395348e+00, time=2025-04-16 00:59:55 
jj1 = 108, max_th = 2.164060e+00, time=2025-04-16 01:00:37 
jj1 = 140, max_th = 1.491450e+00, time=2025-04-16 01:00:43 
jj1 = 181, max_th = 2.061424e+00, time=2025-04-16 01:08:46 
jj1 = 456, max_th = 2.072370e+00, time=2025-04-16 01:10:00 
jj1 = 65, max_th = 2.092162e+00, time=2025-04-16 01:11:18 
jj1 = 748, max_th = 2.469728e+00, time=2025-04-16 01:12:48 
jj1 = 298, max_th = 2.024275e+00, time=2025-04-16 01:13:08 
jj1 = 496, max_th = 1.947772e+00, time=2025-04-16 01:15:37 
jj1 = 223, max_th = 1.691746e+00, time=2025-04-16 01:17:28 
jj1 = 180, max_th = 1.196378e+00, time=2025-04-16 01:19:02 
jj1 = 373, max_th = 1.993437e+00, time=2025-04-16 01:22:04 
jj1 = 107, max_th = 2.519950e+00, time=2025-04-16 01:24:31 
jj1 = 259, max_th = 2.243662e+00, time=2025-04-16 01:25:07 
jj1 = 412, max_th = 2.063089e+00, time=2025-04-16 01:25:36 
jj1 = 139, max_th = 1.857945e+00, time=2025-04-16 01:26:46 
jj1 = 64, max_th = 1.479377e+00, time=2025-04-16 01:32:53 
jj1 = 495, max_th = 1.602560e+00, time=2025-04-16 01:33:37 
jj1 = 747, max_th = 2.284122e+00, time=2025-04-16 01:36:20 
jj1 = 455, max_th = 1.874399e+00, time=2025-04-16 01:36:44 
jj1 = 688, max_th = 2.597981e+00, time=2025-04-16 01:36:55 
jj1 = 222, max_th = 2.325340e+00, time=2025-04-16 01:40:53 
jj1 = 297, max_th = 1.916224e+00, time=2025-04-16 01:41:14 
jj1 = 296, max_th = -1.212391e-01, time=2025-04-16 01:42:09 
jj1 = 179, max_th = 2.094607e+00, time=2025-04-16 01:44:09 
jj1 = 106, max_th = 1.572887e+00, time=2025-04-16 01:46:49 
jj1 = 568, max_th = 1.767089e+00, time=2025-04-16 01:46:58 
jj1 = 567, max_th = -1.418170e-01, time=2025-04-16 01:47:47 
jj1 = 63, max_th = 1.290233e+00, time=2025-04-16 01:48:07 
jj1 = 221, max_th = 2.739667e+00, time=2025-04-16 01:49:07 
jj1 = 687, max_th = 2.927745e+00, time=2025-04-16 01:49:26 
jj1 = 258, max_th = 2.039770e+00, time=2025-04-16 01:50:22 
jj1 = 178, max_th = 2.703886e+00, time=2025-04-16 01:53:25 
jj1 = 494, max_th = 2.358473e+00, time=2025-04-16 01:55:09 
jj1 = 588, max_th = 2.162829e+00, time=2025-04-16 01:55:20 
jj1 = 105, max_th = 2.729405e+00, time=2025-04-16 01:58:08 
jj1 = 686, max_th = 2.702327e+00, time=2025-04-16 01:58:56 
jj1 = 566, max_th = 1.298210e+00, time=2025-04-16 01:59:05 
jj1 = 454, max_th = 1.685671e+00, time=2025-04-16 01:59:59 
jj1 = 746, max_th = 2.208991e+00, time=2025-04-16 02:01:03 
jj1 = 220, max_th = 2.613430e+00, time=2025-04-16 02:02:52 
jj1 = 745, max_th = 9.740474e-01, time=2025-04-16 02:06:38 
jj1 = 295, max_th = 2.325971e+00, time=2025-04-16 02:07:50 
jj1 = 628, max_th = 2.258717e+00, time=2025-04-16 02:08:32 
jj1 = 257, max_th = 1.849315e+00, time=2025-04-16 02:10:48 
jj1 = 608, max_th = 2.960379e+00, time=2025-04-16 02:11:33 
jj1 = 587, max_th = 1.543591e+00, time=2025-04-16 02:12:33 
jj1 = 62, max_th = 2.025584e+00, time=2025-04-16 02:17:43 
jj1 = 685, max_th = 1.800374e+00, time=2025-04-16 02:18:25 
jj1 = 586, max_th = 1.336016e+00, time=2025-04-16 02:22:36 
jj1 = 453, max_th = 2.275780e+00, time=2025-04-16 02:22:47 
jj1 = 493, max_th = 1.767464e+00, time=2025-04-16 02:23:28 
jj1 = 565, max_th = 2.058609e+00, time=2025-04-16 02:25:18 
jj1 = 219, max_th = 1.870720e+00, time=2025-04-16 02:27:10 
jj1 = 256, max_th = 2.309947e+00, time=2025-04-16 02:29:19 
jj1 = 104, max_th = 1.969952e+00, time=2025-04-16 02:30:13 
jj1 = 627, max_th = 1.703456e+00, time=2025-04-16 02:31:26 
jj1 = 452, max_th = 1.058991e+00, time=2025-04-16 02:34:56 
jj1 = 492, max_th = 2.716075e+00, time=2025-04-16 02:35:04 
jj1 = 744, max_th = 2.018824e+00, time=2025-04-16 02:35:34 
jj1 = 607, max_th = 1.725255e+00, time=2025-04-16 02:36:26 
jj1 = 61, max_th = 2.523560e+00, time=2025-04-16 02:39:49 
jj1 = 564, max_th = 1.434598e+00, time=2025-04-16 02:40:41 
jj1 = 103, max_th = 2.399875e+00, time=2025-04-16 02:45:40 
jj1 = 102, max_th = -4.313520e-01, time=2025-04-16 02:46:02 
jj1 = 684, max_th = 2.043941e+00, time=2025-04-16 02:47:07 
jj1 = 563, max_th = 2.762383e+00, time=2025-04-16 02:48:37 
jj1 = 548, max_th = 1.515987e+00, time=2025-04-16 02:48:43 
jj1 = 585, max_th = 2.145887e+00, time=2025-04-16 02:49:51 
jj1 = 584, max_th = -8.540736e-02, time=2025-04-16 02:51:01 
jj1 = 218, max_th = 1.730878e+00, time=2025-04-16 02:51:15 
jj1 = 626, max_th = 1.667647e+00, time=2025-04-16 02:55:40 
jj1 = 583, max_th = 2.833604e+00, time=2025-04-16 02:57:34 
jj1 = 606, max_th = 1.747316e+00, time=2025-04-16 02:58:32 
jj1 = 728, max_th = 1.647984e+00, time=2025-04-16 02:58:38 
jj1 = 743, max_th = 1.722223e+00, time=2025-04-16 03:01:05 
jj1 = 625, max_th = 9.638205e-01, time=2025-04-16 03:01:22 
jj1 = 101, max_th = 2.509106e+00, time=2025-04-16 03:01:53 
jj1 = 491, max_th = 2.131148e+00, time=2025-04-16 03:02:44 
jj1 = 547, max_th = 1.649912e+00, time=2025-04-16 03:03:03 
jj1 = 451, max_th = 2.079317e+00, time=2025-04-16 03:05:33 
jj1 = 727, max_th = 2.041225e+00, time=2025-04-16 03:11:07 
jj1 = 683, max_th = 2.055930e+00, time=2025-04-16 03:14:58 
jj1 = 217, max_th = 1.765770e+00, time=2025-04-16 03:16:55 
jj1 = 562, max_th = 2.018555e+00, time=2025-04-16 03:18:17 
jj1 = 726, max_th = 2.833430e+00, time=2025-04-16 03:19:14 
jj1 = 582, max_th = 1.932448e+00, time=2025-04-16 03:23:57 
jj1 = 546, max_th = 1.975451e+00, time=2025-04-16 03:24:01 
jj1 = 742, max_th = 2.096507e+00, time=2025-04-16 03:24:54 
jj1 = 490, max_th = 2.201497e+00, time=2025-04-16 03:25:30 
jj1 = 605, max_th = 2.121210e+00, time=2025-04-16 03:25:49 
jj1 = 624, max_th = 1.779699e+00, time=2025-04-16 03:26:52 
jj1 = 682, max_th = 1.379197e+00, time=2025-04-16 03:27:16 
jj1 = 100, max_th = 1.980656e+00, time=2025-04-16 03:29:17 
jj1 = 561, max_th = 1.308006e+00, time=2025-04-16 03:30:35 
jj1 = 725, max_th = 1.166451e+00, time=2025-04-16 03:32:17 
jj1 = 648, max_th = 2.491274e+00, time=2025-04-16 03:33:28 
jj1 = 768, max_th = 1.970495e+00, time=2025-04-16 03:33:53 
jj1 = 581, max_th = 1.373088e+00, time=2025-04-16 03:38:39 
jj1 = 604, max_th = 1.866648e+00, time=2025-04-16 03:42:45 
jj1 = 623, max_th = 1.632921e+00, time=2025-04-16 03:43:22 
jj1 = 545, max_th = 2.363084e+00, time=2025-04-16 03:45:23 
jj1 = 708, max_th = 2.532777e+00, time=2025-04-16 03:46:06 
jj1 = 724, max_th = 2.582284e+00, time=2025-04-16 03:47:04 
jj1 = 741, max_th = 1.607632e+00, time=2025-04-16 03:47:17 
jj1 = 681, max_th = 1.528003e+00, time=2025-04-16 03:48:26 
jj1 = 544, max_th = 3.013479e+00, time=2025-04-16 03:48:49 
jj1 = 668, max_th = 1.827558e+00, time=2025-04-16 03:52:28 
jj1 = 680, max_th = 2.936165e+00, time=2025-04-16 03:54:00 
jj1 = 560, max_th = 1.948792e+00, time=2025-04-16 03:54:11 
jj1 = 647, max_th = 1.787825e+00, time=2025-04-16 03:58:46 
jj1 = 723, max_th = 1.261773e+00, time=2025-04-16 04:01:03 
jj1 = 559, max_th = 9.752097e-01, time=2025-04-16 04:01:23 
jj1 = 679, max_th = 1.350197e+00, time=2025-04-16 04:03:06 
jj1 = 622, max_th = 2.414811e+00, time=2025-04-16 04:03:37 
jj1 = 722, max_th = 3.089405e+00, time=2025-04-16 04:04:45 
jj1 = 767, max_th = 2.211570e+00, time=2025-04-16 04:05:02 
jj1 = 580, max_th = 1.940371e+00, time=2025-04-16 04:05:09 
jj1 = 740, max_th = 1.336608e+00, time=2025-04-16 04:07:44 
jj1 = 739, max_th = 3.168583e+00, time=2025-04-16 04:09:38 
jj1 = 678, max_th = 2.784277e+00, time=2025-04-16 04:11:02 
jj1 = 603, max_th = 1.826466e+00, time=2025-04-16 04:12:10 
jj1 = 558, max_th = 2.634623e+00, time=2025-04-16 04:14:20 
jj1 = 707, max_th = 2.066813e+00, time=2025-04-16 04:14:41 
jj1 = 721, max_th = 2.734231e+00, time=2025-04-16 04:15:00 
jj1 = 543, max_th = 1.963597e+00, time=2025-04-16 04:16:51 
jj1 = 621, max_th = 2.661633e+00, time=2025-04-16 04:20:43 
jj1 = 667, max_th = 1.729441e+00, time=2025-04-16 04:22:54 
jj1 = 579, max_th = 2.459470e+00, time=2025-04-16 04:23:36 
jj1 = 720, max_th = 1.210716e+00, time=2025-04-16 04:24:05 
jj1 = 646, max_th = 1.890870e+00, time=2025-04-16 04:26:02 
jj1 = 645, max_th = 6.102535e-01, time=2025-04-16 04:27:24 
jj1 = 706, max_th = 1.334670e+00, time=2025-04-16 04:28:45 
jj1 = 766, max_th = 2.185374e+00, time=2025-04-16 04:30:50 
jj1 = 705, max_th = 1.000202e+00, time=2025-04-16 04:34:16 
jj1 = 557, max_th = 2.344346e+00, time=2025-04-16 04:35:21 
jj1 = 738, max_th = 2.310380e+00, time=2025-04-16 04:36:28 
jj1 = 602, max_th = 1.926078e+00, time=2025-04-16 04:36:40 
jj1 = 677, max_th = 2.166754e+00, time=2025-04-16 04:37:29 
jj1 = 719, max_th = 2.554611e+00, time=2025-04-16 04:37:50 
jj1 = 542, max_th = 2.049017e+00, time=2025-04-16 04:39:18 
jj1 = 765, max_th = 1.074615e+00, time=2025-04-16 04:42:07 
jj1 = 644, max_th = 1.337030e+00, time=2025-04-16 04:44:04 
jj1 = 541, max_th = 9.223212e-01, time=2025-04-16 04:44:09 
jj1 = 666, max_th = 2.101583e+00, time=2025-04-16 04:45:13 
jj1 = 578, max_th = 2.146254e+00, time=2025-04-16 04:46:01 
jj1 = 620, max_th = 2.222865e+00, time=2025-04-16 04:47:16 
jj1 = 718, max_th = 1.207758e+00, time=2025-04-16 04:48:19 
jj1 = 676, max_th = 1.496039e+00, time=2025-04-16 04:51:31 
jj1 = 556, max_th = 2.492689e+00, time=2025-04-16 04:52:18 
jj1 = 555, max_th = 2.910302e+00, time=2025-04-16 04:57:16 
jj1 = 540, max_th = 1.372168e+00, time=2025-04-16 04:59:27 
jj1 = 704, max_th = 2.163638e+00, time=2025-04-16 05:00:52 
jj1 = 737, max_th = 2.283159e+00, time=2025-04-16 05:00:59 
jj1 = 601, max_th = 1.763119e+00, time=2025-04-16 05:01:48 
jj1 = 665, max_th = 2.482863e+00, time=2025-04-16 05:02:39 
jj1 = 675, max_th = 1.305628e+00, time=2025-04-16 05:03:37 
jj1 = 643, max_th = 2.474616e+00, time=2025-04-16 05:05:18 
jj1 = 619, max_th = 2.426091e+00, time=2025-04-16 05:07:06 
jj1 = 554, max_th = 1.166261e+00, time=2025-04-16 05:07:09 
jj1 = 577, max_th = 2.284270e+00, time=2025-04-16 05:10:16 
jj1 = 717, max_th = 1.576635e+00, time=2025-04-16 05:12:23 
jj1 = 764, max_th = 1.910391e+00, time=2025-04-16 05:12:46 
jj1 = 576, max_th = 2.757525e+00, time=2025-04-16 05:15:26 
jj1 = 763, max_th = 8.654101e-01, time=2025-04-16 05:19:08 
jj1 = 539, max_th = 2.295210e+00, time=2025-04-16 05:19:44 
jj1 = 642, max_th = 2.580421e+00, time=2025-04-16 05:21:41 
jj1 = 641, max_th = 9.029034e-01, time=2025-04-16 05:26:18 
jj1 = 674, max_th = 2.329764e+00, time=2025-04-16 05:26:23 
jj1 = 736, max_th = 1.817630e+00, time=2025-04-16 05:27:05 
jj1 = 664, max_th = 1.774956e+00, time=2025-04-16 05:27:55 
jj1 = 703, max_th = 1.975878e+00, time=2025-04-16 05:30:07 
jj1 = 618, max_th = 1.761937e+00, time=2025-04-16 05:30:32 
jj1 = 575, max_th = 2.449421e+00, time=2025-04-16 05:32:53 
jj1 = 600, max_th = 1.966675e+00, time=2025-04-16 05:32:53 
jj1 = 553, max_th = 2.008746e+00, time=2025-04-16 05:33:16 
jj1 = 735, max_th = 1.068874e+00, time=2025-04-16 05:34:16 
jj1 = 574, max_th = 3.052552e+00, time=2025-04-16 05:36:41 
jj1 = 716, max_th = 2.214594e+00, time=2025-04-16 05:42:58 
jj1 = 538, max_th = 1.719465e+00, time=2025-04-16 05:48:44 
jj1 = 673, max_th = 2.153276e+00, time=2025-04-16 05:49:00 
jj1 = 762, max_th = 1.927921e+00, time=2025-04-16 05:49:16 
jj1 = 617, max_th = 2.138286e+00, time=2025-04-16 05:54:16 
jj1 = 573, max_th = 2.444744e+00, time=2025-04-16 05:55:13 
jj1 = 734, max_th = 1.944890e+00, time=2025-04-16 05:57:58 
jj1 = 640, max_th = 2.173908e+00, time=2025-04-16 05:59:04 
jj1 = 702, max_th = 2.202448e+00, time=2025-04-16 05:59:29 
jj1 = 599, max_th = 2.119610e+00, time=2025-04-16 06:02:21 
jj1 = 672, max_th = 2.564639e+00, time=2025-04-16 06:02:54 
jj1 = 552, max_th = 2.085107e+00, time=2025-04-16 06:03:16 
jj1 = 616, max_th = 2.452327e+00, time=2025-04-16 06:09:18 
jj1 = 733, max_th = 2.533615e+00, time=2025-04-16 06:12:11 
jj1 = 715, max_th = 2.057161e+00, time=2025-04-16 06:14:22 
jj1 = 663, max_th = 1.682691e+00, time=2025-04-16 06:14:26 
jj1 = 615, max_th = 1.084333e+00, time=2025-04-16 06:15:44 
jj1 = 701, max_th = 1.419839e+00, time=2025-04-16 06:18:33 
jj1 = 572, max_th = 2.377417e+00, time=2025-04-16 06:19:04 
jj1 = 639, max_th = 2.533182e+00, time=2025-04-16 06:20:24 
jj1 = 761, max_th = 2.077896e+00, time=2025-04-16 06:22:42 
jj1 = 671, max_th = 1.891528e+00, time=2025-04-16 06:23:56 
jj1 = 700, max_th = 2.902327e+00, time=2025-04-16 06:24:33 
jj1 = 598, max_th = 2.298403e+00, time=2025-04-16 06:25:11 
jj1 = 551, max_th = 2.476503e+00, time=2025-04-16 06:26:24 
jj1 = 662, max_th = 2.672366e+00, time=2025-04-16 06:28:01 
jj1 = 537, max_th = 2.165161e+00, time=2025-04-16 06:30:42 
jj1 = 714, max_th = 1.663720e+00, time=2025-04-16 06:34:55 
jj1 = 732, max_th = 1.785298e+00, time=2025-04-16 06:35:19 
jj1 = 699, max_th = 2.589915e+00, time=2025-04-16 06:37:46 
jj1 = 614, max_th = 1.778543e+00, time=2025-04-16 06:39:00 
jj1 = 571, max_th = 2.170872e+00, time=2025-04-16 06:46:52 
jj1 = 670, max_th = 1.810472e+00, time=2025-04-16 06:47:58 
jj1 = 638, max_th = 1.877519e+00, time=2025-04-16 06:49:47 
jj1 = 550, max_th = 1.728100e+00, time=2025-04-16 06:50:58 
jj1 = 597, max_th = 1.571982e+00, time=2025-04-16 06:51:13 
jj1 = 536, max_th = 1.755637e+00, time=2025-04-16 06:54:10 
jj1 = 661, max_th = 2.171401e+00, time=2025-04-16 06:54:29 
jj1 = 713, max_th = 1.585680e+00, time=2025-04-16 06:56:32 
jj1 = 731, max_th = 1.926732e+00, time=2025-04-16 07:00:31 
jj1 = 712, max_th = 2.903084e+00, time=2025-04-16 07:01:40 
jj1 = 535, max_th = 2.789373e+00, time=2025-04-16 07:01:46 
jj1 = 596, max_th = 2.684420e+00, time=2025-04-16 07:02:40 
jj1 = 760, max_th = 1.982437e+00, time=2025-04-16 07:04:13 
jj1 = 698, max_th = 1.903502e+00, time=2025-04-16 07:04:20 
jj1 = 613, max_th = 1.943818e+00, time=2025-04-16 07:06:58 
jj1 = 570, max_th = 2.384603e+00, time=2025-04-16 07:09:52 
jj1 = 669, max_th = 1.871795e+00, time=2025-04-16 07:11:42 
jj1 = 711, max_th = 2.654105e+00, time=2025-04-16 07:12:35 
jj1 = 759, max_th = 1.214082e+00, time=2025-04-16 07:13:49 
jj1 = 710, max_th = 8.001344e-01, time=2025-04-16 07:15:24 
jj1 = 595, max_th = 1.292021e+00, time=2025-04-16 07:16:17 
jj1 = 660, max_th = 2.271872e+00, time=2025-04-16 07:16:35 
jj1 = 534, max_th = 2.561195e+00, time=2025-04-16 07:16:44 
jj1 = 709, max_th = 7.463935e-01, time=2025-04-16 07:17:10 
jj1 = 612, max_th = 1.194078e+00, time=2025-04-16 07:17:39 
jj1 = 637, max_th = 1.782350e+00, time=2025-04-16 07:18:25 
jj1 = 549, max_th = 1.917190e+00, time=2025-04-16 07:21:50 
jj1 = 697, max_th = 2.446141e+00, time=2025-04-16 07:22:36 
jj1 = 569, max_th = 2.450265e+00, time=2025-04-16 07:23:47 
jj1 = 730, max_th = 1.766178e+00, time=2025-04-16 07:25:44 
jj1 = 798, max_th = 1.767552e+00, time=2025-04-16 07:35:37 
jj1 = 758, max_th = 2.378721e+00, time=2025-04-16 07:36:07 
jj1 = 848, max_th = 1.651077e+00, time=2025-04-16 07:37:16 
jj1 = 533, max_th = 1.575476e+00, time=2025-04-16 07:38:42 
jj1 = 659, max_th = 1.836845e+00, time=2025-04-16 07:40:52 
jj1 = 788, max_th = 1.470018e+00, time=2025-04-16 07:41:27 
jj1 = 808, max_th = 2.492128e+00, time=2025-04-16 07:41:44 
jj1 = 757, max_th = 2.883842e+00, time=2025-04-16 07:42:08 
jj1 = 696, max_th = 1.573383e+00, time=2025-04-16 07:42:57 
jj1 = 611, max_th = 2.279410e+00, time=2025-04-16 07:44:07 
jj1 = 807, max_th = 2.917829e+00, time=2025-04-16 07:45:55 
jj1 = 594, max_th = 1.927349e+00, time=2025-04-16 07:45:56 
jj1 = 636, max_th = 2.278709e+00, time=2025-04-16 07:46:41 
jj1 = 593, max_th = 3.213576e+00, time=2025-04-16 07:47:23 
jj1 = 729, max_th = 1.704542e+00, time=2025-04-16 07:48:41 
jj1 = 756, max_th = 1.253151e+00, time=2025-04-16 07:53:58 
jj1 = 797, max_th = 2.222231e+00, time=2025-04-16 07:54:57 
jj1 = 592, max_th = 1.169695e+00, time=2025-04-16 07:59:43 
jj1 = 532, max_th = 1.489201e+00, time=2025-04-16 08:00:04 
jj1 = 847, max_th = 2.263788e+00, time=2025-04-16 08:02:06 
jj1 = 658, max_th = 2.228217e+00, time=2025-04-16 08:06:44 
jj1 = 695, max_th = 2.153613e+00, time=2025-04-16 08:07:25 
jj1 = 610, max_th = 1.876623e+00, time=2025-04-16 08:10:58 
jj1 = 787, max_th = 1.732840e+00, time=2025-04-16 08:11:48 
jj1 = 806, max_th = 2.425855e+00, time=2025-04-16 08:14:07 
jj1 = 755, max_th = 2.422419e+00, time=2025-04-16 08:14:41 
jj1 = 778, max_th = 2.018247e+00, time=2025-04-16 08:17:58 
jj1 = 609, max_th = 1.299304e+00, time=2025-04-16 08:20:12 
jj1 = 786, max_th = 1.111495e+00, time=2025-04-16 08:20:57 
jj1 = 796, max_th = 2.164391e+00, time=2025-04-16 08:22:40 
jj1 = 635, max_th = 2.167035e+00, time=2025-04-16 08:23:47 
jj1 = 846, max_th = 1.857485e+00, time=2025-04-16 08:24:38 
jj1 = 657, max_th = 1.430017e+00, time=2025-04-16 08:24:55 
jj1 = 531, max_th = 1.765502e+00, time=2025-04-16 08:27:33 
jj1 = 591, max_th = 2.073029e+00, time=2025-04-16 08:31:15 
jj1 = 754, max_th = 2.480116e+00, time=2025-04-16 08:33:02 
jj1 = 694, max_th = 2.264587e+00, time=2025-04-16 08:34:12 
jj1 = 530, max_th = 2.872484e+00, time=2025-04-16 08:37:06 
jj1 = 805, max_th = 2.109255e+00, time=2025-04-16 08:39:12 
jj1 = 693, max_th = 1.039051e+00, time=2025-04-16 08:40:02 
jj1 = 753, max_th = 2.756949e+00, time=2025-04-16 08:41:00 
jj1 = 777, max_th = 2.194735e+00, time=2025-04-16 08:41:34 
jj1 = 818, max_th = 1.961994e+00, time=2025-04-16 08:46:28 
jj1 = 590, max_th = 1.289368e+00, time=2025-04-16 08:48:31 
jj1 = 795, max_th = 1.731898e+00, time=2025-04-16 08:49:09 
jj1 = 785, max_th = 1.858622e+00, time=2025-04-16 08:50:05 
jj1 = 634, max_th = 2.210526e+00, time=2025-04-16 08:52:03 
jj1 = 845, max_th = 1.876293e+00, time=2025-04-16 08:52:17 
jj1 = 656, max_th = 1.963725e+00, time=2025-04-16 08:52:19 
jj1 = 655, max_th = 7.241658e-01, time=2025-04-16 08:57:17 
jj1 = 776, max_th = 2.477579e+00, time=2025-04-16 09:00:41 
jj1 = 692, max_th = 1.896839e+00, time=2025-04-16 09:01:02 
jj1 = 844, max_th = 1.138327e+00, time=2025-04-16 09:01:55 
jj1 = 804, max_th = 2.261701e+00, time=2025-04-16 09:02:57 
jj1 = 817, max_th = 2.361902e+00, time=2025-04-16 09:06:39 
jj1 = 529, max_th = 2.081888e+00, time=2025-04-16 09:08:29 
jj1 = 752, max_th = 1.980426e+00, time=2025-04-16 09:11:31 
jj1 = 633, max_th = 1.856140e+00, time=2025-04-16 09:12:28 
jj1 = 691, max_th = 1.347701e+00, time=2025-04-16 09:13:51 
jj1 = 843, max_th = 1.643744e+00, time=2025-04-16 09:14:23 
jj1 = 784, max_th = 1.901195e+00, time=2025-04-16 09:15:16 
jj1 = 589, max_th = 2.010192e+00, time=2025-04-16 09:15:38 
jj1 = 803, max_th = 2.583048e+00, time=2025-04-16 09:18:52 
jj1 = 838, max_th = 1.309550e+00, time=2025-04-16 09:20:18 
jj1 = 816, max_th = 2.496450e+00, time=2025-04-16 09:21:03 
jj1 = 751, max_th = 9.820864e-01, time=2025-04-16 09:21:38 
jj1 = 654, max_th = 2.245072e+00, time=2025-04-16 09:21:40 
jj1 = 783, max_th = 2.863474e+00, time=2025-04-16 09:22:08 
jj1 = 775, max_th = 1.808078e+00, time=2025-04-16 09:22:37 
jj1 = 782, max_th = 3.321177e+00, time=2025-04-16 09:22:50 
jj1 = 794, max_th = 1.773277e+00, time=2025-04-16 09:23:01 
jj1 = 690, max_th = 2.367125e+00, time=2025-04-16 09:35:46 
jj1 = 653, max_th = 2.447313e+00, time=2025-04-16 09:37:55 
jj1 = 802, max_th = 1.592382e+00, time=2025-04-16 09:38:53 
jj1 = 828, max_th = 2.372404e+00, time=2025-04-16 09:39:21 
jj1 = 842, max_th = 2.242583e+00, time=2025-04-16 09:40:32 
jj1 = 632, max_th = -1.790034e-01, time=2025-04-16 09:40:33 
jj1 = 837, max_th = 2.364248e+00, time=2025-04-16 09:41:53 
jj1 = 793, max_th = 2.414463e+00, time=2025-04-16 09:42:22 
jj1 = 815, max_th = 2.060846e+00, time=2025-04-16 09:48:01 
jj1 = 774, max_th = 1.983687e+00, time=2025-04-16 09:49:27 
jj1 = 750, max_th = 2.112237e+00, time=2025-04-16 09:50:56 
jj1 = 689, max_th = 2.492323e+00, time=2025-04-16 09:52:30 
jj1 = 781, max_th = 2.091306e+00, time=2025-04-16 09:52:56 
jj1 = 814, max_th = 9.838989e-01, time=2025-04-16 09:54:11 
jj1 = 888, max_th = 3.357260e+00, time=2025-04-16 09:54:14 
jj1 = 792, max_th = 1.700081e+00, time=2025-04-16 09:56:00 
jj1 = 791, max_th = 7.136160e-01, time=2025-04-16 09:59:25 
jj1 = 827, max_th = 2.295738e+00, time=2025-04-16 10:00:30 
jj1 = 887, max_th = 1.066289e+00, time=2025-04-16 10:03:25 
jj1 = 836, max_th = 2.306959e+00, time=2025-04-16 10:04:18 
jj1 = 801, max_th = 2.045749e+00, time=2025-04-16 10:05:36 
jj1 = 841, max_th = 2.341952e+00, time=2025-04-16 10:05:41 
jj1 = 652, max_th = 1.975854e+00, time=2025-04-16 10:07:01 
jj1 = 631, max_th = 1.773071e+00, time=2025-04-16 10:10:37 
jj1 = 773, max_th = 2.308119e+00, time=2025-04-16 10:11:06 
jj1 = 813, max_th = 2.414816e+00, time=2025-04-16 10:13:41 
jj1 = 800, max_th = 2.640048e+00, time=2025-04-16 10:17:29 
jj1 = 780, max_th = 1.681198e+00, time=2025-04-16 10:17:39 
jj1 = 749, max_th = 2.033302e+00, time=2025-04-16 10:17:58 
jj1 = 858, max_th = 9.403560e-01, time=2025-04-16 10:24:15 
jj1 = 630, max_th = 2.504719e+00, time=2025-04-16 10:27:57 
jj1 = 835, max_th = 2.319307e+00, time=2025-04-16 10:28:25 
jj1 = 826, max_th = 2.092892e+00, time=2025-04-16 10:28:41 
jj1 = 651, max_th = 2.341846e+00, time=2025-04-16 10:29:48 
jj1 = 790, max_th = 1.916921e+00, time=2025-04-16 10:30:23 
jj1 = 886, max_th = 1.993063e+00, time=2025-04-16 10:30:46 
jj1 = 772, max_th = 2.247658e+00, time=2025-04-16 10:31:49 
jj1 = 840, max_th = 1.830200e+00, time=2025-04-16 10:32:04 
jj1 = 779, max_th = 2.458589e+00, time=2025-04-16 10:35:46 
jj1 = 812, max_th = 2.177235e+00, time=2025-04-16 10:37:46 
jj1 = 885, max_th = 1.154231e+00, time=2025-04-16 10:39:58 
jj1 = 799, max_th = 1.817573e+00, time=2025-04-16 10:43:21 
jj1 = 857, max_th = 2.427561e+00, time=2025-04-16 10:45:32 
jj1 = 629, max_th = 1.565012e+00, time=2025-04-16 10:48:15 
jj1 = 825, max_th = 1.457219e+00, time=2025-04-16 10:48:30 
jj1 = 771, max_th = 1.327476e+00, time=2025-04-16 10:48:39 
jj1 = 834, max_th = 1.482313e+00, time=2025-04-16 10:48:52 
jj1 = 811, max_th = 2.609827e+00, time=2025-04-16 10:49:35 
jj1 = 650, max_th = 2.210930e+00, time=2025-04-16 10:55:06 
jj1 = 908, max_th = 1.263757e+00, time=2025-04-16 10:56:31 
jj1 = 789, max_th = 1.883209e+00, time=2025-04-16 10:57:20 
jj1 = 856, max_th = 1.229195e+00, time=2025-04-16 10:57:44 
jj1 = 907, max_th = 5.671610e-01, time=2025-04-16 10:58:15 
jj1 = 884, max_th = 1.435679e+00, time=2025-04-16 11:00:24 
jj1 = 839, max_th = 1.945653e+00, time=2025-04-16 11:01:40 
jj1 = 906, max_th = 8.618773e-01, time=2025-04-16 11:02:07 
jj1 = 903, max_th = 1.770929e+00, time=2025-04-16 11:02:30 
jj1 = 898, max_th = 7.123524e-01, time=2025-04-16 11:04:38 
jj1 = 883, max_th = 1.198000e+00, time=2025-04-16 11:08:24 
jj1 = 810, max_th = 1.835588e+00, time=2025-04-16 11:09:59 
jj1 = 770, max_th = 2.003655e+00, time=2025-04-16 11:09:59 
jj1 = 893, max_th = 1.321789e+00, time=2025-04-16 11:10:04 
jj1 = 902, max_th = 1.225707e+00, time=2025-04-16 11:14:57 
jj1 = 868, max_th = 2.079786e+00, time=2025-04-16 11:16:56 
jj1 = 824, max_th = 2.022386e+00, time=2025-04-16 11:18:07 
jj1 = 833, max_th = 2.114760e+00, time=2025-04-16 11:19:39 
jj1 = 649, max_th = 2.291510e+00, time=2025-04-16 11:21:43 
jj1 = 892, max_th = 1.372415e+00, time=2025-04-16 11:25:57 
jj1 = 882, max_th = 2.488655e+00, time=2025-04-16 11:26:15 
jj1 = 905, max_th = 2.101245e+00, time=2025-04-16 11:27:57 
jj1 = 855, max_th = 2.068121e+00, time=2025-04-16 11:29:08 
jj1 = 897, max_th = 1.866476e+00, time=2025-04-16 11:30:33 
jj1 = 854, max_th = 3.156893e+00, time=2025-04-16 11:30:59 
jj1 = 881, max_th = 2.857530e+00, time=2025-04-16 11:32:00 
jj1 = 769, max_th = 2.277861e+00, time=2025-04-16 11:34:15 
jj1 = 809, max_th = 2.066418e+00, time=2025-04-16 11:37:36 
jj1 = 823, max_th = 2.468294e+00, time=2025-04-16 11:39:09 
jj1 = 901, max_th = 2.006188e+00, time=2025-04-16 11:40:49 
jj1 = 832, max_th = 2.334685e+00, time=2025-04-16 11:42:52 
jj1 = 880, max_th = 1.509527e+00, time=2025-04-16 11:50:18 
jj1 = 867, max_th = 2.070923e+00, time=2025-04-16 11:50:26 
jj1 = 896, max_th = 1.657981e+00, time=2025-04-16 11:50:50 
jj1 = 878, max_th = 1.965359e+00, time=2025-04-16 11:51:44 
jj1 = 904, max_th = 1.734053e+00, time=2025-04-16 11:52:56 
jj1 = 895, max_th = 3.078820e+00, time=2025-04-16 11:53:35 
jj1 = 866, max_th = 2.866239e+00, time=2025-04-16 11:54:57 
jj1 = 913, max_th = 1.780027e+00, time=2025-04-16 11:58:46 
jj1 = 900, max_th = 1.897101e+00, time=2025-04-16 12:00:48 
jj1 = 948, max_th = 1.199184e+00, time=2025-04-16 12:01:32 
jj1 = 853, max_th = 1.722998e+00, time=2025-04-16 12:01:33 
jj1 = 891, max_th = 2.203800e+00, time=2025-04-16 12:03:45 
jj1 = 918, max_th = 1.830201e+00, time=2025-04-16 12:04:00 
jj1 = 822, max_th = 1.945394e+00, time=2025-04-16 12:06:03 
jj1 = 831, max_th = 2.219019e+00, time=2025-04-16 12:11:44 
jj1 = 865, max_th = 2.349415e+00, time=2025-04-16 12:13:06 
jj1 = 877, max_th = 1.848023e+00, time=2025-04-16 12:14:02 
jj1 = 879, max_th = 1.878968e+00, time=2025-04-16 12:14:21 
jj1 = 894, max_th = 1.637046e+00, time=2025-04-16 12:16:25 
jj1 = 864, max_th = 1.218716e+00, time=2025-04-16 12:22:45 
jj1 = 947, max_th = 1.899188e+00, time=2025-04-16 12:23:34 
jj1 = 899, max_th = 2.259764e+00, time=2025-04-16 12:25:01 
jj1 = 821, max_th = 1.605304e+00, time=2025-04-16 12:27:00 
jj1 = 912, max_th = 1.918259e+00, time=2025-04-16 12:28:59 
jj1 = 890, max_th = 1.840067e+00, time=2025-04-16 12:29:56 
jj1 = 917, max_th = 2.017617e+00, time=2025-04-16 12:31:39 
jj1 = 852, max_th = 1.931696e+00, time=2025-04-16 12:32:50 
jj1 = 830, max_th = 2.488688e+00, time=2025-04-16 12:32:53 
jj1 = 876, max_th = 2.413006e+00, time=2025-04-16 12:33:20 
jj1 = 875, max_th = 2.928062e+00, time=2025-04-16 12:37:57 
jj1 = 933, max_th = 2.144935e+00, time=2025-04-16 12:39:13 
jj1 = 820, max_th = 1.357731e+00, time=2025-04-16 12:40:54 
jj1 = 851, max_th = 2.669330e+00, time=2025-04-16 12:43:57 
jj1 = 946, max_th = 2.309305e+00, time=2025-04-16 12:44:27 
jj1 = 829, max_th = 1.464821e+00, time=2025-04-16 12:46:19 
jj1 = 850, max_th = 2.929962e+00, time=2025-04-16 12:48:48 
jj1 = 863, max_th = 2.067376e+00, time=2025-04-16 12:51:33 
jj1 = 943, max_th = 1.915910e+00, time=2025-04-16 12:51:55 
jj1 = 916, max_th = 1.533456e+00, time=2025-04-16 12:52:08 
jj1 = 819, max_th = 2.593789e+00, time=2025-04-16 12:53:44 
jj1 = 911, max_th = 1.931963e+00, time=2025-04-16 12:55:37 
jj1 = 889, max_th = 1.842675e+00, time=2025-04-16 12:55:43 
jj1 = 915, max_th = 1.048023e+00, time=2025-04-16 12:57:07 
jj1 = 960, max_th = 1.984175e+00, time=2025-04-16 12:57:41 
jj1 = 932, max_th = 2.391572e+00, time=2025-04-16 12:58:17 
jj1 = 956, max_th = 3.012792e+00, time=2025-04-16 12:59:21 
jj1 = 928, max_th = 2.817239e+00, time=2025-04-16 13:01:24 
jj1 = 874, max_th = 1.661414e+00, time=2025-04-16 13:01:43 
jj1 = 945, max_th = 1.935475e+00, time=2025-04-16 13:06:41 
jj1 = 944, max_th = 8.381204e-01, time=2025-04-16 13:09:34 
jj1 = 849, max_th = 1.610334e+00, time=2025-04-16 13:10:29 
jj1 = 923, max_th = 1.729319e+00, time=2025-04-16 13:12:40 
jj1 = 910, max_th = 2.423400e+00, time=2025-04-16 13:13:43 
jj1 = 862, max_th = 2.154109e+00, time=2025-04-16 13:13:57 
jj1 = 942, max_th = 1.578065e+00, time=2025-04-16 13:14:13 
jj1 = 914, max_th = 1.784445e+00, time=2025-04-16 13:19:19 
jj1 = 959, max_th = 1.904108e+00, time=2025-04-16 13:21:50 
jj1 = 938, max_th = 1.295318e+00, time=2025-04-16 13:22:50 
jj1 = 861, max_th = 1.169833e+00, time=2025-04-16 13:25:28 
jj1 = 873, max_th = 1.893089e+00, time=2025-04-16 13:26:03 
jj1 = 872, max_th = 3.665830e+00, time=2025-04-16 13:26:08 
jj1 = 931, max_th = 1.973899e+00, time=2025-04-16 13:26:57 
jj1 = 927, max_th = 1.994973e+00, time=2025-04-16 13:26:58 
jj1 = 955, max_th = 1.936318e+00, time=2025-04-16 13:29:09 
jj1 = 976, max_th = 2.396564e+00, time=2025-04-16 13:30:00 
jj1 = 922, max_th = 2.468458e+00, time=2025-04-16 13:30:37 
jj1 = 954, max_th = 8.733769e-01, time=2025-04-16 13:32:03 
jj1 = 972, max_th = 2.404123e+00, time=2025-04-16 13:36:36 
jj1 = 860, max_th = 1.271724e+00, time=2025-04-16 13:37:29 
jj1 = 909, max_th = 2.122907e+00, time=2025-04-16 13:38:16 
jj1 = 941, max_th = 1.768178e+00, time=2025-04-16 13:39:04 
jj1 = 958, max_th = 1.741866e+00, time=2025-04-16 13:41:57 
jj1 = 937, max_th = 2.157417e+00, time=2025-04-16 13:44:15 
jj1 = 975, max_th = 2.482174e+00, time=2025-04-16 13:44:16 
jj1 = 971, max_th = 1.190652e+00, time=2025-04-16 13:44:47 
jj1 = 957, max_th = 8.501342e-01, time=2025-04-16 13:45:57 
jj1 = 930, max_th = 2.019407e+00, time=2025-04-16 13:46:35 
jj1 = 871, max_th = 1.788986e+00, time=2025-04-16 13:47:04 
jj1 = 968, max_th = 1.715357e+00, time=2025-04-16 13:49:47 
jj1 = 921, max_th = 1.713342e+00, time=2025-04-16 13:50:02 
jj1 = 859, max_th = 1.797644e+00, time=2025-04-16 13:50:20 
jj1 = 926, max_th = 2.022959e+00, time=2025-04-16 13:50:37 
jj1 = 940, max_th = 1.663325e+00, time=2025-04-16 13:52:00 
jj1 = 870, max_th = 1.216833e+00, time=2025-04-16 13:52:13 
jj1 = 970, max_th = 1.190738e+00, time=2025-04-16 13:52:58 
jj1 = 984, max_th = 1.376619e+00, time=2025-04-16 13:56:35 
jj1 = 936, max_th = 2.259569e+00, time=2025-04-16 13:58:28 
jj1 = 925, max_th = 1.305735e+00, time=2025-04-16 13:59:07 
jj1 = 953, max_th = 1.964067e+00, time=2025-04-16 13:59:31 
jj1 = 939, max_th = 2.378243e+00, time=2025-04-16 13:59:53 
jj1 = 974, max_th = 2.152914e+00, time=2025-04-16 14:00:13 
jj1 = 929, max_th = 2.124541e+00, time=2025-04-16 14:01:10 
jj1 = 967, max_th = 1.743952e+00, time=2025-04-16 14:01:27 
jj1 = 952, max_th = 1.572213e+00, time=2025-04-16 14:02:07 
jj1 = 969, max_th = 1.973862e+00, time=2025-04-16 14:04:22 
jj1 = 869, max_th = 1.785580e+00, time=2025-04-16 14:04:27 
jj1 = 920, max_th = 2.223758e+00, time=2025-04-16 14:05:02 
jj1 = 935, max_th = 2.432772e+00, time=2025-04-16 14:05:32 
jj1 = 983, max_th = 1.748079e+00, time=2025-04-16 14:05:51 
jj1 = 1000, max_th = 9.579239e-01, time=2025-04-16 14:06:41 
jj1 = 997, max_th = 1.530591e+00, time=2025-04-16 14:07:27 
jj1 = 988, max_th = 2.155564e+00, time=2025-04-16 14:08:34 
jj1 = 973, max_th = 2.227950e+00, time=2025-04-16 14:09:16 
jj1 = 951, max_th = 1.599087e+00, time=2025-04-16 14:09:25 
jj1 = 924, max_th = 1.714675e+00, time=2025-04-16 14:09:25 
jj1 = 964, max_th = 1.437851e+00, time=2025-04-16 14:09:30 
jj1 = 966, max_th = 2.187645e+00, time=2025-04-16 14:10:21 
jj1 = 919, max_th = 1.597622e+00, time=2025-04-16 14:11:03 
jj1 = 982, max_th = 2.485057e+00, time=2025-04-16 14:11:44 
jj1 = 934, max_th = 2.482673e+00, time=2025-04-16 14:12:30 
jj1 = 980, max_th = 2.225443e+00, time=2025-04-16 14:12:58 
jj1 = 965, max_th = 1.009916e+00, time=2025-04-16 14:13:22 
jj1 = 963, max_th = 1.450721e+00, time=2025-04-16 14:14:08 
jj1 = 950, max_th = 1.586227e+00, time=2025-04-16 14:14:53 
jj1 = 992, max_th = 1.310160e+00, time=2025-04-16 14:15:13 
jj1 = 987, max_th = 1.792225e+00, time=2025-04-16 14:15:40 
jj1 = 996, max_th = 2.262413e+00, time=2025-04-16 14:16:54 
jj1 = 999, max_th = 2.490934e+00, time=2025-04-16 14:17:59 
jj1 = 981, max_th = 1.624944e+00, time=2025-04-16 14:18:26 
jj1 = 991, max_th = 2.594370e+00, time=2025-04-16 14:18:46 
jj1 = 998, max_th = 2.043821e+00, time=2025-04-16 14:19:50 
jj1 = 979, max_th = 2.214997e+00, time=2025-04-16 14:20:24 
jj1 = 962, max_th = 2.423835e+00, time=2025-04-16 14:20:45 
jj1 = 949, max_th = 2.382067e+00, time=2025-04-16 14:21:21 
jj1 = 995, max_th = 1.449056e+00, time=2025-04-16 14:21:25 
jj1 = 986, max_th = 2.222150e+00, time=2025-04-16 14:23:26 
jj1 = 990, max_th = 1.652752e+00, time=2025-04-16 14:24:34 
jj1 = 978, max_th = 2.232506e+00, time=2025-04-16 14:27:06 
jj1 = 961, max_th = 1.829084e+00, time=2025-04-16 14:28:07 
jj1 = 994, max_th = 2.171754e+00, time=2025-04-16 14:28:48 
jj1 = 977, max_th = 2.472864e+00, time=2025-04-16 14:31:20 
jj1 = 989, max_th = 2.034186e+00, time=2025-04-16 14:32:01 
jj1 = 993, max_th = 1.541886e+00, time=2025-04-16 14:33:20 
jj1 = 985, max_th = 1.510934e+00, time=2025-04-16 14:37:18 
>> >> >> >> >> >> >> >> >> 