MATLAB is selecting SOFTWARE OPENGL rendering.

                            < M A T L A B (R) >
                  Copyright 1984-2021 The MathWorks, Inc.
                  R2021b (9.11.0.1769968) 64-bit (glnxa64)
                             September 17, 2021

 
To get started, type doc.
For product information, visit www.mathworks.com.
 
>> >> >> >> >> >> >> >> >> >> >> >> >> >> >> >> >> >> >> Starting parallel pool (parpool) using the 'local' profile ...
[Warning: A task was unexpectedly found in state: Unavailable.] 
[> In parallel.cluster.Local/deriveJobStateFromTasks (line 29)
In parallel.cluster/Local/getJobState (line 174)
In parallel.cluster/CJSCluster/hGetJobState (line 375)
In parallel.internal.cluster/CJSJobMixin/hGetStateEnum (line 175)
In parallel/Job/get.StateEnum (line 247)
In parallel/Job/get.State (line 239)
In parallel.internal.customattr.CustomGetSet>iVectorisedGetHelper (line 128)
In parallel.internal.customattr.CustomGetSet>@(a,b,c)iVectorisedGetHelper(obj,a,b,c) (line 102)
In parallel.internal.customattr/CustomGetSet/doVectorisedGet (line 103)
In parallel.internal.customattr/CustomGetSet/hVectorisedGet (line 76)
In parallel.internal.customattr.GetSetImpl>iAccessProperties (line 322)
In parallel.internal.customattr.GetSetImpl>iGetAllPropertiesVec (line 264)
In parallel.internal.customattr/GetSetImpl/getImpl (line 133)
In parallel.internal.customattr.CustomGetSet>iHetFunGetFunction (line 154)
In parallel.internal.customattr.CustomGetSet>@(o)iHetFunGetFunction(o,props) (line 139)
In parallel.internal.cluster.hetfun (line 46)
In parallel.internal.customattr.CustomGetSet>iHetFunGetProperty (line 139)
In parallel.internal.customattr/CustomGetSet/get (line 38)
In parallel.internal.pool/AbstractInteractiveClient/pRemoveOldJobs (line 211)
In parallel.internal.pool/AbstractInteractiveClient/start (line 103)
In parallel.internal.pool.AbstractClusterPool>iStartClient (line 831)
In parallel.internal.pool/AbstractClusterPool/hBuildPool (line 585)
In parallel.internal.pool.doParpool (line 22)
In parpool (line 123)
In parallel.internal.parpool.getOrCreateCurrentPool (line 17)
In parallel.internal.pool/PoolArrayManager/getOrAutoCreateWithCleanup (line 44)
In pctTryCreatePoolIfNecessary (line 28)
In parallel_function (line 423)
In fn_measure (line 41)] 
Connected to the parallel pool (number of workers: 12).
Error of vP is 6.839565e-08 
Error of vP is 5.786275e-08 
Error of vP is 7.942009e-08 
Error of vP is 5.930949e-08 
Error of vP is 6.160757e-08 
Error of vP is 5.424901e-08 
Error of vP is 5.549649e-08 
Error of vP is 6.012985e-08 
Error of vP is 5.550412e-08 
Error of vP is 6.112957e-08 
Error of vP is 5.665712e-08 
Error of vP is 1.119570e-07 
Error of vP is 5.440489e-08 
Error of vP is 1.115810e-07 
Error of vP is 5.931696e-08 
Error of vP is 7.019204e-08 
Error of vP is 6.774764e-08 
Error of vP is 1.472720e-07 
Error of vP is 5.735700e-08 
Error of vP is 6.938940e-08 
Error of vP is 6.700476e-08 
Error of vP is 5.127406e-08 
Error of vP is 1.416775e-07 
Error of vP is 7.474726e-08 
Error of vP is 8.171295e-08 
Error of vP is 8.401270e-08 
Error of vP is 9.156699e-08 
Error of vP is 1.252628e-07 
Error of vP is 1.045160e-07 
Error of vP is 9.789886e-08 
Error of vP is 4.384754e-07 
Error of vP is 3.688973e-07 
Error of vP is 2.446992e-07 
Error of vP is 5.251245e-08 
Error of vP is 5.650118e-07 
Error of vP is 4.185641e-07 
Error of vP is 7.724550e-07 
Error of vP is 2.883360e-07 
Error of vP is 5.218744e-08 
Error of vP is 5.052043e-08 
Error of vP is 5.484260e-08 
Error of vP is 7.380136e-08 
Error of vP is 5.110665e-08 
Error of vP is 5.329560e-08 
Error of vP is 7.540581e-08 
Error of vP is 6.523457e-08 
Error of vP is 5.946271e-08 
Error of vP is 8.593164e-08 
Error of vP is 5.720075e-08 
Error of vP is 5.533828e-08 
Error of vP is 5.221333e-08 
Error of vP is 6.529394e-08 
Error of vP is 8.951005e-08 
Error of vP is 6.090321e-08 
Error of vP is 6.203071e-08 
Error of vP is 6.067506e-08 
Error of vP is 6.992271e-08 
Error of vP is 8.269579e-08 
Error of vP is 5.479728e-08 
Error of vP is 5.680221e-08 
Error of vP is 5.912683e-08 
Error of vP is 5.842596e-08 
Error of vP is 7.781157e-08 
Error of vP is 7.705625e-08 
Error of vP is 1.284292e-07 
Error of vP is 8.037051e-08 
Error of vP is 9.952799e-08 
Error of vP is 7.553744e-08 
Error of vP is 8.359764e-08 
Error of vP is 1.176406e-07 
Error of vP is 8.578789e-08 
Error of vP is 5.330096e-08 
Error of vP is 1.088823e-07 
Error of vP is 5.881287e-08 
Error of vP is 7.136267e-08 
Error of vP is 8.183630e-08 
Error of vP is 9.083866e-08 
Error of vP is 6.120906e-08 
Error of vP is 1.347462e-07 
Error of vP is 6.640753e-08 
Error of vP is 5.005389e-08 
Error of vP is 5.221764e-08 
Error of vP is 5.475218e-08 
Error of vP is 5.472626e-08 
Error of vP is 5.035420e-08 
Error of vP is 6.647932e-08 
Error of vP is 6.178629e-08 
Error of vP is 7.511582e-08 
Error of vP is 9.447693e-08 
Error of vP is 7.232069e-08 
Error of vP is 1.196957e-07 
Error of vP is 9.441776e-08 
Error of vP is 1.216013e-07 
Error of vP is 5.118704e-08 
Error of vP is 5.586780e-08 
Error of vP is 5.178681e-08 
Error of vP is 5.090954e-08 
Error of vP is 5.003056e-08 
Error of vP is 9.833833e-08 
Error of vP is 6.652465e-08 
Error of vP is 5.317732e-08 
Error of vP is 1.100061e-07 
Error of vP is 1.166176e-07 
Error of vP is 7.776373e-08 
Error of vP is 7.881276e-08 
Error of vP is 1.002622e-07 
Error of vP is 1.294304e-07 
Error of vP is 1.088125e-07 
Error of vP is 7.085924e-08 
Error of vP is 5.484716e-08 
Error of vP is 5.607986e-08 
Error of vP is 5.900041e-08 
Error of vP is 5.676698e-08 
Error of vP is 7.289856e-08 
Error of vP is 6.202813e-08 
Error of vP is 8.350724e-08 
Error of vP is 9.479884e-08 
Error of vP is 6.691198e-08 
Error of vP is 5.246323e-08 
Error of vP is 5.725567e-08 
Error of vP is 5.010189e-08 
Error of vP is 5.410291e-08 
Error of vP is 5.726152e-08 
Error of vP is 8.110840e-08 
Error of vP is 6.163117e-08 
Error of vP is 7.303925e-08 
Error of vP is 8.787796e-08 
Error of vP is 7.326814e-08 
Error of vP is 1.234348e-07 
Error of vP is 6.151505e-08 
Error of vP is 5.444425e-08 
Error of vP is 6.014317e-08 
Error of vP is 7.359755e-08 
Error of vP is 6.711497e-08 
Error of vP is 6.244519e-08 
Error of vP is 1.027712e-07 
Error of vP is 7.809256e-08 
Error of vP is 8.488485e-08 
Error of vP is 6.289120e-08 
Error of vP is 6.564290e-08 
Error of vP is 5.185564e-08 
Error of vP is 6.337693e-08 
Error of vP is 5.427527e-08 
Error of vP is 8.416028e-08 
Error of vP is 8.276497e-08 
Error of vP is 6.341913e-08 
Error of vP is 1.188872e-07 
Error of vP is 1.172120e-07 
Error of vP is 5.994116e-08 
Error of vP is 5.794093e-08 
Error of vP is 5.551059e-08 
Error of vP is 7.117908e-08 
Error of vP is 1.353384e-07 
Error of vP is 5.163712e-08 
Error of vP is 1.452492e-07 
Error of vP is 5.543820e-08 
Error of vP is 7.078677e-08 
Error of vP is 7.010767e-08 
Error of vP is 8.907889e-08 
Error of vP is 5.693639e-08 
Error of vP is 5.178860e-08 
Error of vP is 7.780147e-08 
Error of vP is 1.252972e-07 
Error of vP is 7.468672e-08 
Error of vP is 6.182491e-08 
Error of vP is 1.257409e-07 
Error of vP is 1.351733e-07 
Error of vP is 1.927675e-07 
Error of vP is 6.186358e-08 
Error of vP is 1.224721e-07 
Error of vP is 2.936186e-07 
Error of vP is 3.450971e-07 
Error of vP is 2.521859e-07 
Error of vP is 1.334807e-07 
Error of vP is 7.075341e-08 
Error of vP is 1.565787e-07 
Error of vP is 2.367387e-07 
Error of vP is 7.224916e-08 
Error of vP is 1.119785e-07 
Error of vP is 1.507983e-07 
Error of vP is 2.403955e-07 
Error of vP is 1.319685e-07 
Error of vP is 1.318539e-07 
Error of vP is 1.123372e-07 
Error of vP is 3.037920e-07 
Error of vP is 1.122811e-07 
Error of vP is 7.980971e-08 
Error of vP is 2.072239e-07 
Error of vP is 6.334773e-08 
Error of vP is 1.824882e-07 
Error of vP is 1.631928e-07 
Error of vP is 1.071161e-07 
Error of vP is 2.403370e-07 
Error of vP is 2.084040e-07 
Error of vP is 1.234256e-07 
Error of vP is 1.967953e-07 
Error of vP is 1.724375e-07 
Error of vP is 1.058397e-07 
Error of vP is 9.833243e-08 
Error of vP is 2.481208e-07 
Error of vP is 1.061345e-07 
Error of vP is 4.366013e-07 
Error of vP is 8.102385e-08 
Error of vP is 1.449951e-07 
Error of vP is 4.242961e-07 
Error of vP is 6.214339e-08 
Error of vP is 1.828896e-07 
Error of vP is 6.608864e-08 
Error of vP is 3.148412e-07 
Error of vP is 1.027902e-07 
Error of vP is 8.844276e-08 
Error of vP is 1.964415e-07 
Error of vP is 6.085594e-08 
Error of vP is 2.031670e-07 
Error of vP is 6.098427e-08 
Error of vP is 3.498876e-07 
Error of vP is 9.639638e-08 
Error of vP is 2.994894e-07 
Error of vP is 6.780017e-08 
Error of vP is 6.604706e-08 
Error of vP is 5.655762e-08 
Error of vP is 5.510592e-07 
Error of vP is 7.702173e-08 
Error of vP is 1.496027e-07 
Error of vP is 1.807755e-07 
Error of vP is 2.976549e-07 
Error of vP is 5.355572e-08 
Error of vP is 1.570779e-07 
Error of vP is 1.065128e-07 
Error of vP is 2.960099e-07 
Error of vP is 5.114699e-08 
Error of vP is 5.412898e-08 
Error of vP is 5.043523e-08 
Error of vP is 6.516776e-08 
Error of vP is 7.088469e-08 
Error of vP is 7.410172e-08 
Error of vP is 1.041899e-07 
Error of vP is 5.513646e-08 
Error of vP is 9.831694e-08 
Error of vP is 9.241742e-08 
Error of vP is 7.335684e-08 
Error of vP is 1.149384e-07 
Error of vP is 7.883502e-08 
Error of vP is 5.670262e-08 
Error of vP is 5.660505e-08 
Error of vP is 5.116700e-08 
Error of vP is 6.903444e-08 
Error of vP is 6.808646e-08 
Error of vP is 7.022591e-08 
Error of vP is 6.644813e-08 
Error of vP is 5.245247e-08 
Error of vP is 1.524786e-07 
Error of vP is 9.684051e-08 
Error of vP is 1.919981e-07 
Error of vP is 6.485895e-08 
Error of vP is 1.129115e-07 
Error of vP is 1.035719e-07 
Error of vP is 1.286342e-07 
Error of vP is 1.115183e-07 
Error of vP is 6.417029e-08 
Error of vP is 8.150012e-08 
Error of vP is 2.315135e-07 
Error of vP is 1.383666e-07 
Error of vP is 7.117655e-08 
Error of vP is 1.749705e-07 
Error of vP is 1.346198e-07 
Error of vP is 5.305104e-08 
Error of vP is 1.437617e-07 
Error of vP is 1.260154e-07 
Error of vP is 1.075427e-07 
Error of vP is 2.353088e-07 
Error of vP is 5.452282e-08 
Error of vP is 2.514483e-07 
Error of vP is 2.471786e-07 
Error of vP is 6.652533e-08 
Error of vP is 5.155508e-08 
Error of vP is 1.339331e-07 
Error of vP is 2.444400e-07 
Error of vP is 1.037288e-07 
Error of vP is 5.221500e-08 
Error of vP is 1.780838e-07 
Error of vP is 2.434284e-07 
Error of vP is 7.863554e-08 
Error of vP is 2.424539e-07 
Error of vP is 1.382394e-07 
Error of vP is 2.242351e-07 
Error of vP is 5.120833e-08 
Error of vP is 5.119587e-08 
Error of vP is 5.355516e-08 
Error of vP is 8.621118e-08 
Error of vP is 7.119305e-08 
Error of vP is 7.219287e-08 
Error of vP is 6.052938e-08 
Error of vP is 5.740644e-08 
Error of vP is 6.798345e-08 
Error of vP is 6.343477e-08 
Error of vP is 6.940555e-08 
Error of vP is 7.433833e-08 
Error of vP is 5.687121e-08 
Error of vP is 8.504056e-08 
Error of vP is 5.080412e-08 
Error of vP is 6.877258e-08 
Error of vP is 5.641197e-08 
Error of vP is 9.223284e-08 
Error of vP is 1.097915e-07 
Error of vP is 6.642606e-08 
Error of vP is 1.789016e-07 
Error of vP is 8.059897e-08 
Error of vP is 5.204906e-08 
Error of vP is 5.957382e-08 
Error of vP is 6.023260e-08 
Error of vP is 1.259163e-07 
Error of vP is 6.112068e-08 
Error of vP is 5.361580e-08 
Error of vP is 6.427221e-08 
Error of vP is 5.323226e-08 
Error of vP is 6.113701e-08 
Error of vP is 6.300048e-08 
Error of vP is 6.275246e-08 
Error of vP is 5.608128e-08 
Error of vP is 1.213740e-07 
Error of vP is 5.326832e-08 
Error of vP is 6.539878e-08 
Error of vP is 8.720655e-08 
Error of vP is 6.859989e-08 
Error of vP is 6.916718e-08 
Error of vP is 5.408443e-08 
Error of vP is 6.187645e-08 
Error of vP is 5.400547e-08 
Error of vP is 5.148555e-08 
Error of vP is 8.360116e-08 
Error of vP is 5.807656e-08 
Error of vP is 5.656224e-08 
Error of vP is 5.059940e-08 
Error of vP is 6.663821e-08 
Error of vP is 1.448688e-07 
Error of vP is 1.772946e-07 
Error of vP is 7.503623e-08 
Error of vP is 1.604938e-07 
Error of vP is 1.346791e-07 
Error of vP is 2.768792e-07 
Error of vP is 1.103574e-07 
Error of vP is 1.278664e-07 
Error of vP is 7.929153e-08 
Error of vP is 1.088331e-07 
Error of vP is 2.088523e-07 
Error of vP is 5.708672e-08 
Error of vP is 2.021520e-07 
Error of vP is 1.069216e-07 
Error of vP is 1.512112e-07 
Error of vP is 1.847656e-07 
Error of vP is 7.776714e-08 
Error of vP is 1.588711e-07 
Error of vP is 1.408036e-07 
Error of vP is 2.005978e-07 
Error of vP is 7.692818e-08 
Error of vP is 8.977540e-08 
Error of vP is 7.922528e-08 
Error of vP is 1.111155e-07 
Error of vP is 1.042321e-07 
Error of vP is 7.781872e-08 
Error of vP is 7.854201e-08 
Error of vP is 6.560027e-08 
Error of vP is 1.705719e-07 
Error of vP is 1.556306e-07 
Error of vP is 9.843068e-08 
Error of vP is 8.993313e-08 
Error of vP is 8.455453e-08 
Error of vP is 9.635110e-08 
Error of vP is 1.115628e-07 
Error of vP is 1.115776e-07 
Error of vP is 1.324320e-07 
Error of vP is 8.427292e-08 
Error of vP is 1.390606e-07 
Error of vP is 1.924210e-07 
Error of vP is 2.255269e-07 
Error of vP is 8.206283e-08 
Error of vP is 2.321036e-07 
Error of vP is 1.272828e-07 
Error of vP is 2.596450e-07 
Error of vP is 3.570166e-07 
Error of vP is 7.910530e-08 
Error of vP is 7.160298e-08 
Error of vP is 1.976376e-07 
Error of vP is 1.455218e-07 
Error of vP is 6.308766e-08 
Error of vP is 7.658144e-08 
Error of vP is 1.609850e-07 
Error of vP is 1.259112e-07 
Error of vP is 9.105440e-08 
Error of vP is 1.888869e-07 
Error of vP is 1.410816e-07 
Error of vP is 9.822094e-08 
Error of vP is 1.482562e-07 
Error of vP is 7.043934e-08 
Error of vP is 5.847649e-08 
Error of vP is 5.638440e-08 
Error of vP is 6.110636e-08 
Error of vP is 1.908699e-07 
Error of vP is 5.027268e-08 
Error of vP is 5.472352e-08 
Error of vP is 5.037682e-08 
Error of vP is 6.801276e-08 
Error of vP is 6.462103e-08 
Error of vP is 5.393907e-08 
Error of vP is 5.357348e-08 
Error of vP is 6.279671e-08 
Error of vP is 7.172311e-08 
Error of vP is 8.276223e-08 
Error of vP is 6.257968e-08 
Error of vP is 5.311224e-08 
Error of vP is 6.360602e-08 
Error of vP is 5.172753e-08 
Error of vP is 6.077908e-08 
Error of vP is 6.133084e-08 
Error of vP is 5.206867e-08 
Error of vP is 5.786479e-08 
Error of vP is 5.524088e-08 
Error of vP is 5.008307e-08 
Error of vP is 5.380400e-08 
Error of vP is 5.884492e-08 
Error of vP is 6.444448e-08 
Error of vP is 1.990924e-07 
Error of vP is 1.077276e-07 
Error of vP is 1.177984e-07 
Error of vP is 8.077052e-08 
Error of vP is 8.511652e-08 
Error of vP is 1.307866e-07 
Error of vP is 6.218205e-08 
Error of vP is 1.002568e-07 
Error of vP is 6.109470e-08 
Error of vP is 1.302163e-07 
Error of vP is 9.991567e-08 
Error of vP is 1.305283e-07 
Error of vP is 1.010263e-07 
Error of vP is 2.984854e-07 
Error of vP is 7.907306e-08 
Error of vP is 2.239048e-07 
Error of vP is 8.359858e-08 
Error of vP is 2.551520e-07 
Error of vP is 7.469346e-08 
Error of vP is 6.360375e-08 
Error of vP is 7.887507e-08 
Error of vP is 1.408147e-07 
Error of vP is 1.194310e-07 
Error of vP is 1.020183e-07 
Error of vP is 8.732570e-08 
Error of vP is 1.043810e-07 
Error of vP is 1.626216e-07 
Error of vP is 1.556536e-07 
Error of vP is 1.617483e-07 
Error of vP is 1.009917e-07 
Error of vP is 7.574404e-08 
Error of vP is 1.464505e-07 
Error of vP is 8.240448e-08 
Error of vP is 1.593084e-07 
Error of vP is 6.534591e-08 
Error of vP is 1.026558e-07 
Error of vP is 2.976964e-07 
Error of vP is 7.979030e-08 
Error of vP is 1.260853e-07 
Error of vP is 4.406074e-07 
Error of vP is 3.740026e-07 
Error of vP is 2.302551e-07 
Error of vP is 6.863421e-07 
Error of vP is 4.907286e-07 
Error of vP is 4.427371e-07 
Error of vP is 1.567153e-07 
Error of vP is 5.477398e-08 
Error of vP is 5.419182e-08 
Error of vP is 6.903651e-08 
Error of vP is 5.040438e-08 
Error of vP is 5.396443e-08 
Error of vP is 6.870109e-08 
Error of vP is 6.995382e-08 
Error of vP is 6.144655e-08 
Error of vP is 5.354642e-08 
Error of vP is 6.818378e-08 
Error of vP is 1.095559e-07 
Error of vP is 5.711054e-08 
Error of vP is 7.337545e-08 
Error of vP is 8.827959e-08 
Error of vP is 5.889072e-08 
Error of vP is 7.411120e-08 
Error of vP is 5.072603e-08 
Error of vP is 6.605464e-08 
Error of vP is 6.556638e-08 
Error of vP is 1.083566e-07 
Error of vP is 5.285154e-08 
Error of vP is 6.815925e-08 
Error of vP is 5.231210e-08 
Error of vP is 1.784776e-07 
Error of vP is 1.473418e-07 
Error of vP is 1.389068e-07 
Error of vP is 2.526300e-07 
Error of vP is 8.037029e-08 
Error of vP is 8.213846e-08 
Error of vP is 6.004972e-08 
Error of vP is 1.064270e-07 
Error of vP is 1.087404e-07 
Error of vP is 1.356953e-07 
Error of vP is 1.110933e-07 
Error of vP is 5.000339e-08 
Error of vP is 5.753286e-08 
Error of vP is 5.403632e-08 
Error of vP is 7.579368e-08 
Error of vP is 5.827858e-08 
Error of vP is 6.451704e-08 
Error of vP is 1.378228e-07 
Error of vP is 5.549759e-08 
Error of vP is 9.601491e-08 
Error of vP is 1.540612e-07 
Error of vP is 8.974797e-08 
Error of vP is 7.037640e-08 
Error of vP is 6.512897e-08 
Error of vP is 6.787830e-08 
Error of vP is 5.637012e-08 
Error of vP is 8.291615e-08 
Error of vP is 7.990989e-08 
Error of vP is 1.195445e-07 
Error of vP is 1.127047e-07 
Error of vP is 6.864295e-08 
Error of vP is 6.603796e-08 
Error of vP is 1.126307e-07 
Error of vP is 6.744205e-08 
Error of vP is 5.977402e-08 
Error of vP is 7.771576e-08 
Error of vP is 7.679297e-08 
Error of vP is 7.365107e-08 
Error of vP is 6.133179e-08 
Error of vP is 5.248829e-08 
Error of vP is 7.125364e-08 
Error of vP is 5.357151e-08 
Error of vP is 6.885682e-08 
Error of vP is 8.403773e-08 
Error of vP is 8.444335e-08 
Error of vP is 8.606045e-08 
Error of vP is 5.118331e-08 
Error of vP is 7.700679e-08 
Error of vP is 1.499218e-07 
Error of vP is 5.854673e-08 
Error of vP is 5.705232e-08 
Error of vP is 6.860767e-08 
Error of vP is 5.971392e-08 
Error of vP is 6.985309e-08 
Error of vP is 5.839186e-08 
Error of vP is 5.480781e-08 
Error of vP is 5.772940e-08 
Error of vP is 6.297590e-08 
Error of vP is 7.210026e-08 
Error of vP is 1.451803e-07 
Error of vP is 1.104300e-07 
Error of vP is 7.336673e-08 
Error of vP is 6.082041e-08 
Error of vP is 6.584593e-08 
Error of vP is 1.405771e-07 
Error of vP is 5.403574e-08 
Error of vP is 7.982418e-08 
Error of vP is 1.643781e-07 
Error of vP is 2.428820e-07 
Error of vP is 7.524340e-08 
Error of vP is 7.040899e-08 
Error of vP is 5.451352e-08 
Error of vP is 5.024913e-08 
Error of vP is 1.116499e-07 
Error of vP is 6.886321e-08 
Error of vP is 6.316819e-08 
Error of vP is 5.248262e-08 
Error of vP is 5.712363e-08 
Error of vP is 8.784792e-08 
Error of vP is 5.677467e-08 
Error of vP is 5.218113e-08 
Error of vP is 9.792093e-08 
Error of vP is 5.354914e-08 
Error of vP is 5.513222e-08 
Error of vP is 5.444962e-08 
Error of vP is 7.404475e-08 
Error of vP is 1.111982e-07 
Error of vP is 8.235432e-08 
Error of vP is 7.719834e-08 
Error of vP is 5.447076e-08 
Error of vP is 6.206394e-08 
Error of vP is 9.774755e-08 
Error of vP is 5.168122e-08 
Error of vP is 6.358315e-08 
Error of vP is 1.058296e-07 
Error of vP is 7.026865e-08 
Error of vP is 6.755069e-08 
Error of vP is 9.613753e-08 
Error of vP is 5.379070e-08 
Error of vP is 1.482714e-07 
Error of vP is 8.906271e-08 
Error of vP is 2.483646e-07 
Error of vP is 7.374203e-08 
Error of vP is 6.457384e-08 
Error of vP is 1.105102e-07 
Error of vP is 1.904347e-07 
Error of vP is 2.834695e-07 
Error of vP is 1.511622e-07 
Error of vP is 1.313259e-07 
Error of vP is 5.842291e-07 
Error of vP is 9.842413e-08 
Error of vP is 8.598155e-08 
Error of vP is 1.209099e-07 
Error of vP is 1.570947e-07 
Error of vP is 1.300788e-07 
Error of vP is 4.432586e-07 
Error of vP is 4.910546e-07 
Error of vP is 7.273097e-08 
Error of vP is 7.990305e-08 
Error of vP is 3.598253e-07 
Error of vP is 7.208783e-07 
Error of vP is 2.436345e-07 
Error of vP is 5.050199e-07 
Error of vP is 5.371343e-07 
Error of vP is 3.032811e-07 
Error of vP is 1.653848e-07 
Error of vP is 4.107813e-07 
Error of vP is 1.532654e-06 
Error of vP is 8.717516e-07 
Error of vP is 5.811206e-07 
Error of vP is 2.080988e-07 
Error of vP is 4.060106e-07 
Error of vP is 2.630863e-07 
Error of vP is 1.321371e-07 
Error of vP is 2.718195e-07 
Error of vP is 7.605119e-07 
Error of vP is 6.235285e-07 
Error of vP is 1.945612e-06 
Error of vP is 8.273055e-07 
Error of vP is 2.149136e-06 
Error of vP is 6.186345e-07 
Error of vP is 3.151118e-07 
Error of vP is 2.273533e-06 
Error of vP is 2.018448e-06 
Error of vP is 5.925296e-08 
Error of vP is 6.790789e-08 
>> >> 
endtime =

   4.1066e+04

>> >> >> >> >> >> 