MATLAB is selecting SOFTWARE OPENGL rendering.

                            < M A T L A B (R) >
                  Copyright 1984-2021 The MathWorks, Inc.
                  R2021b (9.11.0.1769968) 64-bit (glnxa64)
                             September 17, 2021

 
To get started, type doc.
For product information, visit www.mathworks.com.
 
>> >> >> >> >> >> >> >> >> >> >> >> >> >> >> >> >> >> >> >> >> >> >> >> >> >> Starting parallel pool (parpool) using the 'local' profile ...
[Warning: A task was unexpectedly found in state: Unavailable.] 
[> In parallel.cluster.Local/deriveJobStateFromTasks (line 29)
In parallel.cluster/Local/getJobState (line 174)
In parallel.cluster/CJSCluster/hGetJobState (line 375)
In parallel.internal.cluster/CJSJobMixin/hGetStateEnum (line 175)
In parallel/Job/get.StateEnum (line 247)
In parallel/Job/get.State (line 239)
In parallel.internal.customattr.CustomGetSet>iVectorisedGetHelper (line 128)
In parallel.internal.customattr.CustomGetSet>@(a,b,c)iVectorisedGetHelper(obj,a,b,c) (line 102)
In parallel.internal.customattr/CustomGetSet/doVectorisedGet (line 103)
In parallel.internal.customattr/CustomGetSet/hVectorisedGet (line 76)
In parallel.internal.customattr.GetSetImpl>iAccessProperties (line 322)
In parallel.internal.customattr.GetSetImpl>iGetAllPropertiesVec (line 264)
In parallel.internal.customattr/GetSetImpl/getImpl (line 133)
In parallel.internal.customattr.CustomGetSet>iHetFunGetFunction (line 154)
In parallel.internal.customattr.CustomGetSet>@(o)iHetFunGetFunction(o,props) (line 139)
In parallel.internal.cluster.hetfun (line 46)
In parallel.internal.customattr.CustomGetSet>iHetFunGetProperty (line 139)
In parallel.internal.customattr/CustomGetSet/get (line 38)
In parallel.internal.pool/AbstractInteractiveClient/pRemoveOldJobs (line 211)
In parallel.internal.pool/AbstractInteractiveClient/start (line 103)
In parallel.internal.pool.AbstractClusterPool>iStartClient (line 831)
In parallel.internal.pool/AbstractClusterPool/hBuildPool (line 585)
In parallel.internal.pool.doParpool (line 22)
In parpool (line 123)
In parallel.internal.parpool.getOrCreateCurrentPool (line 17)
In parallel.internal.pool/PoolArrayManager/getOrAutoCreateWithCleanup (line 44)
In pctTryCreatePoolIfNecessary (line 28)
In parallel_function (line 423)] 
Connected to the parallel pool (number of workers: 12).
jj1 = 5, max_th = 6.924148e-01, time=2025-04-10 19:52:41 
jj1 = 60, max_th = 1.453527e+00, time=2025-04-10 19:59:45 
jj1 = 45, max_th = 2.837341e+00, time=2025-04-10 20:01:47 
jj1 = 25, max_th = 1.213926e+00, time=2025-04-10 20:03:58 
jj1 = 35, max_th = 1.650722e+00, time=2025-04-10 20:04:59 
jj1 = 20, max_th = 1.194625e+00, time=2025-04-10 20:05:49 
jj1 = 40, max_th = 2.430269e+00, time=2025-04-10 20:07:14 
jj1 = 50, max_th = 1.730756e+00, time=2025-04-10 20:09:59 
jj1 = 39, max_th = 1.051046e+00, time=2025-04-10 20:11:34 
jj1 = 15, max_th = 2.381760e+00, time=2025-04-10 20:12:21 
jj1 = 55, max_th = 1.591123e+00, time=2025-04-10 20:12:54 
jj1 = 4, max_th = 1.612470e+00, time=2025-04-10 20:13:42 
jj1 = 59, max_th = 1.549615e+00, time=2025-04-10 20:13:52 
jj1 = 14, max_th = 1.034654e+00, time=2025-04-10 20:20:37 
jj1 = 13, max_th = 3.593173e+00, time=2025-04-10 20:21:23 
jj1 = 44, max_th = 2.325393e+00, time=2025-04-10 20:21:47 
jj1 = 30, max_th = 2.072063e+00, time=2025-04-10 20:23:02 
jj1 = 24, max_th = 2.095605e+00, time=2025-04-10 20:26:23 
jj1 = 34, max_th = 1.793471e+00, time=2025-04-10 20:26:59 
jj1 = 19, max_th = 1.881720e+00, time=2025-04-10 20:29:20 
jj1 = 10, max_th = 2.219537e+00, time=2025-04-10 20:31:44 
jj1 = 23, max_th = 2.501066e+00, time=2025-04-10 20:36:01 
jj1 = 49, max_th = 1.414996e+00, time=2025-04-10 20:36:24 
jj1 = 54, max_th = 2.091815e+00, time=2025-04-10 20:37:05 
jj1 = 58, max_th = 2.087049e+00, time=2025-04-10 20:38:29 
jj1 = 43, max_th = 2.360260e+00, time=2025-04-10 20:39:01 
jj1 = 38, max_th = 2.065378e+00, time=2025-04-10 20:39:23 
jj1 = 33, max_th = 1.448177e+00, time=2025-04-10 20:41:39 
jj1 = 3, max_th = 1.635189e+00, time=2025-04-10 20:46:26 
jj1 = 48, max_th = 1.547974e+00, time=2025-04-10 20:50:24 
jj1 = 18, max_th = 2.011629e+00, time=2025-04-10 20:52:01 
jj1 = 53, max_th = 1.373932e+00, time=2025-04-10 20:52:12 
jj1 = 29, max_th = 2.072722e+00, time=2025-04-10 20:52:53 
jj1 = 12, max_th = 1.966543e+00, time=2025-04-10 20:58:18 
jj1 = 32, max_th = 2.441139e+00, time=2025-04-10 21:01:43 
jj1 = 37, max_th = 1.770805e+00, time=2025-04-10 21:02:09 
jj1 = 42, max_th = 1.677938e+00, time=2025-04-10 21:03:07 
jj1 = 22, max_th = 2.133276e+00, time=2025-04-10 21:03:37 
jj1 = 2, max_th = 1.900345e+00, time=2025-04-10 21:05:10 
jj1 = 28, max_th = 1.433353e+00, time=2025-04-10 21:06:07 
jj1 = 57, max_th = 2.129959e+00, time=2025-04-10 21:07:05 
jj1 = 9, max_th = 1.981176e+00, time=2025-04-10 21:08:44 
jj1 = 17, max_th = 2.129701e+00, time=2025-04-10 21:16:10 
jj1 = 21, max_th = 8.057271e-01, time=2025-04-10 21:16:12 
jj1 = 52, max_th = 1.982745e+00, time=2025-04-10 21:16:28 
jj1 = 47, max_th = 1.957951e+00, time=2025-04-10 21:17:22 
jj1 = 27, max_th = 2.485322e+00, time=2025-04-10 21:20:17 
jj1 = 56, max_th = 1.529548e+00, time=2025-04-10 21:20:26 
jj1 = 31, max_th = 2.449704e+00, time=2025-04-10 21:21:45 
jj1 = 1, max_th = 2.251862e+00, time=2025-04-10 21:23:39 
jj1 = 36, max_th = 2.069999e+00, time=2025-04-10 21:26:21 
jj1 = 26, max_th = -4.278267e-01, time=2025-04-10 21:26:46 
jj1 = 11, max_th = 1.880239e+00, time=2025-04-10 21:27:23 
jj1 = 255, max_th = 2.405221e+00, time=2025-04-10 21:29:01 
jj1 = 46, max_th = 1.430389e+00, time=2025-04-10 21:31:22 
jj1 = 528, max_th = 2.623983e+00, time=2025-04-10 21:31:54 
jj1 = 16, max_th = 1.228451e+00, time=2025-04-10 21:33:46 
jj1 = 41, max_th = 1.914689e+00, time=2025-04-10 21:37:53 
jj1 = 333, max_th = 1.908020e+00, time=2025-04-10 21:39:07 
jj1 = 8, max_th = 1.536186e+00, time=2025-04-10 21:41:29 
jj1 = 372, max_th = 1.830166e+00, time=2025-04-10 21:41:54 
jj1 = 51, max_th = 1.775454e+00, time=2025-04-10 21:44:54 
jj1 = 7, max_th = 3.011917e+00, time=2025-04-10 21:45:46 
jj1 = 99, max_th = 2.203897e+00, time=2025-04-10 21:48:25 
jj1 = 254, max_th = 1.784673e+00, time=2025-04-10 21:48:46 
jj1 = 411, max_th = 2.576332e+00, time=2025-04-10 21:50:25 
jj1 = 450, max_th = 2.368334e+00, time=2025-04-10 21:52:12 
jj1 = 527, max_th = 1.711393e+00, time=2025-04-10 21:53:03 
jj1 = 371, max_th = 2.413535e+00, time=2025-04-10 21:55:26 
jj1 = 177, max_th = 2.191113e+00, time=2025-04-10 21:55:51 
jj1 = 216, max_th = 2.012990e+00, time=2025-04-10 21:57:59 
jj1 = 98, max_th = 9.501531e-01, time=2025-04-10 21:59:05 
jj1 = 526, max_th = 1.072339e+00, time=2025-04-10 22:01:49 
jj1 = 332, max_th = 2.144620e+00, time=2025-04-10 22:01:57 
jj1 = 97, max_th = 6.997376e-01, time=2025-04-10 22:02:27 
jj1 = 6, max_th = 2.365985e+00, time=2025-04-10 22:03:08 
jj1 = 410, max_th = 2.029828e+00, time=2025-04-10 22:03:44 
jj1 = 294, max_th = 2.217535e+00, time=2025-04-10 22:08:15 
jj1 = 215, max_th = 1.096452e+00, time=2025-04-10 22:10:38 
jj1 = 96, max_th = 3.788417e+00, time=2025-04-10 22:11:06 
jj1 = 253, max_th = 1.909119e+00, time=2025-04-10 22:14:29 
jj1 = 525, max_th = 1.733124e+00, time=2025-04-10 22:15:45 
jj1 = 449, max_th = 1.864017e+00, time=2025-04-10 22:16:42 
jj1 = 176, max_th = 1.975842e+00, time=2025-04-10 22:18:27 
jj1 = 409, max_th = 2.031825e+00, time=2025-04-10 22:19:48 
jj1 = 331, max_th = 1.736595e+00, time=2025-04-10 22:20:25 
jj1 = 95, max_th = 2.675432e+00, time=2025-04-10 22:21:29 
jj1 = 370, max_th = 2.135704e+00, time=2025-04-10 22:22:23 
jj1 = 138, max_th = 1.455690e+00, time=2025-04-10 22:25:59 
jj1 = 293, max_th = 2.008291e+00, time=2025-04-10 22:26:56 
jj1 = 489, max_th = 1.740762e+00, time=2025-04-10 22:26:59 
jj1 = 448, max_th = 2.545769e+00, time=2025-04-10 22:28:55 
jj1 = 408, max_th = 2.552395e+00, time=2025-04-10 22:30:53 
jj1 = 447, max_th = 1.769547e-01, time=2025-04-10 22:31:43 
jj1 = 252, max_th = 1.949805e+00, time=2025-04-10 22:32:23 
jj1 = 214, max_th = 1.950542e+00, time=2025-04-10 22:32:38 
jj1 = 524, max_th = 2.067292e+00, time=2025-04-10 22:33:01 
jj1 = 488, max_th = 2.770967e+00, time=2025-04-10 22:33:12 
jj1 = 137, max_th = 2.731336e+00, time=2025-04-10 22:36:13 
jj1 = 330, max_th = 2.468010e+00, time=2025-04-10 22:37:39 
jj1 = 175, max_th = 1.786981e+00, time=2025-04-10 22:40:21 
jj1 = 523, max_th = 1.294834e+00, time=2025-04-10 22:42:39 
jj1 = 329, max_th = 6.624891e-01, time=2025-04-10 22:43:04 
jj1 = 213, max_th = 1.131226e+00, time=2025-04-10 22:45:29 
jj1 = 446, max_th = 1.479768e+00, time=2025-04-10 22:45:47 
jj1 = 94, max_th = 1.609375e+00, time=2025-04-10 22:45:51 
jj1 = 369, max_th = 1.726002e+00, time=2025-04-10 22:46:42 
jj1 = 174, max_th = 1.157025e+00, time=2025-04-10 22:47:34 
jj1 = 487, max_th = 1.698068e+00, time=2025-04-10 22:50:03 
jj1 = 292, max_th = 1.743730e+00, time=2025-04-10 22:50:56 
jj1 = 407, max_th = 1.795679e+00, time=2025-04-10 22:51:31 
jj1 = 136, max_th = 1.371154e+00, time=2025-04-10 22:53:03 
jj1 = 251, max_th = 1.933451e+00, time=2025-04-10 22:56:14 
jj1 = 522, max_th = 1.940599e+00, time=2025-04-10 22:56:24 
jj1 = 173, max_th = 2.486343e+00, time=2025-04-10 23:01:25 
jj1 = 368, max_th = 1.459627e+00, time=2025-04-10 23:02:17 
jj1 = 486, max_th = 2.399625e+00, time=2025-04-10 23:02:50 
jj1 = 250, max_th = 1.063013e+00, time=2025-04-10 23:03:19 
jj1 = 212, max_th = 1.985981e+00, time=2025-04-10 23:03:44 
jj1 = 328, max_th = 1.776814e+00, time=2025-04-10 23:06:34 
jj1 = 93, max_th = 1.717256e+00, time=2025-04-10 23:07:54 
jj1 = 445, max_th = 1.622765e+00, time=2025-04-10 23:11:11 
jj1 = 291, max_th = 1.707381e+00, time=2025-04-10 23:11:21 
jj1 = 406, max_th = 2.193244e+00, time=2025-04-10 23:11:47 
jj1 = 135, max_th = 1.932821e+00, time=2025-04-10 23:12:59 
jj1 = 521, max_th = 1.782213e+00, time=2025-04-10 23:17:17 
jj1 = 367, max_th = 2.439965e+00, time=2025-04-10 23:22:56 
jj1 = 172, max_th = 1.885734e+00, time=2025-04-10 23:24:56 
jj1 = 249, max_th = 2.119510e+00, time=2025-04-10 23:25:19 
jj1 = 485, max_th = 2.163808e+00, time=2025-04-10 23:28:50 
jj1 = 444, max_th = 1.750843e+00, time=2025-04-10 23:29:24 
jj1 = 327, max_th = 1.782222e+00, time=2025-04-10 23:31:26 
jj1 = 92, max_th = 2.269606e+00, time=2025-04-10 23:31:58 
jj1 = 405, max_th = 1.541972e+00, time=2025-04-10 23:32:48 
jj1 = 211, max_th = 1.974706e+00, time=2025-04-10 23:33:42 
jj1 = 520, max_th = 1.616902e+00, time=2025-04-10 23:33:45 
jj1 = 134, max_th = 1.761590e+00, time=2025-04-10 23:34:47 
jj1 = 290, max_th = 2.314428e+00, time=2025-04-10 23:37:47 
jj1 = 133, max_th = 3.136816e+00, time=2025-04-10 23:37:56 
jj1 = 289, max_th = 3.397726e+00, time=2025-04-10 23:38:24 
jj1 = 484, max_th = 1.227026e+00, time=2025-04-10 23:39:37 
jj1 = 404, max_th = 2.338718e+00, time=2025-04-10 23:46:53 
jj1 = 366, max_th = 2.334396e+00, time=2025-04-10 23:47:26 
jj1 = 248, max_th = 1.694168e+00, time=2025-04-10 23:47:50 
jj1 = 519, max_th = 2.423184e+00, time=2025-04-10 23:49:48 
jj1 = 210, max_th = 2.523053e+00, time=2025-04-10 23:50:46 
jj1 = 443, max_th = 2.012313e+00, time=2025-04-10 23:51:15 
jj1 = 132, max_th = 1.659331e+00, time=2025-04-10 23:52:11 
jj1 = 171, max_th = 2.075191e+00, time=2025-04-10 23:53:03 
jj1 = 288, max_th = 1.311078e+00, time=2025-04-10 23:53:26 
jj1 = 403, max_th = 2.733687e+00, time=2025-04-10 23:54:18 
jj1 = 326, max_th = 2.116318e+00, time=2025-04-10 23:54:48 
jj1 = 483, max_th = 2.466691e+00, time=2025-04-10 23:54:57 
jj1 = 91, max_th = 2.337838e+00, time=2025-04-10 23:55:19 
jj1 = 325, max_th = 3.058219e+00, time=2025-04-10 23:59:14 
jj1 = 287, max_th = 1.036804e+00, time=2025-04-10 23:59:47 
jj1 = 518, max_th = 2.685601e+00, time=2025-04-10 23:59:56 
jj1 = 517, max_th = 4.773151e-01, time=2025-04-11 00:01:32 
jj1 = 247, max_th = 1.233978e+00, time=2025-04-11 00:02:11 
jj1 = 209, max_th = 1.331531e+00, time=2025-04-11 00:04:05 
jj1 = 365, max_th = 1.445389e+00, time=2025-04-11 00:08:01 
jj1 = 402, max_th = 1.869527e+00, time=2025-04-11 00:12:53 
jj1 = 286, max_th = 1.650270e+00, time=2025-04-11 00:13:19 
jj1 = 170, max_th = 2.411984e+00, time=2025-04-11 00:14:30 
jj1 = 90, max_th = 1.783758e+00, time=2025-04-11 00:16:36 
jj1 = 516, max_th = 2.404522e+00, time=2025-04-11 00:16:38 
jj1 = 442, max_th = 2.156288e+00, time=2025-04-11 00:16:51 
jj1 = 324, max_th = 2.421893e+00, time=2025-04-11 00:19:40 
jj1 = 131, max_th = 1.529769e+00, time=2025-04-11 00:20:55 
jj1 = 246, max_th = 2.211656e+00, time=2025-04-11 00:21:32 
jj1 = 441, max_th = 2.864005e+00, time=2025-04-11 00:24:56 
jj1 = 208, max_th = 2.330362e+00, time=2025-04-11 00:25:12 
jj1 = 285, max_th = 1.639159e+00, time=2025-04-11 00:30:41 
jj1 = 401, max_th = 2.259285e+00, time=2025-04-11 00:31:18 
jj1 = 364, max_th = 2.104802e+00, time=2025-04-11 00:32:15 
jj1 = 323, max_th = 1.446421e+00, time=2025-04-11 00:32:24 
jj1 = 245, max_th = 1.452330e+00, time=2025-04-11 00:33:01 
jj1 = 169, max_th = 1.927134e+00, time=2025-04-11 00:37:49 
jj1 = 515, max_th = 2.056682e+00, time=2025-04-11 00:40:58 
jj1 = 89, max_th = 2.076586e+00, time=2025-04-11 00:42:37 
jj1 = 130, max_th = 2.285152e+00, time=2025-04-11 00:43:41 
jj1 = 244, max_th = 2.091466e+00, time=2025-04-11 00:44:22 
jj1 = 363, max_th = 2.504959e+00, time=2025-04-11 00:45:46 
jj1 = 322, max_th = 2.207846e+00, time=2025-04-11 00:46:22 
jj1 = 440, max_th = 2.061782e+00, time=2025-04-11 00:49:44 
jj1 = 207, max_th = 1.814155e+00, time=2025-04-11 00:50:31 
jj1 = 168, max_th = 2.369354e+00, time=2025-04-11 00:53:03 
jj1 = 400, max_th = 2.322775e+00, time=2025-04-11 00:53:33 
jj1 = 243, max_th = 2.718681e+00, time=2025-04-11 00:54:35 
jj1 = 439, max_th = 9.490469e-01, time=2025-04-11 00:56:20 
jj1 = 482, max_th = 1.176295e+00, time=2025-04-11 00:57:36 
jj1 = 514, max_th = 2.479205e+00, time=2025-04-11 00:58:39 
jj1 = 362, max_th = 1.702485e+00, time=2025-04-11 01:05:47 
jj1 = 129, max_th = 1.847710e+00, time=2025-04-11 01:06:10 
jj1 = 128, max_th = 3.223699e+00, time=2025-04-11 01:07:14 
jj1 = 242, max_th = 2.351026e+00, time=2025-04-11 01:07:32 
jj1 = 321, max_th = 1.693568e+00, time=2025-04-11 01:09:23 
jj1 = 88, max_th = 2.148818e+00, time=2025-04-11 01:10:32 
jj1 = 513, max_th = 1.466046e+00, time=2025-04-11 01:12:27 
jj1 = 284, max_th = 2.364582e+00, time=2025-04-11 01:14:05 
jj1 = 481, max_th = 2.525268e+00, time=2025-04-11 01:17:58 
jj1 = 512, max_th = 2.790594e+00, time=2025-04-11 01:18:22 
jj1 = 206, max_th = 1.974947e+00, time=2025-04-11 01:20:09 
jj1 = 167, max_th = 1.980547e+00, time=2025-04-11 01:20:46 
jj1 = 399, max_th = 2.033574e+00, time=2025-04-11 01:21:59 
jj1 = 438, max_th = 2.109801e+00, time=2025-04-11 01:22:25 
jj1 = 241, max_th = 2.416565e+00, time=2025-04-11 01:26:45 
jj1 = 127, max_th = 1.574260e+00, time=2025-04-11 01:28:20 
jj1 = 205, max_th = 2.632873e+00, time=2025-04-11 01:29:36 
jj1 = 361, max_th = 2.090691e+00, time=2025-04-11 01:30:58 
jj1 = 87, max_th = 1.916867e+00, time=2025-04-11 01:33:39 
jj1 = 320, max_th = 2.243267e+00, time=2025-04-11 01:35:08 
jj1 = 511, max_th = 1.799389e+00, time=2025-04-11 01:36:12 
jj1 = 480, max_th = 2.264011e+00, time=2025-04-11 01:39:58 
jj1 = 360, max_th = 2.693294e+00, time=2025-04-11 01:40:11 
jj1 = 166, max_th = 1.778587e+00, time=2025-04-11 01:42:17 
jj1 = 283, max_th = 2.139428e+00, time=2025-04-11 01:44:34 
jj1 = 479, max_th = 2.808629e+00, time=2025-04-11 01:46:40 
jj1 = 398, max_th = 1.694162e+00, time=2025-04-11 01:47:59 
jj1 = 240, max_th = 2.166151e+00, time=2025-04-11 01:48:25 
jj1 = 510, max_th = 2.309073e+00, time=2025-04-11 01:49:20 
jj1 = 437, max_th = 2.176206e+00, time=2025-04-11 01:49:40 
jj1 = 165, max_th = 2.716609e+00, time=2025-04-11 01:49:58 
jj1 = 126, max_th = 2.081108e+00, time=2025-04-11 01:52:40 
jj1 = 239, max_th = 2.600396e+00, time=2025-04-11 01:53:43 
jj1 = 397, max_th = 1.238634e+00, time=2025-04-11 01:55:59 
jj1 = 86, max_th = 2.231107e+00, time=2025-04-11 01:56:41 
jj1 = 436, max_th = 2.806933e+00, time=2025-04-11 01:57:15 
jj1 = 359, max_th = 2.279837e+00, time=2025-04-11 01:59:47 
jj1 = 204, max_th = 1.714747e+00, time=2025-04-11 02:00:08 
jj1 = 319, max_th = 2.231614e+00, time=2025-04-11 02:00:47 
jj1 = 509, max_th = 1.796670e+00, time=2025-04-11 02:02:44 
jj1 = 282, max_th = 2.405374e+00, time=2025-04-11 02:03:41 
jj1 = 478, max_th = 1.688691e+00, time=2025-04-11 02:06:48 
jj1 = 435, max_th = 1.301544e+00, time=2025-04-11 02:07:07 
jj1 = 477, max_th = 9.920139e-01, time=2025-04-11 02:11:05 
jj1 = 164, max_th = 2.167619e+00, time=2025-04-11 02:12:38 
jj1 = 238, max_th = 2.078541e+00, time=2025-04-11 02:17:27 
jj1 = 396, max_th = 1.610094e+00, time=2025-04-11 02:18:35 
jj1 = 281, max_th = 1.482238e+00, time=2025-04-11 02:18:51 
jj1 = 434, max_th = 1.502097e+00, time=2025-04-11 02:19:10 
jj1 = 476, max_th = 3.205940e+00, time=2025-04-11 02:20:01 
jj1 = 125, max_th = 1.713053e+00, time=2025-04-11 02:21:07 
jj1 = 318, max_th = 1.910485e+00, time=2025-04-11 02:21:58 
jj1 = 508, max_th = 1.732898e+00, time=2025-04-11 02:22:20 
jj1 = 358, max_th = 1.726936e+00, time=2025-04-11 02:23:25 
jj1 = 85, max_th = 2.187734e+00, time=2025-04-11 02:24:03 
jj1 = 237, max_th = 2.927621e+00, time=2025-04-11 02:24:50 
jj1 = 203, max_th = 2.146639e+00, time=2025-04-11 02:24:54 
jj1 = 163, max_th = 1.616700e+00, time=2025-04-11 02:34:04 
jj1 = 84, max_th = 1.225977e+00, time=2025-04-11 02:35:38 
jj1 = 357, max_th = 1.443537e+00, time=2025-04-11 02:38:57 
jj1 = 202, max_th = 1.437725e+00, time=2025-04-11 02:40:32 
jj1 = 507, max_th = 1.733953e+00, time=2025-04-11 02:41:22 
jj1 = 124, max_th = 1.730887e+00, time=2025-04-11 02:41:55 
jj1 = 395, max_th = 1.851455e+00, time=2025-04-11 02:42:19 
jj1 = 317, max_th = 2.509432e+00, time=2025-04-11 02:43:16 
jj1 = 433, max_th = 2.457502e+00, time=2025-04-11 02:44:54 
jj1 = 236, max_th = 2.038191e+00, time=2025-04-11 02:46:51 
jj1 = 475, max_th = 2.013280e+00, time=2025-04-11 02:51:04 
jj1 = 280, max_th = 2.050528e+00, time=2025-04-11 02:55:08 
jj1 = 356, max_th = 2.442698e+00, time=2025-04-11 02:58:15 
jj1 = 432, max_th = 1.511216e+00, time=2025-04-11 03:00:26 
jj1 = 201, max_th = 1.645120e+00, time=2025-04-11 03:01:06 
jj1 = 316, max_th = 2.307337e+00, time=2025-04-11 03:03:00 
jj1 = 162, max_th = 1.639453e+00, time=2025-04-11 03:03:01 
jj1 = 474, max_th = 1.263147e+00, time=2025-04-11 03:03:56 
jj1 = 506, max_th = 1.673869e+00, time=2025-04-11 03:04:04 
jj1 = 83, max_th = 2.053316e+00, time=2025-04-11 03:04:09 
jj1 = 235, max_th = 1.798899e+00, time=2025-04-11 03:04:11 
jj1 = 200, max_th = 2.787234e+00, time=2025-04-11 03:06:09 
jj1 = 123, max_th = 2.078089e+00, time=2025-04-11 03:06:55 
jj1 = 394, max_th = 1.933524e+00, time=2025-04-11 03:09:02 
jj1 = 355, max_th = 1.754897e+00, time=2025-04-11 03:18:04 
jj1 = 393, max_th = 1.367606e+00, time=2025-04-11 03:19:08 
jj1 = 161, max_th = 2.667990e+00, time=2025-04-11 03:19:40 
jj1 = 199, max_th = 1.350377e+00, time=2025-04-11 03:20:30 
jj1 = 234, max_th = 1.639823e+00, time=2025-04-11 03:21:34 
jj1 = 279, max_th = 2.059723e+00, time=2025-04-11 03:23:53 
jj1 = 122, max_th = 2.327802e+00, time=2025-04-11 03:24:49 
jj1 = 505, max_th = 2.046778e+00, time=2025-04-11 03:25:35 
jj1 = 473, max_th = 1.792143e+00, time=2025-04-11 03:26:06 
jj1 = 354, max_th = 1.386464e+00, time=2025-04-11 03:27:06 
jj1 = 431, max_th = 2.075103e+00, time=2025-04-11 03:27:41 
jj1 = 472, max_th = 5.051238e-01, time=2025-04-11 03:28:42 
jj1 = 82, max_th = 1.897249e+00, time=2025-04-11 03:29:02 
jj1 = 430, max_th = 2.940506e+00, time=2025-04-11 03:29:06 
jj1 = 233, max_th = 1.381373e+00, time=2025-04-11 03:36:09 
jj1 = 315, max_th = 2.093087e+00, time=2025-04-11 03:36:28 
jj1 = 278, max_th = 1.420289e+00, time=2025-04-11 03:38:52 
jj1 = 392, max_th = 2.176114e+00, time=2025-04-11 03:40:11 
jj1 = 121, max_th = 2.198035e+00, time=2025-04-11 03:43:11 
jj1 = 160, max_th = 1.709158e+00, time=2025-04-11 03:43:35 
jj1 = 429, max_th = 1.551545e+00, time=2025-04-11 03:45:49 
jj1 = 198, max_th = 1.990274e+00, time=2025-04-11 03:46:47 
jj1 = 353, max_th = 1.235062e+00, time=2025-04-11 03:47:26 
jj1 = 504, max_th = 1.889469e+00, time=2025-04-11 03:47:58 
jj1 = 471, max_th = 1.823245e+00, time=2025-04-11 03:48:05 
jj1 = 232, max_th = 1.367145e+00, time=2025-04-11 03:49:02 
jj1 = 391, max_th = 1.398542e+00, time=2025-04-11 03:50:43 
jj1 = 81, max_th = 1.983613e+00, time=2025-04-11 03:52:26 
jj1 = 80, max_th = 1.128786e+00, time=2025-04-11 03:57:57 
jj1 = 277, max_th = 2.328940e+00, time=2025-04-11 03:59:24 
jj1 = 503, max_th = 2.712962e+00, time=2025-04-11 04:01:22 
jj1 = 314, max_th = 2.263861e+00, time=2025-04-11 04:03:51 
jj1 = 197, max_th = 1.610497e+00, time=2025-04-11 04:06:06 
jj1 = 159, max_th = 1.759957e+00, time=2025-04-11 04:06:32 
jj1 = 158, max_th = 3.349309e+00, time=2025-04-11 04:08:03 
jj1 = 428, max_th = 2.195053e+00, time=2025-04-11 04:09:12 
jj1 = 352, max_th = 1.470903e+00, time=2025-04-11 04:09:49 
jj1 = 196, max_th = 9.846167e-01, time=2025-04-11 04:12:46 
jj1 = 79, max_th = 1.682878e+00, time=2025-04-11 04:15:31 
jj1 = 502, max_th = 1.506278e+00, time=2025-04-11 04:15:41 
jj1 = 390, max_th = 1.629963e+00, time=2025-04-11 04:17:09 
jj1 = 276, max_th = 2.248347e+00, time=2025-04-11 04:20:17 
jj1 = 470, max_th = 2.137811e+00, time=2025-04-11 04:22:45 
jj1 = 275, max_th = 1.287435e+00, time=2025-04-11 04:31:19 
jj1 = 231, max_th = 1.341789e+00, time=2025-04-11 04:31:46 
jj1 = 313, max_th = 2.126074e+00, time=2025-04-11 04:32:46 
jj1 = 427, max_th = 1.820695e+00, time=2025-04-11 04:35:13 
jj1 = 501, max_th = 2.027525e+00, time=2025-04-11 04:35:58 
jj1 = 230, max_th = 2.896947e+00, time=2025-04-11 04:37:37 
jj1 = 389, max_th = 2.125106e+00, time=2025-04-11 04:38:28 
jj1 = 120, max_th = 1.164258e+00, time=2025-04-11 04:38:31 
jj1 = 426, max_th = 2.965530e+00, time=2025-04-11 04:40:01 
jj1 = 195, max_th = 1.930351e+00, time=2025-04-11 04:40:19 
jj1 = 78, max_th = 1.895263e+00, time=2025-04-11 04:40:39 
jj1 = 351, max_th = 1.540701e+00, time=2025-04-11 04:41:03 
jj1 = 157, max_th = 1.671841e+00, time=2025-04-11 04:44:30 
jj1 = 469, max_th = 2.263743e+00, time=2025-04-11 04:46:03 
jj1 = 119, max_th = 2.676146e+00, time=2025-04-11 04:48:32 
jj1 = 500, max_th = 1.417647e+00, time=2025-04-11 04:49:41 
jj1 = 156, max_th = 2.492527e+00, time=2025-04-11 04:55:13 
jj1 = 194, max_th = 2.614990e+00, time=2025-04-11 04:55:14 
jj1 = 118, max_th = 2.697001e+00, time=2025-04-11 04:55:18 
jj1 = 274, max_th = 1.622313e+00, time=2025-04-11 04:58:57 
jj1 = 312, max_th = 2.072316e+00, time=2025-04-11 04:59:10 
jj1 = 155, max_th = 2.873283e+00, time=2025-04-11 04:59:39 
jj1 = 350, max_th = 2.463405e+00, time=2025-04-11 05:02:26 
jj1 = 425, max_th = 2.071281e+00, time=2025-04-11 05:02:41 
jj1 = 311, max_th = 2.820059e+00, time=2025-04-11 05:02:50 
jj1 = 193, max_th = 1.123431e+00, time=2025-04-11 05:02:58 
jj1 = 499, max_th = 1.372622e+00, time=2025-04-11 05:03:28 
jj1 = 388, max_th = 2.324336e+00, time=2025-04-11 05:05:35 
jj1 = 117, max_th = 2.603473e+00, time=2025-04-11 05:05:52 
jj1 = 229, max_th = 1.954831e+00, time=2025-04-11 05:06:33 
jj1 = 468, max_th = 1.517315e+00, time=2025-04-11 05:09:08 
jj1 = 273, max_th = 2.530882e+00, time=2025-04-11 05:11:32 
jj1 = 77, max_th = 1.768367e+00, time=2025-04-11 05:12:10 
jj1 = 228, max_th = 1.016329e+00, time=2025-04-11 05:13:56 
jj1 = 349, max_th = 1.432958e+00, time=2025-04-11 05:18:17 
jj1 = 116, max_th = 2.339208e+00, time=2025-04-11 05:20:07 
jj1 = 467, max_th = 2.493200e+00, time=2025-04-11 05:21:38 
jj1 = 310, max_th = 1.656770e+00, time=2025-04-11 05:22:16 
jj1 = 387, max_th = 2.381215e+00, time=2025-04-11 05:24:58 
jj1 = 498, max_th = 2.012070e+00, time=2025-04-11 05:28:13 
jj1 = 466, max_th = 2.686035e+00, time=2025-04-11 05:28:37 
jj1 = 192, max_th = 1.600876e+00, time=2025-04-11 05:31:21 
jj1 = 272, max_th = 2.373863e+00, time=2025-04-11 05:32:21 
jj1 = 227, max_th = 1.661435e+00, time=2025-04-11 05:32:51 
jj1 = 348, max_th = 1.474823e+00, time=2025-04-11 05:34:37 
jj1 = 226, max_th = 8.965773e-01, time=2025-04-11 05:36:19 
jj1 = 497, max_th = 1.141175e+00, time=2025-04-11 05:37:36 
jj1 = 424, max_th = 2.314796e+00, time=2025-04-11 05:38:45 
jj1 = 76, max_th = 2.015576e+00, time=2025-04-11 05:38:55 
jj1 = 154, max_th = 2.962062e+00, time=2025-04-11 05:39:38 
jj1 = 309, max_th = 2.178278e+00, time=2025-04-11 05:41:55 
jj1 = 386, max_th = 1.502051e+00, time=2025-04-11 05:43:57 
jj1 = 347, max_th = 1.455448e+00, time=2025-04-11 05:50:03 
jj1 = 115, max_th = 2.130811e+00, time=2025-04-11 05:50:37 
jj1 = 496, max_th = 2.615771e+00, time=2025-04-11 05:50:40 
jj1 = 153, max_th = 1.351602e+00, time=2025-04-11 05:52:22 
jj1 = 152, max_th = 4.132477e-01, time=2025-04-11 05:52:49 
jj1 = 385, max_th = 2.641478e+00, time=2025-04-11 05:52:57 
jj1 = 423, max_th = 1.579519e+00, time=2025-04-11 05:53:20 
jj1 = 75, max_th = 2.159481e+00, time=2025-04-11 05:55:14 
jj1 = 225, max_th = 1.360133e+00, time=2025-04-11 05:55:38 
jj1 = 114, max_th = 2.857384e+00, time=2025-04-11 05:56:08 
jj1 = 465, max_th = 1.953398e+00, time=2025-04-11 05:56:21 
jj1 = 191, max_th = 1.916147e+00, time=2025-04-11 05:57:19 
jj1 = 271, max_th = 2.069788e+00, time=2025-04-11 06:01:34 
jj1 = 384, max_th = 2.559586e+00, time=2025-04-11 06:04:17 
jj1 = 308, max_th = 2.185246e+00, time=2025-04-11 06:05:28 
jj1 = 224, max_th = 1.383882e+00, time=2025-04-11 06:05:35 
jj1 = 113, max_th = 2.511152e+00, time=2025-04-11 06:08:53 
jj1 = 346, max_th = 2.534192e+00, time=2025-04-11 06:09:41 
jj1 = 495, max_th = 2.130008e+00, time=2025-04-11 06:13:51 
jj1 = 74, max_th = 1.633293e+00, time=2025-04-11 06:14:14 
jj1 = 190, max_th = 2.386725e+00, time=2025-04-11 06:14:45 
jj1 = 464, max_th = 1.704795e+00, time=2025-04-11 06:14:58 
jj1 = 189, max_th = 9.261937e-01, time=2025-04-11 06:16:35 
jj1 = 151, max_th = 1.886013e+00, time=2025-04-11 06:18:14 
jj1 = 383, max_th = 2.334442e+00, time=2025-04-11 06:18:17 
jj1 = 422, max_th = 1.992639e+00, time=2025-04-11 06:19:42 
jj1 = 345, max_th = 2.580584e+00, time=2025-04-11 06:21:27 
jj1 = 307, max_th = 2.530358e+00, time=2025-04-11 06:23:31 
jj1 = 270, max_th = 1.792572e+00, time=2025-04-11 06:25:13 
jj1 = 494, max_th = 2.716446e+00, time=2025-04-11 06:25:33 
jj1 = 223, max_th = 1.794267e+00, time=2025-04-11 06:26:51 
jj1 = 73, max_th = 2.306561e+00, time=2025-04-11 06:30:04 
jj1 = 421, max_th = 1.162743e+00, time=2025-04-11 06:30:05 
jj1 = 463, max_th = 1.534290e+00, time=2025-04-11 06:34:36 
jj1 = 188, max_th = 2.198888e+00, time=2025-04-11 06:34:56 
jj1 = 382, max_th = 2.000505e+00, time=2025-04-11 06:35:40 
jj1 = 150, max_th = 1.532273e+00, time=2025-04-11 06:36:44 
jj1 = 112, max_th = 2.367147e+00, time=2025-04-11 06:37:11 
jj1 = 493, max_th = 1.471309e+00, time=2025-04-11 06:40:50 
jj1 = 344, max_th = 2.062984e+00, time=2025-04-11 06:45:22 
jj1 = 269, max_th = 1.537081e+00, time=2025-04-11 06:45:53 
jj1 = 381, max_th = -1.151764e+00, time=2025-04-11 06:46:18 
jj1 = 72, max_th = 2.426417e+00, time=2025-04-11 06:47:23 
jj1 = 222, max_th = 2.310393e+00, time=2025-04-11 06:48:50 
jj1 = 306, max_th = 2.137396e+00, time=2025-04-11 06:48:58 
jj1 = 187, max_th = 2.810011e+00, time=2025-04-11 06:49:57 
jj1 = 420, max_th = 1.962214e+00, time=2025-04-11 06:50:46 
jj1 = 111, max_th = 2.380781e+00, time=2025-04-11 06:55:07 
jj1 = 462, max_th = 2.478583e+00, time=2025-04-11 06:55:56 
jj1 = 71, max_th = 1.423352e+00, time=2025-04-11 06:58:38 
jj1 = 492, max_th = 1.831794e+00, time=2025-04-11 07:01:17 
jj1 = 419, max_th = 2.526179e+00, time=2025-04-11 07:05:22 
jj1 = 149, max_th = 1.876225e+00, time=2025-04-11 07:05:49 
jj1 = 380, max_th = 1.757592e+00, time=2025-04-11 07:06:15 
jj1 = 221, max_th = 2.219168e+00, time=2025-04-11 07:08:19 
jj1 = 186, max_th = 1.208469e+00, time=2025-04-11 07:10:00 
jj1 = 268, max_th = 2.318463e+00, time=2025-04-11 07:10:14 
jj1 = 343, max_th = 2.309640e+00, time=2025-04-11 07:10:45 
jj1 = 379, max_th = 2.757106e+00, time=2025-04-11 07:10:52 
jj1 = 491, max_th = 1.388304e+00, time=2025-04-11 07:11:44 
jj1 = 220, max_th = 9.659003e-01, time=2025-04-11 07:12:12 
jj1 = 110, max_th = 1.782850e+00, time=2025-04-11 07:12:29 
jj1 = 461, max_th = 2.486289e+00, time=2025-04-11 07:13:58 
jj1 = 70, max_th = 1.555173e+00, time=2025-04-11 07:19:15 
jj1 = 305, max_th = 1.923358e+00, time=2025-04-11 07:20:30 
jj1 = 69, max_th = 9.309683e-01, time=2025-04-11 07:21:46 
jj1 = 185, max_th = 2.150550e+00, time=2025-04-11 07:26:26 
jj1 = 378, max_th = 2.212387e+00, time=2025-04-11 07:26:43 
jj1 = 148, max_th = 2.713117e+00, time=2025-04-11 07:29:41 
jj1 = 490, max_th = 1.564433e+00, time=2025-04-11 07:30:25 
jj1 = 219, max_th = 2.324327e+00, time=2025-04-11 07:30:46 
jj1 = 109, max_th = 1.787983e+00, time=2025-04-11 07:31:34 
jj1 = 267, max_th = 2.037413e+00, time=2025-04-11 07:31:47 
jj1 = 304, max_th = 2.150842e+00, time=2025-04-11 07:36:37 
jj1 = 418, max_th = 2.173498e+00, time=2025-04-11 07:37:46 
jj1 = 460, max_th = 1.768330e+00, time=2025-04-11 07:38:34 
jj1 = 147, max_th = 2.505509e+00, time=2025-04-11 07:39:03 
jj1 = 303, max_th = 3.131708e+00, time=2025-04-11 07:39:45 
jj1 = 568, max_th = 2.662802e+00, time=2025-04-11 07:39:47 
jj1 = 377, max_th = 1.575413e+00, time=2025-04-11 07:40:08 
jj1 = 342, max_th = 2.030625e+00, time=2025-04-11 07:40:35 
jj1 = 68, max_th = 1.997240e+00, time=2025-04-11 07:41:18 
jj1 = 459, max_th = 3.144511e+00, time=2025-04-11 07:41:27 
jj1 = 266, max_th = 1.472590e+00, time=2025-04-11 07:47:11 
jj1 = 218, max_th = 2.251109e+00, time=2025-04-11 07:49:09 
jj1 = 302, max_th = 1.261955e+00, time=2025-04-11 07:51:01 
jj1 = 458, max_th = 1.056096e+00, time=2025-04-11 07:52:57 
jj1 = 108, max_th = 2.137501e+00, time=2025-04-11 07:53:50 
jj1 = 265, max_th = 2.600190e+00, time=2025-04-11 07:54:03 
jj1 = 184, max_th = 1.449627e+00, time=2025-04-11 07:54:04 
jj1 = 567, max_th = 2.476928e+00, time=2025-04-11 07:56:11 
jj1 = 341, max_th = 1.893145e+00, time=2025-04-11 08:01:13 
jj1 = 417, max_th = 2.127089e+00, time=2025-04-11 08:04:24 
jj1 = 67, max_th = 2.374876e+00, time=2025-04-11 08:05:37 
jj1 = 376, max_th = 2.079567e+00, time=2025-04-11 08:06:01 
jj1 = 301, max_th = 2.616559e+00, time=2025-04-11 08:06:39 
jj1 = 217, max_th = 1.765564e+00, time=2025-04-11 08:08:23 
jj1 = 146, max_th = 2.171471e+00, time=2025-04-11 08:12:36 
jj1 = 375, max_th = 1.124685e+00, time=2025-04-11 08:12:41 
jj1 = 66, max_th = 2.683186e+00, time=2025-04-11 08:14:10 
jj1 = 264, max_th = 1.900896e+00, time=2025-04-11 08:14:39 
jj1 = 107, max_th = 1.691610e+00, time=2025-04-11 08:14:54 
jj1 = 416, max_th = 2.649428e+00, time=2025-04-11 08:17:08 
jj1 = 457, max_th = 2.272694e+00, time=2025-04-11 08:18:07 
jj1 = 263, max_th = 1.101506e+00, time=2025-04-11 08:18:34 
jj1 = 566, max_th = 2.008126e+00, time=2025-04-11 08:18:55 
jj1 = 183, max_th = 1.890057e+00, time=2025-04-11 08:19:15 
jj1 = 300, max_th = 1.519082e+00, time=2025-04-11 08:19:15 
jj1 = 374, max_th = 2.666827e+00, time=2025-04-11 08:22:11 
jj1 = 548, max_th = 1.486434e+00, time=2025-04-11 08:22:13 
jj1 = 565, max_th = 9.748586e-01, time=2025-04-11 08:24:45 
jj1 = 65, max_th = 2.568472e+00, time=2025-04-11 08:24:48 
jj1 = 340, max_th = 2.190590e+00, time=2025-04-11 08:28:06 
jj1 = 145, max_th = 2.377146e+00, time=2025-04-11 08:29:34 
jj1 = 106, max_th = 2.260360e+00, time=2025-04-11 08:29:37 
jj1 = 144, max_th = -1.831332e-01, time=2025-04-11 08:30:22 
jj1 = 373, max_th = 2.344387e+00, time=2025-04-11 08:31:19 
jj1 = 105, max_th = 3.221847e+00, time=2025-04-11 08:31:25 
jj1 = 547, max_th = 1.284114e+00, time=2025-04-11 08:33:15 
jj1 = 182, max_th = 2.408284e+00, time=2025-04-11 08:35:37 
jj1 = 64, max_th = 2.540909e+00, time=2025-04-11 08:39:08 
jj1 = 104, max_th = 2.859783e+00, time=2025-04-11 08:39:11 
jj1 = 564, max_th = 2.366044e+00, time=2025-04-11 08:40:20 
jj1 = 143, max_th = 1.190425e+00, time=2025-04-11 08:40:31 
jj1 = 456, max_th = 1.841142e+00, time=2025-04-11 08:43:29 
jj1 = 339, max_th = 2.200494e+00, time=2025-04-11 08:45:04 
jj1 = 181, max_th = 2.664672e+00, time=2025-04-11 08:45:05 
jj1 = 563, max_th = 1.119825e+00, time=2025-04-11 08:46:11 
jj1 = 63, max_th = 1.286233e+00, time=2025-04-11 08:46:25 
jj1 = 415, max_th = 2.132509e+00, time=2025-04-11 08:47:26 
jj1 = 299, max_th = 1.779377e+00, time=2025-04-11 08:48:03 
jj1 = 103, max_th = 2.590338e+00, time=2025-04-11 08:48:46 
jj1 = 62, max_th = 1.027572e+00, time=2025-04-11 08:51:59 
jj1 = 262, max_th = 2.074207e+00, time=2025-04-11 08:53:22 
jj1 = 728, max_th = 2.070615e+00, time=2025-04-11 08:53:52 
jj1 = 546, max_th = 1.720962e+00, time=2025-04-11 08:54:05 
jj1 = 142, max_th = 2.377756e+00, time=2025-04-11 08:57:27 
jj1 = 338, max_th = 1.422089e+00, time=2025-04-11 08:59:39 
jj1 = 455, max_th = 2.260253e+00, time=2025-04-11 09:02:31 
jj1 = 545, max_th = 2.691717e+00, time=2025-04-11 09:02:42 
jj1 = 61, max_th = 1.384388e+00, time=2025-04-11 09:03:18 
jj1 = 727, max_th = 1.453032e+00, time=2025-04-11 09:06:01 
jj1 = 562, max_th = 2.473078e+00, time=2025-04-11 09:07:25 
jj1 = 608, max_th = 3.107197e+00, time=2025-04-11 09:07:57 
jj1 = 180, max_th = 2.054803e+00, time=2025-04-11 09:08:32 
jj1 = 102, max_th = 2.272388e+00, time=2025-04-11 09:09:46 
jj1 = 414, max_th = 1.632728e+00, time=2025-04-11 09:09:47 
jj1 = 261, max_th = 1.393113e+00, time=2025-04-11 09:10:43 
jj1 = 298, max_th = 1.877348e+00, time=2025-04-11 09:12:16 
jj1 = 141, max_th = 1.700329e+00, time=2025-04-11 09:14:56 
jj1 = 260, max_th = 9.256549e-01, time=2025-04-11 09:17:01 
jj1 = 544, max_th = 2.303448e+00, time=2025-04-11 09:17:20 
jj1 = 607, max_th = 1.005844e+00, time=2025-04-11 09:18:48 
jj1 = 454, max_th = 1.594137e+00, time=2025-04-11 09:21:14 
jj1 = 259, max_th = 3.020538e+00, time=2025-04-11 09:22:06 
jj1 = 337, max_th = 2.239423e+00, time=2025-04-11 09:24:27 
jj1 = 413, max_th = 2.211654e+00, time=2025-04-11 09:26:02 
jj1 = 561, max_th = 1.693546e+00, time=2025-04-11 09:26:21 
jj1 = 726, max_th = 1.982876e+00, time=2025-04-11 09:30:17 
jj1 = 297, max_th = 2.323610e+00, time=2025-04-11 09:35:06 
jj1 = 543, max_th = 1.692275e+00, time=2025-04-11 09:35:40 
jj1 = 725, max_th = 1.033903e+00, time=2025-04-11 09:37:00 
jj1 = 606, max_th = 1.689614e+00, time=2025-04-11 09:37:30 
jj1 = 140, max_th = 1.806393e+00, time=2025-04-11 09:38:26 
jj1 = 296, max_th = 2.927818e+00, time=2025-04-11 09:38:33 
jj1 = 179, max_th = 1.812400e+00, time=2025-04-11 09:39:27 
jj1 = 560, max_th = 1.510415e+00, time=2025-04-11 09:39:51 
jj1 = 258, max_th = 2.313070e+00, time=2025-04-11 09:40:33 
jj1 = 453, max_th = 2.281863e+00, time=2025-04-11 09:41:18 
jj1 = 101, max_th = 2.332834e+00, time=2025-04-11 09:42:18 
jj1 = 452, max_th = 3.222606e+00, time=2025-04-11 09:43:02 
jj1 = 412, max_th = 2.526925e+00, time=2025-04-11 09:48:55 
jj1 = 178, max_th = 1.244562e+00, time=2025-04-11 09:50:32 
jj1 = 336, max_th = 1.350321e-01, time=2025-04-11 09:57:26 
jj1 = 542, max_th = 1.957267e+00, time=2025-04-11 09:58:58 
jj1 = 451, max_th = 1.648514e+00, time=2025-04-11 10:00:27 
jj1 = 559, max_th = 1.622372e+00, time=2025-04-11 10:01:21 
jj1 = 605, max_th = 1.862772e+00, time=2025-04-11 10:01:23 
jj1 = 257, max_th = 1.678015e+00, time=2025-04-11 10:01:42 
jj1 = 139, max_th = 1.892836e+00, time=2025-04-11 10:03:57 
jj1 = 708, max_th = 1.426350e+00, time=2025-04-11 10:04:16 
jj1 = 724, max_th = 3.635446e+00, time=2025-04-11 10:04:35 
jj1 = 295, max_th = 2.045326e+00, time=2025-04-11 10:05:32 
jj1 = 688, max_th = 1.902839e+00, time=2025-04-11 10:08:10 
jj1 = 100, max_th = 1.931291e+00, time=2025-04-11 10:08:55 
jj1 = 335, max_th = 1.401528e+00, time=2025-04-11 10:13:50 
jj1 = 748, max_th = 1.375225e+00, time=2025-04-11 10:14:46 
jj1 = 334, max_th = 3.369860e+00, time=2025-04-11 10:15:02 
jj1 = 687, max_th = 1.095283e+00, time=2025-04-11 10:15:36 
jj1 = 686, max_th = 3.831310e-01, time=2025-04-11 10:17:20 
jj1 = 604, max_th = 1.577531e+00, time=2025-04-11 10:17:26 
jj1 = 668, max_th = 2.627556e+00, time=2025-04-11 10:17:59 
jj1 = 558, max_th = 1.605917e+00, time=2025-04-11 10:18:11 
jj1 = 588, max_th = 2.521059e+00, time=2025-04-11 10:18:22 
jj1 = 628, max_th = 2.784213e+00, time=2025-04-11 10:21:57 
jj1 = 667, max_th = 1.015275e+00, time=2025-04-11 10:22:09 
jj1 = 723, max_th = 2.310118e+00, time=2025-04-11 10:22:58 
jj1 = 685, max_th = 2.806909e+00, time=2025-04-11 10:23:43 
jj1 = 707, max_th = 1.763391e+00, time=2025-04-11 10:26:49 
jj1 = 557, max_th = 1.294192e+00, time=2025-04-11 10:27:38 
jj1 = 256, max_th = 2.068104e+00, time=2025-04-11 10:28:39 
jj1 = 541, max_th = 2.043245e+00, time=2025-04-11 10:29:33 
jj1 = 768, max_th = 2.359871e+00, time=2025-04-11 10:32:28 
jj1 = 706, max_th = 2.713419e+00, time=2025-04-11 10:36:31 
jj1 = 603, max_th = 2.126167e+00, time=2025-04-11 10:37:07 
jj1 = 587, max_th = 1.661792e+00, time=2025-04-11 10:38:28 
jj1 = 684, max_th = 2.462427e+00, time=2025-04-11 10:42:10 
jj1 = 666, max_th = 1.727349e+00, time=2025-04-11 10:42:54 
jj1 = 627, max_th = 1.490232e+00, time=2025-04-11 10:45:39 
jj1 = 540, max_th = 2.471323e+00, time=2025-04-11 10:50:07 
jj1 = 683, max_th = 2.695448e+00, time=2025-04-11 10:50:14 
jj1 = 648, max_th = 2.366876e+00, time=2025-04-11 10:51:17 
jj1 = 539, max_th = 5.926591e-01, time=2025-04-11 10:51:52 
jj1 = 747, max_th = 1.927451e+00, time=2025-04-11 10:52:55 
jj1 = 586, max_th = 1.475748e+00, time=2025-04-11 10:54:11 
jj1 = 556, max_th = 2.153888e+00, time=2025-04-11 10:57:14 
jj1 = 767, max_th = 1.987966e+00, time=2025-04-11 10:57:34 
jj1 = 602, max_th = 2.046142e+00, time=2025-04-11 10:57:40 
jj1 = 722, max_th = 2.317724e+00, time=2025-04-11 10:58:01 
jj1 = 626, max_th = 2.664752e+00, time=2025-04-11 11:02:10 
jj1 = 705, max_th = 2.170453e+00, time=2025-04-11 11:02:59 
jj1 = 721, max_th = 9.233069e-01, time=2025-04-11 11:05:03 
jj1 = 585, max_th = 2.330105e+00, time=2025-04-11 11:08:42 
jj1 = 555, max_th = 1.586066e+00, time=2025-04-11 11:09:18 
jj1 = 665, max_th = 2.187074e+00, time=2025-04-11 11:10:49 
jj1 = 538, max_th = 1.943253e+00, time=2025-04-11 11:12:06 
jj1 = 647, max_th = 1.902060e+00, time=2025-04-11 11:12:25 
jj1 = 601, max_th = 2.347219e+00, time=2025-04-11 11:13:59 
jj1 = 746, max_th = 2.530726e+00, time=2025-04-11 11:15:10 
jj1 = 682, max_th = 2.138759e+00, time=2025-04-11 11:17:18 
jj1 = 704, max_th = 1.730721e+00, time=2025-04-11 11:17:58 
jj1 = 766, max_th = 1.833076e+00, time=2025-04-11 11:18:15 
jj1 = 584, max_th = 2.530698e+00, time=2025-04-11 11:24:26 
jj1 = 720, max_th = 1.710652e+00, time=2025-04-11 11:26:07 
jj1 = 625, max_th = 1.736503e+00, time=2025-04-11 11:26:29 
jj1 = 537, max_th = 1.741148e+00, time=2025-04-11 11:29:03 
jj1 = 664, max_th = 2.135145e+00, time=2025-04-11 11:32:50 
jj1 = 583, max_th = 2.719947e+00, time=2025-04-11 11:32:54 
jj1 = 765, max_th = 1.953883e+00, time=2025-04-11 11:34:24 
jj1 = 703, max_th = 2.479304e+00, time=2025-04-11 11:38:00 
jj1 = 600, max_th = 2.177314e+00, time=2025-04-11 11:38:51 
jj1 = 582, max_th = 3.157919e+00, time=2025-04-11 11:38:55 
jj1 = 646, max_th = 2.007240e+00, time=2025-04-11 11:40:00 
jj1 = 745, max_th = 2.287345e+00, time=2025-04-11 11:41:43 
jj1 = 719, max_th = 2.241621e+00, time=2025-04-11 11:43:35 
jj1 = 663, max_th = 2.584624e+00, time=2025-04-11 11:45:12 
jj1 = 718, max_th = 3.265682e+00, time=2025-04-11 11:45:44 
jj1 = 744, max_th = 2.807266e+00, time=2025-04-11 11:48:19 
jj1 = 645, max_th = 8.261290e-01, time=2025-04-11 11:49:38 
jj1 = 624, max_th = 1.954610e+00, time=2025-04-11 11:50:24 
jj1 = 581, max_th = 2.964940e+00, time=2025-04-11 11:52:04 
jj1 = 554, max_th = 1.748333e+00, time=2025-04-11 11:52:25 
jj1 = 764, max_th = 1.548302e+00, time=2025-04-11 11:54:20 
jj1 = 553, max_th = 1.409320e+00, time=2025-04-11 11:55:34 
jj1 = 536, max_th = 1.978727e+00, time=2025-04-11 11:55:41 
jj1 = 717, max_th = 2.547218e+00, time=2025-04-11 11:57:17 
jj1 = 743, max_th = 2.735043e+00, time=2025-04-11 12:00:58 
jj1 = 702, max_th = 2.414904e+00, time=2025-04-11 12:01:45 
jj1 = 599, max_th = 2.389158e+00, time=2025-04-11 12:01:51 
jj1 = 742, max_th = 3.032215e+00, time=2025-04-11 12:04:00 
jj1 = 644, max_th = 1.609955e+00, time=2025-04-11 12:04:42 
jj1 = 681, max_th = 2.285319e+00, time=2025-04-11 12:09:08 
jj1 = 701, max_th = 1.102481e+00, time=2025-04-11 12:10:39 
jj1 = 662, max_th = 2.011072e+00, time=2025-04-11 12:13:04 
jj1 = 741, max_th = 8.417562e-01, time=2025-04-11 12:13:28 
jj1 = 598, max_th = 2.558669e+00, time=2025-04-11 12:13:40 
jj1 = 763, max_th = 2.018490e+00, time=2025-04-11 12:15:48 
jj1 = 535, max_th = 1.931132e+00, time=2025-04-11 12:17:43 
jj1 = 716, max_th = 2.246322e+00, time=2025-04-11 12:18:01 
jj1 = 623, max_th = 2.113907e+00, time=2025-04-11 12:19:48 
jj1 = 643, max_th = 1.674396e+00, time=2025-04-11 12:28:04 
jj1 = 700, max_th = 2.496072e+00, time=2025-04-11 12:29:08 
jj1 = 597, max_th = 2.245806e+00, time=2025-04-11 12:30:49 
jj1 = 680, max_th = 1.525210e+00, time=2025-04-11 12:32:36 
jj1 = 679, max_th = 1.345317e+00, time=2025-04-11 12:35:48 
jj1 = 580, max_th = 1.717795e+00, time=2025-04-11 12:36:00 
jj1 = 661, max_th = 1.966354e+00, time=2025-04-11 12:36:26 
jj1 = 715, max_th = 2.366104e+00, time=2025-04-11 12:36:26 
jj1 = 534, max_th = 2.163220e+00, time=2025-04-11 12:36:55 
jj1 = 642, max_th = 2.595367e+00, time=2025-04-11 12:37:15 
jj1 = 678, max_th = 2.849449e+00, time=2025-04-11 12:38:04 
jj1 = 762, max_th = 1.680613e+00, time=2025-04-11 12:38:56 
jj1 = 596, max_th = 2.350630e+00, time=2025-04-11 12:42:23 
jj1 = 714, max_th = 1.212649e+00, time=2025-04-11 12:44:26 
jj1 = 552, max_th = 1.962980e+00, time=2025-04-11 12:44:39 
jj1 = 660, max_th = 1.251988e+00, time=2025-04-11 12:45:22 
jj1 = 622, max_th = 1.884994e+00, time=2025-04-11 12:46:39 
jj1 = 579, max_th = 1.541737e+00, time=2025-04-11 12:49:41 
jj1 = 713, max_th = 3.921654e+00, time=2025-04-11 12:50:22 
jj1 = 699, max_th = 1.996795e+00, time=2025-04-11 12:54:20 
jj1 = 659, max_th = 3.086334e+00, time=2025-04-11 12:54:44 
jj1 = 740, max_th = 2.056375e+00, time=2025-04-11 12:54:56 
jj1 = 533, max_th = 2.138610e+00, time=2025-04-11 12:56:40 
jj1 = 677, max_th = 2.422217e+00, time=2025-04-11 12:58:26 
jj1 = 761, max_th = 1.787339e+00, time=2025-04-11 13:00:35 
jj1 = 698, max_th = 2.965554e+00, time=2025-04-11 13:00:39 
jj1 = 641, max_th = 1.710396e+00, time=2025-04-11 13:00:52 
jj1 = 595, max_th = 1.906326e+00, time=2025-04-11 13:02:59 
jj1 = 621, max_th = 2.082136e+00, time=2025-04-11 13:03:41 
jj1 = 760, max_th = 2.779774e+00, time=2025-04-11 13:07:12 
jj1 = 551, max_th = 1.968127e+00, time=2025-04-11 13:08:01 
jj1 = 640, max_th = 2.827920e+00, time=2025-04-11 13:08:34 
jj1 = 578, max_th = 2.129948e+00, time=2025-04-11 13:09:22 
jj1 = 712, max_th = 2.209253e+00, time=2025-04-11 13:09:27 
jj1 = 739, max_th = 1.487333e+00, time=2025-04-11 13:14:07 
jj1 = 658, max_th = 1.514407e+00, time=2025-04-11 13:14:10 
jj1 = 594, max_th = 2.591330e+00, time=2025-04-11 13:15:46 
jj1 = 620, max_th = 2.400861e+00, time=2025-04-11 13:16:25 
jj1 = 738, max_th = 7.136468e-01, time=2025-04-11 13:18:12 
jj1 = 676, max_th = 1.909552e+00, time=2025-04-11 13:20:13 
jj1 = 577, max_th = 2.562835e+00, time=2025-04-11 13:20:54 
jj1 = 697, max_th = 1.915845e+00, time=2025-04-11 13:22:40 
jj1 = 532, max_th = 2.135851e+00, time=2025-04-11 13:24:48 
jj1 = 711, max_th = 1.957434e+00, time=2025-04-11 13:29:43 
jj1 = 759, max_th = 1.918637e+00, time=2025-04-11 13:32:16 
jj1 = 657, max_th = 2.320848e+00, time=2025-04-11 13:32:41 
jj1 = 550, max_th = 1.612744e+00, time=2025-04-11 13:33:26 
jj1 = 639, max_th = 2.023135e+00, time=2025-04-11 13:33:52 
jj1 = 593, max_th = 1.693633e+00, time=2025-04-11 13:34:25 
jj1 = 619, max_th = 2.167095e+00, time=2025-04-11 13:35:55 
jj1 = 696, max_th = 2.358658e+00, time=2025-04-11 13:36:07 
jj1 = 656, max_th = 8.210980e-01, time=2025-04-11 13:37:05 
jj1 = 576, max_th = 2.298089e+00, time=2025-04-11 13:37:42 
jj1 = 549, max_th = 2.777434e+00, time=2025-04-11 13:41:04 
jj1 = 737, max_th = 1.848362e+00, time=2025-04-11 13:44:57 
jj1 = 710, max_th = 2.336482e+00, time=2025-04-11 13:45:46 
jj1 = 675, max_th = 2.902519e+00, time=2025-04-11 13:47:08 
jj1 = 638, max_th = 1.136492e+00, time=2025-04-11 13:47:28 
jj1 = 531, max_th = 2.146162e+00, time=2025-04-11 13:50:12 
jj1 = 758, max_th = 2.103810e+00, time=2025-04-11 13:51:36 
jj1 = 592, max_th = 2.302830e+00, time=2025-04-11 13:52:27 
jj1 = 618, max_th = 2.640903e+00, time=2025-04-11 13:53:10 
jj1 = 575, max_th = 2.305387e+00, time=2025-04-11 13:53:56 
jj1 = 674, max_th = 1.195410e+00, time=2025-04-11 13:54:58 
jj1 = 695, max_th = 1.987560e+00, time=2025-04-11 13:58:03 
jj1 = 673, max_th = 3.055751e+00, time=2025-04-11 13:59:03 
jj1 = 778, max_th = 1.581175e+00, time=2025-04-11 14:00:39 
jj1 = 655, max_th = 2.201014e+00, time=2025-04-11 14:01:27 
jj1 = 736, max_th = 2.492677e+00, time=2025-04-11 14:03:41 
jj1 = 735, max_th = 2.944347e+00, time=2025-04-11 14:05:11 
jj1 = 709, max_th = 1.852805e+00, time=2025-04-11 14:05:13 
jj1 = 530, max_th = 2.282755e+00, time=2025-04-11 14:08:18 
jj1 = 734, max_th = 2.806104e+00, time=2025-04-11 14:12:06 
jj1 = 694, max_th = 2.217733e+00, time=2025-04-11 14:13:42 
jj1 = 574, max_th = 1.642209e+00, time=2025-04-11 14:14:07 
jj1 = 591, max_th = 1.927821e+00, time=2025-04-11 14:14:17 
jj1 = 757, max_th = 2.219918e+00, time=2025-04-11 14:15:28 
jj1 = 777, max_th = 1.547069e+00, time=2025-04-11 14:15:56 
jj1 = 617, max_th = 2.413888e+00, time=2025-04-11 14:16:03 
jj1 = 590, max_th = 2.701482e+00, time=2025-04-11 14:21:59 
jj1 = 637, max_th = 2.004662e+00, time=2025-04-11 14:24:29 
jj1 = 693, max_th = 2.875171e+00, time=2025-04-11 14:25:02 
jj1 = 733, max_th = 1.315172e+00, time=2025-04-11 14:27:35 
jj1 = 798, max_th = 2.264275e+00, time=2025-04-11 14:31:12 
jj1 = 654, max_th = 1.986693e+00, time=2025-04-11 14:31:14 
jj1 = 756, max_th = 1.390622e+00, time=2025-04-11 14:31:31 
jj1 = 616, max_th = 2.281301e+00, time=2025-04-11 14:31:59 
jj1 = 529, max_th = 1.765808e+00, time=2025-04-11 14:32:48 
jj1 = 672, max_th = 2.126133e+00, time=2025-04-11 14:33:36 
jj1 = 671, max_th = 3.038767e+00, time=2025-04-11 14:37:56 
jj1 = 692, max_th = 1.323615e+00, time=2025-04-11 14:38:44 
jj1 = 573, max_th = 2.024418e+00, time=2025-04-11 14:39:32 
jj1 = 776, max_th = 1.386095e+00, time=2025-04-11 14:42:11 
jj1 = 775, max_th = 3.298362e+00, time=2025-04-11 14:43:09 
jj1 = 670, max_th = 2.795035e+00, time=2025-04-11 14:43:51 
jj1 = 755, max_th = 1.084001e+00, time=2025-04-11 14:43:54 
jj1 = 615, max_th = 2.762094e+00, time=2025-04-11 14:45:46 
jj1 = 636, max_th = 2.060472e+00, time=2025-04-11 14:48:35 
jj1 = 653, max_th = 1.647051e+00, time=2025-04-11 14:49:29 
jj1 = 589, max_th = 1.575333e+00, time=2025-04-11 14:49:51 
jj1 = 788, max_th = 2.411842e+00, time=2025-04-11 14:51:24 
jj1 = 732, max_th = 1.767438e+00, time=2025-04-11 14:52:53 
jj1 = 652, max_th = 7.761639e-01, time=2025-04-11 14:53:07 
jj1 = 572, max_th = 1.463718e+00, time=2025-04-11 14:55:06 
jj1 = 635, max_th = 2.898897e+00, time=2025-04-11 14:55:30 
jj1 = 731, max_th = 6.754745e-01, time=2025-04-11 14:56:30 
jj1 = 797, max_th = 2.018524e+00, time=2025-04-11 14:57:27 
jj1 = 808, max_th = 1.414169e+00, time=2025-04-11 15:00:26 
jj1 = 691, max_th = 2.316151e+00, time=2025-04-11 15:00:34 
jj1 = 787, max_th = 2.547531e+00, time=2025-04-11 15:01:41 
jj1 = 669, max_th = 1.795928e+00, time=2025-04-11 15:01:50 
jj1 = 774, max_th = 1.664099e+00, time=2025-04-11 15:01:56 
jj1 = 754, max_th = 2.461912e+00, time=2025-04-11 15:02:21 
jj1 = 796, max_th = 1.927661e+00, time=2025-04-11 15:07:38 
jj1 = 651, max_th = 1.583715e+00, time=2025-04-11 15:09:20 
jj1 = 614, max_th = 1.878064e+00, time=2025-04-11 15:12:20 
jj1 = 753, max_th = 2.658038e+00, time=2025-04-11 15:13:25 
jj1 = 773, max_th = 1.547365e+00, time=2025-04-11 15:14:37 
jj1 = 818, max_th = 1.430724e+00, time=2025-04-11 15:15:17 
jj1 = 730, max_th = 1.730172e+00, time=2025-04-11 15:16:53 
jj1 = 807, max_th = 2.426740e+00, time=2025-04-11 15:17:30 
jj1 = 786, max_th = 2.476730e+00, time=2025-04-11 15:18:25 
jj1 = 634, max_th = 1.628477e+00, time=2025-04-11 15:20:23 
jj1 = 817, max_th = 2.945018e+00, time=2025-04-11 15:20:36 
jj1 = 633, max_th = 3.377748e+00, time=2025-04-11 15:21:10 
jj1 = 571, max_th = 2.614830e+00, time=2025-04-11 15:23:18 
jj1 = 650, max_th = 2.431884e+00, time=2025-04-11 15:27:27 
jj1 = 795, max_th = 1.837560e+00, time=2025-04-11 15:27:34 
jj1 = 690, max_th = 1.808878e+00, time=2025-04-11 15:29:02 
jj1 = 632, max_th = 2.669797e+00, time=2025-04-11 15:31:59 
jj1 = 752, max_th = 1.931537e+00, time=2025-04-11 15:35:20 
jj1 = 794, max_th = 2.597857e+00, time=2025-04-11 15:35:45 
jj1 = 785, max_th = 2.402611e+00, time=2025-04-11 15:35:50 
jj1 = 613, max_th = 1.682757e+00, time=2025-04-11 15:37:10 
jj1 = 570, max_th = 1.799779e+00, time=2025-04-11 15:37:33 
jj1 = 729, max_th = 2.059967e+00, time=2025-04-11 15:39:43 
jj1 = 751, max_th = 2.748867e+00, time=2025-04-11 15:41:00 
jj1 = 772, max_th = 1.687804e+00, time=2025-04-11 15:44:16 
jj1 = 793, max_th = 2.635162e+00, time=2025-04-11 15:44:47 
jj1 = 806, max_th = 2.084486e+00, time=2025-04-11 15:45:44 
jj1 = 631, max_th = 2.374031e+00, time=2025-04-11 15:47:19 
jj1 = 816, max_th = 2.064907e+00, time=2025-04-11 15:48:34 
jj1 = 649, max_th = 2.159092e+00, time=2025-04-11 15:51:27 
jj1 = 750, max_th = 2.729086e+00, time=2025-04-11 15:52:40 
jj1 = 784, max_th = 2.166412e+00, time=2025-04-11 15:55:04 
jj1 = 689, max_th = 2.037326e+00, time=2025-04-11 15:56:11 
jj1 = 569, max_th = 1.857013e+00, time=2025-04-11 15:56:35 
jj1 = 771, max_th = 1.471193e+00, time=2025-04-11 15:57:17 
jj1 = 749, max_th = 1.205762e+00, time=2025-04-11 16:01:16 
jj1 = 805, max_th = 1.431827e+00, time=2025-04-11 16:02:28 
jj1 = 838, max_th = 2.192421e+00, time=2025-04-11 16:06:12 
jj1 = 783, max_th = 1.321007e+00, time=2025-04-11 16:06:51 
jj1 = 612, max_th = 2.189286e+00, time=2025-04-11 16:08:37 
jj1 = 792, max_th = 2.087999e+00, time=2025-04-11 16:09:09 
jj1 = 611, max_th = -6.797840e-02, time=2025-04-11 16:10:03 
jj1 = 858, max_th = 1.673241e+00, time=2025-04-11 16:11:29 
jj1 = 848, max_th = 2.200771e+00, time=2025-04-11 16:12:12 
jj1 = 630, max_th = 2.046703e+00, time=2025-04-11 16:13:42 
jj1 = 828, max_th = 2.483481e+00, time=2025-04-11 16:14:11 
jj1 = 770, max_th = 2.383012e+00, time=2025-04-11 16:14:29 
jj1 = 815, max_th = 1.565876e+00, time=2025-04-11 16:16:46 
jj1 = 857, max_th = 9.512396e-01, time=2025-04-11 16:17:28 
jj1 = 804, max_th = 2.292024e+00, time=2025-04-11 16:19:45 
jj1 = 814, max_th = 9.160110e-01, time=2025-04-11 16:22:15 
jj1 = 791, max_th = 1.424108e+00, time=2025-04-11 16:22:21 
jj1 = 827, max_th = 2.501758e+00, time=2025-04-11 16:23:59 
jj1 = 868, max_th = 2.582694e+00, time=2025-04-11 16:27:00 
jj1 = 837, max_th = 1.871302e+00, time=2025-04-11 16:27:49 
jj1 = 790, max_th = 1.182226e+00, time=2025-04-11 16:28:30 
jj1 = 847, max_th = 2.210806e+00, time=2025-04-11 16:30:40 
jj1 = 629, max_th = 2.280226e+00, time=2025-04-11 16:33:24 
jj1 = 846, max_th = 3.030774e+00, time=2025-04-11 16:33:54 
jj1 = 769, max_th = 2.038243e+00, time=2025-04-11 16:36:35 
jj1 = 610, max_th = 2.020372e+00, time=2025-04-11 16:38:52 
jj1 = 867, max_th = 2.015210e+00, time=2025-04-11 16:39:55 
jj1 = 856, max_th = 2.068763e+00, time=2025-04-11 16:40:03 
jj1 = 803, max_th = 2.312901e+00, time=2025-04-11 16:41:04 
jj1 = 813, max_th = 1.951325e+00, time=2025-04-11 16:41:47 
jj1 = 782, max_th = 1.796933e+00, time=2025-04-11 16:42:50 
jj1 = 836, max_th = 2.446039e+00, time=2025-04-11 16:44:08 
jj1 = 789, max_th = 2.089923e+00, time=2025-04-11 16:49:27 
jj1 = 812, max_th = 2.725929e+00, time=2025-04-11 16:49:34 
jj1 = 845, max_th = 2.402290e+00, time=2025-04-11 16:50:50 
jj1 = 888, max_th = 1.721695e+00, time=2025-04-11 16:51:53 
jj1 = 855, max_th = 1.574545e+00, time=2025-04-11 16:52:41 
jj1 = 866, max_th = 1.753407e+00, time=2025-04-11 16:55:00 
jj1 = 826, max_th = 1.358620e+00, time=2025-04-11 16:55:08 
jj1 = 802, max_th = 2.359954e+00, time=2025-04-11 16:55:31 
jj1 = 835, max_th = 2.435283e+00, time=2025-04-11 16:58:17 
jj1 = 825, max_th = 3.354349e+00, time=2025-04-11 16:59:47 
jj1 = 893, max_th = 2.051633e+00, time=2025-04-11 17:00:47 
jj1 = 609, max_th = 2.093202e+00, time=2025-04-11 17:01:26 
jj1 = 811, max_th = 1.581490e+00, time=2025-04-11 17:04:11 
jj1 = 781, max_th = 2.324766e+00, time=2025-04-11 17:05:07 
jj1 = 780, max_th = 3.136008e+00, time=2025-04-11 17:06:46 
jj1 = 898, max_th = 1.971087e+00, time=2025-04-11 17:07:06 
jj1 = 824, max_th = 2.543016e+00, time=2025-04-11 17:07:58 
jj1 = 887, max_th = 2.371761e+00, time=2025-04-11 17:10:16 
jj1 = 844, max_th = 2.055194e+00, time=2025-04-11 17:10:37 
jj1 = 897, max_th = 1.250049e+00, time=2025-04-11 17:11:43 
jj1 = 886, max_th = 1.051538e+00, time=2025-04-11 17:12:09 
jj1 = 865, max_th = 2.106998e+00, time=2025-04-11 17:12:15 
jj1 = 878, max_th = 2.397320e+00, time=2025-04-11 17:13:04 
jj1 = 801, max_th = 2.066381e+00, time=2025-04-11 17:13:37 
jj1 = 779, max_th = 1.184875e+00, time=2025-04-11 17:14:04 
jj1 = 800, max_th = -1.787709e-01, time=2025-04-11 17:14:20 
jj1 = 854, max_th = 2.190930e+00, time=2025-04-11 17:14:20 
jj1 = 834, max_th = 2.103287e+00, time=2025-04-11 17:15:31 
jj1 = 877, max_th = 2.359653e+00, time=2025-04-11 17:19:39 
jj1 = 810, max_th = 2.280216e+00, time=2025-04-11 17:19:58 
jj1 = 864, max_th = 1.598850e+00, time=2025-04-11 17:22:52 
jj1 = 892, max_th = 1.880397e+00, time=2025-04-11 17:24:56 
jj1 = 809, max_th = 2.611729e+00, time=2025-04-11 17:26:12 
jj1 = 903, max_th = 2.587025e+00, time=2025-04-11 17:26:51 
jj1 = 799, max_th = 1.489441e+00, time=2025-04-11 17:28:09 
jj1 = 885, max_th = 1.950893e+00, time=2025-04-11 17:28:37 
jj1 = 853, max_th = 2.312361e+00, time=2025-04-11 17:31:08 
jj1 = 908, max_th = 7.944834e-01, time=2025-04-11 17:32:45 
jj1 = 876, max_th = 1.861940e+00, time=2025-04-11 17:33:39 
jj1 = 896, max_th = 1.891490e+00, time=2025-04-11 17:33:44 
jj1 = 843, max_th = 2.161614e+00, time=2025-04-11 17:34:52 
jj1 = 833, max_th = 2.144784e+00, time=2025-04-11 17:35:33 
jj1 = 823, max_th = 2.033661e+00, time=2025-04-11 17:37:39 
jj1 = 895, max_th = 2.851416e+00, time=2025-04-11 17:38:55 
jj1 = 863, max_th = 1.583961e+00, time=2025-04-11 17:40:52 
jj1 = 902, max_th = 2.389612e+00, time=2025-04-11 17:42:59 
jj1 = 891, max_th = 2.140734e+00, time=2025-04-11 17:44:01 
jj1 = 894, max_th = 1.622134e+00, time=2025-04-11 17:45:28 
jj1 = 913, max_th = 1.858046e+00, time=2025-04-11 17:46:26 
jj1 = 852, max_th = 1.881616e+00, time=2025-04-11 17:47:45 
jj1 = 907, max_th = 1.460317e+00, time=2025-04-11 17:48:50 
jj1 = 884, max_th = 2.412067e+00, time=2025-04-11 17:51:04 
jj1 = 875, max_th = 1.783306e+00, time=2025-04-11 17:51:05 
jj1 = 862, max_th = 1.465661e+00, time=2025-04-11 17:53:10 
jj1 = 883, max_th = 9.241958e-01, time=2025-04-11 17:53:45 
jj1 = 832, max_th = 2.088216e+00, time=2025-04-11 17:54:53 
jj1 = 822, max_th = 2.234940e+00, time=2025-04-11 17:55:58 
jj1 = 882, max_th = 2.963710e+00, time=2025-04-11 17:56:16 
jj1 = 851, max_th = 2.571820e+00, time=2025-04-11 17:56:24 
jj1 = 842, max_th = 2.039475e+00, time=2025-04-11 17:56:41 
jj1 = 821, max_th = 1.184829e+00, time=2025-04-11 18:01:52 
jj1 = 890, max_th = 2.230563e+00, time=2025-04-11 18:01:54 
jj1 = 881, max_th = 1.298294e+00, time=2025-04-11 18:01:58 
jj1 = 901, max_th = 1.876200e+00, time=2025-04-11 18:03:21 
jj1 = 952, max_th = 1.985283e+00, time=2025-04-11 18:05:59 
jj1 = 912, max_th = 2.339223e+00, time=2025-04-11 18:06:16 
jj1 = 906, max_th = 2.114363e+00, time=2025-04-11 18:07:37 
jj1 = 861, max_th = 1.511550e+00, time=2025-04-11 18:07:57 
jj1 = 900, max_th = 2.649125e+00, time=2025-04-11 18:08:44 
jj1 = 841, max_th = 2.383722e+00, time=2025-04-11 18:09:01 
jj1 = 850, max_th = 1.326535e+00, time=2025-04-11 18:11:10 
jj1 = 860, max_th = 1.142745e+00, time=2025-04-11 18:12:28 
jj1 = 849, max_th = 5.356397e-01, time=2025-04-11 18:13:13 
jj1 = 889, max_th = 1.420433e+00, time=2025-04-11 18:14:46 
jj1 = 831, max_th = 2.034999e+00, time=2025-04-11 18:15:32 
jj1 = 820, max_th = 1.460470e+00, time=2025-04-11 18:15:44 
jj1 = 874, max_th = 2.211077e+00, time=2025-04-11 18:18:04 
jj1 = 899, max_th = 2.548440e+00, time=2025-04-11 18:19:19 
jj1 = 905, max_th = 1.607763e+00, time=2025-04-11 18:20:49 
jj1 = 911, max_th = 1.639539e+00, time=2025-04-11 18:25:21 
jj1 = 910, max_th = 3.095720e+00, time=2025-04-11 18:26:51 
jj1 = 904, max_th = 2.556869e+00, time=2025-04-11 18:28:11 
jj1 = 951, max_th = 1.875913e+00, time=2025-04-11 18:28:40 
jj1 = 880, max_th = 1.878813e+00, time=2025-04-11 18:29:00 
jj1 = 933, max_th = 1.846224e+00, time=2025-04-11 18:29:29 
jj1 = 859, max_th = 2.058314e+00, time=2025-04-11 18:29:46 
jj1 = 830, max_th = 1.356271e+00, time=2025-04-11 18:30:33 
jj1 = 960, max_th = 2.522759e+00, time=2025-04-11 18:32:30 
jj1 = 819, max_th = 2.530350e+00, time=2025-04-11 18:32:39 
jj1 = 928, max_th = 3.333395e+00, time=2025-04-11 18:33:03 
jj1 = 840, max_th = 1.666653e+00, time=2025-04-11 18:34:50 
jj1 = 948, max_th = 1.757793e+00, time=2025-04-11 18:34:49 
jj1 = 932, max_th = 2.348120e+00, time=2025-04-11 18:37:01 
jj1 = 950, max_th = 2.155064e+00, time=2025-04-11 18:40:53 
jj1 = 879, max_th = 1.653796e+00, time=2025-04-11 18:41:06 
jj1 = 873, max_th = 2.034911e+00, time=2025-04-11 18:42:32 
jj1 = 938, max_th = 1.587220e+00, time=2025-04-11 18:44:48 
jj1 = 937, max_th = 5.540472e-01, time=2025-04-11 18:46:02 
jj1 = 829, max_th = 1.719449e+00, time=2025-04-11 18:46:26 
jj1 = 959, max_th = 1.934590e+00, time=2025-04-11 18:47:56 
jj1 = 968, max_th = 1.670698e+00, time=2025-04-11 18:49:31 
jj1 = 947, max_th = 2.468833e+00, time=2025-04-11 18:49:44 
jj1 = 909, max_th = 1.886812e+00, time=2025-04-11 18:50:52 
jj1 = 931, max_th = 1.597023e+00, time=2025-04-11 18:51:40 
jj1 = 943, max_th = 1.557060e+00, time=2025-04-11 18:52:32 
jj1 = 958, max_th = 3.132101e+00, time=2025-04-11 18:53:03 
jj1 = 839, max_th = 1.715106e+00, time=2025-04-11 18:53:42 
jj1 = 927, max_th = 2.173013e+00, time=2025-04-11 18:55:02 
jj1 = 923, max_th = 2.856021e+00, time=2025-04-11 18:57:17 
jj1 = 930, max_th = 1.344923e+00, time=2025-04-11 18:59:33 
jj1 = 949, max_th = 1.766433e+00, time=2025-04-11 18:59:46 
jj1 = 946, max_th = 2.580604e+00, time=2025-04-11 19:01:07 
jj1 = 936, max_th = 2.341515e+00, time=2025-04-11 19:01:18 
jj1 = 872, max_th = 2.016965e+00, time=2025-04-11 19:02:47 
jj1 = 942, max_th = 1.250758e+00, time=2025-04-11 19:03:02 
jj1 = 918, max_th = 2.313453e+00, time=2025-04-11 19:03:13 
jj1 = 926, max_th = 2.770077e+00, time=2025-04-11 19:04:15 
jj1 = 929, max_th = 2.822133e+00, time=2025-04-11 19:05:15 
jj1 = 957, max_th = 2.356212e+00, time=2025-04-11 19:08:04 
jj1 = 964, max_th = 1.486684e+00, time=2025-04-11 19:08:46 
jj1 = 922, max_th = 1.812082e+00, time=2025-04-11 19:09:04 
jj1 = 967, max_th = 1.690054e+00, time=2025-04-11 19:09:50 
jj1 = 917, max_th = 2.664985e+00, time=2025-04-11 19:14:29 
jj1 = 972, max_th = 2.212863e+00, time=2025-04-11 19:14:54 
jj1 = 971, max_th = 3.066696e+00, time=2025-04-11 19:16:01 
jj1 = 921, max_th = 1.605076e+00, time=2025-04-11 19:16:12 
jj1 = 963, max_th = 1.510935e+00, time=2025-04-11 19:17:23 
jj1 = 966, max_th = 2.729551e+00, time=2025-04-11 19:17:24 
jj1 = 945, max_th = 1.782049e+00, time=2025-04-11 19:18:12 
jj1 = 970, max_th = 2.882895e+00, time=2025-04-11 19:18:15 
jj1 = 941, max_th = 2.096830e+00, time=2025-04-11 19:18:48 
jj1 = 944, max_th = 1.216126e+00, time=2025-04-11 19:19:59 
jj1 = 976, max_th = 2.384858e+00, time=2025-04-11 19:20:32 
jj1 = 871, max_th = 2.071644e+00, time=2025-04-11 19:22:14 
jj1 = 935, max_th = 1.776324e+00, time=2025-04-11 19:22:22 
jj1 = 920, max_th = 1.426486e+00, time=2025-04-11 19:23:02 
jj1 = 969, max_th = 1.223265e+00, time=2025-04-11 19:23:39 
jj1 = 925, max_th = 2.234866e+00, time=2025-04-11 19:24:57 
jj1 = 984, max_th = 2.274517e+00, time=2025-04-11 19:25:07 
jj1 = 916, max_th = 1.845635e+00, time=2025-04-11 19:27:41 
jj1 = 980, max_th = 1.388511e+00, time=2025-04-11 19:28:31 
jj1 = 940, max_th = 2.508804e+00, time=2025-04-11 19:29:14 
jj1 = 962, max_th = 1.873696e+00, time=2025-04-11 19:30:24 
jj1 = 983, max_th = 2.465373e+00, time=2025-04-11 19:30:45 
jj1 = 915, max_th = 2.634866e+00, time=2025-04-11 19:31:28 
jj1 = 975, max_th = 1.942671e+00, time=2025-04-11 19:32:35 
jj1 = 919, max_th = 1.902564e+00, time=2025-04-11 19:33:52 
jj1 = 870, max_th = 2.694875e+00, time=2025-04-11 19:34:23 
jj1 = 979, max_th = 2.560468e+00, time=2025-04-11 19:35:37 
jj1 = 939, max_th = 1.575321e+00, time=2025-04-11 19:36:51 
jj1 = 965, max_th = 1.479373e+00, time=2025-04-11 19:36:58 
jj1 = 974, max_th = 2.419037e+00, time=2025-04-11 19:37:47 
jj1 = 978, max_th = 8.102672e-01, time=2025-04-11 19:38:09 
jj1 = 924, max_th = 1.935703e+00, time=2025-04-11 19:39:14 
jj1 = 934, max_th = 2.537709e+00, time=2025-04-11 19:39:43 
jj1 = 977, max_th = 1.204237e+00, time=2025-04-11 19:40:23 
jj1 = 961, max_th = 2.210169e+00, time=2025-04-11 19:40:37 
jj1 = 1000, max_th = 1.556658e+00, time=2025-04-11 19:40:52 
jj1 = 914, max_th = 1.933205e+00, time=2025-04-11 19:41:37 
jj1 = 982, max_th = 2.289482e+00, time=2025-04-11 19:42:08 
jj1 = 988, max_th = 1.803888e+00, time=2025-04-11 19:43:15 
jj1 = 869, max_th = 2.702079e+00, time=2025-04-11 19:43:31 
jj1 = 998, max_th = 7.629369e-01, time=2025-04-11 19:44:13 
jj1 = 992, max_th = -4.678000e-02, time=2025-04-11 19:44:33 
jj1 = 997, max_th = 2.321482e+00, time=2025-04-11 19:45:34 
jj1 = 987, max_th = 1.319803e+00, time=2025-04-11 19:47:23 
jj1 = 956, max_th = 2.641911e+00, time=2025-04-11 19:48:49 
jj1 = 981, max_th = 2.115409e+00, time=2025-04-11 19:50:55 
jj1 = 999, max_th = 2.214432e+00, time=2025-04-11 19:50:55 
jj1 = 973, max_th = 2.042745e+00, time=2025-04-11 19:52:29 
jj1 = 996, max_th = 1.916397e+00, time=2025-04-11 19:52:59 
jj1 = 991, max_th = 2.162923e+00, time=2025-04-11 19:53:27 
jj1 = 986, max_th = 2.001136e+00, time=2025-04-11 19:54:50 
jj1 = 955, max_th = 2.466788e+00, time=2025-04-11 19:55:04 
jj1 = 990, max_th = 2.503715e+00, time=2025-04-11 19:58:07 
jj1 = 954, max_th = 1.358561e+00, time=2025-04-11 19:58:28 
jj1 = 995, max_th = 2.424750e+00, time=2025-04-11 19:59:44 
jj1 = 985, max_th = 2.183849e+00, time=2025-04-11 20:04:06 
jj1 = 953, max_th = 1.858286e+00, time=2025-04-11 20:04:37 
jj1 = 989, max_th = 2.217309e+00, time=2025-04-11 20:04:38 
jj1 = 994, max_th = 2.127602e+00, time=2025-04-11 20:06:06 
jj1 = 993, max_th = 2.152020e+00, time=2025-04-11 20:12:53 
>> >> >> >> >> >> >> >> >> 