MATLAB is selecting SOFTWARE OPENGL rendering.

                            < M A T L A B (R) >
                  Copyright 1984-2021 The MathWorks, Inc.
                  R2021b (9.11.0.1769968) 64-bit (glnxa64)
                             September 17, 2021

 
To get started, type doc.
For product information, visit www.mathworks.com.
 
>> >> >> >> >> >> >> >> >> >> >> >> >> >> >> >> >> >> >> >> >> >> >> >> >> >> Starting parallel pool (parpool) using the 'local' profile ...
[Warning: A task was unexpectedly found in state: Unavailable.] 
[> In parallel.cluster.Local/deriveJobStateFromTasks (line 29)
In parallel.cluster/Local/getJobState (line 174)
In parallel.cluster/CJSCluster/hGetJobState (line 375)
In parallel.internal.cluster/CJSJobMixin/hGetStateEnum (line 175)
In parallel/Job/get.StateEnum (line 247)
In parallel/Job/get.State (line 239)
In parallel.internal.customattr.CustomGetSet>iVectorisedGetHelper (line 128)
In parallel.internal.customattr.CustomGetSet>@(a,b,c)iVectorisedGetHelper(obj,a,b,c) (line 102)
In parallel.internal.customattr/CustomGetSet/doVectorisedGet (line 103)
In parallel.internal.customattr/CustomGetSet/hVectorisedGet (line 76)
In parallel.internal.customattr.GetSetImpl>iAccessProperties (line 322)
In parallel.internal.customattr.GetSetImpl>iGetAllPropertiesVec (line 264)
In parallel.internal.customattr/GetSetImpl/getImpl (line 133)
In parallel.internal.customattr.CustomGetSet>iHetFunGetFunction (line 154)
In parallel.internal.customattr.CustomGetSet>@(o)iHetFunGetFunction(o,props) (line 139)
In parallel.internal.cluster.hetfun (line 46)
In parallel.internal.customattr.CustomGetSet>iHetFunGetProperty (line 139)
In parallel.internal.customattr/CustomGetSet/get (line 38)
In parallel.internal.pool/AbstractInteractiveClient/pRemoveOldJobs (line 211)
In parallel.internal.pool/AbstractInteractiveClient/start (line 103)
In parallel.internal.pool.AbstractClusterPool>iStartClient (line 831)
In parallel.internal.pool/AbstractClusterPool/hBuildPool (line 585)
In parallel.internal.pool.doParpool (line 22)
In parpool (line 123)
In parallel.internal.parpool.getOrCreateCurrentPool (line 17)
In parallel.internal.pool/PoolArrayManager/getOrAutoCreateWithCleanup (line 44)
In pctTryCreatePoolIfNecessary (line 28)
In parallel_function (line 423)] 
Connected to the parallel pool (number of workers: 12).
jj1 = 25, max_th = 7.843388e-01, time=2025-04-15 09:55:07 
jj1 = 40, max_th = 2.692410e+00, time=2025-04-15 10:00:55 
jj1 = 45, max_th = 1.273331e+00, time=2025-04-15 10:01:52 
jj1 = 44, max_th = 3.007119e+00, time=2025-04-15 10:02:49 
jj1 = 35, max_th = 2.349772e+00, time=2025-04-15 10:06:08 
jj1 = 20, max_th = 1.477291e+00, time=2025-04-15 10:08:07 
jj1 = 5, max_th = 2.260917e+00, time=2025-04-15 10:09:30 
jj1 = 55, max_th = 2.362407e+00, time=2025-04-15 10:10:15 
jj1 = 50, max_th = 2.101647e+00, time=2025-04-15 10:12:23 
jj1 = 30, max_th = 2.288921e+00, time=2025-04-15 10:13:58 
jj1 = 24, max_th = 2.102482e+00, time=2025-04-15 10:14:03 
jj1 = 10, max_th = 1.567231e+00, time=2025-04-15 10:14:26 
jj1 = 60, max_th = 2.286580e+00, time=2025-04-15 10:14:33 
jj1 = 15, max_th = 2.271470e+00, time=2025-04-15 10:16:11 
jj1 = 43, max_th = 2.099647e+00, time=2025-04-15 10:18:53 
jj1 = 39, max_th = 1.473929e+00, time=2025-04-15 10:19:10 
jj1 = 19, max_th = 2.515516e+00, time=2025-04-15 10:21:57 
jj1 = 42, max_th = 9.218887e-01, time=2025-04-15 10:24:25 
jj1 = 34, max_th = 1.589428e+00, time=2025-04-15 10:26:33 
jj1 = 23, max_th = 2.393436e+00, time=2025-04-15 10:28:50 
jj1 = 4, max_th = 1.896783e+00, time=2025-04-15 10:30:10 
jj1 = 9, max_th = 2.478824e+00, time=2025-04-15 10:30:31 
jj1 = 29, max_th = 2.252538e+00, time=2025-04-15 10:32:59 
jj1 = 14, max_th = 2.382019e+00, time=2025-04-15 10:33:38 
jj1 = 49, max_th = 1.621234e+00, time=2025-04-15 10:34:17 
jj1 = 59, max_th = 1.653582e+00, time=2025-04-15 10:35:07 
jj1 = 54, max_th = 2.024525e+00, time=2025-04-15 10:36:52 
jj1 = 8, max_th = 2.761527e+00, time=2025-04-15 10:37:07 
jj1 = 38, max_th = 1.929049e+00, time=2025-04-15 10:41:37 
jj1 = 18, max_th = 2.050365e+00, time=2025-04-15 10:42:10 
jj1 = 28, max_th = 1.415103e+00, time=2025-04-15 10:44:33 
jj1 = 33, max_th = 2.290010e+00, time=2025-04-15 10:47:16 
jj1 = 41, max_th = 2.171590e+00, time=2025-04-15 10:48:48 
jj1 = 22, max_th = 1.776233e+00, time=2025-04-15 10:50:55 
jj1 = 58, max_th = 2.406216e+00, time=2025-04-15 10:50:56 
jj1 = 3, max_th = 1.877476e+00, time=2025-04-15 10:53:13 
jj1 = 37, max_th = 1.281135e+00, time=2025-04-15 10:53:37 
jj1 = 53, max_th = 2.490452e+00, time=2025-04-15 10:53:48 
jj1 = 48, max_th = 1.851456e+00, time=2025-04-15 10:54:09 
jj1 = 13, max_th = 1.829249e+00, time=2025-04-15 10:56:11 
jj1 = 21, max_th = 2.733127e+00, time=2025-04-15 10:59:12 
jj1 = 17, max_th = 2.257331e+00, time=2025-04-15 11:01:10 
jj1 = 27, max_th = 2.354521e+00, time=2025-04-15 11:01:30 
jj1 = 7, max_th = 1.970574e+00, time=2025-04-15 11:02:58 
jj1 = 26, max_th = 3.088666e+00, time=2025-04-15 11:03:47 
jj1 = 32, max_th = 1.693183e+00, time=2025-04-15 11:03:49 
jj1 = 52, max_th = 2.585525e+00, time=2025-04-15 11:06:39 
jj1 = 36, max_th = 1.539679e+00, time=2025-04-15 11:08:52 
jj1 = 255, max_th = 1.255155e+00, time=2025-04-15 11:08:53 
jj1 = 16, max_th = 1.299112e+00, time=2025-04-15 11:11:01 
jj1 = 411, max_th = 1.982331e+00, time=2025-04-15 11:11:50 
jj1 = 51, max_th = 2.651458e+00, time=2025-04-15 11:13:32 
jj1 = 12, max_th = 1.739008e+00, time=2025-04-15 11:13:56 
jj1 = 57, max_th = 1.923459e+00, time=2025-04-15 11:14:18 
jj1 = 47, max_th = 2.167532e+00, time=2025-04-15 11:16:13 
jj1 = 2, max_th = 2.071847e+00, time=2025-04-15 11:17:18 
jj1 = 31, max_th = 2.357671e+00, time=2025-04-15 11:22:40 
jj1 = 254, max_th = 2.472259e+00, time=2025-04-15 11:25:15 
jj1 = 6, max_th = 2.088876e+00, time=2025-04-15 11:25:31 
jj1 = 372, max_th = 2.204657e+00, time=2025-04-15 11:27:05 
jj1 = 216, max_th = 2.352810e+00, time=2025-04-15 11:27:22 
jj1 = 371, max_th = 3.034126e+00, time=2025-04-15 11:29:37 
jj1 = 294, max_th = 1.825160e+00, time=2025-04-15 11:32:01 
jj1 = 489, max_th = 2.243260e+00, time=2025-04-15 11:33:03 
jj1 = 46, max_th = 1.997772e+00, time=2025-04-15 11:34:40 
jj1 = 410, max_th = 1.892899e+00, time=2025-04-15 11:34:43 
jj1 = 1, max_th = 1.904433e+00, time=2025-04-15 11:36:50 
jj1 = 56, max_th = 2.235407e+00, time=2025-04-15 11:38:42 
jj1 = 11, max_th = 1.882109e+00, time=2025-04-15 11:40:13 
jj1 = 370, max_th = 1.323610e+00, time=2025-04-15 11:41:48 
jj1 = 333, max_th = 2.322865e+00, time=2025-04-15 11:48:48 
jj1 = 215, max_th = 1.632437e+00, time=2025-04-15 11:55:02 
jj1 = 138, max_th = 1.712919e+00, time=2025-04-15 11:56:00 
jj1 = 253, max_th = 1.879108e+00, time=2025-04-15 11:56:03 
jj1 = 177, max_th = 2.532614e+00, time=2025-04-15 11:58:15 
jj1 = 450, max_th = 1.472579e+00, time=2025-04-15 12:00:36 
jj1 = 488, max_th = 1.619900e+00, time=2025-04-15 12:09:55 
jj1 = 409, max_th = 2.189123e+00, time=2025-04-15 12:13:10 
jj1 = 99, max_th = 2.253390e+00, time=2025-04-15 12:14:03 
jj1 = 293, max_th = 2.125137e+00, time=2025-04-15 12:14:23 
jj1 = 528, max_th = 2.257078e+00, time=2025-04-15 12:21:18 
jj1 = 252, max_th = 1.262736e+00, time=2025-04-15 12:22:06 
jj1 = 369, max_th = 2.057051e+00, time=2025-04-15 12:28:11 
jj1 = 408, max_th = 1.144984e+00, time=2025-04-15 12:30:23 
jj1 = 176, max_th = 1.515410e+00, time=2025-04-15 12:32:49 
jj1 = 137, max_th = 2.380609e+00, time=2025-04-15 12:37:52 
jj1 = 332, max_th = 2.056256e+00, time=2025-04-15 12:39:20 
jj1 = 214, max_th = 2.069138e+00, time=2025-04-15 12:46:51 
jj1 = 449, max_th = 1.721567e+00, time=2025-04-15 12:49:25 
jj1 = 213, max_th = 2.915218e+00, time=2025-04-15 12:55:09 
jj1 = 527, max_th = 2.432187e+00, time=2025-04-15 12:57:11 
jj1 = 136, max_th = 2.642373e+00, time=2025-04-15 12:59:42 
jj1 = 487, max_th = 1.918926e+00, time=2025-04-15 13:00:07 
jj1 = 98, max_th = 2.132932e+00, time=2025-04-15 13:02:05 
jj1 = 292, max_th = 2.162132e+00, time=2025-04-15 13:03:27 
jj1 = 407, max_th = 2.359619e+00, time=2025-04-15 13:07:48 
jj1 = 251, max_th = 2.235242e+00, time=2025-04-15 13:15:48 
jj1 = 135, max_th = 2.722306e+00, time=2025-04-15 13:17:47 
jj1 = 331, max_th = 2.317541e+00, time=2025-04-15 13:18:10 
jj1 = 368, max_th = 2.184231e+00, time=2025-04-15 13:19:37 
jj1 = 175, max_th = 2.270883e+00, time=2025-04-15 13:22:04 
jj1 = 97, max_th = 2.503794e+00, time=2025-04-15 13:30:13 
jj1 = 174, max_th = 2.877668e+00, time=2025-04-15 13:34:40 
jj1 = 134, max_th = 1.224437e+00, time=2025-04-15 13:35:48 
jj1 = 212, max_th = 2.140130e+00, time=2025-04-15 13:37:16 
jj1 = 448, max_th = 1.811280e+00, time=2025-04-15 13:37:58 
jj1 = 486, max_th = 1.635366e+00, time=2025-04-15 13:40:25 
jj1 = 133, max_th = 1.068145e+00, time=2025-04-15 13:47:59 
jj1 = 330, max_th = 1.949956e+00, time=2025-04-15 13:48:15 
jj1 = 211, max_th = 1.260730e+00, time=2025-04-15 13:48:44 
jj1 = 526, max_th = 1.935837e+00, time=2025-04-15 13:50:57 
jj1 = 291, max_th = 1.805827e+00, time=2025-04-15 13:51:16 
jj1 = 406, max_th = 2.010257e+00, time=2025-04-15 13:55:41 
jj1 = 485, max_th = 1.267797e+00, time=2025-04-15 13:58:55 
jj1 = 250, max_th = 1.756325e+00, time=2025-04-15 13:59:05 
jj1 = 367, max_th = 2.423352e+00, time=2025-04-15 14:02:29 
jj1 = 405, max_th = 1.176786e+00, time=2025-04-15 14:10:10 
jj1 = 484, max_th = 1.448954e+00, time=2025-04-15 14:16:44 
jj1 = 329, max_th = 2.542349e+00, time=2025-04-15 14:17:45 
jj1 = 447, max_th = 2.001868e+00, time=2025-04-15 14:20:07 
jj1 = 249, max_th = 1.356950e+00, time=2025-04-15 14:21:02 
jj1 = 96, max_th = 2.083925e+00, time=2025-04-15 14:22:49 
jj1 = 95, max_th = 3.333961e+00, time=2025-04-15 14:24:16 
jj1 = 210, max_th = 1.603789e+00, time=2025-04-15 14:24:22 
jj1 = 483, max_th = 9.520616e-01, time=2025-04-15 14:25:40 
jj1 = 132, max_th = 1.799534e+00, time=2025-04-15 14:26:20 
jj1 = 173, max_th = 1.914670e+00, time=2025-04-15 14:28:47 
jj1 = 328, max_th = 1.252180e+00, time=2025-04-15 14:32:41 
jj1 = 525, max_th = 2.171039e+00, time=2025-04-15 14:34:38 
jj1 = 94, max_th = 2.692142e+00, time=2025-04-15 14:35:25 
jj1 = 290, max_th = 1.521485e+00, time=2025-04-15 14:35:40 
jj1 = 366, max_th = 2.156140e+00, time=2025-04-15 14:38:31 
jj1 = 404, max_th = 1.637320e+00, time=2025-04-15 14:43:05 
jj1 = 446, max_th = 2.502092e+00, time=2025-04-15 14:43:56 
jj1 = 327, max_th = 1.337052e+00, time=2025-04-15 14:44:15 
jj1 = 248, max_th = 1.512230e+00, time=2025-04-15 14:45:36 
jj1 = 131, max_th = 1.466344e+00, time=2025-04-15 14:46:00 
jj1 = 93, max_th = 1.309091e+00, time=2025-04-15 14:48:39 
jj1 = 524, max_th = 2.610608e+00, time=2025-04-15 14:50:46 
jj1 = 289, max_th = 1.640014e+00, time=2025-04-15 14:54:53 
jj1 = 209, max_th = 2.221634e+00, time=2025-04-15 14:55:31 
jj1 = 482, max_th = 2.108610e+00, time=2025-04-15 14:55:51 
jj1 = 172, max_th = 1.975696e+00, time=2025-04-15 15:01:29 
jj1 = 365, max_th = 1.855321e+00, time=2025-04-15 15:06:13 
jj1 = 403, max_th = 1.945720e+00, time=2025-04-15 15:07:45 
jj1 = 326, max_th = 1.715143e+00, time=2025-04-15 15:10:07 
jj1 = 481, max_th = 1.507944e+00, time=2025-04-15 15:11:02 
jj1 = 445, max_th = 2.136816e+00, time=2025-04-15 15:11:03 
jj1 = 247, max_th = 1.858759e+00, time=2025-04-15 15:12:39 
jj1 = 288, max_th = 2.092948e+00, time=2025-04-15 15:13:25 
jj1 = 130, max_th = 1.931969e+00, time=2025-04-15 15:13:59 
jj1 = 171, max_th = 2.554254e+00, time=2025-04-15 15:15:24 
jj1 = 92, max_th = 2.038695e+00, time=2025-04-15 15:18:33 
jj1 = 444, max_th = 2.751432e+00, time=2025-04-15 15:18:49 
jj1 = 523, max_th = 1.863684e+00, time=2025-04-15 15:20:16 
jj1 = 246, max_th = 9.932133e-01, time=2025-04-15 15:20:33 
jj1 = 208, max_th = 2.274157e+00, time=2025-04-15 15:21:08 
jj1 = 480, max_th = 2.678675e+00, time=2025-04-15 15:25:20 
jj1 = 91, max_th = 2.833586e+00, time=2025-04-15 15:25:46 
jj1 = 287, max_th = 1.320583e+00, time=2025-04-15 15:27:59 
jj1 = 286, max_th = 5.040342e-01, time=2025-04-15 15:28:47 
jj1 = 325, max_th = 1.541424e+00, time=2025-04-15 15:28:49 
jj1 = 129, max_th = 1.484308e+00, time=2025-04-15 15:29:40 
jj1 = 364, max_th = 2.205598e+00, time=2025-04-15 15:30:49 
jj1 = 522, max_th = 1.399852e+00, time=2025-04-15 15:31:59 
jj1 = 402, max_th = 1.709077e+00, time=2025-04-15 15:32:33 
jj1 = 245, max_th = 1.549815e+00, time=2025-04-15 15:34:05 
jj1 = 170, max_th = 2.379361e+00, time=2025-04-15 15:36:55 
jj1 = 169, max_th = 1.059742e+00, time=2025-04-15 15:44:24 
jj1 = 128, max_th = 2.481561e+00, time=2025-04-15 15:49:25 
jj1 = 443, max_th = 1.883596e+00, time=2025-04-15 15:49:48 
jj1 = 401, max_th = 2.439125e+00, time=2025-04-15 15:50:26 
jj1 = 207, max_th = 1.941605e+00, time=2025-04-15 15:50:44 
jj1 = 363, max_th = 1.486783e+00, time=2025-04-15 15:51:04 
jj1 = 285, max_th = 1.489772e+00, time=2025-04-15 15:51:53 
jj1 = 90, max_th = 2.131267e+00, time=2025-04-15 15:52:05 
jj1 = 479, max_th = 1.765775e+00, time=2025-04-15 15:53:55 
jj1 = 324, max_th = 2.026302e+00, time=2025-04-15 15:57:03 
jj1 = 442, max_th = 2.806549e+00, time=2025-04-15 15:57:20 
jj1 = 521, max_th = 2.281423e+00, time=2025-04-15 15:58:43 
jj1 = 89, max_th = 2.744619e+00, time=2025-04-15 16:01:30 
jj1 = 244, max_th = 1.764162e+00, time=2025-04-15 16:02:08 
jj1 = 168, max_th = 2.403354e+00, time=2025-04-15 16:03:53 
jj1 = 478, max_th = 1.411995e+00, time=2025-04-15 16:09:31 
jj1 = 206, max_th = 1.543435e+00, time=2025-04-15 16:11:32 
jj1 = 127, max_th = 2.138278e+00, time=2025-04-15 16:14:26 
jj1 = 284, max_th = 1.720234e+00, time=2025-04-15 16:14:35 
jj1 = 362, max_th = 2.285088e+00, time=2025-04-15 16:15:02 
jj1 = 283, max_th = 8.958168e-01, time=2025-04-15 16:16:56 
jj1 = 323, max_th = 1.584732e+00, time=2025-04-15 16:18:30 
jj1 = 441, max_th = 2.328003e+00, time=2025-04-15 16:20:29 
jj1 = 400, max_th = 2.238839e+00, time=2025-04-15 16:20:47 
jj1 = 167, max_th = 1.553686e+00, time=2025-04-15 16:22:07 
jj1 = 205, max_th = 1.292004e+00, time=2025-04-15 16:23:36 
jj1 = 440, max_th = 2.975932e+00, time=2025-04-15 16:24:24 
jj1 = 88, max_th = 2.190162e+00, time=2025-04-15 16:27:07 
jj1 = 520, max_th = 1.827265e+00, time=2025-04-15 16:27:08 
jj1 = 243, max_th = 1.782349e+00, time=2025-04-15 16:29:40 
jj1 = 519, max_th = 8.249623e-01, time=2025-04-15 16:31:31 
jj1 = 399, max_th = 2.621839e+00, time=2025-04-15 16:34:15 
jj1 = 322, max_th = 2.618162e+00, time=2025-04-15 16:35:35 
jj1 = 477, max_th = 1.715989e+00, time=2025-04-15 16:38:36 
jj1 = 282, max_th = 1.745132e+00, time=2025-04-15 16:38:58 
jj1 = 126, max_th = 2.307420e+00, time=2025-04-15 16:39:33 
jj1 = 361, max_th = 1.681218e+00, time=2025-04-15 16:41:53 
jj1 = 321, max_th = 2.712650e+00, time=2025-04-15 16:49:39 
jj1 = 518, max_th = 2.503984e+00, time=2025-04-15 16:50:45 
jj1 = 439, max_th = 1.671618e+00, time=2025-04-15 16:51:26 
jj1 = 204, max_th = 1.843600e+00, time=2025-04-15 16:52:06 
jj1 = 166, max_th = 1.964610e+00, time=2025-04-15 16:57:11 
jj1 = 87, max_th = 2.055320e+00, time=2025-04-15 16:58:54 
jj1 = 281, max_th = 1.475495e+00, time=2025-04-15 17:04:17 
jj1 = 476, max_th = 1.612586e+00, time=2025-04-15 17:07:05 
jj1 = 398, max_th = 1.755184e+00, time=2025-04-15 17:08:04 
jj1 = 242, max_th = 2.127625e+00, time=2025-04-15 17:08:07 
jj1 = 125, max_th = 2.243732e+00, time=2025-04-15 17:08:51 
jj1 = 438, max_th = 1.285554e+00, time=2025-04-15 17:09:35 
jj1 = 475, max_th = 3.035020e+00, time=2025-04-15 17:09:58 
jj1 = 203, max_th = 1.377862e+00, time=2025-04-15 17:12:56 
jj1 = 320, max_th = 1.667510e+00, time=2025-04-15 17:13:10 
jj1 = 319, max_th = -5.716987e-01, time=2025-04-15 17:13:17 
jj1 = 397, max_th = 1.171099e+00, time=2025-04-15 17:14:56 
jj1 = 165, max_th = 2.647362e+00, time=2025-04-15 17:16:39 
jj1 = 360, max_th = 2.175726e+00, time=2025-04-15 17:17:28 
jj1 = 359, max_th = 3.136920e+00, time=2025-04-15 17:19:39 
jj1 = 517, max_th = 2.139223e+00, time=2025-04-15 17:21:34 
jj1 = 86, max_th = 2.393417e+00, time=2025-04-15 17:21:45 
jj1 = 437, max_th = 1.379208e+00, time=2025-04-15 17:24:07 
jj1 = 280, max_th = 2.406662e+00, time=2025-04-15 17:24:45 
jj1 = 124, max_th = 1.518039e+00, time=2025-04-15 17:30:22 
jj1 = 474, max_th = 2.363965e+00, time=2025-04-15 17:32:35 
jj1 = 241, max_th = 1.781226e+00, time=2025-04-15 17:34:18 
jj1 = 318, max_th = 1.766266e+00, time=2025-04-15 17:38:38 
jj1 = 516, max_th = 1.429136e+00, time=2025-04-15 17:38:55 
jj1 = 396, max_th = 2.271980e+00, time=2025-04-15 17:40:16 
jj1 = 164, max_th = 1.696748e+00, time=2025-04-15 17:40:37 
jj1 = 163, max_th = 1.134380e+00, time=2025-04-15 17:42:17 
jj1 = 202, max_th = 1.881514e+00, time=2025-04-15 17:43:30 
jj1 = 85, max_th = 2.085079e+00, time=2025-04-15 17:48:24 
jj1 = 358, max_th = 1.958431e+00, time=2025-04-15 17:48:35 
jj1 = 317, max_th = 2.519344e+00, time=2025-04-15 17:49:10 
jj1 = 123, max_th = 2.251422e+00, time=2025-04-15 17:52:45 
jj1 = 436, max_th = 2.057874e+00, time=2025-04-15 17:53:58 
jj1 = 473, max_th = 1.812897e+00, time=2025-04-15 17:55:20 
jj1 = 122, max_th = 9.980956e-01, time=2025-04-15 17:58:07 
jj1 = 201, max_th = 1.581905e+00, time=2025-04-15 17:59:35 
jj1 = 240, max_th = 2.011717e+00, time=2025-04-15 18:00:21 
jj1 = 515, max_th = 2.022150e+00, time=2025-04-15 18:01:36 
jj1 = 279, max_th = 2.024856e+00, time=2025-04-15 18:01:53 
jj1 = 84, max_th = 1.623803e+00, time=2025-04-15 18:05:15 
jj1 = 162, max_th = 2.111583e+00, time=2025-04-15 18:11:56 
jj1 = 395, max_th = 2.015227e+00, time=2025-04-15 18:12:17 
jj1 = 357, max_th = 1.996890e+00, time=2025-04-15 18:14:47 
jj1 = 514, max_th = 1.362085e+00, time=2025-04-15 18:15:09 
jj1 = 472, max_th = 1.888379e+00, time=2025-04-15 18:16:19 
jj1 = 435, max_th = 2.295857e+00, time=2025-04-15 18:16:37 
jj1 = 239, max_th = 2.200106e+00, time=2025-04-15 18:17:03 
jj1 = 200, max_th = 1.699784e+00, time=2025-04-15 18:17:24 
jj1 = 316, max_th = 1.759047e+00, time=2025-04-15 18:18:41 
jj1 = 278, max_th = 2.354316e+00, time=2025-04-15 18:22:21 
jj1 = 121, max_th = 1.956098e+00, time=2025-04-15 18:27:41 
jj1 = 238, max_th = 2.609405e+00, time=2025-04-15 18:31:08 
jj1 = 356, max_th = 2.480345e+00, time=2025-04-15 18:35:20 
jj1 = 394, max_th = 1.644089e+00, time=2025-04-15 18:37:03 
jj1 = 471, max_th = 1.629376e+00, time=2025-04-15 18:37:38 
jj1 = 199, max_th = 1.707463e+00, time=2025-04-15 18:37:42 
jj1 = 83, max_th = 2.020512e+00, time=2025-04-15 18:38:19 
jj1 = 161, max_th = 1.902715e+00, time=2025-04-15 18:38:27 
jj1 = 513, max_th = 1.946345e+00, time=2025-04-15 18:38:33 
jj1 = 120, max_th = 1.253478e+00, time=2025-04-15 18:38:34 
jj1 = 119, max_th = 6.750367e-01, time=2025-04-15 18:39:53 
jj1 = 315, max_th = 1.904439e+00, time=2025-04-15 18:42:10 
jj1 = 434, max_th = 1.855773e+00, time=2025-04-15 18:42:56 
jj1 = 277, max_th = 2.084485e+00, time=2025-04-15 18:45:26 
jj1 = 198, max_th = 2.694323e+00, time=2025-04-15 18:47:31 
jj1 = 237, max_th = 2.445723e+00, time=2025-04-15 18:49:04 
jj1 = 393, max_th = 1.335121e+00, time=2025-04-15 18:50:13 
jj1 = 118, max_th = 1.317661e+00, time=2025-04-15 18:51:29 
jj1 = 82, max_th = 1.474714e+00, time=2025-04-15 18:57:08 
jj1 = 433, max_th = 2.503216e+00, time=2025-04-15 18:58:56 
jj1 = 160, max_th = 1.582221e+00, time=2025-04-15 18:59:08 
jj1 = 470, max_th = 2.139467e+00, time=2025-04-15 19:02:15 
jj1 = 355, max_th = 2.066406e+00, time=2025-04-15 19:03:11 
jj1 = 512, max_th = 2.064310e+00, time=2025-04-15 19:03:56 
jj1 = 81, max_th = 1.055356e+00, time=2025-04-15 19:04:15 
jj1 = 197, max_th = 2.386373e+00, time=2025-04-15 19:10:19 
jj1 = 276, max_th = 1.820244e+00, time=2025-04-15 19:12:38 
jj1 = 314, max_th = 2.120480e+00, time=2025-04-15 19:12:38 
jj1 = 117, max_th = 2.291180e+00, time=2025-04-15 19:14:23 
jj1 = 236, max_th = 2.107844e+00, time=2025-04-15 19:16:04 
jj1 = 80, max_th = 2.627983e+00, time=2025-04-15 19:16:53 
jj1 = 392, max_th = 2.324478e+00, time=2025-04-15 19:17:23 
jj1 = 196, max_th = 2.408658e+00, time=2025-04-15 19:20:28 
jj1 = 159, max_th = 2.261001e+00, time=2025-04-15 19:22:47 
jj1 = 469, max_th = 1.636153e+00, time=2025-04-15 19:26:34 
jj1 = 354, max_th = 1.803832e+00, time=2025-04-15 19:26:41 
jj1 = 432, max_th = 1.940164e+00, time=2025-04-15 19:27:27 
jj1 = 511, max_th = 2.103462e+00, time=2025-04-15 19:30:08 
jj1 = 313, max_th = 2.320226e+00, time=2025-04-15 19:30:37 
jj1 = 79, max_th = 2.840070e+00, time=2025-04-15 19:31:43 
jj1 = 391, max_th = 2.620154e+00, time=2025-04-15 19:31:59 
jj1 = 275, max_th = 2.196307e+00, time=2025-04-15 19:33:00 
jj1 = 116, max_th = 2.432617e+00, time=2025-04-15 19:33:44 
jj1 = 158, max_th = 1.234677e+00, time=2025-04-15 19:34:18 
jj1 = 431, max_th = 1.228061e+00, time=2025-04-15 19:36:30 
jj1 = 510, max_th = 2.649590e+00, time=2025-04-15 19:38:54 
jj1 = 235, max_th = 1.625352e+00, time=2025-04-15 19:39:13 
jj1 = 509, max_th = 3.189750e+00, time=2025-04-15 19:40:37 
jj1 = 274, max_th = 2.741424e+00, time=2025-04-15 19:41:32 
jj1 = 273, max_th = 3.243644e+00, time=2025-04-15 19:42:17 
jj1 = 195, max_th = 1.660093e+00, time=2025-04-15 19:43:03 
jj1 = 115, max_th = 1.358840e+00, time=2025-04-15 19:47:38 
jj1 = 78, max_th = 2.302052e+00, time=2025-04-15 19:50:42 
jj1 = 353, max_th = 2.144424e+00, time=2025-04-15 19:51:23 
jj1 = 468, max_th = 2.053928e+00, time=2025-04-15 19:52:26 
jj1 = 430, max_th = 1.684381e+00, time=2025-04-15 19:52:33 
jj1 = 312, max_th = 2.280865e+00, time=2025-04-15 19:53:56 
jj1 = 390, max_th = 1.576647e+00, time=2025-04-15 19:57:07 
jj1 = 157, max_th = 2.159295e+00, time=2025-04-15 19:58:51 
jj1 = 311, max_th = 2.908906e+00, time=2025-04-15 19:59:04 
jj1 = 389, max_th = 8.939071e-01, time=2025-04-15 20:01:28 
jj1 = 234, max_th = 1.957052e+00, time=2025-04-15 20:03:52 
jj1 = 272, max_th = 2.226670e+00, time=2025-04-15 20:04:20 
jj1 = 508, max_th = 2.033861e+00, time=2025-04-15 20:07:05 
jj1 = 194, max_th = 2.274345e+00, time=2025-04-15 20:08:32 
jj1 = 352, max_th = 2.505472e+00, time=2025-04-15 20:09:02 
jj1 = 114, max_th = 2.276042e+00, time=2025-04-15 20:11:34 
jj1 = 310, max_th = 2.548434e+00, time=2025-04-15 20:11:56 
jj1 = 467, max_th = 2.251679e+00, time=2025-04-15 20:12:21 
jj1 = 156, max_th = 1.550496e+00, time=2025-04-15 20:13:58 
jj1 = 155, max_th = 3.069750e+00, time=2025-04-15 20:16:49 
jj1 = 77, max_th = 1.977261e+00, time=2025-04-15 20:18:05 
jj1 = 388, max_th = 1.441674e+00, time=2025-04-15 20:19:08 
jj1 = 233, max_th = 2.460028e+00, time=2025-04-15 20:21:02 
jj1 = 429, max_th = 2.007195e+00, time=2025-04-15 20:21:04 
jj1 = 271, max_th = 2.459816e+00, time=2025-04-15 20:21:24 
jj1 = 113, max_th = 2.562751e+00, time=2025-04-15 20:27:24 
jj1 = 466, max_th = 1.392800e+00, time=2025-04-15 20:27:49 
jj1 = 193, max_th = 1.567004e+00, time=2025-04-15 20:28:24 
jj1 = 428, max_th = 2.860271e+00, time=2025-04-15 20:29:52 
jj1 = 507, max_th = 2.001312e+00, time=2025-04-15 20:30:17 
jj1 = 506, max_th = -1.390362e-01, time=2025-04-15 20:30:55 
jj1 = 309, max_th = 2.455878e+00, time=2025-04-15 20:31:02 
jj1 = 154, max_th = 1.377345e+00, time=2025-04-15 20:33:03 
jj1 = 351, max_th = 1.773782e+00, time=2025-04-15 20:35:57 
jj1 = 76, max_th = 2.109579e+00, time=2025-04-15 20:43:29 
jj1 = 308, max_th = 2.551645e+00, time=2025-04-15 20:44:15 
jj1 = 505, max_th = 1.207283e+00, time=2025-04-15 20:44:42 
jj1 = 387, max_th = 2.156669e+00, time=2025-04-15 20:46:22 
jj1 = 153, max_th = 2.606635e+00, time=2025-04-15 20:46:29 
jj1 = 270, max_th = 1.817840e+00, time=2025-04-15 20:47:27 
jj1 = 427, max_th = 2.507810e+00, time=2025-04-15 20:47:50 
jj1 = 112, max_th = 2.250883e+00, time=2025-04-15 20:48:27 
jj1 = 192, max_th = 1.757669e+00, time=2025-04-15 20:49:22 
jj1 = 232, max_th = 1.767694e+00, time=2025-04-15 20:49:23 
jj1 = 307, max_th = 9.691650e-01, time=2025-04-15 20:49:55 
jj1 = 465, max_th = 2.268854e+00, time=2025-04-15 20:51:35 
jj1 = 152, max_th = 2.705937e+00, time=2025-04-15 20:57:24 
jj1 = 504, max_th = 1.750405e+00, time=2025-04-15 20:58:57 
jj1 = 386, max_th = 2.555682e+00, time=2025-04-15 21:03:08 
jj1 = 426, max_th = 1.800094e+00, time=2025-04-15 21:04:46 
jj1 = 350, max_th = 1.964975e+00, time=2025-04-15 21:05:13 
jj1 = 75, max_th = 2.336761e+00, time=2025-04-15 21:06:17 
jj1 = 464, max_th = 1.586363e+00, time=2025-04-15 21:06:51 
jj1 = 151, max_th = 2.653713e+00, time=2025-04-15 21:08:44 
jj1 = 191, max_th = 1.636401e+00, time=2025-04-15 21:12:30 
jj1 = 150, max_th = 1.027135e+00, time=2025-04-15 21:15:00 
jj1 = 306, max_th = 1.946886e+00, time=2025-04-15 21:16:26 
jj1 = 349, max_th = 2.573163e+00, time=2025-04-15 21:17:28 
jj1 = 425, max_th = 1.390490e+00, time=2025-04-15 21:17:58 
jj1 = 305, max_th = 6.667233e-01, time=2025-04-15 21:19:02 
jj1 = 231, max_th = 1.869257e+00, time=2025-04-15 21:19:04 
jj1 = 503, max_th = 1.658521e+00, time=2025-04-15 21:19:08 
jj1 = 269, max_th = 1.862751e+00, time=2025-04-15 21:21:48 
jj1 = 502, max_th = 2.757551e+00, time=2025-04-15 21:26:24 
jj1 = 463, max_th = 2.393347e+00, time=2025-04-15 21:26:36 
jj1 = 111, max_th = 2.017869e+00, time=2025-04-15 21:27:05 
jj1 = 230, max_th = 1.158250e+00, time=2025-04-15 21:28:20 
jj1 = 149, max_th = 2.506381e+00, time=2025-04-15 21:30:30 
jj1 = 385, max_th = 1.816974e+00, time=2025-04-15 21:31:01 
jj1 = 74, max_th = 1.914136e+00, time=2025-04-15 21:31:07 
jj1 = 110, max_th = 8.219735e-01, time=2025-04-15 21:32:51 
jj1 = 501, max_th = 1.254014e+00, time=2025-04-15 21:35:36 
jj1 = 190, max_th = 2.264375e+00, time=2025-04-15 21:36:13 
jj1 = 500, max_th = 3.055985e+00, time=2025-04-15 21:38:18 
jj1 = 462, max_th = 2.436961e+00, time=2025-04-15 21:39:44 
jj1 = 499, max_th = 5.816930e-01, time=2025-04-15 21:39:58 
jj1 = 304, max_th = 1.647800e+00, time=2025-04-15 21:40:57 
jj1 = 348, max_th = 1.805941e+00, time=2025-04-15 21:41:45 
jj1 = 384, max_th = 1.118310e+00, time=2025-04-15 21:42:15 
jj1 = 268, max_th = 1.795568e+00, time=2025-04-15 21:43:49 
jj1 = 424, max_th = 2.095847e+00, time=2025-04-15 21:44:03 
jj1 = 267, max_th = 3.131749e+00, time=2025-04-15 21:46:18 
jj1 = 73, max_th = 2.491947e+00, time=2025-04-15 21:47:08 
jj1 = 229, max_th = 2.151441e+00, time=2025-04-15 21:50:01 
jj1 = 303, max_th = 2.596709e+00, time=2025-04-15 21:52:33 
jj1 = 148, max_th = 2.269200e+00, time=2025-04-15 21:55:02 
jj1 = 383, max_th = 2.500711e+00, time=2025-04-15 21:55:45 
jj1 = 461, max_th = 1.703770e+00, time=2025-04-15 21:57:55 
jj1 = 72, max_th = 2.714521e+00, time=2025-04-15 22:00:13 
jj1 = 347, max_th = 2.401563e+00, time=2025-04-15 22:00:47 
jj1 = 498, max_th = 1.556820e+00, time=2025-04-15 22:03:06 
jj1 = 189, max_th = 2.180883e+00, time=2025-04-15 22:03:48 
jj1 = 109, max_th = 1.866463e+00, time=2025-04-15 22:07:13 
jj1 = 188, max_th = 3.404501e+00, time=2025-04-15 22:10:35 
jj1 = 266, max_th = 2.057006e+00, time=2025-04-15 22:10:51 
jj1 = 423, max_th = 1.989563e+00, time=2025-04-15 22:12:24 
jj1 = 147, max_th = 2.263417e+00, time=2025-04-15 22:18:31 
jj1 = 302, max_th = 1.866249e+00, time=2025-04-15 22:19:24 
jj1 = 228, max_th = 1.928179e+00, time=2025-04-15 22:19:55 
jj1 = 382, max_th = 1.776405e+00, time=2025-04-15 22:23:09 
jj1 = 460, max_th = 1.720600e+00, time=2025-04-15 22:23:21 
jj1 = 301, max_th = 8.277713e-01, time=2025-04-15 22:23:30 
jj1 = 108, max_th = 2.199643e+00, time=2025-04-15 22:24:38 
jj1 = 71, max_th = 2.007652e+00, time=2025-04-15 22:24:55 
jj1 = 422, max_th = 2.652709e+00, time=2025-04-15 22:25:24 
jj1 = 107, max_th = 6.600837e-01, time=2025-04-15 22:26:45 
jj1 = 265, max_th = 1.293229e+00, time=2025-04-15 22:27:03 
jj1 = 497, max_th = 1.886899e+00, time=2025-04-15 22:27:24 
jj1 = 227, max_th = 1.429522e+00, time=2025-04-15 22:36:15 
jj1 = 187, max_th = 2.085872e+00, time=2025-04-15 22:37:56 
jj1 = 146, max_th = 2.100569e+00, time=2025-04-15 22:39:00 
jj1 = 70, max_th = 1.517517e+00, time=2025-04-15 22:41:31 
jj1 = 346, max_th = 1.883631e+00, time=2025-04-15 22:42:20 
jj1 = 421, max_th = 1.524035e+00, time=2025-04-15 22:44:28 
jj1 = 496, max_th = 2.251668e+00, time=2025-04-15 22:47:10 
jj1 = 459, max_th = 1.620017e+00, time=2025-04-15 22:48:41 
jj1 = 300, max_th = 2.031283e+00, time=2025-04-15 22:50:10 
jj1 = 381, max_th = 1.956519e+00, time=2025-04-15 22:50:28 
jj1 = 264, max_th = 1.637768e+00, time=2025-04-15 22:52:19 
jj1 = 145, max_th = 1.450399e+00, time=2025-04-15 22:52:45 
jj1 = 106, max_th = 2.058833e+00, time=2025-04-15 22:55:48 
jj1 = 186, max_th = 1.756200e+00, time=2025-04-15 23:02:20 
jj1 = 144, max_th = 2.586201e+00, time=2025-04-15 23:03:27 
jj1 = 345, max_th = 1.984705e+00, time=2025-04-15 23:04:18 
jj1 = 226, max_th = 2.170602e+00, time=2025-04-15 23:05:07 
jj1 = 69, max_th = 2.086165e+00, time=2025-04-15 23:07:26 
jj1 = 420, max_th = 1.712115e+00, time=2025-04-15 23:07:55 
jj1 = 105, max_th = 2.613498e+00, time=2025-04-15 23:09:31 
jj1 = 458, max_th = 1.920129e+00, time=2025-04-15 23:11:13 
jj1 = 495, max_th = 1.890478e+00, time=2025-04-15 23:13:05 
jj1 = 299, max_th = 2.156554e+00, time=2025-04-15 23:14:38 
jj1 = 263, max_th = 1.691331e+00, time=2025-04-15 23:16:18 
jj1 = 143, max_th = 2.541216e+00, time=2025-04-15 23:17:42 
jj1 = 380, max_th = 2.178149e+00, time=2025-04-15 23:20:44 
jj1 = 104, max_th = 1.444635e+00, time=2025-04-15 23:21:06 
jj1 = 142, max_th = 2.750395e+00, time=2025-04-15 23:24:39 
jj1 = 298, max_th = 1.498027e+00, time=2025-04-15 23:29:22 
jj1 = 457, max_th = 1.552552e+00, time=2025-04-15 23:30:27 
jj1 = 185, max_th = 1.874107e+00, time=2025-04-15 23:30:44 
jj1 = 494, max_th = 1.651639e+00, time=2025-04-15 23:31:16 
jj1 = 225, max_th = 1.894959e+00, time=2025-04-15 23:31:36 
jj1 = 344, max_th = 2.135016e+00, time=2025-04-15 23:33:06 
jj1 = 419, max_th = 1.991472e+00, time=2025-04-15 23:34:20 
jj1 = 456, max_th = 9.148152e-01, time=2025-04-15 23:34:25 
jj1 = 68, max_th = 2.155298e+00, time=2025-04-15 23:35:40 
jj1 = 343, max_th = 2.985856e+00, time=2025-04-15 23:37:29 
jj1 = 262, max_th = 2.031161e+00, time=2025-04-15 23:46:52 
jj1 = 103, max_th = 2.198933e+00, time=2025-04-15 23:48:01 
jj1 = 418, max_th = 2.486762e+00, time=2025-04-15 23:48:02 
jj1 = 297, max_th = 2.000965e+00, time=2025-04-15 23:48:43 
jj1 = 379, max_th = 2.296568e+00, time=2025-04-15 23:50:01 
jj1 = 141, max_th = 1.940470e+00, time=2025-04-15 23:51:58 
jj1 = 184, max_th = 2.631459e+00, time=2025-04-15 23:54:32 
jj1 = 493, max_th = 2.181754e+00, time=2025-04-15 23:57:03 
jj1 = 455, max_th = 1.753160e+00, time=2025-04-15 23:57:34 
jj1 = 342, max_th = 2.000872e+00, time=2025-04-15 23:57:42 
jj1 = 67, max_th = 2.002929e+00, time=2025-04-16 00:00:55 
jj1 = 224, max_th = 1.824554e+00, time=2025-04-16 00:01:37 
jj1 = 341, max_th = 9.945711e-01, time=2025-04-16 00:04:31 
jj1 = 140, max_th = 1.635723e+00, time=2025-04-16 00:06:40 
jj1 = 417, max_th = 1.517825e+00, time=2025-04-16 00:08:05 
jj1 = 454, max_th = 1.335398e+00, time=2025-04-16 00:10:31 
jj1 = 102, max_th = 2.475962e+00, time=2025-04-16 00:11:17 
jj1 = 492, max_th = 2.536643e+00, time=2025-04-16 00:12:13 
jj1 = 378, max_th = 2.051897e+00, time=2025-04-16 00:14:51 
jj1 = 296, max_th = 1.916340e+00, time=2025-04-16 00:16:48 
jj1 = 66, max_th = 2.571651e+00, time=2025-04-16 00:17:17 
jj1 = 183, max_th = 2.114116e+00, time=2025-04-16 00:18:01 
jj1 = 340, max_th = 1.799847e+00, time=2025-04-16 00:20:36 
jj1 = 261, max_th = 1.926572e+00, time=2025-04-16 00:22:05 
jj1 = 491, max_th = 2.633535e+00, time=2025-04-16 00:24:53 
jj1 = 223, max_th = 1.853382e+00, time=2025-04-16 00:25:04 
jj1 = 260, max_th = 2.813062e+00, time=2025-04-16 00:30:37 
jj1 = 339, max_th = 2.747719e+00, time=2025-04-16 00:30:44 
jj1 = 139, max_th = 2.167949e+00, time=2025-04-16 00:32:59 
jj1 = 416, max_th = 1.678301e+00, time=2025-04-16 00:33:20 
jj1 = 453, max_th = 2.195832e+00, time=2025-04-16 00:36:12 
jj1 = 65, max_th = 1.894880e+00, time=2025-04-16 00:36:56 
jj1 = 182, max_th = 1.791850e+00, time=2025-04-16 00:38:41 
jj1 = 295, max_th = 2.206861e+00, time=2025-04-16 00:39:55 
jj1 = 377, max_th = 1.745653e+00, time=2025-04-16 00:40:04 
jj1 = 101, max_th = 1.922317e+00, time=2025-04-16 00:40:12 
jj1 = 259, max_th = 1.234390e+00, time=2025-04-16 00:42:54 
jj1 = 490, max_th = 2.288704e+00, time=2025-04-16 00:47:47 
jj1 = 222, max_th = 1.686025e+00, time=2025-04-16 00:51:12 
jj1 = 376, max_th = 1.256492e+00, time=2025-04-16 00:51:19 
jj1 = 64, max_th = 2.401560e+00, time=2025-04-16 00:52:40 
jj1 = 100, max_th = 1.279785e+00, time=2025-04-16 00:54:15 
jj1 = 668, max_th = 1.267904e+00, time=2025-04-16 00:54:32 
jj1 = 415, max_th = 1.662660e+00, time=2025-04-16 00:55:34 
jj1 = 181, max_th = 1.652373e+00, time=2025-04-16 00:57:09 
jj1 = 452, max_th = 1.531796e+00, time=2025-04-16 00:57:23 
jj1 = 338, max_th = 2.070786e+00, time=2025-04-16 01:00:16 
jj1 = 768, max_th = 1.913657e+00, time=2025-04-16 01:01:00 
jj1 = 258, max_th = 1.556884e+00, time=2025-04-16 01:03:02 
jj1 = 748, max_th = 1.749012e+00, time=2025-04-16 01:07:43 
jj1 = 375, max_th = 2.518794e+00, time=2025-04-16 01:10:12 
jj1 = 414, max_th = 1.505299e+00, time=2025-04-16 01:13:24 
jj1 = 63, max_th = 2.242635e+00, time=2025-04-16 01:14:28 
jj1 = 221, max_th = 1.628024e+00, time=2025-04-16 01:14:31 
jj1 = 688, max_th = 1.736481e+00, time=2025-04-16 01:21:27 
jj1 = 257, max_th = 1.418442e+00, time=2025-04-16 01:21:27 
jj1 = 667, max_th = 2.114191e+00, time=2025-04-16 01:21:53 
jj1 = 767, max_th = 1.486452e+00, time=2025-04-16 01:22:39 
jj1 = 451, max_th = 2.104155e+00, time=2025-04-16 01:23:25 
jj1 = 62, max_th = 2.725035e+00, time=2025-04-16 01:23:43 
jj1 = 180, max_th = 1.967637e+00, time=2025-04-16 01:24:31 
jj1 = 766, max_th = 6.371756e-01, time=2025-04-16 01:24:56 
jj1 = 179, max_th = 7.125196e-01, time=2025-04-16 01:26:08 
jj1 = 337, max_th = 2.075326e+00, time=2025-04-16 01:27:26 
jj1 = 374, max_th = 1.697810e+00, time=2025-04-16 01:31:00 
jj1 = 413, max_th = 1.619502e+00, time=2025-04-16 01:34:24 
jj1 = 747, max_th = 2.071108e+00, time=2025-04-16 01:35:38 
jj1 = 220, max_th = 2.097983e+00, time=2025-04-16 01:38:11 
jj1 = 412, max_th = 9.970406e-01, time=2025-04-16 01:38:48 
jj1 = 373, max_th = 1.220526e+00, time=2025-04-16 01:44:05 
jj1 = 746, max_th = 2.649340e+00, time=2025-04-16 01:45:09 
jj1 = 666, max_th = 2.236978e+00, time=2025-04-16 01:47:30 
jj1 = 648, max_th = 2.233853e+00, time=2025-04-16 01:47:35 
jj1 = 256, max_th = 2.274668e+00, time=2025-04-16 01:48:40 
jj1 = 61, max_th = 2.067584e+00, time=2025-04-16 01:51:25 
jj1 = 765, max_th = 2.021947e+00, time=2025-04-16 01:52:01 
jj1 = 178, max_th = 2.040618e+00, time=2025-04-16 01:52:18 
jj1 = 708, max_th = 1.548932e+00, time=2025-04-16 01:53:47 
jj1 = 336, max_th = 2.269696e+00, time=2025-04-16 01:56:09 
jj1 = 588, max_th = 1.060437e+00, time=2025-04-16 01:56:32 
jj1 = 219, max_th = 2.249387e+00, time=2025-04-16 01:57:08 
jj1 = 687, max_th = 2.191932e+00, time=2025-04-16 01:59:52 
jj1 = 728, max_th = 1.355541e+00, time=2025-04-16 02:04:09 
jj1 = 548, max_th = 2.425034e+00, time=2025-04-16 02:04:26 
jj1 = 547, max_th = -1.985790e-02, time=2025-04-16 02:05:49 
jj1 = 587, max_th = 2.732435e+00, time=2025-04-16 02:07:19 
jj1 = 727, max_th = 2.976679e+00, time=2025-04-16 02:07:34 
jj1 = 745, max_th = 1.758605e+00, time=2025-04-16 02:08:13 
jj1 = 218, max_th = 1.216043e+00, time=2025-04-16 02:09:10 
jj1 = 628, max_th = 1.774460e+00, time=2025-04-16 02:13:14 
jj1 = 764, max_th = 2.339007e+00, time=2025-04-16 02:13:39 
jj1 = 665, max_th = 1.994872e+00, time=2025-04-16 02:13:58 
jj1 = 586, max_th = 1.178016e+00, time=2025-04-16 02:14:23 
jj1 = 647, max_th = 1.923864e+00, time=2025-04-16 02:16:39 
jj1 = 707, max_th = 2.210896e+00, time=2025-04-16 02:16:49 
jj1 = 763, max_th = 8.381843e-01, time=2025-04-16 02:17:06 
jj1 = 335, max_th = 1.853014e+00, time=2025-04-16 02:17:33 
jj1 = 726, max_th = 2.791988e+00, time=2025-04-16 02:17:34 
jj1 = 744, max_th = 1.304181e+00, time=2025-04-16 02:22:06 
jj1 = 686, max_th = 1.611432e+00, time=2025-04-16 02:23:02 
jj1 = 627, max_th = 1.550151e+00, time=2025-04-16 02:25:33 
jj1 = 217, max_th = 2.467279e+00, time=2025-04-16 02:27:28 
jj1 = 546, max_th = 1.855449e+00, time=2025-04-16 02:30:10 
jj1 = 706, max_th = 2.461020e+00, time=2025-04-16 02:35:52 
jj1 = 646, max_th = 2.519688e+00, time=2025-04-16 02:36:40 
jj1 = 664, max_th = 1.675829e+00, time=2025-04-16 02:42:11 
jj1 = 334, max_th = 1.712759e+00, time=2025-04-16 02:42:15 
jj1 = 585, max_th = 1.774784e+00, time=2025-04-16 02:43:20 
jj1 = 762, max_th = 2.104051e+00, time=2025-04-16 02:43:23 
jj1 = 725, max_th = 2.082733e+00, time=2025-04-16 02:45:30 
jj1 = 626, max_th = 2.248523e+00, time=2025-04-16 02:46:12 
jj1 = 743, max_th = 1.787161e+00, time=2025-04-16 02:47:16 
jj1 = 685, max_th = 2.090415e+00, time=2025-04-16 02:48:40 
jj1 = 705, max_th = 1.356410e+00, time=2025-04-16 02:48:46 
jj1 = 545, max_th = 1.613835e+00, time=2025-04-16 02:52:52 
jj1 = 625, max_th = 2.652947e+00, time=2025-04-16 02:55:24 
jj1 = 568, max_th = 1.928147e+00, time=2025-04-16 02:56:04 
jj1 = 645, max_th = 1.750296e+00, time=2025-04-16 02:56:20 
jj1 = 704, max_th = 2.826281e+00, time=2025-04-16 02:56:20 
jj1 = 663, max_th = 1.324864e+00, time=2025-04-16 02:57:06 
jj1 = 624, max_th = 8.732115e-01, time=2025-04-16 03:00:01 
jj1 = 684, max_th = 2.567859e+00, time=2025-04-16 03:03:12 
jj1 = 644, max_th = 2.772612e+00, time=2025-04-16 03:04:46 
jj1 = 761, max_th = 2.201917e+00, time=2025-04-16 03:05:12 
jj1 = 608, max_th = 1.719344e+00, time=2025-04-16 03:06:26 
jj1 = 724, max_th = 2.284084e+00, time=2025-04-16 03:08:48 
jj1 = 742, max_th = 1.641958e+00, time=2025-04-16 03:08:53 
jj1 = 567, max_th = 2.541525e+00, time=2025-04-16 03:10:53 
jj1 = 584, max_th = 1.976289e+00, time=2025-04-16 03:14:32 
jj1 = 607, max_th = 1.250807e+00, time=2025-04-16 03:16:00 
jj1 = 544, max_th = 1.795876e+00, time=2025-04-16 03:16:45 
jj1 = 723, max_th = 1.070009e+00, time=2025-04-16 03:17:15 
jj1 = 760, max_th = 2.299522e+00, time=2025-04-16 03:21:28 
jj1 = 683, max_th = 2.147623e+00, time=2025-04-16 03:21:29 
jj1 = 623, max_th = 2.192368e+00, time=2025-04-16 03:25:20 
jj1 = 703, max_th = 1.832122e+00, time=2025-04-16 03:25:37 
jj1 = 741, max_th = 2.468123e+00, time=2025-04-16 03:27:54 
jj1 = 662, max_th = 1.822519e+00, time=2025-04-16 03:28:54 
jj1 = 566, max_th = 2.460295e+00, time=2025-04-16 03:30:32 
jj1 = 643, max_th = 1.627456e+00, time=2025-04-16 03:32:57 
jj1 = 682, max_th = 1.133495e+00, time=2025-04-16 03:33:15 
jj1 = 606, max_th = 1.608498e+00, time=2025-04-16 03:37:36 
jj1 = 543, max_th = 1.695540e+00, time=2025-04-16 03:38:15 
jj1 = 583, max_th = 2.161467e+00, time=2025-04-16 03:42:00 
jj1 = 661, max_th = 2.562001e+00, time=2025-04-16 03:44:59 
jj1 = 722, max_th = 2.272534e+00, time=2025-04-16 03:45:21 
jj1 = 759, max_th = 1.659706e+00, time=2025-04-16 03:45:33 
jj1 = 582, max_th = 2.988410e+00, time=2025-04-16 03:46:06 
jj1 = 681, max_th = 2.615505e+00, time=2025-04-16 03:46:23 
jj1 = 642, max_th = 2.536334e+00, time=2025-04-16 03:48:42 
jj1 = 622, max_th = 1.756765e+00, time=2025-04-16 03:48:57 
jj1 = 702, max_th = 1.756456e+00, time=2025-04-16 03:51:03 
jj1 = 740, max_th = 2.241471e+00, time=2025-04-16 03:51:22 
jj1 = 565, max_th = 2.204320e+00, time=2025-04-16 03:52:08 
jj1 = 581, max_th = 2.720497e+00, time=2025-04-16 03:56:06 
jj1 = 564, max_th = 1.152623e+00, time=2025-04-16 04:01:15 
jj1 = 605, max_th = 2.160181e+00, time=2025-04-16 04:03:29 
jj1 = 721, max_th = 2.293906e+00, time=2025-04-16 04:06:10 
jj1 = 542, max_th = 1.972904e+00, time=2025-04-16 04:07:42 
jj1 = 758, max_th = 2.190456e+00, time=2025-04-16 04:10:41 
jj1 = 660, max_th = 2.137651e+00, time=2025-04-16 04:10:56 
jj1 = 621, max_th = 2.139989e+00, time=2025-04-16 04:11:38 
jj1 = 701, max_th = 1.576712e+00, time=2025-04-16 04:12:12 
jj1 = 739, max_th = 1.577279e+00, time=2025-04-16 04:12:36 
jj1 = 541, max_th = 9.789443e-01, time=2025-04-16 04:14:10 
jj1 = 604, max_th = 2.606314e+00, time=2025-04-16 04:17:10 
jj1 = 680, max_th = 2.118273e+00, time=2025-04-16 04:17:46 
jj1 = 563, max_th = 1.518627e+00, time=2025-04-16 04:17:52 
jj1 = 641, max_th = 1.767402e+00, time=2025-04-16 04:19:16 
jj1 = 580, max_th = 2.105171e+00, time=2025-04-16 04:20:47 
jj1 = 757, max_th = 1.423096e+00, time=2025-04-16 04:26:04 
jj1 = 679, max_th = 1.258278e+00, time=2025-04-16 04:31:08 
jj1 = 659, max_th = 2.441377e+00, time=2025-04-16 04:31:18 
jj1 = 720, max_th = 1.944230e+00, time=2025-04-16 04:31:20 
jj1 = 579, max_th = 1.398178e+00, time=2025-04-16 04:32:18 
jj1 = 700, max_th = 2.048251e+00, time=2025-04-16 04:34:08 
jj1 = 640, max_th = 2.664927e+00, time=2025-04-16 04:36:08 
jj1 = 620, max_th = 2.183408e+00, time=2025-04-16 04:38:16 
jj1 = 738, max_th = 1.923087e+00, time=2025-04-16 04:40:03 
jj1 = 756, max_th = 1.363315e+00, time=2025-04-16 04:40:17 
jj1 = 562, max_th = 2.006290e+00, time=2025-04-16 04:42:30 
jj1 = 540, max_th = 2.075431e+00, time=2025-04-16 04:43:18 
jj1 = 603, max_th = 1.758531e+00, time=2025-04-16 04:43:21 
jj1 = 719, max_th = 2.379921e+00, time=2025-04-16 04:51:16 
jj1 = 602, max_th = 1.187151e+00, time=2025-04-16 04:51:56 
jj1 = 578, max_th = 1.519534e+00, time=2025-04-16 04:52:08 
jj1 = 699, max_th = 2.248217e+00, time=2025-04-16 04:53:11 
jj1 = 658, max_th = 2.413905e+00, time=2025-04-16 04:53:22 
jj1 = 561, max_th = 2.581633e+00, time=2025-04-16 04:56:24 
jj1 = 619, max_th = 1.493031e+00, time=2025-04-16 04:57:29 
jj1 = 678, max_th = 1.880053e+00, time=2025-04-16 04:59:04 
jj1 = 601, max_th = 3.456544e+00, time=2025-04-16 05:00:36 
jj1 = 639, max_th = 2.136555e+00, time=2025-04-16 05:01:28 
jj1 = 737, max_th = 1.783448e+00, time=2025-04-16 05:05:05 
jj1 = 539, max_th = 2.001497e+00, time=2025-04-16 05:06:58 
jj1 = 755, max_th = 2.256496e+00, time=2025-04-16 05:07:23 
jj1 = 718, max_th = 1.589716e+00, time=2025-04-16 05:12:04 
jj1 = 577, max_th = 2.048899e+00, time=2025-04-16 05:12:47 
jj1 = 657, max_th = 1.457556e+00, time=2025-04-16 05:14:24 
jj1 = 698, max_th = 2.285462e+00, time=2025-04-16 05:18:13 
jj1 = 618, max_th = 1.686099e+00, time=2025-04-16 05:19:42 
jj1 = 617, max_th = 7.120858e-01, time=2025-04-16 05:22:29 
jj1 = 576, max_th = 2.777675e+00, time=2025-04-16 05:22:41 
jj1 = 560, max_th = 1.880107e+00, time=2025-04-16 05:23:56 
jj1 = 600, max_th = 1.853516e+00, time=2025-04-16 05:25:09 
jj1 = 754, max_th = 1.443732e+00, time=2025-04-16 05:25:37 
jj1 = 538, max_th = 2.395464e+00, time=2025-04-16 05:27:24 
jj1 = 677, max_th = 1.934588e+00, time=2025-04-16 05:28:44 
jj1 = 736, max_th = 1.923959e+00, time=2025-04-16 05:29:57 
jj1 = 638, max_th = 1.929373e+00, time=2025-04-16 05:29:59 
jj1 = 656, max_th = 2.543129e+00, time=2025-04-16 05:31:10 
jj1 = 717, max_th = 2.167467e+00, time=2025-04-16 05:33:16 
jj1 = 716, max_th = 9.582432e-01, time=2025-04-16 05:38:21 
jj1 = 559, max_th = 2.220254e+00, time=2025-04-16 05:46:38 
jj1 = 575, max_th = 1.616552e+00, time=2025-04-16 05:48:18 
jj1 = 676, max_th = 1.278247e+00, time=2025-04-16 05:49:08 
jj1 = 616, max_th = 1.644841e+00, time=2025-04-16 05:49:16 
jj1 = 697, max_th = 1.831927e+00, time=2025-04-16 05:50:15 
jj1 = 637, max_th = 1.841129e+00, time=2025-04-16 05:53:15 
jj1 = 735, max_th = 2.113928e+00, time=2025-04-16 05:53:50 
jj1 = 537, max_th = 1.916842e+00, time=2025-04-16 05:56:39 
jj1 = 753, max_th = 2.115969e+00, time=2025-04-16 05:56:41 
jj1 = 696, max_th = 2.862762e+00, time=2025-04-16 05:58:03 
jj1 = 715, max_th = 1.573736e+00, time=2025-04-16 05:58:12 
jj1 = 599, max_th = 1.747450e+00, time=2025-04-16 06:00:21 
jj1 = 655, max_th = 2.105639e+00, time=2025-04-16 06:02:31 
jj1 = 734, max_th = 2.678939e+00, time=2025-04-16 06:05:09 
jj1 = 558, max_th = 2.262977e+00, time=2025-04-16 06:08:28 
jj1 = 574, max_th = 2.379311e+00, time=2025-04-16 06:09:39 
jj1 = 714, max_th = 2.466122e+00, time=2025-04-16 06:12:33 
jj1 = 713, max_th = 3.061871e+00, time=2025-04-16 06:14:08 
jj1 = 752, max_th = 2.521248e+00, time=2025-04-16 06:15:40 
jj1 = 675, max_th = 2.328397e+00, time=2025-04-16 06:15:48 
jj1 = 557, max_th = 2.762974e+00, time=2025-04-16 06:16:28 
jj1 = 636, max_th = 2.109415e+00, time=2025-04-16 06:17:33 
jj1 = 615, max_th = 1.719338e+00, time=2025-04-16 06:18:58 
jj1 = 695, max_th = 1.552006e+00, time=2025-04-16 06:19:12 
jj1 = 614, max_th = 3.419545e+00, time=2025-04-16 06:19:29 
jj1 = 598, max_th = 2.463391e+00, time=2025-04-16 06:21:52 
jj1 = 674, max_th = 2.881170e+00, time=2025-04-16 06:22:27 
jj1 = 536, max_th = 1.680174e+00, time=2025-04-16 06:24:47 
jj1 = 654, max_th = 1.644755e+00, time=2025-04-16 06:27:50 
jj1 = 733, max_th = 1.726640e+00, time=2025-04-16 06:28:41 
jj1 = 673, max_th = 9.857669e-01, time=2025-04-16 06:28:46 
jj1 = 712, max_th = 1.603104e+00, time=2025-04-16 06:30:40 
jj1 = 751, max_th = 2.455952e+00, time=2025-04-16 06:34:57 
jj1 = 573, max_th = 2.021721e+00, time=2025-04-16 06:39:36 
jj1 = 556, max_th = 2.356571e+00, time=2025-04-16 06:40:57 
jj1 = 635, max_th = 1.668545e+00, time=2025-04-16 06:41:32 
jj1 = 750, max_th = 2.810726e+00, time=2025-04-16 06:42:09 
jj1 = 555, max_th = 5.789046e-01, time=2025-04-16 06:42:23 
jj1 = 672, max_th = 1.442387e+00, time=2025-04-16 06:44:40 
jj1 = 613, max_th = 1.989904e+00, time=2025-04-16 06:47:50 
jj1 = 535, max_th = 1.794569e+00, time=2025-04-16 06:49:43 
jj1 = 653, max_th = 2.371796e+00, time=2025-04-16 06:50:10 
jj1 = 634, max_th = 2.694150e+00, time=2025-04-16 06:51:19 
jj1 = 597, max_th = 1.861588e+00, time=2025-04-16 06:52:24 
jj1 = 711, max_th = 1.683312e+00, time=2025-04-16 06:54:28 
jj1 = 694, max_th = 1.622093e+00, time=2025-04-16 06:55:36 
jj1 = 732, max_th = 2.012581e+00, time=2025-04-16 06:55:43 
jj1 = 572, max_th = 2.393617e+00, time=2025-04-16 06:59:16 
jj1 = 731, max_th = 2.932419e+00, time=2025-04-16 07:00:36 
jj1 = 710, max_th = 2.739745e+00, time=2025-04-16 07:04:18 
jj1 = 571, max_th = 1.016906e+00, time=2025-04-16 07:06:42 
jj1 = 554, max_th = 2.132242e+00, time=2025-04-16 07:08:31 
jj1 = 749, max_th = 1.857320e+00, time=2025-04-16 07:08:43 
jj1 = 693, max_th = 1.441797e+00, time=2025-04-16 07:10:36 
jj1 = 671, max_th = 1.916998e+00, time=2025-04-16 07:13:32 
jj1 = 612, max_th = 1.825976e+00, time=2025-04-16 07:17:05 
jj1 = 633, max_th = 1.819173e+00, time=2025-04-16 07:18:37 
jj1 = 652, max_th = 2.176203e+00, time=2025-04-16 07:19:41 
jj1 = 570, max_th = 2.679472e+00, time=2025-04-16 07:20:49 
jj1 = 730, max_th = 1.834257e+00, time=2025-04-16 07:26:03 
jj1 = 596, max_th = 2.172369e+00, time=2025-04-16 07:27:31 
jj1 = 709, max_th = 1.763145e+00, time=2025-04-16 07:28:18 
jj1 = 553, max_th = 2.148540e+00, time=2025-04-16 07:30:48 
jj1 = 534, max_th = 2.041806e+00, time=2025-04-16 07:31:17 
jj1 = 569, max_th = 1.185877e+00, time=2025-04-16 07:32:03 
jj1 = 595, max_th = 1.008655e+00, time=2025-04-16 07:35:03 
jj1 = 692, max_th = 2.035261e+00, time=2025-04-16 07:35:10 
jj1 = 729, max_th = 2.619349e+00, time=2025-04-16 07:37:41 
jj1 = 778, max_th = 1.969620e+00, time=2025-04-16 07:38:36 
jj1 = 651, max_th = 1.650813e+00, time=2025-04-16 07:38:38 
jj1 = 670, max_th = 1.270762e+00, time=2025-04-16 07:41:04 
jj1 = 669, max_th = 1.083406e+00, time=2025-04-16 07:45:02 
jj1 = 858, max_th = 1.478168e+00, time=2025-04-16 07:45:23 
jj1 = 552, max_th = 2.540080e+00, time=2025-04-16 07:46:12 
jj1 = 533, max_th = 1.461167e+00, time=2025-04-16 07:46:15 
jj1 = 611, max_th = 2.132779e+00, time=2025-04-16 07:48:43 
jj1 = 632, max_th = 1.977930e+00, time=2025-04-16 07:49:49 
jj1 = 848, max_th = 1.840703e+00, time=2025-04-16 07:58:44 
jj1 = 650, max_th = 1.576989e+00, time=2025-04-16 08:01:33 
jj1 = 798, max_th = 1.627637e+00, time=2025-04-16 08:02:40 
jj1 = 777, max_th = 2.001469e+00, time=2025-04-16 08:02:57 
jj1 = 691, max_th = 1.782827e+00, time=2025-04-16 08:03:12 
jj1 = 808, max_th = 2.171998e+00, time=2025-04-16 08:03:22 
jj1 = 610, max_th = 1.369582e+00, time=2025-04-16 08:07:00 
jj1 = 807, max_th = 2.930988e+00, time=2025-04-16 08:08:08 
jj1 = 594, max_th = 1.963272e+00, time=2025-04-16 08:08:20 
jj1 = 532, max_th = 2.247358e+00, time=2025-04-16 08:08:38 
jj1 = 551, max_th = 2.238743e+00, time=2025-04-16 08:10:32 
jj1 = 857, max_th = 1.732855e+00, time=2025-04-16 08:12:56 
jj1 = 631, max_th = 1.927546e+00, time=2025-04-16 08:18:28 
jj1 = 847, max_th = 2.519296e+00, time=2025-04-16 08:19:31 
jj1 = 531, max_th = 2.605379e+00, time=2025-04-16 08:21:15 
jj1 = 797, max_th = 2.258552e+00, time=2025-04-16 08:26:16 
jj1 = 550, max_th = 2.535782e+00, time=2025-04-16 08:27:01 
jj1 = 609, max_th = 1.949624e+00, time=2025-04-16 08:27:46 
jj1 = 690, max_th = 1.755521e+00, time=2025-04-16 08:28:02 
jj1 = 649, max_th = 2.108433e+00, time=2025-04-16 08:31:22 
jj1 = 776, max_th = 2.127612e+00, time=2025-04-16 08:31:31 
jj1 = 530, max_th = 1.414919e+00, time=2025-04-16 08:34:31 
jj1 = 856, max_th = 1.709206e+00, time=2025-04-16 08:35:34 
jj1 = 806, max_th = 2.041322e+00, time=2025-04-16 08:37:59 
jj1 = 689, max_th = 1.331672e+00, time=2025-04-16 08:40:39 
jj1 = 593, max_th = 1.922162e+00, time=2025-04-16 08:43:40 
jj1 = 846, max_th = 2.219058e+00, time=2025-04-16 08:44:55 
jj1 = 845, max_th = 3.412602e+00, time=2025-04-16 08:45:23 
jj1 = 630, max_th = 2.136327e+00, time=2025-04-16 08:46:08 
jj1 = 796, max_th = 2.192980e+00, time=2025-04-16 08:48:23 
jj1 = 549, max_th = 1.760741e+00, time=2025-04-16 08:49:50 
jj1 = 529, max_th = 2.455847e+00, time=2025-04-16 08:52:35 
jj1 = 775, max_th = 1.854613e+00, time=2025-04-16 08:53:56 
jj1 = 805, max_th = 2.457983e+00, time=2025-04-16 08:55:59 
jj1 = 868, max_th = 2.031946e+00, time=2025-04-16 08:57:01 
jj1 = 788, max_th = 1.792566e+00, time=2025-04-16 08:57:04 
jj1 = 629, max_th = 2.561128e+00, time=2025-04-16 09:01:10 
jj1 = 855, max_th = 1.824215e+00, time=2025-04-16 09:04:25 
jj1 = 838, max_th = 1.600100e+00, time=2025-04-16 09:05:56 
jj1 = 828, max_th = 1.722212e+00, time=2025-04-16 09:08:24 
jj1 = 804, max_th = 1.404823e+00, time=2025-04-16 09:10:19 
jj1 = 844, max_th = 2.059981e+00, time=2025-04-16 09:11:06 
jj1 = 592, max_th = 2.117588e+00, time=2025-04-16 09:15:27 
jj1 = 795, max_th = 1.831144e+00, time=2025-04-16 09:17:17 
jj1 = 774, max_th = 1.948678e+00, time=2025-04-16 09:17:59 
jj1 = 878, max_th = 1.986073e+00, time=2025-04-16 09:18:44 
jj1 = 867, max_th = 2.294885e+00, time=2025-04-16 09:23:31 
jj1 = 854, max_th = 1.471370e+00, time=2025-04-16 09:25:06 
jj1 = 818, max_th = 2.322049e+00, time=2025-04-16 09:26:23 
jj1 = 773, max_th = 2.482252e+00, time=2025-04-16 09:29:30 
jj1 = 837, max_th = 2.224096e+00, time=2025-04-16 09:32:22 
jj1 = 787, max_th = 1.885597e+00, time=2025-04-16 09:33:54 
jj1 = 794, max_th = 1.414796e+00, time=2025-04-16 09:34:31 
jj1 = 591, max_th = 1.367876e+00, time=2025-04-16 09:36:47 
jj1 = 843, max_th = 1.765716e+00, time=2025-04-16 09:37:46 
jj1 = 803, max_th = 2.184931e+00, time=2025-04-16 09:38:36 
jj1 = 827, max_th = 1.922456e+00, time=2025-04-16 09:41:27 
jj1 = 877, max_th = 1.679890e+00, time=2025-04-16 09:41:41 
jj1 = 793, max_th = 2.613564e+00, time=2025-04-16 09:47:24 
jj1 = 817, max_th = 2.295531e+00, time=2025-04-16 09:48:10 
jj1 = 866, max_th = 2.306964e+00, time=2025-04-16 09:48:45 
jj1 = 853, max_th = 2.240117e+00, time=2025-04-16 09:50:39 
jj1 = 772, max_th = 2.247842e+00, time=2025-04-16 09:52:53 
jj1 = 865, max_th = 1.141268e+00, time=2025-04-16 09:55:32 
jj1 = 836, max_th = 2.036740e+00, time=2025-04-16 09:58:12 
jj1 = 842, max_th = 1.904278e+00, time=2025-04-16 10:01:54 
jj1 = 802, max_th = 2.291721e+00, time=2025-04-16 10:02:19 
jj1 = 786, max_th = 1.973470e+00, time=2025-04-16 10:02:44 
jj1 = 771, max_th = 2.594597e+00, time=2025-04-16 10:05:04 
jj1 = 826, max_th = 1.893886e+00, time=2025-04-16 10:07:51 
jj1 = 792, max_th = 2.050587e+00, time=2025-04-16 10:08:39 
jj1 = 876, max_th = 2.128792e+00, time=2025-04-16 10:08:47 
jj1 = 816, max_th = 1.517790e+00, time=2025-04-16 10:09:15 
jj1 = 841, max_th = 1.351031e+00, time=2025-04-16 10:13:12 
jj1 = 590, max_th = 1.912608e+00, time=2025-04-16 10:15:25 
jj1 = 852, max_th = 1.910598e+00, time=2025-04-16 10:16:23 
jj1 = 589, max_th = 8.335490e-01, time=2025-04-16 10:20:33 
jj1 = 791, max_th = 1.285907e+00, time=2025-04-16 10:20:52 
jj1 = 888, max_th = -1.109489e+00, time=2025-04-16 10:22:13 
jj1 = 864, max_th = 2.063401e+00, time=2025-04-16 10:23:32 
jj1 = 801, max_th = 1.658310e+00, time=2025-04-16 10:24:26 
jj1 = 835, max_th = 1.928099e+00, time=2025-04-16 10:26:17 
jj1 = 815, max_th = 1.539998e+00, time=2025-04-16 10:27:48 
jj1 = 834, max_th = 7.228016e-01, time=2025-04-16 10:29:27 
jj1 = 863, max_th = 2.755598e+00, time=2025-04-16 10:30:58 
jj1 = 785, max_th = 1.962866e+00, time=2025-04-16 10:32:04 
jj1 = 770, max_th = 2.039118e+00, time=2025-04-16 10:33:34 
jj1 = 840, max_th = 1.697161e+00, time=2025-04-16 10:34:53 
jj1 = 875, max_th = 1.778524e+00, time=2025-04-16 10:36:04 
jj1 = 825, max_th = 2.030226e+00, time=2025-04-16 10:36:48 
jj1 = 887, max_th = 2.505417e+00, time=2025-04-16 10:37:50 
jj1 = 851, max_th = 1.803876e+00, time=2025-04-16 10:40:06 
jj1 = 769, max_th = 2.794403e+00, time=2025-04-16 10:40:21 
jj1 = 886, max_th = 7.639547e-01, time=2025-04-16 10:41:08 
jj1 = 833, max_th = 2.250441e+00, time=2025-04-16 10:43:01 
jj1 = 814, max_th = 1.542548e+00, time=2025-04-16 10:45:08 
jj1 = 790, max_th = 2.156390e+00, time=2025-04-16 10:45:29 
jj1 = 893, max_th = 1.595290e+00, time=2025-04-16 10:50:30 
jj1 = 885, max_th = 2.780125e+00, time=2025-04-16 10:50:31 
jj1 = 800, max_th = 1.860406e+00, time=2025-04-16 10:51:47 
jj1 = 862, max_th = 2.316722e+00, time=2025-04-16 10:53:47 
jj1 = 839, max_th = 1.530611e+00, time=2025-04-16 10:55:11 
jj1 = 874, max_th = 1.666256e+00, time=2025-04-16 10:57:18 
jj1 = 799, max_th = 2.759827e+00, time=2025-04-16 10:59:14 
jj1 = 824, max_th = 1.735425e+00, time=2025-04-16 10:59:14 
jj1 = 832, max_th = 2.476780e+00, time=2025-04-16 11:01:59 
jj1 = 913, max_th = 7.644913e-01, time=2025-04-16 11:02:52 
jj1 = 789, max_th = 2.301650e+00, time=2025-04-16 11:03:07 
jj1 = 784, max_th = 1.977754e+00, time=2025-04-16 11:04:13 
jj1 = 850, max_th = 1.670075e+00, time=2025-04-16 11:04:59 
jj1 = 861, max_th = 1.534289e+00, time=2025-04-16 11:10:05 
jj1 = 813, max_th = 2.190182e+00, time=2025-04-16 11:11:09 
jj1 = 783, max_th = 1.094483e+00, time=2025-04-16 11:12:42 
jj1 = 892, max_th = 1.848387e+00, time=2025-04-16 11:12:58 
jj1 = 884, max_th = 2.024425e+00, time=2025-04-16 11:19:45 
jj1 = 912, max_th = 1.552436e+00, time=2025-04-16 11:20:18 
jj1 = 903, max_th = 2.232426e+00, time=2025-04-16 11:20:54 
jj1 = 812, max_th = 1.296084e+00, time=2025-04-16 11:21:48 
jj1 = 823, max_th = 2.139536e+00, time=2025-04-16 11:23:28 
jj1 = 860, max_th = 1.375729e+00, time=2025-04-16 11:23:50 
jj1 = 859, max_th = 8.326179e-01, time=2025-04-16 11:25:36 
jj1 = 873, max_th = 1.976922e+00, time=2025-04-16 11:25:36 
jj1 = 891, max_th = 1.454920e+00, time=2025-04-16 11:26:56 
jj1 = 849, max_th = 1.934674e+00, time=2025-04-16 11:30:11 
jj1 = 831, max_th = 1.976556e+00, time=2025-04-16 11:30:43 
jj1 = 908, max_th = 2.017765e+00, time=2025-04-16 11:32:03 
jj1 = 883, max_th = 1.505206e+00, time=2025-04-16 11:36:52 
jj1 = 890, max_th = 2.634016e+00, time=2025-04-16 11:38:23 
jj1 = 782, max_th = 1.689634e+00, time=2025-04-16 11:44:53 
jj1 = 918, max_th = 2.382730e+00, time=2025-04-16 11:45:36 
jj1 = 811, max_th = 1.893932e+00, time=2025-04-16 11:46:29 
jj1 = 911, max_th = 1.741422e+00, time=2025-04-16 11:48:05 
jj1 = 902, max_th = 2.037531e+00, time=2025-04-16 11:49:08 
jj1 = 822, max_th = 2.041174e+00, time=2025-04-16 11:51:06 
jj1 = 882, max_th = 1.508976e+00, time=2025-04-16 11:53:26 
jj1 = 872, max_th = 1.824484e+00, time=2025-04-16 11:55:15 
jj1 = 910, max_th = 2.788908e+00, time=2025-04-16 11:55:54 
jj1 = 781, max_th = 1.536345e+00, time=2025-04-16 11:58:41 
jj1 = 830, max_th = 2.176898e+00, time=2025-04-16 11:58:42 
jj1 = 917, max_th = 1.317534e+00, time=2025-04-16 11:58:43 
jj1 = 907, max_th = 1.992982e+00, time=2025-04-16 11:59:27 
jj1 = 909, max_th = 2.994344e+00, time=2025-04-16 12:00:03 
jj1 = 810, max_th = 2.498030e+00, time=2025-04-16 12:00:31 
jj1 = 881, max_th = 1.265304e+00, time=2025-04-16 12:05:58 
jj1 = 889, max_th = 1.939015e+00, time=2025-04-16 12:09:18 
jj1 = 821, max_th = 2.460412e+00, time=2025-04-16 12:09:18 
jj1 = 780, max_th = 2.688356e+00, time=2025-04-16 12:09:50 
jj1 = 809, max_th = 2.805100e+00, time=2025-04-16 12:10:04 
jj1 = 880, max_th = 2.665715e+00, time=2025-04-16 12:17:30 
jj1 = 898, max_th = 1.500550e+00, time=2025-04-16 12:18:11 
jj1 = 901, max_th = 2.027697e+00, time=2025-04-16 12:19:12 
jj1 = 916, max_th = 2.380488e+00, time=2025-04-16 12:19:35 
jj1 = 871, max_th = 1.791934e+00, time=2025-04-16 12:21:06 
jj1 = 829, max_th = 2.245883e+00, time=2025-04-16 12:22:03 
jj1 = 906, max_th = 2.272750e+00, time=2025-04-16 12:22:18 
jj1 = 897, max_th = 9.555560e-01, time=2025-04-16 12:22:37 
jj1 = 779, max_th = 1.450417e+00, time=2025-04-16 12:22:44 
jj1 = 952, max_th = 1.502541e+00, time=2025-04-16 12:24:16 
jj1 = 900, max_th = 9.091528e-01, time=2025-04-16 12:25:40 
jj1 = 960, max_th = 1.995984e+00, time=2025-04-16 12:26:53 
jj1 = 959, max_th = 3.360677e+00, time=2025-04-16 12:27:19 
jj1 = 820, max_th = 2.359300e+00, time=2025-04-16 12:30:45 
jj1 = 915, max_th = 2.602641e+00, time=2025-04-16 12:32:54 
jj1 = 943, max_th = 2.112146e+00, time=2025-04-16 12:37:08 
jj1 = 899, max_th = 2.545777e+00, time=2025-04-16 12:39:37 
jj1 = 938, max_th = 1.756938e+00, time=2025-04-16 12:43:59 
jj1 = 879, max_th = 1.825850e+00, time=2025-04-16 12:45:03 
jj1 = 951, max_th = 2.376321e+00, time=2025-04-16 12:45:45 
jj1 = 923, max_th = 1.780635e+00, time=2025-04-16 12:49:28 
jj1 = 896, max_th = 1.931875e+00, time=2025-04-16 12:49:51 
jj1 = 819, max_th = 2.354075e+00, time=2025-04-16 12:51:11 
jj1 = 870, max_th = 1.928022e+00, time=2025-04-16 12:51:24 
jj1 = 905, max_th = 1.832437e+00, time=2025-04-16 12:52:46 
jj1 = 958, max_th = 1.812349e+00, time=2025-04-16 12:54:10 
jj1 = 928, max_th = 7.573261e-01, time=2025-04-16 12:54:38 
jj1 = 914, max_th = 1.901614e+00, time=2025-04-16 12:55:09 
jj1 = 922, max_th = 9.726822e-01, time=2025-04-16 12:57:02 
jj1 = 942, max_th = 1.852714e+00, time=2025-04-16 12:57:21 
jj1 = 968, max_th = 2.929494e+00, time=2025-04-16 13:00:18 
jj1 = 956, max_th = 2.150632e+00, time=2025-04-16 13:00:42 
jj1 = 955, max_th = 7.498879e-01, time=2025-04-16 13:02:48 
jj1 = 937, max_th = 1.433267e+00, time=2025-04-16 13:03:03 
jj1 = 895, max_th = 1.368953e+00, time=2025-04-16 13:03:17 
jj1 = 957, max_th = 1.239372e+00, time=2025-04-16 13:03:59 
jj1 = 948, max_th = 1.547624e+00, time=2025-04-16 13:04:56 
jj1 = 936, max_th = 1.257790e+00, time=2025-04-16 13:13:36 
jj1 = 904, max_th = 2.338356e+00, time=2025-04-16 13:14:47 
jj1 = 894, max_th = 1.356554e+00, time=2025-04-16 13:14:52 
jj1 = 950, max_th = 1.982169e+00, time=2025-04-16 13:15:23 
jj1 = 941, max_th = 1.575136e+00, time=2025-04-16 13:16:17 
jj1 = 921, max_th = 2.373038e+00, time=2025-04-16 13:17:53 
jj1 = 954, max_th = 1.999928e+00, time=2025-04-16 13:20:04 
jj1 = 869, max_th = 1.909057e+00, time=2025-04-16 13:21:42 
jj1 = 927, max_th = 1.921781e+00, time=2025-04-16 13:21:47 
jj1 = 949, max_th = 1.204082e+00, time=2025-04-16 13:24:12 
jj1 = 947, max_th = 2.567517e+00, time=2025-04-16 13:24:25 
jj1 = 967, max_th = 1.822721e+00, time=2025-04-16 13:26:26 
jj1 = 920, max_th = 1.214573e+00, time=2025-04-16 13:27:40 
jj1 = 935, max_th = 1.369221e+00, time=2025-04-16 13:27:55 
jj1 = 976, max_th = 1.938245e+00, time=2025-04-16 13:29:56 
jj1 = 972, max_th = 2.492043e+00, time=2025-04-16 13:31:43 
jj1 = 946, max_th = 1.021825e+00, time=2025-04-16 13:32:54 
jj1 = 980, max_th = 1.223893e+00, time=2025-04-16 13:33:56 
jj1 = 964, max_th = 2.182869e+00, time=2025-04-16 13:34:50 
jj1 = 940, max_th = 2.110735e+00, time=2025-04-16 13:39:12 
jj1 = 933, max_th = 1.798599e+00, time=2025-04-16 13:39:51 
jj1 = 934, max_th = 1.370746e+00, time=2025-04-16 13:40:01 
jj1 = 953, max_th = 2.324712e+00, time=2025-04-16 13:41:24 
jj1 = 963, max_th = 2.850788e+00, time=2025-04-16 13:42:27 
jj1 = 932, max_th = 3.046277e+00, time=2025-04-16 13:42:56 
jj1 = 966, max_th = 2.159527e+00, time=2025-04-16 13:47:54 
jj1 = 971, max_th = 2.265016e+00, time=2025-04-16 13:47:57 
jj1 = 919, max_th = 2.274906e+00, time=2025-04-16 13:48:39 
jj1 = 926, max_th = 1.931468e+00, time=2025-04-16 13:49:48 
jj1 = 962, max_th = 2.740888e+00, time=2025-04-16 13:50:02 
jj1 = 979, max_th = 1.927187e+00, time=2025-04-16 13:50:20 
jj1 = 975, max_th = 1.958102e+00, time=2025-04-16 13:50:32 
jj1 = 978, max_th = 3.404856e+00, time=2025-04-16 13:50:41 
jj1 = 996, max_th = 1.478359e+00, time=2025-04-16 13:53:01 
jj1 = 977, max_th = 2.809594e+00, time=2025-04-16 13:53:34 
jj1 = 931, max_th = 2.042084e+00, time=2025-04-16 13:54:28 
jj1 = 945, max_th = 1.940434e+00, time=2025-04-16 13:54:36 
jj1 = 965, max_th = 2.761832e+00, time=2025-04-16 13:54:40 
jj1 = 988, max_th = 2.264672e+00, time=2025-04-16 13:54:50 
jj1 = 939, max_th = 2.292731e+00, time=2025-04-16 13:56:40 
jj1 = 925, max_th = 1.271001e+00, time=2025-04-16 13:57:19 
jj1 = 970, max_th = 1.652397e+00, time=2025-04-16 13:57:34 
jj1 = 995, max_th = 2.858782e+00, time=2025-04-16 13:58:12 
jj1 = 984, max_th = 2.902909e+00, time=2025-04-16 14:00:06 
jj1 = 961, max_th = 1.836247e+00, time=2025-04-16 14:00:28 
jj1 = 994, max_th = 8.722200e-01, time=2025-04-16 14:01:16 
jj1 = 930, max_th = 1.513608e+00, time=2025-04-16 14:03:03 
jj1 = 999, max_th = 1.406107e+00, time=2025-04-16 14:03:50 
jj1 = 993, max_th = 2.676834e+00, time=2025-04-16 14:06:09 
jj1 = 974, max_th = 2.052581e+00, time=2025-04-16 14:06:29 
jj1 = 992, max_th = 1.975062e+00, time=2025-04-16 14:06:53 
jj1 = 969, max_th = 1.591449e+00, time=2025-04-16 14:07:04 
jj1 = 987, max_th = 2.110824e+00, time=2025-04-16 14:07:48 
jj1 = 944, max_th = 2.218143e+00, time=2025-04-16 14:07:54 
jj1 = 983, max_th = 1.175626e+00, time=2025-04-16 14:08:46 
jj1 = 929, max_th = 1.565178e+00, time=2025-04-16 14:10:04 
jj1 = 924, max_th = 2.090263e+00, time=2025-04-16 14:10:40 
jj1 = 998, max_th = 9.198419e-01, time=2025-04-16 14:11:15 
jj1 = 991, max_th = 1.630883e+00, time=2025-04-16 14:14:31 
jj1 = 986, max_th = 2.315381e+00, time=2025-04-16 14:14:53 
jj1 = 973, max_th = 1.783778e+00, time=2025-04-16 14:14:57 
jj1 = 1000, max_th = 9.319952e-01, time=2025-04-16 14:16:52 
jj1 = 985, max_th = 2.721248e+00, time=2025-04-16 14:17:50 
jj1 = 982, max_th = 2.065637e+00, time=2025-04-16 14:17:57 
jj1 = 997, max_th = 1.872158e+00, time=2025-04-16 14:18:04 
jj1 = 981, max_th = 2.919089e+00, time=2025-04-16 14:19:37 
jj1 = 990, max_th = 1.771066e+00, time=2025-04-16 14:22:29 
jj1 = 989, max_th = 2.370646e+00, time=2025-04-16 14:28:37 
>> >> >> >> >> >> >> >> >> 