MATLAB is selecting SOFTWARE OPENGL rendering.

                            < M A T L A B (R) >
                  Copyright 1984-2021 The MathWorks, Inc.
                  R2021b (9.11.0.1769968) 64-bit (glnxa64)
                             September 17, 2021

 
To get started, type doc.
For product information, visit www.mathworks.com.
 
>> >> >> >> >> >> >> >> >> >> >> >> >> >> >> >> >> >> >> >> >> >> >> >> >> >> Starting parallel pool (parpool) using the 'local' profile ...
[Warning: A task was unexpectedly found in state: Unavailable.] 
[> In parallel.cluster.Local/deriveJobStateFromTasks (line 29)
In parallel.cluster/Local/getJobState (line 174)
In parallel.cluster/CJSCluster/hGetJobState (line 375)
In parallel.internal.cluster/CJSJobMixin/hGetStateEnum (line 175)
In parallel/Job/get.StateEnum (line 247)
In parallel/Job/get.State (line 239)
In parallel.internal.customattr.CustomGetSet>iVectorisedGetHelper (line 128)
In parallel.internal.customattr.CustomGetSet>@(a,b,c)iVectorisedGetHelper(obj,a,b,c) (line 102)
In parallel.internal.customattr/CustomGetSet/doVectorisedGet (line 103)
In parallel.internal.customattr/CustomGetSet/hVectorisedGet (line 76)
In parallel.internal.customattr.GetSetImpl>iAccessProperties (line 322)
In parallel.internal.customattr.GetSetImpl>iGetAllPropertiesVec (line 264)
In parallel.internal.customattr/GetSetImpl/getImpl (line 133)
In parallel.internal.customattr.CustomGetSet>iHetFunGetFunction (line 154)
In parallel.internal.customattr.CustomGetSet>@(o)iHetFunGetFunction(o,props) (line 139)
In parallel.internal.cluster.hetfun (line 46)
In parallel.internal.customattr.CustomGetSet>iHetFunGetProperty (line 139)
In parallel.internal.customattr/CustomGetSet/get (line 38)
In parallel.internal.pool/AbstractInteractiveClient/pRemoveOldJobs (line 211)
In parallel.internal.pool/AbstractInteractiveClient/start (line 103)
In parallel.internal.pool.AbstractClusterPool>iStartClient (line 831)
In parallel.internal.pool/AbstractClusterPool/hBuildPool (line 585)
In parallel.internal.pool.doParpool (line 22)
In parpool (line 123)
In parallel.internal.parpool.getOrCreateCurrentPool (line 17)
In parallel.internal.pool/PoolArrayManager/getOrAutoCreateWithCleanup (line 44)
In pctTryCreatePoolIfNecessary (line 28)
In parallel_function (line 423)] 
Connected to the parallel pool (number of workers: 12).
jj1 = 30, max_th = 2.735886e+00, time=2025-04-15 10:03:40 
jj1 = 35, max_th = 2.474083e+00, time=2025-04-15 10:08:54 
jj1 = 50, max_th = 1.603588e+00, time=2025-04-15 10:09:03 
jj1 = 60, max_th = 2.246448e+00, time=2025-04-15 10:09:34 
jj1 = 34, max_th = 6.405368e-01, time=2025-04-15 10:10:47 
jj1 = 20, max_th = 1.702892e+00, time=2025-04-15 10:11:12 
jj1 = 15, max_th = 2.107286e+00, time=2025-04-15 10:11:16 
jj1 = 5, max_th = 2.102171e+00, time=2025-04-15 10:12:36 
jj1 = 40, max_th = 2.155964e+00, time=2025-04-15 10:13:54 
jj1 = 55, max_th = 2.141596e+00, time=2025-04-15 10:14:39 
jj1 = 10, max_th = 1.931601e+00, time=2025-04-15 10:15:27 
jj1 = 33, max_th = 2.874240e+00, time=2025-04-15 10:16:15 
jj1 = 45, max_th = 2.070090e+00, time=2025-04-15 10:16:26 
jj1 = 19, max_th = 9.713715e-01, time=2025-04-15 10:17:07 
jj1 = 25, max_th = 1.992707e+00, time=2025-04-15 10:17:30 
jj1 = 29, max_th = 1.651630e+00, time=2025-04-15 10:17:56 
jj1 = 24, max_th = 3.038092e+00, time=2025-04-15 10:19:36 
jj1 = 39, max_th = 1.198734e+00, time=2025-04-15 10:20:35 
jj1 = 4, max_th = 2.440870e+00, time=2025-04-15 10:27:39 
jj1 = 44, max_th = 1.547888e+00, time=2025-04-15 10:28:17 
jj1 = 49, max_th = 2.043867e+00, time=2025-04-15 10:30:51 
jj1 = 59, max_th = 2.070485e+00, time=2025-04-15 10:31:53 
jj1 = 38, max_th = 2.509831e+00, time=2025-04-15 10:33:06 
jj1 = 28, max_th = 1.601249e+00, time=2025-04-15 10:33:36 
jj1 = 14, max_th = 2.060103e+00, time=2025-04-15 10:33:43 
jj1 = 32, max_th = 2.370488e+00, time=2025-04-15 10:33:53 
jj1 = 23, max_th = 1.594330e+00, time=2025-04-15 10:36:11 
jj1 = 54, max_th = 1.861328e+00, time=2025-04-15 10:37:14 
jj1 = 43, max_th = 1.351442e+00, time=2025-04-15 10:37:33 
jj1 = 18, max_th = 1.906786e+00, time=2025-04-15 10:38:06 
jj1 = 9, max_th = 2.022473e+00, time=2025-04-15 10:42:50 
jj1 = 3, max_th = 2.213184e+00, time=2025-04-15 10:48:36 
jj1 = 17, max_th = 2.578272e+00, time=2025-04-15 10:49:27 
jj1 = 16, max_th = 5.322070e-01, time=2025-04-15 10:50:22 
jj1 = 53, max_th = 1.406294e+00, time=2025-04-15 10:50:48 
jj1 = 27, max_th = 2.425936e+00, time=2025-04-15 10:51:45 
jj1 = 31, max_th = 1.570045e+00, time=2025-04-15 10:52:27 
jj1 = 13, max_th = 2.152314e+00, time=2025-04-15 10:53:07 
jj1 = 58, max_th = 1.929895e+00, time=2025-04-15 10:53:13 
jj1 = 48, max_th = 1.965897e+00, time=2025-04-15 10:55:25 
jj1 = 37, max_th = 2.122447e+00, time=2025-04-15 10:56:17 
jj1 = 42, max_th = 2.335053e+00, time=2025-04-15 10:56:26 
jj1 = 216, max_th = 1.376935e+00, time=2025-04-15 10:59:46 
jj1 = 22, max_th = 2.119201e+00, time=2025-04-15 11:00:15 
jj1 = 8, max_th = 2.167310e+00, time=2025-04-15 11:03:30 
jj1 = 52, max_th = 2.473273e+00, time=2025-04-15 11:03:46 
jj1 = 47, max_th = 2.598057e+00, time=2025-04-15 11:05:39 
jj1 = 12, max_th = 1.391790e+00, time=2025-04-15 11:08:19 
jj1 = 2, max_th = 2.156379e+00, time=2025-04-15 11:08:32 
jj1 = 57, max_th = 2.407699e+00, time=2025-04-15 11:08:59 
jj1 = 46, max_th = 9.094118e-01, time=2025-04-15 11:10:01 
jj1 = 41, max_th = 2.510887e+00, time=2025-04-15 11:10:50 
jj1 = 26, max_th = 2.210848e+00, time=2025-04-15 11:11:18 
jj1 = 21, max_th = 1.335816e+00, time=2025-04-15 11:12:39 
jj1 = 333, max_th = 1.930014e+00, time=2025-04-15 11:16:55 
jj1 = 36, max_th = 1.791173e+00, time=2025-04-15 11:20:35 
jj1 = 51, max_th = 1.583489e+00, time=2025-04-15 11:20:51 
jj1 = 1, max_th = 1.229262e+00, time=2025-04-15 11:22:16 
jj1 = 372, max_th = 3.062051e+00, time=2025-04-15 11:22:53 
jj1 = 411, max_th = 2.399109e+00, time=2025-04-15 11:23:25 
jj1 = 255, max_th = 2.547408e+00, time=2025-04-15 11:23:56 
jj1 = 7, max_th = 1.843116e+00, time=2025-04-15 11:24:23 
jj1 = 332, max_th = 1.176258e+00, time=2025-04-15 11:25:28 
jj1 = 215, max_th = 1.977823e+00, time=2025-04-15 11:25:34 
jj1 = 11, max_th = 2.276523e+00, time=2025-04-15 11:28:53 
jj1 = 294, max_th = 2.366596e+00, time=2025-04-15 11:30:35 
jj1 = 450, max_th = 1.773172e+00, time=2025-04-15 11:32:53 
jj1 = 56, max_th = 1.738058e+00, time=2025-04-15 11:33:02 
jj1 = 214, max_th = 1.025467e+00, time=2025-04-15 11:33:18 
jj1 = 528, max_th = -1.115276e+00, time=2025-04-15 11:34:58 
jj1 = 331, max_th = 2.550207e+00, time=2025-04-15 11:35:16 
jj1 = 371, max_th = 1.607129e+00, time=2025-04-15 11:36:17 
jj1 = 410, max_th = 1.551202e+00, time=2025-04-15 11:36:50 
jj1 = 99, max_th = 2.445212e+00, time=2025-04-15 11:38:05 
jj1 = 489, max_th = 1.910576e+00, time=2025-04-15 11:51:25 
jj1 = 330, max_th = 1.343473e+00, time=2025-04-15 11:52:55 
jj1 = 293, max_th = 1.474888e+00, time=2025-04-15 11:53:42 
jj1 = 449, max_th = 1.406386e+00, time=2025-04-15 11:54:09 
jj1 = 254, max_th = 2.062542e+00, time=2025-04-15 11:54:45 
jj1 = 292, max_th = 5.339604e-01, time=2025-04-15 11:56:19 
jj1 = 177, max_th = 2.154952e+00, time=2025-04-15 11:57:09 
jj1 = 488, max_th = 1.248616e+00, time=2025-04-15 12:08:58 
jj1 = 409, max_th = 2.294561e+00, time=2025-04-15 12:12:39 
jj1 = 487, max_th = 2.850698e+00, time=2025-04-15 12:18:17 
jj1 = 213, max_th = 2.018271e+00, time=2025-04-15 12:18:54 
jj1 = 527, max_th = 1.781233e+00, time=2025-04-15 12:19:20 
jj1 = 370, max_th = 1.896120e+00, time=2025-04-15 12:20:19 
jj1 = 98, max_th = 1.806574e+00, time=2025-04-15 12:21:02 
jj1 = 176, max_th = 1.446399e+00, time=2025-04-15 12:24:34 
jj1 = 526, max_th = 7.728654e-01, time=2025-04-15 12:25:44 
jj1 = 369, max_th = 3.019601e+00, time=2025-04-15 12:26:18 
jj1 = 329, max_th = 1.532857e+00, time=2025-04-15 12:30:28 
jj1 = 291, max_th = 1.480470e+00, time=2025-04-15 12:30:36 
jj1 = 97, max_th = 2.787933e+00, time=2025-04-15 12:39:34 
jj1 = 6, max_th = 2.011440e+00, time=2025-04-15 12:42:09 
jj1 = 408, max_th = 2.521542e+00, time=2025-04-15 12:44:11 
jj1 = 525, max_th = 2.652729e+00, time=2025-04-15 12:49:26 
jj1 = 448, max_th = 1.934489e+00, time=2025-04-15 12:49:57 
jj1 = 328, max_th = 2.630866e+00, time=2025-04-15 12:53:12 
jj1 = 253, max_th = 2.177521e+00, time=2025-04-15 12:53:25 
jj1 = 212, max_th = 1.520779e+00, time=2025-04-15 12:58:44 
jj1 = 486, max_th = 2.314790e+00, time=2025-04-15 13:07:03 
jj1 = 138, max_th = 1.420788e+00, time=2025-04-15 13:07:54 
jj1 = 368, max_th = 2.282098e+00, time=2025-04-15 13:13:12 
jj1 = 96, max_th = 2.561662e+00, time=2025-04-15 13:14:13 
jj1 = 290, max_th = 1.998687e+00, time=2025-04-15 13:15:56 
jj1 = 175, max_th = 1.921969e+00, time=2025-04-15 13:17:25 
jj1 = 447, max_th = 2.444900e+00, time=2025-04-15 13:21:22 
jj1 = 289, max_th = 1.467746e+00, time=2025-04-15 13:29:24 
jj1 = 327, max_th = 2.145782e+00, time=2025-04-15 13:35:37 
jj1 = 524, max_th = 1.812994e+00, time=2025-04-15 13:36:15 
jj1 = 523, max_th = 6.738007e-01, time=2025-04-15 13:39:32 
jj1 = 407, max_th = 2.066052e+00, time=2025-04-15 13:39:39 
jj1 = 252, max_th = 2.137177e+00, time=2025-04-15 13:39:48 
jj1 = 137, max_th = 2.293223e+00, time=2025-04-15 13:43:27 
jj1 = 446, max_th = 1.650216e+00, time=2025-04-15 13:45:52 
jj1 = 211, max_th = 1.863020e+00, time=2025-04-15 13:50:00 
jj1 = 251, max_th = 2.844573e+00, time=2025-04-15 13:51:44 
jj1 = 367, max_th = 1.998716e+00, time=2025-04-15 13:52:52 
jj1 = 485, max_th = 1.687202e+00, time=2025-04-15 13:54:50 
jj1 = 95, max_th = 2.334713e+00, time=2025-04-15 14:01:22 
jj1 = 174, max_th = 2.103054e+00, time=2025-04-15 14:01:59 
jj1 = 288, max_th = 1.569517e+00, time=2025-04-15 14:03:37 
jj1 = 522, max_th = 2.149575e+00, time=2025-04-15 14:12:20 
jj1 = 406, max_th = 2.188728e+00, time=2025-04-15 14:15:18 
jj1 = 445, max_th = 2.150585e+00, time=2025-04-15 14:16:48 
jj1 = 136, max_th = 1.461883e+00, time=2025-04-15 14:18:08 
jj1 = 94, max_th = 1.163539e+00, time=2025-04-15 14:18:23 
jj1 = 326, max_th = 2.134400e+00, time=2025-04-15 14:26:14 
jj1 = 250, max_th = 1.854192e+00, time=2025-04-15 14:27:42 
jj1 = 210, max_th = 2.412204e+00, time=2025-04-15 14:28:18 
jj1 = 173, max_th = 2.396868e+00, time=2025-04-15 14:32:43 
jj1 = 521, max_th = 1.451455e+00, time=2025-04-15 14:34:48 
jj1 = 366, max_th = 1.620056e+00, time=2025-04-15 14:35:09 
jj1 = 325, max_th = 2.449925e+00, time=2025-04-15 14:38:38 
jj1 = 484, max_th = 1.874377e+00, time=2025-04-15 14:38:58 
jj1 = 444, max_th = 1.459641e+00, time=2025-04-15 14:39:14 
jj1 = 209, max_th = 2.670263e+00, time=2025-04-15 14:41:12 
jj1 = 249, max_th = 2.617226e+00, time=2025-04-15 14:42:32 
jj1 = 365, max_th = 1.249884e+00, time=2025-04-15 14:44:45 
jj1 = 287, max_th = 1.853479e+00, time=2025-04-15 14:45:19 
jj1 = 93, max_th = 2.073106e+00, time=2025-04-15 14:47:32 
jj1 = 405, max_th = 1.861787e+00, time=2025-04-15 14:49:35 
jj1 = 443, max_th = 2.689238e+00, time=2025-04-15 14:50:03 
jj1 = 135, max_th = 2.070172e+00, time=2025-04-15 14:54:07 
jj1 = 520, max_th = 1.576196e+00, time=2025-04-15 14:55:50 
jj1 = 364, max_th = 1.352115e+00, time=2025-04-15 14:57:36 
jj1 = 286, max_th = 2.200027e+00, time=2025-04-15 14:59:38 
jj1 = 404, max_th = 1.211783e+00, time=2025-04-15 14:59:50 
jj1 = 172, max_th = 1.951418e+00, time=2025-04-15 14:59:56 
jj1 = 519, max_th = 1.074121e+00, time=2025-04-15 15:02:04 
jj1 = 208, max_th = 2.380609e+00, time=2025-04-15 15:03:55 
jj1 = 171, max_th = 7.995614e-01, time=2025-04-15 15:04:20 
jj1 = 134, max_th = 2.555442e+00, time=2025-04-15 15:05:00 
jj1 = 133, max_th = -2.237153e-01, time=2025-04-15 15:06:15 
jj1 = 248, max_th = 2.279621e+00, time=2025-04-15 15:08:56 
jj1 = 132, max_th = 3.034728e+00, time=2025-04-15 15:09:14 
jj1 = 92, max_th = 1.674508e+00, time=2025-04-15 15:09:24 
jj1 = 483, max_th = 1.877787e+00, time=2025-04-15 15:11:46 
jj1 = 442, max_th = 1.464566e+00, time=2025-04-15 15:11:58 
jj1 = 324, max_th = 1.926489e+00, time=2025-04-15 15:14:21 
jj1 = 247, max_th = 9.946788e-01, time=2025-04-15 15:15:57 
jj1 = 403, max_th = 2.533090e+00, time=2025-04-15 15:16:40 
jj1 = 285, max_th = 1.649095e+00, time=2025-04-15 15:20:30 
jj1 = 518, max_th = 1.559389e+00, time=2025-04-15 15:21:51 
jj1 = 363, max_th = 2.186673e+00, time=2025-04-15 15:23:57 
jj1 = 91, max_th = 2.610185e+00, time=2025-04-15 15:24:30 
jj1 = 402, max_th = 2.645851e+00, time=2025-04-15 15:28:01 
jj1 = 170, max_th = 1.862498e+00, time=2025-04-15 15:30:43 
jj1 = 131, max_th = 2.006573e+00, time=2025-04-15 15:33:41 
jj1 = 441, max_th = 2.298859e+00, time=2025-04-15 15:33:40 
jj1 = 207, max_th = 2.126949e+00, time=2025-04-15 15:33:43 
jj1 = 482, max_th = 1.956054e+00, time=2025-04-15 15:40:22 
jj1 = 323, max_th = 1.910404e+00, time=2025-04-15 15:41:00 
jj1 = 284, max_th = 1.531416e+00, time=2025-04-15 15:42:24 
jj1 = 481, max_th = 7.491118e-01, time=2025-04-15 15:42:49 
jj1 = 401, max_th = 2.449511e+00, time=2025-04-15 15:44:02 
jj1 = 246, max_th = 1.774757e+00, time=2025-04-15 15:44:19 
jj1 = 206, max_th = 2.596923e+00, time=2025-04-15 15:47:05 
jj1 = 517, max_th = 1.894482e+00, time=2025-04-15 15:48:25 
jj1 = 90, max_th = 1.971806e+00, time=2025-04-15 15:50:32 
jj1 = 362, max_th = 2.155786e+00, time=2025-04-15 15:50:38 
jj1 = 440, max_th = 1.660426e+00, time=2025-04-15 15:58:40 
jj1 = 322, max_th = 2.397314e+00, time=2025-04-15 15:59:31 
jj1 = 169, max_th = 2.383878e+00, time=2025-04-15 16:00:00 
jj1 = 516, max_th = 1.320281e+00, time=2025-04-15 16:01:38 
jj1 = 283, max_th = 1.519536e+00, time=2025-04-15 16:02:01 
jj1 = 130, max_th = 2.030281e+00, time=2025-04-15 16:04:06 
jj1 = 361, max_th = 1.650363e+00, time=2025-04-15 16:07:50 
jj1 = 321, max_th = 1.062562e+00, time=2025-04-15 16:08:50 
jj1 = 320, max_th = 8.726612e-01, time=2025-04-15 16:09:18 
jj1 = 400, max_th = 2.331100e+00, time=2025-04-15 16:09:28 
jj1 = 480, max_th = 2.093651e+00, time=2025-04-15 16:09:58 
jj1 = 89, max_th = 2.178153e+00, time=2025-04-15 16:17:05 
jj1 = 205, max_th = 1.981617e+00, time=2025-04-15 16:18:15 
jj1 = 245, max_th = 2.125650e+00, time=2025-04-15 16:18:38 
jj1 = 515, max_th = 2.103207e+00, time=2025-04-15 16:26:48 
jj1 = 399, max_th = 2.475385e+00, time=2025-04-15 16:27:39 
jj1 = 439, max_th = 1.771589e+00, time=2025-04-15 16:27:50 
jj1 = 282, max_th = 2.104100e+00, time=2025-04-15 16:27:58 
jj1 = 129, max_th = 2.363737e+00, time=2025-04-15 16:28:32 
jj1 = 281, max_th = 3.128470e+00, time=2025-04-15 16:29:46 
jj1 = 319, max_th = 1.555327e+00, time=2025-04-15 16:30:02 
jj1 = 479, max_th = 2.405464e+00, time=2025-04-15 16:30:50 
jj1 = 478, max_th = 3.084141e+00, time=2025-04-15 16:33:40 
jj1 = 168, max_th = 2.283399e+00, time=2025-04-15 16:35:25 
jj1 = 360, max_th = 1.773565e+00, time=2025-04-15 16:36:54 
jj1 = 359, max_th = 3.207387e+00, time=2025-04-15 16:37:49 
jj1 = 318, max_th = 2.810412e+00, time=2025-04-15 16:39:03 
jj1 = 244, max_th = 1.751714e+00, time=2025-04-15 16:44:09 
jj1 = 204, max_th = 1.857830e+00, time=2025-04-15 16:45:42 
jj1 = 398, max_th = 2.631552e+00, time=2025-04-15 16:46:34 
jj1 = 438, max_th = 1.489168e+00, time=2025-04-15 16:46:59 
jj1 = 167, max_th = 2.549677e+00, time=2025-04-15 16:50:38 
jj1 = 88, max_th = 2.008666e+00, time=2025-04-15 16:51:59 
jj1 = 477, max_th = 1.362924e+00, time=2025-04-15 16:53:42 
jj1 = 128, max_th = 2.424902e+00, time=2025-04-15 16:55:23 
jj1 = 280, max_th = 2.329373e+00, time=2025-04-15 16:56:10 
jj1 = 397, max_th = 2.772697e+00, time=2025-04-15 16:58:16 
jj1 = 243, max_th = 2.705438e+00, time=2025-04-15 16:58:44 
jj1 = 514, max_th = 1.872197e+00, time=2025-04-15 17:03:33 
jj1 = 317, max_th = 2.202623e+00, time=2025-04-15 17:08:20 
jj1 = 358, max_th = 1.911102e+00, time=2025-04-15 17:13:05 
jj1 = 279, max_th = 1.404741e+00, time=2025-04-15 17:13:20 
jj1 = 87, max_th = 2.481673e+00, time=2025-04-15 17:13:28 
jj1 = 166, max_th = 1.602053e+00, time=2025-04-15 17:13:44 
jj1 = 357, max_th = 3.063654e+00, time=2025-04-15 17:17:15 
jj1 = 203, max_th = 2.108930e+00, time=2025-04-15 17:17:27 
jj1 = 278, max_th = 7.205910e-01, time=2025-04-15 17:18:09 
jj1 = 437, max_th = 2.216715e+00, time=2025-04-15 17:19:42 
jj1 = 127, max_th = 2.318831e+00, time=2025-04-15 17:21:23 
jj1 = 436, max_th = 9.301540e-01, time=2025-04-15 17:24:28 
jj1 = 277, max_th = 2.788763e+00, time=2025-04-15 17:26:08 
jj1 = 513, max_th = 2.192505e+00, time=2025-04-15 17:28:05 
jj1 = 396, max_th = 1.822638e+00, time=2025-04-15 17:28:22 
jj1 = 476, max_th = 1.830285e+00, time=2025-04-15 17:29:42 
jj1 = 316, max_th = 2.341830e+00, time=2025-04-15 17:30:35 
jj1 = 86, max_th = 1.380969e+00, time=2025-04-15 17:31:23 
jj1 = 165, max_th = 2.443430e+00, time=2025-04-15 17:31:28 
jj1 = 202, max_th = 1.319240e+00, time=2025-04-15 17:34:19 
jj1 = 242, max_th = 2.209985e+00, time=2025-04-15 17:34:37 
jj1 = 512, max_th = 1.240355e+00, time=2025-04-15 17:34:59 
jj1 = 356, max_th = 1.747477e+00, time=2025-04-15 17:39:02 
jj1 = 315, max_th = 2.379696e+00, time=2025-04-15 17:50:14 
jj1 = 475, max_th = 1.662803e+00, time=2025-04-15 17:51:13 
jj1 = 435, max_th = 2.078141e+00, time=2025-04-15 17:51:33 
jj1 = 395, max_th = 2.381223e+00, time=2025-04-15 17:53:12 
jj1 = 164, max_th = 2.047010e+00, time=2025-04-15 17:53:16 
jj1 = 276, max_th = 2.010241e+00, time=2025-04-15 17:54:11 
jj1 = 126, max_th = 2.113332e+00, time=2025-04-15 17:56:36 
jj1 = 241, max_th = 2.058376e+00, time=2025-04-15 17:57:02 
jj1 = 275, max_th = 2.987484e+00, time=2025-04-15 17:57:32 
jj1 = 511, max_th = 1.912961e+00, time=2025-04-15 17:59:08 
jj1 = 355, max_th = 2.334894e+00, time=2025-04-15 18:00:05 
jj1 = 85, max_th = 2.168118e+00, time=2025-04-15 18:00:23 
jj1 = 354, max_th = -9.547272e-02, time=2025-04-15 18:00:43 
jj1 = 314, max_th = 2.586373e+00, time=2025-04-15 18:02:49 
jj1 = 201, max_th = 2.064573e+00, time=2025-04-15 18:07:10 
jj1 = 163, max_th = 2.492354e+00, time=2025-04-15 18:08:18 
jj1 = 434, max_th = 2.510494e+00, time=2025-04-15 18:11:06 
jj1 = 474, max_th = 2.141264e+00, time=2025-04-15 18:11:05 
jj1 = 353, max_th = 1.347158e+00, time=2025-04-15 18:12:33 
jj1 = 394, max_th = 2.150235e+00, time=2025-04-15 18:12:53 
jj1 = 473, max_th = 6.825679e-01, time=2025-04-15 18:13:22 
jj1 = 313, max_th = 2.350714e+00, time=2025-04-15 18:16:35 
jj1 = 125, max_th = 1.538458e+00, time=2025-04-15 18:17:51 
jj1 = 240, max_th = 2.155660e+00, time=2025-04-15 18:19:59 
jj1 = 84, max_th = 1.613464e+00, time=2025-04-15 18:20:06 
jj1 = 83, max_th = 9.303978e-02, time=2025-04-15 18:20:15 
jj1 = 510, max_th = 1.788345e+00, time=2025-04-15 18:20:45 
jj1 = 433, max_th = 1.176553e+00, time=2025-04-15 18:21:10 
jj1 = 239, max_th = 6.756259e-01, time=2025-04-15 18:22:21 
jj1 = 393, max_th = 1.188930e+00, time=2025-04-15 18:22:39 
jj1 = 274, max_th = 1.989960e+00, time=2025-04-15 18:24:31 
jj1 = 124, max_th = 2.820649e+00, time=2025-04-15 18:25:09 
jj1 = 392, max_th = 9.562126e-01, time=2025-04-15 18:27:07 
jj1 = 352, max_th = 2.340779e+00, time=2025-04-15 18:34:24 
jj1 = 82, max_th = 1.086343e+00, time=2025-04-15 18:35:25 
jj1 = 312, max_th = 1.644103e+00, time=2025-04-15 18:35:50 
jj1 = 162, max_th = 1.912501e+00, time=2025-04-15 18:38:47 
jj1 = 200, max_th = 1.978284e+00, time=2025-04-15 18:39:17 
jj1 = 238, max_th = 1.537811e+00, time=2025-04-15 18:39:56 
jj1 = 509, max_th = 1.949637e+00, time=2025-04-15 18:40:08 
jj1 = 273, max_th = 2.460360e+00, time=2025-04-15 18:41:01 
jj1 = 472, max_th = 1.967570e+00, time=2025-04-15 18:41:21 
jj1 = 432, max_th = 2.337179e+00, time=2025-04-15 18:42:24 
jj1 = 199, max_th = 9.456273e-01, time=2025-04-15 18:44:27 
jj1 = 123, max_th = 1.464369e+00, time=2025-04-15 18:45:13 
jj1 = 508, max_th = 1.002457e+00, time=2025-04-15 18:47:07 
jj1 = 81, max_th = 1.240546e+00, time=2025-04-15 18:47:24 
jj1 = 80, max_th = -1.026793e+00, time=2025-04-15 18:47:41 
jj1 = 431, max_th = 9.792091e-01, time=2025-04-15 18:49:08 
jj1 = 237, max_th = 1.146472e+00, time=2025-04-15 18:50:09 
jj1 = 161, max_th = 1.435530e+00, time=2025-04-15 18:55:42 
jj1 = 507, max_th = 1.101439e+00, time=2025-04-15 18:55:50 
jj1 = 79, max_th = 2.598373e+00, time=2025-04-15 18:57:49 
jj1 = 311, max_th = 2.320648e+00, time=2025-04-15 18:57:51 
jj1 = 391, max_th = 1.977570e+00, time=2025-04-15 18:59:16 
jj1 = 272, max_th = 2.480588e+00, time=2025-04-15 18:59:17 
jj1 = 506, max_th = 4.094363e-01, time=2025-04-15 18:59:44 
jj1 = 471, max_th = 2.198618e+00, time=2025-04-15 19:01:56 
jj1 = 351, max_th = 1.896592e+00, time=2025-04-15 19:03:01 
jj1 = 160, max_th = 1.076024e+00, time=2025-04-15 19:04:36 
jj1 = 122, max_th = 1.712769e+00, time=2025-04-15 19:08:36 
jj1 = 236, max_th = 2.385645e+00, time=2025-04-15 19:10:29 
jj1 = 505, max_th = 2.696329e+00, time=2025-04-15 19:11:17 
jj1 = 198, max_th = 1.814530e+00, time=2025-04-15 19:11:54 
jj1 = 470, max_th = 1.441764e+00, time=2025-04-15 19:14:17 
jj1 = 271, max_th = 1.430321e+00, time=2025-04-15 19:15:41 
jj1 = 430, max_th = 1.932496e+00, time=2025-04-15 19:16:38 
jj1 = 235, max_th = 1.166816e+00, time=2025-04-15 19:19:52 
jj1 = 78, max_th = 1.620625e+00, time=2025-04-15 19:20:04 
jj1 = 390, max_th = 2.306909e+00, time=2025-04-15 19:20:35 
jj1 = 310, max_th = 2.192155e+00, time=2025-04-15 19:21:08 
jj1 = 270, max_th = 2.862959e+00, time=2025-04-15 19:22:09 
jj1 = 159, max_th = 2.249817e+00, time=2025-04-15 19:22:26 
jj1 = 469, max_th = 1.227344e+00, time=2025-04-15 19:25:11 
jj1 = 429, max_th = 1.140878e+00, time=2025-04-15 19:27:25 
jj1 = 350, max_th = 1.877459e+00, time=2025-04-15 19:31:26 
jj1 = 121, max_th = 2.245476e+00, time=2025-04-15 19:32:05 
jj1 = 504, max_th = 2.131453e+00, time=2025-04-15 19:36:55 
jj1 = 158, max_th = 2.483615e+00, time=2025-04-15 19:37:42 
jj1 = 428, max_th = 2.656052e+00, time=2025-04-15 19:38:15 
jj1 = 269, max_th = 2.408910e+00, time=2025-04-15 19:41:14 
jj1 = 468, max_th = 1.426737e+00, time=2025-04-15 19:41:52 
jj1 = 197, max_th = 1.877135e+00, time=2025-04-15 19:43:55 
jj1 = 234, max_th = 1.668689e+00, time=2025-04-15 19:44:16 
jj1 = 77, max_th = 2.190084e+00, time=2025-04-15 19:44:41 
jj1 = 309, max_th = 1.767814e+00, time=2025-04-15 19:46:43 
jj1 = 389, max_th = 1.894150e+00, time=2025-04-15 19:47:17 
jj1 = 427, max_th = 1.391062e+00, time=2025-04-15 19:53:59 
jj1 = 120, max_th = 1.751257e+00, time=2025-04-15 19:54:21 
jj1 = 503, max_th = 1.849138e+00, time=2025-04-15 19:55:59 
jj1 = 157, max_th = 1.999866e+00, time=2025-04-15 19:56:33 
jj1 = 349, max_th = 1.893413e+00, time=2025-04-15 19:57:32 
jj1 = 76, max_th = 1.650040e+00, time=2025-04-15 19:57:36 
jj1 = 388, max_th = 1.415146e+00, time=2025-04-15 20:00:17 
jj1 = 308, max_th = 1.525830e+00, time=2025-04-15 20:05:14 
jj1 = 233, max_th = 2.005807e+00, time=2025-04-15 20:05:33 
jj1 = 75, max_th = 2.786164e+00, time=2025-04-15 20:06:33 
jj1 = 467, max_th = 1.785870e+00, time=2025-04-15 20:07:08 
jj1 = 268, max_th = 2.021414e+00, time=2025-04-15 20:09:21 
jj1 = 426, max_th = 1.389256e+00, time=2025-04-15 20:09:51 
jj1 = 196, max_th = 2.239830e+00, time=2025-04-15 20:12:19 
jj1 = 387, max_th = 2.562191e+00, time=2025-04-15 20:14:43 
jj1 = 267, max_th = 1.169975e+00, time=2025-04-15 20:18:56 
jj1 = 502, max_th = 2.266273e+00, time=2025-04-15 20:19:49 
jj1 = 119, max_th = 2.185651e+00, time=2025-04-15 20:20:21 
jj1 = 348, max_th = 2.325188e+00, time=2025-04-15 20:20:39 
jj1 = 156, max_th = 2.129202e+00, time=2025-04-15 20:24:23 
jj1 = 466, max_th = 1.233939e+00, time=2025-04-15 20:26:53 
jj1 = 266, max_th = 2.527252e+00, time=2025-04-15 20:28:28 
jj1 = 232, max_th = 1.816184e+00, time=2025-04-15 20:31:20 
jj1 = 307, max_th = 2.016738e+00, time=2025-04-15 20:32:04 
jj1 = 155, max_th = 1.182871e+00, time=2025-04-15 20:34:43 
jj1 = 425, max_th = 2.275675e+00, time=2025-04-15 20:35:48 
jj1 = 74, max_th = 1.766431e+00, time=2025-04-15 20:36:57 
jj1 = 347, max_th = 1.406997e+00, time=2025-04-15 20:38:07 
jj1 = 501, max_th = 1.909362e+00, time=2025-04-15 20:45:15 
jj1 = 195, max_th = 2.004574e+00, time=2025-04-15 20:46:12 
jj1 = 386, max_th = 1.909596e+00, time=2025-04-15 20:46:19 
jj1 = 118, max_th = 1.921362e+00, time=2025-04-15 20:48:14 
jj1 = 154, max_th = 1.493716e+00, time=2025-04-15 20:49:00 
jj1 = 306, max_th = 2.428814e+00, time=2025-04-15 20:49:56 
jj1 = 265, max_th = 2.268159e+00, time=2025-04-15 20:50:50 
jj1 = 465, max_th = 1.793335e+00, time=2025-04-15 20:50:57 
jj1 = 231, max_th = 1.879517e+00, time=2025-04-15 20:53:48 
jj1 = 424, max_th = 1.600759e+00, time=2025-04-15 20:54:24 
jj1 = 117, max_th = 1.237679e+00, time=2025-04-15 20:56:43 
jj1 = 194, max_th = 1.289435e+00, time=2025-04-15 20:59:08 
jj1 = 193, max_th = 3.175560e+00, time=2025-04-15 21:00:49 
jj1 = 73, max_th = 1.685495e+00, time=2025-04-15 21:01:46 
jj1 = 346, max_th = 2.315504e+00, time=2025-04-15 21:02:20 
jj1 = 423, max_th = 2.580608e+00, time=2025-04-15 21:09:23 
jj1 = 500, max_th = 2.169898e+00, time=2025-04-15 21:10:14 
jj1 = 153, max_th = 2.304467e+00, time=2025-04-15 21:10:54 
jj1 = 72, max_th = 1.487192e+00, time=2025-04-15 21:12:17 
jj1 = 464, max_th = 1.895928e+00, time=2025-04-15 21:13:34 
jj1 = 305, max_th = 2.214775e+00, time=2025-04-15 21:13:39 
jj1 = 264, max_th = 2.327279e+00, time=2025-04-15 21:14:29 
jj1 = 385, max_th = 2.089481e+00, time=2025-04-15 21:14:35 
jj1 = 152, max_th = 1.182952e+00, time=2025-04-15 21:14:53 
jj1 = 304, max_th = 3.103017e+00, time=2025-04-15 21:16:09 
jj1 = 230, max_th = 2.045861e+00, time=2025-04-15 21:18:07 
jj1 = 116, max_th = 2.050874e+00, time=2025-04-15 21:18:46 
jj1 = 345, max_th = 2.349858e+00, time=2025-04-15 21:19:36 
jj1 = 115, max_th = 8.194195e-01, time=2025-04-15 21:24:07 
jj1 = 151, max_th = 1.600388e+00, time=2025-04-15 21:28:05 
jj1 = 263, max_th = 2.679100e+00, time=2025-04-15 21:28:57 
jj1 = 229, max_th = 1.195306e+00, time=2025-04-15 21:30:27 
jj1 = 192, max_th = 2.125167e+00, time=2025-04-15 21:30:49 
jj1 = 499, max_th = 1.910859e+00, time=2025-04-15 21:35:16 
jj1 = 384, max_th = 1.714323e+00, time=2025-04-15 21:37:37 
jj1 = 344, max_th = 2.299231e+00, time=2025-04-15 21:39:36 
jj1 = 422, max_th = 1.774557e+00, time=2025-04-15 21:39:57 
jj1 = 228, max_th = 1.300127e+00, time=2025-04-15 21:40:22 
jj1 = 303, max_th = 1.577285e+00, time=2025-04-15 21:40:56 
jj1 = 463, max_th = 1.808120e+00, time=2025-04-15 21:41:42 
jj1 = 71, max_th = 2.059692e+00, time=2025-04-15 21:42:58 
jj1 = 191, max_th = 2.613315e+00, time=2025-04-15 21:45:29 
jj1 = 114, max_th = 2.293836e+00, time=2025-04-15 21:46:09 
jj1 = 421, max_th = 1.086933e+00, time=2025-04-15 21:47:52 
jj1 = 150, max_th = 2.461611e+00, time=2025-04-15 21:49:43 
jj1 = 262, max_th = 2.356975e+00, time=2025-04-15 21:50:31 
jj1 = 383, max_th = 3.024222e+00, time=2025-04-15 21:51:17 
jj1 = 420, max_th = 2.971662e+00, time=2025-04-15 21:51:34 
jj1 = 302, max_th = 1.215164e+00, time=2025-04-15 21:53:01 
jj1 = 382, max_th = 8.343329e-01, time=2025-04-15 21:54:34 
jj1 = 462, max_th = 1.699513e+00, time=2025-04-15 21:55:27 
jj1 = 70, max_th = 1.273719e+00, time=2025-04-15 21:57:09 
jj1 = 227, max_th = 1.636126e+00, time=2025-04-15 22:00:16 
jj1 = 498, max_th = 1.738778e+00, time=2025-04-15 22:01:16 
jj1 = 149, max_th = 2.544134e+00, time=2025-04-15 22:04:25 
jj1 = 343, max_th = 2.264833e+00, time=2025-04-15 22:04:56 
jj1 = 113, max_th = 1.646606e+00, time=2025-04-15 22:06:51 
jj1 = 301, max_th = 2.492136e+00, time=2025-04-15 22:07:46 
jj1 = 419, max_th = 1.909530e+00, time=2025-04-15 22:09:54 
jj1 = 190, max_th = 1.796794e+00, time=2025-04-15 22:10:22 
jj1 = 497, max_th = 1.247572e+00, time=2025-04-15 22:10:38 
jj1 = 189, max_th = 7.018342e-01, time=2025-04-15 22:13:17 
jj1 = 261, max_th = 2.143253e+00, time=2025-04-15 22:16:37 
jj1 = 381, max_th = 1.855537e+00, time=2025-04-15 22:18:40 
jj1 = 148, max_th = 1.753128e+00, time=2025-04-15 22:20:34 
jj1 = 461, max_th = 2.066759e+00, time=2025-04-15 22:21:54 
jj1 = 342, max_th = 2.415204e+00, time=2025-04-15 22:22:29 
jj1 = 69, max_th = 1.692197e+00, time=2025-04-15 22:22:44 
jj1 = 226, max_th = 2.148599e+00, time=2025-04-15 22:22:54 
jj1 = 418, max_th = 2.732289e+00, time=2025-04-15 22:23:15 
jj1 = 496, max_th = 1.728730e+00, time=2025-04-15 22:23:23 
jj1 = 112, max_th = 1.686678e+00, time=2025-04-15 22:29:47 
jj1 = 300, max_th = 1.942738e+00, time=2025-04-15 22:34:29 
jj1 = 380, max_th = 1.396213e+00, time=2025-04-15 22:34:44 
jj1 = 460, max_th = 1.801990e+00, time=2025-04-15 22:38:00 
jj1 = 260, max_th = 1.688639e+00, time=2025-04-15 22:41:27 
jj1 = 111, max_th = 2.640338e+00, time=2025-04-15 22:42:36 
jj1 = 459, max_th = 2.854187e+00, time=2025-04-15 22:42:56 
jj1 = 417, max_th = 2.199782e+00, time=2025-04-15 22:43:36 
jj1 = 188, max_th = 2.068691e+00, time=2025-04-15 22:44:31 
jj1 = 225, max_th = 1.942894e+00, time=2025-04-15 22:46:24 
jj1 = 147, max_th = 1.916220e+00, time=2025-04-15 22:49:34 
jj1 = 110, max_th = 1.219586e+00, time=2025-04-15 22:51:13 
jj1 = 495, max_th = 1.719489e+00, time=2025-04-15 22:51:43 
jj1 = 68, max_th = 1.940781e+00, time=2025-04-15 22:52:25 
jj1 = 299, max_th = 1.639374e+00, time=2025-04-15 22:54:05 
jj1 = 341, max_th = 2.108350e+00, time=2025-04-15 22:57:13 
jj1 = 379, max_th = 1.712522e+00, time=2025-04-15 22:59:28 
jj1 = 146, max_th = 2.612116e+00, time=2025-04-15 23:01:53 
jj1 = 187, max_th = 1.555117e+00, time=2025-04-15 23:03:52 
jj1 = 458, max_th = 1.693089e+00, time=2025-04-15 23:06:37 
jj1 = 186, max_th = 1.336713e+00, time=2025-04-15 23:09:48 
jj1 = 259, max_th = 1.761540e+00, time=2025-04-15 23:09:57 
jj1 = 494, max_th = 1.570226e+00, time=2025-04-15 23:10:00 
jj1 = 109, max_th = 1.606661e+00, time=2025-04-15 23:11:03 
jj1 = 224, max_th = 2.268216e+00, time=2025-04-15 23:11:32 
jj1 = 416, max_th = 1.784920e+00, time=2025-04-15 23:12:58 
jj1 = 298, max_th = 1.812983e+00, time=2025-04-15 23:17:26 
jj1 = 340, max_th = 1.523564e+00, time=2025-04-15 23:18:30 
jj1 = 457, max_th = 2.557756e+00, time=2025-04-15 23:21:44 
jj1 = 258, max_th = 1.296101e+00, time=2025-04-15 23:22:50 
jj1 = 185, max_th = 1.462331e+00, time=2025-04-15 23:23:22 
jj1 = 339, max_th = 2.881404e+00, time=2025-04-15 23:24:24 
jj1 = 378, max_th = 2.277954e+00, time=2025-04-15 23:24:57 
jj1 = 377, max_th = 4.660320e-01, time=2025-04-15 23:26:38 
jj1 = 67, max_th = 1.925931e+00, time=2025-04-15 23:27:04 
jj1 = 145, max_th = 1.778931e+00, time=2025-04-15 23:28:28 
jj1 = 297, max_th = 1.312145e+00, time=2025-04-15 23:29:47 
jj1 = 108, max_th = 1.838911e+00, time=2025-04-15 23:34:36 
jj1 = 223, max_th = 1.843750e+00, time=2025-04-15 23:35:07 
jj1 = 107, max_th = 7.467317e-01, time=2025-04-15 23:37:04 
jj1 = 415, max_th = 1.640325e+00, time=2025-04-15 23:38:44 
jj1 = 493, max_th = 2.025520e+00, time=2025-04-15 23:42:01 
jj1 = 376, max_th = 1.283476e+00, time=2025-04-15 23:42:26 
jj1 = 184, max_th = 1.571020e+00, time=2025-04-15 23:43:35 
jj1 = 144, max_th = 2.470779e+00, time=2025-04-15 23:46:16 
jj1 = 338, max_th = 2.294213e+00, time=2025-04-15 23:46:40 
jj1 = 456, max_th = 1.959322e+00, time=2025-04-15 23:48:36 
jj1 = 183, max_th = 2.814729e+00, time=2025-04-15 23:50:04 
jj1 = 143, max_th = 8.678278e-01, time=2025-04-15 23:51:59 
jj1 = 296, max_th = 2.256337e+00, time=2025-04-15 23:52:54 
jj1 = 66, max_th = 2.266852e+00, time=2025-04-15 23:53:22 
jj1 = 222, max_th = 1.398362e+00, time=2025-04-15 23:54:19 
jj1 = 257, max_th = 1.541128e+00, time=2025-04-15 23:54:55 
jj1 = 375, max_th = 1.495073e+00, time=2025-04-15 23:59:33 
jj1 = 182, max_th = 1.267487e+00, time=2025-04-16 00:01:12 
jj1 = 106, max_th = 1.824955e+00, time=2025-04-16 00:02:52 
jj1 = 492, max_th = 2.255811e+00, time=2025-04-16 00:04:06 
jj1 = 414, max_th = 2.216943e+00, time=2025-04-16 00:09:12 
jj1 = 374, max_th = 1.283319e+00, time=2025-04-16 00:13:57 
jj1 = 455, max_th = 2.071666e+00, time=2025-04-16 00:16:02 
jj1 = 337, max_th = 1.827720e+00, time=2025-04-16 00:18:05 
jj1 = 142, max_th = 1.861797e+00, time=2025-04-16 00:18:13 
jj1 = 221, max_th = 2.011950e+00, time=2025-04-16 00:19:13 
jj1 = 295, max_th = 2.124909e+00, time=2025-04-16 00:19:28 
jj1 = 65, max_th = 2.269878e+00, time=2025-04-16 00:20:14 
jj1 = 105, max_th = 1.540904e+00, time=2025-04-16 00:22:48 
jj1 = 256, max_th = 1.766771e+00, time=2025-04-16 00:23:19 
jj1 = 220, max_th = 1.196547e+00, time=2025-04-16 00:24:35 
jj1 = 181, max_th = 2.016706e+00, time=2025-04-16 00:27:41 
jj1 = 491, max_th = 2.160673e+00, time=2025-04-16 00:29:58 
jj1 = 373, max_th = 1.418862e+00, time=2025-04-16 00:31:51 
jj1 = 413, max_th = 1.840444e+00, time=2025-04-16 00:34:20 
jj1 = 64, max_th = 1.545269e+00, time=2025-04-16 00:36:45 
jj1 = 490, max_th = 1.080753e+00, time=2025-04-16 00:38:50 
jj1 = 454, max_th = 1.989060e+00, time=2025-04-16 00:40:34 
jj1 = 336, max_th = 2.159081e+00, time=2025-04-16 00:41:48 
jj1 = 63, max_th = 2.793906e+00, time=2025-04-16 00:43:57 
jj1 = 141, max_th = 1.871980e+00, time=2025-04-16 00:45:32 
jj1 = 568, max_th = 2.112778e+00, time=2025-04-16 00:45:41 
jj1 = 219, max_th = 1.634983e+00, time=2025-04-16 00:45:48 
jj1 = 140, max_th = 2.903084e+00, time=2025-04-16 00:50:24 
jj1 = 628, max_th = 1.880747e+00, time=2025-04-16 00:52:24 
jj1 = 104, max_th = 2.135995e+00, time=2025-04-16 00:52:25 
jj1 = 62, max_th = 1.069254e+00, time=2025-04-16 00:53:26 
jj1 = 103, max_th = 5.101388e-01, time=2025-04-16 00:53:49 
jj1 = 608, max_th = 2.103644e+00, time=2025-04-16 00:56:57 
jj1 = 180, max_th = 2.163945e+00, time=2025-04-16 00:58:07 
jj1 = 139, max_th = 2.701119e+00, time=2025-04-16 00:59:08 
jj1 = 412, max_th = 2.154716e+00, time=2025-04-16 00:59:15 
jj1 = 748, max_th = 2.291174e+00, time=2025-04-16 01:02:10 
jj1 = 627, max_th = 2.729389e+00, time=2025-04-16 01:02:43 
jj1 = 567, max_th = 9.783253e-01, time=2025-04-16 01:03:13 
jj1 = 335, max_th = 2.194209e+00, time=2025-04-16 01:05:04 
jj1 = 334, max_th = 6.253816e-01, time=2025-04-16 01:07:07 
jj1 = 218, max_th = 1.991185e+00, time=2025-04-16 01:08:12 
jj1 = 453, max_th = 2.132572e+00, time=2025-04-16 01:08:12 
jj1 = 747, max_th = 1.029698e+00, time=2025-04-16 01:09:56 
jj1 = 102, max_th = 2.589046e+00, time=2025-04-16 01:10:01 
jj1 = 728, max_th = 2.520549e+00, time=2025-04-16 01:11:34 
jj1 = 61, max_th = 2.451478e+00, time=2025-04-16 01:12:16 
jj1 = 452, max_th = 2.837543e+00, time=2025-04-16 01:15:20 
jj1 = 566, max_th = 2.249810e+00, time=2025-04-16 01:16:28 
jj1 = 179, max_th = 1.605771e+00, time=2025-04-16 01:16:58 
jj1 = 607, max_th = 1.660292e+00, time=2025-04-16 01:21:36 
jj1 = 626, max_th = 1.654897e+00, time=2025-04-16 01:24:48 
jj1 = 588, max_th = 1.921898e+00, time=2025-04-16 01:26:20 
jj1 = 101, max_th = 2.100368e+00, time=2025-04-16 01:32:03 
jj1 = 668, max_th = 1.972610e+00, time=2025-04-16 01:34:32 
jj1 = 708, max_th = 2.332570e+00, time=2025-04-16 01:35:13 
jj1 = 451, max_th = 1.624221e+00, time=2025-04-16 01:35:46 
jj1 = 217, max_th = 1.915275e+00, time=2025-04-16 01:35:53 
jj1 = 746, max_th = 2.194125e+00, time=2025-04-16 01:36:02 
jj1 = 565, max_th = 1.669947e+00, time=2025-04-16 01:37:34 
jj1 = 727, max_th = 2.139751e+00, time=2025-04-16 01:37:50 
jj1 = 178, max_th = 1.847794e+00, time=2025-04-16 01:41:51 
jj1 = 625, max_th = 1.516054e+00, time=2025-04-16 01:42:40 
jj1 = 624, max_th = 8.563439e-01, time=2025-04-16 01:46:07 
jj1 = 564, max_th = 2.763324e+00, time=2025-04-16 01:46:51 
jj1 = 587, max_th = 2.043786e+00, time=2025-04-16 01:49:03 
jj1 = 648, max_th = 2.000018e+00, time=2025-04-16 01:49:21 
jj1 = 606, max_th = 1.728208e+00, time=2025-04-16 01:52:54 
jj1 = 667, max_th = 1.899395e+00, time=2025-04-16 01:54:11 
jj1 = 707, max_th = 2.049151e+00, time=2025-04-16 01:55:50 
jj1 = 745, max_th = 1.574758e+00, time=2025-04-16 01:56:59 
jj1 = 100, max_th = 2.038395e+00, time=2025-04-16 01:59:42 
jj1 = 726, max_th = 2.263006e+00, time=2025-04-16 02:04:32 
jj1 = 688, max_th = 1.965681e+00, time=2025-04-16 02:04:59 
jj1 = 548, max_th = 1.672216e+00, time=2025-04-16 02:05:03 
jj1 = 605, max_th = 1.590048e+00, time=2025-04-16 02:06:21 
jj1 = 744, max_th = 2.653882e+00, time=2025-04-16 02:06:41 
jj1 = 743, max_th = 3.145325e+00, time=2025-04-16 02:08:01 
jj1 = 706, max_th = 2.450333e+00, time=2025-04-16 02:08:22 
jj1 = 563, max_th = 2.097399e+00, time=2025-04-16 02:10:14 
jj1 = 647, max_th = 2.041256e+00, time=2025-04-16 02:10:58 
jj1 = 666, max_th = 2.473371e+00, time=2025-04-16 02:11:15 
jj1 = 623, max_th = 1.707859e+00, time=2025-04-16 02:11:35 
jj1 = 586, max_th = 2.020551e+00, time=2025-04-16 02:16:33 
jj1 = 768, max_th = 1.503943e+00, time=2025-04-16 02:19:01 
jj1 = 604, max_th = 1.284165e+00, time=2025-04-16 02:19:34 
jj1 = 547, max_th = 1.240463e+00, time=2025-04-16 02:20:03 
jj1 = 603, max_th = 3.370707e+00, time=2025-04-16 02:20:05 
jj1 = 546, max_th = 7.667386e-01, time=2025-04-16 02:21:56 
jj1 = 687, max_th = 2.161991e+00, time=2025-04-16 02:25:47 
jj1 = 725, max_th = 1.476790e+00, time=2025-04-16 02:26:08 
jj1 = 724, max_th = -6.198380e-02, time=2025-04-16 02:27:28 
jj1 = 585, max_th = 2.679595e+00, time=2025-04-16 02:28:04 
jj1 = 646, max_th = 1.999167e+00, time=2025-04-16 02:31:38 
jj1 = 742, max_th = 2.322268e+00, time=2025-04-16 02:31:58 
jj1 = 665, max_th = 2.314095e+00, time=2025-04-16 02:32:43 
jj1 = 767, max_th = 2.514947e+00, time=2025-04-16 02:35:37 
jj1 = 705, max_th = 2.035822e+00, time=2025-04-16 02:35:38 
jj1 = 562, max_th = 2.129483e+00, time=2025-04-16 02:38:37 
jj1 = 741, max_th = 1.283312e+00, time=2025-04-16 02:39:35 
jj1 = 622, max_th = 1.720563e+00, time=2025-04-16 02:40:28 
jj1 = 561, max_th = 3.140805e+00, time=2025-04-16 02:40:41 
jj1 = 645, max_th = 2.619541e+00, time=2025-04-16 02:42:59 
jj1 = 602, max_th = 1.948135e+00, time=2025-04-16 02:44:28 
jj1 = 545, max_th = 1.831587e+00, time=2025-04-16 02:46:19 
jj1 = 560, max_th = 1.137521e+00, time=2025-04-16 02:46:33 
jj1 = 766, max_th = 1.209838e+00, time=2025-04-16 02:46:56 
jj1 = 584, max_th = 2.406178e+00, time=2025-04-16 02:47:50 
jj1 = 601, max_th = 2.990815e+00, time=2025-04-16 02:48:00 
jj1 = 686, max_th = 2.097285e+00, time=2025-04-16 02:48:18 
jj1 = 544, max_th = 2.775118e+00, time=2025-04-16 02:55:01 
jj1 = 723, max_th = 2.036540e+00, time=2025-04-16 02:55:57 
jj1 = 559, max_th = 1.273152e+00, time=2025-04-16 02:56:07 
jj1 = 740, max_th = 2.543301e+00, time=2025-04-16 02:57:16 
jj1 = 704, max_th = 1.997135e+00, time=2025-04-16 02:58:01 
jj1 = 644, max_th = 2.410206e+00, time=2025-04-16 02:58:48 
jj1 = 664, max_th = 1.966044e+00, time=2025-04-16 03:00:12 
jj1 = 621, max_th = 1.526879e+00, time=2025-04-16 03:01:53 
jj1 = 583, max_th = 1.435531e+00, time=2025-04-16 03:02:32 
jj1 = 600, max_th = 1.867389e+00, time=2025-04-16 03:12:01 
jj1 = 685, max_th = 2.001145e+00, time=2025-04-16 03:12:00 
jj1 = 582, max_th = 2.847909e+00, time=2025-04-16 03:12:45 
jj1 = 703, max_th = 2.535498e+00, time=2025-04-16 03:14:56 
jj1 = 765, max_th = 1.923748e+00, time=2025-04-16 03:18:42 
jj1 = 722, max_th = 2.001579e+00, time=2025-04-16 03:19:22 
jj1 = 543, max_th = 2.093577e+00, time=2025-04-16 03:19:54 
jj1 = 558, max_th = 1.666250e+00, time=2025-04-16 03:20:54 
jj1 = 542, max_th = 3.217871e+00, time=2025-04-16 03:21:19 
jj1 = 663, max_th = 2.054693e+00, time=2025-04-16 03:23:20 
jj1 = 739, max_th = 1.937959e+00, time=2025-04-16 03:24:00 
jj1 = 557, max_th = 8.810341e-01, time=2025-04-16 03:25:14 
jj1 = 643, max_th = 2.136761e+00, time=2025-04-16 03:25:15 
jj1 = 581, max_th = 2.561150e+00, time=2025-04-16 03:28:41 
jj1 = 721, max_th = 1.221732e+00, time=2025-04-16 03:30:02 
jj1 = 620, max_th = 2.068253e+00, time=2025-04-16 03:30:37 
jj1 = 556, max_th = 1.139170e+00, time=2025-04-16 03:35:10 
jj1 = 599, max_th = 1.779376e+00, time=2025-04-16 03:38:42 
jj1 = 702, max_th = 2.189473e+00, time=2025-04-16 03:38:50 
jj1 = 684, max_th = 2.061684e+00, time=2025-04-16 03:39:17 
jj1 = 764, max_th = 1.634128e+00, time=2025-04-16 03:42:01 
jj1 = 642, max_th = 2.350878e+00, time=2025-04-16 03:42:22 
jj1 = 662, max_th = 1.618327e+00, time=2025-04-16 03:44:11 
jj1 = 683, max_th = 2.794986e+00, time=2025-04-16 03:45:28 
jj1 = 541, max_th = 1.827505e+00, time=2025-04-16 03:46:34 
jj1 = 738, max_th = 1.706057e+00, time=2025-04-16 03:47:59 
jj1 = 555, max_th = 1.365019e+00, time=2025-04-16 03:48:26 
jj1 = 540, max_th = 9.343521e-01, time=2025-04-16 03:52:52 
jj1 = 619, max_th = 1.674982e+00, time=2025-04-16 03:53:37 
jj1 = 720, max_th = 1.617077e+00, time=2025-04-16 03:53:38 
jj1 = 701, max_th = 1.325130e+00, time=2025-04-16 03:54:49 
jj1 = 641, max_th = 1.452131e+00, time=2025-04-16 03:56:31 
jj1 = 661, max_th = 1.384822e+00, time=2025-04-16 03:59:00 
jj1 = 539, max_th = 2.872778e+00, time=2025-04-16 03:59:24 
jj1 = 580, max_th = 1.975691e+00, time=2025-04-16 04:01:50 
jj1 = 682, max_th = 1.703135e+00, time=2025-04-16 04:03:17 
jj1 = 554, max_th = 2.532854e+00, time=2025-04-16 04:04:01 
jj1 = 763, max_th = 2.342804e+00, time=2025-04-16 04:04:05 
jj1 = 598, max_th = 1.733567e+00, time=2025-04-16 04:04:11 
jj1 = 579, max_th = 9.298603e-01, time=2025-04-16 04:07:09 
jj1 = 762, max_th = 9.402685e-01, time=2025-04-16 04:09:02 
jj1 = 761, max_th = 3.084325e+00, time=2025-04-16 04:11:04 
jj1 = 719, max_th = 2.373256e+00, time=2025-04-16 04:12:38 
jj1 = 737, max_th = 2.062275e+00, time=2025-04-16 04:14:06 
jj1 = 681, max_th = 1.459481e+00, time=2025-04-16 04:16:13 
jj1 = 618, max_th = 1.905880e+00, time=2025-04-16 04:18:36 
jj1 = 660, max_th = 1.588569e+00, time=2025-04-16 04:18:58 
jj1 = 640, max_th = 1.687693e+00, time=2025-04-16 04:19:17 
jj1 = 760, max_th = 1.217355e+00, time=2025-04-16 04:22:06 
jj1 = 700, max_th = 2.213522e+00, time=2025-04-16 04:22:07 
jj1 = 736, max_th = 1.127825e+00, time=2025-04-16 04:22:17 
jj1 = 597, max_th = 1.559620e+00, time=2025-04-16 04:23:43 
jj1 = 538, max_th = 1.939521e+00, time=2025-04-16 04:24:03 
jj1 = 553, max_th = 1.785153e+00, time=2025-04-16 04:29:10 
jj1 = 639, max_th = 1.178908e+00, time=2025-04-16 04:30:13 
jj1 = 680, max_th = 2.607538e+00, time=2025-04-16 04:30:41 
jj1 = 659, max_th = 1.465846e+00, time=2025-04-16 04:33:52 
jj1 = 759, max_th = 1.305486e+00, time=2025-04-16 04:34:59 
jj1 = 578, max_th = 2.321083e+00, time=2025-04-16 04:35:27 
jj1 = 718, max_th = 1.676062e+00, time=2025-04-16 04:36:00 
jj1 = 577, max_th = 5.615882e-01, time=2025-04-16 04:37:42 
jj1 = 699, max_th = 1.474943e+00, time=2025-04-16 04:38:45 
jj1 = 617, max_th = 1.618836e+00, time=2025-04-16 04:40:17 
jj1 = 735, max_th = 2.250499e+00, time=2025-04-16 04:40:18 
jj1 = 596, max_th = 2.563749e+00, time=2025-04-16 04:40:54 
jj1 = 717, max_th = 3.164987e+00, time=2025-04-16 04:42:09 
jj1 = 595, max_th = 3.056556e+00, time=2025-04-16 04:43:01 
jj1 = 638, max_th = 2.503794e+00, time=2025-04-16 04:44:02 
jj1 = 594, max_th = 3.164158e+00, time=2025-04-16 04:44:19 
jj1 = 537, max_th = 2.061447e+00, time=2025-04-16 04:51:34 
jj1 = 616, max_th = 1.404355e+00, time=2025-04-16 04:54:32 
jj1 = 552, max_th = 1.907551e+00, time=2025-04-16 04:55:39 
jj1 = 679, max_th = 1.933936e+00, time=2025-04-16 04:58:10 
jj1 = 716, max_th = 1.541693e+00, time=2025-04-16 04:59:41 
jj1 = 658, max_th = 1.914134e+00, time=2025-04-16 05:00:30 
jj1 = 758, max_th = 2.065059e+00, time=2025-04-16 05:01:11 
jj1 = 678, max_th = 7.565608e-01, time=2025-04-16 05:01:37 
jj1 = 734, max_th = 1.780082e+00, time=2025-04-16 05:06:44 
jj1 = 593, max_th = 1.654557e+00, time=2025-04-16 05:07:56 
jj1 = 576, max_th = 2.157685e+00, time=2025-04-16 05:08:02 
jj1 = 637, max_th = 2.158697e+00, time=2025-04-16 05:08:16 
jj1 = 698, max_th = 1.974573e+00, time=2025-04-16 05:08:37 
jj1 = 536, max_th = 1.596557e+00, time=2025-04-16 05:09:28 
jj1 = 615, max_th = 2.219758e+00, time=2025-04-16 05:13:06 
jj1 = 657, max_th = 1.435219e+00, time=2025-04-16 05:14:59 
jj1 = 614, max_th = 1.281754e+00, time=2025-04-16 05:17:31 
jj1 = 757, max_th = 1.491462e+00, time=2025-04-16 05:19:04 
jj1 = 656, max_th = 2.700892e+00, time=2025-04-16 05:23:02 
jj1 = 715, max_th = 2.104360e+00, time=2025-04-16 05:23:20 
jj1 = 551, max_th = 2.132148e+00, time=2025-04-16 05:24:07 
jj1 = 677, max_th = 2.007721e+00, time=2025-04-16 05:26:31 
jj1 = 636, max_th = 1.849403e+00, time=2025-04-16 05:26:56 
jj1 = 733, max_th = 1.760631e+00, time=2025-04-16 05:29:57 
jj1 = 535, max_th = 1.574972e+00, time=2025-04-16 05:32:46 
jj1 = 613, max_th = 2.512863e+00, time=2025-04-16 05:34:31 
jj1 = 676, max_th = 2.624128e+00, time=2025-04-16 05:37:02 
jj1 = 575, max_th = 2.272726e+00, time=2025-04-16 05:38:17 
jj1 = 756, max_th = 2.282462e+00, time=2025-04-16 05:38:46 
jj1 = 592, max_th = 2.031486e+00, time=2025-04-16 05:40:31 
jj1 = 697, max_th = 1.967515e+00, time=2025-04-16 05:41:45 
jj1 = 635, max_th = 2.301719e+00, time=2025-04-16 05:43:25 
jj1 = 550, max_th = 2.424254e+00, time=2025-04-16 05:43:49 
jj1 = 655, max_th = 1.878111e+00, time=2025-04-16 05:44:49 
jj1 = 634, max_th = 3.086550e+00, time=2025-04-16 05:45:26 
jj1 = 714, max_th = 2.142056e+00, time=2025-04-16 05:45:55 
jj1 = 732, max_th = 2.242337e+00, time=2025-04-16 05:49:35 
jj1 = 633, max_th = 5.711490e-01, time=2025-04-16 05:50:57 
jj1 = 675, max_th = 2.258256e+00, time=2025-04-16 05:58:39 
jj1 = 612, max_th = 1.978754e+00, time=2025-04-16 05:58:49 
jj1 = 549, max_th = 1.762079e+00, time=2025-04-16 06:01:21 
jj1 = 574, max_th = 2.418966e+00, time=2025-04-16 06:01:36 
jj1 = 755, max_th = 1.667673e+00, time=2025-04-16 06:02:55 
jj1 = 534, max_th = 1.863186e+00, time=2025-04-16 06:03:34 
jj1 = 713, max_th = 1.518440e+00, time=2025-04-16 06:03:58 
jj1 = 591, max_th = 1.668204e+00, time=2025-04-16 06:06:45 
jj1 = 696, max_th = 1.902310e+00, time=2025-04-16 06:07:07 
jj1 = 654, max_th = 1.897031e+00, time=2025-04-16 06:07:37 
jj1 = 611, max_th = 2.450218e+00, time=2025-04-16 06:11:21 
jj1 = 674, max_th = 2.299538e+00, time=2025-04-16 06:12:56 
jj1 = 731, max_th = 2.109908e+00, time=2025-04-16 06:13:10 
jj1 = 730, max_th = 1.249367e-01, time=2025-04-16 06:13:22 
jj1 = 778, max_th = 2.390936e+00, time=2025-04-16 06:18:40 
jj1 = 695, max_th = 2.551048e+00, time=2025-04-16 06:20:18 
jj1 = 712, max_th = 1.432281e+00, time=2025-04-16 06:20:25 
jj1 = 533, max_th = 2.428667e+00, time=2025-04-16 06:21:00 
jj1 = 590, max_th = 2.672199e+00, time=2025-04-16 06:21:09 
jj1 = 673, max_th = 1.215424e+00, time=2025-04-16 06:21:18 
jj1 = 573, max_th = 1.603045e+00, time=2025-04-16 06:25:34 
jj1 = 632, max_th = 1.897957e+00, time=2025-04-16 06:26:32 
jj1 = 754, max_th = 1.928880e+00, time=2025-04-16 06:27:20 
jj1 = 653, max_th = 1.934013e+00, time=2025-04-16 06:31:35 
jj1 = 729, max_th = 1.747139e+00, time=2025-04-16 06:36:17 
jj1 = 610, max_th = 2.118544e+00, time=2025-04-16 06:37:43 
jj1 = 711, max_th = 2.525111e+00, time=2025-04-16 06:38:14 
jj1 = 532, max_th = 1.519091e+00, time=2025-04-16 06:41:05 
jj1 = 777, max_th = 2.268595e+00, time=2025-04-16 06:41:15 
jj1 = 652, max_th = 2.674035e+00, time=2025-04-16 06:42:08 
jj1 = 609, max_th = 2.846914e+00, time=2025-04-16 06:42:45 
jj1 = 631, max_th = 1.513115e+00, time=2025-04-16 06:44:54 
jj1 = 672, max_th = 2.281221e+00, time=2025-04-16 06:45:46 
jj1 = 572, max_th = 2.642592e+00, time=2025-04-16 06:46:48 
jj1 = 589, max_th = 1.554046e+00, time=2025-04-16 06:49:09 
jj1 = 694, max_th = 1.988292e+00, time=2025-04-16 06:49:27 
jj1 = 753, max_th = 2.001776e+00, time=2025-04-16 06:50:37 
jj1 = 630, max_th = 2.674341e+00, time=2025-04-16 06:52:22 
jj1 = 571, max_th = 2.878782e+00, time=2025-04-16 06:54:02 
jj1 = 710, max_th = 1.494134e+00, time=2025-04-16 06:55:58 
jj1 = 808, max_th = 1.858621e+00, time=2025-04-16 07:01:19 
jj1 = 671, max_th = 1.479651e+00, time=2025-04-16 07:01:30 
jj1 = 776, max_th = 2.318307e+00, time=2025-04-16 07:03:58 
jj1 = 752, max_th = 1.368859e+00, time=2025-04-16 07:04:01 
jj1 = 807, max_th = 8.285193e-01, time=2025-04-16 07:04:33 
jj1 = 788, max_th = 2.181148e+00, time=2025-04-16 07:06:07 
jj1 = 651, max_th = 1.731934e+00, time=2025-04-16 07:07:07 
jj1 = 629, max_th = 2.510895e+00, time=2025-04-16 07:07:25 
jj1 = 531, max_th = 2.116414e+00, time=2025-04-16 07:09:13 
jj1 = 798, max_th = 2.094196e+00, time=2025-04-16 07:14:38 
jj1 = 693, max_th = 2.060704e+00, time=2025-04-16 07:17:46 
jj1 = 868, max_th = 2.502809e+00, time=2025-04-16 07:22:18 
jj1 = 570, max_th = 1.826550e+00, time=2025-04-16 07:25:46 
jj1 = 709, max_th = 2.473001e+00, time=2025-04-16 07:27:21 
jj1 = 751, max_th = 2.236947e+00, time=2025-04-16 07:27:29 
jj1 = 750, max_th = 2.531073e-01, time=2025-04-16 07:27:51 
jj1 = 670, max_th = 2.066796e+00, time=2025-04-16 07:27:55 
jj1 = 806, max_th = 1.810285e+00, time=2025-04-16 07:28:46 
jj1 = 530, max_th = 1.514665e+00, time=2025-04-16 07:28:49 
jj1 = 775, max_th = 1.875556e+00, time=2025-04-16 07:28:59 
jj1 = 787, max_th = 1.903975e+00, time=2025-04-16 07:31:20 
jj1 = 797, max_th = 1.434547e+00, time=2025-04-16 07:31:47 
jj1 = 650, max_th = 1.921633e+00, time=2025-04-16 07:36:31 
jj1 = 692, max_th = 2.251898e+00, time=2025-04-16 07:40:07 
jj1 = 796, max_th = 2.705108e+00, time=2025-04-16 07:41:14 
jj1 = 818, max_th = 1.554260e+00, time=2025-04-16 07:44:12 
jj1 = 867, max_th = 1.715307e+00, time=2025-04-16 07:45:40 
jj1 = 749, max_th = 1.520835e+00, time=2025-04-16 07:45:57 
jj1 = 786, max_th = 2.298867e+00, time=2025-04-16 07:49:38 
jj1 = 569, max_th = 1.842817e+00, time=2025-04-16 07:51:36 
jj1 = 691, max_th = 2.976637e+00, time=2025-04-16 07:52:06 
jj1 = 805, max_th = 1.765443e+00, time=2025-04-16 07:52:23 
jj1 = 866, max_th = 9.797981e-01, time=2025-04-16 07:52:48 
jj1 = 669, max_th = 1.839225e+00, time=2025-04-16 07:53:06 
jj1 = 529, max_th = 1.893551e+00, time=2025-04-16 07:53:39 
jj1 = 774, max_th = 2.040745e+00, time=2025-04-16 07:55:16 
jj1 = 785, max_th = 2.772063e+00, time=2025-04-16 07:58:09 
jj1 = 804, max_th = 1.088249e+00, time=2025-04-16 08:00:04 
jj1 = 649, max_th = 1.674768e+00, time=2025-04-16 08:00:10 
jj1 = 795, max_th = 1.702365e+00, time=2025-04-16 08:03:04 
jj1 = 888, max_th = 2.250995e+00, time=2025-04-16 08:04:37 
jj1 = 690, max_th = 1.205001e+00, time=2025-04-16 08:04:47 
jj1 = 838, max_th = 9.642870e-01, time=2025-04-16 08:05:12 
jj1 = 784, max_th = 2.762625e+00, time=2025-04-16 08:06:09 
jj1 = 817, max_th = 1.896425e+00, time=2025-04-16 08:08:00 
jj1 = 689, max_th = 3.001743e+00, time=2025-04-16 08:10:17 
jj1 = 865, max_th = 2.440345e+00, time=2025-04-16 08:11:30 
jj1 = 878, max_th = 1.799190e+00, time=2025-04-16 08:14:23 
jj1 = 858, max_th = 2.059957e+00, time=2025-04-16 08:16:07 
jj1 = 828, max_th = 1.684083e+00, time=2025-04-16 08:17:20 
jj1 = 816, max_th = 2.597489e+00, time=2025-04-16 08:19:51 
jj1 = 773, max_th = 2.110929e+00, time=2025-04-16 08:20:23 
jj1 = 803, max_th = 1.619242e+00, time=2025-04-16 08:22:07 
jj1 = 794, max_th = 2.089816e+00, time=2025-04-16 08:29:39 
jj1 = 837, max_th = 2.165512e+00, time=2025-04-16 08:32:38 
jj1 = 783, max_th = 1.759738e+00, time=2025-04-16 08:32:56 
jj1 = 887, max_th = 1.787337e+00, time=2025-04-16 08:33:50 
jj1 = 782, max_th = -6.054970e-02, time=2025-04-16 08:34:10 
jj1 = 857, max_th = 2.461053e+00, time=2025-04-16 08:34:31 
jj1 = 864, max_th = 2.194369e+00, time=2025-04-16 08:36:05 
jj1 = 772, max_th = 1.482159e+00, time=2025-04-16 08:37:21 
jj1 = 848, max_th = 1.890154e+00, time=2025-04-16 08:39:17 
jj1 = 815, max_th = 2.000772e+00, time=2025-04-16 08:39:54 
jj1 = 877, max_th = 1.809813e+00, time=2025-04-16 08:40:17 
jj1 = 863, max_th = 1.059653e+00, time=2025-04-16 08:40:47 
jj1 = 814, max_th = 8.943400e-01, time=2025-04-16 08:43:51 
jj1 = 781, max_th = 2.449870e+00, time=2025-04-16 08:46:38 
jj1 = 827, max_th = 1.979898e+00, time=2025-04-16 08:46:57 
jj1 = 771, max_th = 2.653195e+00, time=2025-04-16 08:47:47 
jj1 = 802, max_th = 1.913259e+00, time=2025-04-16 08:47:50 
jj1 = 862, max_th = 2.668860e+00, time=2025-04-16 08:52:01 
jj1 = 886, max_th = 1.520137e+00, time=2025-04-16 08:52:45 
jj1 = 793, max_th = 2.204480e+00, time=2025-04-16 08:54:00 
jj1 = 792, max_th = 3.199559e+00, time=2025-04-16 08:54:51 
jj1 = 856, max_th = 2.284780e+00, time=2025-04-16 08:57:48 
jj1 = 836, max_th = 2.235582e+00, time=2025-04-16 08:59:07 
jj1 = 826, max_th = 1.460839e+00, time=2025-04-16 09:02:17 
jj1 = 876, max_th = 2.314054e+00, time=2025-04-16 09:03:53 
jj1 = 780, max_th = 1.668027e+00, time=2025-04-16 09:04:14 
jj1 = 813, max_th = 2.158225e+00, time=2025-04-16 09:07:04 
jj1 = 847, max_th = 1.918024e+00, time=2025-04-16 09:08:10 
jj1 = 770, max_th = 2.303779e+00, time=2025-04-16 09:08:34 
jj1 = 801, max_th = 2.319372e+00, time=2025-04-16 09:12:26 
jj1 = 861, max_th = 2.437408e+00, time=2025-04-16 09:16:28 
jj1 = 800, max_th = 2.895613e+00, time=2025-04-16 09:18:37 
jj1 = 812, max_th = 1.291352e+00, time=2025-04-16 09:19:44 
jj1 = 885, max_th = 1.678890e+00, time=2025-04-16 09:19:51 
jj1 = 791, max_th = 2.062601e+00, time=2025-04-16 09:21:33 
jj1 = 835, max_th = 1.948126e+00, time=2025-04-16 09:23:55 
jj1 = 855, max_th = 2.332567e+00, time=2025-04-16 09:26:36 
jj1 = 825, max_th = 2.315993e+00, time=2025-04-16 09:26:48 
jj1 = 790, max_th = 9.951142e-01, time=2025-04-16 09:30:42 
jj1 = 875, max_th = 1.775008e+00, time=2025-04-16 09:30:56 
jj1 = 779, max_th = 2.177353e+00, time=2025-04-16 09:31:22 
jj1 = 769, max_th = 1.967064e+00, time=2025-04-16 09:31:34 
jj1 = 811, max_th = 2.636443e+00, time=2025-04-16 09:31:42 
jj1 = 799, max_th = 1.323235e+00, time=2025-04-16 09:31:49 
jj1 = 846, max_th = 2.153497e+00, time=2025-04-16 09:33:03 
jj1 = 824, max_th = 2.926968e+00, time=2025-04-16 09:34:27 
jj1 = 898, max_th = 6.941918e-01, time=2025-04-16 09:34:37 
jj1 = 874, max_th = 3.022460e+00, time=2025-04-16 09:34:44 
jj1 = 834, max_th = 1.361455e+00, time=2025-04-16 09:38:57 
jj1 = 833, max_th = -1.519116e-03, time=2025-04-16 09:40:09 
jj1 = 860, max_th = 1.987815e+00, time=2025-04-16 09:45:27 
jj1 = 845, max_th = 2.615434e+00, time=2025-04-16 09:45:51 
jj1 = 884, max_th = 1.981995e+00, time=2025-04-16 09:47:19 
jj1 = 903, max_th = 2.429849e+00, time=2025-04-16 09:47:44 
jj1 = 832, max_th = 2.680338e+00, time=2025-04-16 09:50:37 
jj1 = 854, max_th = 1.956986e+00, time=2025-04-16 09:51:05 
jj1 = 810, max_th = 1.524372e+00, time=2025-04-16 09:51:23 
jj1 = 831, max_th = -1.101385e+00, time=2025-04-16 09:51:44 
jj1 = 873, max_th = 1.467573e+00, time=2025-04-16 09:53:14 
jj1 = 789, max_th = 1.834067e+00, time=2025-04-16 09:56:36 
jj1 = 872, max_th = 7.427602e-01, time=2025-04-16 09:57:18 
jj1 = 897, max_th = 1.805911e+00, time=2025-04-16 09:58:05 
jj1 = 908, max_th = 7.610551e-01, time=2025-04-16 09:59:08 
jj1 = 893, max_th = 1.964906e+00, time=2025-04-16 09:59:17 
jj1 = 823, max_th = 1.836869e+00, time=2025-04-16 09:59:57 
jj1 = 902, max_th = 2.624129e+00, time=2025-04-16 10:01:18 
jj1 = 892, max_th = 8.858705e-01, time=2025-04-16 10:03:55 
jj1 = 822, max_th = 1.278953e+00, time=2025-04-16 10:05:25 
jj1 = 853, max_th = 2.565102e+00, time=2025-04-16 10:05:35 
jj1 = 883, max_th = 2.023814e+00, time=2025-04-16 10:11:00 
jj1 = 859, max_th = 1.868945e+00, time=2025-04-16 10:12:56 
jj1 = 809, max_th = 2.255606e+00, time=2025-04-16 10:14:18 
jj1 = 844, max_th = 2.115181e+00, time=2025-04-16 10:15:11 
jj1 = 830, max_th = 2.231959e+00, time=2025-04-16 10:16:25 
jj1 = 896, max_th = 2.435822e+00, time=2025-04-16 10:17:15 
jj1 = 852, max_th = 1.601400e+00, time=2025-04-16 10:22:36 
jj1 = 918, max_th = 1.350239e+00, time=2025-04-16 10:23:28 
jj1 = 871, max_th = 2.073652e+00, time=2025-04-16 10:23:39 
jj1 = 891, max_th = 2.380363e+00, time=2025-04-16 10:24:05 
jj1 = 901, max_th = 1.946419e+00, time=2025-04-16 10:24:27 
jj1 = 907, max_th = 1.751639e+00, time=2025-04-16 10:25:14 
jj1 = 821, max_th = 1.996293e+00, time=2025-04-16 10:32:41 
jj1 = 829, max_th = 1.479451e+00, time=2025-04-16 10:35:49 
jj1 = 843, max_th = 1.613386e+00, time=2025-04-16 10:37:44 
jj1 = 913, max_th = 2.277872e+00, time=2025-04-16 10:38:23 
jj1 = 851, max_th = 2.351186e+00, time=2025-04-16 10:39:16 
jj1 = 895, max_th = 2.335833e+00, time=2025-04-16 10:39:53 
jj1 = 882, max_th = 1.889945e+00, time=2025-04-16 10:40:15 
jj1 = 890, max_th = 1.624572e+00, time=2025-04-16 10:48:27 
jj1 = 894, max_th = 1.177214e+00, time=2025-04-16 10:48:38 
jj1 = 917, max_th = 2.063625e+00, time=2025-04-16 10:49:59 
jj1 = 906, max_th = 2.166310e+00, time=2025-04-16 10:51:53 
jj1 = 842, max_th = 1.416118e+00, time=2025-04-16 10:54:08 
jj1 = 943, max_th = 1.689663e+00, time=2025-04-16 10:56:52 
jj1 = 870, max_th = 2.018169e+00, time=2025-04-16 10:57:18 
jj1 = 820, max_th = 1.562293e+00, time=2025-04-16 10:58:39 
jj1 = 900, max_th = 2.382269e+00, time=2025-04-16 11:00:13 
jj1 = 881, max_th = 2.366686e+00, time=2025-04-16 11:03:05 
jj1 = 912, max_th = 1.594706e+00, time=2025-04-16 11:03:14 
jj1 = 850, max_th = 1.905045e+00, time=2025-04-16 11:03:58 
jj1 = 905, max_th = 2.661675e+00, time=2025-04-16 11:05:36 
jj1 = 916, max_th = 2.296020e+00, time=2025-04-16 11:10:23 
jj1 = 942, max_th = 2.566849e+00, time=2025-04-16 11:10:42 
jj1 = 889, max_th = 2.280806e+00, time=2025-04-16 11:10:50 
jj1 = 960, max_th = 2.331561e+00, time=2025-04-16 11:11:08 
jj1 = 880, max_th = 1.134281e+00, time=2025-04-16 11:12:59 
jj1 = 869, max_th = 2.562865e+00, time=2025-04-16 11:13:07 
jj1 = 841, max_th = 2.393023e+00, time=2025-04-16 11:14:03 
jj1 = 956, max_th = 9.146174e-01, time=2025-04-16 11:16:29 
jj1 = 904, max_th = 2.630055e+00, time=2025-04-16 11:19:37 
jj1 = 899, max_th = 2.322320e+00, time=2025-04-16 11:20:50 
jj1 = 819, max_th = 1.842745e+00, time=2025-04-16 11:22:15 
jj1 = 879, max_th = 2.486852e+00, time=2025-04-16 11:26:58 
jj1 = 849, max_th = 2.223574e+00, time=2025-04-16 11:29:05 
jj1 = 911, max_th = 2.275335e+00, time=2025-04-16 11:29:08 
jj1 = 959, max_th = 1.559542e+00, time=2025-04-16 11:30:15 
jj1 = 964, max_th = 1.317280e+00, time=2025-04-16 11:34:44 
jj1 = 840, max_th = 1.638639e+00, time=2025-04-16 11:36:15 
jj1 = 938, max_th = 1.944503e+00, time=2025-04-16 11:37:50 
jj1 = 952, max_th = 2.281868e+00, time=2025-04-16 11:38:00 
jj1 = 915, max_th = 2.129983e+00, time=2025-04-16 11:38:16 
jj1 = 941, max_th = 2.073214e+00, time=2025-04-16 11:39:46 
jj1 = 914, max_th = 3.030693e+00, time=2025-04-16 11:40:37 
jj1 = 955, max_th = 1.945412e+00, time=2025-04-16 11:42:20 
jj1 = 928, max_th = 1.854442e+00, time=2025-04-16 11:47:28 
jj1 = 933, max_th = 1.709570e+00, time=2025-04-16 11:49:29 
jj1 = 937, max_th = 1.310302e+00, time=2025-04-16 11:49:32 
jj1 = 923, max_th = 1.908499e+00, time=2025-04-16 11:52:03 
jj1 = 839, max_th = 1.465301e+00, time=2025-04-16 11:52:13 
jj1 = 972, max_th = 1.446901e+00, time=2025-04-16 11:55:18 
jj1 = 910, max_th = 2.009772e+00, time=2025-04-16 11:56:48 
jj1 = 963, max_th = 1.738262e+00, time=2025-04-16 11:57:35 
jj1 = 958, max_th = 2.006129e+00, time=2025-04-16 11:57:53 
jj1 = 940, max_th = 1.794831e+00, time=2025-04-16 12:00:59 
jj1 = 954, max_th = 1.640779e+00, time=2025-04-16 12:03:45 
jj1 = 951, max_th = 1.955499e+00, time=2025-04-16 12:04:56 
jj1 = 936, max_th = 2.487682e+00, time=2025-04-16 12:06:35 
jj1 = 909, max_th = 2.528302e+00, time=2025-04-16 12:11:22 
jj1 = 948, max_th = 1.648041e+00, time=2025-04-16 12:11:41 
jj1 = 932, max_th = 1.937715e+00, time=2025-04-16 12:14:12 
jj1 = 927, max_th = 2.357425e+00, time=2025-04-16 12:15:40 
jj1 = 968, max_th = 9.573128e-01, time=2025-04-16 12:16:27 
jj1 = 971, max_th = 1.723952e+00, time=2025-04-16 12:19:12 
jj1 = 962, max_th = 1.849126e+00, time=2025-04-16 12:21:17 
jj1 = 953, max_th = 1.370957e+00, time=2025-04-16 12:21:46 
jj1 = 935, max_th = 2.567152e+00, time=2025-04-16 12:22:22 
jj1 = 947, max_th = 2.654136e+00, time=2025-04-16 12:22:24 
jj1 = 922, max_th = 2.140297e+00, time=2025-04-16 12:22:27 
jj1 = 939, max_th = 2.245114e+00, time=2025-04-16 12:24:19 
jj1 = 921, max_th = 3.121217e+00, time=2025-04-16 12:24:28 
jj1 = 984, max_th = 8.030551e-01, time=2025-04-16 12:24:32 
jj1 = 957, max_th = 1.974911e+00, time=2025-04-16 12:25:21 
jj1 = 950, max_th = 1.767494e+00, time=2025-04-16 12:28:44 
jj1 = 934, max_th = 1.163328e+00, time=2025-04-16 12:29:19 
jj1 = 976, max_th = 2.740890e+00, time=2025-04-16 12:32:32 
jj1 = 970, max_th = 1.550627e+00, time=2025-04-16 12:35:19 
jj1 = 946, max_th = 1.549934e+00, time=2025-04-16 12:36:30 
jj1 = 945, max_th = 3.703196e+00, time=2025-04-16 12:36:31 
jj1 = 949, max_th = 2.754431e+00, time=2025-04-16 12:36:35 
jj1 = 926, max_th = 2.335835e+00, time=2025-04-16 12:37:56 
jj1 = 931, max_th = 2.212631e+00, time=2025-04-16 12:38:23 
jj1 = 967, max_th = 1.902490e+00, time=2025-04-16 12:39:39 
jj1 = 988, max_th = 1.277245e+00, time=2025-04-16 12:39:51 
jj1 = 961, max_th = 1.655964e+00, time=2025-04-16 12:43:49 
jj1 = 920, max_th = 1.755344e+00, time=2025-04-16 12:45:17 
jj1 = 983, max_th = 1.804264e+00, time=2025-04-16 12:50:31 
jj1 = 996, max_th = 2.567981e+00, time=2025-04-16 12:50:49 
jj1 = 980, max_th = 1.622505e+00, time=2025-04-16 12:51:10 
jj1 = 925, max_th = 1.503589e+00, time=2025-04-16 12:54:06 
jj1 = 966, max_th = 2.540578e+00, time=2025-04-16 12:54:20 
jj1 = 979, max_th = 9.382938e-01, time=2025-04-16 12:55:50 
jj1 = 969, max_th = 1.532259e+00, time=2025-04-16 12:56:08 
jj1 = 930, max_th = 2.480996e+00, time=2025-04-16 12:56:39 
jj1 = 975, max_th = 1.819701e+00, time=2025-04-16 12:58:21 
jj1 = 987, max_th = 1.605045e+00, time=2025-04-16 12:59:44 
jj1 = 1000, max_th = 8.706331e-01, time=2025-04-16 13:00:34 
jj1 = 974, max_th = 3.260765e+00, time=2025-04-16 13:01:31 
jj1 = 982, max_th = 2.299892e+00, time=2025-04-16 13:04:52 
jj1 = 944, max_th = 1.886499e+00, time=2025-04-16 13:05:00 
jj1 = 986, max_th = 2.741936e+00, time=2025-04-16 13:07:02 
jj1 = 919, max_th = 1.976330e+00, time=2025-04-16 13:14:20 
jj1 = 992, max_th = 1.790892e+00, time=2025-04-16 13:14:31 
jj1 = 981, max_th = 1.193182e+00, time=2025-04-16 13:15:16 
jj1 = 995, max_th = 1.770564e+00, time=2025-04-16 13:16:44 
jj1 = 965, max_th = 1.956653e+00, time=2025-04-16 13:17:58 
jj1 = 924, max_th = 2.130151e+00, time=2025-04-16 13:18:40 
jj1 = 978, max_th = 2.242575e+00, time=2025-04-16 13:19:36 
jj1 = 929, max_th = 2.060546e+00, time=2025-04-16 13:21:46 
jj1 = 997, max_th = 3.453760e+00, time=2025-04-16 13:21:54 
jj1 = 999, max_th = 3.705006e-01, time=2025-04-16 13:22:33 
jj1 = 973, max_th = 2.285361e+00, time=2025-04-16 13:23:02 
jj1 = 985, max_th = 2.486283e+00, time=2025-04-16 13:24:11 
jj1 = 998, max_th = 1.657282e+00, time=2025-04-16 13:33:23 
jj1 = 991, max_th = 1.739286e+00, time=2025-04-16 13:37:21 
jj1 = 994, max_th = 2.028901e+00, time=2025-04-16 13:41:58 
jj1 = 977, max_th = 1.873656e+00, time=2025-04-16 13:42:09 
jj1 = 990, max_th = 2.448566e+00, time=2025-04-16 13:47:11 
jj1 = 989, max_th = 2.690172e+00, time=2025-04-16 13:53:53 
jj1 = 993, max_th = 1.735412e+00, time=2025-04-16 13:56:56 
>> >> >> >> >> >> >> >> >> 