MATLAB is selecting SOFTWARE OPENGL rendering.

                            < M A T L A B (R) >
                  Copyright 1984-2021 The MathWorks, Inc.
                  R2021b (9.11.0.1769968) 64-bit (glnxa64)
                             September 17, 2021

 
To get started, type doc.
For product information, visit www.mathworks.com.
 
>> >> >> >> >> >> >> >> >> >> >> >> >> >> >> >> >> >> >> >> >> >> >> >> >> >> Starting parallel pool (parpool) using the 'local' profile ...
[Warning: A task was unexpectedly found in state: Unavailable.] 
[> In parallel.cluster.Local/deriveJobStateFromTasks (line 29)
In parallel.cluster/Local/getJobState (line 174)
In parallel.cluster/CJSCluster/hGetJobState (line 375)
In parallel.internal.cluster/CJSJobMixin/hGetStateEnum (line 175)
In parallel/Job/get.StateEnum (line 247)
In parallel/Job/get.State (line 239)
In parallel.internal.customattr.CustomGetSet>iVectorisedGetHelper (line 128)
In parallel.internal.customattr.CustomGetSet>@(a,b,c)iVectorisedGetHelper(obj,a,b,c) (line 102)
In parallel.internal.customattr/CustomGetSet/doVectorisedGet (line 103)
In parallel.internal.customattr/CustomGetSet/hVectorisedGet (line 76)
In parallel.internal.customattr.GetSetImpl>iAccessProperties (line 322)
In parallel.internal.customattr.GetSetImpl>iGetAllPropertiesVec (line 264)
In parallel.internal.customattr/GetSetImpl/getImpl (line 133)
In parallel.internal.customattr.CustomGetSet>iHetFunGetFunction (line 154)
In parallel.internal.customattr.CustomGetSet>@(o)iHetFunGetFunction(o,props) (line 139)
In parallel.internal.cluster.hetfun (line 46)
In parallel.internal.customattr.CustomGetSet>iHetFunGetProperty (line 139)
In parallel.internal.customattr/CustomGetSet/get (line 38)
In parallel.internal.pool/AbstractInteractiveClient/pRemoveOldJobs (line 211)
In parallel.internal.pool/AbstractInteractiveClient/start (line 103)
In parallel.internal.pool.AbstractClusterPool>iStartClient (line 831)
In parallel.internal.pool/AbstractClusterPool/hBuildPool (line 585)
In parallel.internal.pool.doParpool (line 22)
In parpool (line 123)
In parallel.internal.parpool.getOrCreateCurrentPool (line 17)
In parallel.internal.pool/PoolArrayManager/getOrAutoCreateWithCleanup (line 44)
In pctTryCreatePoolIfNecessary (line 28)
In parallel_function (line 423)] 
Connected to the parallel pool (number of workers: 12).
jj1 = 55, max_th = 1.147022e+00, time=2025-04-07 16:27:15 
jj1 = 54, max_th = -5.196481e-01, time=2025-04-07 16:27:32 
jj1 = 20, max_th = 2.717809e+00, time=2025-04-07 16:28:32 
jj1 = 25, max_th = 1.337896e+00, time=2025-04-07 16:34:39 
jj1 = 40, max_th = 2.632215e+00, time=2025-04-07 16:35:12 
jj1 = 19, max_th = 2.746490e+00, time=2025-04-07 16:36:29 
jj1 = 15, max_th = 1.542821e+00, time=2025-04-07 16:36:46 
jj1 = 5, max_th = 2.050243e+00, time=2025-04-07 16:37:59 
jj1 = 45, max_th = 1.699369e+00, time=2025-04-07 16:38:05 
jj1 = 18, max_th = 9.655282e-01, time=2025-04-07 16:42:31 
jj1 = 4, max_th = 6.099330e-01, time=2025-04-07 16:43:01 
jj1 = 24, max_th = 2.639057e+00, time=2025-04-07 16:44:08 
jj1 = 30, max_th = 1.764228e+00, time=2025-04-07 16:44:21 
jj1 = 50, max_th = 1.979069e+00, time=2025-04-07 16:45:48 
jj1 = 10, max_th = 1.946790e+00, time=2025-04-07 16:46:07 
jj1 = 29, max_th = 2.969801e+00, time=2025-04-07 16:47:27 
jj1 = 60, max_th = 1.969398e+00, time=2025-04-07 16:49:57 
jj1 = 44, max_th = 2.635199e+00, time=2025-04-07 16:50:31 
jj1 = 53, max_th = 1.957159e+00, time=2025-04-07 16:52:11 
jj1 = 35, max_th = 1.877343e+00, time=2025-04-07 16:52:47 
jj1 = 3, max_th = 2.609879e+00, time=2025-04-07 16:53:34 
jj1 = 39, max_th = 2.264919e+00, time=2025-04-07 16:55:19 
jj1 = 17, max_th = 2.536078e+00, time=2025-04-07 16:58:06 
jj1 = 49, max_th = 2.205061e+00, time=2025-04-07 16:59:22 
jj1 = 43, max_th = 2.695730e+00, time=2025-04-07 17:00:15 
jj1 = 2, max_th = 1.247326e+00, time=2025-04-07 17:01:58 
jj1 = 14, max_th = 2.077072e+00, time=2025-04-07 17:02:41 
jj1 = 34, max_th = 1.400892e+00, time=2025-04-07 17:03:57 
jj1 = 23, max_th = 2.126742e+00, time=2025-04-07 17:05:29 
jj1 = 59, max_th = 2.239456e+00, time=2025-04-07 17:09:31 
jj1 = 1, max_th = 2.736714e+00, time=2025-04-07 17:09:48 
jj1 = 13, max_th = 1.349683e+00, time=2025-04-07 17:10:35 
jj1 = 48, max_th = 1.386960e+00, time=2025-04-07 17:10:42 
jj1 = 9, max_th = 1.818772e+00, time=2025-04-07 17:11:18 
jj1 = 16, max_th = 1.859447e+00, time=2025-04-07 17:12:57 
jj1 = 28, max_th = 1.892147e+00, time=2025-04-07 17:13:51 
jj1 = 52, max_th = 1.984154e+00, time=2025-04-07 17:15:54 
jj1 = 38, max_th = 2.213697e+00, time=2025-04-07 17:17:11 
jj1 = 8, max_th = 1.084922e+00, time=2025-04-07 17:17:26 
jj1 = 42, max_th = 1.611333e+00, time=2025-04-07 17:18:18 
jj1 = 7, max_th = 3.076801e+00, time=2025-04-07 17:20:29 
jj1 = 12, max_th = 1.400819e+00, time=2025-04-07 17:20:59 
jj1 = 58, max_th = 1.177542e+00, time=2025-04-07 17:23:10 
jj1 = 33, max_th = 1.695827e+00, time=2025-04-07 17:23:12 
jj1 = 27, max_th = -1.125523e-01, time=2025-04-07 17:24:13 
jj1 = 22, max_th = 1.960672e+00, time=2025-04-07 17:28:07 
jj1 = 11, max_th = 1.243650e+00, time=2025-04-07 17:30:58 
jj1 = 99, max_th = 1.983425e+00, time=2025-04-07 17:32:39 
jj1 = 51, max_th = 1.955638e+00, time=2025-04-07 17:36:25 
jj1 = 216, max_th = 2.149610e+00, time=2025-04-07 17:36:26 
jj1 = 177, max_th = 1.038031e+00, time=2025-04-07 17:37:15 
jj1 = 57, max_th = 2.487651e+00, time=2025-04-07 17:37:49 
jj1 = 41, max_th = 2.235357e+00, time=2025-04-07 17:38:03 
jj1 = 37, max_th = 1.791733e+00, time=2025-04-07 17:38:35 
jj1 = 6, max_th = 1.629476e+00, time=2025-04-07 17:38:52 
jj1 = 32, max_th = 2.481696e+00, time=2025-04-07 17:41:44 
jj1 = 47, max_th = 1.738372e+00, time=2025-04-07 17:44:06 
jj1 = 176, max_th = 2.798777e+00, time=2025-04-07 17:44:35 
jj1 = 489, max_th = 2.669544e+00, time=2025-04-07 17:46:03 
jj1 = 21, max_th = 1.682637e+00, time=2025-04-07 17:49:01 
jj1 = 26, max_th = 2.174309e+00, time=2025-04-07 17:49:10 
jj1 = 56, max_th = 2.389173e+00, time=2025-04-07 17:50:10 
jj1 = 36, max_th = 1.522654e+00, time=2025-04-07 17:51:16 
jj1 = 411, max_th = 1.362707e+00, time=2025-04-07 17:51:31 
jj1 = 138, max_th = 2.455856e+00, time=2025-04-07 17:54:12 
jj1 = 98, max_th = 2.185890e+00, time=2025-04-07 17:56:32 
jj1 = 46, max_th = 1.650289e+00, time=2025-04-07 17:57:27 
jj1 = 137, max_th = 1.289109e+00, time=2025-04-07 17:58:40 
jj1 = 97, max_th = 7.765833e-01, time=2025-04-07 17:58:57 
jj1 = 528, max_th = 1.393864e+00, time=2025-04-07 17:59:41 
jj1 = 215, max_th = 2.066939e+00, time=2025-04-07 18:00:00 
jj1 = 175, max_th = 1.489111e+00, time=2025-04-07 18:00:05 
jj1 = 410, max_th = 2.498231e+00, time=2025-04-07 18:04:23 
jj1 = 294, max_th = 1.539555e+00, time=2025-04-07 18:06:19 
jj1 = 31, max_th = 2.214871e+00, time=2025-04-07 18:10:13 
jj1 = 255, max_th = 1.835494e+00, time=2025-04-07 18:12:47 
jj1 = 450, max_th = 2.359502e+00, time=2025-04-07 18:15:07 
jj1 = 136, max_th = 1.603138e+00, time=2025-04-07 18:15:25 
jj1 = 488, max_th = 2.133795e+00, time=2025-04-07 18:15:28 
jj1 = 372, max_th = 1.810236e+00, time=2025-04-07 18:16:37 
jj1 = 214, max_th = 1.730223e+00, time=2025-04-07 18:17:23 
jj1 = 527, max_th = 1.851564e+00, time=2025-04-07 18:18:06 
jj1 = 96, max_th = 2.117995e+00, time=2025-04-07 18:22:13 
jj1 = 409, max_th = 2.378931e+00, time=2025-04-07 18:24:30 
jj1 = 135, max_th = 2.598939e+00, time=2025-04-07 18:26:32 
jj1 = 174, max_th = 2.066155e+00, time=2025-04-07 18:27:15 
jj1 = 487, max_th = 1.196665e+00, time=2025-04-07 18:27:27 
jj1 = 371, max_th = 1.572159e+00, time=2025-04-07 18:27:42 
jj1 = 293, max_th = 1.742314e+00, time=2025-04-07 18:28:52 
jj1 = 449, max_th = 2.538661e+00, time=2025-04-07 18:30:51 
jj1 = 333, max_th = 1.925737e+00, time=2025-04-07 18:33:51 
jj1 = 254, max_th = 1.641832e+00, time=2025-04-07 18:34:18 
jj1 = 253, max_th = 3.162320e+00, time=2025-04-07 18:35:08 
jj1 = 526, max_th = 2.142051e+00, time=2025-04-07 18:42:53 
jj1 = 213, max_th = 2.077934e+00, time=2025-04-07 18:42:54 
jj1 = 370, max_th = 1.685846e+00, time=2025-04-07 18:43:10 
jj1 = 173, max_th = 1.575469e+00, time=2025-04-07 18:44:27 
jj1 = 408, max_th = 2.123364e+00, time=2025-04-07 18:45:05 
jj1 = 95, max_th = 2.060348e+00, time=2025-04-07 18:46:29 
jj1 = 134, max_th = 2.272658e+00, time=2025-04-07 18:46:50 
jj1 = 252, max_th = 1.466621e+00, time=2025-04-07 18:49:15 
jj1 = 292, max_th = 2.212735e+00, time=2025-04-07 18:50:02 
jj1 = 486, max_th = 2.232863e+00, time=2025-04-07 18:50:42 
jj1 = 212, max_th = 2.557917e+00, time=2025-04-07 18:53:07 
jj1 = 94, max_th = 6.240241e-01, time=2025-04-07 18:53:55 
jj1 = 332, max_th = 1.847854e+00, time=2025-04-07 18:54:40 
jj1 = 93, max_th = 3.106103e+00, time=2025-04-07 18:56:00 
jj1 = 525, max_th = 2.530956e+00, time=2025-04-07 18:58:26 
jj1 = 133, max_th = 2.442387e+00, time=2025-04-07 19:02:59 
jj1 = 172, max_th = 1.593546e+00, time=2025-04-07 19:03:30 
jj1 = 291, max_th = 1.061605e+00, time=2025-04-07 19:03:31 
jj1 = 448, max_th = 2.142305e+00, time=2025-04-07 19:05:32 
jj1 = 290, max_th = 2.806392e+00, time=2025-04-07 19:08:10 
jj1 = 211, max_th = 2.480538e+00, time=2025-04-07 19:08:23 
jj1 = 251, max_th = 1.708517e+00, time=2025-04-07 19:08:49 
jj1 = 407, max_th = 1.994856e+00, time=2025-04-07 19:08:51 
jj1 = 485, max_th = 2.004611e+00, time=2025-04-07 19:09:27 
jj1 = 369, max_th = 1.984679e+00, time=2025-04-07 19:10:23 
jj1 = 92, max_th = 2.358095e+00, time=2025-04-07 19:16:28 
jj1 = 331, max_th = 1.728402e+00, time=2025-04-07 19:16:56 
jj1 = 524, max_th = 1.737068e+00, time=2025-04-07 19:18:06 
jj1 = 447, max_th = 2.476651e+00, time=2025-04-07 19:20:37 
jj1 = 210, max_th = 1.545007e+00, time=2025-04-07 19:24:04 
jj1 = 484, max_th = 1.761510e+00, time=2025-04-07 19:25:16 
jj1 = 209, max_th = 7.195475e-01, time=2025-04-07 19:26:54 
jj1 = 368, max_th = 1.846473e+00, time=2025-04-07 19:27:07 
jj1 = 406, max_th = 1.577296e+00, time=2025-04-07 19:31:21 
jj1 = 132, max_th = 1.920575e+00, time=2025-04-07 19:31:25 
jj1 = 171, max_th = 1.973065e+00, time=2025-04-07 19:31:43 
jj1 = 289, max_th = 1.844354e+00, time=2025-04-07 19:31:43 
jj1 = 208, max_th = 1.238035e+00, time=2025-04-07 19:35:35 
jj1 = 250, max_th = 1.733567e+00, time=2025-04-07 19:36:06 
jj1 = 288, max_th = 2.839184e+00, time=2025-04-07 19:38:16 
jj1 = 330, max_th = 1.830504e+00, time=2025-04-07 19:38:56 
jj1 = 91, max_th = 1.767465e+00, time=2025-04-07 19:39:50 
jj1 = 249, max_th = 9.347886e-01, time=2025-04-07 19:39:57 
jj1 = 446, max_th = 1.845756e+00, time=2025-04-07 19:43:47 
jj1 = 170, max_th = 2.443259e+00, time=2025-04-07 19:45:48 
jj1 = 523, max_th = 1.876533e+00, time=2025-04-07 19:47:38 
jj1 = 367, max_th = 1.750582e+00, time=2025-04-07 19:48:01 
jj1 = 329, max_th = 2.733713e+00, time=2025-04-07 19:50:20 
jj1 = 131, max_th = 2.327259e+00, time=2025-04-07 19:51:12 
jj1 = 445, max_th = 1.124076e+00, time=2025-04-07 19:51:16 
jj1 = 207, max_th = 1.783402e+00, time=2025-04-07 19:52:27 
jj1 = 405, max_th = 2.731009e+00, time=2025-04-07 19:52:55 
jj1 = 366, max_th = 3.239973e+00, time=2025-04-07 19:56:08 
jj1 = 287, max_th = 1.757684e+00, time=2025-04-07 19:57:44 
jj1 = 286, max_th = 3.333556e+00, time=2025-04-07 19:58:28 
jj1 = 169, max_th = 2.249540e+00, time=2025-04-07 19:59:54 
jj1 = 285, max_th = 1.036619e+00, time=2025-04-07 20:01:38 
jj1 = 206, max_th = 2.658643e+00, time=2025-04-07 20:01:56 
jj1 = 483, max_th = 1.783519e+00, time=2025-04-07 20:02:13 
jj1 = 90, max_th = 2.041427e+00, time=2025-04-07 20:02:58 
jj1 = 130, max_th = 2.259122e+00, time=2025-04-07 20:02:59 
jj1 = 248, max_th = 1.525398e+00, time=2025-04-07 20:03:26 
jj1 = 444, max_th = 2.488617e+00, time=2025-04-07 20:04:05 
jj1 = 328, max_th = 1.491605e+00, time=2025-04-07 20:14:44 
jj1 = 205, max_th = 1.606954e+00, time=2025-04-07 20:14:57 
jj1 = 89, max_th = 1.373217e+00, time=2025-04-07 20:14:58 
jj1 = 522, max_th = 2.123431e+00, time=2025-04-07 20:15:46 
jj1 = 168, max_th = 2.479090e+00, time=2025-04-07 20:16:16 
jj1 = 404, max_th = 2.005449e+00, time=2025-04-07 20:17:22 
jj1 = 365, max_th = 1.722421e+00, time=2025-04-07 20:18:21 
jj1 = 482, max_th = 1.597640e+00, time=2025-04-07 20:19:12 
jj1 = 284, max_th = 1.478465e+00, time=2025-04-07 20:20:15 
jj1 = 443, max_th = 2.001592e+00, time=2025-04-07 20:20:52 
jj1 = 247, max_th = 1.638370e+00, time=2025-04-07 20:21:27 
jj1 = 88, max_th = 2.589451e+00, time=2025-04-07 20:25:57 
jj1 = 167, max_th = 1.452244e+00, time=2025-04-07 20:28:02 
jj1 = 129, max_th = 2.234465e+00, time=2025-04-07 20:28:51 
jj1 = 481, max_th = 2.351934e+00, time=2025-04-07 20:30:11 
jj1 = 327, max_th = 1.234693e+00, time=2025-04-07 20:30:29 
jj1 = 204, max_th = 2.322665e+00, time=2025-04-07 20:32:16 
jj1 = 403, max_th = 1.382293e+00, time=2025-04-07 20:35:24 
jj1 = 521, max_th = 2.219564e+00, time=2025-04-07 20:36:31 
jj1 = 283, max_th = 2.478033e+00, time=2025-04-07 20:38:46 
jj1 = 480, max_th = 1.586129e+00, time=2025-04-07 20:40:37 
jj1 = 442, max_th = 2.315409e+00, time=2025-04-07 20:41:11 
jj1 = 364, max_th = 1.834444e+00, time=2025-04-07 20:41:48 
jj1 = 166, max_th = 2.397376e+00, time=2025-04-07 20:43:29 
jj1 = 246, max_th = 1.933940e+00, time=2025-04-07 20:43:34 
jj1 = 402, max_th = 2.760648e+00, time=2025-04-07 20:44:00 
jj1 = 326, max_th = 1.518517e+00, time=2025-04-07 20:45:20 
jj1 = 128, max_th = 2.367410e+00, time=2025-04-07 20:45:23 
jj1 = 520, max_th = 1.211159e+00, time=2025-04-07 20:47:10 
jj1 = 203, max_th = 1.754387e+00, time=2025-04-07 20:51:01 
jj1 = 87, max_th = 2.313475e+00, time=2025-04-07 20:52:49 
jj1 = 282, max_th = 2.429854e+00, time=2025-04-07 20:53:50 
jj1 = 479, max_th = 2.451720e+00, time=2025-04-07 20:56:43 
jj1 = 245, max_th = 1.699791e+00, time=2025-04-07 20:57:41 
jj1 = 478, max_th = 7.336090e-01, time=2025-04-07 20:59:34 
jj1 = 325, max_th = 1.414036e+00, time=2025-04-07 21:00:16 
jj1 = 165, max_th = 2.320479e+00, time=2025-04-07 21:02:22 
jj1 = 127, max_th = 1.560340e+00, time=2025-04-07 21:02:44 
jj1 = 281, max_th = 2.605877e+00, time=2025-04-07 21:03:43 
jj1 = 477, max_th = 2.853136e+00, time=2025-04-07 21:04:00 
jj1 = 441, max_th = 2.067378e+00, time=2025-04-07 21:06:22 
jj1 = 202, max_th = 1.937852e+00, time=2025-04-07 21:08:01 
jj1 = 363, max_th = 2.235115e+00, time=2025-04-07 21:09:46 
jj1 = 519, max_th = 1.927011e+00, time=2025-04-07 21:11:10 
jj1 = 324, max_th = 1.440752e+00, time=2025-04-07 21:11:41 
jj1 = 244, max_th = 1.418564e+00, time=2025-04-07 21:11:47 
jj1 = 440, max_th = 1.149830e+00, time=2025-04-07 21:11:54 
jj1 = 86, max_th = 2.670613e+00, time=2025-04-07 21:12:44 
jj1 = 164, max_th = 1.277570e+00, time=2025-04-07 21:14:54 
jj1 = 323, max_th = 2.971972e+00, time=2025-04-07 21:15:27 
jj1 = 201, max_th = 2.650075e+00, time=2025-04-07 21:17:05 
jj1 = 476, max_th = 1.330208e+00, time=2025-04-07 21:17:15 
jj1 = 439, max_th = 2.867446e+00, time=2025-04-07 21:21:59 
jj1 = 85, max_th = 1.338503e+00, time=2025-04-07 21:24:00 
jj1 = 280, max_th = 2.187909e+00, time=2025-04-07 21:25:45 
jj1 = 126, max_th = 1.806552e+00, time=2025-04-07 21:26:49 
jj1 = 322, max_th = 2.539690e+00, time=2025-04-07 21:29:56 
jj1 = 475, max_th = 2.448336e+00, time=2025-04-07 21:30:25 
jj1 = 518, max_th = 2.140366e+00, time=2025-04-07 21:32:01 
jj1 = 362, max_th = 2.174365e+00, time=2025-04-07 21:32:16 
jj1 = 401, max_th = 2.427536e+00, time=2025-04-07 21:32:41 
jj1 = 279, max_th = 2.749093e+00, time=2025-04-07 21:33:27 
jj1 = 163, max_th = 2.151919e+00, time=2025-04-07 21:34:34 
jj1 = 125, max_th = 1.291624e+00, time=2025-04-07 21:35:27 
jj1 = 200, max_th = 1.755961e+00, time=2025-04-07 21:36:31 
jj1 = 243, max_th = 1.972628e+00, time=2025-04-07 21:42:24 
jj1 = 438, max_th = 1.938137e+00, time=2025-04-07 21:45:55 
jj1 = 84, max_th = 1.794579e+00, time=2025-04-07 21:46:16 
jj1 = 361, max_th = 2.583952e+00, time=2025-04-07 21:48:56 
jj1 = 162, max_th = 1.648086e+00, time=2025-04-07 21:49:33 
jj1 = 400, max_th = 1.578275e+00, time=2025-04-07 21:50:25 
jj1 = 321, max_th = 2.167010e+00, time=2025-04-07 21:51:32 
jj1 = 242, max_th = 1.600014e+00, time=2025-04-07 21:51:56 
jj1 = 124, max_th = 2.418906e+00, time=2025-04-07 21:52:39 
jj1 = 517, max_th = 2.428383e+00, time=2025-04-07 21:52:58 
jj1 = 474, max_th = 1.984820e+00, time=2025-04-07 21:53:45 
jj1 = 320, max_th = 1.097461e+00, time=2025-04-07 21:57:38 
jj1 = 83, max_th = 1.501214e+00, time=2025-04-07 21:58:49 
jj1 = 319, max_th = 3.193793e+00, time=2025-04-07 21:58:50 
jj1 = 360, max_th = 2.479770e+00, time=2025-04-07 22:00:41 
jj1 = 516, max_th = 2.777837e+00, time=2025-04-07 22:01:02 
jj1 = 161, max_th = 1.897833e+00, time=2025-04-07 22:05:00 
jj1 = 399, max_th = 2.250996e+00, time=2025-04-07 22:05:45 
jj1 = 473, max_th = 2.304370e+00, time=2025-04-07 22:06:52 
jj1 = 199, max_th = 2.378462e+00, time=2025-04-07 22:09:57 
jj1 = 318, max_th = 1.337506e+00, time=2025-04-07 22:10:13 
jj1 = 437, max_th = 1.536801e+00, time=2025-04-07 22:10:13 
jj1 = 160, max_th = 1.312943e+00, time=2025-04-07 22:11:47 
jj1 = 278, max_th = 1.680860e+00, time=2025-04-07 22:12:34 
jj1 = 123, max_th = 1.589040e+00, time=2025-04-07 22:13:08 
jj1 = 515, max_th = 1.331116e+00, time=2025-04-07 22:14:23 
jj1 = 317, max_th = 2.913009e+00, time=2025-04-07 22:14:27 
jj1 = 122, max_th = 3.581758e-01, time=2025-04-07 22:14:30 
jj1 = 241, max_th = 1.787492e+00, time=2025-04-07 22:16:14 
jj1 = 316, max_th = 4.800854e+00, time=2025-04-07 22:16:56 
jj1 = 198, max_th = 1.457215e+00, time=2025-04-07 22:18:46 
jj1 = 82, max_th = 2.224322e+00, time=2025-04-07 22:19:06 
jj1 = 359, max_th = 2.383097e+00, time=2025-04-07 22:21:25 
jj1 = 277, max_th = 1.324442e+00, time=2025-04-07 22:24:42 
jj1 = 358, max_th = 3.053867e+00, time=2025-04-07 22:25:26 
jj1 = 398, max_th = 1.481089e+00, time=2025-04-07 22:30:10 
jj1 = 159, max_th = 1.679003e+00, time=2025-04-07 22:32:38 
jj1 = 472, max_th = 1.970752e+00, time=2025-04-07 22:33:05 
jj1 = 436, max_th = 2.011913e+00, time=2025-04-07 22:35:08 
jj1 = 514, max_th = 1.703292e+00, time=2025-04-07 22:37:03 
jj1 = 315, max_th = 2.186033e+00, time=2025-04-07 22:37:20 
jj1 = 197, max_th = 2.407308e+00, time=2025-04-07 22:37:40 
jj1 = 121, max_th = 2.258790e+00, time=2025-04-07 22:37:42 
jj1 = 81, max_th = 2.045220e+00, time=2025-04-07 22:38:06 
jj1 = 276, max_th = 1.747957e+00, time=2025-04-07 22:41:37 
jj1 = 435, max_th = 2.715588e+00, time=2025-04-07 22:42:59 
jj1 = 240, max_th = 1.927541e+00, time=2025-04-07 22:48:08 
jj1 = 513, max_th = 1.173776e+00, time=2025-04-07 22:49:04 
jj1 = 357, max_th = 1.920214e+00, time=2025-04-07 22:49:17 
jj1 = 397, max_th = 1.992174e+00, time=2025-04-07 22:49:28 
jj1 = 120, max_th = 1.374435e+00, time=2025-04-07 22:51:06 
jj1 = 471, max_th = 1.606840e+00, time=2025-04-07 22:51:30 
jj1 = 158, max_th = 2.477022e+00, time=2025-04-07 22:51:48 
jj1 = 80, max_th = 2.536019e+00, time=2025-04-07 22:53:48 
jj1 = 356, max_th = 2.679514e+00, time=2025-04-07 22:55:52 
jj1 = 196, max_th = 2.438311e+00, time=2025-04-07 22:55:55 
jj1 = 314, max_th = 2.216688e+00, time=2025-04-07 22:59:44 
jj1 = 275, max_th = 2.292297e+00, time=2025-04-07 23:00:56 
jj1 = 396, max_th = 2.450354e+00, time=2025-04-07 23:02:16 
jj1 = 470, max_th = 1.600589e+00, time=2025-04-07 23:03:18 
jj1 = 395, max_th = 3.003939e+00, time=2025-04-07 23:03:39 
jj1 = 512, max_th = 2.428175e+00, time=2025-04-07 23:04:36 
jj1 = 239, max_th = 1.597524e+00, time=2025-04-07 23:07:15 
jj1 = 434, max_th = 2.332007e+00, time=2025-04-07 23:07:16 
jj1 = 469, max_th = 9.530687e-01, time=2025-04-07 23:08:17 
jj1 = 119, max_th = 2.458499e+00, time=2025-04-07 23:09:06 
jj1 = 355, max_th = 2.203890e+00, time=2025-04-07 23:16:24 
jj1 = 511, max_th = 1.289292e+00, time=2025-04-07 23:16:42 
jj1 = 238, max_th = 2.653607e+00, time=2025-04-07 23:16:46 
jj1 = 237, max_th = 3.479329e+00, time=2025-04-07 23:17:12 
jj1 = 79, max_th = 1.580739e+00, time=2025-04-07 23:17:23 
jj1 = 118, max_th = 1.170377e+00, time=2025-04-07 23:17:49 
jj1 = 274, max_th = 2.335291e+00, time=2025-04-07 23:20:19 
jj1 = 195, max_th = 2.232736e+00, time=2025-04-07 23:20:35 
jj1 = 157, max_th = 2.046746e+00, time=2025-04-07 23:20:39 
jj1 = 394, max_th = 1.691733e+00, time=2025-04-07 23:23:10 
jj1 = 313, max_th = 1.865087e+00, time=2025-04-07 23:25:30 
jj1 = 468, max_th = 1.271739e+00, time=2025-04-07 23:26:17 
jj1 = 433, max_th = 2.046962e+00, time=2025-04-07 23:28:31 
jj1 = 236, max_th = 2.344419e+00, time=2025-04-07 23:34:14 
jj1 = 354, max_th = 1.372715e+00, time=2025-04-07 23:35:27 
jj1 = 312, max_th = 1.225455e+00, time=2025-04-07 23:36:13 
jj1 = 78, max_th = 2.139807e+00, time=2025-04-07 23:37:58 
jj1 = 467, max_th = 2.604091e+00, time=2025-04-07 23:39:40 
jj1 = 510, max_th = 1.932942e+00, time=2025-04-07 23:40:22 
jj1 = 273, max_th = 2.383044e+00, time=2025-04-07 23:40:24 
jj1 = 117, max_th = 1.864405e+00, time=2025-04-07 23:41:12 
jj1 = 432, max_th = 1.323951e+00, time=2025-04-07 23:43:14 
jj1 = 393, max_th = 2.086666e+00, time=2025-04-07 23:44:03 
jj1 = 509, max_th = 9.568921e-01, time=2025-04-07 23:44:14 
jj1 = 194, max_th = 2.037301e+00, time=2025-04-07 23:46:32 
jj1 = 156, max_th = 2.081086e+00, time=2025-04-07 23:46:37 
jj1 = 311, max_th = 1.315329e+00, time=2025-04-07 23:47:51 
jj1 = 353, max_th = 2.251189e+00, time=2025-04-07 23:50:35 
jj1 = 235, max_th = 1.757262e+00, time=2025-04-07 23:50:36 
jj1 = 272, max_th = 1.319621e+00, time=2025-04-07 23:50:56 
jj1 = 234, max_th = -1.602827e-01, time=2025-04-07 23:51:32 
jj1 = 431, max_th = 1.759946e+00, time=2025-04-07 23:53:35 
jj1 = 116, max_th = 2.334913e+00, time=2025-04-07 23:59:05 
jj1 = 466, max_th = 1.954377e+00, time=2025-04-08 00:00:06 
jj1 = 310, max_th = 1.895544e+00, time=2025-04-08 00:01:43 
jj1 = 193, max_th = 1.436376e+00, time=2025-04-08 00:01:57 
jj1 = 155, max_th = 1.865917e+00, time=2025-04-08 00:05:07 
jj1 = 233, max_th = 2.114278e+00, time=2025-04-08 00:06:34 
jj1 = 392, max_th = 1.984329e+00, time=2025-04-08 00:06:57 
jj1 = 465, max_th = 1.553551e+00, time=2025-04-08 00:08:25 
jj1 = 352, max_th = 1.747696e+00, time=2025-04-08 00:08:41 
jj1 = 77, max_th = 1.887099e+00, time=2025-04-08 00:10:40 
jj1 = 508, max_th = 1.737421e+00, time=2025-04-08 00:10:54 
jj1 = 507, max_th = 3.109590e+00, time=2025-04-08 00:12:32 
jj1 = 115, max_th = 2.149571e+00, time=2025-04-08 00:13:23 
jj1 = 430, max_th = 2.253271e+00, time=2025-04-08 00:16:02 
jj1 = 391, max_th = 1.392257e+00, time=2025-04-08 00:17:07 
jj1 = 76, max_th = 1.097207e+00, time=2025-04-08 00:18:14 
jj1 = 192, max_th = 2.379655e+00, time=2025-04-08 00:20:25 
jj1 = 506, max_th = 2.611249e+00, time=2025-04-08 00:20:59 
jj1 = 429, max_th = 2.811725e+00, time=2025-04-08 00:22:19 
jj1 = 464, max_th = 2.525321e+00, time=2025-04-08 00:22:47 
jj1 = 271, max_th = 1.909240e+00, time=2025-04-08 00:23:24 
jj1 = 232, max_th = 1.846940e+00, time=2025-04-08 00:25:46 
jj1 = 309, max_th = 2.077847e+00, time=2025-04-08 00:25:52 
jj1 = 75, max_th = 2.863196e+00, time=2025-04-08 00:25:59 
jj1 = 154, max_th = 2.007127e+00, time=2025-04-08 00:26:40 
jj1 = 351, max_th = 1.808841e+00, time=2025-04-08 00:29:47 
jj1 = 308, max_th = 1.054100e+00, time=2025-04-08 00:31:09 
jj1 = 307, max_th = 3.641886e+00, time=2025-04-08 00:31:15 
jj1 = 505, max_th = 2.555431e+00, time=2025-04-08 00:33:41 
jj1 = 350, max_th = 1.009565e+00, time=2025-04-08 00:34:49 
jj1 = 390, max_th = 1.572092e+00, time=2025-04-08 00:37:22 
jj1 = 114, max_th = 1.986661e+00, time=2025-04-08 00:37:58 
jj1 = 74, max_th = 2.497793e+00, time=2025-04-08 00:38:51 
jj1 = 428, max_th = 1.673870e+00, time=2025-04-08 00:40:52 
jj1 = 153, max_th = 2.344539e+00, time=2025-04-08 00:41:27 
jj1 = 463, max_th = 2.228495e+00, time=2025-04-08 00:42:26 
jj1 = 191, max_th = 1.695586e+00, time=2025-04-08 00:44:10 
jj1 = 270, max_th = 1.888392e+00, time=2025-04-08 00:46:36 
jj1 = 231, max_th = 1.940747e+00, time=2025-04-08 00:48:50 
jj1 = 349, max_th = 2.269067e+00, time=2025-04-08 00:50:42 
jj1 = 389, max_th = 2.481088e+00, time=2025-04-08 00:51:55 
jj1 = 152, max_th = 2.542927e+00, time=2025-04-08 00:52:16 
jj1 = 306, max_th = 1.629196e+00, time=2025-04-08 00:52:58 
jj1 = 113, max_th = 1.527337e+00, time=2025-04-08 00:53:32 
jj1 = 348, max_th = 1.136697e+00, time=2025-04-08 01:00:04 
jj1 = 112, max_th = 1.107951e+00, time=2025-04-08 01:00:25 
jj1 = 504, max_th = 1.927454e+00, time=2025-04-08 01:00:28 
jj1 = 190, max_th = 1.606260e+00, time=2025-04-08 01:00:58 
jj1 = 73, max_th = 2.004751e+00, time=2025-04-08 01:01:09 
jj1 = 427, max_th = 1.789933e+00, time=2025-04-08 01:03:15 
jj1 = 111, max_th = 9.643285e-01, time=2025-04-08 01:04:04 
jj1 = 347, max_th = 3.729914e+00, time=2025-04-08 01:05:38 
jj1 = 462, max_th = 1.763375e+00, time=2025-04-08 01:05:40 
jj1 = 269, max_th = 2.046543e+00, time=2025-04-08 01:11:03 
jj1 = 388, max_th = 1.740101e+00, time=2025-04-08 01:13:32 
jj1 = 151, max_th = 2.105006e+00, time=2025-04-08 01:14:35 
jj1 = 72, max_th = 2.467557e+00, time=2025-04-08 01:14:45 
jj1 = 230, max_th = 1.913839e+00, time=2025-04-08 01:16:37 
jj1 = 346, max_th = 2.260712e+00, time=2025-04-08 01:21:46 
jj1 = 229, max_th = 3.921387e+00, time=2025-04-08 01:22:13 
jj1 = 503, max_th = 1.877572e+00, time=2025-04-08 01:23:56 
jj1 = 387, max_th = 2.633981e+00, time=2025-04-08 01:25:52 
jj1 = 426, max_th = 2.080134e+00, time=2025-04-08 01:26:15 
jj1 = 461, max_th = 2.033191e+00, time=2025-04-08 01:26:24 
jj1 = 110, max_th = 1.786500e+00, time=2025-04-08 01:30:06 
jj1 = 189, max_th = 2.332424e+00, time=2025-04-08 01:30:22 
jj1 = 460, max_th = 3.272709e+00, time=2025-04-08 01:31:02 
jj1 = 71, max_th = 1.432922e+00, time=2025-04-08 01:31:30 
jj1 = 305, max_th = 1.929907e+00, time=2025-04-08 01:32:19 
jj1 = 268, max_th = 2.081120e+00, time=2025-04-08 01:33:51 
jj1 = 150, max_th = 2.143755e+00, time=2025-04-08 01:34:30 
jj1 = 386, max_th = 2.662644e+00, time=2025-04-08 01:35:46 
jj1 = 345, max_th = 2.387475e+00, time=2025-04-08 01:38:25 
jj1 = 425, max_th = 1.632982e+00, time=2025-04-08 01:40:14 
jj1 = 149, max_th = 8.742617e-01, time=2025-04-08 01:41:49 
jj1 = 228, max_th = 2.332158e+00, time=2025-04-08 01:41:54 
jj1 = 148, max_th = 3.831428e+00, time=2025-04-08 01:42:02 
jj1 = 502, max_th = 2.337319e+00, time=2025-04-08 01:44:42 
jj1 = 109, max_th = 2.474089e+00, time=2025-04-08 01:45:29 
jj1 = 147, max_th = 3.027473e+00, time=2025-04-08 01:46:17 
jj1 = 385, max_th = 1.351309e+00, time=2025-04-08 01:46:20 
jj1 = 459, max_th = 2.264758e+00, time=2025-04-08 01:49:31 
jj1 = 304, max_th = 2.479276e+00, time=2025-04-08 01:51:03 
jj1 = 70, max_th = 2.072453e+00, time=2025-04-08 01:53:16 
jj1 = 267, max_th = 2.070188e+00, time=2025-04-08 01:54:43 
jj1 = 227, max_th = 1.446992e+00, time=2025-04-08 01:54:59 
jj1 = 188, max_th = 2.468326e+00, time=2025-04-08 01:55:49 
jj1 = 458, max_th = 9.547635e-01, time=2025-04-08 01:56:56 
jj1 = 344, max_th = 2.149062e+00, time=2025-04-08 01:57:36 
jj1 = 424, max_th = 1.640990e+00, time=2025-04-08 02:04:53 
jj1 = 146, max_th = 2.282767e+00, time=2025-04-08 02:05:29 
jj1 = 187, max_th = 2.684578e+00, time=2025-04-08 02:05:57 
jj1 = 303, max_th = 2.170310e+00, time=2025-04-08 02:06:16 
jj1 = 384, max_th = 2.091270e+00, time=2025-04-08 02:06:43 
jj1 = 501, max_th = 2.267417e+00, time=2025-04-08 02:07:23 
jj1 = 108, max_th = 1.821812e+00, time=2025-04-08 02:08:37 
jj1 = 69, max_th = 1.998415e+00, time=2025-04-08 02:13:42 
jj1 = 266, max_th = 2.430665e+00, time=2025-04-08 02:14:04 
jj1 = 343, max_th = 1.658701e+00, time=2025-04-08 02:16:00 
jj1 = 342, max_th = 6.401292e-01, time=2025-04-08 02:18:20 
jj1 = 500, max_th = 1.381190e+00, time=2025-04-08 02:18:57 
jj1 = 226, max_th = 2.142362e+00, time=2025-04-08 02:20:29 
jj1 = 499, max_th = 6.168255e-01, time=2025-04-08 02:21:04 
jj1 = 302, max_th = 1.817196e+00, time=2025-04-08 02:22:24 
jj1 = 457, max_th = 2.321792e+00, time=2025-04-08 02:22:44 
jj1 = 341, max_th = 3.043170e+00, time=2025-04-08 02:23:39 
jj1 = 423, max_th = 2.294110e+00, time=2025-04-08 02:24:12 
jj1 = 68, max_th = 1.223450e+00, time=2025-04-08 02:24:41 
jj1 = 145, max_th = 2.409268e+00, time=2025-04-08 02:25:43 
jj1 = 225, max_th = 7.141809e-01, time=2025-04-08 02:26:11 
jj1 = 107, max_th = 1.692892e+00, time=2025-04-08 02:26:59 
jj1 = 422, max_th = 9.118253e-01, time=2025-04-08 02:27:28 
jj1 = 186, max_th = 1.848912e+00, time=2025-04-08 02:27:44 
jj1 = 498, max_th = 1.287390e+00, time=2025-04-08 02:30:44 
jj1 = 383, max_th = 2.212464e+00, time=2025-04-08 02:30:50 
jj1 = 340, max_th = 1.441954e+00, time=2025-04-08 02:35:43 
jj1 = 67, max_th = 1.451901e+00, time=2025-04-08 02:38:57 
jj1 = 421, max_th = 1.253224e+00, time=2025-04-08 02:39:22 
jj1 = 265, max_th = 2.128315e+00, time=2025-04-08 02:42:26 
jj1 = 106, max_th = 1.564088e+00, time=2025-04-08 02:44:30 
jj1 = 185, max_th = 2.048572e+00, time=2025-04-08 02:45:44 
jj1 = 224, max_th = 1.796644e+00, time=2025-04-08 02:46:34 
jj1 = 497, max_th = 1.242501e+00, time=2025-04-08 02:46:36 
jj1 = 456, max_th = 2.156011e+00, time=2025-04-08 02:46:43 
jj1 = 420, max_th = 1.184427e+00, time=2025-04-08 02:48:26 
jj1 = 301, max_th = 2.172925e+00, time=2025-04-08 02:48:34 
jj1 = 144, max_th = 2.131509e+00, time=2025-04-08 02:53:43 
jj1 = 66, max_th = 1.664309e+00, time=2025-04-08 02:57:24 
jj1 = 382, max_th = 2.025959e+00, time=2025-04-08 02:58:02 
jj1 = 105, max_th = 1.497234e+00, time=2025-04-08 02:58:19 
jj1 = 339, max_th = 1.524747e+00, time=2025-04-08 03:00:26 
jj1 = 455, max_th = 1.952570e+00, time=2025-04-08 03:07:16 
jj1 = 184, max_th = 1.796632e+00, time=2025-04-08 03:07:43 
jj1 = 223, max_th = 1.802575e+00, time=2025-04-08 03:07:51 
jj1 = 496, max_th = 2.269806e+00, time=2025-04-08 03:07:56 
jj1 = 419, max_th = 2.207809e+00, time=2025-04-08 03:08:52 
jj1 = 264, max_th = 2.179502e+00, time=2025-04-08 03:09:01 
jj1 = 300, max_th = 1.643159e+00, time=2025-04-08 03:12:54 
jj1 = 143, max_th = 2.203614e+00, time=2025-04-08 03:13:02 
jj1 = 263, max_th = 2.940283e+00, time=2025-04-08 03:15:56 
jj1 = 104, max_th = 1.627722e+00, time=2025-04-08 03:17:00 
jj1 = 142, max_th = 2.702961e+00, time=2025-04-08 03:20:54 
jj1 = 262, max_th = 1.048701e+00, time=2025-04-08 03:21:23 
jj1 = 65, max_th = 1.889182e+00, time=2025-04-08 03:24:04 
jj1 = 381, max_th = 2.274758e+00, time=2025-04-08 03:24:04 
jj1 = 338, max_th = 2.067463e+00, time=2025-04-08 03:26:01 
jj1 = 103, max_th = -3.606353e-03, time=2025-04-08 03:26:54 
jj1 = 183, max_th = 2.139780e+00, time=2025-04-08 03:28:25 
jj1 = 454, max_th = 2.093044e+00, time=2025-04-08 03:29:33 
jj1 = 222, max_th = 1.777146e+00, time=2025-04-08 03:31:34 
jj1 = 299, max_th = 1.722998e+00, time=2025-04-08 03:33:18 
jj1 = 141, max_th = 2.476669e+00, time=2025-04-08 03:38:24 
jj1 = 221, max_th = 2.499849e+00, time=2025-04-08 03:40:39 
jj1 = 182, max_th = 1.360374e+00, time=2025-04-08 03:40:43 
jj1 = 261, max_th = 1.616053e+00, time=2025-04-08 03:42:14 
jj1 = 418, max_th = 1.846104e+00, time=2025-04-08 03:42:18 
jj1 = 220, max_th = 9.308209e-01, time=2025-04-08 03:44:46 
jj1 = 140, max_th = 2.669501e+00, time=2025-04-08 03:45:10 
jj1 = 219, max_th = 3.053363e+00, time=2025-04-08 03:45:56 
jj1 = 337, max_th = 2.111950e+00, time=2025-04-08 03:47:46 
jj1 = 495, max_th = 1.641201e+00, time=2025-04-08 03:49:32 
jj1 = 380, max_th = 2.086429e+00, time=2025-04-08 03:49:33 
jj1 = 102, max_th = 1.784659e+00, time=2025-04-08 03:51:03 
jj1 = 453, max_th = 1.859900e+00, time=2025-04-08 03:52:16 
jj1 = 417, max_th = 1.230041e+00, time=2025-04-08 03:52:59 
jj1 = 416, max_th = -2.031278e-01, time=2025-04-08 03:53:23 
jj1 = 218, max_th = 1.451316e+00, time=2025-04-08 03:54:57 
jj1 = 336, max_th = 1.180919e+00, time=2025-04-08 03:55:58 
jj1 = 298, max_th = 2.315822e+00, time=2025-04-08 03:56:09 
jj1 = 260, max_th = 2.568075e+00, time=2025-04-08 03:57:06 
jj1 = 379, max_th = 2.710557e+00, time=2025-04-08 03:58:57 
jj1 = 452, max_th = 2.821782e+00, time=2025-04-08 03:59:39 
jj1 = 181, max_th = 2.047899e+00, time=2025-04-08 04:00:46 
jj1 = 101, max_th = 1.223516e+00, time=2025-04-08 04:01:07 
jj1 = 64, max_th = 1.940457e+00, time=2025-04-08 04:01:11 
jj1 = 139, max_th = 2.372211e+00, time=2025-04-08 04:05:51 
jj1 = 378, max_th = 2.709242e+00, time=2025-04-08 04:06:09 
jj1 = 415, max_th = 2.547109e+00, time=2025-04-08 04:07:11 
jj1 = 180, max_th = 2.693444e+00, time=2025-04-08 04:10:10 
jj1 = 494, max_th = 2.201151e+00, time=2025-04-08 04:11:01 
jj1 = 451, max_th = 1.948506e+00, time=2025-04-08 04:14:40 
jj1 = 608, max_th = -3.465887e-02, time=2025-04-08 04:15:40 
jj1 = 414, max_th = 2.678687e+00, time=2025-04-08 04:16:41 
jj1 = 217, max_th = 2.056552e+00, time=2025-04-08 04:17:17 
jj1 = 297, max_th = 1.835167e+00, time=2025-04-08 04:17:20 
jj1 = 335, max_th = 1.843057e+00, time=2025-04-08 04:18:47 
jj1 = 63, max_th = 1.728361e+00, time=2025-04-08 04:19:21 
jj1 = 100, max_th = 1.945280e+00, time=2025-04-08 04:22:52 
jj1 = 377, max_th = 2.199902e+00, time=2025-04-08 04:24:03 
jj1 = 588, max_th = 1.850414e+00, time=2025-04-08 04:24:39 
jj1 = 334, max_th = 2.729892e+00, time=2025-04-08 04:27:20 
jj1 = 296, max_th = 2.590522e+00, time=2025-04-08 04:28:09 
jj1 = 413, max_th = 2.513043e+00, time=2025-04-08 04:31:09 
jj1 = 179, max_th = 2.005064e+00, time=2025-04-08 04:32:30 
jj1 = 648, max_th = 1.123746e+00, time=2025-04-08 04:33:03 
jj1 = 259, max_th = 2.038861e+00, time=2025-04-08 04:36:04 
jj1 = 668, max_th = 1.756797e+00, time=2025-04-08 04:37:08 
jj1 = 667, max_th = 8.998029e-01, time=2025-04-08 04:38:30 
jj1 = 493, max_th = 1.867828e+00, time=2025-04-08 04:39:00 
jj1 = 376, max_th = 1.620154e+00, time=2025-04-08 04:39:08 
jj1 = 607, max_th = 1.992422e+00, time=2025-04-08 04:39:51 
jj1 = 606, max_th = 7.262340e-01, time=2025-04-08 04:41:40 
jj1 = 295, max_th = 1.276875e+00, time=2025-04-08 04:42:29 
jj1 = 62, max_th = 2.170342e+00, time=2025-04-08 04:44:48 
jj1 = 768, max_th = 1.153414e+00, time=2025-04-08 04:46:05 
jj1 = 728, max_th = 1.482332e+00, time=2025-04-08 04:46:08 
jj1 = 178, max_th = 2.340433e+00, time=2025-04-08 04:46:35 
jj1 = 258, max_th = 2.679782e+00, time=2025-04-08 04:47:54 
jj1 = 587, max_th = 2.129570e+00, time=2025-04-08 04:49:22 
jj1 = 412, max_th = 2.097098e+00, time=2025-04-08 04:51:37 
jj1 = 492, max_th = 2.510294e+00, time=2025-04-08 04:54:39 
jj1 = 375, max_th = 1.950805e+00, time=2025-04-08 04:57:37 
jj1 = 647, max_th = 2.030914e+00, time=2025-04-08 04:59:12 
jj1 = 666, max_th = 2.247243e+00, time=2025-04-08 05:00:52 
jj1 = 374, max_th = 9.976942e-01, time=2025-04-08 05:03:11 
jj1 = 61, max_th = 2.257243e+00, time=2025-04-08 05:04:11 
jj1 = 605, max_th = 2.273085e+00, time=2025-04-08 05:08:06 
jj1 = 767, max_th = 1.908266e+00, time=2025-04-08 05:08:59 
jj1 = 586, max_th = 2.234284e+00, time=2025-04-08 05:09:47 
jj1 = 568, max_th = 2.092691e+00, time=2025-04-08 05:10:05 
jj1 = 748, max_th = 2.030184e+00, time=2025-04-08 05:10:52 
jj1 = 257, max_th = 1.778269e+00, time=2025-04-08 05:11:41 
jj1 = 373, max_th = 1.308593e+00, time=2025-04-08 05:12:37 
jj1 = 665, max_th = 2.250057e+00, time=2025-04-08 05:14:37 
jj1 = 646, max_th = 2.199789e+00, time=2025-04-08 05:14:48 
jj1 = 491, max_th = 2.044749e+00, time=2025-04-08 05:15:09 
jj1 = 727, max_th = 2.081153e+00, time=2025-04-08 05:18:03 
jj1 = 747, max_th = 1.119380e+00, time=2025-04-08 05:18:15 
jj1 = 645, max_th = -4.850970e-01, time=2025-04-08 05:18:41 
jj1 = 766, max_th = 1.527728e+00, time=2025-04-08 05:19:12 
jj1 = 548, max_th = 2.406516e+00, time=2025-04-08 05:21:11 
jj1 = 490, max_th = 8.754079e-01, time=2025-04-08 05:21:31 
jj1 = 567, max_th = 1.519491e+00, time=2025-04-08 05:25:37 
jj1 = 628, max_th = 2.476935e+00, time=2025-04-08 05:26:21 
jj1 = 644, max_th = 1.372142e+00, time=2025-04-08 05:27:05 
jj1 = 604, max_th = 2.502854e+00, time=2025-04-08 05:27:28 
jj1 = 765, max_th = 1.261723e+00, time=2025-04-08 05:28:03 
jj1 = 585, max_th = 1.772250e+00, time=2025-04-08 05:31:21 
jj1 = 746, max_th = 2.624245e+00, time=2025-04-08 05:32:50 
jj1 = 708, max_th = 1.645681e+00, time=2025-04-08 05:34:56 
jj1 = 664, max_th = 1.762655e+00, time=2025-04-08 05:36:42 
jj1 = 256, max_th = 2.211373e+00, time=2025-04-08 05:37:08 
jj1 = 745, max_th = 2.816970e+00, time=2025-04-08 05:38:40 
jj1 = 726, max_th = 2.148371e+00, time=2025-04-08 05:39:36 
jj1 = 547, max_th = 1.734542e+00, time=2025-04-08 05:40:26 
jj1 = 584, max_th = 2.634461e+00, time=2025-04-08 05:44:50 
jj1 = 566, max_th = 1.650921e+00, time=2025-04-08 05:45:26 
jj1 = 627, max_th = 2.205272e+00, time=2025-04-08 05:46:55 
jj1 = 744, max_th = 2.617295e+00, time=2025-04-08 05:47:55 
jj1 = 643, max_th = 2.254665e+00, time=2025-04-08 05:48:48 
jj1 = 725, max_th = 2.685652e+00, time=2025-04-08 05:50:35 
jj1 = 603, max_th = 2.436277e+00, time=2025-04-08 05:52:43 
jj1 = 546, max_th = 2.284501e+00, time=2025-04-08 05:53:17 
jj1 = 764, max_th = 1.942747e+00, time=2025-04-08 05:53:46 
jj1 = 724, max_th = 2.865706e+00, time=2025-04-08 05:54:44 
jj1 = 663, max_th = 2.187162e+00, time=2025-04-08 05:57:45 
jj1 = 707, max_th = 1.538148e+00, time=2025-04-08 05:57:54 
jj1 = 688, max_th = 2.263138e+00, time=2025-04-08 06:01:43 
jj1 = 565, max_th = 1.659991e+00, time=2025-04-08 06:02:22 
jj1 = 583, max_th = 1.942772e+00, time=2025-04-08 06:03:44 
jj1 = 743, max_th = 1.561710e+00, time=2025-04-08 06:04:45 
jj1 = 642, max_th = 1.630909e+00, time=2025-04-08 06:06:12 
jj1 = 626, max_th = 2.237762e+00, time=2025-04-08 06:07:44 
jj1 = 602, max_th = 1.900423e+00, time=2025-04-08 06:09:55 
jj1 = 723, max_th = 1.598197e+00, time=2025-04-08 06:10:52 
jj1 = 763, max_th = 2.402090e+00, time=2025-04-08 06:10:57 
jj1 = 545, max_th = 1.881747e+00, time=2025-04-08 06:15:52 
jj1 = 662, max_th = 2.228214e+00, time=2025-04-08 06:17:55 
jj1 = 687, max_th = 2.579356e+00, time=2025-04-08 06:19:33 
jj1 = 706, max_th = 2.088485e+00, time=2025-04-08 06:20:26 
jj1 = 661, max_th = 2.898620e+00, time=2025-04-08 06:21:59 
jj1 = 625, max_th = 2.224365e+00, time=2025-04-08 06:23:58 
jj1 = 564, max_th = 2.006362e+00, time=2025-04-08 06:24:15 
jj1 = 762, max_th = 2.414336e+00, time=2025-04-08 06:25:10 
jj1 = 582, max_th = 2.171889e+00, time=2025-04-08 06:26:18 
jj1 = 742, max_th = 2.129357e+00, time=2025-04-08 06:26:55 
jj1 = 601, max_th = 1.848183e+00, time=2025-04-08 06:29:07 
jj1 = 641, max_th = 2.229235e+00, time=2025-04-08 06:29:13 
jj1 = 722, max_th = 2.198459e+00, time=2025-04-08 06:30:21 
jj1 = 600, max_th = 3.046959e+00, time=2025-04-08 06:32:03 
jj1 = 544, max_th = 1.712775e+00, time=2025-04-08 06:36:17 
jj1 = 563, max_th = 1.753195e+00, time=2025-04-08 06:37:44 
jj1 = 660, max_th = 2.593935e+00, time=2025-04-08 06:38:03 
jj1 = 761, max_th = 1.334691e+00, time=2025-04-08 06:38:26 
jj1 = 686, max_th = 2.253142e+00, time=2025-04-08 06:39:37 
jj1 = 705, max_th = 2.484906e+00, time=2025-04-08 06:40:01 
jj1 = 760, max_th = 8.763160e-01, time=2025-04-08 06:42:49 
jj1 = 581, max_th = 2.156867e+00, time=2025-04-08 06:43:03 
jj1 = 721, max_th = 2.507568e+00, time=2025-04-08 06:44:36 
jj1 = 741, max_th = 1.776501e+00, time=2025-04-08 06:44:59 
jj1 = 624, max_th = 1.679793e+00, time=2025-04-08 06:47:40 
jj1 = 543, max_th = 2.497239e+00, time=2025-04-08 06:47:43 
jj1 = 640, max_th = 2.432960e+00, time=2025-04-08 06:49:08 
jj1 = 639, max_th = 8.742747e-01, time=2025-04-08 06:50:52 
jj1 = 599, max_th = 2.093821e+00, time=2025-04-08 06:53:17 
jj1 = 562, max_th = 1.936315e+00, time=2025-04-08 06:55:21 
jj1 = 720, max_th = 1.644593e+00, time=2025-04-08 06:56:45 
jj1 = 704, max_th = 1.607061e+00, time=2025-04-08 06:58:03 
jj1 = 659, max_th = 2.169811e+00, time=2025-04-08 07:00:25 
jj1 = 561, max_th = 1.405279e+00, time=2025-04-08 07:00:53 
jj1 = 740, max_th = 2.475849e+00, time=2025-04-08 07:03:30 
jj1 = 685, max_th = 1.911656e+00, time=2025-04-08 07:03:59 
jj1 = 580, max_th = 2.087658e+00, time=2025-04-08 07:05:29 
jj1 = 542, max_th = 1.446396e+00, time=2025-04-08 07:06:08 
jj1 = 623, max_th = 2.343601e+00, time=2025-04-08 07:09:10 
jj1 = 719, max_th = 1.825579e+00, time=2025-04-08 07:09:56 
jj1 = 598, max_th = 2.581325e+00, time=2025-04-08 07:10:08 
jj1 = 638, max_th = 2.004252e+00, time=2025-04-08 07:11:12 
jj1 = 759, max_th = 1.958836e+00, time=2025-04-08 07:11:52 
jj1 = 703, max_th = 2.567800e+00, time=2025-04-08 07:13:27 
jj1 = 597, max_th = 1.300767e+00, time=2025-04-08 07:16:08 
jj1 = 596, max_th = 4.837370e-01, time=2025-04-08 07:17:05 
jj1 = 560, max_th = 2.287413e+00, time=2025-04-08 07:20:37 
jj1 = 622, max_th = 1.224080e+00, time=2025-04-08 07:21:34 
jj1 = 718, max_th = 1.369128e+00, time=2025-04-08 07:22:57 
jj1 = 739, max_th = 1.903401e+00, time=2025-04-08 07:23:18 
jj1 = 637, max_th = 1.382490e+00, time=2025-04-08 07:23:28 
jj1 = 658, max_th = 1.935355e+00, time=2025-04-08 07:25:56 
jj1 = 559, max_th = 2.783208e+00, time=2025-04-08 07:28:35 
jj1 = 684, max_th = 2.019369e+00, time=2025-04-08 07:29:05 
jj1 = 541, max_th = 2.090294e+00, time=2025-04-08 07:29:17 
jj1 = 683, max_th = -8.224044e-02, time=2025-04-08 07:30:46 
jj1 = 702, max_th = 1.592552e+00, time=2025-04-08 07:33:24 
jj1 = 657, max_th = 2.598011e+00, time=2025-04-08 07:35:46 
jj1 = 579, max_th = 2.061819e+00, time=2025-04-08 07:36:01 
jj1 = 595, max_th = 2.364139e+00, time=2025-04-08 07:36:05 
jj1 = 758, max_th = 1.977526e+00, time=2025-04-08 07:36:18 
jj1 = 578, max_th = 2.914335e+00, time=2025-04-08 07:39:33 
jj1 = 717, max_th = 1.742371e+00, time=2025-04-08 07:40:32 
jj1 = 738, max_th = 2.348056e+00, time=2025-04-08 07:41:59 
jj1 = 558, max_th = 2.051051e+00, time=2025-04-08 07:43:19 
jj1 = 621, max_th = 2.444435e+00, time=2025-04-08 07:44:48 
jj1 = 636, max_th = 1.911815e+00, time=2025-04-08 07:47:02 
jj1 = 757, max_th = 2.550351e+00, time=2025-04-08 07:47:35 
jj1 = 682, max_th = 2.380744e+00, time=2025-04-08 07:48:23 
jj1 = 540, max_th = 1.669909e+00, time=2025-04-08 07:49:18 
jj1 = 737, max_th = 1.325496e+00, time=2025-04-08 07:54:41 
jj1 = 577, max_th = 1.667383e+00, time=2025-04-08 07:57:49 
jj1 = 594, max_th = 2.234084e+00, time=2025-04-08 07:58:46 
jj1 = 656, max_th = 2.030085e+00, time=2025-04-08 07:59:03 
jj1 = 701, max_th = 2.010453e+00, time=2025-04-08 08:00:01 
jj1 = 539, max_th = 1.399137e+00, time=2025-04-08 08:00:40 
jj1 = 716, max_th = 2.153315e+00, time=2025-04-08 08:01:24 
jj1 = 635, max_th = 2.310197e+00, time=2025-04-08 08:05:28 
jj1 = 538, max_th = 1.545111e+00, time=2025-04-08 08:05:33 
jj1 = 681, max_th = 1.897189e+00, time=2025-04-08 08:09:08 
jj1 = 620, max_th = 1.912382e+00, time=2025-04-08 08:09:28 
jj1 = 756, max_th = 1.790442e+00, time=2025-04-08 08:10:22 
jj1 = 557, max_th = 2.042960e+00, time=2025-04-08 08:11:47 
jj1 = 537, max_th = 2.805388e+00, time=2025-04-08 08:11:53 
jj1 = 655, max_th = 1.788792e+00, time=2025-04-08 08:13:52 
jj1 = 619, max_th = 7.667263e-01, time=2025-04-08 08:14:47 
jj1 = 634, max_th = 2.660724e+00, time=2025-04-08 08:16:18 
jj1 = 576, max_th = 1.877382e+00, time=2025-04-08 08:20:00 
jj1 = 736, max_th = 2.382859e+00, time=2025-04-08 08:20:02 
jj1 = 680, max_th = 2.299871e+00, time=2025-04-08 08:20:46 
jj1 = 556, max_th = 1.032384e+00, time=2025-04-08 08:21:43 
jj1 = 536, max_th = 1.355996e+00, time=2025-04-08 08:21:57 
jj1 = 715, max_th = 1.999337e+00, time=2025-04-08 08:22:08 
jj1 = 700, max_th = 1.974047e+00, time=2025-04-08 08:23:04 
jj1 = 593, max_th = 2.025776e+00, time=2025-04-08 08:27:58 
jj1 = 714, max_th = 9.744590e-01, time=2025-04-08 08:30:15 
jj1 = 755, max_th = 2.043240e+00, time=2025-04-08 08:32:37 
jj1 = 618, max_th = 1.672372e+00, time=2025-04-08 08:34:23 
jj1 = 699, max_th = 1.093486e+00, time=2025-04-08 08:34:52 
jj1 = 633, max_th = 2.629605e+00, time=2025-04-08 08:35:30 
jj1 = 592, max_th = 2.534438e+00, time=2025-04-08 08:38:36 
jj1 = 555, max_th = 2.010264e+00, time=2025-04-08 08:42:36 
jj1 = 735, max_th = 2.188286e+00, time=2025-04-08 08:42:55 
jj1 = 535, max_th = 2.086924e+00, time=2025-04-08 08:44:07 
jj1 = 679, max_th = 1.913697e+00, time=2025-04-08 08:45:24 
jj1 = 575, max_th = 1.874588e+00, time=2025-04-08 08:47:12 
jj1 = 554, max_th = 1.264974e+00, time=2025-04-08 08:51:24 
jj1 = 754, max_th = 2.411763e+00, time=2025-04-08 08:52:06 
jj1 = 698, max_th = 2.230346e+00, time=2025-04-08 08:52:47 
jj1 = 654, max_th = 1.930002e+00, time=2025-04-08 08:53:19 
jj1 = 534, max_th = 2.699459e+00, time=2025-04-08 08:53:29 
jj1 = 617, max_th = 1.951112e+00, time=2025-04-08 08:54:06 
jj1 = 713, max_th = 1.978044e+00, time=2025-04-08 08:56:12 
jj1 = 632, max_th = 2.035782e+00, time=2025-04-08 08:58:11 
jj1 = 591, max_th = 1.901934e+00, time=2025-04-08 08:58:21 
jj1 = 734, max_th = 1.622683e+00, time=2025-04-08 09:01:33 
jj1 = 574, max_th = 2.103734e+00, time=2025-04-08 09:06:33 
jj1 = 590, max_th = 2.443107e+00, time=2025-04-08 09:06:38 
jj1 = 553, max_th = 2.468816e+00, time=2025-04-08 09:07:45 
jj1 = 573, max_th = 3.173704e+00, time=2025-04-08 09:08:06 
jj1 = 678, max_th = 1.674825e+00, time=2025-04-08 09:10:04 
jj1 = 653, max_th = 1.890070e+00, time=2025-04-08 09:11:30 
jj1 = 697, max_th = 2.287616e+00, time=2025-04-08 09:14:41 
jj1 = 533, max_th = 2.009853e+00, time=2025-04-08 09:15:01 
jj1 = 733, max_th = 2.454678e+00, time=2025-04-08 09:16:06 
jj1 = 712, max_th = 1.796778e+00, time=2025-04-08 09:16:16 
jj1 = 753, max_th = 2.034602e+00, time=2025-04-08 09:16:40 
jj1 = 616, max_th = 1.870425e+00, time=2025-04-08 09:20:00 
jj1 = 631, max_th = 1.744206e+00, time=2025-04-08 09:21:07 
jj1 = 752, max_th = 2.156490e+00, time=2025-04-08 09:26:23 
jj1 = 711, max_th = 1.292573e+00, time=2025-04-08 09:29:20 
jj1 = 589, max_th = 1.966656e+00, time=2025-04-08 09:29:25 
jj1 = 615, max_th = 2.541011e+00, time=2025-04-08 09:29:54 
jj1 = 552, max_th = 1.860574e+00, time=2025-04-08 09:31:51 
jj1 = 572, max_th = 1.888346e+00, time=2025-04-08 09:32:19 
jj1 = 652, max_th = 1.762552e+00, time=2025-04-08 09:32:58 
jj1 = 751, max_th = 1.041963e+00, time=2025-04-08 09:34:12 
jj1 = 677, max_th = 1.894761e+00, time=2025-04-08 09:34:23 
jj1 = 732, max_th = 2.161029e+00, time=2025-04-08 09:34:39 
jj1 = 532, max_th = 2.175092e+00, time=2025-04-08 09:36:08 
jj1 = 696, max_th = 1.758556e+00, time=2025-04-08 09:38:41 
jj1 = 571, max_th = 2.722521e+00, time=2025-04-08 09:42:57 
jj1 = 630, max_th = 1.891161e+00, time=2025-04-08 09:45:54 
jj1 = 750, max_th = 2.440008e+00, time=2025-04-08 09:47:34 
jj1 = 788, max_th = 1.836950e+00, time=2025-04-08 09:51:03 
jj1 = 614, max_th = 1.709624e+00, time=2025-04-08 09:51:33 
jj1 = 676, max_th = 2.443046e+00, time=2025-04-08 09:51:35 
jj1 = 787, max_th = -4.057745e-02, time=2025-04-08 09:52:39 
jj1 = 551, max_th = 2.168679e+00, time=2025-04-08 09:53:07 
jj1 = 710, max_th = 1.941855e+00, time=2025-04-08 09:54:37 
jj1 = 695, max_th = 2.314501e+00, time=2025-04-08 09:58:10 
jj1 = 731, max_th = 1.787696e+00, time=2025-04-08 09:58:52 
jj1 = 651, max_th = 1.978887e+00, time=2025-04-08 10:00:15 
jj1 = 531, max_th = 2.067151e+00, time=2025-04-08 10:02:51 
jj1 = 570, max_th = 2.096865e+00, time=2025-04-08 10:03:48 
jj1 = 613, max_th = 1.372891e+00, time=2025-04-08 10:04:02 
jj1 = 612, max_th = 2.779986e+00, time=2025-04-08 10:06:19 
jj1 = 709, max_th = 1.372305e+00, time=2025-04-08 10:07:29 
jj1 = 749, max_th = 2.313083e+00, time=2025-04-08 10:08:09 
jj1 = 629, max_th = 1.908769e+00, time=2025-04-08 10:13:05 
jj1 = 569, max_th = 1.259944e+00, time=2025-04-08 10:13:21 
jj1 = 786, max_th = 2.123381e+00, time=2025-04-08 10:13:36 
jj1 = 694, max_th = 2.299564e+00, time=2025-04-08 10:14:36 
jj1 = 818, max_th = 2.486666e+00, time=2025-04-08 10:15:20 
jj1 = 675, max_th = 1.934506e+00, time=2025-04-08 10:15:32 
jj1 = 550, max_th = 1.773872e+00, time=2025-04-08 10:17:38 
jj1 = 730, max_th = 2.102994e+00, time=2025-04-08 10:18:14 
jj1 = 693, max_th = 9.537217e-01, time=2025-04-08 10:19:31 
jj1 = 778, max_th = 2.790389e+00, time=2025-04-08 10:20:03 
jj1 = 828, max_th = 2.533465e+00, time=2025-04-08 10:21:50 
jj1 = 817, max_th = 2.685812e+00, time=2025-04-08 10:22:01 
jj1 = 808, max_th = 1.270976e+00, time=2025-04-08 10:23:42 
jj1 = 650, max_th = 2.531190e+00, time=2025-04-08 10:24:33 
jj1 = 729, max_th = 2.824270e+00, time=2025-04-08 10:24:48 
jj1 = 611, max_th = 1.657525e+00, time=2025-04-08 10:25:40 
jj1 = 816, max_th = 1.100929e+00, time=2025-04-08 10:26:28 
jj1 = 530, max_th = 1.859623e+00, time=2025-04-08 10:28:34 
jj1 = 785, max_th = 1.875758e+00, time=2025-04-08 10:36:14 
jj1 = 674, max_th = 2.105570e+00, time=2025-04-08 10:36:26 
jj1 = 848, max_th = 2.518762e+00, time=2025-04-08 10:40:05 
jj1 = 827, max_th = 2.472218e+00, time=2025-04-08 10:40:10 
jj1 = 529, max_th = 1.457994e+00, time=2025-04-08 10:40:23 
jj1 = 815, max_th = 2.532849e+00, time=2025-04-08 10:40:49 
jj1 = 549, max_th = 1.872108e+00, time=2025-04-08 10:41:42 
jj1 = 692, max_th = 2.132087e+00, time=2025-04-08 10:44:21 
jj1 = 784, max_th = 1.500489e+00, time=2025-04-08 10:45:18 
jj1 = 649, max_th = 1.796574e+00, time=2025-04-08 10:46:32 
jj1 = 777, max_th = 2.171736e+00, time=2025-04-08 10:46:46 
jj1 = 610, max_th = 1.744624e+00, time=2025-04-08 10:47:00 
jj1 = 807, max_th = 1.878279e+00, time=2025-04-08 10:47:20 
jj1 = 673, max_th = 2.613427e+00, time=2025-04-08 10:50:46 
jj1 = 847, max_th = 2.561723e+00, time=2025-04-08 10:56:12 
jj1 = 838, max_th = 2.343469e+00, time=2025-04-08 10:56:49 
jj1 = 806, max_th = 1.509127e+00, time=2025-04-08 10:57:02 
jj1 = 783, max_th = 2.580973e+00, time=2025-04-08 10:57:40 
jj1 = 814, max_th = 2.289175e+00, time=2025-04-08 10:58:31 
jj1 = 609, max_th = 1.452120e+00, time=2025-04-08 11:00:48 
jj1 = 826, max_th = 2.055425e+00, time=2025-04-08 11:01:19 
jj1 = 672, max_th = 1.369491e+00, time=2025-04-08 11:02:01 
jj1 = 858, max_th = 2.031635e+00, time=2025-04-08 11:02:51 
jj1 = 691, max_th = 2.192708e+00, time=2025-04-08 11:03:02 
jj1 = 798, max_th = 1.420902e+00, time=2025-04-08 11:03:35 
jj1 = 846, max_th = 1.090915e+00, time=2025-04-08 11:04:33 
jj1 = 782, max_th = 2.650865e+00, time=2025-04-08 11:07:22 
jj1 = 837, max_th = 2.050042e+00, time=2025-04-08 11:09:13 
jj1 = 776, max_th = 1.988806e+00, time=2025-04-08 11:09:31 
jj1 = 671, max_th = 2.596601e+00, time=2025-04-08 11:12:45 
jj1 = 805, max_th = 2.033025e+00, time=2025-04-08 11:19:42 
jj1 = 781, max_th = 2.575584e+00, time=2025-04-08 11:19:47 
jj1 = 868, max_th = 2.304311e+00, time=2025-04-08 11:20:42 
jj1 = 857, max_th = 1.341408e+00, time=2025-04-08 11:22:00 
jj1 = 797, max_th = 1.989269e+00, time=2025-04-08 11:23:48 
jj1 = 690, max_th = 2.005425e+00, time=2025-04-08 11:25:18 
jj1 = 825, max_th = 2.078666e+00, time=2025-04-08 11:25:29 
jj1 = 813, max_th = 2.055590e+00, time=2025-04-08 11:25:40 
jj1 = 845, max_th = 2.169507e+00, time=2025-04-08 11:26:54 
jj1 = 670, max_th = 1.355044e+00, time=2025-04-08 11:29:42 
jj1 = 836, max_th = 2.162256e+00, time=2025-04-08 11:29:56 
jj1 = 775, max_th = 2.032200e+00, time=2025-04-08 11:31:58 
jj1 = 804, max_th = 1.296004e+00, time=2025-04-08 11:34:28 
jj1 = 824, max_th = 2.546401e+00, time=2025-04-08 11:36:15 
jj1 = 856, max_th = 2.533682e+00, time=2025-04-08 11:36:17 
jj1 = 780, max_th = 1.637514e+00, time=2025-04-08 11:39:11 
jj1 = 689, max_th = 1.529142e+00, time=2025-04-08 11:42:43 
jj1 = 867, max_th = 1.518884e+00, time=2025-04-08 11:44:03 
jj1 = 669, max_th = 2.512992e+00, time=2025-04-08 11:44:52 
jj1 = 779, max_th = 2.795991e+00, time=2025-04-08 11:45:25 
jj1 = 835, max_th = 2.046787e+00, time=2025-04-08 11:48:45 
jj1 = 844, max_th = 1.838243e+00, time=2025-04-08 11:49:10 
jj1 = 812, max_th = 2.328305e+00, time=2025-04-08 11:49:16 
jj1 = 796, max_th = 2.082696e+00, time=2025-04-08 11:49:43 
jj1 = 855, max_th = 3.130509e+00, time=2025-04-08 11:55:58 
jj1 = 823, max_th = 1.658005e+00, time=2025-04-08 11:56:15 
jj1 = 774, max_th = 1.953264e+00, time=2025-04-08 11:59:13 
jj1 = 803, max_th = 1.877896e+00, time=2025-04-08 12:00:01 
jj1 = 843, max_th = 1.410784e+00, time=2025-04-08 12:01:05 
jj1 = 866, max_th = 1.748140e+00, time=2025-04-08 12:03:18 
jj1 = 802, max_th = 9.158015e-01, time=2025-04-08 12:03:41 
jj1 = 878, max_th = 2.030958e+00, time=2025-04-08 12:04:21 
jj1 = 795, max_th = 1.651699e+00, time=2025-04-08 12:05:31 
jj1 = 842, max_th = 2.602521e+00, time=2025-04-08 12:08:49 
jj1 = 893, max_th = 2.030390e+00, time=2025-04-08 12:09:15 
jj1 = 888, max_th = 1.814647e+00, time=2025-04-08 12:09:53 
jj1 = 834, max_th = 1.959793e+00, time=2025-04-08 12:10:35 
jj1 = 811, max_th = 1.871029e+00, time=2025-04-08 12:15:40 
jj1 = 854, max_th = 1.792497e+00, time=2025-04-08 12:16:14 
jj1 = 822, max_th = 1.755549e+00, time=2025-04-08 12:16:31 
jj1 = 794, max_th = 1.350256e+00, time=2025-04-08 12:16:33 
jj1 = 801, max_th = 1.450502e+00, time=2025-04-08 12:17:49 
jj1 = 865, max_th = 2.459122e+00, time=2025-04-08 12:18:13 
jj1 = 853, max_th = 6.817514e-01, time=2025-04-08 12:19:08 
jj1 = 833, max_th = 2.511673e+00, time=2025-04-08 12:20:20 
jj1 = 800, max_th = 9.284060e-01, time=2025-04-08 12:22:43 
jj1 = 799, max_th = 7.781788e-01, time=2025-04-08 12:25:44 
jj1 = 821, max_th = 1.296858e+00, time=2025-04-08 12:27:38 
jj1 = 892, max_th = 2.266659e+00, time=2025-04-08 12:28:54 
jj1 = 864, max_th = 2.486785e+00, time=2025-04-08 12:29:31 
jj1 = 877, max_th = 1.832435e+00, time=2025-04-08 12:29:39 
jj1 = 887, max_th = 1.695785e+00, time=2025-04-08 12:29:54 
jj1 = 841, max_th = 2.045516e+00, time=2025-04-08 12:32:26 
jj1 = 810, max_th = 2.310378e+00, time=2025-04-08 12:35:34 
jj1 = 863, max_th = 9.131709e-01, time=2025-04-08 12:36:51 
jj1 = 820, max_th = 2.678467e+00, time=2025-04-08 12:37:43 
jj1 = 793, max_th = 2.065821e+00, time=2025-04-08 12:39:07 
jj1 = 852, max_th = 1.995489e+00, time=2025-04-08 12:41:33 
jj1 = 832, max_th = 1.904393e+00, time=2025-04-08 12:43:27 
jj1 = 908, max_th = 1.850668e+00, time=2025-04-08 12:46:33 
jj1 = 792, max_th = 1.292950e+00, time=2025-04-08 12:48:35 
jj1 = 809, max_th = 2.590365e+00, time=2025-04-08 12:48:40 
jj1 = 891, max_th = 2.139077e+00, time=2025-04-08 12:49:32 
jj1 = 840, max_th = 2.423957e+00, time=2025-04-08 12:51:05 
jj1 = 876, max_th = 2.159894e+00, time=2025-04-08 12:52:15 
jj1 = 886, max_th = 1.872125e+00, time=2025-04-08 12:52:37 
jj1 = 862, max_th = 1.382299e+00, time=2025-04-08 12:54:07 
jj1 = 773, max_th = 1.943244e+00, time=2025-04-08 12:55:05 
jj1 = 851, max_th = 1.420239e+00, time=2025-04-08 12:56:05 
jj1 = 772, max_th = 1.151358e+00, time=2025-04-08 12:59:55 
jj1 = 875, max_th = 1.228621e+00, time=2025-04-08 13:00:08 
jj1 = 791, max_th = 2.541838e+00, time=2025-04-08 13:02:02 
jj1 = 907, max_th = 1.801644e+00, time=2025-04-08 13:04:34 
jj1 = 819, max_th = 2.170929e+00, time=2025-04-08 13:05:44 
jj1 = 885, max_th = 2.575444e+00, time=2025-04-08 13:06:14 
jj1 = 831, max_th = 1.769037e+00, time=2025-04-08 13:06:22 
jj1 = 850, max_th = 2.561350e+00, time=2025-04-08 13:08:04 
jj1 = 890, max_th = 1.896336e+00, time=2025-04-08 13:08:15 
jj1 = 898, max_th = 1.609073e+00, time=2025-04-08 13:09:05 
jj1 = 861, max_th = 2.302813e+00, time=2025-04-08 13:11:20 
jj1 = 906, max_th = 1.145866e+00, time=2025-04-08 13:11:48 
jj1 = 830, max_th = 1.374365e+00, time=2025-04-08 13:15:55 
jj1 = 839, max_th = 2.286099e+00, time=2025-04-08 13:16:26 
jj1 = 790, max_th = 1.511914e+00, time=2025-04-08 13:17:55 
jj1 = 897, max_th = 1.271886e+00, time=2025-04-08 13:20:58 
jj1 = 829, max_th = 1.124879e+00, time=2025-04-08 13:23:37 
jj1 = 771, max_th = 1.867338e+00, time=2025-04-08 13:23:44 
jj1 = 874, max_th = 2.260899e+00, time=2025-04-08 13:23:47 
jj1 = 884, max_th = 1.853204e+00, time=2025-04-08 13:24:17 
jj1 = 789, max_th = 2.864874e+00, time=2025-04-08 13:24:21 
jj1 = 849, max_th = 2.478191e+00, time=2025-04-08 13:24:51 
jj1 = 918, max_th = 2.555407e+00, time=2025-04-08 13:27:38 
jj1 = 903, max_th = 1.834648e+00, time=2025-04-08 13:29:48 
jj1 = 889, max_th = 1.809171e+00, time=2025-04-08 13:31:16 
jj1 = 905, max_th = 1.693156e+00, time=2025-04-08 13:33:24 
jj1 = 860, max_th = 1.994999e+00, time=2025-04-08 13:35:07 
jj1 = 933, max_th = 1.339314e+00, time=2025-04-08 13:35:40 
jj1 = 883, max_th = 1.554711e+00, time=2025-04-08 13:36:57 
jj1 = 902, max_th = 2.645954e+00, time=2025-04-08 13:38:40 
jj1 = 770, max_th = 2.370431e+00, time=2025-04-08 13:40:55 
jj1 = 859, max_th = 2.876407e+00, time=2025-04-08 13:41:00 
jj1 = 923, max_th = 1.899060e+00, time=2025-04-08 13:42:26 
jj1 = 896, max_th = 1.661177e+00, time=2025-04-08 13:44:44 
jj1 = 928, max_th = 1.815199e+00, time=2025-04-08 13:45:58 
jj1 = 873, max_th = 1.938609e+00, time=2025-04-08 13:47:02 
jj1 = 938, max_th = 2.537340e+00, time=2025-04-08 13:47:41 
jj1 = 904, max_th = 1.768421e+00, time=2025-04-08 13:55:29 
jj1 = 917, max_th = 2.008343e+00, time=2025-04-08 13:56:26 
jj1 = 882, max_th = 1.611346e+00, time=2025-04-08 13:57:03 
jj1 = 922, max_th = 2.417598e+00, time=2025-04-08 14:00:19 
jj1 = 952, max_th = 2.029874e+00, time=2025-04-08 14:00:37 
jj1 = 932, max_th = 2.221564e+00, time=2025-04-08 14:04:18 
jj1 = 927, max_th = 1.651453e+00, time=2025-04-08 14:05:29 
jj1 = 926, max_th = 7.083488e-01, time=2025-04-08 14:06:53 
jj1 = 901, max_th = 2.016688e+00, time=2025-04-08 14:07:29 
jj1 = 872, max_th = 1.974911e+00, time=2025-04-08 14:07:40 
jj1 = 769, max_th = 1.879277e+00, time=2025-04-08 14:08:56 
jj1 = 895, max_th = 1.685509e+00, time=2025-04-08 14:09:27 
jj1 = 951, max_th = 1.198024e+00, time=2025-04-08 14:10:30 
jj1 = 937, max_th = 2.034975e+00, time=2025-04-08 14:15:29 
jj1 = 956, max_th = 2.389175e+00, time=2025-04-08 14:17:31 
jj1 = 881, max_th = 2.244882e+00, time=2025-04-08 14:20:00 
jj1 = 925, max_th = 1.832639e+00, time=2025-04-08 14:23:42 
jj1 = 921, max_th = 1.853174e+00, time=2025-04-08 14:23:52 
jj1 = 913, max_th = 1.401383e+00, time=2025-04-08 14:25:42 
jj1 = 916, max_th = 1.890667e+00, time=2025-04-08 14:26:49 
jj1 = 894, max_th = 2.141859e+00, time=2025-04-08 14:33:26 
jj1 = 871, max_th = 1.909495e+00, time=2025-04-08 14:35:59 
jj1 = 931, max_th = 2.087223e+00, time=2025-04-08 14:36:34 
jj1 = 936, max_th = 2.423110e+00, time=2025-04-08 14:39:31 
jj1 = 924, max_th = 1.699636e+00, time=2025-04-08 14:40:52 
jj1 = 950, max_th = 1.959531e+00, time=2025-04-08 14:42:16 
jj1 = 955, max_th = 1.442046e+00, time=2025-04-08 14:42:44 
jj1 = 960, max_th = 2.669788e+00, time=2025-04-08 14:48:55 
jj1 = 900, max_th = 2.100504e+00, time=2025-04-08 14:53:21 
jj1 = 972, max_th = 2.772473e+00, time=2025-04-08 14:54:48 
jj1 = 912, max_th = 1.766108e+00, time=2025-04-08 14:55:25 
jj1 = 880, max_th = 1.589441e+00, time=2025-04-08 14:55:35 
jj1 = 915, max_th = 1.561392e+00, time=2025-04-08 14:56:19 
jj1 = 870, max_th = 1.698441e+00, time=2025-04-08 14:57:06 
jj1 = 959, max_th = 2.780003e+00, time=2025-04-08 14:59:34 
jj1 = 879, max_th = 1.122302e+00, time=2025-04-08 15:01:27 
jj1 = 930, max_th = 2.264794e+00, time=2025-04-08 15:01:31 
jj1 = 920, max_th = 1.961775e+00, time=2025-04-08 15:04:45 
jj1 = 949, max_th = 2.357377e+00, time=2025-04-08 15:06:37 
jj1 = 935, max_th = 1.731053e+00, time=2025-04-08 15:07:26 
jj1 = 911, max_th = 2.927104e+00, time=2025-04-08 15:07:42 
jj1 = 919, max_th = 2.716864e+00, time=2025-04-08 15:18:15 
jj1 = 958, max_th = 1.601779e+00, time=2025-04-08 15:18:17 
jj1 = 899, max_th = 1.509971e+00, time=2025-04-08 15:18:38 
jj1 = 954, max_th = 1.791196e+00, time=2025-04-08 15:18:52 
jj1 = 914, max_th = 1.653782e+00, time=2025-04-08 15:21:51 
jj1 = 929, max_th = 1.357093e+00, time=2025-04-08 15:22:06 
jj1 = 957, max_th = 2.976457e+00, time=2025-04-08 15:23:06 
jj1 = 948, max_th = 1.697594e+00, time=2025-04-08 15:25:21 
jj1 = 910, max_th = 1.451927e+00, time=2025-04-08 15:26:34 
jj1 = 869, max_th = 1.243852e+00, time=2025-04-08 15:27:16 
jj1 = 971, max_th = 1.940866e+00, time=2025-04-08 15:29:34 
jj1 = 997, max_th = 2.686826e+00, time=2025-04-08 15:33:15 
jj1 = 934, max_th = 2.221265e+00, time=2025-04-08 15:33:36 
jj1 = 984, max_th = 2.223188e+00, time=2025-04-08 15:36:38 
jj1 = 909, max_th = 2.747788e+00, time=2025-04-08 15:37:17 
jj1 = 943, max_th = 9.858318e-01, time=2025-04-08 15:38:18 
jj1 = 964, max_th = 2.199138e+00, time=2025-04-08 15:39:52 
jj1 = 980, max_th = 1.580468e+00, time=2025-04-08 15:43:36 
jj1 = 976, max_th = 2.307459e+00, time=2025-04-08 15:44:17 
jj1 = 953, max_th = 2.299190e+00, time=2025-04-08 15:45:48 
jj1 = 968, max_th = 1.794532e+00, time=2025-04-08 15:45:55 
jj1 = 942, max_th = 1.366587e+00, time=2025-04-08 15:48:36 
jj1 = 947, max_th = 1.722980e+00, time=2025-04-08 15:51:17 
jj1 = 967, max_th = 1.259896e+00, time=2025-04-08 15:53:25 
jj1 = 946, max_th = 2.655500e+00, time=2025-04-08 15:53:42 
jj1 = 988, max_th = 1.562035e+00, time=2025-04-08 15:53:54 
jj1 = 970, max_th = 2.062443e+00, time=2025-04-08 15:56:27 
jj1 = 996, max_th = 2.424968e+00, time=2025-04-08 15:56:56 
jj1 = 987, max_th = -1.399266e+00, time=2025-04-08 15:57:15 
jj1 = 941, max_th = 2.690493e+00, time=2025-04-08 15:57:21 
jj1 = 975, max_th = 2.421186e+00, time=2025-04-08 16:01:41 
jj1 = 983, max_th = 2.012087e+00, time=2025-04-08 16:02:21 
jj1 = 979, max_th = 2.196185e+00, time=2025-04-08 16:05:18 
jj1 = 945, max_th = 1.510310e+00, time=2025-04-08 16:06:33 
jj1 = 992, max_th = 2.282360e+00, time=2025-04-08 16:09:55 
jj1 = 966, max_th = 1.734521e+00, time=2025-04-08 16:14:26 
jj1 = 995, max_th = 2.367773e+00, time=2025-04-08 16:15:08 
jj1 = 940, max_th = 2.252052e+00, time=2025-04-08 16:15:26 
jj1 = 969, max_th = 1.672991e+00, time=2025-04-08 16:16:37 
jj1 = 994, max_th = 6.868629e-01, time=2025-04-08 16:17:22 
jj1 = 986, max_th = 2.253664e+00, time=2025-04-08 16:17:40 
jj1 = 978, max_th = 2.404647e+00, time=2025-04-08 16:19:12 
jj1 = 974, max_th = 2.211643e+00, time=2025-04-08 16:21:12 
jj1 = 998, max_th = 2.723068e+00, time=2025-04-08 16:21:53 
jj1 = 982, max_th = 1.729356e+00, time=2025-04-08 16:22:47 
jj1 = 944, max_th = 2.421609e+00, time=2025-04-08 16:23:10 
jj1 = 981, max_th = 8.048062e-01, time=2025-04-08 16:24:39 
jj1 = 991, max_th = 1.733010e+00, time=2025-04-08 16:25:40 
jj1 = 965, max_th = 1.490194e+00, time=2025-04-08 16:27:33 
jj1 = 973, max_th = 1.334065e+00, time=2025-04-08 16:28:46 
jj1 = 999, max_th = 2.710522e+00, time=2025-04-08 16:31:28 
jj1 = 963, max_th = 2.125284e+00, time=2025-04-08 16:32:08 
jj1 = 985, max_th = 1.869062e+00, time=2025-04-08 16:36:53 
jj1 = 939, max_th = 1.958666e+00, time=2025-04-08 16:38:32 
jj1 = 1000, max_th = 1.558094e+00, time=2025-04-08 16:38:45 
jj1 = 977, max_th = 1.905227e+00, time=2025-04-08 16:39:37 
jj1 = 993, max_th = 2.061365e+00, time=2025-04-08 16:41:34 
jj1 = 962, max_th = 2.467039e+00, time=2025-04-08 16:42:32 
jj1 = 990, max_th = 1.859572e+00, time=2025-04-08 16:42:36 
jj1 = 961, max_th = 3.173921e+00, time=2025-04-08 16:43:18 
jj1 = 989, max_th = 2.711864e+00, time=2025-04-08 16:45:54 
>> >> >> >> >> >> >> >> >> 