MATLAB is selecting SOFTWARE OPENGL rendering.

                            < M A T L A B (R) >
                  Copyright 1984-2021 The MathWorks, Inc.
                  R2021b (9.11.0.1769968) 64-bit (glnxa64)
                             September 17, 2021

 
To get started, type doc.
For product information, visit www.mathworks.com.
 
>> >> >> >> >> >> >> >> >> >> >> >> >> >> >> >> >> >> >> Starting parallel pool (parpool) using the 'local' profile ...
[Warning: A task was unexpectedly found in state: Unavailable.] 
[> In parallel.cluster.Local/deriveJobStateFromTasks (line 29)
In parallel.cluster/Local/getJobState (line 174)
In parallel.cluster/CJSCluster/hGetJobState (line 375)
In parallel.internal.cluster/CJSJobMixin/hGetStateEnum (line 175)
In parallel/Job/get.StateEnum (line 247)
In parallel/Job/get.State (line 239)
In parallel.internal.customattr.CustomGetSet>iVectorisedGetHelper (line 128)
In parallel.internal.customattr.CustomGetSet>@(a,b,c)iVectorisedGetHelper(obj,a,b,c) (line 102)
In parallel.internal.customattr/CustomGetSet/doVectorisedGet (line 103)
In parallel.internal.customattr/CustomGetSet/hVectorisedGet (line 76)
In parallel.internal.customattr.GetSetImpl>iAccessProperties (line 322)
In parallel.internal.customattr.GetSetImpl>iGetAllPropertiesVec (line 264)
In parallel.internal.customattr/GetSetImpl/getImpl (line 133)
In parallel.internal.customattr.CustomGetSet>iHetFunGetFunction (line 154)
In parallel.internal.customattr.CustomGetSet>@(o)iHetFunGetFunction(o,props) (line 139)
In parallel.internal.cluster.hetfun (line 46)
In parallel.internal.customattr.CustomGetSet>iHetFunGetProperty (line 139)
In parallel.internal.customattr/CustomGetSet/get (line 38)
In parallel.internal.pool/AbstractInteractiveClient/pRemoveOldJobs (line 211)
In parallel.internal.pool/AbstractInteractiveClient/start (line 103)
In parallel.internal.pool.AbstractClusterPool>iStartClient (line 831)
In parallel.internal.pool/AbstractClusterPool/hBuildPool (line 585)
In parallel.internal.pool.doParpool (line 22)
In parpool (line 123)
In parallel.internal.parpool.getOrCreateCurrentPool (line 17)
In parallel.internal.pool/PoolArrayManager/getOrAutoCreateWithCleanup (line 44)
In pctTryCreatePoolIfNecessary (line 28)
In parallel_function (line 423)
In fn_measure (line 41)] 
Connected to the parallel pool (number of workers: 12).
Error of vP is 6.542127e-08 
Error of vP is 5.717285e-08 
Error of vP is 1.509384e-07 
Error of vP is 7.165492e-08 
Error of vP is 8.887411e-08 
Error of vP is 9.163954e-08 
Error of vP is 5.357196e-08 
Error of vP is 1.091867e-07 
Error of vP is 1.850689e-07 
Error of vP is 7.619579e-08 
Error of vP is 1.337417e-07 
Error of vP is 1.049038e-07 
Error of vP is 5.197986e-08 
Error of vP is 8.318379e-08 
Error of vP is 1.031742e-07 
Error of vP is 6.620515e-08 
Error of vP is 1.539541e-07 
Error of vP is 1.089076e-07 
Error of vP is 2.045139e-07 
Error of vP is 1.121327e-07 
Error of vP is 1.456185e-07 
Error of vP is 8.952515e-08 
Error of vP is 5.126583e-08 
Error of vP is 1.365863e-07 
Error of vP is 8.975534e-08 
Error of vP is 5.983455e-08 
Error of vP is 8.196229e-08 
Error of vP is 1.809726e-07 
Error of vP is 4.206333e-07 
Error of vP is 1.248986e-07 
Error of vP is 3.569897e-07 
Error of vP is 1.544573e-07 
Error of vP is 2.398555e-07 
Error of vP is 6.061266e-07 
Error of vP is 4.918914e-07 
Error of vP is 8.399014e-08 
Error of vP is 5.226879e-07 
Error of vP is 3.423730e-07 
Error of vP is 7.622784e-07 
Error of vP is 6.811562e-07 
Error of vP is 2.624658e-07 
Error of vP is 7.239686e-07 
Error of vP is 9.450168e-07 
Error of vP is 4.957996e-07 
Error of vP is 2.649479e-07 
Error of vP is 6.216702e-07 
Error of vP is 1.560374e-07 
Error of vP is 1.112290e-07 
Error of vP is 7.830257e-08 
Error of vP is 4.767372e-07 
Error of vP is 2.363412e-07 
Error of vP is 5.199841e-07 
Error of vP is 1.031757e-06 
Error of vP is 1.555318e-07 
Error of vP is 1.013896e-06 
Error of vP is 9.973636e-07 
Error of vP is 1.783474e-06 
Error of vP is 8.355903e-07 
Error of vP is 5.725374e-07 
Error of vP is 1.230414e-06 
Error of vP is 8.272179e-07 
Error of vP is 5.887771e-07 
Error of vP is 9.353791e-07 
Error of vP is 1.401424e-06 
Error of vP is 6.235716e-08 
Error of vP is 5.225432e-08 
Error of vP is 8.932469e-08 
Error of vP is 9.858371e-08 
Error of vP is 6.285723e-08 
Error of vP is 5.650740e-08 
Error of vP is 1.143256e-07 
Error of vP is 7.931010e-08 
Error of vP is 6.785369e-08 
Error of vP is 5.865660e-08 
Error of vP is 5.000225e-08 
Error of vP is 5.097013e-08 
Error of vP is 5.515344e-08 
Error of vP is 5.974358e-08 
Error of vP is 5.289894e-08 
Error of vP is 5.786492e-08 
Error of vP is 6.546086e-08 
Error of vP is 5.256826e-08 
Error of vP is 5.125333e-08 
Error of vP is 6.400572e-08 
Error of vP is 7.538131e-08 
Error of vP is 5.873743e-08 
Error of vP is 7.275589e-08 
Error of vP is 5.162741e-08 
Error of vP is 1.019813e-07 
Error of vP is 7.922860e-08 
Error of vP is 1.127171e-07 
Error of vP is 1.075949e-07 
Error of vP is 3.212941e-07 
Error of vP is 6.835678e-07 
Error of vP is 1.112611e-07 
Error of vP is 1.014356e-07 
Error of vP is 5.374955e-08 
Error of vP is 9.970098e-08 
Error of vP is 7.032960e-08 
Error of vP is 5.311580e-08 
Error of vP is 9.261920e-08 
Error of vP is 9.760994e-08 
Error of vP is 7.524929e-08 
Error of vP is 1.170288e-07 
Error of vP is 1.059455e-07 
Error of vP is 7.439295e-08 
Error of vP is 5.330116e-08 
Error of vP is 6.829366e-08 
Error of vP is 9.434745e-08 
Error of vP is 6.912761e-08 
Error of vP is 1.564479e-07 
Error of vP is 1.404032e-07 
Error of vP is 8.574608e-08 
Error of vP is 1.485925e-07 
Error of vP is 1.469635e-07 
Error of vP is 5.174866e-08 
Error of vP is 6.581341e-08 
Error of vP is 5.149506e-08 
Error of vP is 5.960915e-08 
Error of vP is 7.904382e-08 
Error of vP is 8.691845e-08 
Error of vP is 1.723225e-07 
Error of vP is 5.190492e-08 
Error of vP is 1.041508e-07 
Error of vP is 1.183610e-07 
Error of vP is 1.448735e-07 
Error of vP is 5.935153e-08 
Error of vP is 1.321386e-07 
Error of vP is 2.283890e-07 
Error of vP is 8.570965e-08 
Error of vP is 1.152077e-07 
Error of vP is 8.213501e-08 
Error of vP is 1.152989e-07 
Error of vP is 5.888188e-08 
Error of vP is 1.289724e-07 
Error of vP is 1.616442e-07 
Error of vP is 1.032722e-07 
Error of vP is 6.437911e-08 
Error of vP is 1.383754e-07 
Error of vP is 6.818353e-08 
Error of vP is 1.491175e-07 
Error of vP is 5.599337e-08 
Error of vP is 1.689971e-07 
Error of vP is 1.482277e-07 
Error of vP is 2.576574e-07 
Error of vP is 9.554149e-08 
Error of vP is 5.135711e-08 
Error of vP is 6.530537e-08 
Error of vP is 6.972061e-08 
Error of vP is 2.175373e-07 
Error of vP is 1.355757e-07 
Error of vP is 5.819305e-08 
Error of vP is 1.124552e-07 
Error of vP is 7.897327e-08 
Error of vP is 1.071408e-07 
Error of vP is 1.652808e-07 
Error of vP is 1.339061e-07 
Error of vP is 5.147130e-08 
Error of vP is 1.608209e-07 
Error of vP is 2.066827e-07 
Error of vP is 2.255295e-07 
Error of vP is 2.363207e-07 
Error of vP is 5.303351e-08 
Error of vP is 8.703029e-08 
Error of vP is 1.276693e-07 
Error of vP is 2.651198e-07 
Error of vP is 5.957415e-08 
Error of vP is 1.322475e-07 
Error of vP is 1.370355e-07 
Error of vP is 8.328541e-08 
Error of vP is 1.901251e-07 
Error of vP is 2.280914e-07 
Error of vP is 1.675298e-07 
Error of vP is 7.775133e-08 
Error of vP is 1.076309e-07 
Error of vP is 9.381862e-08 
Error of vP is 5.196304e-08 
Error of vP is 1.158345e-07 
Error of vP is 1.404588e-07 
Error of vP is 1.438519e-07 
Error of vP is 8.185897e-08 
Error of vP is 1.385026e-07 
Error of vP is 1.408350e-07 
Error of vP is 5.758928e-08 
Error of vP is 6.061113e-08 
Error of vP is 2.387646e-07 
Error of vP is 1.349543e-07 
Error of vP is 1.115238e-07 
Error of vP is 1.332235e-07 
Error of vP is 6.683797e-08 
Error of vP is 7.483790e-08 
Error of vP is 1.444154e-07 
Error of vP is 7.300306e-08 
Error of vP is 5.690436e-08 
Error of vP is 1.356129e-07 
Error of vP is 8.343038e-08 
Error of vP is 6.020136e-08 
Error of vP is 1.201221e-07 
Error of vP is 1.132550e-07 
Error of vP is 8.201683e-08 
Error of vP is 1.055384e-07 
Error of vP is 8.595471e-08 
Error of vP is 8.285915e-08 
Error of vP is 5.486280e-08 
Error of vP is 7.434279e-08 
Error of vP is 1.801350e-07 
Error of vP is 1.163499e-07 
Error of vP is 5.804693e-08 
Error of vP is 1.221336e-07 
Error of vP is 1.400813e-07 
Error of vP is 1.181157e-07 
Error of vP is 6.284343e-08 
Error of vP is 1.345411e-07 
Error of vP is 6.017436e-08 
Error of vP is 1.367694e-07 
Error of vP is 6.515764e-08 
Error of vP is 1.299261e-07 
Error of vP is 5.526120e-08 
Error of vP is 1.901296e-07 
Error of vP is 7.281685e-08 
Error of vP is 5.322606e-08 
Error of vP is 1.520682e-07 
Error of vP is 9.205961e-08 
Error of vP is 6.665629e-08 
Error of vP is 1.030896e-07 
Error of vP is 5.365041e-08 
Error of vP is 1.970164e-07 
Error of vP is 1.272020e-07 
Error of vP is 1.498700e-07 
Error of vP is 1.440638e-07 
Error of vP is 1.367594e-07 
Error of vP is 6.986284e-08 
Error of vP is 8.748518e-08 
Error of vP is 8.398038e-08 
Error of vP is 1.454509e-07 
Error of vP is 1.833174e-07 
Error of vP is 1.869679e-07 
Error of vP is 7.525432e-08 
Error of vP is 1.475893e-07 
Error of vP is 6.765911e-08 
Error of vP is 2.048696e-07 
Error of vP is 1.305888e-07 
Error of vP is 2.542689e-07 
Error of vP is 1.677087e-07 
Error of vP is 7.854041e-08 
Error of vP is 1.036348e-07 
Error of vP is 5.097209e-08 
Error of vP is 7.003279e-08 
Error of vP is 7.844239e-08 
Error of vP is 6.111952e-08 
Error of vP is 8.611063e-08 
Error of vP is 9.701949e-08 
Error of vP is 8.754135e-08 
Error of vP is 8.307832e-08 
Error of vP is 8.059333e-08 
Error of vP is 5.461690e-08 
Error of vP is 8.637383e-08 
Error of vP is 2.157604e-07 
Error of vP is 1.588115e-07 
Error of vP is 1.480955e-07 
Error of vP is 7.908884e-08 
Error of vP is 2.178234e-07 
Error of vP is 6.743319e-08 
Error of vP is 2.279626e-07 
Error of vP is 3.720691e-07 
Error of vP is 8.269828e-08 
Error of vP is 1.416553e-07 
Error of vP is 8.899538e-08 
Error of vP is 2.045080e-07 
Error of vP is 1.617072e-07 
Error of vP is 1.387666e-07 
Error of vP is 1.294903e-07 
Error of vP is 7.432831e-08 
Error of vP is 6.764358e-08 
Error of vP is 7.305748e-08 
Error of vP is 5.270691e-08 
Error of vP is 6.919900e-08 
Error of vP is 1.766220e-07 
Error of vP is 1.032066e-07 
Error of vP is 1.073614e-07 
Error of vP is 1.084518e-07 
Error of vP is 6.718170e-08 
Error of vP is 7.733384e-08 
Error of vP is 6.974130e-08 
Error of vP is 2.582427e-07 
Error of vP is 2.775245e-07 
Error of vP is 6.051984e-08 
Error of vP is 5.697228e-08 
Error of vP is 9.890186e-08 
Error of vP is 1.337077e-07 
Error of vP is 8.558340e-08 
Error of vP is 1.027987e-07 
Error of vP is 5.134255e-08 
Error of vP is 8.290866e-08 
Error of vP is 1.749002e-07 
Error of vP is 1.676197e-07 
Error of vP is 5.670727e-08 
Error of vP is 1.490757e-07 
Error of vP is 1.758931e-07 
Error of vP is 8.255418e-08 
Error of vP is 1.828619e-07 
Error of vP is 1.625606e-07 
Error of vP is 1.102061e-07 
Error of vP is 1.127622e-07 
Error of vP is 8.478554e-08 
Error of vP is 1.250335e-07 
Error of vP is 5.460679e-08 
Error of vP is 9.010363e-08 
Error of vP is 1.033712e-07 
Error of vP is 1.151959e-07 
Error of vP is 1.604035e-07 
Error of vP is 8.317125e-08 
Error of vP is 2.030150e-07 
Error of vP is 1.390417e-07 
Error of vP is 1.466266e-07 
Error of vP is 4.072999e-07 
Error of vP is 1.218358e-07 
Error of vP is 1.000769e-07 
Error of vP is 7.495370e-08 
Error of vP is 8.123842e-08 
Error of vP is 1.414273e-07 
Error of vP is 1.363009e-07 
Error of vP is 1.081002e-07 
Error of vP is 1.083778e-07 
Error of vP is 8.236114e-08 
Error of vP is 1.196651e-07 
Error of vP is 1.921332e-07 
Error of vP is 8.909098e-08 
Error of vP is 7.092407e-08 
Error of vP is 7.664144e-08 
Error of vP is 6.816814e-08 
Error of vP is 7.895536e-08 
Error of vP is 5.170416e-08 
Error of vP is 5.358277e-08 
Error of vP is 5.051154e-08 
Error of vP is 5.801465e-08 
Error of vP is 5.552565e-08 
Error of vP is 5.277833e-08 
Error of vP is 5.340010e-08 
Error of vP is 7.815954e-08 
Error of vP is 5.737940e-08 
Error of vP is 9.352750e-08 
Error of vP is 1.343285e-07 
Error of vP is 5.986627e-08 
Error of vP is 1.007955e-07 
Error of vP is 8.339307e-08 
Error of vP is 5.659837e-08 
Error of vP is 1.601138e-07 
Error of vP is 5.241528e-08 
Error of vP is 1.354530e-07 
Error of vP is 1.927945e-07 
Error of vP is 6.243265e-08 
Error of vP is 5.388289e-08 
Error of vP is 5.373882e-08 
Error of vP is 8.809952e-08 
Error of vP is 6.373078e-08 
Error of vP is 5.972304e-08 
Error of vP is 5.241878e-08 
Error of vP is 9.334037e-08 
Error of vP is 1.188998e-07 
Error of vP is 6.548287e-08 
Error of vP is 7.952379e-08 
Error of vP is 5.498822e-08 
Error of vP is 5.407297e-08 
Error of vP is 6.968715e-08 
Error of vP is 5.274552e-08 
Error of vP is 6.377200e-08 
Error of vP is 6.521260e-08 
Error of vP is 7.562552e-08 
Error of vP is 5.724216e-08 
Error of vP is 5.195917e-08 
Error of vP is 5.015069e-08 
Error of vP is 5.617369e-08 
Error of vP is 5.585171e-08 
Error of vP is 5.749770e-08 
Error of vP is 1.183827e-07 
Error of vP is 7.983030e-08 
Error of vP is 5.448308e-08 
Error of vP is 7.366628e-08 
Error of vP is 1.625248e-07 
Error of vP is 8.216741e-08 
Error of vP is 1.027670e-07 
Error of vP is 5.661889e-08 
Error of vP is 5.320352e-08 
Error of vP is 1.055026e-07 
Error of vP is 9.100156e-08 
Error of vP is 1.305419e-07 
Error of vP is 6.121448e-08 
Error of vP is 9.366427e-08 
Error of vP is 7.477983e-08 
Error of vP is 1.487559e-07 
Error of vP is 8.607212e-08 
Error of vP is 6.508349e-08 
Error of vP is 1.251348e-07 
Error of vP is 5.833216e-08 
Error of vP is 1.674606e-07 
Error of vP is 9.320275e-08 
Error of vP is 2.040827e-07 
Error of vP is 2.621646e-07 
Error of vP is 2.530825e-07 
Error of vP is 1.062970e-07 
Error of vP is 2.619542e-07 
Error of vP is 2.497008e-07 
Error of vP is 1.390689e-07 
Error of vP is 2.671637e-07 
Error of vP is 1.216865e-07 
Error of vP is 1.366293e-07 
Error of vP is 2.336878e-07 
Error of vP is 5.469676e-08 
Error of vP is 5.651542e-08 
Error of vP is 1.048050e-07 
Error of vP is 7.030299e-08 
Error of vP is 1.090373e-07 
Error of vP is 6.623775e-08 
Error of vP is 5.226354e-08 
Error of vP is 9.366735e-08 
Error of vP is 8.538101e-08 
Error of vP is 6.630551e-08 
Error of vP is 1.052963e-07 
Error of vP is 6.384849e-08 
Error of vP is 8.697852e-08 
Error of vP is 5.110093e-08 
Error of vP is 5.669278e-08 
Error of vP is 5.541835e-08 
Error of vP is 5.898937e-08 
Error of vP is 7.099726e-08 
Error of vP is 1.535214e-07 
Error of vP is 1.486883e-07 
Error of vP is 6.740185e-08 
Error of vP is 1.868827e-07 
Error of vP is 9.249743e-08 
Error of vP is 9.077718e-08 
Error of vP is 8.005013e-08 
Error of vP is 7.353655e-08 
Error of vP is 1.515039e-07 
Error of vP is 5.361985e-08 
Error of vP is 1.200008e-07 
Error of vP is 8.571694e-08 
Error of vP is 5.527176e-08 
Error of vP is 5.724441e-08 
Error of vP is 6.581957e-08 
Error of vP is 5.929466e-08 
Error of vP is 5.104712e-08 
Error of vP is 7.948202e-08 
Error of vP is 6.419855e-08 
Error of vP is 5.098943e-08 
Error of vP is 5.092452e-08 
Error of vP is 6.007217e-08 
Error of vP is 8.115291e-08 
Error of vP is 5.271177e-08 
Error of vP is 6.934170e-08 
Error of vP is 5.659123e-08 
Error of vP is 5.001926e-08 
Error of vP is 5.191028e-08 
Error of vP is 1.014461e-07 
Error of vP is 7.860176e-08 
Error of vP is 7.843915e-08 
Error of vP is 7.481372e-08 
Error of vP is 7.726150e-08 
Error of vP is 6.392287e-08 
Error of vP is 6.106687e-08 
Error of vP is 5.576857e-08 
Error of vP is 6.683152e-08 
Error of vP is 5.769438e-08 
Error of vP is 5.079630e-08 
Error of vP is 7.364167e-08 
Error of vP is 7.416184e-08 
Error of vP is 7.179096e-08 
Error of vP is 6.956473e-08 
Error of vP is 1.510168e-07 
Error of vP is 1.065080e-07 
Error of vP is 6.967373e-08 
Error of vP is 2.614484e-07 
Error of vP is 2.557181e-07 
Error of vP is 7.761641e-08 
Error of vP is 7.842257e-08 
Error of vP is 8.540674e-08 
Error of vP is 1.143223e-07 
Error of vP is 8.062230e-08 
Error of vP is 9.410973e-08 
Error of vP is 8.811699e-08 
Error of vP is 1.666964e-07 
Error of vP is 1.127043e-07 
Error of vP is 1.511113e-07 
Error of vP is 1.231027e-07 
Error of vP is 1.824512e-07 
Error of vP is 1.423915e-07 
Error of vP is 1.650714e-07 
Error of vP is 6.109621e-08 
Error of vP is 6.625535e-08 
Error of vP is 8.408364e-08 
Error of vP is 5.406232e-08 
Error of vP is 6.414918e-08 
Error of vP is 9.010538e-08 
Error of vP is 5.153019e-08 
Error of vP is 5.687832e-08 
Error of vP is 1.097169e-07 
Error of vP is 5.092427e-08 
Error of vP is 7.413256e-08 
Error of vP is 8.457776e-08 
Error of vP is 6.188312e-08 
Error of vP is 1.109304e-07 
Error of vP is 1.014198e-07 
Error of vP is 1.410078e-07 
Error of vP is 3.589546e-07 
Error of vP is 2.665597e-07 
Error of vP is 1.727917e-07 
Error of vP is 9.564623e-08 
Error of vP is 6.929225e-08 
Error of vP is 3.310566e-07 
Error of vP is 1.090010e-07 
Error of vP is 2.453306e-07 
Error of vP is 2.040345e-07 
Error of vP is 1.846133e-07 
Error of vP is 3.604085e-07 
Error of vP is 1.503155e-07 
Error of vP is 1.185456e-07 
Error of vP is 1.154126e-07 
Error of vP is 6.295095e-08 
Error of vP is 1.807958e-07 
Error of vP is 1.438056e-07 
Error of vP is 9.005179e-08 
Error of vP is 5.228521e-08 
Error of vP is 1.519991e-07 
Error of vP is 8.397017e-08 
Error of vP is 5.687062e-08 
Error of vP is 7.480524e-08 
Error of vP is 8.196631e-08 
Error of vP is 1.137886e-07 
>> >> 
endtime =

   3.9606e+04

>> >> >> >> >> >> 