MATLAB is selecting SOFTWARE OPENGL rendering.

                            < M A T L A B (R) >
                  Copyright 1984-2021 The MathWorks, Inc.
                  R2021b (9.11.0.1769968) 64-bit (glnxa64)
                             September 17, 2021

 
To get started, type doc.
For product information, visit www.mathworks.com.
 
>> >> >> >> >> >> >> >> >> >> >> >> >> >> >> >> >> >> >> >> >> >> >> >> Starting parallel pool (parpool) using the 'local' profile ...
Connected to the parallel pool (number of workers: 12).
jj1 = 55, max_th = 2.939183e+00, time=2024-09-03 10:02:23 
jj1 = 15, max_th = 9.172314e-01, time=2024-09-03 10:02:24 
jj1 = 40, max_th = 1.313947e+00, time=2024-09-03 10:11:23 
jj1 = 50, max_th = 2.414670e+00, time=2024-09-03 10:16:52 
jj1 = 45, max_th = 2.310015e+00, time=2024-09-03 10:18:15 
jj1 = 60, max_th = 1.631897e+00, time=2024-09-03 10:18:39 
jj1 = 20, max_th = 1.593463e+00, time=2024-09-03 10:18:53 
jj1 = 5, max_th = 2.190936e+00, time=2024-09-03 10:20:03 
jj1 = 14, max_th = 2.366065e+00, time=2024-09-03 10:20:03 
jj1 = 35, max_th = 1.924412e+00, time=2024-09-03 10:21:07 
jj1 = 25, max_th = 1.892919e+00, time=2024-09-03 10:21:57 
jj1 = 30, max_th = 1.967237e+00, time=2024-09-03 10:24:56 
jj1 = 10, max_th = 1.929900e+00, time=2024-09-03 10:26:34 
jj1 = 54, max_th = 2.086509e+00, time=2024-09-03 10:28:09 
jj1 = 44, max_th = 1.280522e+00, time=2024-09-03 10:30:05 
jj1 = 59, max_th = 1.357572e+00, time=2024-09-03 10:30:54 
jj1 = 39, max_th = 1.633255e+00, time=2024-09-03 10:31:17 
jj1 = 9, max_th = 1.000842e+00, time=2024-09-03 10:31:36 
jj1 = 53, max_th = 8.964528e-01, time=2024-09-03 10:32:14 
jj1 = 34, max_th = 2.597089e+00, time=2024-09-03 10:32:18 
jj1 = 24, max_th = 1.385323e+00, time=2024-09-03 10:35:43 
jj1 = 13, max_th = 2.198981e+00, time=2024-09-03 10:38:00 
jj1 = 29, max_th = 1.390740e+00, time=2024-09-03 10:38:45 
jj1 = 4, max_th = 2.195164e+00, time=2024-09-03 10:40:23 
jj1 = 43, max_th = 1.340006e+00, time=2024-09-03 10:41:16 
jj1 = 33, max_th = 2.637756e+00, time=2024-09-03 10:43:01 
jj1 = 49, max_th = 1.874054e+00, time=2024-09-03 10:43:50 
jj1 = 23, max_th = 2.725581e+00, time=2024-09-03 10:44:07 
jj1 = 19, max_th = 2.076255e+00, time=2024-09-03 10:46:39 
jj1 = 32, max_th = 2.847672e+00, time=2024-09-03 10:48:06 
jj1 = 58, max_th = 1.695638e+00, time=2024-09-03 10:49:09 
jj1 = 3, max_th = 1.344922e+00, time=2024-09-03 10:52:03 
jj1 = 52, max_th = 1.850927e+00, time=2024-09-03 10:52:07 
jj1 = 8, max_th = 1.680787e+00, time=2024-09-03 10:56:16 
jj1 = 38, max_th = 1.982891e+00, time=2024-09-03 10:56:49 
jj1 = 18, max_th = 1.345356e+00, time=2024-09-03 10:58:52 
jj1 = 12, max_th = 1.661586e+00, time=2024-09-03 10:59:25 
jj1 = 42, max_th = 2.333853e+00, time=2024-09-03 11:01:28 
jj1 = 28, max_th = 2.157881e+00, time=2024-09-03 11:01:53 
jj1 = 37, max_th = 1.294118e+00, time=2024-09-03 11:07:35 
jj1 = 22, max_th = 2.129131e+00, time=2024-09-03 11:08:42 
jj1 = 57, max_th = 1.898653e+00, time=2024-09-03 11:09:04 
jj1 = 51, max_th = 2.404775e+00, time=2024-09-03 11:09:23 
jj1 = 48, max_th = 1.914646e+00, time=2024-09-03 11:10:28 
jj1 = 31, max_th = 2.163932e+00, time=2024-09-03 11:10:37 
jj1 = 41, max_th = 1.346186e+00, time=2024-09-03 11:12:17 
jj1 = 36, max_th = 2.855973e+00, time=2024-09-03 11:13:00 
jj1 = 2, max_th = 1.940669e+00, time=2024-09-03 11:14:45 
jj1 = 1, max_th = 3.356959e+00, time=2024-09-03 11:15:09 
jj1 = 17, max_th = 2.380565e+00, time=2024-09-03 11:15:55 
jj1 = 56, max_th = 1.212580e+00, time=2024-09-03 11:17:40 
jj1 = 27, max_th = 2.364280e+00, time=2024-09-03 11:20:29 
jj1 = 7, max_th = 1.918530e+00, time=2024-09-03 11:22:16 
jj1 = 11, max_th = 1.858439e+00, time=2024-09-03 11:22:25 
jj1 = 26, max_th = 3.021167e+00, time=2024-09-03 11:23:06 
jj1 = 333, max_th = 2.506203e+00, time=2024-09-03 11:23:28 
jj1 = 99, max_th = 1.310593e+00, time=2024-09-03 11:24:19 
jj1 = 47, max_th = 2.150358e+00, time=2024-09-03 11:26:04 
jj1 = 21, max_th = 2.374524e+00, time=2024-09-03 11:26:33 
jj1 = 98, max_th = 2.902402e+00, time=2024-09-03 11:27:43 
jj1 = 372, max_th = 2.196546e+00, time=2024-09-03 11:31:25 
jj1 = 489, max_th = 1.982371e+00, time=2024-09-03 11:32:38 
jj1 = 294, max_th = 2.605961e+00, time=2024-09-03 11:32:52 
jj1 = 411, max_th = 2.005869e+00, time=2024-09-03 11:33:07 
jj1 = 16, max_th = 1.625291e+00, time=2024-09-03 11:33:47 
jj1 = 177, max_th = 1.368971e+00, time=2024-09-03 11:33:58 
jj1 = 97, max_th = 2.684344e+00, time=2024-09-03 11:36:37 
jj1 = 6, max_th = 1.699442e+00, time=2024-09-03 11:36:42 
jj1 = 332, max_th = 1.588448e+00, time=2024-09-03 11:39:40 
jj1 = 528, max_th = 1.872666e+00, time=2024-09-03 11:40:05 
jj1 = 216, max_th = 1.147217e+00, time=2024-09-03 11:40:42 
jj1 = 293, max_th = 1.308945e+00, time=2024-09-03 11:43:49 
jj1 = 255, max_th = 1.569951e+00, time=2024-09-03 11:43:51 
jj1 = 410, max_th = 2.563199e+00, time=2024-09-03 11:44:49 
jj1 = 46, max_th = 2.229656e+00, time=2024-09-03 11:47:25 
jj1 = 331, max_th = 1.382506e+00, time=2024-09-03 11:50:56 
jj1 = 371, max_th = 1.942809e+00, time=2024-09-03 11:52:09 
jj1 = 488, max_th = 2.283160e+00, time=2024-09-03 11:52:11 
jj1 = 138, max_th = 1.592802e+00, time=2024-09-03 11:52:58 
jj1 = 137, max_th = -3.057787e-02, time=2024-09-03 11:53:57 
jj1 = 176, max_th = 2.140699e+00, time=2024-09-03 11:53:59 
jj1 = 254, max_th = 1.268615e+00, time=2024-09-03 11:54:23 
jj1 = 96, max_th = 1.689060e+00, time=2024-09-03 11:54:26 
jj1 = 527, max_th = 2.464398e+00, time=2024-09-03 11:54:54 
jj1 = 409, max_th = 2.627801e+00, time=2024-09-03 11:55:11 
jj1 = 487, max_th = 2.842856e+00, time=2024-09-03 11:56:55 
jj1 = 136, max_th = 9.047160e-01, time=2024-09-03 11:57:20 
jj1 = 450, max_th = 1.408778e+00, time=2024-09-03 11:59:22 
jj1 = 215, max_th = 1.912567e+00, time=2024-09-03 12:02:23 
jj1 = 175, max_th = 1.240897e+00, time=2024-09-03 12:02:37 
jj1 = 292, max_th = 1.903697e+00, time=2024-09-03 12:03:07 
jj1 = 330, max_th = 1.572446e+00, time=2024-09-03 12:07:47 
jj1 = 526, max_th = 2.387754e+00, time=2024-09-03 12:11:06 
jj1 = 408, max_th = 1.643739e+00, time=2024-09-03 12:11:36 
jj1 = 214, max_th = 1.352802e+00, time=2024-09-03 12:11:44 
jj1 = 370, max_th = 2.110418e+00, time=2024-09-03 12:13:19 
jj1 = 174, max_th = 1.321984e+00, time=2024-09-03 12:13:24 
jj1 = 135, max_th = 2.374896e+00, time=2024-09-03 12:14:43 
jj1 = 95, max_th = 1.890899e+00, time=2024-09-03 12:15:38 
jj1 = 253, max_th = 2.125487e+00, time=2024-09-03 12:15:57 
jj1 = 449, max_th = 1.717833e+00, time=2024-09-03 12:19:18 
jj1 = 486, max_th = 2.067313e+00, time=2024-09-03 12:19:56 
jj1 = 407, max_th = 1.312900e+00, time=2024-09-03 12:21:18 
jj1 = 329, max_th = 1.949564e+00, time=2024-09-03 12:23:31 
jj1 = 173, max_th = 1.334719e+00, time=2024-09-03 12:23:59 
jj1 = 291, max_th = 1.975321e+00, time=2024-09-03 12:26:32 
jj1 = 525, max_th = 1.645932e+00, time=2024-09-03 12:27:14 
jj1 = 328, max_th = 9.358961e-01, time=2024-09-03 12:27:46 
jj1 = 369, max_th = 1.611121e+00, time=2024-09-03 12:30:00 
jj1 = 213, max_th = 1.813050e+00, time=2024-09-03 12:33:14 
jj1 = 134, max_th = 1.953453e+00, time=2024-09-03 12:34:32 
jj1 = 94, max_th = 2.185825e+00, time=2024-09-03 12:36:05 
jj1 = 212, max_th = 9.508889e-01, time=2024-09-03 12:36:34 
jj1 = 448, max_th = 2.147104e+00, time=2024-09-03 12:37:34 
jj1 = 252, max_th = 2.115946e+00, time=2024-09-03 12:37:37 
jj1 = 485, max_th = 1.937255e+00, time=2024-09-03 12:41:32 
jj1 = 406, max_th = 2.185844e+00, time=2024-09-03 12:41:54 
jj1 = 524, max_th = 2.330432e+00, time=2024-09-03 12:45:19 
jj1 = 172, max_th = 1.879865e+00, time=2024-09-03 12:45:55 
jj1 = 211, max_th = 2.502873e+00, time=2024-09-03 12:46:56 
jj1 = 327, max_th = 2.004043e+00, time=2024-09-03 12:48:27 
jj1 = 523, max_th = 1.079865e+00, time=2024-09-03 12:49:02 
jj1 = 290, max_th = 1.918663e+00, time=2024-09-03 12:49:40 
jj1 = 368, max_th = 2.139377e+00, time=2024-09-03 12:50:30 
jj1 = 447, max_th = 2.494563e+00, time=2024-09-03 12:50:32 
jj1 = 326, max_th = 2.918308e+00, time=2024-09-03 12:52:17 
jj1 = 133, max_th = 1.626223e+00, time=2024-09-03 12:52:42 
jj1 = 405, max_th = 2.575810e+00, time=2024-09-03 12:53:25 
jj1 = 367, max_th = 1.201723e+00, time=2024-09-03 12:56:53 
jj1 = 93, max_th = 1.932815e+00, time=2024-09-03 12:57:54 
jj1 = 92, max_th = 3.247718e+00, time=2024-09-03 12:58:33 
jj1 = 251, max_th = 2.132838e+00, time=2024-09-03 12:58:57 
jj1 = 484, max_th = 2.213592e+00, time=2024-09-03 13:02:00 
jj1 = 210, max_th = 2.346502e+00, time=2024-09-03 13:02:48 
jj1 = 171, max_th = 1.624142e+00, time=2024-09-03 13:03:31 
jj1 = 446, max_th = 2.480109e+00, time=2024-09-03 13:05:29 
jj1 = 404, max_th = 1.550855e+00, time=2024-09-03 13:05:43 
jj1 = 325, max_th = 2.150164e+00, time=2024-09-03 13:06:08 
jj1 = 522, max_th = 1.680992e+00, time=2024-09-03 13:08:00 
jj1 = 289, max_th = 1.929737e+00, time=2024-09-03 13:12:32 
jj1 = 132, max_th = 2.163552e+00, time=2024-09-03 13:13:32 
jj1 = 288, max_th = 3.102493e+00, time=2024-09-03 13:13:56 
jj1 = 91, max_th = 1.679647e+00, time=2024-09-03 13:17:27 
jj1 = 366, max_th = 1.813787e+00, time=2024-09-03 13:19:09 
jj1 = 483, max_th = 1.617012e+00, time=2024-09-03 13:19:34 
jj1 = 250, max_th = 1.881429e+00, time=2024-09-03 13:20:48 
jj1 = 170, max_th = 2.253118e+00, time=2024-09-03 13:21:18 
jj1 = 403, max_th = 2.383192e+00, time=2024-09-03 13:21:54 
jj1 = 209, max_th = 1.853724e+00, time=2024-09-03 13:22:02 
jj1 = 131, max_th = 2.595555e+00, time=2024-09-03 13:23:36 
jj1 = 249, max_th = 9.497395e-01, time=2024-09-03 13:23:50 
jj1 = 324, max_th = 2.043798e+00, time=2024-09-03 13:24:48 
jj1 = 445, max_th = 1.954112e+00, time=2024-09-03 13:25:04 
jj1 = 130, max_th = 2.904472e+00, time=2024-09-03 13:27:27 
jj1 = 521, max_th = 1.890885e+00, time=2024-09-03 13:28:18 
jj1 = 482, max_th = 1.332104e+00, time=2024-09-03 13:29:59 
jj1 = 365, max_th = 2.352936e+00, time=2024-09-03 13:34:11 
jj1 = 287, max_th = 1.939056e+00, time=2024-09-03 13:36:26 
jj1 = 90, max_th = 2.184650e+00, time=2024-09-03 13:37:56 
jj1 = 402, max_th = 2.376978e+00, time=2024-09-03 13:39:00 
jj1 = 208, max_th = 1.577569e+00, time=2024-09-03 13:39:43 
jj1 = 481, max_th = 1.273884e+00, time=2024-09-03 13:40:13 
jj1 = 169, max_th = 2.065764e+00, time=2024-09-03 13:43:10 
jj1 = 323, max_th = 1.682464e+00, time=2024-09-03 13:43:29 
jj1 = 520, max_th = 1.576764e+00, time=2024-09-03 13:44:57 
jj1 = 129, max_th = 2.197017e+00, time=2024-09-03 13:45:38 
jj1 = 364, max_th = 1.388469e+00, time=2024-09-03 13:46:07 
jj1 = 444, max_th = 2.174194e+00, time=2024-09-03 13:46:48 
jj1 = 248, max_th = 1.976998e+00, time=2024-09-03 13:47:04 
jj1 = 89, max_th = 2.554908e+00, time=2024-09-03 13:48:35 
jj1 = 363, max_th = 9.847328e-01, time=2024-09-03 13:51:05 
jj1 = 207, max_th = 1.378289e+00, time=2024-09-03 13:51:35 
jj1 = 88, max_th = 9.819287e-01, time=2024-09-03 13:53:09 
jj1 = 247, max_th = 2.755419e+00, time=2024-09-03 13:53:40 
jj1 = 128, max_th = 2.596305e+00, time=2024-09-03 13:55:29 
jj1 = 401, max_th = 1.613387e+00, time=2024-09-03 13:56:07 
jj1 = 286, max_th = 1.892257e+00, time=2024-09-03 13:56:24 
jj1 = 519, max_th = 2.518866e+00, time=2024-09-03 13:58:01 
jj1 = 285, max_th = 9.557814e-01, time=2024-09-03 14:00:12 
jj1 = 480, max_th = 2.113429e+00, time=2024-09-03 14:02:00 
jj1 = 127, max_th = 2.736543e+00, time=2024-09-03 14:02:26 
jj1 = 322, max_th = 1.674340e+00, time=2024-09-03 14:02:30 
jj1 = 284, max_th = 8.906231e-01, time=2024-09-03 14:03:38 
jj1 = 168, max_th = 2.169323e+00, time=2024-09-03 14:04:16 
jj1 = 321, max_th = 8.761095e-01, time=2024-09-03 14:06:19 
jj1 = 443, max_th = 2.118391e+00, time=2024-09-03 14:09:07 
jj1 = 362, max_th = 2.322659e+00, time=2024-09-03 14:09:51 
jj1 = 206, max_th = 1.898103e+00, time=2024-09-03 14:10:06 
jj1 = 87, max_th = 2.340049e+00, time=2024-09-03 14:10:28 
jj1 = 126, max_th = 1.294053e+00, time=2024-09-03 14:10:59 
jj1 = 246, max_th = 1.912991e+00, time=2024-09-03 14:15:47 
jj1 = 518, max_th = 1.848272e+00, time=2024-09-03 14:17:15 
jj1 = 400, max_th = 1.863591e+00, time=2024-09-03 14:18:03 
jj1 = 399, max_th = 3.155587e+00, time=2024-09-03 14:19:15 
jj1 = 167, max_th = 1.665339e+00, time=2024-09-03 14:21:50 
jj1 = 125, max_th = 1.393185e+00, time=2024-09-03 14:22:29 
jj1 = 479, max_th = 2.109868e+00, time=2024-09-03 14:23:29 
jj1 = 86, max_th = 1.546602e+00, time=2024-09-03 14:24:26 
jj1 = 442, max_th = 2.345396e+00, time=2024-09-03 14:25:22 
jj1 = 283, max_th = 1.894544e+00, time=2024-09-03 14:25:34 
jj1 = 320, max_th = 2.140276e+00, time=2024-09-03 14:26:48 
jj1 = 441, max_th = 3.006909e+00, time=2024-09-03 14:27:44 
jj1 = 361, max_th = 1.674147e+00, time=2024-09-03 14:28:48 
jj1 = 205, max_th = 1.911032e+00, time=2024-09-03 14:30:49 
jj1 = 478, max_th = 2.612319e+00, time=2024-09-03 14:33:56 
jj1 = 245, max_th = 1.893240e+00, time=2024-09-03 14:35:34 
jj1 = 282, max_th = 2.632528e+00, time=2024-09-03 14:35:35 
jj1 = 398, max_th = 1.566815e+00, time=2024-09-03 14:36:04 
jj1 = 166, max_th = 2.404815e+00, time=2024-09-03 14:36:15 
jj1 = 244, max_th = -6.628869e-02, time=2024-09-03 14:36:25 
jj1 = 319, max_th = 1.260225e+00, time=2024-09-03 14:36:59 
jj1 = 517, max_th = 2.088310e+00, time=2024-09-03 14:38:52 
jj1 = 440, max_th = 2.531493e+00, time=2024-09-03 14:40:32 
jj1 = 165, max_th = 2.864605e+00, time=2024-09-03 14:40:53 
jj1 = 85, max_th = 1.695149e+00, time=2024-09-03 14:41:22 
jj1 = 124, max_th = 1.677867e+00, time=2024-09-03 14:41:43 
jj1 = 243, max_th = 2.755750e+00, time=2024-09-03 14:42:41 
jj1 = 360, max_th = 1.637326e+00, time=2024-09-03 14:45:56 
jj1 = 318, max_th = 2.563584e+00, time=2024-09-03 14:48:42 
jj1 = 359, max_th = 9.345529e-01, time=2024-09-03 14:49:54 
jj1 = 204, max_th = 2.046259e+00, time=2024-09-03 14:50:10 
jj1 = 164, max_th = 1.284491e+00, time=2024-09-03 14:50:30 
jj1 = 439, max_th = 2.538935e+00, time=2024-09-03 14:52:20 
jj1 = 242, max_th = 1.345533e+00, time=2024-09-03 14:52:53 
jj1 = 317, max_th = 2.768748e+00, time=2024-09-03 14:55:14 
jj1 = 281, max_th = 2.210036e+00, time=2024-09-03 14:55:36 
jj1 = 477, max_th = 1.916225e+00, time=2024-09-03 14:55:46 
jj1 = 397, max_th = 1.819911e+00, time=2024-09-03 14:58:33 
jj1 = 358, max_th = 2.685333e+00, time=2024-09-03 14:58:45 
jj1 = 516, max_th = 1.982741e+00, time=2024-09-03 15:01:02 
jj1 = 123, max_th = 2.186840e+00, time=2024-09-03 15:02:36 
jj1 = 84, max_th = 1.831486e+00, time=2024-09-03 15:02:56 
jj1 = 241, max_th = 1.403308e+00, time=2024-09-03 15:03:50 
jj1 = 240, max_th = 8.960083e-01, time=2024-09-03 15:07:28 
jj1 = 203, max_th = 2.276452e+00, time=2024-09-03 15:10:00 
jj1 = 438, max_th = 1.901694e+00, time=2024-09-03 15:11:08 
jj1 = 163, max_th = 1.922146e+00, time=2024-09-03 15:12:56 
jj1 = 316, max_th = 1.717252e+00, time=2024-09-03 15:14:31 
jj1 = 476, max_th = 1.856261e+00, time=2024-09-03 15:15:48 
jj1 = 280, max_th = 2.140300e+00, time=2024-09-03 15:15:54 
jj1 = 357, max_th = 2.368510e+00, time=2024-09-03 15:15:54 
jj1 = 162, max_th = 9.536563e-01, time=2024-09-03 15:16:38 
jj1 = 396, max_th = 2.322318e+00, time=2024-09-03 15:16:59 
jj1 = 515, max_th = 1.664287e+00, time=2024-09-03 15:18:26 
jj1 = 161, max_th = 2.935483e+00, time=2024-09-03 15:20:02 
jj1 = 83, max_th = 2.371031e+00, time=2024-09-03 15:20:27 
jj1 = 122, max_th = 2.322741e+00, time=2024-09-03 15:21:38 
jj1 = 279, max_th = 1.334751e+00, time=2024-09-03 15:26:26 
jj1 = 315, max_th = 2.569034e+00, time=2024-09-03 15:26:27 
jj1 = 356, max_th = 2.545200e+00, time=2024-09-03 15:27:45 
jj1 = 395, max_th = 1.328684e+00, time=2024-09-03 15:27:47 
jj1 = 202, max_th = 2.323156e+00, time=2024-09-03 15:29:09 
jj1 = 160, max_th = 1.306384e+00, time=2024-09-03 15:29:28 
jj1 = 239, max_th = 1.876818e+00, time=2024-09-03 15:29:39 
jj1 = 437, max_th = 1.717317e+00, time=2024-09-03 15:30:40 
jj1 = 121, max_th = 2.593406e+00, time=2024-09-03 15:31:54 
jj1 = 514, max_th = 2.407765e+00, time=2024-09-03 15:33:22 
jj1 = 278, max_th = 1.268838e+00, time=2024-09-03 15:35:03 
jj1 = 475, max_th = 2.047026e+00, time=2024-09-03 15:35:28 
jj1 = 159, max_th = 1.298359e+00, time=2024-09-03 15:38:42 
jj1 = 82, max_th = 1.681599e+00, time=2024-09-03 15:38:51 
jj1 = 314, max_th = 1.557446e+00, time=2024-09-03 15:41:28 
jj1 = 436, max_th = 1.378426e+00, time=2024-09-03 15:42:55 
jj1 = 201, max_th = 2.149579e+00, time=2024-09-03 15:44:38 
jj1 = 277, max_th = 1.420171e+00, time=2024-09-03 15:48:12 
jj1 = 394, max_th = 2.064146e+00, time=2024-09-03 15:49:09 
jj1 = 355, max_th = 2.133877e+00, time=2024-09-03 15:49:20 
jj1 = 474, max_th = 1.651300e+00, time=2024-09-03 15:49:46 
jj1 = 238, max_th = 1.943778e+00, time=2024-09-03 15:50:05 
jj1 = 313, max_th = 1.402848e+00, time=2024-09-03 15:52:07 
jj1 = 276, max_th = 2.852908e+00, time=2024-09-03 15:52:30 
jj1 = 120, max_th = 1.974257e+00, time=2024-09-03 15:54:59 
jj1 = 513, max_th = 1.928894e+00, time=2024-09-03 15:55:55 
jj1 = 81, max_th = 2.151133e+00, time=2024-09-03 15:56:16 
jj1 = 158, max_th = 1.840181e+00, time=2024-09-03 15:59:17 
jj1 = 200, max_th = 2.099012e+00, time=2024-09-03 16:01:13 
jj1 = 393, max_th = 2.351742e+00, time=2024-09-03 16:03:51 
jj1 = 435, max_th = 1.890261e+00, time=2024-09-03 16:04:08 
jj1 = 354, max_th = 2.385134e+00, time=2024-09-03 16:05:42 
jj1 = 237, max_th = 2.427220e+00, time=2024-09-03 16:05:46 
jj1 = 473, max_th = 1.566175e+00, time=2024-09-03 16:06:00 
jj1 = 275, max_th = 1.669116e+00, time=2024-09-03 16:11:23 
jj1 = 119, max_th = 2.377004e+00, time=2024-09-03 16:12:21 
jj1 = 312, max_th = 2.161905e+00, time=2024-09-03 16:12:28 
jj1 = 512, max_th = 2.308089e+00, time=2024-09-03 16:13:43 
jj1 = 236, max_th = 1.361727e+00, time=2024-09-03 16:17:08 
jj1 = 80, max_th = 1.933756e+00, time=2024-09-03 16:18:17 
jj1 = 157, max_th = 2.167663e+00, time=2024-09-03 16:20:34 
jj1 = 472, max_th = 2.413615e+00, time=2024-09-03 16:21:30 
jj1 = 434, max_th = 1.705966e+00, time=2024-09-03 16:21:42 
jj1 = 392, max_th = 1.731110e+00, time=2024-09-03 16:23:31 
jj1 = 199, max_th = 2.068724e+00, time=2024-09-03 16:24:05 
jj1 = 353, max_th = 2.191417e+00, time=2024-09-03 16:25:28 
jj1 = 311, max_th = 2.389386e+00, time=2024-09-03 16:28:16 
jj1 = 274, max_th = 2.367749e+00, time=2024-09-03 16:28:21 
jj1 = 511, max_th = 1.589741e+00, time=2024-09-03 16:28:35 
jj1 = 156, max_th = 1.343481e+00, time=2024-09-03 16:30:58 
jj1 = 118, max_th = 1.938826e+00, time=2024-09-03 16:34:05 
jj1 = 235, max_th = 2.058192e+00, time=2024-09-03 16:36:27 
jj1 = 433, max_th = 1.639457e+00, time=2024-09-03 16:39:09 
jj1 = 79, max_th = 1.962807e+00, time=2024-09-03 16:39:55 
jj1 = 155, max_th = 1.255201e+00, time=2024-09-03 16:40:15 
jj1 = 471, max_th = 1.865298e+00, time=2024-09-03 16:42:56 
jj1 = 198, max_th = 1.674388e+00, time=2024-09-03 16:43:19 
jj1 = 310, max_th = 1.645195e+00, time=2024-09-03 16:44:41 
jj1 = 234, max_th = 1.318330e+00, time=2024-09-03 16:45:47 
jj1 = 273, max_th = 2.379679e+00, time=2024-09-03 16:45:50 
jj1 = 391, max_th = 2.118553e+00, time=2024-09-03 16:46:09 
jj1 = 352, max_th = 2.090356e+00, time=2024-09-03 16:46:12 
jj1 = 510, max_th = 2.057847e+00, time=2024-09-03 16:49:21 
jj1 = 154, max_th = 1.361268e+00, time=2024-09-03 16:51:04 
jj1 = 117, max_th = 1.861315e+00, time=2024-09-03 16:55:47 
jj1 = 153, max_th = 2.755297e+00, time=2024-09-03 16:57:30 
jj1 = 197, max_th = 2.379315e+00, time=2024-09-03 16:59:57 
jj1 = 470, max_th = 2.365619e+00, time=2024-09-03 17:00:32 
jj1 = 78, max_th = 1.839011e+00, time=2024-09-03 17:01:10 
jj1 = 432, max_th = 1.926958e+00, time=2024-09-03 17:01:35 
jj1 = 309, max_th = 1.680505e+00, time=2024-09-03 17:03:31 
jj1 = 272, max_th = 1.625247e+00, time=2024-09-03 17:04:15 
jj1 = 351, max_th = 1.713589e+00, time=2024-09-03 17:05:22 
jj1 = 233, max_th = 1.911621e+00, time=2024-09-03 17:07:11 
jj1 = 390, max_th = 2.084214e+00, time=2024-09-03 17:08:13 
jj1 = 77, max_th = 2.702676e+00, time=2024-09-03 17:08:14 
jj1 = 509, max_th = 2.126593e+00, time=2024-09-03 17:11:22 
jj1 = 116, max_th = 2.422884e+00, time=2024-09-03 17:11:46 
jj1 = 350, max_th = 1.239085e+00, time=2024-09-03 17:13:27 
jj1 = 152, max_th = 1.577286e+00, time=2024-09-03 17:13:44 
jj1 = 308, max_th = 1.362290e+00, time=2024-09-03 17:15:08 
jj1 = 271, max_th = 1.365810e+00, time=2024-09-03 17:15:33 
jj1 = 196, max_th = 2.386909e+00, time=2024-09-03 17:16:26 
jj1 = 76, max_th = 1.287866e+00, time=2024-09-03 17:18:48 
jj1 = 431, max_th = 1.805094e+00, time=2024-09-03 17:19:29 
jj1 = 469, max_th = 1.738685e+00, time=2024-09-03 17:19:52 
jj1 = 195, max_th = 9.435702e-01, time=2024-09-03 17:20:05 
jj1 = 349, max_th = 2.745327e+00, time=2024-09-03 17:20:11 
jj1 = 115, max_th = 2.585102e+00, time=2024-09-03 17:23:11 
jj1 = 194, max_th = 1.198251e+00, time=2024-09-03 17:26:46 
jj1 = 232, max_th = 2.060772e+00, time=2024-09-03 17:27:42 
jj1 = 270, max_th = 2.512744e+00, time=2024-09-03 17:29:15 
jj1 = 468, max_th = 2.585692e+00, time=2024-09-03 17:31:09 
jj1 = 389, max_th = 1.876730e+00, time=2024-09-03 17:31:14 
jj1 = 348, max_th = 2.400235e+00, time=2024-09-03 17:31:22 
jj1 = 508, max_th = 1.868632e+00, time=2024-09-03 17:32:29 
jj1 = 430, max_th = 1.508056e+00, time=2024-09-03 17:34:26 
jj1 = 75, max_th = 1.694230e+00, time=2024-09-03 17:36:14 
jj1 = 151, max_th = 1.927099e+00, time=2024-09-03 17:36:33 
jj1 = 307, max_th = 1.964860e+00, time=2024-09-03 17:36:54 
jj1 = 388, max_th = 1.305588e+00, time=2024-09-03 17:40:41 
jj1 = 114, max_th = 1.666553e+00, time=2024-09-03 17:41:44 
jj1 = 429, max_th = 1.292817e+00, time=2024-09-03 17:43:11 
jj1 = 347, max_th = 2.349342e+00, time=2024-09-03 17:44:22 
jj1 = 113, max_th = 9.869489e-01, time=2024-09-03 17:46:23 
jj1 = 467, max_th = 2.428822e+00, time=2024-09-03 17:46:54 
jj1 = 193, max_th = 1.917938e+00, time=2024-09-03 17:48:21 
jj1 = 112, max_th = 8.016521e-01, time=2024-09-03 17:48:34 
jj1 = 231, max_th = 1.913839e+00, time=2024-09-03 17:48:51 
jj1 = 230, max_th = 3.099057e+00, time=2024-09-03 17:50:11 
jj1 = 269, max_th = 2.183252e+00, time=2024-09-03 17:50:35 
jj1 = 507, max_th = 2.157684e+00, time=2024-09-03 17:51:44 
jj1 = 192, max_th = 2.891770e+00, time=2024-09-03 17:52:06 
jj1 = 150, max_th = 1.660708e+00, time=2024-09-03 17:54:03 
jj1 = 428, max_th = 1.373986e+00, time=2024-09-03 17:54:56 
jj1 = 149, max_th = 3.093426e+00, time=2024-09-03 17:55:35 
jj1 = 346, max_th = 2.578891e+00, time=2024-09-03 17:55:50 
jj1 = 74, max_th = 2.189975e+00, time=2024-09-03 17:56:22 
jj1 = 191, max_th = 2.759273e+00, time=2024-09-03 17:58:17 
jj1 = 306, max_th = 2.172052e+00, time=2024-09-03 17:59:05 
jj1 = 111, max_th = 1.402452e+00, time=2024-09-03 17:59:17 
jj1 = 387, max_th = 1.911830e+00, time=2024-09-03 18:01:12 
jj1 = 506, max_th = 2.637198e+00, time=2024-09-03 18:01:21 
jj1 = 229, max_th = 2.345495e+00, time=2024-09-03 18:06:18 
jj1 = 73, max_th = 2.586125e+00, time=2024-09-03 18:07:22 
jj1 = 466, max_th = 1.913875e+00, time=2024-09-03 18:08:31 
jj1 = 305, max_th = 1.379498e+00, time=2024-09-03 18:11:08 
jj1 = 268, max_th = 1.889809e+00, time=2024-09-03 18:12:06 
jj1 = 304, max_th = -2.549849e-02, time=2024-09-03 18:12:12 
jj1 = 427, max_th = 2.154433e+00, time=2024-09-03 18:14:16 
jj1 = 345, max_th = 1.675686e+00, time=2024-09-03 18:15:01 
jj1 = 190, max_th = 1.664979e+00, time=2024-09-03 18:16:34 
jj1 = 148, max_th = 2.184371e+00, time=2024-09-03 18:16:47 
jj1 = 386, max_th = 2.314165e+00, time=2024-09-03 18:19:12 
jj1 = 505, max_th = 1.902124e+00, time=2024-09-03 18:19:56 
jj1 = 110, max_th = 2.166760e+00, time=2024-09-03 18:20:17 
jj1 = 228, max_th = 1.525203e+00, time=2024-09-03 18:21:10 
jj1 = 426, max_th = 1.321244e+00, time=2024-09-03 18:23:44 
jj1 = 189, max_th = 2.567179e+00, time=2024-09-03 18:27:45 
jj1 = 72, max_th = 2.159990e+00, time=2024-09-03 18:27:51 
jj1 = 147, max_th = 2.584372e+00, time=2024-09-03 18:27:58 
jj1 = 109, max_th = 1.302023e+00, time=2024-09-03 18:29:03 
jj1 = 465, max_th = 1.991267e+00, time=2024-09-03 18:30:27 
jj1 = 504, max_th = 1.367439e+00, time=2024-09-03 18:31:03 
jj1 = 71, max_th = 9.233370e-01, time=2024-09-03 18:31:58 
jj1 = 303, max_th = 1.732206e+00, time=2024-09-03 18:32:32 
jj1 = 267, max_th = 2.188265e+00, time=2024-09-03 18:32:44 
jj1 = 70, max_th = 2.892165e+00, time=2024-09-03 18:35:59 
jj1 = 385, max_th = 1.577459e+00, time=2024-09-03 18:36:36 
jj1 = 344, max_th = 1.928235e+00, time=2024-09-03 18:37:24 
jj1 = 343, max_th = 9.255692e-01, time=2024-09-03 18:41:18 
jj1 = 227, max_th = 2.162983e+00, time=2024-09-03 18:42:00 
jj1 = 342, max_th = 8.702620e-01, time=2024-09-03 18:44:54 
jj1 = 425, max_th = 2.168932e+00, time=2024-09-03 18:45:08 
jj1 = 188, max_th = 1.637431e+00, time=2024-09-03 18:45:13 
jj1 = 108, max_th = 1.538776e+00, time=2024-09-03 18:45:18 
jj1 = 503, max_th = 1.804445e+00, time=2024-09-03 18:48:54 
jj1 = 146, max_th = 2.033113e+00, time=2024-09-03 18:50:51 
jj1 = 69, max_th = 2.360552e+00, time=2024-09-03 18:52:00 
jj1 = 464, max_th = 1.880066e+00, time=2024-09-03 18:52:43 
jj1 = 384, max_th = 1.586939e+00, time=2024-09-03 18:52:50 
jj1 = 266, max_th = 1.956907e+00, time=2024-09-03 18:53:38 
jj1 = 302, max_th = 2.092197e+00, time=2024-09-03 18:54:15 
jj1 = 424, max_th = 2.546727e+00, time=2024-09-03 18:55:59 
jj1 = 226, max_th = 2.345726e+00, time=2024-09-03 18:58:04 
jj1 = 145, max_th = 2.738193e+00, time=2024-09-03 18:58:13 
jj1 = 423, max_th = 8.042562e-01, time=2024-09-03 18:58:40 
jj1 = 502, max_th = 1.324984e+00, time=2024-09-03 18:58:43 
jj1 = 463, max_th = 1.321968e+00, time=2024-09-03 19:02:57 
jj1 = 68, max_th = 1.368766e+00, time=2024-09-03 19:03:14 
jj1 = 341, max_th = 1.812989e+00, time=2024-09-03 19:05:10 
jj1 = 107, max_th = 2.188907e+00, time=2024-09-03 19:05:40 
jj1 = 187, max_th = 1.777737e+00, time=2024-09-03 19:06:44 
jj1 = 225, max_th = 2.349902e+00, time=2024-09-03 19:09:02 
jj1 = 106, max_th = 2.847573e+00, time=2024-09-03 19:10:04 
jj1 = 67, max_th = 2.590386e+00, time=2024-09-03 19:13:52 
jj1 = 383, max_th = 1.869069e+00, time=2024-09-03 19:14:18 
jj1 = 501, max_th = 2.346089e+00, time=2024-09-03 19:15:04 
jj1 = 265, max_th = 1.908938e+00, time=2024-09-03 19:15:13 
jj1 = 301, max_th = 2.123927e+00, time=2024-09-03 19:16:07 
jj1 = 300, max_th = -1.649683e-02, time=2024-09-03 19:17:04 
jj1 = 224, max_th = 1.292096e+00, time=2024-09-03 19:17:58 
jj1 = 105, max_th = 2.610834e+00, time=2024-09-03 19:18:01 
jj1 = 299, max_th = -3.550704e-02, time=2024-09-03 19:18:06 
jj1 = 186, max_th = 1.366648e+00, time=2024-09-03 19:18:11 
jj1 = 144, max_th = 2.063195e+00, time=2024-09-03 19:19:11 
jj1 = 422, max_th = 1.941486e+00, time=2024-09-03 19:20:01 
jj1 = 264, max_th = 1.196353e+00, time=2024-09-03 19:22:25 
jj1 = 462, max_th = 1.722104e+00, time=2024-09-03 19:23:02 
jj1 = 500, max_th = 2.542524e+00, time=2024-09-03 19:26:18 
jj1 = 421, max_th = 1.196419e+00, time=2024-09-03 19:26:39 
jj1 = 263, max_th = 9.718673e-01, time=2024-09-03 19:27:11 
jj1 = 340, max_th = 1.935539e+00, time=2024-09-03 19:27:15 
jj1 = 104, max_th = 1.374058e+00, time=2024-09-03 19:28:20 
jj1 = 461, max_th = 2.663574e+00, time=2024-09-03 19:31:57 
jj1 = 223, max_th = 1.645922e+00, time=2024-09-03 19:33:21 
jj1 = 185, max_th = 2.355315e+00, time=2024-09-03 19:33:58 
jj1 = 66, max_th = 1.888878e+00, time=2024-09-03 19:34:41 
jj1 = 382, max_th = 2.109102e+00, time=2024-09-03 19:34:43 
jj1 = 184, max_th = 2.936492e+00, time=2024-09-03 19:37:24 
jj1 = 143, max_th = 1.709355e+00, time=2024-09-03 19:37:34 
jj1 = 142, max_th = 8.882180e-01, time=2024-09-03 19:40:39 
jj1 = 298, max_th = 1.981778e+00, time=2024-09-03 19:41:15 
jj1 = 222, max_th = 1.395251e+00, time=2024-09-03 19:44:25 
jj1 = 183, max_th = 2.708743e+00, time=2024-09-03 19:45:07 
jj1 = 339, max_th = 1.691763e+00, time=2024-09-03 19:45:24 
jj1 = 262, max_th = 1.623886e+00, time=2024-09-03 19:45:36 
jj1 = 338, max_th = -1.508976e-01, time=2024-09-03 19:45:55 
jj1 = 499, max_th = 2.137286e+00, time=2024-09-03 19:46:51 
jj1 = 420, max_th = 2.082143e+00, time=2024-09-03 19:47:25 
jj1 = 337, max_th = 2.916416e+00, time=2024-09-03 19:49:53 
jj1 = 103, max_th = 1.832326e+00, time=2024-09-03 19:50:09 
jj1 = 65, max_th = 1.558180e+00, time=2024-09-03 19:50:55 
jj1 = 297, max_th = 1.343648e+00, time=2024-09-03 19:52:12 
jj1 = 381, max_th = 2.197597e+00, time=2024-09-03 19:52:22 
jj1 = 460, max_th = 2.175835e+00, time=2024-09-03 19:53:43 
jj1 = 182, max_th = 2.660139e+00, time=2024-09-03 19:54:14 
jj1 = 221, max_th = 1.599687e+00, time=2024-09-03 19:56:47 
jj1 = 419, max_th = 1.343278e+00, time=2024-09-03 19:57:06 
jj1 = 498, max_th = 1.406733e+00, time=2024-09-03 19:58:19 
jj1 = 141, max_th = 2.111819e+00, time=2024-09-03 20:01:22 
jj1 = 181, max_th = 2.600172e+00, time=2024-09-03 20:01:32 
jj1 = 336, max_th = 1.369407e+00, time=2024-09-03 20:01:42 
jj1 = 261, max_th = 2.416476e+00, time=2024-09-03 20:01:59 
jj1 = 418, max_th = 1.333804e+00, time=2024-09-03 20:08:11 
jj1 = 380, max_th = 1.628513e+00, time=2024-09-03 20:09:48 
jj1 = 102, max_th = 2.180883e+00, time=2024-09-03 20:11:42 
jj1 = 140, max_th = 2.554679e+00, time=2024-09-03 20:12:10 
jj1 = 64, max_th = 1.930239e+00, time=2024-09-03 20:13:21 
jj1 = 296, max_th = 1.936461e+00, time=2024-09-03 20:14:32 
jj1 = 497, max_th = 1.612120e+00, time=2024-09-03 20:14:51 
jj1 = 459, max_th = 1.876547e+00, time=2024-09-03 20:15:35 
jj1 = 220, max_th = 2.170685e+00, time=2024-09-03 20:18:07 
jj1 = 180, max_th = 2.376535e+00, time=2024-09-03 20:18:47 
jj1 = 63, max_th = 2.632673e+00, time=2024-09-03 20:23:42 
jj1 = 260, max_th = 1.930956e+00, time=2024-09-03 20:25:01 
jj1 = 335, max_th = 1.926099e+00, time=2024-09-03 20:25:05 
jj1 = 379, max_th = 1.680768e+00, time=2024-09-03 20:27:41 
jj1 = 417, max_th = 1.912710e+00, time=2024-09-03 20:29:37 
jj1 = 139, max_th = 2.206675e+00, time=2024-09-03 20:31:07 
jj1 = 101, max_th = 2.159683e+00, time=2024-09-03 20:32:15 
jj1 = 62, max_th = 1.405523e+00, time=2024-09-03 20:34:46 
jj1 = 496, max_th = 1.937186e+00, time=2024-09-03 20:35:51 
jj1 = 295, max_th = 1.958229e+00, time=2024-09-03 20:36:05 
jj1 = 179, max_th = 1.717997e+00, time=2024-09-03 20:38:03 
jj1 = 334, max_th = 2.523651e+00, time=2024-09-03 20:38:29 
jj1 = 458, max_th = 1.971075e+00, time=2024-09-03 20:39:02 
jj1 = 219, max_th = 2.087563e+00, time=2024-09-03 20:39:34 
jj1 = 378, max_th = 2.299724e+00, time=2024-09-03 20:40:14 
jj1 = 457, max_th = 3.068027e+00, time=2024-09-03 20:40:53 
jj1 = 178, max_th = 2.828384e+00, time=2024-09-03 20:43:18 
jj1 = 100, max_th = 2.575331e+00, time=2024-09-03 20:43:54 
jj1 = 61, max_th = 1.297292e+00, time=2024-09-03 20:44:01 
jj1 = 259, max_th = 1.910941e+00, time=2024-09-03 20:46:43 
jj1 = 416, max_th = 1.901060e+00, time=2024-09-03 20:46:55 
jj1 = 456, max_th = 2.779925e+00, time=2024-09-03 20:47:25 
jj1 = 668, max_th = 1.904000e+00, time=2024-09-03 20:50:50 
jj1 = 568, max_th = 2.049281e+00, time=2024-09-03 20:52:43 
jj1 = 495, max_th = 1.907940e+00, time=2024-09-03 20:55:50 
jj1 = 218, max_th = 1.669229e+00, time=2024-09-03 20:58:32 
jj1 = 728, max_th = 1.574435e+00, time=2024-09-03 20:59:11 
jj1 = 608, max_th = 1.933517e+00, time=2024-09-03 21:01:22 
jj1 = 455, max_th = 2.467420e+00, time=2024-09-03 21:02:11 
jj1 = 377, max_th = 2.071450e+00, time=2024-09-03 21:02:34 
jj1 = 748, max_th = 1.846046e+00, time=2024-09-03 21:03:31 
jj1 = 628, max_th = 2.120874e+00, time=2024-09-03 21:05:17 
jj1 = 258, max_th = 2.154305e+00, time=2024-09-03 21:05:49 
jj1 = 567, max_th = 1.595199e+00, time=2024-09-03 21:08:38 
jj1 = 415, max_th = 1.966125e+00, time=2024-09-03 21:08:48 
jj1 = 607, max_th = 2.711304e+00, time=2024-09-03 21:09:03 
jj1 = 257, max_th = 9.582009e-01, time=2024-09-03 21:10:03 
jj1 = 667, max_th = 1.905248e+00, time=2024-09-03 21:11:09 
jj1 = 454, max_th = 2.625954e+00, time=2024-09-03 21:12:47 
jj1 = 376, max_th = 1.335413e+00, time=2024-09-03 21:13:17 
jj1 = 566, max_th = 9.805973e-01, time=2024-09-03 21:13:32 
jj1 = 747, max_th = 2.577477e+00, time=2024-09-03 21:14:23 
jj1 = 627, max_th = 1.316599e+00, time=2024-09-03 21:15:06 
jj1 = 494, max_th = 2.066200e+00, time=2024-09-03 21:16:52 
jj1 = 217, max_th = 1.953072e+00, time=2024-09-03 21:17:34 
jj1 = 493, max_th = 3.079021e+00, time=2024-09-03 21:18:43 
jj1 = 492, max_th = 7.702397e-01, time=2024-09-03 21:21:18 
jj1 = 256, max_th = 1.359382e+00, time=2024-09-03 21:21:28 
jj1 = 727, max_th = 1.917078e+00, time=2024-09-03 21:21:39 
jj1 = 414, max_th = 2.396971e+00, time=2024-09-03 21:22:38 
jj1 = 606, max_th = 2.150133e+00, time=2024-09-03 21:22:40 
jj1 = 746, max_th = 1.382723e+00, time=2024-09-03 21:26:28 
jj1 = 375, max_th = 2.146413e+00, time=2024-09-03 21:31:28 
jj1 = 666, max_th = 2.116627e+00, time=2024-09-03 21:32:05 
jj1 = 453, max_th = 2.053029e+00, time=2024-09-03 21:32:42 
jj1 = 726, max_th = 1.370260e+00, time=2024-09-03 21:33:53 
jj1 = 565, max_th = 2.122680e+00, time=2024-09-03 21:34:32 
jj1 = 626, max_th = 2.210786e+00, time=2024-09-03 21:34:39 
jj1 = 708, max_th = 1.841260e+00, time=2024-09-03 21:37:29 
jj1 = 413, max_th = 2.379105e+00, time=2024-09-03 21:39:43 
jj1 = 605, max_th = 1.660245e+00, time=2024-09-03 21:40:19 
jj1 = 745, max_th = 1.560923e+00, time=2024-09-03 21:41:54 
jj1 = 491, max_th = 1.868196e+00, time=2024-09-03 21:42:21 
jj1 = 665, max_th = 2.544783e+00, time=2024-09-03 21:42:56 
jj1 = 688, max_th = 2.079113e+00, time=2024-09-03 21:44:18 
jj1 = 744, max_th = 2.910500e+00, time=2024-09-03 21:45:42 
jj1 = 564, max_th = 2.580358e+00, time=2024-09-03 21:46:10 
jj1 = 374, max_th = 2.138928e+00, time=2024-09-03 21:51:41 
jj1 = 452, max_th = 1.952379e+00, time=2024-09-03 21:52:10 
jj1 = 490, max_th = 1.332213e+00, time=2024-09-03 21:53:14 
jj1 = 563, max_th = 1.266908e+00, time=2024-09-03 21:55:57 
jj1 = 725, max_th = 1.935652e+00, time=2024-09-03 21:56:00 
jj1 = 625, max_th = 2.180879e+00, time=2024-09-03 21:56:04 
jj1 = 707, max_th = 1.862114e+00, time=2024-09-03 21:57:22 
jj1 = 412, max_th = 2.145328e+00, time=2024-09-03 21:59:17 
jj1 = 664, max_th = 2.336032e+00, time=2024-09-03 21:59:58 
jj1 = 724, max_th = 2.880109e+00, time=2024-09-03 22:00:20 
jj1 = 604, max_th = 1.887264e+00, time=2024-09-03 22:02:08 
jj1 = 451, max_th = 1.279593e+00, time=2024-09-03 22:02:26 
jj1 = 768, max_th = 9.589600e-01, time=2024-09-03 22:03:25 
jj1 = 743, max_th = 1.710317e+00, time=2024-09-03 22:03:44 
jj1 = 663, max_th = 2.873427e+00, time=2024-09-03 22:04:31 
jj1 = 373, max_th = 1.700619e+00, time=2024-09-03 22:05:58 
jj1 = 723, max_th = 2.748498e+00, time=2024-09-03 22:06:18 
jj1 = 687, max_th = 1.972781e+00, time=2024-09-03 22:07:04 
jj1 = 686, max_th = 9.826867e-01, time=2024-09-03 22:11:33 
jj1 = 588, max_th = 2.777701e+00, time=2024-09-03 22:12:34 
jj1 = 624, max_th = 1.590781e+00, time=2024-09-03 22:12:46 
jj1 = 562, max_th = 2.377842e+00, time=2024-09-03 22:13:04 
jj1 = 648, max_th = 2.143056e+00, time=2024-09-03 22:13:21 
jj1 = 706, max_th = 2.113825e+00, time=2024-09-03 22:13:25 
jj1 = 767, max_th = 2.581788e+00, time=2024-09-03 22:15:11 
jj1 = 722, max_th = 1.323448e+00, time=2024-09-03 22:16:56 
jj1 = 548, max_th = 1.609749e+00, time=2024-09-03 22:19:02 
jj1 = 742, max_th = 2.345833e+00, time=2024-09-03 22:19:40 
jj1 = 603, max_th = 2.194182e+00, time=2024-09-03 22:21:13 
jj1 = 766, max_th = 2.701249e+00, time=2024-09-03 22:21:19 
jj1 = 662, max_th = 1.691592e+00, time=2024-09-03 22:22:18 
jj1 = 705, max_th = 1.340637e+00, time=2024-09-03 22:23:42 
jj1 = 647, max_th = 2.566852e+00, time=2024-09-03 22:24:52 
jj1 = 721, max_th = 2.598231e+00, time=2024-09-03 22:25:59 
jj1 = 587, max_th = 1.686027e+00, time=2024-09-03 22:29:57 
jj1 = 602, max_th = 2.555404e+00, time=2024-09-03 22:31:55 
jj1 = 704, max_th = 1.302696e+00, time=2024-09-03 22:31:58 
jj1 = 561, max_th = 1.954622e+00, time=2024-09-03 22:33:03 
jj1 = 685, max_th = 1.882268e+00, time=2024-09-03 22:33:12 
jj1 = 601, max_th = 3.132799e+00, time=2024-09-03 22:33:18 
jj1 = 623, max_th = 1.962561e+00, time=2024-09-03 22:33:49 
jj1 = 661, max_th = 1.378614e+00, time=2024-09-03 22:33:53 
jj1 = 703, max_th = 2.899052e+00, time=2024-09-03 22:35:04 
jj1 = 547, max_th = 1.947379e+00, time=2024-09-03 22:37:50 
jj1 = 765, max_th = 2.151341e+00, time=2024-09-03 22:38:06 
jj1 = 586, max_th = 1.352720e+00, time=2024-09-03 22:39:24 
jj1 = 560, max_th = 2.715123e+00, time=2024-09-03 22:40:28 
jj1 = 741, max_th = 1.960235e+00, time=2024-09-03 22:41:13 
jj1 = 660, max_th = 2.600847e+00, time=2024-09-03 22:41:58 
jj1 = 646, max_th = 2.186437e+00, time=2024-09-03 22:43:57 
jj1 = 702, max_th = 1.263911e+00, time=2024-09-03 22:44:42 
jj1 = 684, max_th = 2.399154e+00, time=2024-09-03 22:45:06 
jj1 = 659, max_th = 9.076586e-01, time=2024-09-03 22:45:27 
jj1 = 720, max_th = 1.918901e+00, time=2024-09-03 22:47:15 
jj1 = 546, max_th = 1.397562e+00, time=2024-09-03 22:47:43 
jj1 = 585, max_th = 2.616938e+00, time=2024-09-03 22:48:56 
jj1 = 600, max_th = 1.620030e+00, time=2024-09-03 22:50:02 
jj1 = 622, max_th = 1.627411e+00, time=2024-09-03 22:51:19 
jj1 = 719, max_th = 2.881693e+00, time=2024-09-03 22:51:26 
jj1 = 740, max_th = 1.325606e+00, time=2024-09-03 22:51:38 
jj1 = 718, max_th = -3.035742e-02, time=2024-09-03 22:52:17 
jj1 = 739, max_th = -5.545397e-03, time=2024-09-03 22:52:30 
jj1 = 764, max_th = 2.413052e+00, time=2024-09-03 22:52:58 
jj1 = 701, max_th = 2.638555e+00, time=2024-09-03 22:53:27 
jj1 = 658, max_th = 1.311143e+00, time=2024-09-03 22:55:31 
jj1 = 763, max_th = 2.758210e+00, time=2024-09-03 22:59:03 
jj1 = 559, max_th = 1.870503e+00, time=2024-09-03 23:00:37 
jj1 = 657, max_th = 1.187274e+00, time=2024-09-03 23:02:42 
jj1 = 599, max_th = 2.428243e+00, time=2024-09-03 23:03:02 
jj1 = 645, max_th = 2.112991e+00, time=2024-09-03 23:03:52 
jj1 = 683, max_th = 1.936155e+00, time=2024-09-03 23:05:42 
jj1 = 584, max_th = 1.661605e+00, time=2024-09-03 23:06:33 
jj1 = 762, max_th = 2.687872e+00, time=2024-09-03 23:06:33 
jj1 = 545, max_th = 2.184223e+00, time=2024-09-03 23:06:46 
jj1 = 761, max_th = 3.237057e+00, time=2024-09-03 23:07:16 
jj1 = 644, max_th = 2.723590e+00, time=2024-09-03 23:09:09 
jj1 = 700, max_th = 1.901017e+00, time=2024-09-03 23:09:29 
jj1 = 621, max_th = 2.160998e+00, time=2024-09-03 23:09:38 
jj1 = 717, max_th = 1.864386e+00, time=2024-09-03 23:11:17 
jj1 = 598, max_th = 1.232038e+00, time=2024-09-03 23:11:43 
jj1 = 738, max_th = 2.009694e+00, time=2024-09-03 23:13:02 
jj1 = 656, max_th = 1.384326e+00, time=2024-09-03 23:13:17 
jj1 = 583, max_th = 1.362673e+00, time=2024-09-03 23:16:47 
jj1 = 544, max_th = 1.380996e+00, time=2024-09-03 23:17:51 
jj1 = 737, max_th = 2.760751e+00, time=2024-09-03 23:19:30 
jj1 = 582, max_th = 2.930970e+00, time=2024-09-03 23:20:25 
jj1 = 558, max_th = 2.183586e+00, time=2024-09-03 23:20:29 
jj1 = 716, max_th = 2.552316e+00, time=2024-09-03 23:21:04 
jj1 = 682, max_th = 1.954025e+00, time=2024-09-03 23:24:59 
jj1 = 643, max_th = 2.337199e+00, time=2024-09-03 23:26:05 
jj1 = 760, max_th = 2.276260e+00, time=2024-09-03 23:26:55 
jj1 = 699, max_th = 1.888821e+00, time=2024-09-03 23:29:46 
jj1 = 620, max_th = 1.929788e+00, time=2024-09-03 23:31:24 
jj1 = 715, max_th = 1.649774e+00, time=2024-09-03 23:33:24 
jj1 = 597, max_th = 1.924175e+00, time=2024-09-03 23:35:22 
jj1 = 655, max_th = 1.926547e+00, time=2024-09-03 23:35:36 
jj1 = 543, max_th = 2.108396e+00, time=2024-09-03 23:38:41 
jj1 = 736, max_th = 2.165130e+00, time=2024-09-03 23:40:39 
jj1 = 581, max_th = 1.945039e+00, time=2024-09-03 23:40:44 
jj1 = 557, max_th = 2.074293e+00, time=2024-09-03 23:42:49 
jj1 = 681, max_th = 2.143269e+00, time=2024-09-03 23:45:44 
jj1 = 642, max_th = 2.210800e+00, time=2024-09-03 23:45:51 
jj1 = 759, max_th = 1.678040e+00, time=2024-09-03 23:45:54 
jj1 = 654, max_th = 2.617332e+00, time=2024-09-03 23:45:59 
jj1 = 698, max_th = 1.910334e+00, time=2024-09-03 23:50:23 
jj1 = 619, max_th = 1.722600e+00, time=2024-09-03 23:51:29 
jj1 = 714, max_th = 2.154290e+00, time=2024-09-03 23:52:42 
jj1 = 596, max_th = 1.640626e+00, time=2024-09-03 23:52:52 
jj1 = 580, max_th = 2.401308e+00, time=2024-09-03 23:53:56 
jj1 = 758, max_th = 1.340870e+00, time=2024-09-03 23:56:57 
jj1 = 735, max_th = 2.306763e+00, time=2024-09-03 23:57:56 
jj1 = 680, max_th = 2.403699e+00, time=2024-09-04 00:00:23 
jj1 = 542, max_th = 2.121982e+00, time=2024-09-04 00:00:42 
jj1 = 734, max_th = 2.967488e+00, time=2024-09-04 00:01:05 
jj1 = 618, max_th = 2.611464e+00, time=2024-09-04 00:01:44 
jj1 = 733, max_th = 2.949906e+00, time=2024-09-04 00:03:13 
jj1 = 556, max_th = 2.078566e+00, time=2024-09-04 00:05:56 
jj1 = 697, max_th = 2.420871e+00, time=2024-09-04 00:06:00 
jj1 = 641, max_th = 1.870936e+00, time=2024-09-04 00:06:29 
jj1 = 653, max_th = 1.875867e+00, time=2024-09-04 00:08:50 
jj1 = 555, max_th = 9.207133e-01, time=2024-09-04 00:09:42 
jj1 = 713, max_th = 1.579952e+00, time=2024-09-04 00:09:54 
jj1 = 579, max_th = 2.386254e+00, time=2024-09-04 00:10:34 
jj1 = 541, max_th = 2.501072e+00, time=2024-09-04 00:11:29 
jj1 = 595, max_th = 1.857152e+00, time=2024-09-04 00:14:20 
jj1 = 679, max_th = 2.302025e+00, time=2024-09-04 00:17:12 
jj1 = 640, max_th = 2.585959e+00, time=2024-09-04 00:17:41 
jj1 = 540, max_th = 2.723766e+00, time=2024-09-04 00:18:53 
jj1 = 757, max_th = 1.967362e+00, time=2024-09-04 00:19:42 
jj1 = 617, max_th = 2.105924e+00, time=2024-09-04 00:22:41 
jj1 = 696, max_th = 2.373231e+00, time=2024-09-04 00:22:42 
jj1 = 652, max_th = 1.590163e+00, time=2024-09-04 00:25:45 
jj1 = 732, max_th = 2.014689e+00, time=2024-09-04 00:25:54 
jj1 = 554, max_th = 1.656068e+00, time=2024-09-04 00:26:16 
jj1 = 553, max_th = -7.053457e-02, time=2024-09-04 00:27:07 
jj1 = 578, max_th = 1.730713e+00, time=2024-09-04 00:30:18 
jj1 = 552, max_th = 2.934906e+00, time=2024-09-04 00:30:36 
jj1 = 712, max_th = 2.116178e+00, time=2024-09-04 00:31:23 
jj1 = 594, max_th = 1.626168e+00, time=2024-09-04 00:33:10 
jj1 = 651, max_th = 1.243107e+00, time=2024-09-04 00:34:48 
jj1 = 639, max_th = 2.261482e+00, time=2024-09-04 00:37:08 
jj1 = 539, max_th = 2.155087e+00, time=2024-09-04 00:38:03 
jj1 = 678, max_th = 2.209838e+00, time=2024-09-04 00:38:16 
jj1 = 695, max_th = 2.313141e+00, time=2024-09-04 00:40:21 
jj1 = 577, max_th = 1.392135e+00, time=2024-09-04 00:41:46 
jj1 = 538, max_th = 9.477009e-01, time=2024-09-04 00:41:50 
jj1 = 756, max_th = 2.063636e+00, time=2024-09-04 00:41:55 
jj1 = 593, max_th = 2.676593e+00, time=2024-09-04 00:42:41 
jj1 = 616, max_th = 1.935681e+00, time=2024-09-04 00:44:18 
jj1 = 731, max_th = 2.289891e+00, time=2024-09-04 00:44:23 
jj1 = 650, max_th = 1.328837e+00, time=2024-09-04 00:46:32 
jj1 = 711, max_th = 1.959203e+00, time=2024-09-04 00:52:23 
jj1 = 551, max_th = 1.939353e+00, time=2024-09-04 00:53:11 
jj1 = 576, max_th = 2.561208e+00, time=2024-09-04 00:53:13 
jj1 = 730, max_th = 1.289465e+00, time=2024-09-04 00:53:57 
jj1 = 550, max_th = -1.050910e-02, time=2024-09-04 00:54:16 
jj1 = 638, max_th = 2.378201e+00, time=2024-09-04 00:54:22 
jj1 = 592, max_th = 1.377315e+00, time=2024-09-04 00:55:09 
jj1 = 677, max_th = 2.332365e+00, time=2024-09-04 00:56:39 
jj1 = 694, max_th = 2.365701e+00, time=2024-09-04 00:57:19 
jj1 = 693, max_th = -2.484045e-02, time=2024-09-04 00:58:13 
jj1 = 537, max_th = 1.635528e+00, time=2024-09-04 00:59:06 
jj1 = 755, max_th = 1.717956e+00, time=2024-09-04 01:01:13 
jj1 = 615, max_th = 1.705360e+00, time=2024-09-04 01:02:11 
jj1 = 710, max_th = 1.344427e+00, time=2024-09-04 01:02:23 
jj1 = 549, max_th = 1.342464e+00, time=2024-09-04 01:04:06 
jj1 = 575, max_th = 1.386029e+00, time=2024-09-04 01:04:40 
jj1 = 729, max_th = 1.376692e+00, time=2024-09-04 01:05:56 
jj1 = 637, max_th = 1.381816e+00, time=2024-09-04 01:06:13 
jj1 = 649, max_th = 1.896041e+00, time=2024-09-04 01:06:40 
jj1 = 591, max_th = 1.387286e+00, time=2024-09-04 01:06:53 
jj1 = 636, max_th = 2.882036e+00, time=2024-09-04 01:10:44 
jj1 = 778, max_th = 2.760114e+00, time=2024-09-04 01:12:57 
jj1 = 692, max_th = 1.642494e+00, time=2024-09-04 01:14:37 
jj1 = 614, max_th = 2.512474e+00, time=2024-09-04 01:15:04 
jj1 = 676, max_th = 1.670484e+00, time=2024-09-04 01:15:33 
jj1 = 574, max_th = 1.600785e+00, time=2024-09-04 01:17:28 
jj1 = 754, max_th = 2.364040e+00, time=2024-09-04 01:18:35 
jj1 = 635, max_th = 2.599132e+00, time=2024-09-04 01:19:35 
jj1 = 536, max_th = 1.937221e+00, time=2024-09-04 01:20:58 
jj1 = 709, max_th = 1.858826e+00, time=2024-09-04 01:22:32 
jj1 = 675, max_th = 2.734016e+00, time=2024-09-04 01:23:05 
jj1 = 818, max_th = 2.171399e+00, time=2024-09-04 01:27:37 
jj1 = 788, max_th = 2.017383e+00, time=2024-09-04 01:27:43 
jj1 = 590, max_th = 1.956297e+00, time=2024-09-04 01:28:07 
jj1 = 691, max_th = 1.654013e+00, time=2024-09-04 01:31:26 
jj1 = 613, max_th = 2.377347e+00, time=2024-09-04 01:32:24 
jj1 = 808, max_th = 1.383991e+00, time=2024-09-04 01:34:00 
jj1 = 777, max_th = 1.919370e+00, time=2024-09-04 01:34:36 
jj1 = 573, max_th = 2.295846e+00, time=2024-09-04 01:35:13 
jj1 = 535, max_th = 1.642566e+00, time=2024-09-04 01:37:30 
jj1 = 572, max_th = 9.531939e-01, time=2024-09-04 01:39:03 
jj1 = 753, max_th = 2.187541e+00, time=2024-09-04 01:39:41 
jj1 = 634, max_th = 1.911454e+00, time=2024-09-04 01:41:11 
jj1 = 674, max_th = 1.958114e+00, time=2024-09-04 01:44:29 
jj1 = 807, max_th = 2.583549e+00, time=2024-09-04 01:45:23 
jj1 = 571, max_th = 1.250790e+00, time=2024-09-04 01:46:40 
jj1 = 817, max_th = 2.107377e+00, time=2024-09-04 01:47:13 
jj1 = 690, max_th = 2.365023e+00, time=2024-09-04 01:48:56 
jj1 = 787, max_th = 1.912116e+00, time=2024-09-04 01:49:26 
jj1 = 589, max_th = 2.086342e+00, time=2024-09-04 01:50:41 
jj1 = 612, max_th = 1.666172e+00, time=2024-09-04 01:50:49 
jj1 = 816, max_th = 8.968467e-01, time=2024-09-04 01:50:53 
jj1 = 673, max_th = 2.760894e+00, time=2024-09-04 01:51:17 
jj1 = 776, max_th = 1.674384e+00, time=2024-09-04 01:53:38 
jj1 = 570, max_th = 2.577120e+00, time=2024-09-04 01:57:51 
jj1 = 534, max_th = 1.843593e+00, time=2024-09-04 01:58:30 
jj1 = 633, max_th = 2.372021e+00, time=2024-09-04 01:58:33 
jj1 = 632, max_th = -2.133127e-01, time=2024-09-04 01:58:56 
jj1 = 786, max_th = 1.288356e+00, time=2024-09-04 01:59:12 
jj1 = 806, max_th = 1.696962e+00, time=2024-09-04 02:02:10 
jj1 = 752, max_th = 1.820917e+00, time=2024-09-04 02:02:22 
jj1 = 672, max_th = 2.571173e+00, time=2024-09-04 02:03:02 
jj1 = 533, max_th = 2.859047e+00, time=2024-09-04 02:03:21 
jj1 = 798, max_th = 2.398721e+00, time=2024-09-04 02:04:00 
jj1 = 751, max_th = 6.787264e-01, time=2024-09-04 02:04:37 
jj1 = 815, max_th = 1.849338e+00, time=2024-09-04 02:06:24 
jj1 = 569, max_th = 1.360318e+00, time=2024-09-04 02:08:33 
jj1 = 689, max_th = 2.163701e+00, time=2024-09-04 02:10:02 
jj1 = 611, max_th = 1.913681e+00, time=2024-09-04 02:12:49 
jj1 = 750, max_th = 1.313923e+00, time=2024-09-04 02:15:00 
jj1 = 775, max_th = 2.135379e+00, time=2024-09-04 02:15:18 
jj1 = 888, max_th = 2.703862e+00, time=2024-09-04 02:15:48 
jj1 = 631, max_th = 1.693949e+00, time=2024-09-04 02:16:24 
jj1 = 785, max_th = 2.157136e+00, time=2024-09-04 02:19:08 
jj1 = 797, max_th = 1.519218e+00, time=2024-09-04 02:19:19 
jj1 = 805, max_th = 1.853626e+00, time=2024-09-04 02:20:43 
jj1 = 671, max_th = 2.136511e+00, time=2024-09-04 02:24:34 
jj1 = 532, max_th = 1.878201e+00, time=2024-09-04 02:25:43 
jj1 = 630, max_th = 1.305741e+00, time=2024-09-04 02:26:24 
jj1 = 814, max_th = 1.942138e+00, time=2024-09-04 02:27:24 
jj1 = 838, max_th = 1.687431e+00, time=2024-09-04 02:28:06 
jj1 = 670, max_th = 9.676911e-01, time=2024-09-04 02:29:11 
jj1 = 887, max_th = 1.660710e+00, time=2024-09-04 02:33:04 
jj1 = 804, max_th = 1.597823e+00, time=2024-09-04 02:34:42 
jj1 = 749, max_th = 2.191406e+00, time=2024-09-04 02:35:06 
jj1 = 610, max_th = 1.967674e+00, time=2024-09-04 02:35:16 
jj1 = 784, max_th = 1.661012e+00, time=2024-09-04 02:36:14 
jj1 = 813, max_th = 2.610794e+00, time=2024-09-04 02:37:45 
jj1 = 629, max_th = 2.576215e+00, time=2024-09-04 02:37:45 
jj1 = 837, max_th = 2.633252e+00, time=2024-09-04 02:37:52 
jj1 = 774, max_th = 1.973998e+00, time=2024-09-04 02:38:11 
jj1 = 796, max_th = 1.926798e+00, time=2024-09-04 02:42:14 
jj1 = 531, max_th = 1.949462e+00, time=2024-09-04 02:42:35 
jj1 = 868, max_th = 1.303260e+00, time=2024-09-04 02:43:41 
jj1 = 886, max_th = 1.277941e+00, time=2024-09-04 02:43:49 
jj1 = 803, max_th = 1.369442e+00, time=2024-09-04 02:46:27 
jj1 = 609, max_th = 1.382303e+00, time=2024-09-04 02:47:04 
jj1 = 812, max_th = 1.649113e+00, time=2024-09-04 02:51:36 
jj1 = 669, max_th = 2.081685e+00, time=2024-09-04 02:52:34 
jj1 = 858, max_th = 2.341461e+00, time=2024-09-04 02:54:14 
jj1 = 783, max_th = 2.204737e+00, time=2024-09-04 02:54:48 
jj1 = 773, max_th = 2.294850e+00, time=2024-09-04 02:54:52 
jj1 = 530, max_th = 2.514747e+00, time=2024-09-04 02:55:10 
jj1 = 885, max_th = 1.373193e+00, time=2024-09-04 02:55:26 
jj1 = 828, max_th = 2.629605e+00, time=2024-09-04 02:57:18 
jj1 = 836, max_th = 1.840901e+00, time=2024-09-04 02:57:29 
jj1 = 795, max_th = 2.369732e+00, time=2024-09-04 02:59:36 
jj1 = 867, max_th = 2.361547e+00, time=2024-09-04 03:00:30 
jj1 = 802, max_th = 2.177943e+00, time=2024-09-04 03:07:45 
jj1 = 782, max_th = 2.150278e+00, time=2024-09-04 03:09:59 
jj1 = 848, max_th = 2.338968e+00, time=2024-09-04 03:10:13 
jj1 = 811, max_th = 1.790863e+00, time=2024-09-04 03:11:28 
jj1 = 857, max_th = 1.897762e+00, time=2024-09-04 03:12:03 
jj1 = 772, max_th = 1.890321e+00, time=2024-09-04 03:15:10 
jj1 = 835, max_th = 2.103058e+00, time=2024-09-04 03:16:01 
jj1 = 529, max_th = 1.972334e+00, time=2024-09-04 03:17:36 
jj1 = 884, max_th = 1.825589e+00, time=2024-09-04 03:17:42 
jj1 = 827, max_th = 2.226487e+00, time=2024-09-04 03:18:13 
jj1 = 866, max_th = 1.662362e+00, time=2024-09-04 03:18:38 
jj1 = 847, max_th = 2.449733e+00, time=2024-09-04 03:21:16 
jj1 = 794, max_th = 1.937690e+00, time=2024-09-04 03:21:18 
jj1 = 856, max_th = 2.529256e+00, time=2024-09-04 03:25:05 
jj1 = 801, max_th = 1.868828e+00, time=2024-09-04 03:29:01 
jj1 = 810, max_th = 1.669829e+00, time=2024-09-04 03:30:05 
jj1 = 883, max_th = 2.350452e+00, time=2024-09-04 03:30:38 
jj1 = 781, max_th = 2.219176e+00, time=2024-09-04 03:30:56 
jj1 = 846, max_th = 1.280083e+00, time=2024-09-04 03:31:54 
jj1 = 834, max_th = 2.423849e+00, time=2024-09-04 03:32:03 
jj1 = 882, max_th = 3.092641e+00, time=2024-09-04 03:32:13 
jj1 = 865, max_th = 1.657087e+00, time=2024-09-04 03:35:01 
jj1 = 771, max_th = 2.179912e+00, time=2024-09-04 03:36:16 
jj1 = 878, max_th = 2.106499e+00, time=2024-09-04 03:37:45 
jj1 = 826, max_th = 1.758924e+00, time=2024-09-04 03:38:13 
jj1 = 833, max_th = 1.300823e+00, time=2024-09-04 03:39:52 
jj1 = 864, max_th = 2.739387e+00, time=2024-09-04 03:42:16 
jj1 = 825, max_th = 9.439409e-01, time=2024-09-04 03:42:42 
jj1 = 793, max_th = 2.127355e+00, time=2024-09-04 03:44:00 
jj1 = 800, max_th = 2.098381e+00, time=2024-09-04 03:44:55 
jj1 = 863, max_th = 9.389400e-01, time=2024-09-04 03:45:54 
jj1 = 855, max_th = 1.970744e+00, time=2024-09-04 03:47:59 
jj1 = 792, max_th = 2.790036e+00, time=2024-09-04 03:49:56 
jj1 = 780, max_th = 2.325617e+00, time=2024-09-04 03:50:27 
jj1 = 791, max_th = 3.120821e+00, time=2024-09-04 03:51:19 
jj1 = 881, max_th = 1.897015e+00, time=2024-09-04 03:51:36 
jj1 = 790, max_th = -1.156753e-01, time=2024-09-04 03:51:57 
jj1 = 845, max_th = 2.103379e+00, time=2024-09-04 03:52:00 
jj1 = 809, max_th = 1.866930e+00, time=2024-09-04 03:52:38 
jj1 = 898, max_th = 3.226525e+00, time=2024-09-04 03:53:31 
jj1 = 854, max_th = 1.244468e+00, time=2024-09-04 03:55:24 
jj1 = 832, max_th = 1.652840e+00, time=2024-09-04 03:55:29 
jj1 = 770, max_th = 1.845779e+00, time=2024-09-04 03:55:57 
jj1 = 877, max_th = 1.888723e+00, time=2024-09-04 03:58:52 
jj1 = 824, max_th = 1.570327e+00, time=2024-09-04 03:59:04 
jj1 = 844, max_th = 2.588979e+00, time=2024-09-04 04:02:51 
jj1 = 789, max_th = 2.582405e+00, time=2024-09-04 04:03:19 
jj1 = 799, max_th = 1.824603e+00, time=2024-09-04 04:05:12 
jj1 = 862, max_th = 1.911232e+00, time=2024-09-04 04:06:59 
jj1 = 779, max_th = 1.948511e+00, time=2024-09-04 04:08:51 
jj1 = 897, max_th = 2.333158e+00, time=2024-09-04 04:11:25 
jj1 = 769, max_th = 1.584992e+00, time=2024-09-04 04:11:55 
jj1 = 880, max_th = 2.141300e+00, time=2024-09-04 04:12:33 
jj1 = 831, max_th = 2.323261e+00, time=2024-09-04 04:13:40 
jj1 = 823, max_th = 2.378078e+00, time=2024-09-04 04:15:57 
jj1 = 853, max_th = 1.881630e+00, time=2024-09-04 04:17:17 
jj1 = 876, max_th = 1.963143e+00, time=2024-09-04 04:18:38 
jj1 = 843, max_th = 2.342845e+00, time=2024-09-04 04:19:35 
jj1 = 875, max_th = 6.961757e-01, time=2024-09-04 04:20:35 
jj1 = 893, max_th = 2.350330e+00, time=2024-09-04 04:21:14 
jj1 = 913, max_th = 1.903393e+00, time=2024-09-04 04:22:01 
jj1 = 830, max_th = 1.358318e+00, time=2024-09-04 04:24:08 
jj1 = 908, max_th = 2.228586e+00, time=2024-09-04 04:26:27 
jj1 = 903, max_th = 2.296055e+00, time=2024-09-04 04:28:33 
jj1 = 852, max_th = 2.571336e+00, time=2024-09-04 04:28:43 
jj1 = 861, max_th = 2.133226e+00, time=2024-09-04 04:28:54 
jj1 = 822, max_th = 2.529767e+00, time=2024-09-04 04:29:36 
jj1 = 896, max_th = 1.688822e+00, time=2024-09-04 04:29:45 
jj1 = 874, max_th = 2.589762e+00, time=2024-09-04 04:31:04 
jj1 = 829, max_th = 1.283195e+00, time=2024-09-04 04:34:13 
jj1 = 879, max_th = 1.982672e+00, time=2024-09-04 04:34:55 
jj1 = 842, max_th = 1.583410e+00, time=2024-09-04 04:35:00 
jj1 = 821, max_th = 1.283844e+00, time=2024-09-04 04:38:54 
jj1 = 912, max_th = 1.670971e+00, time=2024-09-04 04:41:25 
jj1 = 892, max_th = 2.075293e+00, time=2024-09-04 04:44:32 
jj1 = 907, max_th = 2.330032e+00, time=2024-09-04 04:44:38 
jj1 = 860, max_th = 2.424321e+00, time=2024-09-04 04:44:58 
jj1 = 841, max_th = 1.304557e+00, time=2024-09-04 04:45:01 
jj1 = 902, max_th = 2.381071e+00, time=2024-09-04 04:45:26 
jj1 = 851, max_th = 2.337946e+00, time=2024-09-04 04:46:39 
jj1 = 923, max_th = 2.399362e+00, time=2024-09-04 04:46:53 
jj1 = 911, max_th = 2.607747e+00, time=2024-09-04 04:51:25 
jj1 = 895, max_th = 2.177317e+00, time=2024-09-04 04:51:26 
jj1 = 873, max_th = 1.871592e+00, time=2024-09-04 04:53:15 
jj1 = 891, max_th = 2.678693e+00, time=2024-09-04 04:53:51 
jj1 = 901, max_th = 2.400055e+00, time=2024-09-04 04:54:41 
jj1 = 918, max_th = 2.141277e+00, time=2024-09-04 04:55:37 
jj1 = 820, max_th = 2.374684e+00, time=2024-09-04 04:56:43 
jj1 = 910, max_th = 1.355212e+00, time=2024-09-04 05:02:11 
jj1 = 840, max_th = 1.618815e+00, time=2024-09-04 05:03:18 
jj1 = 894, max_th = 2.507397e+00, time=2024-09-04 05:04:09 
jj1 = 906, max_th = 1.945402e+00, time=2024-09-04 05:04:38 
jj1 = 850, max_th = 1.960402e+00, time=2024-09-04 05:07:39 
jj1 = 859, max_th = 1.981096e+00, time=2024-09-04 05:07:47 
jj1 = 922, max_th = 2.121076e+00, time=2024-09-04 05:09:08 
jj1 = 900, max_th = 1.539777e+00, time=2024-09-04 05:09:50 
jj1 = 952, max_th = 2.752002e+00, time=2024-09-04 05:10:15 
jj1 = 872, max_th = 2.196326e+00, time=2024-09-04 05:11:30 
jj1 = 839, max_th = 2.605215e+00, time=2024-09-04 05:12:55 
jj1 = 819, max_th = 2.344057e+00, time=2024-09-04 05:13:17 
jj1 = 917, max_th = 2.269824e+00, time=2024-09-04 05:14:20 
jj1 = 943, max_th = 2.989327e+00, time=2024-09-04 05:15:46 
jj1 = 890, max_th = 1.987896e+00, time=2024-09-04 05:16:02 
jj1 = 899, max_th = 2.721987e+00, time=2024-09-04 05:17:24 
jj1 = 916, max_th = 2.878495e+00, time=2024-09-04 05:18:49 
jj1 = 905, max_th = 2.390739e+00, time=2024-09-04 05:20:23 
jj1 = 951, max_th = 1.282767e+00, time=2024-09-04 05:21:03 
jj1 = 871, max_th = 1.281141e+00, time=2024-09-04 05:21:33 
jj1 = 909, max_th = 2.076696e+00, time=2024-09-04 05:23:49 
jj1 = 938, max_th = 1.365856e+00, time=2024-09-04 05:24:46 
jj1 = 849, max_th = 1.708634e+00, time=2024-09-04 05:25:19 
jj1 = 921, max_th = 1.705516e+00, time=2024-09-04 05:26:53 
jj1 = 968, max_th = 2.613751e+00, time=2024-09-04 05:27:34 
jj1 = 950, max_th = 1.229217e+00, time=2024-09-04 05:28:28 
jj1 = 928, max_th = 1.943726e+00, time=2024-09-04 05:28:32 
jj1 = 937, max_th = 1.398818e+00, time=2024-09-04 05:34:43 
jj1 = 933, max_th = 1.354842e+00, time=2024-09-04 05:35:55 
jj1 = 942, max_th = 2.188158e+00, time=2024-09-04 05:36:17 
jj1 = 889, max_th = 1.721855e+00, time=2024-09-04 05:36:22 
jj1 = 915, max_th = 1.686480e+00, time=2024-09-04 05:37:05 
jj1 = 904, max_th = 1.610194e+00, time=2024-09-04 05:37:25 
jj1 = 956, max_th = 2.469161e+00, time=2024-09-04 05:38:10 
jj1 = 870, max_th = 1.683990e+00, time=2024-09-04 05:39:51 
jj1 = 927, max_th = 2.537940e+00, time=2024-09-04 05:41:06 
jj1 = 967, max_th = 2.397207e+00, time=2024-09-04 05:41:51 
jj1 = 920, max_th = 1.643288e+00, time=2024-09-04 05:43:41 
jj1 = 960, max_th = 2.738728e+00, time=2024-09-04 05:44:26 
jj1 = 964, max_th = 2.688303e+00, time=2024-09-04 05:45:10 
jj1 = 932, max_th = 1.343658e+00, time=2024-09-04 05:45:41 
jj1 = 949, max_th = 1.895302e+00, time=2024-09-04 05:48:08 
jj1 = 959, max_th = 1.351488e+00, time=2024-09-04 05:53:07 
jj1 = 955, max_th = 2.432529e+00, time=2024-09-04 05:53:41 
jj1 = 941, max_th = 1.656987e+00, time=2024-09-04 05:53:44 
jj1 = 936, max_th = 1.912157e+00, time=2024-09-04 05:56:08 
jj1 = 963, max_th = 2.558470e+00, time=2024-09-04 05:56:24 
jj1 = 980, max_th = 2.549826e+00, time=2024-09-04 05:56:35 
jj1 = 869, max_th = 2.343103e+00, time=2024-09-04 05:56:48 
jj1 = 914, max_th = 1.941608e+00, time=2024-09-04 05:57:21 
jj1 = 954, max_th = 9.383743e-01, time=2024-09-04 05:57:45 
jj1 = 966, max_th = 1.583907e+00, time=2024-09-04 05:58:28 
jj1 = 926, max_th = 2.263430e+00, time=2024-09-04 06:00:08 
jj1 = 948, max_th = 2.915068e+00, time=2024-09-04 06:00:40 
jj1 = 931, max_th = 2.298398e+00, time=2024-09-04 06:01:48 
jj1 = 919, max_th = 1.917316e+00, time=2024-09-04 06:05:13 
jj1 = 935, max_th = 1.535723e+00, time=2024-09-04 06:09:33 
jj1 = 965, max_th = 2.546583e+00, time=2024-09-04 06:09:37 
jj1 = 979, max_th = 2.485328e+00, time=2024-09-04 06:10:42 
jj1 = 958, max_th = 2.311274e+00, time=2024-09-04 06:10:46 
jj1 = 940, max_th = 2.109719e+00, time=2024-09-04 06:14:34 
jj1 = 953, max_th = 2.151174e+00, time=2024-09-04 06:14:54 
jj1 = 962, max_th = 2.206850e+00, time=2024-09-04 06:15:38 
jj1 = 996, max_th = 2.777731e+00, time=2024-09-04 06:15:54 
jj1 = 976, max_th = 2.095324e+00, time=2024-09-04 06:17:27 
jj1 = 930, max_th = 2.098160e+00, time=2024-09-04 06:19:43 
jj1 = 925, max_th = 2.184725e+00, time=2024-09-04 06:21:10 
jj1 = 947, max_th = 2.113822e+00, time=2024-09-04 06:22:28 
jj1 = 972, max_th = 2.097287e+00, time=2024-09-04 06:24:29 
jj1 = 939, max_th = 1.322236e+00, time=2024-09-04 06:25:41 
jj1 = 961, max_th = 2.546796e+00, time=2024-09-04 06:26:29 
jj1 = 929, max_th = 1.424142e+00, time=2024-09-04 06:27:03 
jj1 = 934, max_th = 1.854531e+00, time=2024-09-04 06:28:32 
jj1 = 957, max_th = 1.959423e+00, time=2024-09-04 06:31:49 
jj1 = 978, max_th = 1.919360e+00, time=2024-09-04 06:32:20 
jj1 = 995, max_th = 2.296887e+00, time=2024-09-04 06:32:33 
jj1 = 997, max_th = 1.686675e+00, time=2024-09-04 06:33:07 
jj1 = 975, max_th = 1.639015e+00, time=2024-09-04 06:33:36 
jj1 = 998, max_th = 2.686399e+00, time=2024-09-04 06:35:10 
jj1 = 999, max_th = 2.619725e+00, time=2024-09-04 06:36:26 
jj1 = 992, max_th = 1.347269e+00, time=2024-09-04 06:37:44 
jj1 = 991, max_th = -5.676900e-03, time=2024-09-04 06:38:38 
jj1 = 988, max_th = 1.465930e+00, time=2024-09-04 06:38:42 
jj1 = 946, max_th = 1.682897e+00, time=2024-09-04 06:40:48 
jj1 = 924, max_th = 1.911542e+00, time=2024-09-04 06:41:47 
jj1 = 987, max_th = 2.896203e+00, time=2024-09-04 06:42:15 
jj1 = 945, max_th = 8.640994e-01, time=2024-09-04 06:43:45 
jj1 = 971, max_th = 1.968720e+00, time=2024-09-04 06:45:48 
jj1 = 994, max_th = 1.946673e+00, time=2024-09-04 06:48:43 
jj1 = 944, max_th = 2.739567e+00, time=2024-09-04 06:50:22 
jj1 = 984, max_th = 1.258445e+00, time=2024-09-04 06:50:49 
jj1 = 1000, max_th = 1.937531e+00, time=2024-09-04 06:51:06 
jj1 = 977, max_th = 2.216325e+00, time=2024-09-04 06:51:58 
jj1 = 974, max_th = 1.871333e+00, time=2024-09-04 06:53:43 
jj1 = 990, max_th = 2.342647e+00, time=2024-09-04 06:54:18 
jj1 = 986, max_th = 2.311518e+00, time=2024-09-04 06:58:56 
jj1 = 973, max_th = 2.542664e+00, time=2024-09-04 06:59:07 
jj1 = 970, max_th = 2.294951e+00, time=2024-09-04 07:02:47 
jj1 = 993, max_th = 1.608720e+00, time=2024-09-04 07:03:39 
jj1 = 989, max_th = 1.318727e+00, time=2024-09-04 07:04:21 
jj1 = 983, max_th = 1.948709e+00, time=2024-09-04 07:07:28 
jj1 = 985, max_th = 1.700817e+00, time=2024-09-04 07:12:28 
jj1 = 969, max_th = 1.914430e+00, time=2024-09-04 07:13:53 
jj1 = 982, max_th = 1.668491e+00, time=2024-09-04 07:18:25 
jj1 = 981, max_th = 2.306473e+00, time=2024-09-04 07:26:32 
>> >> >> >> >> >> >> >> 