MATLAB is selecting SOFTWARE OPENGL rendering.

                            < M A T L A B (R) >
                  Copyright 1984-2021 The MathWorks, Inc.
                  R2021b (9.11.0.1769968) 64-bit (glnxa64)
                             September 17, 2021

 
To get started, type doc.
For product information, visit www.mathworks.com.
 
>> >> >> >> >> >> >> >> >> >> >> >> >> >> >> >> >> >> >> >> >> >> >> >> Starting parallel pool (parpool) using the 'local' profile ...
Connected to the parallel pool (number of workers: 12).
jj1 = 20, max_th = 1.131896e+00, time=2024-09-03 10:05:30 
jj1 = 5, max_th = 1.134285e+00, time=2024-09-03 10:07:45 
jj1 = 50, max_th = 2.492939e+00, time=2024-09-03 10:12:48 
jj1 = 40, max_th = 1.703890e+00, time=2024-09-03 10:15:14 
jj1 = 10, max_th = 2.191828e+00, time=2024-09-03 10:20:06 
jj1 = 45, max_th = 2.555595e+00, time=2024-09-03 10:22:10 
jj1 = 25, max_th = 1.795513e+00, time=2024-09-03 10:22:31 
jj1 = 55, max_th = 2.169483e+00, time=2024-09-03 10:23:53 
jj1 = 60, max_th = 1.912153e+00, time=2024-09-03 10:24:38 
jj1 = 30, max_th = 1.860964e+00, time=2024-09-03 10:24:58 
jj1 = 35, max_th = 1.965032e+00, time=2024-09-03 10:25:26 
jj1 = 19, max_th = 1.718864e+00, time=2024-09-03 10:25:52 
jj1 = 39, max_th = 2.769042e+00, time=2024-09-03 10:28:22 
jj1 = 49, max_th = 2.396699e+00, time=2024-09-03 10:30:10 
jj1 = 15, max_th = 1.929558e+00, time=2024-09-03 10:30:19 
jj1 = 9, max_th = 2.539586e+00, time=2024-09-03 10:31:44 
jj1 = 14, max_th = 3.130880e+00, time=2024-09-03 10:32:23 
jj1 = 38, max_th = 1.068324e+00, time=2024-09-03 10:33:38 
jj1 = 4, max_th = 1.677332e+00, time=2024-09-03 10:35:04 
jj1 = 13, max_th = 2.971473e+00, time=2024-09-03 10:37:33 
jj1 = 44, max_th = 1.302247e+00, time=2024-09-03 10:41:16 
jj1 = 18, max_th = 2.525894e+00, time=2024-09-03 10:42:49 
jj1 = 29, max_th = 2.202039e+00, time=2024-09-03 10:42:54 
jj1 = 54, max_th = 2.009390e+00, time=2024-09-03 10:48:12 
jj1 = 59, max_th = 1.834849e+00, time=2024-09-03 10:49:16 
jj1 = 24, max_th = 2.083686e+00, time=2024-09-03 10:51:16 
jj1 = 53, max_th = 1.156783e+00, time=2024-09-03 10:52:06 
jj1 = 17, max_th = 1.207556e+00, time=2024-09-03 10:54:58 
jj1 = 12, max_th = 2.327392e+00, time=2024-09-03 10:55:26 
jj1 = 3, max_th = 1.975549e+00, time=2024-09-03 10:55:49 
jj1 = 37, max_th = 2.185656e+00, time=2024-09-03 10:56:03 
jj1 = 48, max_th = 2.148453e+00, time=2024-09-03 10:56:35 
jj1 = 34, max_th = 2.179469e+00, time=2024-09-03 11:00:32 
jj1 = 28, max_th = 2.625506e+00, time=2024-09-03 11:01:42 
jj1 = 43, max_th = 1.892971e+00, time=2024-09-03 11:03:45 
jj1 = 8, max_th = 2.288956e+00, time=2024-09-03 11:03:48 
jj1 = 27, max_th = 3.044085e+00, time=2024-09-03 11:04:11 
jj1 = 7, max_th = 1.220141e+00, time=2024-09-03 11:07:17 
jj1 = 23, max_th = 2.506724e+00, time=2024-09-03 11:08:06 
jj1 = 2, max_th = 2.608974e+00, time=2024-09-03 11:09:20 
jj1 = 11, max_th = 2.619258e+00, time=2024-09-03 11:10:33 
jj1 = 16, max_th = 1.636425e+00, time=2024-09-03 11:11:23 
jj1 = 52, max_th = 2.358085e+00, time=2024-09-03 11:11:53 
jj1 = 33, max_th = 1.610455e+00, time=2024-09-03 11:15:01 
jj1 = 47, max_th = 1.700291e+00, time=2024-09-03 11:15:43 
jj1 = 26, max_th = 1.282769e+00, time=2024-09-03 11:15:55 
jj1 = 58, max_th = 1.778043e+00, time=2024-09-03 11:16:46 
jj1 = 177, max_th = 2.436584e+00, time=2024-09-03 11:17:41 
jj1 = 36, max_th = 1.792914e+00, time=2024-09-03 11:18:20 
jj1 = 6, max_th = 2.212869e+00, time=2024-09-03 11:26:37 
jj1 = 32, max_th = 2.904421e+00, time=2024-09-03 11:27:39 
jj1 = 46, max_th = 1.193433e+00, time=2024-09-03 11:28:17 
jj1 = 216, max_th = 1.408289e+00, time=2024-09-03 11:29:12 
jj1 = 42, max_th = 2.222898e+00, time=2024-09-03 11:30:52 
jj1 = 31, max_th = 8.759556e-01, time=2024-09-03 11:32:00 
jj1 = 1, max_th = 1.566441e+00, time=2024-09-03 11:32:37 
jj1 = 51, max_th = 2.209039e+00, time=2024-09-03 11:33:00 
jj1 = 489, max_th = 3.295757e+00, time=2024-09-03 11:33:14 
jj1 = 372, max_th = 2.353602e+00, time=2024-09-03 11:35:23 
jj1 = 22, max_th = 2.020013e+00, time=2024-09-03 11:36:36 
jj1 = 294, max_th = 1.837977e+00, time=2024-09-03 11:38:30 
jj1 = 57, max_th = 2.020866e+00, time=2024-09-03 11:38:35 
jj1 = 176, max_th = 1.896812e+00, time=2024-09-03 11:40:00 
jj1 = 138, max_th = 1.676060e+00, time=2024-09-03 11:40:40 
jj1 = 56, max_th = 1.290946e+00, time=2024-09-03 11:42:54 
jj1 = 175, max_th = 1.152260e+00, time=2024-09-03 11:44:49 
jj1 = 450, max_th = 1.947830e+00, time=2024-09-03 11:45:07 
jj1 = 293, max_th = 3.910093e+00, time=2024-09-03 11:46:27 
jj1 = 41, max_th = 2.390415e+00, time=2024-09-03 11:47:41 
jj1 = 215, max_th = 2.280939e+00, time=2024-09-03 11:49:24 
jj1 = 333, max_th = 1.906447e+00, time=2024-09-03 11:49:59 
jj1 = 99, max_th = 1.618830e+00, time=2024-09-03 11:51:23 
jj1 = 292, max_th = 2.790568e+00, time=2024-09-03 11:53:43 
jj1 = 21, max_th = 1.616834e+00, time=2024-09-03 11:57:24 
jj1 = 488, max_th = 1.578424e+00, time=2024-09-03 11:57:30 
jj1 = 98, max_th = 2.900913e+00, time=2024-09-03 11:59:34 
jj1 = 449, max_th = 2.259028e+00, time=2024-09-03 12:00:50 
jj1 = 371, max_th = 2.486732e+00, time=2024-09-03 12:01:36 
jj1 = 487, max_th = 2.760030e+00, time=2024-09-03 12:04:10 
jj1 = 137, max_th = 1.876962e+00, time=2024-09-03 12:07:39 
jj1 = 291, max_th = 2.460807e+00, time=2024-09-03 12:10:46 
jj1 = 528, max_th = 2.179784e+00, time=2024-09-03 12:10:55 
jj1 = 486, max_th = 2.049807e-02, time=2024-09-03 12:11:34 
jj1 = 332, max_th = 2.315471e+00, time=2024-09-03 12:13:20 
jj1 = 214, max_th = 2.087943e+00, time=2024-09-03 12:13:24 
jj1 = 136, max_th = 1.389282e+00, time=2024-09-03 12:17:04 
jj1 = 97, max_th = 1.680878e+00, time=2024-09-03 12:17:53 
jj1 = 411, max_th = 1.927819e+00, time=2024-09-03 12:18:18 
jj1 = 174, max_th = 1.769324e+00, time=2024-09-03 12:18:53 
jj1 = 255, max_th = 2.142533e+00, time=2024-09-03 12:22:43 
jj1 = 370, max_th = 1.837289e+00, time=2024-09-03 12:24:29 
jj1 = 410, max_th = 1.405494e+00, time=2024-09-03 12:26:29 
jj1 = 331, max_th = 2.466923e+00, time=2024-09-03 12:29:52 
jj1 = 448, max_th = 2.169248e+00, time=2024-09-03 12:30:08 
jj1 = 254, max_th = 2.821815e+00, time=2024-09-03 12:30:17 
jj1 = 290, max_th = 1.460588e+00, time=2024-09-03 12:31:59 
jj1 = 96, max_th = 2.363493e+00, time=2024-09-03 12:34:30 
jj1 = 485, max_th = 2.387664e+00, time=2024-09-03 12:35:22 
jj1 = 213, max_th = 1.974724e+00, time=2024-09-03 12:35:55 
jj1 = 212, max_th = 1.002651e+00, time=2024-09-03 12:37:53 
jj1 = 135, max_th = 2.164443e+00, time=2024-09-03 12:38:46 
jj1 = 527, max_th = 2.279785e+00, time=2024-09-03 12:39:39 
jj1 = 253, max_th = 1.329703e+00, time=2024-09-03 12:40:34 
jj1 = 173, max_th = 1.845682e+00, time=2024-09-03 12:41:27 
jj1 = 409, max_th = 1.666057e+00, time=2024-09-03 12:45:23 
jj1 = 447, max_th = 1.228900e+00, time=2024-09-03 12:47:00 
jj1 = 95, max_th = 1.325245e+00, time=2024-09-03 12:48:19 
jj1 = 134, max_th = 1.489705e+00, time=2024-09-03 12:50:51 
jj1 = 484, max_th = 2.104296e+00, time=2024-09-03 12:53:14 
jj1 = 252, max_th = 2.816236e+00, time=2024-09-03 12:54:31 
jj1 = 289, max_th = 1.717180e+00, time=2024-09-03 12:55:30 
jj1 = 251, max_th = 9.327514e-01, time=2024-09-03 12:58:39 
jj1 = 330, max_th = 1.785903e+00, time=2024-09-03 12:59:10 
jj1 = 172, max_th = 2.109864e+00, time=2024-09-03 12:59:48 
jj1 = 211, max_th = 1.974273e+00, time=2024-09-03 13:00:09 
jj1 = 133, max_th = 2.567809e+00, time=2024-09-03 13:00:51 
jj1 = 526, max_th = 1.922393e+00, time=2024-09-03 13:03:26 
jj1 = 446, max_th = 2.113049e+00, time=2024-09-03 13:07:32 
jj1 = 94, max_th = 1.564983e+00, time=2024-09-03 13:07:46 
jj1 = 408, max_th = 1.921080e+00, time=2024-09-03 13:07:59 
jj1 = 445, max_th = 3.165134e+00, time=2024-09-03 13:09:29 
jj1 = 483, max_th = 1.828758e+00, time=2024-09-03 13:11:54 
jj1 = 329, max_th = 1.462569e+00, time=2024-09-03 13:12:13 
jj1 = 250, max_th = 2.490449e+00, time=2024-09-03 13:13:26 
jj1 = 288, max_th = 1.686160e+00, time=2024-09-03 13:14:22 
jj1 = 171, max_th = 1.578614e+00, time=2024-09-03 13:15:12 
jj1 = 444, max_th = 9.745415e-01, time=2024-09-03 13:18:09 
jj1 = 369, max_th = 1.640722e+00, time=2024-09-03 13:19:29 
jj1 = 132, max_th = 2.138288e+00, time=2024-09-03 13:21:26 
jj1 = 210, max_th = 2.618139e+00, time=2024-09-03 13:21:28 
jj1 = 328, max_th = 2.511480e+00, time=2024-09-03 13:21:52 
jj1 = 368, max_th = 9.030405e-01, time=2024-09-03 13:22:10 
jj1 = 249, max_th = 2.481052e+00, time=2024-09-03 13:23:13 
jj1 = 525, max_th = 1.954070e+00, time=2024-09-03 13:26:07 
jj1 = 93, max_th = 2.261021e+00, time=2024-09-03 13:29:51 
jj1 = 209, max_th = 1.424723e+00, time=2024-09-03 13:30:18 
jj1 = 287, max_th = 2.326241e+00, time=2024-09-03 13:32:56 
jj1 = 327, max_th = 3.186841e+00, time=2024-09-03 13:35:25 
jj1 = 367, max_th = 2.099828e+00, time=2024-09-03 13:35:28 
jj1 = 524, max_th = 1.600476e+00, time=2024-09-03 13:36:24 
jj1 = 482, max_th = 1.941220e+00, time=2024-09-03 13:36:34 
jj1 = 92, max_th = 1.392618e+00, time=2024-09-03 13:37:32 
jj1 = 248, max_th = 1.779230e+00, time=2024-09-03 13:37:36 
jj1 = 407, max_th = 2.007858e+00, time=2024-09-03 13:38:14 
jj1 = 443, max_th = 1.739407e+00, time=2024-09-03 13:38:51 
jj1 = 131, max_th = 1.506055e+00, time=2024-09-03 13:40:42 
jj1 = 286, max_th = 2.879041e+00, time=2024-09-03 13:41:56 
jj1 = 170, max_th = 2.025065e+00, time=2024-09-03 13:42:15 
jj1 = 130, max_th = 1.018368e+00, time=2024-09-03 13:43:55 
jj1 = 169, max_th = 8.996446e-01, time=2024-09-03 13:44:54 
jj1 = 442, max_th = 1.134753e+00, time=2024-09-03 13:46:00 
jj1 = 406, max_th = 1.351606e+00, time=2024-09-03 13:47:37 
jj1 = 247, max_th = 1.578468e+00, time=2024-09-03 13:48:54 
jj1 = 91, max_th = 1.442849e+00, time=2024-09-03 13:49:11 
jj1 = 208, max_th = 2.248674e+00, time=2024-09-03 13:49:18 
jj1 = 129, max_th = 1.087131e+00, time=2024-09-03 13:49:56 
jj1 = 366, max_th = 1.997762e+00, time=2024-09-03 13:51:09 
jj1 = 326, max_th = 2.095891e+00, time=2024-09-03 13:51:21 
jj1 = 523, max_th = 1.404840e+00, time=2024-09-03 13:51:36 
jj1 = 285, max_th = 8.075217e-01, time=2024-09-03 13:52:14 
jj1 = 246, max_th = 7.923921e-01, time=2024-09-03 13:52:24 
jj1 = 441, max_th = 2.653141e+00, time=2024-09-03 13:55:54 
jj1 = 207, max_th = 1.530254e+00, time=2024-09-03 13:59:49 
jj1 = 90, max_th = 2.626018e+00, time=2024-09-03 14:00:22 
jj1 = 481, max_th = 2.053068e+00, time=2024-09-03 14:00:53 
jj1 = 440, max_th = 1.315684e+00, time=2024-09-03 14:02:47 
jj1 = 168, max_th = 1.869832e+00, time=2024-09-03 14:04:53 
jj1 = 325, max_th = 1.458196e+00, time=2024-09-03 14:06:48 
jj1 = 245, max_th = 2.343644e+00, time=2024-09-03 14:07:43 
jj1 = 405, max_th = 2.272258e+00, time=2024-09-03 14:10:00 
jj1 = 128, max_th = 1.945412e+00, time=2024-09-03 14:11:43 
jj1 = 89, max_th = 2.566624e+00, time=2024-09-03 14:14:29 
jj1 = 522, max_th = 2.158708e+00, time=2024-09-03 14:14:34 
jj1 = 284, max_th = 2.178678e+00, time=2024-09-03 14:14:35 
jj1 = 167, max_th = 2.517555e+00, time=2024-09-03 14:16:12 
jj1 = 480, max_th = 1.688508e+00, time=2024-09-03 14:17:09 
jj1 = 206, max_th = 2.455428e+00, time=2024-09-03 14:17:11 
jj1 = 324, max_th = 1.492395e+00, time=2024-09-03 14:23:51 
jj1 = 365, max_th = 2.148015e+00, time=2024-09-03 14:25:18 
jj1 = 404, max_th = 2.464771e+00, time=2024-09-03 14:28:04 
jj1 = 439, max_th = 1.972969e+00, time=2024-09-03 14:28:42 
jj1 = 166, max_th = 2.304342e+00, time=2024-09-03 14:29:29 
jj1 = 127, max_th = 2.148227e+00, time=2024-09-03 14:31:14 
jj1 = 205, max_th = 1.949476e+00, time=2024-09-03 14:34:37 
jj1 = 244, max_th = 2.366315e+00, time=2024-09-03 14:34:51 
jj1 = 479, max_th = 1.476360e+00, time=2024-09-03 14:35:11 
jj1 = 521, max_th = 2.153555e+00, time=2024-09-03 14:36:02 
jj1 = 323, max_th = 2.447185e+00, time=2024-09-03 14:38:34 
jj1 = 88, max_th = 2.069741e+00, time=2024-09-03 14:40:49 
jj1 = 283, max_th = 1.960273e+00, time=2024-09-03 14:41:34 
jj1 = 364, max_th = 2.112721e+00, time=2024-09-03 14:42:22 
jj1 = 126, max_th = 2.185766e+00, time=2024-09-03 14:48:39 
jj1 = 478, max_th = 2.149620e+00, time=2024-09-03 14:49:07 
jj1 = 403, max_th = 1.688530e+00, time=2024-09-03 14:50:40 
jj1 = 363, max_th = 2.585335e+00, time=2024-09-03 14:52:24 
jj1 = 282, max_th = 2.514224e+00, time=2024-09-03 14:52:46 
jj1 = 87, max_th = 2.350981e+00, time=2024-09-03 14:53:45 
jj1 = 204, max_th = 1.696663e+00, time=2024-09-03 14:54:13 
jj1 = 362, max_th = 7.754998e-01, time=2024-09-03 14:54:24 
jj1 = 477, max_th = 2.877273e+00, time=2024-09-03 14:54:37 
jj1 = 520, max_th = 2.266657e+00, time=2024-09-03 14:56:29 
jj1 = 243, max_th = 2.006777e+00, time=2024-09-03 14:57:41 
jj1 = 165, max_th = 1.965557e+00, time=2024-09-03 14:58:12 
jj1 = 519, max_th = 2.932105e+00, time=2024-09-03 15:00:27 
jj1 = 125, max_th = 2.523967e+00, time=2024-09-03 15:01:36 
jj1 = 402, max_th = 2.333806e+00, time=2024-09-03 15:05:13 
jj1 = 438, max_th = 1.975113e+00, time=2024-09-03 15:05:35 
jj1 = 203, max_th = 1.328875e+00, time=2024-09-03 15:08:50 
jj1 = 518, max_th = 2.720703e+00, time=2024-09-03 15:09:08 
jj1 = 361, max_th = 1.560533e+00, time=2024-09-03 15:09:21 
jj1 = 322, max_th = 2.260248e+00, time=2024-09-03 15:11:43 
jj1 = 202, max_th = 9.363072e-01, time=2024-09-03 15:14:20 
jj1 = 476, max_th = 2.008045e+00, time=2024-09-03 15:16:08 
jj1 = 242, max_th = 2.214542e+00, time=2024-09-03 15:16:46 
jj1 = 86, max_th = 2.224300e+00, time=2024-09-03 15:18:41 
jj1 = 164, max_th = 1.947962e+00, time=2024-09-03 15:19:27 
jj1 = 401, max_th = 2.332191e+00, time=2024-09-03 15:20:32 
jj1 = 124, max_th = 1.410184e+00, time=2024-09-03 15:21:03 
jj1 = 281, max_th = 1.868685e+00, time=2024-09-03 15:21:07 
jj1 = 321, max_th = 2.398937e+00, time=2024-09-03 15:26:24 
jj1 = 437, max_th = 1.657040e+00, time=2024-09-03 15:28:36 
jj1 = 517, max_th = 1.721894e+00, time=2024-09-03 15:29:12 
jj1 = 400, max_th = 1.470333e+00, time=2024-09-03 15:29:40 
jj1 = 360, max_th = 1.896083e+00, time=2024-09-03 15:30:16 
jj1 = 201, max_th = 1.516360e+00, time=2024-09-03 15:31:56 
jj1 = 163, max_th = 1.169880e+00, time=2024-09-03 15:33:46 
jj1 = 475, max_th = 1.273090e+00, time=2024-09-03 15:35:18 
jj1 = 516, max_th = 2.773100e+00, time=2024-09-03 15:37:55 
jj1 = 123, max_th = 1.920763e+00, time=2024-09-03 15:42:14 
jj1 = 280, max_th = 2.584656e+00, time=2024-09-03 15:43:42 
jj1 = 436, max_th = 1.598131e+00, time=2024-09-03 15:45:34 
jj1 = 85, max_th = 1.869122e+00, time=2024-09-03 15:45:51 
jj1 = 320, max_th = 1.826548e+00, time=2024-09-03 15:47:17 
jj1 = 399, max_th = 1.690108e+00, time=2024-09-03 15:50:05 
jj1 = 200, max_th = 1.805120e+00, time=2024-09-03 15:50:14 
jj1 = 359, max_th = 2.022382e+00, time=2024-09-03 15:50:24 
jj1 = 241, max_th = 1.530145e+00, time=2024-09-03 15:51:16 
jj1 = 358, max_th = 9.701423e-01, time=2024-09-03 15:52:55 
jj1 = 474, max_th = 2.374577e+00, time=2024-09-03 15:53:06 
jj1 = 435, max_th = 2.809965e+00, time=2024-09-03 15:57:31 
jj1 = 122, max_th = 1.910836e+00, time=2024-09-03 15:59:29 
jj1 = 279, max_th = 1.620801e+00, time=2024-09-03 16:01:00 
jj1 = 162, max_th = 2.451270e+00, time=2024-09-03 16:01:05 
jj1 = 278, max_th = 6.198357e-01, time=2024-09-03 16:02:07 
jj1 = 515, max_th = 1.975451e+00, time=2024-09-03 16:04:59 
jj1 = 398, max_th = 1.692145e+00, time=2024-09-03 16:05:24 
jj1 = 84, max_th = 2.357737e+00, time=2024-09-03 16:06:11 
jj1 = 240, max_th = 1.639215e+00, time=2024-09-03 16:06:46 
jj1 = 319, max_th = 1.960765e+00, time=2024-09-03 16:12:04 
jj1 = 277, max_th = 7.789720e-01, time=2024-09-03 16:12:51 
jj1 = 239, max_th = 2.893432e+00, time=2024-09-03 16:13:08 
jj1 = 397, max_th = 2.698042e+00, time=2024-09-03 16:13:49 
jj1 = 83, max_th = 3.659127e+00, time=2024-09-03 16:13:55 
jj1 = 473, max_th = 1.619496e+00, time=2024-09-03 16:14:25 
jj1 = 357, max_th = 1.921765e+00, time=2024-09-03 16:14:51 
jj1 = 514, max_th = 2.697559e+00, time=2024-09-03 16:14:51 
jj1 = 199, max_th = 2.085558e+00, time=2024-09-03 16:16:16 
jj1 = 513, max_th = 3.178993e+00, time=2024-09-03 16:17:37 
jj1 = 434, max_th = 2.008461e+00, time=2024-09-03 16:19:01 
jj1 = 121, max_th = 2.275520e+00, time=2024-09-03 16:23:31 
jj1 = 356, max_th = 1.500850e+00, time=2024-09-03 16:25:06 
jj1 = 396, max_th = 2.332010e+00, time=2024-09-03 16:29:52 
jj1 = 512, max_th = 1.999826e+00, time=2024-09-03 16:30:31 
jj1 = 472, max_th = 1.700853e+00, time=2024-09-03 16:31:21 
jj1 = 318, max_th = 2.314926e+00, time=2024-09-03 16:33:23 
jj1 = 238, max_th = 2.274069e+00, time=2024-09-03 16:33:28 
jj1 = 82, max_th = 1.839724e+00, time=2024-09-03 16:34:56 
jj1 = 276, max_th = 2.011412e+00, time=2024-09-03 16:35:00 
jj1 = 198, max_th = 2.330281e+00, time=2024-09-03 16:35:52 
jj1 = 511, max_th = 3.347459e-01, time=2024-09-03 16:36:53 
jj1 = 471, max_th = 1.189674e+00, time=2024-09-03 16:39:27 
jj1 = 433, max_th = 2.194503e+00, time=2024-09-03 16:40:15 
jj1 = 355, max_th = 1.644797e+00, time=2024-09-03 16:40:28 
jj1 = 470, max_th = 2.907108e+00, time=2024-09-03 16:42:08 
jj1 = 161, max_th = 1.726469e+00, time=2024-09-03 16:42:21 
jj1 = 395, max_th = 2.248794e+00, time=2024-09-03 16:44:49 
jj1 = 120, max_th = 1.672907e+00, time=2024-09-03 16:47:04 
jj1 = 510, max_th = 1.641345e+00, time=2024-09-03 16:50:11 
jj1 = 197, max_th = 2.397223e+00, time=2024-09-03 16:50:13 
jj1 = 317, max_th = 2.544831e+00, time=2024-09-03 16:51:08 
jj1 = 469, max_th = 2.508827e+00, time=2024-09-03 16:55:32 
jj1 = 275, max_th = 2.141699e+00, time=2024-09-03 16:56:07 
jj1 = 81, max_th = 2.206086e+00, time=2024-09-03 16:56:38 
jj1 = 119, max_th = 1.136783e+00, time=2024-09-03 17:00:19 
jj1 = 394, max_th = 2.204569e+00, time=2024-09-03 17:02:13 
jj1 = 354, max_th = 2.017293e+00, time=2024-09-03 17:03:02 
jj1 = 80, max_th = 1.318443e+00, time=2024-09-03 17:06:32 
jj1 = 432, max_th = 2.373079e+00, time=2024-09-03 17:07:29 
jj1 = 509, max_th = 2.318689e+00, time=2024-09-03 17:08:45 
jj1 = 316, max_th = 2.490995e+00, time=2024-09-03 17:12:09 
jj1 = 196, max_th = 1.921715e+00, time=2024-09-03 17:14:42 
jj1 = 393, max_th = 2.297823e+00, time=2024-09-03 17:15:06 
jj1 = 315, max_th = 2.974396e+00, time=2024-09-03 17:17:25 
jj1 = 353, max_th = 2.501820e+00, time=2024-09-03 17:18:50 
jj1 = 274, max_th = 1.987229e+00, time=2024-09-03 17:20:07 
jj1 = 468, max_th = 1.862383e+00, time=2024-09-03 17:20:18 
jj1 = 160, max_th = 1.759158e+00, time=2024-09-03 17:22:22 
jj1 = 508, max_th = 1.492387e+00, time=2024-09-03 17:22:46 
jj1 = 237, max_th = 2.216638e+00, time=2024-09-03 17:23:33 
jj1 = 118, max_th = 2.254637e+00, time=2024-09-03 17:24:46 
jj1 = 79, max_th = 1.414910e+00, time=2024-09-03 17:26:20 
jj1 = 431, max_th = 3.217212e+00, time=2024-09-03 17:26:45 
jj1 = 314, max_th = 2.576438e+00, time=2024-09-03 17:28:40 
jj1 = 392, max_th = 1.480369e+00, time=2024-09-03 17:30:05 
jj1 = 195, max_th = 1.665858e+00, time=2024-09-03 17:36:24 
jj1 = 352, max_th = 2.537996e+00, time=2024-09-03 17:37:43 
jj1 = 430, max_th = 3.459821e+00, time=2024-09-03 17:39:05 
jj1 = 117, max_th = 1.946552e+00, time=2024-09-03 17:41:00 
jj1 = 273, max_th = 1.735614e+00, time=2024-09-03 17:42:48 
jj1 = 236, max_th = 1.667926e+00, time=2024-09-03 17:44:15 
jj1 = 467, max_th = 2.143170e+00, time=2024-09-03 17:44:52 
jj1 = 78, max_th = 2.057240e+00, time=2024-09-03 17:45:19 
jj1 = 507, max_th = 2.196512e+00, time=2024-09-03 17:45:53 
jj1 = 194, max_th = 1.304484e+00, time=2024-09-03 17:45:55 
jj1 = 159, max_th = 2.182255e+00, time=2024-09-03 17:46:20 
jj1 = 272, max_th = 2.823541e+00, time=2024-09-03 17:46:24 
jj1 = 313, max_th = 2.034879e+00, time=2024-09-03 17:47:38 
jj1 = 312, max_th = 3.972346e+00, time=2024-09-03 17:48:11 
jj1 = 77, max_th = 7.095165e-01, time=2024-09-03 17:49:08 
jj1 = 235, max_th = 2.895236e+00, time=2024-09-03 17:49:08 
jj1 = 466, max_th = 8.787686e-01, time=2024-09-03 17:49:09 
jj1 = 158, max_th = 9.687976e-01, time=2024-09-03 17:52:19 
jj1 = 391, max_th = 1.624481e+00, time=2024-09-03 17:53:36 
jj1 = 506, max_th = 2.578410e+00, time=2024-09-03 17:54:13 
jj1 = 116, max_th = 2.305148e+00, time=2024-09-03 17:56:12 
jj1 = 465, max_th = 1.456756e+00, time=2024-09-03 17:56:11 
jj1 = 311, max_th = 3.172166e+00, time=2024-09-03 17:56:17 
jj1 = 464, max_th = 7.729125e-01, time=2024-09-03 17:58:12 
jj1 = 351, max_th = 1.772990e+00, time=2024-09-03 17:59:02 
jj1 = 390, max_th = 2.710541e+00, time=2024-09-03 18:01:06 
jj1 = 157, max_th = 2.630781e+00, time=2024-09-03 18:01:17 
jj1 = 193, max_th = 2.375240e+00, time=2024-09-03 18:03:00 
jj1 = 271, max_th = 1.490578e+00, time=2024-09-03 18:04:13 
jj1 = 429, max_th = 2.318965e+00, time=2024-09-03 18:04:41 
jj1 = 310, max_th = 1.278085e+00, time=2024-09-03 18:06:49 
jj1 = 389, max_th = 2.836948e+00, time=2024-09-03 18:08:17 
jj1 = 350, max_th = 2.463115e+00, time=2024-09-03 18:10:27 
jj1 = 505, max_th = 2.116374e+00, time=2024-09-03 18:13:47 
jj1 = 76, max_th = 2.079962e+00, time=2024-09-03 18:14:12 
jj1 = 270, max_th = 2.645768e+00, time=2024-09-03 18:14:35 
jj1 = 463, max_th = 2.248838e+00, time=2024-09-03 18:15:09 
jj1 = 115, max_th = 1.322599e+00, time=2024-09-03 18:15:36 
jj1 = 156, max_th = 2.665133e+00, time=2024-09-03 18:17:49 
jj1 = 428, max_th = 1.854089e+00, time=2024-09-03 18:19:23 
jj1 = 504, max_th = 9.640093e-01, time=2024-09-03 18:20:34 
jj1 = 192, max_th = 1.798692e+00, time=2024-09-03 18:21:04 
jj1 = 114, max_th = 1.016128e+00, time=2024-09-03 18:23:16 
jj1 = 309, max_th = 1.610131e+00, time=2024-09-03 18:23:51 
jj1 = 349, max_th = 2.443951e+00, time=2024-09-03 18:23:56 
jj1 = 234, max_th = 2.056797e+00, time=2024-09-03 18:24:10 
jj1 = 308, max_th = 1.399158e+00, time=2024-09-03 18:31:34 
jj1 = 462, max_th = 1.668017e+00, time=2024-09-03 18:31:43 
jj1 = 113, max_th = 1.560709e+00, time=2024-09-03 18:31:50 
jj1 = 388, max_th = 2.185193e+00, time=2024-09-03 18:32:19 
jj1 = 269, max_th = 2.481932e+00, time=2024-09-03 18:33:26 
jj1 = 155, max_th = 1.951393e+00, time=2024-09-03 18:37:37 
jj1 = 233, max_th = 2.606471e+00, time=2024-09-03 18:38:58 
jj1 = 503, max_th = 1.733964e+00, time=2024-09-03 18:40:31 
jj1 = 75, max_th = 2.089882e+00, time=2024-09-03 18:41:20 
jj1 = 387, max_th = 2.709077e+00, time=2024-09-03 18:43:53 
jj1 = 154, max_th = 3.205997e+00, time=2024-09-03 18:47:45 
jj1 = 461, max_th = 2.332800e+00, time=2024-09-03 18:47:59 
jj1 = 427, max_th = 1.650229e+00, time=2024-09-03 18:48:30 
jj1 = 191, max_th = 1.580697e+00, time=2024-09-03 18:48:56 
jj1 = 502, max_th = 2.259142e+00, time=2024-09-03 18:48:57 
jj1 = 348, max_th = 2.390173e+00, time=2024-09-03 18:49:13 
jj1 = 232, max_th = 8.960323e-01, time=2024-09-03 18:49:37 
jj1 = 231, max_th = 3.138157e+00, time=2024-09-03 18:50:48 
jj1 = 307, max_th = 1.665875e+00, time=2024-09-03 18:52:48 
jj1 = 426, max_th = 2.968116e+00, time=2024-09-03 18:54:50 
jj1 = 386, max_th = 2.493710e+00, time=2024-09-03 18:55:57 
jj1 = 501, max_th = 1.388520e+00, time=2024-09-03 18:57:59 
jj1 = 268, max_th = 1.990740e+00, time=2024-09-03 19:00:12 
jj1 = 500, max_th = 1.184067e+00, time=2024-09-03 19:03:30 
jj1 = 112, max_th = 2.665812e+00, time=2024-09-03 19:03:46 
jj1 = 153, max_th = 1.692265e+00, time=2024-09-03 19:03:59 
jj1 = 74, max_th = 1.819476e+00, time=2024-09-03 19:05:27 
jj1 = 460, max_th = 2.295714e+00, time=2024-09-03 19:05:27 
jj1 = 347, max_th = 2.378439e+00, time=2024-09-03 19:07:15 
jj1 = 190, max_th = 1.580930e+00, time=2024-09-03 19:11:21 
jj1 = 230, max_th = 1.847002e+00, time=2024-09-03 19:11:57 
jj1 = 306, max_th = 2.375224e+00, time=2024-09-03 19:12:44 
jj1 = 229, max_th = 3.886031e+00, time=2024-09-03 19:15:17 
jj1 = 267, max_th = 1.712271e+00, time=2024-09-03 19:19:08 
jj1 = 385, max_th = 2.270789e+00, time=2024-09-03 19:20:33 
jj1 = 228, max_th = 2.619839e+00, time=2024-09-03 19:25:30 
jj1 = 459, max_th = 2.158343e+00, time=2024-09-03 19:27:18 
jj1 = 152, max_th = 1.982483e+00, time=2024-09-03 19:29:12 
jj1 = 189, max_th = 1.781115e+00, time=2024-09-03 19:29:53 
jj1 = 111, max_th = 1.908692e+00, time=2024-09-03 19:29:59 
jj1 = 305, max_th = 1.421071e+00, time=2024-09-03 19:30:12 
jj1 = 346, max_th = 1.955196e+00, time=2024-09-03 19:30:17 
jj1 = 425, max_th = 2.610698e+00, time=2024-09-03 19:30:40 
jj1 = 499, max_th = 1.620151e+00, time=2024-09-03 19:30:45 
jj1 = 384, max_th = 2.630628e+00, time=2024-09-03 19:32:57 
jj1 = 73, max_th = 2.148366e+00, time=2024-09-03 19:36:13 
jj1 = 345, max_th = 7.743568e-01, time=2024-09-03 19:36:17 
jj1 = 266, max_th = 2.455380e+00, time=2024-09-03 19:37:05 
jj1 = 151, max_th = 8.148457e-03, time=2024-09-03 19:38:36 
jj1 = 227, max_th = 1.451246e+00, time=2024-09-03 19:38:45 
jj1 = 110, max_th = 1.292553e+00, time=2024-09-03 19:39:21 
jj1 = 498, max_th = 2.663365e+00, time=2024-09-03 19:39:30 
jj1 = 424, max_th = 1.699377e+00, time=2024-09-03 19:41:11 
jj1 = 458, max_th = 1.365256e+00, time=2024-09-03 19:45:20 
jj1 = 304, max_th = 1.843237e+00, time=2024-09-03 19:50:19 
jj1 = 188, max_th = 1.700981e+00, time=2024-09-03 19:50:49 
jj1 = 383, max_th = 2.406742e+00, time=2024-09-03 19:51:47 
jj1 = 226, max_th = 2.359046e+00, time=2024-09-03 19:53:34 
jj1 = 265, max_th = 1.530498e+00, time=2024-09-03 19:55:03 
jj1 = 344, max_th = 1.579951e+00, time=2024-09-03 19:55:13 
jj1 = 423, max_th = 2.674204e+00, time=2024-09-03 19:55:21 
jj1 = 150, max_th = 2.205994e+00, time=2024-09-03 19:57:59 
jj1 = 72, max_th = 1.855071e+00, time=2024-09-03 19:59:02 
jj1 = 187, max_th = 2.628503e+00, time=2024-09-03 19:59:24 
jj1 = 497, max_th = 1.974577e+00, time=2024-09-03 19:59:33 
jj1 = 109, max_th = 2.072102e+00, time=2024-09-03 20:03:32 
jj1 = 303, max_th = 2.626015e+00, time=2024-09-03 20:04:40 
jj1 = 382, max_th = 1.549812e+00, time=2024-09-03 20:04:47 
jj1 = 381, max_th = 3.380621e-01, time=2024-09-03 20:06:30 
jj1 = 496, max_th = 6.588924e-01, time=2024-09-03 20:08:09 
jj1 = 302, max_th = 3.296376e+00, time=2024-09-03 20:10:40 
jj1 = 457, max_th = 2.372512e+00, time=2024-09-03 20:12:39 
jj1 = 343, max_th = 1.133815e+00, time=2024-09-03 20:13:48 
jj1 = 225, max_th = 2.055198e+00, time=2024-09-03 20:14:33 
jj1 = 422, max_th = 2.119569e+00, time=2024-09-03 20:17:07 
jj1 = 186, max_th = 2.258758e+00, time=2024-09-03 20:18:30 
jj1 = 149, max_th = 2.386413e+00, time=2024-09-03 20:19:09 
jj1 = 301, max_th = 2.741272e+00, time=2024-09-03 20:21:53 
jj1 = 71, max_th = 1.965813e+00, time=2024-09-03 20:23:51 
jj1 = 264, max_th = 2.025443e+00, time=2024-09-03 20:24:11 
jj1 = 342, max_th = 2.637852e+00, time=2024-09-03 20:25:49 
jj1 = 380, max_th = 2.227156e+00, time=2024-09-03 20:26:38 
jj1 = 421, max_th = 2.644555e+00, time=2024-09-03 20:26:55 
jj1 = 456, max_th = 2.240844e+00, time=2024-09-03 20:29:22 
jj1 = 224, max_th = 2.451590e+00, time=2024-09-03 20:32:04 
jj1 = 495, max_th = 2.163706e+00, time=2024-09-03 20:33:04 
jj1 = 148, max_th = 1.832039e+00, time=2024-09-03 20:36:17 
jj1 = 70, max_th = 1.427175e+00, time=2024-09-03 20:38:12 
jj1 = 300, max_th = 2.231493e+00, time=2024-09-03 20:42:15 
jj1 = 185, max_th = 1.842282e+00, time=2024-09-03 20:42:47 
jj1 = 223, max_th = 9.342235e-01, time=2024-09-03 20:43:05 
jj1 = 263, max_th = 1.678247e+00, time=2024-09-03 20:45:50 
jj1 = 379, max_th = 2.542685e+00, time=2024-09-03 20:47:25 
jj1 = 494, max_th = 2.053374e+00, time=2024-09-03 20:47:33 
jj1 = 222, max_th = 3.115287e+00, time=2024-09-03 20:47:38 
jj1 = 108, max_th = 1.641934e+00, time=2024-09-03 20:48:15 
jj1 = 341, max_th = 1.847706e+00, time=2024-09-03 20:48:36 
jj1 = 420, max_th = 2.279486e+00, time=2024-09-03 20:51:24 
jj1 = 455, max_th = 1.961028e+00, time=2024-09-03 20:52:36 
jj1 = 184, max_th = 1.313284e+00, time=2024-09-03 20:52:45 
jj1 = 454, max_th = 9.072230e-01, time=2024-09-03 20:55:12 
jj1 = 262, max_th = 2.600821e+00, time=2024-09-03 20:58:09 
jj1 = 299, max_th = 2.405554e+00, time=2024-09-03 20:58:17 
jj1 = 298, max_th = 2.804861e+00, time=2024-09-03 21:03:02 
jj1 = 183, max_th = 1.600310e+00, time=2024-09-03 21:05:04 
jj1 = 69, max_th = 1.595146e+00, time=2024-09-03 21:05:16 
jj1 = 493, max_th = 2.094056e+00, time=2024-09-03 21:05:16 
jj1 = 221, max_th = 1.467666e+00, time=2024-09-03 21:06:35 
jj1 = 147, max_th = 2.060193e+00, time=2024-09-03 21:07:44 
jj1 = 107, max_th = 2.238694e+00, time=2024-09-03 21:10:14 
jj1 = 492, max_th = 3.046643e+00, time=2024-09-03 21:13:11 
jj1 = 378, max_th = 1.762858e+00, time=2024-09-03 21:13:36 
jj1 = 419, max_th = 1.993981e+00, time=2024-09-03 21:14:04 
jj1 = 340, max_th = 2.182532e+00, time=2024-09-03 21:14:37 
jj1 = 453, max_th = 2.055744e+00, time=2024-09-03 21:17:52 
jj1 = 182, max_th = 1.308985e+00, time=2024-09-03 21:18:01 
jj1 = 68, max_th = 2.628600e+00, time=2024-09-03 21:20:00 
jj1 = 297, max_th = 1.595298e+00, time=2024-09-03 21:20:07 
jj1 = 261, max_th = 2.609176e+00, time=2024-09-03 21:26:31 
jj1 = 146, max_th = 2.244643e+00, time=2024-09-03 21:29:07 
jj1 = 67, max_th = 1.425365e+00, time=2024-09-03 21:30:10 
jj1 = 339, max_th = 2.494947e+00, time=2024-09-03 21:30:22 
jj1 = 491, max_th = 1.872146e+00, time=2024-09-03 21:34:56 
jj1 = 490, max_th = 4.417260e+00, time=2024-09-03 21:35:41 
jj1 = 106, max_th = 2.733497e+00, time=2024-09-03 21:36:02 
jj1 = 377, max_th = 1.722498e+00, time=2024-09-03 21:36:45 
jj1 = 181, max_th = 1.721050e+00, time=2024-09-03 21:37:00 
jj1 = 418, max_th = 2.361610e+00, time=2024-09-03 21:37:52 
jj1 = 296, max_th = 1.809103e+00, time=2024-09-03 21:39:30 
jj1 = 452, max_th = 1.822556e+00, time=2024-09-03 21:42:04 
jj1 = 728, max_th = 1.072164e+00, time=2024-09-03 21:42:43 
jj1 = 145, max_th = 1.704098e+00, time=2024-09-03 21:44:01 
jj1 = 338, max_th = 1.660053e+00, time=2024-09-03 21:45:17 
jj1 = 260, max_th = 2.230525e+00, time=2024-09-03 21:46:13 
jj1 = 451, max_th = 3.220537e+00, time=2024-09-03 21:47:26 
jj1 = 417, max_th = 1.500467e+00, time=2024-09-03 21:49:48 
jj1 = 220, max_th = 1.623742e+00, time=2024-09-03 21:50:13 
jj1 = 66, max_th = 2.062675e+00, time=2024-09-03 21:50:28 
jj1 = 180, max_th = 2.659632e+00, time=2024-09-03 21:51:57 
jj1 = 727, max_th = 2.701552e+00, time=2024-09-03 21:52:49 
jj1 = 376, max_th = 2.284802e+00, time=2024-09-03 21:52:52 
jj1 = 144, max_th = 2.620074e+00, time=2024-09-03 21:54:40 
jj1 = 337, max_th = 2.342021e+00, time=2024-09-03 21:54:44 
jj1 = 105, max_th = 1.597175e+00, time=2024-09-03 21:55:53 
jj1 = 295, max_th = 2.370814e+00, time=2024-09-03 21:58:39 
jj1 = 219, max_th = 1.305715e+00, time=2024-09-03 22:01:46 
jj1 = 218, max_th = 5.155820e-01, time=2024-09-03 22:04:26 
jj1 = 375, max_th = 2.264539e+00, time=2024-09-03 22:05:40 
jj1 = 668, max_th = 1.123937e+00, time=2024-09-03 22:05:54 
jj1 = 726, max_th = 2.476273e+00, time=2024-09-03 22:06:13 
jj1 = 179, max_th = 2.256174e+00, time=2024-09-03 22:07:31 
jj1 = 708, max_th = 2.013591e+00, time=2024-09-03 22:09:06 
jj1 = 416, max_th = 1.443746e+00, time=2024-09-03 22:10:01 
jj1 = 336, max_th = 1.759117e+00, time=2024-09-03 22:10:40 
jj1 = 65, max_th = 1.635834e+00, time=2024-09-03 22:11:29 
jj1 = 707, max_th = 2.434295e+00, time=2024-09-03 22:16:10 
jj1 = 217, max_th = 1.176216e+00, time=2024-09-03 22:16:33 
jj1 = 104, max_th = 2.546885e+00, time=2024-09-03 22:18:16 
jj1 = 259, max_th = 2.072519e+00, time=2024-09-03 22:20:22 
jj1 = 725, max_th = 2.413542e+00, time=2024-09-03 22:22:45 
jj1 = 143, max_th = 2.210413e+00, time=2024-09-03 22:23:23 
jj1 = 415, max_th = 2.498710e+00, time=2024-09-03 22:23:26 
jj1 = 103, max_th = 2.592102e+00, time=2024-09-03 22:26:51 
jj1 = 768, max_th = 2.749440e+00, time=2024-09-03 22:27:28 
jj1 = 374, max_th = 1.982956e+00, time=2024-09-03 22:30:44 
jj1 = 178, max_th = 1.605750e+00, time=2024-09-03 22:31:31 
jj1 = 335, max_th = 1.982960e+00, time=2024-09-03 22:33:48 
jj1 = 767, max_th = 1.398155e+00, time=2024-09-03 22:34:44 
jj1 = 102, max_th = 2.731353e+00, time=2024-09-03 22:35:23 
jj1 = 142, max_th = 2.685525e+00, time=2024-09-03 22:35:31 
jj1 = 706, max_th = 2.380645e+00, time=2024-09-03 22:35:41 
jj1 = 667, max_th = 2.178799e+00, time=2024-09-03 22:35:57 
jj1 = 414, max_th = 2.128305e+00, time=2024-09-03 22:39:54 
jj1 = 64, max_th = 2.006749e+00, time=2024-09-03 22:40:50 
jj1 = 373, max_th = 2.757758e+00, time=2024-09-03 22:41:39 
jj1 = 724, max_th = 1.994198e+00, time=2024-09-03 22:43:33 
jj1 = 705, max_th = 1.408835e+00, time=2024-09-03 22:49:10 
jj1 = 141, max_th = 2.494306e+00, time=2024-09-03 22:52:53 
jj1 = 63, max_th = 1.492852e+00, time=2024-09-03 22:53:48 
jj1 = 413, max_th = 1.622860e+00, time=2024-09-03 22:55:51 
jj1 = 748, max_th = 2.593102e+00, time=2024-09-03 22:55:55 
jj1 = 666, max_th = 1.897529e+00, time=2024-09-03 22:56:00 
jj1 = 568, max_th = 2.040866e+00, time=2024-09-03 22:56:10 
jj1 = 766, max_th = 2.292512e+00, time=2024-09-03 22:57:12 
jj1 = 62, max_th = 9.670645e-01, time=2024-09-03 22:57:41 
jj1 = 704, max_th = 1.650936e+00, time=2024-09-03 23:04:00 
jj1 = 723, max_th = 2.106222e+00, time=2024-09-03 23:04:27 
jj1 = 258, max_th = 2.073937e+00, time=2024-09-03 23:04:30 
jj1 = 140, max_th = 2.591874e+00, time=2024-09-03 23:06:01 
jj1 = 257, max_th = 6.179636e-01, time=2024-09-03 23:06:33 
jj1 = 747, max_th = 1.258373e+00, time=2024-09-03 23:06:41 
jj1 = 765, max_th = 1.465444e+00, time=2024-09-03 23:09:46 
jj1 = 334, max_th = 2.076744e+00, time=2024-09-03 23:10:46 
jj1 = 256, max_th = 3.069349e+00, time=2024-09-03 23:11:02 
jj1 = 101, max_th = 1.422047e+00, time=2024-09-03 23:11:09 
jj1 = 412, max_th = 2.320183e+00, time=2024-09-03 23:11:35 
jj1 = 665, max_th = 2.308443e+00, time=2024-09-03 23:13:12 
jj1 = 139, max_th = 2.497388e+00, time=2024-09-03 23:17:11 
jj1 = 722, max_th = 1.473424e+00, time=2024-09-03 23:19:33 
jj1 = 588, max_th = 2.376510e+00, time=2024-09-03 23:20:14 
jj1 = 648, max_th = 1.336736e+00, time=2024-09-03 23:21:49 
jj1 = 61, max_th = 1.574750e+00, time=2024-09-03 23:24:08 
jj1 = 567, max_th = 1.479233e+00, time=2024-09-03 23:25:54 
jj1 = 608, max_th = 1.561612e+00, time=2024-09-03 23:26:34 
jj1 = 703, max_th = 2.122682e+00, time=2024-09-03 23:28:22 
jj1 = 764, max_th = 2.298333e+00, time=2024-09-03 23:28:57 
jj1 = 721, max_th = 2.305746e+00, time=2024-09-03 23:32:34 
jj1 = 746, max_th = 1.778296e+00, time=2024-09-03 23:32:40 
jj1 = 548, max_th = 1.587769e+00, time=2024-09-03 23:36:56 
jj1 = 688, max_th = 2.682768e+00, time=2024-09-03 23:37:15 
jj1 = 647, max_th = 2.456648e+00, time=2024-09-03 23:39:06 
jj1 = 763, max_th = 2.631195e+00, time=2024-09-03 23:39:21 
jj1 = 607, max_th = 1.167998e+00, time=2024-09-03 23:39:53 
jj1 = 587, max_th = 1.890037e+00, time=2024-09-03 23:40:13 
jj1 = 664, max_th = 1.907510e+00, time=2024-09-03 23:40:49 
jj1 = 720, max_th = 1.069200e+00, time=2024-09-03 23:41:17 
jj1 = 100, max_th = 1.698813e+00, time=2024-09-03 23:46:18 
jj1 = 646, max_th = 2.209805e+00, time=2024-09-03 23:50:06 
jj1 = 566, max_th = 2.090701e+00, time=2024-09-03 23:50:25 
jj1 = 745, max_th = 1.524852e+00, time=2024-09-03 23:50:41 
jj1 = 547, max_th = 2.627965e+00, time=2024-09-03 23:53:05 
jj1 = 702, max_th = 1.809710e+00, time=2024-09-03 23:53:54 
jj1 = 762, max_th = 1.703818e+00, time=2024-09-03 23:57:17 
jj1 = 687, max_th = 1.689273e+00, time=2024-09-03 23:58:04 
jj1 = 719, max_th = 1.665141e+00, time=2024-09-04 00:02:15 
jj1 = 663, max_th = 2.031620e+00, time=2024-09-04 00:02:37 
jj1 = 686, max_th = 3.218506e+00, time=2024-09-04 00:02:46 
jj1 = 586, max_th = 2.132261e+00, time=2024-09-04 00:03:52 
jj1 = 628, max_th = 1.659110e+00, time=2024-09-04 00:04:24 
jj1 = 606, max_th = 2.035482e+00, time=2024-09-04 00:07:53 
jj1 = 565, max_th = 1.830207e+00, time=2024-09-04 00:12:16 
jj1 = 701, max_th = 1.608968e+00, time=2024-09-04 00:12:56 
jj1 = 645, max_th = 1.638577e+00, time=2024-09-04 00:13:22 
jj1 = 744, max_th = 1.625969e+00, time=2024-09-04 00:15:06 
jj1 = 761, max_th = 1.636346e+00, time=2024-09-04 00:16:34 
jj1 = 644, max_th = 2.877660e+00, time=2024-09-04 00:19:04 
jj1 = 700, max_th = 3.868886e+00, time=2024-09-04 00:21:59 
jj1 = 546, max_th = 1.788376e+00, time=2024-09-04 00:22:19 
jj1 = 685, max_th = 1.867406e+00, time=2024-09-04 00:22:40 
jj1 = 605, max_th = 1.741805e+00, time=2024-09-04 00:25:04 
jj1 = 718, max_th = 2.040608e+00, time=2024-09-04 00:26:02 
jj1 = 662, max_th = 1.725208e+00, time=2024-09-04 00:26:03 
jj1 = 699, max_th = 1.457282e+00, time=2024-09-04 00:27:10 
jj1 = 684, max_th = 2.862818e+00, time=2024-09-04 00:28:04 
jj1 = 585, max_th = 1.670795e+00, time=2024-09-04 00:28:08 
jj1 = 661, max_th = 2.950815e+00, time=2024-09-04 00:28:44 
jj1 = 643, max_th = 1.509455e+00, time=2024-09-04 00:29:41 
jj1 = 564, max_th = 2.103270e+00, time=2024-09-04 00:30:00 
jj1 = 760, max_th = 2.288612e+00, time=2024-09-04 00:33:12 
jj1 = 584, max_th = 2.688468e+00, time=2024-09-04 00:36:03 
jj1 = 545, max_th = 1.461112e+00, time=2024-09-04 00:36:20 
jj1 = 544, max_th = 3.233716e+00, time=2024-09-04 00:36:36 
jj1 = 743, max_th = 1.924032e+00, time=2024-09-04 00:37:26 
jj1 = 759, max_th = 3.417444e+00, time=2024-09-04 00:40:58 
jj1 = 627, max_th = 2.290341e+00, time=2024-09-04 00:41:13 
jj1 = 717, max_th = 1.514181e+00, time=2024-09-04 00:44:04 
jj1 = 563, max_th = 1.468680e+00, time=2024-09-04 00:45:08 
jj1 = 604, max_th = 1.788553e+00, time=2024-09-04 00:46:22 
jj1 = 683, max_th = 2.416587e+00, time=2024-09-04 00:46:31 
jj1 = 698, max_th = 2.390190e+00, time=2024-09-04 00:47:21 
jj1 = 642, max_th = 1.953935e+00, time=2024-09-04 00:48:43 
jj1 = 742, max_th = 1.509353e+00, time=2024-09-04 00:49:13 
jj1 = 758, max_th = 1.492847e+00, time=2024-09-04 00:51:58 
jj1 = 660, max_th = 2.035406e+00, time=2024-09-04 00:55:00 
jj1 = 583, max_th = 2.095890e+00, time=2024-09-04 00:55:37 
jj1 = 641, max_th = 2.724592e+00, time=2024-09-04 00:56:59 
jj1 = 697, max_th = 2.942862e+00, time=2024-09-04 00:57:28 
jj1 = 626, max_th = 1.789843e+00, time=2024-09-04 00:57:32 
jj1 = 625, max_th = 7.304180e-01, time=2024-09-04 01:02:19 
jj1 = 682, max_th = 2.492626e+00, time=2024-09-04 01:02:21 
jj1 = 603, max_th = 2.678342e+00, time=2024-09-04 01:02:29 
jj1 = 716, max_th = 1.606105e+00, time=2024-09-04 01:03:34 
jj1 = 543, max_th = 2.115552e+00, time=2024-09-04 01:07:38 
jj1 = 562, max_th = 1.814568e+00, time=2024-09-04 01:08:35 
jj1 = 757, max_th = 2.263357e+00, time=2024-09-04 01:11:52 
jj1 = 681, max_th = 2.781932e+00, time=2024-09-04 01:11:52 
jj1 = 640, max_th = 2.414664e+00, time=2024-09-04 01:12:00 
jj1 = 602, max_th = 2.220525e+00, time=2024-09-04 01:13:42 
jj1 = 741, max_th = 2.051664e+00, time=2024-09-04 01:14:56 
jj1 = 756, max_th = 1.077210e+00, time=2024-09-04 01:16:14 
jj1 = 715, max_th = 2.324660e+00, time=2024-09-04 01:18:46 
jj1 = 659, max_th = 2.221898e+00, time=2024-09-04 01:22:39 
jj1 = 696, max_th = 2.230962e+00, time=2024-09-04 01:23:02 
jj1 = 601, max_th = 2.404804e+00, time=2024-09-04 01:29:12 
jj1 = 624, max_th = 1.730167e+00, time=2024-09-04 01:29:53 
jj1 = 582, max_th = 2.256098e+00, time=2024-09-04 01:29:57 
jj1 = 755, max_th = 1.502350e+00, time=2024-09-04 01:31:34 
jj1 = 561, max_th = 2.264204e+00, time=2024-09-04 01:31:47 
jj1 = 680, max_th = 1.744635e+00, time=2024-09-04 01:33:12 
jj1 = 639, max_th = 2.028412e+00, time=2024-09-04 01:37:19 
jj1 = 542, max_th = 1.756014e+00, time=2024-09-04 01:39:39 
jj1 = 740, max_th = 1.917901e+00, time=2024-09-04 01:41:45 
jj1 = 541, max_th = 2.788179e+00, time=2024-09-04 01:43:56 
jj1 = 714, max_th = 1.928493e+00, time=2024-09-04 01:44:59 
jj1 = 679, max_th = 1.957412e+00, time=2024-09-04 01:46:49 
jj1 = 658, max_th = 2.291821e+00, time=2024-09-04 01:46:54 
jj1 = 695, max_th = 2.171747e+00, time=2024-09-04 01:48:22 
jj1 = 600, max_th = 1.906165e+00, time=2024-09-04 01:51:54 
jj1 = 581, max_th = 1.682416e+00, time=2024-09-04 01:52:57 
jj1 = 560, max_th = 2.031205e+00, time=2024-09-04 01:53:30 
jj1 = 678, max_th = 1.415968e+00, time=2024-09-04 01:54:26 
jj1 = 754, max_th = 2.124185e+00, time=2024-09-04 01:54:59 
jj1 = 540, max_th = 1.196172e+00, time=2024-09-04 01:56:09 
jj1 = 623, max_th = 1.715830e+00, time=2024-09-04 01:59:04 
jj1 = 580, max_th = 1.519261e+00, time=2024-09-04 01:59:16 
jj1 = 638, max_th = 2.117090e+00, time=2024-09-04 02:00:49 
jj1 = 739, max_th = 2.189891e+00, time=2024-09-04 02:01:32 
jj1 = 579, max_th = 2.800659e+00, time=2024-09-04 02:01:59 
jj1 = 713, max_th = 1.954866e+00, time=2024-09-04 02:02:47 
jj1 = 637, max_th = 3.235662e+00, time=2024-09-04 02:03:12 
jj1 = 657, max_th = 1.483740e+00, time=2024-09-04 02:04:20 
jj1 = 712, max_th = 9.218825e-01, time=2024-09-04 02:06:14 
jj1 = 677, max_th = 1.331746e+00, time=2024-09-04 02:08:51 
jj1 = 559, max_th = 2.410823e+00, time=2024-09-04 02:11:35 
jj1 = 599, max_th = 1.900532e+00, time=2024-09-04 02:12:13 
jj1 = 738, max_th = 2.668861e+00, time=2024-09-04 02:13:03 
jj1 = 694, max_th = 1.690609e+00, time=2024-09-04 02:13:40 
jj1 = 622, max_th = 2.346572e+00, time=2024-09-04 02:14:29 
jj1 = 737, max_th = 9.392903e-01, time=2024-09-04 02:15:03 
jj1 = 753, max_th = 2.453737e+00, time=2024-09-04 02:16:09 
jj1 = 693, max_th = 2.866350e+00, time=2024-09-04 02:16:39 
jj1 = 539, max_th = 1.946639e+00, time=2024-09-04 02:16:56 
jj1 = 558, max_th = 5.156588e+00, time=2024-09-04 02:17:32 
jj1 = 736, max_th = 1.386344e+00, time=2024-09-04 02:22:46 
jj1 = 711, max_th = 2.191504e+00, time=2024-09-04 02:23:27 
jj1 = 636, max_th = 2.297774e+00, time=2024-09-04 02:24:00 
jj1 = 656, max_th = 1.751692e+00, time=2024-09-04 02:27:30 
jj1 = 676, max_th = 2.106113e+00, time=2024-09-04 02:30:15 
jj1 = 598, max_th = 1.863199e+00, time=2024-09-04 02:31:58 
jj1 = 538, max_th = 1.830778e+00, time=2024-09-04 02:32:00 
jj1 = 621, max_th = 2.014394e+00, time=2024-09-04 02:33:19 
jj1 = 675, max_th = 9.670568e-01, time=2024-09-04 02:33:39 
jj1 = 635, max_th = 2.616426e+00, time=2024-09-04 02:34:00 
jj1 = 752, max_th = 2.268206e+00, time=2024-09-04 02:35:03 
jj1 = 710, max_th = 1.196509e+00, time=2024-09-04 02:35:23 
jj1 = 557, max_th = 2.314934e+00, time=2024-09-04 02:36:16 
jj1 = 634, max_th = 3.424774e+00, time=2024-09-04 02:39:32 
jj1 = 655, max_th = 1.231385e+00, time=2024-09-04 02:40:48 
jj1 = 692, max_th = 2.047919e+00, time=2024-09-04 02:42:12 
jj1 = 735, max_th = 2.000739e+00, time=2024-09-04 02:42:31 
jj1 = 633, max_th = 3.081852e+00, time=2024-09-04 02:45:25 
jj1 = 632, max_th = 3.489352e+00, time=2024-09-04 02:46:58 
jj1 = 597, max_th = 2.139220e+00, time=2024-09-04 02:49:08 
jj1 = 674, max_th = 1.689052e+00, time=2024-09-04 02:51:34 
jj1 = 620, max_th = 1.804553e+00, time=2024-09-04 02:51:36 
jj1 = 556, max_th = 2.150815e+00, time=2024-09-04 02:52:32 
jj1 = 654, max_th = 2.560766e+00, time=2024-09-04 02:56:37 
jj1 = 691, max_th = 1.329611e+00, time=2024-09-04 02:56:43 
jj1 = 537, max_th = 1.945767e+00, time=2024-09-04 02:58:34 
jj1 = 709, max_th = 1.866205e+00, time=2024-09-04 02:59:50 
jj1 = 631, max_th = 1.474859e+00, time=2024-09-04 03:00:17 
jj1 = 751, max_th = 1.980401e+00, time=2024-09-04 03:01:40 
jj1 = 578, max_th = 2.211847e+00, time=2024-09-04 03:02:21 
jj1 = 596, max_th = 1.530745e+00, time=2024-09-04 03:03:45 
jj1 = 734, max_th = 1.959444e+00, time=2024-09-04 03:04:16 
jj1 = 630, max_th = 3.494697e+00, time=2024-09-04 03:09:28 
jj1 = 555, max_th = 1.834275e+00, time=2024-09-04 03:09:39 
jj1 = 778, max_th = 1.160541e+00, time=2024-09-04 03:09:57 
jj1 = 595, max_th = 1.527389e+00, time=2024-09-04 03:11:10 
jj1 = 690, max_th = 1.431294e+00, time=2024-09-04 03:12:01 
jj1 = 619, max_th = 2.415586e+00, time=2024-09-04 03:13:00 
jj1 = 618, max_th = 3.724804e+00, time=2024-09-04 03:13:04 
jj1 = 577, max_th = 1.798667e+00, time=2024-09-04 03:18:39 
jj1 = 653, max_th = 2.394672e+00, time=2024-09-04 03:19:41 
jj1 = 750, max_th = 1.992227e+00, time=2024-09-04 03:20:23 
jj1 = 673, max_th = 1.543365e+00, time=2024-09-04 03:20:51 
jj1 = 629, max_th = 1.663632e+00, time=2024-09-04 03:23:50 
jj1 = 733, max_th = 2.063987e+00, time=2024-09-04 03:25:43 
jj1 = 689, max_th = 1.326991e+00, time=2024-09-04 03:26:35 
jj1 = 536, max_th = 2.271850e+00, time=2024-09-04 03:27:52 
jj1 = 777, max_th = 1.849161e+00, time=2024-09-04 03:29:40 
jj1 = 749, max_th = 1.419659e+00, time=2024-09-04 03:35:53 
jj1 = 858, max_th = 2.164665e+00, time=2024-09-04 03:36:04 
jj1 = 554, max_th = 2.122671e+00, time=2024-09-04 03:36:08 
jj1 = 617, max_th = 1.536064e+00, time=2024-09-04 03:36:42 
jj1 = 576, max_th = 1.993506e+00, time=2024-09-04 03:39:20 
jj1 = 672, max_th = 1.859212e+00, time=2024-09-04 03:42:27 
jj1 = 652, max_th = 2.319994e+00, time=2024-09-04 03:42:50 
jj1 = 788, max_th = 1.898758e+00, time=2024-09-04 03:45:24 
jj1 = 787, max_th = 3.261666e+00, time=2024-09-04 03:46:18 
jj1 = 553, max_th = 1.551525e+00, time=2024-09-04 03:46:51 
jj1 = 535, max_th = 1.798107e+00, time=2024-09-04 03:47:49 
jj1 = 808, max_th = 1.509141e+00, time=2024-09-04 03:47:54 
jj1 = 732, max_th = 1.875761e+00, time=2024-09-04 03:49:18 
jj1 = 776, max_th = 1.843009e+00, time=2024-09-04 03:51:09 
jj1 = 594, max_th = 2.060479e+00, time=2024-09-04 03:57:18 
jj1 = 534, max_th = 2.768792e+00, time=2024-09-04 03:57:45 
jj1 = 857, max_th = 1.989930e+00, time=2024-09-04 03:59:28 
jj1 = 671, max_th = 2.147979e+00, time=2024-09-04 04:00:07 
jj1 = 651, max_th = 2.565108e+00, time=2024-09-04 04:03:26 
jj1 = 731, max_th = 1.993386e+00, time=2024-09-04 04:04:47 
jj1 = 552, max_th = 1.810475e+00, time=2024-09-04 04:04:59 
jj1 = 575, max_th = 1.577192e+00, time=2024-09-04 04:08:14 
jj1 = 616, max_th = 2.388683e+00, time=2024-09-04 04:10:53 
jj1 = 670, max_th = 1.311480e+00, time=2024-09-04 04:11:00 
jj1 = 650, max_th = 9.778013e-01, time=2024-09-04 04:11:45 
jj1 = 786, max_th = 2.070250e+00, time=2024-09-04 04:15:24 
jj1 = 775, max_th = 1.769933e+00, time=2024-09-04 04:18:01 
jj1 = 807, max_th = 2.020251e+00, time=2024-09-04 04:18:13 
jj1 = 533, max_th = 2.293985e+00, time=2024-09-04 04:19:26 
jj1 = 856, max_th = 1.745310e+00, time=2024-09-04 04:19:25 
jj1 = 593, max_th = 2.045310e+00, time=2024-09-04 04:22:15 
jj1 = 730, max_th = 1.686519e+00, time=2024-09-04 04:23:46 
jj1 = 532, max_th = 1.286493e+00, time=2024-09-04 04:24:55 
jj1 = 806, max_th = 2.828891e+00, time=2024-09-04 04:25:50 
jj1 = 649, max_th = 2.298305e+00, time=2024-09-04 04:28:32 
jj1 = 669, max_th = 1.936110e+00, time=2024-09-04 04:29:19 
jj1 = 785, max_th = 1.312137e+00, time=2024-09-04 04:29:23 
jj1 = 878, max_th = 8.735902e-01, time=2024-09-04 04:31:32 
jj1 = 592, max_th = 1.392550e+00, time=2024-09-04 04:33:03 
jj1 = 591, max_th = 5.527009e-01, time=2024-09-04 04:33:55 
jj1 = 551, max_th = 1.948663e+00, time=2024-09-04 04:34:04 
jj1 = 729, max_th = 1.421985e+00, time=2024-09-04 04:35:49 
jj1 = 828, max_th = 3.178426e+00, time=2024-09-04 04:36:30 
jj1 = 590, max_th = 2.647173e+00, time=2024-09-04 04:37:32 
jj1 = 615, max_th = 2.411374e+00, time=2024-09-04 04:38:31 
jj1 = 531, max_th = 1.482667e+00, time=2024-09-04 04:41:04 
jj1 = 805, max_th = 2.124715e+00, time=2024-09-04 04:42:09 
jj1 = 798, max_th = 2.300341e+00, time=2024-09-04 04:43:46 
jj1 = 550, max_th = 2.652939e+00, time=2024-09-04 04:44:17 
jj1 = 530, max_th = 3.430677e+00, time=2024-09-04 04:46:48 
jj1 = 614, max_th = 2.446776e+00, time=2024-09-04 04:49:06 
jj1 = 529, max_th = 1.059298e+00, time=2024-09-04 04:50:05 
jj1 = 774, max_th = 1.754241e+00, time=2024-09-04 04:50:38 
jj1 = 855, max_th = 2.121931e+00, time=2024-09-04 04:51:07 
jj1 = 868, max_th = 6.842867e-01, time=2024-09-04 04:51:54 
jj1 = 784, max_th = 1.614626e+00, time=2024-09-04 04:52:08 
jj1 = 574, max_th = 1.827705e+00, time=2024-09-04 04:52:48 
jj1 = 783, max_th = 3.082537e+00, time=2024-09-04 04:55:03 
jj1 = 797, max_th = 2.084236e+00, time=2024-09-04 04:57:33 
jj1 = 549, max_th = 2.668714e+00, time=2024-09-04 04:58:01 
jj1 = 827, max_th = 1.862593e+00, time=2024-09-04 04:59:40 
jj1 = 804, max_th = 1.696103e+00, time=2024-09-04 05:00:39 
jj1 = 877, max_th = 2.089597e+00, time=2024-09-04 05:04:59 
jj1 = 573, max_th = 2.406591e+00, time=2024-09-04 05:08:29 
jj1 = 796, max_th = 2.494022e+00, time=2024-09-04 05:10:44 
jj1 = 572, max_th = 2.549891e+00, time=2024-09-04 05:11:01 
jj1 = 867, max_th = 2.163248e+00, time=2024-09-04 05:11:57 
jj1 = 613, max_th = 2.207477e+00, time=2024-09-04 05:14:39 
jj1 = 803, max_th = 2.587915e+00, time=2024-09-04 05:14:46 
jj1 = 802, max_th = 3.627266e+00, time=2024-09-04 05:15:04 
jj1 = 782, max_th = 1.764739e+00, time=2024-09-04 05:16:08 
jj1 = 589, max_th = 1.469812e+00, time=2024-09-04 05:17:26 
jj1 = 854, max_th = 2.239911e+00, time=2024-09-04 05:17:37 
jj1 = 795, max_th = 5.764170e-01, time=2024-09-04 05:18:24 
jj1 = 612, max_th = 1.267280e+00, time=2024-09-04 05:19:07 
jj1 = 876, max_th = 1.073025e-01, time=2024-09-04 05:20:06 
jj1 = 826, max_th = 1.687210e+00, time=2024-09-04 05:21:49 
jj1 = 818, max_th = 1.944632e+00, time=2024-09-04 05:22:56 
jj1 = 866, max_th = 1.390815e+00, time=2024-09-04 05:24:50 
jj1 = 773, max_th = 1.766387e+00, time=2024-09-04 05:26:13 
jj1 = 571, max_th = 1.523345e+00, time=2024-09-04 05:27:57 
jj1 = 781, max_th = 1.733750e+00, time=2024-09-04 05:28:17 
jj1 = 772, max_th = 1.338875e+00, time=2024-09-04 05:38:24 
jj1 = 875, max_th = 2.460246e+00, time=2024-09-04 05:39:38 
jj1 = 801, max_th = 2.588527e+00, time=2024-09-04 05:41:45 
jj1 = 853, max_th = 1.980337e+00, time=2024-09-04 05:42:25 
jj1 = 838, max_th = 1.948521e+00, time=2024-09-04 05:42:53 
jj1 = 825, max_th = 2.183842e+00, time=2024-09-04 05:44:09 
jj1 = 794, max_th = 2.211933e+00, time=2024-09-04 05:45:01 
jj1 = 570, max_th = 2.437857e+00, time=2024-09-04 05:45:19 
jj1 = 865, max_th = 2.116150e+00, time=2024-09-04 05:46:56 
jj1 = 780, max_th = 2.322711e+00, time=2024-09-04 05:48:46 
jj1 = 800, max_th = 2.467067e+00, time=2024-09-04 05:50:37 
jj1 = 611, max_th = 1.942354e+00, time=2024-09-04 05:50:48 
jj1 = 824, max_th = 2.698112e+00, time=2024-09-04 05:51:46 
jj1 = 771, max_th = 2.359477e+00, time=2024-09-04 05:52:42 
jj1 = 569, max_th = 2.396604e+00, time=2024-09-04 05:59:00 
jj1 = 610, max_th = 9.426494e-01, time=2024-09-04 06:00:03 
jj1 = 817, max_th = 1.623460e+00, time=2024-09-04 06:00:10 
jj1 = 799, max_th = 1.244723e+00, time=2024-09-04 06:00:43 
jj1 = 793, max_th = 1.900345e+00, time=2024-09-04 06:01:42 
jj1 = 837, max_th = 2.022092e+00, time=2024-09-04 06:03:53 
jj1 = 874, max_th = 2.070102e+00, time=2024-09-04 06:04:16 
jj1 = 779, max_th = 2.341153e+00, time=2024-09-04 06:04:50 
jj1 = 864, max_th = 1.351677e+00, time=2024-09-04 06:05:36 
jj1 = 823, max_th = 2.334884e+00, time=2024-09-04 06:06:29 
jj1 = 792, max_th = 1.299985e+00, time=2024-09-04 06:08:17 
jj1 = 816, max_th = 2.344900e+00, time=2024-09-04 06:14:57 
jj1 = 863, max_th = 2.351189e+00, time=2024-09-04 06:17:28 
jj1 = 908, max_th = 2.056510e+00, time=2024-09-04 06:17:51 
jj1 = 873, max_th = 2.783362e+00, time=2024-09-04 06:18:21 
jj1 = 770, max_th = 2.057940e+00, time=2024-09-04 06:19:36 
jj1 = 609, max_th = 2.224015e+00, time=2024-09-04 06:19:39 
jj1 = 852, max_th = 1.825728e+00, time=2024-09-04 06:21:23 
jj1 = 791, max_th = 1.524904e+00, time=2024-09-04 06:21:48 
jj1 = 815, max_th = 2.644229e+00, time=2024-09-04 06:22:37 
jj1 = 848, max_th = 2.245876e+00, time=2024-09-04 06:23:41 
jj1 = 862, max_th = 2.499795e+00, time=2024-09-04 06:23:49 
jj1 = 903, max_th = 2.163071e+00, time=2024-09-04 06:26:34 
jj1 = 836, max_th = 2.041130e+00, time=2024-09-04 06:27:05 
jj1 = 822, max_th = 2.027088e+00, time=2024-09-04 06:29:24 
jj1 = 872, max_th = 1.353791e+00, time=2024-09-04 06:31:23 
jj1 = 847, max_th = 2.510010e+00, time=2024-09-04 06:31:29 
jj1 = 888, max_th = 2.564943e+00, time=2024-09-04 06:32:01 
jj1 = 835, max_th = 2.865719e+00, time=2024-09-04 06:33:32 
jj1 = 907, max_th = 2.480615e+00, time=2024-09-04 06:34:31 
jj1 = 769, max_th = 1.561609e+00, time=2024-09-04 06:37:55 
jj1 = 790, max_th = 1.201742e+00, time=2024-09-04 06:39:14 
jj1 = 906, max_th = 2.816812e+00, time=2024-09-04 06:43:18 
jj1 = 871, max_th = 1.525670e+00, time=2024-09-04 06:43:28 
jj1 = 821, max_th = 2.001939e+00, time=2024-09-04 06:45:20 
jj1 = 814, max_th = 2.123501e+00, time=2024-09-04 06:45:47 
jj1 = 820, max_th = 2.646223e+00, time=2024-09-04 06:48:48 
jj1 = 851, max_th = 2.328211e+00, time=2024-09-04 06:48:48 
jj1 = 846, max_th = 1.749110e+00, time=2024-09-04 06:49:13 
jj1 = 861, max_th = 2.120053e+00, time=2024-09-04 06:49:15 
jj1 = 870, max_th = 1.329890e+00, time=2024-09-04 06:49:55 
jj1 = 902, max_th = 2.288202e+00, time=2024-09-04 06:51:09 
jj1 = 887, max_th = 2.119817e+00, time=2024-09-04 06:54:38 
jj1 = 834, max_th = 2.110063e+00, time=2024-09-04 06:55:20 
jj1 = 813, max_th = 1.848975e+00, time=2024-09-04 06:56:46 
jj1 = 893, max_th = 2.107891e+00, time=2024-09-04 06:56:51 
jj1 = 905, max_th = 1.376314e+00, time=2024-09-04 06:56:53 
jj1 = 892, max_th = 5.842204e-01, time=2024-09-04 06:59:07 
jj1 = 833, max_th = 1.197295e+00, time=2024-09-04 06:59:30 
jj1 = 901, max_th = 1.207132e+00, time=2024-09-04 07:00:26 
jj1 = 789, max_th = 2.228415e+00, time=2024-09-04 07:01:14 
jj1 = 860, max_th = 1.485169e+00, time=2024-09-04 07:01:19 
jj1 = 832, max_th = 1.054135e+00, time=2024-09-04 07:02:21 
jj1 = 869, max_th = 1.574676e+00, time=2024-09-04 07:03:57 
jj1 = 850, max_th = 1.786352e+00, time=2024-09-04 07:04:51 
jj1 = 831, max_th = 1.101432e+00, time=2024-09-04 07:05:15 
jj1 = 819, max_th = 2.273784e+00, time=2024-09-04 07:06:03 
jj1 = 900, max_th = 2.610031e+00, time=2024-09-04 07:07:46 
jj1 = 845, max_th = 1.621401e+00, time=2024-09-04 07:08:06 
jj1 = 812, max_th = 2.144227e+00, time=2024-09-04 07:08:27 
jj1 = 849, max_th = 1.540626e+00, time=2024-09-04 07:09:25 
jj1 = 886, max_th = 1.821006e+00, time=2024-09-04 07:09:43 
jj1 = 918, max_th = 1.598465e+00, time=2024-09-04 07:09:49 
jj1 = 913, max_th = 1.766454e+00, time=2024-09-04 07:10:05 
jj1 = 904, max_th = 1.162305e+00, time=2024-09-04 07:10:57 
jj1 = 830, max_th = 1.445019e+00, time=2024-09-04 07:10:57 
jj1 = 898, max_th = 1.154460e+00, time=2024-09-04 07:11:42 
jj1 = 829, max_th = 5.365232e-01, time=2024-09-04 07:12:01 
jj1 = 923, max_th = 3.649617e+00, time=2024-09-04 07:14:09 
jj1 = 938, max_th = 1.144268e+00, time=2024-09-04 07:15:26 
jj1 = 917, max_th = 2.134316e+00, time=2024-09-04 07:17:28 
jj1 = 891, max_th = 2.122395e+00, time=2024-09-04 07:17:32 
jj1 = 899, max_th = 2.664475e+00, time=2024-09-04 07:18:05 
jj1 = 912, max_th = 1.636819e+00, time=2024-09-04 07:18:21 
jj1 = 922, max_th = 1.490198e+00, time=2024-09-04 07:19:24 
jj1 = 937, max_th = 2.874976e+00, time=2024-09-04 07:19:45 
jj1 = 948, max_th = 2.412629e+00, time=2024-09-04 07:19:50 
jj1 = 811, max_th = 1.909695e+00, time=2024-09-04 07:20:24 
jj1 = 897, max_th = 2.203064e+00, time=2024-09-04 07:20:27 
jj1 = 885, max_th = 1.596212e+00, time=2024-09-04 07:20:45 
jj1 = 936, max_th = 1.215624e+00, time=2024-09-04 07:21:54 
jj1 = 916, max_th = 2.609409e+00, time=2024-09-04 07:22:33 
jj1 = 859, max_th = 1.765299e+00, time=2024-09-04 07:25:13 
jj1 = 844, max_th = 2.258066e+00, time=2024-09-04 07:25:37 
jj1 = 952, max_th = 2.563410e+00, time=2024-09-04 07:26:52 
jj1 = 810, max_th = 1.261239e+00, time=2024-09-04 07:28:02 
jj1 = 951, max_th = 5.563081e-01, time=2024-09-04 07:28:30 
jj1 = 921, max_th = 2.174822e+00, time=2024-09-04 07:29:03 
jj1 = 884, max_th = 2.012855e+00, time=2024-09-04 07:29:05 
jj1 = 890, max_th = 1.952713e+00, time=2024-09-04 07:29:31 
jj1 = 915, max_th = 1.307129e+00, time=2024-09-04 07:29:40 
jj1 = 911, max_th = 2.333875e+00, time=2024-09-04 07:29:45 
jj1 = 947, max_th = 1.550284e+00, time=2024-09-04 07:31:22 
jj1 = 883, max_th = 2.713988e+00, time=2024-09-04 07:32:27 
jj1 = 843, max_th = 2.808781e+00, time=2024-09-04 07:33:18 
jj1 = 935, max_th = 1.975706e+00, time=2024-09-04 07:34:44 
jj1 = 950, max_th = 2.462931e+00, time=2024-09-04 07:35:04 
jj1 = 928, max_th = 2.190228e+00, time=2024-09-04 07:35:10 
jj1 = 896, max_th = 2.017367e+00, time=2024-09-04 07:35:24 
jj1 = 882, max_th = 2.695597e+00, time=2024-09-04 07:36:15 
jj1 = 889, max_th = 2.168782e+00, time=2024-09-04 07:37:54 
jj1 = 946, max_th = 9.559549e-01, time=2024-09-04 07:38:04 
jj1 = 809, max_th = 1.791952e+00, time=2024-09-04 07:38:10 
jj1 = 920, max_th = 1.894977e+00, time=2024-09-04 07:39:25 
jj1 = 933, max_th = 2.996272e+00, time=2024-09-04 07:39:39 
jj1 = 910, max_th = 1.279444e+00, time=2024-09-04 07:39:45 
jj1 = 919, max_th = 1.062004e+00, time=2024-09-04 07:41:00 
jj1 = 972, max_th = 3.412170e+00, time=2024-09-04 07:42:09 
jj1 = 934, max_th = 2.514051e+00, time=2024-09-04 07:42:30 
jj1 = 914, max_th = 1.558325e+00, time=2024-09-04 07:43:56 
jj1 = 842, max_th = 1.553858e+00, time=2024-09-04 07:44:01 
jj1 = 927, max_th = 2.424973e+00, time=2024-09-04 07:44:10 
jj1 = 932, max_th = 2.472740e+00, time=2024-09-04 07:45:11 
jj1 = 895, max_th = 1.660821e+00, time=2024-09-04 07:45:15 
jj1 = 881, max_th = 1.712515e+00, time=2024-09-04 07:45:19 
jj1 = 949, max_th = 1.611639e+00, time=2024-09-04 07:45:37 
jj1 = 909, max_th = 1.518787e+00, time=2024-09-04 07:46:03 
jj1 = 960, max_th = 1.574299e+00, time=2024-09-04 07:46:19 
jj1 = 988, max_th = 2.704779e+00, time=2024-09-04 07:48:54 
jj1 = 894, max_th = 9.180166e-01, time=2024-09-04 07:49:03 
jj1 = 984, max_th = 2.152211e+00, time=2024-09-04 07:49:58 
jj1 = 841, max_th = 1.488409e+00, time=2024-09-04 07:50:27 
jj1 = 959, max_th = 2.643297e+00, time=2024-09-04 07:50:30 
jj1 = 926, max_th = 2.436039e+00, time=2024-09-04 07:50:46 
jj1 = 983, max_th = 2.953768e+00, time=2024-09-04 07:51:45 
jj1 = 931, max_th = 2.924734e+00, time=2024-09-04 07:52:01 
jj1 = 971, max_th = 1.997153e+00, time=2024-09-04 07:52:49 
jj1 = 987, max_th = 1.064024e+00, time=2024-09-04 07:53:01 
jj1 = 880, max_th = 1.996616e+00, time=2024-09-04 07:53:55 
jj1 = 968, max_th = 2.272374e+00, time=2024-09-04 07:54:18 
jj1 = 945, max_th = 1.832438e+00, time=2024-09-04 07:55:01 
jj1 = 970, max_th = 1.202733e+00, time=2024-09-04 07:56:33 
jj1 = 967, max_th = 9.832700e-01, time=2024-09-04 07:57:05 
jj1 = 958, max_th = 1.738629e+00, time=2024-09-04 07:59:00 
jj1 = 925, max_th = 1.941360e+00, time=2024-09-04 08:00:03 
jj1 = 986, max_th = 2.464421e+00, time=2024-09-04 08:00:07 
jj1 = 982, max_th = 2.296182e+00, time=2024-09-04 08:00:29 
jj1 = 966, max_th = 9.293931e-01, time=2024-09-04 08:00:52 
jj1 = 879, max_th = 1.552718e+00, time=2024-09-04 08:01:55 
jj1 = 840, max_th = 1.946261e+00, time=2024-09-04 08:02:22 
jj1 = 969, max_th = 2.280799e+00, time=2024-09-04 08:03:00 
jj1 = 930, max_th = 1.825220e+00, time=2024-09-04 08:03:10 
jj1 = 964, max_th = 2.231916e+00, time=2024-09-04 08:03:17 
jj1 = 965, max_th = 1.168768e+00, time=2024-09-04 08:04:52 
jj1 = 944, max_th = 1.966464e+00, time=2024-09-04 08:05:53 
jj1 = 976, max_th = 1.631538e+00, time=2024-09-04 08:06:06 
jj1 = 957, max_th = 1.726858e+00, time=2024-09-04 08:08:27 
jj1 = 924, max_th = 2.103229e+00, time=2024-09-04 08:08:58 
jj1 = 985, max_th = 1.620601e+00, time=2024-09-04 08:09:21 
jj1 = 929, max_th = 2.422304e+00, time=2024-09-04 08:10:06 
jj1 = 956, max_th = 1.636790e+00, time=2024-09-04 08:10:37 
jj1 = 839, max_th = 1.671419e+00, time=2024-09-04 08:10:40 
jj1 = 997, max_th = 8.623947e-01, time=2024-09-04 08:11:19 
jj1 = 998, max_th = 1.764979e+00, time=2024-09-04 08:11:56 
jj1 = 981, max_th = 1.337264e+00, time=2024-09-04 08:12:46 
jj1 = 943, max_th = 1.115174e+00, time=2024-09-04 08:13:07 
jj1 = 996, max_th = 1.195052e+00, time=2024-09-04 08:14:06 
jj1 = 1000, max_th = 2.329271e+00, time=2024-09-04 08:16:06 
jj1 = 963, max_th = 1.933439e+00, time=2024-09-04 08:16:23 
jj1 = 955, max_th = 2.380535e+00, time=2024-09-04 08:17:15 
jj1 = 992, max_th = 1.982765e+00, time=2024-09-04 08:19:57 
jj1 = 975, max_th = 2.108517e+00, time=2024-09-04 08:21:05 
jj1 = 980, max_th = 1.830834e+00, time=2024-09-04 08:21:52 
jj1 = 999, max_th = 1.909061e+00, time=2024-09-04 08:22:23 
jj1 = 942, max_th = 2.168512e+00, time=2024-09-04 08:23:58 
jj1 = 954, max_th = 2.407578e+00, time=2024-09-04 08:24:43 
jj1 = 974, max_th = 1.472281e+00, time=2024-09-04 08:26:17 
jj1 = 991, max_th = 1.731812e+00, time=2024-09-04 08:28:15 
jj1 = 953, max_th = 2.698432e+00, time=2024-09-04 08:28:40 
jj1 = 962, max_th = 2.211356e+00, time=2024-09-04 08:28:52 
jj1 = 995, max_th = 2.181765e+00, time=2024-09-04 08:29:35 
jj1 = 941, max_th = 1.817973e+00, time=2024-09-04 08:34:43 
jj1 = 961, max_th = 1.396853e+00, time=2024-09-04 08:34:59 
jj1 = 979, max_th = 1.508777e+00, time=2024-09-04 08:35:22 
jj1 = 990, max_th = 2.292816e+00, time=2024-09-04 08:36:12 
jj1 = 973, max_th = 2.137306e+00, time=2024-09-04 08:39:56 
jj1 = 994, max_th = 2.081972e+00, time=2024-09-04 08:41:20 
jj1 = 989, max_th = 2.456877e+00, time=2024-09-04 08:43:48 
jj1 = 940, max_th = 2.127186e+00, time=2024-09-04 08:44:14 
jj1 = 993, max_th = 2.759327e+00, time=2024-09-04 08:44:26 
jj1 = 978, max_th = 2.195956e+00, time=2024-09-04 08:45:07 
jj1 = 939, max_th = 2.731064e+00, time=2024-09-04 08:50:40 
jj1 = 977, max_th = 1.812655e+00, time=2024-09-04 08:53:29 
>> >> >> >> >> >> >> >> 