MATLAB is selecting SOFTWARE OPENGL rendering.

                            < M A T L A B (R) >
                  Copyright 1984-2021 The MathWorks, Inc.
                  R2021b (9.11.0.1769968) 64-bit (glnxa64)
                             September 17, 2021

 
To get started, type doc.
For product information, visit www.mathworks.com.
 
>> >> >> >> >> >> >> >> >> >> >> >> >> >> >> >> >> >> >> >> >> >> >> >> Starting parallel pool (parpool) using the 'local' profile ...
Connected to the parallel pool (number of workers: 12).
jj1 = 55, max_th = 2.546250e+00, time=2024-09-03 10:12:47 
jj1 = 50, max_th = 1.511133e+00, time=2024-09-03 10:12:49 
jj1 = 25, max_th = 1.330584e+00, time=2024-09-03 10:13:37 
jj1 = 10, max_th = 1.336588e+00, time=2024-09-03 10:14:07 
jj1 = 40, max_th = 2.532009e+00, time=2024-09-03 10:15:19 
jj1 = 20, max_th = 1.471035e+00, time=2024-09-03 10:16:36 
jj1 = 35, max_th = 1.556162e+00, time=2024-09-03 10:17:57 
jj1 = 30, max_th = 1.663792e+00, time=2024-09-03 10:20:32 
jj1 = 60, max_th = 1.678921e+00, time=2024-09-03 10:21:32 
jj1 = 45, max_th = 1.625005e+00, time=2024-09-03 10:21:50 
jj1 = 5, max_th = 1.865886e+00, time=2024-09-03 10:24:28 
jj1 = 15, max_th = 1.939217e+00, time=2024-09-03 10:25:01 
jj1 = 34, max_th = 2.784409e+00, time=2024-09-03 10:25:34 
jj1 = 24, max_th = 1.366434e+00, time=2024-09-03 10:26:47 
jj1 = 9, max_th = 1.596605e+00, time=2024-09-03 10:31:36 
jj1 = 49, max_th = 2.333113e+00, time=2024-09-03 10:32:56 
jj1 = 4, max_th = 1.307064e+00, time=2024-09-03 10:34:07 
jj1 = 3, max_th = 3.082563e+00, time=2024-09-03 10:36:04 
jj1 = 59, max_th = 2.150078e+00, time=2024-09-03 10:36:20 
jj1 = 19, max_th = 2.257423e+00, time=2024-09-03 10:36:50 
jj1 = 8, max_th = 1.198620e+00, time=2024-09-03 10:37:51 
jj1 = 54, max_th = 2.171382e+00, time=2024-09-03 10:38:36 
jj1 = 23, max_th = 2.496693e+00, time=2024-09-03 10:39:50 
jj1 = 39, max_th = 1.978662e+00, time=2024-09-03 10:41:57 
jj1 = 44, max_th = 1.662685e+00, time=2024-09-03 10:42:23 
jj1 = 29, max_th = 1.820338e+00, time=2024-09-03 10:43:01 
jj1 = 48, max_th = 1.318708e+00, time=2024-09-03 10:43:28 
jj1 = 14, max_th = 1.951212e+00, time=2024-09-03 10:44:26 
jj1 = 33, max_th = 1.676983e+00, time=2024-09-03 10:47:05 
jj1 = 47, max_th = 8.920894e-01, time=2024-09-03 10:47:38 
jj1 = 38, max_th = 9.787265e-01, time=2024-09-03 10:47:52 
jj1 = 58, max_th = 1.363495e+00, time=2024-09-03 10:49:26 
jj1 = 57, max_th = 8.246165e-01, time=2024-09-03 10:53:02 
jj1 = 18, max_th = 1.623934e+00, time=2024-09-03 10:56:15 
jj1 = 43, max_th = 1.657305e+00, time=2024-09-03 11:02:10 
jj1 = 22, max_th = 1.905192e+00, time=2024-09-03 11:02:11 
jj1 = 7, max_th = 2.140547e+00, time=2024-09-03 11:02:28 
jj1 = 53, max_th = 1.870707e+00, time=2024-09-03 11:03:26 
jj1 = 2, max_th = 1.973484e+00, time=2024-09-03 11:03:40 
jj1 = 28, max_th = 2.188546e+00, time=2024-09-03 11:05:55 
jj1 = 46, max_th = 2.370731e+00, time=2024-09-03 11:06:05 
jj1 = 13, max_th = 1.908724e+00, time=2024-09-03 11:07:40 
jj1 = 52, max_th = 9.246863e-01, time=2024-09-03 11:08:34 
jj1 = 32, max_th = 1.844024e+00, time=2024-09-03 11:10:45 
jj1 = 37, max_th = 1.909420e+00, time=2024-09-03 11:11:43 
jj1 = 36, max_th = 2.900640e+00, time=2024-09-03 11:15:02 
jj1 = 42, max_th = 1.385230e+00, time=2024-09-03 11:15:18 
jj1 = 17, max_th = 2.338304e+00, time=2024-09-03 11:15:45 
jj1 = 56, max_th = 1.915483e+00, time=2024-09-03 11:16:39 
jj1 = 12, max_th = 1.399605e+00, time=2024-09-03 11:16:42 
jj1 = 21, max_th = 1.602005e+00, time=2024-09-03 11:17:14 
jj1 = 1, max_th = 1.576893e+00, time=2024-09-03 11:22:34 
jj1 = 16, max_th = 2.694163e+00, time=2024-09-03 11:23:28 
jj1 = 450, max_th = 1.627740e+00, time=2024-09-03 11:24:01 
jj1 = 6, max_th = 1.966041e+00, time=2024-09-03 11:27:15 
jj1 = 31, max_th = 2.303535e+00, time=2024-09-03 11:27:46 
jj1 = 51, max_th = 2.146146e+00, time=2024-09-03 11:28:34 
jj1 = 27, max_th = 1.886971e+00, time=2024-09-03 11:29:09 
jj1 = 372, max_th = 1.515322e+00, time=2024-09-03 11:30:27 
jj1 = 255, max_th = 1.560264e+00, time=2024-09-03 11:32:57 
jj1 = 216, max_th = 1.382066e+00, time=2024-09-03 11:34:58 
jj1 = 528, max_th = 2.328558e+00, time=2024-09-03 11:35:14 
jj1 = 333, max_th = 1.235293e+00, time=2024-09-03 11:36:51 
jj1 = 41, max_th = 1.912590e+00, time=2024-09-03 11:36:59 
jj1 = 11, max_th = 2.179353e+00, time=2024-09-03 11:37:17 
jj1 = 371, max_th = 1.270361e+00, time=2024-09-03 11:39:17 
jj1 = 449, max_th = 1.610146e+00, time=2024-09-03 11:40:56 
jj1 = 332, max_th = 9.331629e-01, time=2024-09-03 11:41:12 
jj1 = 99, max_th = 2.153525e+00, time=2024-09-03 11:41:23 
jj1 = 138, max_th = 1.615124e+00, time=2024-09-03 11:44:49 
jj1 = 448, max_th = 9.609709e-01, time=2024-09-03 11:44:54 
jj1 = 26, max_th = 1.658109e+00, time=2024-09-03 11:46:20 
jj1 = 215, max_th = 1.373198e+00, time=2024-09-03 11:46:25 
jj1 = 411, max_th = 1.333062e+00, time=2024-09-03 11:48:19 
jj1 = 254, max_th = 2.363143e+00, time=2024-09-03 11:50:03 
jj1 = 489, max_th = 1.880778e+00, time=2024-09-03 11:50:27 
jj1 = 370, max_th = 2.404691e+00, time=2024-09-03 11:53:40 
jj1 = 177, max_th = 2.371938e+00, time=2024-09-03 11:54:50 
jj1 = 527, max_th = 2.283547e+00, time=2024-09-03 11:55:31 
jj1 = 137, max_th = 1.591573e+00, time=2024-09-03 12:00:56 
jj1 = 331, max_th = 2.159796e+00, time=2024-09-03 12:01:24 
jj1 = 488, max_th = 1.448718e+00, time=2024-09-03 12:01:53 
jj1 = 98, max_th = 1.938082e+00, time=2024-09-03 12:02:48 
jj1 = 447, max_th = 1.819297e+00, time=2024-09-03 12:06:11 
jj1 = 410, max_th = 1.665267e+00, time=2024-09-03 12:06:32 
jj1 = 97, max_th = 8.870637e-01, time=2024-09-03 12:06:33 
jj1 = 214, max_th = 1.955441e+00, time=2024-09-03 12:06:38 
jj1 = 526, max_th = 2.581289e+00, time=2024-09-03 12:07:00 
jj1 = 294, max_th = 1.868687e+00, time=2024-09-03 12:08:36 
jj1 = 176, max_th = 1.699481e+00, time=2024-09-03 12:08:45 
jj1 = 253, max_th = 1.896212e+00, time=2024-09-03 12:10:06 
jj1 = 409, max_th = 2.635731e+00, time=2024-09-03 12:15:05 
jj1 = 525, max_th = 2.663831e+00, time=2024-09-03 12:16:08 
jj1 = 369, max_th = 2.125095e+00, time=2024-09-03 12:16:31 
jj1 = 136, max_th = 1.901744e+00, time=2024-09-03 12:18:59 
jj1 = 487, max_th = 1.662450e+00, time=2024-09-03 12:19:35 
jj1 = 330, max_th = 2.156351e+00, time=2024-09-03 12:20:56 
jj1 = 408, max_th = 2.741085e+00, time=2024-09-03 12:21:56 
jj1 = 293, max_th = 2.402379e+00, time=2024-09-03 12:22:43 
jj1 = 96, max_th = 1.518548e+00, time=2024-09-03 12:22:44 
jj1 = 446, max_th = 1.630245e+00, time=2024-09-03 12:24:04 
jj1 = 213, max_th = 1.954713e+00, time=2024-09-03 12:26:47 
jj1 = 175, max_th = 1.684577e+00, time=2024-09-03 12:27:16 
jj1 = 252, max_th = 2.323041e+00, time=2024-09-03 12:28:30 
jj1 = 135, max_th = 2.623109e+00, time=2024-09-03 12:29:20 
jj1 = 407, max_th = 1.242369e+00, time=2024-09-03 12:31:10 
jj1 = 95, max_th = 1.320022e+00, time=2024-09-03 12:34:15 
jj1 = 368, max_th = 1.684614e+00, time=2024-09-03 12:34:47 
jj1 = 329, max_th = 1.647939e+00, time=2024-09-03 12:36:29 
jj1 = 524, max_th = 2.138134e+00, time=2024-09-03 12:37:55 
jj1 = 174, max_th = 1.316420e+00, time=2024-09-03 12:37:55 
jj1 = 292, max_th = 1.676879e+00, time=2024-09-03 12:40:39 
jj1 = 486, max_th = 1.865944e+00, time=2024-09-03 12:41:49 
jj1 = 445, max_th = 1.660840e+00, time=2024-09-03 12:42:16 
jj1 = 134, max_th = 1.657128e+00, time=2024-09-03 12:46:26 
jj1 = 212, max_th = 1.808326e+00, time=2024-09-03 12:46:27 
jj1 = 251, max_th = 2.204460e+00, time=2024-09-03 12:46:57 
jj1 = 173, max_th = 1.293245e+00, time=2024-09-03 12:47:46 
jj1 = 328, max_th = 1.362049e+00, time=2024-09-03 12:47:54 
jj1 = 523, max_th = 1.315770e+00, time=2024-09-03 12:49:14 
jj1 = 94, max_th = 2.426597e+00, time=2024-09-03 12:50:15 
jj1 = 406, max_th = 2.103398e+00, time=2024-09-03 12:50:46 
jj1 = 444, max_th = 1.315860e+00, time=2024-09-03 12:52:37 
jj1 = 485, max_th = 2.398676e+00, time=2024-09-03 12:55:10 
jj1 = 291, max_th = 2.348161e+00, time=2024-09-03 12:55:42 
jj1 = 367, max_th = 1.933243e+00, time=2024-09-03 12:57:04 
jj1 = 93, max_th = 1.333571e+00, time=2024-09-03 13:00:32 
jj1 = 366, max_th = 2.853813e+00, time=2024-09-03 13:01:36 
jj1 = 250, max_th = 1.901300e+00, time=2024-09-03 13:01:44 
jj1 = 443, max_th = 2.563756e+00, time=2024-09-03 13:04:18 
jj1 = 327, max_th = 2.341727e+00, time=2024-09-03 13:04:45 
jj1 = 522, max_th = 1.597548e+00, time=2024-09-03 13:04:54 
jj1 = 405, max_th = 2.480781e+00, time=2024-09-03 13:05:26 
jj1 = 211, max_th = 1.963908e+00, time=2024-09-03 13:08:09 
jj1 = 92, max_th = 1.194738e+00, time=2024-09-03 13:08:36 
jj1 = 133, max_th = 1.873672e+00, time=2024-09-03 13:08:47 
jj1 = 172, max_th = 1.820661e+00, time=2024-09-03 13:10:10 
jj1 = 290, max_th = 1.655121e+00, time=2024-09-03 13:12:29 
jj1 = 404, max_th = 1.203232e+00, time=2024-09-03 13:13:31 
jj1 = 521, max_th = 1.381905e+00, time=2024-09-03 13:17:05 
jj1 = 171, max_th = 2.780059e+00, time=2024-09-03 13:17:12 
jj1 = 484, max_th = 1.878757e+00, time=2024-09-03 13:17:25 
jj1 = 365, max_th = 1.528387e+00, time=2024-09-03 13:17:29 
jj1 = 483, max_th = -5.029152e-02, time=2024-09-03 13:18:04 
jj1 = 249, max_th = 2.167386e+00, time=2024-09-03 13:23:03 
jj1 = 210, max_th = 1.520873e+00, time=2024-09-03 13:24:53 
jj1 = 248, max_th = 3.055742e+00, time=2024-09-03 13:25:06 
jj1 = 91, max_th = 2.379305e+00, time=2024-09-03 13:25:14 
jj1 = 326, max_th = 1.859646e+00, time=2024-09-03 13:25:23 
jj1 = 442, max_th = 1.879153e+00, time=2024-09-03 13:26:15 
jj1 = 289, max_th = 2.462715e+00, time=2024-09-03 13:27:01 
jj1 = 132, max_th = 2.131663e+00, time=2024-09-03 13:30:23 
jj1 = 170, max_th = 2.521958e+00, time=2024-09-03 13:30:45 
jj1 = 403, max_th = 2.306532e+00, time=2024-09-03 13:30:45 
jj1 = 441, max_th = 2.780384e+00, time=2024-09-03 13:32:54 
jj1 = 90, max_th = 2.717627e+00, time=2024-09-03 13:33:01 
jj1 = 520, max_th = 2.146315e+00, time=2024-09-03 13:35:51 
jj1 = 402, max_th = 2.807761e+00, time=2024-09-03 13:36:10 
jj1 = 482, max_th = 1.951462e+00, time=2024-09-03 13:36:25 
jj1 = 364, max_th = 1.943427e+00, time=2024-09-03 13:38:10 
jj1 = 288, max_th = 2.542464e+00, time=2024-09-03 13:38:31 
jj1 = 131, max_th = 1.227849e+00, time=2024-09-03 13:39:10 
jj1 = 247, max_th = 2.387722e+00, time=2024-09-03 13:41:20 
jj1 = 209, max_th = 2.329141e+00, time=2024-09-03 13:43:13 
jj1 = 246, max_th = 8.440898e-01, time=2024-09-03 13:43:48 
jj1 = 89, max_th = 1.404287e+00, time=2024-09-03 13:45:43 
jj1 = 325, max_th = 2.167434e+00, time=2024-09-03 13:46:24 
jj1 = 481, max_th = 1.367206e+00, time=2024-09-03 13:47:19 
jj1 = 440, max_th = 2.481291e+00, time=2024-09-03 13:47:28 
jj1 = 169, max_th = 1.655275e+00, time=2024-09-03 13:48:17 
jj1 = 401, max_th = 2.401365e+00, time=2024-09-03 13:49:32 
jj1 = 324, max_th = 9.050759e-01, time=2024-09-03 13:49:53 
jj1 = 287, max_th = 2.200872e+00, time=2024-09-03 13:54:08 
jj1 = 480, max_th = 2.603042e+00, time=2024-09-03 13:56:47 
jj1 = 88, max_th = 1.365475e+00, time=2024-09-03 13:57:00 
jj1 = 519, max_th = 2.118932e+00, time=2024-09-03 13:57:23 
jj1 = 286, max_th = 2.889833e+00, time=2024-09-03 13:58:20 
jj1 = 363, max_th = 1.921360e+00, time=2024-09-03 14:00:27 
jj1 = 130, max_th = 1.915080e+00, time=2024-09-03 14:01:32 
jj1 = 208, max_th = 1.675735e+00, time=2024-09-03 14:02:31 
jj1 = 245, max_th = 1.837532e+00, time=2024-09-03 14:04:31 
jj1 = 207, max_th = 9.545759e-01, time=2024-09-03 14:06:23 
jj1 = 168, max_th = 2.147358e+00, time=2024-09-03 14:06:40 
jj1 = 439, max_th = 2.103804e+00, time=2024-09-03 14:07:08 
jj1 = 323, max_th = 2.371979e+00, time=2024-09-03 14:07:29 
jj1 = 400, max_th = 2.318792e+00, time=2024-09-03 14:08:33 
jj1 = 479, max_th = 1.950661e+00, time=2024-09-03 14:13:18 
jj1 = 129, max_th = 2.521808e+00, time=2024-09-03 14:15:04 
jj1 = 87, max_th = 1.902470e+00, time=2024-09-03 14:15:54 
jj1 = 206, max_th = 1.335671e+00, time=2024-09-03 14:17:30 
jj1 = 285, max_th = 1.945360e+00, time=2024-09-03 14:18:37 
jj1 = 128, max_th = 2.914485e+00, time=2024-09-03 14:18:41 
jj1 = 518, max_th = 1.916521e+00, time=2024-09-03 14:19:11 
jj1 = 205, max_th = 8.084382e-01, time=2024-09-03 14:20:26 
jj1 = 167, max_th = 1.603794e+00, time=2024-09-03 14:21:57 
jj1 = 362, max_th = 1.828339e+00, time=2024-09-03 14:22:00 
jj1 = 322, max_th = 2.389873e+00, time=2024-09-03 14:23:19 
jj1 = 438, max_th = 2.149038e+00, time=2024-09-03 14:23:42 
jj1 = 244, max_th = 1.990345e+00, time=2024-09-03 14:25:16 
jj1 = 399, max_th = 2.204442e+00, time=2024-09-03 14:26:47 
jj1 = 398, max_th = 9.317158e-01, time=2024-09-03 14:30:51 
jj1 = 361, max_th = 1.377080e+00, time=2024-09-03 14:33:27 
jj1 = 478, max_th = 1.859564e+00, time=2024-09-03 14:34:03 
jj1 = 284, max_th = 2.334532e+00, time=2024-09-03 14:36:10 
jj1 = 86, max_th = 2.229975e+00, time=2024-09-03 14:36:37 
jj1 = 166, max_th = 1.701429e+00, time=2024-09-03 14:37:42 
jj1 = 127, max_th = 1.845985e+00, time=2024-09-03 14:37:44 
jj1 = 321, max_th = 2.420180e+00, time=2024-09-03 14:39:34 
jj1 = 360, max_th = 2.773882e+00, time=2024-09-03 14:39:54 
jj1 = 517, max_th = 1.977997e+00, time=2024-09-03 14:41:58 
jj1 = 437, max_th = 1.847797e+00, time=2024-09-03 14:42:02 
jj1 = 204, max_th = 2.128124e+00, time=2024-09-03 14:42:25 
jj1 = 243, max_th = 1.813289e+00, time=2024-09-03 14:46:14 
jj1 = 126, max_th = 2.595069e+00, time=2024-09-03 14:47:27 
jj1 = 436, max_th = 1.344556e+00, time=2024-09-03 14:51:47 
jj1 = 397, max_th = 1.828369e+00, time=2024-09-03 14:51:53 
jj1 = 477, max_th = 1.675306e+00, time=2024-09-03 14:52:51 
jj1 = 165, max_th = 1.644459e+00, time=2024-09-03 14:55:03 
jj1 = 283, max_th = 1.853798e+00, time=2024-09-03 14:55:29 
jj1 = 359, max_th = 2.382442e+00, time=2024-09-03 14:56:09 
jj1 = 242, max_th = 1.357418e+00, time=2024-09-03 14:57:03 
jj1 = 85, max_th = 1.884420e+00, time=2024-09-03 14:58:31 
jj1 = 282, max_th = 2.807479e+00, time=2024-09-03 15:00:55 
jj1 = 516, max_th = 2.192140e+00, time=2024-09-03 15:01:26 
jj1 = 320, max_th = 1.828802e+00, time=2024-09-03 15:01:53 
jj1 = 435, max_th = 1.343722e+00, time=2024-09-03 15:02:40 
jj1 = 203, max_th = 2.179279e+00, time=2024-09-03 15:03:51 
jj1 = 319, max_th = 2.891066e+00, time=2024-09-03 15:06:01 
jj1 = 396, max_th = 1.602515e+00, time=2024-09-03 15:06:49 
jj1 = 476, max_th = 1.562194e+00, time=2024-09-03 15:08:16 
jj1 = 125, max_th = 2.181975e+00, time=2024-09-03 15:08:35 
jj1 = 515, max_th = 2.400011e+00, time=2024-09-03 15:09:04 
jj1 = 434, max_th = 1.267331e+00, time=2024-09-03 15:12:26 
jj1 = 164, max_th = 1.690282e+00, time=2024-09-03 15:13:39 
jj1 = 84, max_th = 1.645698e+00, time=2024-09-03 15:14:21 
jj1 = 202, max_th = 1.368960e+00, time=2024-09-03 15:16:10 
jj1 = 241, max_th = 2.144543e+00, time=2024-09-03 15:16:10 
jj1 = 395, max_th = 1.306485e+00, time=2024-09-03 15:16:12 
jj1 = 358, max_th = 1.876870e+00, time=2024-09-03 15:18:05 
jj1 = 281, max_th = 1.953025e+00, time=2024-09-03 15:20:12 
jj1 = 83, max_th = 1.278834e+00, time=2024-09-03 15:23:38 
jj1 = 475, max_th = 2.387418e+00, time=2024-09-03 15:24:27 
jj1 = 201, max_th = 1.223470e+00, time=2024-09-03 15:25:08 
jj1 = 163, max_th = 1.377653e+00, time=2024-09-03 15:25:41 
jj1 = 280, max_th = 2.748960e+00, time=2024-09-03 15:25:59 
jj1 = 124, max_th = 2.308656e+00, time=2024-09-03 15:26:13 
jj1 = 318, max_th = 2.141304e+00, time=2024-09-03 15:26:14 
jj1 = 240, max_th = 2.541496e+00, time=2024-09-03 15:28:09 
jj1 = 514, max_th = 1.873367e+00, time=2024-09-03 15:30:52 
jj1 = 433, max_th = 2.241280e+00, time=2024-09-03 15:32:06 
jj1 = 357, max_th = 2.378940e+00, time=2024-09-03 15:35:18 
jj1 = 513, max_th = 2.819530e+00, time=2024-09-03 15:36:14 
jj1 = 279, max_th = 1.412082e+00, time=2024-09-03 15:38:19 
jj1 = 394, max_th = 2.075461e+00, time=2024-09-03 15:38:51 
jj1 = 200, max_th = 1.542198e+00, time=2024-09-03 15:40:55 
jj1 = 474, max_th = 1.629731e+00, time=2024-09-03 15:42:02 
jj1 = 239, max_th = 2.358164e+00, time=2024-09-03 15:44:10 
jj1 = 512, max_th = 2.641311e+00, time=2024-09-03 15:45:57 
jj1 = 82, max_th = 1.927161e+00, time=2024-09-03 15:46:42 
jj1 = 317, max_th = 1.955477e+00, time=2024-09-03 15:46:44 
jj1 = 123, max_th = 1.921908e+00, time=2024-09-03 15:47:41 
jj1 = 162, max_th = 2.064600e+00, time=2024-09-03 15:48:12 
jj1 = 432, max_th = 1.675364e+00, time=2024-09-03 15:50:53 
jj1 = 473, max_th = 2.545181e+00, time=2024-09-03 15:52:51 
jj1 = 238, max_th = 2.555425e+00, time=2024-09-03 15:55:12 
jj1 = 199, max_th = 2.347311e+00, time=2024-09-03 15:56:00 
jj1 = 356, max_th = 1.865314e+00, time=2024-09-03 15:56:23 
jj1 = 393, max_th = 2.197368e+00, time=2024-09-03 15:56:57 
jj1 = 278, max_th = 1.672787e+00, time=2024-09-03 15:57:14 
jj1 = 122, max_th = 1.283571e+00, time=2024-09-03 15:58:23 
jj1 = 81, max_th = 2.497012e+00, time=2024-09-03 15:58:44 
jj1 = 316, max_th = 2.346711e+00, time=2024-09-03 16:02:31 
jj1 = 472, max_th = 2.573119e+00, time=2024-09-03 16:04:13 
jj1 = 161, max_th = 2.374770e+00, time=2024-09-03 16:06:14 
jj1 = 511, max_th = 2.108469e+00, time=2024-09-03 16:07:14 
jj1 = 315, max_th = 2.833666e+00, time=2024-09-03 16:07:31 
jj1 = 198, max_th = 2.571080e+00, time=2024-09-03 16:07:57 
jj1 = 121, max_th = 1.336162e+00, time=2024-09-03 16:09:48 
jj1 = 237, max_th = 2.394238e+00, time=2024-09-03 16:10:34 
jj1 = 277, max_th = 1.564443e+00, time=2024-09-03 16:13:14 
jj1 = 431, max_th = 1.976966e+00, time=2024-09-03 16:13:25 
jj1 = 236, max_th = 9.126753e-01, time=2024-09-03 16:14:13 
jj1 = 276, max_th = 3.182533e+00, time=2024-09-03 16:14:19 
jj1 = 471, max_th = 1.335900e+00, time=2024-09-03 16:14:29 
jj1 = 355, max_th = 1.709922e+00, time=2024-09-03 16:14:50 
jj1 = 392, max_th = 1.686224e+00, time=2024-09-03 16:15:48 
jj1 = 391, max_th = -2.605019e-02, time=2024-09-03 16:16:45 
jj1 = 354, max_th = 8.545434e-01, time=2024-09-03 16:17:51 
jj1 = 80, max_th = 2.158065e+00, time=2024-09-03 16:18:38 
jj1 = 510, max_th = 2.558620e+00, time=2024-09-03 16:18:59 
jj1 = 509, max_th = 3.075969e+00, time=2024-09-03 16:21:00 
jj1 = 235, max_th = 1.288891e+00, time=2024-09-03 16:24:00 
jj1 = 197, max_th = 1.634216e+00, time=2024-09-03 16:25:29 
jj1 = 196, max_th = 8.007532e-01, time=2024-09-03 16:27:51 
jj1 = 79, max_th = 1.345447e+00, time=2024-09-03 16:27:55 
jj1 = 160, max_th = 2.122472e+00, time=2024-09-03 16:28:37 
jj1 = 314, max_th = 2.084664e+00, time=2024-09-03 16:29:18 
jj1 = 470, max_th = 2.358901e+00, time=2024-09-03 16:31:20 
jj1 = 275, max_th = 1.665474e+00, time=2024-09-03 16:32:37 
jj1 = 120, max_th = 2.018437e+00, time=2024-09-03 16:33:43 
jj1 = 430, max_th = 1.874059e+00, time=2024-09-03 16:34:22 
jj1 = 159, max_th = 1.268167e+00, time=2024-09-03 16:38:14 
jj1 = 508, max_th = 2.366283e+00, time=2024-09-03 16:38:18 
jj1 = 390, max_th = 1.924343e+00, time=2024-09-03 16:39:04 
jj1 = 353, max_th = 2.114149e+00, time=2024-09-03 16:39:18 
jj1 = 469, max_th = 1.330398e+00, time=2024-09-03 16:41:41 
jj1 = 234, max_th = 1.897299e+00, time=2024-09-03 16:42:34 
jj1 = 313, max_th = 2.486519e+00, time=2024-09-03 16:43:19 
jj1 = 119, max_th = 2.518311e+00, time=2024-09-03 16:46:35 
jj1 = 78, max_th = 1.953760e+00, time=2024-09-03 16:48:37 
jj1 = 507, max_th = 1.361697e+00, time=2024-09-03 16:48:59 
jj1 = 195, max_th = 2.119001e+00, time=2024-09-03 16:49:08 
jj1 = 274, max_th = 1.612380e+00, time=2024-09-03 16:49:34 
jj1 = 233, max_th = 2.578061e+00, time=2024-09-03 16:53:56 
jj1 = 118, max_th = 2.693178e+00, time=2024-09-03 16:54:29 
jj1 = 389, max_th = 1.653738e+00, time=2024-09-03 16:55:21 
jj1 = 429, max_th = 1.919737e+00, time=2024-09-03 16:56:31 
jj1 = 506, max_th = 1.294535e+00, time=2024-09-03 16:57:27 
jj1 = 77, max_th = 2.676284e+00, time=2024-09-03 16:58:01 
jj1 = 352, max_th = 2.138566e+00, time=2024-09-03 16:59:17 
jj1 = 312, max_th = 2.201304e+00, time=2024-09-03 17:00:14 
jj1 = 158, max_th = 1.920067e+00, time=2024-09-03 17:00:33 
jj1 = 468, max_th = 2.127387e+00, time=2024-09-03 17:03:57 
jj1 = 232, max_th = 1.393710e+00, time=2024-09-03 17:05:06 
jj1 = 351, max_th = 1.228415e+00, time=2024-09-03 17:08:41 
jj1 = 117, max_th = 2.150279e+00, time=2024-09-03 17:09:27 
jj1 = 194, max_th = 2.182298e+00, time=2024-09-03 17:10:12 
jj1 = 273, max_th = 1.925673e+00, time=2024-09-03 17:12:11 
jj1 = 311, max_th = 2.517916e+00, time=2024-09-03 17:12:57 
jj1 = 272, max_th = -4.477412e-02, time=2024-09-03 17:12:58 
jj1 = 76, max_th = 2.150362e+00, time=2024-09-03 17:13:39 
jj1 = 467, max_th = 1.345669e+00, time=2024-09-03 17:13:49 
jj1 = 428, max_th = 2.332579e+00, time=2024-09-03 17:14:30 
jj1 = 231, max_th = 1.312721e+00, time=2024-09-03 17:15:05 
jj1 = 157, max_th = 1.607921e+00, time=2024-09-03 17:17:29 
jj1 = 388, max_th = 1.929502e+00, time=2024-09-03 17:18:20 
jj1 = 193, max_th = 2.635148e+00, time=2024-09-03 17:19:46 
jj1 = 505, max_th = 1.967977e+00, time=2024-09-03 17:20:15 
jj1 = 466, max_th = 1.383610e+00, time=2024-09-03 17:25:33 
jj1 = 116, max_th = 2.379212e+00, time=2024-09-03 17:25:58 
jj1 = 387, max_th = 1.401401e+00, time=2024-09-03 17:28:23 
jj1 = 350, max_th = 2.123867e+00, time=2024-09-03 17:30:49 
jj1 = 75, max_th = 1.661680e+00, time=2024-09-03 17:31:45 
jj1 = 192, max_th = 1.550688e+00, time=2024-09-03 17:31:53 
jj1 = 465, max_th = 1.148921e+00, time=2024-09-03 17:32:10 
jj1 = 156, max_th = 1.577858e+00, time=2024-09-03 17:33:37 
jj1 = 310, max_th = 2.111167e+00, time=2024-09-03 17:33:47 
jj1 = 271, max_th = 2.118942e+00, time=2024-09-03 17:34:59 
jj1 = 427, max_th = 1.938580e+00, time=2024-09-03 17:36:16 
jj1 = 230, max_th = 2.134367e+00, time=2024-09-03 17:36:51 
jj1 = 504, max_th = 1.806384e+00, time=2024-09-03 17:39:48 
jj1 = 115, max_th = 2.367721e+00, time=2024-09-03 17:43:38 
jj1 = 309, max_th = 1.259448e+00, time=2024-09-03 17:43:59 
jj1 = 426, max_th = 2.544881e+00, time=2024-09-03 17:47:50 
jj1 = 386, max_th = 1.672274e+00, time=2024-09-03 17:48:10 
jj1 = 191, max_th = 1.698028e+00, time=2024-09-03 17:48:23 
jj1 = 74, max_th = 2.334257e+00, time=2024-09-03 17:50:09 
jj1 = 229, max_th = 2.411557e+00, time=2024-09-03 17:51:49 
jj1 = 464, max_th = 2.167362e+00, time=2024-09-03 17:53:06 
jj1 = 270, max_th = 2.097844e+00, time=2024-09-03 17:53:28 
jj1 = 349, max_th = 1.878417e+00, time=2024-09-03 17:53:31 
jj1 = 114, max_th = 1.331081e+00, time=2024-09-03 17:54:18 
jj1 = 155, max_th = 1.884930e+00, time=2024-09-03 17:55:25 
jj1 = 113, max_th = 9.625501e-01, time=2024-09-03 17:58:04 
jj1 = 503, max_th = 2.205107e+00, time=2024-09-03 17:58:34 
jj1 = 73, max_th = 1.550466e+00, time=2024-09-03 18:01:41 
jj1 = 308, max_th = 1.952440e+00, time=2024-09-03 18:02:51 
jj1 = 385, max_th = 2.295501e+00, time=2024-09-03 18:05:35 
jj1 = 463, max_th = 1.473217e+00, time=2024-09-03 18:07:08 
jj1 = 154, max_th = 2.398803e+00, time=2024-09-03 18:08:50 
jj1 = 190, max_th = 1.907552e+00, time=2024-09-03 18:09:04 
jj1 = 425, max_th = 1.921583e+00, time=2024-09-03 18:11:06 
jj1 = 348, max_th = 2.261638e+00, time=2024-09-03 18:11:38 
jj1 = 228, max_th = 2.192583e+00, time=2024-09-03 18:11:54 
jj1 = 424, max_th = 8.309323e-01, time=2024-09-03 18:14:12 
jj1 = 72, max_th = 2.533833e+00, time=2024-09-03 18:14:27 
jj1 = 269, max_th = 1.916725e+00, time=2024-09-03 18:15:58 
jj1 = 153, max_th = 1.299713e+00, time=2024-09-03 18:16:25 
jj1 = 112, max_th = 2.314128e+00, time=2024-09-03 18:16:46 
jj1 = 462, max_th = 1.354826e+00, time=2024-09-03 18:17:07 
jj1 = 502, max_th = 2.137251e+00, time=2024-09-03 18:19:16 
jj1 = 307, max_th = 2.260856e+00, time=2024-09-03 18:21:04 
jj1 = 384, max_th = 1.658785e+00, time=2024-09-03 18:22:55 
jj1 = 111, max_th = 1.347375e+00, time=2024-09-03 18:26:11 
jj1 = 461, max_th = 1.357090e+00, time=2024-09-03 18:27:42 
jj1 = 152, max_th = 1.413517e+00, time=2024-09-03 18:29:17 
jj1 = 189, max_th = 2.138265e+00, time=2024-09-03 18:29:49 
jj1 = 347, max_th = 2.209827e+00, time=2024-09-03 18:30:53 
jj1 = 346, max_th = -1.207430e-01, time=2024-09-03 18:31:32 
jj1 = 268, max_th = 1.697710e+00, time=2024-09-03 18:31:41 
jj1 = 227, max_th = 1.907723e+00, time=2024-09-03 18:32:19 
jj1 = 423, max_th = 2.207941e+00, time=2024-09-03 18:33:37 
jj1 = 71, max_th = 2.015476e+00, time=2024-09-03 18:36:51 
jj1 = 267, max_th = 1.096594e+00, time=2024-09-03 18:37:41 
jj1 = 460, max_th = 2.630710e+00, time=2024-09-03 18:37:59 
jj1 = 266, max_th = 3.235824e+00, time=2024-09-03 18:38:28 
jj1 = 501, max_th = 2.094978e+00, time=2024-09-03 18:39:18 
jj1 = 306, max_th = 2.161379e+00, time=2024-09-03 18:42:16 
jj1 = 383, max_th = 2.171094e+00, time=2024-09-03 18:44:51 
jj1 = 459, max_th = 1.237485e+00, time=2024-09-03 18:45:53 
jj1 = 110, max_th = 1.894163e+00, time=2024-09-03 18:46:13 
jj1 = 151, max_th = 1.612580e+00, time=2024-09-03 18:47:13 
jj1 = 345, max_th = 1.704867e+00, time=2024-09-03 18:48:39 
jj1 = 500, max_th = 2.200035e+00, time=2024-09-03 18:50:41 
jj1 = 188, max_th = 2.209675e+00, time=2024-09-03 18:51:12 
jj1 = 422, max_th = 1.631079e+00, time=2024-09-03 18:51:32 
jj1 = 226, max_th = 2.171061e+00, time=2024-09-03 18:53:08 
jj1 = 265, max_th = 2.364176e+00, time=2024-09-03 18:55:43 
jj1 = 70, max_th = 1.914293e+00, time=2024-09-03 18:58:05 
jj1 = 305, max_th = 1.900466e+00, time=2024-09-03 18:58:41 
jj1 = 150, max_th = 1.331338e+00, time=2024-09-03 18:58:58 
jj1 = 382, max_th = 1.615541e+00, time=2024-09-03 19:01:44 
jj1 = 69, max_th = 2.758390e+00, time=2024-09-03 19:04:40 
jj1 = 458, max_th = 1.720627e+00, time=2024-09-03 19:05:28 
jj1 = 187, max_th = 1.697399e+00, time=2024-09-03 19:07:33 
jj1 = 109, max_th = 1.926964e+00, time=2024-09-03 19:08:48 
jj1 = 344, max_th = 1.944890e+00, time=2024-09-03 19:09:18 
jj1 = 186, max_th = 8.866950e-01, time=2024-09-03 19:11:04 
jj1 = 149, max_th = 1.382329e+00, time=2024-09-03 19:11:08 
jj1 = 499, max_th = 2.165480e+00, time=2024-09-03 19:11:40 
jj1 = 264, max_th = 1.607995e+00, time=2024-09-03 19:12:01 
jj1 = 343, max_th = 8.847952e-01, time=2024-09-03 19:12:45 
jj1 = 225, max_th = 2.339183e+00, time=2024-09-03 19:12:53 
jj1 = 421, max_th = 2.130034e+00, time=2024-09-03 19:13:12 
jj1 = 304, max_th = 2.285399e+00, time=2024-09-03 19:17:33 
jj1 = 381, max_th = 1.850559e+00, time=2024-09-03 19:18:02 
jj1 = 380, max_th = 9.355148e-01, time=2024-09-03 19:21:49 
jj1 = 68, max_th = 2.158824e+00, time=2024-09-03 19:25:00 
jj1 = 263, max_th = 1.596752e+00, time=2024-09-03 19:26:04 
jj1 = 185, max_th = 1.609258e+00, time=2024-09-03 19:26:45 
jj1 = 148, max_th = 2.424406e+00, time=2024-09-03 19:27:01 
jj1 = 108, max_th = 1.952244e+00, time=2024-09-03 19:27:36 
jj1 = 67, max_th = 2.899839e+00, time=2024-09-03 19:27:45 
jj1 = 457, max_th = 2.028061e+00, time=2024-09-03 19:27:57 
jj1 = 184, max_th = 2.846922e+00, time=2024-09-03 19:31:19 
jj1 = 66, max_th = 9.311505e-01, time=2024-09-03 19:31:51 
jj1 = 498, max_th = 1.941280e+00, time=2024-09-03 19:32:22 
jj1 = 379, max_th = 2.559442e+00, time=2024-09-03 19:33:48 
jj1 = 224, max_th = 1.968318e+00, time=2024-09-03 19:35:00 
jj1 = 420, max_th = 1.871160e+00, time=2024-09-03 19:35:17 
jj1 = 342, max_th = 1.872153e+00, time=2024-09-03 19:35:21 
jj1 = 107, max_th = 1.347328e+00, time=2024-09-03 19:37:29 
jj1 = 303, max_th = 1.886830e+00, time=2024-09-03 19:38:59 
jj1 = 65, max_th = 1.356955e+00, time=2024-09-03 19:42:43 
jj1 = 223, max_th = 1.313582e+00, time=2024-09-03 19:45:34 
jj1 = 456, max_th = 1.951907e+00, time=2024-09-03 19:46:13 
jj1 = 419, max_th = 1.392466e+00, time=2024-09-03 19:46:54 
jj1 = 262, max_th = 1.937938e+00, time=2024-09-03 19:47:28 
jj1 = 147, max_th = 1.909675e+00, time=2024-09-03 19:48:05 
jj1 = 341, max_th = 1.649485e+00, time=2024-09-03 19:48:34 
jj1 = 497, max_th = 1.690585e+00, time=2024-09-03 19:51:30 
jj1 = 106, max_th = 2.393998e+00, time=2024-09-03 19:52:46 
jj1 = 183, max_th = 1.891602e+00, time=2024-09-03 19:52:53 
jj1 = 418, max_th = 2.745369e+00, time=2024-09-03 19:53:23 
jj1 = 378, max_th = 2.166209e+00, time=2024-09-03 19:55:46 
jj1 = 261, max_th = 2.590538e+00, time=2024-09-03 19:57:56 
jj1 = 455, max_th = 2.299245e+00, time=2024-09-03 20:00:25 
jj1 = 182, max_th = 2.706564e+00, time=2024-09-03 20:00:27 
jj1 = 302, max_th = 1.937517e+00, time=2024-09-03 20:00:30 
jj1 = 64, max_th = 2.321823e+00, time=2024-09-03 20:01:44 
jj1 = 222, max_th = 1.852301e+00, time=2024-09-03 20:02:54 
jj1 = 377, max_th = 2.727466e+00, time=2024-09-03 20:03:25 
jj1 = 146, max_th = 1.534887e+00, time=2024-09-03 20:03:53 
jj1 = 340, max_th = 1.896516e+00, time=2024-09-03 20:08:28 
jj1 = 105, max_th = 1.582973e+00, time=2024-09-03 20:09:34 
jj1 = 376, max_th = 2.731359e+00, time=2024-09-03 20:10:45 
jj1 = 496, max_th = 2.184567e+00, time=2024-09-03 20:12:30 
jj1 = 221, max_th = 1.362685e+00, time=2024-09-03 20:14:22 
jj1 = 181, max_th = 1.506204e+00, time=2024-09-03 20:14:26 
jj1 = 417, max_th = 2.088875e+00, time=2024-09-03 20:15:38 
jj1 = 260, max_th = 1.680510e+00, time=2024-09-03 20:16:08 
jj1 = 63, max_th = 1.646697e+00, time=2024-09-03 20:17:47 
jj1 = 454, max_th = 1.663836e+00, time=2024-09-03 20:17:47 
jj1 = 301, max_th = 2.336457e+00, time=2024-09-03 20:18:08 
jj1 = 104, max_th = 1.304589e+00, time=2024-09-03 20:19:14 
jj1 = 145, max_th = 1.633149e+00, time=2024-09-03 20:20:09 
jj1 = 416, max_th = 1.329921e+00, time=2024-09-03 20:25:59 
jj1 = 180, max_th = 1.369644e+00, time=2024-09-03 20:26:57 
jj1 = 375, max_th = 1.575788e+00, time=2024-09-03 20:27:23 
jj1 = 453, max_th = 1.649438e+00, time=2024-09-03 20:30:38 
jj1 = 339, max_th = 2.128315e+00, time=2024-09-03 20:30:40 
jj1 = 374, max_th = 9.271192e-01, time=2024-09-03 20:31:37 
jj1 = 300, max_th = 2.397704e+00, time=2024-09-03 20:32:07 
jj1 = 220, max_th = 2.229392e+00, time=2024-09-03 20:34:36 
jj1 = 62, max_th = 1.531045e+00, time=2024-09-03 20:34:39 
jj1 = 259, max_th = 1.673376e+00, time=2024-09-03 20:34:48 
jj1 = 338, max_th = 9.927678e-01, time=2024-09-03 20:35:39 
jj1 = 495, max_th = 1.915036e+00, time=2024-09-03 20:35:41 
jj1 = 144, max_th = 2.372868e+00, time=2024-09-03 20:37:51 
jj1 = 103, max_th = 2.081537e+00, time=2024-09-03 20:42:01 
jj1 = 299, max_th = 1.373897e+00, time=2024-09-03 20:44:36 
jj1 = 179, max_th = 1.714611e+00, time=2024-09-03 20:45:43 
jj1 = 415, max_th = 1.964630e+00, time=2024-09-03 20:48:08 
jj1 = 337, max_th = 2.539538e+00, time=2024-09-03 20:48:22 
jj1 = 373, max_th = 1.952194e+00, time=2024-09-03 20:50:03 
jj1 = 452, max_th = 2.174423e+00, time=2024-09-03 20:52:04 
jj1 = 494, max_th = 1.582029e+00, time=2024-09-03 20:52:46 
jj1 = 61, max_th = 1.896380e+00, time=2024-09-03 20:54:09 
jj1 = 143, max_th = 2.379436e+00, time=2024-09-03 20:54:35 
jj1 = 219, max_th = 2.039020e+00, time=2024-09-03 20:55:52 
jj1 = 258, max_th = 1.925525e+00, time=2024-09-03 20:56:54 
jj1 = 336, max_th = 1.267339e+00, time=2024-09-03 20:58:04 
jj1 = 414, max_th = 2.568935e+00, time=2024-09-03 20:59:35 
jj1 = 178, max_th = 1.565805e+00, time=2024-09-03 21:02:10 
jj1 = 102, max_th = 2.162740e+00, time=2024-09-03 21:02:27 
jj1 = 298, max_th = 1.902748e+00, time=2024-09-03 21:03:28 
jj1 = 257, max_th = 2.728606e+00, time=2024-09-03 21:04:23 
jj1 = 493, max_th = 2.508778e+00, time=2024-09-03 21:05:47 
jj1 = 648, max_th = 9.173664e-01, time=2024-09-03 21:06:12 
jj1 = 451, max_th = 1.560867e+00, time=2024-09-03 21:07:08 
jj1 = 628, max_th = 2.525170e+00, time=2024-09-03 21:07:12 
jj1 = 335, max_th = 1.368369e+00, time=2024-09-03 21:09:20 
jj1 = 728, max_th = 2.166959e+00, time=2024-09-03 21:11:03 
jj1 = 101, max_th = 1.287562e+00, time=2024-09-03 21:12:27 
jj1 = 142, max_th = 1.901488e+00, time=2024-09-03 21:13:18 
jj1 = 413, max_th = 1.701163e+00, time=2024-09-03 21:14:54 
jj1 = 708, max_th = 1.212391e+00, time=2024-09-03 21:16:06 
jj1 = 218, max_th = 2.177874e+00, time=2024-09-03 21:17:01 
jj1 = 297, max_th = 1.709606e+00, time=2024-09-03 21:21:30 
jj1 = 627, max_th = 2.408395e+00, time=2024-09-03 21:22:11 
jj1 = 727, max_th = 2.560308e+00, time=2024-09-03 21:22:11 
jj1 = 647, max_th = 1.614738e+00, time=2024-09-03 21:22:21 
jj1 = 492, max_th = 2.365093e+00, time=2024-09-03 21:22:56 
jj1 = 217, max_th = 2.734344e+00, time=2024-09-03 21:24:06 
jj1 = 256, max_th = 2.046202e+00, time=2024-09-03 21:24:24 
jj1 = 707, max_th = 1.377750e+00, time=2024-09-03 21:27:23 
jj1 = 100, max_th = 1.696610e+00, time=2024-09-03 21:29:00 
jj1 = 646, max_th = 1.217104e+00, time=2024-09-03 21:30:09 
jj1 = 334, max_th = 2.179123e+00, time=2024-09-03 21:30:44 
jj1 = 626, max_th = 1.340239e+00, time=2024-09-03 21:32:41 
jj1 = 491, max_th = 1.338248e+00, time=2024-09-03 21:33:32 
jj1 = 296, max_th = 1.408721e+00, time=2024-09-03 21:33:47 
jj1 = 141, max_th = 2.083557e+00, time=2024-09-03 21:35:19 
jj1 = 412, max_th = 2.141538e+00, time=2024-09-03 21:36:01 
jj1 = 706, max_th = 2.496006e+00, time=2024-09-03 21:36:51 
jj1 = 568, max_th = 2.563127e+00, time=2024-09-03 21:42:06 
jj1 = 705, max_th = 2.789753e+00, time=2024-09-03 21:42:37 
jj1 = 726, max_th = 1.925106e+00, time=2024-09-03 21:45:08 
jj1 = 768, max_th = 2.164776e+00, time=2024-09-03 21:45:31 
jj1 = 704, max_th = 8.869512e-01, time=2024-09-03 21:46:09 
jj1 = 625, max_th = 1.649029e+00, time=2024-09-03 21:46:39 
jj1 = 608, max_th = 1.930899e+00, time=2024-09-03 21:46:42 
jj1 = 767, max_th = 3.101955e+00, time=2024-09-03 21:46:56 
jj1 = 645, max_th = 1.676108e+00, time=2024-09-03 21:48:08 
jj1 = 668, max_th = 1.954936e+00, time=2024-09-03 21:48:53 
jj1 = 295, max_th = 1.906331e+00, time=2024-09-03 21:53:47 
jj1 = 688, max_th = 3.271388e+00, time=2024-09-03 21:54:27 
jj1 = 490, max_th = 1.972371e+00, time=2024-09-03 21:56:10 
jj1 = 548, max_th = 2.123390e+00, time=2024-09-03 21:57:17 
jj1 = 140, max_th = 1.922573e+00, time=2024-09-03 21:57:25 
jj1 = 703, max_th = 1.388855e+00, time=2024-09-03 21:57:29 
jj1 = 687, max_th = 9.051425e-01, time=2024-09-03 21:57:39 
jj1 = 644, max_th = 1.502278e+00, time=2024-09-03 22:01:09 
jj1 = 702, max_th = 9.567267e-01, time=2024-09-03 22:01:35 
jj1 = 624, max_th = 1.656943e+00, time=2024-09-03 22:03:54 
jj1 = 766, max_th = 1.658724e+00, time=2024-09-03 22:04:14 
jj1 = 607, max_th = 2.312212e+00, time=2024-09-03 22:04:20 
jj1 = 567, max_th = 2.073893e+00, time=2024-09-03 22:04:27 
jj1 = 725, max_th = 1.945169e+00, time=2024-09-03 22:04:42 
jj1 = 139, max_th = 2.692652e+00, time=2024-09-03 22:05:16 
jj1 = 667, max_th = 2.155059e+00, time=2024-09-03 22:07:45 
jj1 = 686, max_th = 2.347376e+00, time=2024-09-03 22:12:28 
jj1 = 701, max_th = 1.387316e+00, time=2024-09-03 22:12:55 
jj1 = 547, max_th = 1.660306e+00, time=2024-09-03 22:14:47 
jj1 = 588, max_th = 1.675628e+00, time=2024-09-03 22:15:10 
jj1 = 748, max_th = 1.320940e+00, time=2024-09-03 22:16:10 
jj1 = 765, max_th = 1.697072e+00, time=2024-09-03 22:20:50 
jj1 = 606, max_th = 2.367832e+00, time=2024-09-03 22:21:39 
jj1 = 724, max_th = 2.361347e+00, time=2024-09-03 22:21:41 
jj1 = 546, max_th = 2.704980e+00, time=2024-09-03 22:22:01 
jj1 = 643, max_th = 2.135670e+00, time=2024-09-03 22:22:23 
jj1 = 587, max_th = 1.265877e+00, time=2024-09-03 22:23:42 
jj1 = 623, max_th = 1.723148e+00, time=2024-09-03 22:23:57 
jj1 = 666, max_th = 2.296541e+00, time=2024-09-03 22:24:50 
jj1 = 566, max_th = 1.889209e+00, time=2024-09-03 22:25:42 
jj1 = 545, max_th = 2.553870e+00, time=2024-09-03 22:32:16 
jj1 = 700, max_th = 2.070662e+00, time=2024-09-03 22:33:53 
jj1 = 747, max_th = 1.619528e+00, time=2024-09-03 22:34:20 
jj1 = 685, max_th = 1.976894e+00, time=2024-09-03 22:34:48 
jj1 = 723, max_th = 2.433105e+00, time=2024-09-03 22:36:35 
jj1 = 586, max_th = 1.699418e+00, time=2024-09-03 22:36:53 
jj1 = 605, max_th = 2.270405e+00, time=2024-09-03 22:38:22 
jj1 = 642, max_th = 2.333064e+00, time=2024-09-03 22:39:23 
jj1 = 665, max_th = 1.543078e+00, time=2024-09-03 22:39:27 
jj1 = 764, max_th = 2.005130e+00, time=2024-09-03 22:40:17 
jj1 = 641, max_th = 8.872354e-01, time=2024-09-03 22:42:41 
jj1 = 746, max_th = 1.232254e+00, time=2024-09-03 22:43:29 
jj1 = 622, max_th = 2.133507e+00, time=2024-09-03 22:44:12 
jj1 = 565, max_th = 1.933036e+00, time=2024-09-03 22:45:10 
jj1 = 621, max_th = 2.897616e+00, time=2024-09-03 22:47:47 
jj1 = 722, max_th = 2.400419e+00, time=2024-09-03 22:47:51 
jj1 = 684, max_th = 1.645798e+00, time=2024-09-03 22:49:57 
jj1 = 699, max_th = 2.154734e+00, time=2024-09-03 22:51:27 
jj1 = 544, max_th = 1.827681e+00, time=2024-09-03 22:52:37 
jj1 = 640, max_th = 2.554747e+00, time=2024-09-03 22:53:03 
jj1 = 604, max_th = 1.622261e+00, time=2024-09-03 22:54:56 
jj1 = 585, max_th = 1.757686e+00, time=2024-09-03 22:55:10 
jj1 = 698, max_th = 9.326067e-01, time=2024-09-03 22:55:22 
jj1 = 763, max_th = 2.154587e+00, time=2024-09-03 22:57:51 
jj1 = 664, max_th = 1.868723e+00, time=2024-09-03 23:00:13 
jj1 = 745, max_th = 2.324825e+00, time=2024-09-03 23:01:15 
jj1 = 564, max_th = 2.378340e+00, time=2024-09-03 23:01:23 
jj1 = 620, max_th = 1.629193e+00, time=2024-09-03 23:02:36 
jj1 = 721, max_th = 1.532830e+00, time=2024-09-03 23:03:19 
jj1 = 639, max_th = 2.582640e+00, time=2024-09-03 23:03:32 
jj1 = 762, max_th = 2.659763e+00, time=2024-09-03 23:05:45 
jj1 = 619, max_th = 9.889551e-01, time=2024-09-03 23:06:46 
jj1 = 543, max_th = 2.320294e+00, time=2024-09-03 23:08:43 
jj1 = 683, max_th = 1.941336e+00, time=2024-09-03 23:08:49 
jj1 = 744, max_th = 1.245237e+00, time=2024-09-03 23:09:36 
jj1 = 603, max_th = 1.626283e+00, time=2024-09-03 23:10:40 
jj1 = 697, max_th = 1.638031e+00, time=2024-09-03 23:10:42 
jj1 = 584, max_th = 1.902796e+00, time=2024-09-03 23:13:13 
jj1 = 720, max_th = 1.325287e+00, time=2024-09-03 23:13:21 
jj1 = 761, max_th = 2.400106e+00, time=2024-09-03 23:15:14 
jj1 = 663, max_th = 1.846487e+00, time=2024-09-03 23:17:58 
jj1 = 563, max_th = 1.706577e+00, time=2024-09-03 23:18:13 
jj1 = 743, max_th = 1.352369e+00, time=2024-09-03 23:18:43 
jj1 = 696, max_th = 1.337594e+00, time=2024-09-03 23:20:59 
jj1 = 638, max_th = 1.672874e+00, time=2024-09-03 23:21:08 
jj1 = 562, max_th = 8.925912e-01, time=2024-09-03 23:21:56 
jj1 = 682, max_th = 2.347108e+00, time=2024-09-03 23:22:44 
jj1 = 542, max_th = 2.388798e+00, time=2024-09-03 23:24:11 
jj1 = 618, max_th = 1.947802e+00, time=2024-09-03 23:25:04 
jj1 = 760, max_th = 2.608488e+00, time=2024-09-03 23:25:11 
jj1 = 602, max_th = 2.104490e+00, time=2024-09-03 23:29:28 
jj1 = 583, max_th = 2.305354e+00, time=2024-09-03 23:30:21 
jj1 = 719, max_th = 1.847079e+00, time=2024-09-03 23:31:31 
jj1 = 681, max_th = 1.353996e+00, time=2024-09-03 23:33:21 
jj1 = 662, max_th = 1.624356e+00, time=2024-09-03 23:36:24 
jj1 = 759, max_th = 2.502577e+00, time=2024-09-03 23:37:30 
jj1 = 695, max_th = 1.900788e+00, time=2024-09-03 23:37:52 
jj1 = 637, max_th = 2.382209e+00, time=2024-09-03 23:38:12 
jj1 = 617, max_th = 2.401887e+00, time=2024-09-03 23:38:47 
jj1 = 742, max_th = 2.171374e+00, time=2024-09-03 23:39:26 
jj1 = 601, max_th = 1.280050e+00, time=2024-09-03 23:39:44 
jj1 = 694, max_th = 3.064802e+00, time=2024-09-03 23:39:45 
jj1 = 541, max_th = 2.199125e+00, time=2024-09-03 23:40:23 
jj1 = 661, max_th = 9.829710e-01, time=2024-09-03 23:41:16 
jj1 = 561, max_th = 1.933253e+00, time=2024-09-03 23:44:10 
jj1 = 560, max_th = 3.192878e+00, time=2024-09-03 23:45:10 
jj1 = 758, max_th = 1.392251e+00, time=2024-09-03 23:48:53 
jj1 = 582, max_th = 1.906054e+00, time=2024-09-03 23:49:27 
jj1 = 718, max_th = 2.203461e+00, time=2024-09-03 23:49:35 
jj1 = 680, max_th = 2.382799e+00, time=2024-09-03 23:50:22 
jj1 = 600, max_th = 1.334979e+00, time=2024-09-03 23:50:31 
jj1 = 741, max_th = 1.331043e+00, time=2024-09-03 23:50:52 
jj1 = 717, max_th = 1.251485e+00, time=2024-09-03 23:57:18 
jj1 = 581, max_th = 2.684328e+00, time=2024-09-03 23:58:03 
jj1 = 636, max_th = 2.064566e+00, time=2024-09-03 23:58:57 
jj1 = 757, max_th = 2.562019e+00, time=2024-09-04 00:00:37 
jj1 = 616, max_th = 2.120167e+00, time=2024-09-04 00:01:32 
jj1 = 540, max_th = 1.909214e+00, time=2024-09-04 00:01:35 
jj1 = 693, max_th = 1.975491e+00, time=2024-09-04 00:02:43 
jj1 = 660, max_th = 1.921920e+00, time=2024-09-04 00:03:25 
jj1 = 756, max_th = 2.748883e+00, time=2024-09-04 00:06:23 
jj1 = 559, max_th = 2.137729e+00, time=2024-09-04 00:06:28 
jj1 = 599, max_th = 1.707870e+00, time=2024-09-04 00:08:42 
jj1 = 740, max_th = 1.667559e+00, time=2024-09-04 00:08:49 
jj1 = 716, max_th = 2.099865e+00, time=2024-09-04 00:11:09 
jj1 = 679, max_th = 2.179772e+00, time=2024-09-04 00:11:40 
jj1 = 615, max_th = 1.312252e+00, time=2024-09-04 00:11:48 
jj1 = 614, max_th = 9.417364e-01, time=2024-09-04 00:15:30 
jj1 = 598, max_th = 2.732717e+00, time=2024-09-04 00:16:05 
jj1 = 539, max_th = 2.429124e+00, time=2024-09-04 00:17:15 
jj1 = 580, max_th = 2.091237e+00, time=2024-09-04 00:18:43 
jj1 = 635, max_th = 1.939349e+00, time=2024-09-04 00:20:43 
jj1 = 659, max_th = 2.335662e+00, time=2024-09-04 00:21:09 
jj1 = 692, max_th = 1.855571e+00, time=2024-09-04 00:22:27 
jj1 = 755, max_th = 2.046429e+00, time=2024-09-04 00:25:50 
jj1 = 739, max_th = 2.314167e+00, time=2024-09-04 00:27:24 
jj1 = 558, max_th = 2.107200e+00, time=2024-09-04 00:27:46 
jj1 = 678, max_th = 2.362850e+00, time=2024-09-04 00:28:10 
jj1 = 738, max_th = 3.065512e+00, time=2024-09-04 00:29:17 
jj1 = 613, max_th = 1.695771e+00, time=2024-09-04 00:32:49 
jj1 = 715, max_th = 1.830158e+00, time=2024-09-04 00:33:24 
jj1 = 579, max_th = 2.389777e+00, time=2024-09-04 00:34:17 
jj1 = 597, max_th = 2.317654e+00, time=2024-09-04 00:34:25 
jj1 = 658, max_th = 1.695009e+00, time=2024-09-04 00:38:05 
jj1 = 634, max_th = 1.688149e+00, time=2024-09-04 00:38:55 
jj1 = 538, max_th = 1.929847e+00, time=2024-09-04 00:39:41 
jj1 = 633, max_th = 9.258437e-01, time=2024-09-04 00:42:42 
jj1 = 754, max_th = 2.340927e+00, time=2024-09-04 00:43:19 
jj1 = 714, max_th = 2.556073e+00, time=2024-09-04 00:44:25 
jj1 = 677, max_th = 2.362775e+00, time=2024-09-04 00:44:52 
jj1 = 691, max_th = 1.924770e+00, time=2024-09-04 00:45:22 
jj1 = 737, max_th = 1.654706e+00, time=2024-09-04 00:46:14 
jj1 = 578, max_th = 2.508023e+00, time=2024-09-04 00:46:39 
jj1 = 557, max_th = 1.942974e+00, time=2024-09-04 00:48:37 
jj1 = 657, max_th = 1.333522e+00, time=2024-09-04 00:48:57 
jj1 = 612, max_th = 2.294803e+00, time=2024-09-04 00:50:07 
jj1 = 537, max_th = 1.322074e+00, time=2024-09-04 00:50:41 
jj1 = 596, max_th = 1.680792e+00, time=2024-09-04 00:53:28 
jj1 = 611, max_th = 2.958562e+00, time=2024-09-04 00:53:29 
jj1 = 595, max_th = 8.825451e-01, time=2024-09-04 00:57:10 
jj1 = 690, max_th = 2.540051e+00, time=2024-09-04 00:57:15 
jj1 = 656, max_th = 1.322588e+00, time=2024-09-04 00:59:45 
jj1 = 632, max_th = 2.377393e+00, time=2024-09-04 01:00:07 
jj1 = 753, max_th = 1.689936e+00, time=2024-09-04 01:01:36 
jj1 = 610, max_th = 2.599146e+00, time=2024-09-04 01:02:13 
jj1 = 577, max_th = 2.342117e+00, time=2024-09-04 01:02:28 
jj1 = 676, max_th = 1.692522e+00, time=2024-09-04 01:02:36 
jj1 = 556, max_th = 2.401960e+00, time=2024-09-04 01:02:42 
jj1 = 713, max_th = 2.159595e+00, time=2024-09-04 01:04:40 
jj1 = 736, max_th = 2.181537e+00, time=2024-09-04 01:07:59 
jj1 = 712, max_th = 9.699276e-01, time=2024-09-04 01:09:16 
jj1 = 735, max_th = 2.949835e+00, time=2024-09-04 01:10:16 
jj1 = 536, max_th = 1.933975e+00, time=2024-09-04 01:12:40 
jj1 = 689, max_th = 1.638502e+00, time=2024-09-04 01:13:28 
jj1 = 631, max_th = 2.397532e+00, time=2024-09-04 01:13:52 
jj1 = 752, max_th = 2.538805e+00, time=2024-09-04 01:14:22 
jj1 = 655, max_th = 2.396913e+00, time=2024-09-04 01:14:28 
jj1 = 555, max_th = 1.380080e+00, time=2024-09-04 01:15:17 
jj1 = 576, max_th = 1.651659e+00, time=2024-09-04 01:16:35 
jj1 = 594, max_th = 2.115680e+00, time=2024-09-04 01:18:55 
jj1 = 808, max_th = 2.733462e+00, time=2024-09-04 01:20:52 
jj1 = 609, max_th = 2.320176e+00, time=2024-09-04 01:21:30 
jj1 = 675, max_th = 2.094965e+00, time=2024-09-04 01:22:29 
jj1 = 734, max_th = 2.505154e+00, time=2024-09-04 01:22:41 
jj1 = 630, max_th = 2.662436e+00, time=2024-09-04 01:22:42 
jj1 = 751, max_th = 2.570285e+00, time=2024-09-04 01:25:57 
jj1 = 535, max_th = 1.529906e+00, time=2024-09-04 01:28:56 
jj1 = 750, max_th = 9.864839e-01, time=2024-09-04 01:30:36 
jj1 = 711, max_th = 1.993789e+00, time=2024-09-04 01:31:36 
jj1 = 629, max_th = 1.352218e+00, time=2024-09-04 01:31:47 
jj1 = 654, max_th = 2.159509e+00, time=2024-09-04 01:34:49 
jj1 = 710, max_th = 9.043013e-01, time=2024-09-04 01:34:50 
jj1 = 575, max_th = 1.709909e+00, time=2024-09-04 01:34:58 
jj1 = 807, max_th = 1.700770e+00, time=2024-09-04 01:35:10 
jj1 = 554, max_th = 2.183788e+00, time=2024-09-04 01:36:21 
jj1 = 749, max_th = 1.260012e+00, time=2024-09-04 01:39:53 
jj1 = 593, max_th = 1.940817e+00, time=2024-09-04 01:40:19 
jj1 = 788, max_th = 1.897289e+00, time=2024-09-04 01:40:37 
jj1 = 534, max_th = 2.539979e+00, time=2024-09-04 01:40:52 
jj1 = 798, max_th = 2.677788e+00, time=2024-09-04 01:41:01 
jj1 = 674, max_th = 2.160786e+00, time=2024-09-04 01:42:59 
jj1 = 733, max_th = 1.870185e+00, time=2024-09-04 01:43:45 
jj1 = 797, max_th = 1.291824e+00, time=2024-09-04 01:49:51 
jj1 = 709, max_th = 2.413683e+00, time=2024-09-04 01:50:34 
jj1 = 673, max_th = 2.671150e+00, time=2024-09-04 01:51:59 
jj1 = 592, max_th = 2.539656e+00, time=2024-09-04 01:52:56 
jj1 = 806, max_th = 2.327508e+00, time=2024-09-04 01:53:37 
jj1 = 533, max_th = 2.523676e+00, time=2024-09-04 01:54:34 
jj1 = 574, max_th = 1.724685e+00, time=2024-09-04 01:54:58 
jj1 = 532, max_th = -2.105643e-02, time=2024-09-04 01:55:34 
jj1 = 653, max_th = 1.930259e+00, time=2024-09-04 01:56:55 
jj1 = 553, max_th = 2.076123e+00, time=2024-09-04 01:58:38 
jj1 = 552, max_th = 3.218191e+00, time=2024-09-04 01:59:33 
jj1 = 787, max_th = 2.144427e+00, time=2024-09-04 02:00:21 
jj1 = 796, max_th = 1.386215e+00, time=2024-09-04 02:01:13 
jj1 = 828, max_th = 1.919799e+00, time=2024-09-04 02:02:28 
jj1 = 732, max_th = 2.155223e+00, time=2024-09-04 02:03:20 
jj1 = 778, max_th = 2.414233e+00, time=2024-09-04 02:06:07 
jj1 = 795, max_th = 2.734774e+00, time=2024-09-04 02:08:32 
jj1 = 672, max_th = 1.622529e+00, time=2024-09-04 02:10:05 
jj1 = 591, max_th = 2.147464e+00, time=2024-09-04 02:11:01 
jj1 = 652, max_th = 2.412556e+00, time=2024-09-04 02:12:29 
jj1 = 573, max_th = 2.204843e+00, time=2024-09-04 02:13:25 
jj1 = 805, max_th = 2.112931e+00, time=2024-09-04 02:14:21 
jj1 = 531, max_th = 1.913260e+00, time=2024-09-04 02:17:19 
jj1 = 786, max_th = 1.661951e+00, time=2024-09-04 02:17:50 
jj1 = 785, max_th = -1.824077e-01, time=2024-09-04 02:18:16 
jj1 = 551, max_th = 1.673518e+00, time=2024-09-04 02:19:12 
jj1 = 827, max_th = 1.684352e+00, time=2024-09-04 02:21:52 
jj1 = 731, max_th = 2.095812e+00, time=2024-09-04 02:23:40 
jj1 = 777, max_th = 1.624690e+00, time=2024-09-04 02:23:48 
jj1 = 530, max_th = 2.687811e+00, time=2024-09-04 02:25:37 
jj1 = 671, max_th = 1.663970e+00, time=2024-09-04 02:27:58 
jj1 = 794, max_th = 2.237117e+00, time=2024-09-04 02:29:03 
jj1 = 804, max_th = 1.653107e+00, time=2024-09-04 02:29:34 
jj1 = 572, max_th = 1.661919e+00, time=2024-09-04 02:30:51 
jj1 = 590, max_th = 1.967867e+00, time=2024-09-04 02:32:54 
jj1 = 550, max_th = 1.493643e+00, time=2024-09-04 02:32:56 
jj1 = 651, max_th = 2.161252e+00, time=2024-09-04 02:33:13 
jj1 = 826, max_th = 2.460238e+00, time=2024-09-04 02:35:59 
jj1 = 784, max_th = 1.707308e+00, time=2024-09-04 02:36:14 
jj1 = 776, max_th = 2.415045e+00, time=2024-09-04 02:39:14 
jj1 = 793, max_th = 2.586433e+00, time=2024-09-04 02:40:02 
jj1 = 730, max_th = 1.901010e+00, time=2024-09-04 02:41:27 
jj1 = 670, max_th = 1.613519e+00, time=2024-09-04 02:43:49 
jj1 = 529, max_th = 2.205856e+00, time=2024-09-04 02:44:40 
jj1 = 549, max_th = 2.529046e+00, time=2024-09-04 02:46:14 
jj1 = 803, max_th = 2.204963e+00, time=2024-09-04 02:48:13 
jj1 = 650, max_th = 1.585151e+00, time=2024-09-04 02:51:04 
jj1 = 571, max_th = 2.117945e+00, time=2024-09-04 02:52:09 
jj1 = 589, max_th = 1.891578e+00, time=2024-09-04 02:53:54 
jj1 = 783, max_th = 1.876171e+00, time=2024-09-04 02:58:01 
jj1 = 825, max_th = 2.126255e+00, time=2024-09-04 02:58:49 
jj1 = 775, max_th = 1.985917e+00, time=2024-09-04 03:01:11 
jj1 = 792, max_th = 1.962783e+00, time=2024-09-04 03:01:51 
jj1 = 858, max_th = 1.951216e+00, time=2024-09-04 03:02:20 
jj1 = 729, max_th = 1.935392e+00, time=2024-09-04 03:03:07 
jj1 = 824, max_th = 9.807668e-01, time=2024-09-04 03:03:23 
jj1 = 669, max_th = 2.188564e+00, time=2024-09-04 03:04:09 
jj1 = 802, max_th = 2.338174e+00, time=2024-09-04 03:05:22 
jj1 = 848, max_th = 1.717170e+00, time=2024-09-04 03:05:29 
jj1 = 774, max_th = 2.690131e+00, time=2024-09-04 03:09:12 
jj1 = 649, max_th = 2.308874e+00, time=2024-09-04 03:09:15 
jj1 = 570, max_th = 2.327838e+00, time=2024-09-04 03:11:03 
jj1 = 569, max_th = 2.905033e+00, time=2024-09-04 03:14:40 
jj1 = 818, max_th = 1.925448e+00, time=2024-09-04 03:17:09 
jj1 = 782, max_th = 2.158956e+00, time=2024-09-04 03:18:19 
jj1 = 773, max_th = 2.590770e+00, time=2024-09-04 03:19:37 
jj1 = 823, max_th = 1.697428e+00, time=2024-09-04 03:19:55 
jj1 = 847, max_th = 1.492659e+00, time=2024-09-04 03:20:23 
jj1 = 857, max_th = 1.619878e+00, time=2024-09-04 03:20:34 
jj1 = 888, max_th = 1.720467e+00, time=2024-09-04 03:22:50 
jj1 = 801, max_th = 2.330645e+00, time=2024-09-04 03:22:55 
jj1 = 878, max_th = 1.245048e+00, time=2024-09-04 03:23:33 
jj1 = 791, max_th = 2.125896e+00, time=2024-09-04 03:24:20 
jj1 = 877, max_th = -7.165297e-03, time=2024-09-04 03:24:35 
jj1 = 817, max_th = 1.250769e+00, time=2024-09-04 03:24:58 
jj1 = 868, max_th = 1.930346e+00, time=2024-09-04 03:26:31 
jj1 = 838, max_th = 1.896832e+00, time=2024-09-04 03:27:54 
jj1 = 816, max_th = 9.177586e-01, time=2024-09-04 03:28:07 
jj1 = 790, max_th = 2.780964e+00, time=2024-09-04 03:30:40 
jj1 = 781, max_th = 2.384186e+00, time=2024-09-04 03:34:59 
jj1 = 876, max_th = 2.626973e+00, time=2024-09-04 03:34:59 
jj1 = 822, max_th = 1.652546e+00, time=2024-09-04 03:35:26 
jj1 = 867, max_th = 1.342782e+00, time=2024-09-04 03:36:54 
jj1 = 789, max_th = 2.782083e+00, time=2024-09-04 03:36:55 
jj1 = 846, max_th = 2.158169e+00, time=2024-09-04 03:40:42 
jj1 = 772, max_th = 1.864337e+00, time=2024-09-04 03:41:05 
jj1 = 856, max_th = 2.182556e+00, time=2024-09-04 03:41:18 
jj1 = 837, max_th = 1.950108e+00, time=2024-09-04 03:41:23 
jj1 = 887, max_th = 1.968746e+00, time=2024-09-04 03:45:02 
jj1 = 845, max_th = 9.923390e-01, time=2024-09-04 03:45:06 
jj1 = 800, max_th = 1.973453e+00, time=2024-09-04 03:45:36 
jj1 = 815, max_th = 1.891694e+00, time=2024-09-04 03:48:34 
jj1 = 875, max_th = 1.593693e+00, time=2024-09-04 03:49:55 
jj1 = 780, max_th = 1.608391e+00, time=2024-09-04 03:50:52 
jj1 = 874, max_th = 9.181067e-01, time=2024-09-04 03:53:48 
jj1 = 821, max_th = 1.672958e+00, time=2024-09-04 03:54:01 
jj1 = 855, max_th = 1.643836e+00, time=2024-09-04 03:57:46 
jj1 = 903, max_th = 2.111336e+00, time=2024-09-04 03:58:21 
jj1 = 866, max_th = 1.882681e+00, time=2024-09-04 03:58:58 
jj1 = 836, max_th = 2.330129e+00, time=2024-09-04 03:59:27 
jj1 = 844, max_th = 1.596338e+00, time=2024-09-04 04:00:07 
jj1 = 799, max_th = 2.357107e+00, time=2024-09-04 04:01:28 
jj1 = 771, max_th = 1.941994e+00, time=2024-09-04 04:01:44 
jj1 = 820, max_th = 1.347736e+00, time=2024-09-04 04:04:00 
jj1 = 814, max_th = 1.584666e+00, time=2024-09-04 04:05:51 
jj1 = 886, max_th = 2.131633e+00, time=2024-09-04 04:06:45 
jj1 = 835, max_th = 1.365776e+00, time=2024-09-04 04:10:31 
jj1 = 843, max_th = 1.392399e+00, time=2024-09-04 04:11:32 
jj1 = 779, max_th = 1.868253e+00, time=2024-09-04 04:12:43 
jj1 = 770, max_th = 1.333750e+00, time=2024-09-04 04:12:59 
jj1 = 865, max_th = 1.580596e+00, time=2024-09-04 04:14:36 
jj1 = 873, max_th = 1.841744e+00, time=2024-09-04 04:14:39 
jj1 = 854, max_th = 2.376380e+00, time=2024-09-04 04:15:10 
jj1 = 842, max_th = 2.916915e+00, time=2024-09-04 04:15:14 
jj1 = 853, max_th = 9.549266e-01, time=2024-09-04 04:19:02 
jj1 = 902, max_th = 1.889360e+00, time=2024-09-04 04:19:16 
jj1 = 885, max_th = 2.516534e+00, time=2024-09-04 04:19:24 
jj1 = 769, max_th = 2.773387e+00, time=2024-09-04 04:19:38 
jj1 = 893, max_th = 1.945253e+00, time=2024-09-04 04:21:01 
jj1 = 898, max_th = 1.351891e+00, time=2024-09-04 04:22:28 
jj1 = 813, max_th = 2.197177e+00, time=2024-09-04 04:23:34 
jj1 = 819, max_th = 2.158798e+00, time=2024-09-04 04:24:30 
jj1 = 872, max_th = 2.584361e+00, time=2024-09-04 04:25:24 
jj1 = 897, max_th = 9.616608e-01, time=2024-09-04 04:26:42 
jj1 = 834, max_th = 1.797612e+00, time=2024-09-04 04:27:16 
jj1 = 908, max_th = 9.118305e-01, time=2024-09-04 04:28:06 
jj1 = 892, max_th = 1.212490e+00, time=2024-09-04 04:29:32 
jj1 = 864, max_th = 2.414831e+00, time=2024-09-04 04:30:46 
jj1 = 852, max_th = 2.410009e+00, time=2024-09-04 04:34:52 
jj1 = 841, max_th = 2.039051e+00, time=2024-09-04 04:35:00 
jj1 = 833, max_th = 1.321271e+00, time=2024-09-04 04:37:23 
jj1 = 901, max_th = 1.955925e+00, time=2024-09-04 04:39:26 
jj1 = 812, max_th = 1.515476e+00, time=2024-09-04 04:39:48 
jj1 = 891, max_th = 2.580012e+00, time=2024-09-04 04:41:02 
jj1 = 884, max_th = 2.080897e+00, time=2024-09-04 04:41:19 
jj1 = 913, max_th = 2.038216e+00, time=2024-09-04 04:41:33 
jj1 = 840, max_th = 2.737308e+00, time=2024-09-04 04:41:56 
jj1 = 907, max_th = 1.535173e+00, time=2024-09-04 04:44:08 
jj1 = 896, max_th = 1.661954e+00, time=2024-09-04 04:44:35 
jj1 = 851, max_th = 1.549671e+00, time=2024-09-04 04:45:58 
jj1 = 871, max_th = 1.780644e+00, time=2024-09-04 04:47:10 
jj1 = 912, max_th = 1.278722e+00, time=2024-09-04 04:50:54 
jj1 = 883, max_th = 2.555872e+00, time=2024-09-04 04:51:58 
jj1 = 863, max_th = 2.176499e+00, time=2024-09-04 04:52:37 
jj1 = 832, max_th = 1.607614e+00, time=2024-09-04 04:53:11 
jj1 = 839, max_th = 1.372017e+00, time=2024-09-04 04:53:22 
jj1 = 900, max_th = 1.650863e+00, time=2024-09-04 04:53:25 
jj1 = 906, max_th = 2.595186e+00, time=2024-09-04 04:54:32 
jj1 = 895, max_th = 1.265697e+00, time=2024-09-04 04:54:59 
jj1 = 890, max_th = 2.199050e+00, time=2024-09-04 04:56:56 
jj1 = 870, max_th = 1.333349e+00, time=2024-09-04 04:58:14 
jj1 = 811, max_th = 1.988326e+00, time=2024-09-04 05:01:14 
jj1 = 850, max_th = 2.042920e+00, time=2024-09-04 05:07:08 
jj1 = 889, max_th = 2.527142e+00, time=2024-09-04 05:08:50 
jj1 = 831, max_th = 2.200874e+00, time=2024-09-04 05:09:00 
jj1 = 899, max_th = 2.360052e+00, time=2024-09-04 05:10:08 
jj1 = 810, max_th = 2.592520e+00, time=2024-09-04 05:11:35 
jj1 = 911, max_th = 1.912617e+00, time=2024-09-04 05:12:45 
jj1 = 882, max_th = 1.961307e+00, time=2024-09-04 05:13:18 
jj1 = 905, max_th = 2.105631e+00, time=2024-09-04 05:14:58 
jj1 = 862, max_th = 1.927616e+00, time=2024-09-04 05:15:29 
jj1 = 869, max_th = 1.948675e+00, time=2024-09-04 05:15:58 
jj1 = 923, max_th = 2.027388e+00, time=2024-09-04 05:16:23 
jj1 = 894, max_th = 1.963385e+00, time=2024-09-04 05:16:34 
jj1 = 904, max_th = 9.096272e-01, time=2024-09-04 05:18:52 
jj1 = 849, max_th = 1.627221e+00, time=2024-09-04 05:25:35 
jj1 = 922, max_th = 1.326596e+00, time=2024-09-04 05:27:33 
jj1 = 956, max_th = 1.669494e+00, time=2024-09-04 05:27:34 
jj1 = 968, max_th = 1.258223e+00, time=2024-09-04 05:27:56 
jj1 = 830, max_th = 2.166339e+00, time=2024-09-04 05:30:05 
jj1 = 952, max_th = 1.885614e+00, time=2024-09-04 05:30:44 
jj1 = 910, max_th = 1.670056e+00, time=2024-09-04 05:31:34 
jj1 = 861, max_th = 1.639626e+00, time=2024-09-04 05:33:00 
jj1 = 960, max_th = 1.624220e+00, time=2024-09-04 05:34:21 
jj1 = 809, max_th = 1.877048e+00, time=2024-09-04 05:34:30 
jj1 = 881, max_th = 2.119773e+00, time=2024-09-04 05:35:08 
jj1 = 948, max_th = 1.909411e+00, time=2024-09-04 05:36:42 
jj1 = 959, max_th = 2.748245e+00, time=2024-09-04 05:39:57 
jj1 = 918, max_th = 2.395427e+00, time=2024-09-04 05:40:20 
jj1 = 909, max_th = 2.546405e+00, time=2024-09-04 05:42:06 
jj1 = 860, max_th = 2.563159e+00, time=2024-09-04 05:44:27 
jj1 = 947, max_th = 1.247919e+00, time=2024-09-04 05:44:31 
jj1 = 921, max_th = 2.308828e+00, time=2024-09-04 05:45:27 
jj1 = 928, max_th = 2.582979e+00, time=2024-09-04 05:45:39 
jj1 = 967, max_th = 1.621513e+00, time=2024-09-04 05:46:37 
jj1 = 955, max_th = 1.915533e+00, time=2024-09-04 05:48:00 
jj1 = 829, max_th = 1.947352e+00, time=2024-09-04 05:49:05 
jj1 = 946, max_th = 2.787066e+00, time=2024-09-04 05:50:22 
jj1 = 951, max_th = 2.127158e+00, time=2024-09-04 05:51:52 
jj1 = 880, max_th = 2.206599e+00, time=2024-09-04 05:54:05 
jj1 = 964, max_th = 1.599462e+00, time=2024-09-04 05:54:42 
jj1 = 958, max_th = 2.434392e+00, time=2024-09-04 05:54:52 
jj1 = 859, max_th = 1.340036e+00, time=2024-09-04 05:55:20 
jj1 = 950, max_th = 9.870840e-01, time=2024-09-04 05:56:17 
jj1 = 945, max_th = 2.780295e+00, time=2024-09-04 05:56:33 
jj1 = 927, max_th = 1.361614e+00, time=2024-09-04 05:56:54 
jj1 = 949, max_th = 9.613798e-01, time=2024-09-04 06:00:24 
jj1 = 917, max_th = 2.095065e+00, time=2024-09-04 06:00:29 
jj1 = 954, max_th = 2.398171e+00, time=2024-09-04 06:01:30 
jj1 = 920, max_th = 2.154517e+00, time=2024-09-04 06:04:12 
jj1 = 944, max_th = 1.350419e+00, time=2024-09-04 06:04:24 
jj1 = 966, max_th = 1.708185e+00, time=2024-09-04 06:04:49 
jj1 = 965, max_th = -9.212813e-02, time=2024-09-04 06:05:27 
jj1 = 943, max_th = 1.709557e+00, time=2024-09-04 06:07:11 
jj1 = 916, max_th = 2.577186e+00, time=2024-09-04 06:12:07 
jj1 = 938, max_th = 1.654831e+00, time=2024-09-04 06:12:28 
jj1 = 953, max_th = 2.567863e+00, time=2024-09-04 06:13:36 
jj1 = 926, max_th = 2.365286e+00, time=2024-09-04 06:13:49 
jj1 = 879, max_th = 1.825473e+00, time=2024-09-04 06:15:52 
jj1 = 957, max_th = 2.125956e+00, time=2024-09-04 06:16:26 
jj1 = 915, max_th = 9.859485e-01, time=2024-09-04 06:16:49 
jj1 = 963, max_th = 1.936576e+00, time=2024-09-04 06:17:04 
jj1 = 942, max_th = 2.591384e+00, time=2024-09-04 06:17:41 
jj1 = 980, max_th = 1.908989e+00, time=2024-09-04 06:20:46 
jj1 = 962, max_th = 9.812661e-01, time=2024-09-04 06:21:34 
jj1 = 919, max_th = 1.952934e+00, time=2024-09-04 06:23:42 
jj1 = 992, max_th = 1.670474e+00, time=2024-09-04 06:24:07 
jj1 = 937, max_th = 1.381796e+00, time=2024-09-04 06:24:07 
jj1 = 925, max_th = 1.337326e+00, time=2024-09-04 06:24:12 
jj1 = 991, max_th = 3.341908e+00, time=2024-09-04 06:24:27 
jj1 = 984, max_th = 2.076694e+00, time=2024-09-04 06:27:17 
jj1 = 988, max_th = 2.558100e+00, time=2024-09-04 06:27:24 
jj1 = 979, max_th = 2.662054e+00, time=2024-09-04 06:29:24 
jj1 = 976, max_th = 1.851732e+00, time=2024-09-04 06:30:06 
jj1 = 978, max_th = 6.055493e-01, time=2024-09-04 06:30:49 
jj1 = 933, max_th = 2.050342e+00, time=2024-09-04 06:31:03 
jj1 = 972, max_th = 1.343785e+00, time=2024-09-04 06:33:12 
jj1 = 936, max_th = 1.386280e+00, time=2024-09-04 06:35:12 
jj1 = 941, max_th = 2.098013e+00, time=2024-09-04 06:35:51 
jj1 = 914, max_th = 2.169491e+00, time=2024-09-04 06:37:23 
jj1 = 983, max_th = 1.359417e+00, time=2024-09-04 06:37:45 
jj1 = 990, max_th = 2.429575e+00, time=2024-09-04 06:39:30 
jj1 = 987, max_th = 2.392702e+00, time=2024-09-04 06:42:19 
jj1 = 961, max_th = 1.866206e+00, time=2024-09-04 06:42:43 
jj1 = 924, max_th = 1.925401e+00, time=2024-09-04 06:45:26 
jj1 = 935, max_th = 2.532474e+00, time=2024-09-04 06:47:38 
jj1 = 932, max_th = 2.331756e+00, time=2024-09-04 06:48:10 
jj1 = 975, max_th = 2.237545e+00, time=2024-09-04 06:49:40 
jj1 = 996, max_th = 1.618425e+00, time=2024-09-04 06:50:01 
jj1 = 934, max_th = 8.719345e-01, time=2024-09-04 06:50:44 
jj1 = 989, max_th = 2.576839e+00, time=2024-09-04 06:50:57 
jj1 = 977, max_th = 2.138064e+00, time=2024-09-04 06:51:27 
jj1 = 982, max_th = 2.359729e+00, time=2024-09-04 06:53:03 
jj1 = 971, max_th = 1.935327e+00, time=2024-09-04 06:54:01 
jj1 = 940, max_th = 1.903059e+00, time=2024-09-04 06:54:21 
jj1 = 939, max_th = 2.906529e+00, time=2024-09-04 06:57:50 
jj1 = 995, max_th = 2.051178e+00, time=2024-09-04 06:59:06 
jj1 = 998, max_th = 1.852932e+00, time=2024-09-04 06:59:52 
jj1 = 1000, max_th = 1.339190e+00, time=2024-09-04 07:00:11 
jj1 = 986, max_th = 1.674808e+00, time=2024-09-04 07:00:37 
jj1 = 997, max_th = 1.609786e+00, time=2024-09-04 07:01:37 
jj1 = 974, max_th = 2.182000e+00, time=2024-09-04 07:03:29 
jj1 = 981, max_th = 1.536679e+00, time=2024-09-04 07:04:39 
jj1 = 931, max_th = 1.730872e+00, time=2024-09-04 07:05:33 
jj1 = 985, max_th = 1.250506e+00, time=2024-09-04 07:06:56 
jj1 = 930, max_th = 1.299866e+00, time=2024-09-04 07:08:20 
jj1 = 994, max_th = 1.887777e+00, time=2024-09-04 07:10:49 
jj1 = 970, max_th = 1.678536e+00, time=2024-09-04 07:11:17 
jj1 = 999, max_th = 1.917702e+00, time=2024-09-04 07:11:28 
jj1 = 929, max_th = 2.704285e+00, time=2024-09-04 07:11:40 
jj1 = 973, max_th = 2.023437e+00, time=2024-09-04 07:15:17 
jj1 = 969, max_th = 2.749160e+00, time=2024-09-04 07:15:46 
jj1 = 993, max_th = 1.632498e+00, time=2024-09-04 07:19:08 
>> >> >> >> >> >> >> >> 