MATLAB is selecting SOFTWARE OPENGL rendering.

                            < M A T L A B (R) >
                  Copyright 1984-2021 The MathWorks, Inc.
                  R2021b (9.11.0.1769968) 64-bit (glnxa64)
                             September 17, 2021

 
To get started, type doc.
For product information, visit www.mathworks.com.
 
>> >> >> >> >> >> >> >> >> >> >> >> >> >> >> >> >> >> Starting parallel pool (parpool) using the 'local' profile ...
Connected to the parallel pool (number of workers: 12).
Error of vP is 8.712901e-08 
Error of vP is 9.818752e-08 
Error of vP is 6.927245e-08 
Error of vP is 8.845496e-08 
Error of vP is 1.371626e-07 
Error of vP is 1.405693e-07 
Error of vP is 5.654438e-08 
Error of vP is 6.814424e-08 
Error of vP is 8.799908e-08 
Error of vP is 5.695258e-08 
Error of vP is 6.590726e-08 
>> >> 
endtime =

   4.1892e+04

>> >> >> >> >> 