MATLAB is selecting SOFTWARE OPENGL rendering.

                            < M A T L A B (R) >
                  Copyright 1984-2021 The MathWorks, Inc.
                  R2021b (9.11.0.1769968) 64-bit (glnxa64)
                             September 17, 2021

 
To get started, type doc.
For product information, visit www.mathworks.com.
 
>> >> >> >> >> >> >> >> >> >> >> >> >> >> >> >> >> >> >> >> >> >> >> >> Starting parallel pool (parpool) using the 'local' profile ...
Connected to the parallel pool (number of workers: 12).
jj1 = 40, max_th = 2.664069e+00, time=2024-09-03 10:07:15 
jj1 = 55, max_th = 1.535278e+00, time=2024-09-03 10:13:26 
jj1 = 50, max_th = 2.056781e+00, time=2024-09-03 10:14:34 
jj1 = 30, max_th = 1.533914e+00, time=2024-09-03 10:18:03 
jj1 = 25, max_th = 2.444062e+00, time=2024-09-03 10:20:01 
jj1 = 60, max_th = 2.568953e+00, time=2024-09-03 10:21:02 
jj1 = 15, max_th = 2.260206e+00, time=2024-09-03 10:22:07 
jj1 = 24, max_th = -2.894625e+00, time=2024-09-03 10:22:49 
jj1 = 45, max_th = 1.893679e+00, time=2024-09-03 10:23:24 
jj1 = 14, max_th = -2.257719e-01, time=2024-09-03 10:23:37 
jj1 = 35, max_th = 2.006516e+00, time=2024-09-03 10:23:44 
jj1 = 10, max_th = 1.705832e+00, time=2024-09-03 10:23:59 
jj1 = 5, max_th = 1.744556e+00, time=2024-09-03 10:24:50 
jj1 = 20, max_th = 1.786737e+00, time=2024-09-03 10:25:29 
jj1 = 4, max_th = -5.735737e-04, time=2024-09-03 10:27:32 
jj1 = 54, max_th = 1.310555e+00, time=2024-09-03 10:28:00 
jj1 = 39, max_th = 1.607375e+00, time=2024-09-03 10:28:32 
jj1 = 23, max_th = 3.066098e+00, time=2024-09-03 10:32:53 
jj1 = 49, max_th = 1.587061e+00, time=2024-09-03 10:33:40 
jj1 = 29, max_th = 2.237033e+00, time=2024-09-03 10:35:44 
jj1 = 53, max_th = 2.579263e+00, time=2024-09-03 10:36:33 
jj1 = 59, max_th = 1.499151e+00, time=2024-09-03 10:36:45 
jj1 = 19, max_th = 2.677356e+00, time=2024-09-03 10:37:23 
jj1 = 34, max_th = 2.293145e+00, time=2024-09-03 10:41:31 
jj1 = 44, max_th = 1.588280e+00, time=2024-09-03 10:43:47 
jj1 = 3, max_th = 1.704935e+00, time=2024-09-03 10:44:09 
jj1 = 13, max_th = 2.207397e+00, time=2024-09-03 10:48:05 
jj1 = 9, max_th = 2.285331e+00, time=2024-09-03 10:49:32 
jj1 = 38, max_th = 1.792650e+00, time=2024-09-03 10:50:31 
jj1 = 28, max_th = 1.341446e+00, time=2024-09-03 10:51:35 
jj1 = 58, max_th = 2.569783e+00, time=2024-09-03 10:56:02 
jj1 = 48, max_th = 2.167476e+00, time=2024-09-03 10:56:59 
jj1 = 52, max_th = 1.796189e+00, time=2024-09-03 10:57:47 
jj1 = 33, max_th = 8.405490e-01, time=2024-09-03 11:01:33 
jj1 = 18, max_th = 1.962687e+00, time=2024-09-03 11:06:35 
jj1 = 22, max_th = 1.958950e+00, time=2024-09-03 11:07:36 
jj1 = 8, max_th = 2.354079e+00, time=2024-09-03 11:07:51 
jj1 = 37, max_th = 2.153514e+00, time=2024-09-03 11:10:09 
jj1 = 57, max_th = 1.673700e+00, time=2024-09-03 11:11:08 
jj1 = 27, max_th = 1.644866e+00, time=2024-09-03 11:11:38 
jj1 = 32, max_th = 1.495486e+00, time=2024-09-03 11:12:56 
jj1 = 17, max_th = 1.298637e+00, time=2024-09-03 11:14:31 
jj1 = 47, max_th = 2.209642e+00, time=2024-09-03 11:15:07 
jj1 = 51, max_th = 2.199838e+00, time=2024-09-03 11:15:45 
jj1 = 12, max_th = 1.719735e+00, time=2024-09-03 11:20:07 
jj1 = 16, max_th = 1.232877e+00, time=2024-09-03 11:20:18 
jj1 = 7, max_th = 1.848251e+00, time=2024-09-03 11:20:20 
jj1 = 56, max_th = 2.249732e+00, time=2024-09-03 11:24:11 
jj1 = 2, max_th = 2.167284e+00, time=2024-09-03 11:24:22 
jj1 = 36, max_th = 1.633485e+00, time=2024-09-03 11:24:30 
jj1 = 43, max_th = 2.163475e+00, time=2024-09-03 11:28:40 
jj1 = 31, max_th = 1.665546e+00, time=2024-09-03 11:31:50 
jj1 = 21, max_th = 1.604853e+00, time=2024-09-03 11:34:28 
jj1 = 11, max_th = 1.859544e+00, time=2024-09-03 11:36:24 
jj1 = 528, max_th = 1.331286e+00, time=2024-09-03 11:36:45 
jj1 = 42, max_th = 1.338829e+00, time=2024-09-03 11:37:32 
jj1 = 333, max_th = 1.088526e+00, time=2024-09-03 11:38:04 
jj1 = 489, max_th = 1.660247e+00, time=2024-09-03 11:39:51 
jj1 = 255, max_th = 1.516215e+00, time=2024-09-03 11:40:15 
jj1 = 216, max_th = 8.165952e-01, time=2024-09-03 11:40:51 
jj1 = 46, max_th = 1.887130e+00, time=2024-09-03 11:42:51 
jj1 = 372, max_th = 2.078226e+00, time=2024-09-03 11:42:55 
jj1 = 26, max_th = 1.595518e+00, time=2024-09-03 11:44:54 
jj1 = 1, max_th = 2.304913e+00, time=2024-09-03 11:51:10 
jj1 = 332, max_th = 2.853051e+00, time=2024-09-03 11:51:36 
jj1 = 6, max_th = 1.923785e+00, time=2024-09-03 11:53:08 
jj1 = 488, max_th = 2.666750e+00, time=2024-09-03 11:54:01 
jj1 = 450, max_th = 2.249513e+00, time=2024-09-03 11:55:04 
jj1 = 527, max_th = 2.343957e+00, time=2024-09-03 11:55:51 
jj1 = 41, max_th = 2.132336e+00, time=2024-09-03 11:56:58 
jj1 = 177, max_th = 1.869009e+00, time=2024-09-03 11:57:10 
jj1 = 254, max_th = 2.438583e+00, time=2024-09-03 11:59:16 
jj1 = 487, max_th = 2.479194e+00, time=2024-09-03 12:02:06 
jj1 = 371, max_th = 1.744291e+00, time=2024-09-03 12:04:18 
jj1 = 253, max_th = 2.884648e+00, time=2024-09-03 12:06:04 
jj1 = 294, max_th = 1.689518e+00, time=2024-09-03 12:07:28 
jj1 = 486, max_th = 4.328920e+00, time=2024-09-03 12:07:44 
jj1 = 215, max_th = 1.434649e+00, time=2024-09-03 12:08:05 
jj1 = 485, max_th = 2.845326e+00, time=2024-09-03 12:12:00 
jj1 = 99, max_th = 1.983550e+00, time=2024-09-03 12:13:36 
jj1 = 331, max_th = 1.875661e+00, time=2024-09-03 12:14:42 
jj1 = 449, max_th = 1.510512e+00, time=2024-09-03 12:16:24 
jj1 = 176, max_th = 2.138778e+00, time=2024-09-03 12:16:44 
jj1 = 411, max_th = 2.062893e+00, time=2024-09-03 12:18:48 
jj1 = 484, max_th = 3.220648e+00, time=2024-09-03 12:19:18 
jj1 = 370, max_th = 1.480531e+00, time=2024-09-03 12:19:19 
jj1 = 526, max_th = 2.012868e+00, time=2024-09-03 12:20:22 
jj1 = 293, max_th = 1.801646e+00, time=2024-09-03 12:24:29 
jj1 = 214, max_th = 2.097116e+00, time=2024-09-03 12:25:45 
jj1 = 138, max_th = 2.184784e+00, time=2024-09-03 12:29:11 
jj1 = 292, max_th = 1.319696e+00, time=2024-09-03 12:32:26 
jj1 = 252, max_th = 2.315984e+00, time=2024-09-03 12:34:04 
jj1 = 330, max_th = 1.945417e+00, time=2024-09-03 12:36:24 
jj1 = 448, max_th = 2.149391e+00, time=2024-09-03 12:37:15 
jj1 = 410, max_th = 2.318269e+00, time=2024-09-03 12:38:38 
jj1 = 409, max_th = 2.929155e+00, time=2024-09-03 12:40:52 
jj1 = 447, max_th = 9.587009e-01, time=2024-09-03 12:41:06 
jj1 = 525, max_th = 1.996685e+00, time=2024-09-03 12:41:45 
jj1 = 98, max_th = 2.375763e+00, time=2024-09-03 12:42:30 
jj1 = 483, max_th = 2.119604e+00, time=2024-09-03 12:43:10 
jj1 = 369, max_th = 2.224533e+00, time=2024-09-03 12:46:12 
jj1 = 175, max_th = 2.063593e+00, time=2024-09-03 12:46:54 
jj1 = 329, max_th = 2.659122e+00, time=2024-09-03 12:47:35 
jj1 = 291, max_th = 2.161615e+00, time=2024-09-03 12:51:33 
jj1 = 408, max_th = 2.620041e+00, time=2024-09-03 12:53:11 
jj1 = 213, max_th = 2.022506e+00, time=2024-09-03 12:54:08 
jj1 = 368, max_th = 2.551352e+00, time=2024-09-03 12:56:01 
jj1 = 137, max_th = 2.243698e+00, time=2024-09-03 12:56:43 
jj1 = 524, max_th = 1.705360e+00, time=2024-09-03 12:59:06 
jj1 = 482, max_th = 1.592173e+00, time=2024-09-03 12:59:54 
jj1 = 446, max_th = 2.093840e+00, time=2024-09-03 13:01:08 
jj1 = 251, max_th = 1.880454e+00, time=2024-09-03 13:03:10 
jj1 = 328, max_th = 1.578653e+00, time=2024-09-03 13:03:33 
jj1 = 445, max_th = 2.816268e+00, time=2024-09-03 13:06:10 
jj1 = 97, max_th = 1.963056e+00, time=2024-09-03 13:06:21 
jj1 = 407, max_th = 2.302532e+00, time=2024-09-03 13:07:59 
jj1 = 327, max_th = 1.000461e+00, time=2024-09-03 13:08:09 
jj1 = 290, max_th = 1.869287e+00, time=2024-09-03 13:08:29 
jj1 = 367, max_th = 1.506636e+00, time=2024-09-03 13:10:42 
jj1 = 289, max_th = 7.479758e-01, time=2024-09-03 13:11:20 
jj1 = 212, max_th = 1.658473e+00, time=2024-09-03 13:12:03 
jj1 = 96, max_th = 1.421314e+00, time=2024-09-03 13:13:46 
jj1 = 174, max_th = 1.954578e+00, time=2024-09-03 13:14:23 
jj1 = 288, max_th = -2.612880e-02, time=2024-09-03 13:15:14 
jj1 = 173, max_th = 1.093929e+00, time=2024-09-03 13:18:01 
jj1 = 287, max_th = 3.037061e+00, time=2024-09-03 13:20:32 
jj1 = 523, max_th = 1.511029e+00, time=2024-09-03 13:21:00 
jj1 = 406, max_th = 1.748432e+00, time=2024-09-03 13:21:31 
jj1 = 136, max_th = 2.015211e+00, time=2024-09-03 13:23:30 
jj1 = 444, max_th = 2.592833e+00, time=2024-09-03 13:24:41 
jj1 = 481, max_th = 2.130425e+00, time=2024-09-03 13:25:16 
jj1 = 326, max_th = 2.216959e+00, time=2024-09-03 13:26:56 
jj1 = 211, max_th = 1.803679e+00, time=2024-09-03 13:27:54 
jj1 = 172, max_th = 2.648267e+00, time=2024-09-03 13:28:04 
jj1 = 250, max_th = 1.972518e+00, time=2024-09-03 13:28:45 
jj1 = 135, max_th = 2.102945e+00, time=2024-09-03 13:33:29 
jj1 = 95, max_th = 1.591158e+00, time=2024-09-03 13:33:55 
jj1 = 443, max_th = 1.269005e+00, time=2024-09-03 13:34:59 
jj1 = 94, max_th = -4.033837e-01, time=2024-09-03 13:35:04 
jj1 = 286, max_th = 1.653175e+00, time=2024-09-03 13:35:38 
jj1 = 366, max_th = 1.871317e+00, time=2024-09-03 13:35:56 
jj1 = 171, max_th = 2.634468e+00, time=2024-09-03 13:36:15 
jj1 = 522, max_th = 1.833704e+00, time=2024-09-03 13:37:13 
jj1 = 480, max_th = 1.504178e+00, time=2024-09-03 13:38:48 
jj1 = 210, max_th = 1.603366e+00, time=2024-09-03 13:40:32 
jj1 = 325, max_th = 1.633474e+00, time=2024-09-03 13:42:54 
jj1 = 405, max_th = 1.709982e+00, time=2024-09-03 13:43:27 
jj1 = 442, max_th = 3.492114e+00, time=2024-09-03 13:46:22 
jj1 = 521, max_th = 1.518040e+00, time=2024-09-03 13:50:09 
jj1 = 249, max_th = 2.007669e+00, time=2024-09-03 13:50:55 
jj1 = 170, max_th = 1.614928e+00, time=2024-09-03 13:53:27 
jj1 = 209, max_th = 1.755822e+00, time=2024-09-03 13:53:27 
jj1 = 134, max_th = 2.012176e+00, time=2024-09-03 13:56:15 
jj1 = 365, max_th = 1.827890e+00, time=2024-09-03 13:59:40 
jj1 = 285, max_th = 1.888279e+00, time=2024-09-03 13:59:53 
jj1 = 404, max_th = 1.643899e+00, time=2024-09-03 14:01:51 
jj1 = 479, max_th = 2.097446e+00, time=2024-09-03 14:02:27 
jj1 = 364, max_th = 1.050438e+00, time=2024-09-03 14:05:09 
jj1 = 208, max_th = 1.394529e+00, time=2024-09-03 14:09:14 
jj1 = 324, max_th = 1.942839e+00, time=2024-09-03 14:09:40 
jj1 = 169, max_th = 1.487266e+00, time=2024-09-03 14:09:46 
jj1 = 248, max_th = 1.628306e+00, time=2024-09-03 14:12:14 
jj1 = 441, max_th = 2.381796e+00, time=2024-09-03 14:15:26 
jj1 = 93, max_th = 1.833949e+00, time=2024-09-03 14:16:12 
jj1 = 363, max_th = 1.678137e+00, time=2024-09-03 14:16:35 
jj1 = 478, max_th = 2.140696e+00, time=2024-09-03 14:18:50 
jj1 = 520, max_th = 2.131927e+00, time=2024-09-03 14:19:33 
jj1 = 403, max_th = 2.021852e+00, time=2024-09-03 14:23:51 
jj1 = 207, max_th = 1.683205e+00, time=2024-09-03 14:31:16 
jj1 = 247, max_th = 2.512043e+00, time=2024-09-03 14:31:22 
jj1 = 362, max_th = 2.277794e+00, time=2024-09-03 14:31:53 
jj1 = 284, max_th = 2.075962e+00, time=2024-09-03 14:32:02 
jj1 = 133, max_th = 1.615261e+00, time=2024-09-03 14:32:44 
jj1 = 168, max_th = 1.998616e+00, time=2024-09-03 14:34:03 
jj1 = 402, max_th = 2.519899e+00, time=2024-09-03 14:35:26 
jj1 = 323, max_th = 2.325603e+00, time=2024-09-03 14:37:26 
jj1 = 519, max_th = 1.876127e+00, time=2024-09-03 14:38:50 
jj1 = 477, max_th = 2.124953e+00, time=2024-09-03 14:40:07 
jj1 = 322, max_th = 1.267506e+00, time=2024-09-03 14:43:46 
jj1 = 206, max_th = 2.535651e+00, time=2024-09-03 14:47:20 
jj1 = 361, max_th = 2.195376e+00, time=2024-09-03 14:47:23 
jj1 = 440, max_th = 2.047537e+00, time=2024-09-03 14:48:34 
jj1 = 283, max_th = 1.812542e+00, time=2024-09-03 14:48:47 
jj1 = 401, max_th = 1.288456e+00, time=2024-09-03 14:51:05 
jj1 = 518, max_th = 1.428432e+00, time=2024-09-03 14:52:52 
jj1 = 439, max_th = 9.517580e-01, time=2024-09-03 14:52:56 
jj1 = 132, max_th = 1.813145e+00, time=2024-09-03 14:53:22 
jj1 = 167, max_th = 2.161620e+00, time=2024-09-03 14:53:55 
jj1 = 246, max_th = 2.188602e+00, time=2024-09-03 14:54:16 
jj1 = 400, max_th = 1.036408e+00, time=2024-09-03 14:55:51 
jj1 = 166, max_th = 9.438269e-01, time=2024-09-03 14:57:10 
jj1 = 92, max_th = 1.467869e+00, time=2024-09-03 14:59:26 
jj1 = 205, max_th = 1.401244e+00, time=2024-09-03 15:01:07 
jj1 = 438, max_th = 2.670873e+00, time=2024-09-03 15:01:39 
jj1 = 399, max_th = 2.850671e+00, time=2024-09-03 15:02:08 
jj1 = 360, max_th = 2.346226e+00, time=2024-09-03 15:03:19 
jj1 = 476, max_th = 1.759854e+00, time=2024-09-03 15:03:57 
jj1 = 517, max_th = 2.480163e+00, time=2024-09-03 15:04:00 
jj1 = 321, max_th = 1.924939e+00, time=2024-09-03 15:06:07 
jj1 = 282, max_th = 2.297510e+00, time=2024-09-03 15:06:24 
jj1 = 91, max_th = 1.543525e+00, time=2024-09-03 15:09:31 
jj1 = 131, max_th = 1.775884e+00, time=2024-09-03 15:12:24 
jj1 = 245, max_th = 2.029475e+00, time=2024-09-03 15:17:42 
jj1 = 244, max_th = -3.046125e-01, time=2024-09-03 15:18:00 
jj1 = 320, max_th = 1.809125e+00, time=2024-09-03 15:20:22 
jj1 = 165, max_th = 1.967677e+00, time=2024-09-03 15:22:15 
jj1 = 437, max_th = 2.150801e+00, time=2024-09-03 15:23:19 
jj1 = 90, max_th = 2.683107e+00, time=2024-09-03 15:23:51 
jj1 = 204, max_th = 1.786348e+00, time=2024-09-03 15:24:01 
jj1 = 281, max_th = 2.305021e+00, time=2024-09-03 15:24:18 
jj1 = 359, max_th = 2.244972e+00, time=2024-09-03 15:24:38 
jj1 = 280, max_th = -9.792002e-02, time=2024-09-03 15:25:28 
jj1 = 130, max_th = 2.535137e+00, time=2024-09-03 15:26:29 
jj1 = 398, max_th = 1.928269e+00, time=2024-09-03 15:30:22 
jj1 = 516, max_th = 1.918123e+00, time=2024-09-03 15:31:50 
jj1 = 243, max_th = 2.127361e+00, time=2024-09-03 15:35:03 
jj1 = 279, max_th = 2.529509e+00, time=2024-09-03 15:36:58 
jj1 = 475, max_th = 1.921144e+00, time=2024-09-03 15:37:21 
jj1 = 203, max_th = 2.446086e+00, time=2024-09-03 15:37:27 
jj1 = 89, max_th = 2.511615e+00, time=2024-09-03 15:39:48 
jj1 = 164, max_th = 2.313138e+00, time=2024-09-03 15:40:34 
jj1 = 474, max_th = 9.272497e-01, time=2024-09-03 15:40:42 
jj1 = 129, max_th = 1.801416e+00, time=2024-09-03 15:42:46 
jj1 = 319, max_th = 2.080075e+00, time=2024-09-03 15:43:02 
jj1 = 318, max_th = 3.122185e+00, time=2024-09-03 15:45:24 
jj1 = 436, max_th = 1.989195e+00, time=2024-09-03 15:45:33 
jj1 = 358, max_th = 2.156041e+00, time=2024-09-03 15:47:11 
jj1 = 317, max_th = 2.954807e+00, time=2024-09-03 15:49:10 
jj1 = 397, max_th = 1.963339e+00, time=2024-09-03 15:50:05 
jj1 = 128, max_th = 2.735777e+00, time=2024-09-03 15:50:34 
jj1 = 278, max_th = 1.232599e+00, time=2024-09-03 15:53:00 
jj1 = 515, max_th = 1.943958e+00, time=2024-09-03 15:55:05 
jj1 = 163, max_th = 2.117059e+00, time=2024-09-03 16:02:32 
jj1 = 242, max_th = 2.281300e+00, time=2024-09-03 16:02:43 
jj1 = 88, max_th = 1.932283e+00, time=2024-09-03 16:04:13 
jj1 = 396, max_th = 2.126900e+00, time=2024-09-03 16:05:09 
jj1 = 277, max_th = 1.593873e+00, time=2024-09-03 16:09:47 
jj1 = 514, max_th = 1.655577e+00, time=2024-09-03 16:10:12 
jj1 = 473, max_th = 1.780752e+00, time=2024-09-03 16:11:50 
jj1 = 435, max_th = 2.416973e+00, time=2024-09-03 16:13:00 
jj1 = 202, max_th = 2.140593e+00, time=2024-09-03 16:13:44 
jj1 = 316, max_th = 2.537540e+00, time=2024-09-03 16:15:21 
jj1 = 127, max_th = 1.960969e+00, time=2024-09-03 16:15:30 
jj1 = 357, max_th = 1.946174e+00, time=2024-09-03 16:16:19 
jj1 = 87, max_th = 2.481668e+00, time=2024-09-03 16:20:32 
jj1 = 434, max_th = 1.438688e+00, time=2024-09-03 16:23:26 
jj1 = 241, max_th = 1.725128e+00, time=2024-09-03 16:24:31 
jj1 = 162, max_th = 1.548301e+00, time=2024-09-03 16:25:55 
jj1 = 395, max_th = 1.773401e+00, time=2024-09-03 16:26:54 
jj1 = 201, max_th = 1.429328e+00, time=2024-09-03 16:28:12 
jj1 = 276, max_th = 1.798686e+00, time=2024-09-03 16:28:20 
jj1 = 394, max_th = -3.024587e-01, time=2024-09-03 16:29:52 
jj1 = 126, max_th = 1.442830e+00, time=2024-09-03 16:32:35 
jj1 = 472, max_th = 2.043590e+00, time=2024-09-03 16:32:43 
jj1 = 275, max_th = 2.768894e+00, time=2024-09-03 16:33:40 
jj1 = 513, max_th = 1.317055e+00, time=2024-09-03 16:33:54 
jj1 = 315, max_th = 1.271582e+00, time=2024-09-03 16:36:57 
jj1 = 356, max_th = 1.956213e+00, time=2024-09-03 16:39:43 
jj1 = 86, max_th = 1.783999e+00, time=2024-09-03 16:41:18 
jj1 = 393, max_th = 1.333680e+00, time=2024-09-03 16:43:21 
jj1 = 240, max_th = 2.065638e+00, time=2024-09-03 16:45:34 
jj1 = 314, max_th = 2.482079e+00, time=2024-09-03 16:47:33 
jj1 = 274, max_th = 6.615135e-01, time=2024-09-03 16:48:54 
jj1 = 125, max_th = 1.543499e+00, time=2024-09-03 16:49:09 
jj1 = 433, max_th = 2.267871e+00, time=2024-09-03 16:49:34 
jj1 = 124, max_th = 3.551537e+00, time=2024-09-03 16:50:25 
jj1 = 392, max_th = 1.202575e+00, time=2024-09-03 16:50:59 
jj1 = 161, max_th = 2.179594e+00, time=2024-09-03 16:56:12 
jj1 = 313, max_th = 3.639504e+00, time=2024-09-03 16:56:31 
jj1 = 512, max_th = 2.132316e+00, time=2024-09-03 16:56:47 
jj1 = 471, max_th = 1.935979e+00, time=2024-09-03 16:57:17 
jj1 = 200, max_th = 2.326359e+00, time=2024-09-03 17:01:12 
jj1 = 239, max_th = 2.272976e+00, time=2024-09-03 17:01:48 
jj1 = 470, max_th = 1.082109e+00, time=2024-09-03 17:02:28 
jj1 = 432, max_th = 1.801536e+00, time=2024-09-03 17:04:12 
jj1 = 85, max_th = 2.135227e+00, time=2024-09-03 17:07:43 
jj1 = 160, max_th = 1.736131e+00, time=2024-09-03 17:08:55 
jj1 = 391, max_th = 1.834488e+00, time=2024-09-03 17:08:55 
jj1 = 273, max_th = 1.829664e+00, time=2024-09-03 17:09:21 
jj1 = 355, max_th = 2.146055e+00, time=2024-09-03 17:11:13 
jj1 = 123, max_th = 2.037588e+00, time=2024-09-03 17:12:35 
jj1 = 312, max_th = 2.192368e+00, time=2024-09-03 17:14:09 
jj1 = 199, max_th = 2.152843e+00, time=2024-09-03 17:14:45 
jj1 = 159, max_th = 2.699885e+00, time=2024-09-03 17:15:47 
jj1 = 469, max_th = 1.466661e+00, time=2024-09-03 17:17:41 
jj1 = 238, max_th = 2.113522e+00, time=2024-09-03 17:18:13 
jj1 = 237, max_th = 2.860433e-04, time=2024-09-03 17:19:54 
jj1 = 511, max_th = 1.777903e+00, time=2024-09-03 17:23:43 
jj1 = 431, max_th = 2.273819e+00, time=2024-09-03 17:24:47 
jj1 = 84, max_th = 2.108725e+00, time=2024-09-03 17:30:04 
jj1 = 311, max_th = 1.784571e+00, time=2024-09-03 17:30:50 
jj1 = 390, max_th = 1.652707e+00, time=2024-09-03 17:31:03 
jj1 = 468, max_th = 1.457019e+00, time=2024-09-03 17:31:52 
jj1 = 198, max_th = 1.849649e+00, time=2024-09-03 17:33:04 
jj1 = 272, max_th = 2.480056e+00, time=2024-09-03 17:33:25 
jj1 = 122, max_th = 2.094538e+00, time=2024-09-03 17:35:00 
jj1 = 467, max_th = 2.845813e+00, time=2024-09-03 17:37:12 
jj1 = 510, max_th = 2.593111e+00, time=2024-09-03 17:38:38 
jj1 = 236, max_th = 2.054000e+00, time=2024-09-03 17:39:47 
jj1 = 354, max_th = 2.012992e+00, time=2024-09-03 17:40:07 
jj1 = 197, max_th = 2.182076e+00, time=2024-09-03 17:47:12 
jj1 = 310, max_th = 1.510541e+00, time=2024-09-03 17:47:25 
jj1 = 389, max_th = 2.251007e+00, time=2024-09-03 17:47:42 
jj1 = 430, max_th = 1.804012e+00, time=2024-09-03 17:47:58 
jj1 = 271, max_th = 1.624439e+00, time=2024-09-03 17:48:24 
jj1 = 83, max_th = 2.394210e+00, time=2024-09-03 17:49:42 
jj1 = 509, max_th = 1.774848e+00, time=2024-09-03 17:53:12 
jj1 = 270, max_th = 9.179210e-01, time=2024-09-03 17:54:32 
jj1 = 235, max_th = 1.493746e+00, time=2024-09-03 17:54:44 
jj1 = 121, max_th = 2.040575e+00, time=2024-09-03 17:58:55 
jj1 = 196, max_th = 1.401939e+00, time=2024-09-03 17:59:12 
jj1 = 353, max_th = 1.725772e+00, time=2024-09-03 18:00:32 
jj1 = 234, max_th = 1.685698e+00, time=2024-09-03 18:04:58 
jj1 = 466, max_th = 2.007116e+00, time=2024-09-03 18:05:39 
jj1 = 82, max_th = 2.245343e+00, time=2024-09-03 18:06:48 
jj1 = 309, max_th = 1.995601e+00, time=2024-09-03 18:08:57 
jj1 = 269, max_th = 1.546491e+00, time=2024-09-03 18:09:16 
jj1 = 429, max_th = 1.763490e+00, time=2024-09-03 18:09:30 
jj1 = 158, max_th = 2.013159e+00, time=2024-09-03 18:11:49 
jj1 = 388, max_th = 2.215880e+00, time=2024-09-03 18:13:12 
jj1 = 120, max_th = 2.489552e+00, time=2024-09-03 18:15:01 
jj1 = 428, max_th = 1.000690e+00, time=2024-09-03 18:17:40 
jj1 = 195, max_th = 1.747532e+00, time=2024-09-03 18:22:53 
jj1 = 308, max_th = 2.644698e+00, time=2024-09-03 18:23:00 
jj1 = 352, max_th = 2.065701e+00, time=2024-09-03 18:23:25 
jj1 = 465, max_th = 1.844063e+00, time=2024-09-03 18:23:36 
jj1 = 81, max_th = 2.522879e+00, time=2024-09-03 18:24:56 
jj1 = 268, max_th = 2.423224e+00, time=2024-09-03 18:25:15 
jj1 = 267, max_th = 9.643600e-01, time=2024-09-03 18:27:43 
jj1 = 157, max_th = 1.412256e+00, time=2024-09-03 18:28:22 
jj1 = 119, max_th = 1.864796e+00, time=2024-09-03 18:29:54 
jj1 = 233, max_th = 1.876932e+00, time=2024-09-03 18:30:38 
jj1 = 387, max_th = 1.838483e+00, time=2024-09-03 18:32:11 
jj1 = 156, max_th = 2.892977e+00, time=2024-09-03 18:33:55 
jj1 = 427, max_th = 1.432262e+00, time=2024-09-03 18:36:27 
jj1 = 307, max_th = 1.522457e+00, time=2024-09-03 18:39:31 
jj1 = 508, max_th = 1.718033e+00, time=2024-09-03 18:39:36 
jj1 = 118, max_th = 1.609778e+00, time=2024-09-03 18:43:16 
jj1 = 464, max_th = 2.123897e+00, time=2024-09-03 18:46:27 
jj1 = 155, max_th = 1.364508e+00, time=2024-09-03 18:46:57 
jj1 = 351, max_th = 1.993704e+00, time=2024-09-03 18:47:04 
jj1 = 80, max_th = 1.919124e+00, time=2024-09-03 18:47:07 
jj1 = 266, max_th = 2.259321e+00, time=2024-09-03 18:48:38 
jj1 = 350, max_th = 3.788500e+00, time=2024-09-03 18:49:49 
jj1 = 426, max_th = 1.225503e+00, time=2024-09-03 18:51:12 
jj1 = 386, max_th = 1.441423e+00, time=2024-09-03 18:51:59 
jj1 = 117, max_th = 2.048243e+00, time=2024-09-03 18:57:57 
jj1 = 507, max_th = 1.892736e+00, time=2024-09-03 18:58:04 
jj1 = 232, max_th = 2.244346e+00, time=2024-09-03 18:58:13 
jj1 = 231, max_th = 2.838074e+00, time=2024-09-03 19:03:26 
jj1 = 306, max_th = 2.124357e+00, time=2024-09-03 19:05:13 
jj1 = 79, max_th = 1.622275e+00, time=2024-09-03 19:05:50 
jj1 = 425, max_th = 3.575299e+00, time=2024-09-03 19:06:27 
jj1 = 230, max_th = 3.107211e+00, time=2024-09-03 19:06:54 
jj1 = 265, max_th = 2.102381e+00, time=2024-09-03 19:07:09 
jj1 = 305, max_th = 2.874256e+00, time=2024-09-03 19:10:03 
jj1 = 463, max_th = 1.636882e+00, time=2024-09-03 19:11:18 
jj1 = 385, max_th = 2.805618e+00, time=2024-09-03 19:11:23 
jj1 = 349, max_th = 2.151930e+00, time=2024-09-03 19:13:01 
jj1 = 194, max_th = 1.915693e+00, time=2024-09-03 19:13:12 
jj1 = 78, max_th = 1.496610e+00, time=2024-09-03 19:16:00 
jj1 = 506, max_th = 2.734573e+00, time=2024-09-03 19:19:30 
jj1 = 154, max_th = 2.022426e+00, time=2024-09-03 19:20:25 
jj1 = 116, max_th = 2.155366e+00, time=2024-09-03 19:21:26 
jj1 = 229, max_th = 1.740549e+00, time=2024-09-03 19:25:20 
jj1 = 264, max_th = 1.624420e+00, time=2024-09-03 19:25:24 
jj1 = 77, max_th = 2.745122e+00, time=2024-09-03 19:26:16 
jj1 = 462, max_th = 2.165081e+00, time=2024-09-03 19:28:53 
jj1 = 424, max_th = 2.315500e+00, time=2024-09-03 19:30:51 
jj1 = 153, max_th = 1.390125e+00, time=2024-09-03 19:32:43 
jj1 = 193, max_th = 1.778937e+00, time=2024-09-03 19:36:02 
jj1 = 384, max_th = 1.963706e+00, time=2024-09-03 19:38:36 
jj1 = 263, max_th = 2.200454e+00, time=2024-09-03 19:39:32 
jj1 = 423, max_th = 1.674889e+00, time=2024-09-03 19:43:19 
jj1 = 505, max_th = 1.983688e+00, time=2024-09-03 19:44:10 
jj1 = 348, max_th = 2.643310e+00, time=2024-09-03 19:44:34 
jj1 = 76, max_th = 1.515308e+00, time=2024-09-03 19:47:07 
jj1 = 75, max_th = 3.363975e+00, time=2024-09-03 19:47:25 
jj1 = 152, max_th = 2.151689e+00, time=2024-09-03 19:48:04 
jj1 = 304, max_th = 2.058301e+00, time=2024-09-03 19:49:54 
jj1 = 228, max_th = 1.577218e+00, time=2024-09-03 19:51:45 
jj1 = 504, max_th = 2.339012e+00, time=2024-09-03 19:57:23 
jj1 = 303, max_th = 2.597982e+00, time=2024-09-03 20:00:38 
jj1 = 192, max_th = 1.814958e+00, time=2024-09-03 20:00:55 
jj1 = 383, max_th = 1.834514e+00, time=2024-09-03 20:02:51 
jj1 = 461, max_th = 2.181560e+00, time=2024-09-03 20:02:55 
jj1 = 74, max_th = 2.310537e+00, time=2024-09-03 20:03:47 
jj1 = 227, max_th = 1.588269e+00, time=2024-09-03 20:06:36 
jj1 = 115, max_th = 1.636680e+00, time=2024-09-03 20:08:00 
jj1 = 422, max_th = 1.953387e+00, time=2024-09-03 20:09:29 
jj1 = 191, max_th = 2.967345e+00, time=2024-09-03 20:12:06 
jj1 = 262, max_th = 1.975017e+00, time=2024-09-03 20:13:00 
jj1 = 226, max_th = 1.160182e+00, time=2024-09-03 20:13:23 
jj1 = 347, max_th = 2.021523e+00, time=2024-09-03 20:15:33 
jj1 = 382, max_th = 2.926199e+00, time=2024-09-03 20:15:55 
jj1 = 302, max_th = 2.916429e+00, time=2024-09-03 20:16:14 
jj1 = 151, max_th = 1.663621e+00, time=2024-09-03 20:19:37 
jj1 = 225, max_th = 1.243854e+00, time=2024-09-03 20:21:24 
jj1 = 503, max_th = 1.668952e+00, time=2024-09-03 20:23:07 
jj1 = 421, max_th = 2.530008e+00, time=2024-09-03 20:24:15 
jj1 = 460, max_th = 2.227606e+00, time=2024-09-03 20:28:20 
jj1 = 224, max_th = 1.189622e+00, time=2024-09-03 20:28:43 
jj1 = 114, max_th = 1.855291e+00, time=2024-09-03 20:29:03 
jj1 = 73, max_th = 1.871762e+00, time=2024-09-03 20:31:18 
jj1 = 190, max_th = 2.195023e+00, time=2024-09-03 20:33:56 
jj1 = 502, max_th = 2.370470e+00, time=2024-09-03 20:35:25 
jj1 = 381, max_th = 2.144183e+00, time=2024-09-03 20:36:42 
jj1 = 261, max_th = 1.921551e+00, time=2024-09-03 20:39:19 
jj1 = 150, max_th = 2.153777e+00, time=2024-09-03 20:39:34 
jj1 = 420, max_th = 1.721143e+00, time=2024-09-03 20:43:34 
jj1 = 301, max_th = 3.111093e+00, time=2024-09-03 20:46:46 
jj1 = 346, max_th = 2.026584e+00, time=2024-09-03 20:48:13 
jj1 = 113, max_th = 1.766580e+00, time=2024-09-03 20:48:50 
jj1 = 459, max_th = 1.975046e+00, time=2024-09-03 20:49:00 
jj1 = 149, max_th = 2.449474e+00, time=2024-09-03 20:50:04 
jj1 = 419, max_th = 2.880736e+00, time=2024-09-03 20:50:19 
jj1 = 260, max_th = 2.541696e+00, time=2024-09-03 20:50:33 
jj1 = 458, max_th = 4.315016e-01, time=2024-09-03 20:53:07 
jj1 = 223, max_th = 1.932895e+00, time=2024-09-03 20:56:33 
jj1 = 457, max_th = 1.245561e+00, time=2024-09-03 21:01:50 
jj1 = 345, max_th = 1.734697e+00, time=2024-09-03 21:02:21 
jj1 = 189, max_th = 1.879905e+00, time=2024-09-03 21:03:34 
jj1 = 72, max_th = 1.811738e+00, time=2024-09-03 21:04:07 
jj1 = 112, max_th = 2.049678e+00, time=2024-09-03 21:04:11 
jj1 = 380, max_th = 2.016782e+00, time=2024-09-03 21:04:31 
jj1 = 501, max_th = 1.904677e+00, time=2024-09-03 21:05:05 
jj1 = 259, max_th = 2.296941e+00, time=2024-09-03 21:10:23 
jj1 = 258, max_th = 1.068111e-02, time=2024-09-03 21:11:10 
jj1 = 300, max_th = 2.240584e+00, time=2024-09-03 21:11:44 
jj1 = 500, max_th = 1.299282e+00, time=2024-09-03 21:13:36 
jj1 = 222, max_th = 2.335067e+00, time=2024-09-03 21:13:39 
jj1 = 499, max_th = 3.605481e-01, time=2024-09-03 21:14:19 
jj1 = 148, max_th = 2.180961e+00, time=2024-09-03 21:14:54 
jj1 = 344, max_th = -9.934458e-02, time=2024-09-03 21:16:14 
jj1 = 418, max_th = 2.054208e+00, time=2024-09-03 21:19:07 
jj1 = 111, max_th = 2.019799e+00, time=2024-09-03 21:20:02 
jj1 = 188, max_th = 1.921118e+00, time=2024-09-03 21:21:44 
jj1 = 110, max_th = -3.487406e-03, time=2024-09-03 21:22:23 
jj1 = 299, max_th = 1.180897e+00, time=2024-09-03 21:22:33 
jj1 = 379, max_th = 1.630167e+00, time=2024-09-03 21:24:18 
jj1 = 221, max_th = 1.339150e+00, time=2024-09-03 21:26:58 
jj1 = 417, max_th = 1.239178e+00, time=2024-09-03 21:27:43 
jj1 = 456, max_th = 2.157093e+00, time=2024-09-03 21:28:45 
jj1 = 257, max_th = 2.097550e+00, time=2024-09-03 21:29:30 
jj1 = 147, max_th = 2.219985e+00, time=2024-09-03 21:30:53 
jj1 = 498, max_th = 1.804748e+00, time=2024-09-03 21:31:28 
jj1 = 71, max_th = 1.835917e+00, time=2024-09-03 21:32:02 
jj1 = 220, max_th = 1.416875e+00, time=2024-09-03 21:34:23 
jj1 = 298, max_th = 2.712716e+00, time=2024-09-03 21:34:29 
jj1 = 378, max_th = 1.750643e+00, time=2024-09-03 21:40:45 
jj1 = 109, max_th = 2.146271e+00, time=2024-09-03 21:41:38 
jj1 = 219, max_th = 9.397027e-01, time=2024-09-03 21:44:33 
jj1 = 343, max_th = 2.163928e+00, time=2024-09-03 21:44:36 
jj1 = 377, max_th = 2.794079e+00, time=2024-09-03 21:45:53 
jj1 = 455, max_th = 1.689052e+00, time=2024-09-03 21:46:13 
jj1 = 108, max_th = 9.638711e-01, time=2024-09-03 21:46:57 
jj1 = 187, max_th = 1.592315e+00, time=2024-09-03 21:48:26 
jj1 = 297, max_th = 1.889441e+00, time=2024-09-03 21:49:32 
jj1 = 342, max_th = 2.822912e+00, time=2024-09-03 21:51:25 
jj1 = 146, max_th = 1.923774e+00, time=2024-09-03 21:52:04 
jj1 = 497, max_th = 9.078245e-01, time=2024-09-03 21:52:33 
jj1 = 416, max_th = 1.916572e+00, time=2024-09-03 21:54:38 
jj1 = 376, max_th = 1.403228e+00, time=2024-09-03 21:58:03 
jj1 = 341, max_th = 2.633610e+00, time=2024-09-03 22:02:03 
jj1 = 186, max_th = 2.336992e+00, time=2024-09-03 22:03:42 
jj1 = 256, max_th = 1.288347e+00, time=2024-09-03 22:04:08 
jj1 = 708, max_th = 7.463575e-01, time=2024-09-03 22:05:57 
jj1 = 107, max_th = 1.750403e+00, time=2024-09-03 22:07:19 
jj1 = 454, max_th = 1.862864e+00, time=2024-09-03 22:07:35 
jj1 = 218, max_th = 1.855366e+00, time=2024-09-03 22:07:48 
jj1 = 415, max_th = 1.583837e+00, time=2024-09-03 22:10:25 
jj1 = 106, max_th = 9.169395e-01, time=2024-09-03 22:11:35 
jj1 = 375, max_th = 2.530968e+00, time=2024-09-03 22:12:00 
jj1 = 145, max_th = 2.132023e+00, time=2024-09-03 22:12:31 
jj1 = 496, max_th = 2.223600e+00, time=2024-09-03 22:13:59 
jj1 = 70, max_th = 1.578504e+00, time=2024-09-03 22:15:44 
jj1 = 340, max_th = 2.064820e+00, time=2024-09-03 22:24:38 
jj1 = 707, max_th = 2.085470e+00, time=2024-09-03 22:24:46 
jj1 = 185, max_th = 2.229650e+00, time=2024-09-03 22:24:48 
jj1 = 217, max_th = 1.896347e+00, time=2024-09-03 22:28:12 
jj1 = 105, max_th = 2.064730e+00, time=2024-09-03 22:30:01 
jj1 = 414, max_th = 2.050526e+00, time=2024-09-03 22:30:54 
jj1 = 453, max_th = 1.716637e+00, time=2024-09-03 22:31:59 
jj1 = 69, max_th = 2.532271e+00, time=2024-09-03 22:35:11 
jj1 = 374, max_th = 2.091158e+00, time=2024-09-03 22:36:32 
jj1 = 144, max_th = 1.475894e+00, time=2024-09-03 22:36:45 
jj1 = 706, max_th = 1.589263e+00, time=2024-09-03 22:40:20 
jj1 = 339, max_th = 1.583274e+00, time=2024-09-03 22:42:00 
jj1 = 143, max_th = 1.080738e+00, time=2024-09-03 22:43:24 
jj1 = 648, max_th = 2.218779e+00, time=2024-09-03 22:45:20 
jj1 = 413, max_th = 2.479450e+00, time=2024-09-03 22:45:27 
jj1 = 338, max_th = 9.233682e-01, time=2024-09-03 22:45:58 
jj1 = 68, max_th = 2.472548e+00, time=2024-09-03 22:47:43 
jj1 = 373, max_th = 2.868748e+00, time=2024-09-03 22:51:12 
jj1 = 142, max_th = 1.437671e+00, time=2024-09-03 22:52:40 
jj1 = 768, max_th = 3.356604e+00, time=2024-09-03 22:53:19 
jj1 = 184, max_th = 1.818410e+00, time=2024-09-03 22:53:20 
jj1 = 452, max_th = 1.699524e+00, time=2024-09-03 22:54:17 
jj1 = 647, max_th = 2.424034e+00, time=2024-09-03 22:55:30 
jj1 = 104, max_th = 2.125669e+00, time=2024-09-03 22:57:24 
jj1 = 705, max_th = 3.036865e+00, time=2024-09-03 22:57:44 
jj1 = 67, max_th = 2.710222e+00, time=2024-09-03 22:59:21 
jj1 = 495, max_th = 1.882032e+00, time=2024-09-03 23:00:28 
jj1 = 412, max_th = 2.291445e+00, time=2024-09-03 23:03:13 
jj1 = 103, max_th = 2.356429e+00, time=2024-09-03 23:06:57 
jj1 = 688, max_th = 2.494406e+00, time=2024-09-03 23:08:35 
jj1 = 141, max_th = 2.215590e+00, time=2024-09-03 23:09:47 
jj1 = 140, max_th = 7.575834e-01, time=2024-09-03 23:10:41 
jj1 = 183, max_th = 2.386858e+00, time=2024-09-03 23:11:31 
jj1 = 767, max_th = 2.230040e+00, time=2024-09-03 23:12:27 
jj1 = 451, max_th = 1.923299e+00, time=2024-09-03 23:12:45 
jj1 = 337, max_th = 2.093438e+00, time=2024-09-03 23:13:18 
jj1 = 182, max_th = 3.062676e-01, time=2024-09-03 23:14:30 
jj1 = 704, max_th = 1.789391e+00, time=2024-09-03 23:15:46 
jj1 = 494, max_th = 2.151400e+00, time=2024-09-03 23:16:17 
jj1 = 296, max_th = 2.267967e+00, time=2024-09-03 23:18:03 
jj1 = 687, max_th = 1.607776e+00, time=2024-09-03 23:21:45 
jj1 = 102, max_th = 2.242835e+00, time=2024-09-03 23:26:58 
jj1 = 139, max_th = 2.003685e+00, time=2024-09-03 23:27:35 
jj1 = 181, max_th = 1.651621e+00, time=2024-09-03 23:28:19 
jj1 = 66, max_th = 1.958001e+00, time=2024-09-03 23:29:57 
jj1 = 548, max_th = 1.848799e+00, time=2024-09-03 23:31:01 
jj1 = 646, max_th = 2.204550e+00, time=2024-09-03 23:34:22 
jj1 = 493, max_th = 2.510039e+00, time=2024-09-03 23:35:49 
jj1 = 703, max_th = 1.985079e+00, time=2024-09-03 23:36:22 
jj1 = 766, max_th = 1.418039e+00, time=2024-09-03 23:37:09 
jj1 = 180, max_th = 2.667133e+00, time=2024-09-03 23:37:43 
jj1 = 336, max_th = 1.339395e+00, time=2024-09-03 23:38:24 
jj1 = 686, max_th = 1.704270e+00, time=2024-09-03 23:40:04 
jj1 = 645, max_th = 1.499719e+00, time=2024-09-03 23:43:24 
jj1 = 492, max_th = 2.709237e+00, time=2024-09-03 23:44:13 
jj1 = 295, max_th = 1.807284e+00, time=2024-09-03 23:44:25 
jj1 = 101, max_th = 1.867953e+00, time=2024-09-03 23:45:25 
jj1 = 668, max_th = 2.271586e+00, time=2024-09-03 23:45:36 
jj1 = 65, max_th = 2.457712e+00, time=2024-09-03 23:46:06 
jj1 = 685, max_th = 1.010928e+00, time=2024-09-03 23:46:09 
jj1 = 547, max_th = 1.626669e+00, time=2024-09-03 23:49:37 
jj1 = 179, max_th = 2.446176e+00, time=2024-09-03 23:53:04 
jj1 = 178, max_th = 3.055149e+00, time=2024-09-03 23:55:27 
jj1 = 684, max_th = 2.536365e+00, time=2024-09-03 23:59:28 
jj1 = 702, max_th = 1.479200e+00, time=2024-09-03 23:59:59 
jj1 = 765, max_th = 2.076655e+00, time=2024-09-04 00:00:19 
jj1 = 64, max_th = 1.314524e+00, time=2024-09-04 00:02:05 
jj1 = 667, max_th = 2.100831e+00, time=2024-09-04 00:03:11 
jj1 = 644, max_th = 1.882359e+00, time=2024-09-04 00:04:29 
jj1 = 628, max_th = 1.576131e+00, time=2024-09-04 00:05:19 
jj1 = 491, max_th = 2.448999e+00, time=2024-09-04 00:06:00 
jj1 = 546, max_th = 1.523188e+00, time=2024-09-04 00:10:40 
jj1 = 335, max_th = 2.194024e+00, time=2024-09-04 00:11:37 
jj1 = 545, max_th = 8.829939e-01, time=2024-09-04 00:15:12 
jj1 = 100, max_th = 2.035887e+00, time=2024-09-04 00:18:18 
jj1 = 643, max_th = 2.332875e+00, time=2024-09-04 00:18:20 
jj1 = 568, max_th = 1.837198e+00, time=2024-09-04 00:19:38 
jj1 = 666, max_th = 2.147641e+00, time=2024-09-04 00:20:57 
jj1 = 764, max_th = 2.006986e+00, time=2024-09-04 00:23:36 
jj1 = 627, max_th = 2.407783e+00, time=2024-09-04 00:24:06 
jj1 = 544, max_th = 1.705279e+00, time=2024-09-04 00:24:23 
jj1 = 63, max_th = 1.763773e+00, time=2024-09-04 00:27:06 
jj1 = 490, max_th = 2.386816e+00, time=2024-09-04 00:27:42 
jj1 = 642, max_th = 1.071495e+00, time=2024-09-04 00:29:44 
jj1 = 334, max_th = 2.294258e+00, time=2024-09-04 00:31:57 
jj1 = 701, max_th = 1.608281e+00, time=2024-09-04 00:32:46 
jj1 = 683, max_th = 2.386410e+00, time=2024-09-04 00:34:02 
jj1 = 748, max_th = 1.642569e+00, time=2024-09-04 00:37:38 
jj1 = 567, max_th = 2.283475e+00, time=2024-09-04 00:40:10 
jj1 = 608, max_th = 2.689970e+00, time=2024-09-04 00:41:35 
jj1 = 62, max_th = 1.717475e+00, time=2024-09-04 00:43:37 
jj1 = 543, max_th = 1.901126e+00, time=2024-09-04 00:44:14 
jj1 = 763, max_th = 1.540848e+00, time=2024-09-04 00:44:18 
jj1 = 665, max_th = 2.145993e+00, time=2024-09-04 00:44:21 
jj1 = 566, max_th = 2.894400e+00, time=2024-09-04 00:45:19 
jj1 = 641, max_th = 2.746204e+00, time=2024-09-04 00:46:55 
jj1 = 565, max_th = 3.148325e+00, time=2024-09-04 00:46:57 
jj1 = 588, max_th = 2.251505e+00, time=2024-09-04 00:48:17 
jj1 = 626, max_th = 1.719196e+00, time=2024-09-04 00:50:15 
jj1 = 682, max_th = 1.806230e+00, time=2024-09-04 00:56:02 
jj1 = 607, max_th = 1.373051e+00, time=2024-09-04 00:56:17 
jj1 = 747, max_th = 2.482149e+00, time=2024-09-04 00:57:12 
jj1 = 61, max_th = 1.467558e+00, time=2024-09-04 00:58:16 
jj1 = 700, max_th = 2.189516e+00, time=2024-09-04 00:59:04 
jj1 = 762, max_th = 2.149726e+00, time=2024-09-04 00:59:10 
jj1 = 587, max_th = 2.449629e+00, time=2024-09-04 01:00:51 
jj1 = 564, max_th = 1.819784e+00, time=2024-09-04 01:02:54 
jj1 = 681, max_th = 2.697574e+00, time=2024-09-04 01:03:23 
jj1 = 640, max_th = 2.384012e+00, time=2024-09-04 01:04:12 
jj1 = 664, max_th = 2.196996e+00, time=2024-09-04 01:05:17 
jj1 = 563, max_th = 3.147993e+00, time=2024-09-04 01:06:53 
jj1 = 625, max_th = 2.434176e+00, time=2024-09-04 01:07:19 
jj1 = 586, max_th = 1.221435e+00, time=2024-09-04 01:07:54 
jj1 = 761, max_th = 1.036247e+00, time=2024-09-04 01:11:18 
jj1 = 606, max_th = 1.372569e+00, time=2024-09-04 01:12:53 
jj1 = 746, max_th = 2.202423e+00, time=2024-09-04 01:13:24 
jj1 = 663, max_th = 1.377600e+00, time=2024-09-04 01:16:43 
jj1 = 728, max_th = 2.097491e+00, time=2024-09-04 01:17:42 
jj1 = 542, max_th = 1.685611e+00, time=2024-09-04 01:18:24 
jj1 = 699, max_th = 1.931154e+00, time=2024-09-04 01:19:45 
jj1 = 680, max_th = 2.003464e+00, time=2024-09-04 01:23:19 
jj1 = 727, max_th = 2.356614e+00, time=2024-09-04 01:25:39 
jj1 = 698, max_th = 1.037904e+00, time=2024-09-04 01:27:37 
jj1 = 624, max_th = 1.661873e+00, time=2024-09-04 01:28:16 
jj1 = 605, max_th = 2.187943e+00, time=2024-09-04 01:28:57 
jj1 = 639, max_th = 2.279121e+00, time=2024-09-04 01:31:19 
jj1 = 745, max_th = 2.429089e+00, time=2024-09-04 01:31:56 
jj1 = 662, max_th = 1.658129e+00, time=2024-09-04 01:32:55 
jj1 = 760, max_th = 2.117395e+00, time=2024-09-04 01:34:34 
jj1 = 562, max_th = 1.829500e+00, time=2024-09-04 01:34:50 
jj1 = 585, max_th = 2.006722e+00, time=2024-09-04 01:36:32 
jj1 = 541, max_th = 2.268837e+00, time=2024-09-04 01:36:37 
jj1 = 744, max_th = 1.505795e+00, time=2024-09-04 01:40:47 
jj1 = 679, max_th = 1.783636e+00, time=2024-09-04 01:42:26 
jj1 = 697, max_th = 1.747412e+00, time=2024-09-04 01:42:26 
jj1 = 623, max_th = 1.895831e+00, time=2024-09-04 01:43:37 
jj1 = 726, max_th = 2.055386e+00, time=2024-09-04 01:47:38 
jj1 = 604, max_th = 2.209643e+00, time=2024-09-04 01:47:51 
jj1 = 540, max_th = 2.542048e+00, time=2024-09-04 01:49:47 
jj1 = 561, max_th = 2.464955e+00, time=2024-09-04 01:50:14 
jj1 = 622, max_th = 2.684288e+00, time=2024-09-04 01:52:29 
jj1 = 661, max_th = 1.824377e+00, time=2024-09-04 01:53:04 
jj1 = 584, max_th = 1.861135e+00, time=2024-09-04 01:56:04 
jj1 = 759, max_th = 1.689670e+00, time=2024-09-04 01:57:02 
jj1 = 638, max_th = 1.820826e+00, time=2024-09-04 02:01:33 
jj1 = 660, max_th = 2.667777e+00, time=2024-09-04 02:03:01 
jj1 = 603, max_th = 1.487194e+00, time=2024-09-04 02:04:04 
jj1 = 696, max_th = 2.355117e+00, time=2024-09-04 02:04:18 
jj1 = 743, max_th = 2.070390e+00, time=2024-09-04 02:04:36 
jj1 = 621, max_th = 2.726704e+00, time=2024-09-04 02:05:06 
jj1 = 742, max_th = 3.154121e-01, time=2024-09-04 02:05:20 
jj1 = 539, max_th = 1.502529e+00, time=2024-09-04 02:05:22 
jj1 = 678, max_th = 1.981132e+00, time=2024-09-04 02:06:34 
jj1 = 725, max_th = 1.569617e+00, time=2024-09-04 02:09:08 
jj1 = 583, max_th = 1.825913e+00, time=2024-09-04 02:10:41 
jj1 = 659, max_th = 1.173756e+00, time=2024-09-04 02:12:19 
jj1 = 677, max_th = 1.160838e+00, time=2024-09-04 02:12:54 
jj1 = 560, max_th = 1.655962e+00, time=2024-09-04 02:17:21 
jj1 = 741, max_th = 1.425809e+00, time=2024-09-04 02:21:53 
jj1 = 724, max_th = 1.484594e+00, time=2024-09-04 02:24:05 
jj1 = 637, max_th = 2.374184e+00, time=2024-09-04 02:24:27 
jj1 = 602, max_th = 1.899096e+00, time=2024-09-04 02:25:50 
jj1 = 758, max_th = 2.022176e+00, time=2024-09-04 02:26:00 
jj1 = 620, max_th = 1.932486e+00, time=2024-09-04 02:29:54 
jj1 = 695, max_th = 1.991704e+00, time=2024-09-04 02:30:44 
jj1 = 582, max_th = 1.995504e+00, time=2024-09-04 02:32:27 
jj1 = 538, max_th = 1.756224e+00, time=2024-09-04 02:35:32 
jj1 = 559, max_th = 1.716418e+00, time=2024-09-04 02:37:17 
jj1 = 676, max_th = 2.248615e+00, time=2024-09-04 02:40:26 
jj1 = 740, max_th = 2.124465e+00, time=2024-09-04 02:46:28 
jj1 = 757, max_th = 1.433931e+00, time=2024-09-04 02:46:28 
jj1 = 619, max_th = 1.664503e+00, time=2024-09-04 02:47:03 
jj1 = 636, max_th = 2.188121e+00, time=2024-09-04 02:47:56 
jj1 = 723, max_th = 1.977961e+00, time=2024-09-04 02:48:24 
jj1 = 601, max_th = 2.164957e+00, time=2024-09-04 02:49:35 
jj1 = 694, max_th = 1.705981e+00, time=2024-09-04 02:49:39 
jj1 = 635, max_th = 4.044628e+00, time=2024-09-04 02:52:20 
jj1 = 581, max_th = 1.734592e+00, time=2024-09-04 02:52:50 
jj1 = 537, max_th = 1.553188e+00, time=2024-09-04 02:53:01 
jj1 = 558, max_th = 1.763808e+00, time=2024-09-04 02:56:45 
jj1 = 675, max_th = 2.001652e+00, time=2024-09-04 02:57:25 
jj1 = 557, max_th = 1.378816e+00, time=2024-09-04 02:59:55 
jj1 = 658, max_th = 1.984885e+00, time=2024-09-04 03:00:55 
jj1 = 600, max_th = 1.117312e+00, time=2024-09-04 03:05:55 
jj1 = 618, max_th = 2.329401e+00, time=2024-09-04 03:06:14 
jj1 = 693, max_th = 2.037535e+00, time=2024-09-04 03:06:38 
jj1 = 739, max_th = 1.730372e+00, time=2024-09-04 03:09:05 
jj1 = 756, max_th = 2.108471e+00, time=2024-09-04 03:10:22 
jj1 = 738, max_th = 3.981096e+00, time=2024-09-04 03:10:28 
jj1 = 580, max_th = 2.068688e+00, time=2024-09-04 03:12:29 
jj1 = 674, max_th = 1.810435e+00, time=2024-09-04 03:15:41 
jj1 = 657, max_th = 2.050155e+00, time=2024-09-04 03:16:20 
jj1 = 692, max_th = 1.463396e+00, time=2024-09-04 03:17:30 
jj1 = 536, max_th = 2.174295e+00, time=2024-09-04 03:18:17 
jj1 = 722, max_th = 1.858565e+00, time=2024-09-04 03:18:34 
jj1 = 617, max_th = 2.985104e+00, time=2024-09-04 03:19:37 
jj1 = 599, max_th = 2.137401e+00, time=2024-09-04 03:25:59 
jj1 = 556, max_th = 2.167477e+00, time=2024-09-04 03:26:28 
jj1 = 555, max_th = 1.265504e+00, time=2024-09-04 03:31:43 
jj1 = 616, max_th = 2.878901e+00, time=2024-09-04 03:33:18 
jj1 = 656, max_th = 2.208225e+00, time=2024-09-04 03:34:19 
jj1 = 755, max_th = 1.379991e+00, time=2024-09-04 03:34:44 
jj1 = 737, max_th = 1.865730e+00, time=2024-09-04 03:35:44 
jj1 = 754, max_th = 7.245472e-01, time=2024-09-04 03:36:27 
jj1 = 673, max_th = 2.463614e+00, time=2024-09-04 03:36:29 
jj1 = 721, max_th = 1.840166e+00, time=2024-09-04 03:39:17 
jj1 = 535, max_th = 2.010948e+00, time=2024-09-04 03:41:55 
jj1 = 634, max_th = 1.973092e+00, time=2024-09-04 03:42:02 
jj1 = 691, max_th = 2.077787e+00, time=2024-09-04 03:46:29 
jj1 = 554, max_th = 1.534735e+00, time=2024-09-04 03:48:09 
jj1 = 598, max_th = 1.976913e+00, time=2024-09-04 03:49:38 
jj1 = 672, max_th = 1.698114e+00, time=2024-09-04 03:50:05 
jj1 = 615, max_th = 1.379639e+00, time=2024-09-04 03:50:36 
jj1 = 655, max_th = 1.894841e+00, time=2024-09-04 03:51:36 
jj1 = 753, max_th = 2.121659e+00, time=2024-09-04 03:53:56 
jj1 = 579, max_th = 1.692898e+00, time=2024-09-04 03:54:00 
jj1 = 614, max_th = 9.991510e-01, time=2024-09-04 03:54:43 
jj1 = 736, max_th = 1.664291e+00, time=2024-09-04 03:56:31 
jj1 = 633, max_th = 2.321415e+00, time=2024-09-04 03:58:04 
jj1 = 654, max_th = 2.700153e+00, time=2024-09-04 04:00:39 
jj1 = 553, max_th = 2.222552e+00, time=2024-09-04 04:05:19 
jj1 = 720, max_th = 2.016088e+00, time=2024-09-04 04:05:21 
jj1 = 735, max_th = 2.702844e+00, time=2024-09-04 04:06:27 
jj1 = 578, max_th = 1.306340e+00, time=2024-09-04 04:07:10 
jj1 = 719, max_th = 3.066865e+00, time=2024-09-04 04:07:36 
jj1 = 690, max_th = 2.224710e+00, time=2024-09-04 04:10:58 
jj1 = 577, max_th = -1.938584e+00, time=2024-09-04 04:11:45 
jj1 = 653, max_th = 9.680052e-01, time=2024-09-04 04:12:19 
jj1 = 671, max_th = 1.891475e+00, time=2024-09-04 04:14:26 
jj1 = 613, max_th = 2.430214e+00, time=2024-09-04 04:15:41 
jj1 = 534, max_th = 2.831942e+00, time=2024-09-04 04:16:10 
jj1 = 689, max_th = 1.484352e+00, time=2024-09-04 04:17:12 
jj1 = 718, max_th = 2.762360e+00, time=2024-09-04 04:18:28 
jj1 = 752, max_th = 2.038705e+00, time=2024-09-04 04:18:32 
jj1 = 734, max_th = 2.132288e+00, time=2024-09-04 04:19:52 
jj1 = 632, max_th = 2.100364e+00, time=2024-09-04 04:22:09 
jj1 = 533, max_th = 1.159066e+00, time=2024-09-04 04:22:59 
jj1 = 631, max_th = 2.830192e-01, time=2024-09-04 04:24:29 
jj1 = 552, max_th = 1.389349e+00, time=2024-09-04 04:25:25 
jj1 = 652, max_th = 2.690170e+00, time=2024-09-04 04:26:14 
jj1 = 751, max_th = 3.593203e+00, time=2024-09-04 04:29:40 
jj1 = 576, max_th = 1.342180e+00, time=2024-09-04 04:31:28 
jj1 = 670, max_th = 1.542148e+00, time=2024-09-04 04:33:57 
jj1 = 750, max_th = 2.896701e+00, time=2024-09-04 04:33:59 
jj1 = 612, max_th = 2.089744e+00, time=2024-09-04 04:36:38 
jj1 = 651, max_th = 2.481256e+00, time=2024-09-04 04:36:45 
jj1 = 778, max_th = 1.941030e+00, time=2024-09-04 04:38:54 
jj1 = 551, max_th = 2.254418e+00, time=2024-09-04 04:41:01 
jj1 = 717, max_th = 2.117049e+00, time=2024-09-04 04:42:16 
jj1 = 532, max_th = 1.760527e+00, time=2024-09-04 04:46:07 
jj1 = 575, max_th = 1.676615e+00, time=2024-09-04 04:47:57 
jj1 = 630, max_th = 2.132002e+00, time=2024-09-04 04:49:21 
jj1 = 574, max_th = 8.033028e-01, time=2024-09-04 04:50:29 
jj1 = 669, max_th = 2.159902e+00, time=2024-09-04 04:57:03 
jj1 = 777, max_th = 1.936365e+00, time=2024-09-04 04:57:47 
jj1 = 716, max_th = 1.451785e+00, time=2024-09-04 04:57:50 
jj1 = 715, max_th = 3.221359e+00, time=2024-09-04 04:58:20 
jj1 = 550, max_th = 1.805398e+00, time=2024-09-04 04:58:37 
jj1 = 749, max_th = 2.160599e+00, time=2024-09-04 04:58:57 
jj1 = 650, max_th = 2.717169e+00, time=2024-09-04 04:59:04 
jj1 = 573, max_th = 1.526756e+00, time=2024-09-04 05:01:08 
jj1 = 733, max_th = 1.352308e+00, time=2024-09-04 05:02:43 
jj1 = 732, max_th = 5.380572e-01, time=2024-09-04 05:06:51 
jj1 = 611, max_th = 2.029042e+00, time=2024-09-04 05:08:56 
jj1 = 597, max_th = 2.472078e+00, time=2024-09-04 05:09:34 
jj1 = 572, max_th = 2.285011e+00, time=2024-09-04 05:15:35 
jj1 = 776, max_th = 2.505289e+00, time=2024-09-04 05:15:48 
jj1 = 629, max_th = 2.267562e+00, time=2024-09-04 05:16:25 
jj1 = 731, max_th = 1.511358e+00, time=2024-09-04 05:17:50 
jj1 = 714, max_th = 2.334168e+00, time=2024-09-04 05:21:58 
jj1 = 798, max_th = 2.164487e+00, time=2024-09-04 05:23:17 
jj1 = 531, max_th = 2.264869e+00, time=2024-09-04 05:23:24 
jj1 = 571, max_th = 2.713111e+00, time=2024-09-04 05:26:00 
jj1 = 730, max_th = 2.445460e+00, time=2024-09-04 05:26:22 
jj1 = 808, max_th = 1.831066e+00, time=2024-09-04 05:26:54 
jj1 = 530, max_th = 2.645344e+00, time=2024-09-04 05:27:07 
jj1 = 788, max_th = 1.488703e+00, time=2024-09-04 05:28:51 
jj1 = 529, max_th = 1.065590e+00, time=2024-09-04 05:29:52 
jj1 = 775, max_th = 1.741170e+00, time=2024-09-04 05:30:52 
jj1 = 549, max_th = 1.819979e+00, time=2024-09-04 05:31:50 
jj1 = 797, max_th = 1.279760e+00, time=2024-09-04 05:32:27 
jj1 = 596, max_th = 2.167472e+00, time=2024-09-04 05:32:49 
jj1 = 610, max_th = 2.180322e+00, time=2024-09-04 05:33:15 
jj1 = 595, max_th = 3.054467e+00, time=2024-09-04 05:35:03 
jj1 = 796, max_th = 2.817745e+00, time=2024-09-04 05:35:45 
jj1 = 713, max_th = 1.604936e+00, time=2024-09-04 05:40:21 
jj1 = 594, max_th = 1.051293e+00, time=2024-09-04 05:40:28 
jj1 = 807, max_th = 1.890791e+00, time=2024-09-04 05:42:36 
jj1 = 806, max_th = 8.360414e-01, time=2024-09-04 05:42:55 
jj1 = 818, max_th = 2.158253e+00, time=2024-09-04 05:43:07 
jj1 = 817, max_th = 8.526688e-01, time=2024-09-04 05:44:47 
jj1 = 729, max_th = 2.108212e+00, time=2024-09-04 05:48:00 
jj1 = 848, max_th = 1.651075e+00, time=2024-09-04 05:48:27 
jj1 = 787, max_th = 2.093324e+00, time=2024-09-04 05:49:10 
jj1 = 570, max_th = 2.153808e+00, time=2024-09-04 05:49:54 
jj1 = 816, max_th = 1.598230e+00, time=2024-09-04 05:53:10 
jj1 = 609, max_th = 2.057058e+00, time=2024-09-04 05:53:58 
jj1 = 805, max_th = 2.450802e+00, time=2024-09-04 05:55:38 
jj1 = 795, max_th = 1.764639e+00, time=2024-09-04 05:57:01 
jj1 = 649, max_th = 2.104203e+00, time=2024-09-04 05:58:32 
jj1 = 847, max_th = 2.729395e+00, time=2024-09-04 06:00:05 
jj1 = 593, max_th = 1.913591e+00, time=2024-09-04 06:00:32 
jj1 = 774, max_th = 1.735030e+00, time=2024-09-04 06:01:38 
jj1 = 569, max_th = 2.540335e+00, time=2024-09-04 06:02:56 
jj1 = 712, max_th = 2.129578e+00, time=2024-09-04 06:06:05 
jj1 = 858, max_th = 1.902096e+00, time=2024-09-04 06:08:35 
jj1 = 711, max_th = 9.794134e-01, time=2024-09-04 06:10:12 
jj1 = 786, max_th = 2.120441e+00, time=2024-09-04 06:11:27 
jj1 = 815, max_th = 2.047976e+00, time=2024-09-04 06:11:29 
jj1 = 592, max_th = 2.440687e+00, time=2024-09-04 06:11:30 
jj1 = 794, max_th = 2.157978e+00, time=2024-09-04 06:12:45 
jj1 = 710, max_th = 8.639603e-01, time=2024-09-04 06:13:04 
jj1 = 773, max_th = 1.382934e+00, time=2024-09-04 06:15:43 
jj1 = 828, max_th = 1.632682e+00, time=2024-09-04 06:15:54 
jj1 = 793, max_th = 2.894387e+00, time=2024-09-04 06:16:45 
jj1 = 838, max_th = 1.740147e+00, time=2024-09-04 06:17:37 
jj1 = 846, max_th = 2.319959e+00, time=2024-09-04 06:18:54 
jj1 = 857, max_th = 1.846918e+00, time=2024-09-04 06:20:01 
jj1 = 804, max_th = 1.664460e+00, time=2024-09-04 06:22:11 
jj1 = 837, max_th = 2.601172e+00, time=2024-09-04 06:24:13 
jj1 = 827, max_th = 1.028675e+00, time=2024-09-04 06:24:35 
jj1 = 868, max_th = 2.012522e+00, time=2024-09-04 06:26:56 
jj1 = 591, max_th = 2.049096e+00, time=2024-09-04 06:28:41 
jj1 = 785, max_th = 1.859776e+00, time=2024-09-04 06:30:27 
jj1 = 709, max_th = 1.646857e+00, time=2024-09-04 06:32:38 
jj1 = 814, max_th = 1.571253e+00, time=2024-09-04 06:32:43 
jj1 = 772, max_th = 2.003571e+00, time=2024-09-04 06:34:24 
jj1 = 803, max_th = 2.542631e+00, time=2024-09-04 06:35:59 
jj1 = 856, max_th = 2.113087e+00, time=2024-09-04 06:38:19 
jj1 = 792, max_th = 2.345496e+00, time=2024-09-04 06:39:00 
jj1 = 826, max_th = 1.916477e+00, time=2024-09-04 06:39:18 
jj1 = 845, max_th = 1.705899e+00, time=2024-09-04 06:41:16 
jj1 = 867, max_th = 2.119222e+00, time=2024-09-04 06:41:39 
jj1 = 813, max_th = 2.869669e+00, time=2024-09-04 06:41:56 
jj1 = 866, max_th = 6.145041e-01, time=2024-09-04 06:43:16 
jj1 = 791, max_th = 2.997519e+00, time=2024-09-04 06:43:37 
jj1 = 836, max_th = 1.914161e+00, time=2024-09-04 06:44:12 
jj1 = 855, max_th = 1.158193e+00, time=2024-09-04 06:44:46 
jj1 = 802, max_th = 2.247539e+00, time=2024-09-04 06:46:50 
jj1 = 801, max_th = 3.766351e+00, time=2024-09-04 06:46:58 
jj1 = 825, max_th = 1.160320e+00, time=2024-09-04 06:47:01 
jj1 = 590, max_th = 1.721750e+00, time=2024-09-04 06:51:20 
jj1 = 771, max_th = 1.590245e+00, time=2024-09-04 06:52:17 
jj1 = 888, max_th = 1.724092e+00, time=2024-09-04 06:52:29 
jj1 = 784, max_th = 1.689150e+00, time=2024-09-04 06:53:36 
jj1 = 824, max_th = 2.706548e+00, time=2024-09-04 06:54:27 
jj1 = 865, max_th = 2.082720e+00, time=2024-09-04 06:54:46 
jj1 = 790, max_th = 2.407538e+00, time=2024-09-04 06:54:59 
jj1 = 812, max_th = 1.311852e+00, time=2024-09-04 06:56:02 
jj1 = 811, max_th = 2.769870e+00, time=2024-09-04 07:00:02 
jj1 = 783, max_th = 2.867847e+00, time=2024-09-04 07:00:16 
jj1 = 589, max_th = 1.463309e+00, time=2024-09-04 07:01:17 
jj1 = 770, max_th = 1.878880e+00, time=2024-09-04 07:02:21 
jj1 = 878, max_th = 2.832956e+00, time=2024-09-04 07:03:09 
jj1 = 844, max_th = 1.645233e+00, time=2024-09-04 07:03:28 
jj1 = 800, max_th = 2.197621e+00, time=2024-09-04 07:04:55 
jj1 = 823, max_th = 1.502822e+00, time=2024-09-04 07:06:00 
jj1 = 887, max_th = 1.722928e+00, time=2024-09-04 07:08:10 
jj1 = 835, max_th = 2.021996e+00, time=2024-09-04 07:08:28 
jj1 = 769, max_th = 2.143106e+00, time=2024-09-04 07:09:15 
jj1 = 843, max_th = 1.662672e+00, time=2024-09-04 07:12:05 
jj1 = 877, max_th = 7.609379e-02, time=2024-09-04 07:12:12 
jj1 = 854, max_th = 2.093806e+00, time=2024-09-04 07:12:25 
jj1 = 886, max_th = 1.141001e+00, time=2024-09-04 07:13:38 
jj1 = 810, max_th = 2.158715e+00, time=2024-09-04 07:13:39 
jj1 = 893, max_th = 2.351161e+00, time=2024-09-04 07:16:40 
jj1 = 864, max_th = 1.853700e+00, time=2024-09-04 07:17:03 
jj1 = 789, max_th = 2.116598e+00, time=2024-09-04 07:19:18 
jj1 = 782, max_th = 2.175233e+00, time=2024-09-04 07:19:30 
jj1 = 834, max_th = 1.935734e+00, time=2024-09-04 07:19:47 
jj1 = 822, max_th = 1.519748e+00, time=2024-09-04 07:19:53 
jj1 = 809, max_th = 1.692999e+00, time=2024-09-04 07:20:46 
jj1 = 842, max_th = 1.712945e+00, time=2024-09-04 07:22:13 
jj1 = 799, max_th = 2.077976e+00, time=2024-09-04 07:22:25 
jj1 = 833, max_th = 2.507395e+00, time=2024-09-04 07:22:49 
jj1 = 885, max_th = 2.063105e+00, time=2024-09-04 07:22:52 
jj1 = 892, max_th = 2.195125e+00, time=2024-09-04 07:26:18 
jj1 = 876, max_th = 1.863385e+00, time=2024-09-04 07:28:38 
jj1 = 913, max_th = 1.920983e+00, time=2024-09-04 07:29:40 
jj1 = 781, max_th = 1.684087e+00, time=2024-09-04 07:30:30 
jj1 = 884, max_th = 1.706983e+00, time=2024-09-04 07:30:49 
jj1 = 853, max_th = 1.987009e+00, time=2024-09-04 07:32:24 
jj1 = 863, max_th = 1.856263e+00, time=2024-09-04 07:32:44 
jj1 = 912, max_th = 1.105161e+00, time=2024-09-04 07:32:48 
jj1 = 832, max_th = 1.962992e+00, time=2024-09-04 07:32:51 
jj1 = 891, max_th = 1.518645e+00, time=2024-09-04 07:33:25 
jj1 = 903, max_th = 1.259465e+00, time=2024-09-04 07:34:42 
jj1 = 780, max_th = 2.941303e+00, time=2024-09-04 07:35:07 
jj1 = 898, max_th = 1.931643e+00, time=2024-09-04 07:35:17 
jj1 = 875, max_th = 2.208428e+00, time=2024-09-04 07:36:27 
jj1 = 821, max_th = 1.827243e+00, time=2024-09-04 07:37:47 
jj1 = 911, max_th = 2.712471e+00, time=2024-09-04 07:39:29 
jj1 = 890, max_th = 1.863017e+00, time=2024-09-04 07:40:27 
jj1 = 831, max_th = 2.264785e+00, time=2024-09-04 07:41:12 
jj1 = 862, max_th = 1.296167e+00, time=2024-09-04 07:43:08 
jj1 = 779, max_th = 1.605741e+00, time=2024-09-04 07:43:37 
jj1 = 883, max_th = 2.670608e+00, time=2024-09-04 07:43:41 
jj1 = 874, max_th = 1.541030e+00, time=2024-09-04 07:43:49 
jj1 = 861, max_th = 3.186277e+00, time=2024-09-04 07:46:25 
jj1 = 830, max_th = 1.334652e+00, time=2024-09-04 07:47:05 
jj1 = 902, max_th = 1.487147e+00, time=2024-09-04 07:47:21 
jj1 = 897, max_th = 2.263329e+00, time=2024-09-04 07:48:05 
jj1 = 910, max_th = 2.209228e+00, time=2024-09-04 07:48:25 
jj1 = 873, max_th = 2.556379e+00, time=2024-09-04 07:48:44 
jj1 = 852, max_th = 1.846678e+00, time=2024-09-04 07:49:34 
jj1 = 882, max_th = 1.243646e+00, time=2024-09-04 07:49:42 
jj1 = 889, max_th = 2.420356e+00, time=2024-09-04 07:50:05 
jj1 = 881, max_th = 1.080509e+00, time=2024-09-04 07:51:28 
jj1 = 820, max_th = 1.929567e+00, time=2024-09-04 07:52:57 
jj1 = 880, max_th = 1.156938e+00, time=2024-09-04 07:53:20 
jj1 = 841, max_th = 1.931883e+00, time=2024-09-04 07:54:05 
jj1 = 829, max_th = 2.443802e+00, time=2024-09-04 07:55:08 
jj1 = 872, max_th = 1.524202e+00, time=2024-09-04 07:56:28 
jj1 = 896, max_th = 2.333743e+00, time=2024-09-04 07:56:46 
jj1 = 928, max_th = 1.299579e+00, time=2024-09-04 07:58:45 
jj1 = 860, max_th = 1.799812e+00, time=2024-09-04 07:59:02 
jj1 = 901, max_th = 1.533804e+00, time=2024-09-04 07:59:07 
jj1 = 909, max_th = 1.469880e+00, time=2024-09-04 07:59:55 
jj1 = 859, max_th = 8.566831e-01, time=2024-09-04 08:00:33 
jj1 = 840, max_th = 2.878330e+00, time=2024-09-04 08:01:50 
jj1 = 952, max_th = 1.741240e+00, time=2024-09-04 08:02:08 
jj1 = 819, max_th = 2.118246e+00, time=2024-09-04 08:02:50 
jj1 = 851, max_th = 1.270866e+00, time=2024-09-04 08:03:10 
jj1 = 908, max_th = 2.310888e+00, time=2024-09-04 08:03:18 
jj1 = 879, max_th = 1.770758e+00, time=2024-09-04 08:03:27 
jj1 = 960, max_th = 1.647088e+00, time=2024-09-04 08:04:59 
jj1 = 938, max_th = 2.747719e+00, time=2024-09-04 08:06:24 
jj1 = 959, max_th = 2.742137e+00, time=2024-09-04 08:06:37 
jj1 = 951, max_th = 2.528616e+00, time=2024-09-04 08:07:51 
jj1 = 927, max_th = 1.672426e+00, time=2024-09-04 08:08:19 
jj1 = 895, max_th = 2.035588e+00, time=2024-09-04 08:09:14 
jj1 = 926, max_th = 6.860579e-01, time=2024-09-04 08:09:32 
jj1 = 958, max_th = 2.784233e+00, time=2024-09-04 08:10:03 
jj1 = 871, max_th = 2.092091e+00, time=2024-09-04 08:10:07 
jj1 = 900, max_th = 1.646878e+00, time=2024-09-04 08:11:56 
jj1 = 933, max_th = 1.956825e+00, time=2024-09-04 08:12:27 
jj1 = 943, max_th = 2.185378e+00, time=2024-09-04 08:13:17 
jj1 = 894, max_th = 1.316657e+00, time=2024-09-04 08:13:55 
jj1 = 937, max_th = 2.667026e+00, time=2024-09-04 08:14:53 
jj1 = 942, max_th = 2.996076e+00, time=2024-09-04 08:15:35 
jj1 = 950, max_th = 2.312172e+00, time=2024-09-04 08:16:14 
jj1 = 899, max_th = 1.283234e+00, time=2024-09-04 08:16:26 
jj1 = 839, max_th = 2.283153e+00, time=2024-09-04 08:16:58 
jj1 = 925, max_th = 1.322944e+00, time=2024-09-04 08:17:13 
jj1 = 956, max_th = 1.068861e+00, time=2024-09-04 08:17:58 
jj1 = 870, max_th = 1.891388e+00, time=2024-09-04 08:18:28 
jj1 = 941, max_th = 7.835475e-01, time=2024-09-04 08:18:29 
jj1 = 936, max_th = 2.263666e+00, time=2024-09-04 08:19:11 
jj1 = 957, max_th = 2.438745e+00, time=2024-09-04 08:19:36 
jj1 = 907, max_th = 2.552735e+00, time=2024-09-04 08:21:00 
jj1 = 935, max_th = 2.968768e+00, time=2024-09-04 08:21:25 
jj1 = 850, max_th = 2.089650e+00, time=2024-09-04 08:22:54 
jj1 = 949, max_th = 1.752091e+00, time=2024-09-04 08:23:00 
jj1 = 964, max_th = 1.895226e+00, time=2024-09-04 08:24:07 
jj1 = 955, max_th = 2.252938e+00, time=2024-09-04 08:24:25 
jj1 = 924, max_th = 3.073869e+00, time=2024-09-04 08:25:02 
jj1 = 869, max_th = 1.573140e+00, time=2024-09-04 08:26:09 
jj1 = 972, max_th = 1.292811e+00, time=2024-09-04 08:26:22 
jj1 = 940, max_th = 2.055127e+00, time=2024-09-04 08:27:27 
jj1 = 980, max_th = 2.074388e+00, time=2024-09-04 08:28:28 
jj1 = 918, max_th = 1.774667e+00, time=2024-09-04 08:28:53 
jj1 = 934, max_th = 1.786377e+00, time=2024-09-04 08:29:24 
jj1 = 954, max_th = 1.830539e+00, time=2024-09-04 08:30:18 
jj1 = 906, max_th = 1.757678e+00, time=2024-09-04 08:30:59 
jj1 = 971, max_th = 1.347244e+00, time=2024-09-04 08:31:33 
jj1 = 849, max_th = 1.929124e+00, time=2024-09-04 08:32:43 
jj1 = 917, max_th = 2.694987e+00, time=2024-09-04 08:33:20 
jj1 = 948, max_th = 2.426508e+00, time=2024-09-04 08:33:51 
jj1 = 963, max_th = 2.038762e+00, time=2024-09-04 08:34:08 
jj1 = 984, max_th = 1.339881e+00, time=2024-09-04 08:34:34 
jj1 = 953, max_th = 1.545568e+00, time=2024-09-04 08:35:29 
jj1 = 932, max_th = 1.812729e+00, time=2024-09-04 08:36:32 
jj1 = 979, max_th = 1.804876e+00, time=2024-09-04 08:36:42 
jj1 = 976, max_th = 2.097380e+00, time=2024-09-04 08:36:53 
jj1 = 939, max_th = 2.046310e+00, time=2024-09-04 08:37:21 
jj1 = 983, max_th = 1.391594e+00, time=2024-09-04 08:38:19 
jj1 = 905, max_th = 2.365888e+00, time=2024-09-04 08:38:38 
jj1 = 947, max_th = 8.802137e-01, time=2024-09-04 08:39:23 
jj1 = 916, max_th = 1.516136e+00, time=2024-09-04 08:39:29 
jj1 = 915, max_th = 1.181343e+00, time=2024-09-04 08:40:20 
jj1 = 975, max_th = 3.571240e+00, time=2024-09-04 08:40:46 
jj1 = 970, max_th = 1.362647e+00, time=2024-09-04 08:40:58 
jj1 = 982, max_th = 8.155450e-01, time=2024-09-04 08:41:21 
jj1 = 923, max_th = 1.726942e+00, time=2024-09-04 08:41:53 
jj1 = 997, max_th = 1.433115e+00, time=2024-09-04 08:41:57 
jj1 = 931, max_th = 1.439597e+00, time=2024-09-04 08:43:10 
jj1 = 962, max_th = 2.234695e+00, time=2024-09-04 08:43:11 
jj1 = 978, max_th = 2.525349e+00, time=2024-09-04 08:43:41 
jj1 = 977, max_th = 3.090949e+00, time=2024-09-04 08:44:36 
jj1 = 904, max_th = 1.367222e+00, time=2024-09-04 08:44:41 
jj1 = 946, max_th = 1.982259e+00, time=2024-09-04 08:46:18 
jj1 = 981, max_th = 1.375705e+00, time=2024-09-04 08:46:31 
jj1 = 992, max_th = 2.219249e+00, time=2024-09-04 08:47:31 
jj1 = 914, max_th = 2.062845e+00, time=2024-09-04 08:48:50 
jj1 = 945, max_th = 2.927633e+00, time=2024-09-04 08:49:25 
jj1 = 974, max_th = 1.778351e+00, time=2024-09-04 08:49:36 
jj1 = 968, max_th = 1.791813e+00, time=2024-09-04 08:51:04 
jj1 = 969, max_th = 2.076793e+00, time=2024-09-04 08:51:24 
jj1 = 1000, max_th = 3.000997e+00, time=2024-09-04 08:52:00 
jj1 = 999, max_th = 1.941437e+00, time=2024-09-04 08:52:05 
jj1 = 922, max_th = 2.336699e+00, time=2024-09-04 08:52:27 
jj1 = 930, max_th = 2.282153e+00, time=2024-09-04 08:52:42 
jj1 = 991, max_th = 2.419398e+00, time=2024-09-04 08:53:04 
jj1 = 998, max_th = 1.324159e+00, time=2024-09-04 08:53:27 
jj1 = 961, max_th = 2.239406e+00, time=2024-09-04 08:53:36 
jj1 = 967, max_th = 1.320621e+00, time=2024-09-04 08:55:09 
jj1 = 944, max_th = 1.544494e+00, time=2024-09-04 08:55:24 
jj1 = 996, max_th = 2.297313e+00, time=2024-09-04 08:56:52 
jj1 = 973, max_th = 2.273692e+00, time=2024-09-04 08:56:57 
jj1 = 990, max_th = 2.510637e+00, time=2024-09-04 08:58:11 
jj1 = 929, max_th = 1.425581e+00, time=2024-09-04 08:58:12 
jj1 = 921, max_th = 2.409153e+00, time=2024-09-04 09:02:10 
jj1 = 995, max_th = 2.140902e+00, time=2024-09-04 09:03:09 
jj1 = 989, max_th = 2.000971e+00, time=2024-09-04 09:03:59 
jj1 = 988, max_th = 2.138468e+00, time=2024-09-04 09:05:27 
jj1 = 994, max_th = 1.809685e+00, time=2024-09-04 09:08:06 
jj1 = 920, max_th = 1.657486e+00, time=2024-09-04 09:09:11 
jj1 = 987, max_th = 1.592899e+00, time=2024-09-04 09:10:50 
jj1 = 966, max_th = 9.725482e-01, time=2024-09-04 09:10:57 
jj1 = 919, max_th = 2.544684e+00, time=2024-09-04 09:14:00 
jj1 = 993, max_th = 2.166835e+00, time=2024-09-04 09:14:16 
jj1 = 965, max_th = 2.526619e+00, time=2024-09-04 09:14:34 
jj1 = 986, max_th = 2.107297e+00, time=2024-09-04 09:20:36 
jj1 = 985, max_th = 2.276503e+00, time=2024-09-04 09:26:12 
>> >> >> >> >> >> >> >> 