MATLAB is selecting SOFTWARE OPENGL rendering.

                            < M A T L A B (R) >
                  Copyright 1984-2021 The MathWorks, Inc.
                  R2021b (9.11.0.1769968) 64-bit (glnxa64)
                             September 17, 2021

 
To get started, type doc.
For product information, visit www.mathworks.com.
 
>> >> >> >> >> >> >> >> >> >> >> >> >> >> >> >> >> >> >> >> >> >> >> >> Starting parallel pool (parpool) using the 'local' profile ...
Connected to the parallel pool (number of workers: 12).
jj1 = 60, max_th = 2.897552e+00, time=2024-09-04 21:31:57 
jj1 = 30, max_th = 2.598666e+00, time=2024-09-04 21:33:52 
jj1 = 45, max_th = 2.523653e+00, time=2024-09-04 21:35:36 
jj1 = 50, max_th = 2.401313e+00, time=2024-09-04 21:35:39 
jj1 = 10, max_th = 2.388634e+00, time=2024-09-04 21:36:43 
jj1 = 5, max_th = 1.612086e+00, time=2024-09-04 21:36:56 
jj1 = 40, max_th = 1.690522e+00, time=2024-09-04 21:37:22 
jj1 = 59, max_th = 1.611163e+00, time=2024-09-04 21:38:21 
jj1 = 35, max_th = 2.182754e+00, time=2024-09-04 21:38:40 
jj1 = 20, max_th = 1.940611e+00, time=2024-09-04 21:38:41 
jj1 = 15, max_th = 1.767592e+00, time=2024-09-04 21:38:46 
jj1 = 25, max_th = 1.983046e+00, time=2024-09-04 21:39:11 
jj1 = 55, max_th = 1.970076e+00, time=2024-09-04 21:39:11 
jj1 = 9, max_th = 2.677187e+00, time=2024-09-04 21:40:05 
jj1 = 44, max_th = 1.363540e+00, time=2024-09-04 21:40:06 
jj1 = 39, max_th = 2.400814e+00, time=2024-09-04 21:42:17 
jj1 = 29, max_th = 2.073851e+00, time=2024-09-04 21:42:24 
jj1 = 49, max_th = 1.629188e+00, time=2024-09-04 21:42:33 
jj1 = 4, max_th = 2.110359e+00, time=2024-09-04 21:45:03 
jj1 = 28, max_th = 1.282666e+00, time=2024-09-04 21:45:56 
jj1 = 43, max_th = 1.568460e+00, time=2024-09-04 21:46:05 
jj1 = 34, max_th = 1.943158e+00, time=2024-09-04 21:46:26 
jj1 = 24, max_th = 1.896705e+00, time=2024-09-04 21:46:34 
jj1 = 14, max_th = 1.860747e+00, time=2024-09-04 21:46:39 
jj1 = 13, max_th = 3.669706e+00, time=2024-09-04 21:46:40 
jj1 = 19, max_th = 1.960508e+00, time=2024-09-04 21:46:45 
jj1 = 58, max_th = 1.966869e+00, time=2024-09-04 21:46:48 
jj1 = 8, max_th = 1.626779e+00, time=2024-09-04 21:47:21 
jj1 = 54, max_th = 1.920128e+00, time=2024-09-04 21:47:32 
jj1 = 38, max_th = 1.646267e+00, time=2024-09-04 21:48:27 
jj1 = 12, max_th = 1.296408e+00, time=2024-09-04 21:50:13 
jj1 = 27, max_th = 1.381109e+00, time=2024-09-04 21:50:37 
jj1 = 48, max_th = 1.963226e+00, time=2024-09-04 21:51:02 
jj1 = 53, max_th = 1.339543e+00, time=2024-09-04 21:51:16 
jj1 = 7, max_th = 1.384158e+00, time=2024-09-04 21:51:54 
jj1 = 3, max_th = 2.103151e+00, time=2024-09-04 21:52:13 
jj1 = 33, max_th = 2.347245e+00, time=2024-09-04 21:52:19 
jj1 = 23, max_th = 1.705668e+00, time=2024-09-04 21:53:17 
jj1 = 42, max_th = 2.153951e+00, time=2024-09-04 21:53:17 
jj1 = 57, max_th = 2.323919e+00, time=2024-09-04 21:54:02 
jj1 = 41, max_th = 8.229212e-01, time=2024-09-04 21:54:31 
jj1 = 18, max_th = 2.169084e+00, time=2024-09-04 21:54:48 
jj1 = 52, max_th = 1.315146e+00, time=2024-09-04 21:55:26 
jj1 = 411, max_th = 9.649505e-01, time=2024-09-04 21:56:09 
jj1 = 32, max_th = 2.623334e+00, time=2024-09-04 21:56:18 
jj1 = 37, max_th = 1.964542e+00, time=2024-09-04 21:56:55 
jj1 = 26, max_th = 1.904837e+00, time=2024-09-04 21:58:15 
jj1 = 11, max_th = 2.171289e+00, time=2024-09-04 21:58:25 
jj1 = 47, max_th = 1.907303e+00, time=2024-09-04 21:58:39 
jj1 = 36, max_th = 1.008380e+00, time=2024-09-04 21:58:57 
jj1 = 51, max_th = 2.496190e+00, time=2024-09-04 21:59:33 
jj1 = 22, max_th = 1.696074e+00, time=2024-09-04 21:59:47 
jj1 = 6, max_th = 1.857695e+00, time=2024-09-04 21:59:51 
jj1 = 56, max_th = 1.647677e+00, time=2024-09-04 21:59:52 
jj1 = 2, max_th = 1.884601e+00, time=2024-09-04 22:00:32 
jj1 = 17, max_th = 2.394754e+00, time=2024-09-04 22:00:40 
jj1 = 294, max_th = 1.251945e+00, time=2024-09-04 22:01:04 
jj1 = 177, max_th = 1.217467e+00, time=2024-09-04 22:02:02 
jj1 = 410, max_th = 2.360967e+00, time=2024-09-04 22:02:32 
jj1 = 138, max_th = 2.697489e+00, time=2024-09-04 22:02:39 
jj1 = 409, max_th = 8.745714e-01, time=2024-09-04 22:03:59 
jj1 = 31, max_th = 2.129566e+00, time=2024-09-04 22:04:35 
jj1 = 16, max_th = 2.516305e+00, time=2024-09-04 22:05:36 
jj1 = 46, max_th = 1.625277e+00, time=2024-09-04 22:05:39 
jj1 = 21, max_th = 1.647459e+00, time=2024-09-04 22:05:47 
jj1 = 489, max_th = 2.314242e+00, time=2024-09-04 22:06:26 
jj1 = 333, max_th = 2.839796e+00, time=2024-09-04 22:06:35 
jj1 = 1, max_th = 2.422810e+00, time=2024-09-04 22:06:44 
jj1 = 372, max_th = 2.179916e+00, time=2024-09-04 22:07:08 
jj1 = 137, max_th = 2.533460e+00, time=2024-09-04 22:07:16 
jj1 = 528, max_th = 1.934949e+00, time=2024-09-04 22:08:17 
jj1 = 293, max_th = 1.908457e+00, time=2024-09-04 22:08:54 
jj1 = 176, max_th = 2.123490e+00, time=2024-09-04 22:10:30 
jj1 = 99, max_th = 2.594365e+00, time=2024-09-04 22:10:34 
jj1 = 371, max_th = 1.223889e+00, time=2024-09-04 22:10:45 
jj1 = 408, max_th = 1.634673e+00, time=2024-09-04 22:10:44 
jj1 = 332, max_th = 1.369818e+00, time=2024-09-04 22:11:08 
jj1 = 450, max_th = 1.555711e+00, time=2024-09-04 22:11:12 
jj1 = 216, max_th = 1.627724e+00, time=2024-09-04 22:12:43 
jj1 = 488, max_th = 1.688457e+00, time=2024-09-04 22:13:10 
jj1 = 136, max_th = 1.625464e+00, time=2024-09-04 22:14:01 
jj1 = 255, max_th = 2.175262e+00, time=2024-09-04 22:14:05 
jj1 = 527, max_th = 2.379201e+00, time=2024-09-04 22:14:56 
jj1 = 215, max_th = 1.315986e+00, time=2024-09-04 22:16:38 
jj1 = 175, max_th = 2.364856e+00, time=2024-09-04 22:16:59 
jj1 = 292, max_th = 1.967331e+00, time=2024-09-04 22:17:14 
jj1 = 449, max_th = 2.371552e+00, time=2024-09-04 22:17:48 
jj1 = 331, max_th = 1.625711e+00, time=2024-09-04 22:17:56 
jj1 = 407, max_th = 1.670626e+00, time=2024-09-04 22:17:59 
jj1 = 98, max_th = 1.870255e+00, time=2024-09-04 22:18:50 
jj1 = 370, max_th = 1.989553e+00, time=2024-09-04 22:18:50 
jj1 = 135, max_th = 1.645165e+00, time=2024-09-04 22:20:18 
jj1 = 526, max_th = 1.478644e+00, time=2024-09-04 22:20:28 
jj1 = 214, max_th = 1.649832e+00, time=2024-09-04 22:20:55 
jj1 = 487, max_th = 1.886946e+00, time=2024-09-04 22:21:25 
jj1 = 254, max_th = 1.864679e+00, time=2024-09-04 22:22:00 
jj1 = 330, max_th = 1.362897e+00, time=2024-09-04 22:22:18 
jj1 = 406, max_th = 2.365672e+00, time=2024-09-04 22:24:29 
jj1 = 174, max_th = 1.861472e+00, time=2024-09-04 22:24:53 
jj1 = 369, max_th = 2.356751e+00, time=2024-09-04 22:25:00 
jj1 = 291, max_th = 1.957528e+00, time=2024-09-04 22:25:08 
jj1 = 97, max_th = 2.212049e+00, time=2024-09-04 22:26:23 
jj1 = 448, max_th = 1.925356e+00, time=2024-09-04 22:26:28 
jj1 = 134, max_th = 1.693058e+00, time=2024-09-04 22:26:57 
jj1 = 213, max_th = 2.378737e+00, time=2024-09-04 22:27:30 
jj1 = 486, max_th = 2.419818e+00, time=2024-09-04 22:27:36 
jj1 = 525, max_th = 2.108604e+00, time=2024-09-04 22:28:19 
jj1 = 253, max_th = 2.201961e+00, time=2024-09-04 22:28:37 
jj1 = 329, max_th = 2.363352e+00, time=2024-09-04 22:28:49 
jj1 = 173, max_th = 1.597958e+00, time=2024-09-04 22:30:31 
jj1 = 485, max_th = 1.303821e+00, time=2024-09-04 22:30:49 
jj1 = 96, max_th = 2.528815e+00, time=2024-09-04 22:31:10 
jj1 = 405, max_th = 2.374240e+00, time=2024-09-04 22:31:21 
jj1 = 290, max_th = 1.903894e+00, time=2024-09-04 22:32:14 
jj1 = 172, max_th = 9.886747e-01, time=2024-09-04 22:32:18 
jj1 = 404, max_th = 2.947284e+00, time=2024-09-04 22:32:30 
jj1 = 447, max_th = 2.369438e+00, time=2024-09-04 22:33:06 
jj1 = 289, max_th = 8.721332e-01, time=2024-09-04 22:33:36 
jj1 = 368, max_th = 1.977360e+00, time=2024-09-04 22:33:42 
jj1 = 133, max_th = 2.110306e+00, time=2024-09-04 22:35:03 
jj1 = 524, max_th = 1.627375e+00, time=2024-09-04 22:35:10 
jj1 = 212, max_th = 2.058162e+00, time=2024-09-04 22:35:27 
jj1 = 328, max_th = 2.365491e+00, time=2024-09-04 22:35:30 
jj1 = 367, max_th = 2.738551e+00, time=2024-09-04 22:35:37 
jj1 = 252, max_th = 1.902882e+00, time=2024-09-04 22:35:52 
jj1 = 484, max_th = 1.504807e+00, time=2024-09-04 22:36:28 
jj1 = 403, max_th = 1.543327e+00, time=2024-09-04 22:38:14 
jj1 = 171, max_th = 1.634794e+00, time=2024-09-04 22:38:58 
jj1 = 170, max_th = 3.211126e+00, time=2024-09-04 22:39:17 
jj1 = 95, max_th = 2.178573e+00, time=2024-09-04 22:39:36 
jj1 = 169, max_th = 2.930864e+00, time=2024-09-04 22:40:39 
jj1 = 446, max_th = 1.846016e+00, time=2024-09-04 22:40:45 
jj1 = 483, max_th = 2.561847e+00, time=2024-09-04 22:40:58 
jj1 = 366, max_th = 2.387672e+00, time=2024-09-04 22:41:45 
jj1 = 288, max_th = 2.133799e+00, time=2024-09-04 22:41:48 
jj1 = 132, max_th = 1.579082e+00, time=2024-09-04 22:41:52 
jj1 = 131, max_th = 9.446486e-01, time=2024-09-04 22:43:20 
jj1 = 327, max_th = 2.234384e+00, time=2024-09-04 22:43:22 
jj1 = 211, max_th = 1.992747e+00, time=2024-09-04 22:43:27 
jj1 = 523, max_th = 2.086199e+00, time=2024-09-04 22:43:32 
jj1 = 130, max_th = -6.016881e-02, time=2024-09-04 22:43:38 
jj1 = 251, max_th = 1.930694e+00, time=2024-09-04 22:44:27 
jj1 = 482, max_th = 1.288614e+00, time=2024-09-04 22:44:38 
jj1 = 402, max_th = 1.952545e+00, time=2024-09-04 22:45:33 
jj1 = 94, max_th = 2.340262e+00, time=2024-09-04 22:46:13 
jj1 = 129, max_th = 1.302423e+00, time=2024-09-04 22:47:03 
jj1 = 522, max_th = 1.283289e+00, time=2024-09-04 22:47:15 
jj1 = 445, max_th = 2.296594e+00, time=2024-09-04 22:47:29 
jj1 = 168, max_th = 1.958039e+00, time=2024-09-04 22:48:39 
jj1 = 250, max_th = 1.362630e+00, time=2024-09-04 22:48:41 
jj1 = 365, max_th = 2.107053e+00, time=2024-09-04 22:49:41 
jj1 = 287, max_th = 2.182365e+00, time=2024-09-04 22:49:43 
jj1 = 521, max_th = 1.305097e+00, time=2024-09-04 22:50:37 
jj1 = 210, max_th = 2.156893e+00, time=2024-09-04 22:51:10 
jj1 = 481, max_th = 1.677520e+00, time=2024-09-04 22:51:53 
jj1 = 326, max_th = 1.915451e+00, time=2024-09-04 22:51:53 
jj1 = 93, max_th = 1.644800e+00, time=2024-09-04 22:52:30 
jj1 = 128, max_th = 1.611988e+00, time=2024-09-04 22:53:24 
jj1 = 364, max_th = 1.342670e+00, time=2024-09-04 22:53:47 
jj1 = 401, max_th = 2.122065e+00, time=2024-09-04 22:54:16 
jj1 = 286, max_th = 1.379969e+00, time=2024-09-04 22:54:21 
jj1 = 167, max_th = 2.468649e+00, time=2024-09-04 22:54:26 
jj1 = 400, max_th = 3.040200e+00, time=2024-09-04 22:55:07 
jj1 = 444, max_th = 1.922542e+00, time=2024-09-04 22:56:09 
jj1 = 480, max_th = 2.491733e+00, time=2024-09-04 22:56:40 
jj1 = 249, max_th = 1.892801e+00, time=2024-09-04 22:56:43 
jj1 = 92, max_th = 2.561161e+00, time=2024-09-04 22:56:54 
jj1 = 363, max_th = 1.184103e+00, time=2024-09-04 22:57:01 
jj1 = 520, max_th = 2.364912e+00, time=2024-09-04 22:57:06 
jj1 = 209, max_th = 1.642152e+00, time=2024-09-04 22:57:33 
jj1 = 285, max_th = 2.614376e+00, time=2024-09-04 22:58:13 
jj1 = 443, max_th = 2.764273e+00, time=2024-09-04 22:58:37 
jj1 = 519, max_th = 2.879322e+00, time=2024-09-04 22:58:51 
jj1 = 166, max_th = 2.542867e+00, time=2024-09-04 22:58:55 
jj1 = 325, max_th = 2.163936e+00, time=2024-09-04 22:59:55 
jj1 = 165, max_th = 8.948405e-01, time=2024-09-04 23:00:13 
jj1 = 399, max_th = 2.388565e+00, time=2024-09-04 23:01:28 
jj1 = 324, max_th = 9.890342e-01, time=2024-09-04 23:01:42 
jj1 = 127, max_th = 1.774125e+00, time=2024-09-04 23:01:57 
jj1 = 208, max_th = 2.497322e+00, time=2024-09-04 23:02:07 
jj1 = 126, max_th = 2.955339e+00, time=2024-09-04 23:03:04 
jj1 = 248, max_th = 2.303316e+00, time=2024-09-04 23:03:10 
jj1 = 207, max_th = 8.624486e-01, time=2024-09-04 23:03:14 
jj1 = 442, max_th = 2.506239e+00, time=2024-09-04 23:03:20 
jj1 = 362, max_th = 2.294470e+00, time=2024-09-04 23:03:31 
jj1 = 479, max_th = 2.331394e+00, time=2024-09-04 23:03:37 
jj1 = 91, max_th = 1.897458e+00, time=2024-09-04 23:04:09 
jj1 = 441, max_th = 9.849287e-01, time=2024-09-04 23:05:10 
jj1 = 164, max_th = 2.409229e+00, time=2024-09-04 23:05:10 
jj1 = 518, max_th = 1.709038e+00, time=2024-09-04 23:05:55 
jj1 = 163, max_th = 3.038912e+00, time=2024-09-04 23:06:00 
jj1 = 284, max_th = 1.960521e+00, time=2024-09-04 23:06:23 
jj1 = 323, max_th = 1.949024e+00, time=2024-09-04 23:08:16 
jj1 = 90, max_th = 2.348269e+00, time=2024-09-04 23:09:42 
jj1 = 398, max_th = 1.918772e+00, time=2024-09-04 23:10:02 
jj1 = 125, max_th = 2.274745e+00, time=2024-09-04 23:10:44 
jj1 = 361, max_th = 2.102951e+00, time=2024-09-04 23:10:51 
jj1 = 247, max_th = 2.158813e+00, time=2024-09-04 23:10:52 
jj1 = 478, max_th = 1.905961e+00, time=2024-09-04 23:11:17 
jj1 = 206, max_th = 1.878645e+00, time=2024-09-04 23:11:30 
jj1 = 440, max_th = 2.341649e+00, time=2024-09-04 23:11:45 
jj1 = 246, max_th = 9.511171e-01, time=2024-09-04 23:12:16 
jj1 = 162, max_th = 2.049228e+00, time=2024-09-04 23:12:34 
jj1 = 517, max_th = 2.140654e+00, time=2024-09-04 23:13:34 
jj1 = 283, max_th = 1.888966e+00, time=2024-09-04 23:13:58 
jj1 = 439, max_th = 2.778310e+00, time=2024-09-04 23:14:20 
jj1 = 245, max_th = 2.733266e+00, time=2024-09-04 23:15:05 
jj1 = 124, max_th = 2.539476e+00, time=2024-09-04 23:15:25 
jj1 = 360, max_th = 2.350452e+00, time=2024-09-04 23:15:49 
jj1 = 89, max_th = 2.355889e+00, time=2024-09-04 23:16:04 
jj1 = 161, max_th = 1.336958e+00, time=2024-09-04 23:16:16 
jj1 = 322, max_th = 1.912368e+00, time=2024-09-04 23:16:31 
jj1 = 321, max_th = 9.669182e-01, time=2024-09-04 23:18:17 
jj1 = 397, max_th = 1.884138e+00, time=2024-09-04 23:18:34 
jj1 = 477, max_th = 1.718741e+00, time=2024-09-04 23:18:38 
jj1 = 205, max_th = 2.281791e+00, time=2024-09-04 23:18:49 
jj1 = 244, max_th = 1.274154e+00, time=2024-09-04 23:19:09 
jj1 = 88, max_th = 2.524944e+00, time=2024-09-04 23:21:09 
jj1 = 438, max_th = 2.318712e+00, time=2024-09-04 23:21:34 
jj1 = 516, max_th = 1.867137e+00, time=2024-09-04 23:21:45 
jj1 = 282, max_th = 1.861728e+00, time=2024-09-04 23:22:04 
jj1 = 359, max_th = 2.369728e+00, time=2024-09-04 23:22:21 
jj1 = 123, max_th = 2.176386e+00, time=2024-09-04 23:23:30 
jj1 = 476, max_th = 2.485715e+00, time=2024-09-04 23:23:48 
jj1 = 160, max_th = 2.181210e+00, time=2024-09-04 23:24:22 
jj1 = 243, max_th = 2.201790e+00, time=2024-09-04 23:25:46 
jj1 = 281, max_th = 1.365522e+00, time=2024-09-04 23:26:28 
jj1 = 358, max_th = 2.553806e+00, time=2024-09-04 23:26:29 
jj1 = 396, max_th = 1.939497e+00, time=2024-09-04 23:26:38 
jj1 = 320, max_th = 1.968457e+00, time=2024-09-04 23:26:51 
jj1 = 204, max_th = 2.120800e+00, time=2024-09-04 23:27:09 
jj1 = 475, max_th = 2.546567e+00, time=2024-09-04 23:28:00 
jj1 = 515, max_th = 1.660214e+00, time=2024-09-04 23:28:24 
jj1 = 437, max_th = 1.627173e+00, time=2024-09-04 23:28:27 
jj1 = 122, max_th = 2.507258e+00, time=2024-09-04 23:28:29 
jj1 = 87, max_th = 2.138087e+00, time=2024-09-04 23:29:12 
jj1 = 474, max_th = 9.850066e-01, time=2024-09-04 23:29:49 
jj1 = 121, max_th = 2.652506e+00, time=2024-09-04 23:31:22 
jj1 = 242, max_th = 1.536919e+00, time=2024-09-04 23:31:48 
jj1 = 159, max_th = 2.165704e+00, time=2024-09-04 23:32:20 
jj1 = 436, max_th = 2.349896e+00, time=2024-09-04 23:32:42 
jj1 = 203, max_th = 1.950200e+00, time=2024-09-04 23:32:51 
jj1 = 241, max_th = 9.536836e-01, time=2024-09-04 23:33:15 
jj1 = 280, max_th = 1.625207e+00, time=2024-09-04 23:33:18 
jj1 = 514, max_th = 1.491459e+00, time=2024-09-04 23:33:49 
jj1 = 319, max_th = 2.316827e+00, time=2024-09-04 23:34:00 
jj1 = 357, max_th = 2.134575e+00, time=2024-09-04 23:34:40 
jj1 = 395, max_th = 1.989104e+00, time=2024-09-04 23:35:05 
jj1 = 86, max_th = 2.412388e+00, time=2024-09-04 23:35:07 
jj1 = 473, max_th = 2.360382e+00, time=2024-09-04 23:36:19 
jj1 = 202, max_th = 2.569837e+00, time=2024-09-04 23:37:20 
jj1 = 158, max_th = 2.395811e+00, time=2024-09-04 23:37:52 
jj1 = 120, max_th = 2.312697e+00, time=2024-09-04 23:38:16 
jj1 = 85, max_th = 1.399764e+00, time=2024-09-04 23:38:22 
jj1 = 240, max_th = 2.481136e+00, time=2024-09-04 23:38:55 
jj1 = 279, max_th = 1.904517e+00, time=2024-09-04 23:40:55 
jj1 = 513, max_th = 2.097256e+00, time=2024-09-04 23:41:05 
jj1 = 356, max_th = 2.306364e+00, time=2024-09-04 23:41:15 
jj1 = 84, max_th = 2.646998e+00, time=2024-09-04 23:41:16 
jj1 = 435, max_th = 2.127264e+00, time=2024-09-04 23:41:36 
jj1 = 394, max_th = 1.708956e+00, time=2024-09-04 23:42:11 
jj1 = 318, max_th = 1.881228e+00, time=2024-09-04 23:42:15 
jj1 = 278, max_th = 9.372928e-01, time=2024-09-04 23:42:24 
jj1 = 355, max_th = 9.498590e-01, time=2024-09-04 23:42:24 
jj1 = 434, max_th = 9.704358e-01, time=2024-09-04 23:43:21 
jj1 = 472, max_th = 2.155866e+00, time=2024-09-04 23:43:55 
jj1 = 157, max_th = 1.901479e+00, time=2024-09-04 23:44:37 
jj1 = 83, max_th = 2.597859e+00, time=2024-09-04 23:44:46 
jj1 = 393, max_th = 2.807852e+00, time=2024-09-04 23:44:47 
jj1 = 512, max_th = 2.585558e+00, time=2024-09-04 23:45:20 
jj1 = 201, max_th = 2.112053e+00, time=2024-09-04 23:45:36 
jj1 = 119, max_th = 1.910273e+00, time=2024-09-04 23:46:30 
jj1 = 239, max_th = 1.958024e+00, time=2024-09-04 23:46:54 
jj1 = 392, max_th = 2.791362e+00, time=2024-09-04 23:47:05 
jj1 = 82, max_th = 1.188137e+00, time=2024-09-04 23:47:59 
jj1 = 277, max_th = 1.584286e+00, time=2024-09-04 23:48:46 
jj1 = 354, max_th = 2.361911e+00, time=2024-09-04 23:48:55 
jj1 = 317, max_th = 1.811644e+00, time=2024-09-04 23:50:10 
jj1 = 471, max_th = 1.949217e+00, time=2024-09-04 23:50:20 
jj1 = 118, max_th = 1.326945e+00, time=2024-09-04 23:50:44 
jj1 = 433, max_th = 1.891561e+00, time=2024-09-04 23:51:29 
jj1 = 391, max_th = 2.532764e+00, time=2024-09-04 23:52:06 
jj1 = 200, max_th = 1.898722e+00, time=2024-09-04 23:52:18 
jj1 = 156, max_th = 2.041753e+00, time=2024-09-04 23:52:51 
jj1 = 511, max_th = 1.946649e+00, time=2024-09-04 23:53:00 
jj1 = 353, max_th = 1.391195e+00, time=2024-09-04 23:53:17 
jj1 = 238, max_th = 2.157927e+00, time=2024-09-04 23:54:23 
jj1 = 470, max_th = 1.273790e+00, time=2024-09-04 23:54:23 
jj1 = 276, max_th = 2.408731e+00, time=2024-09-04 23:54:31 
jj1 = 275, max_th = 9.572631e-01, time=2024-09-04 23:56:06 
jj1 = 199, max_th = 1.281251e+00, time=2024-09-04 23:56:13 
jj1 = 81, max_th = 1.868455e+00, time=2024-09-04 23:56:29 
jj1 = 117, max_th = 2.306649e+00, time=2024-09-04 23:57:23 
jj1 = 432, max_th = 1.656021e+00, time=2024-09-04 23:57:56 
jj1 = 316, max_th = 2.136612e+00, time=2024-09-04 23:58:19 
jj1 = 80, max_th = 2.624857e+00, time=2024-09-05 00:00:19 
jj1 = 352, max_th = 1.948083e+00, time=2024-09-05 00:00:27 
jj1 = 390, max_th = 2.181248e+00, time=2024-09-05 00:00:26 
jj1 = 198, max_th = 2.564357e+00, time=2024-09-05 00:00:45 
jj1 = 116, max_th = 1.297607e+00, time=2024-09-05 00:00:51 
jj1 = 510, max_th = 1.840147e+00, time=2024-09-05 00:00:55 
jj1 = 155, max_th = 1.986082e+00, time=2024-09-05 00:01:08 
jj1 = 237, max_th = 1.683471e+00, time=2024-09-05 00:01:25 
jj1 = 469, max_th = 2.115674e+00, time=2024-09-05 00:02:31 
jj1 = 315, max_th = 1.407348e+00, time=2024-09-05 00:02:48 
jj1 = 274, max_th = 1.675768e+00, time=2024-09-05 00:03:25 
jj1 = 154, max_th = 2.741627e+00, time=2024-09-05 00:03:45 
jj1 = 314, max_th = 9.179473e-01, time=2024-09-05 00:04:18 
jj1 = 153, max_th = 3.046262e+00, time=2024-09-05 00:04:31 
jj1 = 431, max_th = 2.376530e+00, time=2024-09-05 00:04:43 
jj1 = 115, max_th = 1.337476e+00, time=2024-09-05 00:04:51 
jj1 = 509, max_th = 1.329543e+00, time=2024-09-05 00:05:25 
jj1 = 389, max_th = 2.149902e+00, time=2024-09-05 00:05:34 
jj1 = 197, max_th = 1.699245e+00, time=2024-09-05 00:06:20 
jj1 = 236, max_th = 1.950139e+00, time=2024-09-05 00:06:52 
jj1 = 468, max_th = 1.375084e+00, time=2024-09-05 00:07:05 
jj1 = 351, max_th = 1.663150e+00, time=2024-09-05 00:07:14 
jj1 = 79, max_th = 1.686534e+00, time=2024-09-05 00:07:19 
jj1 = 235, max_th = 8.810987e-01, time=2024-09-05 00:08:19 
jj1 = 313, max_th = 2.582156e+00, time=2024-09-05 00:08:52 
jj1 = 430, max_th = 1.377243e+00, time=2024-09-05 00:09:21 
jj1 = 273, max_th = 1.693011e+00, time=2024-09-05 00:10:09 
jj1 = 234, max_th = 2.779313e+00, time=2024-09-05 00:10:42 
jj1 = 508, max_th = 2.305630e+00, time=2024-09-05 00:11:59 
jj1 = 152, max_th = 1.941081e+00, time=2024-09-05 00:12:33 
jj1 = 196, max_th = 2.356677e+00, time=2024-09-05 00:12:35 
jj1 = 388, max_th = 2.203900e+00, time=2024-09-05 00:12:39 
jj1 = 387, max_th = -2.481232e-01, time=2024-09-05 00:12:46 
jj1 = 114, max_th = 1.966421e+00, time=2024-09-05 00:13:13 
jj1 = 350, max_th = 2.391911e+00, time=2024-09-05 00:13:16 
jj1 = 312, max_th = 2.434498e+00, time=2024-09-05 00:14:40 
jj1 = 233, max_th = 1.332065e+00, time=2024-09-05 00:14:46 
jj1 = 467, max_th = 2.122395e+00, time=2024-09-05 00:15:42 
jj1 = 78, max_th = 1.916585e+00, time=2024-09-05 00:15:58 
jj1 = 386, max_th = 2.620057e+00, time=2024-09-05 00:16:47 
jj1 = 507, max_th = 2.404102e+00, time=2024-09-05 00:17:30 
jj1 = 113, max_th = 1.371695e+00, time=2024-09-05 00:17:42 
jj1 = 429, max_th = 2.178401e+00, time=2024-09-05 00:17:47 
jj1 = 272, max_th = 2.114484e+00, time=2024-09-05 00:18:15 
jj1 = 195, max_th = 2.379308e+00, time=2024-09-05 00:19:01 
jj1 = 232, max_th = 1.338465e+00, time=2024-09-05 00:19:01 
jj1 = 77, max_th = 1.253784e+00, time=2024-09-05 00:19:29 
jj1 = 151, max_th = 2.160749e+00, time=2024-09-05 00:20:13 
jj1 = 231, max_th = 2.872952e+00, time=2024-09-05 00:20:42 
jj1 = 349, max_th = 1.906028e+00, time=2024-09-05 00:21:01 
jj1 = 76, max_th = 9.797417e-01, time=2024-09-05 00:21:14 
jj1 = 506, max_th = 1.398056e+00, time=2024-09-05 00:21:27 
jj1 = 311, max_th = 1.665173e+00, time=2024-09-05 00:21:36 
jj1 = 271, max_th = 1.347781e+00, time=2024-09-05 00:21:49 
jj1 = 466, max_th = 1.655597e+00, time=2024-09-05 00:21:52 
jj1 = 348, max_th = 2.867705e+00, time=2024-09-05 00:22:43 
jj1 = 112, max_th = 1.687721e+00, time=2024-09-05 00:24:36 
jj1 = 385, max_th = 2.087143e+00, time=2024-09-05 00:25:17 
jj1 = 270, max_th = 1.264682e+00, time=2024-09-05 00:25:45 
jj1 = 428, max_th = 1.863938e+00, time=2024-09-05 00:26:04 
jj1 = 75, max_th = 2.532519e+00, time=2024-09-05 00:26:10 
jj1 = 194, max_th = 2.170283e+00, time=2024-09-05 00:27:22 
jj1 = 230, max_th = 2.254420e+00, time=2024-09-05 00:27:33 
jj1 = 150, max_th = 1.944358e+00, time=2024-09-05 00:27:56 
jj1 = 465, max_th = 1.608094e+00, time=2024-09-05 00:28:04 
jj1 = 505, max_th = 1.627979e+00, time=2024-09-05 00:28:19 
jj1 = 310, max_th = 1.941900e+00, time=2024-09-05 00:29:42 
jj1 = 269, max_th = 1.340768e+00, time=2024-09-05 00:29:55 
jj1 = 74, max_th = 1.274945e+00, time=2024-09-05 00:30:09 
jj1 = 268, max_th = -6.571245e-02, time=2024-09-05 00:30:16 
jj1 = 193, max_th = 2.729390e+00, time=2024-09-05 00:30:22 
jj1 = 111, max_th = 2.295348e+00, time=2024-09-05 00:31:13 
jj1 = 347, max_th = 2.127349e+00, time=2024-09-05 00:31:18 
jj1 = 192, max_th = 9.376664e-01, time=2024-09-05 00:31:44 
jj1 = 384, max_th = 2.329989e+00, time=2024-09-05 00:32:27 
jj1 = 464, max_th = 1.549170e+00, time=2024-09-05 00:32:45 
jj1 = 427, max_th = 1.686400e+00, time=2024-09-05 00:33:05 
jj1 = 463, max_th = 2.969186e+00, time=2024-09-05 00:33:55 
jj1 = 504, max_th = 2.307567e+00, time=2024-09-05 00:34:49 
jj1 = 229, max_th = 2.087030e+00, time=2024-09-05 00:35:50 
jj1 = 73, max_th = 2.390612e+00, time=2024-09-05 00:36:14 
jj1 = 149, max_th = 2.075405e+00, time=2024-09-05 00:36:35 
jj1 = 346, max_th = 1.650618e+00, time=2024-09-05 00:36:35 
jj1 = 267, max_th = 2.375197e+00, time=2024-09-05 00:36:46 
jj1 = 426, max_th = 2.549011e+00, time=2024-09-05 00:36:55 
jj1 = 309, max_th = 2.115292e+00, time=2024-09-05 00:37:46 
jj1 = 266, max_th = 2.924388e+00, time=2024-09-05 00:38:15 
jj1 = 191, max_th = 1.622313e+00, time=2024-09-05 00:38:32 
jj1 = 228, max_th = 2.718963e+00, time=2024-09-05 00:38:49 
jj1 = 383, max_th = 2.368509e+00, time=2024-09-05 00:39:03 
jj1 = 148, max_th = 2.685683e+00, time=2024-09-05 00:39:45 
jj1 = 110, max_th = 2.080986e+00, time=2024-09-05 00:39:53 
jj1 = 503, max_th = 2.057952e+00, time=2024-09-05 00:42:24 
jj1 = 462, max_th = 2.072263e+00, time=2024-09-05 00:42:29 
jj1 = 308, max_th = 2.452865e+00, time=2024-09-05 00:42:34 
jj1 = 265, max_th = 2.450654e+00, time=2024-09-05 00:42:46 
jj1 = 72, max_th = 1.633371e+00, time=2024-09-05 00:42:53 
jj1 = 425, max_th = 2.390828e+00, time=2024-09-05 00:43:02 
jj1 = 345, max_th = 1.946668e+00, time=2024-09-05 00:44:06 
jj1 = 382, max_th = 2.485139e+00, time=2024-09-05 00:44:28 
jj1 = 147, max_th = 1.696770e+00, time=2024-09-05 00:46:02 
jj1 = 227, max_th = 2.144550e+00, time=2024-09-05 00:46:07 
jj1 = 109, max_th = 1.702993e+00, time=2024-09-05 00:46:21 
jj1 = 190, max_th = 2.071498e+00, time=2024-09-05 00:47:21 
jj1 = 461, max_th = 1.700570e+00, time=2024-09-05 00:47:49 
jj1 = 71, max_th = 1.543553e+00, time=2024-09-05 00:48:21 
jj1 = 502, max_th = 2.308037e+00, time=2024-09-05 00:49:17 
jj1 = 307, max_th = 2.310149e+00, time=2024-09-05 00:49:22 
jj1 = 306, max_th = 2.954194e+00, time=2024-09-05 00:50:31 
jj1 = 264, max_th = 1.907804e+00, time=2024-09-05 00:50:36 
jj1 = 381, max_th = 2.376237e+00, time=2024-09-05 00:51:16 
jj1 = 344, max_th = 1.896263e+00, time=2024-09-05 00:51:40 
jj1 = 424, max_th = 1.932598e+00, time=2024-09-05 00:51:47 
jj1 = 460, max_th = 1.323962e+00, time=2024-09-05 00:52:01 
jj1 = 146, max_th = 2.172358e+00, time=2024-09-05 00:54:14 
jj1 = 108, max_th = 2.135163e+00, time=2024-09-05 00:54:23 
jj1 = 70, max_th = 2.428544e+00, time=2024-09-05 00:54:24 
jj1 = 226, max_th = 1.964292e+00, time=2024-09-05 00:54:43 
jj1 = 189, max_th = 1.835952e+00, time=2024-09-05 00:54:51 
jj1 = 343, max_th = 1.338527e+00, time=2024-09-05 00:55:42 
jj1 = 501, max_th = 2.362044e+00, time=2024-09-05 00:55:47 
jj1 = 107, max_th = 9.388134e-01, time=2024-09-05 00:56:01 
jj1 = 305, max_th = 1.615419e+00, time=2024-09-05 00:57:10 
jj1 = 380, max_th = 1.665705e+00, time=2024-09-05 00:58:17 
jj1 = 459, max_th = 2.295094e+00, time=2024-09-05 00:58:34 
jj1 = 263, max_th = 1.910398e+00, time=2024-09-05 00:58:47 
jj1 = 225, max_th = 2.514229e+00, time=2024-09-05 00:59:45 
jj1 = 423, max_th = 1.932537e+00, time=2024-09-05 01:00:13 
jj1 = 188, max_th = 1.642801e+00, time=2024-09-05 01:01:17 
jj1 = 69, max_th = 1.677083e+00, time=2024-09-05 01:01:52 
jj1 = 458, max_th = 1.351613e+00, time=2024-09-05 01:02:10 
jj1 = 342, max_th = 1.640432e+00, time=2024-09-05 01:02:27 
jj1 = 145, max_th = 1.873741e+00, time=2024-09-05 01:02:34 
jj1 = 500, max_th = 1.852712e+00, time=2024-09-05 01:02:54 
jj1 = 304, max_th = 1.644923e+00, time=2024-09-05 01:03:17 
jj1 = 341, max_th = 2.933534e+00, time=2024-09-05 01:03:52 
jj1 = 262, max_th = 1.541311e+00, time=2024-09-05 01:04:00 
jj1 = 106, max_th = 2.136789e+00, time=2024-09-05 01:04:17 
jj1 = 379, max_th = 1.704342e+00, time=2024-09-05 01:04:53 
jj1 = 68, max_th = 1.338678e+00, time=2024-09-05 01:05:41 
jj1 = 224, max_th = 2.359181e+00, time=2024-09-05 01:06:02 
jj1 = 144, max_th = 2.591004e+00, time=2024-09-05 01:06:38 
jj1 = 422, max_th = 1.951326e+00, time=2024-09-05 01:07:14 
jj1 = 457, max_th = 1.598351e+00, time=2024-09-05 01:07:29 
jj1 = 303, max_th = 1.556113e+00, time=2024-09-05 01:08:51 
jj1 = 187, max_th = 1.940925e+00, time=2024-09-05 01:09:26 
jj1 = 340, max_th = 2.438782e+00, time=2024-09-05 01:09:30 
jj1 = 105, max_th = 2.406867e+00, time=2024-09-05 01:10:03 
jj1 = 499, max_th = 2.176056e+00, time=2024-09-05 01:11:10 
jj1 = 261, max_th = 1.673680e+00, time=2024-09-05 01:11:20 
jj1 = 260, max_th = -3.506954e-02, time=2024-09-05 01:11:41 
jj1 = 302, max_th = 1.347261e+00, time=2024-09-05 01:12:41 
jj1 = 67, max_th = 1.669770e+00, time=2024-09-05 01:12:50 
jj1 = 223, max_th = 1.710268e+00, time=2024-09-05 01:13:07 
jj1 = 378, max_th = 2.176013e+00, time=2024-09-05 01:13:09 
jj1 = 222, max_th = -2.068990e-02, time=2024-09-05 01:13:29 
jj1 = 456, max_th = 1.644162e+00, time=2024-09-05 01:13:43 
jj1 = 186, max_th = 1.378979e+00, time=2024-09-05 01:14:06 
jj1 = 421, max_th = 2.102486e+00, time=2024-09-05 01:14:35 
jj1 = 104, max_th = 1.411349e+00, time=2024-09-05 01:14:45 
jj1 = 143, max_th = 1.914728e+00, time=2024-09-05 01:14:51 
jj1 = 455, max_th = 2.904323e+00, time=2024-09-05 01:15:06 
jj1 = 339, max_th = 2.154463e+00, time=2024-09-05 01:16:57 
jj1 = 454, max_th = 1.200291e+00, time=2024-09-05 01:17:06 
jj1 = 377, max_th = 1.283309e+00, time=2024-09-05 01:17:12 
jj1 = 66, max_th = 1.383111e+00, time=2024-09-05 01:17:28 
jj1 = 301, max_th = 2.523948e+00, time=2024-09-05 01:17:55 
jj1 = 185, max_th = 1.397629e+00, time=2024-09-05 01:18:05 
jj1 = 498, max_th = 1.952862e+00, time=2024-09-05 01:18:29 
jj1 = 300, max_th = 8.224642e-01, time=2024-09-05 01:19:07 
jj1 = 259, max_th = 1.829185e+00, time=2024-09-05 01:19:45 
jj1 = 221, max_th = 2.102807e+00, time=2024-09-05 01:20:53 
jj1 = 220, max_th = 3.211591e+00, time=2024-09-05 01:21:14 
jj1 = 420, max_th = 1.946918e+00, time=2024-09-05 01:22:01 
jj1 = 103, max_th = 2.164060e+00, time=2024-09-05 01:22:44 
jj1 = 142, max_th = 2.180365e+00, time=2024-09-05 01:22:56 
jj1 = 65, max_th = 1.644744e+00, time=2024-09-05 01:23:33 
jj1 = 338, max_th = 1.664823e+00, time=2024-09-05 01:23:42 
jj1 = 453, max_th = 2.106350e+00, time=2024-09-05 01:24:53 
jj1 = 376, max_th = 2.140479e+00, time=2024-09-05 01:25:10 
jj1 = 419, max_th = 1.338477e+00, time=2024-09-05 01:25:44 
jj1 = 184, max_th = 2.177127e+00, time=2024-09-05 01:26:22 
jj1 = 497, max_th = 2.130074e+00, time=2024-09-05 01:26:58 
jj1 = 219, max_th = 2.381343e+00, time=2024-09-05 01:27:31 
jj1 = 337, max_th = 2.595072e+00, time=2024-09-05 01:27:34 
jj1 = 299, max_th = 1.880332e+00, time=2024-09-05 01:27:36 
jj1 = 183, max_th = 9.987933e-01, time=2024-09-05 01:27:55 
jj1 = 258, max_th = 1.963997e+00, time=2024-09-05 01:28:02 
jj1 = 141, max_th = 1.606428e+00, time=2024-09-05 01:28:57 
jj1 = 418, max_th = 1.313730e+00, time=2024-09-05 01:29:10 
jj1 = 375, max_th = 2.580462e+00, time=2024-09-05 01:29:35 
jj1 = 102, max_th = 2.162406e+00, time=2024-09-05 01:30:30 
jj1 = 64, max_th = 1.631894e+00, time=2024-09-05 01:30:31 
jj1 = 452, max_th = 2.200568e+00, time=2024-09-05 01:30:46 
jj1 = 182, max_th = 1.309021e+00, time=2024-09-05 01:31:35 
jj1 = 298, max_th = 2.423455e+00, time=2024-09-05 01:33:20 
jj1 = 297, max_th = 8.185149e-01, time=2024-09-05 01:34:32 
jj1 = 218, max_th = 2.096446e+00, time=2024-09-05 01:35:03 
jj1 = 336, max_th = 2.142309e+00, time=2024-09-05 01:35:18 
jj1 = 496, max_th = 1.922444e+00, time=2024-09-05 01:35:49 
jj1 = 257, max_th = 2.019813e+00, time=2024-09-05 01:36:19 
jj1 = 335, max_th = 2.960142e+00, time=2024-09-05 01:36:29 
jj1 = 63, max_th = 1.644556e+00, time=2024-09-05 01:36:51 
jj1 = 140, max_th = 2.135046e+00, time=2024-09-05 01:37:04 
jj1 = 374, max_th = 2.109780e+00, time=2024-09-05 01:37:49 
jj1 = 417, max_th = 1.875164e+00, time=2024-09-05 01:37:49 
jj1 = 181, max_th = 1.694308e+00, time=2024-09-05 01:38:09 
jj1 = 451, max_th = 1.844249e+00, time=2024-09-05 01:38:23 
jj1 = 101, max_th = 2.167158e+00, time=2024-09-05 01:38:34 
jj1 = 256, max_th = 2.776744e+00, time=2024-09-05 01:38:46 
jj1 = 568, max_th = -3.854469e-02, time=2024-09-05 01:39:05 
jj1 = 373, max_th = 2.627130e+00, time=2024-09-05 01:41:56 
jj1 = 495, max_th = 2.372763e+00, time=2024-09-05 01:42:30 
jj1 = 217, max_th = 2.187501e+00, time=2024-09-05 01:42:45 
jj1 = 296, max_th = 2.031129e+00, time=2024-09-05 01:43:18 
jj1 = 567, max_th = 2.545379e+00, time=2024-09-05 01:43:24 
jj1 = 334, max_th = 1.678245e+00, time=2024-09-05 01:43:29 
jj1 = 139, max_th = 1.689190e+00, time=2024-09-05 01:43:57 
jj1 = 62, max_th = 2.184665e+00, time=2024-09-05 01:44:41 
jj1 = 628, max_th = 1.701124e+00, time=2024-09-05 01:44:52 
jj1 = 416, max_th = 1.893081e+00, time=2024-09-05 01:45:35 
jj1 = 180, max_th = 2.142409e+00, time=2024-09-05 01:45:42 
jj1 = 627, max_th = 2.799853e+00, time=2024-09-05 01:46:22 
jj1 = 100, max_th = 2.007358e+00, time=2024-09-05 01:46:52 
jj1 = 548, max_th = 2.395156e+00, time=2024-09-05 01:47:39 
jj1 = 588, max_th = 2.595721e+00, time=2024-09-05 01:47:46 
jj1 = 648, max_th = 2.877449e+00, time=2024-09-05 01:48:25 
jj1 = 61, max_th = 2.502518e+00, time=2024-09-05 01:49:05 
jj1 = 494, max_th = 1.900803e+00, time=2024-09-05 01:49:05 
jj1 = 566, max_th = 2.406806e+00, time=2024-09-05 01:49:10 
jj1 = 748, max_th = 1.703841e+00, time=2024-09-05 01:49:17 
jj1 = 647, max_th = 8.578898e-01, time=2024-09-05 01:49:28 
jj1 = 646, max_th = 2.908287e+00, time=2024-09-05 01:50:55 
jj1 = 295, max_th = 2.185049e+00, time=2024-09-05 01:51:12 
jj1 = 608, max_th = 2.084590e+00, time=2024-09-05 01:51:42 
jj1 = 747, max_th = 1.328413e+00, time=2024-09-05 01:53:08 
jj1 = 626, max_th = 2.205662e+00, time=2024-09-05 01:53:20 
jj1 = 179, max_th = 1.812321e+00, time=2024-09-05 01:53:45 
jj1 = 415, max_th = 2.131685e+00, time=2024-09-05 01:53:56 
jj1 = 414, max_th = 9.267021e-01, time=2024-09-05 01:55:21 
jj1 = 178, max_th = 9.703995e-01, time=2024-09-05 01:55:24 
jj1 = 587, max_th = 1.911971e+00, time=2024-09-05 01:55:41 
jj1 = 565, max_th = 1.688255e+00, time=2024-09-05 01:55:52 
jj1 = 547, max_th = 1.936457e+00, time=2024-09-05 01:55:53 
jj1 = 688, max_th = 1.648402e+00, time=2024-09-05 01:56:35 
jj1 = 493, max_th = 1.910051e+00, time=2024-09-05 01:57:02 
jj1 = 708, max_th = 9.764084e-01, time=2024-09-05 01:57:07 
jj1 = 768, max_th = 1.923589e+00, time=2024-09-05 01:57:29 
jj1 = 645, max_th = 1.945013e+00, time=2024-09-05 01:58:17 
jj1 = 607, max_th = 1.727497e+00, time=2024-09-05 01:59:10 
jj1 = 746, max_th = 2.208265e+00, time=2024-09-05 02:00:11 
jj1 = 625, max_th = 2.084605e+00, time=2024-09-05 02:00:43 
jj1 = 606, max_th = 2.878087e+00, time=2024-09-05 02:00:49 
jj1 = 707, max_th = 2.400397e+00, time=2024-09-05 02:01:30 
jj1 = 644, max_th = 1.365837e+00, time=2024-09-05 02:02:33 
jj1 = 413, max_th = 1.886804e+00, time=2024-09-05 02:02:59 
jj1 = 687, max_th = 1.711316e+00, time=2024-09-05 02:03:05 
jj1 = 586, max_th = 2.183689e+00, time=2024-09-05 02:03:15 
jj1 = 564, max_th = 1.887818e+00, time=2024-09-05 02:03:18 
jj1 = 624, max_th = 1.307107e+00, time=2024-09-05 02:03:33 
jj1 = 546, max_th = 1.866796e+00, time=2024-09-05 02:03:50 
jj1 = 605, max_th = 1.217577e+00, time=2024-09-05 02:04:09 
jj1 = 492, max_th = 1.778774e+00, time=2024-09-05 02:05:00 
jj1 = 767, max_th = 1.910608e+00, time=2024-09-05 02:05:08 
jj1 = 545, max_th = 1.286883e+00, time=2024-09-05 02:07:19 
jj1 = 745, max_th = 1.827075e+00, time=2024-09-05 02:07:45 
jj1 = 706, max_th = 2.202965e+00, time=2024-09-05 02:07:51 
jj1 = 585, max_th = 1.703532e+00, time=2024-09-05 02:09:06 
jj1 = 643, max_th = 2.179002e+00, time=2024-09-05 02:09:54 
jj1 = 412, max_th = 2.145857e+00, time=2024-09-05 02:09:57 
jj1 = 491, max_th = 2.353029e+00, time=2024-09-05 02:10:17 
jj1 = 544, max_th = 1.263851e+00, time=2024-09-05 02:10:29 
jj1 = 686, max_th = 1.964727e+00, time=2024-09-05 02:10:34 
jj1 = 604, max_th = 1.670467e+00, time=2024-09-05 02:10:40 
jj1 = 623, max_th = 2.179759e+00, time=2024-09-05 02:10:44 
jj1 = 563, max_th = 1.930549e+00, time=2024-09-05 02:11:03 
jj1 = 622, max_th = 2.881622e+00, time=2024-09-05 02:12:12 
jj1 = 766, max_th = 1.891274e+00, time=2024-09-05 02:12:31 
jj1 = 744, max_th = 2.265378e+00, time=2024-09-05 02:14:50 
jj1 = 705, max_th = 2.168130e+00, time=2024-09-05 02:15:14 
jj1 = 728, max_th = 2.346345e+00, time=2024-09-05 02:16:05 
jj1 = 562, max_th = 2.408081e+00, time=2024-09-05 02:16:12 
jj1 = 490, max_th = 1.642861e+00, time=2024-09-05 02:16:19 
jj1 = 584, max_th = 1.774670e+00, time=2024-09-05 02:16:44 
jj1 = 603, max_th = 1.671284e+00, time=2024-09-05 02:17:20 
jj1 = 642, max_th = 2.123307e+00, time=2024-09-05 02:17:31 
jj1 = 765, max_th = 1.700749e+00, time=2024-09-05 02:17:37 
jj1 = 602, max_th = -5.121963e-03, time=2024-09-05 02:17:41 
jj1 = 583, max_th = 8.476720e-01, time=2024-09-05 02:17:54 
jj1 = 685, max_th = 2.109100e+00, time=2024-09-05 02:18:12 
jj1 = 543, max_th = 1.925060e+00, time=2024-09-05 02:18:44 
jj1 = 684, max_th = 8.916196e-01, time=2024-09-05 02:19:34 
jj1 = 668, max_th = 2.607772e+00, time=2024-09-05 02:20:09 
jj1 = 621, max_th = 1.915475e+00, time=2024-09-05 02:20:20 
jj1 = 542, max_th = 1.171217e+00, time=2024-09-05 02:22:02 
jj1 = 582, max_th = 1.600767e+00, time=2024-09-05 02:22:54 
jj1 = 743, max_th = 1.962442e+00, time=2024-09-05 02:23:01 
jj1 = 727, max_th = 2.359237e+00, time=2024-09-05 02:23:20 
jj1 = 704, max_th = 2.038668e+00, time=2024-09-05 02:23:41 
jj1 = 764, max_th = 2.198576e+00, time=2024-09-05 02:24:04 
jj1 = 561, max_th = 1.871985e+00, time=2024-09-05 02:24:47 
jj1 = 601, max_th = 2.095468e+00, time=2024-09-05 02:24:58 
jj1 = 683, max_th = 2.476127e+00, time=2024-09-05 02:25:17 
jj1 = 641, max_th = 1.823595e+00, time=2024-09-05 02:25:48 
jj1 = 667, max_th = 2.344259e+00, time=2024-09-05 02:26:19 
jj1 = 742, max_th = 2.589314e+00, time=2024-09-05 02:27:08 
jj1 = 640, max_th = 9.122436e-01, time=2024-09-05 02:27:12 
jj1 = 581, max_th = 1.392073e+00, time=2024-09-05 02:27:15 
jj1 = 639, max_th = -1.585877e-01, time=2024-09-05 02:27:23 
jj1 = 703, max_th = 1.309451e+00, time=2024-09-05 02:27:34 
jj1 = 763, max_th = 1.352235e+00, time=2024-09-05 02:27:44 
jj1 = 541, max_th = 2.416360e+00, time=2024-09-05 02:28:04 
jj1 = 620, max_th = 2.180502e+00, time=2024-09-05 02:28:41 
jj1 = 600, max_th = 1.521813e+00, time=2024-09-05 02:30:53 
jj1 = 560, max_th = 2.362897e+00, time=2024-09-05 02:31:12 
jj1 = 580, max_th = 1.328428e+00, time=2024-09-05 02:31:18 
jj1 = 540, max_th = 1.403682e+00, time=2024-09-05 02:32:22 
jj1 = 726, max_th = 2.132616e+00, time=2024-09-05 02:32:46 
jj1 = 682, max_th = 1.973227e+00, time=2024-09-05 02:33:56 
jj1 = 666, max_th = 2.211158e+00, time=2024-09-05 02:34:02 
jj1 = 762, max_th = 2.104886e+00, time=2024-09-05 02:35:26 
jj1 = 741, max_th = 2.068907e+00, time=2024-09-05 02:35:35 
jj1 = 638, max_th = 1.867014e+00, time=2024-09-05 02:35:38 
jj1 = 702, max_th = 1.912711e+00, time=2024-09-05 02:35:51 
jj1 = 619, max_th = 1.675032e+00, time=2024-09-05 02:36:04 
jj1 = 665, max_th = 2.677425e+00, time=2024-09-05 02:37:22 
jj1 = 579, max_th = 2.369765e+00, time=2024-09-05 02:38:01 
jj1 = 559, max_th = 1.680210e+00, time=2024-09-05 02:38:29 
jj1 = 599, max_th = 1.964459e+00, time=2024-09-05 02:39:14 
jj1 = 681, max_th = 1.606998e+00, time=2024-09-05 02:39:41 
jj1 = 664, max_th = 2.747301e+00, time=2024-09-05 02:39:45 
jj1 = 539, max_th = 1.724182e+00, time=2024-09-05 02:40:07 
jj1 = 725, max_th = 1.660666e+00, time=2024-09-05 02:40:28 
jj1 = 618, max_th = 1.949914e+00, time=2024-09-05 02:41:13 
jj1 = 637, max_th = 1.643741e+00, time=2024-09-05 02:41:55 
jj1 = 740, max_th = 1.954580e+00, time=2024-09-05 02:43:10 
jj1 = 663, max_th = 2.606628e+00, time=2024-09-05 02:43:36 
jj1 = 761, max_th = 1.931374e+00, time=2024-09-05 02:43:50 
jj1 = 558, max_th = 2.351881e+00, time=2024-09-05 02:44:13 
jj1 = 578, max_th = 1.625351e+00, time=2024-09-05 02:44:30 
jj1 = 701, max_th = 1.869804e+00, time=2024-09-05 02:44:38 
jj1 = 538, max_th = 1.544851e+00, time=2024-09-05 02:45:38 
jj1 = 598, max_th = 1.705961e+00, time=2024-09-05 02:46:02 
jj1 = 662, max_th = 1.300570e+00, time=2024-09-05 02:46:21 
jj1 = 680, max_th = 1.869715e+00, time=2024-09-05 02:47:58 
jj1 = 617, max_th = 2.220430e+00, time=2024-09-05 02:49:14 
jj1 = 537, max_th = 1.291600e+00, time=2024-09-05 02:49:28 
jj1 = 724, max_th = 2.223917e+00, time=2024-09-05 02:49:28 
jj1 = 636, max_th = 2.216980e+00, time=2024-09-05 02:49:38 
jj1 = 739, max_th = 1.643152e+00, time=2024-09-05 02:49:38 
jj1 = 760, max_th = 1.953526e+00, time=2024-09-05 02:51:15 
jj1 = 700, max_th = 2.377408e+00, time=2024-09-05 02:51:15 
jj1 = 661, max_th = 2.398534e+00, time=2024-09-05 02:51:20 
jj1 = 557, max_th = 1.906595e+00, time=2024-09-05 02:51:57 
jj1 = 577, max_th = 2.133799e+00, time=2024-09-05 02:52:46 
jj1 = 597, max_th = 1.688438e+00, time=2024-09-05 02:52:58 
jj1 = 616, max_th = 1.342792e+00, time=2024-09-05 02:53:20 
jj1 = 556, max_th = 9.580680e-01, time=2024-09-05 02:53:33 
jj1 = 536, max_th = 2.388051e+00, time=2024-09-05 02:55:39 
jj1 = 679, max_th = 1.908969e+00, time=2024-09-05 02:55:56 
jj1 = 555, max_th = 2.672183e+00, time=2024-09-05 02:57:10 
jj1 = 738, max_th = 1.953886e+00, time=2024-09-05 02:57:19 
jj1 = 596, max_th = 1.367239e+00, time=2024-09-05 02:57:19 
jj1 = 723, max_th = 1.947132e+00, time=2024-09-05 02:57:47 
jj1 = 635, max_th = 1.827014e+00, time=2024-09-05 02:57:49 
jj1 = 699, max_th = 1.686373e+00, time=2024-09-05 02:58:13 
jj1 = 759, max_th = 2.262111e+00, time=2024-09-05 02:58:48 
jj1 = 737, max_th = 9.537497e-01, time=2024-09-05 02:58:51 
jj1 = 660, max_th = 2.158006e+00, time=2024-09-05 02:59:04 
jj1 = 698, max_th = 9.786417e-01, time=2024-09-05 03:00:02 
jj1 = 615, max_th = 1.677368e+00, time=2024-09-05 03:00:27 
jj1 = 576, max_th = 2.171745e+00, time=2024-09-05 03:01:06 
jj1 = 697, max_th = 2.952324e+00, time=2024-09-05 03:01:06 
jj1 = 696, max_th = 3.266137e+00, time=2024-09-05 03:01:20 
jj1 = 722, max_th = 2.677347e+00, time=2024-09-05 03:01:43 
jj1 = 535, max_th = 2.317970e+00, time=2024-09-05 03:02:40 
jj1 = 634, max_th = 1.542060e+00, time=2024-09-05 03:03:23 
jj1 = 678, max_th = 2.106820e+00, time=2024-09-05 03:03:36 
jj1 = 736, max_th = 2.397385e+00, time=2024-09-05 03:04:07 
jj1 = 595, max_th = 1.666298e+00, time=2024-09-05 03:04:20 
jj1 = 659, max_th = 1.511514e+00, time=2024-09-05 03:04:36 
jj1 = 695, max_th = 1.338793e+00, time=2024-09-05 03:05:24 
jj1 = 554, max_th = 2.124893e+00, time=2024-09-05 03:05:45 
jj1 = 758, max_th = 2.179593e+00, time=2024-09-05 03:06:58 
jj1 = 575, max_th = 2.201788e+00, time=2024-09-05 03:07:41 
jj1 = 534, max_th = 1.950134e+00, time=2024-09-05 03:08:12 
jj1 = 757, max_th = 9.523058e-01, time=2024-09-05 03:08:18 
jj1 = 614, max_th = 2.036656e+00, time=2024-09-05 03:08:50 
jj1 = 756, max_th = 3.041262e+00, time=2024-09-05 03:09:08 
jj1 = 721, max_th = 1.678519e+00, time=2024-09-05 03:09:43 
jj1 = 633, max_th = 1.622392e+00, time=2024-09-05 03:10:11 
jj1 = 720, max_th = 3.136586e+00, time=2024-09-05 03:10:18 
jj1 = 735, max_th = 1.561614e+00, time=2024-09-05 03:10:19 
jj1 = 694, max_th = 1.699701e+00, time=2024-09-05 03:10:37 
jj1 = 553, max_th = 2.517293e+00, time=2024-09-05 03:10:43 
jj1 = 677, max_th = 2.180495e+00, time=2024-09-05 03:11:36 
jj1 = 594, max_th = 2.192183e+00, time=2024-09-05 03:11:47 
jj1 = 632, max_th = 9.737376e-01, time=2024-09-05 03:12:01 
jj1 = 574, max_th = 1.384109e+00, time=2024-09-05 03:12:06 
jj1 = 693, max_th = 9.782111e-01, time=2024-09-05 03:12:26 
jj1 = 533, max_th = 2.571042e+00, time=2024-09-05 03:12:49 
jj1 = 658, max_th = 2.172914e+00, time=2024-09-05 03:13:03 
jj1 = 593, max_th = 8.269879e-01, time=2024-09-05 03:13:04 
jj1 = 676, max_th = 2.810030e+00, time=2024-09-05 03:13:40 
jj1 = 532, max_th = 2.918700e+00, time=2024-09-05 03:14:19 
jj1 = 613, max_th = 2.351782e+00, time=2024-09-05 03:14:19 
jj1 = 552, max_th = 1.389170e+00, time=2024-09-05 03:15:06 
jj1 = 755, max_th = 1.655585e+00, time=2024-09-05 03:15:38 
jj1 = 692, max_th = 1.328041e+00, time=2024-09-05 03:16:29 
jj1 = 719, max_th = 1.609964e+00, time=2024-09-05 03:17:26 
jj1 = 657, max_th = 1.650715e+00, time=2024-09-05 03:18:30 
jj1 = 734, max_th = 2.116008e+00, time=2024-09-05 03:18:44 
jj1 = 531, max_th = 1.649802e+00, time=2024-09-05 03:19:02 
jj1 = 631, max_th = 1.684716e+00, time=2024-09-05 03:19:24 
jj1 = 573, max_th = 1.858570e+00, time=2024-09-05 03:19:36 
jj1 = 656, max_th = 9.453600e-01, time=2024-09-05 03:19:51 
jj1 = 592, max_th = 1.677990e+00, time=2024-09-05 03:20:23 
jj1 = 675, max_th = 1.682723e+00, time=2024-09-05 03:20:48 
jj1 = 754, max_th = 2.300604e+00, time=2024-09-05 03:21:07 
jj1 = 551, max_th = 1.695947e+00, time=2024-09-05 03:21:30 
jj1 = 591, max_th = 9.447369e-01, time=2024-09-05 03:21:46 
jj1 = 530, max_th = 1.296031e+00, time=2024-09-05 03:22:36 
jj1 = 612, max_th = 2.118048e+00, time=2024-09-05 03:22:50 
jj1 = 529, max_th = 8.843528e-01, time=2024-09-05 03:24:01 
jj1 = 718, max_th = 1.604075e+00, time=2024-09-05 03:24:03 
jj1 = 550, max_th = 2.743974e+00, time=2024-09-05 03:24:08 
jj1 = 691, max_th = 2.137259e+00, time=2024-09-05 03:24:39 
jj1 = 753, max_th = 2.551870e+00, time=2024-09-05 03:25:03 
jj1 = 717, max_th = 8.270023e-01, time=2024-09-05 03:25:25 
jj1 = 630, max_th = 1.618026e+00, time=2024-09-05 03:26:03 
jj1 = 655, max_th = 1.569450e+00, time=2024-09-05 03:26:09 
jj1 = 733, max_th = 1.809048e+00, time=2024-09-05 03:26:12 
jj1 = 674, max_th = 1.949563e+00, time=2024-09-05 03:26:51 
jj1 = 572, max_th = 2.160786e+00, time=2024-09-05 03:27:26 
jj1 = 752, max_th = 2.778976e+00, time=2024-09-05 03:27:33 
jj1 = 549, max_th = 1.326975e+00, time=2024-09-05 03:28:03 
jj1 = 590, max_th = 1.688787e+00, time=2024-09-05 03:28:52 
jj1 = 611, max_th = 2.361374e+00, time=2024-09-05 03:29:06 
jj1 = 751, max_th = 2.756843e+00, time=2024-09-05 03:30:05 
jj1 = 716, max_th = 2.583259e+00, time=2024-09-05 03:30:11 
jj1 = 788, max_th = 2.726841e+00, time=2024-09-05 03:31:01 
jj1 = 798, max_th = 1.684472e+00, time=2024-09-05 03:31:17 
jj1 = 690, max_th = 1.709113e+00, time=2024-09-05 03:31:36 
jj1 = 654, max_th = 1.697228e+00, time=2024-09-05 03:32:28 
jj1 = 732, max_th = 2.273215e+00, time=2024-09-05 03:33:37 
jj1 = 673, max_th = 1.682498e+00, time=2024-09-05 03:34:04 
jj1 = 571, max_th = 1.683934e+00, time=2024-09-05 03:34:32 
jj1 = 629, max_th = 1.988741e+00, time=2024-09-05 03:34:33 
jj1 = 787, max_th = 1.339598e+00, time=2024-09-05 03:35:04 
jj1 = 672, max_th = 8.311389e-01, time=2024-09-05 03:35:11 
jj1 = 750, max_th = 1.658637e+00, time=2024-09-05 03:36:35 
jj1 = 589, max_th = 1.913983e+00, time=2024-09-05 03:37:15 
jj1 = 715, max_th = 2.381654e+00, time=2024-09-05 03:37:21 
jj1 = 610, max_th = 2.175813e+00, time=2024-09-05 03:37:21 
jj1 = 570, max_th = 1.315669e+00, time=2024-09-05 03:37:35 
jj1 = 797, max_th = 2.305439e+00, time=2024-09-05 03:37:49 
jj1 = 653, max_th = 1.676167e+00, time=2024-09-05 03:39:38 
jj1 = 609, max_th = 2.505594e+00, time=2024-09-05 03:39:42 
jj1 = 689, max_th = 1.864260e+00, time=2024-09-05 03:39:48 
jj1 = 868, max_th = 3.016686e+00, time=2024-09-05 03:40:47 
jj1 = 778, max_th = 2.944842e+00, time=2024-09-05 03:40:54 
jj1 = 671, max_th = 2.363385e+00, time=2024-09-05 03:41:30 
jj1 = 786, max_th = 1.620080e+00, time=2024-09-05 03:41:41 
jj1 = 731, max_th = 2.172691e+00, time=2024-09-05 03:41:51 
jj1 = 730, max_th = 3.068857e+00, time=2024-09-05 03:42:38 
jj1 = 838, max_th = 2.172972e+00, time=2024-09-05 03:42:48 
jj1 = 837, max_th = 9.860812e-01, time=2024-09-05 03:44:34 
jj1 = 867, max_th = 2.594233e+00, time=2024-09-05 03:44:41 
jj1 = 749, max_th = 2.174856e+00, time=2024-09-05 03:44:53 
jj1 = 785, max_th = 1.241139e+00, time=2024-09-05 03:45:01 
jj1 = 796, max_th = 1.947844e+00, time=2024-09-05 03:45:10 
jj1 = 569, max_th = 2.156818e+00, time=2024-09-05 03:45:14 
jj1 = 818, max_th = 2.006107e+00, time=2024-09-05 03:45:24 
jj1 = 714, max_th = 2.272539e+00, time=2024-09-05 03:45:45 
jj1 = 729, max_th = 1.353485e+00, time=2024-09-05 03:46:37 
jj1 = 784, max_th = 9.814768e-01, time=2024-09-05 03:46:51 
jj1 = 652, max_th = 1.890853e+00, time=2024-09-05 03:47:38 
jj1 = 651, max_th = 3.073184e+00, time=2024-09-05 03:48:19 
jj1 = 777, max_th = 2.043228e+00, time=2024-09-05 03:48:49 
jj1 = 670, max_th = 1.923431e+00, time=2024-09-05 03:50:02 
jj1 = 808, max_th = 2.584611e+00, time=2024-09-05 03:50:53 
jj1 = 866, max_th = 1.620580e+00, time=2024-09-05 03:51:18 
jj1 = 828, max_th = 2.152771e+00, time=2024-09-05 03:52:09 
jj1 = 848, max_th = 2.206989e+00, time=2024-09-05 03:52:16 
jj1 = 817, max_th = 1.902454e+00, time=2024-09-05 03:52:25 
jj1 = 836, max_th = 1.829621e+00, time=2024-09-05 03:52:57 
jj1 = 783, max_th = 1.572029e+00, time=2024-09-05 03:53:02 
jj1 = 776, max_th = 2.505544e+00, time=2024-09-05 03:53:09 
jj1 = 795, max_th = 2.139013e+00, time=2024-09-05 03:53:15 
jj1 = 669, max_th = 2.612312e+00, time=2024-09-05 03:53:53 
jj1 = 835, max_th = 9.030889e-01, time=2024-09-05 03:54:12 
jj1 = 650, max_th = 2.367710e+00, time=2024-09-05 03:54:55 
jj1 = 775, max_th = 9.869736e-01, time=2024-09-05 03:55:00 
jj1 = 807, max_th = 2.554849e+00, time=2024-09-05 03:55:08 
jj1 = 847, max_th = 2.599742e+00, time=2024-09-05 03:55:11 
jj1 = 865, max_th = 2.620805e+00, time=2024-09-05 03:55:18 
jj1 = 713, max_th = 1.884305e+00, time=2024-09-05 03:55:18 
jj1 = 827, max_th = 1.322895e+00, time=2024-09-05 03:56:15 
jj1 = 712, max_th = 3.020922e+00, time=2024-09-05 03:56:23 
jj1 = 816, max_th = 1.375379e+00, time=2024-09-05 03:57:03 
jj1 = 774, max_th = 2.775825e+00, time=2024-09-05 03:57:26 
jj1 = 826, max_th = 9.094226e-01, time=2024-09-05 03:57:42 
jj1 = 834, max_th = 2.593138e+00, time=2024-09-05 03:58:07 
jj1 = 864, max_th = 1.274016e+00, time=2024-09-05 03:58:41 
jj1 = 846, max_th = 1.345805e+00, time=2024-09-05 03:58:55 
jj1 = 806, max_th = 1.360450e+00, time=2024-09-05 03:59:16 
jj1 = 815, max_th = 2.762857e+00, time=2024-09-05 03:59:30 
jj1 = 814, max_th = 3.433497e+00, time=2024-09-05 03:59:35 
jj1 = 825, max_th = 2.750364e+00, time=2024-09-05 03:59:38 
jj1 = 833, max_th = 9.625549e-01, time=2024-09-05 03:59:46 
jj1 = 782, max_th = 2.335702e+00, time=2024-09-05 04:00:00 
jj1 = 794, max_th = 1.636151e+00, time=2024-09-05 04:00:05 
jj1 = 858, max_th = 2.309225e+00, time=2024-09-05 04:00:35 
jj1 = 805, max_th = 2.779953e+00, time=2024-09-05 04:01:18 
jj1 = 649, max_th = 2.258009e+00, time=2024-09-05 04:02:07 
jj1 = 813, max_th = 1.250653e+00, time=2024-09-05 04:02:32 
jj1 = 773, max_th = 1.569296e+00, time=2024-09-05 04:03:17 
jj1 = 863, max_th = 2.350309e+00, time=2024-09-05 04:03:27 
jj1 = 711, max_th = 2.362290e+00, time=2024-09-05 04:03:37 
jj1 = 781, max_th = 1.330438e+00, time=2024-09-05 04:04:00 
jj1 = 793, max_th = 1.601058e+00, time=2024-09-05 04:05:14 
jj1 = 845, max_th = 1.726549e+00, time=2024-09-05 04:06:34 
jj1 = 888, max_th = 2.536615e+00, time=2024-09-05 04:06:53 
jj1 = 832, max_th = 1.946886e+00, time=2024-09-05 04:07:17 
jj1 = 862, max_th = 2.555654e+00, time=2024-09-05 04:07:33 
jj1 = 710, max_th = 1.225946e+00, time=2024-09-05 04:07:41 
jj1 = 857, max_th = 1.996435e+00, time=2024-09-05 04:08:01 
jj1 = 812, max_th = 2.406530e+00, time=2024-09-05 04:08:13 
jj1 = 824, max_th = 2.073322e+00, time=2024-09-05 04:08:18 
jj1 = 804, max_th = 1.715918e+00, time=2024-09-05 04:08:40 
jj1 = 844, max_th = 2.598224e+00, time=2024-09-05 04:10:05 
jj1 = 780, max_th = 2.378401e+00, time=2024-09-05 04:10:36 
jj1 = 843, max_th = 2.882514e+00, time=2024-09-05 04:11:49 
jj1 = 772, max_th = 1.970232e+00, time=2024-09-05 04:11:56 
jj1 = 823, max_th = 2.502511e+00, time=2024-09-05 04:12:54 
jj1 = 792, max_th = 2.185757e+00, time=2024-09-05 04:13:08 
jj1 = 861, max_th = 1.632593e+00, time=2024-09-05 04:14:29 
jj1 = 887, max_th = 1.955866e+00, time=2024-09-05 04:14:47 
jj1 = 709, max_th = 1.589001e+00, time=2024-09-05 04:14:57 
jj1 = 856, max_th = 1.735330e+00, time=2024-09-05 04:15:20 
jj1 = 831, max_th = 2.119555e+00, time=2024-09-05 04:15:38 
jj1 = 771, max_th = 2.542895e+00, time=2024-09-05 04:16:15 
jj1 = 855, max_th = 2.949764e+00, time=2024-09-05 04:16:16 
jj1 = 803, max_th = 2.135870e+00, time=2024-09-05 04:16:42 
jj1 = 811, max_th = 1.980104e+00, time=2024-09-05 04:16:43 
jj1 = 779, max_th = 1.936808e+00, time=2024-09-05 04:18:52 
jj1 = 791, max_th = 2.298656e+00, time=2024-09-05 04:19:03 
jj1 = 802, max_th = 2.778333e+00, time=2024-09-05 04:19:10 
jj1 = 801, max_th = -5.679949e-03, time=2024-09-05 04:19:32 
jj1 = 822, max_th = 1.706033e+00, time=2024-09-05 04:19:38 
jj1 = 842, max_th = 1.970377e+00, time=2024-09-05 04:20:24 
jj1 = 810, max_th = 1.397128e+00, time=2024-09-05 04:20:47 
jj1 = 821, max_th = 9.031281e-01, time=2024-09-05 04:20:58 
jj1 = 886, max_th = 1.949418e+00, time=2024-09-05 04:21:04 
jj1 = 860, max_th = 2.206419e+00, time=2024-09-05 04:21:46 
jj1 = 830, max_th = 1.661378e+00, time=2024-09-05 04:22:26 
jj1 = 770, max_th = 2.335108e+00, time=2024-09-05 04:23:05 
jj1 = 769, max_th = -2.480800e-01, time=2024-09-05 04:23:11 
jj1 = 854, max_th = 1.675074e+00, time=2024-09-05 04:23:30 
jj1 = 878, max_th = 2.109117e+00, time=2024-09-05 04:23:52 
jj1 = 820, max_th = 2.600664e+00, time=2024-09-05 04:24:08 
jj1 = 841, max_th = 1.340905e+00, time=2024-09-05 04:24:33 
jj1 = 898, max_th = 2.151964e+00, time=2024-09-05 04:25:50 
jj1 = 819, max_th = 2.777554e+00, time=2024-09-05 04:26:37 
jj1 = 800, max_th = 2.326807e+00, time=2024-09-05 04:26:48 
jj1 = 853, max_th = 2.626303e+00, time=2024-09-05 04:27:18 
jj1 = 809, max_th = 2.375712e+00, time=2024-09-05 04:27:22 
jj1 = 790, max_th = 2.129128e+00, time=2024-09-05 04:27:38 
jj1 = 885, max_th = 1.951721e+00, time=2024-09-05 04:28:08 
jj1 = 852, max_th = 2.948651e+00, time=2024-09-05 04:28:22 
jj1 = 877, max_th = 1.320287e+00, time=2024-09-05 04:28:33 
jj1 = 829, max_th = 1.658366e+00, time=2024-09-05 04:29:06 
jj1 = 859, max_th = 1.877132e+00, time=2024-09-05 04:30:21 
jj1 = 928, max_th = 2.451545e+00, time=2024-09-05 04:31:18 
jj1 = 913, max_th = 1.769173e+00, time=2024-09-05 04:31:42 
jj1 = 908, max_th = 2.398834e+00, time=2024-09-05 04:32:20 
jj1 = 840, max_th = 1.882189e+00, time=2024-09-05 04:32:50 
jj1 = 897, max_th = 2.181276e+00, time=2024-09-05 04:33:47 
jj1 = 876, max_th = 1.383871e+00, time=2024-09-05 04:33:46 
jj1 = 799, max_th = 1.687073e+00, time=2024-09-05 04:33:55 
jj1 = 884, max_th = 2.418486e+00, time=2024-09-05 04:34:21 
jj1 = 789, max_th = 2.159852e+00, time=2024-09-05 04:35:23 
jj1 = 918, max_th = 1.652646e+00, time=2024-09-05 04:36:09 
jj1 = 851, max_th = 1.959096e+00, time=2024-09-05 04:36:21 
jj1 = 903, max_th = 1.867972e+00, time=2024-09-05 04:37:24 
jj1 = 907, max_th = 2.402841e+00, time=2024-09-05 04:37:43 
jj1 = 896, max_th = 1.328426e+00, time=2024-09-05 04:37:54 
jj1 = 912, max_th = 2.050570e+00, time=2024-09-05 04:38:10 
jj1 = 883, max_th = 1.356823e+00, time=2024-09-05 04:38:18 
jj1 = 839, max_th = 2.468773e+00, time=2024-09-05 04:38:32 
jj1 = 927, max_th = 1.980340e+00, time=2024-09-05 04:39:42 
jj1 = 902, max_th = 1.186324e+00, time=2024-09-05 04:40:08 
jj1 = 917, max_th = 1.381123e+00, time=2024-09-05 04:40:35 
jj1 = 893, max_th = 1.555900e+00, time=2024-09-05 04:40:58 
jj1 = 895, max_th = 2.666882e+00, time=2024-09-05 04:41:14 
jj1 = 923, max_th = 2.729112e+00, time=2024-09-05 04:41:17 
jj1 = 892, max_th = 8.154978e-01, time=2024-09-05 04:42:05 
jj1 = 933, max_th = 2.127671e+00, time=2024-09-05 04:42:31 
jj1 = 850, max_th = 1.695293e+00, time=2024-09-05 04:42:59 
jj1 = 875, max_th = 2.063240e+00, time=2024-09-05 04:43:08 
jj1 = 906, max_th = 2.261908e+00, time=2024-09-05 04:45:04 
jj1 = 905, max_th = -5.552082e-02, time=2024-09-05 04:45:22 
jj1 = 891, max_th = 1.322315e+00, time=2024-09-05 04:46:09 
jj1 = 882, max_th = 2.134959e+00, time=2024-09-05 04:46:28 
jj1 = 911, max_th = 1.868778e+00, time=2024-09-05 04:46:28 
jj1 = 894, max_th = 1.594508e+00, time=2024-09-05 04:46:49 
jj1 = 901, max_th = 2.334603e+00, time=2024-09-05 04:47:06 
jj1 = 922, max_th = 2.415575e+00, time=2024-09-05 04:47:19 
jj1 = 926, max_th = 1.884208e+00, time=2024-09-05 04:47:58 
jj1 = 849, max_th = 1.548883e+00, time=2024-09-05 04:48:02 
jj1 = 921, max_th = 9.780449e-01, time=2024-09-05 04:49:03 
jj1 = 890, max_th = 2.654040e+00, time=2024-09-05 04:49:21 
jj1 = 916, max_th = 2.032847e+00, time=2024-09-05 04:49:22 
jj1 = 925, max_th = 9.190142e-01, time=2024-09-05 04:49:31 
jj1 = 874, max_th = 1.577550e+00, time=2024-09-05 04:50:20 
jj1 = 932, max_th = 1.957642e+00, time=2024-09-05 04:50:27 
jj1 = 910, max_th = 2.588979e+00, time=2024-09-05 04:50:39 
jj1 = 952, max_th = 1.849983e+00, time=2024-09-05 04:50:49 
jj1 = 938, max_th = 1.245465e+00, time=2024-09-05 04:51:16 
jj1 = 881, max_th = 1.663444e+00, time=2024-09-05 04:53:17 
jj1 = 904, max_th = 2.180149e+00, time=2024-09-05 04:53:36 
jj1 = 900, max_th = 2.154123e+00, time=2024-09-05 04:54:24 
jj1 = 924, max_th = 1.700877e+00, time=2024-09-05 04:55:08 
jj1 = 880, max_th = 1.194030e+00, time=2024-09-05 04:56:33 
jj1 = 920, max_th = 2.212934e+00, time=2024-09-05 04:56:41 
jj1 = 889, max_th = 2.005160e+00, time=2024-09-05 04:57:10 
jj1 = 931, max_th = 1.625664e+00, time=2024-09-05 04:57:29 
jj1 = 951, max_th = 1.691869e+00, time=2024-09-05 04:57:35 
jj1 = 915, max_th = 2.165757e+00, time=2024-09-05 04:57:44 
jj1 = 909, max_th = 1.673682e+00, time=2024-09-05 04:57:52 
jj1 = 930, max_th = 9.265688e-01, time=2024-09-05 04:58:53 
jj1 = 879, max_th = 2.778135e+00, time=2024-09-05 04:59:00 
jj1 = 873, max_th = 2.185840e+00, time=2024-09-05 04:59:07 
jj1 = 937, max_th = 1.827465e+00, time=2024-09-05 04:59:39 
jj1 = 950, max_th = 1.295536e+00, time=2024-09-05 05:01:22 
jj1 = 964, max_th = 1.909845e+00, time=2024-09-05 05:01:34 
jj1 = 899, max_th = 1.715188e+00, time=2024-09-05 05:01:53 
jj1 = 980, max_th = 1.424524e+00, time=2024-09-05 05:02:21 
jj1 = 872, max_th = 1.274052e+00, time=2024-09-05 05:03:18 
jj1 = 960, max_th = 1.932818e+00, time=2024-09-05 05:03:34 
jj1 = 919, max_th = 2.324978e+00, time=2024-09-05 05:03:49 
jj1 = 956, max_th = 1.527845e+00, time=2024-09-05 05:03:52 
jj1 = 936, max_th = 1.407490e+00, time=2024-09-05 05:04:02 
jj1 = 914, max_th = 2.378666e+00, time=2024-09-05 05:04:06 
jj1 = 943, max_th = 2.397343e+00, time=2024-09-05 05:04:20 
jj1 = 942, max_th = 8.910235e-01, time=2024-09-05 05:05:43 
jj1 = 871, max_th = 2.774526e+00, time=2024-09-05 05:06:02 
jj1 = 968, max_th = 2.489091e+00, time=2024-09-05 05:07:10 
jj1 = 929, max_th = 1.985760e+00, time=2024-09-05 05:07:11 
jj1 = 959, max_th = 1.397756e+00, time=2024-09-05 05:07:27 
jj1 = 941, max_th = 2.874145e+00, time=2024-09-05 05:07:34 
jj1 = 955, max_th = 1.315695e+00, time=2024-09-05 05:07:59 
jj1 = 963, max_th = 2.309197e+00, time=2024-09-05 05:08:25 
jj1 = 979, max_th = 1.693803e+00, time=2024-09-05 05:08:51 
jj1 = 949, max_th = 1.923304e+00, time=2024-09-05 05:10:07 
jj1 = 935, max_th = 2.388537e+00, time=2024-09-05 05:10:10 
jj1 = 984, max_th = 1.641454e+00, time=2024-09-05 05:10:16 
jj1 = 976, max_th = 2.600933e+00, time=2024-09-05 05:10:27 
jj1 = 972, max_th = 1.724270e+00, time=2024-09-05 05:11:41 
jj1 = 954, max_th = 1.337231e+00, time=2024-09-05 05:11:53 
jj1 = 975, max_th = 1.395607e+00, time=2024-09-05 05:14:44 
jj1 = 967, max_th = 1.836683e+00, time=2024-09-05 05:14:59 
jj1 = 966, max_th = 3.463358e+00, time=2024-09-05 05:15:03 
jj1 = 983, max_th = 2.515644e+00, time=2024-09-05 05:15:16 
jj1 = 958, max_th = 2.167163e+00, time=2024-09-05 05:15:25 
jj1 = 870, max_th = 1.887406e+00, time=2024-09-05 05:15:28 
jj1 = 962, max_th = 2.212761e+00, time=2024-09-05 05:16:07 
jj1 = 940, max_th = 1.925237e+00, time=2024-09-05 05:16:14 
jj1 = 978, max_th = 1.943131e+00, time=2024-09-05 05:16:43 
jj1 = 988, max_th = 1.687307e+00, time=2024-09-05 05:17:04 
jj1 = 974, max_th = 2.785666e+00, time=2024-09-05 05:17:05 
jj1 = 971, max_th = 1.611153e+00, time=2024-09-05 05:18:01 
jj1 = 934, max_th = 2.166449e+00, time=2024-09-05 05:18:14 
jj1 = 953, max_th = 1.658088e+00, time=2024-09-05 05:18:27 
jj1 = 977, max_th = 2.764022e+00, time=2024-09-05 05:19:07 
jj1 = 982, max_th = 2.444680e+00, time=2024-09-05 05:19:55 
jj1 = 869, max_th = 2.538533e+00, time=2024-09-05 05:20:56 
jj1 = 973, max_th = 2.556141e+00, time=2024-09-05 05:21:17 
jj1 = 965, max_th = 1.661340e+00, time=2024-09-05 05:21:54 
jj1 = 970, max_th = 1.323807e+00, time=2024-09-05 05:22:13 
jj1 = 987, max_th = 2.150185e+00, time=2024-09-05 05:22:30 
jj1 = 939, max_th = 2.306698e+00, time=2024-09-05 05:22:46 
jj1 = 999, max_th = 2.533310e+00, time=2024-09-05 05:23:10 
jj1 = 957, max_th = 1.969656e+00, time=2024-09-05 05:23:54 
jj1 = 961, max_th = 2.127357e+00, time=2024-09-05 05:24:36 
jj1 = 998, max_th = 1.661383e+00, time=2024-09-05 05:25:47 
jj1 = 948, max_th = 2.496737e+00, time=2024-09-05 05:26:00 
jj1 = 992, max_th = 1.959407e+00, time=2024-09-05 05:26:13 
jj1 = 986, max_th = 2.570745e+00, time=2024-09-05 05:26:59 
jj1 = 981, max_th = 1.681267e+00, time=2024-09-05 05:27:07 
jj1 = 985, max_th = 9.825157e-01, time=2024-09-05 05:28:44 
jj1 = 969, max_th = 2.211721e+00, time=2024-09-05 05:29:36 
jj1 = 996, max_th = 2.396114e+00, time=2024-09-05 05:30:00 
jj1 = 997, max_th = 2.374684e+00, time=2024-09-05 05:30:15 
jj1 = 1000, max_th = 2.109789e+00, time=2024-09-05 05:30:30 
jj1 = 991, max_th = 2.515500e+00, time=2024-09-05 05:30:54 
jj1 = 995, max_th = 2.701840e+00, time=2024-09-05 05:32:30 
jj1 = 947, max_th = 2.376864e+00, time=2024-09-05 05:32:54 
jj1 = 990, max_th = 1.964950e+00, time=2024-09-05 05:38:39 
jj1 = 994, max_th = 1.857134e+00, time=2024-09-05 05:39:32 
jj1 = 946, max_th = 1.935932e+00, time=2024-09-05 05:41:16 
jj1 = 945, max_th = 3.028806e+00, time=2024-09-05 05:42:14 
jj1 = 944, max_th = 1.219156e+00, time=2024-09-05 05:46:07 
jj1 = 989, max_th = 1.885146e+00, time=2024-09-05 05:46:09 
jj1 = 993, max_th = 1.925674e+00, time=2024-09-05 05:47:22 
>> >> >> >> >> >> >> >> 