MATLAB is selecting SOFTWARE OPENGL rendering.

                            < M A T L A B (R) >
                  Copyright 1984-2021 The MathWorks, Inc.
                  R2021b (9.11.0.1769968) 64-bit (glnxa64)
                             September 17, 2021

 
To get started, type doc.
For product information, visit www.mathworks.com.
 
>> >> >> >> >> >> >> >> >> >> >> >> >> >> >> >> >> >> >> >> >> >> >> >> Starting parallel pool (parpool) using the 'local' profile ...
Connected to the parallel pool (number of workers: 12).
jj1 = 60, max_th = 3.222083e+00, time=2024-09-04 21:31:35 
jj1 = 40, max_th = 3.078036e+00, time=2024-09-04 21:32:56 
jj1 = 10, max_th = 2.682910e+00, time=2024-09-04 21:34:25 
jj1 = 20, max_th = 2.246913e+00, time=2024-09-04 21:34:42 
jj1 = 5, max_th = 1.552241e+00, time=2024-09-04 21:36:05 
jj1 = 25, max_th = 1.555539e+00, time=2024-09-04 21:36:41 
jj1 = 15, max_th = 1.532427e+00, time=2024-09-04 21:37:13 
jj1 = 30, max_th = 2.268158e+00, time=2024-09-04 21:37:18 
jj1 = 24, max_th = 2.911190e+00, time=2024-09-04 21:38:42 
jj1 = 45, max_th = 2.232888e+00, time=2024-09-04 21:38:44 
jj1 = 9, max_th = 1.496935e+00, time=2024-09-04 21:38:57 
jj1 = 35, max_th = 2.155638e+00, time=2024-09-04 21:39:10 
jj1 = 4, max_th = 1.028927e+00, time=2024-09-04 21:39:27 
jj1 = 59, max_th = 1.661873e+00, time=2024-09-04 21:39:42 
jj1 = 50, max_th = 1.983252e+00, time=2024-09-04 21:39:43 
jj1 = 55, max_th = 1.971634e+00, time=2024-09-04 21:39:46 
jj1 = 39, max_th = 2.222976e+00, time=2024-09-04 21:40:13 
jj1 = 34, max_th = 5.884083e-01, time=2024-09-04 21:41:05 
jj1 = 33, max_th = 3.016514e+00, time=2024-09-04 21:42:22 
jj1 = 19, max_th = 1.570054e+00, time=2024-09-04 21:43:34 
jj1 = 38, max_th = 1.159059e+00, time=2024-09-04 21:44:00 
jj1 = 44, max_th = 1.546399e+00, time=2024-09-04 21:44:09 
jj1 = 29, max_th = 1.878287e+00, time=2024-09-04 21:45:55 
jj1 = 8, max_th = 1.819474e+00, time=2024-09-04 21:46:20 
jj1 = 14, max_th = 2.061315e+00, time=2024-09-04 21:47:38 
jj1 = 58, max_th = 1.938868e+00, time=2024-09-04 21:48:18 
jj1 = 37, max_th = 1.342553e+00, time=2024-09-04 21:49:12 
jj1 = 49, max_th = 2.543828e+00, time=2024-09-04 21:49:28 
jj1 = 32, max_th = 2.380076e+00, time=2024-09-04 21:49:45 
jj1 = 54, max_th = 2.347050e+00, time=2024-09-04 21:50:11 
jj1 = 43, max_th = 2.678118e+00, time=2024-09-04 21:50:12 
jj1 = 3, max_th = 1.930825e+00, time=2024-09-04 21:50:22 
jj1 = 23, max_th = 1.394465e+00, time=2024-09-04 21:50:39 
jj1 = 18, max_th = 1.590607e+00, time=2024-09-04 21:51:06 
jj1 = 57, max_th = 1.025793e+00, time=2024-09-04 21:52:16 
jj1 = 13, max_th = 1.950212e+00, time=2024-09-04 21:53:57 
jj1 = 17, max_th = 2.682660e+00, time=2024-09-04 21:54:19 
jj1 = 42, max_th = 1.335402e+00, time=2024-09-04 21:55:19 
jj1 = 28, max_th = 1.975696e+00, time=2024-09-04 21:56:36 
jj1 = 31, max_th = 1.954835e+00, time=2024-09-04 21:56:47 
jj1 = 12, max_th = 2.592059e+00, time=2024-09-04 21:57:50 
jj1 = 48, max_th = 2.114530e+00, time=2024-09-04 21:57:52 
jj1 = 22, max_th = 2.132954e+00, time=2024-09-04 21:57:58 
jj1 = 2, max_th = 1.988001e+00, time=2024-09-04 21:58:37 
jj1 = 56, max_th = 1.627351e+00, time=2024-09-04 21:58:43 
jj1 = 7, max_th = 1.843826e+00, time=2024-09-04 21:59:05 
jj1 = 53, max_th = 1.625586e+00, time=2024-09-04 21:59:38 
jj1 = 36, max_th = 2.211318e+00, time=2024-09-04 22:00:14 
jj1 = 1, max_th = 2.803924e+00, time=2024-09-04 22:00:57 
jj1 = 16, max_th = 1.734765e+00, time=2024-09-04 22:01:09 
jj1 = 99, max_th = 3.346812e+00, time=2024-09-04 22:01:45 
jj1 = 41, max_th = 1.655674e+00, time=2024-09-04 22:02:20 
jj1 = 6, max_th = 1.470496e+00, time=2024-09-04 22:02:43 
jj1 = 21, max_th = 1.999047e+00, time=2024-09-04 22:03:56 
jj1 = 411, max_th = 9.686004e-01, time=2024-09-04 22:04:12 
jj1 = 27, max_th = 1.632516e+00, time=2024-09-04 22:04:17 
jj1 = 52, max_th = 1.307350e+00, time=2024-09-04 22:04:45 
jj1 = 333, max_th = 1.558312e+00, time=2024-09-04 22:05:11 
jj1 = 372, max_th = 1.413933e+00, time=2024-09-04 22:06:28 
jj1 = 528, max_th = 2.104550e+00, time=2024-09-04 22:06:41 
jj1 = 138, max_th = 1.694347e+00, time=2024-09-04 22:06:49 
jj1 = 11, max_th = 2.058961e+00, time=2024-09-04 22:06:55 
jj1 = 51, max_th = 2.831985e+00, time=2024-09-04 22:07:06 
jj1 = 47, max_th = 2.345079e+00, time=2024-09-04 22:07:17 
jj1 = 371, max_th = 3.682635e+00, time=2024-09-04 22:07:40 
jj1 = 216, max_th = 1.765700e+00, time=2024-09-04 22:08:08 
jj1 = 410, max_th = 1.730044e+00, time=2024-09-04 22:09:38 
jj1 = 98, max_th = 2.328732e+00, time=2024-09-04 22:10:05 
jj1 = 177, max_th = 1.387980e+00, time=2024-09-04 22:10:42 
jj1 = 332, max_th = 2.237124e+00, time=2024-09-04 22:11:10 
jj1 = 176, max_th = 1.013370e+00, time=2024-09-04 22:11:12 
jj1 = 370, max_th = 3.646397e+00, time=2024-09-04 22:11:27 
jj1 = 409, max_th = 1.375822e+00, time=2024-09-04 22:12:24 
jj1 = 46, max_th = 1.322643e+00, time=2024-09-04 22:12:25 
jj1 = 26, max_th = 1.765828e+00, time=2024-09-04 22:13:14 
jj1 = 527, max_th = 2.322905e+00, time=2024-09-04 22:14:09 
jj1 = 526, max_th = -6.283394e-02, time=2024-09-04 22:14:21 
jj1 = 215, max_th = 2.210347e+00, time=2024-09-04 22:16:39 
jj1 = 255, max_th = 2.158217e+00, time=2024-09-04 22:17:22 
jj1 = 369, max_th = 1.701991e+00, time=2024-09-04 22:17:28 
jj1 = 331, max_th = 1.362277e+00, time=2024-09-04 22:17:40 
jj1 = 97, max_th = 1.343921e+00, time=2024-09-04 22:18:21 
jj1 = 137, max_th = 1.911916e+00, time=2024-09-04 22:18:58 
jj1 = 175, max_th = 2.091916e+00, time=2024-09-04 22:19:09 
jj1 = 489, max_th = 1.653023e+00, time=2024-09-04 22:19:53 
jj1 = 408, max_th = 2.259017e+00, time=2024-09-04 22:21:28 
jj1 = 450, max_th = 1.602223e+00, time=2024-09-04 22:21:32 
jj1 = 214, max_th = 1.401195e+00, time=2024-09-04 22:21:54 
jj1 = 368, max_th = 1.472232e+00, time=2024-09-04 22:22:16 
jj1 = 294, max_th = 1.810792e+00, time=2024-09-04 22:22:56 
jj1 = 525, max_th = 2.010117e+00, time=2024-09-04 22:23:27 
jj1 = 330, max_th = 1.800124e+00, time=2024-09-04 22:23:56 
jj1 = 407, max_th = 1.387752e+00, time=2024-09-04 22:24:11 
jj1 = 254, max_th = 1.789719e+00, time=2024-09-04 22:24:44 
jj1 = 329, max_th = 8.343255e-01, time=2024-09-04 22:24:49 
jj1 = 96, max_th = 2.050279e+00, time=2024-09-04 22:26:11 
jj1 = 524, max_th = 1.060933e+00, time=2024-09-04 22:26:11 
jj1 = 293, max_th = 1.521926e+00, time=2024-09-04 22:27:33 
jj1 = 174, max_th = 1.945416e+00, time=2024-09-04 22:27:48 
jj1 = 253, max_th = 2.767052e+00, time=2024-09-04 22:28:04 
jj1 = 95, max_th = 1.019167e+00, time=2024-09-04 22:28:48 
jj1 = 488, max_th = 2.037787e+00, time=2024-09-04 22:29:01 
jj1 = 136, max_th = 2.278073e+00, time=2024-09-04 22:29:41 
jj1 = 406, max_th = 1.569498e+00, time=2024-09-04 22:30:00 
jj1 = 449, max_th = 2.111338e+00, time=2024-09-04 22:30:24 
jj1 = 328, max_th = 1.368726e+00, time=2024-09-04 22:30:56 
jj1 = 292, max_th = 1.408964e+00, time=2024-09-04 22:31:44 
jj1 = 252, max_th = 1.575068e+00, time=2024-09-04 22:32:42 
jj1 = 523, max_th = 2.244139e+00, time=2024-09-04 22:32:54 
jj1 = 367, max_th = 2.119080e+00, time=2024-09-04 22:33:36 
jj1 = 213, max_th = 2.124829e+00, time=2024-09-04 22:34:05 
jj1 = 135, max_th = 1.900927e+00, time=2024-09-04 22:35:11 
jj1 = 448, max_th = 1.458416e+00, time=2024-09-04 22:35:37 
jj1 = 173, max_th = 2.190327e+00, time=2024-09-04 22:36:29 
jj1 = 405, max_th = 1.624874e+00, time=2024-09-04 22:37:29 
jj1 = 134, max_th = 2.674811e+00, time=2024-09-04 22:38:09 
jj1 = 94, max_th = 1.876893e+00, time=2024-09-04 22:38:40 
jj1 = 291, max_th = 2.420067e+00, time=2024-09-04 22:38:43 
jj1 = 327, max_th = 1.872663e+00, time=2024-09-04 22:38:46 
jj1 = 487, max_th = 1.663249e+00, time=2024-09-04 22:38:59 
jj1 = 486, max_th = 5.674092e-01, time=2024-09-04 22:41:18 
jj1 = 251, max_th = 2.373043e+00, time=2024-09-04 22:41:21 
jj1 = 366, max_th = 1.905165e+00, time=2024-09-04 22:41:32 
jj1 = 93, max_th = 1.064705e+00, time=2024-09-04 22:41:44 
jj1 = 212, max_th = 1.539710e+00, time=2024-09-04 22:42:40 
jj1 = 133, max_th = 1.633442e+00, time=2024-09-04 22:43:06 
jj1 = 522, max_th = 2.078967e+00, time=2024-09-04 22:43:09 
jj1 = 172, max_th = 2.025440e+00, time=2024-09-04 22:43:47 
jj1 = 326, max_th = 1.899852e+00, time=2024-09-04 22:44:44 
jj1 = 521, max_th = 1.152191e+00, time=2024-09-04 22:45:42 
jj1 = 404, max_th = 1.651950e+00, time=2024-09-04 22:45:58 
jj1 = 447, max_th = 2.462870e+00, time=2024-09-04 22:47:14 
jj1 = 211, max_th = 1.701813e+00, time=2024-09-04 22:48:42 
jj1 = 92, max_th = 1.618794e+00, time=2024-09-04 22:48:54 
jj1 = 365, max_th = 2.365646e+00, time=2024-09-04 22:48:54 
jj1 = 485, max_th = 3.270111e+00, time=2024-09-04 22:49:12 
jj1 = 290, max_th = 1.979085e+00, time=2024-09-04 22:49:14 
jj1 = 325, max_th = 2.467073e+00, time=2024-09-04 22:50:08 
jj1 = 250, max_th = 2.134362e+00, time=2024-09-04 22:50:15 
jj1 = 171, max_th = 1.515514e+00, time=2024-09-04 22:50:30 
jj1 = 403, max_th = 2.557497e+00, time=2024-09-04 22:50:43 
jj1 = 364, max_th = 1.103242e+00, time=2024-09-04 22:51:31 
jj1 = 520, max_th = 2.350433e+00, time=2024-09-04 22:51:32 
jj1 = 91, max_th = 1.086061e+00, time=2024-09-04 22:51:43 
jj1 = 446, max_th = 1.641989e+00, time=2024-09-04 22:52:18 
jj1 = 363, max_th = 7.901383e-01, time=2024-09-04 22:52:25 
jj1 = 249, max_th = 1.258855e+00, time=2024-09-04 22:55:31 
jj1 = 362, max_th = 1.620850e+00, time=2024-09-04 22:56:05 
jj1 = 289, max_th = 2.542851e+00, time=2024-09-04 22:56:12 
jj1 = 484, max_th = 1.802327e+00, time=2024-09-04 22:56:39 
jj1 = 483, max_th = 1.047070e+00, time=2024-09-04 22:56:53 
jj1 = 445, max_th = 2.596443e+00, time=2024-09-04 22:57:04 
jj1 = 324, max_th = 2.157444e+00, time=2024-09-04 22:57:41 
jj1 = 170, max_th = 1.781720e+00, time=2024-09-04 22:59:36 
jj1 = 402, max_th = 2.022970e+00, time=2024-09-04 23:00:26 
jj1 = 519, max_th = 2.071011e+00, time=2024-09-04 23:01:48 
jj1 = 210, max_th = 2.021511e+00, time=2024-09-04 23:02:49 
jj1 = 361, max_th = 1.439414e+00, time=2024-09-04 23:03:15 
jj1 = 90, max_th = 2.231504e+00, time=2024-09-04 23:03:29 
jj1 = 288, max_th = 2.533252e+00, time=2024-09-04 23:03:37 
jj1 = 248, max_th = 2.007685e+00, time=2024-09-04 23:05:04 
jj1 = 132, max_th = 1.216146e+00, time=2024-09-04 23:05:45 
jj1 = 482, max_th = 1.982825e+00, time=2024-09-04 23:05:57 
jj1 = 481, max_th = -3.374147e-02, time=2024-09-04 23:06:03 
jj1 = 401, max_th = 1.658846e+00, time=2024-09-04 23:06:12 
jj1 = 444, max_th = 2.240195e+00, time=2024-09-04 23:06:21 
jj1 = 518, max_th = 3.001260e+00, time=2024-09-04 23:06:22 
jj1 = 169, max_th = 2.262441e+00, time=2024-09-04 23:06:58 
jj1 = 89, max_th = 2.973240e+00, time=2024-09-04 23:07:03 
jj1 = 209, max_th = 2.589873e+00, time=2024-09-04 23:08:18 
jj1 = 323, max_th = 1.761185e+00, time=2024-09-04 23:09:53 
jj1 = 517, max_th = 1.719398e+00, time=2024-09-04 23:11:09 
jj1 = 443, max_th = 2.141086e+00, time=2024-09-04 23:11:17 
jj1 = 400, max_th = 2.636826e+00, time=2024-09-04 23:11:33 
jj1 = 287, max_th = 2.667199e+00, time=2024-09-04 23:11:44 
jj1 = 208, max_th = 2.744311e+00, time=2024-09-04 23:11:52 
jj1 = 480, max_th = 2.124339e+00, time=2024-09-04 23:11:52 
jj1 = 168, max_th = 1.700287e+00, time=2024-09-04 23:12:44 
jj1 = 88, max_th = 2.245767e+00, time=2024-09-04 23:13:12 
jj1 = 516, max_th = 9.759168e-01, time=2024-09-04 23:13:26 
jj1 = 322, max_th = 2.630832e+00, time=2024-09-04 23:13:29 
jj1 = 131, max_th = 1.892227e+00, time=2024-09-04 23:13:48 
jj1 = 360, max_th = 1.923108e+00, time=2024-09-04 23:14:29 
jj1 = 207, max_th = 2.809231e+00, time=2024-09-04 23:15:49 
jj1 = 247, max_th = 1.470639e+00, time=2024-09-04 23:17:02 
jj1 = 399, max_th = 2.279768e+00, time=2024-09-04 23:17:27 
jj1 = 479, max_th = 1.676147e+00, time=2024-09-04 23:18:58 
jj1 = 442, max_th = 2.422443e+00, time=2024-09-04 23:20:15 
jj1 = 321, max_th = 1.983908e+00, time=2024-09-04 23:20:23 
jj1 = 130, max_th = 1.539926e+00, time=2024-09-04 23:20:46 
jj1 = 246, max_th = 2.149934e+00, time=2024-09-04 23:21:07 
jj1 = 87, max_th = 1.609365e+00, time=2024-09-04 23:21:26 
jj1 = 515, max_th = 2.009747e+00, time=2024-09-04 23:22:19 
jj1 = 206, max_th = 2.411952e+00, time=2024-09-04 23:23:22 
jj1 = 167, max_th = 2.016216e+00, time=2024-09-04 23:23:44 
jj1 = 286, max_th = 1.772339e+00, time=2024-09-04 23:23:49 
jj1 = 398, max_th = 1.479788e+00, time=2024-09-04 23:23:52 
jj1 = 359, max_th = 2.217825e+00, time=2024-09-04 23:24:09 
jj1 = 478, max_th = 1.548184e+00, time=2024-09-04 23:24:16 
jj1 = 441, max_th = 2.110578e+00, time=2024-09-04 23:28:06 
jj1 = 86, max_th = 2.603131e+00, time=2024-09-04 23:28:10 
jj1 = 514, max_th = 2.129821e+00, time=2024-09-04 23:28:18 
jj1 = 205, max_th = 1.669007e+00, time=2024-09-04 23:28:34 
jj1 = 320, max_th = 1.921567e+00, time=2024-09-04 23:30:56 
jj1 = 477, max_th = 2.247941e+00, time=2024-09-04 23:31:29 
jj1 = 358, max_th = 1.638355e+00, time=2024-09-04 23:31:46 
jj1 = 397, max_th = 1.988496e+00, time=2024-09-04 23:33:38 
jj1 = 285, max_th = 2.315108e+00, time=2024-09-04 23:33:52 
jj1 = 440, max_th = 2.411850e+00, time=2024-09-04 23:34:55 
jj1 = 513, max_th = 1.782003e+00, time=2024-09-04 23:36:16 
jj1 = 204, max_th = 2.326522e+00, time=2024-09-04 23:36:20 
jj1 = 476, max_th = 9.738600e-01, time=2024-09-04 23:36:49 
jj1 = 166, max_th = 1.823442e+00, time=2024-09-04 23:37:03 
jj1 = 319, max_th = 1.683282e+00, time=2024-09-04 23:37:15 
jj1 = 85, max_th = 2.281180e+00, time=2024-09-04 23:37:22 
jj1 = 357, max_th = 1.870117e+00, time=2024-09-04 23:39:06 
jj1 = 129, max_th = 2.562196e+00, time=2024-09-04 23:40:08 
jj1 = 284, max_th = 2.116381e+00, time=2024-09-04 23:41:50 
jj1 = 203, max_th = 1.752733e+00, time=2024-09-04 23:41:56 
jj1 = 439, max_th = 1.415362e+00, time=2024-09-04 23:42:06 
jj1 = 396, max_th = 2.379643e+00, time=2024-09-04 23:42:36 
jj1 = 165, max_th = 2.433998e+00, time=2024-09-04 23:42:46 
jj1 = 84, max_th = 1.672784e+00, time=2024-09-04 23:43:24 
jj1 = 475, max_th = 1.226264e+00, time=2024-09-04 23:43:24 
jj1 = 512, max_th = 1.949547e+00, time=2024-09-04 23:44:05 
jj1 = 128, max_th = 2.569143e+00, time=2024-09-04 23:44:26 
jj1 = 245, max_th = 3.214559e+00, time=2024-09-04 23:44:39 
jj1 = 318, max_th = 1.681203e+00, time=2024-09-04 23:45:38 
jj1 = 317, max_th = 9.156932e-01, time=2024-09-04 23:47:46 
jj1 = 438, max_th = 1.623214e+00, time=2024-09-04 23:48:44 
jj1 = 202, max_th = 2.375857e+00, time=2024-09-04 23:49:33 
jj1 = 395, max_th = 2.100622e+00, time=2024-09-04 23:50:32 
jj1 = 201, max_th = 9.640686e-01, time=2024-09-04 23:50:36 
jj1 = 164, max_th = 2.657857e+00, time=2024-09-04 23:51:12 
jj1 = 283, max_th = 1.938147e+00, time=2024-09-04 23:51:45 
jj1 = 437, max_th = 2.922609e+00, time=2024-09-04 23:52:00 
jj1 = 200, max_th = 2.800580e+00, time=2024-09-04 23:52:15 
jj1 = 356, max_th = 1.835818e+00, time=2024-09-04 23:52:33 
jj1 = 474, max_th = 2.440726e+00, time=2024-09-04 23:52:59 
jj1 = 511, max_th = 2.179643e+00, time=2024-09-04 23:53:00 
jj1 = 163, max_th = 3.184835e+00, time=2024-09-04 23:53:52 
jj1 = 127, max_th = 1.894798e+00, time=2024-09-04 23:53:54 
jj1 = 83, max_th = 1.768223e+00, time=2024-09-04 23:54:06 
jj1 = 244, max_th = 1.423139e+00, time=2024-09-04 23:54:24 
jj1 = 282, max_th = 2.471250e+00, time=2024-09-04 23:55:58 
jj1 = 82, max_th = 2.932324e+00, time=2024-09-04 23:56:21 
jj1 = 316, max_th = 1.570510e+00, time=2024-09-04 23:56:33 
jj1 = 473, max_th = 1.459430e+00, time=2024-09-04 23:56:52 
jj1 = 199, max_th = 1.698357e+00, time=2024-09-04 23:58:49 
jj1 = 394, max_th = 2.190902e+00, time=2024-09-04 23:59:51 
jj1 = 243, max_th = 1.755671e+00, time=2024-09-05 00:00:03 
jj1 = 510, max_th = 2.047443e+00, time=2024-09-05 00:00:28 
jj1 = 126, max_th = 2.147570e+00, time=2024-09-05 00:02:36 
jj1 = 162, max_th = 2.107537e+00, time=2024-09-05 00:03:16 
jj1 = 472, max_th = 1.495799e+00, time=2024-09-05 00:03:28 
jj1 = 281, max_th = 1.961654e+00, time=2024-09-05 00:03:36 
jj1 = 355, max_th = 1.984749e+00, time=2024-09-05 00:04:37 
jj1 = 315, max_th = 2.085936e+00, time=2024-09-05 00:05:08 
jj1 = 509, max_th = 2.612574e+00, time=2024-09-05 00:05:09 
jj1 = 314, max_th = 3.307282e+00, time=2024-09-05 00:05:12 
jj1 = 242, max_th = 1.737497e+00, time=2024-09-05 00:05:29 
jj1 = 436, max_th = 1.756686e+00, time=2024-09-05 00:06:19 
jj1 = 198, max_th = 1.668252e+00, time=2024-09-05 00:06:37 
jj1 = 393, max_th = 2.285237e+00, time=2024-09-05 00:06:47 
jj1 = 161, max_th = 1.451896e+00, time=2024-09-05 00:07:04 
jj1 = 81, max_th = 2.389178e+00, time=2024-09-05 00:07:07 
jj1 = 280, max_th = 2.709068e+00, time=2024-09-05 00:09:25 
jj1 = 508, max_th = 2.295192e+00, time=2024-09-05 00:10:24 
jj1 = 125, max_th = 2.084060e+00, time=2024-09-05 00:10:52 
jj1 = 435, max_th = 2.747541e+00, time=2024-09-05 00:12:39 
jj1 = 392, max_th = 2.412784e+00, time=2024-09-05 00:13:01 
jj1 = 313, max_th = 1.652880e+00, time=2024-09-05 00:14:08 
jj1 = 471, max_th = 1.793628e+00, time=2024-09-05 00:14:18 
jj1 = 507, max_th = 2.627258e+00, time=2024-09-05 00:14:19 
jj1 = 80, max_th = 1.825050e+00, time=2024-09-05 00:14:29 
jj1 = 160, max_th = 1.792622e+00, time=2024-09-05 00:15:07 
jj1 = 391, max_th = 1.194879e+00, time=2024-09-05 00:16:13 
jj1 = 354, max_th = 1.969091e+00, time=2024-09-05 00:16:39 
jj1 = 197, max_th = 2.181036e+00, time=2024-09-05 00:16:42 
jj1 = 279, max_th = 2.379318e+00, time=2024-09-05 00:17:31 
jj1 = 312, max_th = 2.286239e+00, time=2024-09-05 00:19:02 
jj1 = 124, max_th = 2.173405e+00, time=2024-09-05 00:19:11 
jj1 = 79, max_th = 2.846029e+00, time=2024-09-05 00:19:34 
jj1 = 311, max_th = 7.486876e-01, time=2024-09-05 00:19:44 
jj1 = 434, max_th = 2.192727e+00, time=2024-09-05 00:20:31 
jj1 = 390, max_th = 2.553451e+00, time=2024-09-05 00:21:01 
jj1 = 196, max_th = 7.746640e-01, time=2024-09-05 00:21:04 
jj1 = 470, max_th = 2.103518e+00, time=2024-09-05 00:21:22 
jj1 = 123, max_th = 5.437348e-01, time=2024-09-05 00:21:23 
jj1 = 159, max_th = 1.695641e+00, time=2024-09-05 00:21:57 
jj1 = 506, max_th = 1.782167e+00, time=2024-09-05 00:22:03 
jj1 = 433, max_th = 1.208517e+00, time=2024-09-05 00:22:26 
jj1 = 353, max_th = 2.246129e+00, time=2024-09-05 00:23:57 
jj1 = 278, max_th = 2.727652e+00, time=2024-09-05 00:24:59 
jj1 = 122, max_th = 1.527240e+00, time=2024-09-05 00:25:12 
jj1 = 389, max_th = 1.242104e+00, time=2024-09-05 00:25:53 
jj1 = 78, max_th = 2.414089e+00, time=2024-09-05 00:26:59 
jj1 = 432, max_th = 1.226279e+00, time=2024-09-05 00:27:13 
jj1 = 505, max_th = 1.923960e+00, time=2024-09-05 00:28:18 
jj1 = 158, max_th = 2.169092e+00, time=2024-09-05 00:28:40 
jj1 = 469, max_th = 1.942470e+00, time=2024-09-05 00:29:04 
jj1 = 121, max_th = 1.417008e+00, time=2024-09-05 00:29:05 
jj1 = 431, max_th = 1.134202e+00, time=2024-09-05 00:29:56 
jj1 = 241, max_th = 2.119616e+00, time=2024-09-05 00:30:20 
jj1 = 310, max_th = 1.906835e+00, time=2024-09-05 00:30:36 
jj1 = 388, max_th = 1.425634e+00, time=2024-09-05 00:30:53 
jj1 = 352, max_th = 2.151159e+00, time=2024-09-05 00:31:12 
jj1 = 195, max_th = 1.288757e+00, time=2024-09-05 00:31:52 
jj1 = 77, max_th = 1.321550e+00, time=2024-09-05 00:32:11 
jj1 = 277, max_th = 1.890218e+00, time=2024-09-05 00:33:18 
jj1 = 309, max_th = -1.962458e-01, time=2024-09-05 00:33:30 
jj1 = 430, max_th = 2.132394e+00, time=2024-09-05 00:34:40 
jj1 = 504, max_th = 1.697793e+00, time=2024-09-05 00:34:50 
jj1 = 429, max_th = 2.843228e+00, time=2024-09-05 00:35:29 
jj1 = 387, max_th = 1.529083e+00, time=2024-09-05 00:36:20 
jj1 = 468, max_th = 1.814785e+00, time=2024-09-05 00:36:49 
jj1 = 157, max_th = 2.256775e+00, time=2024-09-05 00:37:13 
jj1 = 194, max_th = 1.479925e+00, time=2024-09-05 00:37:30 
jj1 = 76, max_th = 2.357517e+00, time=2024-09-05 00:37:45 
jj1 = 120, max_th = 1.634401e+00, time=2024-09-05 00:37:52 
jj1 = 240, max_th = 2.219321e+00, time=2024-09-05 00:39:41 
jj1 = 503, max_th = 1.168326e+00, time=2024-09-05 00:40:45 
jj1 = 428, max_th = 1.296192e+00, time=2024-09-05 00:41:04 
jj1 = 351, max_th = 1.923887e+00, time=2024-09-05 00:41:07 
jj1 = 276, max_th = 2.392282e+00, time=2024-09-05 00:41:38 
jj1 = 75, max_th = 1.237987e+00, time=2024-09-05 00:41:49 
jj1 = 386, max_th = 1.795097e+00, time=2024-09-05 00:42:57 
jj1 = 467, max_th = 2.608557e+00, time=2024-09-05 00:43:01 
jj1 = 119, max_th = 1.471340e+00, time=2024-09-05 00:44:28 
jj1 = 156, max_th = 2.071447e+00, time=2024-09-05 00:44:44 
jj1 = 308, max_th = 1.971743e+00, time=2024-09-05 00:46:01 
jj1 = 275, max_th = 1.500416e+00, time=2024-09-05 00:46:09 
jj1 = 239, max_th = 2.459550e+00, time=2024-09-05 00:46:34 
jj1 = 155, max_th = 2.841863e+00, time=2024-09-05 00:47:13 
jj1 = 74, max_th = 1.477844e+00, time=2024-09-05 00:47:51 
jj1 = 427, max_th = 1.592314e+00, time=2024-09-05 00:48:10 
jj1 = 193, max_th = 1.884338e+00, time=2024-09-05 00:48:19 
jj1 = 73, max_th = 7.921803e-01, time=2024-09-05 00:48:39 
jj1 = 350, max_th = 1.832705e+00, time=2024-09-05 00:49:34 
jj1 = 502, max_th = 2.020976e+00, time=2024-09-05 00:49:37 
jj1 = 466, max_th = 1.793253e+00, time=2024-09-05 00:50:20 
jj1 = 501, max_th = 2.822647e+00, time=2024-09-05 00:50:29 
jj1 = 385, max_th = 2.284060e+00, time=2024-09-05 00:51:18 
jj1 = 465, max_th = 2.709691e+00, time=2024-09-05 00:51:42 
jj1 = 307, max_th = 1.468690e+00, time=2024-09-05 00:51:58 
jj1 = 154, max_th = 2.088584e+00, time=2024-09-05 00:54:55 
jj1 = 238, max_th = 2.003906e+00, time=2024-09-05 00:54:59 
jj1 = 426, max_th = 2.326069e+00, time=2024-09-05 00:55:18 
jj1 = 274, max_th = 2.242639e+00, time=2024-09-05 00:55:39 
jj1 = 72, max_th = 1.806457e+00, time=2024-09-05 00:55:44 
jj1 = 192, max_th = 1.906674e+00, time=2024-09-05 00:56:16 
jj1 = 273, max_th = 6.270796e-01, time=2024-09-05 00:56:33 
jj1 = 349, max_th = 2.218221e+00, time=2024-09-05 00:57:30 
jj1 = 191, max_th = 3.330624e+00, time=2024-09-05 00:57:53 
jj1 = 118, max_th = 2.315425e+00, time=2024-09-05 00:58:00 
jj1 = 153, max_th = 2.563346e+00, time=2024-09-05 00:59:00 
jj1 = 464, max_th = 1.669387e+00, time=2024-09-05 00:59:18 
jj1 = 500, max_th = 1.951702e+00, time=2024-09-05 00:59:53 
jj1 = 306, max_th = 2.285997e+00, time=2024-09-05 01:02:18 
jj1 = 425, max_th = 1.328603e+00, time=2024-09-05 01:02:55 
jj1 = 152, max_th = 2.941588e+00, time=2024-09-05 01:03:05 
jj1 = 190, max_th = 2.374425e+00, time=2024-09-05 01:03:42 
jj1 = 117, max_th = 1.705842e+00, time=2024-09-05 01:04:58 
jj1 = 237, max_th = 1.869806e+00, time=2024-09-05 01:05:06 
jj1 = 272, max_th = 1.811493e+00, time=2024-09-05 01:05:59 
jj1 = 348, max_th = 1.801100e+00, time=2024-09-05 01:06:42 
jj1 = 499, max_th = 1.576553e+00, time=2024-09-05 01:07:01 
jj1 = 384, max_th = 1.529410e+00, time=2024-09-05 01:07:05 
jj1 = 463, max_th = 1.814128e+00, time=2024-09-05 01:07:18 
jj1 = 189, max_th = 2.561378e+00, time=2024-09-05 01:07:59 
jj1 = 305, max_th = 1.623121e+00, time=2024-09-05 01:08:13 
jj1 = 151, max_th = 1.271290e+00, time=2024-09-05 01:09:51 
jj1 = 462, max_th = 1.411939e+00, time=2024-09-05 01:11:43 
jj1 = 116, max_th = 1.732069e+00, time=2024-09-05 01:12:36 
jj1 = 271, max_th = 1.392284e+00, time=2024-09-05 01:12:54 
jj1 = 236, max_th = 1.486386e+00, time=2024-09-05 01:13:23 
jj1 = 304, max_th = 2.241063e+00, time=2024-09-05 01:15:47 
jj1 = 270, max_th = 2.663479e+00, time=2024-09-05 01:16:04 
jj1 = 461, max_th = 2.535909e+00, time=2024-09-05 01:16:12 
jj1 = 347, max_th = 2.247865e+00, time=2024-09-05 01:16:40 
jj1 = 383, max_th = 1.875836e+00, time=2024-09-05 01:17:11 
jj1 = 188, max_th = 2.085505e+00, time=2024-09-05 01:17:14 
jj1 = 498, max_th = 1.940977e+00, time=2024-09-05 01:17:25 
jj1 = 235, max_th = 2.798902e+00, time=2024-09-05 01:18:07 
jj1 = 150, max_th = 1.812789e+00, time=2024-09-05 01:18:56 
jj1 = 115, max_th = 1.855873e+00, time=2024-09-05 01:20:20 
jj1 = 149, max_th = 2.542039e+00, time=2024-09-05 01:21:03 
jj1 = 382, max_th = 2.647494e+00, time=2024-09-05 01:21:05 
jj1 = 460, max_th = 1.456543e+00, time=2024-09-05 01:21:42 
jj1 = 346, max_th = 2.459445e+00, time=2024-09-05 01:21:49 
jj1 = 303, max_th = 2.269582e+00, time=2024-09-05 01:23:13 
jj1 = 269, max_th = 1.792826e+00, time=2024-09-05 01:23:31 
jj1 = 148, max_th = 2.657344e+00, time=2024-09-05 01:24:50 
jj1 = 459, max_th = 2.754382e+00, time=2024-09-05 01:26:20 
jj1 = 497, max_th = 1.797032e+00, time=2024-09-05 01:26:54 
jj1 = 381, max_th = 1.560301e+00, time=2024-09-05 01:26:58 
jj1 = 114, max_th = 2.297010e+00, time=2024-09-05 01:27:09 
jj1 = 71, max_th = 2.125491e+00, time=2024-09-05 01:27:50 
jj1 = 147, max_th = 1.350618e+00, time=2024-09-05 01:27:55 
jj1 = 302, max_th = 2.559374e+00, time=2024-09-05 01:28:25 
jj1 = 234, max_th = 2.058420e+00, time=2024-09-05 01:28:43 
jj1 = 268, max_th = 1.752248e+00, time=2024-09-05 01:30:15 
jj1 = 345, max_th = 1.866138e+00, time=2024-09-05 01:30:46 
jj1 = 458, max_th = 2.256146e+00, time=2024-09-05 01:31:18 
jj1 = 457, max_th = 3.866132e+00, time=2024-09-05 01:31:29 
jj1 = 301, max_th = 1.253564e+00, time=2024-09-05 01:31:37 
jj1 = 496, max_th = 1.340264e+00, time=2024-09-05 01:32:32 
jj1 = 187, max_th = 1.742842e+00, time=2024-09-05 01:32:57 
jj1 = 70, max_th = 1.102026e+00, time=2024-09-05 01:33:27 
jj1 = 146, max_th = 2.477003e+00, time=2024-09-05 01:33:41 
jj1 = 267, max_th = 1.700242e+00, time=2024-09-05 01:34:09 
jj1 = 380, max_th = 1.843444e+00, time=2024-09-05 01:35:25 
jj1 = 456, max_th = 1.737532e+00, time=2024-09-05 01:36:26 
jj1 = 233, max_th = 2.191393e+00, time=2024-09-05 01:38:11 
jj1 = 344, max_th = 2.307989e+00, time=2024-09-05 01:38:27 
jj1 = 300, max_th = 2.382363e+00, time=2024-09-05 01:39:03 
jj1 = 495, max_th = 2.376676e+00, time=2024-09-05 01:39:05 
jj1 = 69, max_th = 2.013197e+00, time=2024-09-05 01:39:48 
jj1 = 113, max_th = 1.661829e+00, time=2024-09-05 01:39:55 
jj1 = 379, max_th = 1.949022e+00, time=2024-09-05 01:40:21 
jj1 = 145, max_th = 2.119623e+00, time=2024-09-05 01:42:22 
jj1 = 494, max_th = 2.399727e+00, time=2024-09-05 01:42:57 
jj1 = 266, max_th = 1.738681e+00, time=2024-09-05 01:44:08 
jj1 = 68, max_th = 1.292407e+00, time=2024-09-05 01:44:17 
jj1 = 186, max_th = 1.873382e+00, time=2024-09-05 01:44:50 
jj1 = 299, max_th = 1.370457e+00, time=2024-09-05 01:45:00 
jj1 = 455, max_th = 1.602948e+00, time=2024-09-05 01:45:07 
jj1 = 232, max_th = 1.855277e+00, time=2024-09-05 01:45:21 
jj1 = 144, max_th = 2.290389e+00, time=2024-09-05 01:49:32 
jj1 = 112, max_th = 1.859863e+00, time=2024-09-05 01:49:54 
jj1 = 454, max_th = 2.840508e+00, time=2024-09-05 01:50:04 
jj1 = 493, max_th = 2.110975e+00, time=2024-09-05 01:51:31 
jj1 = 378, max_th = 2.077161e+00, time=2024-09-05 01:51:32 
jj1 = 67, max_th = 1.623908e+00, time=2024-09-05 01:52:05 
jj1 = 111, max_th = 1.296368e+00, time=2024-09-05 01:52:56 
jj1 = 265, max_th = 1.823731e+00, time=2024-09-05 01:53:57 
jj1 = 185, max_th = 2.405844e+00, time=2024-09-05 01:55:45 
jj1 = 231, max_th = 2.144271e+00, time=2024-09-05 01:55:46 
jj1 = 298, max_th = 2.161254e+00, time=2024-09-05 01:55:53 
jj1 = 377, max_th = 1.483078e+00, time=2024-09-05 01:56:10 
jj1 = 264, max_th = 1.544925e+00, time=2024-09-05 01:56:51 
jj1 = 143, max_th = 2.192186e+00, time=2024-09-05 01:56:52 
jj1 = 184, max_th = 2.636263e+00, time=2024-09-05 01:57:50 
jj1 = 453, max_th = 2.530638e+00, time=2024-09-05 01:57:50 
jj1 = 230, max_th = 2.790803e+00, time=2024-09-05 01:58:24 
jj1 = 492, max_th = 2.014762e+00, time=2024-09-05 01:58:36 
jj1 = 343, max_th = 2.309036e+00, time=2024-09-05 01:58:54 
jj1 = 66, max_th = 1.856121e+00, time=2024-09-05 01:59:19 
jj1 = 110, max_th = 1.741347e+00, time=2024-09-05 02:00:14 
jj1 = 297, max_th = 1.707487e+00, time=2024-09-05 02:01:41 
jj1 = 65, max_th = 2.732419e+00, time=2024-09-05 02:02:22 
jj1 = 376, max_th = 2.962326e+00, time=2024-09-05 02:02:59 
jj1 = 183, max_th = 2.350604e+00, time=2024-09-05 02:03:04 
jj1 = 491, max_th = 2.637592e+00, time=2024-09-05 02:03:07 
jj1 = 109, max_th = 2.619928e+00, time=2024-09-05 02:05:33 
jj1 = 452, max_th = 1.802345e+00, time=2024-09-05 02:05:49 
jj1 = 64, max_th = 9.187336e-01, time=2024-09-05 02:06:02 
jj1 = 451, max_th = -9.613158e-02, time=2024-09-05 02:06:04 
jj1 = 229, max_th = 2.004923e+00, time=2024-09-05 02:06:05 
jj1 = 728, max_th = 7.083850e-01, time=2024-09-05 02:07:06 
jj1 = 142, max_th = 1.943932e+00, time=2024-09-05 02:08:18 
jj1 = 263, max_th = 1.690653e+00, time=2024-09-05 02:08:21 
jj1 = 342, max_th = 2.081180e+00, time=2024-09-05 02:09:45 
jj1 = 296, max_th = 2.102048e+00, time=2024-09-05 02:11:45 
jj1 = 228, max_th = 2.152405e+00, time=2024-09-05 02:11:49 
jj1 = 490, max_th = 1.787684e+00, time=2024-09-05 02:12:02 
jj1 = 108, max_th = 2.243853e+00, time=2024-09-05 02:12:36 
jj1 = 182, max_th = 2.714593e+00, time=2024-09-05 02:13:29 
jj1 = 141, max_th = 1.705156e+00, time=2024-09-05 02:13:59 
jj1 = 375, max_th = 1.790657e+00, time=2024-09-05 02:14:29 
jj1 = 107, max_th = 2.704045e+00, time=2024-09-05 02:14:53 
jj1 = 727, max_th = 2.273965e+00, time=2024-09-05 02:15:12 
jj1 = 181, max_th = 1.086678e+00, time=2024-09-05 02:16:37 
jj1 = 341, max_th = 2.223013e+00, time=2024-09-05 02:16:38 
jj1 = 374, max_th = 2.693710e+00, time=2024-09-05 02:16:52 
jj1 = 63, max_th = 1.540598e+00, time=2024-09-05 02:17:29 
jj1 = 106, max_th = 2.818222e+00, time=2024-09-05 02:18:11 
jj1 = 295, max_th = 1.470263e+00, time=2024-09-05 02:18:39 
jj1 = 568, max_th = 1.747383e+00, time=2024-09-05 02:19:24 
jj1 = 262, max_th = 2.153186e+00, time=2024-09-05 02:19:53 
jj1 = 140, max_th = 1.481211e+00, time=2024-09-05 02:19:59 
jj1 = 105, max_th = 3.180214e+00, time=2024-09-05 02:20:06 
jj1 = 139, max_th = 3.286457e+00, time=2024-09-05 02:20:29 
jj1 = 227, max_th = 2.430853e+00, time=2024-09-05 02:21:00 
jj1 = 180, max_th = 1.799228e+00, time=2024-09-05 02:21:32 
jj1 = 726, max_th = 1.956860e+00, time=2024-09-05 02:21:39 
jj1 = 340, max_th = 1.553724e+00, time=2024-09-05 02:21:56 
jj1 = 226, max_th = 1.006524e+00, time=2024-09-05 02:22:18 
jj1 = 261, max_th = 1.191963e+00, time=2024-09-05 02:23:02 
jj1 = 373, max_th = 2.307572e+00, time=2024-09-05 02:23:26 
jj1 = 548, max_th = 1.745523e+00, time=2024-09-05 02:24:34 
jj1 = 104, max_th = 1.332684e+00, time=2024-09-05 02:24:43 
jj1 = 648, max_th = 9.073905e-01, time=2024-09-05 02:24:59 
jj1 = 62, max_th = 1.579595e+00, time=2024-09-05 02:25:07 
jj1 = 61, max_th = 3.337371e+00, time=2024-09-05 02:25:26 
jj1 = 647, max_th = 9.145945e-01, time=2024-09-05 02:25:39 
jj1 = 103, max_th = 3.014069e+00, time=2024-09-05 02:26:12 
jj1 = 708, max_th = 1.695190e+00, time=2024-09-05 02:26:43 
jj1 = 179, max_th = 2.249351e+00, time=2024-09-05 02:27:06 
jj1 = 567, max_th = 1.818114e+00, time=2024-09-05 02:27:32 
jj1 = 339, max_th = 2.593304e+00, time=2024-09-05 02:27:46 
jj1 = 725, max_th = 2.462403e+00, time=2024-09-05 02:28:18 
jj1 = 338, max_th = 3.061645e+00, time=2024-09-05 02:28:30 
jj1 = 225, max_th = 2.602524e+00, time=2024-09-05 02:28:42 
jj1 = 260, max_th = 1.351623e+00, time=2024-09-05 02:28:47 
jj1 = 337, max_th = 3.097122e+00, time=2024-09-05 02:29:31 
jj1 = 424, max_th = 2.315092e+00, time=2024-09-05 02:31:11 
jj1 = 646, max_th = 2.566287e+00, time=2024-09-05 02:31:38 
jj1 = 608, max_th = 1.943364e+00, time=2024-09-05 02:31:57 
jj1 = 707, max_th = 2.455824e+00, time=2024-09-05 02:32:35 
jj1 = 259, max_th = 1.302356e+00, time=2024-09-05 02:32:49 
jj1 = 102, max_th = 2.398556e+00, time=2024-09-05 02:33:17 
jj1 = 724, max_th = 2.444069e+00, time=2024-09-05 02:34:33 
jj1 = 224, max_th = 1.574293e+00, time=2024-09-05 02:35:25 
jj1 = 336, max_th = 2.485779e+00, time=2024-09-05 02:35:55 
jj1 = 335, max_th = 3.207851e+00, time=2024-09-05 02:36:26 
jj1 = 178, max_th = 2.108440e+00, time=2024-09-05 02:36:49 
jj1 = 566, max_th = 1.877130e+00, time=2024-09-05 02:37:43 
jj1 = 547, max_th = 1.792978e+00, time=2024-09-05 02:38:02 
jj1 = 607, max_th = 2.103164e+00, time=2024-09-05 02:38:24 
jj1 = 645, max_th = 1.862200e+00, time=2024-09-05 02:38:52 
jj1 = 423, max_th = 2.292711e+00, time=2024-09-05 02:38:59 
jj1 = 101, max_th = 1.767481e+00, time=2024-09-05 02:39:51 
jj1 = 223, max_th = 2.386026e+00, time=2024-09-05 02:39:58 
jj1 = 606, max_th = 8.432760e-01, time=2024-09-05 02:40:16 
jj1 = 222, max_th = 8.500293e-01, time=2024-09-05 02:40:27 
jj1 = 334, max_th = 1.296206e+00, time=2024-09-05 02:40:39 
jj1 = 258, max_th = 2.297398e+00, time=2024-09-05 02:41:17 
jj1 = 628, max_th = 2.334749e+00, time=2024-09-05 02:42:19 
jj1 = 565, max_th = 1.221749e+00, time=2024-09-05 02:42:20 
jj1 = 706, max_th = 2.125051e+00, time=2024-09-05 02:42:46 
jj1 = 422, max_th = 1.613271e+00, time=2024-09-05 02:45:19 
jj1 = 588, max_th = 1.145242e+00, time=2024-09-05 02:45:22 
jj1 = 723, max_th = 1.930263e+00, time=2024-09-05 02:45:33 
jj1 = 257, max_th = 2.469204e+00, time=2024-09-05 02:45:44 
jj1 = 100, max_th = 2.361943e+00, time=2024-09-05 02:46:13 
jj1 = 644, max_th = 2.370084e+00, time=2024-09-05 02:46:19 
jj1 = 587, max_th = 6.927350e-01, time=2024-09-05 02:46:21 
jj1 = 221, max_th = 1.929854e+00, time=2024-09-05 02:48:23 
jj1 = 705, max_th = 2.486197e+00, time=2024-09-05 02:48:25 
jj1 = 605, max_th = 2.323924e+00, time=2024-09-05 02:48:37 
jj1 = 722, max_th = 1.502315e+00, time=2024-09-05 02:50:17 
jj1 = 627, max_th = 1.742372e+00, time=2024-09-05 02:50:31 
jj1 = 704, max_th = 1.088978e+00, time=2024-09-05 02:51:15 
jj1 = 564, max_th = 1.863793e+00, time=2024-09-05 02:51:16 
jj1 = 668, max_th = 1.447813e+00, time=2024-09-05 02:51:25 
jj1 = 256, max_th = 2.310828e+00, time=2024-09-05 02:51:44 
jj1 = 626, max_th = 2.932550e+00, time=2024-09-05 02:52:03 
jj1 = 546, max_th = 1.462464e+00, time=2024-09-05 02:53:32 
jj1 = 220, max_th = 1.475083e+00, time=2024-09-05 02:53:38 
jj1 = 703, max_th = 1.187078e+00, time=2024-09-05 02:54:07 
jj1 = 604, max_th = 2.394947e+00, time=2024-09-05 02:54:10 
jj1 = 586, max_th = 1.865685e+00, time=2024-09-05 02:55:36 
jj1 = 545, max_th = 1.263641e+00, time=2024-09-05 02:56:30 
jj1 = 721, max_th = 1.842469e+00, time=2024-09-05 02:57:11 
jj1 = 643, max_th = 1.976416e+00, time=2024-09-05 02:57:15 
jj1 = 768, max_th = 2.137586e+00, time=2024-09-05 02:57:49 
jj1 = 544, max_th = 2.698186e+00, time=2024-09-05 02:58:02 
jj1 = 563, max_th = 1.841366e+00, time=2024-09-05 02:59:07 
jj1 = 767, max_th = 1.056082e+00, time=2024-09-05 02:59:48 
jj1 = 562, max_th = -3.044166e-01, time=2024-09-05 02:59:54 
jj1 = 667, max_th = 1.847921e+00, time=2024-09-05 03:00:04 
jj1 = 642, max_th = 1.382188e+00, time=2024-09-05 03:00:41 
jj1 = 603, max_th = 1.908802e+00, time=2024-09-05 03:00:47 
jj1 = 702, max_th = 1.893004e+00, time=2024-09-05 03:01:49 
jj1 = 219, max_th = 2.225129e+00, time=2024-09-05 03:02:34 
jj1 = 585, max_th = 1.840174e+00, time=2024-09-05 03:03:30 
jj1 = 625, max_th = 2.149487e+00, time=2024-09-05 03:04:16 
jj1 = 543, max_th = 2.278848e+00, time=2024-09-05 03:05:19 
jj1 = 602, max_th = 3.170734e+00, time=2024-09-05 03:06:40 
jj1 = 720, max_th = 1.759990e+00, time=2024-09-05 03:07:15 
jj1 = 719, max_th = 3.082413e+00, time=2024-09-05 03:07:50 
jj1 = 641, max_th = 1.665140e+00, time=2024-09-05 03:08:10 
jj1 = 601, max_th = 9.448200e-01, time=2024-09-05 03:09:08 
jj1 = 421, max_th = 2.071654e+00, time=2024-09-05 03:09:51 
jj1 = 701, max_th = 1.931222e+00, time=2024-09-05 03:10:21 
jj1 = 640, max_th = 2.599424e+00, time=2024-09-05 03:10:44 
jj1 = 584, max_th = 1.927037e+00, time=2024-09-05 03:10:53 
jj1 = 766, max_th = 2.028035e+00, time=2024-09-05 03:11:02 
jj1 = 218, max_th = 1.998213e+00, time=2024-09-05 03:11:31 
jj1 = 624, max_th = 1.265048e+00, time=2024-09-05 03:11:35 
jj1 = 623, max_th = 4.384077e-01, time=2024-09-05 03:12:02 
jj1 = 666, max_th = 1.730528e+00, time=2024-09-05 03:12:13 
jj1 = 639, max_th = 8.380871e-01, time=2024-09-05 03:13:19 
jj1 = 542, max_th = 1.912080e+00, time=2024-09-05 03:13:29 
jj1 = 638, max_th = 8.741270e-01, time=2024-09-05 03:14:16 
jj1 = 420, max_th = 2.423539e+00, time=2024-09-05 03:14:33 
jj1 = 718, max_th = 1.819914e+00, time=2024-09-05 03:14:51 
jj1 = 717, max_th = -1.014282e-01, time=2024-09-05 03:14:57 
jj1 = 716, max_th = -7.544286e-01, time=2024-09-05 03:15:08 
jj1 = 665, max_th = 2.668198e+00, time=2024-09-05 03:15:22 
jj1 = 600, max_th = 2.262397e+00, time=2024-09-05 03:15:44 
jj1 = 561, max_th = 1.927058e+00, time=2024-09-05 03:16:04 
jj1 = 622, max_th = 2.103445e+00, time=2024-09-05 03:18:20 
jj1 = 637, max_th = 2.680047e+00, time=2024-09-05 03:18:44 
jj1 = 583, max_th = 1.806253e+00, time=2024-09-05 03:18:51 
jj1 = 700, max_th = 2.121291e+00, time=2024-09-05 03:18:59 
jj1 = 636, max_th = 4.598677e-01, time=2024-09-05 03:19:46 
jj1 = 765, max_th = 1.704225e+00, time=2024-09-05 03:19:53 
jj1 = 715, max_th = 2.527667e+00, time=2024-09-05 03:21:04 
jj1 = 699, max_th = 2.658202e+00, time=2024-09-05 03:21:20 
jj1 = 541, max_th = 2.306079e+00, time=2024-09-05 03:21:55 
jj1 = 599, max_th = 2.151997e+00, time=2024-09-05 03:23:09 
jj1 = 217, max_th = 1.320463e+00, time=2024-09-05 03:23:36 
jj1 = 540, max_th = 5.457888e-01, time=2024-09-05 03:24:20 
jj1 = 560, max_th = 1.877508e+00, time=2024-09-05 03:24:31 
jj1 = 664, max_th = 2.268039e+00, time=2024-09-05 03:25:15 
jj1 = 582, max_th = 1.440089e+00, time=2024-09-05 03:25:16 
jj1 = 698, max_th = 1.428076e+00, time=2024-09-05 03:25:39 
jj1 = 559, max_th = 7.687184e-01, time=2024-09-05 03:25:45 
jj1 = 688, max_th = 8.837799e-01, time=2024-09-05 03:25:48 
jj1 = 635, max_th = 2.072792e+00, time=2024-09-05 03:27:12 
jj1 = 764, max_th = 2.372763e+00, time=2024-09-05 03:27:13 
jj1 = 621, max_th = 1.980742e+00, time=2024-09-05 03:27:17 
jj1 = 714, max_th = 1.609029e+00, time=2024-09-05 03:27:40 
jj1 = 697, max_th = 3.606049e-01, time=2024-09-05 03:27:52 
jj1 = 634, max_th = 2.979363e+00, time=2024-09-05 03:28:56 
jj1 = 598, max_th = 1.831421e+00, time=2024-09-05 03:30:48 
jj1 = 539, max_th = 2.169166e+00, time=2024-09-05 03:32:05 
jj1 = 663, max_th = 1.518009e+00, time=2024-09-05 03:32:34 
jj1 = 558, max_th = 2.070314e+00, time=2024-09-05 03:33:00 
jj1 = 581, max_th = 2.204782e+00, time=2024-09-05 03:33:26 
jj1 = 419, max_th = 2.118623e+00, time=2024-09-05 03:34:00 
jj1 = 687, max_th = 1.684147e+00, time=2024-09-05 03:34:19 
jj1 = 686, max_th = 6.014176e-01, time=2024-09-05 03:34:52 
jj1 = 696, max_th = 1.550580e+00, time=2024-09-05 03:36:28 
jj1 = 713, max_th = 1.669720e+00, time=2024-09-05 03:37:09 
jj1 = 763, max_th = 2.318013e+00, time=2024-09-05 03:37:28 
jj1 = 620, max_th = 1.771680e+00, time=2024-09-05 03:38:00 
jj1 = 418, max_th = 3.608583e+00, time=2024-09-05 03:38:06 
jj1 = 538, max_th = 2.629930e+00, time=2024-09-05 03:38:49 
jj1 = 662, max_th = 2.251789e+00, time=2024-09-05 03:38:53 
jj1 = 633, max_th = 2.420026e+00, time=2024-09-05 03:39:43 
jj1 = 685, max_th = 2.399619e+00, time=2024-09-05 03:40:14 
jj1 = 537, max_th = 1.113148e+00, time=2024-09-05 03:41:59 
jj1 = 580, max_th = 1.993953e+00, time=2024-09-05 03:42:09 
jj1 = 597, max_th = 1.844616e+00, time=2024-09-05 03:42:16 
jj1 = 596, max_th = 4.706721e+00, time=2024-09-05 03:42:21 
jj1 = 712, max_th = 1.047914e+00, time=2024-09-05 03:44:21 
jj1 = 695, max_th = 1.572538e+00, time=2024-09-05 03:44:29 
jj1 = 711, max_th = 3.144293e+00, time=2024-09-05 03:45:17 
jj1 = 632, max_th = 1.850436e+00, time=2024-09-05 03:45:53 
jj1 = 417, max_th = 1.472812e+00, time=2024-09-05 03:46:14 
jj1 = 762, max_th = 1.797527e+00, time=2024-09-05 03:46:33 
jj1 = 684, max_th = 2.796960e+00, time=2024-09-05 03:46:47 
jj1 = 557, max_th = 2.245092e+00, time=2024-09-05 03:48:00 
jj1 = 579, max_th = -2.992645e-02, time=2024-09-05 03:49:04 
jj1 = 661, max_th = 1.993297e+00, time=2024-09-05 03:49:33 
jj1 = 536, max_th = 1.921237e+00, time=2024-09-05 03:49:59 
jj1 = 595, max_th = 2.217360e+00, time=2024-09-05 03:50:45 
jj1 = 556, max_th = 2.755604e+00, time=2024-09-05 03:51:25 
jj1 = 710, max_th = 1.408416e+00, time=2024-09-05 03:51:40 
jj1 = 631, max_th = 2.003700e+00, time=2024-09-05 03:51:48 
jj1 = 619, max_th = 2.393742e+00, time=2024-09-05 03:52:35 
jj1 = 694, max_th = 1.693549e+00, time=2024-09-05 03:52:46 
jj1 = 761, max_th = 1.589383e+00, time=2024-09-05 03:53:45 
jj1 = 555, max_th = 1.825672e+00, time=2024-09-05 03:58:12 
jj1 = 535, max_th = 1.429386e+00, time=2024-09-05 03:58:16 
jj1 = 594, max_th = 1.801714e+00, time=2024-09-05 03:58:19 
jj1 = 683, max_th = 1.933726e+00, time=2024-09-05 03:58:18 
jj1 = 760, max_th = 2.629738e+00, time=2024-09-05 03:58:22 
jj1 = 416, max_th = 2.247833e+00, time=2024-09-05 03:59:16 
jj1 = 660, max_th = 2.173492e+00, time=2024-09-05 03:59:40 
jj1 = 618, max_th = 1.792610e+00, time=2024-09-05 04:00:03 
jj1 = 578, max_th = 2.219515e+00, time=2024-09-05 04:00:13 
jj1 = 693, max_th = 1.505899e+00, time=2024-09-05 04:01:09 
jj1 = 709, max_th = 2.167412e+00, time=2024-09-05 04:02:13 
jj1 = 415, max_th = 1.059126e+00, time=2024-09-05 04:02:32 
jj1 = 759, max_th = 2.750842e+00, time=2024-09-05 04:02:38 
jj1 = 593, max_th = 1.499540e+00, time=2024-09-05 04:02:43 
jj1 = 630, max_th = 1.766104e+00, time=2024-09-05 04:02:51 
jj1 = 554, max_th = 2.333430e+00, time=2024-09-05 04:03:01 
jj1 = 534, max_th = 2.353930e+00, time=2024-09-05 04:03:44 
jj1 = 682, max_th = 1.396898e+00, time=2024-09-05 04:03:52 
jj1 = 778, max_th = 1.133003e+00, time=2024-09-05 04:04:56 
jj1 = 617, max_th = 1.341077e+00, time=2024-09-05 04:06:11 
jj1 = 659, max_th = 1.685017e+00, time=2024-09-05 04:06:21 
jj1 = 577, max_th = 1.943519e+00, time=2024-09-05 04:07:49 
jj1 = 553, max_th = 1.686731e+00, time=2024-09-05 04:07:49 
jj1 = 758, max_th = 1.372157e+00, time=2024-09-05 04:07:59 
jj1 = 629, max_th = 1.360786e+00, time=2024-09-05 04:08:35 
jj1 = 777, max_th = 2.613132e+00, time=2024-09-05 04:08:40 
jj1 = 533, max_th = 2.191822e+00, time=2024-09-05 04:09:23 
jj1 = 692, max_th = 2.285177e+00, time=2024-09-05 04:09:53 
jj1 = 414, max_th = 1.745272e+00, time=2024-09-05 04:10:03 
jj1 = 757, max_th = 1.047640e+00, time=2024-09-05 04:11:07 
jj1 = 616, max_th = 1.261973e+00, time=2024-09-05 04:11:25 
jj1 = 532, max_th = 2.750462e+00, time=2024-09-05 04:11:58 
jj1 = 681, max_th = 1.733992e+00, time=2024-09-05 04:12:34 
jj1 = 615, max_th = 1.257622e+00, time=2024-09-05 04:13:06 
jj1 = 592, max_th = 1.964489e+00, time=2024-09-05 04:13:17 
jj1 = 552, max_th = 1.131695e+00, time=2024-09-05 04:13:59 
jj1 = 776, max_th = 1.509462e+00, time=2024-09-05 04:14:45 
jj1 = 658, max_th = 1.405933e+00, time=2024-09-05 04:15:11 
jj1 = 576, max_th = 1.760028e+00, time=2024-09-05 04:15:11 
jj1 = 591, max_th = 2.847789e+00, time=2024-09-05 04:16:01 
jj1 = 590, max_th = 3.861819e+00, time=2024-09-05 04:16:35 
jj1 = 818, max_th = 1.968062e+00, time=2024-09-05 04:16:35 
jj1 = 614, max_th = 1.238291e+00, time=2024-09-05 04:17:03 
jj1 = 680, max_th = 1.692560e+00, time=2024-09-05 04:17:17 
jj1 = 817, max_th = 6.331226e-01, time=2024-09-05 04:18:00 
jj1 = 691, max_th = 1.747198e+00, time=2024-09-05 04:18:11 
jj1 = 589, max_th = 1.014910e+00, time=2024-09-05 04:18:29 
jj1 = 816, max_th = 2.959597e+00, time=2024-09-05 04:18:49 
jj1 = 657, max_th = 2.514219e+00, time=2024-09-05 04:18:56 
jj1 = 413, max_th = 2.039649e+00, time=2024-09-05 04:19:08 
jj1 = 575, max_th = 1.452092e+00, time=2024-09-05 04:19:23 
jj1 = 756, max_th = 2.133911e+00, time=2024-09-05 04:20:21 
jj1 = 531, max_th = 1.882925e+00, time=2024-09-05 04:21:35 
jj1 = 679, max_th = 1.416889e+00, time=2024-09-05 04:22:10 
jj1 = 551, max_th = 2.116536e+00, time=2024-09-05 04:22:21 
jj1 = 775, max_th = 1.947701e+00, time=2024-09-05 04:22:59 
jj1 = 574, max_th = 1.333200e+00, time=2024-09-05 04:23:51 
jj1 = 828, max_th = 1.697644e+00, time=2024-09-05 04:23:52 
jj1 = 815, max_th = 1.659355e+00, time=2024-09-05 04:24:38 
jj1 = 656, max_th = 2.119092e+00, time=2024-09-05 04:24:42 
jj1 = 690, max_th = 1.492416e+00, time=2024-09-05 04:24:41 
jj1 = 613, max_th = 2.275748e+00, time=2024-09-05 04:25:06 
jj1 = 412, max_th = 2.191082e+00, time=2024-09-05 04:26:03 
jj1 = 814, max_th = 2.421865e+00, time=2024-09-05 04:26:45 
jj1 = 550, max_th = 1.677095e+00, time=2024-09-05 04:27:05 
jj1 = 655, max_th = 1.107269e+00, time=2024-09-05 04:27:38 
jj1 = 678, max_th = 1.303851e+00, time=2024-09-05 04:29:01 
jj1 = 755, max_th = 1.914466e+00, time=2024-09-05 04:30:06 
jj1 = 748, max_th = 1.660760e+00, time=2024-09-05 04:31:14 
jj1 = 827, max_th = 2.367030e+00, time=2024-09-05 04:31:34 
jj1 = 654, max_th = 1.367210e+00, time=2024-09-05 04:32:02 
jj1 = 573, max_th = 2.182619e+00, time=2024-09-05 04:32:05 
jj1 = 549, max_th = 1.700277e+00, time=2024-09-05 04:32:25 
jj1 = 774, max_th = 2.094191e+00, time=2024-09-05 04:32:44 
jj1 = 689, max_th = 2.450873e+00, time=2024-09-05 04:32:50 
jj1 = 826, max_th = 2.449179e+00, time=2024-09-05 04:35:02 
jj1 = 813, max_th = 2.105335e+00, time=2024-09-05 04:35:10 
jj1 = 677, max_th = 1.618949e+00, time=2024-09-05 04:36:34 
jj1 = 808, max_th = 1.235757e+00, time=2024-09-05 04:36:45 
jj1 = 825, max_th = 1.044338e+00, time=2024-09-05 04:37:06 
jj1 = 612, max_th = 2.115385e+00, time=2024-09-05 04:37:43 
jj1 = 824, max_th = 2.518128e+00, time=2024-09-05 04:39:29 
jj1 = 754, max_th = 1.604340e+00, time=2024-09-05 04:39:29 
jj1 = 572, max_th = 2.233573e+00, time=2024-09-05 04:39:48 
jj1 = 676, max_th = 2.542024e+00, time=2024-09-05 04:40:34 
jj1 = 530, max_th = 2.074915e+00, time=2024-09-05 04:40:44 
jj1 = 653, max_th = 2.179901e+00, time=2024-09-05 04:40:53 
jj1 = 812, max_th = 2.337549e+00, time=2024-09-05 04:41:08 
jj1 = 807, max_th = 2.687597e+00, time=2024-09-05 04:41:15 
jj1 = 747, max_th = 2.239478e+00, time=2024-09-05 04:41:31 
jj1 = 788, max_th = 2.081886e+00, time=2024-09-05 04:42:01 
jj1 = 811, max_th = 9.578768e-01, time=2024-09-05 04:42:39 
jj1 = 675, max_th = 2.827921e+00, time=2024-09-05 04:42:55 
jj1 = 823, max_th = 2.603311e+00, time=2024-09-05 04:43:51 
jj1 = 773, max_th = 1.980670e+00, time=2024-09-05 04:43:52 
jj1 = 787, max_th = 2.910758e+00, time=2024-09-05 04:44:14 
jj1 = 753, max_th = 2.471996e+00, time=2024-09-05 04:45:09 
jj1 = 806, max_th = 1.494765e+00, time=2024-09-05 04:45:47 
jj1 = 674, max_th = 1.193924e+00, time=2024-09-05 04:46:04 
jj1 = 752, max_th = 7.616109e-01, time=2024-09-05 04:46:21 
jj1 = 805, max_th = 1.059316e+00, time=2024-09-05 04:46:51 
jj1 = 529, max_th = 2.138663e+00, time=2024-09-05 04:47:12 
jj1 = 798, max_th = 8.078436e-01, time=2024-09-05 04:47:42 
jj1 = 571, max_th = 1.522210e+00, time=2024-09-05 04:48:15 
jj1 = 822, max_th = 2.554471e+00, time=2024-09-05 04:48:18 
jj1 = 570, max_th = 2.877449e+00, time=2024-09-05 04:48:40 
jj1 = 772, max_th = 2.413575e+00, time=2024-09-05 04:49:14 
jj1 = 673, max_th = 2.716872e+00, time=2024-09-05 04:49:20 
jj1 = 797, max_th = 1.060867e+00, time=2024-09-05 04:49:22 
jj1 = 746, max_th = 1.733389e+00, time=2024-09-05 04:49:55 
jj1 = 786, max_th = 1.278708e+00, time=2024-09-05 04:50:04 
jj1 = 785, max_th = 3.543061e+00, time=2024-09-05 04:50:08 
jj1 = 611, max_th = 1.630535e+00, time=2024-09-05 04:50:28 
jj1 = 652, max_th = 1.858030e+00, time=2024-09-05 04:50:28 
jj1 = 771, max_th = 3.250419e+00, time=2024-09-05 04:50:30 
jj1 = 784, max_th = 3.119394e+00, time=2024-09-05 04:50:31 
jj1 = 569, max_th = 1.332180e+00, time=2024-09-05 04:51:22 
jj1 = 810, max_th = 1.771970e+00, time=2024-09-05 04:52:06 
jj1 = 821, max_th = 1.408633e+00, time=2024-09-05 04:52:12 
jj1 = 751, max_th = 2.285843e+00, time=2024-09-05 04:53:51 
jj1 = 848, max_th = 2.670272e+00, time=2024-09-05 04:54:06 
jj1 = 745, max_th = 2.805925e+00, time=2024-09-05 04:54:45 
jj1 = 796, max_th = 2.503344e+00, time=2024-09-05 04:55:19 
jj1 = 804, max_th = 2.051814e+00, time=2024-09-05 04:55:25 
jj1 = 847, max_th = 8.750710e-01, time=2024-09-05 04:55:58 
jj1 = 672, max_th = 2.591527e+00, time=2024-09-05 04:57:47 
jj1 = 809, max_th = 1.645523e+00, time=2024-09-05 04:58:09 
jj1 = 783, max_th = 2.087179e+00, time=2024-09-05 04:59:20 
jj1 = 651, max_th = 1.874384e+00, time=2024-09-05 04:59:39 
jj1 = 795, max_th = 2.299670e+00, time=2024-09-05 05:00:49 
jj1 = 770, max_th = 1.784606e+00, time=2024-09-05 05:00:58 
jj1 = 610, max_th = 2.015105e+00, time=2024-09-05 05:01:23 
jj1 = 671, max_th = 1.207766e+00, time=2024-09-05 05:01:35 
jj1 = 820, max_th = 2.226563e+00, time=2024-09-05 05:01:44 
jj1 = 744, max_th = 1.522138e+00, time=2024-09-05 05:02:03 
jj1 = 782, max_th = 2.659733e+00, time=2024-09-05 05:02:33 
jj1 = 794, max_th = 8.263839e-01, time=2024-09-05 05:03:39 
jj1 = 609, max_th = 2.659734e+00, time=2024-09-05 05:04:16 
jj1 = 803, max_th = 2.112947e+00, time=2024-09-05 05:05:07 
jj1 = 743, max_th = 1.406113e+00, time=2024-09-05 05:06:56 
jj1 = 750, max_th = 1.669462e+00, time=2024-09-05 05:07:25 
jj1 = 846, max_th = 2.850436e+00, time=2024-09-05 05:07:38 
jj1 = 893, max_th = 2.031961e+00, time=2024-09-05 05:08:00 
jj1 = 650, max_th = 2.388909e+00, time=2024-09-05 05:08:24 
jj1 = 769, max_th = 1.582643e+00, time=2024-09-05 05:08:53 
jj1 = 819, max_th = 2.192793e+00, time=2024-09-05 05:10:02 
jj1 = 892, max_th = 2.543571e+00, time=2024-09-05 05:10:18 
jj1 = 891, max_th = -3.328705e-01, time=2024-09-05 05:10:32 
jj1 = 649, max_th = 2.661118e+00, time=2024-09-05 05:10:34 
jj1 = 670, max_th = 2.218242e+00, time=2024-09-05 05:12:37 
jj1 = 742, max_th = 1.649397e+00, time=2024-09-05 05:12:37 
jj1 = 781, max_th = 3.017033e+00, time=2024-09-05 05:12:38 
jj1 = 838, max_th = 1.843014e+00, time=2024-09-05 05:13:00 
jj1 = 802, max_th = 1.691027e+00, time=2024-09-05 05:13:17 
jj1 = 845, max_th = 1.533900e+00, time=2024-09-05 05:14:00 
jj1 = 749, max_th = 2.328674e+00, time=2024-09-05 05:15:18 
jj1 = 858, max_th = 1.442694e+00, time=2024-09-05 05:16:11 
jj1 = 888, max_th = 1.950759e+00, time=2024-09-05 05:17:00 
jj1 = 741, max_th = 1.287772e+00, time=2024-09-05 05:17:13 
jj1 = 857, max_th = 2.856886e+00, time=2024-09-05 05:17:51 
jj1 = 837, max_th = 1.287492e+00, time=2024-09-05 05:17:55 
jj1 = 887, max_th = 5.744980e-01, time=2024-09-05 05:18:18 
jj1 = 890, max_th = 2.375596e+00, time=2024-09-05 05:18:33 
jj1 = 898, max_th = 1.641466e+00, time=2024-09-05 05:18:39 
jj1 = 801, max_th = 2.347414e+00, time=2024-09-05 05:19:21 
jj1 = 844, max_th = 1.561188e+00, time=2024-09-05 05:19:28 
jj1 = 843, max_th = 3.075839e-01, time=2024-09-05 05:19:59 
jj1 = 836, max_th = 2.655689e+00, time=2024-09-05 05:20:49 
jj1 = 868, max_th = 1.286788e+00, time=2024-09-05 05:21:18 
jj1 = 856, max_th = 1.554593e+00, time=2024-09-05 05:22:07 
jj1 = 867, max_th = 1.050803e+00, time=2024-09-05 05:22:08 
jj1 = 793, max_th = 2.299105e+00, time=2024-09-05 05:22:17 
jj1 = 669, max_th = 2.240941e+00, time=2024-09-05 05:22:20 
jj1 = 740, max_th = 2.448451e+00, time=2024-09-05 05:22:49 
jj1 = 897, max_th = 1.401667e+00, time=2024-09-05 05:23:36 
jj1 = 886, max_th = 2.041221e+00, time=2024-09-05 05:23:55 
jj1 = 780, max_th = -6.691807e-02, time=2024-09-05 05:25:21 
jj1 = 739, max_th = 2.683767e+00, time=2024-09-05 05:26:12 
jj1 = 792, max_th = 1.178774e+00, time=2024-09-05 05:27:10 
jj1 = 800, max_th = 1.686350e+00, time=2024-09-05 05:27:44 
jj1 = 842, max_th = 2.103844e+00, time=2024-09-05 05:27:46 
jj1 = 878, max_th = 2.217003e+00, time=2024-09-05 05:28:02 
jj1 = 866, max_th = 2.631438e+00, time=2024-09-05 05:28:16 
jj1 = 855, max_th = 2.101553e+00, time=2024-09-05 05:28:38 
jj1 = 835, max_th = 2.202816e+00, time=2024-09-05 05:28:38 
jj1 = 779, max_th = 1.592221e+00, time=2024-09-05 05:31:27 
jj1 = 885, max_th = 2.117956e+00, time=2024-09-05 05:31:51 
jj1 = 738, max_th = 1.656929e+00, time=2024-09-05 05:32:28 
jj1 = 865, max_th = 2.199899e+00, time=2024-09-05 05:32:43 
jj1 = 854, max_th = 2.318902e+00, time=2024-09-05 05:33:48 
jj1 = 834, max_th = 1.692915e+00, time=2024-09-05 05:34:32 
jj1 = 896, max_th = 1.769113e+00, time=2024-09-05 05:34:40 
jj1 = 799, max_th = 1.992372e+00, time=2024-09-05 05:35:03 
jj1 = 908, max_th = 2.658946e+00, time=2024-09-05 05:35:06 
jj1 = 737, max_th = 2.407419e+00, time=2024-09-05 05:36:30 
jj1 = 833, max_th = 3.079337e+00, time=2024-09-05 05:36:34 
jj1 = 841, max_th = 2.477052e+00, time=2024-09-05 05:36:35 
jj1 = 877, max_th = 1.733183e+00, time=2024-09-05 05:37:40 
jj1 = 853, max_th = 2.350033e+00, time=2024-09-05 05:37:46 
jj1 = 884, max_th = 2.512023e+00, time=2024-09-05 05:37:46 
jj1 = 864, max_th = 2.447634e+00, time=2024-09-05 05:37:56 
jj1 = 907, max_th = 1.245071e+00, time=2024-09-05 05:38:02 
jj1 = 889, max_th = 2.224861e+00, time=2024-09-05 05:38:05 
jj1 = 852, max_th = -3.039645e-01, time=2024-09-05 05:38:31 
jj1 = 906, max_th = 7.380244e-01, time=2024-09-05 05:39:00 
jj1 = 851, max_th = 3.103923e+00, time=2024-09-05 05:39:42 
jj1 = 832, max_th = 1.557158e+00, time=2024-09-05 05:42:30 
jj1 = 840, max_th = 1.560019e+00, time=2024-09-05 05:42:32 
jj1 = 736, max_th = 2.491489e+00, time=2024-09-05 05:42:37 
jj1 = 928, max_th = 2.456444e+00, time=2024-09-05 05:42:47 
jj1 = 791, max_th = 2.043021e+00, time=2024-09-05 05:43:21 
jj1 = 839, max_th = 1.077685e+00, time=2024-09-05 05:43:43 
jj1 = 913, max_th = 1.767337e+00, time=2024-09-05 05:43:52 
jj1 = 895, max_th = 1.718095e+00, time=2024-09-05 05:44:35 
jj1 = 912, max_th = 4.129021e+00, time=2024-09-05 05:45:25 
jj1 = 863, max_th = 1.905117e+00, time=2024-09-05 05:45:32 
jj1 = 850, max_th = 1.605889e+00, time=2024-09-05 05:45:45 
jj1 = 927, max_th = 1.033940e+00, time=2024-09-05 05:46:07 
jj1 = 831, max_th = 1.802489e+00, time=2024-09-05 05:46:32 
jj1 = 876, max_th = 1.921005e+00, time=2024-09-05 05:46:47 
jj1 = 883, max_th = 1.840038e+00, time=2024-09-05 05:48:42 
jj1 = 926, max_th = 2.803477e+00, time=2024-09-05 05:48:45 
jj1 = 894, max_th = 2.454364e+00, time=2024-09-05 05:49:11 
jj1 = 905, max_th = 2.043212e+00, time=2024-09-05 05:49:22 
jj1 = 735, max_th = 1.947807e+00, time=2024-09-05 05:49:50 
jj1 = 923, max_th = 1.568022e+00, time=2024-09-05 05:49:56 
jj1 = 862, max_th = 2.280820e+00, time=2024-09-05 05:49:57 
jj1 = 790, max_th = 2.245452e+00, time=2024-09-05 05:50:33 
jj1 = 925, max_th = 1.281123e+00, time=2024-09-05 05:50:43 
jj1 = 849, max_th = 2.098639e+00, time=2024-09-05 05:50:56 
jj1 = 830, max_th = 1.439158e+00, time=2024-09-05 05:51:41 
jj1 = 911, max_th = 1.564534e+00, time=2024-09-05 05:51:57 
jj1 = 904, max_th = 2.704076e+00, time=2024-09-05 05:52:34 
jj1 = 829, max_th = 1.157741e+00, time=2024-09-05 05:53:13 
jj1 = 948, max_th = 2.579416e+00, time=2024-09-05 05:53:20 
jj1 = 882, max_th = 2.497286e+00, time=2024-09-05 05:53:20 
jj1 = 875, max_th = 2.241795e+00, time=2024-09-05 05:53:57 
jj1 = 922, max_th = 1.631845e+00, time=2024-09-05 05:54:02 
jj1 = 921, max_th = 7.245116e-01, time=2024-09-05 05:54:12 
jj1 = 734, max_th = 2.202767e+00, time=2024-09-05 05:55:57 
jj1 = 943, max_th = 2.143163e+00, time=2024-09-05 05:56:25 
jj1 = 910, max_th = 2.484815e+00, time=2024-09-05 05:56:33 
jj1 = 789, max_th = 2.150318e+00, time=2024-09-05 05:56:47 
jj1 = 861, max_th = 1.884215e+00, time=2024-09-05 05:56:52 
jj1 = 881, max_th = 2.482290e+00, time=2024-09-05 05:57:04 
jj1 = 933, max_th = 3.025556e+00, time=2024-09-05 05:57:52 
jj1 = 924, max_th = 1.632529e+00, time=2024-09-05 05:58:41 
jj1 = 947, max_th = 1.958426e+00, time=2024-09-05 05:59:19 
jj1 = 909, max_th = 1.401192e+00, time=2024-09-05 05:59:36 
jj1 = 918, max_th = 1.397979e+00, time=2024-09-05 06:00:08 
jj1 = 874, max_th = 1.561539e+00, time=2024-09-05 06:00:25 
jj1 = 960, max_th = 1.877737e+00, time=2024-09-05 06:00:30 
jj1 = 880, max_th = 1.514167e+00, time=2024-09-05 06:00:50 
jj1 = 860, max_th = 2.627215e+00, time=2024-09-05 06:01:04 
jj1 = 733, max_th = 2.024087e+00, time=2024-09-05 06:01:20 
jj1 = 917, max_th = 1.115027e+00, time=2024-09-05 06:01:30 
jj1 = 942, max_th = 1.265696e+00, time=2024-09-05 06:01:57 
jj1 = 932, max_th = 2.154582e+00, time=2024-09-05 06:02:08 
jj1 = 920, max_th = 2.129363e+00, time=2024-09-05 06:02:52 
jj1 = 879, max_th = 3.138825e+00, time=2024-09-05 06:03:45 
jj1 = 916, max_th = 2.792605e+00, time=2024-09-05 06:03:47 
jj1 = 968, max_th = 1.619273e+00, time=2024-09-05 06:04:22 
jj1 = 732, max_th = 2.365773e+00, time=2024-09-05 06:05:04 
jj1 = 938, max_th = 3.125880e+00, time=2024-09-05 06:05:30 
jj1 = 946, max_th = 1.721215e+00, time=2024-09-05 06:06:25 
jj1 = 873, max_th = 1.575806e+00, time=2024-09-05 06:06:38 
jj1 = 945, max_th = -1.020121e-01, time=2024-09-05 06:06:41 
jj1 = 931, max_th = 1.373941e+00, time=2024-09-05 06:07:36 
jj1 = 959, max_th = 1.516717e+00, time=2024-09-05 06:07:49 
jj1 = 964, max_th = 2.176681e+00, time=2024-09-05 06:07:57 
jj1 = 919, max_th = 1.417018e+00, time=2024-09-05 06:07:58 
jj1 = 941, max_th = 1.815333e+00, time=2024-09-05 06:08:30 
jj1 = 872, max_th = 1.035579e+00, time=2024-09-05 06:08:32 
jj1 = 944, max_th = 1.299489e+00, time=2024-09-05 06:08:38 
jj1 = 915, max_th = 1.344938e+00, time=2024-09-05 06:09:23 
jj1 = 859, max_th = 1.695848e+00, time=2024-09-05 06:09:26 
jj1 = 958, max_th = 2.750568e+00, time=2024-09-05 06:10:10 
jj1 = 937, max_th = 2.180639e+00, time=2024-09-05 06:10:34 
jj1 = 914, max_th = 1.113794e+00, time=2024-09-05 06:11:04 
jj1 = 731, max_th = 2.384269e+00, time=2024-09-05 06:11:21 
jj1 = 967, max_th = 1.463835e+00, time=2024-09-05 06:11:34 
jj1 = 940, max_th = -2.705876e-01, time=2024-09-05 06:13:11 
jj1 = 930, max_th = 2.068483e+00, time=2024-09-05 06:14:30 
jj1 = 980, max_th = 2.699530e+00, time=2024-09-05 06:14:35 
jj1 = 957, max_th = 1.415139e+00, time=2024-09-05 06:14:56 
jj1 = 952, max_th = 2.433481e+00, time=2024-09-05 06:15:38 
jj1 = 936, max_th = 2.406985e+00, time=2024-09-05 06:16:41 
jj1 = 871, max_th = 2.006310e+00, time=2024-09-05 06:17:02 
jj1 = 935, max_th = -1.033572e-01, time=2024-09-05 06:17:19 
jj1 = 939, max_th = 1.349258e+00, time=2024-09-05 06:18:02 
jj1 = 730, max_th = 2.156744e+00, time=2024-09-05 06:18:10 
jj1 = 963, max_th = 2.074994e+00, time=2024-09-05 06:18:22 
jj1 = 992, max_th = 3.518093e-01, time=2024-09-05 06:18:40 
jj1 = 729, max_th = 4.566210e+00, time=2024-09-05 06:19:15 
jj1 = 976, max_th = 3.161589e+00, time=2024-09-05 06:19:27 
jj1 = 979, max_th = 2.422150e+00, time=2024-09-05 06:19:29 
jj1 = 978, max_th = -4.276801e-01, time=2024-09-05 06:19:45 
jj1 = 984, max_th = 1.639230e+00, time=2024-09-05 06:19:50 
jj1 = 929, max_th = 2.598511e+00, time=2024-09-05 06:20:09 
jj1 = 934, max_th = 2.537692e+00, time=2024-09-05 06:20:20 
jj1 = 870, max_th = 2.451238e+00, time=2024-09-05 06:20:49 
jj1 = 951, max_th = 2.254993e+00, time=2024-09-05 06:21:06 
jj1 = 962, max_th = 2.841792e+00, time=2024-09-05 06:21:34 
jj1 = 869, max_th = 3.253971e+00, time=2024-09-05 06:21:44 
jj1 = 966, max_th = 2.209826e+00, time=2024-09-05 06:22:43 
jj1 = 972, max_th = 2.178255e+00, time=2024-09-05 06:23:13 
jj1 = 983, max_th = 3.073388e+00, time=2024-09-05 06:24:02 
jj1 = 903, max_th = 2.249457e+00, time=2024-09-05 06:24:23 
jj1 = 950, max_th = 2.538169e+00, time=2024-09-05 06:25:23 
jj1 = 949, max_th = 4.096387e+00, time=2024-09-05 06:25:26 
jj1 = 988, max_th = 1.433369e+00, time=2024-09-05 06:26:17 
jj1 = 982, max_th = 3.831250e+00, time=2024-09-05 06:26:21 
jj1 = 998, max_th = 2.885282e+00, time=2024-09-05 06:26:49 
jj1 = 975, max_th = 2.089797e+00, time=2024-09-05 06:26:50 
jj1 = 977, max_th = 2.118738e+00, time=2024-09-05 06:27:29 
jj1 = 961, max_th = 1.866947e+00, time=2024-09-05 06:27:36 
jj1 = 991, max_th = 1.303097e+00, time=2024-09-05 06:27:57 
jj1 = 971, max_th = 2.169396e+00, time=2024-09-05 06:28:17 
jj1 = 990, max_th = 3.000698e+00, time=2024-09-05 06:28:50 
jj1 = 997, max_th = 2.929575e+00, time=2024-09-05 06:30:01 
jj1 = 970, max_th = 8.313404e-01, time=2024-09-05 06:30:12 
jj1 = 965, max_th = 2.193010e+00, time=2024-09-05 06:30:40 
jj1 = 902, max_th = 2.640105e+00, time=2024-09-05 06:31:21 
jj1 = 974, max_th = 1.353892e+00, time=2024-09-05 06:31:36 
jj1 = 956, max_th = 2.041186e+00, time=2024-09-05 06:31:44 
jj1 = 969, max_th = 1.152676e+00, time=2024-09-05 06:31:48 
jj1 = 989, max_th = 1.341100e+00, time=2024-09-05 06:31:51 
jj1 = 981, max_th = 2.130826e+00, time=2024-09-05 06:33:02 
jj1 = 987, max_th = 1.883131e+00, time=2024-09-05 06:34:14 
jj1 = 973, max_th = 1.472051e+00, time=2024-09-05 06:34:59 
jj1 = 996, max_th = 1.442575e+00, time=2024-09-05 06:35:26 
jj1 = 986, max_th = 1.091735e+00, time=2024-09-05 06:35:43 
jj1 = 1000, max_th = 2.772028e+00, time=2024-09-05 06:36:32 
jj1 = 955, max_th = 1.944226e+00, time=2024-09-05 06:36:41 
jj1 = 999, max_th = 2.349401e+00, time=2024-09-05 06:36:59 
jj1 = 954, max_th = 2.697022e+00, time=2024-09-05 06:39:27 
jj1 = 985, max_th = 2.380077e+00, time=2024-09-05 06:39:56 
jj1 = 901, max_th = 2.581307e+00, time=2024-09-05 06:41:20 
jj1 = 995, max_th = 2.071197e+00, time=2024-09-05 06:42:08 
jj1 = 994, max_th = 3.088760e+00, time=2024-09-05 06:42:25 
jj1 = 953, max_th = 1.807394e+00, time=2024-09-05 06:46:26 
jj1 = 993, max_th = 1.213598e+00, time=2024-09-05 06:46:32 
jj1 = 900, max_th = 1.622270e+00, time=2024-09-05 06:52:30 
jj1 = 899, max_th = 1.699084e+00, time=2024-09-05 06:57:39 
>> >> >> >> >> >> >> >> 