MATLAB is selecting SOFTWARE OPENGL rendering.

                            < M A T L A B (R) >
                  Copyright 1984-2021 The MathWorks, Inc.
                  R2021b (9.11.0.1769968) 64-bit (glnxa64)
                             September 17, 2021

 
To get started, type doc.
For product information, visit www.mathworks.com.
 
>> >> >> >> >> >> >> >> >> >> >> >> >> >> >> >> >> >> >> >> >> >> >> >> Starting parallel pool (parpool) using the 'local' profile ...
Connected to the parallel pool (number of workers: 12).
jj1 = 45, max_th = -3.825561e-04, time=2024-09-08 10:55:38 
jj1 = 44, max_th = 1.328596e+00, time=2024-09-08 10:59:46 
jj1 = 25, max_th = 2.583051e+00, time=2024-09-08 10:59:49 
jj1 = 5, max_th = 2.564013e+00, time=2024-09-08 11:00:01 
jj1 = 40, max_th = 1.487437e+00, time=2024-09-08 11:00:08 
jj1 = 30, max_th = 1.652412e+00, time=2024-09-08 11:01:34 
jj1 = 15, max_th = 2.419836e+00, time=2024-09-08 11:01:47 
jj1 = 10, max_th = 1.710242e+00, time=2024-09-08 11:02:50 
jj1 = 9, max_th = 3.271530e+00, time=2024-09-08 11:03:06 
jj1 = 55, max_th = 1.902442e+00, time=2024-09-08 11:03:07 
jj1 = 50, max_th = 1.944856e+00, time=2024-09-08 11:03:26 
jj1 = 60, max_th = 1.956731e+00, time=2024-09-08 11:03:42 
jj1 = 39, max_th = 2.549513e+00, time=2024-09-08 11:03:53 
jj1 = 20, max_th = 1.818526e+00, time=2024-09-08 11:03:59 
jj1 = 35, max_th = 1.931013e+00, time=2024-09-08 11:04:34 
jj1 = 43, max_th = 1.850250e+00, time=2024-09-08 11:05:54 
jj1 = 54, max_th = 1.188021e+00, time=2024-09-08 11:06:19 
jj1 = 24, max_th = 1.630943e+00, time=2024-09-08 11:06:56 
jj1 = 4, max_th = 2.315909e+00, time=2024-09-08 11:07:21 
jj1 = 29, max_th = 2.347117e+00, time=2024-09-08 11:07:47 
jj1 = 59, max_th = 1.329878e+00, time=2024-09-08 11:08:13 
jj1 = 28, max_th = 7.514004e-01, time=2024-09-08 11:08:29 
jj1 = 34, max_th = 1.282432e+00, time=2024-09-08 11:08:48 
jj1 = 49, max_th = 1.696388e+00, time=2024-09-08 11:10:13 
jj1 = 14, max_th = 2.113835e+00, time=2024-09-08 11:10:18 
jj1 = 19, max_th = 2.428726e+00, time=2024-09-08 11:10:23 
jj1 = 8, max_th = 1.633056e+00, time=2024-09-08 11:10:25 
jj1 = 42, max_th = 1.379436e+00, time=2024-09-08 11:10:42 
jj1 = 3, max_th = 1.380480e+00, time=2024-09-08 11:12:07 
jj1 = 38, max_th = 1.856334e+00, time=2024-09-08 11:12:14 
jj1 = 53, max_th = 2.208389e+00, time=2024-09-08 11:14:14 
jj1 = 48, max_th = 1.357733e+00, time=2024-09-08 11:14:22 
jj1 = 23, max_th = 1.681585e+00, time=2024-09-08 11:14:35 
jj1 = 27, max_th = 2.339384e+00, time=2024-09-08 11:15:23 
jj1 = 41, max_th = 2.541065e+00, time=2024-09-08 11:15:32 
jj1 = 58, max_th = 1.674103e+00, time=2024-09-08 11:16:02 
jj1 = 18, max_th = 2.396118e+00, time=2024-09-08 11:16:20 
jj1 = 7, max_th = 2.477230e+00, time=2024-09-08 11:16:23 
jj1 = 33, max_th = 1.892041e+00, time=2024-09-08 11:17:01 
jj1 = 57, max_th = 8.707560e-01, time=2024-09-08 11:17:20 
jj1 = 26, max_th = 2.721047e+00, time=2024-09-08 11:18:28 
jj1 = 2, max_th = 1.638496e+00, time=2024-09-08 11:19:08 
jj1 = 13, max_th = 2.085897e+00, time=2024-09-08 11:19:10 
jj1 = 37, max_th = 2.156466e+00, time=2024-09-08 11:20:19 
jj1 = 52, max_th = 1.644034e+00, time=2024-09-08 11:20:50 
jj1 = 22, max_th = 1.698029e+00, time=2024-09-08 11:21:08 
jj1 = 47, max_th = 2.153290e+00, time=2024-09-08 11:22:01 
jj1 = 411, max_th = 1.642874e+00, time=2024-09-08 11:22:12 
jj1 = 294, max_th = 1.366969e+00, time=2024-09-08 11:23:11 
jj1 = 17, max_th = 2.362623e+00, time=2024-09-08 11:23:21 
jj1 = 32, max_th = 1.645269e+00, time=2024-09-08 11:23:41 
jj1 = 56, max_th = 2.374950e+00, time=2024-09-08 11:24:19 
jj1 = 16, max_th = 9.547968e-01, time=2024-09-08 11:24:56 
jj1 = 51, max_th = 2.589552e+00, time=2024-09-08 11:25:17 
jj1 = 6, max_th = 1.912479e+00, time=2024-09-08 11:25:20 
jj1 = 1, max_th = 2.287950e+00, time=2024-09-08 11:26:31 
jj1 = 12, max_th = 2.151918e+00, time=2024-09-08 11:26:46 
jj1 = 11, max_th = 9.446262e-01, time=2024-09-08 11:28:22 
jj1 = 528, max_th = 2.615571e+00, time=2024-09-08 11:28:26 
jj1 = 489, max_th = 1.350911e+00, time=2024-09-08 11:28:43 
jj1 = 36, max_th = 1.941619e+00, time=2024-09-08 11:28:48 
jj1 = 410, max_th = 1.658481e+00, time=2024-09-08 11:29:09 
jj1 = 177, max_th = 7.372535e-01, time=2024-09-08 11:29:21 
jj1 = 21, max_th = 2.139306e+00, time=2024-09-08 11:29:42 
jj1 = 216, max_th = 2.568125e+00, time=2024-09-08 11:29:53 
jj1 = 46, max_th = 1.887930e+00, time=2024-09-08 11:30:52 
jj1 = 293, max_th = 2.215113e+00, time=2024-09-08 11:31:17 
jj1 = 31, max_th = 1.672958e+00, time=2024-09-08 11:31:25 
jj1 = 99, max_th = 1.648189e+00, time=2024-09-08 11:32:30 
jj1 = 409, max_th = 1.354529e+00, time=2024-09-08 11:33:12 
jj1 = 333, max_th = 2.847150e+00, time=2024-09-08 11:33:16 
jj1 = 138, max_th = 2.042304e+00, time=2024-09-08 11:34:07 
jj1 = 527, max_th = 1.642054e+00, time=2024-09-08 11:34:54 
jj1 = 98, max_th = 2.689869e+00, time=2024-09-08 11:35:40 
jj1 = 255, max_th = 2.347777e+00, time=2024-09-08 11:35:54 
jj1 = 372, max_th = 1.629225e+00, time=2024-09-08 11:36:07 
jj1 = 488, max_th = 1.840689e+00, time=2024-09-08 11:37:14 
jj1 = 215, max_th = 2.328829e+00, time=2024-09-08 11:37:28 
jj1 = 332, max_th = 1.356980e+00, time=2024-09-08 11:37:30 
jj1 = 176, max_th = 2.130289e+00, time=2024-09-08 11:38:05 
jj1 = 292, max_th = 2.311760e+00, time=2024-09-08 11:38:29 
jj1 = 450, max_th = 1.838025e+00, time=2024-09-08 11:38:52 
jj1 = 408, max_th = 1.663002e+00, time=2024-09-08 11:40:10 
jj1 = 526, max_th = 2.297918e+00, time=2024-09-08 11:41:14 
jj1 = 97, max_th = 2.396560e+00, time=2024-09-08 11:41:33 
jj1 = 254, max_th = 2.149527e+00, time=2024-09-08 11:42:10 
jj1 = 525, max_th = 8.782242e-01, time=2024-09-08 11:42:39 
jj1 = 137, max_th = 1.919854e+00, time=2024-09-08 11:43:04 
jj1 = 449, max_th = 2.556789e+00, time=2024-09-08 11:43:22 
jj1 = 214, max_th = 1.606882e+00, time=2024-09-08 11:44:01 
jj1 = 371, max_th = 1.822485e+00, time=2024-09-08 11:44:32 
jj1 = 407, max_th = 2.553490e+00, time=2024-09-08 11:44:34 
jj1 = 487, max_th = 2.127892e+00, time=2024-09-08 11:46:14 
jj1 = 331, max_th = 2.177522e+00, time=2024-09-08 11:46:17 
jj1 = 175, max_th = 2.135303e+00, time=2024-09-08 11:46:53 
jj1 = 291, max_th = 1.920424e+00, time=2024-09-08 11:47:21 
jj1 = 524, max_th = 1.736507e+00, time=2024-09-08 11:50:34 
jj1 = 448, max_th = 1.672938e+00, time=2024-09-08 11:50:58 
jj1 = 96, max_th = 1.926317e+00, time=2024-09-08 11:51:07 
jj1 = 253, max_th = 1.974749e+00, time=2024-09-08 11:51:25 
jj1 = 136, max_th = 2.160932e+00, time=2024-09-08 11:51:26 
jj1 = 213, max_th = 2.103978e+00, time=2024-09-08 11:51:40 
jj1 = 447, max_th = 8.973232e-01, time=2024-09-08 11:52:10 
jj1 = 406, max_th = 2.194558e+00, time=2024-09-08 11:52:11 
jj1 = 330, max_th = 1.949316e+00, time=2024-09-08 11:53:09 
jj1 = 290, max_th = 2.471622e+00, time=2024-09-08 11:53:10 
jj1 = 370, max_th = 1.963025e+00, time=2024-09-08 11:53:27 
jj1 = 174, max_th = 1.636555e+00, time=2024-09-08 11:53:43 
jj1 = 486, max_th = 2.313063e+00, time=2024-09-08 11:53:44 
jj1 = 369, max_th = 8.890022e-01, time=2024-09-08 11:54:47 
jj1 = 212, max_th = 2.731111e+00, time=2024-09-08 11:54:53 
jj1 = 523, max_th = 2.563108e+00, time=2024-09-08 11:55:14 
jj1 = 95, max_th = 2.251667e+00, time=2024-09-08 11:57:23 
jj1 = 252, max_th = 1.692477e+00, time=2024-09-08 11:58:35 
jj1 = 485, max_th = 2.577330e+00, time=2024-09-08 11:58:36 
jj1 = 446, max_th = 2.380774e+00, time=2024-09-08 11:59:01 
jj1 = 135, max_th = 2.145856e+00, time=2024-09-08 11:59:13 
jj1 = 173, max_th = 2.386681e+00, time=2024-09-08 12:00:10 
jj1 = 251, max_th = 9.147842e-01, time=2024-09-08 12:00:10 
jj1 = 405, max_th = 1.814686e+00, time=2024-09-08 12:00:29 
jj1 = 368, max_th = 2.321577e+00, time=2024-09-08 12:00:45 
jj1 = 289, max_th = 2.161389e+00, time=2024-09-08 12:01:25 
jj1 = 211, max_th = 1.615235e+00, time=2024-09-08 12:01:55 
jj1 = 329, max_th = 1.938311e+00, time=2024-09-08 12:01:59 
jj1 = 94, max_th = 2.352506e+00, time=2024-09-08 12:03:25 
jj1 = 522, max_th = 1.907377e+00, time=2024-09-08 12:03:32 
jj1 = 134, max_th = 2.577620e+00, time=2024-09-08 12:04:03 
jj1 = 250, max_th = 2.585572e+00, time=2024-09-08 12:04:33 
jj1 = 172, max_th = 2.504486e+00, time=2024-09-08 12:04:57 
jj1 = 521, max_th = 2.747069e+00, time=2024-09-08 12:06:00 
jj1 = 484, max_th = 1.685022e+00, time=2024-09-08 12:06:20 
jj1 = 445, max_th = 1.717384e+00, time=2024-09-08 12:06:43 
jj1 = 328, max_th = 1.366860e+00, time=2024-09-08 12:06:50 
jj1 = 404, max_th = 1.697997e+00, time=2024-09-08 12:06:54 
jj1 = 93, max_th = 2.585422e+00, time=2024-09-08 12:07:47 
jj1 = 288, max_th = 2.381773e+00, time=2024-09-08 12:08:09 
jj1 = 367, max_th = 1.733443e+00, time=2024-09-08 12:08:42 
jj1 = 133, max_th = 2.399700e+00, time=2024-09-08 12:08:52 
jj1 = 210, max_th = 1.898313e+00, time=2024-09-08 12:09:09 
jj1 = 171, max_th = 1.314474e+00, time=2024-09-08 12:09:10 
jj1 = 483, max_th = 2.604465e+00, time=2024-09-08 12:10:26 
jj1 = 444, max_th = 2.530169e+00, time=2024-09-08 12:12:01 
jj1 = 366, max_th = 1.240558e+00, time=2024-09-08 12:12:04 
jj1 = 287, max_th = 1.322737e+00, time=2024-09-08 12:12:24 
jj1 = 170, max_th = 1.241057e+00, time=2024-09-08 12:12:57 
jj1 = 403, max_th = 1.535991e+00, time=2024-09-08 12:13:11 
jj1 = 249, max_th = 2.126589e+00, time=2024-09-08 12:13:38 
jj1 = 520, max_th = 1.944249e+00, time=2024-09-08 12:14:16 
jj1 = 209, max_th = 2.199855e+00, time=2024-09-08 12:14:34 
jj1 = 327, max_th = 1.808033e+00, time=2024-09-08 12:15:04 
jj1 = 92, max_th = 1.668874e+00, time=2024-09-08 12:15:11 
jj1 = 132, max_th = 1.621191e+00, time=2024-09-08 12:16:15 
jj1 = 286, max_th = 1.334249e+00, time=2024-09-08 12:16:34 
jj1 = 248, max_th = 1.274353e+00, time=2024-09-08 12:17:13 
jj1 = 402, max_th = 1.286608e+00, time=2024-09-08 12:17:23 
jj1 = 482, max_th = 2.152906e+00, time=2024-09-08 12:18:12 
jj1 = 365, max_th = 2.411558e+00, time=2024-09-08 12:18:30 
jj1 = 443, max_th = 1.622614e+00, time=2024-09-08 12:18:39 
jj1 = 247, max_th = 2.889324e+00, time=2024-09-08 12:18:51 
jj1 = 131, max_th = 1.253363e+00, time=2024-09-08 12:19:19 
jj1 = 326, max_th = 2.577253e+00, time=2024-09-08 12:19:44 
jj1 = 364, max_th = 2.739398e+00, time=2024-09-08 12:21:23 
jj1 = 169, max_th = 1.940362e+00, time=2024-09-08 12:21:28 
jj1 = 401, max_th = 1.320404e+00, time=2024-09-08 12:21:46 
jj1 = 208, max_th = 2.098166e+00, time=2024-09-08 12:21:59 
jj1 = 519, max_th = 1.877062e+00, time=2024-09-08 12:23:08 
jj1 = 91, max_th = 2.138084e+00, time=2024-09-08 12:23:42 
jj1 = 285, max_th = 2.188961e+00, time=2024-09-08 12:24:37 
jj1 = 246, max_th = 1.950301e+00, time=2024-09-08 12:25:00 
jj1 = 442, max_th = 1.951089e+00, time=2024-09-08 12:25:40 
jj1 = 168, max_th = 1.340805e+00, time=2024-09-08 12:25:43 
jj1 = 481, max_th = 1.998010e+00, time=2024-09-08 12:25:53 
jj1 = 363, max_th = 2.565079e+00, time=2024-09-08 12:26:08 
jj1 = 207, max_th = 1.327176e+00, time=2024-09-08 12:26:42 
jj1 = 362, max_th = 9.538248e-01, time=2024-09-08 12:27:26 
jj1 = 325, max_th = 1.893371e+00, time=2024-09-08 12:27:54 
jj1 = 130, max_th = 1.927939e+00, time=2024-09-08 12:28:29 
jj1 = 518, max_th = 1.647534e+00, time=2024-09-08 12:29:18 
jj1 = 245, max_th = 1.338989e+00, time=2024-09-08 12:29:19 
jj1 = 441, max_th = 1.282503e+00, time=2024-09-08 12:29:34 
jj1 = 400, max_th = 2.008136e+00, time=2024-09-08 12:30:16 
jj1 = 167, max_th = 1.635657e+00, time=2024-09-08 12:32:36 
jj1 = 284, max_th = 2.217554e+00, time=2024-09-08 12:32:48 
jj1 = 90, max_th = 1.921691e+00, time=2024-09-08 12:32:51 
jj1 = 206, max_th = 1.574148e+00, time=2024-09-08 12:33:21 
jj1 = 129, max_th = 2.504777e+00, time=2024-09-08 12:33:30 
jj1 = 517, max_th = 1.373118e+00, time=2024-09-08 12:34:00 
jj1 = 480, max_th = 1.944097e+00, time=2024-09-08 12:34:18 
jj1 = 205, max_th = 9.090303e-01, time=2024-09-08 12:34:52 
jj1 = 399, max_th = 1.368055e+00, time=2024-09-08 12:34:53 
jj1 = 244, max_th = 2.391533e+00, time=2024-09-08 12:35:46 
jj1 = 361, max_th = 2.086815e+00, time=2024-09-08 12:36:18 
jj1 = 166, max_th = 2.545992e+00, time=2024-09-08 12:37:02 
jj1 = 243, max_th = 2.924412e+00, time=2024-09-08 12:37:16 
jj1 = 440, max_th = 1.942838e+00, time=2024-09-08 12:37:52 
jj1 = 324, max_th = 1.971718e+00, time=2024-09-08 12:38:04 
jj1 = 89, max_th = 2.527543e+00, time=2024-09-08 12:38:17 
jj1 = 398, max_th = 2.545028e+00, time=2024-09-08 12:39:24 
jj1 = 204, max_th = 1.546735e+00, time=2024-09-08 12:40:22 
jj1 = 242, max_th = 1.206218e+00, time=2024-09-08 12:40:25 
jj1 = 128, max_th = 1.680027e+00, time=2024-09-08 12:41:18 
jj1 = 283, max_th = 2.176526e+00, time=2024-09-08 12:41:21 
jj1 = 516, max_th = 2.139201e+00, time=2024-09-08 12:42:38 
jj1 = 323, max_th = 1.343723e+00, time=2024-09-08 12:42:53 
jj1 = 479, max_th = 2.173122e+00, time=2024-09-08 12:43:25 
jj1 = 165, max_th = 2.383782e+00, time=2024-09-08 12:43:41 
jj1 = 88, max_th = 1.596009e+00, time=2024-09-08 12:44:13 
jj1 = 397, max_th = 2.537206e+00, time=2024-09-08 12:44:26 
jj1 = 360, max_th = 1.935779e+00, time=2024-09-08 12:45:14 
jj1 = 515, max_th = 2.724849e+00, time=2024-09-08 12:45:45 
jj1 = 439, max_th = 2.105781e+00, time=2024-09-08 12:46:00 
jj1 = 396, max_th = 2.735698e+00, time=2024-09-08 12:47:17 
jj1 = 127, max_th = 1.565913e+00, time=2024-09-08 12:47:52 
jj1 = 478, max_th = 1.389248e+00, time=2024-09-08 12:48:18 
jj1 = 241, max_th = 1.907268e+00, time=2024-09-08 12:48:32 
jj1 = 203, max_th = 2.161970e+00, time=2024-09-08 12:48:36 
jj1 = 164, max_th = 1.518128e+00, time=2024-09-08 12:49:38 
jj1 = 282, max_th = 1.935482e+00, time=2024-09-08 12:50:04 
jj1 = 87, max_th = 1.949766e+00, time=2024-09-08 12:50:19 
jj1 = 322, max_th = 1.582836e+00, time=2024-09-08 12:50:26 
jj1 = 240, max_th = 1.242231e+00, time=2024-09-08 12:52:12 
jj1 = 321, max_th = 9.162212e-01, time=2024-09-08 12:52:18 
jj1 = 359, max_th = 2.337933e+00, time=2024-09-08 12:52:24 
jj1 = 86, max_th = 2.694816e+00, time=2024-09-08 12:53:26 
jj1 = 395, max_th = 2.331657e+00, time=2024-09-08 12:54:30 
jj1 = 163, max_th = 2.494095e+00, time=2024-09-08 12:54:36 
jj1 = 514, max_th = 2.131195e+00, time=2024-09-08 12:54:46 
jj1 = 438, max_th = 2.174764e+00, time=2024-09-08 12:54:48 
jj1 = 202, max_th = 1.613724e+00, time=2024-09-08 12:55:29 
jj1 = 162, max_th = 7.351434e-01, time=2024-09-08 12:55:33 
jj1 = 126, max_th = 2.123729e+00, time=2024-09-08 12:57:02 
jj1 = 477, max_th = 1.888078e+00, time=2024-09-08 12:57:09 
jj1 = 281, max_th = 2.156502e+00, time=2024-09-08 12:58:00 
jj1 = 513, max_th = 1.306956e+00, time=2024-09-08 12:58:27 
jj1 = 239, max_th = 1.664817e+00, time=2024-09-08 12:59:32 
jj1 = 358, max_th = 1.687706e+00, time=2024-09-08 12:59:56 
jj1 = 125, max_th = 1.235390e+00, time=2024-09-08 13:00:33 
jj1 = 85, max_th = 1.679874e+00, time=2024-09-08 13:00:59 
jj1 = 394, max_th = 1.809816e+00, time=2024-09-08 13:02:35 
jj1 = 161, max_th = 1.620897e+00, time=2024-09-08 13:02:43 
jj1 = 320, max_th = 2.073274e+00, time=2024-09-08 13:02:56 
jj1 = 437, max_th = 1.921906e+00, time=2024-09-08 13:03:45 
jj1 = 201, max_th = 2.178227e+00, time=2024-09-08 13:04:18 
jj1 = 512, max_th = 2.412161e+00, time=2024-09-08 13:04:39 
jj1 = 476, max_th = 1.816787e+00, time=2024-09-08 13:05:50 
jj1 = 280, max_th = 2.137708e+00, time=2024-09-08 13:06:17 
jj1 = 279, max_th = -1.467899e-02, time=2024-09-08 13:06:43 
jj1 = 436, max_th = 2.622012e+00, time=2024-09-08 13:07:59 
jj1 = 393, max_th = 2.397399e+00, time=2024-09-08 13:08:14 
jj1 = 124, max_th = 2.204619e+00, time=2024-09-08 13:08:15 
jj1 = 84, max_th = 1.688291e+00, time=2024-09-08 13:08:18 
jj1 = 278, max_th = 9.703005e-01, time=2024-09-08 13:08:32 
jj1 = 238, max_th = 1.929492e+00, time=2024-09-08 13:08:39 
jj1 = 357, max_th = 1.984352e+00, time=2024-09-08 13:09:02 
jj1 = 200, max_th = 2.364265e+00, time=2024-09-08 13:11:08 
jj1 = 160, max_th = 1.880081e+00, time=2024-09-08 13:11:30 
jj1 = 511, max_th = 1.908481e+00, time=2024-09-08 13:13:02 
jj1 = 319, max_th = 1.976492e+00, time=2024-09-08 13:13:03 
jj1 = 392, max_th = 2.383596e+00, time=2024-09-08 13:14:58 
jj1 = 475, max_th = 1.926909e+00, time=2024-09-08 13:15:10 
jj1 = 83, max_th = 2.368851e+00, time=2024-09-08 13:15:11 
jj1 = 435, max_th = 1.670017e+00, time=2024-09-08 13:15:37 
jj1 = 237, max_th = 1.944395e+00, time=2024-09-08 13:16:57 
jj1 = 277, max_th = 2.173539e+00, time=2024-09-08 13:17:19 
jj1 = 159, max_th = 2.351929e+00, time=2024-09-08 13:17:21 
jj1 = 123, max_th = 2.126111e+00, time=2024-09-08 13:17:32 
jj1 = 356, max_th = 1.941262e+00, time=2024-09-08 13:17:41 
jj1 = 434, max_th = 2.835409e+00, time=2024-09-08 13:17:47 
jj1 = 199, max_th = 1.681359e+00, time=2024-09-08 13:18:42 
jj1 = 510, max_th = 2.205393e+00, time=2024-09-08 13:20:31 
jj1 = 236, max_th = 1.356678e+00, time=2024-09-08 13:21:05 
jj1 = 276, max_th = 1.313378e+00, time=2024-09-08 13:21:20 
jj1 = 318, max_th = 2.145990e+00, time=2024-09-08 13:21:53 
jj1 = 474, max_th = 2.382986e+00, time=2024-09-08 13:22:11 
jj1 = 82, max_th = 2.197305e+00, time=2024-09-08 13:22:19 
jj1 = 355, max_th = 2.400923e+00, time=2024-09-08 13:22:59 
jj1 = 198, max_th = 2.567618e+00, time=2024-09-08 13:23:26 
jj1 = 158, max_th = 2.313878e+00, time=2024-09-08 13:24:05 
jj1 = 391, max_th = 1.920321e+00, time=2024-09-08 13:24:14 
jj1 = 509, max_th = 1.377582e+00, time=2024-09-08 13:25:17 
jj1 = 433, max_th = 2.132938e+00, time=2024-09-08 13:26:19 
jj1 = 122, max_th = 1.877880e+00, time=2024-09-08 13:26:38 
jj1 = 432, max_th = 3.086078e+00, time=2024-09-08 13:27:04 
jj1 = 317, max_th = 2.399698e+00, time=2024-09-08 13:27:14 
jj1 = 508, max_th = 2.714852e+00, time=2024-09-08 13:28:27 
jj1 = 81, max_th = 1.638749e+00, time=2024-09-08 13:29:16 
jj1 = 354, max_th = 2.355044e+00, time=2024-09-08 13:29:27 
jj1 = 353, max_th = 3.402555e+00, time=2024-09-08 13:29:34 
jj1 = 235, max_th = 2.177695e+00, time=2024-09-08 13:29:47 
jj1 = 507, max_th = 2.884073e+00, time=2024-09-08 13:30:16 
jj1 = 275, max_th = 1.933100e+00, time=2024-09-08 13:30:23 
jj1 = 157, max_th = 1.644185e+00, time=2024-09-08 13:30:45 
jj1 = 473, max_th = 1.935425e+00, time=2024-09-08 13:31:10 
jj1 = 121, max_th = 1.388668e+00, time=2024-09-08 13:31:22 
jj1 = 197, max_th = 2.130635e+00, time=2024-09-08 13:32:24 
jj1 = 390, max_th = 1.938709e+00, time=2024-09-08 13:32:51 
jj1 = 274, max_th = 2.755115e+00, time=2024-09-08 13:32:52 
jj1 = 273, max_th = 3.369068e+00, time=2024-09-08 13:33:00 
jj1 = 156, max_th = 2.701307e+00, time=2024-09-08 13:33:30 
jj1 = 352, max_th = 2.575565e+00, time=2024-09-08 13:34:25 
jj1 = 472, max_th = 1.187157e+00, time=2024-09-08 13:34:30 
jj1 = 196, max_th = 2.740237e+00, time=2024-09-08 13:35:12 
jj1 = 431, max_th = 1.883046e+00, time=2024-09-08 13:35:38 
jj1 = 80, max_th = 1.799318e+00, time=2024-09-08 13:35:45 
jj1 = 234, max_th = 2.391260e+00, time=2024-09-08 13:36:10 
jj1 = 506, max_th = 1.603188e+00, time=2024-09-08 13:36:14 
jj1 = 316, max_th = 2.190441e+00, time=2024-09-08 13:36:16 
jj1 = 155, max_th = 1.333888e+00, time=2024-09-08 13:38:09 
jj1 = 505, max_th = 2.716554e+00, time=2024-09-08 13:39:13 
jj1 = 272, max_th = 2.355909e+00, time=2024-09-08 13:39:42 
jj1 = 79, max_th = 1.339709e+00, time=2024-09-08 13:40:08 
jj1 = 120, max_th = 1.964787e+00, time=2024-09-08 13:40:23 
jj1 = 233, max_th = 2.545705e+00, time=2024-09-08 13:40:36 
jj1 = 351, max_th = 2.432447e+00, time=2024-09-08 13:40:40 
jj1 = 430, max_th = 2.518130e+00, time=2024-09-08 13:40:40 
jj1 = 389, max_th = 2.139632e+00, time=2024-09-08 13:41:09 
jj1 = 388, max_th = 9.218210e-01, time=2024-09-08 13:42:48 
jj1 = 195, max_th = 1.717727e+00, time=2024-09-08 13:43:06 
jj1 = 232, max_th = 2.743147e+00, time=2024-09-08 13:43:21 
jj1 = 119, max_th = 2.705762e+00, time=2024-09-08 13:43:24 
jj1 = 315, max_th = 2.411935e+00, time=2024-09-08 13:43:23 
jj1 = 471, max_th = 1.975749e+00, time=2024-09-08 13:43:58 
jj1 = 504, max_th = 2.535456e+00, time=2024-09-08 13:44:22 
jj1 = 194, max_th = 9.591327e-01, time=2024-09-08 13:44:47 
jj1 = 154, max_th = 2.178376e+00, time=2024-09-08 13:46:37 
jj1 = 118, max_th = 2.602755e+00, time=2024-09-08 13:47:10 
jj1 = 429, max_th = 1.899374e+00, time=2024-09-08 13:47:20 
jj1 = 117, max_th = -3.127337e-04, time=2024-09-08 13:47:29 
jj1 = 428, max_th = -1.199290e-01, time=2024-09-08 13:47:35 
jj1 = 116, max_th = -1.698838e-01, time=2024-09-08 13:47:41 
jj1 = 271, max_th = 1.860402e+00, time=2024-09-08 13:47:54 
jj1 = 78, max_th = 2.183957e+00, time=2024-09-08 13:48:27 
jj1 = 314, max_th = 1.426452e+00, time=2024-09-08 13:48:41 
jj1 = 350, max_th = 2.276345e+00, time=2024-09-08 13:48:43 
jj1 = 387, max_th = 1.646290e+00, time=2024-09-08 13:49:10 
jj1 = 231, max_th = 2.387233e+00, time=2024-09-08 13:49:56 
jj1 = 503, max_th = 1.602266e+00, time=2024-09-08 13:50:03 
jj1 = 193, max_th = 2.386978e+00, time=2024-09-08 13:51:25 
jj1 = 470, max_th = 2.047875e+00, time=2024-09-08 13:51:32 
jj1 = 427, max_th = 2.350583e+00, time=2024-09-08 13:52:55 
jj1 = 153, max_th = 2.374248e+00, time=2024-09-08 13:53:36 
jj1 = 115, max_th = 2.342110e+00, time=2024-09-08 13:54:25 
jj1 = 349, max_th = 1.950373e+00, time=2024-09-08 13:55:18 
jj1 = 426, max_th = 2.730068e+00, time=2024-09-08 13:55:55 
jj1 = 469, max_th = 2.581462e+00, time=2024-09-08 13:56:23 
jj1 = 230, max_th = 1.657207e+00, time=2024-09-08 13:56:46 
jj1 = 270, max_th = 1.875567e+00, time=2024-09-08 13:57:11 
jj1 = 313, max_th = 1.820178e+00, time=2024-09-08 13:57:16 
jj1 = 77, max_th = 1.915862e+00, time=2024-09-08 13:57:26 
jj1 = 192, max_th = 2.413456e+00, time=2024-09-08 13:57:40 
jj1 = 386, max_th = 1.930217e+00, time=2024-09-08 13:57:51 
jj1 = 502, max_th = 2.162940e+00, time=2024-09-08 13:58:24 
jj1 = 348, max_th = 1.344764e+00, time=2024-09-08 13:59:32 
jj1 = 229, max_th = 2.720739e+00, time=2024-09-08 13:59:47 
jj1 = 152, max_th = 1.641506e+00, time=2024-09-08 14:00:25 
jj1 = 468, max_th = 2.351129e+00, time=2024-09-08 14:02:25 
jj1 = 76, max_th = 1.553696e+00, time=2024-09-08 14:03:07 
jj1 = 114, max_th = 2.172488e+00, time=2024-09-08 14:03:15 
jj1 = 425, max_th = 2.044741e+00, time=2024-09-08 14:04:18 
jj1 = 269, max_th = 2.337313e+00, time=2024-09-08 14:04:26 
jj1 = 191, max_th = 1.658973e+00, time=2024-09-08 14:04:44 
jj1 = 501, max_th = 2.418441e+00, time=2024-09-08 14:04:50 
jj1 = 312, max_th = 2.196204e+00, time=2024-09-08 14:04:54 
jj1 = 347, max_th = 1.639641e+00, time=2024-09-08 14:06:27 
jj1 = 385, max_th = 1.936143e+00, time=2024-09-08 14:06:34 
jj1 = 151, max_th = 2.344844e+00, time=2024-09-08 14:06:59 
jj1 = 268, max_th = 2.757599e+00, time=2024-09-08 14:07:12 
jj1 = 228, max_th = 2.325064e+00, time=2024-09-08 14:07:19 
jj1 = 190, max_th = 1.364833e+00, time=2024-09-08 14:09:24 
jj1 = 113, max_th = 2.150292e+00, time=2024-09-08 14:09:29 
jj1 = 424, max_th = 2.520349e+00, time=2024-09-08 14:09:30 
jj1 = 346, max_th = 2.721623e+00, time=2024-09-08 14:09:44 
jj1 = 311, max_th = 1.384071e+00, time=2024-09-08 14:09:51 
jj1 = 467, max_th = 1.772422e+00, time=2024-09-08 14:11:26 
jj1 = 75, max_th = 1.883031e+00, time=2024-09-08 14:11:38 
jj1 = 150, max_th = 2.561118e+00, time=2024-09-08 14:11:44 
jj1 = 310, max_th = 9.925097e-01, time=2024-09-08 14:11:45 
jj1 = 345, max_th = 1.137985e+00, time=2024-09-08 14:12:35 
jj1 = 500, max_th = 2.165482e+00, time=2024-09-08 14:13:11 
jj1 = 149, max_th = 9.908877e-01, time=2024-09-08 14:13:34 
jj1 = 384, max_th = 1.691113e+00, time=2024-09-08 14:13:47 
jj1 = 227, max_th = 1.678796e+00, time=2024-09-08 14:14:59 
jj1 = 383, max_th = 8.619852e-01, time=2024-09-08 14:15:06 
jj1 = 267, max_th = 2.075527e+00, time=2024-09-08 14:16:14 
jj1 = 423, max_th = 1.630487e+00, time=2024-09-08 14:16:27 
jj1 = 226, max_th = 9.801505e-01, time=2024-09-08 14:16:50 
jj1 = 189, max_th = 2.131551e+00, time=2024-09-08 14:18:15 
jj1 = 74, max_th = 2.377099e+00, time=2024-09-08 14:18:31 
jj1 = 112, max_th = 1.926127e+00, time=2024-09-08 14:18:51 
jj1 = 111, max_th = -1.630216e-01, time=2024-09-08 14:19:03 
jj1 = 309, max_th = 2.196729e+00, time=2024-09-08 14:19:10 
jj1 = 344, max_th = 2.382997e+00, time=2024-09-08 14:19:18 
jj1 = 466, max_th = 2.157697e+00, time=2024-09-08 14:19:38 
jj1 = 343, max_th = 9.472394e-01, time=2024-09-08 14:20:48 
jj1 = 148, max_th = 2.152087e+00, time=2024-09-08 14:20:50 
jj1 = 147, max_th = 2.900650e+00, time=2024-09-08 14:22:09 
jj1 = 499, max_th = 1.923597e+00, time=2024-09-08 14:22:18 
jj1 = 382, max_th = 1.818304e+00, time=2024-09-08 14:23:39 
jj1 = 266, max_th = 2.195543e+00, time=2024-09-08 14:23:56 
jj1 = 225, max_th = 2.207939e+00, time=2024-09-08 14:24:40 
jj1 = 73, max_th = 1.604935e+00, time=2024-09-08 14:24:45 
jj1 = 422, max_th = 1.936713e+00, time=2024-09-08 14:24:56 
jj1 = 465, max_th = 1.543124e+00, time=2024-09-08 14:25:52 
jj1 = 110, max_th = 2.305121e+00, time=2024-09-08 14:26:05 
jj1 = 188, max_th = 2.165493e+00, time=2024-09-08 14:26:52 
jj1 = 308, max_th = 2.155117e+00, time=2024-09-08 14:27:15 
jj1 = 342, max_th = 1.645961e+00, time=2024-09-08 14:27:27 
jj1 = 146, max_th = 1.678081e+00, time=2024-09-08 14:29:47 
jj1 = 307, max_th = 1.306514e+00, time=2024-09-08 14:31:14 
jj1 = 498, max_th = 1.968749e+00, time=2024-09-08 14:31:15 
jj1 = 72, max_th = 2.372653e+00, time=2024-09-08 14:31:39 
jj1 = 464, max_th = 2.396119e+00, time=2024-09-08 14:31:49 
jj1 = 381, max_th = 2.138284e+00, time=2024-09-08 14:31:59 
jj1 = 265, max_th = 2.162135e+00, time=2024-09-08 14:32:26 
jj1 = 224, max_th = 1.817411e+00, time=2024-09-08 14:33:20 
jj1 = 341, max_th = 1.651589e+00, time=2024-09-08 14:33:43 
jj1 = 421, max_th = 2.065700e+00, time=2024-09-08 14:33:51 
jj1 = 109, max_th = 1.942412e+00, time=2024-09-08 14:34:42 
jj1 = 187, max_th = 1.941890e+00, time=2024-09-08 14:35:16 
jj1 = 497, max_th = 2.617528e+00, time=2024-09-08 14:35:25 
jj1 = 145, max_th = 1.666375e+00, time=2024-09-08 14:37:25 
jj1 = 264, max_th = 2.302629e+00, time=2024-09-08 14:38:41 
jj1 = 306, max_th = 2.132586e+00, time=2024-09-08 14:40:08 
jj1 = 108, max_th = 2.528821e+00, time=2024-09-08 14:40:09 
jj1 = 71, max_th = 1.939733e+00, time=2024-09-08 14:40:13 
jj1 = 380, max_th = 1.944444e+00, time=2024-09-08 14:40:20 
jj1 = 340, max_th = 2.150789e+00, time=2024-09-08 14:40:32 
jj1 = 463, max_th = 1.880027e+00, time=2024-09-08 14:40:50 
jj1 = 223, max_th = 2.158982e+00, time=2024-09-08 14:41:31 
jj1 = 420, max_th = 1.937057e+00, time=2024-09-08 14:42:35 
jj1 = 186, max_th = 1.892144e+00, time=2024-09-08 14:43:36 
jj1 = 419, max_th = 9.609618e-01, time=2024-09-08 14:44:14 
jj1 = 305, max_th = 1.305363e+00, time=2024-09-08 14:44:20 
jj1 = 496, max_th = 1.883273e+00, time=2024-09-08 14:44:24 
jj1 = 379, max_th = 2.611646e+00, time=2024-09-08 14:44:27 
jj1 = 144, max_th = 2.088093e+00, time=2024-09-08 14:46:08 
jj1 = 107, max_th = 1.568939e+00, time=2024-09-08 14:47:21 
jj1 = 339, max_th = 2.362217e+00, time=2024-09-08 14:47:33 
jj1 = 263, max_th = 2.172979e+00, time=2024-09-08 14:47:38 
jj1 = 418, max_th = 1.350955e+00, time=2024-09-08 14:47:45 
jj1 = 70, max_th = 2.324343e+00, time=2024-09-08 14:47:49 
jj1 = 185, max_th = 1.344094e+00, time=2024-09-08 14:48:01 
jj1 = 378, max_th = 1.313072e+00, time=2024-09-08 14:48:38 
jj1 = 106, max_th = 8.821820e-01, time=2024-09-08 14:48:44 
jj1 = 417, max_th = 3.025033e+00, time=2024-09-08 14:48:44 
jj1 = 222, max_th = 2.208069e+00, time=2024-09-08 14:49:20 
jj1 = 69, max_th = 9.297934e-01, time=2024-09-08 14:49:30 
jj1 = 462, max_th = 2.182188e+00, time=2024-09-08 14:49:38 
jj1 = 416, max_th = 1.281800e+00, time=2024-09-08 14:52:19 
jj1 = 495, max_th = 2.135518e+00, time=2024-09-08 14:52:54 
jj1 = 304, max_th = 3.684345e+00, time=2024-09-08 14:44:21 
jj1 = 303, max_th = 1.862966e+00, time=2024-09-08 14:52:58 
jj1 = 221, max_th = 1.292947e+00, time=2024-09-08 14:53:10 
jj1 = 461, max_th = 1.318617e+00, time=2024-09-08 14:53:40 
jj1 = 143, max_th = 1.672128e+00, time=2024-09-08 14:53:49 
jj1 = 105, max_th = 2.506098e+00, time=2024-09-08 14:53:58 
jj1 = 142, max_th = 3.043085e+00, time=2024-09-08 14:54:45 
jj1 = 377, max_th = 1.688406e+00, time=2024-09-08 14:55:51 
jj1 = 262, max_th = 2.158354e+00, time=2024-09-08 14:55:51 
jj1 = 338, max_th = 1.943335e+00, time=2024-09-08 14:56:10 
jj1 = 184, max_th = 1.931102e+00, time=2024-09-08 14:57:04 
jj1 = 68, max_th = 2.183006e+00, time=2024-09-08 14:58:09 
jj1 = 104, max_th = 2.406683e+00, time=2024-09-08 15:00:10 
jj1 = 494, max_th = 1.678084e+00, time=2024-09-08 15:00:16 
jj1 = 493, max_th = 3.096794e+00, time=2024-09-08 15:00:49 
jj1 = 337, max_th = 2.565664e+00, time=2024-09-08 15:00:55 
jj1 = 220, max_th = 1.907613e+00, time=2024-09-08 15:01:16 
jj1 = 415, max_th = 1.930590e+00, time=2024-09-08 15:01:17 
jj1 = 460, max_th = 1.740925e+00, time=2024-09-08 15:01:23 
jj1 = 302, max_th = 2.133659e+00, time=2024-09-08 15:01:57 
jj1 = 376, max_th = 1.591342e+00, time=2024-09-08 15:02:12 
jj1 = 67, max_th = 1.368404e+00, time=2024-09-08 15:02:47 
jj1 = 141, max_th = 2.084763e+00, time=2024-09-08 15:03:33 
jj1 = 261, max_th = 1.992492e+00, time=2024-09-08 15:04:23 
jj1 = 219, max_th = 2.622588e+00, time=2024-09-08 15:05:25 
jj1 = 375, max_th = 1.183059e+00, time=2024-09-08 15:05:28 
jj1 = 183, max_th = 1.935769e+00, time=2024-09-08 15:05:42 
jj1 = 459, max_th = 1.397361e+00, time=2024-09-08 15:05:44 
jj1 = 140, max_th = 1.199732e+00, time=2024-09-08 15:05:54 
jj1 = 414, max_th = 2.537425e+00, time=2024-09-08 15:06:11 
jj1 = 103, max_th = 2.147675e+00, time=2024-09-08 15:07:53 
jj1 = 492, max_th = 1.685666e+00, time=2024-09-08 15:08:09 
jj1 = 301, max_th = 2.359916e+00, time=2024-09-08 15:08:52 
jj1 = 336, max_th = 1.953262e+00, time=2024-09-08 15:08:53 
jj1 = 218, max_th = 1.361330e+00, time=2024-09-08 15:09:57 
jj1 = 66, max_th = 1.685080e+00, time=2024-09-08 15:09:59 
jj1 = 458, max_th = 1.363985e+00, time=2024-09-08 15:10:30 
jj1 = 260, max_th = 1.636643e+00, time=2024-09-08 15:11:13 
jj1 = 413, max_th = 2.466596e+00, time=2024-09-08 15:12:05 
jj1 = 182, max_th = 1.606642e+00, time=2024-09-08 15:12:27 
jj1 = 139, max_th = 1.706787e+00, time=2024-09-08 15:13:09 
jj1 = 335, max_th = 1.372562e+00, time=2024-09-08 15:13:47 
jj1 = 374, max_th = 1.939559e+00, time=2024-09-08 15:13:50 
jj1 = 334, max_th = -2.594838e-02, time=2024-09-08 15:14:11 
jj1 = 688, max_th = 7.909912e-01, time=2024-09-08 15:14:18 
jj1 = 65, max_th = 2.100099e+00, time=2024-09-08 15:15:28 
jj1 = 217, max_th = 1.607516e+00, time=2024-09-08 15:16:10 
jj1 = 373, max_th = 1.037040e+00, time=2024-09-08 15:16:13 
jj1 = 102, max_th = 2.213294e+00, time=2024-09-08 15:16:31 
jj1 = 491, max_th = 2.182600e+00, time=2024-09-08 15:16:32 
jj1 = 728, max_th = 3.070577e+00, time=2024-09-08 15:17:01 
jj1 = 64, max_th = 2.874525e+00, time=2024-09-08 15:17:22 
jj1 = 457, max_th = 1.703190e+00, time=2024-09-08 15:17:23 
jj1 = 259, max_th = 1.647540e+00, time=2024-09-08 15:17:28 
jj1 = 456, max_th = -1.541991e-01, time=2024-09-08 15:17:35 
jj1 = 300, max_th = 1.967230e+00, time=2024-09-08 15:17:58 
jj1 = 181, max_th = 2.404925e+00, time=2024-09-08 15:18:16 
jj1 = 412, max_th = 1.975543e+00, time=2024-09-08 15:21:20 
jj1 = 708, max_th = 1.691405e+00, time=2024-09-08 15:21:29 
jj1 = 687, max_th = 1.956984e+00, time=2024-09-08 15:22:44 
jj1 = 548, max_th = 1.611828e+00, time=2024-09-08 15:22:43 
jj1 = 727, max_th = 2.346964e+00, time=2024-09-08 15:23:11 
jj1 = 180, max_th = 2.514934e+00, time=2024-09-08 15:23:31 
jj1 = 490, max_th = 1.681143e+00, time=2024-09-08 15:24:06 
jj1 = 707, max_th = 2.743770e+00, time=2024-09-08 15:24:14 
jj1 = 299, max_th = 1.696324e+00, time=2024-09-08 15:24:51 
jj1 = 455, max_th = 1.670377e+00, time=2024-09-08 15:25:23 
jj1 = 63, max_th = 1.783862e+00, time=2024-09-08 15:25:31 
jj1 = 101, max_th = 1.922734e+00, time=2024-09-08 15:25:44 
jj1 = 258, max_th = 2.166836e+00, time=2024-09-08 15:25:56 
jj1 = 588, max_th = 9.872763e-01, time=2024-09-08 15:25:57 
jj1 = 547, max_th = 1.354668e+00, time=2024-09-08 15:26:39 
jj1 = 748, max_th = 1.700784e+00, time=2024-09-08 15:27:11 
jj1 = 179, max_th = 1.360925e+00, time=2024-09-08 15:27:57 
jj1 = 100, max_th = 2.828347e+00, time=2024-09-08 15:27:59 
jj1 = 62, max_th = 2.689328e+00, time=2024-09-08 15:28:07 
jj1 = 726, max_th = 2.198796e+00, time=2024-09-08 15:29:49 
jj1 = 686, max_th = 1.668891e+00, time=2024-09-08 15:30:18 
jj1 = 706, max_th = 1.554657e+00, time=2024-09-08 15:30:26 
jj1 = 298, max_th = 2.416234e+00, time=2024-09-08 15:31:19 
jj1 = 648, max_th = 1.386286e+00, time=2024-09-08 15:32:45 
jj1 = 705, max_th = 2.705442e+00, time=2024-09-08 15:33:29 
jj1 = 454, max_th = 2.213971e+00, time=2024-09-08 15:33:50 
jj1 = 725, max_th = 2.552066e+00, time=2024-09-08 15:33:58 
jj1 = 257, max_th = 1.939893e+00, time=2024-09-08 15:34:28 
jj1 = 587, max_th = 2.087669e+00, time=2024-09-08 15:34:36 
jj1 = 178, max_th = 2.360928e+00, time=2024-09-08 15:34:42 
jj1 = 546, max_th = 1.955762e+00, time=2024-09-08 15:34:52 
jj1 = 747, max_th = 1.828908e+00, time=2024-09-08 15:36:08 
jj1 = 61, max_th = 2.120165e+00, time=2024-09-08 15:36:35 
jj1 = 685, max_th = 2.361298e+00, time=2024-09-08 15:37:03 
jj1 = 647, max_th = 1.600285e+00, time=2024-09-08 15:37:42 
jj1 = 724, max_th = 2.595346e+00, time=2024-09-08 15:37:53 
jj1 = 297, max_th = 2.364357e+00, time=2024-09-08 15:38:20 
jj1 = 704, max_th = 1.371751e+00, time=2024-09-08 15:38:26 
jj1 = 453, max_th = 2.493689e+00, time=2024-09-08 15:39:13 
jj1 = 668, max_th = 1.358849e+00, time=2024-09-08 15:40:47 
jj1 = 608, max_th = 1.626373e+00, time=2024-09-08 15:41:47 
jj1 = 256, max_th = 1.715152e+00, time=2024-09-08 15:42:23 
jj1 = 607, max_th = 7.822073e-01, time=2024-09-08 15:42:54 
jj1 = 545, max_th = 2.166812e+00, time=2024-09-08 15:43:18 
jj1 = 586, max_th = 1.870994e+00, time=2024-09-08 15:43:37 
jj1 = 746, max_th = 1.903800e+00, time=2024-09-08 15:43:58 
jj1 = 684, max_th = 1.681986e+00, time=2024-09-08 15:44:42 
jj1 = 296, max_th = 2.297928e+00, time=2024-09-08 15:44:55 
jj1 = 646, max_th = 1.897756e+00, time=2024-09-08 15:45:07 
jj1 = 703, max_th = 2.101578e+00, time=2024-09-08 15:45:22 
jj1 = 745, max_th = 9.088006e-01, time=2024-09-08 15:45:25 
jj1 = 723, max_th = 2.206907e+00, time=2024-09-08 15:45:35 
jj1 = 744, max_th = 3.093721e+00, time=2024-09-08 15:46:02 
jj1 = 743, max_th = -7.876064e-04, time=2024-09-08 15:46:23 
jj1 = 667, max_th = 1.660178e+00, time=2024-09-08 15:47:43 
jj1 = 568, max_th = 2.478550e+00, time=2024-09-08 15:48:12 
jj1 = 452, max_th = 2.068014e+00, time=2024-09-08 15:48:40 
jj1 = 295, max_th = 1.372416e+00, time=2024-09-08 15:49:44 
jj1 = 606, max_th = 2.154153e+00, time=2024-09-08 15:50:38 
jj1 = 742, max_th = 1.336074e+00, time=2024-09-08 15:50:38 
jj1 = 702, max_th = 2.355967e+00, time=2024-09-08 15:51:51 
jj1 = 544, max_th = 1.871336e+00, time=2024-09-08 15:52:07 
jj1 = 645, max_th = 1.694106e+00, time=2024-09-08 15:52:13 
jj1 = 666, max_th = 1.365521e+00, time=2024-09-08 15:52:17 
jj1 = 741, max_th = 9.369637e-01, time=2024-09-08 15:52:23 
jj1 = 585, max_th = 1.923579e+00, time=2024-09-08 15:52:51 
jj1 = 451, max_th = 2.626154e+00, time=2024-09-08 15:52:55 
jj1 = 683, max_th = 1.990175e+00, time=2024-09-08 15:53:22 
jj1 = 722, max_th = 2.179547e+00, time=2024-09-08 15:54:12 
jj1 = 567, max_th = 1.707147e+00, time=2024-09-08 15:55:35 
jj1 = 605, max_th = 2.521896e+00, time=2024-09-08 15:56:03 
jj1 = 644, max_th = 1.326193e+00, time=2024-09-08 15:56:22 
jj1 = 740, max_th = 1.344604e+00, time=2024-09-08 15:56:31 
jj1 = 628, max_th = 1.224385e+00, time=2024-09-08 15:56:47 
jj1 = 768, max_th = 2.167236e+00, time=2024-09-08 15:58:17 
jj1 = 543, max_th = 1.525634e+00, time=2024-09-08 15:58:28 
jj1 = 682, max_th = 2.351416e+00, time=2024-09-08 15:59:07 
jj1 = 584, max_th = 1.636255e+00, time=2024-09-08 15:59:38 
jj1 = 701, max_th = 2.165243e+00, time=2024-09-08 16:00:23 
jj1 = 604, max_th = 1.378136e+00, time=2024-09-08 16:00:39 
jj1 = 665, max_th = 1.925607e+00, time=2024-09-08 16:01:17 
jj1 = 721, max_th = 1.888029e+00, time=2024-09-08 16:02:43 
jj1 = 767, max_th = 1.368826e+00, time=2024-09-08 16:03:04 
jj1 = 627, max_th = 2.361589e+00, time=2024-09-08 16:03:29 
jj1 = 542, max_th = 2.507611e+00, time=2024-09-08 16:03:29 
jj1 = 626, max_th = -4.505501e-02, time=2024-09-08 16:03:48 
jj1 = 566, max_th = 2.167643e+00, time=2024-09-08 16:04:03 
jj1 = 541, max_th = 7.039418e-01, time=2024-09-08 16:04:20 
jj1 = 739, max_th = 2.209595e+00, time=2024-09-08 16:04:39 
jj1 = 643, max_th = 2.143018e+00, time=2024-09-08 16:04:43 
jj1 = 766, max_th = 2.689303e+00, time=2024-09-08 16:06:26 
jj1 = 681, max_th = 2.153940e+00, time=2024-09-08 16:06:56 
jj1 = 583, max_th = 2.289204e+00, time=2024-09-08 16:07:14 
jj1 = 700, max_th = 2.382442e+00, time=2024-09-08 16:07:21 
jj1 = 603, max_th = 2.312515e+00, time=2024-09-08 16:08:13 
jj1 = 664, max_th = 1.636125e+00, time=2024-09-08 16:08:25 
jj1 = 602, max_th = -1.600931e-01, time=2024-09-08 16:08:26 
jj1 = 540, max_th = 1.396282e+00, time=2024-09-08 16:08:40 
jj1 = 699, max_th = 2.943861e+00, time=2024-09-08 16:08:43 
jj1 = 738, max_th = 1.328841e+00, time=2024-09-08 16:09:24 
jj1 = 765, max_th = 1.284131e+00, time=2024-09-08 16:10:25 
jj1 = 720, max_th = 2.143671e+00, time=2024-09-08 16:10:42 
jj1 = 565, max_th = 1.625804e+00, time=2024-09-08 16:11:16 
jj1 = 625, max_th = 1.628904e+00, time=2024-09-08 16:11:24 
jj1 = 680, max_th = 2.560058e+00, time=2024-09-08 16:11:38 
jj1 = 582, max_th = 2.559848e+00, time=2024-09-08 16:11:54 
jj1 = 539, max_th = 1.265579e+00, time=2024-09-08 16:12:07 
jj1 = 642, max_th = 2.312732e+00, time=2024-09-08 16:12:17 
jj1 = 601, max_th = 2.494760e+00, time=2024-09-08 16:13:30 
jj1 = 737, max_th = 1.318959e+00, time=2024-09-08 16:13:50 
jj1 = 663, max_th = 2.437342e+00, time=2024-09-08 16:14:14 
jj1 = 764, max_th = 2.564758e+00, time=2024-09-08 16:15:17 
jj1 = 763, max_th = 9.465980e-01, time=2024-09-08 16:16:53 
jj1 = 698, max_th = 1.971826e+00, time=2024-09-08 16:18:01 
jj1 = 624, max_th = 1.640922e+00, time=2024-09-08 16:18:21 
jj1 = 762, max_th = 9.236368e-01, time=2024-09-08 16:18:34 
jj1 = 679, max_th = 2.375398e+00, time=2024-09-08 16:18:41 
jj1 = 736, max_th = 1.379749e+00, time=2024-09-08 16:18:42 
jj1 = 581, max_th = 1.626785e+00, time=2024-09-08 16:19:06 
jj1 = 719, max_th = 1.941179e+00, time=2024-09-08 16:19:10 
jj1 = 718, max_th = -6.537185e-02, time=2024-09-08 16:19:29 
jj1 = 662, max_th = 1.539025e+00, time=2024-09-08 16:20:02 
jj1 = 564, max_th = 1.978511e+00, time=2024-09-08 16:20:32 
jj1 = 538, max_th = 1.930519e+00, time=2024-09-08 16:20:59 
jj1 = 641, max_th = 2.180407e+00, time=2024-09-08 16:21:02 
jj1 = 563, max_th = 3.073090e+00, time=2024-09-08 16:21:23 
jj1 = 678, max_th = 1.348773e+00, time=2024-09-08 16:22:23 
jj1 = 600, max_th = 2.037562e+00, time=2024-09-08 16:22:40 
jj1 = 735, max_th = 1.648621e+00, time=2024-09-08 16:24:25 
jj1 = 623, max_th = 1.642926e+00, time=2024-09-08 16:25:20 
jj1 = 580, max_th = 2.356047e+00, time=2024-09-08 16:25:34 
jj1 = 599, max_th = 1.272418e+00, time=2024-09-08 16:26:10 
jj1 = 562, max_th = 1.378926e+00, time=2024-09-08 16:26:18 
jj1 = 697, max_th = 2.166627e+00, time=2024-09-08 16:26:44 
jj1 = 717, max_th = 1.689195e+00, time=2024-09-08 16:27:06 
jj1 = 761, max_th = 2.038460e+00, time=2024-09-08 16:27:16 
jj1 = 661, max_th = 1.714691e+00, time=2024-09-08 16:27:38 
jj1 = 734, max_th = 2.716655e+00, time=2024-09-08 16:27:37 
jj1 = 537, max_th = 1.720030e+00, time=2024-09-08 16:28:48 
jj1 = 677, max_th = 1.659180e+00, time=2024-09-08 16:29:21 
jj1 = 640, max_th = 1.917422e+00, time=2024-09-08 16:30:08 
jj1 = 696, max_th = 1.319423e+00, time=2024-09-08 16:31:17 
jj1 = 733, max_th = 1.366092e+00, time=2024-09-08 16:32:08 
jj1 = 561, max_th = 1.630053e+00, time=2024-09-08 16:33:28 
jj1 = 579, max_th = 1.915130e+00, time=2024-09-08 16:34:06 
jj1 = 622, max_th = 1.878263e+00, time=2024-09-08 16:34:44 
jj1 = 760, max_th = 2.325261e+00, time=2024-09-08 16:34:53 
jj1 = 598, max_th = 1.970234e+00, time=2024-09-08 16:35:04 
jj1 = 695, max_th = 1.393834e+00, time=2024-09-08 16:35:53 
jj1 = 639, max_th = 1.554690e+00, time=2024-09-08 16:35:57 
jj1 = 621, max_th = 2.965590e+00, time=2024-09-08 16:36:00 
jj1 = 660, max_th = 1.957254e+00, time=2024-09-08 16:36:11 
jj1 = 716, max_th = 1.930371e+00, time=2024-09-08 16:36:12 
jj1 = 732, max_th = 2.572989e+00, time=2024-09-08 16:36:58 
jj1 = 536, max_th = 2.041561e+00, time=2024-09-08 16:37:08 
jj1 = 676, max_th = 1.913490e+00, time=2024-09-08 16:38:09 
jj1 = 715, max_th = 2.770445e+00, time=2024-09-08 16:38:54 
jj1 = 578, max_th = 2.494825e+00, time=2024-09-08 16:39:04 
jj1 = 577, max_th = 3.091911e+00, time=2024-09-08 16:39:42 
jj1 = 694, max_th = 2.524116e+00, time=2024-09-08 16:41:10 
jj1 = 560, max_th = 2.123840e+00, time=2024-09-08 16:42:24 
jj1 = 597, max_th = 1.670485e+00, time=2024-09-08 16:42:29 
jj1 = 759, max_th = 1.680094e+00, time=2024-09-08 16:42:33 
jj1 = 693, max_th = 9.360584e-01, time=2024-09-08 16:42:52 
jj1 = 675, max_th = 2.572744e+00, time=2024-09-08 16:42:56 
jj1 = 638, max_th = 1.689658e+00, time=2024-09-08 16:43:25 
jj1 = 535, max_th = 2.372584e+00, time=2024-09-08 16:43:43 
jj1 = 659, max_th = 2.185457e+00, time=2024-09-08 16:44:02 
jj1 = 534, max_th = 3.112701e+00, time=2024-09-08 16:44:19 
jj1 = 731, max_th = 1.843876e+00, time=2024-09-08 16:44:23 
jj1 = 730, max_th = 3.562972e+00, time=2024-09-08 16:44:25 
jj1 = 620, max_th = 1.916183e+00, time=2024-09-08 16:45:14 
jj1 = 658, max_th = 9.608014e-01, time=2024-09-08 16:45:48 
jj1 = 758, max_th = 2.504242e+00, time=2024-09-08 16:47:30 
jj1 = 714, max_th = 1.866741e+00, time=2024-09-08 16:47:54 
jj1 = 576, max_th = 2.162061e+00, time=2024-09-08 16:48:11 
jj1 = 596, max_th = 1.613860e+00, time=2024-09-08 16:49:12 
jj1 = 533, max_th = 1.900074e+00, time=2024-09-08 16:49:29 
jj1 = 692, max_th = 2.340714e+00, time=2024-09-08 16:49:52 
jj1 = 559, max_th = 1.842914e+00, time=2024-09-08 16:50:38 
jj1 = 674, max_th = 2.172579e+00, time=2024-09-08 16:51:41 
jj1 = 657, max_th = 2.409244e+00, time=2024-09-08 16:51:52 
jj1 = 729, max_th = 1.667089e+00, time=2024-09-08 16:51:54 
jj1 = 637, max_th = 1.934765e+00, time=2024-09-08 16:52:24 
jj1 = 619, max_th = 2.322442e+00, time=2024-09-08 16:52:54 
jj1 = 691, max_th = 2.725451e+00, time=2024-09-08 16:53:04 
jj1 = 595, max_th = 1.396874e+00, time=2024-09-08 16:53:26 
jj1 = 818, max_th = 1.283319e+00, time=2024-09-08 16:55:18 
jj1 = 673, max_th = 1.294053e+00, time=2024-09-08 16:55:47 
jj1 = 757, max_th = 2.177017e+00, time=2024-09-08 16:55:51 
jj1 = 575, max_th = 2.170256e+00, time=2024-09-08 16:56:48 
jj1 = 656, max_th = 1.411103e+00, time=2024-09-08 16:56:50 
jj1 = 713, max_th = 1.933618e+00, time=2024-09-08 16:56:53 
jj1 = 558, max_th = 1.593361e+00, time=2024-09-08 16:56:56 
jj1 = 618, max_th = 1.334597e+00, time=2024-09-08 16:57:32 
jj1 = 532, max_th = 2.092409e+00, time=2024-09-08 16:57:38 
jj1 = 690, max_th = 1.495012e+00, time=2024-09-08 16:58:13 
jj1 = 636, max_th = 2.344735e+00, time=2024-09-08 16:59:13 
jj1 = 594, max_th = 2.409355e+00, time=2024-09-08 16:59:34 
jj1 = 531, max_th = 2.810696e+00, time=2024-09-08 17:00:02 
jj1 = 655, max_th = 2.579294e+00, time=2024-09-08 17:01:28 
jj1 = 617, max_th = 2.571828e+00, time=2024-09-08 17:02:39 
jj1 = 817, max_th = 1.673901e+00, time=2024-09-08 17:02:53 
jj1 = 689, max_th = 1.336667e+00, time=2024-09-08 17:02:53 
jj1 = 756, max_th = 2.372837e+00, time=2024-09-08 17:02:56 
jj1 = 712, max_th = 2.419142e+00, time=2024-09-08 17:03:21 
jj1 = 574, max_th = 2.199082e+00, time=2024-09-08 17:03:22 
jj1 = 593, max_th = 2.580160e+00, time=2024-09-08 17:04:11 
jj1 = 672, max_th = 1.889189e+00, time=2024-09-08 17:04:23 
jj1 = 557, max_th = 1.893816e+00, time=2024-09-08 17:04:44 
jj1 = 635, max_th = 1.654397e+00, time=2024-09-08 17:05:53 
jj1 = 556, max_th = 9.908886e-01, time=2024-09-08 17:06:37 
jj1 = 816, max_th = 1.324304e+00, time=2024-09-08 17:07:17 
jj1 = 788, max_th = 1.383898e+00, time=2024-09-08 17:07:46 
jj1 = 711, max_th = 2.544602e+00, time=2024-09-08 17:07:50 
jj1 = 573, max_th = 2.569550e+00, time=2024-09-08 17:08:10 
jj1 = 654, max_th = 2.343738e+00, time=2024-09-08 17:08:23 
jj1 = 530, max_th = 1.911283e+00, time=2024-09-08 17:08:28 
jj1 = 572, max_th = 9.631874e-01, time=2024-09-08 17:09:51 
jj1 = 616, max_th = 1.631779e+00, time=2024-09-08 17:09:53 
jj1 = 755, max_th = 2.067094e+00, time=2024-09-08 17:12:12 
jj1 = 592, max_th = 2.156984e+00, time=2024-09-08 17:12:15 
jj1 = 671, max_th = 2.168929e+00, time=2024-09-08 17:12:55 
jj1 = 634, max_th = 2.375644e+00, time=2024-09-08 17:13:06 
jj1 = 529, max_th = 2.576462e+00, time=2024-09-08 17:13:10 
jj1 = 710, max_th = 2.350671e+00, time=2024-09-08 17:13:14 
jj1 = 615, max_th = 1.326406e+00, time=2024-09-08 17:14:20 
jj1 = 555, max_th = 2.155950e+00, time=2024-09-08 17:14:37 
jj1 = 815, max_th = 2.317564e+00, time=2024-09-08 17:14:38 
jj1 = 787, max_th = 2.357624e+00, time=2024-09-08 17:14:39 
jj1 = 653, max_th = 1.647563e+00, time=2024-09-08 17:14:45 
jj1 = 786, max_th = 3.040594e+00, time=2024-09-08 17:15:34 
jj1 = 670, max_th = 2.740124e+00, time=2024-09-08 17:15:46 
jj1 = 614, max_th = 1.074874e+00, time=2024-09-08 17:17:03 
jj1 = 571, max_th = 1.678352e+00, time=2024-09-08 17:17:29 
jj1 = 808, max_th = 1.371560e+00, time=2024-09-08 17:17:56 
jj1 = 591, max_th = 2.197488e+00, time=2024-09-08 17:19:19 
jj1 = 652, max_th = 1.849908e+00, time=2024-09-08 17:20:11 
jj1 = 709, max_th = 1.635828e+00, time=2024-09-08 17:20:15 
jj1 = 633, max_th = 2.151628e+00, time=2024-09-08 17:20:26 
jj1 = 754, max_th = 2.161814e+00, time=2024-09-08 17:21:00 
jj1 = 554, max_th = 1.895613e+00, time=2024-09-08 17:22:42 
jj1 = 785, max_th = 1.665377e+00, time=2024-09-08 17:23:03 
jj1 = 814, max_th = 1.962800e+00, time=2024-09-08 17:23:22 
jj1 = 669, max_th = 1.682822e+00, time=2024-09-08 17:23:23 
jj1 = 632, max_th = 2.712917e+00, time=2024-09-08 17:23:40 
jj1 = 798, max_th = 1.398643e+00, time=2024-09-08 17:24:24 
jj1 = 807, max_th = 1.611499e+00, time=2024-09-08 17:24:41 
jj1 = 631, max_th = 7.632858e-01, time=2024-09-08 17:24:44 
jj1 = 570, max_th = 1.671531e+00, time=2024-09-08 17:25:07 
jj1 = 613, max_th = 2.155905e+00, time=2024-09-08 17:25:11 
jj1 = 590, max_th = 1.568164e+00, time=2024-09-08 17:25:45 
jj1 = 784, max_th = 2.692633e+00, time=2024-09-08 17:26:30 
jj1 = 753, max_th = 2.155741e+00, time=2024-09-08 17:28:58 
jj1 = 651, max_th = 2.117538e+00, time=2024-09-08 17:29:07 
jj1 = 569, max_th = 1.602269e+00, time=2024-09-08 17:30:58 
jj1 = 553, max_th = 2.176855e+00, time=2024-09-08 17:31:21 
jj1 = 806, max_th = 1.634223e+00, time=2024-09-08 17:31:28 
jj1 = 813, max_th = 2.231734e+00, time=2024-09-08 17:31:32 
jj1 = 778, max_th = 2.125089e+00, time=2024-09-08 17:32:21 
jj1 = 612, max_th = 1.632329e+00, time=2024-09-08 17:32:36 
jj1 = 589, max_th = 1.686514e+00, time=2024-09-08 17:33:07 
jj1 = 797, max_th = 2.118162e+00, time=2024-09-08 17:33:11 
jj1 = 630, max_th = 2.127815e+00, time=2024-09-08 17:33:40 
jj1 = 650, max_th = 1.602122e+00, time=2024-09-08 17:34:56 
jj1 = 783, max_th = 1.956403e+00, time=2024-09-08 17:34:56 
jj1 = 812, max_th = 1.176826e+00, time=2024-09-08 17:35:08 
jj1 = 552, max_th = 1.284291e+00, time=2024-09-08 17:35:27 
jj1 = 805, max_th = 1.409714e+00, time=2024-09-08 17:36:16 
jj1 = 551, max_th = 2.905564e+00, time=2024-09-08 17:36:56 
jj1 = 611, max_th = 1.377646e+00, time=2024-09-08 17:37:31 
jj1 = 848, max_th = 2.557178e+00, time=2024-09-08 17:37:40 
jj1 = 752, max_th = 1.923252e+00, time=2024-09-08 17:38:01 
jj1 = 828, max_th = 1.678333e+00, time=2024-09-08 17:38:31 
jj1 = 777, max_th = 1.646692e+00, time=2024-09-08 17:38:44 
jj1 = 782, max_th = 1.368960e+00, time=2024-09-08 17:39:42 
jj1 = 796, max_th = 1.619612e+00, time=2024-09-08 17:40:11 
jj1 = 550, max_th = 1.318767e+00, time=2024-09-08 17:41:15 
jj1 = 629, max_th = 2.160444e+00, time=2024-09-08 17:42:05 
jj1 = 549, max_th = 9.662564e-01, time=2024-09-08 17:43:08 
jj1 = 610, max_th = 1.547557e+00, time=2024-09-08 17:43:13 
jj1 = 649, max_th = 2.168803e+00, time=2024-09-08 17:43:25 
jj1 = 781, max_th = 1.352557e+00, time=2024-09-08 17:43:28 
jj1 = 811, max_th = 2.170362e+00, time=2024-09-08 17:43:45 
jj1 = 804, max_th = 2.153144e+00, time=2024-09-08 17:43:50 
jj1 = 751, max_th = 2.301867e+00, time=2024-09-08 17:44:03 
jj1 = 827, max_th = 1.653175e+00, time=2024-09-08 17:44:57 
jj1 = 776, max_th = 2.393224e+00, time=2024-09-08 17:44:58 
jj1 = 795, max_th = 2.565073e+00, time=2024-09-08 17:44:57 
jj1 = 847, max_th = 2.109785e+00, time=2024-09-08 17:46:13 
jj1 = 868, max_th = 1.344098e+00, time=2024-09-08 17:47:10 
jj1 = 775, max_th = 1.313228e+00, time=2024-09-08 17:49:20 
jj1 = 838, max_th = 1.681148e+00, time=2024-09-08 17:50:06 
jj1 = 810, max_th = 2.295355e+00, time=2024-09-08 17:50:28 
jj1 = 837, max_th = 2.899398e+00, time=2024-09-08 17:51:22 
jj1 = 794, max_th = 2.302852e+00, time=2024-09-08 17:51:34 
jj1 = 750, max_th = 2.245018e+00, time=2024-09-08 17:51:34 
jj1 = 780, max_th = 2.160822e+00, time=2024-09-08 17:51:54 
jj1 = 803, max_th = 2.139850e+00, time=2024-09-08 17:52:22 
jj1 = 858, max_th = 2.063214e+00, time=2024-09-08 17:52:28 
jj1 = 609, max_th = 1.982525e+00, time=2024-09-08 17:52:28 
jj1 = 867, max_th = 1.703271e+00, time=2024-09-08 17:53:44 
jj1 = 793, max_th = 2.750370e+00, time=2024-09-08 17:53:47 
jj1 = 774, max_th = 1.373782e+00, time=2024-09-08 17:54:08 
jj1 = 809, max_th = 1.302587e+00, time=2024-09-08 17:54:09 
jj1 = 826, max_th = 2.124635e+00, time=2024-09-08 17:54:10 
jj1 = 846, max_th = 2.212651e+00, time=2024-09-08 17:54:24 
jj1 = 825, max_th = 8.874053e-01, time=2024-09-08 17:55:38 
jj1 = 749, max_th = 1.610332e+00, time=2024-09-08 17:57:31 
jj1 = 866, max_th = 1.311488e+00, time=2024-09-08 17:57:39 
jj1 = 845, max_th = 1.344550e+00, time=2024-09-08 17:58:22 
jj1 = 802, max_th = 1.557572e+00, time=2024-09-08 17:58:22 
jj1 = 836, max_th = 2.311697e+00, time=2024-09-08 17:58:56 
jj1 = 857, max_th = 2.367905e+00, time=2024-09-08 17:59:29 
jj1 = 835, max_th = 8.877476e-01, time=2024-09-08 18:00:09 
jj1 = 888, max_th = 1.680944e+00, time=2024-09-08 18:00:19 
jj1 = 779, max_th = 2.114507e+00, time=2024-09-08 18:00:35 
jj1 = 844, max_th = 2.763544e+00, time=2024-09-08 18:01:20 
jj1 = 792, max_th = 2.094708e+00, time=2024-09-08 18:01:44 
jj1 = 898, max_th = 2.946818e+00, time=2024-09-08 18:01:50 
jj1 = 865, max_th = 1.337158e+00, time=2024-09-08 18:01:59 
jj1 = 856, max_th = 1.299887e+00, time=2024-09-08 18:02:23 
jj1 = 773, max_th = 1.935981e+00, time=2024-09-08 18:02:51 
jj1 = 893, max_th = 1.935030e+00, time=2024-09-08 18:03:05 
jj1 = 791, max_th = 9.702531e-01, time=2024-09-08 18:03:38 
jj1 = 855, max_th = 8.703310e-01, time=2024-09-08 18:03:52 
jj1 = 824, max_th = 2.162412e+00, time=2024-09-08 18:04:10 
jj1 = 772, max_th = 9.064008e-01, time=2024-09-08 18:04:23 
jj1 = 801, max_th = 1.697305e+00, time=2024-09-08 18:04:59 
jj1 = 834, max_th = 2.510204e+00, time=2024-09-08 18:05:19 
jj1 = 878, max_th = 1.715675e+00, time=2024-09-08 18:05:38 
jj1 = 887, max_th = 2.336734e+00, time=2024-09-08 18:07:36 
jj1 = 877, max_th = 1.249480e+00, time=2024-09-08 18:08:43 
jj1 = 886, max_th = 9.312208e-01, time=2024-09-08 18:09:22 
jj1 = 897, max_th = 2.241859e+00, time=2024-09-08 18:09:42 
jj1 = 843, max_th = 1.943761e+00, time=2024-09-08 18:09:43 
jj1 = 823, max_th = 2.402668e+00, time=2024-09-08 18:09:52 
jj1 = 854, max_th = 2.431456e+00, time=2024-09-08 18:10:07 
jj1 = 800, max_th = 2.396313e+00, time=2024-09-08 18:10:42 
jj1 = 892, max_th = 1.762741e+00, time=2024-09-08 18:10:45 
jj1 = 864, max_th = 1.972418e+00, time=2024-09-08 18:10:57 
jj1 = 833, max_th = 1.686185e+00, time=2024-09-08 18:12:48 
jj1 = 790, max_th = 1.926805e+00, time=2024-09-08 18:12:56 
jj1 = 771, max_th = 1.909051e+00, time=2024-09-08 18:12:59 
jj1 = 896, max_th = 1.187852e+00, time=2024-09-08 18:13:05 
jj1 = 853, max_th = 2.711912e+00, time=2024-09-08 18:13:12 
jj1 = 832, max_th = -1.540247e-02, time=2024-09-08 18:13:11 
jj1 = 876, max_th = 2.555888e+00, time=2024-09-08 18:13:15 
jj1 = 885, max_th = 1.335967e+00, time=2024-09-08 18:13:55 
jj1 = 863, max_th = 2.598921e+00, time=2024-09-08 18:14:22 
jj1 = 789, max_th = 9.754327e-01, time=2024-09-08 18:14:51 
jj1 = 891, max_th = 2.398964e+00, time=2024-09-08 18:15:59 
jj1 = 842, max_th = 2.347104e+00, time=2024-09-08 18:16:02 
jj1 = 862, max_th = 9.736587e-01, time=2024-09-08 18:16:10 
jj1 = 822, max_th = 1.587727e+00, time=2024-09-08 18:16:35 
jj1 = 799, max_th = 2.204330e+00, time=2024-09-08 18:18:09 
jj1 = 884, max_th = 1.365605e+00, time=2024-09-08 18:18:35 
jj1 = 770, max_th = 2.150265e+00, time=2024-09-08 18:18:46 
jj1 = 861, max_th = 1.285007e+00, time=2024-09-08 18:19:45 
jj1 = 895, max_th = 2.245836e+00, time=2024-09-08 18:20:13 
jj1 = 831, max_th = 1.633372e+00, time=2024-09-08 18:20:37 
jj1 = 875, max_th = 1.673221e+00, time=2024-09-08 18:21:02 
jj1 = 769, max_th = 2.757248e+00, time=2024-09-08 18:21:24 
jj1 = 852, max_th = 1.935037e+00, time=2024-09-08 18:21:57 
jj1 = 821, max_th = 1.556616e+00, time=2024-09-08 18:22:34 
jj1 = 874, max_th = 9.583545e-01, time=2024-09-08 18:22:39 
jj1 = 841, max_th = 1.678780e+00, time=2024-09-08 18:23:43 
jj1 = 890, max_th = 1.904091e+00, time=2024-09-08 18:24:02 
jj1 = 908, max_th = 1.921252e+00, time=2024-09-08 18:24:05 
jj1 = 820, max_th = 9.306849e-01, time=2024-09-08 18:24:14 
jj1 = 840, max_th = 9.583829e-01, time=2024-09-08 18:25:23 
jj1 = 903, max_th = 1.628802e+00, time=2024-09-08 18:25:27 
jj1 = 830, max_th = 2.496623e+00, time=2024-09-08 18:25:33 
jj1 = 819, max_th = 9.806356e-01, time=2024-09-08 18:26:06 
jj1 = 902, max_th = 2.749780e+00, time=2024-09-08 18:27:27 
jj1 = 883, max_th = 2.170721e+00, time=2024-09-08 18:27:30 
jj1 = 860, max_th = 1.883177e+00, time=2024-09-08 18:28:33 
jj1 = 851, max_th = 1.643244e+00, time=2024-09-08 18:28:36 
jj1 = 913, max_th = 1.794474e+00, time=2024-09-08 18:29:07 
jj1 = 894, max_th = 2.118647e+00, time=2024-09-08 18:29:10 
jj1 = 901, max_th = 2.807801e+00, time=2024-09-08 18:29:40 
jj1 = 907, max_th = 2.408374e+00, time=2024-09-08 18:30:16 
jj1 = 889, max_th = 2.413148e+00, time=2024-09-08 18:30:21 
jj1 = 918, max_th = 1.286466e+00, time=2024-09-08 18:30:25 
jj1 = 873, max_th = 1.721993e+00, time=2024-09-08 18:30:46 
jj1 = 829, max_th = 2.517939e+00, time=2024-09-08 18:31:03 
jj1 = 882, max_th = 2.398583e+00, time=2024-09-08 18:33:03 
jj1 = 850, max_th = 2.571940e+00, time=2024-09-08 18:33:18 
jj1 = 859, max_th = 1.699841e+00, time=2024-09-08 18:33:30 
jj1 = 956, max_th = 1.394530e+00, time=2024-09-08 18:33:43 
jj1 = 839, max_th = 1.918452e+00, time=2024-09-08 18:34:16 
jj1 = 948, max_th = 2.593145e+00, time=2024-09-08 18:34:29 
jj1 = 923, max_th = 8.385512e-01, time=2024-09-08 18:35:32 
jj1 = 955, max_th = 9.864246e-01, time=2024-09-08 18:35:38 
jj1 = 912, max_th = 1.628963e+00, time=2024-09-08 18:35:57 
jj1 = 917, max_th = 1.556945e+00, time=2024-09-08 18:36:26 
jj1 = 933, max_th = 1.326518e+00, time=2024-09-08 18:37:38 
jj1 = 900, max_th = 1.890572e+00, time=2024-09-08 18:38:11 
jj1 = 872, max_th = 1.679373e+00, time=2024-09-08 18:38:26 
jj1 = 906, max_th = 1.879567e+00, time=2024-09-08 18:39:03 
jj1 = 947, max_th = 1.364281e+00, time=2024-09-08 18:39:20 
jj1 = 928, max_th = 2.160042e+00, time=2024-09-08 18:39:32 
jj1 = 922, max_th = 1.320575e+00, time=2024-09-08 18:40:06 
jj1 = 911, max_th = 1.386328e+00, time=2024-09-08 18:40:37 
jj1 = 849, max_th = 1.687450e+00, time=2024-09-08 18:40:38 
jj1 = 927, max_th = 9.070760e-01, time=2024-09-08 18:40:48 
jj1 = 881, max_th = 2.107550e+00, time=2024-09-08 18:41:22 
jj1 = 926, max_th = 9.045261e-01, time=2024-09-08 18:42:16 
jj1 = 954, max_th = 2.333027e+00, time=2024-09-08 18:42:58 
jj1 = 871, max_th = 1.375359e+00, time=2024-09-08 18:43:25 
jj1 = 916, max_th = 1.664810e+00, time=2024-09-08 18:43:44 
jj1 = 921, max_th = 1.272781e+00, time=2024-09-08 18:43:48 
jj1 = 932, max_th = 2.255167e+00, time=2024-09-08 18:44:56 
jj1 = 925, max_th = 2.698352e+00, time=2024-09-08 18:45:07 
jj1 = 899, max_th = 1.704274e+00, time=2024-09-08 18:45:06 
jj1 = 915, max_th = 9.777037e-01, time=2024-09-08 18:45:34 
jj1 = 946, max_th = 2.105063e+00, time=2024-09-08 18:47:10 
jj1 = 870, max_th = 1.328212e+00, time=2024-09-08 18:47:33 
jj1 = 880, max_th = 1.541439e+00, time=2024-09-08 18:47:35 
jj1 = 905, max_th = 1.827253e+00, time=2024-09-08 18:48:02 
jj1 = 910, max_th = 1.723044e+00, time=2024-09-08 18:48:12 
jj1 = 938, max_th = 2.238466e+00, time=2024-09-08 18:48:31 
jj1 = 931, max_th = 1.402250e+00, time=2024-09-08 18:49:16 
jj1 = 924, max_th = 2.515015e+00, time=2024-09-08 18:50:36 
jj1 = 930, max_th = 8.770053e-01, time=2024-09-08 18:50:48 
jj1 = 869, max_th = 2.635885e+00, time=2024-09-08 18:51:41 
jj1 = 914, max_th = 2.413169e+00, time=2024-09-08 18:51:46 
jj1 = 953, max_th = 1.881259e+00, time=2024-09-08 18:51:54 
jj1 = 904, max_th = 2.503002e+00, time=2024-09-08 18:52:53 
jj1 = 920, max_th = 2.030534e+00, time=2024-09-08 18:53:00 
jj1 = 964, max_th = 2.178308e+00, time=2024-09-08 18:53:44 
jj1 = 879, max_th = 1.633926e+00, time=2024-09-08 18:55:11 
jj1 = 945, max_th = 2.167257e+00, time=2024-09-08 18:55:56 
jj1 = 960, max_th = 1.351306e+00, time=2024-09-08 18:56:32 
jj1 = 909, max_th = 1.862936e+00, time=2024-09-08 18:56:52 
jj1 = 937, max_th = 2.134833e+00, time=2024-09-08 18:57:07 
jj1 = 929, max_th = 1.655813e+00, time=2024-09-08 18:57:27 
jj1 = 984, max_th = 1.669869e+00, time=2024-09-08 18:58:18 
jj1 = 972, max_th = 2.372446e+00, time=2024-09-08 18:58:54 
jj1 = 963, max_th = 2.491655e+00, time=2024-09-08 18:59:03 
jj1 = 952, max_th = 2.155722e+00, time=2024-09-08 18:59:39 
jj1 = 919, max_th = 1.634921e+00, time=2024-09-08 19:00:00 
jj1 = 976, max_th = 2.075780e+00, time=2024-09-08 19:00:55 
jj1 = 943, max_th = 1.642752e+00, time=2024-09-08 19:02:03 
jj1 = 936, max_th = 1.430886e+00, time=2024-09-08 19:02:20 
jj1 = 944, max_th = 1.655579e+00, time=2024-09-08 19:02:27 
jj1 = 968, max_th = 1.647461e+00, time=2024-09-08 19:03:00 
jj1 = 951, max_th = 1.340575e+00, time=2024-09-08 19:03:42 
jj1 = 967, max_th = 3.069442e+00, time=2024-09-08 19:03:49 
jj1 = 959, max_th = 1.901162e+00, time=2024-09-08 19:03:50 
jj1 = 962, max_th = 2.426563e+00, time=2024-09-08 19:05:23 
jj1 = 988, max_th = 1.921384e+00, time=2024-09-08 19:06:41 
jj1 = 942, max_th = 1.388336e+00, time=2024-09-08 19:06:46 
jj1 = 975, max_th = 2.395722e+00, time=2024-09-08 19:07:06 
jj1 = 983, max_th = 1.964274e+00, time=2024-09-08 19:07:18 
jj1 = 971, max_th = 1.837198e+00, time=2024-09-08 19:07:23 
jj1 = 992, max_th = 1.675975e+00, time=2024-09-08 19:07:29 
jj1 = 966, max_th = 1.367483e+00, time=2024-09-08 19:08:30 
jj1 = 980, max_th = 1.701744e+00, time=2024-09-08 19:08:48 
jj1 = 950, max_th = 2.357199e+00, time=2024-09-08 19:10:30 
jj1 = 958, max_th = 2.367299e+00, time=2024-09-08 19:10:52 
jj1 = 970, max_th = 1.649950e+00, time=2024-09-08 19:11:18 
jj1 = 935, max_th = 1.971272e+00, time=2024-09-08 19:11:32 
jj1 = 974, max_th = 1.444150e+00, time=2024-09-08 19:12:11 
jj1 = 961, max_th = 1.808947e+00, time=2024-09-08 19:13:09 
jj1 = 941, max_th = 1.534224e+00, time=2024-09-08 19:13:32 
jj1 = 991, max_th = 1.658725e+00, time=2024-09-08 19:14:24 
jj1 = 987, max_th = 1.806274e+00, time=2024-09-08 19:14:32 
jj1 = 934, max_th = 1.400114e+00, time=2024-09-08 19:14:42 
jj1 = 949, max_th = 1.325829e+00, time=2024-09-08 19:14:55 
jj1 = 965, max_th = 1.685903e+00, time=2024-09-08 19:16:06 
jj1 = 979, max_th = 2.153629e+00, time=2024-09-08 19:16:30 
jj1 = 982, max_th = 1.969831e+00, time=2024-09-08 19:16:32 
jj1 = 969, max_th = 1.584596e+00, time=2024-09-08 19:17:47 
jj1 = 978, max_th = 2.701775e+00, time=2024-09-08 19:19:17 
jj1 = 996, max_th = 1.389825e+00, time=2024-09-08 19:19:22 
jj1 = 973, max_th = 1.683748e+00, time=2024-09-08 19:19:31 
jj1 = 957, max_th = 1.930243e+00, time=2024-09-08 19:19:57 
jj1 = 940, max_th = 2.391723e+00, time=2024-09-08 19:20:02 
jj1 = 999, max_th = 1.511547e+00, time=2024-09-08 19:20:47 
jj1 = 997, max_th = 1.968535e+00, time=2024-09-08 19:22:06 
jj1 = 986, max_th = 1.812584e+00, time=2024-09-08 19:22:18 
jj1 = 977, max_th = 1.242851e+00, time=2024-09-08 19:22:36 
jj1 = 990, max_th = 1.917838e+00, time=2024-09-08 19:23:12 
jj1 = 981, max_th = 1.866507e+00, time=2024-09-08 19:24:55 
jj1 = 1000, max_th = 1.898757e+00, time=2024-09-08 19:24:55 
jj1 = 998, max_th = 9.646244e-01, time=2024-09-08 19:26:29 
jj1 = 939, max_th = 1.696062e+00, time=2024-09-08 19:26:39 
jj1 = 995, max_th = 1.918461e+00, time=2024-09-08 19:28:02 
jj1 = 985, max_th = 1.629813e+00, time=2024-09-08 19:29:47 
jj1 = 989, max_th = 1.973214e+00, time=2024-09-08 19:31:43 
jj1 = 994, max_th = 1.382270e+00, time=2024-09-08 19:32:18 
jj1 = 993, max_th = 2.902107e+00, time=2024-09-08 19:33:35 
>> >> >> >> >> >> >> >> 