MATLAB is selecting SOFTWARE OPENGL rendering.

                            < M A T L A B (R) >
                  Copyright 1984-2021 The MathWorks, Inc.
                  R2021b (9.11.0.1769968) 64-bit (glnxa64)
                             September 17, 2021

 
To get started, type doc.
For product information, visit www.mathworks.com.
 
>> >> >> >> >> >> >> >> >> >> >> >> >> >> >> >> >> >> >> >> >> >> >> >> Starting parallel pool (parpool) using the 'local' profile ...
Connected to the parallel pool (number of workers: 12).
jj1 = 55, max_th = -1.993279e-01, time=2024-09-08 10:55:18 
jj1 = 25, max_th = 3.249220e+00, time=2024-09-08 10:56:21 
jj1 = 40, max_th = 2.843958e+00, time=2024-09-08 10:57:11 
jj1 = 15, max_th = 2.654454e+00, time=2024-09-08 10:57:12 
jj1 = 10, max_th = 2.596791e+00, time=2024-09-08 10:58:23 
jj1 = 50, max_th = 1.280852e+00, time=2024-09-08 11:00:17 
jj1 = 20, max_th = 1.701781e+00, time=2024-09-08 11:00:27 
jj1 = 24, max_th = 1.127323e+00, time=2024-09-08 11:01:05 
jj1 = 9, max_th = 2.827703e+00, time=2024-09-08 11:01:21 
jj1 = 23, max_th = 9.526171e-01, time=2024-09-08 11:02:10 
jj1 = 45, max_th = 1.899794e+00, time=2024-09-08 11:02:53 
jj1 = 5, max_th = 2.034607e+00, time=2024-09-08 11:04:43 
jj1 = 30, max_th = 2.035319e+00, time=2024-09-08 11:05:47 
jj1 = 54, max_th = 2.289493e+00, time=2024-09-08 11:05:52 
jj1 = 60, max_th = 1.926427e+00, time=2024-09-08 11:06:13 
jj1 = 14, max_th = 1.918479e+00, time=2024-09-08 11:06:27 
jj1 = 29, max_th = 9.127530e-01, time=2024-09-08 11:06:40 
jj1 = 39, max_th = 1.514081e+00, time=2024-09-08 11:07:17 
jj1 = 8, max_th = 1.463134e+00, time=2024-09-08 11:08:44 
jj1 = 49, max_th = 2.044452e+00, time=2024-09-08 11:08:55 
jj1 = 53, max_th = 2.652624e+00, time=2024-09-08 11:09:31 
jj1 = 52, max_th = 4.437018e+00, time=2024-09-08 11:09:36 
jj1 = 7, max_th = 2.951732e+00, time=2024-09-08 11:09:49 
jj1 = 19, max_th = 1.957424e+00, time=2024-09-08 11:10:38 
jj1 = 22, max_th = 2.134936e+00, time=2024-09-08 11:10:53 
jj1 = 48, max_th = 9.677864e-01, time=2024-09-08 11:10:56 
jj1 = 44, max_th = 2.113880e+00, time=2024-09-08 11:11:29 
jj1 = 35, max_th = 2.127236e+00, time=2024-09-08 11:13:03 
jj1 = 18, max_th = 9.389798e-01, time=2024-09-08 11:13:36 
jj1 = 21, max_th = 1.182559e+00, time=2024-09-08 11:13:43 
jj1 = 47, max_th = 1.304460e+00, time=2024-09-08 11:14:33 
jj1 = 28, max_th = 2.146344e+00, time=2024-09-08 11:14:46 
jj1 = 51, max_th = 2.251381e+00, time=2024-09-08 11:15:38 
jj1 = 13, max_th = 2.539895e+00, time=2024-09-08 11:15:46 
jj1 = 38, max_th = 2.112091e+00, time=2024-09-08 11:16:56 
jj1 = 489, max_th = 4.443016e-01, time=2024-09-08 11:17:04 
jj1 = 34, max_th = 1.388259e+00, time=2024-09-08 11:17:26 
jj1 = 4, max_th = 1.910488e+00, time=2024-09-08 11:17:27 
jj1 = 255, max_th = 1.420156e+00, time=2024-09-08 11:18:21 
jj1 = 43, max_th = 2.439511e+00, time=2024-09-08 11:20:00 
jj1 = 59, max_th = 1.827046e+00, time=2024-09-08 11:20:50 
jj1 = 37, max_th = 2.676509e+00, time=2024-09-08 11:21:32 
jj1 = 6, max_th = 2.314164e+00, time=2024-09-08 11:22:29 
jj1 = 17, max_th = 2.166866e+00, time=2024-09-08 11:22:50 
jj1 = 488, max_th = 2.984767e+00, time=2024-09-08 11:22:56 
jj1 = 58, max_th = 1.315715e+00, time=2024-09-08 11:23:11 
jj1 = 27, max_th = 2.054776e+00, time=2024-09-08 11:23:24 
jj1 = 46, max_th = 1.739179e+00, time=2024-09-08 11:24:00 
jj1 = 12, max_th = 2.175758e+00, time=2024-09-08 11:25:00 
jj1 = 254, max_th = 2.193106e+00, time=2024-09-08 11:26:59 
jj1 = 42, max_th = 1.558888e+00, time=2024-09-08 11:27:02 
jj1 = 33, max_th = 2.511866e+00, time=2024-09-08 11:27:03 
jj1 = 3, max_th = 1.802602e+00, time=2024-09-08 11:28:00 
jj1 = 26, max_th = 1.423086e+00, time=2024-09-08 11:30:06 
jj1 = 36, max_th = 1.680911e+00, time=2024-09-08 11:30:07 
jj1 = 487, max_th = 2.115236e+00, time=2024-09-08 11:31:10 
jj1 = 450, max_th = 1.848977e+00, time=2024-09-08 11:31:31 
jj1 = 57, max_th = 1.676549e+00, time=2024-09-08 11:31:45 
jj1 = 2, max_th = 2.722029e+00, time=2024-09-08 11:32:33 
jj1 = 138, max_th = 2.029536e+00, time=2024-09-08 11:32:50 
jj1 = 11, max_th = 1.761379e+00, time=2024-09-08 11:33:40 
jj1 = 16, max_th = 2.171074e+00, time=2024-09-08 11:34:40 
jj1 = 32, max_th = 2.089348e+00, time=2024-09-08 11:34:42 
jj1 = 1, max_th = 1.199049e+00, time=2024-09-08 11:35:03 
jj1 = 449, max_th = 2.592248e+00, time=2024-09-08 11:35:04 
jj1 = 41, max_th = 1.598194e+00, time=2024-09-08 11:35:55 
jj1 = 56, max_th = 1.803822e+00, time=2024-09-08 11:36:45 
jj1 = 253, max_th = 2.067408e+00, time=2024-09-08 11:37:13 
jj1 = 294, max_th = 2.205731e+00, time=2024-09-08 11:37:49 
jj1 = 177, max_th = 2.545121e+00, time=2024-09-08 11:39:17 
jj1 = 137, max_th = 1.744157e+00, time=2024-09-08 11:40:03 
jj1 = 486, max_th = 1.944631e+00, time=2024-09-08 11:40:09 
jj1 = 448, max_th = 1.697566e+00, time=2024-09-08 11:40:48 
jj1 = 372, max_th = 1.885505e+00, time=2024-09-08 11:41:02 
jj1 = 31, max_th = 1.708081e+00, time=2024-09-08 11:42:15 
jj1 = 99, max_th = 1.770093e+00, time=2024-09-08 11:42:32 
jj1 = 216, max_th = 2.006706e+00, time=2024-09-08 11:42:41 
jj1 = 411, max_th = 2.643740e+00, time=2024-09-08 11:43:50 
jj1 = 252, max_th = 2.451420e+00, time=2024-09-08 11:43:54 
jj1 = 176, max_th = 1.486987e+00, time=2024-09-08 11:45:36 
jj1 = 293, max_th = 1.918210e+00, time=2024-09-08 11:45:47 
jj1 = 528, max_th = 2.396000e+00, time=2024-09-08 11:46:06 
jj1 = 98, max_th = 2.942340e+00, time=2024-09-08 11:47:06 
jj1 = 447, max_th = 1.525141e+00, time=2024-09-08 11:47:37 
jj1 = 215, max_th = 1.744012e+00, time=2024-09-08 11:49:24 
jj1 = 371, max_th = 2.077338e+00, time=2024-09-08 11:50:35 
jj1 = 410, max_th = 2.233233e+00, time=2024-09-08 11:50:49 
jj1 = 485, max_th = 2.024246e+00, time=2024-09-08 11:51:16 
jj1 = 97, max_th = 1.917277e+00, time=2024-09-08 11:51:32 
jj1 = 484, max_th = 9.636304e-02, time=2024-09-08 11:51:55 
jj1 = 251, max_th = 1.994072e+00, time=2024-09-08 11:52:39 
jj1 = 527, max_th = 1.428541e+00, time=2024-09-08 11:52:40 
jj1 = 446, max_th = 1.173139e+00, time=2024-09-08 11:53:01 
jj1 = 333, max_th = 1.885000e+00, time=2024-09-08 11:53:23 
jj1 = 292, max_th = 2.344532e+00, time=2024-09-08 11:53:28 
jj1 = 136, max_th = -4.808132e-01, time=2024-09-08 11:54:37 
jj1 = 250, max_th = 1.100504e+00, time=2024-09-08 11:54:40 
jj1 = 332, max_th = 2.934867e+00, time=2024-09-08 11:56:16 
jj1 = 445, max_th = 9.200504e-01, time=2024-09-08 11:56:17 
jj1 = 291, max_th = 2.780226e+00, time=2024-09-08 11:56:58 
jj1 = 409, max_th = 1.465146e+00, time=2024-09-08 11:57:21 
jj1 = 96, max_th = 2.193696e+00, time=2024-09-08 11:57:26 
jj1 = 444, max_th = 3.379059e+00, time=2024-09-08 11:57:59 
jj1 = 443, max_th = -1.146340e-01, time=2024-09-08 11:58:31 
jj1 = 95, max_th = 2.962429e+00, time=2024-09-08 11:58:39 
jj1 = 526, max_th = 1.511655e+00, time=2024-09-08 11:59:28 
jj1 = 331, max_th = 2.534455e+00, time=2024-09-08 11:59:29 
jj1 = 370, max_th = 1.975474e+00, time=2024-09-08 11:59:46 
jj1 = 214, max_th = 1.825574e+00, time=2024-09-08 11:59:54 
jj1 = 483, max_th = 1.911061e+00, time=2024-09-08 12:01:16 
jj1 = 135, max_th = 2.316302e+00, time=2024-09-08 12:01:36 
jj1 = 290, max_th = 1.606113e+00, time=2024-09-08 12:03:37 
jj1 = 289, max_th = -5.166593e-01, time=2024-09-08 12:03:49 
jj1 = 249, max_th = 2.229483e+00, time=2024-09-08 12:04:05 
jj1 = 213, max_th = 2.633834e+00, time=2024-09-08 12:04:15 
jj1 = 525, max_th = 1.491792e+00, time=2024-09-08 12:05:14 
jj1 = 524, max_th = 2.057323e-01, time=2024-09-08 12:05:18 
jj1 = 408, max_th = 1.755407e+00, time=2024-09-08 12:05:32 
jj1 = 442, max_th = 1.690833e+00, time=2024-09-08 12:06:04 
jj1 = 94, max_th = 1.378627e+00, time=2024-09-08 12:06:39 
jj1 = 482, max_th = 1.302929e+00, time=2024-09-08 12:06:40 
jj1 = 330, max_th = 2.402115e+00, time=2024-09-08 12:06:43 
jj1 = 175, max_th = 2.129161e+00, time=2024-09-08 12:07:05 
jj1 = 369, max_th = 2.128293e+00, time=2024-09-08 12:07:48 
jj1 = 134, max_th = 1.730407e+00, time=2024-09-08 12:08:52 
jj1 = 441, max_th = 2.542827e+00, time=2024-09-08 12:09:47 
jj1 = 481, max_th = 2.696685e+00, time=2024-09-08 12:10:25 
jj1 = 288, max_th = 1.746906e+00, time=2024-09-08 12:11:40 
jj1 = 248, max_th = 1.889026e+00, time=2024-09-08 12:12:48 
jj1 = 407, max_th = 1.953105e+00, time=2024-09-08 12:12:59 
jj1 = 93, max_th = 1.529413e+00, time=2024-09-08 12:13:11 
jj1 = 523, max_th = 2.291805e+00, time=2024-09-08 12:13:30 
jj1 = 133, max_th = 2.516932e+00, time=2024-09-08 12:14:03 
jj1 = 368, max_th = 2.380735e+00, time=2024-09-08 12:14:53 
jj1 = 287, max_th = 1.160194e+00, time=2024-09-08 12:15:28 
jj1 = 367, max_th = 3.110567e+00, time=2024-09-08 12:16:15 
jj1 = 247, max_th = 3.200427e+00, time=2024-09-08 12:16:32 
jj1 = 212, max_th = 2.007616e+00, time=2024-09-08 12:16:40 
jj1 = 174, max_th = 1.991437e+00, time=2024-09-08 12:16:54 
jj1 = 366, max_th = 3.143175e+00, time=2024-09-08 12:17:00 
jj1 = 329, max_th = 1.875043e+00, time=2024-09-08 12:17:21 
jj1 = 480, max_th = 2.159772e+00, time=2024-09-08 12:18:26 
jj1 = 522, max_th = 1.188977e+00, time=2024-09-08 12:18:26 
jj1 = 406, max_th = 1.755151e+00, time=2024-09-08 12:18:39 
jj1 = 479, max_th = 3.230132e+00, time=2024-09-08 12:19:17 
jj1 = 132, max_th = 2.506244e+00, time=2024-09-08 12:20:32 
jj1 = 440, max_th = 2.380546e+00, time=2024-09-08 12:21:11 
jj1 = 92, max_th = 2.008169e+00, time=2024-09-08 12:21:55 
jj1 = 173, max_th = 1.754443e+00, time=2024-09-08 12:23:28 
jj1 = 246, max_th = 1.949487e+00, time=2024-09-08 12:23:31 
jj1 = 211, max_th = 2.265516e+00, time=2024-09-08 12:24:32 
jj1 = 478, max_th = 1.634418e+00, time=2024-09-08 12:24:49 
jj1 = 328, max_th = 1.793180e+00, time=2024-09-08 12:26:26 
jj1 = 365, max_th = 1.786050e+00, time=2024-09-08 12:26:47 
jj1 = 131, max_th = 2.202912e+00, time=2024-09-08 12:27:45 
jj1 = 286, max_th = 2.162129e+00, time=2024-09-08 12:28:08 
jj1 = 364, max_th = 1.150515e+00, time=2024-09-08 12:28:23 
jj1 = 91, max_th = 2.452977e+00, time=2024-09-08 12:28:27 
jj1 = 210, max_th = 1.124452e+00, time=2024-09-08 12:28:49 
jj1 = 245, max_th = 2.345359e+00, time=2024-09-08 12:29:58 
jj1 = 405, max_th = 1.930970e+00, time=2024-09-08 12:30:13 
jj1 = 172, max_th = 1.576251e+00, time=2024-09-08 12:30:26 
jj1 = 439, max_th = 2.124148e+00, time=2024-09-08 12:30:35 
jj1 = 90, max_th = 1.197183e+00, time=2024-09-08 12:31:56 
jj1 = 327, max_th = 2.249087e+00, time=2024-09-08 12:32:57 
jj1 = 477, max_th = 2.075252e+00, time=2024-09-08 12:33:45 
jj1 = 244, max_th = 1.706748e+00, time=2024-09-08 12:35:37 
jj1 = 363, max_th = 1.878370e+00, time=2024-09-08 12:35:40 
jj1 = 521, max_th = 2.081041e+00, time=2024-09-08 12:36:03 
jj1 = 438, max_th = 2.057320e+00, time=2024-09-08 12:37:09 
jj1 = 171, max_th = 2.415617e+00, time=2024-09-08 12:37:14 
jj1 = 130, max_th = 2.012014e+00, time=2024-09-08 12:37:44 
jj1 = 285, max_th = 1.818439e+00, time=2024-09-08 12:38:12 
jj1 = 209, max_th = 1.765158e+00, time=2024-09-08 12:38:17 
jj1 = 89, max_th = 2.152214e+00, time=2024-09-08 12:39:20 
jj1 = 404, max_th = 1.638333e+00, time=2024-09-08 12:39:33 
jj1 = 362, max_th = 1.078277e+00, time=2024-09-08 12:40:21 
jj1 = 170, max_th = 1.234590e+00, time=2024-09-08 12:41:42 
jj1 = 243, max_th = 2.032720e+00, time=2024-09-08 12:43:20 
jj1 = 326, max_th = 1.817317e+00, time=2024-09-08 12:43:40 
jj1 = 129, max_th = 2.447022e+00, time=2024-09-08 12:44:20 
jj1 = 88, max_th = 2.214011e+00, time=2024-09-08 12:44:33 
jj1 = 208, max_th = 2.321642e+00, time=2024-09-08 12:45:23 
jj1 = 361, max_th = 1.599065e+00, time=2024-09-08 12:45:23 
jj1 = 476, max_th = 1.271329e+00, time=2024-09-08 12:45:42 
jj1 = 169, max_th = 1.386841e+00, time=2024-09-08 12:46:06 
jj1 = 284, max_th = 1.654685e+00, time=2024-09-08 12:46:17 
jj1 = 403, max_th = 1.574495e+00, time=2024-09-08 12:47:39 
jj1 = 325, max_th = 1.572826e+00, time=2024-09-08 12:48:45 
jj1 = 87, max_th = 2.460248e+00, time=2024-09-08 12:49:06 
jj1 = 360, max_th = 1.498018e+00, time=2024-09-08 12:50:09 
jj1 = 402, max_th = 2.809695e+00, time=2024-09-08 12:50:43 
jj1 = 128, max_th = 2.299561e+00, time=2024-09-08 12:52:19 
jj1 = 283, max_th = 1.993620e+00, time=2024-09-08 12:52:56 
jj1 = 168, max_th = 1.701994e+00, time=2024-09-08 12:53:00 
jj1 = 437, max_th = 3.526474e+00, time=2024-09-08 12:53:22 
jj1 = 520, max_th = 1.819586e+00, time=2024-09-08 12:53:46 
jj1 = 282, max_th = 8.458802e-01, time=2024-09-08 12:53:51 
jj1 = 475, max_th = 2.523023e+00, time=2024-09-08 12:54:17 
jj1 = 127, max_th = 9.813653e-01, time=2024-09-08 12:54:52 
jj1 = 242, max_th = 1.532175e+00, time=2024-09-08 12:55:07 
jj1 = 86, max_th = 2.503104e+00, time=2024-09-08 12:57:12 
jj1 = 85, max_th = 3.095238e+00, time=2024-09-08 12:58:12 
jj1 = 167, max_th = 1.341581e+00, time=2024-09-08 12:58:36 
jj1 = 401, max_th = 1.733330e+00, time=2024-09-08 12:58:46 
jj1 = 324, max_th = 1.919248e+00, time=2024-09-08 12:59:10 
jj1 = 281, max_th = 1.377487e+00, time=2024-09-08 12:59:25 
jj1 = 126, max_th = 2.534379e+00, time=2024-09-08 12:59:29 
jj1 = 436, max_th = 2.704665e+00, time=2024-09-08 13:00:12 
jj1 = 323, max_th = 2.880040e+00, time=2024-09-08 13:00:23 
jj1 = 400, max_th = 2.403922e+00, time=2024-09-08 13:02:19 
jj1 = 474, max_th = 2.021962e+00, time=2024-09-08 13:02:20 
jj1 = 280, max_th = 2.735179e+00, time=2024-09-08 13:02:36 
jj1 = 359, max_th = 2.254242e+00, time=2024-09-08 13:04:04 
jj1 = 519, max_th = 1.769973e+00, time=2024-09-08 13:04:54 
jj1 = 241, max_th = 2.160930e+00, time=2024-09-08 13:05:02 
jj1 = 125, max_th = 1.570127e+00, time=2024-09-08 13:05:22 
jj1 = 84, max_th = 1.621207e+00, time=2024-09-08 13:05:33 
jj1 = 207, max_th = 2.631159e+00, time=2024-09-08 13:07:16 
jj1 = 240, max_th = 1.348272e+00, time=2024-09-08 13:08:02 
jj1 = 166, max_th = 2.062934e+00, time=2024-09-08 13:08:37 
jj1 = 239, max_th = 2.960176e+00, time=2024-09-08 13:09:19 
jj1 = 435, max_th = 2.070625e+00, time=2024-09-08 13:09:22 
jj1 = 322, max_th = 2.037457e+00, time=2024-09-08 13:09:43 
jj1 = 124, max_th = 1.032515e+00, time=2024-09-08 13:12:16 
jj1 = 399, max_th = 1.902068e+00, time=2024-09-08 13:12:30 
jj1 = 279, max_th = 1.925597e+00, time=2024-09-08 13:12:37 
jj1 = 358, max_th = 1.689028e+00, time=2024-09-08 13:12:47 
jj1 = 473, max_th = 1.936549e+00, time=2024-09-08 13:12:53 
jj1 = 83, max_th = 2.472842e+00, time=2024-09-08 13:13:23 
jj1 = 518, max_th = 2.272613e+00, time=2024-09-08 13:13:53 
jj1 = 123, max_th = 9.672637e-01, time=2024-09-08 13:15:19 
jj1 = 206, max_th = 2.357070e+00, time=2024-09-08 13:15:40 
jj1 = 434, max_th = 1.471188e+00, time=2024-09-08 13:16:10 
jj1 = 238, max_th = 1.764481e+00, time=2024-09-08 13:16:59 
jj1 = 165, max_th = 2.152749e+00, time=2024-09-08 13:17:24 
jj1 = 321, max_th = 2.197679e+00, time=2024-09-08 13:17:36 
jj1 = 237, max_th = 1.323661e+00, time=2024-09-08 13:18:13 
jj1 = 517, max_th = 1.558148e+00, time=2024-09-08 13:20:24 
jj1 = 278, max_th = 1.538457e+00, time=2024-09-08 13:20:52 
jj1 = 357, max_th = 2.563698e+00, time=2024-09-08 13:21:02 
jj1 = 82, max_th = 2.387734e+00, time=2024-09-08 13:21:35 
jj1 = 433, max_th = 1.753592e+00, time=2024-09-08 13:22:19 
jj1 = 472, max_th = 1.967459e+00, time=2024-09-08 13:23:17 
jj1 = 205, max_th = 2.314442e+00, time=2024-09-08 13:23:57 
jj1 = 516, max_th = 2.493790e+00, time=2024-09-08 13:24:47 
jj1 = 122, max_th = 2.121920e+00, time=2024-09-08 13:25:02 
jj1 = 515, max_th = 2.881494e+00, time=2024-09-08 13:26:01 
jj1 = 164, max_th = 2.004360e+00, time=2024-09-08 13:26:03 
jj1 = 320, max_th = 2.077440e+00, time=2024-09-08 13:26:11 
jj1 = 277, max_th = 2.112119e+00, time=2024-09-08 13:26:57 
jj1 = 432, max_th = 2.398176e+00, time=2024-09-08 13:27:44 
jj1 = 356, max_th = 2.277186e+00, time=2024-09-08 13:29:11 
jj1 = 236, max_th = 1.720481e+00, time=2024-09-08 13:30:04 
jj1 = 81, max_th = 2.172294e+00, time=2024-09-08 13:30:21 
jj1 = 471, max_th = 1.582333e+00, time=2024-09-08 13:32:15 
jj1 = 163, max_th = 1.501221e+00, time=2024-09-08 13:32:25 
jj1 = 514, max_th = 1.762434e+00, time=2024-09-08 13:33:20 
jj1 = 204, max_th = 2.309541e+00, time=2024-09-08 13:33:30 
jj1 = 276, max_th = 2.233927e+00, time=2024-09-08 13:34:38 
jj1 = 470, max_th = 1.449389e+00, time=2024-09-08 13:35:16 
jj1 = 431, max_th = 1.947142e+00, time=2024-09-08 13:35:33 
jj1 = 80, max_th = 1.413977e+00, time=2024-09-08 13:36:17 
jj1 = 121, max_th = 2.022164e+00, time=2024-09-08 13:36:22 
jj1 = 319, max_th = 2.002292e+00, time=2024-09-08 13:36:53 
jj1 = 355, max_th = 2.234443e+00, time=2024-09-08 13:37:16 
jj1 = 469, max_th = 1.028281e+00, time=2024-09-08 13:39:03 
jj1 = 235, max_th = 1.702765e+00, time=2024-09-08 13:40:00 
jj1 = 398, max_th = 1.176814e+00, time=2024-09-08 13:40:01 
jj1 = 513, max_th = 2.312916e+00, time=2024-09-08 13:40:09 
jj1 = 162, max_th = 1.671329e+00, time=2024-09-08 13:40:45 
jj1 = 430, max_th = 1.601880e+00, time=2024-09-08 13:41:15 
jj1 = 234, max_th = 8.441798e-01, time=2024-09-08 13:41:22 
jj1 = 120, max_th = 1.341383e+00, time=2024-09-08 13:41:45 
jj1 = 79, max_th = 1.599054e+00, time=2024-09-08 13:42:26 
jj1 = 318, max_th = 2.689368e+00, time=2024-09-08 13:43:47 
jj1 = 275, max_th = 2.229156e+00, time=2024-09-08 13:45:21 
jj1 = 468, max_th = 2.064775e+00, time=2024-09-08 13:45:38 
jj1 = 161, max_th = 1.562801e+00, time=2024-09-08 13:45:46 
jj1 = 119, max_th = 2.545475e+00, time=2024-09-08 13:45:49 
jj1 = 354, max_th = 2.070124e+00, time=2024-09-08 13:46:57 
jj1 = 512, max_th = 1.619001e+00, time=2024-09-08 13:47:38 
jj1 = 203, max_th = 2.040096e+00, time=2024-09-08 13:48:04 
jj1 = 397, max_th = 2.242643e+00, time=2024-09-08 13:48:11 
jj1 = 233, max_th = 1.641013e+00, time=2024-09-08 13:49:19 
jj1 = 429, max_th = 1.827489e+00, time=2024-09-08 13:50:25 
jj1 = 232, max_th = 2.798156e+00, time=2024-09-08 13:51:06 
jj1 = 317, max_th = 1.851815e+00, time=2024-09-08 13:51:40 
jj1 = 160, max_th = 2.447700e+00, time=2024-09-08 13:51:42 
jj1 = 78, max_th = 2.135109e+00, time=2024-09-08 13:51:51 
jj1 = 353, max_th = 2.286338e+00, time=2024-09-08 13:53:59 
jj1 = 118, max_th = 2.032294e+00, time=2024-09-08 13:54:35 
jj1 = 202, max_th = 2.307143e+00, time=2024-09-08 13:54:40 
jj1 = 77, max_th = 2.723860e+00, time=2024-09-08 13:55:07 
jj1 = 274, max_th = 1.881087e+00, time=2024-09-08 13:55:50 
jj1 = 316, max_th = 2.465746e+00, time=2024-09-08 13:55:53 
jj1 = 76, max_th = 8.761233e-01, time=2024-09-08 13:56:47 
jj1 = 511, max_th = 2.322589e+00, time=2024-09-08 13:57:01 
jj1 = 467, max_th = 2.077857e+00, time=2024-09-08 13:57:07 
jj1 = 75, max_th = 7.978149e-01, time=2024-09-08 13:58:06 
jj1 = 201, max_th = 1.512815e+00, time=2024-09-08 13:58:23 
jj1 = 352, max_th = 1.309967e+00, time=2024-09-08 13:58:49 
jj1 = 159, max_th = 1.660839e+00, time=2024-09-08 13:59:41 
jj1 = 428, max_th = 1.981274e+00, time=2024-09-08 13:59:50 
jj1 = 396, max_th = 2.216869e+00, time=2024-09-08 13:59:51 
jj1 = 231, max_th = 2.448108e+00, time=2024-09-08 14:02:03 
jj1 = 395, max_th = 2.949011e+00, time=2024-09-08 14:02:41 
jj1 = 427, max_th = 1.478299e+00, time=2024-09-08 14:04:07 
jj1 = 117, max_th = 2.219681e+00, time=2024-09-08 14:04:21 
jj1 = 315, max_th = 2.009301e+00, time=2024-09-08 14:04:38 
jj1 = 74, max_th = 1.998196e+00, time=2024-09-08 14:04:41 
jj1 = 273, max_th = 1.587173e+00, time=2024-09-08 14:05:03 
jj1 = 351, max_th = 2.096717e+00, time=2024-09-08 14:05:30 
jj1 = 510, max_th = 2.218641e+00, time=2024-09-08 14:07:19 
jj1 = 200, max_th = 1.825735e+00, time=2024-09-08 14:07:34 
jj1 = 158, max_th = 1.936506e+00, time=2024-09-08 14:09:14 
jj1 = 350, max_th = 1.270160e+00, time=2024-09-08 14:09:23 
jj1 = 466, max_th = 1.874989e+00, time=2024-09-08 14:09:38 
jj1 = 314, max_th = 2.493132e+00, time=2024-09-08 14:09:44 
jj1 = 509, max_th = 1.193446e+00, time=2024-09-08 14:11:20 
jj1 = 349, max_th = 1.261749e+00, time=2024-09-08 14:11:43 
jj1 = 394, max_th = 1.756535e+00, time=2024-09-08 14:12:21 
jj1 = 73, max_th = 1.847135e+00, time=2024-09-08 14:12:53 
jj1 = 426, max_th = 2.345960e+00, time=2024-09-08 14:13:14 
jj1 = 116, max_th = 2.565226e+00, time=2024-09-08 14:14:01 
jj1 = 348, max_th = 2.612241e+00, time=2024-09-08 14:14:16 
jj1 = 157, max_th = 2.743335e+00, time=2024-09-08 14:14:19 
jj1 = 508, max_th = 2.736518e+00, time=2024-09-08 14:14:45 
jj1 = 465, max_th = 1.368465e+00, time=2024-09-08 14:15:02 
jj1 = 425, max_th = 2.747318e+00, time=2024-09-08 14:15:02 
jj1 = 230, max_th = 1.669141e+00, time=2024-09-08 14:15:39 
jj1 = 393, max_th = 1.191834e+00, time=2024-09-08 14:15:41 
jj1 = 347, max_th = 9.997996e-01, time=2024-09-08 14:15:43 
jj1 = 199, max_th = 1.809396e+00, time=2024-09-08 14:15:44 
jj1 = 313, max_th = 2.256670e+00, time=2024-09-08 14:17:02 
jj1 = 464, max_th = 1.486494e+00, time=2024-09-08 14:17:03 
jj1 = 424, max_th = 2.758913e+00, time=2024-09-08 14:17:52 
jj1 = 272, max_th = 1.771820e+00, time=2024-09-08 14:18:08 
jj1 = 392, max_th = 8.838982e-01, time=2024-09-08 14:18:13 
jj1 = 72, max_th = 2.557779e+00, time=2024-09-08 14:18:41 
jj1 = 198, max_th = 9.663199e-01, time=2024-09-08 14:21:13 
jj1 = 346, max_th = 1.596552e+00, time=2024-09-08 14:22:24 
jj1 = 229, max_th = 2.049059e+00, time=2024-09-08 14:22:54 
jj1 = 115, max_th = 2.030049e+00, time=2024-09-08 14:23:31 
jj1 = 507, max_th = 2.232560e+00, time=2024-09-08 14:23:49 
jj1 = 391, max_th = 2.444614e+00, time=2024-09-08 14:23:54 
jj1 = 228, max_th = 8.711102e-01, time=2024-09-08 14:24:20 
jj1 = 156, max_th = 2.577412e+00, time=2024-09-08 14:24:35 
jj1 = 312, max_th = 1.619278e+00, time=2024-09-08 14:24:37 
jj1 = 311, max_th = 3.175553e+00, time=2024-09-08 14:25:04 
jj1 = 71, max_th = 2.364113e+00, time=2024-09-08 14:26:31 
jj1 = 390, max_th = 2.452337e+00, time=2024-09-08 14:26:50 
jj1 = 463, max_th = 1.970130e+00, time=2024-09-08 14:27:13 
jj1 = 506, max_th = 2.687232e+00, time=2024-09-08 14:27:17 
jj1 = 227, max_th = 1.807249e+00, time=2024-09-08 14:28:06 
jj1 = 271, max_th = 2.285745e+00, time=2024-09-08 14:28:41 
jj1 = 423, max_th = 1.677098e+00, time=2024-09-08 14:28:47 
jj1 = 70, max_th = 2.659476e+00, time=2024-09-08 14:29:23 
jj1 = 345, max_th = 2.358674e+00, time=2024-09-08 14:30:04 
jj1 = 462, max_th = 1.402046e+00, time=2024-09-08 14:31:45 
jj1 = 114, max_th = 1.866106e+00, time=2024-09-08 14:31:51 
jj1 = 461, max_th = 6.705120e-01, time=2024-09-08 14:31:54 
jj1 = 197, max_th = 2.423270e+00, time=2024-09-08 14:32:14 
jj1 = 310, max_th = 1.681504e+00, time=2024-09-08 14:34:06 
jj1 = 69, max_th = 2.294348e+00, time=2024-09-08 14:34:34 
jj1 = 155, max_th = 1.663634e+00, time=2024-09-08 14:34:37 
jj1 = 505, max_th = 1.989218e+00, time=2024-09-08 14:34:53 
jj1 = 270, max_th = 1.697962e+00, time=2024-09-08 14:35:46 
jj1 = 226, max_th = 2.454737e+00, time=2024-09-08 14:35:49 
jj1 = 389, max_th = 1.794806e+00, time=2024-09-08 14:36:55 
jj1 = 344, max_th = 2.133476e+00, time=2024-09-08 14:37:54 
jj1 = 460, max_th = 2.055979e+00, time=2024-09-08 14:39:54 
jj1 = 154, max_th = 1.749590e+00, time=2024-09-08 14:40:33 
jj1 = 113, max_th = 1.859887e+00, time=2024-09-08 14:40:39 
jj1 = 196, max_th = 2.166300e+00, time=2024-09-08 14:40:40 
jj1 = 504, max_th = 1.359637e+00, time=2024-09-08 14:41:31 
jj1 = 68, max_th = 1.812792e+00, time=2024-09-08 14:42:06 
jj1 = 422, max_th = 2.176203e+00, time=2024-09-08 14:42:09 
jj1 = 309, max_th = 1.915033e+00, time=2024-09-08 14:42:44 
jj1 = 225, max_th = 2.182883e+00, time=2024-09-08 14:42:58 
jj1 = 343, max_th = 1.767926e+00, time=2024-09-08 14:44:00 
jj1 = 195, max_th = 2.625793e+00, time=2024-09-08 14:46:14 
jj1 = 388, max_th = 1.907835e+00, time=2024-09-08 14:46:29 
jj1 = 269, max_th = 2.109998e+00, time=2024-09-08 14:47:13 
jj1 = 459, max_th = 2.008423e+00, time=2024-09-08 14:47:56 
jj1 = 112, max_th = 1.782021e+00, time=2024-09-08 14:48:41 
jj1 = 421, max_th = 2.498154e+00, time=2024-09-08 14:48:43 
jj1 = 194, max_th = 7.297256e-01, time=2024-09-08 14:49:03 
jj1 = 153, max_th = 1.523694e+00, time=2024-09-08 14:49:17 
jj1 = 387, max_th = 1.343933e+00, time=2024-09-08 14:50:18 
jj1 = 67, max_th = 1.572220e+00, time=2024-09-08 14:50:33 
jj1 = 458, max_th = 3.091613e+00, time=2024-09-08 14:50:41 
jj1 = 503, max_th = 2.071389e+00, time=2024-09-08 14:51:25 
jj1 = 308, max_th = 2.031745e+00, time=2024-09-08 14:51:37 
jj1 = 342, max_th = 1.879726e+00, time=2024-09-08 14:51:48 
jj1 = 502, max_th = 7.307966e-01, time=2024-09-08 14:52:16 
jj1 = 152, max_th = 1.019811e+00, time=2024-09-08 14:52:37 
jj1 = 224, max_th = 2.267589e+00, time=2024-09-08 14:53:22 
jj1 = 420, max_th = 2.557003e+00, time=2024-09-08 14:53:50 
jj1 = 268, max_th = 1.465939e+00, time=2024-09-08 14:55:13 
jj1 = 307, max_th = 1.799333e+00, time=2024-09-08 14:56:38 
jj1 = 419, max_th = 1.139052e+00, time=2024-09-08 14:57:41 
jj1 = 306, max_th = 6.588720e-01, time=2024-09-08 14:57:50 
jj1 = 386, max_th = 2.428414e+00, time=2024-09-08 14:58:27 
jj1 = 193, max_th = 1.665698e+00, time=2024-09-08 14:58:30 
jj1 = 111, max_th = 1.542916e+00, time=2024-09-08 14:59:02 
jj1 = 501, max_th = 1.591530e+00, time=2024-09-08 14:59:08 
jj1 = 341, max_th = 2.056296e+00, time=2024-09-08 14:59:55 
jj1 = 457, max_th = 2.038903e+00, time=2024-09-08 15:00:21 
jj1 = 151, max_th = 1.782201e+00, time=2024-09-08 15:00:57 
jj1 = 192, max_th = 1.220515e+00, time=2024-09-08 15:01:57 
jj1 = 66, max_th = 1.519248e+00, time=2024-09-08 15:02:02 
jj1 = 267, max_th = 2.290480e+00, time=2024-09-08 15:03:21 
jj1 = 418, max_th = 1.204546e+00, time=2024-09-08 15:03:28 
jj1 = 456, max_th = 2.502651e+00, time=2024-09-08 15:03:34 
jj1 = 223, max_th = 1.735428e+00, time=2024-09-08 15:03:40 
jj1 = 305, max_th = 1.781900e+00, time=2024-09-08 15:04:59 
jj1 = 500, max_th = 1.577456e+00, time=2024-09-08 15:05:10 
jj1 = 417, max_th = 1.180803e+00, time=2024-09-08 15:06:41 
jj1 = 191, max_th = 1.543382e+00, time=2024-09-08 15:07:29 
jj1 = 266, max_th = 3.914593e+00, time=2024-09-08 15:07:31 
jj1 = 340, max_th = 1.956173e+00, time=2024-09-08 15:08:05 
jj1 = 385, max_th = 2.041481e+00, time=2024-09-08 15:08:44 
jj1 = 150, max_th = 1.843918e+00, time=2024-09-08 15:09:38 
jj1 = 499, max_th = 1.492600e+00, time=2024-09-08 15:09:38 
jj1 = 110, max_th = 1.938656e+00, time=2024-09-08 15:10:36 
jj1 = 65, max_th = 2.113076e+00, time=2024-09-08 15:11:00 
jj1 = 265, max_th = 1.950060e+00, time=2024-09-08 15:12:17 
jj1 = 304, max_th = 2.002694e+00, time=2024-09-08 15:12:27 
jj1 = 455, max_th = 2.535510e+00, time=2024-09-08 15:12:49 
jj1 = 416, max_th = 1.447411e+00, time=2024-09-08 15:13:09 
jj1 = 222, max_th = 1.876561e+00, time=2024-09-08 15:13:40 
jj1 = 190, max_th = 1.801134e+00, time=2024-09-08 15:14:50 
jj1 = 384, max_th = 2.427743e+00, time=2024-09-08 15:15:35 
jj1 = 109, max_th = 2.166575e+00, time=2024-09-08 15:16:06 
jj1 = 149, max_th = 2.378090e+00, time=2024-09-08 15:16:09 
jj1 = 339, max_th = 1.736267e+00, time=2024-09-08 15:17:27 
jj1 = 303, max_th = 2.709155e+00, time=2024-09-08 15:18:10 
jj1 = 264, max_th = 1.822701e+00, time=2024-09-08 15:19:15 
jj1 = 221, max_th = 1.901008e+00, time=2024-09-08 15:19:28 
jj1 = 498, max_th = 1.905709e+00, time=2024-09-08 15:20:04 
jj1 = 148, max_th = 1.290850e+00, time=2024-09-08 15:20:18 
jj1 = 415, max_th = 2.079681e+00, time=2024-09-08 15:21:29 
jj1 = 64, max_th = 1.878259e+00, time=2024-09-08 15:21:36 
jj1 = 454, max_th = 2.192159e+00, time=2024-09-08 15:22:33 
jj1 = 263, max_th = 2.730606e+00, time=2024-09-08 15:23:22 
jj1 = 189, max_th = 2.185013e+00, time=2024-09-08 15:23:49 
jj1 = 383, max_th = 1.928956e+00, time=2024-09-08 15:24:33 
jj1 = 497, max_th = 1.415561e+00, time=2024-09-08 15:24:59 
jj1 = 147, max_th = 1.518022e+00, time=2024-09-08 15:25:34 
jj1 = 302, max_th = 1.711825e+00, time=2024-09-08 15:26:22 
jj1 = 108, max_th = 1.970009e+00, time=2024-09-08 15:26:26 
jj1 = 414, max_th = 2.613834e+00, time=2024-09-08 15:27:14 
jj1 = 338, max_th = 2.071610e+00, time=2024-09-08 15:27:18 
jj1 = 382, max_th = 2.929657e+00, time=2024-09-08 15:27:53 
jj1 = 453, max_th = 1.546104e+00, time=2024-09-08 15:28:47 
jj1 = 220, max_th = 2.018465e+00, time=2024-09-08 15:30:17 
jj1 = 63, max_th = 1.791676e+00, time=2024-09-08 15:30:23 
jj1 = 188, max_th = 1.525363e+00, time=2024-09-08 15:31:39 
jj1 = 337, max_th = 2.301727e+00, time=2024-09-08 15:32:59 
jj1 = 146, max_th = 1.674201e+00, time=2024-09-08 15:33:05 
jj1 = 107, max_th = 2.002248e+00, time=2024-09-08 15:33:20 
jj1 = 496, max_th = 1.890927e+00, time=2024-09-08 15:34:26 
jj1 = 452, max_th = 1.393806e+00, time=2024-09-08 15:34:31 
jj1 = 145, max_th = -1.114226e-01, time=2024-09-08 15:34:38 
jj1 = 262, max_th = 2.127719e+00, time=2024-09-08 15:34:38 
jj1 = 413, max_th = 1.834392e+00, time=2024-09-08 15:35:40 
jj1 = 381, max_th = 1.925963e+00, time=2024-09-08 15:36:33 
jj1 = 451, max_th = 2.961629e+00, time=2024-09-08 15:36:34 
jj1 = 336, max_th = 1.413984e+00, time=2024-09-08 15:37:02 
jj1 = 301, max_th = 1.813218e+00, time=2024-09-08 15:37:11 
jj1 = 412, max_th = 7.788403e-01, time=2024-09-08 15:37:35 
jj1 = 187, max_th = 1.473019e+00, time=2024-09-08 15:37:52 
jj1 = 219, max_th = 1.775161e+00, time=2024-09-08 15:38:47 
jj1 = 380, max_th = 1.507541e+00, time=2024-09-08 15:39:48 
jj1 = 300, max_th = 2.579844e+00, time=2024-09-08 15:41:47 
jj1 = 106, max_th = 2.142333e+00, time=2024-09-08 15:42:02 
jj1 = 62, max_th = 1.924491e+00, time=2024-09-08 15:42:28 
jj1 = 144, max_th = 2.270398e+00, time=2024-09-08 15:42:31 
jj1 = 261, max_th = 2.321386e+00, time=2024-09-08 15:43:31 
jj1 = 335, max_th = 1.693027e+00, time=2024-09-08 15:43:51 
jj1 = 568, max_th = 1.944085e+00, time=2024-09-08 15:44:54 
jj1 = 299, max_th = 9.127794e-01, time=2024-09-08 15:44:56 
jj1 = 495, max_th = 1.942657e+00, time=2024-09-08 15:45:55 
jj1 = 218, max_th = 1.912345e+00, time=2024-09-08 15:46:10 
jj1 = 379, max_th = 1.513248e+00, time=2024-09-08 15:46:32 
jj1 = 105, max_th = 1.497682e+00, time=2024-09-08 15:46:47 
jj1 = 61, max_th = 1.226791e+00, time=2024-09-08 15:46:49 
jj1 = 186, max_th = 2.056387e+00, time=2024-09-08 15:47:21 
jj1 = 608, max_th = 2.079567e+00, time=2024-09-08 15:47:33 
jj1 = 260, max_th = 2.839109e+00, time=2024-09-08 15:48:02 
jj1 = 104, max_th = 2.580543e+00, time=2024-09-08 15:49:07 
jj1 = 334, max_th = 1.705411e+00, time=2024-09-08 15:51:37 
jj1 = 648, max_th = 3.610489e+00, time=2024-09-08 15:51:41 
jj1 = 567, max_th = 1.652742e+00, time=2024-09-08 15:52:10 
jj1 = 298, max_th = 1.639485e+00, time=2024-09-08 15:52:24 
jj1 = 647, max_th = 1.293190e+00, time=2024-09-08 15:53:10 
jj1 = 143, max_th = 2.173516e+00, time=2024-09-08 15:53:16 
jj1 = 607, max_th = 1.553618e+00, time=2024-09-08 15:53:54 
jj1 = 494, max_th = 1.987199e+00, time=2024-09-08 15:54:31 
jj1 = 103, max_th = 8.657996e-01, time=2024-09-08 15:54:35 
jj1 = 259, max_th = 1.900677e+00, time=2024-09-08 15:55:51 
jj1 = 185, max_th = 1.884064e+00, time=2024-09-08 15:56:46 
jj1 = 606, max_th = 2.486124e+00, time=2024-09-08 15:59:39 
jj1 = 142, max_th = 2.794923e+00, time=2024-09-08 16:01:08 
jj1 = 217, max_th = 1.695319e+00, time=2024-09-08 16:01:51 
jj1 = 297, max_th = 1.998315e+00, time=2024-09-08 16:01:52 
jj1 = 493, max_th = 1.739816e+00, time=2024-09-08 16:02:13 
jj1 = 378, max_th = 3.460287e+00, time=2024-09-08 16:02:26 
jj1 = 102, max_th = 2.004215e+00, time=2024-09-08 16:02:45 
jj1 = 566, max_th = 2.067744e+00, time=2024-09-08 16:03:11 
jj1 = 492, max_th = 6.521787e-01, time=2024-09-08 16:03:39 
jj1 = 141, max_th = 3.019795e+00, time=2024-09-08 16:04:27 
jj1 = 258, max_th = 1.993496e+00, time=2024-09-08 16:04:53 
jj1 = 184, max_th = 2.314308e+00, time=2024-09-08 16:05:28 
jj1 = 708, max_th = 2.257874e+00, time=2024-09-08 16:05:47 
jj1 = 646, max_th = 1.983768e+00, time=2024-09-08 16:06:01 
jj1 = 605, max_th = 1.810371e+00, time=2024-09-08 16:07:46 
jj1 = 140, max_th = 9.867393e-01, time=2024-09-08 16:07:59 
jj1 = 377, max_th = 1.697516e+00, time=2024-09-08 16:08:38 
jj1 = 491, max_th = 2.818836e+00, time=2024-09-08 16:09:17 
jj1 = 296, max_th = 1.840588e+00, time=2024-09-08 16:09:59 
jj1 = 139, max_th = 9.802216e-01, time=2024-09-08 16:10:55 
jj1 = 548, max_th = 2.135410e+00, time=2024-09-08 16:10:58 
jj1 = 565, max_th = 1.785538e+00, time=2024-09-08 16:11:06 
jj1 = 257, max_th = 2.352473e+00, time=2024-09-08 16:12:08 
jj1 = 183, max_th = 1.697365e+00, time=2024-09-08 16:12:12 
jj1 = 645, max_th = 1.518994e+00, time=2024-09-08 16:12:20 
jj1 = 564, max_th = 1.221238e+00, time=2024-09-08 16:14:11 
jj1 = 490, max_th = 2.090222e+00, time=2024-09-08 16:15:23 
jj1 = 256, max_th = 1.156700e+00, time=2024-09-08 16:15:24 
jj1 = 707, max_th = 2.021806e+00, time=2024-09-08 16:15:27 
jj1 = 376, max_th = 2.201651e+00, time=2024-09-08 16:15:48 
jj1 = 668, max_th = 1.757166e+00, time=2024-09-08 16:16:46 
jj1 = 547, max_th = 1.510435e+00, time=2024-09-08 16:16:54 
jj1 = 295, max_th = 1.848889e+00, time=2024-09-08 16:17:24 
jj1 = 182, max_th = 3.324735e+00, time=2024-09-08 16:17:32 
jj1 = 644, max_th = 2.445211e+00, time=2024-09-08 16:17:36 
jj1 = 604, max_th = 1.691490e+00, time=2024-09-08 16:18:16 
jj1 = 603, max_th = 5.617266e-02, time=2024-09-08 16:18:21 
jj1 = 706, max_th = 1.252988e+00, time=2024-09-08 16:18:26 
jj1 = 628, max_th = 1.319029e+00, time=2024-09-08 16:18:41 
jj1 = 101, max_th = 2.124689e+00, time=2024-09-08 16:20:21 
jj1 = 563, max_th = 2.556120e+00, time=2024-09-08 16:22:45 
jj1 = 748, max_th = 2.384340e+00, time=2024-09-08 16:23:03 
jj1 = 546, max_th = 2.301437e+00, time=2024-09-08 16:23:17 
jj1 = 667, max_th = 1.141167e+00, time=2024-09-08 16:23:25 
jj1 = 705, max_th = 3.644275e+00, time=2024-09-08 16:23:58 
jj1 = 181, max_th = 1.174342e+00, time=2024-09-08 16:24:54 
jj1 = 704, max_th = 3.288132e+00, time=2024-09-08 16:24:59 
jj1 = 768, max_th = 2.289188e+00, time=2024-09-08 16:25:03 
jj1 = 627, max_th = 2.344340e+00, time=2024-09-08 16:25:09 
jj1 = 643, max_th = 1.231645e+00, time=2024-09-08 16:25:33 
jj1 = 642, max_th = 8.951240e-02, time=2024-09-08 16:26:45 
jj1 = 602, max_th = 2.195826e+00, time=2024-09-08 16:27:52 
jj1 = 375, max_th = 1.935959e+00, time=2024-09-08 16:27:56 
jj1 = 100, max_th = 2.197962e+00, time=2024-09-08 16:28:21 
jj1 = 767, max_th = 2.637151e+00, time=2024-09-08 16:29:01 
jj1 = 747, max_th = 2.124846e+00, time=2024-09-08 16:30:06 
jj1 = 626, max_th = 2.405311e+00, time=2024-09-08 16:30:54 
jj1 = 703, max_th = 2.591639e+00, time=2024-09-08 16:30:58 
jj1 = 545, max_th = 2.102389e+00, time=2024-09-08 16:31:21 
jj1 = 641, max_th = 2.623675e+00, time=2024-09-08 16:31:40 
jj1 = 666, max_th = 2.204899e+00, time=2024-09-08 16:31:41 
jj1 = 180, max_th = 1.999142e+00, time=2024-09-08 16:31:56 
jj1 = 562, max_th = 2.622381e+00, time=2024-09-08 16:31:57 
jj1 = 588, max_th = 1.259265e+00, time=2024-09-08 16:32:51 
jj1 = 640, max_th = 2.793489e+00, time=2024-09-08 16:34:03 
jj1 = 601, max_th = 2.151686e+00, time=2024-09-08 16:34:56 
jj1 = 374, max_th = 2.270646e+00, time=2024-09-08 16:35:18 
jj1 = 665, max_th = 2.672454e+00, time=2024-09-08 16:35:26 
jj1 = 766, max_th = 2.135663e+00, time=2024-09-08 16:36:15 
jj1 = 600, max_th = 2.826493e+00, time=2024-09-08 16:37:57 
jj1 = 544, max_th = 2.100212e+00, time=2024-09-08 16:38:06 
jj1 = 702, max_th = 1.676204e+00, time=2024-09-08 16:39:21 
jj1 = 587, max_th = 2.148192e+00, time=2024-09-08 16:39:28 
jj1 = 639, max_th = 1.906056e+00, time=2024-09-08 16:40:02 
jj1 = 746, max_th = 1.715965e+00, time=2024-09-08 16:40:54 
jj1 = 179, max_th = 2.133696e+00, time=2024-09-08 16:42:32 
jj1 = 586, max_th = 2.780133e+00, time=2024-09-08 16:43:11 
jj1 = 664, max_th = 2.144432e+00, time=2024-09-08 16:43:23 
jj1 = 638, max_th = 1.103936e+00, time=2024-09-08 16:43:33 
jj1 = 373, max_th = 1.840695e+00, time=2024-09-08 16:44:17 
jj1 = 765, max_th = 1.875115e+00, time=2024-09-08 16:44:22 
jj1 = 543, max_th = 2.151614e+00, time=2024-09-08 16:45:03 
jj1 = 599, max_th = 2.086099e+00, time=2024-09-08 16:45:15 
jj1 = 585, max_th = 8.563042e-01, time=2024-09-08 16:45:17 
jj1 = 625, max_th = 2.371977e+00, time=2024-09-08 16:46:42 
jj1 = 584, max_th = 2.550314e+00, time=2024-09-08 16:48:56 
jj1 = 637, max_th = 1.105453e+00, time=2024-09-08 16:49:01 
jj1 = 561, max_th = 2.068030e+00, time=2024-09-08 16:49:37 
jj1 = 542, max_th = 1.482432e+00, time=2024-09-08 16:49:46 
jj1 = 701, max_th = 2.120735e+00, time=2024-09-08 16:50:25 
jj1 = 745, max_th = 2.625529e+00, time=2024-09-08 16:50:30 
jj1 = 764, max_th = 2.435923e+00, time=2024-09-08 16:51:12 
jj1 = 541, max_th = 9.145889e-01, time=2024-09-08 16:51:20 
jj1 = 663, max_th = 2.551849e+00, time=2024-09-08 16:51:52 
jj1 = 178, max_th = 2.198496e+00, time=2024-09-08 16:52:33 
jj1 = 598, max_th = 2.408476e+00, time=2024-09-08 16:52:36 
jj1 = 597, max_th = 3.967251e+00, time=2024-09-08 16:53:05 
jj1 = 624, max_th = 2.635524e+00, time=2024-09-08 16:53:15 
jj1 = 744, max_th = 1.139738e+00, time=2024-09-08 16:53:31 
jj1 = 596, max_th = 3.737033e+00, time=2024-09-08 16:53:39 
jj1 = 583, max_th = 2.901042e-01, time=2024-09-08 16:54:15 
jj1 = 728, max_th = 1.817817e+00, time=2024-09-08 16:54:21 
jj1 = 636, max_th = 2.406876e+00, time=2024-09-08 16:54:47 
jj1 = 727, max_th = 2.819340e+00, time=2024-09-08 16:55:46 
jj1 = 560, max_th = 1.539716e+00, time=2024-09-08 16:56:49 
jj1 = 743, max_th = 2.604319e+00, time=2024-09-08 16:57:37 
jj1 = 763, max_th = 2.308202e+00, time=2024-09-08 16:58:19 
jj1 = 540, max_th = 2.060457e+00, time=2024-09-08 16:58:32 
jj1 = 688, max_th = 2.448777e+00, time=2024-09-08 16:58:41 
jj1 = 539, max_th = 1.083871e+00, time=2024-09-08 16:59:57 
jj1 = 582, max_th = 2.102166e+00, time=2024-09-08 17:00:43 
jj1 = 595, max_th = 2.071096e+00, time=2024-09-08 17:00:49 
jj1 = 623, max_th = 1.854045e+00, time=2024-09-08 17:01:16 
jj1 = 662, max_th = 2.187015e+00, time=2024-09-08 17:01:25 
jj1 = 700, max_th = 1.975344e+00, time=2024-09-08 17:01:50 
jj1 = 635, max_th = 2.101013e+00, time=2024-09-08 17:02:17 
jj1 = 742, max_th = 1.399139e+00, time=2024-09-08 17:02:28 
jj1 = 762, max_th = 2.196626e+00, time=2024-09-08 17:03:05 
jj1 = 559, max_th = 1.440834e+00, time=2024-09-08 17:03:36 
jj1 = 687, max_th = 2.504075e+00, time=2024-09-08 17:04:34 
jj1 = 761, max_th = 1.264770e+00, time=2024-09-08 17:05:16 
jj1 = 726, max_th = 2.182403e+00, time=2024-09-08 17:05:32 
jj1 = 581, max_th = 2.292147e+00, time=2024-09-08 17:06:15 
jj1 = 622, max_th = 1.951266e+00, time=2024-09-08 17:08:17 
jj1 = 538, max_th = 2.265512e+00, time=2024-09-08 17:08:31 
jj1 = 634, max_th = 1.831162e+00, time=2024-09-08 17:08:57 
jj1 = 594, max_th = 2.131556e+00, time=2024-09-08 17:09:04 
jj1 = 558, max_th = 1.318305e+00, time=2024-09-08 17:10:08 
jj1 = 661, max_th = 2.544238e+00, time=2024-09-08 17:10:09 
jj1 = 686, max_th = 1.644678e+00, time=2024-09-08 17:10:54 
jj1 = 760, max_th = 1.150844e+00, time=2024-09-08 17:10:55 
jj1 = 741, max_th = 2.187390e+00, time=2024-09-08 17:11:28 
jj1 = 621, max_th = 1.501133e+00, time=2024-09-08 17:11:56 
jj1 = 740, max_th = 5.999335e-01, time=2024-09-08 17:11:58 
jj1 = 580, max_th = 1.093661e+00, time=2024-09-08 17:12:20 
jj1 = 739, max_th = 3.412098e+00, time=2024-09-08 17:12:40 
jj1 = 699, max_th = 2.225129e+00, time=2024-09-08 17:13:19 
jj1 = 633, max_th = 2.604184e+00, time=2024-09-08 17:13:31 
jj1 = 579, max_th = 1.218061e+00, time=2024-09-08 17:15:10 
jj1 = 557, max_th = 1.633994e+00, time=2024-09-08 17:15:35 
jj1 = 725, max_th = 1.996978e+00, time=2024-09-08 17:15:59 
jj1 = 537, max_th = 1.889241e+00, time=2024-09-08 17:18:20 
jj1 = 759, max_th = 2.053068e+00, time=2024-09-08 17:18:36 
jj1 = 593, max_th = 2.041262e+00, time=2024-09-08 17:18:54 
jj1 = 620, max_th = 1.667105e+00, time=2024-09-08 17:19:04 
jj1 = 738, max_th = 1.498893e+00, time=2024-09-08 17:19:11 
jj1 = 632, max_th = 2.491356e+00, time=2024-09-08 17:19:27 
jj1 = 660, max_th = 2.275536e+00, time=2024-09-08 17:19:33 
jj1 = 685, max_th = 2.125702e+00, time=2024-09-08 17:19:58 
jj1 = 737, max_th = 3.001617e+00, time=2024-09-08 17:20:33 
jj1 = 724, max_th = 1.680946e+00, time=2024-09-08 17:22:17 
jj1 = 536, max_th = 3.330323e+00, time=2024-09-08 17:22:30 
jj1 = 698, max_th = 2.014735e+00, time=2024-09-08 17:23:23 
jj1 = 556, max_th = 1.889877e+00, time=2024-09-08 17:23:56 
jj1 = 578, max_th = 2.012795e+00, time=2024-09-08 17:24:14 
jj1 = 684, max_th = 1.426014e+00, time=2024-09-08 17:24:59 
jj1 = 736, max_th = 1.563213e+00, time=2024-09-08 17:25:38 
jj1 = 619, max_th = 2.526243e+00, time=2024-09-08 17:26:52 
jj1 = 659, max_th = 2.111098e+00, time=2024-09-08 17:27:22 
jj1 = 535, max_th = 2.134686e+00, time=2024-09-08 17:27:51 
jj1 = 577, max_th = 1.289091e+00, time=2024-09-08 17:28:13 
jj1 = 735, max_th = 1.482872e+00, time=2024-09-08 17:28:23 
jj1 = 592, max_th = 2.352107e+00, time=2024-09-08 17:29:21 
jj1 = 555, max_th = 1.484299e+00, time=2024-09-08 17:31:27 
jj1 = 723, max_th = 1.919318e+00, time=2024-09-08 17:31:31 
jj1 = 697, max_th = 1.739811e+00, time=2024-09-08 17:31:53 
jj1 = 734, max_th = 2.944303e+00, time=2024-09-08 17:32:15 
jj1 = 631, max_th = 1.524734e+00, time=2024-09-08 17:32:29 
jj1 = 722, max_th = 1.163041e+00, time=2024-09-08 17:33:18 
jj1 = 683, max_th = 2.298623e+00, time=2024-09-08 17:33:22 
jj1 = 758, max_th = 2.097037e+00, time=2024-09-08 17:34:58 
jj1 = 591, max_th = 1.699718e+00, time=2024-09-08 17:35:41 
jj1 = 576, max_th = 1.680493e+00, time=2024-09-08 17:36:09 
jj1 = 618, max_th = 2.148802e+00, time=2024-09-08 17:36:17 
jj1 = 590, max_th = 7.711110e-01, time=2024-09-08 17:37:07 
jj1 = 658, max_th = 2.529130e+00, time=2024-09-08 17:37:39 
jj1 = 534, max_th = 2.131158e+00, time=2024-09-08 17:38:56 
jj1 = 757, max_th = 2.772814e+00, time=2024-09-08 17:39:16 
jj1 = 630, max_th = 2.165102e+00, time=2024-09-08 17:40:59 
jj1 = 696, max_th = 2.127319e+00, time=2024-09-08 17:42:32 
jj1 = 617, max_th = 2.407171e+00, time=2024-09-08 17:43:02 
jj1 = 554, max_th = 1.713983e+00, time=2024-09-08 17:43:29 
jj1 = 682, max_th = 1.996110e+00, time=2024-09-08 17:43:52 
jj1 = 533, max_th = 2.318433e+00, time=2024-09-08 17:44:36 
jj1 = 721, max_th = 2.857476e+00, time=2024-09-08 17:45:02 
jj1 = 589, max_th = 2.343272e+00, time=2024-09-08 17:45:37 
jj1 = 657, max_th = 1.874074e+00, time=2024-09-08 17:46:09 
jj1 = 681, max_th = 1.000752e+00, time=2024-09-08 17:46:20 
jj1 = 733, max_th = 2.278445e+00, time=2024-09-08 17:47:13 
jj1 = 553, max_th = 2.805533e+00, time=2024-09-08 17:47:47 
jj1 = 756, max_th = 2.326273e+00, time=2024-09-08 17:48:20 
jj1 = 720, max_th = 1.424961e+00, time=2024-09-08 17:49:55 
jj1 = 680, max_th = 2.575014e+00, time=2024-09-08 17:50:55 
jj1 = 575, max_th = 2.289193e+00, time=2024-09-08 17:51:01 
jj1 = 695, max_th = 2.389637e+00, time=2024-09-08 17:51:18 
jj1 = 629, max_th = 1.797984e+00, time=2024-09-08 17:51:23 
jj1 = 788, max_th = 1.718736e+00, time=2024-09-08 17:52:19 
jj1 = 808, max_th = 2.702453e+00, time=2024-09-08 17:52:43 
jj1 = 616, max_th = 2.151904e+00, time=2024-09-08 17:53:08 
jj1 = 615, max_th = 2.845607e-01, time=2024-09-08 17:53:36 
jj1 = 532, max_th = 2.507208e+00, time=2024-09-08 17:53:50 
jj1 = 755, max_th = 2.205724e+00, time=2024-09-08 17:55:00 
jj1 = 679, max_th = 1.384955e+00, time=2024-09-08 17:55:22 
jj1 = 552, max_th = 2.396803e+00, time=2024-09-08 17:55:38 
jj1 = 614, max_th = 1.150453e+00, time=2024-09-08 17:55:54 
jj1 = 732, max_th = 2.187767e+00, time=2024-09-08 17:56:18 
jj1 = 574, max_th = 2.544349e+00, time=2024-09-08 17:57:00 
jj1 = 656, max_th = 1.855535e+00, time=2024-09-08 17:57:05 
jj1 = 531, max_th = 3.663277e+00, time=2024-09-08 17:57:12 
jj1 = 530, max_th = 6.838826e-01, time=2024-09-08 17:57:36 
jj1 = 655, max_th = -2.952197e-01, time=2024-09-08 17:57:45 
jj1 = 654, max_th = 3.034204e+00, time=2024-09-08 17:59:06 
jj1 = 787, max_th = 1.807615e+00, time=2024-09-08 18:00:22 
jj1 = 694, max_th = 1.919945e+00, time=2024-09-08 18:00:37 
jj1 = 807, max_th = 2.095926e+00, time=2024-09-08 18:00:48 
jj1 = 573, max_th = 2.648161e+00, time=2024-09-08 18:02:32 
jj1 = 786, max_th = 2.448282e+00, time=2024-09-08 18:02:36 
jj1 = 653, max_th = 2.546854e+00, time=2024-09-08 18:02:51 
jj1 = 551, max_th = 1.789409e+00, time=2024-09-08 18:02:52 
jj1 = 754, max_th = 1.657864e+00, time=2024-09-08 18:03:33 
jj1 = 719, max_th = 2.059479e+00, time=2024-09-08 18:03:44 
jj1 = 678, max_th = 2.304813e+00, time=2024-09-08 18:04:06 
jj1 = 731, max_th = 1.797460e+00, time=2024-09-08 18:04:45 
jj1 = 677, max_th = 2.773980e+00, time=2024-09-08 18:06:36 
jj1 = 529, max_th = 2.185061e+00, time=2024-09-08 18:06:51 
jj1 = 613, max_th = 1.778322e+00, time=2024-09-08 18:07:35 
jj1 = 718, max_th = 2.150189e+00, time=2024-09-08 18:07:45 
jj1 = 806, max_th = 2.247794e+00, time=2024-09-08 18:08:43 
jj1 = 550, max_th = 2.097367e+00, time=2024-09-08 18:10:10 
jj1 = 753, max_th = 2.565530e+00, time=2024-09-08 18:10:16 
jj1 = 652, max_th = 2.022831e+00, time=2024-09-08 18:10:50 
jj1 = 693, max_th = 2.032265e+00, time=2024-09-08 18:10:56 
jj1 = 730, max_th = 2.546336e+00, time=2024-09-08 18:11:03 
jj1 = 572, max_th = 1.586302e+00, time=2024-09-08 18:11:31 
jj1 = 785, max_th = 1.872876e+00, time=2024-09-08 18:11:32 
jj1 = 717, max_th = 1.217404e+00, time=2024-09-08 18:11:45 
jj1 = 818, max_th = 2.604268e+00, time=2024-09-08 18:13:23 
jj1 = 549, max_th = 2.664455e+00, time=2024-09-08 18:15:01 
jj1 = 612, max_th = 2.304574e+00, time=2024-09-08 18:15:03 
jj1 = 571, max_th = 1.033696e+00, time=2024-09-08 18:18:22 
jj1 = 676, max_th = 2.262562e+00, time=2024-09-08 18:18:40 
jj1 = 805, max_th = 1.961142e+00, time=2024-09-08 18:18:51 
jj1 = 752, max_th = 2.287912e+00, time=2024-09-08 18:18:53 
jj1 = 692, max_th = 1.794287e+00, time=2024-09-08 18:19:32 
jj1 = 716, max_th = 1.752435e+00, time=2024-09-08 18:20:09 
jj1 = 784, max_th = 1.688658e+00, time=2024-09-08 18:20:37 
jj1 = 651, max_th = 1.929964e+00, time=2024-09-08 18:21:42 
jj1 = 817, max_th = 2.474337e+00, time=2024-09-08 18:22:13 
jj1 = 729, max_th = 2.217110e+00, time=2024-09-08 18:23:06 
jj1 = 691, max_th = 2.453229e+00, time=2024-09-08 18:24:20 
jj1 = 783, max_th = 2.060242e+00, time=2024-09-08 18:25:09 
jj1 = 804, max_th = 1.571232e+00, time=2024-09-08 18:26:16 
jj1 = 675, max_th = 2.009025e+00, time=2024-09-08 18:26:45 
jj1 = 570, max_th = 2.168473e+00, time=2024-09-08 18:27:59 
jj1 = 715, max_th = 1.891198e+00, time=2024-09-08 18:27:59 
jj1 = 611, max_th = 2.029176e+00, time=2024-09-08 18:28:08 
jj1 = 778, max_th = 2.114916e+00, time=2024-09-08 18:28:22 
jj1 = 650, max_th = 1.424765e+00, time=2024-09-08 18:28:31 
jj1 = 838, max_th = 2.444533e+00, time=2024-09-08 18:28:43 
jj1 = 816, max_th = 2.058584e+00, time=2024-09-08 18:30:10 
jj1 = 751, max_th = 2.083235e+00, time=2024-09-08 18:31:05 
jj1 = 690, max_th = 2.214105e+00, time=2024-09-08 18:31:06 
jj1 = 837, max_th = 1.201755e+00, time=2024-09-08 18:31:25 
jj1 = 714, max_th = 1.231156e+00, time=2024-09-08 18:31:33 
jj1 = 815, max_th = -2.006556e-01, time=2024-09-08 18:31:56 
jj1 = 689, max_th = 2.800488e+00, time=2024-09-08 18:32:38 
jj1 = 836, max_th = 9.980021e-01, time=2024-09-08 18:34:31 
jj1 = 835, max_th = 7.878570e-01, time=2024-09-08 18:35:13 
jj1 = 674, max_th = 2.414623e+00, time=2024-09-08 18:35:14 
jj1 = 803, max_th = 1.917298e+00, time=2024-09-08 18:36:09 
jj1 = 802, max_th = 3.786362e+00, time=2024-09-08 18:36:10 
jj1 = 569, max_th = 2.232074e+00, time=2024-09-08 18:36:24 
jj1 = 834, max_th = 8.373280e-01, time=2024-09-08 18:37:00 
jj1 = 750, max_th = 1.370470e+00, time=2024-09-08 18:37:24 
jj1 = 610, max_th = 2.028218e+00, time=2024-09-08 18:37:28 
jj1 = 777, max_th = 2.086473e+00, time=2024-09-08 18:37:46 
jj1 = 713, max_th = 1.358900e+00, time=2024-09-08 18:37:59 
jj1 = 782, max_th = 1.821993e+00, time=2024-09-08 18:39:51 
jj1 = 673, max_th = 1.212203e+00, time=2024-09-08 18:40:10 
jj1 = 814, max_th = 1.898945e+00, time=2024-09-08 18:40:18 
jj1 = 649, max_th = 2.056815e+00, time=2024-09-08 18:40:42 
jj1 = 749, max_th = 1.242472e+00, time=2024-09-08 18:41:00 
jj1 = 833, max_th = 2.551142e+00, time=2024-09-08 18:42:23 
jj1 = 609, max_th = 1.289025e+00, time=2024-09-08 18:42:43 
jj1 = 781, max_th = 2.910766e+00, time=2024-09-08 18:42:48 
jj1 = 672, max_th = 2.773683e+00, time=2024-09-08 18:43:30 
jj1 = 798, max_th = 2.025179e+00, time=2024-09-08 18:43:38 
jj1 = 780, max_th = -1.014384e-01, time=2024-09-08 18:43:42 
jj1 = 868, max_th = 2.312711e+00, time=2024-09-08 18:43:51 
jj1 = 779, max_th = 3.164522e+00, time=2024-09-08 18:44:34 
jj1 = 801, max_th = 1.939558e+00, time=2024-09-08 18:45:34 
jj1 = 867, max_th = -6.631103e-04, time=2024-09-08 18:45:40 
jj1 = 832, max_th = 2.622539e+00, time=2024-09-08 18:46:16 
jj1 = 858, max_th = 2.529828e+00, time=2024-09-08 18:46:20 
jj1 = 776, max_th = 1.706406e+00, time=2024-09-08 18:46:24 
jj1 = 671, max_th = 2.386466e+00, time=2024-09-08 18:49:37 
jj1 = 813, max_th = 2.257763e+00, time=2024-09-08 18:50:52 
jj1 = 831, max_th = 1.653851e+00, time=2024-09-08 18:51:25 
jj1 = 828, max_th = 2.557638e+00, time=2024-09-08 18:51:50 
jj1 = 848, max_th = 1.570079e+00, time=2024-09-08 18:51:58 
jj1 = 800, max_th = 2.108487e+00, time=2024-09-08 18:52:28 
jj1 = 827, max_th = -9.272345e-02, time=2024-09-08 18:52:30 
jj1 = 866, max_th = 2.722737e+00, time=2024-09-08 18:53:13 
jj1 = 830, max_th = 3.020078e+00, time=2024-09-08 18:53:24 
jj1 = 826, max_th = 2.857591e+00, time=2024-09-08 18:53:41 
jj1 = 797, max_th = 1.667553e+00, time=2024-09-08 18:54:13 
jj1 = 893, max_th = 1.891672e+00, time=2024-09-08 18:54:35 
jj1 = 857, max_th = 2.174479e+00, time=2024-09-08 18:54:36 
jj1 = 812, max_th = 2.420076e+00, time=2024-09-08 18:57:45 
jj1 = 775, max_th = 1.983107e+00, time=2024-09-08 18:57:52 
jj1 = 799, max_th = 2.061705e+00, time=2024-09-08 18:58:11 
jj1 = 774, max_th = 6.384165e-01, time=2024-09-08 18:58:12 
jj1 = 829, max_th = 2.447960e+00, time=2024-09-08 18:59:21 
jj1 = 796, max_th = 1.298119e+00, time=2024-09-08 18:59:55 
jj1 = 825, max_th = 1.840758e+00, time=2024-09-08 19:01:44 
jj1 = 712, max_th = 1.477987e+00, time=2024-09-08 19:01:48 
jj1 = 847, max_th = 2.141096e+00, time=2024-09-08 19:01:51 
jj1 = 892, max_th = 2.255064e+00, time=2024-09-08 19:02:39 
jj1 = 811, max_th = 2.042985e+00, time=2024-09-08 19:03:35 
jj1 = 898, max_th = 1.820923e+00, time=2024-09-08 19:03:52 
jj1 = 670, max_th = 2.091536e+00, time=2024-09-08 19:03:58 
jj1 = 795, max_th = 2.498827e+00, time=2024-09-08 19:04:07 
jj1 = 865, max_th = 2.212991e+00, time=2024-09-08 19:04:55 
jj1 = 856, max_th = 1.933046e+00, time=2024-09-08 19:06:54 
jj1 = 913, max_th = 2.163022e+00, time=2024-09-08 19:06:58 
jj1 = 810, max_th = 3.764216e+00, time=2024-09-08 19:07:07 
jj1 = 824, max_th = 1.446459e+00, time=2024-09-08 19:08:21 
jj1 = 794, max_th = 2.629677e+00, time=2024-09-08 19:09:44 
jj1 = 773, max_th = 1.893543e+00, time=2024-09-08 19:10:10 
jj1 = 711, max_th = 1.797658e+00, time=2024-09-08 19:10:25 
jj1 = 891, max_th = 2.059336e+00, time=2024-09-08 19:11:08 
jj1 = 669, max_th = 2.425143e+00, time=2024-09-08 19:11:59 
jj1 = 846, max_th = 1.710274e+00, time=2024-09-08 19:12:27 
jj1 = 710, max_th = 1.014404e+00, time=2024-09-08 19:13:17 
jj1 = 888, max_th = 1.187018e+00, time=2024-09-08 19:14:07 
jj1 = 855, max_th = 2.566482e+00, time=2024-09-08 19:14:15 
jj1 = 845, max_th = 8.056922e-01, time=2024-09-08 19:14:42 
jj1 = 912, max_th = 1.660269e+00, time=2024-09-08 19:15:15 
jj1 = 897, max_th = 1.830729e+00, time=2024-09-08 19:16:00 
jj1 = 772, max_th = 2.360299e+00, time=2024-09-08 19:16:18 
jj1 = 809, max_th = 1.597921e+00, time=2024-09-08 19:17:09 
jj1 = 864, max_th = 2.270406e+00, time=2024-09-08 19:18:39 
jj1 = 793, max_th = 1.892634e+00, time=2024-09-08 19:19:29 
jj1 = 854, max_th = 2.465196e+00, time=2024-09-08 19:20:40 
jj1 = 823, max_th = 2.075571e+00, time=2024-09-08 19:21:11 
jj1 = 887, max_th = 1.432389e+00, time=2024-09-08 19:21:58 
jj1 = 911, max_th = 1.757453e+00, time=2024-09-08 19:22:04 
jj1 = 853, max_th = 6.997007e-01, time=2024-09-08 19:22:26 
jj1 = 771, max_th = 1.430946e+00, time=2024-09-08 19:22:56 
jj1 = 709, max_th = 2.196550e+00, time=2024-09-08 19:23:06 
jj1 = 844, max_th = 2.125899e+00, time=2024-09-08 19:24:32 
jj1 = 843, max_th = 3.050410e+00, time=2024-09-08 19:25:12 
jj1 = 896, max_th = 1.770428e+00, time=2024-09-08 19:25:18 
jj1 = 878, max_th = 2.898100e+00, time=2024-09-08 19:25:27 
jj1 = 770, max_th = 2.599855e+00, time=2024-09-08 19:25:29 
jj1 = 903, max_th = 2.181334e+00, time=2024-09-08 19:26:44 
jj1 = 792, max_th = 1.441689e+00, time=2024-09-08 19:27:00 
jj1 = 902, max_th = 1.026660e+00, time=2024-09-08 19:27:23 
jj1 = 852, max_th = 1.447411e+00, time=2024-09-08 19:27:55 
jj1 = 890, max_th = 1.813728e+00, time=2024-09-08 19:28:29 
jj1 = 910, max_th = 1.878915e+00, time=2024-09-08 19:30:32 
jj1 = 886, max_th = 2.350367e+00, time=2024-09-08 19:30:36 
jj1 = 822, max_th = 2.182381e+00, time=2024-09-08 19:31:47 
jj1 = 895, max_th = 2.061991e+00, time=2024-09-08 19:31:56 
jj1 = 889, max_th = 2.702816e+00, time=2024-09-08 19:32:19 
jj1 = 842, max_th = 2.207988e+00, time=2024-09-08 19:33:12 
jj1 = 851, max_th = 1.565311e+00, time=2024-09-08 19:33:22 
jj1 = 791, max_th = 1.872038e+00, time=2024-09-08 19:34:19 
jj1 = 901, max_th = 2.103311e+00, time=2024-09-08 19:35:05 
jj1 = 894, max_th = 1.601980e+00, time=2024-09-08 19:35:42 
jj1 = 769, max_th = 2.032351e+00, time=2024-09-08 19:35:57 
jj1 = 863, max_th = 1.830909e+00, time=2024-09-08 19:36:48 
jj1 = 877, max_th = 1.430331e+00, time=2024-09-08 19:36:55 
jj1 = 876, max_th = 3.690667e+00, time=2024-09-08 19:37:05 
jj1 = 943, max_th = 8.755295e-01, time=2024-09-08 19:37:42 
jj1 = 850, max_th = 1.715217e+00, time=2024-09-08 19:37:58 
jj1 = 841, max_th = 2.453130e+00, time=2024-09-08 19:39:17 
jj1 = 821, max_th = 2.264523e+00, time=2024-09-08 19:39:20 
jj1 = 900, max_th = 1.700106e+00, time=2024-09-08 19:39:42 
jj1 = 885, max_th = 1.777762e+00, time=2024-09-08 19:39:50 
jj1 = 899, max_th = 3.219282e+00, time=2024-09-08 19:40:00 
jj1 = 909, max_th = 2.663213e+00, time=2024-09-08 19:41:06 
jj1 = 790, max_th = 2.107862e+00, time=2024-09-08 19:41:13 
jj1 = 820, max_th = 2.650068e+00, time=2024-09-08 19:41:22 
jj1 = 942, max_th = 2.232122e+00, time=2024-09-08 19:42:50 
jj1 = 840, max_th = 2.841444e+00, time=2024-09-08 19:43:01 
jj1 = 948, max_th = 1.880853e+00, time=2024-09-08 19:43:35 
jj1 = 862, max_th = 1.775516e+00, time=2024-09-08 19:43:58 
jj1 = 884, max_th = 2.347741e+00, time=2024-09-08 19:44:30 
jj1 = 849, max_th = 2.098711e+00, time=2024-09-08 19:44:41 
jj1 = 908, max_th = 2.145806e+00, time=2024-09-08 19:45:05 
jj1 = 861, max_th = 2.854622e+00, time=2024-09-08 19:45:15 
jj1 = 952, max_th = 1.643202e+00, time=2024-09-08 19:45:32 
jj1 = 960, max_th = 1.624663e+00, time=2024-09-08 19:46:09 
jj1 = 875, max_th = 2.105250e+00, time=2024-09-08 19:46:18 
jj1 = 933, max_th = 3.587480e+00, time=2024-09-08 19:47:06 
jj1 = 819, max_th = 1.830358e+00, time=2024-09-08 19:47:26 
jj1 = 947, max_th = 2.042666e+00, time=2024-09-08 19:49:40 
jj1 = 907, max_th = 2.430463e+00, time=2024-09-08 19:50:37 
jj1 = 860, max_th = 1.504669e+00, time=2024-09-08 19:51:15 
jj1 = 839, max_th = 2.453622e+00, time=2024-09-08 19:51:20 
jj1 = 789, max_th = 2.229484e+00, time=2024-09-08 19:51:29 
jj1 = 951, max_th = 1.915080e+00, time=2024-09-08 19:52:30 
jj1 = 941, max_th = 2.690877e+00, time=2024-09-08 19:52:35 
jj1 = 932, max_th = 2.407420e+00, time=2024-09-08 19:52:53 
jj1 = 959, max_th = 1.932446e+00, time=2024-09-08 19:53:51 
jj1 = 874, max_th = 1.725667e+00, time=2024-09-08 19:54:31 
jj1 = 950, max_th = 2.772816e+00, time=2024-09-08 19:54:58 
jj1 = 906, max_th = 2.273569e+00, time=2024-09-08 19:55:16 
jj1 = 883, max_th = 1.578113e+00, time=2024-09-08 19:55:27 
jj1 = 931, max_th = 1.202461e+00, time=2024-09-08 19:55:48 
jj1 = 946, max_th = 1.595881e+00, time=2024-09-08 19:56:20 
jj1 = 928, max_th = 2.144939e+00, time=2024-09-08 19:57:15 
jj1 = 938, max_th = 1.587651e+00, time=2024-09-08 19:57:19 
jj1 = 859, max_th = 2.087688e+00, time=2024-09-08 19:58:26 
jj1 = 918, max_th = 1.832798e+00, time=2024-09-08 19:58:45 
jj1 = 937, max_th = 2.884442e+00, time=2024-09-08 19:58:55 
jj1 = 949, max_th = 2.601971e+00, time=2024-09-08 19:59:03 
jj1 = 958, max_th = 1.617833e+00, time=2024-09-08 19:59:16 
jj1 = 936, max_th = 7.849586e-01, time=2024-09-08 19:59:55 
jj1 = 930, max_th = 1.310297e+00, time=2024-09-08 20:00:58 
jj1 = 945, max_th = 2.099061e+00, time=2024-09-08 20:01:18 
jj1 = 882, max_th = 1.390764e+00, time=2024-09-08 20:01:26 
jj1 = 940, max_th = 2.259929e+00, time=2024-09-08 20:01:34 
jj1 = 927, max_th = 2.595928e+00, time=2024-09-08 20:02:19 
jj1 = 881, max_th = 2.905053e+00, time=2024-09-08 20:03:07 
jj1 = 873, max_th = 1.922164e+00, time=2024-09-08 20:03:51 
jj1 = 984, max_th = 1.471919e+00, time=2024-09-08 20:04:05 
jj1 = 929, max_th = 1.538771e+00, time=2024-09-08 20:04:16 
jj1 = 957, max_th = 1.346892e+00, time=2024-09-08 20:04:37 
jj1 = 917, max_th = 2.212012e+00, time=2024-09-08 20:04:39 
jj1 = 872, max_th = 2.909089e+00, time=2024-09-08 20:05:27 
jj1 = 939, max_th = 1.227974e+00, time=2024-09-08 20:06:47 
jj1 = 923, max_th = 1.873105e+00, time=2024-09-08 20:07:06 
jj1 = 944, max_th = 2.337933e+00, time=2024-09-08 20:07:10 
jj1 = 980, max_th = 2.677050e+00, time=2024-09-08 20:07:11 
jj1 = 935, max_th = 1.834948e+00, time=2024-09-08 20:07:48 
jj1 = 968, max_th = 9.785112e-01, time=2024-09-08 20:08:09 
jj1 = 988, max_th = 9.196828e-01, time=2024-09-08 20:08:13 
jj1 = 880, max_th = 2.517111e+00, time=2024-09-08 20:09:36 
jj1 = 905, max_th = 1.983499e+00, time=2024-09-08 20:09:44 
jj1 = 922, max_th = 1.003348e+00, time=2024-09-08 20:09:56 
jj1 = 926, max_th = 2.110537e+00, time=2024-09-08 20:10:09 
jj1 = 916, max_th = 1.797988e+00, time=2024-09-08 20:10:44 
jj1 = 925, max_th = 3.040991e+00, time=2024-09-08 20:11:26 
jj1 = 983, max_th = 1.631733e+00, time=2024-09-08 20:11:35 
jj1 = 972, max_th = 1.562462e+00, time=2024-09-08 20:12:31 
jj1 = 967, max_th = 2.381309e+00, time=2024-09-08 20:13:09 
jj1 = 979, max_th = 2.568874e+00, time=2024-09-08 20:14:02 
jj1 = 871, max_th = 1.978709e+00, time=2024-09-08 20:14:15 
jj1 = 987, max_th = 1.827586e+00, time=2024-09-08 20:14:16 
jj1 = 934, max_th = 2.645513e+00, time=2024-09-08 20:14:53 
jj1 = 921, max_th = 1.234502e+00, time=2024-09-08 20:15:01 
jj1 = 904, max_th = 2.001103e+00, time=2024-09-08 20:16:16 
jj1 = 879, max_th = 2.160923e+00, time=2024-09-08 20:16:48 
jj1 = 915, max_th = 2.144975e+00, time=2024-09-08 20:16:59 
jj1 = 956, max_th = -1.023204e-01, time=2024-09-08 20:17:01 
jj1 = 971, max_th = 1.952205e+00, time=2024-09-08 20:17:29 
jj1 = 978, max_th = 1.749958e+00, time=2024-09-08 20:18:17 
jj1 = 986, max_th = 1.683979e+00, time=2024-09-08 20:19:25 
jj1 = 966, max_th = -1.242212e-01, time=2024-09-08 20:20:16 
jj1 = 924, max_th = 1.979517e+00, time=2024-09-08 20:20:23 
jj1 = 982, max_th = 2.012138e+00, time=2024-09-08 20:22:03 
jj1 = 955, max_th = 2.406590e+00, time=2024-09-08 20:22:10 
jj1 = 976, max_th = 2.125143e+00, time=2024-09-08 20:22:17 
jj1 = 970, max_th = 2.370615e+00, time=2024-09-08 20:22:25 
jj1 = 870, max_th = 1.933895e+00, time=2024-09-08 20:22:47 
jj1 = 969, max_th = 1.447992e+00, time=2024-09-08 20:24:35 
jj1 = 920, max_th = 1.969157e+00, time=2024-09-08 20:25:32 
jj1 = 996, max_th = 2.176060e+00, time=2024-09-08 20:25:37 
jj1 = 981, max_th = 2.450179e+00, time=2024-09-08 20:26:04 
jj1 = 977, max_th = 2.133323e+00, time=2024-09-08 20:26:07 
jj1 = 869, max_th = 1.666013e+00, time=2024-09-08 20:26:34 
jj1 = 985, max_th = 1.966895e+00, time=2024-09-08 20:26:57 
jj1 = 965, max_th = 2.166141e+00, time=2024-09-08 20:28:15 
jj1 = 954, max_th = 1.953437e+00, time=2024-09-08 20:28:29 
jj1 = 992, max_th = 1.986192e+00, time=2024-09-08 20:29:13 
jj1 = 914, max_th = 2.576231e+00, time=2024-09-08 20:29:56 
jj1 = 975, max_th = 2.191219e+00, time=2024-09-08 20:30:23 
jj1 = 995, max_th = 1.791200e+00, time=2024-09-08 20:31:08 
jj1 = 974, max_th = 2.799351e+00, time=2024-09-08 20:32:29 
jj1 = 919, max_th = 2.020647e+00, time=2024-09-08 20:32:53 
jj1 = 999, max_th = 1.360553e+00, time=2024-09-08 20:33:16 
jj1 = 964, max_th = 1.887806e+00, time=2024-09-08 20:34:08 
jj1 = 997, max_th = 2.275336e+00, time=2024-09-08 20:35:34 
jj1 = 953, max_th = 2.571290e+00, time=2024-09-08 20:35:37 
jj1 = 991, max_th = 1.812576e+00, time=2024-09-08 20:35:53 
jj1 = 994, max_th = 2.887078e+00, time=2024-09-08 20:36:23 
jj1 = 1000, max_th = 2.119522e+00, time=2024-09-08 20:37:06 
jj1 = 990, max_th = 1.003828e+00, time=2024-09-08 20:37:26 
jj1 = 973, max_th = 1.904314e+00, time=2024-09-08 20:37:49 
jj1 = 963, max_th = 1.423466e+00, time=2024-09-08 20:38:23 
jj1 = 998, max_th = 1.665826e+00, time=2024-09-08 20:38:47 
jj1 = 993, max_th = 1.748322e+00, time=2024-09-08 20:40:54 
jj1 = 989, max_th = 1.945752e+00, time=2024-09-08 20:43:17 
jj1 = 962, max_th = 2.166197e+00, time=2024-09-08 20:43:57 
jj1 = 961, max_th = 2.048969e+00, time=2024-09-08 20:49:18 
>> >> >> >> >> >> >> >> 