MATLAB is selecting SOFTWARE OPENGL rendering.

                            < M A T L A B (R) >
                  Copyright 1984-2021 The MathWorks, Inc.
                  R2021b (9.11.0.1769968) 64-bit (glnxa64)
                             September 17, 2021

 
To get started, type doc.
For product information, visit www.mathworks.com.
 
>> >> >> >> >> >> >> >> >> >> >> >> >> >> >> >> >> >> >> Starting parallel pool (parpool) using the 'local' profile ...
[Warning: A task was unexpectedly found in state: Unavailable.] 
[> In parallel.cluster.Local/deriveJobStateFromTasks (line 29)
In parallel.cluster/Local/getJobState (line 174)
In parallel.cluster/CJSCluster/hGetJobState (line 375)
In parallel.internal.cluster/CJSJobMixin/hGetStateEnum (line 175)
In parallel/Job/get.StateEnum (line 247)
In parallel/Job/get.State (line 239)
In parallel.internal.customattr.CustomGetSet>iVectorisedGetHelper (line 128)
In parallel.internal.customattr.CustomGetSet>@(a,b,c)iVectorisedGetHelper(obj,a,b,c) (line 102)
In parallel.internal.customattr/CustomGetSet/doVectorisedGet (line 103)
In parallel.internal.customattr/CustomGetSet/hVectorisedGet (line 76)
In parallel.internal.customattr.GetSetImpl>iAccessProperties (line 322)
In parallel.internal.customattr.GetSetImpl>iGetAllPropertiesVec (line 264)
In parallel.internal.customattr/GetSetImpl/getImpl (line 133)
In parallel.internal.customattr.CustomGetSet>iHetFunGetFunction (line 154)
In parallel.internal.customattr.CustomGetSet>@(o)iHetFunGetFunction(o,props) (line 139)
In parallel.internal.cluster.hetfun (line 46)
In parallel.internal.customattr.CustomGetSet>iHetFunGetProperty (line 139)
In parallel.internal.customattr/CustomGetSet/get (line 38)
In parallel.internal.pool/AbstractInteractiveClient/pRemoveOldJobs (line 211)
In parallel.internal.pool/AbstractInteractiveClient/start (line 103)
In parallel.internal.pool.AbstractClusterPool>iStartClient (line 831)
In parallel.internal.pool/AbstractClusterPool/hBuildPool (line 585)
In parallel.internal.pool.doParpool (line 22)
In parpool (line 123)
In parallel.internal.parpool.getOrCreateCurrentPool (line 17)
In parallel.internal.pool/PoolArrayManager/getOrAutoCreateWithCleanup (line 44)
In pctTryCreatePoolIfNecessary (line 28)
In parallel_function (line 423)
In fn_measure (line 41)] 
Connected to the parallel pool (number of workers: 12).
Error of vP is 1.247757e-07 
Error of vP is 7.873465e-08 
Error of vP is 5.082550e-08 
Error of vP is 5.185830e-08 
Error of vP is 5.252296e-08 
Error of vP is 5.011293e-08 
Error of vP is 1.046406e-07 
Error of vP is 8.880440e-08 
Error of vP is 5.251150e-08 
Error of vP is 7.883981e-08 
Error of vP is 5.200360e-08 
Error of vP is 6.202938e-08 
Error of vP is 7.437766e-08 
Error of vP is 5.865866e-08 
Error of vP is 9.030288e-08 
Error of vP is 5.851290e-08 
Error of vP is 6.417427e-08 
Error of vP is 9.414217e-08 
Error of vP is 8.381335e-08 
Error of vP is 6.256957e-08 
Error of vP is 7.636317e-08 
Error of vP is 7.058996e-08 
Error of vP is 5.243513e-08 
Error of vP is 8.314275e-08 
Error of vP is 8.852834e-08 
Error of vP is 6.512293e-08 
Error of vP is 6.271486e-08 
Error of vP is 9.456049e-08 
Error of vP is 5.444891e-08 
Error of vP is 1.067877e-07 
Error of vP is 9.293383e-08 
Error of vP is 9.656228e-08 
Error of vP is 8.406939e-08 
Error of vP is 9.714521e-08 
Error of vP is 1.198572e-07 
Error of vP is 7.712074e-08 
Error of vP is 5.504591e-08 
Error of vP is 9.396962e-08 
Error of vP is 7.526685e-08 
Error of vP is 9.163054e-08 
Error of vP is 1.145951e-07 
Error of vP is 8.804990e-08 
Error of vP is 8.274877e-08 
Error of vP is 8.197911e-08 
Error of vP is 9.580175e-08 
Error of vP is 7.727431e-08 
Error of vP is 1.224508e-07 
Error of vP is 6.709583e-08 
Error of vP is 6.201246e-08 
Error of vP is 1.116880e-07 
Error of vP is 1.232533e-07 
Error of vP is 1.110601e-07 
Error of vP is 8.695231e-08 
Error of vP is 1.633317e-07 
Error of vP is 6.498530e-08 
Error of vP is 7.721442e-08 
Error of vP is 5.043605e-08 
Error of vP is 1.160380e-07 
Error of vP is 1.886586e-07 
Error of vP is 9.524559e-08 
Error of vP is 9.156093e-08 
Error of vP is 2.650177e-07 
Error of vP is 1.357764e-07 
Error of vP is 8.392275e-08 
Error of vP is 1.507016e-07 
Error of vP is 3.343792e-07 
Error of vP is 8.934621e-08 
Error of vP is 1.941094e-07 
Error of vP is 2.107214e-07 
Error of vP is 2.019507e-07 
Error of vP is 8.027990e-08 
Error of vP is 7.766766e-08 
Error of vP is 1.365437e-07 
Error of vP is 1.145225e-07 
Error of vP is 1.048661e-07 
Error of vP is 8.016357e-08 
Error of vP is 1.704086e-07 
Error of vP is 2.254362e-07 
Error of vP is 3.763695e-07 
Error of vP is 8.541466e-08 
Error of vP is 2.885119e-07 
Error of vP is 9.436635e-08 
Error of vP is 1.398863e-07 
Error of vP is 6.004237e-08 
Error of vP is 1.001781e-07 
Error of vP is 1.097703e-07 
Error of vP is 1.082533e-07 
Error of vP is 1.656710e-07 
Error of vP is 1.134534e-07 
Error of vP is 1.196794e-07 
Error of vP is 1.993328e-07 
Error of vP is 1.476666e-07 
Error of vP is 1.616330e-07 
Error of vP is 1.032750e-07 
Error of vP is 8.794110e-08 
Error of vP is 6.862719e-08 
Error of vP is 1.072100e-07 
Error of vP is 7.389105e-08 
Error of vP is 7.970070e-08 
Error of vP is 7.034866e-08 
Error of vP is 7.111276e-08 
Error of vP is 6.382547e-08 
Error of vP is 1.135064e-07 
Error of vP is 1.484245e-07 
Error of vP is 5.367766e-08 
Error of vP is 2.273329e-07 
Error of vP is 2.028772e-07 
Error of vP is 3.049112e-07 
Error of vP is 6.715664e-08 
Error of vP is 3.193633e-07 
Error of vP is 1.873764e-07 
Error of vP is 2.587835e-07 
Error of vP is 3.761954e-07 
Error of vP is 2.308333e-07 
Error of vP is 1.121646e-07 
Error of vP is 1.003093e-07 
Error of vP is 1.230817e-07 
Error of vP is 1.020768e-07 
Error of vP is 1.989267e-07 
Error of vP is 9.115382e-08 
Error of vP is 1.486876e-07 
Error of vP is 5.077865e-08 
Error of vP is 1.163886e-07 
Error of vP is 2.424660e-07 
Error of vP is 5.903299e-08 
Error of vP is 2.130220e-07 
Error of vP is 1.363541e-07 
Error of vP is 8.506765e-08 
Error of vP is 1.286931e-07 
Error of vP is 1.952319e-07 
Error of vP is 5.122949e-07 
Error of vP is 4.474803e-07 
Error of vP is 2.636859e-07 
Error of vP is 3.612699e-07 
Error of vP is 2.895673e-07 
Error of vP is 6.397449e-08 
Error of vP is 8.453277e-08 
Error of vP is 5.057133e-08 
Error of vP is 2.981154e-07 
Error of vP is 2.336197e-07 
Error of vP is 4.025013e-07 
Error of vP is 3.859806e-07 
Error of vP is 1.117429e-07 
Error of vP is 9.198204e-08 
Error of vP is 1.051338e-07 
Error of vP is 1.799718e-07 
Error of vP is 1.385242e-07 
Error of vP is 9.337626e-08 
Error of vP is 1.075742e-07 
Error of vP is 7.223535e-08 
Error of vP is 1.832177e-07 
Error of vP is 1.593036e-07 
Error of vP is 9.634010e-08 
Error of vP is 1.934266e-07 
Error of vP is 5.447948e-08 
Error of vP is 6.985621e-08 
Error of vP is 6.703347e-08 
Error of vP is 5.613847e-08 
Error of vP is 5.431033e-08 
Error of vP is 5.393529e-08 
Error of vP is 7.277341e-08 
Error of vP is 5.383342e-08 
Error of vP is 8.368389e-08 
Error of vP is 6.397870e-08 
Error of vP is 8.462247e-08 
Error of vP is 5.021695e-08 
Error of vP is 5.216576e-08 
Error of vP is 9.526360e-08 
Error of vP is 5.250863e-08 
Error of vP is 5.311013e-08 
Error of vP is 6.822738e-08 
Error of vP is 5.225124e-08 
Error of vP is 9.250295e-08 
Error of vP is 8.892300e-08 
Error of vP is 1.590756e-07 
Error of vP is 7.720256e-08 
Error of vP is 1.774187e-07 
Error of vP is 1.030257e-07 
Error of vP is 6.239743e-08 
Error of vP is 6.387071e-08 
Error of vP is 5.033596e-08 
Error of vP is 5.211220e-08 
Error of vP is 5.845968e-08 
Error of vP is 7.237965e-08 
Error of vP is 5.398705e-08 
Error of vP is 2.329172e-07 
Error of vP is 6.957678e-08 
Error of vP is 6.045706e-08 
Error of vP is 6.114409e-08 
Error of vP is 5.137160e-08 
Error of vP is 8.450112e-08 
Error of vP is 8.678320e-08 
Error of vP is 1.071074e-07 
Error of vP is 7.710447e-08 
Error of vP is 5.905205e-08 
Error of vP is 7.586618e-08 
Error of vP is 6.333293e-08 
Error of vP is 1.768173e-07 
Error of vP is 6.543757e-08 
Error of vP is 1.249337e-07 
Error of vP is 1.043124e-07 
Error of vP is 5.316477e-08 
Error of vP is 1.032326e-07 
Error of vP is 8.037124e-08 
Error of vP is 7.113639e-08 
Error of vP is 6.315311e-08 
Error of vP is 5.507742e-08 
Error of vP is 7.094952e-08 
Error of vP is 5.492409e-08 
Error of vP is 5.438786e-08 
Error of vP is 7.113050e-08 
Error of vP is 1.114832e-07 
Error of vP is 6.113549e-08 
Error of vP is 5.305210e-08 
Error of vP is 8.075235e-08 
Error of vP is 1.073684e-07 
Error of vP is 6.307737e-08 
Error of vP is 8.746876e-08 
Error of vP is 5.687159e-08 
Error of vP is 6.230654e-08 
Error of vP is 9.088654e-08 
Error of vP is 5.977946e-08 
Error of vP is 5.673502e-08 
Error of vP is 1.519276e-07 
Error of vP is 1.335168e-07 
Error of vP is 5.404864e-08 
Error of vP is 5.508533e-08 
Error of vP is 8.187515e-08 
Error of vP is 1.185477e-07 
Error of vP is 1.486842e-07 
Error of vP is 8.071795e-08 
Error of vP is 7.815018e-08 
Error of vP is 6.972078e-08 
Error of vP is 5.997305e-08 
Error of vP is 1.303074e-07 
Error of vP is 1.551098e-07 
Error of vP is 6.323751e-08 
Error of vP is 1.284238e-07 
Error of vP is 5.604689e-08 
Error of vP is 5.861456e-08 
Error of vP is 7.317546e-08 
Error of vP is 1.179723e-07 
Error of vP is 9.574755e-08 
Error of vP is 1.272484e-07 
Error of vP is 7.238175e-08 
Error of vP is 8.650489e-08 
Error of vP is 2.049871e-07 
Error of vP is 1.242144e-07 
Error of vP is 7.563098e-08 
Error of vP is 5.812547e-08 
Error of vP is 6.350475e-08 
Error of vP is 6.651769e-08 
Error of vP is 7.603696e-08 
Error of vP is 7.398790e-08 
Error of vP is 5.361377e-08 
Error of vP is 1.108013e-07 
Error of vP is 5.001223e-08 
Error of vP is 5.410266e-08 
Error of vP is 5.325808e-08 
Error of vP is 5.014962e-08 
Error of vP is 5.499216e-08 
Error of vP is 1.195368e-07 
Error of vP is 8.913252e-08 
Error of vP is 1.249945e-07 
Error of vP is 1.097488e-07 
Error of vP is 1.182839e-07 
Error of vP is 7.110880e-08 
Error of vP is 7.888320e-08 
Error of vP is 8.606702e-08 
Error of vP is 1.123329e-07 
Error of vP is 5.816602e-08 
Error of vP is 7.146865e-08 
Error of vP is 6.238217e-08 
Error of vP is 5.132751e-08 
Error of vP is 6.720393e-08 
Error of vP is 8.285072e-08 
Error of vP is 7.077109e-08 
Error of vP is 2.529821e-07 
Error of vP is 1.165428e-07 
Error of vP is 1.741682e-07 
Error of vP is 2.118158e-07 
Error of vP is 3.405661e-07 
Error of vP is 2.360658e-07 
Error of vP is 1.066152e-07 
Error of vP is 3.634946e-07 
Error of vP is 9.017765e-08 
Error of vP is 5.530147e-08 
Error of vP is 1.060670e-06 
Error of vP is 7.260366e-08 
Error of vP is 5.396649e-07 
Error of vP is 5.657964e-08 
Error of vP is 1.964494e-07 
Error of vP is 4.442522e-07 
Error of vP is 1.250937e-07 
Error of vP is 3.465624e-07 
Error of vP is 4.054258e-07 
Error of vP is 9.324670e-08 
Error of vP is 3.975116e-07 
Error of vP is 5.855177e-07 
Error of vP is 9.222687e-07 
Error of vP is 5.337435e-07 
Error of vP is 1.459219e-07 
Error of vP is 5.459540e-07 
Error of vP is 2.479607e-06 
Error of vP is 6.576329e-07 
Error of vP is 9.716065e-07 
Error of vP is 3.380078e-07 
Error of vP is 8.168932e-08 
Error of vP is 1.115518e-06 
Error of vP is 1.890476e-07 
Error of vP is 9.986263e-07 
Error of vP is 9.637838e-07 
Error of vP is 1.402845e-06 
Error of vP is 4.112283e-07 
Error of vP is 4.746525e-07 
Error of vP is 7.438447e-07 
Error of vP is 5.048315e-07 
Error of vP is 6.190622e-07 
Error of vP is 1.681050e-06 
Error of vP is 2.527527e-06 
Error of vP is 7.966706e-08 
Error of vP is 5.848204e-07 
Error of vP is 9.813359e-07 
Error of vP is 1.038584e-06 
Error of vP is 4.883049e-07 
Error of vP is 4.805015e-07 
Error of vP is 5.466301e-08 
Error of vP is 7.176569e-08 
Error of vP is 7.426618e-08 
Error of vP is 7.925518e-08 
Error of vP is 7.120975e-08 
Error of vP is 7.662153e-08 
Error of vP is 6.938069e-08 
Error of vP is 7.722656e-08 
Error of vP is 7.903796e-08 
Error of vP is 1.092536e-07 
Error of vP is 5.397146e-08 
Error of vP is 1.041155e-07 
Error of vP is 1.380897e-07 
Error of vP is 7.045061e-08 
Error of vP is 7.543680e-08 
Error of vP is 9.366526e-08 
Error of vP is 5.994008e-08 
Error of vP is 5.102084e-08 
Error of vP is 1.379818e-07 
Error of vP is 6.450600e-08 
Error of vP is 6.330720e-08 
Error of vP is 8.523433e-08 
Error of vP is 6.768187e-08 
Error of vP is 7.960328e-08 
Error of vP is 7.146447e-08 
Error of vP is 5.941167e-08 
Error of vP is 7.560279e-08 
Error of vP is 1.636279e-07 
Error of vP is 6.783659e-08 
Error of vP is 8.146605e-08 
Error of vP is 8.372126e-08 
Error of vP is 1.124354e-07 
Error of vP is 2.214114e-07 
Error of vP is 8.523483e-08 
Error of vP is 1.425287e-07 
Error of vP is 9.458210e-08 
Error of vP is 5.415819e-07 
Error of vP is 2.876594e-07 
Error of vP is 4.606046e-07 
Error of vP is 2.214277e-07 
Error of vP is 1.376928e-07 
Error of vP is 7.492232e-08 
Error of vP is 2.623792e-07 
Error of vP is 2.320725e-07 
Error of vP is 2.505935e-07 
Error of vP is 5.620125e-08 
Error of vP is 2.838027e-07 
Error of vP is 3.363413e-07 
Error of vP is 4.619219e-07 
Error of vP is 6.350661e-07 
Error of vP is 5.504441e-07 
Error of vP is 1.119452e-07 
Error of vP is 2.326215e-07 
Error of vP is 2.758422e-07 
Error of vP is 5.250202e-07 
Error of vP is 5.700429e-07 
Error of vP is 1.628261e-07 
Error of vP is 3.054910e-07 
Error of vP is 1.872891e-07 
Error of vP is 4.466531e-07 
Error of vP is 5.468463e-08 
Error of vP is 9.403918e-08 
Error of vP is 9.938481e-08 
Error of vP is 7.107897e-08 
Error of vP is 7.262467e-08 
Error of vP is 7.750895e-08 
Error of vP is 6.874350e-08 
Error of vP is 8.887148e-08 
Error of vP is 6.739943e-08 
Error of vP is 1.871604e-07 
Error of vP is 5.935328e-07 
Error of vP is 1.442542e-07 
Error of vP is 5.283589e-08 
Error of vP is 5.905074e-08 
Error of vP is 5.197477e-08 
Error of vP is 6.172358e-08 
Error of vP is 8.969359e-08 
Error of vP is 9.546189e-08 
Error of vP is 1.661269e-07 
Error of vP is 9.223267e-08 
Error of vP is 6.431420e-08 
Error of vP is 5.607544e-08 
Error of vP is 5.490344e-08 
Error of vP is 5.938311e-08 
Error of vP is 5.499588e-08 
Error of vP is 6.711499e-08 
Error of vP is 7.619522e-08 
Error of vP is 5.298516e-08 
Error of vP is 6.781964e-08 
Error of vP is 1.056179e-07 
Error of vP is 1.493983e-07 
Error of vP is 9.123602e-08 
Error of vP is 6.249418e-08 
Error of vP is 5.087011e-08 
Error of vP is 1.363765e-07 
Error of vP is 2.222504e-07 
Error of vP is 1.870310e-07 
Error of vP is 7.391185e-08 
Error of vP is 2.058672e-07 
Error of vP is 1.430276e-07 
Error of vP is 7.522706e-08 
Error of vP is 5.304358e-08 
Error of vP is 1.040069e-07 
Error of vP is 7.929619e-08 
Error of vP is 5.878156e-08 
Error of vP is 1.335532e-07 
Error of vP is 5.471076e-08 
Error of vP is 6.718606e-08 
Error of vP is 6.614535e-08 
Error of vP is 1.159397e-07 
Error of vP is 5.819691e-08 
Error of vP is 5.719273e-08 
Error of vP is 8.434761e-08 
Error of vP is 1.304500e-07 
Error of vP is 1.023780e-07 
Error of vP is 7.053688e-08 
Error of vP is 5.288164e-08 
Error of vP is 8.404872e-08 
Error of vP is 5.541593e-08 
Error of vP is 6.594727e-08 
Error of vP is 5.183786e-08 
Error of vP is 6.955272e-08 
Error of vP is 6.094389e-08 
Error of vP is 6.191663e-08 
Error of vP is 8.489941e-08 
Error of vP is 8.138515e-08 
Error of vP is 5.891539e-08 
Error of vP is 8.074543e-08 
Error of vP is 6.633088e-08 
Error of vP is 8.296659e-08 
Error of vP is 1.424417e-07 
Error of vP is 9.912651e-08 
Error of vP is 5.861990e-08 
Error of vP is 6.145903e-08 
Error of vP is 5.193969e-08 
Error of vP is 5.556445e-08 
Error of vP is 9.259724e-08 
Error of vP is 5.781869e-08 
Error of vP is 5.597579e-08 
Error of vP is 8.080437e-08 
Error of vP is 7.220421e-08 
Error of vP is 5.693355e-08 
Error of vP is 6.569960e-08 
Error of vP is 1.095307e-07 
Error of vP is 1.286423e-07 
Error of vP is 8.652695e-08 
Error of vP is 1.029349e-07 
Error of vP is 5.085247e-08 
Error of vP is 9.878607e-08 
Error of vP is 8.415616e-08 
Error of vP is 7.707297e-08 
Error of vP is 1.164506e-07 
Error of vP is 1.891881e-07 
Error of vP is 1.930835e-07 
Error of vP is 3.279823e-07 
Error of vP is 7.013359e-08 
Error of vP is 8.204254e-08 
Error of vP is 6.835256e-08 
Error of vP is 5.756223e-08 
Error of vP is 5.995561e-08 
Error of vP is 6.013702e-08 
Error of vP is 7.404245e-08 
Error of vP is 7.816790e-08 
Error of vP is 7.062859e-08 
Error of vP is 5.697937e-08 
Error of vP is 6.862334e-08 
Error of vP is 1.185043e-07 
Error of vP is 1.002642e-07 
Error of vP is 8.494879e-08 
Error of vP is 9.116422e-08 
Error of vP is 8.285230e-08 
Error of vP is 1.098294e-07 
Error of vP is 1.160473e-07 
Error of vP is 1.126051e-07 
Error of vP is 2.022882e-07 
Error of vP is 7.596084e-08 
Error of vP is 1.547641e-07 
Error of vP is 8.468377e-08 
Error of vP is 5.428757e-08 
Error of vP is 1.653660e-07 
Error of vP is 6.735719e-08 
Error of vP is 7.724782e-08 
Error of vP is 5.289984e-08 
Error of vP is 5.455403e-08 
Error of vP is 5.453952e-08 
Error of vP is 7.768415e-08 
Error of vP is 6.930514e-08 
Error of vP is 5.252500e-08 
Error of vP is 9.967684e-08 
Error of vP is 7.266297e-08 
Error of vP is 6.236780e-08 
Error of vP is 7.987437e-08 
Error of vP is 6.590863e-08 
Error of vP is 6.850661e-08 
Error of vP is 5.631897e-08 
Error of vP is 6.013944e-08 
Error of vP is 7.305577e-08 
Error of vP is 8.255145e-08 
Error of vP is 6.756273e-08 
Error of vP is 9.454505e-08 
Error of vP is 5.490860e-08 
Error of vP is 6.073332e-08 
Error of vP is 7.954365e-08 
Error of vP is 8.855258e-08 
Error of vP is 6.483645e-08 
Error of vP is 5.258565e-08 
Error of vP is 5.260496e-08 
Error of vP is 1.397413e-07 
Error of vP is 7.190026e-08 
Error of vP is 7.205756e-08 
Error of vP is 5.596760e-08 
Error of vP is 5.758576e-08 
Error of vP is 1.116089e-07 
Error of vP is 5.760267e-08 
Error of vP is 7.365511e-08 
Error of vP is 6.045364e-08 
Error of vP is 7.198710e-08 
Error of vP is 9.380228e-08 
Error of vP is 7.099491e-08 
Error of vP is 6.330334e-08 
Error of vP is 1.820804e-07 
Error of vP is 5.896939e-08 
Error of vP is 1.102045e-07 
Error of vP is 6.537320e-08 
Error of vP is 5.702761e-08 
Error of vP is 1.098146e-07 
Error of vP is 7.789570e-08 
Error of vP is 6.003672e-08 
Error of vP is 8.384159e-08 
Error of vP is 8.511367e-08 
Error of vP is 1.050303e-07 
Error of vP is 5.894496e-08 
Error of vP is 8.986379e-08 
Error of vP is 2.131432e-07 
Error of vP is 9.018847e-08 
Error of vP is 6.887687e-08 
Error of vP is 6.362714e-08 
Error of vP is 1.739597e-07 
Error of vP is 7.119674e-08 
Error of vP is 1.464953e-07 
Error of vP is 5.462217e-08 
Error of vP is 5.303059e-08 
Error of vP is 7.197272e-08 
Error of vP is 2.608839e-07 
Error of vP is 8.803751e-08 
Error of vP is 1.392343e-07 
Error of vP is 6.287950e-08 
Error of vP is 6.202164e-08 
Error of vP is 1.211152e-07 
Error of vP is 5.756938e-08 
Error of vP is 5.727491e-08 
Error of vP is 6.133214e-08 
Error of vP is 1.217041e-07 
Error of vP is 5.005222e-08 
Error of vP is 1.080651e-07 
Error of vP is 5.145738e-08 
Error of vP is 6.644876e-08 
Error of vP is 5.353673e-08 
Error of vP is 5.730866e-08 
Error of vP is 9.545346e-08 
Error of vP is 5.020857e-08 
Error of vP is 5.752635e-08 
Error of vP is 9.346536e-08 
Error of vP is 6.584746e-08 
Error of vP is 5.835354e-08 
Error of vP is 1.047879e-07 
Error of vP is 8.865353e-08 
Error of vP is 8.207142e-08 
Error of vP is 1.169548e-07 
Error of vP is 9.575294e-08 
Error of vP is 1.433543e-07 
Error of vP is 1.145146e-07 
Error of vP is 5.273122e-08 
Error of vP is 5.740023e-08 
Error of vP is 9.042730e-08 
Error of vP is 2.009917e-07 
Error of vP is 6.821823e-08 
Error of vP is 1.179905e-07 
Error of vP is 5.393623e-08 
Error of vP is 7.630256e-08 
Error of vP is 8.915111e-08 
Error of vP is 6.577189e-08 
Error of vP is 7.203729e-08 
Error of vP is 5.515942e-08 
Error of vP is 6.641194e-08 
Error of vP is 7.391329e-08 
Error of vP is 7.751957e-08 
Error of vP is 5.062661e-08 
Error of vP is 7.163568e-08 
Error of vP is 5.738645e-08 
Error of vP is 5.823863e-08 
Error of vP is 6.420013e-08 
Error of vP is 5.451813e-08 
Error of vP is 9.553347e-08 
Error of vP is 6.775363e-08 
Error of vP is 6.622157e-08 
Error of vP is 8.310693e-08 
Error of vP is 1.304494e-07 
Error of vP is 5.277090e-08 
Error of vP is 1.002006e-07 
Error of vP is 6.693991e-08 
Error of vP is 2.208117e-07 
Error of vP is 1.960366e-07 
Error of vP is 7.260564e-08 
Error of vP is 5.072233e-08 
Error of vP is 5.611876e-08 
Error of vP is 5.116268e-08 
Error of vP is 7.839158e-08 
Error of vP is 6.072820e-08 
Error of vP is 1.593907e-07 
Error of vP is 9.735728e-08 
Error of vP is 5.487066e-08 
Error of vP is 7.696680e-08 
Error of vP is 8.144350e-08 
Error of vP is 6.641684e-08 
Error of vP is 6.284265e-08 
Error of vP is 1.016723e-07 
Error of vP is 7.539325e-08 
Error of vP is 6.264767e-08 
Error of vP is 9.365692e-08 
Error of vP is 5.656455e-08 
Error of vP is 7.871071e-08 
Error of vP is 9.041592e-08 
Error of vP is 5.493380e-08 
Error of vP is 5.104694e-08 
Error of vP is 6.167830e-08 
Error of vP is 5.368491e-08 
Error of vP is 6.674275e-08 
Error of vP is 5.588090e-08 
Error of vP is 5.498710e-08 
Error of vP is 9.550976e-08 
Error of vP is 7.121308e-08 
Error of vP is 1.124829e-07 
Error of vP is 1.035803e-07 
Error of vP is 6.293113e-08 
Error of vP is 9.563533e-08 
Error of vP is 8.350058e-08 
Error of vP is 6.408068e-08 
Error of vP is 5.672242e-08 
Error of vP is 1.056234e-07 
Error of vP is 9.967156e-08 
Error of vP is 7.073069e-08 
Error of vP is 5.752271e-08 
Error of vP is 6.551191e-08 
Error of vP is 7.957261e-08 
Error of vP is 9.864670e-08 
Error of vP is 1.308453e-07 
Error of vP is 1.087281e-07 
Error of vP is 1.245042e-07 
Error of vP is 8.560444e-08 
Error of vP is 6.976375e-08 
Error of vP is 5.307802e-08 
Error of vP is 1.270732e-07 
Error of vP is 6.349368e-08 
Error of vP is 6.364617e-08 
Error of vP is 7.651831e-08 
Error of vP is 3.313240e-07 
Error of vP is 5.477685e-08 
Error of vP is 5.113186e-08 
Error of vP is 9.436198e-08 
Error of vP is 6.279466e-08 
Error of vP is 5.265880e-08 
Error of vP is 1.702886e-07 
Error of vP is 1.169135e-07 
Error of vP is 1.173366e-07 
Error of vP is 6.057093e-08 
Error of vP is 8.121406e-08 
Error of vP is 5.180459e-08 
Error of vP is 1.218395e-07 
Error of vP is 1.965199e-07 
Error of vP is 8.259134e-08 
Error of vP is 3.115053e-07 
Error of vP is 5.031761e-08 
Error of vP is 7.166184e-08 
Error of vP is 1.488536e-07 
Error of vP is 2.459247e-07 
Error of vP is 1.970075e-07 
Error of vP is 2.692087e-07 
Error of vP is 9.323224e-08 
Error of vP is 2.219792e-07 
Error of vP is 1.179389e-07 
Error of vP is 7.693655e-08 
Error of vP is 8.860753e-08 
Error of vP is 1.251508e-07 
Error of vP is 1.075472e-07 
Error of vP is 2.961123e-07 
Error of vP is 1.528460e-07 
Error of vP is 6.410067e-08 
Error of vP is 6.367658e-08 
Error of vP is 1.668714e-07 
Error of vP is 3.091415e-07 
Error of vP is 9.872975e-08 
Error of vP is 1.918546e-07 
Error of vP is 5.121397e-08 
Error of vP is 9.884910e-08 
Error of vP is 3.151418e-07 
Error of vP is 1.831901e-07 
Error of vP is 2.227753e-07 
Error of vP is 1.779673e-07 
Error of vP is 4.762491e-07 
Error of vP is 9.526322e-08 
Error of vP is 1.399318e-07 
Error of vP is 1.558636e-07 
Error of vP is 3.705423e-07 
Error of vP is 2.593175e-07 
Error of vP is 2.165627e-07 
Error of vP is 8.919348e-07 
Error of vP is 3.274358e-07 
Error of vP is 4.317655e-07 
Error of vP is 4.048627e-07 
Error of vP is 2.741172e-07 
Error of vP is 8.316127e-08 
Error of vP is 3.626563e-07 
Error of vP is 4.454095e-07 
Error of vP is 2.189215e-07 
Error of vP is 3.100700e-07 
Error of vP is 4.831138e-07 
Error of vP is 3.667746e-07 
Error of vP is 3.164462e-07 
Error of vP is 3.504702e-07 
Error of vP is 3.684643e-07 
Error of vP is 4.062671e-07 
Error of vP is 3.489823e-07 
Error of vP is 1.533629e-07 
Error of vP is 5.714294e-08 
Error of vP is 9.376511e-08 
Error of vP is 2.511740e-07 
Error of vP is 1.502356e-07 
Error of vP is 3.777092e-07 
Error of vP is 1.278951e-07 
Error of vP is 3.334662e-07 
Error of vP is 2.077987e-07 
Error of vP is 4.426169e-07 
Error of vP is 2.994385e-07 
Error of vP is 1.420347e-07 
Error of vP is 1.076136e-07 
Error of vP is 9.901389e-08 
Error of vP is 6.131563e-07 
Error of vP is 2.547472e-07 
Error of vP is 9.678191e-08 
Error of vP is 9.134613e-07 
Error of vP is 6.898401e-07 
Error of vP is 3.872089e-07 
Error of vP is 6.024513e-07 
Error of vP is 7.348561e-07 
Error of vP is 4.737714e-07 
Error of vP is 2.627769e-07 
Error of vP is 2.614381e-07 
Error of vP is 1.148450e-07 
Error of vP is 6.345213e-07 
Error of vP is 8.599195e-07 
Error of vP is 1.137471e-07 
Error of vP is 1.681490e-07 
Error of vP is 3.950904e-07 
Error of vP is 4.887373e-07 
Error of vP is 5.544916e-08 
Error of vP is 8.384534e-07 
Error of vP is 4.515850e-07 
Error of vP is 9.033167e-07 
Error of vP is 1.020428e-06 
Error of vP is 1.102434e-06 
Error of vP is 1.525548e-06 
Error of vP is 7.298190e-08 
Error of vP is 9.237281e-08 
Error of vP is 8.870071e-07 
Error of vP is 2.764388e-07 
Error of vP is 5.204841e-08 
Error of vP is 5.700541e-07 
Error of vP is 2.041275e-07 
Error of vP is 4.289416e-07 
Error of vP is 4.666493e-07 
Error of vP is 1.094859e-07 
Error of vP is 4.941752e-07 
Error of vP is 2.139011e-07 
Error of vP is 2.426373e-07 
Error of vP is 1.719563e-07 
Error of vP is 6.744167e-07 
Error of vP is 5.427910e-08 
Error of vP is 4.232589e-07 
Error of vP is 2.935073e-07 
Error of vP is 7.176678e-07 
Error of vP is 5.174088e-07 
Error of vP is 1.029787e-06 
Error of vP is 2.811861e-07 
Error of vP is 9.024346e-07 
Error of vP is 5.232667e-07 
Error of vP is 9.101303e-08 
Error of vP is 2.099684e-07 
Error of vP is 4.188856e-07 
Error of vP is 8.954022e-08 
Error of vP is 8.223615e-08 
Error of vP is 1.289788e-07 
Error of vP is 5.605925e-07 
Error of vP is 5.191667e-08 
Error of vP is 2.085464e-07 
Error of vP is 1.653952e-07 
Error of vP is 2.140260e-07 
Error of vP is 4.364316e-07 
Error of vP is 2.712988e-07 
Error of vP is 2.889849e-07 
Error of vP is 3.374272e-07 
Error of vP is 1.088442e-07 
Error of vP is 5.384905e-08 
Error of vP is 7.134625e-08 
Error of vP is 5.510206e-08 
Error of vP is 6.415928e-08 
Error of vP is 5.274844e-08 
Error of vP is 8.455852e-08 
Error of vP is 5.611275e-08 
Error of vP is 6.780653e-08 
Error of vP is 6.256350e-08 
Error of vP is 8.011904e-08 
Error of vP is 6.075136e-08 
Error of vP is 1.031524e-07 
Error of vP is 8.507090e-08 
Error of vP is 8.153127e-08 
Error of vP is 5.699250e-08 
Error of vP is 7.542611e-08 
Error of vP is 8.299602e-08 
Error of vP is 7.301845e-08 
Error of vP is 6.182653e-08 
Error of vP is 6.703310e-08 
Error of vP is 5.483904e-08 
Error of vP is 5.950234e-08 
Error of vP is 9.007839e-08 
Error of vP is 9.525071e-08 
Error of vP is 7.898375e-08 
Error of vP is 7.042093e-08 
Error of vP is 1.492183e-07 
Error of vP is 1.932059e-07 
Error of vP is 1.276322e-07 
Error of vP is 9.947064e-08 
Error of vP is 9.542955e-08 
Error of vP is 6.734327e-08 
Error of vP is 7.643358e-08 
Error of vP is 1.832040e-07 
Error of vP is 1.011882e-07 
Error of vP is 5.368409e-08 
Error of vP is 1.593179e-07 
Error of vP is 1.419730e-07 
Error of vP is 8.164928e-08 
Error of vP is 1.019342e-07 
Error of vP is 9.237643e-08 
Error of vP is 8.151078e-08 
Error of vP is 9.326141e-08 
Error of vP is 5.588138e-08 
Error of vP is 6.449072e-08 
Error of vP is 8.046177e-08 
Error of vP is 7.072175e-08 
Error of vP is 5.803950e-08 
Error of vP is 5.147448e-08 
Error of vP is 5.151969e-08 
Error of vP is 8.076158e-08 
Error of vP is 6.846291e-08 
Error of vP is 5.320533e-08 
Error of vP is 1.055305e-07 
Error of vP is 1.883397e-07 
Error of vP is 2.028499e-07 
Error of vP is 1.054096e-07 
Error of vP is 9.830093e-08 
Error of vP is 9.917759e-08 
Error of vP is 6.835281e-08 
Error of vP is 1.518500e-07 
Error of vP is 9.696413e-08 
Error of vP is 7.347159e-08 
Error of vP is 8.276745e-08 
Error of vP is 8.362689e-08 
Error of vP is 1.506089e-07 
Error of vP is 2.223098e-07 
Error of vP is 7.589003e-08 
Error of vP is 5.784690e-08 
Error of vP is 1.882685e-07 
Error of vP is 2.142569e-07 
Error of vP is 5.190769e-08 
Error of vP is 9.743732e-08 
Error of vP is 6.977420e-08 
Error of vP is 9.154378e-08 
Error of vP is 8.370690e-08 
Error of vP is 6.847535e-08 
Error of vP is 1.824330e-07 
Error of vP is 2.469175e-07 
Error of vP is 5.627901e-08 
Error of vP is 8.541224e-08 
Error of vP is 1.365204e-07 
Error of vP is 1.126239e-07 
Error of vP is 7.029812e-08 
Error of vP is 2.427765e-07 
Error of vP is 6.954817e-08 
Error of vP is 2.305237e-07 
Error of vP is 2.353428e-07 
Error of vP is 7.989808e-08 
Error of vP is 1.025443e-07 
Error of vP is 8.318531e-08 
Error of vP is 9.124926e-08 
Error of vP is 5.643393e-08 
Error of vP is 6.613966e-08 
Error of vP is 6.901865e-08 
Error of vP is 6.123414e-08 
Error of vP is 5.072086e-08 
Error of vP is 8.697274e-08 
Error of vP is 1.685442e-07 
Error of vP is 9.405664e-08 
Error of vP is 6.132733e-08 
Error of vP is 4.000008e-07 
Error of vP is 1.576503e-07 
Error of vP is 1.974597e-07 
Error of vP is 1.851025e-07 
Error of vP is 1.642260e-07 
Error of vP is 1.857398e-07 
Error of vP is 2.780550e-07 
Error of vP is 7.340343e-08 
Error of vP is 5.062837e-08 
Error of vP is 1.639338e-07 
Error of vP is 1.411733e-07 
Error of vP is 2.317746e-07 
Error of vP is 3.369469e-07 
Error of vP is 2.508215e-07 
Error of vP is 3.622979e-07 
Error of vP is 1.920036e-07 
Error of vP is 6.423058e-07 
Error of vP is 7.686047e-07 
Error of vP is 7.125875e-08 
Error of vP is 6.615653e-07 
Error of vP is 1.030304e-07 
Error of vP is 1.110367e-07 
Error of vP is 3.879819e-07 
Error of vP is 4.582189e-07 
Error of vP is 7.688594e-08 
Error of vP is 3.303886e-07 
Error of vP is 3.891700e-07 
Error of vP is 1.133442e-07 
Error of vP is 3.289120e-07 
Error of vP is 4.710544e-07 
Error of vP is 8.200726e-08 
Error of vP is 3.636499e-07 
Error of vP is 1.438893e-07 
Error of vP is 1.961364e-07 
Error of vP is 3.695623e-07 
Error of vP is 2.003418e-07 
Error of vP is 2.528849e-07 
Error of vP is 5.489500e-07 
Error of vP is 5.707357e-07 
Error of vP is 1.780563e-07 
Error of vP is 1.174304e-07 
Error of vP is 3.069595e-07 
Error of vP is 3.070513e-07 
Error of vP is 4.324665e-07 
Error of vP is 1.074399e-07 
Error of vP is 7.298604e-07 
Error of vP is 3.931856e-07 
Error of vP is 3.487599e-07 
Error of vP is 8.766259e-07 
Error of vP is 1.581906e-07 
Error of vP is 4.149820e-07 
Error of vP is 3.624504e-07 
Error of vP is 6.354084e-07 
Error of vP is 4.948199e-07 
Error of vP is 6.242827e-07 
Error of vP is 2.083131e-07 
Error of vP is 3.208112e-07 
Error of vP is 4.233887e-07 
Error of vP is 8.055521e-07 
Error of vP is 2.193925e-07 
Error of vP is 8.419908e-07 
Error of vP is 4.532329e-07 
Error of vP is 3.955643e-07 
Error of vP is 1.586402e-07 
Error of vP is 2.191278e-07 
Error of vP is 3.457976e-07 
Error of vP is 2.113984e-07 
>> >> 
endtime =

   1.7846e+04

>> >> >> >> >> >> 