MATLAB is selecting SOFTWARE OPENGL rendering.

                            < M A T L A B (R) >
                  Copyright 1984-2021 The MathWorks, Inc.
                  R2021b (9.11.0.1769968) 64-bit (glnxa64)
                             September 17, 2021

 
To get started, type doc.
For product information, visit www.mathworks.com.
 
>> >> >> >> >> >> >> >> >> >> >> >> >> >> >> >> >> >> >> >> >> >> >> >> >> >> Starting parallel pool (parpool) using the 'local' profile ...
[Warning: A task was unexpectedly found in state: Unavailable.] 
[> In parallel.cluster.Local/deriveJobStateFromTasks (line 29)
In parallel.cluster/Local/getJobState (line 174)
In parallel.cluster/CJSCluster/hGetJobState (line 375)
In parallel.internal.cluster/CJSJobMixin/hGetStateEnum (line 175)
In parallel/Job/get.StateEnum (line 247)
In parallel/Job/get.State (line 239)
In parallel.internal.customattr.CustomGetSet>iVectorisedGetHelper (line 128)
In parallel.internal.customattr.CustomGetSet>@(a,b,c)iVectorisedGetHelper(obj,a,b,c) (line 102)
In parallel.internal.customattr/CustomGetSet/doVectorisedGet (line 103)
In parallel.internal.customattr/CustomGetSet/hVectorisedGet (line 76)
In parallel.internal.customattr.GetSetImpl>iAccessProperties (line 322)
In parallel.internal.customattr.GetSetImpl>iGetAllPropertiesVec (line 264)
In parallel.internal.customattr/GetSetImpl/getImpl (line 133)
In parallel.internal.customattr.CustomGetSet>iHetFunGetFunction (line 154)
In parallel.internal.customattr.CustomGetSet>@(o)iHetFunGetFunction(o,props) (line 139)
In parallel.internal.cluster.hetfun (line 46)
In parallel.internal.customattr.CustomGetSet>iHetFunGetProperty (line 139)
In parallel.internal.customattr/CustomGetSet/get (line 38)
In parallel.internal.pool/AbstractInteractiveClient/pRemoveOldJobs (line 211)
In parallel.internal.pool/AbstractInteractiveClient/start (line 103)
In parallel.internal.pool.AbstractClusterPool>iStartClient (line 831)
In parallel.internal.pool/AbstractClusterPool/hBuildPool (line 585)
In parallel.internal.pool.doParpool (line 22)
In parpool (line 123)
In parallel.internal.parpool.getOrCreateCurrentPool (line 17)
In parallel.internal.pool/PoolArrayManager/getOrAutoCreateWithCleanup (line 44)
In pctTryCreatePoolIfNecessary (line 28)
In parallel_function (line 423)] 
Connected to the parallel pool (number of workers: 12).
jj1 = 10, max_th = -1.824389e-01, time=2025-04-10 19:56:08 
jj1 = 30, max_th = 7.363871e-01, time=2025-04-10 19:57:08 
jj1 = 35, max_th = 9.201684e-01, time=2025-04-10 20:01:27 
jj1 = 60, max_th = 1.107131e+00, time=2025-04-10 20:02:32 
jj1 = 59, max_th = -6.418146e-02, time=2025-04-10 20:02:51 
jj1 = 25, max_th = 1.499594e+00, time=2025-04-10 20:03:26 
jj1 = 45, max_th = 1.233638e+00, time=2025-04-10 20:03:28 
jj1 = 15, max_th = 1.123854e+00, time=2025-04-10 20:04:53 
jj1 = 58, max_th = 3.027916e+00, time=2025-04-10 20:05:18 
jj1 = 5, max_th = 1.460625e+00, time=2025-04-10 20:08:16 
jj1 = 40, max_th = 1.473847e+00, time=2025-04-10 20:08:30 
jj1 = 44, max_th = 2.777141e+00, time=2025-04-10 20:09:53 
jj1 = 29, max_th = 2.344971e+00, time=2025-04-10 20:11:56 
jj1 = 14, max_th = 2.837929e+00, time=2025-04-10 20:12:59 
jj1 = 28, max_th = 6.075270e-01, time=2025-04-10 20:13:07 
jj1 = 20, max_th = 1.761823e+00, time=2025-04-10 20:14:45 
jj1 = 55, max_th = 2.318945e+00, time=2025-04-10 20:15:59 
jj1 = 4, max_th = 1.166841e+00, time=2025-04-10 20:16:37 
jj1 = 9, max_th = 1.781269e+00, time=2025-04-10 20:16:45 
jj1 = 3, max_th = 7.158598e-01, time=2025-04-10 20:17:17 
jj1 = 43, max_th = 2.588783e+00, time=2025-04-10 20:17:18 
jj1 = 13, max_th = 2.862397e+00, time=2025-04-10 20:17:25 
jj1 = 34, max_th = 1.778835e+00, time=2025-04-10 20:20:47 
jj1 = 19, max_th = 1.062635e+00, time=2025-04-10 20:21:47 
jj1 = 8, max_th = 1.229711e+00, time=2025-04-10 20:24:38 
jj1 = 50, max_th = 2.292796e+00, time=2025-04-10 20:26:30 
jj1 = 33, max_th = 2.597872e+00, time=2025-04-10 20:26:42 
jj1 = 2, max_th = -4.599925e-01, time=2025-04-10 20:27:06 
jj1 = 54, max_th = 1.412421e+00, time=2025-04-10 20:28:45 
jj1 = 39, max_th = 1.957239e+00, time=2025-04-10 20:30:07 
jj1 = 57, max_th = 1.968741e+00, time=2025-04-10 20:30:29 
jj1 = 24, max_th = 2.276945e+00, time=2025-04-10 20:31:16 
jj1 = 27, max_th = 1.847516e+00, time=2025-04-10 20:33:20 
jj1 = 1, max_th = -1.047074e+00, time=2025-04-10 20:33:38 
jj1 = 32, max_th = 1.393476e+00, time=2025-04-10 20:34:07 
jj1 = 56, max_th = 9.782501e-01, time=2025-04-10 20:36:01 
jj1 = 18, max_th = 2.237651e+00, time=2025-04-10 20:38:01 
jj1 = 53, max_th = 8.104993e-01, time=2025-04-10 20:38:30 
jj1 = 42, max_th = 1.977852e+00, time=2025-04-10 20:40:34 
jj1 = 49, max_th = 2.310111e+00, time=2025-04-10 20:40:37 
jj1 = 12, max_th = 2.058870e+00, time=2025-04-10 20:41:03 
jj1 = 38, max_th = 1.482426e+00, time=2025-04-10 20:43:54 
jj1 = 7, max_th = 1.716175e+00, time=2025-04-10 20:45:26 
jj1 = 99, max_th = 1.730981e+00, time=2025-04-10 20:47:47 
jj1 = 26, max_th = 1.590971e+00, time=2025-04-10 20:49:06 
jj1 = 48, max_th = 2.631633e+00, time=2025-04-10 20:50:06 
jj1 = 294, max_th = 1.592929e+00, time=2025-04-10 20:53:54 
jj1 = 41, max_th = 1.903617e+00, time=2025-04-10 20:54:36 
jj1 = 23, max_th = 2.071221e+00, time=2025-04-10 20:54:54 
jj1 = 37, max_th = 2.525272e+00, time=2025-04-10 20:55:54 
jj1 = 17, max_th = 2.428111e+00, time=2025-04-10 20:57:26 
jj1 = 52, max_th = 1.878895e+00, time=2025-04-10 20:58:27 
jj1 = 31, max_th = 2.237739e+00, time=2025-04-10 20:58:34 
jj1 = 411, max_th = 1.348387e+00, time=2025-04-10 21:02:07 
jj1 = 528, max_th = 1.822224e+00, time=2025-04-10 21:02:51 
jj1 = 47, max_th = 2.363650e+00, time=2025-04-10 21:03:14 
jj1 = 11, max_th = 1.782303e+00, time=2025-04-10 21:05:18 
jj1 = 98, max_th = 2.271174e+00, time=2025-04-10 21:07:17 
jj1 = 51, max_th = 2.536191e+00, time=2025-04-10 21:08:02 
jj1 = 6, max_th = 1.865176e+00, time=2025-04-10 21:09:21 
jj1 = 16, max_th = 2.404566e+00, time=2025-04-10 21:09:21 
jj1 = 333, max_th = 2.344783e+00, time=2025-04-10 21:13:36 
jj1 = 36, max_th = 1.709094e+00, time=2025-04-10 21:15:26 
jj1 = 410, max_th = 2.051097e+00, time=2025-04-10 21:17:03 
jj1 = 293, max_th = 2.129130e+00, time=2025-04-10 21:17:21 
jj1 = 22, max_th = 2.460356e+00, time=2025-04-10 21:20:12 
jj1 = 527, max_th = 1.954517e+00, time=2025-04-10 21:22:30 
jj1 = 177, max_th = 1.864813e+00, time=2025-04-10 21:23:58 
jj1 = 46, max_th = 2.190188e+00, time=2025-04-10 21:24:17 
jj1 = 332, max_th = 2.341056e+00, time=2025-04-10 21:25:17 
jj1 = 489, max_th = 1.908115e+00, time=2025-04-10 21:27:40 
jj1 = 372, max_th = 2.302935e+00, time=2025-04-10 21:31:19 
jj1 = 292, max_th = 2.409790e+00, time=2025-04-10 21:31:48 
jj1 = 138, max_th = 2.180744e+00, time=2025-04-10 21:33:14 
jj1 = 291, max_th = 3.111185e+00, time=2025-04-10 21:33:22 
jj1 = 450, max_th = 2.528778e+00, time=2025-04-10 21:35:15 
jj1 = 488, max_th = 1.249448e+00, time=2025-04-10 21:37:27 
jj1 = 409, max_th = 1.826477e+00, time=2025-04-10 21:37:34 
jj1 = 331, max_th = 2.358969e+00, time=2025-04-10 21:39:23 
jj1 = 97, max_th = 1.768049e+00, time=2025-04-10 21:40:23 
jj1 = 21, max_th = 2.337679e+00, time=2025-04-10 21:41:08 
jj1 = 216, max_th = 1.614327e+00, time=2025-04-10 21:42:28 
jj1 = 137, max_th = 1.532214e+00, time=2025-04-10 21:44:16 
jj1 = 176, max_th = 1.736277e+00, time=2025-04-10 21:44:31 
jj1 = 215, max_th = 2.751410e+00, time=2025-04-10 21:45:25 
jj1 = 255, max_th = 2.554051e+00, time=2025-04-10 21:48:42 
jj1 = 449, max_th = 2.345371e+00, time=2025-04-10 21:48:51 
jj1 = 371, max_th = 2.427403e+00, time=2025-04-10 21:50:14 
jj1 = 290, max_th = 2.305177e+00, time=2025-04-10 21:50:41 
jj1 = 330, max_th = 1.515459e+00, time=2025-04-10 21:50:51 
jj1 = 370, max_th = 3.156638e+00, time=2025-04-10 21:51:22 
jj1 = 369, max_th = 3.986266e+00, time=2025-04-10 21:52:03 
jj1 = 487, max_th = 2.453048e+00, time=2025-04-10 21:52:04 
jj1 = 526, max_th = 2.292015e+00, time=2025-04-10 21:54:13 
jj1 = 214, max_th = 2.730654e+00, time=2025-04-10 21:55:24 
jj1 = 136, max_th = 2.297979e+00, time=2025-04-10 21:57:35 
jj1 = 96, max_th = 2.384134e+00, time=2025-04-10 21:57:36 
jj1 = 175, max_th = 1.617888e+00, time=2025-04-10 21:58:02 
jj1 = 408, max_th = 2.163431e+00, time=2025-04-10 21:59:34 
jj1 = 525, max_th = 2.805567e+00, time=2025-04-10 22:02:14 
jj1 = 289, max_th = 2.062795e+00, time=2025-04-10 22:03:42 
jj1 = 448, max_th = 2.247572e+00, time=2025-04-10 22:04:50 
jj1 = 213, max_th = 1.488618e+00, time=2025-04-10 22:07:53 
jj1 = 407, max_th = 1.449424e+00, time=2025-04-10 22:08:09 
jj1 = 368, max_th = 2.034988e+00, time=2025-04-10 22:08:12 
jj1 = 174, max_th = 1.851930e+00, time=2025-04-10 22:10:11 
jj1 = 486, max_th = 1.639853e+00, time=2025-04-10 22:11:34 
jj1 = 329, max_th = 1.914495e+00, time=2025-04-10 22:12:04 
jj1 = 406, max_th = 1.198866e+00, time=2025-04-10 22:13:34 
jj1 = 254, max_th = 2.023399e+00, time=2025-04-10 22:14:08 
jj1 = 524, max_th = 2.239953e+00, time=2025-04-10 22:17:02 
jj1 = 135, max_th = 1.984348e+00, time=2025-04-10 22:19:53 
jj1 = 173, max_th = 2.400125e+00, time=2025-04-10 22:19:55 
jj1 = 212, max_th = 2.435806e+00, time=2025-04-10 22:20:55 
jj1 = 288, max_th = 1.947808e+00, time=2025-04-10 22:21:16 
jj1 = 447, max_th = 2.264387e+00, time=2025-04-10 22:21:29 
jj1 = 95, max_th = 2.119246e+00, time=2025-04-10 22:22:57 
jj1 = 405, max_th = 1.290358e+00, time=2025-04-10 22:25:12 
jj1 = 367, max_th = 2.154065e+00, time=2025-04-10 22:28:53 
jj1 = 446, max_th = 1.262414e+00, time=2025-04-10 22:29:24 
jj1 = 253, max_th = 1.923832e+00, time=2025-04-10 22:29:52 
jj1 = 485, max_th = 1.753408e+00, time=2025-04-10 22:30:51 
jj1 = 328, max_th = 2.262902e+00, time=2025-04-10 22:31:18 
jj1 = 366, max_th = 2.889565e+00, time=2025-04-10 22:35:05 
jj1 = 445, max_th = 1.376738e+00, time=2025-04-10 22:36:20 
jj1 = 287, max_th = 2.281175e+00, time=2025-04-10 22:37:33 
jj1 = 523, max_th = 2.235617e+00, time=2025-04-10 22:37:52 
jj1 = 404, max_th = 2.536900e+00, time=2025-04-10 22:38:30 
jj1 = 134, max_th = 2.327979e+00, time=2025-04-10 22:38:52 
jj1 = 211, max_th = 1.998272e+00, time=2025-04-10 22:39:19 
jj1 = 94, max_th = 1.682685e+00, time=2025-04-10 22:39:32 
jj1 = 403, max_th = 7.385627e-01, time=2025-04-10 22:42:08 
jj1 = 172, max_th = 1.732213e+00, time=2025-04-10 22:44:01 
jj1 = 444, max_th = 1.309333e+00, time=2025-04-10 22:44:53 
jj1 = 522, max_th = 1.086074e+00, time=2025-04-10 22:45:04 
jj1 = 286, max_th = 1.416878e+00, time=2025-04-10 22:49:05 
jj1 = 402, max_th = 2.582746e-01, time=2025-04-10 22:49:06 
jj1 = 521, max_th = 8.218299e-01, time=2025-04-10 22:51:11 
jj1 = 484, max_th = 1.938100e+00, time=2025-04-10 22:52:52 
jj1 = 327, max_th = 2.087631e+00, time=2025-04-10 22:53:15 
jj1 = 365, max_th = 1.682021e+00, time=2025-04-10 22:55:19 
jj1 = 133, max_th = 2.251242e+00, time=2025-04-10 22:57:18 
jj1 = 93, max_th = 1.723465e+00, time=2025-04-10 22:57:40 
jj1 = 285, max_th = 2.781972e+00, time=2025-04-10 22:57:53 
jj1 = 443, max_th = 1.485566e+00, time=2025-04-10 22:59:31 
jj1 = 252, max_th = 2.480964e+00, time=2025-04-10 23:02:10 
jj1 = 171, max_th = 2.131831e+00, time=2025-04-10 23:04:02 
jj1 = 326, max_th = 2.197997e+00, time=2025-04-10 23:04:45 
jj1 = 520, max_th = 2.416937e+00, time=2025-04-10 23:04:46 
jj1 = 210, max_th = 1.864493e+00, time=2025-04-10 23:06:07 
jj1 = 401, max_th = 2.172173e+00, time=2025-04-10 23:06:19 
jj1 = 92, max_th = 1.455096e+00, time=2025-04-10 23:07:39 
jj1 = 483, max_th = 1.953190e+00, time=2025-04-10 23:09:44 
jj1 = 170, max_th = 1.250223e+00, time=2025-04-10 23:11:36 
jj1 = 325, max_th = 2.637523e+00, time=2025-04-10 23:12:37 
jj1 = 209, max_th = 1.231387e+00, time=2025-04-10 23:13:11 
jj1 = 364, max_th = 1.740577e+00, time=2025-04-10 23:14:21 
jj1 = 284, max_th = 1.926435e+00, time=2025-04-10 23:17:16 
jj1 = 482, max_th = 2.744761e+00, time=2025-04-10 23:17:16 
jj1 = 442, max_th = 1.880645e+00, time=2025-04-10 23:17:33 
jj1 = 132, max_th = 1.840210e+00, time=2025-04-10 23:17:35 
jj1 = 251, max_th = 1.798954e+00, time=2025-04-10 23:17:38 
jj1 = 481, max_th = 4.174430e+00, time=2025-04-10 23:20:21 
jj1 = 400, max_th = 2.579448e+00, time=2025-04-10 23:20:33 
jj1 = 91, max_th = 1.495954e+00, time=2025-04-10 23:21:14 
jj1 = 324, max_th = 1.475471e+00, time=2025-04-10 23:22:53 
jj1 = 519, max_th = 2.293417e+00, time=2025-04-10 23:22:57 
jj1 = 283, max_th = 2.585262e+00, time=2025-04-10 23:25:22 
jj1 = 169, max_th = 1.543594e+00, time=2025-04-10 23:27:30 
jj1 = 441, max_th = 1.421639e+00, time=2025-04-10 23:28:22 
jj1 = 208, max_th = 1.808020e+00, time=2025-04-10 23:29:26 
jj1 = 207, max_th = 4.652149e-01, time=2025-04-10 23:33:44 
jj1 = 363, max_th = 2.345898e+00, time=2025-04-10 23:33:57 
jj1 = 250, max_th = 2.055980e+00, time=2025-04-10 23:34:14 
jj1 = 323, max_th = 1.225041e+00, time=2025-04-10 23:35:16 
jj1 = 399, max_th = 1.752430e+00, time=2025-04-10 23:37:54 
jj1 = 131, max_th = 2.029356e+00, time=2025-04-10 23:39:49 
jj1 = 168, max_th = 1.076185e+00, time=2025-04-10 23:40:42 
jj1 = 440, max_th = 2.412857e+00, time=2025-04-10 23:40:50 
jj1 = 206, max_th = 2.349983e+00, time=2025-04-10 23:42:15 
jj1 = 480, max_th = 2.065469e+00, time=2025-04-10 23:42:51 
jj1 = 322, max_th = 1.406771e+00, time=2025-04-10 23:42:54 
jj1 = 282, max_th = 1.715897e+00, time=2025-04-10 23:43:11 
jj1 = 518, max_th = 1.766914e+00, time=2025-04-10 23:43:47 
jj1 = 90, max_th = 1.921836e+00, time=2025-04-10 23:44:03 
jj1 = 398, max_th = 2.639706e+00, time=2025-04-10 23:45:11 
jj1 = 167, max_th = 2.634256e+00, time=2025-04-10 23:49:03 
jj1 = 362, max_th = 2.269459e+00, time=2025-04-10 23:49:50 
jj1 = 517, max_th = 2.860610e+00, time=2025-04-10 23:50:25 
jj1 = 361, max_th = 9.899983e-01, time=2025-04-10 23:51:25 
jj1 = 249, max_th = 2.267988e+00, time=2025-04-10 23:52:48 
jj1 = 130, max_th = 2.200619e+00, time=2025-04-10 23:53:12 
jj1 = 321, max_th = 1.457135e+00, time=2025-04-10 23:55:04 
jj1 = 439, max_th = 2.626481e+00, time=2025-04-10 23:56:00 
jj1 = 516, max_th = 2.763964e+00, time=2025-04-10 23:58:55 
jj1 = 205, max_th = 1.638024e+00, time=2025-04-10 23:59:16 
jj1 = 479, max_th = 2.094039e+00, time=2025-04-11 00:02:21 
jj1 = 248, max_th = 1.307599e+00, time=2025-04-11 00:02:49 
jj1 = 397, max_th = 2.138065e+00, time=2025-04-11 00:02:53 
jj1 = 281, max_th = 2.081786e+00, time=2025-04-11 00:03:54 
jj1 = 166, max_th = 1.952577e+00, time=2025-04-11 00:06:35 
jj1 = 129, max_th = 1.373126e+00, time=2025-04-11 00:07:00 
jj1 = 280, max_th = 6.718689e-01, time=2025-04-11 00:07:05 
jj1 = 279, max_th = 4.498588e+00, time=2025-04-11 00:08:35 
jj1 = 360, max_th = 2.182942e+00, time=2025-04-11 00:10:04 
jj1 = 89, max_th = 2.360938e+00, time=2025-04-11 00:11:35 
jj1 = 320, max_th = 1.726914e+00, time=2025-04-11 00:12:24 
jj1 = 204, max_th = 2.431624e+00, time=2025-04-11 00:14:17 
jj1 = 438, max_th = 2.137257e+00, time=2025-04-11 00:15:51 
jj1 = 515, max_th = 1.904486e+00, time=2025-04-11 00:15:56 
jj1 = 396, max_th = 1.221026e+00, time=2025-04-11 00:16:03 
jj1 = 88, max_th = 3.091621e+00, time=2025-04-11 00:18:17 
jj1 = 247, max_th = 1.584614e+00, time=2025-04-11 00:19:16 
jj1 = 478, max_th = 1.715245e+00, time=2025-04-11 00:19:36 
jj1 = 278, max_th = 2.551265e+00, time=2025-04-11 00:21:09 
jj1 = 128, max_th = 2.002586e+00, time=2025-04-11 00:21:49 
jj1 = 395, max_th = 2.761776e+00, time=2025-04-11 00:23:09 
jj1 = 359, max_th = 1.635592e+00, time=2025-04-11 00:25:34 
jj1 = 165, max_th = 1.680633e+00, time=2025-04-11 00:26:47 
jj1 = 203, max_th = 1.976142e+00, time=2025-04-11 00:29:56 
jj1 = 514, max_th = 1.538368e+00, time=2025-04-11 00:30:17 
jj1 = 437, max_th = 2.491265e+00, time=2025-04-11 00:31:11 
jj1 = 319, max_th = 1.986921e+00, time=2025-04-11 00:34:43 
jj1 = 277, max_th = 1.707242e+00, time=2025-04-11 00:35:50 
jj1 = 127, max_th = 2.486684e+00, time=2025-04-11 00:38:01 
jj1 = 164, max_th = 2.402972e+00, time=2025-04-11 00:39:17 
jj1 = 87, max_th = 2.075609e+00, time=2025-04-11 00:39:48 
jj1 = 358, max_th = 1.803435e+00, time=2025-04-11 00:41:05 
jj1 = 126, max_th = 2.922534e+00, time=2025-04-11 00:41:28 
jj1 = 202, max_th = 2.147494e+00, time=2025-04-11 00:42:34 
jj1 = 513, max_th = 2.401860e+00, time=2025-04-11 00:43:15 
jj1 = 477, max_th = 2.277870e+00, time=2025-04-11 00:44:17 
jj1 = 357, max_th = 9.558577e-01, time=2025-04-11 00:45:11 
jj1 = 318, max_th = 1.423304e+00, time=2025-04-11 00:45:54 
jj1 = 86, max_th = 2.564577e+00, time=2025-04-11 00:48:18 
jj1 = 436, max_th = 2.177077e+00, time=2025-04-11 00:52:47 
jj1 = 201, max_th = 2.544241e+00, time=2025-04-11 00:56:36 
jj1 = 356, max_th = 1.849593e+00, time=2025-04-11 00:57:17 
jj1 = 125, max_th = 1.907153e+00, time=2025-04-11 00:59:26 
jj1 = 163, max_th = 1.980980e+00, time=2025-04-11 01:02:06 
jj1 = 394, max_th = 2.019239e+00, time=2025-04-11 01:02:55 
jj1 = 200, max_th = 2.709116e+00, time=2025-04-11 01:05:04 
jj1 = 512, max_th = 2.035425e+00, time=2025-04-11 01:05:13 
jj1 = 511, max_th = 3.690442e+00, time=2025-04-11 01:05:41 
jj1 = 476, max_th = 1.821882e+00, time=2025-04-11 01:05:50 
jj1 = 276, max_th = 1.882952e+00, time=2025-04-11 01:06:29 
jj1 = 317, max_th = 2.026397e+00, time=2025-04-11 01:07:39 
jj1 = 85, max_th = 1.781029e+00, time=2025-04-11 01:09:38 
jj1 = 435, max_th = 1.711110e+00, time=2025-04-11 01:10:44 
jj1 = 124, max_th = 2.304664e+00, time=2025-04-11 01:11:19 
jj1 = 393, max_th = 2.254501e+00, time=2025-04-11 01:17:20 
jj1 = 275, max_th = 2.519476e+00, time=2025-04-11 01:18:46 
jj1 = 199, max_th = 1.537367e+00, time=2025-04-11 01:19:17 
jj1 = 355, max_th = 1.961309e+00, time=2025-04-11 01:19:41 
jj1 = 123, max_th = 2.567444e+00, time=2025-04-11 01:23:53 
jj1 = 84, max_th = 2.188029e+00, time=2025-04-11 01:24:58 
jj1 = 162, max_th = 1.913924e+00, time=2025-04-11 01:25:26 
jj1 = 316, max_th = 2.168008e+00, time=2025-04-11 01:26:27 
jj1 = 475, max_th = 1.914857e+00, time=2025-04-11 01:26:45 
jj1 = 474, max_th = 3.884485e+00, time=2025-04-11 01:27:07 
jj1 = 510, max_th = 2.084985e+00, time=2025-04-11 01:27:46 
jj1 = 434, max_th = 1.484686e+00, time=2025-04-11 01:28:13 
jj1 = 392, max_th = 1.199072e+00, time=2025-04-11 01:28:15 
jj1 = 161, max_th = 1.117764e+00, time=2025-04-11 01:30:39 
jj1 = 246, max_th = 2.236421e+00, time=2025-04-11 01:32:34 
jj1 = 391, max_th = 9.356681e-01, time=2025-04-11 01:34:55 
jj1 = 354, max_th = 1.854803e+00, time=2025-04-11 01:37:42 
jj1 = 83, max_th = 1.433166e+00, time=2025-04-11 01:37:54 
jj1 = 315, max_th = 2.447000e+00, time=2025-04-11 01:39:19 
jj1 = 198, max_th = 1.935088e+00, time=2025-04-11 01:39:44 
jj1 = 274, max_th = 1.958193e+00, time=2025-04-11 01:40:00 
jj1 = 433, max_th = 1.649674e+00, time=2025-04-11 01:40:15 
jj1 = 473, max_th = 2.275471e+00, time=2025-04-11 01:42:21 
jj1 = 122, max_th = 2.089918e+00, time=2025-04-11 01:44:36 
jj1 = 509, max_th = 2.270386e+00, time=2025-04-11 01:45:05 
jj1 = 160, max_th = 2.115654e+00, time=2025-04-11 01:45:49 
jj1 = 353, max_th = 2.632497e+00, time=2025-04-11 01:47:05 
jj1 = 245, max_th = 2.236096e+00, time=2025-04-11 01:52:06 
jj1 = 390, max_th = 1.995000e+00, time=2025-04-11 01:53:45 
jj1 = 314, max_th = 2.069954e+00, time=2025-04-11 01:55:50 
jj1 = 121, max_th = 2.395976e+00, time=2025-04-11 01:57:01 
jj1 = 508, max_th = 2.437810e+00, time=2025-04-11 01:57:40 
jj1 = 82, max_th = 1.785768e+00, time=2025-04-11 02:00:05 
jj1 = 432, max_th = 2.469214e+00, time=2025-04-11 02:00:06 
jj1 = 197, max_th = 1.818718e+00, time=2025-04-11 02:01:01 
jj1 = 273, max_th = 2.229592e+00, time=2025-04-11 02:01:12 
jj1 = 472, max_th = 1.577175e+00, time=2025-04-11 02:01:39 
jj1 = 244, max_th = 1.714999e+00, time=2025-04-11 02:03:57 
jj1 = 313, max_th = 1.283428e+00, time=2025-04-11 02:04:58 
jj1 = 159, max_th = 2.021226e+00, time=2025-04-11 02:06:31 
jj1 = 352, max_th = 1.575541e+00, time=2025-04-11 02:08:37 
jj1 = 507, max_th = 2.418860e+00, time=2025-04-11 02:12:14 
jj1 = 81, max_th = 2.515970e+00, time=2025-04-11 02:12:37 
jj1 = 120, max_th = 1.846366e+00, time=2025-04-11 02:15:31 
jj1 = 471, max_th = 2.181764e+00, time=2025-04-11 02:18:31 
jj1 = 119, max_th = 2.704616e+00, time=2025-04-11 02:20:19 
jj1 = 80, max_th = 2.608925e+00, time=2025-04-11 02:20:22 
jj1 = 431, max_th = 1.839491e+00, time=2025-04-11 02:20:29 
jj1 = 312, max_th = 1.687204e+00, time=2025-04-11 02:22:15 
jj1 = 196, max_th = 2.215749e+00, time=2025-04-11 02:23:10 
jj1 = 506, max_th = 1.370882e+00, time=2025-04-11 02:25:05 
jj1 = 243, max_th = 2.061191e+00, time=2025-04-11 02:25:29 
jj1 = 272, max_th = 1.862496e+00, time=2025-04-11 02:27:27 
jj1 = 389, max_th = 1.641396e+00, time=2025-04-11 02:27:45 
jj1 = 195, max_th = 1.258961e+00, time=2025-04-11 02:30:16 
jj1 = 470, max_th = 2.456752e+00, time=2025-04-11 02:31:39 
jj1 = 158, max_th = 2.191034e+00, time=2025-04-11 02:31:41 
jj1 = 351, max_th = 2.018319e+00, time=2025-04-11 02:32:20 
jj1 = 79, max_th = 1.960297e+00, time=2025-04-11 02:33:17 
jj1 = 505, max_th = 2.567498e+00, time=2025-04-11 02:36:33 
jj1 = 311, max_th = 2.371672e+00, time=2025-04-11 02:38:54 
jj1 = 350, max_th = 2.584953e+00, time=2025-04-11 02:39:05 
jj1 = 118, max_th = 1.978698e+00, time=2025-04-11 02:42:02 
jj1 = 271, max_th = 1.483471e+00, time=2025-04-11 02:42:55 
jj1 = 504, max_th = 1.042928e+00, time=2025-04-11 02:43:30 
jj1 = 430, max_th = 1.796042e+00, time=2025-04-11 02:43:49 
jj1 = 242, max_th = 1.677476e+00, time=2025-04-11 02:45:50 
jj1 = 388, max_th = 2.105780e+00, time=2025-04-11 02:46:58 
jj1 = 157, max_th = 2.361010e+00, time=2025-04-11 02:47:17 
jj1 = 78, max_th = 1.319810e+00, time=2025-04-11 02:49:17 
jj1 = 194, max_th = 1.731877e+00, time=2025-04-11 02:50:11 
jj1 = 241, max_th = 9.768810e-01, time=2025-04-11 02:52:20 
jj1 = 349, max_th = 1.424570e+00, time=2025-04-11 02:52:35 
jj1 = 469, max_th = 1.813471e+00, time=2025-04-11 02:53:09 
jj1 = 193, max_th = 9.586245e-01, time=2025-04-11 02:54:27 
jj1 = 310, max_th = 2.163473e+00, time=2025-04-11 02:56:37 
jj1 = 503, max_th = 1.508179e+00, time=2025-04-11 02:56:40 
jj1 = 387, max_th = 1.700757e+00, time=2025-04-11 02:57:21 
jj1 = 468, max_th = 2.916512e+00, time=2025-04-11 02:57:27 
jj1 = 348, max_th = 2.648231e+00, time=2025-04-11 02:58:03 
jj1 = 156, max_th = 1.710694e+00, time=2025-04-11 02:58:38 
jj1 = 117, max_th = 2.044888e+00, time=2025-04-11 03:00:31 
jj1 = 116, max_th = 3.051752e+00, time=2025-04-11 03:03:09 
jj1 = 270, max_th = 2.317646e+00, time=2025-04-11 03:03:42 
jj1 = 192, max_th = 1.177126e+00, time=2025-04-11 03:04:29 
jj1 = 429, max_th = 1.923802e+00, time=2025-04-11 03:05:47 
jj1 = 155, max_th = 1.169318e+00, time=2025-04-11 03:06:57 
jj1 = 467, max_th = 2.454396e+00, time=2025-04-11 03:08:46 
jj1 = 240, max_th = 2.382838e+00, time=2025-04-11 03:10:47 
jj1 = 466, max_th = 9.962044e-01, time=2025-04-11 03:14:33 
jj1 = 309, max_th = 1.574207e+00, time=2025-04-11 03:14:38 
jj1 = 308, max_th = 3.958548e-01, time=2025-04-11 03:15:12 
jj1 = 77, max_th = 2.026584e+00, time=2025-04-11 03:15:50 
jj1 = 269, max_th = 2.569251e+00, time=2025-04-11 03:16:01 
jj1 = 347, max_th = 2.013991e+00, time=2025-04-11 03:16:16 
jj1 = 386, max_th = 1.923870e+00, time=2025-04-11 03:16:29 
jj1 = 502, max_th = 2.004926e+00, time=2025-04-11 03:17:08 
jj1 = 239, max_th = 2.429383e+00, time=2025-04-11 03:17:37 
jj1 = 154, max_th = 1.113798e+00, time=2025-04-11 03:20:58 
jj1 = 115, max_th = 2.240989e+00, time=2025-04-11 03:21:20 
jj1 = 268, max_th = 1.044572e+00, time=2025-04-11 03:21:48 
jj1 = 428, max_th = 2.201290e+00, time=2025-04-11 03:22:33 
jj1 = 238, max_th = 2.862931e+00, time=2025-04-11 03:23:50 
jj1 = 191, max_th = 2.018088e+00, time=2025-04-11 03:26:21 
jj1 = 501, max_th = 1.245222e+00, time=2025-04-11 03:27:19 
jj1 = 114, max_th = 9.239426e-01, time=2025-04-11 03:27:30 
jj1 = 346, max_th = 2.348269e+00, time=2025-04-11 03:32:11 
jj1 = 465, max_th = 2.334255e+00, time=2025-04-11 03:32:36 
jj1 = 76, max_th = 2.089899e+00, time=2025-04-11 03:35:59 
jj1 = 427, max_th = 2.393181e+00, time=2025-04-11 03:36:00 
jj1 = 113, max_th = 2.510946e+00, time=2025-04-11 03:36:02 
jj1 = 237, max_th = 1.950205e+00, time=2025-04-11 03:36:04 
jj1 = 500, max_th = 2.580653e+00, time=2025-04-11 03:37:02 
jj1 = 153, max_th = 2.320433e+00, time=2025-04-11 03:37:11 
jj1 = 385, max_th = 2.146265e+00, time=2025-04-11 03:37:18 
jj1 = 75, max_th = 9.966989e-01, time=2025-04-11 03:40:38 
jj1 = 345, max_th = 2.401877e+00, time=2025-04-11 03:45:02 
jj1 = 267, max_th = 2.036507e+00, time=2025-04-11 03:45:14 
jj1 = 464, max_th = 1.523177e+00, time=2025-04-11 03:46:14 
jj1 = 499, max_th = 2.311197e+00, time=2025-04-11 03:49:22 
jj1 = 384, max_th = 2.528265e+00, time=2025-04-11 03:50:45 
jj1 = 307, max_th = 2.122785e+00, time=2025-04-11 03:50:54 
jj1 = 190, max_th = 2.004488e+00, time=2025-04-11 03:51:33 
jj1 = 266, max_th = 1.332982e+00, time=2025-04-11 03:52:27 
jj1 = 463, max_th = 1.500076e+00, time=2025-04-11 03:54:18 
jj1 = 236, max_th = 2.081926e+00, time=2025-04-11 03:55:17 
jj1 = 344, max_th = 1.363561e+00, time=2025-04-11 03:56:09 
jj1 = 383, max_th = 1.225773e+00, time=2025-04-11 03:57:16 
jj1 = 74, max_th = 2.108786e+00, time=2025-04-11 03:57:28 
jj1 = 426, max_th = 1.540646e+00, time=2025-04-11 03:58:48 
jj1 = 152, max_th = 2.091133e+00, time=2025-04-11 03:59:34 
jj1 = 189, max_th = 3.992759e+00, time=2025-04-11 04:01:04 
jj1 = 151, max_th = 2.602862e+00, time=2025-04-11 04:06:26 
jj1 = 382, max_th = 2.484937e+00, time=2025-04-11 04:08:56 
jj1 = 381, max_th = 3.346722e-01, time=2025-04-11 04:09:20 
jj1 = 235, max_th = 1.656359e+00, time=2025-04-11 04:09:51 
jj1 = 498, max_th = 2.322068e+00, time=2025-04-11 04:09:54 
jj1 = 150, max_th = 9.853069e-01, time=2025-04-11 04:10:29 
jj1 = 112, max_th = 2.236285e+00, time=2025-04-11 04:10:44 
jj1 = 425, max_th = 2.249247e+00, time=2025-04-11 04:10:49 
jj1 = 462, max_th = 2.031801e+00, time=2025-04-11 04:11:13 
jj1 = 265, max_th = 2.087217e+00, time=2025-04-11 04:16:50 
jj1 = 424, max_th = 1.081045e+00, time=2025-04-11 04:18:52 
jj1 = 306, max_th = 1.817760e+00, time=2025-04-11 04:19:08 
jj1 = 188, max_th = 2.184253e+00, time=2025-04-11 04:19:27 
jj1 = 234, max_th = 1.301538e+00, time=2025-04-11 04:19:40 
jj1 = 423, max_th = 6.404522e-01, time=2025-04-11 04:21:03 
jj1 = 187, max_th = 3.113294e+00, time=2025-04-11 04:21:39 
jj1 = 305, max_th = 8.633004e-01, time=2025-04-11 04:22:25 
jj1 = 497, max_th = 2.387614e+00, time=2025-04-11 04:24:06 
jj1 = 73, max_th = 1.570511e+00, time=2025-04-11 04:27:54 
jj1 = 380, max_th = 2.370074e+00, time=2025-04-11 04:28:26 
jj1 = 461, max_th = 1.675368e+00, time=2025-04-11 04:28:31 
jj1 = 233, max_th = 2.735510e+00, time=2025-04-11 04:28:43 
jj1 = 343, max_th = 1.615707e+00, time=2025-04-11 04:29:09 
jj1 = 111, max_th = 1.674098e+00, time=2025-04-11 04:30:32 
jj1 = 422, max_th = 2.553147e+00, time=2025-04-11 04:31:07 
jj1 = 496, max_th = 1.531572e+00, time=2025-04-11 04:32:28 
jj1 = 149, max_th = 2.162658e+00, time=2025-04-11 04:32:49 
jj1 = 186, max_th = 2.056510e+00, time=2025-04-11 04:34:01 
jj1 = 264, max_th = 1.958531e+00, time=2025-04-11 04:34:37 
jj1 = 304, max_th = 2.076629e+00, time=2025-04-11 04:39:41 
jj1 = 148, max_th = 2.557964e+00, time=2025-04-11 04:42:20 
jj1 = 460, max_th = 1.569800e+00, time=2025-04-11 04:43:20 
jj1 = 72, max_th = 2.203261e+00, time=2025-04-11 04:45:44 
jj1 = 421, max_th = 1.671579e+00, time=2025-04-11 04:46:47 
jj1 = 110, max_th = 1.850662e+00, time=2025-04-11 04:47:20 
jj1 = 263, max_th = 2.455891e+00, time=2025-04-11 04:47:36 
jj1 = 379, max_th = 2.000803e+00, time=2025-04-11 04:48:41 
jj1 = 147, max_th = 1.141666e+00, time=2025-04-11 04:49:05 
jj1 = 342, max_th = 1.723572e+00, time=2025-04-11 04:53:25 
jj1 = 495, max_th = 2.019068e+00, time=2025-04-11 04:55:08 
jj1 = 420, max_th = 1.446271e+00, time=2025-04-11 04:56:00 
jj1 = 185, max_th = 2.071700e+00, time=2025-04-11 04:58:11 
jj1 = 303, max_th = 2.289116e+00, time=2025-04-11 04:58:37 
jj1 = 262, max_th = 1.657194e+00, time=2025-04-11 04:59:06 
jj1 = 71, max_th = 3.096605e+00, time=2025-04-11 04:59:34 
jj1 = 378, max_th = 2.431183e+00, time=2025-04-11 05:00:42 
jj1 = 146, max_th = 1.741076e+00, time=2025-04-11 05:03:08 
jj1 = 109, max_th = 2.444258e+00, time=2025-04-11 05:04:37 
jj1 = 459, max_th = 2.132887e+00, time=2025-04-11 05:06:27 
jj1 = 494, max_th = 1.518597e+00, time=2025-04-11 05:09:53 
jj1 = 261, max_th = 2.664818e+00, time=2025-04-11 05:11:29 
jj1 = 184, max_th = 2.200383e+00, time=2025-04-11 05:12:05 
jj1 = 108, max_th = 1.289295e+00, time=2025-04-11 05:14:28 
jj1 = 419, max_th = 1.639862e+00, time=2025-04-11 05:15:07 
jj1 = 183, max_th = 3.616711e+00, time=2025-04-11 05:15:40 
jj1 = 302, max_th = 2.391929e+00, time=2025-04-11 05:15:48 
jj1 = 70, max_th = 2.329165e+00, time=2025-04-11 05:17:45 
jj1 = 145, max_th = 2.429346e+00, time=2025-04-11 05:19:02 
jj1 = 377, max_th = 2.375345e+00, time=2025-04-11 05:20:00 
jj1 = 341, max_th = 2.069676e+00, time=2025-04-11 05:21:30 
jj1 = 260, max_th = 1.649173e+00, time=2025-04-11 05:23:49 
jj1 = 493, max_th = 1.518401e+00, time=2025-04-11 05:27:12 
jj1 = 458, max_th = 2.033044e+00, time=2025-04-11 05:27:40 
jj1 = 182, max_th = 2.091114e+00, time=2025-04-11 05:28:58 
jj1 = 301, max_th = 2.181513e+00, time=2025-04-11 05:31:12 
jj1 = 232, max_th = 1.852611e+00, time=2025-04-11 05:33:14 
jj1 = 69, max_th = 2.340401e+00, time=2025-04-11 05:33:21 
jj1 = 376, max_th = 2.253956e+00, time=2025-04-11 05:35:57 
jj1 = 107, max_th = 1.923879e+00, time=2025-04-11 05:36:19 
jj1 = 340, max_th = 2.308958e+00, time=2025-04-11 05:36:24 
jj1 = 181, max_th = 1.279212e+00, time=2025-04-11 05:38:12 
jj1 = 418, max_th = 2.063239e+00, time=2025-04-11 05:39:17 
jj1 = 144, max_th = 1.836201e+00, time=2025-04-11 05:39:32 
jj1 = 492, max_th = 1.499530e+00, time=2025-04-11 05:39:55 
jj1 = 457, max_th = 2.371803e+00, time=2025-04-11 05:41:57 
jj1 = 259, max_th = 1.626957e+00, time=2025-04-11 05:42:05 
jj1 = 375, max_th = 2.589696e+00, time=2025-04-11 05:45:27 
jj1 = 231, max_th = 2.617876e+00, time=2025-04-11 05:45:58 
jj1 = 143, max_th = 1.502109e+00, time=2025-04-11 05:50:43 
jj1 = 300, max_th = 2.202205e+00, time=2025-04-11 05:52:15 
jj1 = 230, max_th = 1.012540e+00, time=2025-04-11 05:52:17 
jj1 = 68, max_th = 1.507266e+00, time=2025-04-11 05:52:52 
jj1 = 339, max_th = 2.024737e+00, time=2025-04-11 05:55:06 
jj1 = 180, max_th = 2.344137e+00, time=2025-04-11 05:55:18 
jj1 = 106, max_th = 2.429959e+00, time=2025-04-11 05:55:44 
jj1 = 456, max_th = 2.112962e+00, time=2025-04-11 05:58:14 
jj1 = 258, max_th = 1.947306e+00, time=2025-04-11 05:59:07 
jj1 = 179, max_th = 2.987942e+00, time=2025-04-11 05:59:24 
jj1 = 491, max_th = 1.580637e+00, time=2025-04-11 06:00:18 
jj1 = 417, max_th = 2.112316e+00, time=2025-04-11 06:02:30 
jj1 = 67, max_th = 1.295743e+00, time=2025-04-11 06:02:32 
jj1 = 374, max_th = 1.797927e+00, time=2025-04-11 06:03:11 
jj1 = 299, max_th = 2.477659e+00, time=2025-04-11 06:04:55 
jj1 = 298, max_th = 3.582296e+00, time=2025-04-11 06:05:07 
jj1 = 229, max_th = 2.298881e+00, time=2025-04-11 06:07:21 
jj1 = 105, max_th = 2.675462e+00, time=2025-04-11 06:07:30 
jj1 = 257, max_th = 1.287954e+00, time=2025-04-11 06:09:21 
jj1 = 338, max_th = 1.850368e+00, time=2025-04-11 06:09:27 
jj1 = 455, max_th = 1.473329e+00, time=2025-04-11 06:09:36 
jj1 = 142, max_th = 2.208352e+00, time=2025-04-11 06:10:21 
jj1 = 454, max_th = 6.438989e-01, time=2025-04-11 06:10:30 
jj1 = 373, max_th = 2.988863e+00, time=2025-04-11 06:15:46 
jj1 = 608, max_th = 2.812415e+00, time=2025-04-11 06:19:13 
jj1 = 416, max_th = 1.736912e+00, time=2025-04-11 06:19:42 
jj1 = 490, max_th = 2.172434e+00, time=2025-04-11 06:19:43 
jj1 = 178, max_th = 2.116359e+00, time=2025-04-11 06:20:10 
jj1 = 66, max_th = 2.272653e+00, time=2025-04-11 06:21:54 
jj1 = 141, max_th = 2.495206e+00, time=2025-04-11 06:23:40 
jj1 = 337, max_th = 2.189677e+00, time=2025-04-11 06:24:32 
jj1 = 104, max_th = 2.265359e+00, time=2025-04-11 06:27:59 
jj1 = 228, max_th = 1.994414e+00, time=2025-04-11 06:28:22 
jj1 = 708, max_th = 9.226585e-01, time=2025-04-11 06:28:28 
jj1 = 297, max_th = 2.123274e+00, time=2025-04-11 06:29:17 
jj1 = 453, max_th = 1.783957e+00, time=2025-04-11 06:30:25 
jj1 = 256, max_th = 2.146434e+00, time=2025-04-11 06:31:09 
jj1 = 607, max_th = 2.282198e+00, time=2025-04-11 06:33:59 
jj1 = 415, max_th = 2.447290e+00, time=2025-04-11 06:35:51 
jj1 = 296, max_th = 1.713492e+00, time=2025-04-11 06:43:10 
jj1 = 452, max_th = 2.050424e+00, time=2025-04-11 06:43:35 
jj1 = 336, max_th = 1.866186e+00, time=2025-04-11 06:44:24 
jj1 = 707, max_th = 1.952259e+00, time=2025-04-11 06:46:46 
jj1 = 103, max_th = 1.756686e+00, time=2025-04-11 06:46:52 
jj1 = 568, max_th = 2.076486e+00, time=2025-04-11 06:46:55 
jj1 = 706, max_th = -2.913349e-03, time=2025-04-11 06:47:45 
jj1 = 140, max_th = 1.188237e+00, time=2025-04-11 06:48:23 
jj1 = 606, max_th = 1.532023e+00, time=2025-04-11 06:50:22 
jj1 = 65, max_th = 2.229046e+00, time=2025-04-11 06:50:40 
jj1 = 588, max_th = 1.956945e+00, time=2025-04-11 06:52:40 
jj1 = 227, max_th = 2.058271e+00, time=2025-04-11 06:52:51 
jj1 = 414, max_th = 2.262659e+00, time=2025-04-11 06:55:55 
jj1 = 605, max_th = 2.991732e+00, time=2025-04-11 06:59:21 
jj1 = 705, max_th = 2.001977e+00, time=2025-04-11 07:04:16 
jj1 = 295, max_th = 1.918419e+00, time=2025-04-11 07:05:06 
jj1 = 451, max_th = 1.584287e+00, time=2025-04-11 07:06:19 
jj1 = 139, max_th = 2.186440e+00, time=2025-04-11 07:08:29 
jj1 = 102, max_th = 2.012707e+00, time=2025-04-11 07:10:33 
jj1 = 335, max_th = 1.871975e+00, time=2025-04-11 07:11:05 
jj1 = 587, max_th = 1.753614e+00, time=2025-04-11 07:11:11 
jj1 = 226, max_th = 1.729948e+00, time=2025-04-11 07:11:13 
jj1 = 567, max_th = 1.982677e+00, time=2025-04-11 07:13:26 
jj1 = 101, max_th = 2.924353e+00, time=2025-04-11 07:14:31 
jj1 = 64, max_th = 2.167720e+00, time=2025-04-11 07:16:24 
jj1 = 586, max_th = 1.215295e+00, time=2025-04-11 07:16:53 
jj1 = 413, max_th = 2.172645e+00, time=2025-04-11 07:18:12 
jj1 = 604, max_th = 1.884311e+00, time=2025-04-11 07:18:37 
jj1 = 566, max_th = 2.661331e+00, time=2025-04-11 07:24:07 
jj1 = 334, max_th = 2.148865e+00, time=2025-04-11 07:25:01 
jj1 = 225, max_th = 2.352884e+00, time=2025-04-11 07:25:11 
jj1 = 668, max_th = 1.852294e+00, time=2025-04-11 07:25:28 
jj1 = 648, max_th = 1.706767e+00, time=2025-04-11 07:26:21 
jj1 = 412, max_th = 2.691279e+00, time=2025-04-11 07:27:54 
jj1 = 647, max_th = 8.814998e-01, time=2025-04-11 07:29:03 
jj1 = 628, max_th = 2.035158e+00, time=2025-04-11 07:29:22 
jj1 = 63, max_th = 2.356510e+00, time=2025-04-11 07:32:10 
jj1 = 585, max_th = 2.297893e+00, time=2025-04-11 07:32:49 
jj1 = 100, max_th = 2.376100e+00, time=2025-04-11 07:33:28 
jj1 = 603, max_th = 2.289479e+00, time=2025-04-11 07:35:01 
jj1 = 62, max_th = 2.923047e+00, time=2025-04-11 07:36:11 
jj1 = 565, max_th = 1.452500e+00, time=2025-04-11 07:36:51 
jj1 = 224, max_th = 1.178052e+00, time=2025-04-11 07:36:57 
jj1 = 61, max_th = 9.549480e-01, time=2025-04-11 07:40:00 
jj1 = 748, max_th = 1.333884e+00, time=2025-04-11 07:40:03 
jj1 = 728, max_th = 2.291981e+00, time=2025-04-11 07:41:19 
jj1 = 667, max_th = 1.753940e+00, time=2025-04-11 07:45:30 
jj1 = 666, max_th = 8.476945e-01, time=2025-04-11 07:46:19 
jj1 = 704, max_th = 1.821364e+00, time=2025-04-11 07:47:00 
jj1 = 646, max_th = 2.329142e+00, time=2025-04-11 07:48:30 
jj1 = 688, max_th = 1.897524e+00, time=2025-04-11 07:49:27 
jj1 = 223, max_th = 2.449774e+00, time=2025-04-11 07:51:30 
jj1 = 627, max_th = 2.325626e+00, time=2025-04-11 07:51:43 
jj1 = 626, max_th = 1.504457e-01, time=2025-04-11 07:51:53 
jj1 = 584, max_th = 2.063465e+00, time=2025-04-11 07:53:54 
jj1 = 564, max_th = 2.330804e+00, time=2025-04-11 07:54:34 
jj1 = 602, max_th = 1.764887e+00, time=2025-04-11 07:56:16 
jj1 = 645, max_th = 9.230667e-01, time=2025-04-11 07:56:50 
jj1 = 747, max_th = 2.283781e+00, time=2025-04-11 07:57:41 
jj1 = 727, max_th = 1.679083e+00, time=2025-04-11 07:59:53 
jj1 = 644, max_th = 9.505130e-01, time=2025-04-11 08:00:01 
jj1 = 665, max_th = 2.505194e+00, time=2025-04-11 08:02:11 
jj1 = 687, max_th = 1.536542e+00, time=2025-04-11 08:03:41 
jj1 = 548, max_th = 1.861300e+00, time=2025-04-11 08:07:34 
jj1 = 625, max_th = 2.054602e+00, time=2025-04-11 08:07:55 
jj1 = 222, max_th = 2.376950e+00, time=2025-04-11 08:08:26 
jj1 = 746, max_th = 1.473299e+00, time=2025-04-11 08:09:06 
jj1 = 664, max_th = 2.585777e+00, time=2025-04-11 08:12:51 
jj1 = 563, max_th = 2.410283e+00, time=2025-04-11 08:12:53 
jj1 = 686, max_th = 2.493753e+00, time=2025-04-11 08:15:22 
jj1 = 583, max_th = 1.900802e+00, time=2025-04-11 08:15:54 
jj1 = 624, max_th = 2.591301e+00, time=2025-04-11 08:16:05 
jj1 = 601, max_th = 1.767199e+00, time=2025-04-11 08:16:47 
jj1 = 600, max_th = 3.240470e+00, time=2025-04-11 08:17:41 
jj1 = 726, max_th = 1.920695e+00, time=2025-04-11 08:17:49 
jj1 = 562, max_th = 1.202350e+00, time=2025-04-11 08:18:33 
jj1 = 703, max_th = 2.269879e+00, time=2025-04-11 08:19:12 
jj1 = 702, max_th = 3.312149e-01, time=2025-04-11 08:19:39 
jj1 = 745, max_th = 1.396531e+00, time=2025-04-11 08:20:44 
jj1 = 623, max_th = 1.083859e+00, time=2025-04-11 08:21:32 
jj1 = 221, max_th = 2.447203e+00, time=2025-04-11 08:22:02 
jj1 = 547, max_th = 2.390271e+00, time=2025-04-11 08:22:33 
jj1 = 220, max_th = -1.092040e+00, time=2025-04-11 08:23:22 
jj1 = 685, max_th = 1.595278e+00, time=2025-04-11 08:23:27 
jj1 = 622, max_th = 8.738878e-01, time=2025-04-11 08:24:36 
jj1 = 643, max_th = 1.742107e+00, time=2025-04-11 08:25:56 
jj1 = 744, max_th = 1.402222e+00, time=2025-04-11 08:27:30 
jj1 = 725, max_th = 1.949955e+00, time=2025-04-11 08:28:01 
jj1 = 663, max_th = 2.227465e+00, time=2025-04-11 08:28:51 
jj1 = 743, max_th = 2.749525e+00, time=2025-04-11 08:33:03 
jj1 = 599, max_th = 1.612032e+00, time=2025-04-11 08:34:20 
jj1 = 701, max_th = 1.483673e+00, time=2025-04-11 08:34:55 
jj1 = 561, max_th = 1.671085e+00, time=2025-04-11 08:35:32 
jj1 = 219, max_th = 1.691887e+00, time=2025-04-11 08:38:08 
jj1 = 582, max_th = 2.030609e+00, time=2025-04-11 08:40:13 
jj1 = 684, max_th = 1.469273e+00, time=2025-04-11 08:41:15 
jj1 = 546, max_th = 1.864719e+00, time=2025-04-11 08:43:15 
jj1 = 642, max_th = 1.726999e+00, time=2025-04-11 08:45:05 
jj1 = 218, max_th = 1.693643e+00, time=2025-04-11 08:46:24 
jj1 = 724, max_th = 1.707294e+00, time=2025-04-11 08:47:04 
jj1 = 621, max_th = 1.963170e+00, time=2025-04-11 08:48:03 
jj1 = 598, max_th = 1.899647e+00, time=2025-04-11 08:48:10 
jj1 = 662, max_th = 1.708080e+00, time=2025-04-11 08:49:19 
jj1 = 742, max_th = 1.807464e+00, time=2025-04-11 08:52:35 
jj1 = 581, max_th = 1.519228e-02, time=2025-04-11 08:53:05 
jj1 = 700, max_th = 1.878011e+00, time=2025-04-11 08:55:30 
jj1 = 661, max_th = 1.429518e+00, time=2025-04-11 08:55:48 
jj1 = 560, max_th = 1.768329e+00, time=2025-04-11 08:56:04 
jj1 = 620, max_th = 1.350316e+00, time=2025-04-11 08:56:30 
jj1 = 545, max_th = 2.428536e+00, time=2025-04-11 08:57:10 
jj1 = 641, max_th = 1.980885e+00, time=2025-04-11 08:57:43 
jj1 = 741, max_th = 1.344757e+00, time=2025-04-11 09:01:06 
jj1 = 723, max_th = 1.595265e+00, time=2025-04-11 09:01:35 
jj1 = 740, max_th = 2.532752e-01, time=2025-04-11 09:01:41 
jj1 = 683, max_th = 2.279164e+00, time=2025-04-11 09:02:14 
jj1 = 619, max_th = 1.034733e+00, time=2025-04-11 09:02:57 
jj1 = 618, max_th = 6.432402e-01, time=2025-04-11 09:04:14 
jj1 = 580, max_th = 1.550508e+00, time=2025-04-11 09:05:46 
jj1 = 597, max_th = 1.633895e+00, time=2025-04-11 09:06:09 
jj1 = 699, max_th = 2.492623e+00, time=2025-04-11 09:07:13 
jj1 = 217, max_th = 2.041429e+00, time=2025-04-11 09:07:17 
jj1 = 544, max_th = 1.964922e+00, time=2025-04-11 09:11:10 
jj1 = 640, max_th = 2.205246e+00, time=2025-04-11 09:12:36 
jj1 = 660, max_th = 2.088043e+00, time=2025-04-11 09:14:02 
jj1 = 739, max_th = 2.048466e+00, time=2025-04-11 09:16:27 
jj1 = 659, max_th = 2.817311e+00, time=2025-04-11 09:18:50 
jj1 = 559, max_th = 2.126925e+00, time=2025-04-11 09:19:04 
jj1 = 579, max_th = 1.688690e+00, time=2025-04-11 09:21:22 
jj1 = 722, max_th = 1.781621e+00, time=2025-04-11 09:21:23 
jj1 = 682, max_th = 2.060432e+00, time=2025-04-11 09:22:01 
jj1 = 617, max_th = 2.360732e+00, time=2025-04-11 09:22:37 
jj1 = 639, max_th = 1.367805e+00, time=2025-04-11 09:23:04 
jj1 = 543, max_th = 1.473382e+00, time=2025-04-11 09:23:51 
jj1 = 768, max_th = 2.263427e+00, time=2025-04-11 09:24:27 
jj1 = 596, max_th = 1.951085e+00, time=2025-04-11 09:26:12 
jj1 = 542, max_th = 7.662484e-01, time=2025-04-11 09:26:34 
jj1 = 698, max_th = 2.087328e+00, time=2025-04-11 09:27:16 
jj1 = 658, max_th = 1.327893e+00, time=2025-04-11 09:28:04 
jj1 = 616, max_th = 1.050140e+00, time=2025-04-11 09:29:50 
jj1 = 638, max_th = 1.063520e+00, time=2025-04-11 09:30:34 
jj1 = 681, max_th = 1.395626e+00, time=2025-04-11 09:33:14 
jj1 = 738, max_th = 2.103172e+00, time=2025-04-11 09:33:35 
jj1 = 721, max_th = 1.585207e+00, time=2025-04-11 09:33:53 
jj1 = 558, max_th = 1.736360e+00, time=2025-04-11 09:37:45 
jj1 = 578, max_th = 1.805366e+00, time=2025-04-11 09:37:58 
jj1 = 697, max_th = 1.945531e+00, time=2025-04-11 09:38:53 
jj1 = 767, max_th = 1.696191e+00, time=2025-04-11 09:40:45 
jj1 = 657, max_th = 2.064531e+00, time=2025-04-11 09:41:48 
jj1 = 637, max_th = 2.338305e+00, time=2025-04-11 09:43:17 
jj1 = 680, max_th = 2.509471e+00, time=2025-04-11 09:44:53 
jj1 = 541, max_th = 1.772685e+00, time=2025-04-11 09:47:30 
jj1 = 595, max_th = 1.783058e+00, time=2025-04-11 09:51:36 
jj1 = 737, max_th = 1.833247e+00, time=2025-04-11 09:53:37 
jj1 = 656, max_th = 1.495694e+00, time=2025-04-11 09:54:33 
jj1 = 766, max_th = 2.046694e+00, time=2025-04-11 09:55:59 
jj1 = 636, max_th = 2.519561e+00, time=2025-04-11 09:56:52 
jj1 = 557, max_th = 1.608610e+00, time=2025-04-11 09:57:17 
jj1 = 540, max_th = 2.543613e+00, time=2025-04-11 10:00:31 
jj1 = 696, max_th = 1.889128e+00, time=2025-04-11 10:00:42 
jj1 = 720, max_th = 2.270607e+00, time=2025-04-11 10:00:51 
jj1 = 615, max_th = 1.886643e+00, time=2025-04-11 10:05:26 
jj1 = 577, max_th = 2.375378e+00, time=2025-04-11 10:06:32 
jj1 = 594, max_th = 1.907061e+00, time=2025-04-11 10:07:01 
jj1 = 556, max_th = 2.393885e+00, time=2025-04-11 10:08:04 
jj1 = 679, max_th = 2.074713e+00, time=2025-04-11 10:09:24 
jj1 = 736, max_th = 2.190765e+00, time=2025-04-11 10:09:24 
jj1 = 695, max_th = 1.449097e+00, time=2025-04-11 10:09:30 
jj1 = 635, max_th = 1.997898e+00, time=2025-04-11 10:11:24 
jj1 = 655, max_th = 1.959292e+00, time=2025-04-11 10:11:36 
jj1 = 539, max_th = 1.365429e+00, time=2025-04-11 10:13:06 
jj1 = 593, max_th = 1.087658e+00, time=2025-04-11 10:14:22 
jj1 = 765, max_th = 2.280548e+00, time=2025-04-11 10:15:51 
jj1 = 592, max_th = 2.820788e+00, time=2025-04-11 10:19:16 
jj1 = 719, max_th = 1.827939e+00, time=2025-04-11 10:20:53 
jj1 = 555, max_th = 2.223965e+00, time=2025-04-11 10:23:23 
jj1 = 634, max_th = 2.398767e+00, time=2025-04-11 10:23:33 
jj1 = 591, max_th = 9.668486e-01, time=2025-04-11 10:23:53 
jj1 = 576, max_th = 2.191364e+00, time=2025-04-11 10:25:16 
jj1 = 735, max_th = 2.258314e+00, time=2025-04-11 10:27:25 
jj1 = 678, max_th = 2.113387e+00, time=2025-04-11 10:27:46 
jj1 = 614, max_th = 1.726210e+00, time=2025-04-11 10:27:50 
jj1 = 694, max_th = 1.632412e+00, time=2025-04-11 10:30:42 
jj1 = 633, max_th = 2.489931e+00, time=2025-04-11 10:32:38 
jj1 = 693, max_th = 2.881505e+00, time=2025-04-11 10:33:15 
jj1 = 538, max_th = 1.955386e+00, time=2025-04-11 10:34:57 
jj1 = 764, max_th = 2.074110e+00, time=2025-04-11 10:36:21 
jj1 = 718, max_th = 1.994464e+00, time=2025-04-11 10:40:05 
jj1 = 677, max_th = 1.581618e+00, time=2025-04-11 10:40:38 
jj1 = 734, max_th = 2.174820e+00, time=2025-04-11 10:42:12 
jj1 = 554, max_th = 2.150029e+00, time=2025-04-11 10:44:23 
jj1 = 632, max_th = 1.458023e+00, time=2025-04-11 10:45:00 
jj1 = 676, max_th = 2.848504e+00, time=2025-04-11 10:45:03 
jj1 = 613, max_th = 1.529851e+00, time=2025-04-11 10:45:25 
jj1 = 575, max_th = 1.829136e+00, time=2025-04-11 10:45:37 
jj1 = 590, max_th = 2.061186e+00, time=2025-04-11 10:46:17 
jj1 = 717, max_th = 1.070600e+00, time=2025-04-11 10:46:40 
jj1 = 763, max_th = 2.499065e+00, time=2025-04-11 10:47:06 
jj1 = 675, max_th = 2.741271e+00, time=2025-04-11 10:52:09 
jj1 = 574, max_th = 2.725200e+00, time=2025-04-11 10:52:23 
jj1 = 537, max_th = 2.619671e+00, time=2025-04-11 10:54:38 
jj1 = 553, max_th = 1.301977e+00, time=2025-04-11 10:57:51 
jj1 = 573, max_th = 2.757064e+00, time=2025-04-11 10:57:58 
jj1 = 654, max_th = 1.610545e+00, time=2025-04-11 10:58:05 
jj1 = 612, max_th = 1.642304e+00, time=2025-04-11 10:58:48 
jj1 = 589, max_th = 2.064681e+00, time=2025-04-11 11:00:36 
jj1 = 716, max_th = 2.577766e+00, time=2025-04-11 11:01:25 
jj1 = 762, max_th = 1.693540e+00, time=2025-04-11 11:03:18 
jj1 = 715, max_th = 3.043385e+00, time=2025-04-11 11:05:11 
jj1 = 733, max_th = 1.977954e+00, time=2025-04-11 11:06:12 
jj1 = 692, max_th = 2.367071e+00, time=2025-04-11 11:06:35 
jj1 = 536, max_th = 1.609232e+00, time=2025-04-11 11:07:36 
jj1 = 631, max_th = 1.725585e+00, time=2025-04-11 11:07:53 
jj1 = 674, max_th = 2.272753e+00, time=2025-04-11 11:09:52 
jj1 = 611, max_th = 2.310984e+00, time=2025-04-11 11:12:06 
jj1 = 653, max_th = 2.153307e+00, time=2025-04-11 11:15:08 
jj1 = 778, max_th = 2.099469e+00, time=2025-04-11 11:16:12 
jj1 = 552, max_th = 2.170410e+00, time=2025-04-11 11:17:18 
jj1 = 652, max_th = 3.378699e+00, time=2025-04-11 11:18:01 
jj1 = 673, max_th = 1.127508e+00, time=2025-04-11 11:19:39 
jj1 = 551, max_th = 3.074319e+00, time=2025-04-11 11:20:50 
jj1 = 572, max_th = 1.920788e+00, time=2025-04-11 11:21:43 
jj1 = 691, max_th = 2.429558e+00, time=2025-04-11 11:22:46 
jj1 = 732, max_th = 1.751478e+00, time=2025-04-11 11:23:55 
jj1 = 761, max_th = 2.115072e+00, time=2025-04-11 11:24:08 
jj1 = 630, max_th = 2.089810e+00, time=2025-04-11 11:24:51 
jj1 = 714, max_th = 2.031890e+00, time=2025-04-11 11:25:38 
jj1 = 535, max_th = 2.161326e+00, time=2025-04-11 11:26:30 
jj1 = 777, max_th = 2.638361e+00, time=2025-04-11 11:27:25 
jj1 = 672, max_th = 2.296918e+00, time=2025-04-11 11:28:52 
jj1 = 629, max_th = 1.108323e+00, time=2025-04-11 11:29:48 
jj1 = 838, max_th = 6.562658e-01, time=2025-04-11 11:32:02 
jj1 = 571, max_th = 2.522876e+00, time=2025-04-11 11:33:39 
jj1 = 610, max_th = 1.960910e+00, time=2025-04-11 11:34:06 
jj1 = 713, max_th = 1.090797e+00, time=2025-04-11 11:34:38 
jj1 = 550, max_th = 1.428858e+00, time=2025-04-11 11:35:37 
jj1 = 776, max_th = 2.613867e+00, time=2025-04-11 11:37:23 
jj1 = 671, max_th = 2.399981e+00, time=2025-04-11 11:37:25 
jj1 = 651, max_th = 1.964789e+00, time=2025-04-11 11:37:27 
jj1 = 731, max_th = 2.433539e+00, time=2025-04-11 11:40:57 
jj1 = 534, max_th = 1.470521e+00, time=2025-04-11 11:42:26 
jj1 = 775, max_th = 1.116406e+00, time=2025-04-11 11:42:59 
jj1 = 760, max_th = 1.869283e+00, time=2025-04-11 11:46:01 
jj1 = 837, max_th = 2.050862e+00, time=2025-04-11 11:47:39 
jj1 = 690, max_th = 1.867632e+00, time=2025-04-11 11:49:30 
jj1 = 609, max_th = 1.526718e+00, time=2025-04-11 11:49:30 
jj1 = 818, max_th = -1.214673e-01, time=2025-04-11 11:50:50 
jj1 = 650, max_th = 1.511941e+00, time=2025-04-11 11:51:58 
jj1 = 712, max_th = 1.810152e+00, time=2025-04-11 11:54:24 
jj1 = 730, max_th = 2.589819e+00, time=2025-04-11 11:54:41 
jj1 = 670, max_th = 1.372768e+00, time=2025-04-11 11:55:43 
jj1 = 689, max_th = 2.416948e+00, time=2025-04-11 11:56:21 
jj1 = 817, max_th = 9.820227e-01, time=2025-04-11 11:57:31 
jj1 = 836, max_th = 2.551566e+00, time=2025-04-11 11:57:34 
jj1 = 533, max_th = 1.845166e+00, time=2025-04-11 11:58:49 
jj1 = 835, max_th = 1.025476e+00, time=2025-04-11 12:00:23 
jj1 = 549, max_th = 2.122287e+00, time=2025-04-11 12:00:47 
jj1 = 774, max_th = 2.195023e+00, time=2025-04-11 12:05:32 
jj1 = 570, max_th = 2.295504e+00, time=2025-04-11 12:07:20 
jj1 = 788, max_th = 2.736275e+00, time=2025-04-11 12:07:26 
jj1 = 532, max_th = 1.378954e+00, time=2025-04-11 12:08:58 
jj1 = 531, max_th = 3.873302e+00, time=2025-04-11 12:09:47 
jj1 = 759, max_th = 1.977424e+00, time=2025-04-11 12:10:43 
jj1 = 773, max_th = 9.049292e-01, time=2025-04-11 12:10:43 
jj1 = 649, max_th = 2.036331e+00, time=2025-04-11 12:12:12 
jj1 = 711, max_th = 2.131247e+00, time=2025-04-11 12:12:55 
jj1 = 787, max_th = 1.137303e+00, time=2025-04-11 12:14:27 
jj1 = 816, max_th = 1.700786e+00, time=2025-04-11 12:14:31 
jj1 = 729, max_th = 1.766567e+00, time=2025-04-11 12:15:34 
jj1 = 858, max_th = 4.358072e+00, time=2025-04-11 12:15:40 
jj1 = 758, max_th = 2.721273e+00, time=2025-04-11 12:15:46 
jj1 = 798, max_th = 1.966934e+00, time=2025-04-11 12:16:16 
jj1 = 757, max_th = 8.137097e-01, time=2025-04-11 12:17:57 
jj1 = 669, max_th = 1.985401e+00, time=2025-04-11 12:18:12 
jj1 = 569, max_th = 1.622212e+00, time=2025-04-11 12:21:03 
jj1 = 834, max_th = 1.644066e+00, time=2025-04-11 12:21:11 
jj1 = 808, max_th = 1.046578e+00, time=2025-04-11 12:26:07 
jj1 = 797, max_th = 2.432456e+00, time=2025-04-11 12:26:24 
jj1 = 530, max_th = 2.102370e+00, time=2025-04-11 12:26:48 
jj1 = 786, max_th = 2.413423e+00, time=2025-04-11 12:27:43 
jj1 = 772, max_th = 1.728694e+00, time=2025-04-11 12:28:51 
jj1 = 756, max_th = 1.380879e+00, time=2025-04-11 12:29:06 
jj1 = 857, max_th = 2.482472e+00, time=2025-04-11 12:29:57 
jj1 = 815, max_th = 1.719324e+00, time=2025-04-11 12:30:13 
jj1 = 828, max_th = 2.303693e+00, time=2025-04-11 12:30:27 
jj1 = 868, max_th = 1.515409e+00, time=2025-04-11 12:30:32 
jj1 = 796, max_th = 1.220896e+00, time=2025-04-11 12:35:26 
jj1 = 710, max_th = 1.875193e+00, time=2025-04-11 12:36:34 
jj1 = 807, max_th = 2.436540e+00, time=2025-04-11 12:37:07 
jj1 = 833, max_th = 2.325539e+00, time=2025-04-11 12:38:50 
jj1 = 529, max_th = 1.364488e+00, time=2025-04-11 12:41:13 
jj1 = 771, max_th = 2.067819e+00, time=2025-04-11 12:41:20 
jj1 = 755, max_th = 1.709475e+00, time=2025-04-11 12:44:52 
jj1 = 814, max_th = 1.755488e+00, time=2025-04-11 12:46:21 
jj1 = 827, max_th = 2.285615e+00, time=2025-04-11 12:46:51 
jj1 = 856, max_th = 1.683288e+00, time=2025-04-11 12:48:08 
jj1 = 878, max_th = 2.465315e+00, time=2025-04-11 12:48:38 
jj1 = 806, max_th = 3.005635e+00, time=2025-04-11 12:49:26 
jj1 = 867, max_th = 2.035459e+00, time=2025-04-11 12:51:40 
jj1 = 785, max_th = 1.947933e+00, time=2025-04-11 12:53:05 
jj1 = 795, max_th = 1.790639e+00, time=2025-04-11 12:54:00 
jj1 = 709, max_th = 2.473919e+00, time=2025-04-11 12:56:35 
jj1 = 784, max_th = 2.759232e+00, time=2025-04-11 12:59:07 
jj1 = 770, max_th = 1.944761e+00, time=2025-04-11 13:01:38 
jj1 = 877, max_th = 1.332766e+00, time=2025-04-11 13:03:31 
jj1 = 813, max_th = 1.617829e+00, time=2025-04-11 13:03:41 
jj1 = 832, max_th = 2.025205e+00, time=2025-04-11 13:04:00 
jj1 = 794, max_th = 2.449815e+00, time=2025-04-11 13:04:04 
jj1 = 754, max_th = 1.927330e+00, time=2025-04-11 13:04:11 
jj1 = 805, max_th = 1.539409e+00, time=2025-04-11 13:05:14 
jj1 = 855, max_th = 1.755007e+00, time=2025-04-11 13:07:22 
jj1 = 826, max_th = 1.929226e+00, time=2025-04-11 13:07:45 
jj1 = 793, max_th = 2.938291e+00, time=2025-04-11 13:10:32 
jj1 = 812, max_th = 3.755840e-01, time=2025-04-11 13:11:47 
jj1 = 866, max_th = 2.279190e+00, time=2025-04-11 13:12:53 
jj1 = 848, max_th = 1.899106e+00, time=2025-04-11 13:13:50 
jj1 = 769, max_th = 1.623314e+00, time=2025-04-11 13:15:45 
jj1 = 783, max_th = 1.783038e+00, time=2025-04-11 13:15:52 
jj1 = 804, max_th = 2.299629e+00, time=2025-04-11 13:16:15 
jj1 = 753, max_th = 2.431305e+00, time=2025-04-11 13:19:22 
jj1 = 876, max_th = 1.901695e+00, time=2025-04-11 13:19:34 
jj1 = 825, max_th = 1.491445e+00, time=2025-04-11 13:20:15 
jj1 = 752, max_th = 1.104591e+00, time=2025-04-11 13:22:54 
jj1 = 831, max_th = 1.975716e+00, time=2025-04-11 13:23:11 
jj1 = 854, max_th = 2.338156e+00, time=2025-04-11 13:23:26 
jj1 = 875, max_th = 9.149087e-01, time=2025-04-11 13:25:40 
jj1 = 847, max_th = 1.544384e+00, time=2025-04-11 13:27:24 
jj1 = 811, max_th = 1.564196e+00, time=2025-04-11 13:29:21 
jj1 = 792, max_th = 2.142100e+00, time=2025-04-11 13:29:50 
jj1 = 830, max_th = 2.876081e+00, time=2025-04-11 13:30:43 
jj1 = 893, max_th = 2.314044e+00, time=2025-04-11 13:32:49 
jj1 = 865, max_th = 1.556979e+00, time=2025-04-11 13:33:29 
jj1 = 892, max_th = 1.409829e+00, time=2025-04-11 13:35:24 
jj1 = 782, max_th = 2.102618e+00, time=2025-04-11 13:36:24 
jj1 = 803, max_th = 2.357641e+00, time=2025-04-11 13:36:35 
jj1 = 824, max_th = 1.632637e+00, time=2025-04-11 13:38:51 
jj1 = 751, max_th = 2.515493e+00, time=2025-04-11 13:40:34 
jj1 = 846, max_th = 1.724913e+00, time=2025-04-11 13:42:00 
jj1 = 853, max_th = 2.193134e+00, time=2025-04-11 13:42:16 
jj1 = 810, max_th = 2.012266e+00, time=2025-04-11 13:42:22 
jj1 = 874, max_th = 1.813082e+00, time=2025-04-11 13:43:42 
jj1 = 852, max_th = 2.946718e+00, time=2025-04-11 13:45:02 
jj1 = 829, max_th = 1.626985e+00, time=2025-04-11 13:48:40 
jj1 = 802, max_th = 1.474463e+00, time=2025-04-11 13:50:18 
jj1 = 791, max_th = 1.578316e+00, time=2025-04-11 13:51:14 
jj1 = 864, max_th = 1.930205e+00, time=2025-04-11 13:53:27 
jj1 = 891, max_th = 1.978280e+00, time=2025-04-11 13:55:10 
jj1 = 873, max_th = 1.513511e+00, time=2025-04-11 13:55:51 
jj1 = 898, max_th = 2.468173e+00, time=2025-04-11 13:55:53 
jj1 = 845, max_th = 1.564216e+00, time=2025-04-11 13:57:34 
jj1 = 750, max_th = 2.104852e+00, time=2025-04-11 13:58:45 
jj1 = 801, max_th = 1.209012e+00, time=2025-04-11 13:59:07 
jj1 = 790, max_th = 2.802089e+00, time=2025-04-11 14:00:08 
jj1 = 781, max_th = 2.124501e+00, time=2025-04-11 14:01:33 
jj1 = 809, max_th = 2.054701e+00, time=2025-04-11 14:04:07 
jj1 = 851, max_th = 2.095435e+00, time=2025-04-11 14:06:02 
jj1 = 800, max_th = 1.121973e+00, time=2025-04-11 14:06:18 
jj1 = 850, max_th = 2.936917e+00, time=2025-04-11 14:07:29 
jj1 = 872, max_th = 2.508559e+00, time=2025-04-11 14:07:56 
jj1 = 890, max_th = 2.144722e+00, time=2025-04-11 14:09:37 
jj1 = 863, max_th = 1.906399e+00, time=2025-04-11 14:12:01 
jj1 = 903, max_th = 1.401381e+00, time=2025-04-11 14:12:08 
jj1 = 897, max_th = 1.667846e+00, time=2025-04-11 14:12:09 
jj1 = 844, max_th = 1.524466e+00, time=2025-04-11 14:15:29 
jj1 = 780, max_th = 2.324649e+00, time=2025-04-11 14:17:06 
jj1 = 789, max_th = 1.906153e+00, time=2025-04-11 14:20:19 
jj1 = 799, max_th = 1.952851e+00, time=2025-04-11 14:24:46 
jj1 = 843, max_th = 2.814680e+00, time=2025-04-11 14:24:49 
jj1 = 862, max_th = 2.433795e+00, time=2025-04-11 14:25:28 
jj1 = 779, max_th = 1.305010e+00, time=2025-04-11 14:26:34 
jj1 = 889, max_th = 2.472925e+00, time=2025-04-11 14:26:41 
jj1 = 849, max_th = 2.113250e+00, time=2025-04-11 14:26:59 
jj1 = 902, max_th = 1.985483e+00, time=2025-04-11 14:28:40 
jj1 = 749, max_th = 2.831589e+00, time=2025-04-11 14:28:43 
jj1 = 871, max_th = 2.030365e+00, time=2025-04-11 14:29:16 
jj1 = 823, max_th = 2.108192e+00, time=2025-04-11 14:32:28 
jj1 = 913, max_th = 2.843093e+00, time=2025-04-11 14:32:39 
jj1 = 901, max_th = 2.855051e+00, time=2025-04-11 14:34:16 
jj1 = 896, max_th = 1.869574e+00, time=2025-04-11 14:34:30 
jj1 = 948, max_th = 1.600094e+00, time=2025-04-11 14:34:39 
jj1 = 933, max_th = 2.531879e+00, time=2025-04-11 14:36:21 
jj1 = 861, max_th = 2.270369e+00, time=2025-04-11 14:40:31 
jj1 = 908, max_th = 2.037503e+00, time=2025-04-11 14:40:48 
jj1 = 842, max_th = 2.586147e+00, time=2025-04-11 14:41:02 
jj1 = 895, max_th = 1.185609e+00, time=2025-04-11 14:42:27 
jj1 = 947, max_th = 2.637807e+00, time=2025-04-11 14:42:40 
jj1 = 932, max_th = 2.666934e+00, time=2025-04-11 14:43:19 
jj1 = 822, max_th = 1.427767e+00, time=2025-04-11 14:44:05 
jj1 = 860, max_th = 9.438394e-01, time=2025-04-11 14:44:35 
jj1 = 923, max_th = 1.778524e+00, time=2025-04-11 14:45:30 
jj1 = 870, max_th = 1.568461e+00, time=2025-04-11 14:47:23 
jj1 = 841, max_th = 2.751863e+00, time=2025-04-11 14:47:43 
jj1 = 859, max_th = 1.154926e+00, time=2025-04-11 14:49:42 
jj1 = 931, max_th = 1.188824e+00, time=2025-04-11 14:50:58 
jj1 = 900, max_th = 1.951394e+00, time=2025-04-11 14:52:45 
jj1 = 912, max_th = 2.064471e+00, time=2025-04-11 14:53:12 
jj1 = 888, max_th = 1.763492e+00, time=2025-04-11 14:54:21 
jj1 = 840, max_th = 2.740643e+00, time=2025-04-11 14:55:08 
jj1 = 887, max_th = 7.452897e-01, time=2025-04-11 14:55:21 
jj1 = 907, max_th = 1.709714e+00, time=2025-04-11 14:57:55 
jj1 = 821, max_th = 1.325503e+00, time=2025-04-11 14:57:55 
jj1 = 869, max_th = 2.003473e+00, time=2025-04-11 14:59:15 
jj1 = 894, max_th = 2.324560e+00, time=2025-04-11 15:00:01 
jj1 = 899, max_th = 1.365985e+00, time=2025-04-11 15:00:34 
jj1 = 928, max_th = 1.651952e+00, time=2025-04-11 15:01:12 
jj1 = 946, max_th = 2.378302e+00, time=2025-04-11 15:03:37 
jj1 = 820, max_th = 1.052870e+00, time=2025-04-11 15:04:46 
jj1 = 886, max_th = 1.420366e+00, time=2025-04-11 15:05:16 
jj1 = 930, max_th = 1.488027e+00, time=2025-04-11 15:05:55 
jj1 = 927, max_th = 9.885028e-01, time=2025-04-11 15:06:06 
jj1 = 839, max_th = 1.384729e+00, time=2025-04-11 15:07:20 
jj1 = 922, max_th = 2.107900e+00, time=2025-04-11 15:08:11 
jj1 = 956, max_th = 2.590588e+00, time=2025-04-11 15:09:17 
jj1 = 911, max_th = 1.629389e+00, time=2025-04-11 15:11:37 
jj1 = 952, max_th = 1.381757e+00, time=2025-04-11 15:11:57 
jj1 = 938, max_th = 1.750641e+00, time=2025-04-11 15:14:04 
jj1 = 945, max_th = 1.534354e+00, time=2025-04-11 15:14:27 
jj1 = 906, max_th = 1.539635e+00, time=2025-04-11 15:15:16 
jj1 = 921, max_th = 2.443032e+00, time=2025-04-11 15:20:40 
jj1 = 943, max_th = 1.226718e+00, time=2025-04-11 15:21:35 
jj1 = 929, max_th = 2.302805e+00, time=2025-04-11 15:22:18 
jj1 = 910, max_th = 1.489070e+00, time=2025-04-11 15:24:02 
jj1 = 819, max_th = 2.117366e+00, time=2025-04-11 15:25:58 
jj1 = 885, max_th = 1.985171e+00, time=2025-04-11 15:26:50 
jj1 = 926, max_th = 1.730014e+00, time=2025-04-11 15:28:00 
jj1 = 955, max_th = 1.784194e+00, time=2025-04-11 15:28:29 
jj1 = 944, max_th = 1.523473e+00, time=2025-04-11 15:28:40 
jj1 = 920, max_th = 2.604535e+00, time=2025-04-11 15:28:53 
jj1 = 905, max_th = 1.486422e+00, time=2025-04-11 15:30:07 
jj1 = 937, max_th = 1.512341e+00, time=2025-04-11 15:30:51 
jj1 = 951, max_th = 2.390710e+00, time=2025-04-11 15:35:52 
jj1 = 942, max_th = 2.414999e+00, time=2025-04-11 15:36:00 
jj1 = 918, max_th = 3.426427e+00, time=2025-04-11 15:36:09 
jj1 = 925, max_th = 2.535716e+00, time=2025-04-11 15:37:57 
jj1 = 909, max_th = 2.745740e+00, time=2025-04-11 15:40:35 
jj1 = 972, max_th = 1.193518e+00, time=2025-04-11 15:41:09 
jj1 = 884, max_th = 2.042409e+00, time=2025-04-11 15:41:19 
jj1 = 904, max_th = 2.563479e+00, time=2025-04-11 15:42:20 
jj1 = 919, max_th = 1.999192e+00, time=2025-04-11 15:42:37 
jj1 = 964, max_th = 2.005638e+00, time=2025-04-11 15:43:59 
jj1 = 954, max_th = 2.054414e+00, time=2025-04-11 15:44:21 
jj1 = 917, max_th = 2.583141e+00, time=2025-04-11 15:47:48 
jj1 = 953, max_th = 2.791787e+00, time=2025-04-11 15:48:03 
jj1 = 883, max_th = 2.667878e+00, time=2025-04-11 15:50:51 
jj1 = 936, max_th = 2.049284e+00, time=2025-04-11 15:52:24 
jj1 = 960, max_th = 1.264529e+00, time=2025-04-11 15:53:27 
jj1 = 950, max_th = 1.866922e+00, time=2025-04-11 15:54:23 
jj1 = 941, max_th = 2.278681e+00, time=2025-04-11 15:54:34 
jj1 = 924, max_th = 1.795242e+00, time=2025-04-11 15:54:43 
jj1 = 963, max_th = 2.584237e+00, time=2025-04-11 15:54:52 
jj1 = 968, max_th = 1.644213e+00, time=2025-04-11 15:56:43 
jj1 = 916, max_th = 2.726260e+00, time=2025-04-11 15:57:22 
jj1 = 971, max_th = 1.972912e+00, time=2025-04-11 15:58:17 
jj1 = 996, max_th = 2.552345e+00, time=2025-04-11 15:58:49 
jj1 = 976, max_th = 2.030902e+00, time=2025-04-11 16:03:48 
jj1 = 949, max_th = 1.936933e+00, time=2025-04-11 16:07:51 
jj1 = 935, max_th = 2.279394e+00, time=2025-04-11 16:08:51 
jj1 = 934, max_th = 8.991279e-01, time=2025-04-11 16:10:40 
jj1 = 882, max_th = 2.154879e+00, time=2025-04-11 16:11:20 
jj1 = 984, max_th = 2.054458e+00, time=2025-04-11 16:13:55 
jj1 = 970, max_th = 1.459282e+00, time=2025-04-11 16:14:14 
jj1 = 959, max_th = 1.985156e+00, time=2025-04-11 16:14:24 
jj1 = 967, max_th = 2.434876e+00, time=2025-04-11 16:14:51 
jj1 = 915, max_th = 1.834636e+00, time=2025-04-11 16:15:39 
jj1 = 914, max_th = 9.623612e-01, time=2025-04-11 16:17:47 
jj1 = 975, max_th = 2.596635e+00, time=2025-04-11 16:18:19 
jj1 = 969, max_th = 8.915778e-01, time=2025-04-11 16:18:21 
jj1 = 995, max_th = 2.151108e+00, time=2025-04-11 16:21:54 
jj1 = 940, max_th = 2.359424e+00, time=2025-04-11 16:22:02 
jj1 = 988, max_th = 1.436242e+00, time=2025-04-11 16:22:05 
jj1 = 962, max_th = 1.919542e+00, time=2025-04-11 16:22:24 
jj1 = 958, max_th = 2.706818e+00, time=2025-04-11 16:23:28 
jj1 = 994, max_th = 2.957116e+00, time=2025-04-11 16:24:53 
jj1 = 992, max_th = 2.108946e+00, time=2025-04-11 16:27:46 
jj1 = 999, max_th = 1.276195e+00, time=2025-04-11 16:28:07 
jj1 = 983, max_th = 2.192881e+00, time=2025-04-11 16:28:20 
jj1 = 974, max_th = 2.428386e+00, time=2025-04-11 16:30:49 
jj1 = 966, max_th = 1.888796e+00, time=2025-04-11 16:34:18 
jj1 = 957, max_th = 2.180566e+00, time=2025-04-11 16:35:07 
jj1 = 881, max_th = 1.970655e+00, time=2025-04-11 16:35:37 
jj1 = 965, max_th = 3.061427e+00, time=2025-04-11 16:36:53 
jj1 = 1000, max_th = 1.847294e+00, time=2025-04-11 16:38:12 
jj1 = 987, max_th = 1.960651e+00, time=2025-04-11 16:38:55 
jj1 = 939, max_th = 2.002371e+00, time=2025-04-11 16:42:39 
jj1 = 982, max_th = 2.423956e+00, time=2025-04-11 16:42:46 
jj1 = 993, max_th = 1.868433e+00, time=2025-04-11 16:42:50 
jj1 = 991, max_th = 2.251651e+00, time=2025-04-11 16:43:38 
jj1 = 961, max_th = 1.963509e+00, time=2025-04-11 16:45:33 
jj1 = 998, max_th = 2.992910e+00, time=2025-04-11 16:47:41 
jj1 = 973, max_th = 2.083884e+00, time=2025-04-11 16:51:36 
jj1 = 997, max_th = 2.765690e+00, time=2025-04-11 16:52:25 
jj1 = 880, max_th = 2.128660e+00, time=2025-04-11 16:55:54 
jj1 = 990, max_th = 1.846849e+00, time=2025-04-11 17:01:07 
jj1 = 981, max_th = 1.316800e+00, time=2025-04-11 17:03:48 
jj1 = 986, max_th = 1.998475e+00, time=2025-04-11 17:05:05 
jj1 = 879, max_th = 2.492890e+00, time=2025-04-11 17:11:30 
jj1 = 980, max_th = 3.046796e+00, time=2025-04-11 17:13:11 
jj1 = 989, max_th = 1.831120e+00, time=2025-04-11 17:17:28 
jj1 = 985, max_th = 1.660589e+00, time=2025-04-11 17:21:05 
jj1 = 979, max_th = 2.697086e+00, time=2025-04-11 17:26:48 
jj1 = 978, max_th = 2.109292e+00, time=2025-04-11 17:48:59 
jj1 = 977, max_th = 1.110422e+00, time=2025-04-11 17:54:53 
>> >> >> >> >> >> >> >> >> 