Starting parallel pool (parpool) using the 'local' profile ...
Connected to the parallel pool (number of workers: 8).
jj1 = 42, max_th = 2.434186e+00, time=2025-01-07 20:26:53 
jj1 = 56, max_th = 2.431987e+00, time=2025-01-07 20:26:56 
jj1 = 14, max_th = 1.707312e+00, time=2025-01-07 20:28:02 
jj1 = 35, max_th = 2.212909e+00, time=2025-01-07 20:29:00 
jj1 = 7, max_th = 1.993350e+00, time=2025-01-07 20:29:16 
jj1 = 49, max_th = 1.993390e+00, time=2025-01-07 20:29:16 
jj1 = 28, max_th = 1.993541e+00, time=2025-01-07 20:29:19 
jj1 = 21, max_th = 2.225765e+00, time=2025-01-07 20:29:22 
jj1 = 41, max_th = 1.399260e+00, time=2025-01-07 20:31:08 
jj1 = 55, max_th = 2.214790e+00, time=2025-01-07 20:36:02 
jj1 = 20, max_th = 2.436750e+00, time=2025-01-07 20:36:10 
jj1 = 34, max_th = 2.425119e+00, time=2025-01-07 20:36:14 
jj1 = 48, max_th = 1.708301e+00, time=2025-01-07 20:37:30 
jj1 = 13, max_th = 1.990448e+00, time=2025-01-07 20:37:40 
jj1 = 27, max_th = 1.725729e+00, time=2025-01-07 20:38:24 
jj1 = 6, max_th = 2.216141e+00, time=2025-01-07 20:38:29 
jj1 = 40, max_th = 2.221310e+00, time=2025-01-07 20:40:25 
jj1 = 5, max_th = 9.879020e-01, time=2025-01-07 20:40:35 
jj1 = 54, max_th = 1.404470e+00, time=2025-01-07 20:41:07 
jj1 = 19, max_th = 2.408232e+00, time=2025-01-07 20:43:03 
jj1 = 4, max_th = 1.400364e+00, time=2025-01-07 20:44:36 
jj1 = 12, max_th = 2.426795e+00, time=2025-01-07 20:44:49 
jj1 = 33, max_th = 1.994615e+00, time=2025-01-07 20:45:29 
jj1 = 18, max_th = 2.820717e+00, time=2025-01-07 20:45:33 
jj1 = 39, max_th = 1.390168e+00, time=2025-01-07 20:45:42 
jj1 = 47, max_th = 2.229466e+00, time=2025-01-07 20:46:45 
jj1 = 26, max_th = 1.992022e+00, time=2025-01-07 20:47:56 
jj1 = 53, max_th = 2.436104e+00, time=2025-01-07 20:47:57 
jj1 = 17, max_th = 2.814669e+00, time=2025-01-07 20:48:02 
jj1 = 32, max_th = 1.401653e+00, time=2025-01-07 20:50:05 
jj1 = 38, max_th = 2.630118e+00, time=2025-01-07 20:50:16 
jj1 = 46, max_th = 1.397309e+00, time=2025-01-07 20:51:32 
jj1 = 11, max_th = 1.715867e+00, time=2025-01-07 20:53:32 
jj1 = 3, max_th = 1.727282e+00, time=2025-01-07 20:53:34 
jj1 = 2, max_th = 9.868035e-01, time=2025-01-07 20:55:42 
jj1 = 16, max_th = 1.710579e+00, time=2025-01-07 20:56:28 
jj1 = 25, max_th = 1.717039e+00, time=2025-01-07 20:56:39 
jj1 = 52, max_th = 1.973529e+00, time=2025-01-07 20:58:18 
jj1 = 10, max_th = 1.396307e+00, time=2025-01-07 20:58:27 
jj1 = 31, max_th = 2.232941e+00, time=2025-01-07 20:59:14 
jj1 = 37, max_th = 1.721727e+00, time=2025-01-07 20:59:17 
jj1 = 45, max_th = 1.722955e+00, time=2025-01-07 21:00:34 
jj1 = 15, max_th = 1.945308e+00, time=2025-01-07 21:05:38 
jj1 = 1, max_th = 1.983195e+00, time=2025-01-07 21:05:49 
jj1 = 24, max_th = 1.977126e+00, time=2025-01-07 21:07:01 
jj1 = 9, max_th = 2.224083e+00, time=2025-01-07 21:07:54 
jj1 = 51, max_th = 1.967779e+00, time=2025-01-07 21:08:25 
jj1 = 36, max_th = 1.986946e+00, time=2025-01-07 21:09:08 
jj1 = 30, max_th = 1.979200e+00, time=2025-01-07 21:09:28 
jj1 = 44, max_th = 1.965931e+00, time=2025-01-07 21:10:31 
jj1 = 23, max_th = 1.701060e+00, time=2025-01-07 21:13:50 
jj1 = 29, max_th = 2.635290e+00, time=2025-01-07 21:13:54 
jj1 = 22, max_th = -1.047528e-03, time=2025-01-07 21:14:13 
jj1 = 233, max_th = 2.220924e+00, time=2025-01-07 21:15:03 
jj1 = 8, max_th = 2.425287e+00, time=2025-01-07 21:15:05 
jj1 = 43, max_th = 1.404931e+00, time=2025-01-07 21:15:41 
jj1 = 115, max_th = 1.976355e+00, time=2025-01-07 21:16:17 
jj1 = 50, max_th = 2.229929e+00, time=2025-01-07 21:17:42 
jj1 = 469, max_th = 9.722847e-01, time=2025-01-07 21:17:49 
jj1 = 351, max_th = 2.633699e+00, time=2025-01-07 21:18:23 
jj1 = 410, max_th = 1.978818e+00, time=2025-01-07 21:19:28 
jj1 = 468, max_th = 2.826454e+00, time=2025-01-07 21:20:17 
jj1 = 292, max_th = 2.217210e+00, time=2025-01-07 21:23:30 
jj1 = 232, max_th = 1.956791e+00, time=2025-01-07 21:24:27 
jj1 = 174, max_th = 2.220554e+00, time=2025-01-07 21:24:30 
jj1 = 467, max_th = 2.625138e+00, time=2025-01-07 21:24:58 
jj1 = 528, max_th = 1.704235e+00, time=2025-01-07 21:25:35 
jj1 = 114, max_th = 1.988359e+00, time=2025-01-07 21:26:11 
jj1 = 350, max_th = 1.991486e+00, time=2025-01-07 21:27:57 
jj1 = 409, max_th = 1.718016e+00, time=2025-01-07 21:28:24 
jj1 = 291, max_th = 1.693838e+00, time=2025-01-07 21:31:23 
jj1 = 466, max_th = 2.435879e+00, time=2025-01-07 21:31:44 
jj1 = 173, max_th = 1.693812e+00, time=2025-01-07 21:32:26 
jj1 = 113, max_th = 2.418658e+00, time=2025-01-07 21:33:29 
jj1 = 527, max_th = 2.211511e+00, time=2025-01-07 21:34:33 
jj1 = 231, max_th = 1.981316e+00, time=2025-01-07 21:34:43 
jj1 = 408, max_th = 2.427024e+00, time=2025-01-07 21:35:41 
jj1 = 349, max_th = 1.707476e+00, time=2025-01-07 21:36:13 
jj1 = 526, max_th = 9.792025e-01, time=2025-01-07 21:36:43 
jj1 = 230, max_th = 9.956595e-01, time=2025-01-07 21:36:45 
jj1 = 112, max_th = 2.623825e+00, time=2025-01-07 21:38:13 
jj1 = 111, max_th = -3.518088e-02, time=2025-01-07 21:38:38 
jj1 = 110, max_th = -1.054541e-03, time=2025-01-07 21:39:01 
jj1 = 465, max_th = 1.711473e+00, time=2025-01-07 21:40:11 
jj1 = 290, max_th = 2.227049e+00, time=2025-01-07 21:40:48 
jj1 = 348, max_th = 1.388620e+00, time=2025-01-07 21:41:33 
jj1 = 172, max_th = 1.978393e+00, time=2025-01-07 21:42:45 
jj1 = 525, max_th = 2.443003e+00, time=2025-01-07 21:43:08 
jj1 = 109, max_th = 1.398351e+00, time=2025-01-07 21:43:42 
jj1 = 407, max_th = 1.978360e+00, time=2025-01-07 21:46:01 
jj1 = 289, max_th = 1.411117e+00, time=2025-01-07 21:46:22 
jj1 = 229, max_th = 1.975307e+00, time=2025-01-07 21:47:12 
jj1 = 524, max_th = 1.389125e+00, time=2025-01-07 21:48:33 
jj1 = 464, max_th = 2.229454e+00, time=2025-01-07 21:49:29 
jj1 = 347, max_th = 1.966186e+00, time=2025-01-07 21:51:39 
jj1 = 171, max_th = 2.232862e+00, time=2025-01-07 21:51:53 
jj1 = 523, max_th = 2.637670e+00, time=2025-01-07 21:52:53 
jj1 = 108, max_th = 1.983772e+00, time=2025-01-07 21:53:50 
jj1 = 463, max_th = 1.402022e+00, time=2025-01-07 21:54:14 
jj1 = 288, max_th = 1.715732e+00, time=2025-01-07 21:55:08 
jj1 = 406, max_th = 2.218880e+00, time=2025-01-07 21:55:22 
jj1 = 462, max_th = 9.993011e-01, time=2025-01-07 21:56:01 
jj1 = 228, max_th = 1.961873e+00, time=2025-01-07 21:57:03 
jj1 = 107, max_th = 1.391215e+00, time=2025-01-07 21:59:07 
jj1 = 287, max_th = 1.407435e+00, time=2025-01-07 22:00:27 
jj1 = 346, max_th = 2.222567e+00, time=2025-01-07 22:01:06 
jj1 = 227, max_th = 2.642618e+00, time=2025-01-07 22:01:11 
jj1 = 170, max_th = 2.225508e+00, time=2025-01-07 22:01:20 
jj1 = 405, max_th = 2.431531e+00, time=2025-01-07 22:02:27 
jj1 = 522, max_th = 1.979597e+00, time=2025-01-07 22:03:08 
jj1 = 226, max_th = 9.728185e-01, time=2025-01-07 22:03:20 
jj1 = 461, max_th = 1.989321e+00, time=2025-01-07 22:05:47 
jj1 = 345, max_th = 1.396923e+00, time=2025-01-07 22:06:01 
jj1 = 106, max_th = 1.707819e+00, time=2025-01-07 22:07:24 
jj1 = 105, max_th = -8.115112e-03, time=2025-01-07 22:07:50 
jj1 = 460, max_th = 9.776232e-01, time=2025-01-07 22:07:57 
jj1 = 286, max_th = 2.207113e+00, time=2025-01-07 22:09:14 
jj1 = 344, max_th = 2.621385e+00, time=2025-01-07 22:10:44 
jj1 = 169, max_th = 1.986993e+00, time=2025-01-07 22:11:24 
jj1 = 521, max_th = 2.203742e+00, time=2025-01-07 22:11:34 
jj1 = 225, max_th = 2.208665e+00, time=2025-01-07 22:12:12 
jj1 = 404, max_th = 1.984759e+00, time=2025-01-07 22:12:30 
jj1 = 104, max_th = 2.221399e+00, time=2025-01-07 22:17:13 
jj1 = 459, max_th = 2.222475e+00, time=2025-01-07 22:17:25 
jj1 = 343, max_th = 2.439204e+00, time=2025-01-07 22:17:26 
jj1 = 403, max_th = 1.405663e+00, time=2025-01-07 22:17:43 
jj1 = 285, max_th = 1.715947e+00, time=2025-01-07 22:17:58 
jj1 = 168, max_th = 2.430869e+00, time=2025-01-07 22:18:27 
jj1 = 284, max_th = 9.931792e-01, time=2025-01-07 22:20:04 
jj1 = 520, max_th = 1.721426e+00, time=2025-01-07 22:20:32 
jj1 = 283, max_th = 2.990013e+00, time=2025-01-07 22:21:18 
jj1 = 224, max_th = 1.992969e+00, time=2025-01-07 22:21:40 
jj1 = 458, max_th = 1.394240e+00, time=2025-01-07 22:22:29 
jj1 = 282, max_th = 2.623615e+00, time=2025-01-07 22:26:01 
jj1 = 457, max_th = 1.399834e+00, time=2025-01-07 22:26:12 
jj1 = 342, max_th = 2.209837e+00, time=2025-01-07 22:26:23 
jj1 = 402, max_th = 2.222268e+00, time=2025-01-07 22:27:08 
jj1 = 103, max_th = 1.984147e+00, time=2025-01-07 22:27:21 
jj1 = 167, max_th = 1.974508e+00, time=2025-01-07 22:28:53 
jj1 = 519, max_th = 2.222391e+00, time=2025-01-07 22:29:58 
jj1 = 223, max_th = 1.962263e+00, time=2025-01-07 22:31:33 
jj1 = 222, max_th = -1.168901e-03, time=2025-01-07 22:31:56 
jj1 = 221, max_th = -2.510710e-02, time=2025-01-07 22:32:22 
jj1 = 102, max_th = 1.362477e+00, time=2025-01-07 22:32:32 
jj1 = 220, max_th = 9.901740e-01, time=2025-01-07 22:34:29 
jj1 = 281, max_th = 2.210019e+00, time=2025-01-07 22:34:59 
jj1 = 166, max_th = 2.439435e+00, time=2025-01-07 22:35:32 
jj1 = 456, max_th = 2.220267e+00, time=2025-01-07 22:35:33 
jj1 = 341, max_th = 2.220060e+00, time=2025-01-07 22:35:47 
jj1 = 401, max_th = 1.715771e+00, time=2025-01-07 22:35:50 
jj1 = 340, max_th = 2.807462e+00, time=2025-01-07 22:38:14 
jj1 = 518, max_th = 2.214714e+00, time=2025-01-07 22:39:10 
jj1 = 101, max_th = 2.406386e+00, time=2025-01-07 22:39:19 
jj1 = 100, max_th = 9.679084e-01, time=2025-01-07 22:41:25 
jj1 = 280, max_th = 1.703701e+00, time=2025-01-07 22:42:45 
jj1 = 219, max_th = 1.962810e+00, time=2025-01-07 22:44:17 
jj1 = 165, max_th = 1.726797e+00, time=2025-01-07 22:44:38 
jj1 = 455, max_th = 1.985537e+00, time=2025-01-07 22:45:38 
jj1 = 400, max_th = 1.973737e+00, time=2025-01-07 22:46:19 
jj1 = 99, max_th = 1.395924e+00, time=2025-01-07 22:46:20 
jj1 = 339, max_th = 1.995955e+00, time=2025-01-07 22:47:14 
jj1 = 517, max_th = 1.718105e+00, time=2025-01-07 22:48:08 
jj1 = 399, max_th = 9.896301e-01, time=2025-01-07 22:48:27 
jj1 = 516, max_th = 3.156152e+00, time=2025-01-07 22:48:40 
jj1 = 218, max_th = 1.406546e+00, time=2025-01-07 22:49:36 
jj1 = 217, max_th = -1.100815e-02, time=2025-01-07 22:50:02 
jj1 = 454, max_th = 1.399054e+00, time=2025-01-07 22:50:02 
jj1 = 279, max_th = 1.714971e+00, time=2025-01-07 22:51:29 
jj1 = 398, max_th = 2.631201e+00, time=2025-01-07 22:53:03 
jj1 = 164, max_th = 1.717158e+00, time=2025-01-07 22:53:25 
jj1 = 98, max_th = 1.706222e+00, time=2025-01-07 22:54:26 
jj1 = 338, max_th = 1.718554e+00, time=2025-01-07 22:56:04 
jj1 = 337, max_th = -1.001411e-02, time=2025-01-07 22:56:30 
jj1 = 216, max_th = 2.438993e+00, time=2025-01-07 22:56:41 
jj1 = 453, max_th = 2.435176e+00, time=2025-01-07 22:56:56 
jj1 = 515, max_th = 2.215623e+00, time=2025-01-07 22:57:52 
jj1 = 397, max_th = 1.405423e+00, time=2025-01-07 22:58:19 
jj1 = 163, max_th = 2.199652e+00, time=2025-01-07 23:00:06 
jj1 = 278, max_th = 2.217630e+00, time=2025-01-07 23:00:49 
jj1 = 452, max_th = 1.391689e+00, time=2025-01-07 23:02:16 
jj1 = 514, max_th = 2.619425e+00, time=2025-01-07 23:02:35 
jj1 = 162, max_th = 2.810604e+00, time=2025-01-07 23:02:37 
jj1 = 97, max_th = 1.711597e+00, time=2025-01-07 23:02:59 
jj1 = 336, max_th = 1.717356e+00, time=2025-01-07 23:05:13 
jj1 = 215, max_th = 1.718067e+00, time=2025-01-07 23:05:31 
jj1 = 451, max_th = 1.400705e+00, time=2025-01-07 23:06:32 
jj1 = 396, max_th = 2.209473e+00, time=2025-01-07 23:07:19 
jj1 = 161, max_th = 1.391530e+00, time=2025-01-07 23:07:54 
jj1 = 277, max_th = 1.722466e+00, time=2025-01-07 23:09:50 
jj1 = 450, max_th = 2.639432e+00, time=2025-01-07 23:10:46 
jj1 = 513, max_th = 1.956197e+00, time=2025-01-07 23:11:53 
jj1 = 96, max_th = 2.182497e+00, time=2025-01-07 23:12:38 
jj1 = 335, max_th = 2.196425e+00, time=2025-01-07 23:13:35 
jj1 = 160, max_th = 1.700973e+00, time=2025-01-07 23:14:50 
jj1 = 214, max_th = 1.982181e+00, time=2025-01-07 23:15:40 
jj1 = 395, max_th = 1.948510e+00, time=2025-01-07 23:15:40 
jj1 = 276, max_th = 2.219928e+00, time=2025-01-07 23:19:13 
jj1 = 449, max_th = 1.713953e+00, time=2025-01-07 23:19:24 
jj1 = 512, max_th = 1.691355e+00, time=2025-01-07 23:20:01 
jj1 = 159, max_th = 1.373769e+00, time=2025-01-07 23:20:13 
jj1 = 334, max_th = 1.704571e+00, time=2025-01-07 23:21:25 
jj1 = 95, max_th = 2.212494e+00, time=2025-01-07 23:21:44 
jj1 = 213, max_th = 1.698714e+00, time=2025-01-07 23:22:41 
jj1 = 158, max_th = 2.789897e+00, time=2025-01-07 23:22:55 
jj1 = 275, max_th = 1.394113e+00, time=2025-01-07 23:24:17 
jj1 = 212, max_th = 9.939652e-01, time=2025-01-07 23:24:44 
jj1 = 394, max_th = 2.223406e+00, time=2025-01-07 23:25:12 
jj1 = 448, max_th = 2.204979e+00, time=2025-01-07 23:27:54 
jj1 = 274, max_th = 1.407087e+00, time=2025-01-07 23:29:34 
jj1 = 157, max_th = 2.436890e+00, time=2025-01-07 23:29:43 
jj1 = 511, max_th = 1.989780e+00, time=2025-01-07 23:29:43 
jj1 = 447, max_th = 9.643266e-01, time=2025-01-07 23:29:55 
jj1 = 333, max_th = 2.212534e+00, time=2025-01-07 23:30:26 
jj1 = 94, max_th = 1.727622e+00, time=2025-01-07 23:30:45 
jj1 = 393, max_th = 1.701835e+00, time=2025-01-07 23:32:31 
jj1 = 211, max_th = 1.987864e+00, time=2025-01-07 23:34:33 
jj1 = 156, max_th = 1.411168e+00, time=2025-01-07 23:35:14 
jj1 = 273, max_th = 2.436435e+00, time=2025-01-07 23:36:24 
jj1 = 510, max_th = 1.718753e+00, time=2025-01-07 23:38:39 
jj1 = 332, max_th = 1.728232e+00, time=2025-01-07 23:39:25 
jj1 = 210, max_th = 1.404106e+00, time=2025-01-07 23:39:33 
jj1 = 93, max_th = 1.724530e+00, time=2025-01-07 23:39:47 
jj1 = 446, max_th = 1.978043e+00, time=2025-01-07 23:40:11 
jj1 = 445, max_th = 2.814734e+00, time=2025-01-07 23:42:42 
jj1 = 392, max_th = 1.977989e+00, time=2025-01-07 23:42:49 
jj1 = 155, max_th = 1.989078e+00, time=2025-01-07 23:45:00 
jj1 = 272, max_th = 2.218636e+00, time=2025-01-07 23:45:41 
jj1 = 92, max_th = 2.438311e+00, time=2025-01-07 23:46:26 
jj1 = 509, max_th = 2.220103e+00, time=2025-01-07 23:48:00 
jj1 = 391, max_th = 1.382050e+00, time=2025-01-07 23:48:17 
jj1 = 209, max_th = 2.215468e+00, time=2025-01-07 23:48:41 
jj1 = 331, max_th = 1.992083e+00, time=2025-01-07 23:48:52 
jj1 = 444, max_th = 1.702131e+00, time=2025-01-07 23:50:01 
jj1 = 154, max_th = 1.385313e+00, time=2025-01-07 23:50:17 
jj1 = 271, max_th = 1.982158e+00, time=2025-01-07 23:55:49 
jj1 = 270, max_th = -1.081683e-03, time=2025-01-07 23:56:12 
jj1 = 91, max_th = 1.986785e+00, time=2025-01-07 23:56:20 
jj1 = 208, max_th = 2.202800e+00, time=2025-01-07 23:56:46 
jj1 = 153, max_th = 2.438828e+00, time=2025-01-07 23:57:01 
jj1 = 390, max_th = 2.210701e+00, time=2025-01-07 23:57:21 
jj1 = 508, max_th = 2.225664e+00, time=2025-01-07 23:57:24 
jj1 = 330, max_th = 2.213208e+00, time=2025-01-07 23:57:55 
jj1 = 443, max_th = 1.729684e+00, time=2025-01-07 23:59:03 
jj1 = 329, max_th = 9.932182e-01, time=2025-01-08 00:00:01 
jj1 = 152, max_th = 2.617256e+00, time=2025-01-08 00:01:43 
jj1 = 269, max_th = 1.715259e+00, time=2025-01-08 00:04:49 
jj1 = 207, max_th = 1.718679e+00, time=2025-01-08 00:05:33 
jj1 = 151, max_th = 2.636852e+00, time=2025-01-08 00:06:03 
jj1 = 90, max_th = 1.983548e+00, time=2025-01-08 00:06:21 
jj1 = 389, max_th = 1.986981e+00, time=2025-01-08 00:07:17 
jj1 = 507, max_th = 1.980896e+00, time=2025-01-08 00:07:34 
jj1 = 442, max_th = 1.984169e+00, time=2025-01-08 00:09:04 
jj1 = 328, max_th = 1.988608e+00, time=2025-01-08 00:09:46 
jj1 = 206, max_th = 1.373836e+00, time=2025-01-08 00:10:57 
jj1 = 268, max_th = 2.431326e+00, time=2025-01-08 00:11:47 
jj1 = 327, max_th = 9.729779e-01, time=2025-01-08 00:11:56 
jj1 = 441, max_th = 1.396926e+00, time=2025-01-08 00:13:54 
jj1 = 89, max_th = 2.209105e+00, time=2025-01-08 00:15:10 
jj1 = 150, max_th = 1.981392e+00, time=2025-01-08 00:16:14 
jj1 = 205, max_th = 1.410491e+00, time=2025-01-08 00:16:25 
jj1 = 326, max_th = 1.401812e+00, time=2025-01-08 00:16:34 
jj1 = 388, max_th = 2.228372e+00, time=2025-01-08 00:16:39 
jj1 = 506, max_th = 2.225435e+00, time=2025-01-08 00:16:59 
jj1 = 325, max_th = 1.398810e+00, time=2025-01-08 00:21:04 
jj1 = 267, max_th = 1.974475e+00, time=2025-01-08 00:22:06 
jj1 = 88, max_th = 2.418173e+00, time=2025-01-08 00:22:19 
jj1 = 149, max_th = 2.434571e+00, time=2025-01-08 00:23:07 
jj1 = 440, max_th = 2.217546e+00, time=2025-01-08 00:23:07 
jj1 = 324, max_th = 2.815158e+00, time=2025-01-08 00:23:31 
jj1 = 266, max_th = 2.813218e+00, time=2025-01-08 00:24:36 
jj1 = 87, max_th = 2.807980e+00, time=2025-01-08 00:24:46 
jj1 = 505, max_th = 1.988502e+00, time=2025-01-08 00:26:45 
jj1 = 204, max_th = 1.975236e+00, time=2025-01-08 00:26:50 
jj1 = 387, max_th = 1.976318e+00, time=2025-01-08 00:27:07 
jj1 = 386, max_th = 3.445731e+00, time=2025-01-08 00:27:13 
jj1 = 439, max_th = 1.395153e+00, time=2025-01-08 00:28:09 
jj1 = 148, max_th = 2.436688e+00, time=2025-01-08 00:29:53 
jj1 = 323, max_th = 2.218469e+00, time=2025-01-08 00:32:46 
jj1 = 265, max_th = 1.711316e+00, time=2025-01-08 00:33:01 
jj1 = 86, max_th = 1.710727e+00, time=2025-01-08 00:33:14 
jj1 = 438, max_th = 1.407518e+00, time=2025-01-08 00:33:28 
jj1 = 203, max_th = 1.694243e+00, time=2025-01-08 00:34:42 
jj1 = 385, max_th = 2.220854e+00, time=2025-01-08 00:36:36 
jj1 = 504, max_th = 1.983804e+00, time=2025-01-08 00:36:48 
jj1 = 322, max_th = 1.392831e+00, time=2025-01-08 00:37:54 
jj1 = 85, max_th = 1.398029e+00, time=2025-01-08 00:37:56 
jj1 = 147, max_th = 1.987279e+00, time=2025-01-08 00:39:45 
jj1 = 437, max_th = 1.706123e+00, time=2025-01-08 00:41:27 
jj1 = 202, max_th = 2.427725e+00, time=2025-01-08 00:41:50 
jj1 = 264, max_th = 1.987886e+00, time=2025-01-08 00:42:53 
jj1 = 436, max_th = 2.810625e+00, time=2025-01-08 00:43:55 
jj1 = 321, max_th = 2.443548e+00, time=2025-01-08 00:44:09 
jj1 = 503, max_th = 1.717137e+00, time=2025-01-08 00:45:35 
jj1 = 384, max_th = 2.221269e+00, time=2025-01-08 00:45:57 
jj1 = 320, max_th = 9.645348e-01, time=2025-01-08 00:46:07 
jj1 = 263, max_th = 2.631002e+00, time=2025-01-08 00:47:23 
jj1 = 84, max_th = 1.987825e+00, time=2025-01-08 00:47:44 
jj1 = 83, max_th = 3.154033e+00, time=2025-01-08 00:48:13 
jj1 = 146, max_th = 1.716220e+00, time=2025-01-08 00:48:27 
jj1 = 383, max_th = 2.820394e+00, time=2025-01-08 00:48:28 
jj1 = 82, max_th = 9.821511e-01, time=2025-01-08 00:50:22 
jj1 = 201, max_th = 1.974311e+00, time=2025-01-08 00:52:12 
jj1 = 319, max_th = 2.434053e+00, time=2025-01-08 00:53:02 
jj1 = 502, max_th = 1.705147e+00, time=2025-01-08 00:53:32 
jj1 = 435, max_th = 1.983552e+00, time=2025-01-08 00:53:58 
jj1 = 81, max_th = 1.403715e+00, time=2025-01-08 00:55:22 
jj1 = 382, max_th = 2.411776e+00, time=2025-01-08 00:55:29 
jj1 = 262, max_th = 1.722756e+00, time=2025-01-08 00:56:25 
jj1 = 145, max_th = 1.996048e+00, time=2025-01-08 00:57:27 
jj1 = 501, max_th = 1.411533e+00, time=2025-01-08 00:59:04 
jj1 = 381, max_th = 2.625443e+00, time=2025-01-08 01:00:10 
jj1 = 200, max_th = 2.225350e+00, time=2025-01-08 01:01:36 
jj1 = 318, max_th = 2.227497e+00, time=2025-01-08 01:02:17 
jj1 = 434, max_th = 1.713968e+00, time=2025-01-08 01:02:33 
jj1 = 80, max_th = 2.225317e+00, time=2025-01-08 01:04:46 
jj1 = 380, max_th = 1.403277e+00, time=2025-01-08 01:05:05 
jj1 = 500, max_th = 2.440151e+00, time=2025-01-08 01:05:39 
jj1 = 199, max_th = 2.615141e+00, time=2025-01-08 01:06:15 
jj1 = 261, max_th = 1.983525e+00, time=2025-01-08 01:06:31 
jj1 = 144, max_th = 1.986304e+00, time=2025-01-08 01:07:22 
jj1 = 317, max_th = 1.390282e+00, time=2025-01-08 01:07:29 
jj1 = 379, max_th = 2.633964e+00, time=2025-01-08 01:09:34 
jj1 = 433, max_th = 2.427803e+00, time=2025-01-08 01:09:42 
jj1 = 198, max_th = 1.701342e+00, time=2025-01-08 01:13:14 
jj1 = 316, max_th = 2.421730e+00, time=2025-01-08 01:14:42 
jj1 = 79, max_th = 1.984707e+00, time=2025-01-08 01:14:47 
jj1 = 499, max_th = 2.219901e+00, time=2025-01-08 01:14:54 
jj1 = 260, max_th = 2.218810e+00, time=2025-01-08 01:15:45 
jj1 = 378, max_th = 2.432164e+00, time=2025-01-08 01:16:36 
jj1 = 143, max_th = 2.216860e+00, time=2025-01-08 01:16:39 
jj1 = 432, max_th = 1.713920e+00, time=2025-01-08 01:18:19 
jj1 = 197, max_th = 1.392662e+00, time=2025-01-08 01:18:20 
jj1 = 78, max_th = 1.405747e+00, time=2025-01-08 01:19:56 
jj1 = 77, max_th = -1.402601e-02, time=2025-01-08 01:20:22 
jj1 = 498, max_th = 2.412952e+00, time=2025-01-08 01:21:55 
jj1 = 315, max_th = 2.219431e+00, time=2025-01-08 01:23:59 
jj1 = 259, max_th = 1.718013e+00, time=2025-01-08 01:24:34 
jj1 = 377, max_th = 1.720006e+00, time=2025-01-08 01:25:33 
jj1 = 142, max_th = 2.213459e+00, time=2025-01-08 01:25:44 
jj1 = 196, max_th = 1.711719e+00, time=2025-01-08 01:26:46 
jj1 = 258, max_th = 2.814721e+00, time=2025-01-08 01:27:04 
jj1 = 431, max_th = 1.990296e+00, time=2025-01-08 01:27:59 
jj1 = 497, max_th = 2.423252e+00, time=2025-01-08 01:29:08 
jj1 = 76, max_th = 1.719911e+00, time=2025-01-08 01:29:15 
jj1 = 314, max_th = 2.427782e+00, time=2025-01-08 01:31:10 
jj1 = 376, max_th = 2.419123e+00, time=2025-01-08 01:32:49 
jj1 = 430, max_th = 1.403417e+00, time=2025-01-08 01:32:55 
jj1 = 429, max_th = 3.300485e+00, time=2025-01-08 01:33:06 
jj1 = 141, max_th = 1.990806e+00, time=2025-01-08 01:35:20 
jj1 = 195, max_th = 1.723638e+00, time=2025-01-08 01:35:46 
jj1 = 257, max_th = 1.992938e+00, time=2025-01-08 01:36:26 
jj1 = 75, max_th = 2.205498e+00, time=2025-01-08 01:37:45 
jj1 = 496, max_th = 2.227623e+00, time=2025-01-08 01:38:26 
jj1 = 313, max_th = 2.220671e+00, time=2025-01-08 01:40:32 
jj1 = 256, max_th = 1.371285e+00, time=2025-01-08 01:41:33 
jj1 = 375, max_th = 1.981808e+00, time=2025-01-08 01:43:00 
jj1 = 428, max_th = 1.972021e+00, time=2025-01-08 01:43:23 
jj1 = 194, max_th = 1.723185e+00, time=2025-01-08 01:44:45 
jj1 = 140, max_th = 1.976616e+00, time=2025-01-08 01:45:38 
jj1 = 427, max_th = 2.813560e+00, time=2025-01-08 01:45:52 
jj1 = 74, max_th = 2.212400e+00, time=2025-01-08 01:46:46 
jj1 = 255, max_th = 1.407518e+00, time=2025-01-08 01:46:52 
jj1 = 495, max_th = 1.989989e+00, time=2025-01-08 01:48:11 
jj1 = 139, max_th = 2.642006e+00, time=2025-01-08 01:49:45 
jj1 = 312, max_th = 1.991619e+00, time=2025-01-08 01:50:04 
jj1 = 193, max_th = 1.380326e+00, time=2025-01-08 01:50:15 
jj1 = 426, max_th = 2.441912e+00, time=2025-01-08 01:52:21 
jj1 = 374, max_th = 2.222128e+00, time=2025-01-08 01:52:25 
jj1 = 138, max_th = 1.368135e+00, time=2025-01-08 01:55:03 
jj1 = 311, max_th = 1.406041e+00, time=2025-01-08 01:55:12 
jj1 = 73, max_th = 1.713356e+00, time=2025-01-08 01:55:20 
jj1 = 254, max_th = 1.724312e+00, time=2025-01-08 01:55:54 
jj1 = 494, max_th = 1.719356e+00, time=2025-01-08 01:57:01 
jj1 = 72, max_th = 9.856273e-01, time=2025-01-08 01:57:29 
jj1 = 71, max_th = 9.881461e-01, time=2025-01-08 01:59:36 
jj1 = 373, max_th = 2.425830e+00, time=2025-01-08 01:59:37 
jj1 = 253, max_th = 2.639070e+00, time=2025-01-08 02:00:09 
jj1 = 192, max_th = 1.983837e+00, time=2025-01-08 02:00:17 
jj1 = 310, max_th = 1.392724e+00, time=2025-01-08 02:00:17 
jj1 = 425, max_th = 1.717722e+00, time=2025-01-08 02:01:02 
jj1 = 372, max_th = 9.886632e-01, time=2025-01-08 02:01:45 
jj1 = 137, max_th = 2.431484e+00, time=2025-01-08 02:02:00 
jj1 = 70, max_th = 2.640742e+00, time=2025-01-08 02:03:49 
jj1 = 493, max_th = 2.200934e+00, time=2025-01-08 02:04:19 
jj1 = 309, max_th = 2.638786e+00, time=2025-01-08 02:04:33 
jj1 = 136, max_th = 1.396114e+00, time=2025-01-08 02:06:56 
jj1 = 371, max_th = 1.407491e+00, time=2025-01-08 02:07:05 
jj1 = 252, max_th = 2.425144e+00, time=2025-01-08 02:07:24 
jj1 = 308, max_th = 2.637617e+00, time=2025-01-08 02:08:52 
jj1 = 191, max_th = 1.714927e+00, time=2025-01-08 02:08:52 
jj1 = 424, max_th = 2.226730e+00, time=2025-01-08 02:10:23 
jj1 = 190, max_th = 9.746453e-01, time=2025-01-08 02:10:59 
jj1 = 69, max_th = 2.222322e+00, time=2025-01-08 02:13:06 
jj1 = 370, max_th = 1.546106e+00, time=2025-01-08 02:13:51 
jj1 = 492, max_th = 1.990102e+00, time=2025-01-08 02:13:59 
jj1 = 135, max_th = 1.646515e+00, time=2025-01-08 02:14:14 
jj1 = 68, max_th = 9.837052e-01, time=2025-01-08 02:15:17 
jj1 = 134, max_th = 2.799227e+00, time=2025-01-08 02:16:21 
jj1 = 251, max_th = 1.988385e+00, time=2025-01-08 02:17:10 
jj1 = 307, max_th = 1.982683e+00, time=2025-01-08 02:18:56 
jj1 = 423, max_th = 1.717910e+00, time=2025-01-08 02:19:09 
jj1 = 67, max_th = 2.628445e+00, time=2025-01-08 02:19:50 
jj1 = 189, max_th = 1.726762e+00, time=2025-01-08 02:19:58 
jj1 = 133, max_th = 1.401236e+00, time=2025-01-08 02:20:55 
jj1 = 491, max_th = 2.432954e+00, time=2025-01-08 02:20:57 
jj1 = 369, max_th = 1.985122e+00, time=2025-01-08 02:23:54 
jj1 = 490, max_th = 1.402593e+00, time=2025-01-08 02:25:48 
jj1 = 250, max_th = 1.976796e+00, time=2025-01-08 02:27:29 
jj1 = 306, max_th = 1.720160e+00, time=2025-01-08 02:27:45 
jj1 = 188, max_th = 1.692983e+00, time=2025-01-08 02:27:55 
jj1 = 422, max_th = 2.228228e+00, time=2025-01-08 02:28:27 
jj1 = 66, max_th = 1.989403e+00, time=2025-01-08 02:29:33 
jj1 = 132, max_th = 1.730484e+00, time=2025-01-08 02:29:51 
jj1 = 489, max_th = 1.385207e+00, time=2025-01-08 02:31:15 
jj1 = 488, max_th = 2.799798e+00, time=2025-01-08 02:33:08 
jj1 = 65, max_th = 2.615579e+00, time=2025-01-08 02:34:08 
jj1 = 368, max_th = 1.977184e+00, time=2025-01-08 02:34:21 
jj1 = 249, max_th = 1.718670e+00, time=2025-01-08 02:36:21 
jj1 = 305, max_th = 1.716489e+00, time=2025-01-08 02:36:29 
jj1 = 131, max_th = 1.704719e+00, time=2025-01-08 02:37:43 
jj1 = 421, max_th = 2.220934e+00, time=2025-01-08 02:37:44 
jj1 = 187, max_th = 1.967724e+00, time=2025-01-08 02:37:51 
jj1 = 64, max_th = 2.628595e+00, time=2025-01-08 02:38:41 
jj1 = 367, max_th = 2.431223e+00, time=2025-01-08 02:41:27 
jj1 = 248, max_th = 1.406737e+00, time=2025-01-08 02:41:37 
jj1 = 63, max_th = 2.640260e+00, time=2025-01-08 02:42:52 
jj1 = 487, max_th = 1.979656e+00, time=2025-01-08 02:43:21 
jj1 = 420, max_th = 2.431310e+00, time=2025-01-08 02:44:40 
jj1 = 304, max_th = 2.227955e+00, time=2025-01-08 02:45:41 
jj1 = 186, max_th = 1.718082e+00, time=2025-01-08 02:46:33 
jj1 = 130, max_th = 1.728785e+00, time=2025-01-08 02:46:41 
jj1 = 247, max_th = 1.409133e+00, time=2025-01-08 02:47:01 
jj1 = 366, max_th = 1.704837e+00, time=2025-01-08 02:49:16 
jj1 = 365, max_th = -2.703861e-02, time=2025-01-08 02:49:42 
jj1 = 419, max_th = 2.200356e+00, time=2025-01-08 02:51:16 
jj1 = 62, max_th = 1.718293e+00, time=2025-01-08 02:51:37 
jj1 = 486, max_th = 1.994224e+00, time=2025-01-08 02:52:33 
jj1 = 129, max_th = 2.412044e+00, time=2025-01-08 02:53:38 
jj1 = 61, max_th = 2.787078e+00, time=2025-01-08 02:54:25 
jj1 = 246, max_th = 1.710521e+00, time=2025-01-08 02:55:24 
jj1 = 303, max_th = 1.985019e+00, time=2025-01-08 02:55:39 
jj1 = 185, max_th = 1.991808e+00, time=2025-01-08 02:56:01 
jj1 = 302, max_th = 9.838697e-01, time=2025-01-08 02:57:45 
jj1 = 245, max_th = 2.810135e+00, time=2025-01-08 02:57:50 
jj1 = 364, max_th = 1.997131e+00, time=2025-01-08 02:58:32 
jj1 = 60, max_th = 1.387022e+00, time=2025-01-08 02:59:43 
jj1 = 418, max_th = 1.994473e+00, time=2025-01-08 03:00:29 
jj1 = 485, max_th = 2.203934e+00, time=2025-01-08 03:00:50 
jj1 = 128, max_th = 1.715344e+00, time=2025-01-08 03:02:19 
jj1 = 127, max_th = 2.989168e+00, time=2025-01-08 03:03:32 
jj1 = 184, max_th = 2.206218e+00, time=2025-01-08 03:04:35 
jj1 = 301, max_th = 1.712793e+00, time=2025-01-08 03:06:14 
jj1 = 300, max_th = 3.145294e+00, time=2025-01-08 03:06:46 
jj1 = 244, max_th = 2.230516e+00, time=2025-01-08 03:07:02 
jj1 = 484, max_th = 2.433623e+00, time=2025-01-08 03:07:48 
jj1 = 363, max_th = 2.218506e+00, time=2025-01-08 03:07:51 
jj1 = 59, max_th = 2.222023e+00, time=2025-01-08 03:09:04 
jj1 = 126, max_th = 2.441205e+00, time=2025-01-08 03:10:02 
jj1 = 417, max_th = 1.987649e+00, time=2025-01-08 03:10:16 
jj1 = 299, max_th = 2.624603e+00, time=2025-01-08 03:11:26 
jj1 = 125, max_th = 9.875380e-01, time=2025-01-08 03:12:08 
jj1 = 362, max_th = 1.395736e+00, time=2025-01-08 03:12:52 
jj1 = 183, max_th = 1.721521e+00, time=2025-01-08 03:13:30 
jj1 = 58, max_th = 1.379405e+00, time=2025-01-08 03:14:27 
jj1 = 483, max_th = 2.220633e+00, time=2025-01-08 03:17:03 
jj1 = 416, max_th = 2.435876e+00, time=2025-01-08 03:17:06 
jj1 = 243, max_th = 1.974844e+00, time=2025-01-08 03:17:20 
jj1 = 298, max_th = 2.446603e+00, time=2025-01-08 03:17:24 
jj1 = 242, max_th = -8.538203e-03, time=2025-01-08 03:17:46 
jj1 = 182, max_th = 2.625630e+00, time=2025-01-08 03:18:08 
jj1 = 241, max_th = 9.468328e-01, time=2025-01-08 03:19:26 
jj1 = 124, max_th = 2.212097e+00, time=2025-01-08 03:21:08 
jj1 = 361, max_th = 1.986187e+00, time=2025-01-08 03:22:51 
jj1 = 57, max_th = 1.724810e+00, time=2025-01-08 03:23:30 
jj1 = 482, max_th = 1.722076e+00, time=2025-01-08 03:25:58 
jj1 = 297, max_th = 1.719284e+00, time=2025-01-08 03:26:09 
jj1 = 415, max_th = 2.231928e+00, time=2025-01-08 03:26:16 
jj1 = 360, max_th = 2.640305e+00, time=2025-01-08 03:27:03 
jj1 = 181, max_th = 1.725857e+00, time=2025-01-08 03:27:12 
jj1 = 588, max_th = 2.630716e+00, time=2025-01-08 03:28:02 
jj1 = 240, max_th = 1.721111e+00, time=2025-01-08 03:28:19 
jj1 = 239, max_th = 9.898985e-01, time=2025-01-08 03:30:27 
jj1 = 123, max_th = 1.990358e+00, time=2025-01-08 03:30:50 
jj1 = 481, max_th = 1.365796e+00, time=2025-01-08 03:31:24 
jj1 = 587, max_th = 2.616301e+00, time=2025-01-08 03:32:40 
jj1 = 414, max_th = 1.718798e+00, time=2025-01-08 03:35:07 
jj1 = 296, max_th = 2.223231e+00, time=2025-01-08 03:35:33 
jj1 = 359, max_th = 1.720253e+00, time=2025-01-08 03:35:57 
jj1 = 180, max_th = 1.993455e+00, time=2025-01-08 03:36:30 
jj1 = 238, max_th = 1.688774e+00, time=2025-01-08 03:38:50 
jj1 = 122, max_th = 1.709830e+00, time=2025-01-08 03:39:12 
jj1 = 413, max_th = 1.403381e+00, time=2025-01-08 03:40:04 
jj1 = 480, max_th = 1.729131e+00, time=2025-01-08 03:40:22 
jj1 = 586, max_th = 2.204056e+00, time=2025-01-08 03:40:59 
jj1 = 179, max_th = 2.618170e+00, time=2025-01-08 03:41:08 
jj1 = 412, max_th = 2.979499e+00, time=2025-01-08 03:41:23 
jj1 = 121, max_th = 1.400327e+00, time=2025-01-08 03:43:10 
jj1 = 358, max_th = 2.228633e+00, time=2025-01-08 03:45:15 
jj1 = 295, max_th = 1.985379e+00, time=2025-01-08 03:45:30 
jj1 = 479, max_th = 1.407927e+00, time=2025-01-08 03:45:42 
jj1 = 237, max_th = 2.435167e+00, time=2025-01-08 03:45:43 
jj1 = 178, max_th = 1.702006e+00, time=2025-01-08 03:48:26 
jj1 = 294, max_th = 1.400362e+00, time=2025-01-08 03:49:33 
jj1 = 585, max_th = 1.716270e+00, time=2025-01-08 03:49:38 
jj1 = 357, max_th = 2.635091e+00, time=2025-01-08 03:49:41 
jj1 = 411, max_th = 1.976505e+00, time=2025-01-08 03:51:41 
jj1 = 120, max_th = 1.719587e+00, time=2025-01-08 03:52:02 
jj1 = 236, max_th = 2.417280e+00, time=2025-01-08 03:52:53 
jj1 = 177, max_th = 1.402765e+00, time=2025-01-08 03:53:16 
jj1 = 478, max_th = 1.710599e+00, time=2025-01-08 03:53:59 
jj1 = 119, max_th = 2.807459e+00, time=2025-01-08 03:54:30 
jj1 = 477, max_th = 2.801614e+00, time=2025-01-08 03:56:15 
jj1 = 584, max_th = 2.435323e+00, time=2025-01-08 03:56:22 
jj1 = 738, max_th = 1.356264e+00, time=2025-01-08 03:56:38 
jj1 = 476, max_th = -1.134908e-03, time=2025-01-08 03:56:37 
jj1 = 293, max_th = 1.723109e+00, time=2025-01-08 03:58:29 
jj1 = 583, max_th = 9.879002e-01, time=2025-01-08 03:58:29 
jj1 = 475, max_th = 2.825082e+00, time=2025-01-08 03:59:08 
jj1 = 356, max_th = 1.977875e+00, time=2025-01-08 04:00:01 
jj1 = 235, max_th = 2.229765e+00, time=2025-01-08 04:02:04 
jj1 = 355, max_th = 9.916518e-01, time=2025-01-08 04:02:07 
jj1 = 176, max_th = 1.980776e+00, time=2025-01-08 04:03:23 
jj1 = 118, max_th = 1.728067e+00, time=2025-01-08 04:03:29 
jj1 = 175, max_th = 3.144237e+00, time=2025-01-08 04:03:57 
jj1 = 582, max_th = 2.427350e+00, time=2025-01-08 04:05:42 
jj1 = 737, max_th = 1.994385e+00, time=2025-01-08 04:05:50 
jj1 = 581, max_th = 2.977466e+00, time=2025-01-08 04:07:03 
jj1 = 648, max_th = 1.991328e+00, time=2025-01-08 04:07:59 
jj1 = 117, max_th = 2.625949e+00, time=2025-01-08 04:08:10 
jj1 = 234, max_th = 2.433949e+00, time=2025-01-08 04:09:01 
jj1 = 474, max_th = 1.984491e+00, time=2025-01-08 04:09:07 
jj1 = 116, max_th = 9.835685e-01, time=2025-01-08 04:10:17 
jj1 = 354, max_th = 1.713498e+00, time=2025-01-08 04:10:45 
jj1 = 558, max_th = 2.206112e+00, time=2025-01-08 04:12:28 
jj1 = 353, max_th = 9.863615e-01, time=2025-01-08 04:12:54 
jj1 = 473, max_th = 2.636191e+00, time=2025-01-08 04:13:28 
jj1 = 736, max_th = 2.227053e+00, time=2025-01-08 04:15:03 
jj1 = 647, max_th = 1.711436e+00, time=2025-01-08 04:16:21 
jj1 = 678, max_th = 1.704172e+00, time=2025-01-08 04:16:45 
jj1 = 580, max_th = 1.986247e+00, time=2025-01-08 04:16:54 
jj1 = 677, max_th = 3.289594e+00, time=2025-01-08 04:16:59 
jj1 = 352, max_th = 1.409172e+00, time=2025-01-08 04:18:18 
jj1 = 708, max_th = 1.710666e+00, time=2025-01-08 04:18:37 
jj1 = 472, max_th = 2.438188e+00, time=2025-01-08 04:20:10 
jj1 = 557, max_th = 1.711127e+00, time=2025-01-08 04:20:51 
jj1 = 735, max_th = 2.431645e+00, time=2025-01-08 04:22:04 
jj1 = 646, max_th = 1.996554e+00, time=2025-01-08 04:25:05 
jj1 = 471, max_th = 1.406986e+00, time=2025-01-08 04:25:26 
jj1 = 579, max_th = 1.986636e+00, time=2025-01-08 04:26:41 
jj1 = 676, max_th = 1.985556e+00, time=2025-01-08 04:26:54 
jj1 = 618, max_th = 1.725096e+00, time=2025-01-08 04:27:21 
jj1 = 707, max_th = 1.945865e+00, time=2025-01-08 04:27:32 
jj1 = 734, max_th = 2.438685e+00, time=2025-01-08 04:28:41 
jj1 = 675, max_th = 9.744852e-01, time=2025-01-08 04:28:55 
jj1 = 578, max_th = 2.807020e+00, time=2025-01-08 04:29:04 
jj1 = 674, max_th = -5.329472e-02, time=2025-01-08 04:29:15 
jj1 = 556, max_th = 1.722615e+00, time=2025-01-08 04:29:47 
jj1 = 470, max_th = 2.604564e+00, time=2025-01-08 04:29:51 
jj1 = 673, max_th = 1.384307e+00, time=2025-01-08 04:34:33 
jj1 = 645, max_th = 1.982649e+00, time=2025-01-08 04:35:03 
jj1 = 555, max_th = 1.386560e+00, time=2025-01-08 04:35:10 
jj1 = 706, max_th = 2.213163e+00, time=2025-01-08 04:36:34 
jj1 = 617, max_th = 1.971259e+00, time=2025-01-08 04:37:34 
jj1 = 577, max_th = 2.219408e+00, time=2025-01-08 04:38:17 
jj1 = 733, max_th = 1.938294e+00, time=2025-01-08 04:38:19 
jj1 = 768, max_th = 1.712975e+00, time=2025-01-08 04:38:22 
jj1 = 705, max_th = 9.645431e-01, time=2025-01-08 04:38:37 
jj1 = 616, max_th = 2.623618e+00, time=2025-01-08 04:42:15 
jj1 = 672, max_th = 1.721430e+00, time=2025-01-08 04:43:27 
jj1 = 554, max_th = 2.206187e+00, time=2025-01-08 04:43:45 
jj1 = 644, max_th = 1.721539e+00, time=2025-01-08 04:43:54 
jj1 = 576, max_th = 1.718861e+00, time=2025-01-08 04:47:07 
jj1 = 732, max_th = 2.219609e+00, time=2025-01-08 04:47:35 
jj1 = 671, max_th = 2.623478e+00, time=2025-01-08 04:48:06 
jj1 = 704, max_th = 1.983310e+00, time=2025-01-08 04:48:33 
jj1 = 767, max_th = 1.979821e+00, time=2025-01-08 04:48:33 
jj1 = 615, max_th = 1.963215e+00, time=2025-01-08 04:52:04 
jj1 = 643, max_th = 1.675817e+00, time=2025-01-08 04:52:21 
jj1 = 553, max_th = 2.222756e+00, time=2025-01-08 04:53:06 
jj1 = 731, max_th = 2.426948e+00, time=2025-01-08 04:54:42 
jj1 = 670, max_th = 2.420968e+00, time=2025-01-08 04:55:12 
jj1 = 575, max_th = 2.215927e+00, time=2025-01-08 04:56:15 
jj1 = 766, max_th = 2.212895e+00, time=2025-01-08 04:57:31 
jj1 = 703, max_th = 1.990362e+00, time=2025-01-08 04:58:08 
jj1 = 614, max_th = 2.430662e+00, time=2025-01-08 04:59:04 
jj1 = 730, max_th = 2.628322e+00, time=2025-01-08 04:59:16 
jj1 = 642, max_th = 1.726372e+00, time=2025-01-08 05:01:13 
jj1 = 641, max_th = 3.136818e+00, time=2025-01-08 05:01:48 
jj1 = 669, max_th = 1.701951e+00, time=2025-01-08 05:02:20 
jj1 = 552, max_th = 1.991091e+00, time=2025-01-08 05:02:38 
jj1 = 729, max_th = 1.408650e+00, time=2025-01-08 05:04:36 
jj1 = 574, max_th = 2.224069e+00, time=2025-01-08 05:05:29 
jj1 = 702, max_th = 1.710096e+00, time=2025-01-08 05:06:29 
jj1 = 765, max_th = 1.968940e+00, time=2025-01-08 05:07:32 
jj1 = 613, max_th = 1.720369e+00, time=2025-01-08 05:07:52 
jj1 = 640, max_th = 2.440335e+00, time=2025-01-08 05:08:17 
jj1 = 573, max_th = 2.606967e+00, time=2025-01-08 05:09:56 
jj1 = 639, max_th = 9.610923e-01, time=2025-01-08 05:10:15 
jj1 = 551, max_th = 1.710643e+00, time=2025-01-08 05:10:57 
jj1 = 668, max_th = 2.212962e+00, time=2025-01-08 05:11:13 
jj1 = 701, max_th = 1.411808e+00, time=2025-01-08 05:11:59 
jj1 = 728, max_th = 1.985550e+00, time=2025-01-08 05:14:29 
jj1 = 727, max_th = -6.027189e-03, time=2025-01-08 05:14:54 
jj1 = 572, max_th = 1.403402e+00, time=2025-01-08 05:14:55 
jj1 = 638, max_th = 1.379404e+00, time=2025-01-08 05:15:40 
jj1 = 612, max_th = 1.724498e+00, time=2025-01-08 05:16:48 
jj1 = 764, max_th = 1.992737e+00, time=2025-01-08 05:16:51 
jj1 = 700, max_th = 2.424850e+00, time=2025-01-08 05:19:12 
jj1 = 550, max_th = 1.983599e+00, time=2025-01-08 05:20:55 
jj1 = 667, max_th = 1.986997e+00, time=2025-01-08 05:20:57 
jj1 = 611, max_th = 1.402493e+00, time=2025-01-08 05:21:35 
jj1 = 549, max_th = 2.784801e+00, time=2025-01-08 05:23:44 
jj1 = 571, max_th = 1.724191e+00, time=2025-01-08 05:23:51 
jj1 = 726, max_th = 1.722403e+00, time=2025-01-08 05:23:54 
jj1 = 763, max_th = 2.420360e+00, time=2025-01-08 05:23:58 
jj1 = 637, max_th = 1.717799e+00, time=2025-01-08 05:24:16 
jj1 = 610, max_th = 2.434221e+00, time=2025-01-08 05:28:24 
jj1 = 570, max_th = 1.391546e+00, time=2025-01-08 05:29:08 
jj1 = 699, max_th = 1.981112e+00, time=2025-01-08 05:29:22 
jj1 = 666, max_th = 1.722373e+00, time=2025-01-08 05:29:52 
jj1 = 548, max_th = 2.443304e+00, time=2025-01-08 05:30:03 
jj1 = 725, max_th = 1.724447e+00, time=2025-01-08 05:32:54 
jj1 = 762, max_th = 1.722740e+00, time=2025-01-08 05:32:55 
jj1 = 636, max_th = 2.162597e+00, time=2025-01-08 05:33:43 
jj1 = 698, max_th = 2.426292e+00, time=2025-01-08 05:36:34 
jj1 = 609, max_th = 1.678741e+00, time=2025-01-08 05:36:56 
jj1 = 547, max_th = 2.207113e+00, time=2025-01-08 05:38:39 
jj1 = 569, max_th = 1.986762e+00, time=2025-01-08 05:38:56 
jj1 = 665, max_th = 2.220944e+00, time=2025-01-08 05:39:05 
jj1 = 761, max_th = 2.231926e+00, time=2025-01-08 05:42:01 
jj1 = 724, max_th = 2.227690e+00, time=2025-01-08 05:42:10 
jj1 = 635, max_th = 1.723811e+00, time=2025-01-08 05:42:37 
jj1 = 546, max_th = 1.380154e+00, time=2025-01-08 05:44:00 
jj1 = 608, max_th = 2.207114e+00, time=2025-01-08 05:45:34 
jj1 = 697, max_th = 2.221374e+00, time=2025-01-08 05:45:47 
jj1 = 545, max_th = 2.810301e+00, time=2025-01-08 05:46:29 
jj1 = 568, max_th = 1.993182e+00, time=2025-01-08 05:48:17 
jj1 = 664, max_th = 1.990905e+00, time=2025-01-08 05:48:33 
jj1 = 760, max_th = 2.427341e+00, time=2025-01-08 05:49:12 
jj1 = 723, max_th = 1.721408e+00, time=2025-01-08 05:51:04 
jj1 = 634, max_th = 1.973497e+00, time=2025-01-08 05:52:53 
jj1 = 759, max_th = 1.405694e+00, time=2025-01-08 05:54:22 
jj1 = 607, max_th = 1.726151e+00, time=2025-01-08 05:54:34 
jj1 = 696, max_th = 1.722368e+00, time=2025-01-08 05:54:41 
jj1 = 606, max_th = -8.108834e-05, time=2025-01-08 05:54:53 
jj1 = 567, max_th = 2.417954e+00, time=2025-01-08 05:55:24 
jj1 = 544, max_th = 1.985705e+00, time=2025-01-08 05:56:23 
jj1 = 663, max_th = 1.729603e+00, time=2025-01-08 05:57:30 
jj1 = 566, max_th = 9.819427e-01, time=2025-01-08 05:57:32 
jj1 = 543, max_th = 2.617043e+00, time=2025-01-08 06:00:59 
jj1 = 722, max_th = 1.983058e+00, time=2025-01-08 06:01:08 
jj1 = 758, max_th = 2.433712e+00, time=2025-01-08 06:01:17 
jj1 = 695, max_th = 2.421757e+00, time=2025-01-08 06:01:54 
jj1 = 633, max_th = 1.978890e+00, time=2025-01-08 06:02:58 
jj1 = 694, max_th = 9.939692e-01, time=2025-01-08 06:03:56 
jj1 = 605, max_th = 2.224615e+00, time=2025-01-08 06:04:16 
jj1 = 662, max_th = 2.419949e+00, time=2025-01-08 06:04:42 
jj1 = 565, max_th = 1.716123e+00, time=2025-01-08 06:06:12 
jj1 = 542, max_th = 2.439172e+00, time=2025-01-08 06:07:36 
jj1 = 721, max_th = 1.718197e+00, time=2025-01-08 06:09:52 
jj1 = 564, max_th = 2.623874e+00, time=2025-01-08 06:10:48 
jj1 = 757, max_th = 1.989461e+00, time=2025-01-08 06:10:55 
jj1 = 632, max_th = 2.219494e+00, time=2025-01-08 06:12:06 
jj1 = 604, max_th = 1.713521e+00, time=2025-01-08 06:12:45 
jj1 = 693, max_th = 1.722906e+00, time=2025-01-08 06:12:51 
jj1 = 563, max_th = 9.804558e-01, time=2025-01-08 06:12:57 
jj1 = 661, max_th = 1.711392e+00, time=2025-01-08 06:13:08 
jj1 = 562, max_th = 2.822354e+00, time=2025-01-08 06:15:26 
jj1 = 541, max_th = 2.196508e+00, time=2025-01-08 06:15:50 
jj1 = 540, max_th = 2.972136e+00, time=2025-01-08 06:17:10 
jj1 = 756, max_th = 2.433745e+00, time=2025-01-08 06:17:50 
jj1 = 720, max_th = 2.226243e+00, time=2025-01-08 06:19:10 
jj1 = 692, max_th = 2.435048e+00, time=2025-01-08 06:19:41 
jj1 = 660, max_th = 2.436079e+00, time=2025-01-08 06:19:55 
jj1 = 561, max_th = 2.624545e+00, time=2025-01-08 06:20:03 
jj1 = 539, max_th = 1.401071e+00, time=2025-01-08 06:21:35 
jj1 = 603, max_th = 2.212551e+00, time=2025-01-08 06:21:45 
jj1 = 631, max_th = 1.960786e+00, time=2025-01-08 06:21:46 
jj1 = 560, max_th = 2.631650e+00, time=2025-01-08 06:24:32 
jj1 = 659, max_th = 1.404582e+00, time=2025-01-08 06:24:57 
jj1 = 691, max_th = 1.382142e+00, time=2025-01-08 06:25:00 
jj1 = 630, max_th = 2.614677e+00, time=2025-01-08 06:26:19 
jj1 = 755, max_th = 2.213342e+00, time=2025-01-08 06:26:53 
jj1 = 602, max_th = 1.375762e+00, time=2025-01-08 06:26:59 
jj1 = 719, max_th = 1.717807e+00, time=2025-01-08 06:27:57 
jj1 = 718, max_th = 9.837876e-01, time=2025-01-08 06:30:05 
jj1 = 538, max_th = 2.227450e+00, time=2025-01-08 06:30:49 
jj1 = 690, max_th = 2.420286e+00, time=2025-01-08 06:32:12 
jj1 = 658, max_th = 1.718126e+00, time=2025-01-08 06:33:38 
jj1 = 559, max_th = 2.219188e+00, time=2025-01-08 06:33:46 
jj1 = 783, max_th = -1.221607e-02, time=2025-01-08 06:34:12 
jj1 = 629, max_th = 1.718186e+00, time=2025-01-08 06:35:01 
jj1 = 601, max_th = 2.214648e+00, time=2025-01-08 06:36:09 
jj1 = 754, max_th = 1.975064e+00, time=2025-01-08 06:37:09 
jj1 = 689, max_th = 1.411847e+00, time=2025-01-08 06:37:39 
jj1 = 717, max_th = 2.225440e+00, time=2025-01-08 06:39:24 
jj1 = 537, max_th = 1.715646e+00, time=2025-01-08 06:39:26 
jj1 = 716, max_th = 9.761814e-01, time=2025-01-08 06:41:31 
jj1 = 753, max_th = 1.700028e+00, time=2025-01-08 06:41:43 
jj1 = 657, max_th = 1.988942e+00, time=2025-01-08 06:43:23 
jj1 = 782, max_th = 2.228361e+00, time=2025-01-08 06:43:25 
jj1 = 628, max_th = 1.712979e+00, time=2025-01-08 06:43:30 
jj1 = 781, max_th = -2.002471e-02, time=2025-01-08 06:43:50 
jj1 = 688, max_th = 1.701648e+00, time=2025-01-08 06:44:44 
jj1 = 656, max_th = 2.975170e+00, time=2025-01-08 06:44:45 
jj1 = 600, max_th = 1.722299e+00, time=2025-01-08 06:45:02 
jj1 = 655, max_th = 9.701932e-01, time=2025-01-08 06:46:48 
jj1 = 536, max_th = 1.725738e+00, time=2025-01-08 06:48:28 
jj1 = 627, max_th = 1.409979e+00, time=2025-01-08 06:48:51 
jj1 = 752, max_th = 2.194195e+00, time=2025-01-08 06:50:18 
jj1 = 715, max_th = 2.219110e+00, time=2025-01-08 06:50:42 
jj1 = 654, max_th = 1.390093e+00, time=2025-01-08 06:51:56 
jj1 = 780, max_th = 2.222411e+00, time=2025-01-08 06:53:03 
jj1 = 687, max_th = 2.212692e+00, time=2025-01-08 06:53:43 
jj1 = 535, max_th = 1.388372e+00, time=2025-01-08 06:53:45 
jj1 = 599, max_th = 2.213360e+00, time=2025-01-08 06:54:07 
jj1 = 751, max_th = 2.436952e+00, time=2025-01-08 06:57:05 
jj1 = 626, max_th = 1.996576e+00, time=2025-01-08 06:57:39 
jj1 = 534, max_th = 1.405266e+00, time=2025-01-08 06:58:53 
jj1 = 598, max_th = 1.396760e+00, time=2025-01-08 06:58:56 
jj1 = 714, max_th = 2.229861e+00, time=2025-01-08 06:59:48 
jj1 = 653, max_th = 1.709622e+00, time=2025-01-08 07:00:16 
jj1 = 686, max_th = 2.429044e+00, time=2025-01-08 07:00:46 
jj1 = 779, max_th = 2.227184e+00, time=2025-01-08 07:02:19 
jj1 = 685, max_th = 9.861959e-01, time=2025-01-08 07:02:52 
jj1 = 625, max_th = 1.408166e+00, time=2025-01-08 07:02:54 
jj1 = 778, max_th = 2.993478e+00, time=2025-01-08 07:03:28 
jj1 = 533, max_th = 2.437547e+00, time=2025-01-08 07:05:36 
jj1 = 750, max_th = 1.981064e+00, time=2025-01-08 07:07:16 
jj1 = 597, max_th = 2.222676e+00, time=2025-01-08 07:08:15 
jj1 = 652, max_th = 1.716153e+00, time=2025-01-08 07:09:02 
jj1 = 777, max_th = 1.700150e+00, time=2025-01-08 07:09:08 
jj1 = 713, max_th = 1.989568e+00, time=2025-01-08 07:09:25 
jj1 = 624, max_th = 2.430682e+00, time=2025-01-08 07:09:55 
jj1 = 684, max_th = 2.423079e+00, time=2025-01-08 07:10:06 
jj1 = 623, max_th = 9.830615e-01, time=2025-01-08 07:12:01 
jj1 = 651, max_th = 1.391683e+00, time=2025-01-08 07:14:06 
jj1 = 683, max_th = 2.620871e+00, time=2025-01-08 07:14:42 
jj1 = 650, max_th = 3.130584e+00, time=2025-01-08 07:14:45 
jj1 = 532, max_th = 1.976665e+00, time=2025-01-08 07:15:48 
jj1 = 649, max_th = 9.474810e-01, time=2025-01-08 07:16:26 
jj1 = 749, max_th = 1.976254e+00, time=2025-01-08 07:17:29 
jj1 = 712, max_th = 1.717595e+00, time=2025-01-08 07:18:08 
jj1 = 596, max_th = 1.967531e+00, time=2025-01-08 07:18:17 
jj1 = 776, max_th = 2.228139e+00, time=2025-01-08 07:18:21 
jj1 = 622, max_th = 1.707251e+00, time=2025-01-08 07:20:07 
jj1 = 531, max_th = 1.398165e+00, time=2025-01-08 07:20:29 
jj1 = 843, max_th = 2.433460e+00, time=2025-01-08 07:23:19 
jj1 = 682, max_th = 1.722625e+00, time=2025-01-08 07:23:41 
jj1 = 775, max_th = 1.694352e+00, time=2025-01-08 07:26:13 
jj1 = 530, max_th = 2.440444e+00, time=2025-01-08 07:27:03 
jj1 = 595, max_th = 2.231759e+00, time=2025-01-08 07:27:20 
jj1 = 748, max_th = 1.970243e+00, time=2025-01-08 07:27:30 
jj1 = 842, max_th = 2.622164e+00, time=2025-01-08 07:28:00 
jj1 = 711, max_th = 1.976314e+00, time=2025-01-08 07:28:15 
jj1 = 621, max_th = 2.220595e+00, time=2025-01-08 07:29:18 
jj1 = 774, max_th = 2.439796e+00, time=2025-01-08 07:32:49 
jj1 = 681, max_th = 2.223583e+00, time=2025-01-08 07:32:57 
jj1 = 529, max_th = 2.432593e+00, time=2025-01-08 07:34:00 
jj1 = 620, max_th = 1.402746e+00, time=2025-01-08 07:34:07 
jj1 = 747, max_th = 2.207145e+00, time=2025-01-08 07:36:09 
jj1 = 594, max_th = 2.224256e+00, time=2025-01-08 07:36:44 
jj1 = 710, max_th = 2.221780e+00, time=2025-01-08 07:37:34 
jj1 = 773, max_th = 1.326265e+00, time=2025-01-08 07:37:51 
jj1 = 841, max_th = 1.977142e+00, time=2025-01-08 07:38:16 
jj1 = 593, max_th = 9.756434e-01, time=2025-01-08 07:38:51 
jj1 = 828, max_th = 1.370714e+00, time=2025-01-08 07:39:24 
jj1 = 746, max_th = 1.409796e+00, time=2025-01-08 07:41:35 
jj1 = 619, max_th = 1.708770e+00, time=2025-01-08 07:42:25 
jj1 = 680, max_th = 1.986037e+00, time=2025-01-08 07:42:51 
jj1 = 592, max_th = 2.441659e+00, time=2025-01-08 07:45:21 
jj1 = 772, max_th = 1.683370e+00, time=2025-01-08 07:46:16 
jj1 = 709, max_th = 1.720759e+00, time=2025-01-08 07:46:24 
jj1 = 679, max_th = 2.644112e+00, time=2025-01-08 07:46:50 
jj1 = 840, max_th = 1.730108e+00, time=2025-01-08 07:47:09 
jj1 = 591, max_th = 9.894587e-01, time=2025-01-08 07:47:27 
jj1 = 839, max_th = -6.006687e-03, time=2025-01-08 07:47:33 
jj1 = 827, max_th = 1.981148e+00, time=2025-01-08 07:49:27 
jj1 = 813, max_th = 1.704259e+00, time=2025-01-08 07:50:08 
jj1 = 745, max_th = 1.720404e+00, time=2025-01-08 07:50:25 
jj1 = 858, max_th = 1.398005e+00, time=2025-01-08 07:51:33 
jj1 = 771, max_th = 1.717383e+00, time=2025-01-08 07:54:52 
jj1 = 798, max_th = 1.985005e+00, time=2025-01-08 07:56:16 
jj1 = 590, max_th = 2.220605e+00, time=2025-01-08 07:56:43 
jj1 = 744, max_th = 2.416794e+00, time=2025-01-08 07:57:31 
jj1 = 838, max_th = 1.969132e+00, time=2025-01-08 07:57:43 
jj1 = 826, max_th = 1.712856e+00, time=2025-01-08 07:57:50 
jj1 = 812, max_th = 1.722230e+00, time=2025-01-08 07:59:03 
jj1 = 589, max_th = 2.807132e+00, time=2025-01-08 07:59:09 
jj1 = 857, max_th = 1.723758e+00, time=2025-01-08 08:00:29 
jj1 = 825, max_th = 1.383058e+00, time=2025-01-08 08:03:04 
jj1 = 770, max_th = 1.720974e+00, time=2025-01-08 08:03:38 
jj1 = 873, max_th = 1.385026e+00, time=2025-01-08 08:04:23 
jj1 = 824, max_th = 2.822030e+00, time=2025-01-08 08:05:34 
jj1 = 797, max_th = 1.985060e+00, time=2025-01-08 08:06:07 
jj1 = 743, max_th = 1.721126e+00, time=2025-01-08 08:06:25 
jj1 = 837, max_th = 2.210333e+00, time=2025-01-08 08:06:35 
jj1 = 811, max_th = 2.226352e+00, time=2025-01-08 08:08:20 
jj1 = 742, max_th = 9.676156e-01, time=2025-01-08 08:08:30 
jj1 = 856, max_th = 2.217008e+00, time=2025-01-08 08:09:38 
jj1 = 872, max_th = 1.409581e+00, time=2025-01-08 08:09:47 
jj1 = 741, max_th = 2.814839e+00, time=2025-01-08 08:10:59 
jj1 = 796, max_th = 1.383536e+00, time=2025-01-08 08:11:32 
jj1 = 769, max_th = 1.972411e+00, time=2025-01-08 08:13:51 
jj1 = 810, max_th = 2.435501e+00, time=2025-01-08 08:15:08 
jj1 = 836, max_th = 1.714241e+00, time=2025-01-08 08:15:09 
jj1 = 823, max_th = 1.984223e+00, time=2025-01-08 08:15:31 
jj1 = 740, max_th = 1.393523e+00, time=2025-01-08 08:16:05 
jj1 = 871, max_th = 2.432033e+00, time=2025-01-08 08:16:45 
jj1 = 855, max_th = 1.722487e+00, time=2025-01-08 08:18:33 
jj1 = 809, max_th = 1.399598e+00, time=2025-01-08 08:19:11 
jj1 = 822, max_th = 2.631283e+00, time=2025-01-08 08:20:01 
jj1 = 795, max_th = 1.726809e+00, time=2025-01-08 08:20:33 
jj1 = 835, max_th = 2.425979e+00, time=2025-01-08 08:22:18 
jj1 = 895, max_th = 1.820551e+00, time=2025-01-08 08:22:50 
jj1 = 808, max_th = 2.639972e+00, time=2025-01-08 08:23:23 
jj1 = 854, max_th = 1.396105e+00, time=2025-01-08 08:23:24 
jj1 = 739, max_th = 1.703075e+00, time=2025-01-08 08:23:37 
jj1 = 834, max_th = 9.974483e-01, time=2025-01-08 08:24:14 
jj1 = 821, max_th = 1.405943e+00, time=2025-01-08 08:25:10 
jj1 = 794, max_th = 1.405191e+00, time=2025-01-08 08:25:43 
jj1 = 870, max_th = 2.225882e+00, time=2025-01-08 08:26:08 
jj1 = 869, max_th = 2.809633e+00, time=2025-01-08 08:28:34 
jj1 = 894, max_th = 1.695376e+00, time=2025-01-08 08:30:33 
jj1 = 853, max_th = 2.421672e+00, time=2025-01-08 08:30:34 
jj1 = 833, max_th = 2.421145e+00, time=2025-01-08 08:31:26 
jj1 = 888, max_th = 1.688215e+00, time=2025-01-08 08:31:57 
jj1 = 807, max_th = 1.990794e+00, time=2025-01-08 08:32:53 
jj1 = 887, max_th = 9.794686e-01, time=2025-01-08 08:34:09 
jj1 = 820, max_th = 2.214197e+00, time=2025-01-08 08:34:12 
jj1 = 793, max_th = 2.221209e+00, time=2025-01-08 08:35:01 
jj1 = 806, max_th = 2.811997e+00, time=2025-01-08 08:35:21 
jj1 = 893, max_th = 1.381775e+00, time=2025-01-08 08:36:01 
jj1 = 819, max_th = 2.813626e+00, time=2025-01-08 08:36:39 
jj1 = 868, max_th = 1.722757e+00, time=2025-01-08 08:37:32 
jj1 = 852, max_th = 1.711093e+00, time=2025-01-08 08:38:55 
jj1 = 851, max_th = 3.289960e+00, time=2025-01-08 08:39:10 
jj1 = 832, max_th = 2.207032e+00, time=2025-01-08 08:40:06 
jj1 = 818, max_th = 1.371225e+00, time=2025-01-08 08:42:00 
jj1 = 867, max_th = 2.624736e+00, time=2025-01-08 08:42:14 
jj1 = 886, max_th = 2.210482e+00, time=2025-01-08 08:43:06 
jj1 = 805, max_th = 1.714272e+00, time=2025-01-08 08:43:56 
jj1 = 792, max_th = 1.960614e+00, time=2025-01-08 08:44:44 
jj1 = 892, max_th = 1.980715e+00, time=2025-01-08 08:46:12 
jj1 = 850, max_th = 2.427893e+00, time=2025-01-08 08:46:21 
jj1 = 831, max_th = 1.969797e+00, time=2025-01-08 08:50:21 
jj1 = 804, max_th = 2.434535e+00, time=2025-01-08 08:50:45 
jj1 = 817, max_th = 2.231610e+00, time=2025-01-08 08:51:08 
jj1 = 885, max_th = 1.682287e+00, time=2025-01-08 08:51:38 
jj1 = 866, max_th = 1.979996e+00, time=2025-01-08 08:52:25 
jj1 = 791, max_th = 1.726365e+00, time=2025-01-08 08:53:46 
jj1 = 803, max_th = 2.633552e+00, time=2025-01-08 08:55:10 
jj1 = 891, max_th = 1.988364e+00, time=2025-01-08 08:55:58 
jj1 = 849, max_th = 1.986730e+00, time=2025-01-08 08:56:10 
jj1 = 830, max_th = 1.708535e+00, time=2025-01-08 08:58:38 
jj1 = 884, max_th = 2.428443e+00, time=2025-01-08 08:58:45 
jj1 = 816, max_th = 1.707298e+00, time=2025-01-08 08:59:08 
jj1 = 865, max_th = 2.425759e+00, time=2025-01-08 08:59:36 
jj1 = 790, max_th = 1.964311e+00, time=2025-01-08 09:03:40 
jj1 = 890, max_th = 1.706811e+00, time=2025-01-08 09:03:58 
jj1 = 802, max_th = 2.189909e+00, time=2025-01-08 09:04:11 
jj1 = 848, max_th = 1.963708e+00, time=2025-01-08 09:06:00 
jj1 = 815, max_th = 1.654989e+00, time=2025-01-08 09:06:29 
jj1 = 883, max_th = 1.723974e+00, time=2025-01-08 09:07:41 
jj1 = 789, max_th = 2.629118e+00, time=2025-01-08 09:08:11 
jj1 = 829, max_th = 1.986904e+00, time=2025-01-08 09:08:29 
jj1 = 801, max_th = 1.409833e+00, time=2025-01-08 09:09:33 
jj1 = 864, max_th = 1.980344e+00, time=2025-01-08 09:09:49 
jj1 = 814, max_th = 2.627256e+00, time=2025-01-08 09:11:09 
jj1 = 882, max_th = 2.634602e+00, time=2025-01-08 09:12:07 
jj1 = 847, max_th = 2.438504e+00, time=2025-01-08 09:12:39 
jj1 = 889, max_th = 1.971742e+00, time=2025-01-08 09:14:10 
jj1 = 909, max_th = 1.395901e+00, time=2025-01-08 09:16:02 
jj1 = 788, max_th = 1.712533e+00, time=2025-01-08 09:16:39 
jj1 = 902, max_th = 2.180068e+00, time=2025-01-08 09:18:04 
jj1 = 863, max_th = 1.724479e+00, time=2025-01-08 09:18:46 
jj1 = 800, max_th = 1.991690e+00, time=2025-01-08 09:19:01 
jj1 = 881, max_th = 2.428430e+00, time=2025-01-08 09:19:16 
jj1 = 901, max_th = 2.634607e+00, time=2025-01-08 09:22:26 
jj1 = 846, max_th = 1.974322e+00, time=2025-01-08 09:22:55 
jj1 = 944, max_th = 1.982666e+00, time=2025-01-08 09:24:14 
jj1 = 908, max_th = 1.988958e+00, time=2025-01-08 09:25:43 
jj1 = 787, max_th = 1.984475e+00, time=2025-01-08 09:26:36 
jj1 = 799, max_th = 1.989501e+00, time=2025-01-08 09:28:36 
jj1 = 862, max_th = 1.978854e+00, time=2025-01-08 09:28:58 
jj1 = 880, max_th = 1.981420e+00, time=2025-01-08 09:29:18 
jj1 = 845, max_th = 1.698960e+00, time=2025-01-08 09:29:35 
jj1 = 861, max_th = 9.674757e-01, time=2025-01-08 09:30:59 
jj1 = 943, max_th = 2.434813e+00, time=2025-01-08 09:31:03 
jj1 = 900, max_th = 1.725786e+00, time=2025-01-08 09:31:24 
jj1 = 844, max_th = 9.712744e-01, time=2025-01-08 09:31:41 
jj1 = 916, max_th = 2.441839e+00, time=2025-01-08 09:36:17 
jj1 = 907, max_th = 1.991625e+00, time=2025-01-08 09:36:27 
jj1 = 899, max_th = 1.399633e+00, time=2025-01-08 09:36:50 
jj1 = 786, max_th = 2.218408e+00, time=2025-01-08 09:37:11 
jj1 = 930, max_th = 1.386408e+00, time=2025-01-08 09:38:59 
jj1 = 906, max_th = 9.728289e-01, time=2025-01-08 09:39:16 
jj1 = 860, max_th = 2.429562e+00, time=2025-01-08 09:40:28 
jj1 = 879, max_th = 2.216016e+00, time=2025-01-08 09:40:53 
jj1 = 942, max_th = 2.229117e+00, time=2025-01-08 09:42:47 
jj1 = 929, max_th = 1.400198e+00, time=2025-01-08 09:43:05 
jj1 = 785, max_th = 2.417806e+00, time=2025-01-08 09:44:35 
jj1 = 915, max_th = 1.716577e+00, time=2025-01-08 09:45:13 
jj1 = 878, max_th = 2.434800e+00, time=2025-01-08 09:46:24 
jj1 = 898, max_th = 1.975559e+00, time=2025-01-08 09:46:43 
jj1 = 905, max_th = 2.226816e+00, time=2025-01-08 09:47:14 
jj1 = 941, max_th = 2.438413e+00, time=2025-01-08 09:47:36 
jj1 = 859, max_th = 2.213490e+00, time=2025-01-08 09:47:48 
jj1 = 904, max_th = 9.866948e-01, time=2025-01-08 09:48:43 
jj1 = 928, max_th = 1.719535e+00, time=2025-01-08 09:49:26 
jj1 = 914, max_th = 2.431883e+00, time=2025-01-08 09:50:14 
jj1 = 903, max_th = 9.741380e-01, time=2025-01-08 09:50:16 
jj1 = 940, max_th = 1.393468e+00, time=2025-01-08 09:51:17 
jj1 = 784, max_th = 1.987984e+00, time=2025-01-08 09:51:43 
jj1 = 877, max_th = 1.724867e+00, time=2025-01-08 09:53:00 
jj1 = 927, max_th = 1.383675e+00, time=2025-01-08 09:53:25 
jj1 = 913, max_th = 1.392734e+00, time=2025-01-08 09:53:59 
jj1 = 897, max_th = 1.978817e+00, time=2025-01-08 09:54:09 
jj1 = 937, max_th = 2.216123e+00, time=2025-01-08 09:54:31 
jj1 = 926, max_th = 2.640034e+00, time=2025-01-08 09:56:25 
jj1 = 912, max_th = 2.627939e+00, time=2025-01-08 09:57:15 
jj1 = 965, max_th = 1.979916e+00, time=2025-01-08 09:57:38 
jj1 = 923, max_th = 2.215170e+00, time=2025-01-08 09:58:18 
jj1 = 939, max_th = 1.984337e+00, time=2025-01-08 09:58:28 
jj1 = 925, max_th = 2.622978e+00, time=2025-01-08 09:59:45 
jj1 = 876, max_th = 1.974320e+00, time=2025-01-08 10:00:27 
jj1 = 896, max_th = 1.984657e+00, time=2025-01-08 10:01:21 
jj1 = 936, max_th = 1.992045e+00, time=2025-01-08 10:01:22 
jj1 = 922, max_th = 2.437343e+00, time=2025-01-08 10:03:09 
jj1 = 911, max_th = 1.985708e+00, time=2025-01-08 10:04:26 
jj1 = 964, max_th = 1.990102e+00, time=2025-01-08 10:04:32 
jj1 = 938, max_th = 2.226057e+00, time=2025-01-08 10:05:12 
jj1 = 924, max_th = 1.720505e+00, time=2025-01-08 10:06:10 
jj1 = 958, max_th = 2.200989e+00, time=2025-01-08 10:06:53 
jj1 = 875, max_th = 1.992590e+00, time=2025-01-08 10:07:40 
jj1 = 935, max_th = 1.729769e+00, time=2025-01-08 10:08:25 
jj1 = 921, max_th = 2.439965e+00, time=2025-01-08 10:08:27 
jj1 = 957, max_th = 2.810238e+00, time=2025-01-08 10:09:15 
jj1 = 963, max_th = 2.437706e+00, time=2025-01-08 10:10:26 
jj1 = 910, max_th = 1.726974e+00, time=2025-01-08 10:12:30 
jj1 = 979, max_th = 3.137583e+00, time=2025-01-08 10:13:00 
jj1 = 972, max_th = 1.988366e+00, time=2025-01-08 10:14:01 
jj1 = 986, max_th = 1.723114e+00, time=2025-01-08 10:14:23 
jj1 = 874, max_th = 1.715789e+00, time=2025-01-08 10:15:27 
jj1 = 956, max_th = 1.703141e+00, time=2025-01-08 10:15:49 
jj1 = 920, max_th = 2.210873e+00, time=2025-01-08 10:16:32 
jj1 = 919, max_th = 3.141300e+00, time=2025-01-08 10:17:02 
jj1 = 934, max_th = 1.982038e+00, time=2025-01-08 10:17:30 
jj1 = 978, max_th = 2.438575e+00, time=2025-01-08 10:18:49 
jj1 = 962, max_th = 1.967529e+00, time=2025-01-08 10:19:26 
jj1 = 971, max_th = 1.702240e+00, time=2025-01-08 10:21:19 
jj1 = 951, max_th = 2.447575e+00, time=2025-01-08 10:21:31 
jj1 = 955, max_th = 1.377344e+00, time=2025-01-08 10:21:40 
jj1 = 985, max_th = 1.695381e+00, time=2025-01-08 10:22:16 
jj1 = 984, max_th = -1.071582e-03, time=2025-01-08 10:22:47 
jj1 = 933, max_th = 1.389245e+00, time=2025-01-08 10:24:06 
jj1 = 961, max_th = 1.374250e+00, time=2025-01-08 10:26:49 
jj1 = 970, max_th = 1.403417e+00, time=2025-01-08 10:27:58 
jj1 = 918, max_th = 2.217874e+00, time=2025-01-08 10:28:34 
jj1 = 950, max_th = 2.439413e+00, time=2025-01-08 10:30:28 
jj1 = 969, max_th = 9.766039e-01, time=2025-01-08 10:30:45 
jj1 = 977, max_th = 1.968002e+00, time=2025-01-08 10:32:27 
jj1 = 954, max_th = 1.708463e+00, time=2025-01-08 10:32:47 
jj1 = 983, max_th = 2.227002e+00, time=2025-01-08 10:35:16 
jj1 = 932, max_th = 2.223939e+00, time=2025-01-08 10:36:38 
jj1 = 982, max_th = 9.874261e-01, time=2025-01-08 10:38:05 
jj1 = 960, max_th = 2.213545e+00, time=2025-01-08 10:38:52 
jj1 = 953, max_th = 1.406355e+00, time=2025-01-08 10:39:46 
jj1 = 949, max_th = 1.704868e+00, time=2025-01-08 10:40:51 
jj1 = 917, max_th = 2.225581e+00, time=2025-01-08 10:41:10 
jj1 = 931, max_th = 2.639641e+00, time=2025-01-08 10:42:16 
jj1 = 968, max_th = 2.210295e+00, time=2025-01-08 10:42:40 
jj1 = 976, max_th = 1.991705e+00, time=2025-01-08 10:45:04 
jj1 = 959, max_th = 2.413673e+00, time=2025-01-08 10:48:15 
jj1 = 981, max_th = 2.204984e+00, time=2025-01-08 10:49:17 
jj1 = 948, max_th = 2.420376e+00, time=2025-01-08 10:50:23 
jj1 = 952, max_th = 1.711405e+00, time=2025-01-08 10:51:04 
jj1 = 980, max_th = 9.983066e-01, time=2025-01-08 10:51:45 
jj1 = 993, max_th = 1.703046e+00, time=2025-01-08 10:52:06 
jj1 = 967, max_th = 1.709797e+00, time=2025-01-08 10:53:35 
jj1 = 975, max_th = 1.982455e+00, time=2025-01-08 10:58:14 
jj1 = 1000, max_th = 1.706683e+00, time=2025-01-08 10:58:37 
jj1 = 999, max_th = 9.546107e-01, time=2025-01-08 11:00:55 
jj1 = 947, max_th = 1.982042e+00, time=2025-01-08 11:03:26 
jj1 = 992, max_th = 2.222518e+00, time=2025-01-08 11:04:06 
jj1 = 966, max_th = 2.219141e+00, time=2025-01-08 11:05:23 
jj1 = 946, max_th = 2.818662e+00, time=2025-01-08 11:06:36 
jj1 = 974, max_th = 1.699316e+00, time=2025-01-08 11:06:39 
jj1 = 998, max_th = 1.398329e+00, time=2025-01-08 11:06:51 
jj1 = 973, max_th = 1.400440e+00, time=2025-01-08 11:11:55 
jj1 = 997, max_th = 1.702584e+00, time=2025-01-08 11:16:16 
jj1 = 991, max_th = 1.976642e+00, time=2025-01-08 11:17:06 
jj1 = 945, max_th = 2.218590e+00, time=2025-01-08 11:18:19 
jj1 = 990, max_th = 9.167747e-01, time=2025-01-08 11:19:16 
jj1 = 996, max_th = 2.441100e+00, time=2025-01-08 11:24:37 
jj1 = 989, max_th = 1.704378e+00, time=2025-01-08 11:29:12 
jj1 = 995, max_th = 1.988544e+00, time=2025-01-08 11:36:59 
jj1 = 988, max_th = 1.728078e+00, time=2025-01-08 11:40:46 
jj1 = 994, max_th = 1.402936e+00, time=2025-01-08 11:43:27 
jj1 = 987, max_th = 1.693607e+00, time=2025-01-08 11:48:35 
