MATLAB is selecting SOFTWARE OPENGL rendering.

                            < M A T L A B (R) >
                  Copyright 1984-2021 The MathWorks, Inc.
                  R2021b (9.11.0.1769968) 64-bit (glnxa64)
                             September 17, 2021

 
To get started, type doc.
For product information, visit www.mathworks.com.
 
>> >> >> >> >> >> >> >> >> >> >> >> >> >> >> >> >> >> >> >> >> >> >> >> Starting parallel pool (parpool) using the 'local' profile ...
Connected to the parallel pool (number of workers: 12).
jj1 = 10, max_th = 2.778709e+00, time=2024-09-03 10:07:37 
jj1 = 45, max_th = 1.320374e+00, time=2024-09-03 10:10:55 
jj1 = 60, max_th = 1.345707e+00, time=2024-09-03 10:12:09 
jj1 = 55, max_th = 1.390549e+00, time=2024-09-03 10:14:09 
jj1 = 30, max_th = 2.471342e+00, time=2024-09-03 10:16:34 
jj1 = 5, max_th = 1.630305e+00, time=2024-09-03 10:18:55 
jj1 = 25, max_th = 2.360885e+00, time=2024-09-03 10:19:13 
jj1 = 20, max_th = 1.574513e+00, time=2024-09-03 10:20:19 
jj1 = 35, max_th = 2.146161e+00, time=2024-09-03 10:20:21 
jj1 = 50, max_th = 1.856271e+00, time=2024-09-03 10:22:21 
jj1 = 40, max_th = 2.127751e+00, time=2024-09-03 10:24:42 
jj1 = 9, max_th = 1.705615e+00, time=2024-09-03 10:27:26 
jj1 = 15, max_th = 1.981696e+00, time=2024-09-03 10:28:40 
jj1 = 19, max_th = 1.304851e+00, time=2024-09-03 10:31:04 
jj1 = 18, max_th = -5.817020e-02, time=2024-09-03 10:31:51 
jj1 = 29, max_th = 2.411076e+00, time=2024-09-03 10:32:30 
jj1 = 44, max_th = 1.816343e+00, time=2024-09-03 10:34:07 
jj1 = 4, max_th = 1.603743e+00, time=2024-09-03 10:34:47 
jj1 = 24, max_th = 2.432361e+00, time=2024-09-03 10:34:56 
jj1 = 54, max_th = 2.144601e+00, time=2024-09-03 10:35:42 
jj1 = 59, max_th = 2.111421e+00, time=2024-09-03 10:36:05 
jj1 = 49, max_th = 1.567432e+00, time=2024-09-03 10:38:32 
jj1 = 39, max_th = 1.899570e+00, time=2024-09-03 10:42:39 
jj1 = 38, max_th = 7.448921e-01, time=2024-09-03 10:44:50 
jj1 = 8, max_th = 2.387387e+00, time=2024-09-03 10:44:57 
jj1 = 34, max_th = 2.181632e+00, time=2024-09-03 10:45:12 
jj1 = 23, max_th = 2.455418e+00, time=2024-09-03 10:46:57 
jj1 = 3, max_th = 2.498742e+00, time=2024-09-03 10:47:26 
jj1 = 14, max_th = 2.139393e+00, time=2024-09-03 10:53:40 
jj1 = 58, max_th = 2.414528e+00, time=2024-09-03 10:54:28 
jj1 = 37, max_th = 1.395288e+00, time=2024-09-03 10:57:47 
jj1 = 28, max_th = 2.090499e+00, time=2024-09-03 10:57:48 
jj1 = 17, max_th = 1.879261e+00, time=2024-09-03 10:58:27 
jj1 = 48, max_th = 2.242738e+00, time=2024-09-03 10:58:34 
jj1 = 43, max_th = 1.928161e+00, time=2024-09-03 10:58:40 
jj1 = 22, max_th = 2.546959e+00, time=2024-09-03 10:59:18 
jj1 = 53, max_th = 1.922330e+00, time=2024-09-03 11:00:58 
jj1 = 13, max_th = 2.605267e+00, time=2024-09-03 11:04:56 
jj1 = 7, max_th = 1.946340e+00, time=2024-09-03 11:05:57 
jj1 = 27, max_th = 2.600782e+00, time=2024-09-03 11:06:53 
jj1 = 16, max_th = 2.652647e+00, time=2024-09-03 11:06:54 
jj1 = 52, max_th = 2.791133e+00, time=2024-09-03 11:08:07 
jj1 = 2, max_th = 1.942373e+00, time=2024-09-03 11:10:14 
jj1 = 33, max_th = 1.916875e+00, time=2024-09-03 11:11:23 
jj1 = 57, max_th = 1.655351e+00, time=2024-09-03 11:12:40 
jj1 = 42, max_th = 2.405261e+00, time=2024-09-03 11:14:44 
jj1 = 36, max_th = 2.380607e+00, time=2024-09-03 11:16:14 
jj1 = 47, max_th = 1.846632e+00, time=2024-09-03 11:18:55 
jj1 = 21, max_th = 1.862241e+00, time=2024-09-03 11:22:28 
jj1 = 56, max_th = 1.366774e+00, time=2024-09-03 11:24:28 
jj1 = 26, max_th = 2.149029e+00, time=2024-09-03 11:24:51 
jj1 = 6, max_th = 1.615729e+00, time=2024-09-03 11:24:59 
jj1 = 216, max_th = 2.205310e+00, time=2024-09-03 11:26:47 
jj1 = 12, max_th = 2.168825e+00, time=2024-09-03 11:27:50 
jj1 = 11, max_th = -6.548086e-02, time=2024-09-03 11:28:37 
jj1 = 215, max_th = 7.615404e-01, time=2024-09-03 11:29:13 
jj1 = 51, max_th = 2.095216e+00, time=2024-09-03 11:29:27 
jj1 = 1, max_th = 2.107701e+00, time=2024-09-03 11:31:13 
jj1 = 41, max_th = 1.946645e+00, time=2024-09-03 11:34:07 
jj1 = 32, max_th = 1.974511e+00, time=2024-09-03 11:34:27 
jj1 = 372, max_th = 2.328661e+00, time=2024-09-03 11:34:41 
jj1 = 255, max_th = 2.509916e+00, time=2024-09-03 11:35:35 
jj1 = 138, max_th = 1.498572e+00, time=2024-09-03 11:36:20 
jj1 = 214, max_th = 2.696324e+00, time=2024-09-03 11:36:21 
jj1 = 46, max_th = 1.672827e+00, time=2024-09-03 11:37:43 
jj1 = 294, max_th = 2.096590e+00, time=2024-09-03 11:43:45 
jj1 = 528, max_th = 2.157058e+00, time=2024-09-03 11:44:42 
jj1 = 213, max_th = 1.402809e+00, time=2024-09-03 11:47:04 
jj1 = 450, max_th = 1.357724e+00, time=2024-09-03 11:48:11 
jj1 = 293, max_th = 9.889763e-01, time=2024-09-03 11:48:25 
jj1 = 411, max_th = 1.470746e+00, time=2024-09-03 11:48:35 
jj1 = 177, max_th = 2.184055e+00, time=2024-09-03 11:49:15 
jj1 = 99, max_th = 2.103290e+00, time=2024-09-03 11:50:39 
jj1 = 489, max_th = 1.958903e+00, time=2024-09-03 11:50:53 
jj1 = 137, max_th = 2.392042e+00, time=2024-09-03 11:51:43 
jj1 = 371, max_th = 2.375454e+00, time=2024-09-03 11:52:06 
jj1 = 254, max_th = 1.635535e+00, time=2024-09-03 11:52:29 
jj1 = 31, max_th = 1.688087e+00, time=2024-09-03 11:52:39 
jj1 = 488, max_th = 2.719784e+00, time=2024-09-03 11:58:36 
jj1 = 292, max_th = 1.401676e+00, time=2024-09-03 11:58:49 
jj1 = 136, max_th = 2.712884e+00, time=2024-09-03 11:59:17 
jj1 = 98, max_th = 2.551939e+00, time=2024-09-03 12:01:06 
jj1 = 449, max_th = 2.492135e+00, time=2024-09-03 12:01:42 
jj1 = 527, max_th = 1.896587e+00, time=2024-09-03 12:04:37 
jj1 = 176, max_th = 2.321938e+00, time=2024-09-03 12:07:51 
jj1 = 212, max_th = 2.131524e+00, time=2024-09-03 12:09:43 
jj1 = 410, max_th = 1.915761e+00, time=2024-09-03 12:10:17 
jj1 = 253, max_th = 1.948462e+00, time=2024-09-03 12:10:43 
jj1 = 291, max_th = 2.579015e+00, time=2024-09-03 12:10:43 
jj1 = 370, max_th = 2.141645e+00, time=2024-09-03 12:12:31 
jj1 = 135, max_th = 2.459552e+00, time=2024-09-03 12:12:37 
jj1 = 333, max_th = 2.215242e+00, time=2024-09-03 12:12:39 
jj1 = 97, max_th = 2.207448e+00, time=2024-09-03 12:19:55 
jj1 = 487, max_th = 2.064756e+00, time=2024-09-03 12:20:51 
jj1 = 252, max_th = 1.364481e+00, time=2024-09-03 12:22:12 
jj1 = 526, max_th = 1.663855e+00, time=2024-09-03 12:22:12 
jj1 = 409, max_th = 1.379811e+00, time=2024-09-03 12:22:15 
jj1 = 332, max_th = 2.673089e+00, time=2024-09-03 12:22:18 
jj1 = 448, max_th = 2.004868e+00, time=2024-09-03 12:22:28 
jj1 = 175, max_th = 2.148715e+00, time=2024-09-03 12:24:36 
jj1 = 211, max_th = 1.618265e+00, time=2024-09-03 12:26:55 
jj1 = 134, max_th = 2.395511e+00, time=2024-09-03 12:26:57 
jj1 = 290, max_th = 1.888122e+00, time=2024-09-03 12:31:51 
jj1 = 369, max_th = 1.991107e+00, time=2024-09-03 12:34:15 
jj1 = 251, max_th = 1.508528e+00, time=2024-09-03 12:34:54 
jj1 = 486, max_th = 1.699499e+00, time=2024-09-03 12:35:07 
jj1 = 96, max_th = 2.340992e+00, time=2024-09-03 12:36:06 
jj1 = 174, max_th = 1.599380e+00, time=2024-09-03 12:37:54 
jj1 = 447, max_th = 2.410074e+00, time=2024-09-03 12:37:55 
jj1 = 368, max_th = 9.374790e-01, time=2024-09-03 12:38:07 
jj1 = 210, max_th = 1.408410e+00, time=2024-09-03 12:39:00 
jj1 = 525, max_th = 2.311933e+00, time=2024-09-03 12:40:09 
jj1 = 331, max_th = 1.841869e+00, time=2024-09-03 12:43:15 
jj1 = 289, max_th = 1.393207e+00, time=2024-09-03 12:43:17 
jj1 = 408, max_th = 2.168295e+00, time=2024-09-03 12:44:02 
jj1 = 485, max_th = 1.358964e+00, time=2024-09-03 12:44:47 
jj1 = 367, max_th = 2.739636e+00, time=2024-09-03 12:45:07 
jj1 = 95, max_th = 2.560435e+00, time=2024-09-03 12:47:17 
jj1 = 446, max_th = 2.585855e+00, time=2024-09-03 12:48:47 
jj1 = 133, max_th = 1.928810e+00, time=2024-09-03 12:49:05 
jj1 = 484, max_th = 1.193913e+00, time=2024-09-03 12:52:26 
jj1 = 288, max_th = 1.403648e+00, time=2024-09-03 12:54:16 
jj1 = 173, max_th = 1.659041e+00, time=2024-09-03 12:55:50 
jj1 = 250, max_th = 1.881208e+00, time=2024-09-03 12:56:49 
jj1 = 330, max_th = 2.405974e+00, time=2024-09-03 12:58:05 
jj1 = 524, max_th = 1.803943e+00, time=2024-09-03 12:59:05 
jj1 = 209, max_th = 2.095392e+00, time=2024-09-03 12:59:32 
jj1 = 366, max_th = 2.364279e+00, time=2024-09-03 13:02:19 
jj1 = 407, max_th = 1.680361e+00, time=2024-09-03 13:03:17 
jj1 = 94, max_th = 2.379191e+00, time=2024-09-03 13:03:51 
jj1 = 172, max_th = 1.298987e+00, time=2024-09-03 13:04:20 
jj1 = 445, max_th = 2.412948e+00, time=2024-09-03 13:04:26 
jj1 = 249, max_th = 2.494347e+00, time=2024-09-03 13:09:44 
jj1 = 132, max_th = 1.976051e+00, time=2024-09-03 13:11:38 
jj1 = 523, max_th = 2.507222e+00, time=2024-09-03 13:11:39 
jj1 = 329, max_th = 1.603984e+00, time=2024-09-03 13:13:16 
jj1 = 483, max_th = 1.867383e+00, time=2024-09-03 13:14:09 
jj1 = 287, max_th = 1.833066e+00, time=2024-09-03 13:15:40 
jj1 = 208, max_th = 2.387436e+00, time=2024-09-03 13:15:54 
jj1 = 93, max_th = 2.472784e+00, time=2024-09-03 13:18:52 
jj1 = 406, max_th = 2.387271e+00, time=2024-09-03 13:19:25 
jj1 = 328, max_th = 2.670471e+00, time=2024-09-03 13:22:34 
jj1 = 444, max_th = 1.687604e+00, time=2024-09-03 13:22:54 
jj1 = 171, max_th = 1.687971e+00, time=2024-09-03 13:23:20 
jj1 = 365, max_th = 2.162940e+00, time=2024-09-03 13:23:30 
jj1 = 207, max_th = 2.731677e+00, time=2024-09-03 13:23:34 
jj1 = 286, max_th = 2.553826e+00, time=2024-09-03 13:26:25 
jj1 = 482, max_th = 2.505256e+00, time=2024-09-03 13:26:36 
jj1 = 248, max_th = 1.667916e+00, time=2024-09-03 13:27:17 
jj1 = 522, max_th = 2.368719e+00, time=2024-09-03 13:28:43 
jj1 = 131, max_th = 2.370786e+00, time=2024-09-03 13:28:46 
jj1 = 481, max_th = 2.862498e+00, time=2024-09-03 13:30:32 
jj1 = 443, max_th = 1.501610e+00, time=2024-09-03 13:36:14 
jj1 = 92, max_th = 1.864202e+00, time=2024-09-03 13:40:28 
jj1 = 405, max_th = 1.959427e+00, time=2024-09-03 13:40:52 
jj1 = 170, max_th = 1.669685e+00, time=2024-09-03 13:41:32 
jj1 = 91, max_th = 3.136650e+00, time=2024-09-03 13:41:50 
jj1 = 364, max_th = 2.316269e+00, time=2024-09-03 13:42:51 
jj1 = 206, max_th = 1.954399e+00, time=2024-09-03 13:43:52 
jj1 = 247, max_th = 1.641531e+00, time=2024-09-03 13:43:53 
jj1 = 327, max_th = 1.929046e+00, time=2024-09-03 13:45:14 
jj1 = 480, max_th = 2.416119e+00, time=2024-09-03 13:46:28 
jj1 = 130, max_th = 2.310610e+00, time=2024-09-03 13:46:43 
jj1 = 285, max_th = 1.982769e+00, time=2024-09-03 13:49:02 
jj1 = 205, max_th = 2.794861e+00, time=2024-09-03 13:49:22 
jj1 = 521, max_th = 1.813167e+00, time=2024-09-03 13:50:48 
jj1 = 363, max_th = 1.500519e+00, time=2024-09-03 13:54:31 
jj1 = 442, max_th = 2.096619e+00, time=2024-09-03 13:56:07 
jj1 = 404, max_th = 1.592010e+00, time=2024-09-03 13:56:33 
jj1 = 129, max_th = 2.400426e+00, time=2024-09-03 13:58:11 
jj1 = 90, max_th = 1.572953e+00, time=2024-09-03 13:58:46 
jj1 = 284, max_th = 2.633492e+00, time=2024-09-03 13:59:00 
jj1 = 128, max_th = 9.437404e-01, time=2024-09-03 14:02:09 
jj1 = 169, max_th = 2.181860e+00, time=2024-09-03 14:02:50 
jj1 = 204, max_th = 2.354762e+00, time=2024-09-03 14:04:53 
jj1 = 203, max_th = 3.225096e+00, time=2024-09-03 14:05:44 
jj1 = 362, max_th = 2.564995e+00, time=2024-09-03 14:06:16 
jj1 = 326, max_th = 2.135456e+00, time=2024-09-03 14:06:21 
jj1 = 246, max_th = 1.970565e+00, time=2024-09-03 14:06:24 
jj1 = 479, max_th = 2.037585e+00, time=2024-09-03 14:07:53 
jj1 = 403, max_th = 1.386086e+00, time=2024-09-03 14:08:05 
jj1 = 89, max_th = 1.312751e+00, time=2024-09-03 14:08:24 
jj1 = 520, max_th = 1.772996e+00, time=2024-09-03 14:10:27 
jj1 = 361, max_th = 2.754573e+00, time=2024-09-03 14:12:39 
jj1 = 441, max_th = 1.636007e+00, time=2024-09-03 14:13:50 
jj1 = 478, max_th = 1.255578e+00, time=2024-09-03 14:16:42 
jj1 = 325, max_th = 2.562422e+00, time=2024-09-03 14:18:13 
jj1 = 283, max_th = 1.824351e+00, time=2024-09-03 14:21:52 
jj1 = 127, max_th = 2.167052e+00, time=2024-09-03 14:22:53 
jj1 = 168, max_th = 1.953938e+00, time=2024-09-03 14:23:12 
jj1 = 324, max_th = 2.758219e+00, time=2024-09-03 14:24:39 
jj1 = 202, max_th = 1.955651e+00, time=2024-09-03 14:26:14 
jj1 = 519, max_th = 2.355244e+00, time=2024-09-03 14:26:27 
jj1 = 245, max_th = 1.994669e+00, time=2024-09-03 14:26:29 
jj1 = 323, max_th = 2.873248e+00, time=2024-09-03 14:29:15 
jj1 = 88, max_th = 2.068033e+00, time=2024-09-03 14:29:43 
jj1 = 402, max_th = 2.116800e+00, time=2024-09-03 14:29:52 
jj1 = 126, max_th = 2.708385e+00, time=2024-09-03 14:30:23 
jj1 = 440, max_th = 1.666597e+00, time=2024-09-03 14:31:19 
jj1 = 439, max_th = -1.156326e-01, time=2024-09-03 14:31:58 
jj1 = 477, max_th = 2.421300e+00, time=2024-09-03 14:32:49 
jj1 = 360, max_th = 2.185760e+00, time=2024-09-03 14:33:47 
jj1 = 125, max_th = 2.911877e+00, time=2024-09-03 14:34:06 
jj1 = 438, max_th = 8.563370e-01, time=2024-09-03 14:35:20 
jj1 = 518, max_th = 2.662109e+00, time=2024-09-03 14:35:28 
jj1 = 244, max_th = 2.350618e+00, time=2024-09-03 14:39:32 
jj1 = 322, max_th = 1.281267e+00, time=2024-09-03 14:39:56 
jj1 = 282, max_th = 1.684574e+00, time=2024-09-03 14:40:51 
jj1 = 201, max_th = 1.681735e+00, time=2024-09-03 14:44:55 
jj1 = 167, max_th = 1.874250e+00, time=2024-09-03 14:45:52 
jj1 = 517, max_th = 1.377015e+00, time=2024-09-03 14:47:24 
jj1 = 401, max_th = 2.196821e+00, time=2024-09-03 14:48:09 
jj1 = 437, max_th = 2.345264e+00, time=2024-09-03 14:51:29 
jj1 = 87, max_th = 1.976579e+00, time=2024-09-03 14:51:30 
jj1 = 124, max_th = 1.947019e+00, time=2024-09-03 14:53:09 
jj1 = 166, max_th = 2.599172e+00, time=2024-09-03 14:54:18 
jj1 = 476, max_th = 1.915937e+00, time=2024-09-03 14:54:26 
jj1 = 359, max_th = 1.957642e+00, time=2024-09-03 14:55:02 
jj1 = 243, max_th = 1.801010e+00, time=2024-09-03 14:56:46 
jj1 = 321, max_th = 1.689250e+00, time=2024-09-03 14:57:39 
jj1 = 281, max_th = 1.831758e+00, time=2024-09-03 15:01:07 
jj1 = 123, max_th = 2.586867e+00, time=2024-09-03 15:03:51 
jj1 = 436, max_th = 2.513106e+00, time=2024-09-03 15:05:05 
jj1 = 280, max_th = 9.345302e-01, time=2024-09-03 15:05:22 
jj1 = 200, max_th = 2.182384e+00, time=2024-09-03 15:06:03 
jj1 = 516, max_th = 1.736614e+00, time=2024-09-03 15:06:59 
jj1 = 400, max_th = 2.212995e+00, time=2024-09-03 15:08:08 
jj1 = 199, max_th = 9.643944e-01, time=2024-09-03 15:10:22 
jj1 = 86, max_th = 1.945505e+00, time=2024-09-03 15:11:37 
jj1 = 435, max_th = 1.086386e+00, time=2024-09-03 15:12:03 
jj1 = 475, max_th = 2.188363e+00, time=2024-09-03 15:14:52 
jj1 = 358, max_th = 1.908539e+00, time=2024-09-03 15:15:53 
jj1 = 165, max_th = 1.873483e+00, time=2024-09-03 15:16:33 
jj1 = 320, max_th = 2.236845e+00, time=2024-09-03 15:17:46 
jj1 = 242, max_th = 2.128361e+00, time=2024-09-03 15:18:43 
jj1 = 164, max_th = 2.908079e+00, time=2024-09-03 15:20:33 
jj1 = 399, max_th = 2.393937e+00, time=2024-09-03 15:22:51 
jj1 = 357, max_th = 2.678296e+00, time=2024-09-03 15:24:48 
jj1 = 122, max_th = 2.077186e+00, time=2024-09-03 15:26:35 
jj1 = 279, max_th = 1.925140e+00, time=2024-09-03 15:27:30 
jj1 = 198, max_th = 2.313279e+00, time=2024-09-03 15:28:23 
jj1 = 515, max_th = 1.965145e+00, time=2024-09-03 15:28:49 
jj1 = 356, max_th = 9.376372e-01, time=2024-09-03 15:28:53 
jj1 = 319, max_th = 2.563985e+00, time=2024-09-03 15:29:43 
jj1 = 434, max_th = 1.857367e+00, time=2024-09-03 15:32:29 
jj1 = 85, max_th = 1.942458e+00, time=2024-09-03 15:32:31 
jj1 = 355, max_th = 2.904469e+00, time=2024-09-03 15:32:53 
jj1 = 163, max_th = 1.601721e+00, time=2024-09-03 15:33:54 
jj1 = 318, max_th = 9.610427e-01, time=2024-09-03 15:34:04 
jj1 = 197, max_th = 2.741349e+00, time=2024-09-03 15:35:31 
jj1 = 354, max_th = 8.877172e-01, time=2024-09-03 15:36:44 
jj1 = 474, max_th = 1.963694e+00, time=2024-09-03 15:36:53 
jj1 = 317, max_th = 2.925634e+00, time=2024-09-03 15:37:44 
jj1 = 241, max_th = 2.208604e+00, time=2024-09-03 15:37:56 
jj1 = 398, max_th = 2.386117e+00, time=2024-09-03 15:39:05 
jj1 = 433, max_th = 2.507340e+00, time=2024-09-03 15:45:54 
jj1 = 514, max_th = 1.997513e+00, time=2024-09-03 15:47:32 
jj1 = 121, max_th = 1.813068e+00, time=2024-09-03 15:47:33 
jj1 = 513, max_th = -9.031870e-02, time=2024-09-03 15:48:14 
jj1 = 278, max_th = 2.163681e+00, time=2024-09-03 15:48:26 
jj1 = 240, max_th = 1.612802e+00, time=2024-09-03 15:54:06 
jj1 = 84, max_th = 1.920999e+00, time=2024-09-03 15:54:55 
jj1 = 196, max_th = 2.209882e+00, time=2024-09-03 15:55:13 
jj1 = 120, max_th = 1.179518e+00, time=2024-09-03 15:56:12 
jj1 = 162, max_th = 2.114326e+00, time=2024-09-03 15:56:18 
jj1 = 473, max_th = 1.674876e+00, time=2024-09-03 15:56:52 
jj1 = 397, max_th = 2.191014e+00, time=2024-09-03 15:58:49 
jj1 = 353, max_th = 2.085500e+00, time=2024-09-03 15:59:02 
jj1 = 316, max_th = 1.937661e+00, time=2024-09-03 15:59:08 
jj1 = 432, max_th = 1.702375e+00, time=2024-09-03 16:01:56 
jj1 = 239, max_th = 2.522876e+00, time=2024-09-03 16:05:58 
jj1 = 161, max_th = 1.315879e+00, time=2024-09-03 16:06:12 
jj1 = 472, max_th = 1.378639e+00, time=2024-09-03 16:08:36 
jj1 = 512, max_th = 1.942373e+00, time=2024-09-03 16:09:01 
jj1 = 277, max_th = 1.910318e+00, time=2024-09-03 16:10:05 
jj1 = 352, max_th = 1.366981e+00, time=2024-09-03 16:11:11 
jj1 = 195, max_th = 2.100245e+00, time=2024-09-03 16:11:24 
jj1 = 431, max_th = 2.588558e+00, time=2024-09-03 16:12:30 
jj1 = 83, max_th = 1.623770e+00, time=2024-09-03 16:13:11 
jj1 = 119, max_th = 1.945332e+00, time=2024-09-03 16:15:43 
jj1 = 276, max_th = 2.777009e+00, time=2024-09-03 16:16:41 
jj1 = 315, max_th = 2.144481e+00, time=2024-09-03 16:18:49 
jj1 = 160, max_th = 1.414104e+00, time=2024-09-03 16:18:57 
jj1 = 396, max_th = 1.618066e+00, time=2024-09-03 16:21:35 
jj1 = 238, max_th = 2.368854e+00, time=2024-09-03 16:23:11 
jj1 = 511, max_th = 1.653362e+00, time=2024-09-03 16:24:44 
jj1 = 395, max_th = 9.102293e-01, time=2024-09-03 16:25:21 
jj1 = 471, max_th = 2.367700e+00, time=2024-09-03 16:25:52 
jj1 = 237, max_th = 8.736990e-01, time=2024-09-03 16:26:36 
jj1 = 394, max_th = 9.676303e-01, time=2024-09-03 16:29:42 
jj1 = 314, max_th = 1.403176e+00, time=2024-09-03 16:29:44 
jj1 = 351, max_th = 1.952736e+00, time=2024-09-03 16:30:23 
jj1 = 194, max_th = 1.958973e+00, time=2024-09-03 16:32:09 
jj1 = 82, max_th = 1.895273e+00, time=2024-09-03 16:33:14 
jj1 = 430, max_th = 2.120018e+00, time=2024-09-03 16:34:26 
jj1 = 275, max_th = 1.822118e+00, time=2024-09-03 16:37:55 
jj1 = 118, max_th = 2.073224e+00, time=2024-09-03 16:38:17 
jj1 = 510, max_th = 2.524400e+00, time=2024-09-03 16:38:29 
jj1 = 393, max_th = 1.264457e+00, time=2024-09-03 16:39:30 
jj1 = 313, max_th = 2.591819e+00, time=2024-09-03 16:39:59 
jj1 = 159, max_th = 1.865016e+00, time=2024-09-03 16:40:46 
jj1 = 236, max_th = 1.655062e+00, time=2024-09-03 16:42:28 
jj1 = 350, max_th = 1.378397e+00, time=2024-09-03 16:42:36 
jj1 = 81, max_th = 1.393986e+00, time=2024-09-03 16:44:21 
jj1 = 193, max_th = 2.533209e+00, time=2024-09-03 16:44:27 
jj1 = 429, max_th = 2.399551e+00, time=2024-09-03 16:46:26 
jj1 = 470, max_th = 2.089921e+00, time=2024-09-03 16:46:37 
jj1 = 274, max_th = 2.500409e+00, time=2024-09-03 16:47:37 
jj1 = 509, max_th = 1.395339e+00, time=2024-09-03 16:49:54 
jj1 = 469, max_th = 2.847702e+00, time=2024-09-03 16:51:03 
jj1 = 273, max_th = 2.802987e+00, time=2024-09-03 16:52:50 
jj1 = 192, max_th = 2.608582e+00, time=2024-09-03 16:54:19 
jj1 = 312, max_th = 1.648130e+00, time=2024-09-03 16:54:48 
jj1 = 158, max_th = 2.403787e+00, time=2024-09-03 16:55:14 
jj1 = 117, max_th = 2.101999e+00, time=2024-09-03 16:56:58 
jj1 = 392, max_th = 2.146632e+00, time=2024-09-03 16:58:33 
jj1 = 349, max_th = 1.628781e+00, time=2024-09-03 17:00:10 
jj1 = 235, max_th = 2.195864e+00, time=2024-09-03 17:00:36 
jj1 = 468, max_th = 1.309346e+00, time=2024-09-03 17:00:51 
jj1 = 348, max_th = -2.092074e-02, time=2024-09-03 17:01:09 
jj1 = 428, max_th = 2.469737e+00, time=2024-09-03 17:01:20 
jj1 = 80, max_th = 2.034030e+00, time=2024-09-03 17:07:14 
jj1 = 347, max_th = 2.766555e+00, time=2024-09-03 17:08:19 
jj1 = 508, max_th = 2.147118e+00, time=2024-09-03 17:08:25 
jj1 = 191, max_th = 2.353510e+00, time=2024-09-03 17:09:13 
jj1 = 467, max_th = 2.613608e+00, time=2024-09-03 17:10:10 
jj1 = 157, max_th = 1.948753e+00, time=2024-09-03 17:12:44 
jj1 = 234, max_th = 2.401523e+00, time=2024-09-03 17:14:00 
jj1 = 272, max_th = 1.938553e+00, time=2024-09-03 17:14:25 
jj1 = 116, max_th = 1.901682e+00, time=2024-09-03 17:14:54 
jj1 = 391, max_th = 1.898196e+00, time=2024-09-03 17:16:34 
jj1 = 311, max_th = 2.128130e+00, time=2024-09-03 17:16:43 
jj1 = 156, max_th = 1.072224e+00, time=2024-09-03 17:18:24 
jj1 = 427, max_th = 2.376026e+00, time=2024-09-03 17:18:30 
jj1 = 390, max_th = 8.254859e-01, time=2024-09-03 17:19:40 
jj1 = 310, max_th = 2.918491e+00, time=2024-09-03 17:20:40 
jj1 = 233, max_th = 1.287792e+00, time=2024-09-03 17:23:11 
jj1 = 79, max_th = 2.315330e+00, time=2024-09-03 17:25:46 
jj1 = 190, max_th = 1.622468e+00, time=2024-09-03 17:27:00 
jj1 = 466, max_th = 2.364302e+00, time=2024-09-03 17:27:03 
jj1 = 507, max_th = 2.317688e+00, time=2024-09-03 17:27:54 
jj1 = 346, max_th = 2.228563e+00, time=2024-09-03 17:28:45 
jj1 = 115, max_th = 1.546262e+00, time=2024-09-03 17:29:36 
jj1 = 271, max_th = 1.537998e+00, time=2024-09-03 17:29:44 
jj1 = 309, max_th = 2.574740e+00, time=2024-09-03 17:32:20 
jj1 = 389, max_th = 1.650482e+00, time=2024-09-03 17:33:00 
jj1 = 308, max_th = 2.940333e+00, time=2024-09-03 17:35:25 
jj1 = 78, max_th = 1.365917e+00, time=2024-09-03 17:37:31 
jj1 = 388, max_th = 2.806662e+00, time=2024-09-03 17:38:12 
jj1 = 345, max_th = 2.609385e+00, time=2024-09-03 17:38:36 
jj1 = 344, max_th = -2.185992e-01, time=2024-09-03 17:38:58 
jj1 = 506, max_th = 1.366780e+00, time=2024-09-03 17:39:15 
jj1 = 232, max_th = 1.579145e+00, time=2024-09-03 17:39:43 
jj1 = 426, max_th = 1.889157e+00, time=2024-09-03 17:39:50 
jj1 = 155, max_th = 1.922781e+00, time=2024-09-03 17:40:56 
jj1 = 270, max_th = 1.549263e+00, time=2024-09-03 17:41:17 
jj1 = 387, max_th = 2.919368e+00, time=2024-09-03 17:42:00 
jj1 = 189, max_th = 1.623023e+00, time=2024-09-03 17:44:29 
jj1 = 505, max_th = 1.262326e+00, time=2024-09-03 17:47:15 
jj1 = 114, max_th = 1.627212e+00, time=2024-09-03 17:47:36 
jj1 = 465, max_th = 2.057301e+00, time=2024-09-03 17:48:20 
jj1 = 113, max_th = 9.510526e-01, time=2024-09-03 17:50:47 
jj1 = 307, max_th = 1.593204e+00, time=2024-09-03 17:50:57 
jj1 = 386, max_th = 1.396274e+00, time=2024-09-03 17:53:31 
jj1 = 343, max_th = 1.574461e+00, time=2024-09-03 17:55:08 
jj1 = 77, max_th = 1.668524e+00, time=2024-09-03 17:55:21 
jj1 = 425, max_th = 1.623414e+00, time=2024-09-03 17:57:23 
jj1 = 504, max_th = 1.381913e+00, time=2024-09-03 17:59:24 
jj1 = 188, max_th = 1.611387e+00, time=2024-09-03 17:59:54 
jj1 = 154, max_th = 1.668323e+00, time=2024-09-03 17:59:55 
jj1 = 231, max_th = 1.813348e+00, time=2024-09-03 18:01:19 
jj1 = 153, max_th = 9.520157e-01, time=2024-09-03 18:03:33 
jj1 = 269, max_th = 1.926702e+00, time=2024-09-03 18:03:55 
jj1 = 112, max_th = 2.366333e+00, time=2024-09-03 18:08:10 
jj1 = 464, max_th = 1.870103e+00, time=2024-09-03 18:09:57 
jj1 = 76, max_th = 1.535083e+00, time=2024-09-03 18:10:48 
jj1 = 385, max_th = 1.623483e+00, time=2024-09-03 18:11:13 
jj1 = 306, max_th = 2.165788e+00, time=2024-09-03 18:11:38 
jj1 = 424, max_th = 2.394565e+00, time=2024-09-03 18:12:03 
jj1 = 268, max_th = 1.331473e+00, time=2024-09-03 18:15:36 
jj1 = 342, max_th = 2.174170e+00, time=2024-09-03 18:15:47 
jj1 = 187, max_th = 2.201489e+00, time=2024-09-03 18:16:35 
jj1 = 230, max_th = 2.358968e+00, time=2024-09-03 18:18:07 
jj1 = 423, max_th = 2.721003e+00, time=2024-09-03 18:20:08 
jj1 = 152, max_th = 2.344489e+00, time=2024-09-03 18:20:13 
jj1 = 503, max_th = 1.925698e+00, time=2024-09-03 18:22:38 
jj1 = 75, max_th = 1.950274e+00, time=2024-09-03 18:26:02 
jj1 = 186, max_th = 1.398897e+00, time=2024-09-03 18:27:07 
jj1 = 267, max_th = 1.360155e+00, time=2024-09-03 18:27:19 
jj1 = 305, max_th = 2.156098e+00, time=2024-09-03 18:29:43 
jj1 = 111, max_th = 1.970736e+00, time=2024-09-03 18:30:26 
jj1 = 384, max_th = 1.909731e+00, time=2024-09-03 18:31:40 
jj1 = 463, max_th = 1.907361e+00, time=2024-09-03 18:31:39 
jj1 = 151, max_th = 2.398045e+00, time=2024-09-03 18:33:49 
jj1 = 185, max_th = 1.321252e+00, time=2024-09-03 18:37:17 
jj1 = 341, max_th = 2.082474e+00, time=2024-09-03 18:37:55 
jj1 = 229, max_th = 1.958114e+00, time=2024-09-03 18:38:38 
jj1 = 422, max_th = 2.119423e+00, time=2024-09-03 18:41:26 
jj1 = 110, max_th = 1.600588e+00, time=2024-09-03 18:43:16 
jj1 = 502, max_th = 1.891039e+00, time=2024-09-03 18:43:55 
jj1 = 74, max_th = 2.158362e+00, time=2024-09-03 18:45:24 
jj1 = 383, max_th = 2.250939e+00, time=2024-09-03 18:46:25 
jj1 = 266, max_th = 2.191053e+00, time=2024-09-03 18:47:05 
jj1 = 228, max_th = 1.311746e+00, time=2024-09-03 18:48:04 
jj1 = 462, max_th = 1.607367e+00, time=2024-09-03 18:48:26 
jj1 = 304, max_th = 1.907791e+00, time=2024-09-03 18:50:18 
jj1 = 421, max_th = 2.676551e+00, time=2024-09-03 18:50:40 
jj1 = 227, max_th = 9.288355e-01, time=2024-09-03 18:51:48 
jj1 = 109, max_th = 1.264263e+00, time=2024-09-03 18:52:58 
jj1 = 150, max_th = 2.154445e+00, time=2024-09-03 18:53:06 
jj1 = 184, max_th = 2.367901e+00, time=2024-09-03 18:54:07 
jj1 = 340, max_th = 1.612245e+00, time=2024-09-03 18:54:23 
jj1 = 420, max_th = 9.335535e-01, time=2024-09-03 18:54:41 
jj1 = 382, max_th = 1.315341e+00, time=2024-09-03 18:56:58 
jj1 = 501, max_th = 1.583146e+00, time=2024-09-03 19:00:44 
jj1 = 265, max_th = 2.188750e+00, time=2024-09-03 19:06:58 
jj1 = 73, max_th = 2.128167e+00, time=2024-09-03 19:07:42 
jj1 = 303, max_th = 2.194643e+00, time=2024-09-03 19:08:54 
jj1 = 419, max_th = 2.413439e+00, time=2024-09-03 19:10:41 
jj1 = 461, max_th = 1.922417e+00, time=2024-09-03 19:11:09 
jj1 = 226, max_th = 1.905820e+00, time=2024-09-03 19:11:15 
jj1 = 149, max_th = 1.895728e+00, time=2024-09-03 19:12:09 
jj1 = 381, max_th = 2.200506e+00, time=2024-09-03 19:12:28 
jj1 = 108, max_th = 2.163457e+00, time=2024-09-03 19:13:33 
jj1 = 380, max_th = 1.073488e+00, time=2024-09-03 19:14:09 
jj1 = 183, max_th = 2.057421e+00, time=2024-09-03 19:14:52 
jj1 = 339, max_th = 1.917190e+00, time=2024-09-03 19:16:13 
jj1 = 500, max_th = 1.647118e+00, time=2024-09-03 19:16:33 
jj1 = 72, max_th = 1.334928e+00, time=2024-09-03 19:17:48 
jj1 = 71, max_th = -5.611048e-02, time=2024-09-03 19:18:32 
jj1 = 302, max_th = 1.591039e+00, time=2024-09-03 19:24:47 
jj1 = 418, max_th = 2.198101e+00, time=2024-09-03 19:28:01 
jj1 = 264, max_th = 1.983980e+00, time=2024-09-03 19:29:29 
jj1 = 225, max_th = 2.164386e+00, time=2024-09-03 19:30:56 
jj1 = 460, max_th = 1.873163e+00, time=2024-09-03 19:32:51 
jj1 = 107, max_th = 1.945924e+00, time=2024-09-03 19:32:52 
jj1 = 148, max_th = 2.174634e+00, time=2024-09-03 19:34:04 
jj1 = 499, max_th = 1.947790e+00, time=2024-09-03 19:35:45 
jj1 = 70, max_th = 2.377094e+00, time=2024-09-03 19:35:51 
jj1 = 379, max_th = 1.967030e+00, time=2024-09-03 19:36:02 
jj1 = 182, max_th = 2.036266e+00, time=2024-09-03 19:37:05 
jj1 = 417, max_th = 1.356460e+00, time=2024-09-03 19:38:21 
jj1 = 338, max_th = 1.927309e+00, time=2024-09-03 19:38:46 
jj1 = 498, max_th = 2.778325e+00, time=2024-09-03 19:42:00 
jj1 = 224, max_th = 2.568539e+00, time=2024-09-03 19:42:12 
jj1 = 337, max_th = 2.914807e+00, time=2024-09-03 19:42:26 
jj1 = 106, max_th = 1.354959e+00, time=2024-09-03 19:43:04 
jj1 = 301, max_th = 2.282555e+00, time=2024-09-03 19:43:12 
jj1 = 459, max_th = 1.365718e+00, time=2024-09-03 19:44:20 
jj1 = 69, max_th = 1.359889e+00, time=2024-09-03 19:46:49 
jj1 = 263, max_th = 1.868559e+00, time=2024-09-03 19:50:49 
jj1 = 181, max_th = 1.622800e+00, time=2024-09-03 19:51:16 
jj1 = 147, max_th = 1.667707e+00, time=2024-09-03 19:52:02 
jj1 = 416, max_th = 1.632163e+00, time=2024-09-03 19:56:10 
jj1 = 378, max_th = 1.963232e+00, time=2024-09-03 19:57:22 
jj1 = 336, max_th = 1.898916e+00, time=2024-09-03 19:59:48 
jj1 = 497, max_th = 1.710497e+00, time=2024-09-03 20:01:03 
jj1 = 105, max_th = 1.667496e+00, time=2024-09-03 20:01:17 
jj1 = 223, max_th = 2.104984e+00, time=2024-09-03 20:01:46 
jj1 = 300, max_th = 1.948038e+00, time=2024-09-03 20:01:48 
jj1 = 180, max_th = 1.408280e+00, time=2024-09-03 20:03:07 
jj1 = 335, max_th = 2.748819e+00, time=2024-09-03 20:05:21 
jj1 = 458, max_th = 2.092029e+00, time=2024-09-03 20:05:33 
jj1 = 68, max_th = 1.716954e+00, time=2024-09-03 20:06:12 
jj1 = 179, max_th = 2.732615e+00, time=2024-09-03 20:10:18 
jj1 = 262, max_th = 1.676886e+00, time=2024-09-03 20:10:24 
jj1 = 299, max_th = 2.658665e+00, time=2024-09-03 20:10:39 
jj1 = 146, max_th = 2.195879e+00, time=2024-09-03 20:10:45 
jj1 = 415, max_th = 1.656222e+00, time=2024-09-03 20:12:58 
jj1 = 496, max_th = 2.527505e+00, time=2024-09-03 20:14:03 
jj1 = 178, max_th = 9.375518e-01, time=2024-09-03 20:14:27 
jj1 = 334, max_th = 2.551168e+00, time=2024-09-03 20:14:51 
jj1 = 377, max_th = 2.188078e+00, time=2024-09-03 20:17:41 
jj1 = 222, max_th = 1.943912e+00, time=2024-09-03 20:21:59 
jj1 = 104, max_th = 2.176424e+00, time=2024-09-03 20:22:41 
jj1 = 414, max_th = 2.581827e+00, time=2024-09-03 20:23:54 
jj1 = 457, max_th = 2.326996e+00, time=2024-09-03 20:24:08 
jj1 = 67, max_th = 2.145592e+00, time=2024-09-03 20:25:29 
jj1 = 298, max_th = 2.307548e+00, time=2024-09-03 20:28:33 
jj1 = 103, max_th = 2.769984e+00, time=2024-09-03 20:29:12 
jj1 = 261, max_th = 1.839467e+00, time=2024-09-03 20:31:23 
jj1 = 568, max_th = 2.388641e+00, time=2024-09-03 20:31:23 
jj1 = 495, max_th = 1.612186e+00, time=2024-09-03 20:31:36 
jj1 = 548, max_th = 1.694856e+00, time=2024-09-03 20:32:11 
jj1 = 145, max_th = 1.919139e+00, time=2024-09-03 20:33:07 
jj1 = 413, max_th = 2.593968e+00, time=2024-09-03 20:33:52 
jj1 = 376, max_th = 2.151342e+00, time=2024-09-03 20:34:44 
jj1 = 456, max_th = 2.455111e+00, time=2024-09-03 20:38:33 
jj1 = 102, max_th = 1.330035e+00, time=2024-09-03 20:39:48 
jj1 = 412, max_th = 2.762308e+00, time=2024-09-03 20:40:39 
jj1 = 221, max_th = 2.143968e+00, time=2024-09-03 20:41:02 
jj1 = 297, max_th = 2.430542e+00, time=2024-09-03 20:43:52 
jj1 = 144, max_th = 2.584890e+00, time=2024-09-03 20:44:31 
jj1 = 66, max_th = 1.985159e+00, time=2024-09-03 20:47:54 
jj1 = 494, max_th = 2.380053e+00, time=2024-09-03 20:48:52 
jj1 = 101, max_th = 1.259411e+00, time=2024-09-03 20:49:03 
jj1 = 547, max_th = 1.683014e+00, time=2024-09-03 20:50:53 
jj1 = 375, max_th = 2.368870e+00, time=2024-09-03 20:51:45 
jj1 = 567, max_th = 2.175068e+00, time=2024-09-03 20:53:23 
jj1 = 260, max_th = 1.876224e+00, time=2024-09-03 20:54:17 
jj1 = 455, max_th = 2.150488e+00, time=2024-09-03 20:54:47 
jj1 = 748, max_th = 1.611524e+00, time=2024-09-03 20:56:44 
jj1 = 65, max_th = 1.337393e+00, time=2024-09-03 20:58:47 
jj1 = 100, max_th = 1.334008e+00, time=2024-09-03 20:59:42 
jj1 = 296, max_th = 1.704515e+00, time=2024-09-03 21:01:28 
jj1 = 220, max_th = 1.967583e+00, time=2024-09-03 21:02:55 
jj1 = 374, max_th = 2.506739e+00, time=2024-09-03 21:04:15 
jj1 = 143, max_th = 2.190367e+00, time=2024-09-03 21:04:35 
jj1 = 493, max_th = 1.594483e+00, time=2024-09-03 21:04:44 
jj1 = 373, max_th = -1.360631e-01, time=2024-09-03 21:04:48 
jj1 = 259, max_th = 2.529214e+00, time=2024-09-03 21:07:07 
jj1 = 747, max_th = 2.568180e+00, time=2024-09-03 21:08:07 
jj1 = 454, max_th = 1.799888e+00, time=2024-09-03 21:08:36 
jj1 = 142, max_th = 2.568189e+00, time=2024-09-03 21:09:46 
jj1 = 546, max_th = 2.281255e+00, time=2024-09-03 21:10:12 
jj1 = 648, max_th = 2.578744e+00, time=2024-09-03 21:11:27 
jj1 = 453, max_th = 9.564306e-01, time=2024-09-03 21:12:46 
jj1 = 566, max_th = 2.118424e+00, time=2024-09-03 21:15:23 
jj1 = 219, max_th = 1.644451e+00, time=2024-09-03 21:19:11 
jj1 = 728, max_th = 2.393229e+00, time=2024-09-03 21:19:49 
jj1 = 64, max_th = 1.959475e+00, time=2024-09-03 21:20:03 
jj1 = 258, max_th = 1.514019e+00, time=2024-09-03 21:20:29 
jj1 = 257, max_th = 3.344920e+00, time=2024-09-03 21:20:51 
jj1 = 565, max_th = 2.730451e+00, time=2024-09-03 21:22:45 
jj1 = 295, max_th = 1.873996e+00, time=2024-09-03 21:23:01 
jj1 = 746, max_th = 1.701057e+00, time=2024-09-03 21:23:02 
jj1 = 545, max_th = 1.653556e+00, time=2024-09-03 21:25:51 
jj1 = 492, max_th = 2.057754e+00, time=2024-09-03 21:26:09 
jj1 = 727, max_th = 1.324872e+00, time=2024-09-03 21:30:29 
jj1 = 745, max_th = 2.717076e+00, time=2024-09-03 21:30:39 
jj1 = 744, max_th = 3.241033e+00, time=2024-09-03 21:31:24 
jj1 = 256, max_th = 2.501684e+00, time=2024-09-03 21:32:18 
jj1 = 141, max_th = 1.878401e+00, time=2024-09-03 21:32:33 
jj1 = 647, max_th = 2.135882e+00, time=2024-09-03 21:32:38 
jj1 = 218, max_th = 2.464948e+00, time=2024-09-03 21:33:17 
jj1 = 452, max_th = 1.912802e+00, time=2024-09-03 21:34:26 
jj1 = 646, max_th = 6.630196e-01, time=2024-09-03 21:34:32 
jj1 = 768, max_th = 1.378210e+00, time=2024-09-03 21:34:51 
jj1 = 564, max_th = 2.536947e+00, time=2024-09-03 21:35:16 
jj1 = 544, max_th = 1.227917e+00, time=2024-09-03 21:35:49 
jj1 = 63, max_th = 1.604835e+00, time=2024-09-03 21:35:55 
jj1 = 628, max_th = 2.757441e+00, time=2024-09-03 21:38:44 
jj1 = 767, max_th = 9.383337e-01, time=2024-09-03 21:39:01 
jj1 = 491, max_th = 1.525063e+00, time=2024-09-03 21:41:29 
jj1 = 743, max_th = 1.374044e+00, time=2024-09-03 21:43:07 
jj1 = 543, max_th = 1.370282e+00, time=2024-09-03 21:47:13 
jj1 = 140, max_th = 1.624219e+00, time=2024-09-03 21:50:10 
jj1 = 217, max_th = 1.693933e+00, time=2024-09-03 21:50:20 
jj1 = 139, max_th = -5.643272e-03, time=2024-09-03 21:51:10 
jj1 = 451, max_th = 2.202410e+00, time=2024-09-03 21:52:06 
jj1 = 726, max_th = 1.961316e+00, time=2024-09-03 21:52:13 
jj1 = 645, max_th = 1.659317e+00, time=2024-09-03 21:52:20 
jj1 = 490, max_th = 2.498270e+00, time=2024-09-03 21:53:01 
jj1 = 62, max_th = 1.640502e+00, time=2024-09-03 21:53:31 
jj1 = 627, max_th = 2.411077e+00, time=2024-09-03 21:54:01 
jj1 = 563, max_th = 2.274130e+00, time=2024-09-03 21:55:06 
jj1 = 766, max_th = 2.103660e+00, time=2024-09-03 21:57:52 
jj1 = 562, max_th = 1.251726e+00, time=2024-09-03 22:02:07 
jj1 = 644, max_th = 1.319149e+00, time=2024-09-03 22:03:10 
jj1 = 742, max_th = 2.175437e+00, time=2024-09-03 22:04:24 
jj1 = 61, max_th = 1.950056e+00, time=2024-09-03 22:06:29 
jj1 = 542, max_th = 2.094981e+00, time=2024-09-03 22:06:56 
jj1 = 725, max_th = 2.198756e+00, time=2024-09-03 22:09:13 
jj1 = 608, max_th = 2.384155e+00, time=2024-09-03 22:09:39 
jj1 = 668, max_th = 2.211303e+00, time=2024-09-03 22:10:38 
jj1 = 588, max_th = 1.865292e+00, time=2024-09-03 22:11:47 
jj1 = 688, max_th = 1.888520e+00, time=2024-09-03 22:12:54 
jj1 = 607, max_th = 9.261103e-01, time=2024-09-03 22:13:54 
jj1 = 626, max_th = 1.941023e+00, time=2024-09-03 22:15:09 
jj1 = 765, max_th = 1.690924e+00, time=2024-09-03 22:15:40 
jj1 = 741, max_th = 1.510391e+00, time=2024-09-03 22:18:29 
jj1 = 708, max_th = 2.393864e+00, time=2024-09-03 22:21:52 
jj1 = 643, max_th = 1.909516e+00, time=2024-09-03 22:23:44 
jj1 = 561, max_th = 1.933464e+00, time=2024-09-03 22:24:17 
jj1 = 541, max_th = 2.321203e+00, time=2024-09-03 22:25:46 
jj1 = 642, max_th = 9.139656e-01, time=2024-09-03 22:27:15 
jj1 = 724, max_th = 2.174970e+00, time=2024-09-03 22:30:24 
jj1 = 606, max_th = 1.692983e+00, time=2024-09-03 22:30:49 
jj1 = 687, max_th = 1.952601e+00, time=2024-09-03 22:32:10 
jj1 = 667, max_th = 1.931229e+00, time=2024-09-03 22:32:43 
jj1 = 587, max_th = 1.934135e+00, time=2024-09-03 22:32:56 
jj1 = 740, max_th = 1.606549e+00, time=2024-09-03 22:33:50 
jj1 = 764, max_th = 2.095915e+00, time=2024-09-03 22:33:56 
jj1 = 540, max_th = 1.278843e+00, time=2024-09-03 22:36:06 
jj1 = 686, max_th = 9.968846e-01, time=2024-09-03 22:36:23 
jj1 = 739, max_th = 9.020367e-01, time=2024-09-03 22:37:03 
jj1 = 625, max_th = 1.869888e+00, time=2024-09-03 22:37:04 
jj1 = 763, max_th = 9.451069e-01, time=2024-09-03 22:37:26 
jj1 = 707, max_th = 1.706622e+00, time=2024-09-03 22:38:55 
jj1 = 586, max_th = 1.396637e+00, time=2024-09-03 22:42:50 
jj1 = 560, max_th = 2.214958e+00, time=2024-09-03 22:43:43 
jj1 = 723, max_th = 1.691074e+00, time=2024-09-03 22:46:56 
jj1 = 539, max_th = 1.384752e+00, time=2024-09-03 22:47:16 
jj1 = 641, max_th = 2.070421e+00, time=2024-09-03 22:47:58 
jj1 = 762, max_th = 2.539342e+00, time=2024-09-03 22:48:43 
jj1 = 605, max_th = 1.710225e+00, time=2024-09-03 22:48:46 
jj1 = 685, max_th = 2.386376e+00, time=2024-09-03 22:51:51 
jj1 = 666, max_th = 1.910624e+00, time=2024-09-03 22:53:04 
jj1 = 738, max_th = 2.145885e+00, time=2024-09-03 22:55:11 
jj1 = 604, max_th = 2.721338e+00, time=2024-09-03 22:56:41 
jj1 = 624, max_th = 1.880977e+00, time=2024-09-03 22:57:43 
jj1 = 706, max_th = 1.963908e+00, time=2024-09-03 22:59:18 
jj1 = 559, max_th = 1.633539e+00, time=2024-09-03 23:00:16 
jj1 = 761, max_th = 2.150081e+00, time=2024-09-03 23:00:45 
jj1 = 623, max_th = 9.885471e-01, time=2024-09-03 23:01:26 
jj1 = 684, max_th = 2.361350e+00, time=2024-09-03 23:03:28 
jj1 = 585, max_th = 1.976076e+00, time=2024-09-03 23:03:49 
jj1 = 737, max_th = 2.586785e+00, time=2024-09-03 23:03:50 
jj1 = 538, max_th = 2.187836e+00, time=2024-09-03 23:05:56 
jj1 = 603, max_th = 1.335631e+00, time=2024-09-03 23:06:44 
jj1 = 722, max_th = 1.932114e+00, time=2024-09-03 23:07:13 
jj1 = 665, max_th = 1.576475e+00, time=2024-09-03 23:07:23 
jj1 = 640, max_th = 2.136278e+00, time=2024-09-03 23:07:37 
jj1 = 622, max_th = 2.594412e+00, time=2024-09-03 23:08:52 
jj1 = 705, max_th = 2.568878e+00, time=2024-09-03 23:10:00 
jj1 = 760, max_th = 1.390967e+00, time=2024-09-03 23:11:09 
jj1 = 683, max_th = 1.571871e+00, time=2024-09-03 23:12:57 
jj1 = 721, max_th = 2.687675e+00, time=2024-09-03 23:14:43 
jj1 = 584, max_th = 2.401400e+00, time=2024-09-03 23:15:58 
jj1 = 602, max_th = 1.656684e+00, time=2024-09-03 23:20:54 
jj1 = 537, max_th = 1.664718e+00, time=2024-09-03 23:21:58 
jj1 = 558, max_th = 2.007708e+00, time=2024-09-03 23:22:02 
jj1 = 736, max_th = 1.935992e+00, time=2024-09-03 23:22:58 
jj1 = 639, max_th = 1.645652e+00, time=2024-09-03 23:23:21 
jj1 = 601, max_th = 8.075393e-01, time=2024-09-03 23:23:53 
jj1 = 664, max_th = 2.198042e+00, time=2024-09-03 23:24:08 
jj1 = 735, max_th = 8.972476e-01, time=2024-09-03 23:26:12 
jj1 = 759, max_th = 2.377763e+00, time=2024-09-03 23:26:27 
jj1 = 583, max_th = 1.323972e+00, time=2024-09-03 23:26:38 
jj1 = 621, max_th = 2.102717e+00, time=2024-09-03 23:27:42 
jj1 = 682, max_th = 2.334067e+00, time=2024-09-03 23:30:27 
jj1 = 704, max_th = 1.861268e+00, time=2024-09-03 23:31:11 
jj1 = 720, max_th = 2.206621e+00, time=2024-09-03 23:34:02 
jj1 = 582, max_th = 1.331373e+00, time=2024-09-03 23:36:18 
jj1 = 536, max_th = 1.952254e+00, time=2024-09-03 23:40:40 
jj1 = 758, max_th = 1.579350e+00, time=2024-09-03 23:41:38 
jj1 = 734, max_th = 2.420573e+00, time=2024-09-03 23:41:39 
jj1 = 663, max_th = 1.951732e+00, time=2024-09-03 23:42:36 
jj1 = 581, max_th = 2.759040e+00, time=2024-09-03 23:42:38 
jj1 = 620, max_th = 2.394740e+00, time=2024-09-03 23:43:15 
jj1 = 600, max_th = 1.715693e+00, time=2024-09-03 23:43:32 
jj1 = 557, max_th = 1.917606e+00, time=2024-09-03 23:43:52 
jj1 = 638, max_th = 1.866306e+00, time=2024-09-03 23:46:04 
jj1 = 719, max_th = 2.525998e+00, time=2024-09-03 23:47:27 
jj1 = 703, max_th = 1.920644e+00, time=2024-09-03 23:52:22 
jj1 = 681, max_th = 2.070661e+00, time=2024-09-03 23:53:03 
jj1 = 580, max_th = 1.359036e+00, time=2024-09-03 23:53:42 
jj1 = 556, max_th = 1.700285e+00, time=2024-09-03 23:57:21 
jj1 = 662, max_th = 1.541075e+00, time=2024-09-03 23:57:30 
jj1 = 535, max_th = 1.627798e+00, time=2024-09-03 23:58:03 
jj1 = 680, max_th = 2.768845e+00, time=2024-09-03 23:59:34 
jj1 = 733, max_th = 1.709724e+00, time=2024-09-04 00:00:05 
jj1 = 757, max_th = 1.804339e+00, time=2024-09-04 00:00:19 
jj1 = 619, max_th = 1.684387e+00, time=2024-09-04 00:01:54 
jj1 = 534, max_th = 9.808358e-01, time=2024-09-04 00:02:48 
jj1 = 637, max_th = 2.207916e+00, time=2024-09-04 00:05:08 
jj1 = 599, max_th = 2.113825e+00, time=2024-09-04 00:05:29 
jj1 = 679, max_th = 2.761412e+00, time=2024-09-04 00:05:49 
jj1 = 718, max_th = 1.675684e+00, time=2024-09-04 00:06:28 
jj1 = 636, max_th = 8.135576e-01, time=2024-09-04 00:08:15 
jj1 = 717, max_th = 8.778562e-01, time=2024-09-04 00:09:28 
jj1 = 618, max_th = 1.392428e+00, time=2024-09-04 00:13:38 
jj1 = 732, max_th = 1.849868e+00, time=2024-09-04 00:13:51 
jj1 = 702, max_th = 2.119872e+00, time=2024-09-04 00:14:19 
jj1 = 579, max_th = 2.091258e+00, time=2024-09-04 00:14:33 
jj1 = 756, max_th = 2.147948e+00, time=2024-09-04 00:18:35 
jj1 = 555, max_th = 2.076157e+00, time=2024-09-04 00:20:03 
jj1 = 661, max_th = 1.869887e+00, time=2024-09-04 00:20:10 
jj1 = 533, max_th = 2.178308e+00, time=2024-09-04 00:24:02 
jj1 = 598, max_th = 2.136113e+00, time=2024-09-04 00:25:47 
jj1 = 678, max_th = 2.219206e+00, time=2024-09-04 00:26:17 
jj1 = 578, max_th = 2.516137e+00, time=2024-09-04 00:27:40 
jj1 = 677, max_th = 8.304347e-01, time=2024-09-04 00:29:06 
jj1 = 617, max_th = 1.800771e+00, time=2024-09-04 00:29:29 
jj1 = 635, max_th = 1.925662e+00, time=2024-09-04 00:31:04 
jj1 = 716, max_th = 1.927380e+00, time=2024-09-04 00:31:27 
jj1 = 701, max_th = 1.905416e+00, time=2024-09-04 00:34:04 
jj1 = 532, max_th = 1.332037e+00, time=2024-09-04 00:34:36 
jj1 = 554, max_th = 1.603327e+00, time=2024-09-04 00:35:33 
jj1 = 731, max_th = 1.931486e+00, time=2024-09-04 00:35:40 
jj1 = 660, max_th = 1.973616e+00, time=2024-09-04 00:36:12 
jj1 = 597, max_th = 1.330705e+00, time=2024-09-04 00:36:27 
jj1 = 553, max_th = 2.967799e+00, time=2024-09-04 00:38:35 
jj1 = 755, max_th = 2.183674e+00, time=2024-09-04 00:39:09 
jj1 = 700, max_th = 2.534527e+00, time=2024-09-04 00:46:54 
jj1 = 577, max_th = 2.159387e+00, time=2024-09-04 00:47:43 
jj1 = 616, max_th = 1.727188e+00, time=2024-09-04 00:48:55 
jj1 = 634, max_th = 1.767262e+00, time=2024-09-04 00:49:34 
jj1 = 715, max_th = 2.267103e+00, time=2024-09-04 00:50:20 
jj1 = 676, max_th = 1.979469e+00, time=2024-09-04 00:52:08 
jj1 = 633, max_th = 8.454647e-01, time=2024-09-04 00:52:41 
jj1 = 531, max_th = 1.952990e+00, time=2024-09-04 00:53:45 
jj1 = 659, max_th = 1.661614e+00, time=2024-09-04 00:54:11 
jj1 = 552, max_th = 1.641963e+00, time=2024-09-04 00:54:58 
jj1 = 730, max_th = 2.155611e+00, time=2024-09-04 00:55:17 
jj1 = 615, max_th = 2.660506e+00, time=2024-09-04 00:57:44 
jj1 = 754, max_th = 1.678427e+00, time=2024-09-04 00:57:55 
jj1 = 596, max_th = 2.119012e+00, time=2024-09-04 00:58:41 
jj1 = 753, max_th = 9.523288e-01, time=2024-09-04 01:01:19 
jj1 = 576, max_th = 1.645398e+00, time=2024-09-04 01:03:08 
jj1 = 632, max_th = 2.404260e+00, time=2024-09-04 01:07:10 
jj1 = 714, max_th = 1.703430e+00, time=2024-09-04 01:07:15 
jj1 = 699, max_th = 2.172951e+00, time=2024-09-04 01:08:08 
jj1 = 698, max_th = -2.461327e-01, time=2024-09-04 01:08:28 
jj1 = 658, max_th = 1.591717e+00, time=2024-09-04 01:09:56 
jj1 = 530, max_th = 1.633033e+00, time=2024-09-04 01:11:09 
jj1 = 675, max_th = 1.621204e+00, time=2024-09-04 01:11:19 
jj1 = 551, max_th = 1.632130e+00, time=2024-09-04 01:12:17 
jj1 = 529, max_th = 3.026743e+00, time=2024-09-04 01:13:22 
jj1 = 614, max_th = 1.660287e+00, time=2024-09-04 01:15:15 
jj1 = 595, max_th = 1.662987e+00, time=2024-09-04 01:16:52 
jj1 = 575, max_th = 2.300643e+00, time=2024-09-04 01:17:07 
jj1 = 752, max_th = 1.587069e+00, time=2024-09-04 01:17:35 
jj1 = 697, max_th = 1.353229e+00, time=2024-09-04 01:17:51 
jj1 = 729, max_th = 1.932933e+00, time=2024-09-04 01:17:51 
jj1 = 594, max_th = 2.781372e+00, time=2024-09-04 01:23:13 
jj1 = 696, max_th = 2.786965e+00, time=2024-09-04 01:23:48 
jj1 = 593, max_th = 2.958573e+00, time=2024-09-04 01:26:26 
jj1 = 613, max_th = 1.332039e+00, time=2024-09-04 01:26:45 
jj1 = 695, max_th = 9.612049e-01, time=2024-09-04 01:28:10 
jj1 = 631, max_th = 1.859303e+00, time=2024-09-04 01:28:21 
jj1 = 657, max_th = 1.819067e+00, time=2024-09-04 01:28:48 
jj1 = 713, max_th = 1.958342e+00, time=2024-09-04 01:28:54 
jj1 = 592, max_th = 9.463249e-01, time=2024-09-04 01:30:25 
jj1 = 778, max_th = 1.637683e+00, time=2024-09-04 01:30:32 
jj1 = 550, max_th = 1.720288e+00, time=2024-09-04 01:32:22 
jj1 = 674, max_th = 1.918762e+00, time=2024-09-04 01:32:50 
jj1 = 694, max_th = 9.732379e-01, time=2024-09-04 01:32:53 
jj1 = 798, max_th = 2.392972e+00, time=2024-09-04 01:33:01 
jj1 = 712, max_th = 2.827943e+00, time=2024-09-04 01:34:20 
jj1 = 574, max_th = 2.206185e+00, time=2024-09-04 01:35:28 
jj1 = 612, max_th = 2.604594e+00, time=2024-09-04 01:36:31 
jj1 = 751, max_th = 1.964558e+00, time=2024-09-04 01:39:00 
jj1 = 711, max_th = 2.598151e+00, time=2024-09-04 01:43:07 
jj1 = 573, max_th = 2.600551e+00, time=2024-09-04 01:43:45 
jj1 = 630, max_th = 1.698323e+00, time=2024-09-04 01:44:06 
jj1 = 656, max_th = 1.713790e+00, time=2024-09-04 01:47:52 
jj1 = 611, max_th = 2.562408e+00, time=2024-09-04 01:48:13 
jj1 = 591, max_th = 1.710662e+00, time=2024-09-04 01:49:12 
jj1 = 673, max_th = 1.696949e+00, time=2024-09-04 01:49:29 
jj1 = 549, max_th = 1.896085e+00, time=2024-09-04 01:51:37 
jj1 = 777, max_th = 2.087933e+00, time=2024-09-04 01:51:59 
jj1 = 693, max_th = 1.843828e+00, time=2024-09-04 01:53:07 
jj1 = 797, max_th = 2.181320e+00, time=2024-09-04 01:53:13 
jj1 = 750, max_th = 1.641263e+00, time=2024-09-04 01:55:53 
jj1 = 692, max_th = 9.276742e-01, time=2024-09-04 01:56:56 
jj1 = 788, max_th = 1.171430e+00, time=2024-09-04 01:57:22 
jj1 = 629, max_th = 2.392374e+00, time=2024-09-04 01:59:35 
jj1 = 590, max_th = 1.357297e+00, time=2024-09-04 01:59:50 
jj1 = 710, max_th = 2.363499e+00, time=2024-09-04 02:00:07 
jj1 = 572, max_th = 2.259248e+00, time=2024-09-04 02:02:12 
jj1 = 610, max_th = 2.357102e+00, time=2024-09-04 02:04:41 
jj1 = 787, max_th = 1.306764e+00, time=2024-09-04 02:06:53 
jj1 = 655, max_th = 2.193573e+00, time=2024-09-04 02:07:11 
jj1 = 672, max_th = 2.096782e+00, time=2024-09-04 02:08:29 
jj1 = 796, max_th = 1.581189e+00, time=2024-09-04 02:09:54 
jj1 = 776, max_th = 1.794065e+00, time=2024-09-04 02:10:39 
jj1 = 709, max_th = 1.328173e+00, time=2024-09-04 02:11:59 
jj1 = 749, max_th = 1.644962e+00, time=2024-09-04 02:12:11 
jj1 = 691, max_th = 1.616586e+00, time=2024-09-04 02:14:01 
jj1 = 589, max_th = 1.671110e+00, time=2024-09-04 02:18:54 
jj1 = 808, max_th = 1.961859e+00, time=2024-09-04 02:21:10 
jj1 = 571, max_th = 1.992599e+00, time=2024-09-04 02:23:11 
jj1 = 786, max_th = 1.657155e+00, time=2024-09-04 02:23:47 
jj1 = 795, max_th = 2.352188e+00, time=2024-09-04 02:24:38 
jj1 = 654, max_th = 1.665245e+00, time=2024-09-04 02:25:42 
jj1 = 570, max_th = 9.154353e-01, time=2024-09-04 02:26:20 
jj1 = 690, max_th = 2.350746e+00, time=2024-09-04 02:27:40 
jj1 = 609, max_th = 1.979764e+00, time=2024-09-04 02:27:54 
jj1 = 671, max_th = 1.679726e+00, time=2024-09-04 02:28:00 
jj1 = 775, max_th = 1.662165e+00, time=2024-09-04 02:28:17 
jj1 = 653, max_th = 8.774511e-01, time=2024-09-04 02:29:14 
jj1 = 670, max_th = 2.910730e+00, time=2024-09-04 02:32:11 
jj1 = 807, max_th = 1.367314e+00, time=2024-09-04 02:32:50 
jj1 = 818, max_th = 2.134718e+00, time=2024-09-04 02:33:19 
jj1 = 569, max_th = 2.722228e+00, time=2024-09-04 02:33:59 
jj1 = 828, max_th = 1.881914e+00, time=2024-09-04 02:34:05 
jj1 = 774, max_th = 1.269001e+00, time=2024-09-04 02:38:40 
jj1 = 652, max_th = 2.465758e+00, time=2024-09-04 02:38:47 
jj1 = 878, max_th = 2.140546e+00, time=2024-09-04 02:40:23 
jj1 = 689, max_th = 2.399031e+00, time=2024-09-04 02:40:43 
jj1 = 785, max_th = 1.682664e+00, time=2024-09-04 02:41:59 
jj1 = 794, max_th = 2.193478e+00, time=2024-09-04 02:44:19 
jj1 = 784, max_th = 9.035972e-01, time=2024-09-04 02:45:09 
jj1 = 651, max_th = 1.372362e+00, time=2024-09-04 02:50:33 
jj1 = 827, max_th = 1.701996e+00, time=2024-09-04 02:50:46 
jj1 = 838, max_th = 2.074875e+00, time=2024-09-04 02:50:48 
jj1 = 817, max_th = 1.950861e+00, time=2024-09-04 02:50:50 
jj1 = 669, max_th = 2.212949e+00, time=2024-09-04 02:52:59 
jj1 = 816, max_th = 9.297386e-01, time=2024-09-04 02:54:26 
jj1 = 806, max_th = 2.081870e+00, time=2024-09-04 02:54:31 
jj1 = 848, max_th = 2.164263e+00, time=2024-09-04 02:54:53 
jj1 = 877, max_th = 1.652135e+00, time=2024-09-04 02:55:44 
jj1 = 773, max_th = 2.328154e+00, time=2024-09-04 02:56:23 
jj1 = 888, max_th = 1.561832e+00, time=2024-09-04 02:58:47 
jj1 = 847, max_th = 9.708270e-01, time=2024-09-04 02:59:32 
jj1 = 826, max_th = 1.400973e+00, time=2024-09-04 03:00:24 
jj1 = 793, max_th = 2.341957e+00, time=2024-09-04 03:00:41 
jj1 = 837, max_th = 2.587461e+00, time=2024-09-04 03:01:41 
jj1 = 783, max_th = 2.157756e+00, time=2024-09-04 03:04:59 
jj1 = 805, max_th = 2.518065e+00, time=2024-09-04 03:07:16 
jj1 = 650, max_th = 2.164927e+00, time=2024-09-04 03:11:44 
jj1 = 815, max_th = 2.204008e+00, time=2024-09-04 03:12:47 
jj1 = 876, max_th = 1.638248e+00, time=2024-09-04 03:13:50 
jj1 = 649, max_th = 8.294586e-01, time=2024-09-04 03:14:25 
jj1 = 868, max_th = 1.921303e+00, time=2024-09-04 03:14:41 
jj1 = 836, max_th = 2.351914e+00, time=2024-09-04 03:16:39 
jj1 = 772, max_th = 1.934812e+00, time=2024-09-04 03:18:05 
jj1 = 825, max_th = 1.681995e+00, time=2024-09-04 03:19:05 
jj1 = 887, max_th = 2.106963e+00, time=2024-09-04 03:19:21 
jj1 = 846, max_th = 1.980554e+00, time=2024-09-04 03:21:53 
jj1 = 792, max_th = 2.117694e+00, time=2024-09-04 03:22:05 
jj1 = 814, max_th = 2.613088e+00, time=2024-09-04 03:22:51 
jj1 = 867, max_th = 2.585549e+00, time=2024-09-04 03:25:34 
jj1 = 782, max_th = 2.184390e+00, time=2024-09-04 03:25:58 
jj1 = 804, max_th = 1.676213e+00, time=2024-09-04 03:26:40 
jj1 = 824, max_th = 2.599577e+00, time=2024-09-04 03:27:12 
jj1 = 858, max_th = 1.552791e+00, time=2024-09-04 03:28:21 
jj1 = 866, max_th = 2.907603e+00, time=2024-09-04 03:29:19 
jj1 = 813, max_th = 2.590721e+00, time=2024-09-04 03:33:22 
jj1 = 875, max_th = 1.857388e+00, time=2024-09-04 03:34:19 
jj1 = 835, max_th = 1.866906e+00, time=2024-09-04 03:38:38 
jj1 = 771, max_th = 2.135668e+00, time=2024-09-04 03:39:31 
jj1 = 886, max_th = 2.038040e+00, time=2024-09-04 03:41:33 
jj1 = 857, max_th = 2.529497e+00, time=2024-09-04 03:41:44 
jj1 = 845, max_th = 2.141130e+00, time=2024-09-04 03:42:21 
jj1 = 803, max_th = 1.531205e+00, time=2024-09-04 03:42:33 
jj1 = 791, max_th = 1.860493e+00, time=2024-09-04 03:42:46 
jj1 = 802, max_th = 3.291003e+00, time=2024-09-04 03:42:59 
jj1 = 823, max_th = 1.719969e+00, time=2024-09-04 03:47:06 
jj1 = 801, max_th = 9.669647e-01, time=2024-09-04 03:47:27 
jj1 = 781, max_th = 1.931993e+00, time=2024-09-04 03:47:46 
jj1 = 812, max_th = 2.395660e+00, time=2024-09-04 03:48:00 
jj1 = 770, max_th = 1.347227e+00, time=2024-09-04 03:48:57 
jj1 = 856, max_th = 1.303085e+00, time=2024-09-04 03:49:47 
jj1 = 865, max_th = 1.881047e+00, time=2024-09-04 03:51:28 
jj1 = 874, max_th = 2.215355e+00, time=2024-09-04 03:54:41 
jj1 = 780, max_th = 1.331340e+00, time=2024-09-04 03:58:23 
jj1 = 800, max_th = 2.572319e+00, time=2024-09-04 03:59:03 
jj1 = 769, max_th = 2.621446e+00, time=2024-09-04 03:59:19 
jj1 = 844, max_th = 2.336003e+00, time=2024-09-04 04:00:34 
jj1 = 834, max_th = 2.131777e+00, time=2024-09-04 04:01:00 
jj1 = 885, max_th = 1.930019e+00, time=2024-09-04 04:03:31 
jj1 = 822, max_th = 1.591448e+00, time=2024-09-04 04:03:31 
jj1 = 790, max_th = 1.962985e+00, time=2024-09-04 04:04:21 
jj1 = 789, max_th = -1.356079e-01, time=2024-09-04 04:04:55 
jj1 = 855, max_th = 1.706375e+00, time=2024-09-04 04:07:34 
jj1 = 779, max_th = 1.292934e+00, time=2024-09-04 04:08:11 
jj1 = 799, max_th = 2.609370e+00, time=2024-09-04 04:08:57 
jj1 = 811, max_th = 2.181457e+00, time=2024-09-04 04:09:03 
jj1 = 884, max_th = 2.598673e+00, time=2024-09-04 04:12:15 
jj1 = 893, max_th = 1.650501e+00, time=2024-09-04 04:12:24 
jj1 = 864, max_th = 1.919794e+00, time=2024-09-04 04:13:47 
jj1 = 873, max_th = 2.110912e+00, time=2024-09-04 04:15:59 
jj1 = 843, max_th = 2.370717e+00, time=2024-09-04 04:18:19 
jj1 = 908, max_th = 1.397706e+00, time=2024-09-04 04:19:14 
jj1 = 821, max_th = 1.527117e+00, time=2024-09-04 04:19:23 
jj1 = 854, max_th = 1.950040e+00, time=2024-09-04 04:19:45 
jj1 = 872, max_th = 2.791709e+00, time=2024-09-04 04:21:36 
jj1 = 833, max_th = 2.169967e+00, time=2024-09-04 04:22:47 
jj1 = 892, max_th = 1.364349e+00, time=2024-09-04 04:23:40 
jj1 = 903, max_th = 2.382996e+00, time=2024-09-04 04:25:08 
jj1 = 898, max_th = 2.225534e+00, time=2024-09-04 04:25:34 
jj1 = 810, max_th = 2.371983e+00, time=2024-09-04 04:26:11 
jj1 = 897, max_th = 9.533730e-01, time=2024-09-04 04:29:27 
jj1 = 907, max_th = 1.385988e+00, time=2024-09-04 04:30:42 
jj1 = 863, max_th = 2.368186e+00, time=2024-09-04 04:30:55 
jj1 = 862, max_th = 3.110443e+00, time=2024-09-04 04:32:24 
jj1 = 891, max_th = 1.288499e+00, time=2024-09-04 04:32:52 
jj1 = 883, max_th = 1.893295e+00, time=2024-09-04 04:33:03 
jj1 = 853, max_th = 1.580393e+00, time=2024-09-04 04:34:47 
jj1 = 842, max_th = 2.367787e+00, time=2024-09-04 04:35:48 
jj1 = 871, max_th = 1.569043e+00, time=2024-09-04 04:38:05 
jj1 = 820, max_th = 1.676685e+00, time=2024-09-04 04:38:39 
jj1 = 890, max_th = 2.759596e+00, time=2024-09-04 04:39:02 
jj1 = 809, max_th = 1.597504e+00, time=2024-09-04 04:40:50 
jj1 = 861, max_th = 1.349123e+00, time=2024-09-04 04:41:19 
jj1 = 906, max_th = 2.536327e+00, time=2024-09-04 04:43:12 
jj1 = 896, max_th = 1.603522e+00, time=2024-09-04 04:43:58 
jj1 = 832, max_th = 2.107925e+00, time=2024-09-04 04:44:19 
jj1 = 902, max_th = 1.677983e+00, time=2024-09-04 04:44:28 
jj1 = 841, max_th = 1.403681e+00, time=2024-09-04 04:46:36 
jj1 = 860, max_th = 1.309581e+00, time=2024-09-04 04:50:57 
jj1 = 905, max_th = 2.642468e+00, time=2024-09-04 04:52:08 
jj1 = 882, max_th = 2.207400e+00, time=2024-09-04 04:52:09 
jj1 = 852, max_th = 1.666676e+00, time=2024-09-04 04:53:27 
jj1 = 840, max_th = 2.726007e+00, time=2024-09-04 04:54:47 
jj1 = 870, max_th = 1.851971e+00, time=2024-09-04 04:56:02 
jj1 = 819, max_th = 1.640911e+00, time=2024-09-04 04:56:14 
jj1 = 901, max_th = 1.371209e+00, time=2024-09-04 04:56:35 
jj1 = 889, max_th = 1.954744e+00, time=2024-09-04 04:59:05 
jj1 = 913, max_th = 1.986845e+00, time=2024-09-04 05:02:28 
jj1 = 895, max_th = 1.676551e+00, time=2024-09-04 05:02:32 
jj1 = 904, max_th = 1.376173e+00, time=2024-09-04 05:03:28 
jj1 = 839, max_th = 2.589702e+00, time=2024-09-04 05:04:29 
jj1 = 869, max_th = 1.352396e+00, time=2024-09-04 05:05:52 
jj1 = 831, max_th = 2.108461e+00, time=2024-09-04 05:06:24 
jj1 = 859, max_th = 1.645321e+00, time=2024-09-04 05:06:24 
jj1 = 933, max_th = 9.021890e-01, time=2024-09-04 05:07:37 
jj1 = 932, max_th = 6.390846e-01, time=2024-09-04 05:09:11 
jj1 = 830, max_th = 9.887809e-01, time=2024-09-04 05:11:10 
jj1 = 894, max_th = 2.602738e+00, time=2024-09-04 05:11:38 
jj1 = 912, max_th = 2.627048e+00, time=2024-09-04 05:12:31 
jj1 = 851, max_th = 1.902604e+00, time=2024-09-04 05:12:52 
jj1 = 931, max_th = 9.702246e-01, time=2024-09-04 05:13:50 
jj1 = 881, max_th = 1.862454e+00, time=2024-09-04 05:13:58 
jj1 = 918, max_th = 2.074420e+00, time=2024-09-04 05:16:15 
jj1 = 952, max_th = 2.197725e+00, time=2024-09-04 05:16:46 
jj1 = 900, max_th = 1.905584e+00, time=2024-09-04 05:17:09 
jj1 = 943, max_th = 1.649126e+00, time=2024-09-04 05:19:59 
jj1 = 829, max_th = 1.296860e+00, time=2024-09-04 05:20:12 
jj1 = 928, max_th = 3.057576e+00, time=2024-09-04 05:22:07 
jj1 = 964, max_th = 2.097845e+00, time=2024-09-04 05:22:37 
jj1 = 850, max_th = 1.375655e+00, time=2024-09-04 05:24:40 
jj1 = 927, max_th = 9.358573e-01, time=2024-09-04 05:25:49 
jj1 = 923, max_th = 2.136222e+00, time=2024-09-04 05:26:27 
jj1 = 899, max_th = 2.636094e+00, time=2024-09-04 05:26:44 
jj1 = 951, max_th = 1.355689e+00, time=2024-09-04 05:26:53 
jj1 = 911, max_th = 1.609304e+00, time=2024-09-04 05:28:38 
jj1 = 922, max_th = 9.587882e-01, time=2024-09-04 05:30:21 
jj1 = 930, max_th = 2.198454e+00, time=2024-09-04 05:30:43 
jj1 = 880, max_th = 1.613162e+00, time=2024-09-04 05:30:53 
jj1 = 917, max_th = 1.899231e+00, time=2024-09-04 05:33:38 
jj1 = 879, max_th = 2.899130e+00, time=2024-09-04 05:34:04 
jj1 = 956, max_th = 1.826988e+00, time=2024-09-04 05:34:26 
jj1 = 942, max_th = 1.535085e+00, time=2024-09-04 05:36:10 
jj1 = 926, max_th = 1.311245e+00, time=2024-09-04 05:36:15 
jj1 = 938, max_th = 2.748955e+00, time=2024-09-04 05:39:32 
jj1 = 960, max_th = 1.483634e+00, time=2024-09-04 05:40:42 
jj1 = 929, max_th = 1.353884e+00, time=2024-09-04 05:41:26 
jj1 = 849, max_th = 1.689526e+00, time=2024-09-04 05:42:22 
jj1 = 963, max_th = 1.884237e+00, time=2024-09-04 05:43:48 
jj1 = 948, max_th = 8.706845e-01, time=2024-09-04 05:45:12 
jj1 = 921, max_th = 2.303286e+00, time=2024-09-04 05:46:53 
jj1 = 950, max_th = 1.787689e+00, time=2024-09-04 05:47:10 
jj1 = 937, max_th = 2.673416e+00, time=2024-09-04 05:49:07 
jj1 = 916, max_th = 2.383464e+00, time=2024-09-04 05:50:03 
jj1 = 947, max_th = 2.837929e+00, time=2024-09-04 05:50:35 
jj1 = 920, max_th = 9.163008e-01, time=2024-09-04 05:50:55 
jj1 = 984, max_th = 1.311526e+00, time=2024-09-04 05:51:27 
jj1 = 910, max_th = 1.975553e+00, time=2024-09-04 05:51:28 
jj1 = 925, max_th = 1.595257e+00, time=2024-09-04 05:51:39 
jj1 = 919, max_th = -1.748292e-02, time=2024-09-04 05:52:03 
jj1 = 936, max_th = 7.889969e-01, time=2024-09-04 05:52:07 
jj1 = 959, max_th = 2.348041e+00, time=2024-09-04 05:53:21 
jj1 = 958, max_th = 3.161649e+00, time=2024-09-04 05:54:21 
jj1 = 941, max_th = 2.168415e+00, time=2024-09-04 05:57:26 
jj1 = 955, max_th = 1.914658e+00, time=2024-09-04 05:57:53 
jj1 = 962, max_th = 1.699136e+00, time=2024-09-04 05:58:43 
jj1 = 909, max_th = 1.313180e+00, time=2024-09-04 06:01:56 
jj1 = 935, max_th = 1.409129e+00, time=2024-09-04 06:04:05 
jj1 = 957, max_th = 1.345549e+00, time=2024-09-04 06:04:04 
jj1 = 961, max_th = 2.638545e+00, time=2024-09-04 06:05:29 
jj1 = 946, max_th = 1.575644e+00, time=2024-09-04 06:07:34 
jj1 = 934, max_th = 9.765375e-01, time=2024-09-04 06:08:41 
jj1 = 983, max_th = 1.691138e+00, time=2024-09-04 06:09:20 
jj1 = 949, max_th = 1.927255e+00, time=2024-09-04 06:10:02 
jj1 = 915, max_th = 2.216382e+00, time=2024-09-04 06:10:37 
jj1 = 988, max_th = 1.946058e+00, time=2024-09-04 06:12:25 
jj1 = 924, max_th = 2.183946e+00, time=2024-09-04 06:13:24 
jj1 = 954, max_th = 2.422762e+00, time=2024-09-04 06:14:10 
jj1 = 940, max_th = 1.623454e+00, time=2024-09-04 06:15:05 
jj1 = 968, max_th = 2.392588e+00, time=2024-09-04 06:17:04 
jj1 = 967, max_th = 9.154981e-01, time=2024-09-04 06:21:01 
jj1 = 980, max_th = 1.634052e+00, time=2024-09-04 06:22:47 
jj1 = 998, max_th = 1.845929e+00, time=2024-09-04 06:23:58 
jj1 = 982, max_th = 2.388085e+00, time=2024-09-04 06:25:01 
jj1 = 999, max_th = 1.612462e+00, time=2024-09-04 06:25:54 
jj1 = 987, max_th = 1.701891e+00, time=2024-09-04 06:28:51 
jj1 = 945, max_th = 1.891532e+00, time=2024-09-04 06:28:53 
jj1 = 981, max_th = 9.576684e-01, time=2024-09-04 06:29:03 
jj1 = 966, max_th = 2.554405e+00, time=2024-09-04 06:31:04 
jj1 = 953, max_th = 1.635689e+00, time=2024-09-04 06:31:17 
jj1 = 976, max_th = 2.115780e+00, time=2024-09-04 06:31:40 
jj1 = 914, max_th = 1.976683e+00, time=2024-09-04 06:32:54 
jj1 = 997, max_th = 1.943991e+00, time=2024-09-04 06:33:52 
jj1 = 965, max_th = 8.605952e-01, time=2024-09-04 06:34:12 
jj1 = 939, max_th = 1.955410e+00, time=2024-09-04 06:35:24 
jj1 = 992, max_th = 3.024173e+00, time=2024-09-04 06:37:47 
jj1 = 979, max_th = 1.653091e+00, time=2024-09-04 06:37:48 
jj1 = 1000, max_th = 1.609576e+00, time=2024-09-04 06:44:36 
jj1 = 986, max_th = 1.709626e+00, time=2024-09-04 06:45:55 
jj1 = 944, max_th = 1.680258e+00, time=2024-09-04 06:47:02 
jj1 = 991, max_th = 1.394999e+00, time=2024-09-04 06:48:24 
jj1 = 978, max_th = 2.144659e+00, time=2024-09-04 06:51:16 
jj1 = 972, max_th = 1.795524e+00, time=2024-09-04 06:51:17 
jj1 = 996, max_th = 1.938031e+00, time=2024-09-04 06:51:31 
jj1 = 975, max_th = 1.820232e+00, time=2024-09-04 06:52:12 
jj1 = 995, max_th = 2.647131e+00, time=2024-09-04 06:59:06 
jj1 = 971, max_th = 2.555729e+00, time=2024-09-04 07:01:36 
jj1 = 977, max_th = 2.162795e+00, time=2024-09-04 07:03:25 
jj1 = 990, max_th = 2.342469e+00, time=2024-09-04 07:04:07 
jj1 = 985, max_th = 1.965141e+00, time=2024-09-04 07:06:41 
jj1 = 974, max_th = 2.100409e+00, time=2024-09-04 07:07:02 
jj1 = 970, max_th = 1.545873e+00, time=2024-09-04 07:14:37 
jj1 = 973, max_th = 1.799647e+00, time=2024-09-04 07:15:35 
jj1 = 994, max_th = 2.193909e+00, time=2024-09-04 07:16:34 
jj1 = 989, max_th = 2.155020e+00, time=2024-09-04 07:16:39 
jj1 = 969, max_th = 1.959823e+00, time=2024-09-04 07:26:26 
jj1 = 993, max_th = 2.394761e+00, time=2024-09-04 07:28:18 
>> >> >> >> >> >> >> >> 