MATLAB is selecting SOFTWARE OPENGL rendering.

                            < M A T L A B (R) >
                  Copyright 1984-2021 The MathWorks, Inc.
                  R2021b (9.11.0.1769968) 64-bit (glnxa64)
                             September 17, 2021

 
To get started, type doc.
For product information, visit www.mathworks.com.
 
>> >> >> >> >> >> >> >> >> >> >> >> >> >> >> >> >> >> >> >> >> >> >> >> Starting parallel pool (parpool) using the 'local' profile ...
Connected to the parallel pool (number of workers: 12).
jj1 = 25, max_th = 2.587498e+00, time=2024-09-03 10:13:18 
jj1 = 10, max_th = 1.745139e+00, time=2024-09-03 10:15:21 
jj1 = 20, max_th = 2.048694e+00, time=2024-09-03 10:16:13 
jj1 = 50, max_th = 1.605388e+00, time=2024-09-03 10:17:55 
jj1 = 55, max_th = 1.711351e+00, time=2024-09-03 10:21:21 
jj1 = 40, max_th = 2.142925e+00, time=2024-09-03 10:21:25 
jj1 = 5, max_th = 1.977966e+00, time=2024-09-03 10:21:52 
jj1 = 45, max_th = 3.248243e+00, time=2024-09-03 10:22:06 
jj1 = 35, max_th = 1.744921e+00, time=2024-09-03 10:22:38 
jj1 = 19, max_th = 2.902942e+00, time=2024-09-03 10:22:44 
jj1 = 9, max_th = 1.316773e+00, time=2024-09-03 10:26:01 
jj1 = 15, max_th = 2.213503e+00, time=2024-09-03 10:26:06 
jj1 = 60, max_th = 2.119820e+00, time=2024-09-03 10:31:37 
jj1 = 54, max_th = 2.847172e+00, time=2024-09-03 10:32:18 
jj1 = 34, max_th = 2.533315e+00, time=2024-09-03 10:38:03 
jj1 = 4, max_th = 2.475444e+00, time=2024-09-03 10:41:02 
jj1 = 44, max_th = 2.443051e+00, time=2024-09-03 10:41:33 
jj1 = 49, max_th = 2.131081e+00, time=2024-09-03 10:43:33 
jj1 = 18, max_th = 1.678722e+00, time=2024-09-03 10:44:00 
jj1 = 14, max_th = 1.631989e+00, time=2024-09-03 10:46:18 
jj1 = 24, max_th = 1.906881e+00, time=2024-09-03 10:47:26 
jj1 = 53, max_th = 1.982875e+00, time=2024-09-03 10:48:26 
jj1 = 59, max_th = 1.614748e+00, time=2024-09-03 10:49:48 
jj1 = 8, max_th = 1.140243e+00, time=2024-09-03 10:51:10 
jj1 = 30, max_th = 1.902384e+00, time=2024-09-03 10:51:28 
jj1 = 39, max_th = 1.709280e+00, time=2024-09-03 10:51:36 
jj1 = 48, max_th = 1.212764e+00, time=2024-09-03 10:51:49 
jj1 = 3, max_th = 2.508002e+00, time=2024-09-03 10:59:28 
jj1 = 52, max_th = 1.485689e+00, time=2024-09-03 11:02:19 
jj1 = 58, max_th = 1.398959e+00, time=2024-09-03 11:02:30 
jj1 = 23, max_th = 2.764433e+00, time=2024-09-03 11:02:43 
jj1 = 17, max_th = 1.812766e+00, time=2024-09-03 11:03:25 
jj1 = 43, max_th = 2.028232e+00, time=2024-09-03 11:05:47 
jj1 = 7, max_th = 2.637096e+00, time=2024-09-03 11:05:54 
jj1 = 13, max_th = 1.273662e+00, time=2024-09-03 11:07:29 
jj1 = 22, max_th = 8.028121e-02, time=2024-09-03 11:07:31 
jj1 = 33, max_th = 1.554147e+00, time=2024-09-03 11:07:51 
jj1 = 38, max_th = 2.050885e+00, time=2024-09-03 11:10:40 
jj1 = 47, max_th = 1.662580e+00, time=2024-09-03 11:11:11 
jj1 = 57, max_th = 2.736131e+00, time=2024-09-03 11:16:17 
jj1 = 16, max_th = 2.592220e+00, time=2024-09-03 11:17:25 
jj1 = 29, max_th = 2.049474e+00, time=2024-09-03 11:19:17 
jj1 = 42, max_th = 1.534384e+00, time=2024-09-03 11:22:35 
jj1 = 6, max_th = 1.868883e+00, time=2024-09-03 11:25:26 
jj1 = 2, max_th = 1.830559e+00, time=2024-09-03 11:25:48 
jj1 = 21, max_th = 2.682403e+00, time=2024-09-03 11:26:52 
jj1 = 51, max_th = 2.098573e+00, time=2024-09-03 11:28:22 
jj1 = 12, max_th = 2.102932e+00, time=2024-09-03 11:29:49 
jj1 = 32, max_th = 2.113726e+00, time=2024-09-03 11:30:32 
jj1 = 255, max_th = 1.311113e+00, time=2024-09-03 11:36:44 
jj1 = 41, max_th = 1.608374e+00, time=2024-09-03 11:37:36 
jj1 = 1, max_th = 1.848986e+00, time=2024-09-03 11:38:04 
jj1 = 138, max_th = 1.549335e+00, time=2024-09-03 11:39:37 
jj1 = 28, max_th = 2.251721e+00, time=2024-09-03 11:40:02 
jj1 = 37, max_th = 2.131535e+00, time=2024-09-03 11:42:09 
jj1 = 56, max_th = 1.959428e+00, time=2024-09-03 11:42:23 
jj1 = 216, max_th = 1.815925e+00, time=2024-09-03 11:45:09 
jj1 = 46, max_th = 2.113524e+00, time=2024-09-03 11:46:54 
jj1 = 31, max_th = 1.893875e+00, time=2024-09-03 11:48:38 
jj1 = 36, max_th = 2.889028e+00, time=2024-09-03 11:49:16 
jj1 = 11, max_th = 2.370538e+00, time=2024-09-03 11:49:23 
jj1 = 411, max_th = 2.558834e+00, time=2024-09-03 11:49:43 
jj1 = 137, max_th = 2.340590e+00, time=2024-09-03 11:57:53 
jj1 = 489, max_th = 2.044034e+00, time=2024-09-03 11:58:03 
jj1 = 27, max_th = 1.807845e+00, time=2024-09-03 12:02:51 
jj1 = 450, max_th = 1.946585e+00, time=2024-09-03 12:04:34 
jj1 = 528, max_th = 1.845205e+00, time=2024-09-03 12:05:14 
jj1 = 449, max_th = 3.275747e+00, time=2024-09-03 12:06:38 
jj1 = 527, max_th = 3.050274e+00, time=2024-09-03 12:07:34 
jj1 = 254, max_th = 1.965665e+00, time=2024-09-03 12:08:05 
jj1 = 215, max_th = 1.961826e+00, time=2024-09-03 12:08:16 
jj1 = 448, max_th = 5.063328e-01, time=2024-09-03 12:09:41 
jj1 = 410, max_th = 2.114124e+00, time=2024-09-03 12:10:06 
jj1 = 99, max_th = 1.216460e+00, time=2024-09-03 12:11:53 
jj1 = 177, max_th = 1.861814e+00, time=2024-09-03 12:12:17 
jj1 = 372, max_th = 1.724646e+00, time=2024-09-03 12:12:43 
jj1 = 214, max_th = 2.895792e+00, time=2024-09-03 12:14:58 
jj1 = 333, max_th = 2.037631e+00, time=2024-09-03 12:15:05 
jj1 = 488, max_th = 1.633949e+00, time=2024-09-03 12:19:12 
jj1 = 136, max_th = 2.121022e+00, time=2024-09-03 12:19:40 
jj1 = 409, max_th = 2.610927e+00, time=2024-09-03 12:20:41 
jj1 = 487, max_th = 8.374821e-01, time=2024-09-03 12:22:12 
jj1 = 332, max_th = 2.721387e+00, time=2024-09-03 12:23:36 
jj1 = 447, max_th = 2.491680e+00, time=2024-09-03 12:27:24 
jj1 = 26, max_th = 1.888372e+00, time=2024-09-03 12:28:30 
jj1 = 408, max_th = 1.542490e+00, time=2024-09-03 12:29:25 
jj1 = 176, max_th = 1.462259e+00, time=2024-09-03 12:30:44 
jj1 = 486, max_th = 1.048701e+00, time=2024-09-03 12:33:16 
jj1 = 253, max_th = 1.779685e+00, time=2024-09-03 12:33:44 
jj1 = 213, max_th = 2.318129e+00, time=2024-09-03 12:35:13 
jj1 = 526, max_th = 1.636770e+00, time=2024-09-03 12:37:06 
jj1 = 98, max_th = 2.062321e+00, time=2024-09-03 12:37:26 
jj1 = 135, max_th = 1.803521e+00, time=2024-09-03 12:39:37 
jj1 = 331, max_th = 2.102192e+00, time=2024-09-03 12:41:00 
jj1 = 371, max_th = 1.924049e+00, time=2024-09-03 12:42:21 
jj1 = 407, max_th = 1.447890e+00, time=2024-09-03 12:42:28 
jj1 = 294, max_th = 1.518220e+00, time=2024-09-03 12:48:19 
jj1 = 330, max_th = 1.206072e+00, time=2024-09-03 12:52:40 
jj1 = 97, max_th = 1.672287e+00, time=2024-09-03 12:54:33 
jj1 = 525, max_th = 1.905789e+00, time=2024-09-03 12:56:44 
jj1 = 446, max_th = 2.121926e+00, time=2024-09-03 12:57:13 
jj1 = 212, max_th = 1.966704e+00, time=2024-09-03 12:58:18 
jj1 = 293, max_th = 1.446265e+00, time=2024-09-03 12:58:19 
jj1 = 406, max_th = 1.488059e+00, time=2024-09-03 12:58:26 
jj1 = 134, max_th = 2.334789e+00, time=2024-09-03 12:59:48 
jj1 = 485, max_th = 2.029183e+00, time=2024-09-03 13:02:31 
jj1 = 370, max_th = 2.118089e+00, time=2024-09-03 13:02:58 
jj1 = 175, max_th = 1.770184e+00, time=2024-09-03 13:04:42 
jj1 = 329, max_th = 2.120505e+00, time=2024-09-03 13:08:42 
jj1 = 369, max_th = 1.413317e+00, time=2024-09-03 13:10:38 
jj1 = 328, max_th = 4.233917e+00, time=2024-09-03 13:12:36 
jj1 = 524, max_th = 1.960257e+00, time=2024-09-03 13:12:51 
jj1 = 252, max_th = 2.359538e+00, time=2024-09-03 13:13:16 
jj1 = 96, max_th = 1.181410e+00, time=2024-09-03 13:13:32 
jj1 = 174, max_th = 2.293857e+00, time=2024-09-03 13:16:15 
jj1 = 292, max_th = 1.890991e+00, time=2024-09-03 13:21:14 
jj1 = 211, max_th = 1.912730e+00, time=2024-09-03 13:24:09 
jj1 = 405, max_th = 2.141727e+00, time=2024-09-03 13:25:02 
jj1 = 133, max_th = 2.124381e+00, time=2024-09-03 13:25:10 
jj1 = 327, max_th = 1.432121e+00, time=2024-09-03 13:25:16 
jj1 = 291, max_th = 1.256037e+00, time=2024-09-03 13:26:20 
jj1 = 368, max_th = 1.834238e+00, time=2024-09-03 13:29:28 
jj1 = 523, max_th = 1.858440e+00, time=2024-09-03 13:30:17 
jj1 = 251, max_th = 1.961815e+00, time=2024-09-03 13:30:59 
jj1 = 484, max_th = 2.080847e+00, time=2024-09-03 13:31:04 
jj1 = 445, max_th = 2.329591e+00, time=2024-09-03 13:31:38 
jj1 = 250, max_th = 3.303920e+00, time=2024-09-03 13:32:46 
jj1 = 95, max_th = 2.220950e+00, time=2024-09-03 13:33:19 
jj1 = 173, max_th = 2.256972e+00, time=2024-09-03 13:36:36 
jj1 = 326, max_th = 2.498046e+00, time=2024-09-03 13:36:37 
jj1 = 132, max_th = 1.793517e+00, time=2024-09-03 13:43:00 
jj1 = 483, max_th = 2.379450e+00, time=2024-09-03 13:44:36 
jj1 = 210, max_th = 2.025339e+00, time=2024-09-03 13:47:53 
jj1 = 290, max_th = 1.928538e+00, time=2024-09-03 13:48:26 
jj1 = 249, max_th = 1.681361e+00, time=2024-09-03 13:49:18 
jj1 = 444, max_th = 1.671615e+00, time=2024-09-03 13:49:59 
jj1 = 172, max_th = 1.862900e+00, time=2024-09-03 13:52:13 
jj1 = 522, max_th = 2.235492e+00, time=2024-09-03 13:52:53 
jj1 = 325, max_th = 1.459298e+00, time=2024-09-03 13:52:54 
jj1 = 404, max_th = 1.565579e+00, time=2024-09-03 13:53:03 
jj1 = 367, max_th = 2.357211e+00, time=2024-09-03 13:54:14 
jj1 = 131, max_th = 2.722413e+00, time=2024-09-03 13:54:24 
jj1 = 289, max_th = 1.392854e+00, time=2024-09-03 13:56:51 
jj1 = 171, max_th = 6.657846e-01, time=2024-09-03 13:58:50 
jj1 = 324, max_th = 2.862680e+00, time=2024-09-03 13:59:12 
jj1 = 130, max_th = 2.839880e+00, time=2024-09-03 14:00:36 
jj1 = 94, max_th = 1.876439e+00, time=2024-09-03 14:00:38 
jj1 = 323, max_th = 7.017182e-01, time=2024-09-03 14:02:30 
jj1 = 248, max_th = 1.567875e+00, time=2024-09-03 14:03:23 
jj1 = 366, max_th = 2.624580e+00, time=2024-09-03 14:04:23 
jj1 = 443, max_th = 2.255020e+00, time=2024-09-03 14:08:39 
jj1 = 129, max_th = 1.243692e+00, time=2024-09-03 14:10:14 
jj1 = 93, max_th = 2.374392e+00, time=2024-09-03 14:10:45 
jj1 = 482, max_th = 2.128034e+00, time=2024-09-03 14:12:42 
jj1 = 521, max_th = 2.519158e+00, time=2024-09-03 14:13:58 
jj1 = 209, max_th = 1.631477e+00, time=2024-09-03 14:14:26 
jj1 = 442, max_th = 1.020909e+00, time=2024-09-03 14:15:22 
jj1 = 288, max_th = 2.028419e+00, time=2024-09-03 14:16:46 
jj1 = 247, max_th = 1.547289e+00, time=2024-09-03 14:18:17 
jj1 = 403, max_th = 1.879479e+00, time=2024-09-03 14:20:10 
jj1 = 322, max_th = 1.532869e+00, time=2024-09-03 14:21:11 
jj1 = 170, max_th = 2.068672e+00, time=2024-09-03 14:21:52 
jj1 = 365, max_th = 1.978866e+00, time=2024-09-03 14:27:00 
jj1 = 364, max_th = 2.953547e+00, time=2024-09-03 14:30:12 
jj1 = 92, max_th = 2.450834e+00, time=2024-09-03 14:30:25 
jj1 = 128, max_th = 2.141807e+00, time=2024-09-03 14:31:23 
jj1 = 441, max_th = 1.833403e+00, time=2024-09-03 14:33:35 
jj1 = 520, max_th = 2.134019e+00, time=2024-09-03 14:36:50 
jj1 = 287, max_th = 2.182539e+00, time=2024-09-03 14:37:03 
jj1 = 246, max_th = 1.864955e+00, time=2024-09-03 14:37:49 
jj1 = 127, max_th = 2.517185e+00, time=2024-09-03 14:38:42 
jj1 = 208, max_th = 2.044251e+00, time=2024-09-03 14:39:10 
jj1 = 481, max_th = 1.899939e+00, time=2024-09-03 14:39:39 
jj1 = 169, max_th = 1.751824e+00, time=2024-09-03 14:40:36 
jj1 = 321, max_th = 2.012813e+00, time=2024-09-03 14:43:25 
jj1 = 91, max_th = 2.638021e+00, time=2024-09-03 14:44:07 
jj1 = 363, max_th = 2.197048e+00, time=2024-09-03 14:48:35 
jj1 = 320, max_th = 1.245964e+00, time=2024-09-03 14:49:17 
jj1 = 245, max_th = 1.811040e+00, time=2024-09-03 14:52:07 
jj1 = 168, max_th = 2.764440e+00, time=2024-09-03 14:52:31 
jj1 = 440, max_th = 1.344706e+00, time=2024-09-03 14:52:56 
jj1 = 480, max_th = 1.212616e+00, time=2024-09-03 14:54:53 
jj1 = 286, max_th = 2.054136e+00, time=2024-09-03 14:55:04 
jj1 = 126, max_th = 2.386812e+00, time=2024-09-03 14:56:01 
jj1 = 207, max_th = 1.537495e+00, time=2024-09-03 14:57:18 
jj1 = 285, max_th = 7.726402e-01, time=2024-09-03 14:57:18 
jj1 = 519, max_th = 1.762401e+00, time=2024-09-03 14:58:21 
jj1 = 90, max_th = 2.482637e+00, time=2024-09-03 14:58:51 
jj1 = 402, max_th = 1.531374e+00, time=2024-09-03 15:00:21 
jj1 = 401, max_th = 1.040463e+00, time=2024-09-03 15:07:34 
jj1 = 89, max_th = 2.618442e+00, time=2024-09-03 15:11:46 
jj1 = 362, max_th = 1.589944e+00, time=2024-09-03 15:12:59 
jj1 = 319, max_th = 1.997743e+00, time=2024-09-03 15:13:11 
jj1 = 244, max_th = 1.985029e+00, time=2024-09-03 15:13:31 
jj1 = 206, max_th = 2.223329e+00, time=2024-09-03 15:16:02 
jj1 = 284, max_th = 1.826353e+00, time=2024-09-03 15:16:39 
jj1 = 518, max_th = 1.669585e+00, time=2024-09-03 15:18:02 
jj1 = 517, max_th = 2.496779e-01, time=2024-09-03 15:18:14 
jj1 = 125, max_th = 1.893453e+00, time=2024-09-03 15:19:08 
jj1 = 479, max_th = 2.473025e+00, time=2024-09-03 15:19:23 
jj1 = 167, max_th = 1.644957e+00, time=2024-09-03 15:20:00 
jj1 = 439, max_th = 1.980342e+00, time=2024-09-03 15:22:16 
jj1 = 88, max_th = 1.984066e+00, time=2024-09-03 15:29:59 
jj1 = 478, max_th = 2.403065e+00, time=2024-09-03 15:34:58 
jj1 = 361, max_th = 2.147813e+00, time=2024-09-03 15:35:41 
jj1 = 400, max_th = 1.960001e+00, time=2024-09-03 15:35:54 
jj1 = 205, max_th = 1.875323e+00, time=2024-09-03 15:37:00 
jj1 = 243, max_th = 1.780490e+00, time=2024-09-03 15:38:47 
jj1 = 516, max_th = 2.086638e+00, time=2024-09-03 15:39:37 
jj1 = 124, max_th = 1.781591e+00, time=2024-09-03 15:44:06 
jj1 = 318, max_th = 2.042535e+00, time=2024-09-03 15:44:45 
jj1 = 123, max_th = 4.142095e+00, time=2024-09-03 15:45:38 
jj1 = 166, max_th = 2.274878e+00, time=2024-09-03 15:46:17 
jj1 = 360, max_th = 2.704244e+00, time=2024-09-03 15:46:49 
jj1 = 438, max_th = 1.857777e+00, time=2024-09-03 15:49:18 
jj1 = 87, max_th = 2.354971e+00, time=2024-09-03 15:49:38 
jj1 = 283, max_th = 2.066963e+00, time=2024-09-03 15:50:27 
jj1 = 477, max_th = 2.411654e+00, time=2024-09-03 15:52:07 
jj1 = 359, max_th = 2.674690e+00, time=2024-09-03 15:55:56 
jj1 = 515, max_th = 1.334444e+00, time=2024-09-03 15:55:56 
jj1 = 358, max_th = 3.116800e+00, time=2024-09-03 15:58:14 
jj1 = 122, max_th = 1.239253e+00, time=2024-09-03 15:58:37 
jj1 = 476, max_th = 3.402261e+00, time=2024-09-03 15:58:53 
jj1 = 282, max_th = 1.341180e+00, time=2024-09-03 15:59:37 
jj1 = 399, max_th = 1.530505e+00, time=2024-09-03 16:00:32 
jj1 = 204, max_th = 2.225509e+00, time=2024-09-03 16:03:46 
jj1 = 317, max_th = 1.611180e+00, time=2024-09-03 16:04:40 
jj1 = 86, max_th = 1.839060e+00, time=2024-09-03 16:05:13 
jj1 = 203, max_th = 6.807632e-01, time=2024-09-03 16:05:17 
jj1 = 242, max_th = 1.985600e+00, time=2024-09-03 16:06:10 
jj1 = 437, max_th = 1.966012e+00, time=2024-09-03 16:08:06 
jj1 = 165, max_th = 1.986370e+00, time=2024-09-03 16:08:46 
jj1 = 357, max_th = 2.107099e+00, time=2024-09-03 16:13:41 
jj1 = 514, max_th = 2.106581e+00, time=2024-09-03 16:16:00 
jj1 = 436, max_th = 2.550283e+00, time=2024-09-03 16:17:26 
jj1 = 513, max_th = 2.813526e+00, time=2024-09-03 16:19:52 
jj1 = 121, max_th = 2.262961e+00, time=2024-09-03 16:19:54 
jj1 = 85, max_th = 1.665732e+00, time=2024-09-03 16:22:14 
jj1 = 120, max_th = -6.520883e-01, time=2024-09-03 16:22:30 
jj1 = 202, max_th = 2.236065e+00, time=2024-09-03 16:22:38 
jj1 = 398, max_th = 2.280090e+00, time=2024-09-03 16:23:31 
jj1 = 281, max_th = 1.473092e+00, time=2024-09-03 16:23:43 
jj1 = 435, max_th = 1.248641e+00, time=2024-09-03 16:23:59 
jj1 = 201, max_th = 7.161686e-01, time=2024-09-03 16:24:51 
jj1 = 164, max_th = 2.279469e+00, time=2024-09-03 16:25:33 
jj1 = 475, max_th = 1.983531e+00, time=2024-09-03 16:27:37 
jj1 = 316, max_th = 2.060212e+00, time=2024-09-03 16:28:37 
jj1 = 119, max_th = 1.103031e+00, time=2024-09-03 16:28:57 
jj1 = 241, max_th = 2.024009e+00, time=2024-09-03 16:30:09 
jj1 = 356, max_th = 1.627476e+00, time=2024-09-03 16:30:12 
jj1 = 163, max_th = 1.363293e+00, time=2024-09-03 16:34:31 
jj1 = 397, max_th = 1.343757e+00, time=2024-09-03 16:39:19 
jj1 = 84, max_th = 2.359093e+00, time=2024-09-03 16:40:23 
jj1 = 200, max_th = 1.781699e+00, time=2024-09-03 16:41:32 
jj1 = 199, max_th = 3.069425e+00, time=2024-09-03 16:44:21 
jj1 = 355, max_th = 1.760081e+00, time=2024-09-03 16:46:28 
jj1 = 434, max_th = 2.023539e+00, time=2024-09-03 16:47:51 
jj1 = 280, max_th = 1.828459e+00, time=2024-09-03 16:48:28 
jj1 = 512, max_th = 2.036885e+00, time=2024-09-03 16:51:42 
jj1 = 118, max_th = 2.225359e+00, time=2024-09-03 16:52:53 
jj1 = 474, max_th = 1.894265e+00, time=2024-09-03 16:53:12 
jj1 = 396, max_th = 1.558426e+00, time=2024-09-03 16:56:06 
jj1 = 162, max_th = 2.669016e+00, time=2024-09-03 16:57:39 
jj1 = 83, max_th = 1.743341e+00, time=2024-09-03 16:59:27 
jj1 = 354, max_th = 1.645246e+00, time=2024-09-03 17:00:40 
jj1 = 240, max_th = 2.210747e+00, time=2024-09-03 17:03:04 
jj1 = 511, max_th = 2.625836e+00, time=2024-09-03 17:03:27 
jj1 = 473, max_th = 2.566420e+00, time=2024-09-03 17:04:50 
jj1 = 198, max_th = 2.662248e+00, time=2024-09-03 17:05:10 
jj1 = 510, max_th = 3.175189e+00, time=2024-09-03 17:05:12 
jj1 = 433, max_th = 1.631570e+00, time=2024-09-03 17:07:21 
jj1 = 161, max_th = 1.616846e+00, time=2024-09-03 17:09:06 
jj1 = 279, max_th = 2.108486e+00, time=2024-09-03 17:09:31 
jj1 = 315, max_th = 2.233755e+00, time=2024-09-03 17:10:08 
jj1 = 395, max_th = 1.350619e+00, time=2024-09-03 17:14:36 
jj1 = 117, max_th = 1.955262e+00, time=2024-09-03 17:15:29 
jj1 = 353, max_th = 2.410194e+00, time=2024-09-03 17:17:45 
jj1 = 239, max_th = 1.336462e+00, time=2024-09-03 17:18:07 
jj1 = 509, max_th = 2.440884e+00, time=2024-09-03 17:19:38 
jj1 = 314, max_th = 1.394409e+00, time=2024-09-03 17:20:13 
jj1 = 197, max_th = 1.658194e+00, time=2024-09-03 17:20:46 
jj1 = 82, max_th = 2.272313e+00, time=2024-09-03 17:23:14 
jj1 = 160, max_th = 1.865644e+00, time=2024-09-03 17:26:40 
jj1 = 238, max_th = 1.352259e+00, time=2024-09-03 17:27:34 
jj1 = 196, max_th = 2.552351e+00, time=2024-09-03 17:29:13 
jj1 = 432, max_th = 1.924943e+00, time=2024-09-03 17:29:54 
jj1 = 472, max_th = 2.122156e+00, time=2024-09-03 17:33:07 
jj1 = 508, max_th = 1.571822e+00, time=2024-09-03 17:33:08 
jj1 = 278, max_th = 1.624871e+00, time=2024-09-03 17:33:18 
jj1 = 313, max_th = 2.396013e+00, time=2024-09-03 17:34:53 
jj1 = 277, max_th = 1.089481e+00, time=2024-09-03 17:36:14 
jj1 = 394, max_th = 2.024113e+00, time=2024-09-03 17:36:39 
jj1 = 116, max_th = 2.383424e+00, time=2024-09-03 17:37:08 
jj1 = 115, max_th = -3.042625e-01, time=2024-09-03 17:40:16 
jj1 = 431, max_th = 2.243673e+00, time=2024-09-03 17:41:46 
jj1 = 81, max_th = 2.062589e+00, time=2024-09-03 17:44:21 
jj1 = 393, max_th = 1.340344e+00, time=2024-09-03 17:48:04 
jj1 = 159, max_th = 1.866057e+00, time=2024-09-03 17:49:18 
jj1 = 352, max_th = 1.285102e+00, time=2024-09-03 17:50:59 
jj1 = 237, max_th = 1.787326e+00, time=2024-09-03 17:51:04 
jj1 = 195, max_th = 1.927037e+00, time=2024-09-03 17:51:10 
jj1 = 471, max_th = 1.836345e+00, time=2024-09-03 17:55:10 
jj1 = 430, max_th = 1.753397e+00, time=2024-09-03 17:57:18 
jj1 = 114, max_th = 1.955764e+00, time=2024-09-03 17:59:45 
jj1 = 507, max_th = 2.034819e+00, time=2024-09-03 17:59:45 
jj1 = 194, max_th = 2.984741e+00, time=2024-09-03 18:00:03 
jj1 = 80, max_th = 1.460375e+00, time=2024-09-03 18:03:17 
jj1 = 158, max_th = 1.548069e+00, time=2024-09-03 18:04:02 
jj1 = 312, max_th = 2.279808e+00, time=2024-09-03 18:04:05 
jj1 = 506, max_th = 9.435386e-01, time=2024-09-03 18:04:52 
jj1 = 392, max_th = 2.537641e+00, time=2024-09-03 18:07:09 
jj1 = 236, max_th = 1.716627e+00, time=2024-09-03 18:12:04 
jj1 = 276, max_th = 1.934773e+00, time=2024-09-03 18:12:56 
jj1 = 351, max_th = 2.121947e+00, time=2024-09-03 18:15:32 
jj1 = 391, max_th = 2.501159e+00, time=2024-09-03 18:15:55 
jj1 = 113, max_th = 2.110560e+00, time=2024-09-03 18:19:08 
jj1 = 505, max_th = 2.251069e+00, time=2024-09-03 18:19:29 
jj1 = 429, max_th = 2.078594e+00, time=2024-09-03 18:20:43 
jj1 = 157, max_th = 2.160392e+00, time=2024-09-03 18:22:52 
jj1 = 79, max_th = 1.771238e+00, time=2024-09-03 18:23:18 
jj1 = 390, max_th = 2.815497e+00, time=2024-09-03 18:24:02 
jj1 = 275, max_th = 1.501209e+00, time=2024-09-03 18:25:24 
jj1 = 470, max_th = 2.071470e+00, time=2024-09-03 18:27:28 
jj1 = 156, max_th = 9.294851e-01, time=2024-09-03 18:27:41 
jj1 = 193, max_th = 1.785716e+00, time=2024-09-03 18:28:11 
jj1 = 350, max_th = 1.378762e+00, time=2024-09-03 18:28:34 
jj1 = 112, max_th = 2.520884e+00, time=2024-09-03 18:31:04 
jj1 = 235, max_th = 1.847119e+00, time=2024-09-03 18:31:19 
jj1 = 504, max_th = 2.710124e+00, time=2024-09-03 18:33:32 
jj1 = 428, max_th = 3.729298e+00, time=2024-09-03 18:34:17 
jj1 = 155, max_th = 1.388897e+00, time=2024-09-03 18:37:45 
jj1 = 389, max_th = 2.504039e+00, time=2024-09-03 18:38:36 
jj1 = 311, max_th = 2.129874e+00, time=2024-09-03 18:38:50 
jj1 = 192, max_th = 1.483322e+00, time=2024-09-03 18:41:44 
jj1 = 78, max_th = 2.305775e+00, time=2024-09-03 18:42:00 
jj1 = 274, max_th = 2.205906e+00, time=2024-09-03 18:43:17 
jj1 = 469, max_th = 1.421797e+00, time=2024-09-03 18:45:39 
jj1 = 503, max_th = 1.606079e+00, time=2024-09-03 18:52:38 
jj1 = 234, max_th = 1.830542e+00, time=2024-09-03 18:53:07 
jj1 = 427, max_th = 1.944461e+00, time=2024-09-03 18:54:50 
jj1 = 77, max_th = 2.990305e+00, time=2024-09-03 18:55:03 
jj1 = 111, max_th = 1.834893e+00, time=2024-09-03 18:55:27 
jj1 = 388, max_th = 1.998518e+00, time=2024-09-03 18:57:03 
jj1 = 468, max_th = 2.630471e+00, time=2024-09-03 18:58:32 
jj1 = 387, max_th = 2.910596e+00, time=2024-09-03 18:58:48 
jj1 = 273, max_th = 2.251858e+00, time=2024-09-03 18:59:05 
jj1 = 154, max_th = 1.844222e+00, time=2024-09-03 18:59:57 
jj1 = 191, max_th = 1.732563e+00, time=2024-09-03 19:02:26 
jj1 = 310, max_th = 1.789717e+00, time=2024-09-03 19:04:12 
jj1 = 349, max_th = 1.943215e+00, time=2024-09-03 19:07:27 
jj1 = 153, max_th = 1.132703e+00, time=2024-09-03 19:07:54 
jj1 = 190, max_th = 2.608631e+00, time=2024-09-03 19:12:58 
jj1 = 76, max_th = 1.636633e+00, time=2024-09-03 19:13:09 
jj1 = 426, max_th = 1.945539e+00, time=2024-09-03 19:14:38 
jj1 = 233, max_th = 2.183071e+00, time=2024-09-03 19:16:05 
jj1 = 386, max_th = 2.371519e+00, time=2024-09-03 19:16:09 
jj1 = 110, max_th = 2.160897e+00, time=2024-09-03 19:16:12 
jj1 = 467, max_th = 2.353944e+00, time=2024-09-03 19:17:03 
jj1 = 309, max_th = 1.306510e+00, time=2024-09-03 19:18:13 
jj1 = 232, max_th = 2.999487e+00, time=2024-09-03 19:18:45 
jj1 = 502, max_th = 1.972433e+00, time=2024-09-03 19:20:26 
jj1 = 348, max_th = 1.092547e+00, time=2024-09-03 19:23:16 
jj1 = 75, max_th = 2.587440e+00, time=2024-09-03 19:24:45 
jj1 = 272, max_th = 1.966798e+00, time=2024-09-03 19:27:16 
jj1 = 109, max_th = 2.363815e+00, time=2024-09-03 19:29:20 
jj1 = 152, max_th = 2.184340e+00, time=2024-09-03 19:29:24 
jj1 = 425, max_th = 1.575897e+00, time=2024-09-03 19:32:08 
jj1 = 385, max_th = 2.432766e+00, time=2024-09-03 19:34:02 
jj1 = 347, max_th = 3.595864e-01, time=2024-09-03 19:34:16 
jj1 = 189, max_th = 1.989691e+00, time=2024-09-03 19:35:59 
jj1 = 466, max_th = 1.804993e+00, time=2024-09-03 19:37:10 
jj1 = 231, max_th = 1.912485e+00, time=2024-09-03 19:43:21 
jj1 = 384, max_th = 2.505937e+00, time=2024-09-03 19:47:14 
jj1 = 383, max_th = -1.936577e-01, time=2024-09-03 19:47:44 
jj1 = 108, max_th = 1.690923e+00, time=2024-09-03 19:48:34 
jj1 = 308, max_th = 1.816343e+00, time=2024-09-03 19:48:40 
jj1 = 151, max_th = 1.552502e+00, time=2024-09-03 19:49:26 
jj1 = 271, max_th = 2.230115e+00, time=2024-09-03 19:49:52 
jj1 = 270, max_th = 2.827894e+00, time=2024-09-03 19:52:52 
jj1 = 188, max_th = 2.433544e+00, time=2024-09-03 19:54:13 
jj1 = 465, max_th = 2.507814e+00, time=2024-09-03 19:54:19 
jj1 = 424, max_th = 1.942835e+00, time=2024-09-03 19:54:35 
jj1 = 346, max_th = 2.020675e+00, time=2024-09-03 19:59:16 
jj1 = 107, max_th = 1.640406e+00, time=2024-09-03 20:00:55 
jj1 = 501, max_th = 2.364656e+00, time=2024-09-03 20:01:42 
jj1 = 307, max_th = 2.572543e+00, time=2024-09-03 20:01:43 
jj1 = 150, max_th = 1.728922e+00, time=2024-09-03 20:06:08 
jj1 = 230, max_th = 1.914474e+00, time=2024-09-03 20:09:13 
jj1 = 306, max_th = 2.858238e+00, time=2024-09-03 20:10:43 
jj1 = 187, max_th = 2.295295e+00, time=2024-09-03 20:11:00 
jj1 = 382, max_th = 1.596157e+00, time=2024-09-03 20:13:04 
jj1 = 269, max_th = 2.158049e+00, time=2024-09-03 20:14:32 
jj1 = 106, max_th = 2.474886e+00, time=2024-09-03 20:14:34 
jj1 = 500, max_th = 2.552558e+00, time=2024-09-03 20:18:17 
jj1 = 423, max_th = 2.142055e+00, time=2024-09-03 20:19:26 
jj1 = 74, max_th = 2.607392e+00, time=2024-09-03 20:19:45 
jj1 = 464, max_th = 2.064956e+00, time=2024-09-03 20:20:31 
jj1 = 345, max_th = 1.888000e+00, time=2024-09-03 20:22:16 
jj1 = 149, max_th = 2.213576e+00, time=2024-09-03 20:26:36 
jj1 = 229, max_th = 2.231766e+00, time=2024-09-03 20:29:40 
jj1 = 186, max_th = 2.436397e+00, time=2024-09-03 20:29:52 
jj1 = 73, max_th = 1.545462e+00, time=2024-09-03 20:31:35 
jj1 = 268, max_th = 2.413538e+00, time=2024-09-03 20:32:55 
jj1 = 499, max_th = 1.295620e+00, time=2024-09-03 20:32:57 
jj1 = 105, max_th = 1.671909e+00, time=2024-09-03 20:33:47 
jj1 = 381, max_th = 1.981864e+00, time=2024-09-03 20:38:30 
jj1 = 305, max_th = 1.812339e+00, time=2024-09-03 20:38:30 
jj1 = 104, max_th = 9.562908e-01, time=2024-09-03 20:39:13 
jj1 = 380, max_th = 2.882944e+00, time=2024-09-03 20:42:54 
jj1 = 185, max_th = 1.550782e+00, time=2024-09-03 20:43:37 
jj1 = 344, max_th = 2.005738e+00, time=2024-09-03 20:44:25 
jj1 = 422, max_th = 1.168478e+00, time=2024-09-03 20:46:13 
jj1 = 463, max_th = 1.780725e+00, time=2024-09-03 20:47:12 
jj1 = 72, max_th = 1.670411e+00, time=2024-09-03 20:48:44 
jj1 = 228, max_th = 2.403561e+00, time=2024-09-03 20:49:41 
jj1 = 498, max_th = 1.873933e+00, time=2024-09-03 20:51:50 
jj1 = 267, max_th = 2.040177e+00, time=2024-09-03 20:53:35 
jj1 = 148, max_th = 2.117739e+00, time=2024-09-03 20:55:53 
jj1 = 103, max_th = 1.454544e+00, time=2024-09-03 20:56:20 
jj1 = 343, max_th = 2.553275e+00, time=2024-09-03 20:57:14 
jj1 = 379, max_th = 2.643288e+00, time=2024-09-03 20:57:24 
jj1 = 462, max_th = 2.261907e+00, time=2024-09-03 21:04:11 
jj1 = 304, max_th = 2.441097e+00, time=2024-09-03 21:06:17 
jj1 = 421, max_th = 2.298516e+00, time=2024-09-03 21:08:46 
jj1 = 266, max_th = 1.652951e+00, time=2024-09-03 21:08:54 
jj1 = 227, max_th = 1.997899e+00, time=2024-09-03 21:09:23 
jj1 = 71, max_th = 1.928952e+00, time=2024-09-03 21:13:09 
jj1 = 497, max_th = 1.341372e+00, time=2024-09-03 21:14:39 
jj1 = 184, max_th = 2.183594e+00, time=2024-09-03 21:15:41 
jj1 = 420, max_th = 1.093798e+00, time=2024-09-03 21:16:23 
jj1 = 102, max_th = 1.844964e+00, time=2024-09-03 21:16:44 
jj1 = 342, max_th = 2.170957e+00, time=2024-09-03 21:19:40 
jj1 = 226, max_th = 2.620319e+00, time=2024-09-03 21:21:28 
jj1 = 461, max_th = 2.423408e+00, time=2024-09-03 21:21:40 
jj1 = 378, max_th = 2.185925e+00, time=2024-09-03 21:22:15 
jj1 = 147, max_th = 2.078040e+00, time=2024-09-03 21:22:39 
jj1 = 101, max_th = 2.747000e+00, time=2024-09-03 21:22:53 
jj1 = 377, max_th = 2.670112e+00, time=2024-09-03 21:29:18 
jj1 = 303, max_th = 1.791072e+00, time=2024-09-03 21:31:57 
jj1 = 100, max_th = 2.763123e+00, time=2024-09-03 21:32:39 
jj1 = 225, max_th = 2.535981e+00, time=2024-09-03 21:32:39 
jj1 = 265, max_th = 1.435537e+00, time=2024-09-03 21:32:56 
jj1 = 496, max_th = 1.415183e+00, time=2024-09-03 21:33:34 
jj1 = 419, max_th = 2.327826e+00, time=2024-09-03 21:36:04 
jj1 = 224, max_th = 1.194973e+00, time=2024-09-03 21:36:19 
jj1 = 568, max_th = 5.412465e-01, time=2024-09-03 21:37:04 
jj1 = 341, max_th = 2.435958e+00, time=2024-09-03 21:40:27 
jj1 = 70, max_th = 2.566460e+00, time=2024-09-03 21:42:03 
jj1 = 183, max_th = 1.916530e+00, time=2024-09-03 21:43:11 
jj1 = 567, max_th = 9.962859e-01, time=2024-09-03 21:43:29 
jj1 = 460, max_th = 2.178097e+00, time=2024-09-03 21:43:35 
jj1 = 146, max_th = 1.527078e+00, time=2024-09-03 21:43:47 
jj1 = 69, max_th = 6.945258e-01, time=2024-09-03 21:44:07 
jj1 = 376, max_th = 2.660176e+00, time=2024-09-03 21:44:48 
jj1 = 495, max_th = 1.948541e+00, time=2024-09-03 21:49:45 
jj1 = 375, max_th = 2.751240e+00, time=2024-09-03 21:50:06 
jj1 = 494, max_th = 1.675916e-02, time=2024-09-03 21:50:27 
jj1 = 302, max_th = 2.393654e+00, time=2024-09-03 21:52:31 
jj1 = 418, max_th = 1.442081e+00, time=2024-09-03 21:53:39 
jj1 = 223, max_th = 2.297105e+00, time=2024-09-03 21:56:46 
jj1 = 264, max_th = 2.241688e+00, time=2024-09-03 21:57:25 
jj1 = 68, max_th = 1.831064e+00, time=2024-09-03 21:58:10 
jj1 = 459, max_th = 2.456441e+00, time=2024-09-03 21:58:35 
jj1 = 566, max_th = 2.508086e+00, time=2024-09-03 22:03:00 
jj1 = 182, max_th = 2.247807e+00, time=2024-09-03 22:03:18 
jj1 = 340, max_th = 1.993819e+00, time=2024-09-03 22:03:48 
jj1 = 493, max_th = 2.244353e+00, time=2024-09-03 22:05:34 
jj1 = 222, max_th = 1.275497e+00, time=2024-09-03 22:05:39 
jj1 = 145, max_th = 2.369599e+00, time=2024-09-03 22:08:10 
jj1 = 565, max_th = 2.804967e+00, time=2024-09-03 22:11:21 
jj1 = 339, max_th = 2.791735e+00, time=2024-09-03 22:12:10 
jj1 = 374, max_th = 2.277320e+00, time=2024-09-03 22:13:27 
jj1 = 417, max_th = 1.793731e+00, time=2024-09-03 22:17:50 
jj1 = 181, max_th = 1.619688e+00, time=2024-09-03 22:18:01 
jj1 = 492, max_th = 1.463305e+00, time=2024-09-03 22:19:43 
jj1 = 564, max_th = 1.033198e+00, time=2024-09-03 22:20:29 
jj1 = 263, max_th = 1.862544e+00, time=2024-09-03 22:21:21 
jj1 = 67, max_th = 1.843624e+00, time=2024-09-03 22:21:34 
jj1 = 458, max_th = 1.228942e+00, time=2024-09-03 22:21:45 
jj1 = 301, max_th = 2.073751e+00, time=2024-09-03 22:21:50 
jj1 = 144, max_th = 2.344185e+00, time=2024-09-03 22:26:39 
jj1 = 373, max_th = 1.559188e+00, time=2024-09-03 22:30:03 
jj1 = 563, max_th = 1.552495e+00, time=2024-09-03 22:33:13 
jj1 = 416, max_th = 2.365458e+00, time=2024-09-03 22:34:25 
jj1 = 143, max_th = 1.457328e+00, time=2024-09-03 22:35:44 
jj1 = 628, max_th = 2.898009e+00, time=2024-09-03 22:35:57 
jj1 = 338, max_th = 2.476740e+00, time=2024-09-03 22:36:03 
jj1 = 66, max_th = 1.818764e+00, time=2024-09-03 22:39:06 
jj1 = 180, max_th = 1.961027e+00, time=2024-09-03 22:42:15 
jj1 = 262, max_th = 2.329206e+00, time=2024-09-03 22:43:03 
jj1 = 457, max_th = 2.003432e+00, time=2024-09-03 22:44:56 
jj1 = 300, max_th = 2.129177e+00, time=2024-09-03 22:45:43 
jj1 = 491, max_th = 1.617480e+00, time=2024-09-03 22:45:50 
jj1 = 179, max_th = 2.978856e+00, time=2024-09-03 22:46:23 
jj1 = 142, max_th = 2.348872e+00, time=2024-09-03 22:51:18 
jj1 = 627, max_th = 2.427569e+00, time=2024-09-03 22:51:42 
jj1 = 221, max_th = 2.790596e+00, time=2024-09-03 22:54:31 
jj1 = 562, max_th = 1.645297e+00, time=2024-09-03 22:56:33 
jj1 = 490, max_th = 1.846588e+00, time=2024-09-03 22:56:45 
jj1 = 337, max_th = 2.159650e+00, time=2024-09-03 22:59:21 
jj1 = 178, max_th = 1.907703e+00, time=2024-09-03 23:00:10 
jj1 = 299, max_th = 2.625192e+00, time=2024-09-03 23:00:22 
jj1 = 65, max_th = 1.665834e+00, time=2024-09-03 23:01:21 
jj1 = 456, max_th = 1.435183e+00, time=2024-09-03 23:01:27 
jj1 = 415, max_th = 2.430830e+00, time=2024-09-03 23:01:54 
jj1 = 261, max_th = 1.955204e+00, time=2024-09-03 23:08:09 
jj1 = 64, max_th = 1.399014e+00, time=2024-09-03 23:09:42 
jj1 = 141, max_th = 2.111897e+00, time=2024-09-03 23:11:24 
jj1 = 298, max_th = 1.331856e+00, time=2024-09-03 23:13:12 
jj1 = 220, max_th = 2.170662e+00, time=2024-09-03 23:14:34 
jj1 = 455, max_th = 2.350870e+00, time=2024-09-03 23:15:50 
jj1 = 561, max_th = 2.044052e+00, time=2024-09-03 23:15:56 
jj1 = 140, max_th = 2.978019e+00, time=2024-09-03 23:16:56 
jj1 = 626, max_th = 2.013155e+00, time=2024-09-03 23:19:18 
jj1 = 414, max_th = 2.334009e+00, time=2024-09-03 23:21:08 
jj1 = 668, max_th = 2.251394e+00, time=2024-09-03 23:21:48 
jj1 = 260, max_th = 1.564556e+00, time=2024-09-03 23:22:39 
jj1 = 336, max_th = 2.076366e+00, time=2024-09-03 23:24:06 
jj1 = 548, max_th = 2.017049e+00, time=2024-09-03 23:28:08 
jj1 = 560, max_th = 2.062620e+00, time=2024-09-03 23:29:33 
jj1 = 667, max_th = 6.255978e-01, time=2024-09-03 23:30:07 
jj1 = 297, max_th = 2.252441e+00, time=2024-09-03 23:30:48 
jj1 = 219, max_th = 2.436205e+00, time=2024-09-03 23:32:21 
jj1 = 296, max_th = 5.318090e-01, time=2024-09-03 23:33:29 
jj1 = 413, max_th = 1.492036e+00, time=2024-09-03 23:33:48 
jj1 = 63, max_th = 1.982844e+00, time=2024-09-03 23:34:47 
jj1 = 139, max_th = 1.769140e+00, time=2024-09-03 23:35:41 
jj1 = 454, max_th = 1.964548e+00, time=2024-09-03 23:36:34 
jj1 = 259, max_th = 1.646607e+00, time=2024-09-03 23:37:20 
jj1 = 412, max_th = 1.330324e+00, time=2024-09-03 23:37:55 
jj1 = 625, max_th = 1.790225e+00, time=2024-09-03 23:39:50 
jj1 = 295, max_th = 1.454356e+00, time=2024-09-03 23:46:46 
jj1 = 708, max_th = 7.944748e-01, time=2024-09-03 23:47:15 
jj1 = 335, max_th = 2.141438e+00, time=2024-09-03 23:47:49 
jj1 = 559, max_th = 1.617159e+00, time=2024-09-03 23:50:45 
jj1 = 748, max_th = 2.030851e+00, time=2024-09-03 23:53:21 
jj1 = 666, max_th = 2.331521e+00, time=2024-09-03 23:53:48 
jj1 = 547, max_th = 1.734780e+00, time=2024-09-03 23:53:53 
jj1 = 453, max_th = 1.725425e+00, time=2024-09-03 23:55:46 
jj1 = 688, max_th = 1.788514e+00, time=2024-09-03 23:56:59 
jj1 = 334, max_th = 2.735945e+00, time=2024-09-03 23:58:07 
jj1 = 62, max_th = 2.236339e+00, time=2024-09-03 23:58:46 
jj1 = 707, max_th = 2.565893e+00, time=2024-09-03 23:58:49 
jj1 = 624, max_th = 2.166831e+00, time=2024-09-04 00:00:54 
jj1 = 452, max_th = 5.308497e-01, time=2024-09-04 00:03:03 
jj1 = 258, max_th = 1.818905e+00, time=2024-09-04 00:03:13 
jj1 = 728, max_th = 1.326884e+00, time=2024-09-04 00:03:33 
jj1 = 558, max_th = 2.673219e+00, time=2024-09-04 00:03:41 
jj1 = 218, max_th = 2.182350e+00, time=2024-09-04 00:05:11 
jj1 = 546, max_th = 2.497770e+00, time=2024-09-04 00:10:12 
jj1 = 747, max_th = 2.117534e+00, time=2024-09-04 00:11:13 
jj1 = 257, max_th = 1.362370e+00, time=2024-09-04 00:13:24 
jj1 = 665, max_th = 2.313325e+00, time=2024-09-04 00:13:38 
jj1 = 687, max_th = 1.772760e+00, time=2024-09-04 00:14:27 
jj1 = 451, max_th = 1.393712e+00, time=2024-09-04 00:17:11 
jj1 = 746, max_th = 1.354724e+00, time=2024-09-04 00:18:09 
jj1 = 706, max_th = 2.164168e+00, time=2024-09-04 00:19:20 
jj1 = 727, max_th = 2.489379e+00, time=2024-09-04 00:20:17 
jj1 = 623, max_th = 2.237902e+00, time=2024-09-04 00:23:27 
jj1 = 557, max_th = 1.996260e+00, time=2024-09-04 00:25:39 
jj1 = 61, max_th = 2.219886e+00, time=2024-09-04 00:25:57 
jj1 = 256, max_th = 1.444186e+00, time=2024-09-04 00:27:06 
jj1 = 648, max_th = 9.188535e-02, time=2024-09-04 00:27:37 
jj1 = 705, max_th = 2.753440e+00, time=2024-09-04 00:27:49 
jj1 = 664, max_th = 2.059206e+00, time=2024-09-04 00:34:52 
jj1 = 608, max_th = 1.368374e+00, time=2024-09-04 00:35:07 
jj1 = 745, max_th = 1.829771e+00, time=2024-09-04 00:35:25 
jj1 = 607, max_th = 9.412760e-01, time=2024-09-04 00:38:47 
jj1 = 545, max_th = 1.618738e+00, time=2024-09-04 00:40:24 
jj1 = 704, max_th = 1.595814e+00, time=2024-09-04 00:42:49 
jj1 = 726, max_th = 1.735219e+00, time=2024-09-04 00:44:28 
jj1 = 556, max_th = 1.809348e+00, time=2024-09-04 00:47:57 
jj1 = 647, max_th = 2.683114e+00, time=2024-09-04 00:48:18 
jj1 = 768, max_th = 1.305289e+00, time=2024-09-04 00:49:41 
jj1 = 622, max_th = 1.929092e+00, time=2024-09-04 00:50:41 
jj1 = 663, max_th = 1.769056e+00, time=2024-09-04 00:52:15 
jj1 = 544, max_th = 1.860532e+00, time=2024-09-04 00:53:25 
jj1 = 686, max_th = 1.965047e+00, time=2024-09-04 00:54:20 
jj1 = 744, max_th = 2.377912e+00, time=2024-09-04 00:57:06 
jj1 = 543, max_th = 9.061362e-01, time=2024-09-04 00:57:26 
jj1 = 555, max_th = 2.451430e+00, time=2024-09-04 00:58:52 
jj1 = 217, max_th = 2.422820e+00, time=2024-09-04 00:59:11 
jj1 = 606, max_th = 2.163245e+00, time=2024-09-04 01:01:35 
jj1 = 767, max_th = 2.660571e+00, time=2024-09-04 01:03:54 
jj1 = 725, max_th = 2.313336e+00, time=2024-09-04 01:05:08 
jj1 = 703, max_th = 2.026808e+00, time=2024-09-04 01:07:17 
jj1 = 588, max_th = 2.456526e+00, time=2024-09-04 01:11:02 
jj1 = 646, max_th = 1.832532e+00, time=2024-09-04 01:11:22 
jj1 = 621, max_th = 2.079379e+00, time=2024-09-04 01:12:50 
jj1 = 554, max_th = 2.270737e+00, time=2024-09-04 01:16:51 
jj1 = 662, max_th = 1.776234e+00, time=2024-09-04 01:17:33 
jj1 = 685, max_th = 1.535714e+00, time=2024-09-04 01:18:54 
jj1 = 702, max_th = 1.657658e+00, time=2024-09-04 01:20:27 
jj1 = 605, max_th = 2.298475e+00, time=2024-09-04 01:20:37 
jj1 = 724, max_th = 1.171955e+00, time=2024-09-04 01:21:09 
jj1 = 620, max_th = 2.648112e+00, time=2024-09-04 01:22:56 
jj1 = 645, max_th = 1.510711e+00, time=2024-09-04 01:29:25 
jj1 = 743, max_th = 1.958502e+00, time=2024-09-04 01:30:07 
jj1 = 701, max_th = 2.293152e+00, time=2024-09-04 01:30:30 
jj1 = 723, max_th = 1.257895e+00, time=2024-09-04 01:30:39 
jj1 = 766, max_th = 1.821408e+00, time=2024-09-04 01:31:18 
jj1 = 542, max_th = 2.176291e+00, time=2024-09-04 01:31:59 
jj1 = 587, max_th = 2.074852e+00, time=2024-09-04 01:34:26 
jj1 = 661, max_th = 1.835502e+00, time=2024-09-04 01:37:32 
jj1 = 553, max_th = 2.175585e+00, time=2024-09-04 01:42:52 
jj1 = 684, max_th = 1.735676e+00, time=2024-09-04 01:44:01 
jj1 = 619, max_th = 2.088723e+00, time=2024-09-04 01:46:19 
jj1 = 700, max_th = 1.602810e+00, time=2024-09-04 01:46:38 
jj1 = 722, max_th = 1.517687e+00, time=2024-09-04 01:47:36 
jj1 = 765, max_th = 1.565100e+00, time=2024-09-04 01:48:32 
jj1 = 586, max_th = 2.473299e+00, time=2024-09-04 01:49:10 
jj1 = 541, max_th = 2.255196e+00, time=2024-09-04 01:49:24 
jj1 = 644, max_th = 1.910718e+00, time=2024-09-04 01:50:38 
jj1 = 604, max_th = 1.772166e+00, time=2024-09-04 01:52:04 
jj1 = 603, max_th = 3.305095e+00, time=2024-09-04 01:52:19 
jj1 = 742, max_th = 1.730830e+00, time=2024-09-04 01:55:42 
jj1 = 540, max_th = 1.135759e+00, time=2024-09-04 01:56:19 
jj1 = 660, max_th = 1.965242e+00, time=2024-09-04 01:56:51 
jj1 = 699, max_th = 1.446436e+00, time=2024-09-04 01:56:52 
jj1 = 602, max_th = 2.935153e+00, time=2024-09-04 01:57:42 
jj1 = 585, max_th = 1.154500e+00, time=2024-09-04 02:00:45 
jj1 = 764, max_th = 2.299274e+00, time=2024-09-04 02:01:21 
jj1 = 643, max_th = 1.850262e+00, time=2024-09-04 02:01:43 
jj1 = 552, max_th = 1.891758e+00, time=2024-09-04 02:03:24 
jj1 = 741, max_th = 1.325389e+00, time=2024-09-04 02:04:17 
jj1 = 618, max_th = 1.748094e+00, time=2024-09-04 02:04:40 
jj1 = 721, max_th = 2.478727e+00, time=2024-09-04 02:05:04 
jj1 = 617, max_th = 3.149543e+00, time=2024-09-04 02:08:17 
jj1 = 551, max_th = 1.177236e+00, time=2024-09-04 02:11:40 
jj1 = 683, max_th = 1.778093e+00, time=2024-09-04 02:13:35 
jj1 = 698, max_th = 1.867346e+00, time=2024-09-04 02:14:38 
jj1 = 584, max_th = 2.249191e+00, time=2024-09-04 02:18:15 
jj1 = 550, max_th = 1.260339e+00, time=2024-09-04 02:19:06 
jj1 = 601, max_th = 1.861682e+00, time=2024-09-04 02:19:06 
jj1 = 642, max_th = 1.254061e+00, time=2024-09-04 02:20:24 
jj1 = 659, max_th = 2.323362e+00, time=2024-09-04 02:20:44 
jj1 = 763, max_th = 2.053477e+00, time=2024-09-04 02:21:59 
jj1 = 740, max_th = 2.265386e+00, time=2024-09-04 02:22:19 
jj1 = 658, max_th = 2.841000e+00, time=2024-09-04 02:24:12 
jj1 = 539, max_th = 1.363296e+00, time=2024-09-04 02:29:03 
jj1 = 720, max_th = 1.881800e+00, time=2024-09-04 02:30:11 
jj1 = 697, max_th = 2.311908e+00, time=2024-09-04 02:34:15 
jj1 = 719, max_th = 2.867561e+00, time=2024-09-04 02:34:35 
jj1 = 616, max_th = 1.868608e+00, time=2024-09-04 02:35:12 
jj1 = 682, max_th = 1.857211e+00, time=2024-09-04 02:35:24 
jj1 = 762, max_th = 1.835926e+00, time=2024-09-04 02:37:03 
jj1 = 615, max_th = 1.013388e+00, time=2024-09-04 02:40:45 
jj1 = 641, max_th = 1.656068e+00, time=2024-09-04 02:41:32 
jj1 = 696, max_th = 1.222856e+00, time=2024-09-04 02:42:57 
jj1 = 600, max_th = 2.039125e+00, time=2024-09-04 02:43:07 
jj1 = 549, max_th = 1.825648e+00, time=2024-09-04 02:43:38 
jj1 = 657, max_th = 1.520398e+00, time=2024-09-04 02:44:34 
jj1 = 538, max_th = 1.576886e+00, time=2024-09-04 02:44:37 
jj1 = 614, max_th = 2.751208e+00, time=2024-09-04 02:47:21 
jj1 = 718, max_th = 1.444092e+00, time=2024-09-04 02:49:37 
jj1 = 656, max_th = 2.919453e+00, time=2024-09-04 02:49:46 
jj1 = 583, max_th = 1.511826e+00, time=2024-09-04 02:50:49 
jj1 = 739, max_th = 1.847062e+00, time=2024-09-04 02:52:02 
jj1 = 778, max_th = 1.137975e+00, time=2024-09-04 02:52:35 
jj1 = 681, max_th = 1.893416e+00, time=2024-09-04 02:55:32 
jj1 = 695, max_th = 1.334193e+00, time=2024-09-04 02:56:58 
jj1 = 761, max_th = 2.593123e+00, time=2024-09-04 02:59:52 
jj1 = 613, max_th = 1.551965e+00, time=2024-09-04 03:01:07 
jj1 = 582, max_th = 1.345388e+00, time=2024-09-04 03:01:22 
jj1 = 599, max_th = 1.376092e+00, time=2024-09-04 03:01:30 
jj1 = 738, max_th = 2.560241e+00, time=2024-09-04 03:05:21 
jj1 = 655, max_th = 2.033972e+00, time=2024-09-04 03:10:12 
jj1 = 717, max_th = 2.096500e+00, time=2024-09-04 03:10:55 
jj1 = 640, max_th = 1.579771e+00, time=2024-09-04 03:12:22 
jj1 = 777, max_th = 1.753970e+00, time=2024-09-04 03:12:30 
jj1 = 537, max_th = 2.141959e+00, time=2024-09-04 03:13:33 
jj1 = 680, max_th = 2.021047e+00, time=2024-09-04 03:14:59 
jj1 = 694, max_th = 1.571055e+00, time=2024-09-04 03:17:04 
jj1 = 581, max_th = 1.282105e+00, time=2024-09-04 03:18:00 
jj1 = 598, max_th = 1.773646e+00, time=2024-09-04 03:23:56 
jj1 = 760, max_th = 2.096318e+00, time=2024-09-04 03:23:59 
jj1 = 536, max_th = 2.548871e+00, time=2024-09-04 03:24:32 
jj1 = 776, max_th = 1.548850e+00, time=2024-09-04 03:25:51 
jj1 = 612, max_th = 1.932737e+00, time=2024-09-04 03:26:02 
jj1 = 737, max_th = 1.973219e+00, time=2024-09-04 03:28:19 
jj1 = 693, max_th = 2.433373e+00, time=2024-09-04 03:29:57 
jj1 = 775, max_th = 1.250185e+00, time=2024-09-04 03:30:15 
jj1 = 716, max_th = 1.853306e+00, time=2024-09-04 03:31:25 
jj1 = 639, max_th = 1.526507e+00, time=2024-09-04 03:31:37 
jj1 = 759, max_th = 1.214784e+00, time=2024-09-04 03:33:02 
jj1 = 654, max_th = 1.842965e+00, time=2024-09-04 03:34:09 
jj1 = 679, max_th = 1.575862e+00, time=2024-09-04 03:35:16 
jj1 = 535, max_th = 1.092474e+00, time=2024-09-04 03:36:11 
jj1 = 580, max_th = 2.154371e+00, time=2024-09-04 03:36:31 
jj1 = 678, max_th = 2.856595e+00, time=2024-09-04 03:37:57 
jj1 = 611, max_th = 2.403071e+00, time=2024-09-04 03:38:46 
jj1 = 534, max_th = 9.255131e-01, time=2024-09-04 03:42:28 
jj1 = 597, max_th = 1.397562e+00, time=2024-09-04 03:43:09 
jj1 = 715, max_th = 2.103936e+00, time=2024-09-04 03:43:51 
jj1 = 638, max_th = 2.660774e+00, time=2024-09-04 03:44:33 
jj1 = 692, max_th = 2.475781e+00, time=2024-09-04 03:48:45 
jj1 = 691, max_th = 3.250436e+00, time=2024-09-04 03:49:28 
jj1 = 774, max_th = 1.616572e+00, time=2024-09-04 03:52:11 
jj1 = 653, max_th = 2.266358e+00, time=2024-09-04 03:52:16 
jj1 = 610, max_th = 3.647448e+00, time=2024-09-04 03:54:13 
jj1 = 736, max_th = 2.108838e+00, time=2024-09-04 03:55:22 
jj1 = 579, max_th = 2.186419e+00, time=2024-09-04 03:55:59 
jj1 = 773, max_th = 2.904606e+00, time=2024-09-04 03:57:28 
jj1 = 596, max_th = 2.634191e+00, time=2024-09-04 03:59:11 
jj1 = 758, max_th = 1.710211e+00, time=2024-09-04 04:01:12 
jj1 = 714, max_th = 1.577681e+00, time=2024-09-04 04:03:26 
jj1 = 533, max_th = 1.632525e+00, time=2024-09-04 04:04:30 
jj1 = 713, max_th = 2.750524e+00, time=2024-09-04 04:06:56 
jj1 = 677, max_th = 2.303217e+00, time=2024-09-04 04:07:42 
jj1 = 637, max_th = 1.731098e+00, time=2024-09-04 04:07:57 
jj1 = 735, max_th = 2.819946e+00, time=2024-09-04 04:08:15 
jj1 = 772, max_th = 1.407075e+00, time=2024-09-04 04:09:33 
jj1 = 609, max_th = 2.146961e+00, time=2024-09-04 04:14:07 
jj1 = 690, max_th = 1.760312e+00, time=2024-09-04 04:14:27 
jj1 = 652, max_th = 2.223442e+00, time=2024-09-04 04:14:38 
jj1 = 578, max_th = 1.766753e+00, time=2024-09-04 04:15:41 
jj1 = 788, max_th = 1.104752e+00, time=2024-09-04 04:16:12 
jj1 = 532, max_th = 1.528290e+00, time=2024-09-04 04:17:47 
jj1 = 651, max_th = 1.221807e+00, time=2024-09-04 04:22:50 
jj1 = 676, max_th = 1.515421e+00, time=2024-09-04 04:24:29 
jj1 = 595, max_th = 1.660887e+00, time=2024-09-04 04:25:42 
jj1 = 757, max_th = 2.767557e+00, time=2024-09-04 04:26:18 
jj1 = 756, max_th = 1.707316e-01, time=2024-09-04 04:26:29 
jj1 = 787, max_th = 1.359617e+00, time=2024-09-04 04:27:49 
jj1 = 650, max_th = 2.687351e+00, time=2024-09-04 04:28:46 
jj1 = 636, max_th = 2.272911e+00, time=2024-09-04 04:31:21 
jj1 = 531, max_th = 2.784881e+00, time=2024-09-04 04:31:37 
jj1 = 755, max_th = 2.661285e+00, time=2024-09-04 04:33:49 
jj1 = 771, max_th = 1.860173e+00, time=2024-09-04 04:34:00 
jj1 = 734, max_th = 1.875074e+00, time=2024-09-04 04:34:36 
jj1 = 754, max_th = 3.158992e+00, time=2024-09-04 04:34:45 
jj1 = 649, max_th = 2.888004e+00, time=2024-09-04 04:34:57 
jj1 = 712, max_th = 2.047487e+00, time=2024-09-04 04:36:07 
jj1 = 635, max_th = 2.808444e+00, time=2024-09-04 04:38:34 
jj1 = 733, max_th = 1.113818e+00, time=2024-09-04 04:38:59 
jj1 = 530, max_th = 2.628647e+00, time=2024-09-04 04:40:15 
jj1 = 786, max_th = 3.469606e+00, time=2024-09-04 04:40:41 
jj1 = 594, max_th = 2.409512e+00, time=2024-09-04 04:41:12 
jj1 = 577, max_th = 1.915339e+00, time=2024-09-04 04:41:44 
jj1 = 529, max_th = 5.983264e-01, time=2024-09-04 04:42:07 
jj1 = 770, max_th = 2.436242e+00, time=2024-09-04 04:46:52 
jj1 = 689, max_th = 2.378508e+00, time=2024-09-04 04:48:08 
jj1 = 634, max_th = 2.770300e+00, time=2024-09-04 04:48:19 
jj1 = 675, max_th = 1.877876e+00, time=2024-09-04 04:49:22 
jj1 = 785, max_th = 1.645132e+00, time=2024-09-04 04:51:56 
jj1 = 711, max_th = 1.856315e+00, time=2024-09-04 04:54:02 
jj1 = 732, max_th = 1.418851e+00, time=2024-09-04 04:54:51 
jj1 = 753, max_th = 1.880275e+00, time=2024-09-04 04:56:12 
jj1 = 593, max_th = 2.380217e+00, time=2024-09-04 04:58:38 
jj1 = 576, max_th = 2.088108e+00, time=2024-09-04 05:00:14 
jj1 = 838, max_th = 2.630505e+00, time=2024-09-04 05:00:19 
jj1 = 798, max_th = 2.086371e+00, time=2024-09-04 05:00:22 
jj1 = 769, max_th = 1.479672e+00, time=2024-09-04 05:03:32 
jj1 = 674, max_th = 8.933443e-01, time=2024-09-04 05:05:13 
jj1 = 710, max_th = 2.719782e+00, time=2024-09-04 05:06:08 
jj1 = 808, max_th = 2.163497e+00, time=2024-09-04 05:06:24 
jj1 = 893, max_th = 3.531405e+00, time=2024-09-04 05:08:44 
jj1 = 633, max_th = 1.892021e+00, time=2024-09-04 05:12:34 
jj1 = 752, max_th = 1.405914e+00, time=2024-09-04 05:14:44 
jj1 = 709, max_th = 1.454302e+00, time=2024-09-04 05:20:37 
jj1 = 797, max_th = 2.314804e+00, time=2024-09-04 05:22:24 
jj1 = 673, max_th = 1.706499e+00, time=2024-09-04 05:22:51 
jj1 = 784, max_th = 2.125354e+00, time=2024-09-04 05:22:55 
jj1 = 592, max_th = 2.000889e+00, time=2024-09-04 05:23:05 
jj1 = 575, max_th = 1.931907e+00, time=2024-09-04 05:28:30 
jj1 = 892, max_th = 1.587263e+00, time=2024-09-04 05:29:16 
jj1 = 807, max_th = 1.706913e+00, time=2024-09-04 05:29:29 
jj1 = 672, max_th = 2.578694e+00, time=2024-09-04 05:29:46 
jj1 = 751, max_th = 2.074017e+00, time=2024-09-04 05:33:05 
jj1 = 783, max_th = 2.426076e+00, time=2024-09-04 05:33:39 
jj1 = 731, max_th = 2.122985e+00, time=2024-09-04 05:36:43 
jj1 = 632, max_th = 1.765249e+00, time=2024-09-04 05:38:18 
jj1 = 574, max_th = 2.546778e+00, time=2024-09-04 05:39:17 
jj1 = 782, max_th = 2.841678e+00, time=2024-09-04 05:39:51 
jj1 = 796, max_th = 2.103689e+00, time=2024-09-04 05:43:26 
jj1 = 848, max_th = 1.677837e+00, time=2024-09-04 05:44:08 
jj1 = 806, max_th = 2.492633e+00, time=2024-09-04 05:44:36 
jj1 = 671, max_th = 2.542583e+00, time=2024-09-04 05:45:16 
jj1 = 573, max_th = 3.424818e+00, time=2024-09-04 05:46:31 
jj1 = 591, max_th = 1.795158e+00, time=2024-09-04 05:46:40 
jj1 = 837, max_th = 2.318299e+00, time=2024-09-04 05:48:12 
jj1 = 891, max_th = 1.568486e+00, time=2024-09-04 05:48:42 
jj1 = 750, max_th = 2.510051e+00, time=2024-09-04 05:48:52 
jj1 = 730, max_th = 1.594821e+00, time=2024-09-04 05:54:17 
jj1 = 749, max_th = 1.334239e+00, time=2024-09-04 05:54:21 
jj1 = 805, max_th = 1.797246e+00, time=2024-09-04 05:54:45 
jj1 = 890, max_th = 2.723218e+00, time=2024-09-04 05:56:52 
jj1 = 781, max_th = 2.612933e+00, time=2024-09-04 05:59:15 
jj1 = 590, max_th = 2.292085e+00, time=2024-09-04 06:01:54 
jj1 = 804, max_th = 2.549484e+00, time=2024-09-04 06:02:11 
jj1 = 795, max_th = 2.360296e+00, time=2024-09-04 06:03:01 
jj1 = 631, max_th = 1.934141e+00, time=2024-09-04 06:03:18 
jj1 = 670, max_th = 2.369085e+00, time=2024-09-04 06:05:12 
jj1 = 889, max_th = 1.508261e+00, time=2024-09-04 06:05:34 
jj1 = 669, max_th = -1.192263e+00, time=2024-09-04 06:05:42 
jj1 = 836, max_th = 1.779020e+00, time=2024-09-04 06:06:15 
jj1 = 847, max_th = 1.715028e+00, time=2024-09-04 06:07:05 
jj1 = 572, max_th = 2.169488e+00, time=2024-09-04 06:09:01 
jj1 = 729, max_th = 2.341173e+00, time=2024-09-04 06:09:02 
jj1 = 589, max_th = 1.344266e+00, time=2024-09-04 06:13:12 
jj1 = 803, max_th = 2.170070e+00, time=2024-09-04 06:15:49 
jj1 = 846, max_th = 1.488990e+00, time=2024-09-04 06:15:51 
jj1 = 780, max_th = 1.482922e+00, time=2024-09-04 06:18:07 
jj1 = 858, max_th = 1.138804e+00, time=2024-09-04 06:18:44 
jj1 = 818, max_th = 2.475786e+00, time=2024-09-04 06:20:40 
jj1 = 794, max_th = 1.230483e+00, time=2024-09-04 06:24:37 
jj1 = 630, max_th = 2.036750e+00, time=2024-09-04 06:24:51 
jj1 = 878, max_th = 1.590326e+00, time=2024-09-04 06:25:37 
jj1 = 918, max_th = 1.725771e+00, time=2024-09-04 06:26:06 
jj1 = 828, max_th = 1.756712e+00, time=2024-09-04 06:26:06 
jj1 = 571, max_th = 1.599014e+00, time=2024-09-04 06:27:53 
jj1 = 835, max_th = 2.132378e+00, time=2024-09-04 06:28:08 
jj1 = 779, max_th = 1.800681e+00, time=2024-09-04 06:29:41 
jj1 = 845, max_th = 2.254499e+00, time=2024-09-04 06:31:36 
jj1 = 802, max_th = 1.265938e+00, time=2024-09-04 06:33:07 
jj1 = 857, max_th = 2.608359e+00, time=2024-09-04 06:34:17 
jj1 = 827, max_th = 1.596919e+00, time=2024-09-04 06:40:43 
jj1 = 817, max_th = 1.661777e+00, time=2024-09-04 06:40:54 
jj1 = 801, max_th = 2.769120e+00, time=2024-09-04 06:41:48 
jj1 = 793, max_th = 2.380746e+00, time=2024-09-04 06:44:43 
jj1 = 917, max_th = 1.715519e+00, time=2024-09-04 06:44:55 
jj1 = 570, max_th = 1.777310e+00, time=2024-09-04 06:45:16 
jj1 = 856, max_th = 1.501691e+00, time=2024-09-04 06:47:01 
jj1 = 877, max_th = 1.733725e+00, time=2024-09-04 06:51:58 
jj1 = 844, max_th = 1.890451e+00, time=2024-09-04 06:52:05 
jj1 = 834, max_th = 1.887305e+00, time=2024-09-04 06:53:42 
jj1 = 569, max_th = 2.623344e+00, time=2024-09-04 06:53:58 
jj1 = 792, max_th = 1.570528e+00, time=2024-09-04 06:54:23 
jj1 = 629, max_th = 2.047551e+00, time=2024-09-04 06:55:40 
jj1 = 816, max_th = 2.213719e+00, time=2024-09-04 06:58:12 
jj1 = 898, max_th = 2.311779e+00, time=2024-09-04 06:58:40 
jj1 = 843, max_th = 2.497003e+00, time=2024-09-04 06:59:07 
jj1 = 888, max_th = 2.571189e+00, time=2024-09-04 07:00:49 
jj1 = 916, max_th = 1.518656e+00, time=2024-09-04 07:01:43 
jj1 = 826, max_th = 3.686426e+00, time=2024-09-04 07:02:58 
jj1 = 791, max_th = 2.367026e+00, time=2024-09-04 07:04:06 
jj1 = 897, max_th = 2.300493e+00, time=2024-09-04 07:04:46 
jj1 = 833, max_th = 1.537919e+00, time=2024-09-04 07:04:54 
jj1 = 887, max_th = 2.673786e+00, time=2024-09-04 07:05:38 
jj1 = 886, max_th = 3.290311e+00, time=2024-09-04 07:05:53 
jj1 = 868, max_th = 2.592030e+00, time=2024-09-04 07:06:26 
jj1 = 855, max_th = 2.468990e+00, time=2024-09-04 07:07:09 
jj1 = 842, max_th = 1.677220e+00, time=2024-09-04 07:08:04 
jj1 = 825, max_th = 2.498877e+00, time=2024-09-04 07:09:21 
jj1 = 824, max_th = 1.213747e+00, time=2024-09-04 07:12:44 
jj1 = 800, max_th = 2.275018e+00, time=2024-09-04 07:12:49 
jj1 = 885, max_th = 1.112319e+00, time=2024-09-04 07:13:02 
jj1 = 915, max_th = 1.789836e+00, time=2024-09-04 07:13:20 
jj1 = 896, max_th = 2.026831e+00, time=2024-09-04 07:14:55 
jj1 = 876, max_th = 1.908658e+00, time=2024-09-04 07:15:56 
jj1 = 815, max_th = 2.149563e+00, time=2024-09-04 07:16:58 
jj1 = 895, max_th = 2.524841e+00, time=2024-09-04 07:19:16 
jj1 = 914, max_th = 2.729003e+00, time=2024-09-04 07:19:29 
jj1 = 867, max_th = 2.258972e+00, time=2024-09-04 07:20:08 
jj1 = 832, max_th = 1.859796e+00, time=2024-09-04 07:20:50 
jj1 = 841, max_th = 1.833050e+00, time=2024-09-04 07:21:51 
jj1 = 790, max_th = 1.785883e+00, time=2024-09-04 07:22:37 
jj1 = 854, max_th = 1.751657e+00, time=2024-09-04 07:22:47 
jj1 = 799, max_th = 2.463699e+00, time=2024-09-04 07:23:09 
jj1 = 823, max_th = 2.108011e+00, time=2024-09-04 07:23:14 
jj1 = 831, max_th = 7.269682e-01, time=2024-09-04 07:24:22 
jj1 = 875, max_th = 1.562539e+00, time=2024-09-04 07:25:37 
jj1 = 840, max_th = 1.550178e+00, time=2024-09-04 07:26:09 
jj1 = 814, max_th = 2.162841e+00, time=2024-09-04 07:27:44 
jj1 = 839, max_th = 2.830332e+00, time=2024-09-04 07:28:10 
jj1 = 789, max_th = 2.160064e+00, time=2024-09-04 07:29:32 
jj1 = 866, max_th = 2.199012e+00, time=2024-09-04 07:29:42 
jj1 = 822, max_th = 1.894600e+00, time=2024-09-04 07:30:22 
jj1 = 884, max_th = 2.141202e+00, time=2024-09-04 07:30:25 
jj1 = 894, max_th = 2.048511e+00, time=2024-09-04 07:30:38 
jj1 = 903, max_th = 9.069976e-02, time=2024-09-04 07:31:27 
jj1 = 933, max_th = 1.918729e+00, time=2024-09-04 07:32:57 
jj1 = 902, max_th = 1.370275e+00, time=2024-09-04 07:33:44 
jj1 = 853, max_th = 2.108964e+00, time=2024-09-04 07:34:22 
jj1 = 830, max_th = 2.208207e+00, time=2024-09-04 07:34:27 
jj1 = 821, max_th = 1.363526e+00, time=2024-09-04 07:35:28 
jj1 = 874, max_th = 2.123857e+00, time=2024-09-04 07:36:40 
jj1 = 813, max_th = 1.975410e+00, time=2024-09-04 07:37:54 
jj1 = 908, max_th = 2.275777e+00, time=2024-09-04 07:37:56 
jj1 = 923, max_th = 2.212405e+00, time=2024-09-04 07:37:58 
jj1 = 932, max_th = 2.147030e+00, time=2024-09-04 07:39:01 
jj1 = 952, max_th = 1.691837e+00, time=2024-09-04 07:40:32 
jj1 = 820, max_th = 2.587336e+00, time=2024-09-04 07:40:46 
jj1 = 812, max_th = 1.162079e+00, time=2024-09-04 07:41:49 
jj1 = 865, max_th = 2.125640e+00, time=2024-09-04 07:43:02 
jj1 = 873, max_th = 1.719130e+00, time=2024-09-04 07:43:30 
jj1 = 922, max_th = 2.489088e+00, time=2024-09-04 07:43:38 
jj1 = 829, max_th = 1.880178e+00, time=2024-09-04 07:43:56 
jj1 = 931, max_th = 2.402476e+00, time=2024-09-04 07:46:19 
jj1 = 913, max_th = 1.234717e+00, time=2024-09-04 07:46:38 
jj1 = 921, max_th = 2.681818e+00, time=2024-09-04 07:47:15 
jj1 = 930, max_th = 7.410642e-01, time=2024-09-04 07:47:28 
jj1 = 883, max_th = 1.720672e+00, time=2024-09-04 07:49:09 
jj1 = 811, max_th = 2.485022e+00, time=2024-09-04 07:49:30 
jj1 = 901, max_th = 2.219402e+00, time=2024-09-04 07:50:15 
jj1 = 819, max_th = 1.766223e+00, time=2024-09-04 07:51:48 
jj1 = 864, max_th = 1.687710e+00, time=2024-09-04 07:52:05 
jj1 = 912, max_th = 1.789885e+00, time=2024-09-04 07:52:14 
jj1 = 900, max_th = 1.186363e+00, time=2024-09-04 07:53:01 
jj1 = 872, max_th = 2.146089e+00, time=2024-09-04 07:54:21 
jj1 = 951, max_th = 1.843044e+00, time=2024-09-04 07:54:31 
jj1 = 920, max_th = 2.169932e+00, time=2024-09-04 07:57:29 
jj1 = 810, max_th = 1.913352e+00, time=2024-09-04 07:58:21 
jj1 = 899, max_th = 2.670044e+00, time=2024-09-04 07:58:25 
jj1 = 911, max_th = 2.363450e+00, time=2024-09-04 07:58:46 
jj1 = 976, max_th = 3.904813e-01, time=2024-09-04 07:59:07 
jj1 = 929, max_th = 1.986917e+00, time=2024-09-04 07:59:29 
jj1 = 809, max_th = 2.879443e+00, time=2024-09-04 08:00:09 
jj1 = 882, max_th = 1.946232e+00, time=2024-09-04 08:02:38 
jj1 = 881, max_th = 9.195997e-01, time=2024-09-04 08:03:25 
jj1 = 943, max_th = 1.488923e+00, time=2024-09-04 08:04:37 
jj1 = 863, max_th = 2.206688e+00, time=2024-09-04 08:04:42 
jj1 = 852, max_th = 1.736903e+00, time=2024-09-04 08:05:06 
jj1 = 942, max_th = 3.363937e+00, time=2024-09-04 08:05:37 
jj1 = 871, max_th = 2.022837e+00, time=2024-09-04 08:07:01 
jj1 = 964, max_th = 2.475569e+00, time=2024-09-04 08:07:36 
jj1 = 941, max_th = 2.963650e+00, time=2024-09-04 08:09:39 
jj1 = 975, max_th = 2.334781e+00, time=2024-09-04 08:10:04 
jj1 = 950, max_th = 1.854405e+00, time=2024-09-04 08:10:30 
jj1 = 880, max_th = 1.849522e+00, time=2024-09-04 08:11:33 
jj1 = 919, max_th = 1.879588e+00, time=2024-09-04 08:14:11 
jj1 = 862, max_th = 2.277696e+00, time=2024-09-04 08:14:22 
jj1 = 940, max_th = 1.229952e+00, time=2024-09-04 08:14:59 
jj1 = 907, max_th = 2.007285e+00, time=2024-09-04 08:15:33 
jj1 = 938, max_th = 2.736017e+00, time=2024-09-04 08:16:06 
jj1 = 851, max_th = 2.059936e+00, time=2024-09-04 08:16:56 
jj1 = 963, max_th = 1.728514e+00, time=2024-09-04 08:17:31 
jj1 = 910, max_th = 2.080326e+00, time=2024-09-04 08:18:18 
jj1 = 974, max_th = 1.978328e+00, time=2024-09-04 08:19:11 
jj1 = 870, max_th = 2.536432e+00, time=2024-09-04 08:19:55 
jj1 = 949, max_th = 2.060359e+00, time=2024-09-04 08:20:19 
jj1 = 861, max_th = 2.230325e+00, time=2024-09-04 08:20:22 
jj1 = 909, max_th = 9.650113e-01, time=2024-09-04 08:21:15 
jj1 = 850, max_th = 1.432116e+00, time=2024-09-04 08:21:26 
jj1 = 906, max_th = 1.654719e+00, time=2024-09-04 08:21:44 
jj1 = 937, max_th = 1.232465e+00, time=2024-09-04 08:21:44 
jj1 = 973, max_th = 1.310450e+00, time=2024-09-04 08:22:15 
jj1 = 879, max_th = 2.403433e+00, time=2024-09-04 08:22:38 
jj1 = 984, max_th = 1.182872e+00, time=2024-09-04 08:23:12 
jj1 = 980, max_th = 2.737256e+00, time=2024-09-04 08:25:01 
jj1 = 972, max_th = 2.376648e+00, time=2024-09-04 08:26:04 
jj1 = 849, max_th = 1.487078e+00, time=2024-09-04 08:26:41 
jj1 = 939, max_th = 2.035710e+00, time=2024-09-04 08:27:23 
jj1 = 860, max_th = 2.050440e+00, time=2024-09-04 08:28:10 
jj1 = 992, max_th = 1.433772e+00, time=2024-09-04 08:28:26 
jj1 = 869, max_th = 1.787888e+00, time=2024-09-04 08:29:16 
jj1 = 962, max_th = 2.012688e+00, time=2024-09-04 08:29:37 
jj1 = 983, max_th = 1.674909e+00, time=2024-09-04 08:30:17 
jj1 = 948, max_th = -2.459980e-01, time=2024-09-04 08:30:29 
jj1 = 971, max_th = 2.551755e+00, time=2024-09-04 08:31:31 
jj1 = 956, max_th = 2.429878e+00, time=2024-09-04 08:31:32 
jj1 = 982, max_th = 9.242056e-01, time=2024-09-04 08:31:42 
jj1 = 936, max_th = 2.013304e+00, time=2024-09-04 08:31:56 
jj1 = 961, max_th = 2.833027e+00, time=2024-09-04 08:33:43 
jj1 = 981, max_th = 1.100175e+00, time=2024-09-04 08:34:17 
jj1 = 979, max_th = 1.720311e+00, time=2024-09-04 08:34:42 
jj1 = 947, max_th = 1.082553e+00, time=2024-09-04 08:34:44 
jj1 = 997, max_th = 2.004551e+00, time=2024-09-04 08:35:56 
jj1 = 859, max_th = 1.753948e+00, time=2024-09-04 08:36:11 
jj1 = 928, max_th = 1.703704e+00, time=2024-09-04 08:37:06 
jj1 = 946, max_th = 2.571534e+00, time=2024-09-04 08:37:28 
jj1 = 991, max_th = 1.852118e+00, time=2024-09-04 08:37:30 
jj1 = 955, max_th = 2.485039e+00, time=2024-09-04 08:37:48 
jj1 = 927, max_th = 6.720279e-02, time=2024-09-04 08:37:52 
jj1 = 970, max_th = -1.967017e-01, time=2024-09-04 08:38:49 
jj1 = 1000, max_th = 1.315299e+00, time=2024-09-04 08:39:08 
jj1 = 945, max_th = 1.102864e+00, time=2024-09-04 08:40:08 
jj1 = 926, max_th = 1.274614e+00, time=2024-09-04 08:40:39 
jj1 = 996, max_th = 1.786917e+00, time=2024-09-04 08:40:51 
jj1 = 905, max_th = 2.273259e+00, time=2024-09-04 08:41:31 
jj1 = 935, max_th = 2.132566e+00, time=2024-09-04 08:42:45 
jj1 = 960, max_th = 2.350388e+00, time=2024-09-04 08:42:56 
jj1 = 990, max_th = 1.667183e+00, time=2024-09-04 08:42:58 
jj1 = 978, max_th = 1.780516e+00, time=2024-09-04 08:44:04 
jj1 = 944, max_th = 2.777449e+00, time=2024-09-04 08:44:53 
jj1 = 989, max_th = 2.601376e+00, time=2024-09-04 08:45:56 
jj1 = 969, max_th = 2.369547e+00, time=2024-09-04 08:45:58 
jj1 = 954, max_th = 1.677880e+00, time=2024-09-04 08:46:05 
jj1 = 995, max_th = 2.451405e+00, time=2024-09-04 08:46:27 
jj1 = 904, max_th = 1.643094e+00, time=2024-09-04 08:47:10 
jj1 = 959, max_th = 2.221415e+00, time=2024-09-04 08:50:06 
jj1 = 925, max_th = 1.936525e+00, time=2024-09-04 08:50:42 
jj1 = 953, max_th = 1.889521e+00, time=2024-09-04 08:51:23 
jj1 = 934, max_th = 1.741912e+00, time=2024-09-04 08:51:43 
jj1 = 977, max_th = 1.608541e+00, time=2024-09-04 08:53:58 
jj1 = 994, max_th = 2.504040e+00, time=2024-09-04 08:54:39 
jj1 = 998, max_th = 1.856969e+00, time=2024-09-04 08:54:48 
jj1 = 968, max_th = 1.107014e+00, time=2024-09-04 08:54:57 
jj1 = 924, max_th = 2.518596e+00, time=2024-09-04 08:55:02 
jj1 = 967, max_th = 3.094085e+00, time=2024-09-04 08:56:04 
jj1 = 958, max_th = 1.938196e+00, time=2024-09-04 08:57:32 
jj1 = 988, max_th = 2.123024e+00, time=2024-09-04 08:58:39 
jj1 = 999, max_th = 1.663482e+00, time=2024-09-04 08:58:41 
jj1 = 993, max_th = 2.391628e+00, time=2024-09-04 09:00:50 
jj1 = 966, max_th = 2.606368e+00, time=2024-09-04 09:01:17 
jj1 = 957, max_th = 1.283267e+00, time=2024-09-04 09:04:27 
jj1 = 987, max_th = 1.736053e+00, time=2024-09-04 09:04:40 
jj1 = 986, max_th = 9.626766e-01, time=2024-09-04 09:05:28 
jj1 = 965, max_th = 2.170381e+00, time=2024-09-04 09:06:59 
jj1 = 985, max_th = 1.543243e+00, time=2024-09-04 09:12:39 
>> >> >> >> >> >> >> >> 