MATLAB is selecting SOFTWARE OPENGL rendering.

                            < M A T L A B (R) >
                  Copyright 1984-2021 The MathWorks, Inc.
                  R2021b (9.11.0.1769968) 64-bit (glnxa64)
                             September 17, 2021

 
To get started, type doc.
For product information, visit www.mathworks.com.
 
>> >> >> >> >> >> >> >> >> >> >> >> >> >> >> >> >> >> >> >> >> >> >> >> Starting parallel pool (parpool) using the 'local' profile ...
Connected to the parallel pool (number of workers: 12).
jj1 = 55, max_th = 3.110765e+00, time=2024-09-03 10:03:43 
jj1 = 10, max_th = 3.091408e+00, time=2024-09-03 10:03:54 
jj1 = 15, max_th = 3.063268e+00, time=2024-09-03 10:04:12 
jj1 = 25, max_th = 1.349511e+00, time=2024-09-03 10:09:32 
jj1 = 40, max_th = 1.243189e+00, time=2024-09-03 10:12:16 
jj1 = 24, max_th = 2.760818e+00, time=2024-09-03 10:17:03 
jj1 = 54, max_th = 1.695434e+00, time=2024-09-03 10:20:44 
jj1 = 20, max_th = 1.852529e+00, time=2024-09-03 10:22:09 
jj1 = 50, max_th = 1.948745e+00, time=2024-09-03 10:22:33 
jj1 = 35, max_th = 1.680721e+00, time=2024-09-03 10:24:35 
jj1 = 5, max_th = 1.922820e+00, time=2024-09-03 10:25:05 
jj1 = 45, max_th = 1.880769e+00, time=2024-09-03 10:25:24 
jj1 = 30, max_th = 2.168462e+00, time=2024-09-03 10:25:56 
jj1 = 44, max_th = -4.531550e-02, time=2024-09-03 10:26:13 
jj1 = 60, max_th = 2.179605e+00, time=2024-09-03 10:27:02 
jj1 = 9, max_th = 2.157717e+00, time=2024-09-03 10:27:49 
jj1 = 14, max_th = 2.164424e+00, time=2024-09-03 10:28:09 
jj1 = 53, max_th = 1.380710e+00, time=2024-09-03 10:34:05 
jj1 = 13, max_th = 2.771369e+00, time=2024-09-03 10:35:31 
jj1 = 39, max_th = 1.889634e+00, time=2024-09-03 10:36:25 
jj1 = 23, max_th = 1.614244e+00, time=2024-09-03 10:37:12 
jj1 = 8, max_th = 1.354276e+00, time=2024-09-03 10:38:54 
jj1 = 59, max_th = 1.310058e+00, time=2024-09-03 10:39:40 
jj1 = 49, max_th = 1.706296e+00, time=2024-09-03 10:42:40 
jj1 = 29, max_th = 2.374654e+00, time=2024-09-03 10:44:52 
jj1 = 19, max_th = 1.862200e+00, time=2024-09-03 10:46:01 
jj1 = 34, max_th = 2.110454e+00, time=2024-09-03 10:46:32 
jj1 = 4, max_th = 2.193393e+00, time=2024-09-03 10:46:51 
jj1 = 43, max_th = 1.883499e+00, time=2024-09-03 10:50:23 
jj1 = 12, max_th = 1.590850e+00, time=2024-09-03 10:53:06 
jj1 = 22, max_th = 1.560065e+00, time=2024-09-03 10:53:52 
jj1 = 52, max_th = 2.189047e+00, time=2024-09-03 10:56:44 
jj1 = 58, max_th = 1.658423e+00, time=2024-09-03 10:59:29 
jj1 = 38, max_th = 2.160532e+00, time=2024-09-03 10:59:41 
jj1 = 18, max_th = 2.404611e+00, time=2024-09-03 11:01:44 
jj1 = 7, max_th = 2.182087e+00, time=2024-09-03 11:04:19 
jj1 = 33, max_th = 1.897515e+00, time=2024-09-03 11:05:58 
jj1 = 28, max_th = 1.670529e+00, time=2024-09-03 11:07:06 
jj1 = 48, max_th = 2.181615e+00, time=2024-09-03 11:07:16 
jj1 = 42, max_th = 2.295677e+00, time=2024-09-03 11:09:23 
jj1 = 21, max_th = 2.406819e+00, time=2024-09-03 11:11:07 
jj1 = 3, max_th = 1.923999e+00, time=2024-09-03 11:13:01 
jj1 = 37, max_th = 1.334829e+00, time=2024-09-03 11:13:16 
jj1 = 11, max_th = 1.677111e+00, time=2024-09-03 11:14:55 
jj1 = 255, max_th = 2.861185e+00, time=2024-09-03 11:16:39 
jj1 = 27, max_th = 1.287978e+00, time=2024-09-03 11:17:42 
jj1 = 57, max_th = 2.325949e+00, time=2024-09-03 11:19:32 
jj1 = 51, max_th = 2.170401e+00, time=2024-09-03 11:20:52 
jj1 = 41, max_th = 2.582280e+00, time=2024-09-03 11:21:16 
jj1 = 17, max_th = 1.675723e+00, time=2024-09-03 11:21:28 
jj1 = 6, max_th = 1.951460e+00, time=2024-09-03 11:23:47 
jj1 = 32, max_th = 2.375687e+00, time=2024-09-03 11:24:24 
jj1 = 47, max_th = 1.671120e+00, time=2024-09-03 11:26:45 
jj1 = 36, max_th = 1.608816e+00, time=2024-09-03 11:29:43 
jj1 = 26, max_th = 2.510161e+00, time=2024-09-03 11:30:32 
jj1 = 372, max_th = -4.238579e-02, time=2024-09-03 11:30:39 
jj1 = 2, max_th = 1.686154e+00, time=2024-09-03 11:31:06 
jj1 = 16, max_th = 1.361881e+00, time=2024-09-03 11:32:29 
jj1 = 138, max_th = 1.277127e+00, time=2024-09-03 11:33:07 
jj1 = 254, max_th = 2.373172e+00, time=2024-09-03 11:33:59 
jj1 = 489, max_th = 2.403151e+00, time=2024-09-03 11:34:52 
jj1 = 56, max_th = 2.467266e+00, time=2024-09-03 11:35:19 
jj1 = 177, max_th = 2.140210e+00, time=2024-09-03 11:35:30 
jj1 = 46, max_th = 1.306881e+00, time=2024-09-03 11:36:25 
jj1 = 31, max_th = 2.486479e+00, time=2024-09-03 11:38:16 
jj1 = 137, max_th = 2.784736e+00, time=2024-09-03 11:39:26 
jj1 = 371, max_th = 1.294479e+00, time=2024-09-03 11:39:38 
jj1 = 450, max_th = 2.907791e+00, time=2024-09-03 11:39:56 
jj1 = 411, max_th = 2.027801e+00, time=2024-09-03 11:43:21 
jj1 = 1, max_th = 1.643588e+00, time=2024-09-03 11:47:04 
jj1 = 294, max_th = 2.248199e+00, time=2024-09-03 11:47:34 
jj1 = 333, max_th = 1.261717e+00, time=2024-09-03 11:47:41 
jj1 = 488, max_th = 2.466436e+00, time=2024-09-03 11:49:40 
jj1 = 370, max_th = 1.335510e+00, time=2024-09-03 11:49:50 
jj1 = 216, max_th = 1.712926e+00, time=2024-09-03 11:51:11 
jj1 = 136, max_th = 2.398796e+00, time=2024-09-03 11:53:00 
jj1 = 176, max_th = 1.662491e+00, time=2024-09-03 11:53:32 
jj1 = 253, max_th = 1.858814e+00, time=2024-09-03 11:54:18 
jj1 = 528, max_th = 1.910368e+00, time=2024-09-03 11:56:51 
jj1 = 369, max_th = 1.202337e+00, time=2024-09-03 11:57:54 
jj1 = 332, max_th = 1.281747e+00, time=2024-09-03 11:58:30 
jj1 = 449, max_th = 2.186850e+00, time=2024-09-03 12:00:13 
jj1 = 410, max_th = 2.333755e+00, time=2024-09-03 12:01:36 
jj1 = 293, max_th = 2.299117e+00, time=2024-09-03 12:02:19 
jj1 = 487, max_th = 2.348552e+00, time=2024-09-03 12:04:11 
jj1 = 527, max_th = 2.705657e+00, time=2024-09-03 12:04:11 
jj1 = 99, max_th = 2.325633e+00, time=2024-09-03 12:05:46 
jj1 = 292, max_th = 9.759549e-01, time=2024-09-03 12:06:59 
jj1 = 448, max_th = 1.305719e+00, time=2024-09-03 12:08:39 
jj1 = 135, max_th = 1.566612e+00, time=2024-09-03 12:09:42 
jj1 = 291, max_th = 8.356568e-01, time=2024-09-03 12:10:11 
jj1 = 98, max_th = 2.774213e+00, time=2024-09-03 12:12:42 
jj1 = 175, max_th = 2.105451e+00, time=2024-09-03 12:13:19 
jj1 = 215, max_th = 2.066564e+00, time=2024-09-03 12:13:32 
jj1 = 368, max_th = 2.197717e+00, time=2024-09-03 12:15:18 
jj1 = 252, max_th = 1.923086e+00, time=2024-09-03 12:16:26 
jj1 = 97, max_th = 2.924499e+00, time=2024-09-03 12:16:45 
jj1 = 331, max_th = 1.945818e+00, time=2024-09-03 12:18:21 
jj1 = 409, max_th = 1.851723e+00, time=2024-09-03 12:18:30 
jj1 = 367, max_th = 2.886075e+00, time=2024-09-03 12:19:22 
jj1 = 486, max_th = 1.642698e+00, time=2024-09-03 12:20:35 
jj1 = 174, max_th = 1.349237e+00, time=2024-09-03 12:21:55 
jj1 = 366, max_th = 9.710944e-01, time=2024-09-03 12:23:54 
jj1 = 526, max_th = 2.126320e+00, time=2024-09-03 12:26:28 
jj1 = 290, max_th = 2.152237e+00, time=2024-09-03 12:28:18 
jj1 = 134, max_th = 1.789987e+00, time=2024-09-03 12:29:08 
jj1 = 408, max_th = 2.561596e+00, time=2024-09-03 12:29:58 
jj1 = 330, max_th = 1.384704e+00, time=2024-09-03 12:30:12 
jj1 = 447, max_th = 1.928301e+00, time=2024-09-03 12:31:22 
jj1 = 251, max_th = 1.527120e+00, time=2024-09-03 12:34:05 
jj1 = 485, max_th = 2.405375e+00, time=2024-09-03 12:35:16 
jj1 = 365, max_th = 1.378565e+00, time=2024-09-03 12:35:41 
jj1 = 214, max_th = 1.927075e+00, time=2024-09-03 12:36:06 
jj1 = 407, max_th = 2.783711e+00, time=2024-09-03 12:36:22 
jj1 = 96, max_th = 1.891288e+00, time=2024-09-03 12:37:54 
jj1 = 364, max_th = 2.881798e+00, time=2024-09-03 12:39:59 
jj1 = 329, max_th = 2.401308e+00, time=2024-09-03 12:43:28 
jj1 = 173, max_th = 1.979663e+00, time=2024-09-03 12:44:41 
jj1 = 525, max_th = 1.676777e+00, time=2024-09-03 12:45:35 
jj1 = 289, max_th = 1.629007e+00, time=2024-09-03 12:45:59 
jj1 = 95, max_th = 2.538023e+00, time=2024-09-03 12:50:18 
jj1 = 524, max_th = 9.894476e-01, time=2024-09-03 12:51:07 
jj1 = 446, max_th = 2.189027e+00, time=2024-09-03 12:51:25 
jj1 = 133, max_th = 2.128205e+00, time=2024-09-03 12:51:38 
jj1 = 406, max_th = 1.900418e+00, time=2024-09-03 12:51:48 
jj1 = 484, max_th = 1.798298e+00, time=2024-09-03 12:52:51 
jj1 = 213, max_th = 2.314824e+00, time=2024-09-03 12:54:15 
jj1 = 250, max_th = 1.939141e+00, time=2024-09-03 12:55:06 
jj1 = 328, max_th = 2.353322e+00, time=2024-09-03 12:58:47 
jj1 = 363, max_th = 2.156970e+00, time=2024-09-03 13:00:02 
jj1 = 288, max_th = 2.440778e+00, time=2024-09-03 13:00:51 
jj1 = 172, max_th = 1.716863e+00, time=2024-09-03 13:04:13 
jj1 = 445, max_th = 2.351097e+00, time=2024-09-03 13:05:10 
jj1 = 94, max_th = 2.367421e+00, time=2024-09-03 13:07:45 
jj1 = 523, max_th = 2.322948e+00, time=2024-09-03 13:09:45 
jj1 = 405, max_th = 1.996459e+00, time=2024-09-03 13:10:05 
jj1 = 483, max_th = 2.152023e+00, time=2024-09-03 13:10:31 
jj1 = 132, max_th = 1.942575e+00, time=2024-09-03 13:11:08 
jj1 = 327, max_th = 1.383223e+00, time=2024-09-03 13:11:27 
jj1 = 287, max_th = 1.363572e+00, time=2024-09-03 13:12:18 
jj1 = 444, max_th = 2.606653e+00, time=2024-09-03 13:15:01 
jj1 = 212, max_th = 2.172301e+00, time=2024-09-03 13:15:08 
jj1 = 443, max_th = -1.401008e-01, time=2024-09-03 13:15:36 
jj1 = 249, max_th = 1.957391e+00, time=2024-09-03 13:15:47 
jj1 = 362, max_th = 1.669778e+00, time=2024-09-03 13:18:34 
jj1 = 286, max_th = 2.620383e+00, time=2024-09-03 13:22:25 
jj1 = 171, max_th = 1.892401e+00, time=2024-09-03 13:24:20 
jj1 = 285, max_th = 2.942500e+00, time=2024-09-03 13:25:39 
jj1 = 404, max_th = 2.389522e+00, time=2024-09-03 13:25:44 
jj1 = 131, max_th = 2.347138e+00, time=2024-09-03 13:26:58 
jj1 = 361, max_th = 1.262788e+00, time=2024-09-03 13:27:23 
jj1 = 130, max_th = -3.398351e-04, time=2024-09-03 13:27:49 
jj1 = 93, max_th = 2.190557e+00, time=2024-09-03 13:27:53 
jj1 = 482, max_th = 1.714340e+00, time=2024-09-03 13:29:22 
jj1 = 522, max_th = 2.104206e+00, time=2024-09-03 13:29:38 
jj1 = 326, max_th = 1.768266e+00, time=2024-09-03 13:30:54 
jj1 = 211, max_th = 1.800426e+00, time=2024-09-03 13:31:09 
jj1 = 170, max_th = 2.725204e+00, time=2024-09-03 13:32:00 
jj1 = 210, max_th = 3.117992e+00, time=2024-09-03 13:32:44 
jj1 = 248, max_th = 2.337578e+00, time=2024-09-03 13:33:43 
jj1 = 129, max_th = 2.733350e+00, time=2024-09-03 13:34:41 
jj1 = 481, max_th = 2.741007e+00, time=2024-09-03 13:36:27 
jj1 = 442, max_th = 1.939550e+00, time=2024-09-03 13:36:39 
jj1 = 480, max_th = -1.201708e-01, time=2024-09-03 13:37:05 
jj1 = 128, max_th = 9.166014e-01, time=2024-09-03 13:38:30 
jj1 = 127, max_th = 2.957595e+00, time=2024-09-03 13:41:37 
jj1 = 325, max_th = 2.571053e+00, time=2024-09-03 13:42:48 
jj1 = 360, max_th = 1.614383e+00, time=2024-09-03 13:43:52 
jj1 = 403, max_th = 1.986910e+00, time=2024-09-03 13:47:14 
jj1 = 284, max_th = 1.916773e+00, time=2024-09-03 13:47:20 
jj1 = 247, max_th = 1.701046e+00, time=2024-09-03 13:48:53 
jj1 = 92, max_th = 1.918115e+00, time=2024-09-03 13:49:44 
jj1 = 169, max_th = 1.952141e+00, time=2024-09-03 13:50:48 
jj1 = 521, max_th = 1.889313e+00, time=2024-09-03 13:50:48 
jj1 = 402, max_th = 2.913113e+00, time=2024-09-03 13:51:00 
jj1 = 209, max_th = 2.319033e+00, time=2024-09-03 13:51:34 
jj1 = 359, max_th = 2.652534e+00, time=2024-09-03 13:52:42 
jj1 = 441, max_th = 2.313420e+00, time=2024-09-03 13:53:29 
jj1 = 479, max_th = 1.897427e+00, time=2024-09-03 13:55:57 
jj1 = 91, max_th = 2.778663e+00, time=2024-09-03 13:56:15 
jj1 = 283, max_th = 1.296836e+00, time=2024-09-03 13:56:30 
jj1 = 126, max_th = 2.408013e+00, time=2024-09-03 13:56:50 
jj1 = 246, max_th = 1.345418e+00, time=2024-09-03 13:58:42 
jj1 = 324, max_th = 2.377298e+00, time=2024-09-03 14:00:00 
jj1 = 520, max_th = 1.328318e+00, time=2024-09-03 14:00:56 
jj1 = 208, max_th = 2.605523e+00, time=2024-09-03 14:01:09 
jj1 = 168, max_th = 2.548525e+00, time=2024-09-03 14:01:17 
jj1 = 282, max_th = 1.263453e+00, time=2024-09-03 14:06:19 
jj1 = 401, max_th = 2.422447e+00, time=2024-09-03 14:06:53 
jj1 = 207, max_th = 1.189668e+00, time=2024-09-03 14:09:32 
jj1 = 281, max_th = 2.837367e+00, time=2024-09-03 14:11:26 
jj1 = 478, max_th = 1.540096e+00, time=2024-09-03 14:11:50 
jj1 = 358, max_th = 2.228081e+00, time=2024-09-03 14:13:25 
jj1 = 440, max_th = 1.816669e+00, time=2024-09-03 14:14:07 
jj1 = 90, max_th = 1.688615e+00, time=2024-09-03 14:14:24 
jj1 = 125, max_th = 1.630057e+00, time=2024-09-03 14:15:14 
jj1 = 519, max_th = 1.998750e+00, time=2024-09-03 14:19:32 
jj1 = 167, max_th = 1.674833e+00, time=2024-09-03 14:20:04 
jj1 = 323, max_th = 2.093626e+00, time=2024-09-03 14:20:47 
jj1 = 245, max_th = 1.930958e+00, time=2024-09-03 14:21:11 
jj1 = 206, max_th = 1.564471e+00, time=2024-09-03 14:25:39 
jj1 = 400, max_th = 2.091701e+00, time=2024-09-03 14:28:31 
jj1 = 477, max_th = 1.672755e+00, time=2024-09-03 14:30:37 
jj1 = 322, max_th = 1.335652e+00, time=2024-09-03 14:31:17 
jj1 = 280, max_th = 1.858258e+00, time=2024-09-03 14:31:31 
jj1 = 124, max_th = 1.635699e+00, time=2024-09-03 14:32:50 
jj1 = 89, max_th = 1.953656e+00, time=2024-09-03 14:34:31 
jj1 = 357, max_th = 2.116748e+00, time=2024-09-03 14:35:21 
jj1 = 439, max_th = 2.122212e+00, time=2024-09-03 14:36:14 
jj1 = 356, max_th = 8.684980e-01, time=2024-09-03 14:38:54 
jj1 = 399, max_th = 1.360361e+00, time=2024-09-03 14:39:37 
jj1 = 518, max_th = 1.941596e+00, time=2024-09-03 14:40:23 
jj1 = 166, max_th = 1.937351e+00, time=2024-09-03 14:41:52 
jj1 = 476, max_th = 2.400274e+00, time=2024-09-03 14:42:04 
jj1 = 279, max_th = 1.326327e+00, time=2024-09-03 14:42:51 
jj1 = 244, max_th = 2.113495e+00, time=2024-09-03 14:42:52 
jj1 = 517, max_th = 2.997728e+00, time=2024-09-03 14:43:25 
jj1 = 516, max_th = 9.513695e-01, time=2024-09-03 14:47:11 
jj1 = 205, max_th = 1.930365e+00, time=2024-09-03 14:47:52 
jj1 = 321, max_th = 2.367966e+00, time=2024-09-03 14:48:48 
jj1 = 88, max_th = 2.388182e+00, time=2024-09-03 14:50:36 
jj1 = 438, max_th = 1.621514e+00, time=2024-09-03 14:54:01 
jj1 = 123, max_th = 1.913981e+00, time=2024-09-03 14:54:30 
jj1 = 475, max_th = 1.547002e+00, time=2024-09-03 14:55:49 
jj1 = 355, max_th = 1.687226e+00, time=2024-09-03 14:57:36 
jj1 = 515, max_th = 1.338461e+00, time=2024-09-03 14:57:44 
jj1 = 204, max_th = 1.273941e+00, time=2024-09-03 14:57:56 
jj1 = 203, max_th = 3.038526e+00, time=2024-09-03 15:00:14 
jj1 = 165, max_th = 2.152902e+00, time=2024-09-03 15:00:34 
jj1 = 87, max_th = 1.328982e+00, time=2024-09-03 15:01:12 
jj1 = 398, max_th = 1.926414e+00, time=2024-09-03 15:02:13 
jj1 = 243, max_th = 1.954363e+00, time=2024-09-03 15:02:31 
jj1 = 278, max_th = 1.903925e+00, time=2024-09-03 15:02:38 
jj1 = 437, max_th = 2.605246e+00, time=2024-09-03 15:03:36 
jj1 = 320, max_th = 1.698149e+00, time=2024-09-03 15:04:25 
jj1 = 86, max_th = 2.893938e+00, time=2024-09-03 15:05:11 
jj1 = 354, max_th = 2.511452e+00, time=2024-09-03 15:10:42 
jj1 = 164, max_th = 2.562364e+00, time=2024-09-03 15:11:50 
jj1 = 397, max_th = 2.555309e+00, time=2024-09-03 15:13:26 
jj1 = 474, max_th = 1.683054e+00, time=2024-09-03 15:14:19 
jj1 = 122, max_th = 1.970127e+00, time=2024-09-03 15:16:45 
jj1 = 514, max_th = 1.961286e+00, time=2024-09-03 15:20:01 
jj1 = 473, max_th = 2.599946e+00, time=2024-09-03 15:20:51 
jj1 = 277, max_th = 1.948033e+00, time=2024-09-03 15:21:01 
jj1 = 319, max_th = 1.702848e+00, time=2024-09-03 15:21:21 
jj1 = 202, max_th = 1.937736e+00, time=2024-09-03 15:21:31 
jj1 = 436, max_th = 1.903892e+00, time=2024-09-03 15:22:37 
jj1 = 513, max_th = 2.931263e+00, time=2024-09-03 15:23:42 
jj1 = 242, max_th = 1.937795e+00, time=2024-09-03 15:24:00 
jj1 = 85, max_th = 2.218163e+00, time=2024-09-03 15:25:48 
jj1 = 318, max_th = 2.782484e+00, time=2024-09-03 15:27:41 
jj1 = 353, max_th = 1.663818e+00, time=2024-09-03 15:28:43 
jj1 = 163, max_th = 1.761832e+00, time=2024-09-03 15:29:52 
jj1 = 435, max_th = 2.610493e+00, time=2024-09-03 15:32:50 
jj1 = 396, max_th = 2.174764e+00, time=2024-09-03 15:35:05 
jj1 = 201, max_th = 2.388483e+00, time=2024-09-03 15:37:40 
jj1 = 276, max_th = 1.627960e+00, time=2024-09-03 15:38:43 
jj1 = 121, max_th = 1.873592e+00, time=2024-09-03 15:39:03 
jj1 = 472, max_th = 2.094481e+00, time=2024-09-03 15:41:19 
jj1 = 434, max_th = 2.583151e+00, time=2024-09-03 15:43:42 
jj1 = 317, max_th = 2.354205e+00, time=2024-09-03 15:43:44 
jj1 = 241, max_th = 1.887038e+00, time=2024-09-03 15:44:45 
jj1 = 84, max_th = 2.146780e+00, time=2024-09-03 15:44:56 
jj1 = 512, max_th = 1.873349e+00, time=2024-09-03 15:45:46 
jj1 = 352, max_th = 2.030518e+00, time=2024-09-03 15:51:06 
jj1 = 162, max_th = 1.977291e+00, time=2024-09-03 15:52:38 
jj1 = 395, max_th = 2.332956e+00, time=2024-09-03 15:52:56 
jj1 = 433, max_th = 1.371916e+00, time=2024-09-03 15:55:17 
jj1 = 120, max_th = 2.100520e+00, time=2024-09-03 15:55:21 
jj1 = 200, max_th = 1.896530e+00, time=2024-09-03 15:56:15 
jj1 = 275, max_th = 1.689491e+00, time=2024-09-03 15:56:51 
jj1 = 511, max_th = 1.372541e+00, time=2024-09-03 15:57:59 
jj1 = 351, max_th = 2.742045e+00, time=2024-09-03 15:58:16 
jj1 = 471, max_th = 1.703960e+00, time=2024-09-03 15:58:24 
jj1 = 199, max_th = 9.758408e-01, time=2024-09-03 16:00:42 
jj1 = 83, max_th = 2.377738e+00, time=2024-09-03 16:01:46 
jj1 = 394, max_th = 2.609842e+00, time=2024-09-03 16:02:35 
jj1 = 240, max_th = 1.903488e+00, time=2024-09-03 16:03:56 
jj1 = 316, max_th = 1.947313e+00, time=2024-09-03 16:03:59 
jj1 = 119, max_th = 2.359122e+00, time=2024-09-03 16:11:49 
jj1 = 393, max_th = 1.337119e+00, time=2024-09-03 16:12:52 
jj1 = 161, max_th = 1.772711e+00, time=2024-09-03 16:13:10 
jj1 = 432, max_th = 2.323767e+00, time=2024-09-03 16:14:04 
jj1 = 510, max_th = 1.654829e+00, time=2024-09-03 16:14:07 
jj1 = 470, max_th = 2.148810e+00, time=2024-09-03 16:15:55 
jj1 = 274, max_th = 1.878899e+00, time=2024-09-03 16:18:21 
jj1 = 198, max_th = 2.152434e+00, time=2024-09-03 16:18:36 
jj1 = 350, max_th = 1.863049e+00, time=2024-09-03 16:19:02 
jj1 = 82, max_th = 2.152902e+00, time=2024-09-03 16:20:07 
jj1 = 273, max_th = 2.881139e+00, time=2024-09-03 16:22:45 
jj1 = 315, max_th = 2.205146e+00, time=2024-09-03 16:23:02 
jj1 = 431, max_th = 1.238065e+00, time=2024-09-03 16:23:56 
jj1 = 239, max_th = 1.931312e+00, time=2024-09-03 16:26:12 
jj1 = 509, max_th = 2.402550e+00, time=2024-09-03 16:28:20 
jj1 = 392, max_th = 1.632900e+00, time=2024-09-03 16:29:57 
jj1 = 272, max_th = 2.732341e+00, time=2024-09-03 16:29:59 
jj1 = 118, max_th = 1.732533e+00, time=2024-09-03 16:31:40 
jj1 = 508, max_th = 8.191765e-01, time=2024-09-03 16:31:40 
jj1 = 469, max_th = 2.310240e+00, time=2024-09-03 16:33:42 
jj1 = 160, max_th = 1.936739e+00, time=2024-09-03 16:34:52 
jj1 = 349, max_th = 2.104911e+00, time=2024-09-03 16:38:19 
jj1 = 117, max_th = 2.706771e+00, time=2024-09-03 16:39:16 
jj1 = 314, max_th = 1.584341e+00, time=2024-09-03 16:39:45 
jj1 = 468, max_th = 2.760494e+00, time=2024-09-03 16:40:19 
jj1 = 197, max_th = 1.930325e+00, time=2024-09-03 16:41:19 
jj1 = 81, max_th = 1.939281e+00, time=2024-09-03 16:41:29 
jj1 = 430, max_th = 1.671638e+00, time=2024-09-03 16:42:36 
jj1 = 238, max_th = 1.641049e+00, time=2024-09-03 16:43:14 
jj1 = 271, max_th = 1.655953e+00, time=2024-09-03 16:46:43 
jj1 = 391, max_th = 2.315993e+00, time=2024-09-03 16:47:36 
jj1 = 80, max_th = 1.218901e+00, time=2024-09-03 16:49:12 
jj1 = 159, max_th = 2.387697e+00, time=2024-09-03 16:51:07 
jj1 = 507, max_th = 1.926635e+00, time=2024-09-03 16:53:26 
jj1 = 237, max_th = 1.378258e+00, time=2024-09-03 16:54:53 
jj1 = 79, max_th = 2.772309e+00, time=2024-09-03 16:55:50 
jj1 = 348, max_th = 1.668831e+00, time=2024-09-03 16:56:44 
jj1 = 158, max_th = 1.132554e+00, time=2024-09-03 16:59:03 
jj1 = 390, max_th = 2.350155e+00, time=2024-09-03 16:59:16 
jj1 = 467, max_th = 1.666428e+00, time=2024-09-03 16:59:20 
jj1 = 196, max_th = 2.152061e+00, time=2024-09-03 16:59:23 
jj1 = 429, max_th = 2.203492e+00, time=2024-09-03 17:00:42 
jj1 = 116, max_th = 1.912266e+00, time=2024-09-03 17:01:13 
jj1 = 313, max_th = 1.958756e+00, time=2024-09-03 17:01:36 
jj1 = 270, max_th = 2.426482e+00, time=2024-09-03 17:03:18 
jj1 = 157, max_th = 2.566414e+00, time=2024-09-03 17:10:42 
jj1 = 506, max_th = 1.895986e+00, time=2024-09-03 17:13:00 
jj1 = 236, max_th = 1.669193e+00, time=2024-09-03 17:13:05 
jj1 = 389, max_th = 2.402962e+00, time=2024-09-03 17:13:28 
jj1 = 195, max_th = 1.659176e+00, time=2024-09-03 17:16:29 
jj1 = 78, max_th = 1.911131e+00, time=2024-09-03 17:16:53 
jj1 = 347, max_th = 1.957318e+00, time=2024-09-03 17:17:19 
jj1 = 156, max_th = 1.235340e+00, time=2024-09-03 17:19:51 
jj1 = 312, max_th = 1.683836e+00, time=2024-09-03 17:20:29 
jj1 = 269, max_th = 1.668300e+00, time=2024-09-03 17:20:57 
jj1 = 466, max_th = 1.970730e+00, time=2024-09-03 17:21:11 
jj1 = 428, max_th = 2.134261e+00, time=2024-09-03 17:21:28 
jj1 = 388, max_th = 2.651872e+00, time=2024-09-03 17:21:31 
jj1 = 115, max_th = 1.886708e+00, time=2024-09-03 17:22:52 
jj1 = 505, max_th = 1.307819e+00, time=2024-09-03 17:23:03 
jj1 = 387, max_th = 3.040310e+00, time=2024-09-03 17:23:36 
jj1 = 235, max_th = 2.370684e+00, time=2024-09-03 17:30:19 
jj1 = 194, max_th = 2.343738e+00, time=2024-09-03 17:31:57 
jj1 = 114, max_th = 2.448969e+00, time=2024-09-03 17:34:56 
jj1 = 346, max_th = 1.856286e+00, time=2024-09-03 17:36:34 
jj1 = 465, max_th = 2.393540e+00, time=2024-09-03 17:36:47 
jj1 = 77, max_th = 2.110054e+00, time=2024-09-03 17:37:42 
jj1 = 268, max_th = 2.318893e+00, time=2024-09-03 17:39:23 
jj1 = 155, max_th = 1.858871e+00, time=2024-09-03 17:40:19 
jj1 = 311, max_th = 1.776865e+00, time=2024-09-03 17:41:03 
jj1 = 504, max_th = 2.104090e+00, time=2024-09-03 17:42:19 
jj1 = 427, max_th = 2.082198e+00, time=2024-09-03 17:43:07 
jj1 = 386, max_th = 1.968746e+00, time=2024-09-03 17:46:21 
jj1 = 426, max_th = 2.906753e+00, time=2024-09-03 17:46:43 
jj1 = 193, max_th = 1.651904e+00, time=2024-09-03 17:46:57 
jj1 = 234, max_th = 1.673318e+00, time=2024-09-03 17:47:51 
jj1 = 113, max_th = 2.398346e+00, time=2024-09-03 17:48:21 
jj1 = 154, max_th = 1.293366e+00, time=2024-09-03 17:49:58 
jj1 = 464, max_th = 2.412336e+00, time=2024-09-03 17:52:54 
jj1 = 76, max_th = 2.361508e+00, time=2024-09-03 17:53:49 
jj1 = 153, max_th = 9.398841e-01, time=2024-09-03 17:54:11 
jj1 = 345, max_th = 1.852903e+00, time=2024-09-03 17:54:48 
jj1 = 425, max_th = 1.239674e+00, time=2024-09-03 17:55:01 
jj1 = 192, max_th = 1.290740e+00, time=2024-09-03 17:56:18 
jj1 = 233, max_th = 2.592054e+00, time=2024-09-03 17:58:23 
jj1 = 310, max_th = 2.374362e+00, time=2024-09-03 17:59:57 
jj1 = 191, max_th = 9.824319e-01, time=2024-09-03 18:00:53 
jj1 = 267, max_th = 1.931965e+00, time=2024-09-03 18:01:33 
jj1 = 503, max_th = 1.944619e+00, time=2024-09-03 18:02:15 
jj1 = 385, max_th = 2.419047e+00, time=2024-09-03 18:02:42 
jj1 = 463, max_th = 2.546105e+00, time=2024-09-03 18:03:39 
jj1 = 112, max_th = 2.389594e+00, time=2024-09-03 18:04:15 
jj1 = 152, max_th = 1.269747e+00, time=2024-09-03 18:04:54 
jj1 = 309, max_th = 2.822195e+00, time=2024-09-03 18:05:31 
jj1 = 502, max_th = 9.605294e-01, time=2024-09-03 18:06:31 
jj1 = 384, max_th = 2.609288e+00, time=2024-09-03 18:12:40 
jj1 = 232, max_th = 2.438566e+00, time=2024-09-03 18:13:57 
jj1 = 75, max_th = 2.172568e+00, time=2024-09-03 18:15:24 
jj1 = 424, max_th = 2.109901e+00, time=2024-09-03 18:15:42 
jj1 = 111, max_th = 1.372429e+00, time=2024-09-03 18:16:24 
jj1 = 344, max_th = 1.818956e+00, time=2024-09-03 18:16:36 
jj1 = 501, max_th = 2.559780e+00, time=2024-09-03 18:17:46 
jj1 = 266, max_th = 2.373808e+00, time=2024-09-03 18:19:20 
jj1 = 190, max_th = 1.923798e+00, time=2024-09-03 18:23:47 
jj1 = 462, max_th = 1.906810e+00, time=2024-09-03 18:24:29 
jj1 = 189, max_th = 7.544076e-01, time=2024-09-03 18:26:09 
jj1 = 308, max_th = 2.135281e+00, time=2024-09-03 18:26:29 
jj1 = 151, max_th = 1.926704e+00, time=2024-09-03 18:27:44 
jj1 = 231, max_th = 2.345156e+00, time=2024-09-03 18:30:09 
jj1 = 383, max_th = 1.728319e+00, time=2024-09-03 18:32:47 
jj1 = 110, max_th = 1.690496e+00, time=2024-09-03 18:34:18 
jj1 = 74, max_th = 2.092175e+00, time=2024-09-03 18:36:10 
jj1 = 500, max_th = 2.310388e+00, time=2024-09-03 18:36:17 
jj1 = 423, max_th = 2.179417e+00, time=2024-09-03 18:36:54 
jj1 = 343, max_th = 1.912373e+00, time=2024-09-03 18:37:46 
jj1 = 188, max_th = 1.950061e+00, time=2024-09-03 18:38:54 
jj1 = 265, max_th = 2.214258e+00, time=2024-09-03 18:39:06 
jj1 = 382, max_th = 1.389181e+00, time=2024-09-03 18:44:23 
jj1 = 150, max_th = 1.998950e+00, time=2024-09-03 18:46:24 
jj1 = 461, max_th = 1.987184e+00, time=2024-09-03 18:46:26 
jj1 = 307, max_th = 1.882401e+00, time=2024-09-03 18:48:25 
jj1 = 342, max_th = 2.622423e+00, time=2024-09-03 18:48:30 
jj1 = 230, max_th = 2.320841e+00, time=2024-09-03 18:48:48 
jj1 = 149, max_th = 2.907459e+00, time=2024-09-03 18:50:12 
jj1 = 306, max_th = 9.727731e-01, time=2024-09-03 18:52:52 
jj1 = 109, max_th = 1.680614e+00, time=2024-09-03 18:53:07 
jj1 = 499, max_th = 1.665301e+00, time=2024-09-03 18:54:43 
jj1 = 422, max_th = 1.676616e+00, time=2024-09-03 18:55:27 
jj1 = 460, max_th = 2.658911e+00, time=2024-09-03 18:55:33 
jj1 = 264, max_th = 2.372797e+00, time=2024-09-03 18:55:42 
jj1 = 73, max_th = 2.172117e+00, time=2024-09-03 18:56:54 
jj1 = 187, max_th = 1.958814e+00, time=2024-09-03 19:00:20 
jj1 = 459, max_th = 2.738110e+00, time=2024-09-03 19:03:00 
jj1 = 305, max_th = 2.615774e+00, time=2024-09-03 19:03:05 
jj1 = 381, max_th = 2.146989e+00, time=2024-09-03 19:03:08 
jj1 = 186, max_th = 8.338252e-01, time=2024-09-03 19:03:44 
jj1 = 421, max_th = 1.332022e+00, time=2024-09-03 19:06:08 
jj1 = 148, max_th = 1.575327e+00, time=2024-09-03 19:07:11 
jj1 = 341, max_th = 2.322107e+00, time=2024-09-03 19:07:33 
jj1 = 229, max_th = 2.103360e+00, time=2024-09-03 19:07:40 
jj1 = 108, max_th = 2.362631e+00, time=2024-09-03 19:09:51 
jj1 = 263, max_th = 1.701111e+00, time=2024-09-03 19:10:46 
jj1 = 420, max_th = 1.258460e+00, time=2024-09-03 19:15:15 
jj1 = 498, max_th = 2.114001e+00, time=2024-09-03 19:16:29 
jj1 = 304, max_th = 2.406429e+00, time=2024-09-03 19:18:29 
jj1 = 72, max_th = 1.885724e+00, time=2024-09-03 19:18:33 
jj1 = 458, max_th = 1.576477e+00, time=2024-09-03 19:19:37 
jj1 = 497, max_th = 9.064256e-01, time=2024-09-03 19:20:01 
jj1 = 303, max_th = 8.464505e-01, time=2024-09-03 19:21:27 
jj1 = 262, max_th = 2.563694e+00, time=2024-09-03 19:22:33 
jj1 = 380, max_th = 1.895315e+00, time=2024-09-03 19:22:55 
jj1 = 185, max_th = 2.214000e+00, time=2024-09-03 19:23:13 
jj1 = 228, max_th = 1.705763e+00, time=2024-09-03 19:25:32 
jj1 = 147, max_th = 1.714439e+00, time=2024-09-03 19:26:29 
jj1 = 184, max_th = 9.561315e-01, time=2024-09-03 19:27:19 
jj1 = 340, max_th = 2.188836e+00, time=2024-09-03 19:27:51 
jj1 = 107, max_th = 2.327317e+00, time=2024-09-03 19:27:54 
jj1 = 419, max_th = 2.516040e+00, time=2024-09-03 19:28:39 
jj1 = 496, max_th = 2.676988e+00, time=2024-09-03 19:28:57 
jj1 = 302, max_th = 2.682010e+00, time=2024-09-03 19:30:00 
jj1 = 301, max_th = 9.566668e-01, time=2024-09-03 19:33:55 
jj1 = 457, max_th = 2.432406e+00, time=2024-09-03 19:34:35 
jj1 = 495, max_th = 1.374391e+00, time=2024-09-03 19:41:03 
jj1 = 71, max_th = 1.880728e+00, time=2024-09-03 19:41:18 
jj1 = 183, max_th = 2.395742e+00, time=2024-09-03 19:42:01 
jj1 = 379, max_th = 1.681560e+00, time=2024-09-03 19:42:13 
jj1 = 261, max_th = 1.634569e+00, time=2024-09-03 19:42:31 
jj1 = 227, max_th = 1.610774e+00, time=2024-09-03 19:42:45 
jj1 = 146, max_th = 2.358554e+00, time=2024-09-03 19:43:07 
jj1 = 339, max_th = 1.655893e+00, time=2024-09-03 19:44:49 
jj1 = 226, max_th = 9.530629e-01, time=2024-09-03 19:46:46 
jj1 = 106, max_th = 2.278896e+00, time=2024-09-03 19:47:49 
jj1 = 418, max_th = 1.891777e+00, time=2024-09-03 19:49:13 
jj1 = 300, max_th = 1.653110e+00, time=2024-09-03 19:49:18 
jj1 = 378, max_th = 2.726250e+00, time=2024-09-03 19:50:17 
jj1 = 70, max_th = 2.551927e+00, time=2024-09-03 19:51:28 
jj1 = 456, max_th = 1.948174e+00, time=2024-09-03 19:52:13 
jj1 = 260, max_th = 1.335317e+00, time=2024-09-03 19:53:46 
jj1 = 377, max_th = 9.108816e-01, time=2024-09-03 19:54:16 
jj1 = 105, max_th = 1.357308e+00, time=2024-09-03 19:58:14 
jj1 = 182, max_th = 2.333078e+00, time=2024-09-03 20:00:01 
jj1 = 145, max_th = 2.247115e+00, time=2024-09-03 20:00:35 
jj1 = 455, max_th = 2.595840e+00, time=2024-09-03 20:01:56 
jj1 = 494, max_th = 1.871631e+00, time=2024-09-03 20:03:33 
jj1 = 376, max_th = 1.295111e+00, time=2024-09-03 20:03:56 
jj1 = 338, max_th = 2.157678e+00, time=2024-09-03 20:04:55 
jj1 = 225, max_th = 1.853287e+00, time=2024-09-03 20:05:27 
jj1 = 299, max_th = 2.365211e+00, time=2024-09-03 20:06:30 
jj1 = 417, max_th = 1.868400e+00, time=2024-09-03 20:10:58 
jj1 = 69, max_th = 2.066536e+00, time=2024-09-03 20:11:23 
jj1 = 224, max_th = 2.692432e+00, time=2024-09-03 20:13:11 
jj1 = 375, max_th = 1.347449e+00, time=2024-09-03 20:13:44 
jj1 = 259, max_th = 1.819244e+00, time=2024-09-03 20:14:24 
jj1 = 104, max_th = 1.846642e+00, time=2024-09-03 20:17:22 
jj1 = 298, max_th = 2.503741e+00, time=2024-09-03 20:18:48 
jj1 = 493, max_th = 1.561465e+00, time=2024-09-03 20:19:00 
jj1 = 144, max_th = 1.670688e+00, time=2024-09-03 20:19:57 
jj1 = 181, max_th = 2.167732e+00, time=2024-09-03 20:21:09 
jj1 = 454, max_th = 2.140897e+00, time=2024-09-03 20:22:18 
jj1 = 416, max_th = 2.570968e+00, time=2024-09-03 20:22:36 
jj1 = 297, max_th = 2.877256e+00, time=2024-09-03 20:23:41 
jj1 = 223, max_th = 1.339226e+00, time=2024-09-03 20:24:15 
jj1 = 337, max_th = 1.677153e+00, time=2024-09-03 20:24:20 
jj1 = 336, max_th = 1.171546e+00, time=2024-09-03 20:31:02 
jj1 = 180, max_th = 1.281359e+00, time=2024-09-03 20:31:25 
jj1 = 143, max_th = 1.371848e+00, time=2024-09-03 20:31:25 
jj1 = 68, max_th = 2.219170e+00, time=2024-09-03 20:32:21 
jj1 = 222, max_th = 1.353269e+00, time=2024-09-03 20:34:18 
jj1 = 296, max_th = 2.590626e+00, time=2024-09-03 20:34:38 
jj1 = 103, max_th = 1.580532e+00, time=2024-09-03 20:34:45 
jj1 = 374, max_th = 1.917301e+00, time=2024-09-03 20:35:27 
jj1 = 492, max_th = 2.198563e+00, time=2024-09-03 20:35:41 
jj1 = 258, max_th = 1.965622e+00, time=2024-09-03 20:36:11 
jj1 = 453, max_th = 1.534657e+00, time=2024-09-03 20:36:32 
jj1 = 67, max_th = 9.743923e-01, time=2024-09-03 20:36:44 
jj1 = 373, max_th = 9.519327e-01, time=2024-09-03 20:38:43 
jj1 = 415, max_th = 1.641103e+00, time=2024-09-03 20:39:13 
jj1 = 179, max_th = 1.350483e+00, time=2024-09-03 20:39:21 
jj1 = 452, max_th = 2.707443e+00, time=2024-09-03 20:43:52 
jj1 = 295, max_th = 1.384880e+00, time=2024-09-03 20:46:45 
jj1 = 491, max_th = 2.504112e+00, time=2024-09-03 20:47:17 
jj1 = 335, max_th = 2.364795e+00, time=2024-09-03 20:48:01 
jj1 = 142, max_th = 2.148367e+00, time=2024-09-03 20:49:11 
jj1 = 451, max_th = 2.692720e+00, time=2024-09-03 20:51:43 
jj1 = 66, max_th = 1.656831e+00, time=2024-09-03 20:53:42 
jj1 = 102, max_th = 2.132454e+00, time=2024-09-03 20:56:31 
jj1 = 257, max_th = 1.905667e+00, time=2024-09-03 20:57:03 
jj1 = 221, max_th = 1.979862e+00, time=2024-09-03 20:57:34 
jj1 = 414, max_th = 1.947866e+00, time=2024-09-03 20:58:07 
jj1 = 101, max_th = 9.505713e-01, time=2024-09-03 20:59:50 
jj1 = 608, max_th = 1.913060e+00, time=2024-09-03 21:00:01 
jj1 = 178, max_th = 1.975394e+00, time=2024-09-03 21:01:41 
jj1 = 588, max_th = 1.388294e+00, time=2024-09-03 21:02:40 
jj1 = 334, max_th = 1.846011e+00, time=2024-09-03 21:06:55 
jj1 = 141, max_th = 1.712114e+00, time=2024-09-03 21:07:23 
jj1 = 490, max_th = 1.858791e+00, time=2024-09-03 21:07:44 
jj1 = 748, max_th = 2.131805e+00, time=2024-09-03 21:08:15 
jj1 = 688, max_th = 1.227954e+00, time=2024-09-03 21:08:57 
jj1 = 65, max_th = 1.884247e+00, time=2024-09-03 21:15:21 
jj1 = 587, max_th = 1.598928e+00, time=2024-09-03 21:16:25 
jj1 = 140, max_th = 1.397785e+00, time=2024-09-03 21:17:49 
jj1 = 256, max_th = 1.931309e+00, time=2024-09-03 21:19:14 
jj1 = 413, max_th = 1.908420e+00, time=2024-09-03 21:19:22 
jj1 = 220, max_th = 1.966502e+00, time=2024-09-03 21:19:45 
jj1 = 100, max_th = 2.169648e+00, time=2024-09-03 21:21:21 
jj1 = 607, max_th = 1.827181e+00, time=2024-09-03 21:21:49 
jj1 = 139, max_th = 2.824844e+00, time=2024-09-03 21:22:44 
jj1 = 648, max_th = 2.044224e+00, time=2024-09-03 21:26:12 
jj1 = 412, max_th = 2.698827e+00, time=2024-09-03 21:26:17 
jj1 = 668, max_th = 1.232682e+00, time=2024-09-03 21:26:22 
jj1 = 708, max_th = 2.114426e+00, time=2024-09-03 21:28:27 
jj1 = 747, max_th = 2.231692e+00, time=2024-09-03 21:28:40 
jj1 = 687, max_th = 2.215280e+00, time=2024-09-03 21:29:19 
jj1 = 606, max_th = 1.325649e+00, time=2024-09-03 21:32:11 
jj1 = 746, max_th = 2.849774e+00, time=2024-09-03 21:32:12 
jj1 = 586, max_th = 2.387868e+00, time=2024-09-03 21:32:17 
jj1 = 219, max_th = 2.390642e+00, time=2024-09-03 21:35:35 
jj1 = 64, max_th = 2.183302e+00, time=2024-09-03 21:36:21 
jj1 = 647, max_th = 2.581166e+00, time=2024-09-03 21:37:33 
jj1 = 605, max_th = 2.754565e+00, time=2024-09-03 21:38:08 
jj1 = 218, max_th = 8.866515e-01, time=2024-09-03 21:38:53 
jj1 = 667, max_th = 1.653839e+00, time=2024-09-03 21:42:06 
jj1 = 628, max_th = 1.874669e+00, time=2024-09-03 21:44:13 
jj1 = 568, max_th = 1.931053e+00, time=2024-09-03 21:45:03 
jj1 = 728, max_th = 2.141650e+00, time=2024-09-03 21:45:41 
jj1 = 686, max_th = 2.151362e+00, time=2024-09-03 21:46:31 
jj1 = 585, max_th = 2.321430e+00, time=2024-09-03 21:47:35 
jj1 = 627, max_th = 9.344842e-01, time=2024-09-03 21:48:23 
jj1 = 666, max_th = 2.738954e+00, time=2024-09-03 21:49:10 
jj1 = 646, max_th = 1.369099e+00, time=2024-09-03 21:49:18 
jj1 = 707, max_th = 2.171040e+00, time=2024-09-03 21:49:49 
jj1 = 217, max_th = 1.379894e+00, time=2024-09-03 21:50:38 
jj1 = 63, max_th = 1.652030e+00, time=2024-09-03 21:51:25 
jj1 = 567, max_th = 2.728610e+00, time=2024-09-03 21:52:44 
jj1 = 745, max_th = 2.124842e+00, time=2024-09-03 21:54:02 
jj1 = 604, max_th = 1.928941e+00, time=2024-09-03 22:00:33 
jj1 = 665, max_th = 1.368257e+00, time=2024-09-03 22:00:45 
jj1 = 548, max_th = 2.591762e+00, time=2024-09-03 22:01:06 
jj1 = 664, max_th = 8.042922e-01, time=2024-09-03 22:03:29 
jj1 = 727, max_th = 1.718704e+00, time=2024-09-03 22:04:53 
jj1 = 62, max_th = 2.443979e+00, time=2024-09-03 22:05:06 
jj1 = 685, max_th = 1.909254e+00, time=2024-09-03 22:07:41 
jj1 = 706, max_th = 2.193296e+00, time=2024-09-03 22:08:52 
jj1 = 584, max_th = 1.921432e+00, time=2024-09-03 22:09:33 
jj1 = 626, max_th = 2.039973e+00, time=2024-09-03 22:10:03 
jj1 = 645, max_th = 2.074344e+00, time=2024-09-03 22:11:45 
jj1 = 547, max_th = 2.565565e+00, time=2024-09-03 22:12:50 
jj1 = 744, max_th = 1.682254e+00, time=2024-09-03 22:13:42 
jj1 = 566, max_th = 2.116149e+00, time=2024-09-03 22:14:34 
jj1 = 583, max_th = 2.694292e+00, time=2024-09-03 22:16:48 
jj1 = 625, max_th = 1.202792e+00, time=2024-09-03 22:17:56 
jj1 = 684, max_th = 1.336075e+00, time=2024-09-03 22:18:37 
jj1 = 663, max_th = 1.639351e+00, time=2024-09-03 22:19:33 
jj1 = 603, max_th = 1.844484e+00, time=2024-09-03 22:20:16 
jj1 = 705, max_th = 2.446931e+00, time=2024-09-03 22:21:24 
jj1 = 644, max_th = 2.595204e+00, time=2024-09-03 22:21:30 
jj1 = 565, max_th = 2.570455e+00, time=2024-09-03 22:25:46 
jj1 = 726, max_th = 2.060283e+00, time=2024-09-03 22:25:57 
jj1 = 61, max_th = 2.139773e+00, time=2024-09-03 22:26:02 
jj1 = 662, max_th = 2.724780e+00, time=2024-09-03 22:27:04 
jj1 = 546, max_th = 2.339753e+00, time=2024-09-03 22:29:45 
jj1 = 743, max_th = 1.669050e+00, time=2024-09-03 22:31:34 
jj1 = 564, max_th = 2.767003e+00, time=2024-09-03 22:32:05 
jj1 = 643, max_th = 1.383314e+00, time=2024-09-03 22:32:47 
jj1 = 602, max_th = 1.702240e+00, time=2024-09-03 22:36:04 
jj1 = 624, max_th = 1.947590e+00, time=2024-09-03 22:36:38 
jj1 = 661, max_th = 1.279256e+00, time=2024-09-03 22:36:46 
jj1 = 725, max_th = 1.372416e+00, time=2024-09-03 22:37:17 
jj1 = 660, max_th = 3.232655e+00, time=2024-09-03 22:37:33 
jj1 = 582, max_th = 1.931659e+00, time=2024-09-03 22:38:20 
jj1 = 623, max_th = 3.077735e+00, time=2024-09-03 22:38:29 
jj1 = 683, max_th = 1.913673e+00, time=2024-09-03 22:39:25 
jj1 = 742, max_th = 2.660021e+00, time=2024-09-03 22:40:16 
jj1 = 704, max_th = 2.178927e+00, time=2024-09-03 22:41:19 
jj1 = 768, max_th = 2.319170e+00, time=2024-09-03 22:44:00 
jj1 = 767, max_th = 3.304320e+00, time=2024-09-03 22:44:30 
jj1 = 545, max_th = 1.582319e+00, time=2024-09-03 22:45:23 
jj1 = 642, max_th = 1.853220e+00, time=2024-09-03 22:51:09 
jj1 = 682, max_th = 1.699837e+00, time=2024-09-03 22:51:13 
jj1 = 563, max_th = 2.183753e+00, time=2024-09-03 22:51:55 
jj1 = 601, max_th = 2.361130e+00, time=2024-09-03 22:52:11 
jj1 = 766, max_th = 1.344620e+00, time=2024-09-03 22:53:46 
jj1 = 581, max_th = 1.684053e+00, time=2024-09-03 22:56:01 
jj1 = 724, max_th = 2.157570e+00, time=2024-09-03 22:56:02 
jj1 = 580, max_th = 3.244463e+00, time=2024-09-03 22:56:40 
jj1 = 741, max_th = 2.334476e+00, time=2024-09-03 22:56:51 
jj1 = 659, max_th = 2.084019e+00, time=2024-09-03 22:57:33 
jj1 = 622, max_th = 2.178740e+00, time=2024-09-03 22:58:47 
jj1 = 681, max_th = 1.279633e+00, time=2024-09-03 23:00:03 
jj1 = 703, max_th = 2.135756e+00, time=2024-09-03 23:00:48 
jj1 = 562, max_th = 2.494512e+00, time=2024-09-03 23:01:54 
jj1 = 723, max_th = 2.744501e+00, time=2024-09-03 23:01:57 
jj1 = 544, max_th = 2.217665e+00, time=2024-09-03 23:03:50 
jj1 = 765, max_th = 1.371430e+00, time=2024-09-03 23:04:18 
jj1 = 621, max_th = 2.679295e+00, time=2024-09-03 23:06:12 
jj1 = 740, max_th = 1.389385e+00, time=2024-09-03 23:06:44 
jj1 = 658, max_th = 2.585928e+00, time=2024-09-03 23:07:30 
jj1 = 600, max_th = 2.376259e+00, time=2024-09-03 23:08:16 
jj1 = 641, max_th = 1.859976e+00, time=2024-09-03 23:09:13 
jj1 = 640, max_th = -9.514188e-02, time=2024-09-03 23:09:38 
jj1 = 702, max_th = 1.288994e+00, time=2024-09-03 23:09:39 
jj1 = 561, max_th = 2.562233e+00, time=2024-09-03 23:12:25 
jj1 = 599, max_th = 1.180837e+00, time=2024-09-03 23:13:18 
jj1 = 764, max_th = 2.534522e+00, time=2024-09-03 23:15:40 
jj1 = 579, max_th = 2.121857e+00, time=2024-09-03 23:16:51 
jj1 = 657, max_th = 1.899934e+00, time=2024-09-03 23:19:33 
jj1 = 680, max_th = 1.930363e+00, time=2024-09-03 23:21:04 
jj1 = 763, max_th = 2.781026e+00, time=2024-09-03 23:21:57 
jj1 = 560, max_th = 1.291548e+00, time=2024-09-03 23:22:16 
jj1 = 722, max_th = 2.174991e+00, time=2024-09-03 23:22:26 
jj1 = 543, max_th = 1.835894e+00, time=2024-09-03 23:23:03 
jj1 = 739, max_th = 1.961792e+00, time=2024-09-03 23:25:45 
jj1 = 620, max_th = 2.182537e+00, time=2024-09-03 23:27:10 
jj1 = 701, max_th = 1.664067e+00, time=2024-09-03 23:27:11 
jj1 = 721, max_th = 2.758788e+00, time=2024-09-03 23:28:28 
jj1 = 679, max_th = 1.305380e+00, time=2024-09-03 23:30:13 
jj1 = 542, max_th = 1.299063e+00, time=2024-09-03 23:31:22 
jj1 = 639, max_th = 1.974463e+00, time=2024-09-03 23:31:54 
jj1 = 700, max_th = 1.151533e+00, time=2024-09-03 23:32:37 
jj1 = 678, max_th = 8.860051e-01, time=2024-09-03 23:33:48 
jj1 = 656, max_th = 1.651986e+00, time=2024-09-03 23:34:11 
jj1 = 598, max_th = 1.936187e+00, time=2024-09-03 23:35:00 
jj1 = 738, max_th = 1.314714e+00, time=2024-09-03 23:35:17 
jj1 = 578, max_th = 2.188059e+00, time=2024-09-03 23:37:11 
jj1 = 762, max_th = 2.360129e+00, time=2024-09-03 23:38:42 
jj1 = 559, max_th = 2.211052e+00, time=2024-09-03 23:42:12 
jj1 = 677, max_th = 1.320936e+00, time=2024-09-03 23:44:33 
jj1 = 619, max_th = 1.948465e+00, time=2024-09-03 23:45:55 
jj1 = 737, max_th = 1.376060e+00, time=2024-09-03 23:46:58 
jj1 = 720, max_th = 1.732063e+00, time=2024-09-03 23:48:15 
jj1 = 541, max_th = 1.633411e+00, time=2024-09-03 23:49:23 
jj1 = 699, max_th = 2.341261e+00, time=2024-09-03 23:49:27 
jj1 = 618, max_th = 8.817008e-01, time=2024-09-03 23:49:42 
jj1 = 638, max_th = 1.669997e+00, time=2024-09-03 23:50:40 
jj1 = 558, max_th = 1.261030e+00, time=2024-09-03 23:51:11 
jj1 = 655, max_th = 2.040209e+00, time=2024-09-03 23:55:13 
jj1 = 597, max_th = 2.134162e+00, time=2024-09-03 23:56:56 
jj1 = 676, max_th = 1.464772e+00, time=2024-09-03 23:57:20 
jj1 = 736, max_th = 2.588990e+00, time=2024-09-03 23:57:58 
jj1 = 761, max_th = 2.107899e+00, time=2024-09-03 23:59:46 
jj1 = 577, max_th = 1.977297e+00, time=2024-09-03 23:59:58 
jj1 = 617, max_th = 1.378019e+00, time=2024-09-04 00:02:02 
jj1 = 675, max_th = 1.254876e+00, time=2024-09-04 00:05:28 
jj1 = 557, max_th = 1.653345e+00, time=2024-09-04 00:07:13 
jj1 = 719, max_th = 1.946896e+00, time=2024-09-04 00:07:49 
jj1 = 654, max_th = 2.398545e+00, time=2024-09-04 00:08:22 
jj1 = 698, max_th = 2.158145e+00, time=2024-09-04 00:09:51 
jj1 = 540, max_th = 1.958616e+00, time=2024-09-04 00:10:25 
jj1 = 637, max_th = 1.987423e+00, time=2024-09-04 00:13:23 
jj1 = 697, max_th = 9.309582e-01, time=2024-09-04 00:13:57 
jj1 = 596, max_th = 2.385052e+00, time=2024-09-04 00:14:36 
jj1 = 653, max_th = 2.765892e+00, time=2024-09-04 00:14:44 
jj1 = 576, max_th = 1.644845e+00, time=2024-09-04 00:15:34 
jj1 = 760, max_th = 2.378086e+00, time=2024-09-04 00:16:30 
jj1 = 556, max_th = 1.314455e+00, time=2024-09-04 00:17:02 
jj1 = 616, max_th = 1.609024e+00, time=2024-09-04 00:17:51 
jj1 = 735, max_th = 2.130809e+00, time=2024-09-04 00:19:12 
jj1 = 759, max_th = 9.655273e-01, time=2024-09-04 00:20:59 
jj1 = 674, max_th = 2.384808e+00, time=2024-09-04 00:21:43 
jj1 = 615, max_th = 2.921206e+00, time=2024-09-04 00:21:49 
jj1 = 636, max_th = 1.349141e+00, time=2024-09-04 00:22:16 
jj1 = 555, max_th = 1.293678e+00, time=2024-09-04 00:26:02 
jj1 = 539, max_th = 2.378200e+00, time=2024-09-04 00:27:20 
jj1 = 718, max_th = 2.111119e+00, time=2024-09-04 00:28:31 
jj1 = 554, max_th = 9.457246e-01, time=2024-09-04 00:29:56 
jj1 = 595, max_th = 2.344878e+00, time=2024-09-04 00:30:12 
jj1 = 734, max_th = 2.497076e+00, time=2024-09-04 00:30:58 
jj1 = 758, max_th = 1.374932e+00, time=2024-09-04 00:32:28 
jj1 = 652, max_th = 2.243804e+00, time=2024-09-04 00:32:51 
jj1 = 614, max_th = 1.339217e+00, time=2024-09-04 00:33:05 
jj1 = 696, max_th = 2.191547e+00, time=2024-09-04 00:33:38 
jj1 = 575, max_th = 2.204278e+00, time=2024-09-04 00:33:55 
jj1 = 695, max_th = -3.132119e-02, time=2024-09-04 00:34:32 
jj1 = 635, max_th = 2.245530e+00, time=2024-09-04 00:40:42 
jj1 = 673, max_th = 2.214003e+00, time=2024-09-04 00:42:05 
jj1 = 651, max_th = 1.309067e+00, time=2024-09-04 00:42:52 
jj1 = 594, max_th = 2.301381e+00, time=2024-09-04 00:45:27 
jj1 = 757, max_th = 2.397433e+00, time=2024-09-04 00:46:23 
jj1 = 538, max_th = 1.721104e+00, time=2024-09-04 00:46:53 
jj1 = 553, max_th = 1.952181e+00, time=2024-09-04 00:48:01 
jj1 = 733, max_th = 2.333741e+00, time=2024-09-04 00:48:15 
jj1 = 634, max_th = 2.733400e+00, time=2024-09-04 00:48:18 
jj1 = 717, max_th = 2.140603e+00, time=2024-09-04 00:48:57 
jj1 = 613, max_th = 1.705758e+00, time=2024-09-04 00:50:53 
jj1 = 650, max_th = 1.297281e+00, time=2024-09-04 00:51:54 
jj1 = 694, max_th = 2.130937e+00, time=2024-09-04 00:55:15 
jj1 = 593, max_th = 1.346167e+00, time=2024-09-04 00:55:56 
jj1 = 574, max_th = 1.926676e+00, time=2024-09-04 00:56:47 
jj1 = 552, max_th = 1.237342e+00, time=2024-09-04 00:57:37 
jj1 = 732, max_th = 2.553837e+00, time=2024-09-04 00:59:14 
jj1 = 672, max_th = 2.364038e+00, time=2024-09-04 00:59:18 
jj1 = 633, max_th = 2.567678e+00, time=2024-09-04 00:59:57 
jj1 = 573, max_th = 2.700642e+00, time=2024-09-04 01:03:12 
jj1 = 756, max_th = 2.007742e+00, time=2024-09-04 01:07:27 
jj1 = 537, max_th = 1.888297e+00, time=2024-09-04 01:07:49 
jj1 = 612, max_th = 1.641826e+00, time=2024-09-04 01:08:54 
jj1 = 716, max_th = 1.935522e+00, time=2024-09-04 01:09:58 
jj1 = 755, max_th = 2.855065e+00, time=2024-09-04 01:12:02 
jj1 = 551, max_th = 2.403869e+00, time=2024-09-04 01:12:09 
jj1 = 592, max_th = 1.641017e+00, time=2024-09-04 01:12:20 
jj1 = 649, max_th = 1.917738e+00, time=2024-09-04 01:13:00 
jj1 = 754, max_th = 9.642512e-01, time=2024-09-04 01:16:36 
jj1 = 693, max_th = 1.916740e+00, time=2024-09-04 01:16:55 
jj1 = 632, max_th = 1.735834e+00, time=2024-09-04 01:19:21 
jj1 = 671, max_th = 2.164343e+00, time=2024-09-04 01:20:17 
jj1 = 731, max_th = 2.168774e+00, time=2024-09-04 01:20:23 
jj1 = 591, max_th = 1.314440e+00, time=2024-09-04 01:22:14 
jj1 = 572, max_th = 1.833067e+00, time=2024-09-04 01:24:33 
jj1 = 753, max_th = 2.607608e+00, time=2024-09-04 01:25:51 
jj1 = 611, max_th = 1.704051e+00, time=2024-09-04 01:26:52 
jj1 = 536, max_th = 2.218632e+00, time=2024-09-04 01:28:03 
jj1 = 715, max_th = 2.328847e+00, time=2024-09-04 01:28:39 
jj1 = 550, max_th = 2.183174e+00, time=2024-09-04 01:32:58 
jj1 = 838, max_th = 1.958179e+00, time=2024-09-04 01:33:53 
jj1 = 571, max_th = 1.384374e+00, time=2024-09-04 01:36:19 
jj1 = 631, max_th = 2.196774e+00, time=2024-09-04 01:37:21 
jj1 = 590, max_th = 1.643279e+00, time=2024-09-04 01:38:01 
jj1 = 692, max_th = 2.078759e+00, time=2024-09-04 01:38:59 
jj1 = 730, max_th = 2.156324e+00, time=2024-09-04 01:40:07 
jj1 = 752, max_th = 1.531482e+00, time=2024-09-04 01:40:46 
jj1 = 670, max_th = 1.970190e+00, time=2024-09-04 01:42:50 
jj1 = 610, max_th = 2.051481e+00, time=2024-09-04 01:45:05 
jj1 = 837, max_th = 1.539211e+00, time=2024-09-04 01:48:56 
jj1 = 535, max_th = 2.169229e+00, time=2024-09-04 01:49:49 
jj1 = 714, max_th = 2.084870e+00, time=2024-09-04 01:50:17 
jj1 = 549, max_th = 1.705183e+00, time=2024-09-04 01:50:26 
jj1 = 713, max_th = 2.768222e+00, time=2024-09-04 01:56:47 
jj1 = 609, max_th = 1.386864e+00, time=2024-09-04 01:56:51 
jj1 = 589, max_th = 2.155411e+00, time=2024-09-04 01:57:38 
jj1 = 570, max_th = 2.179431e+00, time=2024-09-04 01:57:42 
jj1 = 630, max_th = 1.943089e+00, time=2024-09-04 01:58:34 
jj1 = 848, max_th = 3.081380e+00, time=2024-09-04 01:58:43 
jj1 = 691, max_th = 2.060575e+00, time=2024-09-04 02:00:48 
jj1 = 729, max_th = 2.126020e+00, time=2024-09-04 02:01:53 
jj1 = 669, max_th = 1.672906e+00, time=2024-09-04 02:02:02 
jj1 = 751, max_th = 1.964364e+00, time=2024-09-04 02:02:05 
jj1 = 847, max_th = 2.853778e+00, time=2024-09-04 02:03:16 
jj1 = 534, max_th = 2.396846e+00, time=2024-09-04 02:03:58 
jj1 = 788, max_th = 9.357842e-01, time=2024-09-04 02:06:01 
jj1 = 712, max_th = 1.353186e+00, time=2024-09-04 02:06:48 
jj1 = 858, max_th = 2.367178e+00, time=2024-09-04 02:07:37 
jj1 = 629, max_th = 1.385399e+00, time=2024-09-04 02:10:08 
jj1 = 836, max_th = 1.880564e+00, time=2024-09-04 02:11:21 
jj1 = 778, max_th = 2.384534e+00, time=2024-09-04 02:14:24 
jj1 = 835, max_th = 9.576861e-01, time=2024-09-04 02:15:26 
jj1 = 846, max_th = 1.460184e+00, time=2024-09-04 02:15:31 
jj1 = 569, max_th = 2.292356e+00, time=2024-09-04 02:15:38 
jj1 = 533, max_th = 1.326775e+00, time=2024-09-04 02:15:41 
jj1 = 711, max_th = 2.511806e+00, time=2024-09-04 02:20:11 
jj1 = 750, max_th = 1.803125e+00, time=2024-09-04 02:21:02 
jj1 = 690, max_th = 1.943650e+00, time=2024-09-04 02:21:25 
jj1 = 808, max_th = 1.880326e+00, time=2024-09-04 02:23:44 
jj1 = 818, max_th = 1.618318e+00, time=2024-09-04 02:27:09 
jj1 = 787, max_th = 2.174027e+00, time=2024-09-04 02:27:44 
jj1 = 857, max_th = 1.909329e+00, time=2024-09-04 02:28:11 
jj1 = 845, max_th = 1.423804e+00, time=2024-09-04 02:28:49 
jj1 = 777, max_th = 1.694239e+00, time=2024-09-04 02:31:34 
jj1 = 798, max_th = 1.640742e+00, time=2024-09-04 02:33:29 
jj1 = 834, max_th = 1.689495e+00, time=2024-09-04 02:33:31 
jj1 = 532, max_th = 1.920301e+00, time=2024-09-04 02:38:03 
jj1 = 710, max_th = 2.101189e+00, time=2024-09-04 02:38:12 
jj1 = 856, max_th = 1.328722e+00, time=2024-09-04 02:38:38 
jj1 = 749, max_th = 2.159933e+00, time=2024-09-04 02:41:42 
jj1 = 844, max_th = 2.522533e+00, time=2024-09-04 02:41:59 
jj1 = 689, max_th = 1.884094e+00, time=2024-09-04 02:42:57 
jj1 = 843, max_th = 3.089305e+00, time=2024-09-04 02:44:00 
jj1 = 833, max_th = 1.331868e+00, time=2024-09-04 02:44:37 
jj1 = 807, max_th = 1.887059e+00, time=2024-09-04 02:44:49 
jj1 = 817, max_th = 2.092992e+00, time=2024-09-04 02:45:52 
jj1 = 797, max_th = 2.492455e+00, time=2024-09-04 02:46:49 
jj1 = 786, max_th = 2.276640e+00, time=2024-09-04 02:48:51 
jj1 = 832, max_th = 2.749705e+00, time=2024-09-04 02:50:01 
jj1 = 855, max_th = 2.503147e+00, time=2024-09-04 02:50:10 
jj1 = 776, max_th = 2.156193e+00, time=2024-09-04 02:51:07 
jj1 = 842, max_th = 2.494030e+00, time=2024-09-04 02:56:38 
jj1 = 709, max_th = 1.947161e+00, time=2024-09-04 02:57:16 
jj1 = 888, max_th = 2.388697e+00, time=2024-09-04 02:57:24 
jj1 = 531, max_th = 1.939339e+00, time=2024-09-04 02:58:46 
jj1 = 796, max_th = 1.504373e+00, time=2024-09-04 02:59:57 
jj1 = 816, max_th = 2.362123e+00, time=2024-09-04 03:02:20 
jj1 = 828, max_th = 1.940934e+00, time=2024-09-04 03:04:03 
jj1 = 785, max_th = 2.342159e+00, time=2024-09-04 03:05:54 
jj1 = 854, max_th = 2.341243e+00, time=2024-09-04 03:07:02 
jj1 = 831, max_th = 2.358291e+00, time=2024-09-04 03:07:06 
jj1 = 806, max_th = 1.871631e+00, time=2024-09-04 03:07:32 
jj1 = 530, max_th = 1.357498e+00, time=2024-09-04 03:09:51 
jj1 = 775, max_th = 1.942592e+00, time=2024-09-04 03:12:02 
jj1 = 827, max_th = 2.602849e+00, time=2024-09-04 03:13:19 
jj1 = 868, max_th = 1.643122e+00, time=2024-09-04 03:14:33 
jj1 = 841, max_th = 1.662048e+00, time=2024-09-04 03:14:45 
jj1 = 815, max_th = 1.678691e+00, time=2024-09-04 03:16:33 
jj1 = 805, max_th = 1.291389e+00, time=2024-09-04 03:17:46 
jj1 = 887, max_th = 2.118535e+00, time=2024-09-04 03:19:13 
jj1 = 795, max_th = 1.934573e+00, time=2024-09-04 03:21:37 
jj1 = 804, max_th = 9.769796e-01, time=2024-09-04 03:22:24 
jj1 = 774, max_th = 1.325731e+00, time=2024-09-04 03:22:49 
jj1 = 830, max_th = 2.345107e+00, time=2024-09-04 03:23:28 
jj1 = 826, max_th = 1.382703e+00, time=2024-09-04 03:24:54 
jj1 = 784, max_th = 2.212528e+00, time=2024-09-04 03:26:04 
jj1 = 853, max_th = 2.142260e+00, time=2024-09-04 03:27:09 
jj1 = 529, max_th = 2.335969e+00, time=2024-09-04 03:27:18 
jj1 = 829, max_th = 2.894538e+00, time=2024-09-04 03:27:33 
jj1 = 840, max_th = 2.404988e+00, time=2024-09-04 03:29:48 
jj1 = 794, max_th = 2.658141e+00, time=2024-09-04 03:30:28 
jj1 = 814, max_th = 2.461802e+00, time=2024-09-04 03:30:50 
jj1 = 867, max_th = 1.642454e+00, time=2024-09-04 03:31:12 
jj1 = 893, max_th = 2.770881e+00, time=2024-09-04 03:33:49 
jj1 = 878, max_th = 1.348436e+00, time=2024-09-04 03:36:06 
jj1 = 886, max_th = 2.143553e+00, time=2024-09-04 03:38:29 
jj1 = 773, max_th = 2.165636e+00, time=2024-09-04 03:43:13 
jj1 = 852, max_th = 2.344883e+00, time=2024-09-04 03:43:33 
jj1 = 803, max_th = 2.171217e+00, time=2024-09-04 03:43:37 
jj1 = 793, max_th = 2.350931e+00, time=2024-09-04 03:44:20 
jj1 = 783, max_th = 2.151996e+00, time=2024-09-04 03:44:34 
jj1 = 825, max_th = 1.940312e+00, time=2024-09-04 03:46:05 
jj1 = 813, max_th = 1.646741e+00, time=2024-09-04 03:46:05 
jj1 = 839, max_th = 2.158976e+00, time=2024-09-04 03:50:40 
jj1 = 866, max_th = 1.905274e+00, time=2024-09-04 03:50:48 
jj1 = 865, max_th = 9.539466e-01, time=2024-09-04 03:54:57 
jj1 = 892, max_th = 2.174961e+00, time=2024-09-04 03:55:01 
jj1 = 877, max_th = 1.877591e+00, time=2024-09-04 03:58:33 
jj1 = 772, max_th = 1.563482e+00, time=2024-09-04 03:59:24 
jj1 = 885, max_th = 1.881875e+00, time=2024-09-04 03:59:50 
jj1 = 824, max_th = 2.445253e+00, time=2024-09-04 04:00:26 
jj1 = 782, max_th = 1.951479e+00, time=2024-09-04 04:03:05 
jj1 = 851, max_th = 1.887984e+00, time=2024-09-04 04:04:36 
jj1 = 802, max_th = 1.939246e+00, time=2024-09-04 04:04:43 
jj1 = 792, max_th = 1.888624e+00, time=2024-09-04 04:05:29 
jj1 = 903, max_th = 2.297191e+00, time=2024-09-04 04:07:22 
jj1 = 812, max_th = 2.130369e+00, time=2024-09-04 04:08:23 
jj1 = 864, max_th = 2.384163e+00, time=2024-09-04 04:11:42 
jj1 = 771, max_th = 1.650850e+00, time=2024-09-04 04:13:28 
jj1 = 891, max_th = 2.154718e+00, time=2024-09-04 04:14:22 
jj1 = 781, max_th = 1.375495e+00, time=2024-09-04 04:15:24 
jj1 = 876, max_th = 2.192049e+00, time=2024-09-04 04:18:03 
jj1 = 890, max_th = 2.868075e+00, time=2024-09-04 04:19:00 
jj1 = 811, max_th = 1.380863e+00, time=2024-09-04 04:20:31 
jj1 = 884, max_th = 1.943181e+00, time=2024-09-04 04:20:32 
jj1 = 791, max_th = 1.559918e+00, time=2024-09-04 04:21:08 
jj1 = 823, max_th = 1.875359e+00, time=2024-09-04 04:22:39 
jj1 = 902, max_th = 2.199046e+00, time=2024-09-04 04:23:49 
jj1 = 801, max_th = 1.675213e+00, time=2024-09-04 04:23:49 
jj1 = 850, max_th = 1.887762e+00, time=2024-09-04 04:25:36 
jj1 = 863, max_th = 1.692409e+00, time=2024-09-04 04:29:06 
jj1 = 770, max_th = 1.617504e+00, time=2024-09-04 04:31:20 
jj1 = 883, max_th = 1.358612e+00, time=2024-09-04 04:31:23 
jj1 = 780, max_th = 2.023782e+00, time=2024-09-04 04:38:57 
jj1 = 889, max_th = 2.219707e+00, time=2024-09-04 04:39:15 
jj1 = 875, max_th = 1.963739e+00, time=2024-09-04 04:39:57 
jj1 = 822, max_th = 1.631028e+00, time=2024-09-04 04:40:17 
jj1 = 901, max_th = 2.357600e+00, time=2024-09-04 04:40:23 
jj1 = 862, max_th = 1.383641e+00, time=2024-09-04 04:40:46 
jj1 = 810, max_th = 2.114733e+00, time=2024-09-04 04:41:51 
jj1 = 769, max_th = 1.329361e+00, time=2024-09-04 04:41:57 
jj1 = 849, max_th = 2.342484e+00, time=2024-09-04 04:42:08 
jj1 = 790, max_th = 2.172656e+00, time=2024-09-04 04:43:12 
jj1 = 800, max_th = 2.131825e+00, time=2024-09-04 04:44:56 
jj1 = 882, max_th = 2.358220e+00, time=2024-09-04 04:47:42 
jj1 = 809, max_th = 1.218226e+00, time=2024-09-04 04:48:14 
jj1 = 779, max_th = 2.583413e+00, time=2024-09-04 04:50:06 
jj1 = 881, max_th = 9.034395e-01, time=2024-09-04 04:51:16 
jj1 = 821, max_th = 2.556088e+00, time=2024-09-04 04:51:41 
jj1 = 923, max_th = 9.175426e-01, time=2024-09-04 04:52:13 
jj1 = 820, max_th = 3.133312e+00, time=2024-09-04 04:53:07 
jj1 = 861, max_th = 1.588701e+00, time=2024-09-04 04:56:09 
jj1 = 874, max_th = 1.639344e+00, time=2024-09-04 04:57:26 
jj1 = 799, max_th = 1.548570e+00, time=2024-09-04 04:58:04 
jj1 = 900, max_th = 1.876048e+00, time=2024-09-04 04:59:53 
jj1 = 873, max_th = 7.622012e-01, time=2024-09-04 05:00:02 
jj1 = 952, max_th = 2.126493e+00, time=2024-09-04 05:01:35 
jj1 = 860, max_th = 2.762394e+00, time=2024-09-04 05:02:52 
jj1 = 789, max_th = 2.143776e+00, time=2024-09-04 05:03:27 
jj1 = 898, max_th = 1.987220e+00, time=2024-09-04 05:03:31 
jj1 = 908, max_th = 1.966625e+00, time=2024-09-04 05:03:37 
jj1 = 913, max_th = 2.350793e+00, time=2024-09-04 05:03:52 
jj1 = 922, max_th = 2.392453e+00, time=2024-09-04 05:08:30 
jj1 = 819, max_th = 1.658781e+00, time=2024-09-04 05:10:16 
jj1 = 880, max_th = 2.145886e+00, time=2024-09-04 05:10:23 
jj1 = 951, max_th = 2.413900e+00, time=2024-09-04 05:17:02 
jj1 = 872, max_th = 2.336196e+00, time=2024-09-04 05:17:19 
jj1 = 918, max_th = 1.879992e+00, time=2024-09-04 05:20:17 
jj1 = 899, max_th = 2.127896e+00, time=2024-09-04 05:21:43 
jj1 = 879, max_th = 1.381487e+00, time=2024-09-04 05:21:59 
jj1 = 897, max_th = 2.016135e+00, time=2024-09-04 05:22:19 
jj1 = 907, max_th = 1.945767e+00, time=2024-09-04 05:23:31 
jj1 = 912, max_th = 2.276655e+00, time=2024-09-04 05:23:38 
jj1 = 859, max_th = 2.182929e+00, time=2024-09-04 05:23:45 
jj1 = 928, max_th = 2.179508e+00, time=2024-09-04 05:24:48 
jj1 = 871, max_th = 1.316863e+00, time=2024-09-04 05:27:45 
jj1 = 938, max_th = 1.691685e+00, time=2024-09-04 05:27:45 
jj1 = 921, max_th = 2.106926e+00, time=2024-09-04 05:28:58 
jj1 = 906, max_th = 2.755785e+00, time=2024-09-04 05:29:44 
jj1 = 950, max_th = 2.372522e+00, time=2024-09-04 05:34:06 
jj1 = 911, max_th = 2.566320e+00, time=2024-09-04 05:35:36 
jj1 = 870, max_th = 2.582739e+00, time=2024-09-04 05:38:41 
jj1 = 896, max_th = 1.612084e+00, time=2024-09-04 05:38:57 
jj1 = 937, max_th = 1.391542e+00, time=2024-09-04 05:39:14 
jj1 = 927, max_th = 2.406305e+00, time=2024-09-04 05:39:26 
jj1 = 956, max_th = 1.671583e+00, time=2024-09-04 05:40:23 
jj1 = 920, max_th = 1.404947e+00, time=2024-09-04 05:40:33 
jj1 = 943, max_th = 1.617283e+00, time=2024-09-04 05:40:41 
jj1 = 917, max_th = 2.163244e+00, time=2024-09-04 05:40:46 
jj1 = 933, max_th = 1.677337e+00, time=2024-09-04 05:41:15 
jj1 = 942, max_th = 3.262935e+00, time=2024-09-04 05:41:19 
jj1 = 905, max_th = 1.409654e+00, time=2024-09-04 05:41:44 
jj1 = 895, max_th = 2.896544e+00, time=2024-09-04 05:42:34 
jj1 = 955, max_th = 8.895778e-01, time=2024-09-04 05:43:28 
jj1 = 919, max_th = 9.337215e-01, time=2024-09-04 05:44:51 
jj1 = 932, max_th = 2.773496e+00, time=2024-09-04 05:47:42 
jj1 = 941, max_th = 1.121200e+00, time=2024-09-04 05:48:34 
jj1 = 949, max_th = 2.429833e+00, time=2024-09-04 05:50:16 
jj1 = 910, max_th = 1.627232e+00, time=2024-09-04 05:53:50 
jj1 = 869, max_th = 1.594163e+00, time=2024-09-04 05:54:13 
jj1 = 894, max_th = 1.600706e+00, time=2024-09-04 05:55:36 
jj1 = 972, max_th = 1.370068e+00, time=2024-09-04 05:56:17 
jj1 = 954, max_th = 2.397154e+00, time=2024-09-04 05:57:44 
jj1 = 931, max_th = 2.578163e+00, time=2024-09-04 05:59:56 
jj1 = 936, max_th = 1.992541e+00, time=2024-09-04 06:00:14 
jj1 = 916, max_th = 2.276463e+00, time=2024-09-04 06:00:27 
jj1 = 926, max_th = 2.117604e+00, time=2024-09-04 06:00:59 
jj1 = 904, max_th = 2.144391e+00, time=2024-09-04 06:01:21 
jj1 = 953, max_th = 9.206780e-01, time=2024-09-04 06:01:46 
jj1 = 948, max_th = 2.605728e+00, time=2024-09-04 06:03:53 
jj1 = 960, max_th = 2.396427e+00, time=2024-09-04 06:04:32 
jj1 = 992, max_th = 9.979477e-01, time=2024-09-04 06:06:12 
jj1 = 971, max_th = 1.365282e+00, time=2024-09-04 06:07:46 
jj1 = 940, max_th = 1.904379e+00, time=2024-09-04 06:08:55 
jj1 = 968, max_th = 1.551806e+00, time=2024-09-04 06:09:52 
jj1 = 925, max_th = 1.368954e+00, time=2024-09-04 06:12:08 
jj1 = 939, max_th = 9.430455e-01, time=2024-09-04 06:12:21 
jj1 = 947, max_th = 1.351598e+00, time=2024-09-04 06:13:42 
jj1 = 909, max_th = 2.167341e+00, time=2024-09-04 06:14:50 
jj1 = 959, max_th = 1.406083e+00, time=2024-09-04 06:16:10 
jj1 = 946, max_th = 3.030442e+00, time=2024-09-04 06:16:20 
jj1 = 964, max_th = 1.636664e+00, time=2024-09-04 06:18:39 
jj1 = 997, max_th = 2.739317e+00, time=2024-09-04 06:19:11 
jj1 = 935, max_th = 2.283786e+00, time=2024-09-04 06:19:49 
jj1 = 930, max_th = 1.881198e+00, time=2024-09-04 06:22:13 
jj1 = 915, max_th = 2.078426e+00, time=2024-09-04 06:22:59 
jj1 = 991, max_th = 1.897028e+00, time=2024-09-04 06:25:10 
jj1 = 970, max_th = 1.714154e+00, time=2024-09-04 06:26:55 
jj1 = 967, max_th = 2.165748e+00, time=2024-09-04 06:30:17 
jj1 = 924, max_th = 1.673764e+00, time=2024-09-04 06:30:48 
jj1 = 969, max_th = 9.717416e-01, time=2024-09-04 06:31:08 
jj1 = 958, max_th = 1.696866e+00, time=2024-09-04 06:32:04 
jj1 = 976, max_th = 1.660475e+00, time=2024-09-04 06:32:37 
jj1 = 934, max_th = 1.442391e+00, time=2024-09-04 06:33:24 
jj1 = 945, max_th = 1.663033e+00, time=2024-09-04 06:33:38 
jj1 = 988, max_th = 3.071441e+00, time=2024-09-04 06:35:19 
jj1 = 984, max_th = 2.726047e+00, time=2024-09-04 06:37:10 
jj1 = 966, max_th = 1.185416e+00, time=2024-09-04 06:37:43 
jj1 = 963, max_th = 1.893911e+00, time=2024-09-04 06:37:55 
jj1 = 998, max_th = 2.604322e+00, time=2024-09-04 06:40:10 
jj1 = 914, max_th = 2.205939e+00, time=2024-09-04 06:41:09 
jj1 = 962, max_th = 2.782128e+00, time=2024-09-04 06:42:27 
jj1 = 929, max_th = 1.912212e+00, time=2024-09-04 06:42:28 
jj1 = 990, max_th = 2.111630e+00, time=2024-09-04 06:43:23 
jj1 = 996, max_th = 8.829710e-01, time=2024-09-04 06:45:39 
jj1 = 983, max_th = 2.158022e+00, time=2024-09-04 06:48:05 
jj1 = 982, max_th = -5.044158e-02, time=2024-09-04 06:48:24 
jj1 = 975, max_th = 1.573481e+00, time=2024-09-04 06:49:07 
jj1 = 965, max_th = 2.519002e+00, time=2024-09-04 06:49:39 
jj1 = 995, max_th = 2.875069e+00, time=2024-09-04 06:50:00 
jj1 = 957, max_th = 2.169486e+00, time=2024-09-04 06:52:16 
jj1 = 987, max_th = 1.679533e+00, time=2024-09-04 06:52:36 
jj1 = 981, max_th = 1.363124e+00, time=2024-09-04 06:53:50 
jj1 = 944, max_th = 2.132118e+00, time=2024-09-04 06:54:05 
jj1 = 980, max_th = 2.395392e+00, time=2024-09-04 06:55:19 
jj1 = 1000, max_th = 3.053724e+00, time=2024-09-04 06:55:50 
jj1 = 961, max_th = 2.202297e+00, time=2024-09-04 06:58:49 
jj1 = 989, max_th = 2.176111e+00, time=2024-09-04 07:03:22 
jj1 = 999, max_th = 2.573508e+00, time=2024-09-04 07:03:39 
jj1 = 994, max_th = 1.878831e+00, time=2024-09-04 07:05:20 
jj1 = 986, max_th = 2.521928e+00, time=2024-09-04 07:05:32 
jj1 = 974, max_th = 2.167856e+00, time=2024-09-04 07:08:30 
jj1 = 979, max_th = 2.330113e+00, time=2024-09-04 07:12:45 
jj1 = 993, max_th = 2.133741e+00, time=2024-09-04 07:15:00 
jj1 = 985, max_th = 1.998330e+00, time=2024-09-04 07:19:19 
jj1 = 978, max_th = 1.217542e+00, time=2024-09-04 07:21:03 
jj1 = 973, max_th = 1.946483e+00, time=2024-09-04 07:22:54 
jj1 = 977, max_th = 2.159220e+00, time=2024-09-04 07:39:09 
>> >> >> >> >> >> >> >> 