MATLAB is selecting SOFTWARE OPENGL rendering.

                            < M A T L A B (R) >
                  Copyright 1984-2021 The MathWorks, Inc.
                  R2021b (9.11.0.1769968) 64-bit (glnxa64)
                             September 17, 2021

 
To get started, type doc.
For product information, visit www.mathworks.com.
 
>> >> >> >> >> >> >> >> >> >> >> >> >> >> >> >> >> >> >> >> >> >> >> >> Starting parallel pool (parpool) using the 'local' profile ...
Connected to the parallel pool (number of workers: 12).
jj1 = 25, max_th = 4.644087e+00, time=2024-09-03 10:01:56 
jj1 = 55, max_th = 3.603890e+00, time=2024-09-03 10:02:09 
jj1 = 30, max_th = 1.092253e+00, time=2024-09-03 10:07:10 
jj1 = 60, max_th = 2.886287e+00, time=2024-09-03 10:07:53 
jj1 = 45, max_th = 2.950429e+00, time=2024-09-03 10:09:22 
jj1 = 15, max_th = 1.018820e+00, time=2024-09-03 10:13:05 
jj1 = 50, max_th = 2.417716e+00, time=2024-09-03 10:18:31 
jj1 = 59, max_th = 2.648365e+00, time=2024-09-03 10:19:54 
jj1 = 24, max_th = 1.584937e+00, time=2024-09-03 10:20:00 
jj1 = 40, max_th = 1.539007e+00, time=2024-09-03 10:25:27 
jj1 = 54, max_th = 2.336004e+00, time=2024-09-03 10:26:19 
jj1 = 44, max_th = 1.808263e+00, time=2024-09-03 10:26:31 
jj1 = 14, max_th = 1.373646e+00, time=2024-09-03 10:27:41 
jj1 = 23, max_th = 1.196551e+00, time=2024-09-03 10:28:03 
jj1 = 35, max_th = 2.261250e+00, time=2024-09-03 10:28:11 
jj1 = 29, max_th = 2.097809e+00, time=2024-09-03 10:31:17 
jj1 = 10, max_th = 2.179963e+00, time=2024-09-03 10:32:31 
jj1 = 39, max_th = 2.469442e+00, time=2024-09-03 10:34:46 
jj1 = 20, max_th = 3.735288e+00, time=2024-09-03 10:36:20 
jj1 = 9, max_th = 8.777950e-01, time=2024-09-03 10:36:54 
jj1 = 5, max_th = 1.486211e+00, time=2024-09-03 10:38:13 
jj1 = 49, max_th = 2.426999e+00, time=2024-09-03 10:40:03 
jj1 = 58, max_th = 1.848866e+00, time=2024-09-03 10:41:52 
jj1 = 34, max_th = 1.200471e+00, time=2024-09-03 10:42:24 
jj1 = 13, max_th = 1.373983e+00, time=2024-09-03 10:44:24 
jj1 = 53, max_th = 2.154024e+00, time=2024-09-03 10:46:46 
jj1 = 43, max_th = 2.137181e+00, time=2024-09-03 10:49:03 
jj1 = 22, max_th = 1.901497e+00, time=2024-09-03 10:51:08 
jj1 = 42, max_th = 3.342644e+00, time=2024-09-03 10:51:13 
jj1 = 28, max_th = 2.539182e+00, time=2024-09-03 10:51:35 
jj1 = 8, max_th = 2.609131e+00, time=2024-09-03 10:51:56 
jj1 = 27, max_th = 3.321984e+00, time=2024-09-03 10:53:23 
jj1 = 19, max_th = 1.606677e+00, time=2024-09-03 10:56:48 
jj1 = 41, max_th = 1.085338e+00, time=2024-09-03 10:56:58 
jj1 = 21, max_th = 1.031898e+00, time=2024-09-03 10:57:23 
jj1 = 38, max_th = 1.985801e+00, time=2024-09-03 10:58:05 
jj1 = 33, max_th = 1.391802e+00, time=2024-09-03 10:58:26 
jj1 = 12, max_th = 2.397664e+00, time=2024-09-03 10:59:42 
jj1 = 4, max_th = 2.145052e+00, time=2024-09-03 11:00:13 
jj1 = 3, max_th = 3.190293e+00, time=2024-09-03 11:04:39 
jj1 = 255, max_th = 1.323688e+00, time=2024-09-03 11:10:29 
jj1 = 26, max_th = 2.075847e+00, time=2024-09-03 11:11:56 
jj1 = 32, max_th = 1.653461e+00, time=2024-09-03 11:12:41 
jj1 = 52, max_th = 2.066257e+00, time=2024-09-03 11:14:09 
jj1 = 7, max_th = 2.543348e+00, time=2024-09-03 11:15:33 
jj1 = 51, max_th = 3.018747e+00, time=2024-09-03 11:15:46 
jj1 = 18, max_th = 2.363573e+00, time=2024-09-03 11:16:50 
jj1 = 17, max_th = 2.981693e+00, time=2024-09-03 11:19:33 
jj1 = 411, max_th = 2.011144e+00, time=2024-09-03 11:20:04 
jj1 = 48, max_th = 2.270297e+00, time=2024-09-03 11:20:59 
jj1 = 37, max_th = 1.765913e+00, time=2024-09-03 11:23:55 
jj1 = 47, max_th = 3.748848e+00, time=2024-09-03 11:24:32 
jj1 = 2, max_th = 2.289017e+00, time=2024-09-03 11:26:19 
jj1 = 294, max_th = 2.136526e+00, time=2024-09-03 11:27:48 
jj1 = 57, max_th = 1.813833e+00, time=2024-09-03 11:31:00 
jj1 = 6, max_th = 1.667316e+00, time=2024-09-03 11:34:31 
jj1 = 254, max_th = 2.106845e+00, time=2024-09-03 11:34:32 
jj1 = 31, max_th = 2.284371e+00, time=2024-09-03 11:35:39 
jj1 = 489, max_th = 1.585527e+00, time=2024-09-03 11:37:04 
jj1 = 410, max_th = 1.610193e+00, time=2024-09-03 11:40:55 
jj1 = 46, max_th = 2.177458e+00, time=2024-09-03 11:40:57 
jj1 = 450, max_th = 5.313936e-01, time=2024-09-03 11:41:23 
jj1 = 16, max_th = 2.141664e+00, time=2024-09-03 11:41:36 
jj1 = 1, max_th = 1.564487e+00, time=2024-09-03 11:44:12 
jj1 = 36, max_th = 1.443629e+00, time=2024-09-03 11:49:43 
jj1 = 138, max_th = 1.532743e+00, time=2024-09-03 11:52:01 
jj1 = 253, max_th = 2.634087e+00, time=2024-09-03 11:52:18 
jj1 = 293, max_th = 2.334837e+00, time=2024-09-03 11:53:01 
jj1 = 56, max_th = 1.534508e+00, time=2024-09-03 11:55:16 
jj1 = 99, max_th = 2.379189e+00, time=2024-09-03 11:57:36 
jj1 = 252, max_th = 2.639539e+00, time=2024-09-03 12:00:29 
jj1 = 372, max_th = 2.605995e+00, time=2024-09-03 12:00:32 
jj1 = 409, max_th = 2.243852e+00, time=2024-09-03 12:00:46 
jj1 = 488, max_th = 2.017272e+00, time=2024-09-03 12:01:41 
jj1 = 449, max_th = 2.045444e+00, time=2024-09-03 12:02:32 
jj1 = 528, max_th = 2.423121e+00, time=2024-09-03 12:11:23 
jj1 = 527, max_th = 5.349222e-01, time=2024-09-03 12:12:01 
jj1 = 333, max_th = 2.555367e+00, time=2024-09-03 12:12:30 
jj1 = 216, max_th = 2.181066e+00, time=2024-09-03 12:13:22 
jj1 = 137, max_th = 1.707081e+00, time=2024-09-03 12:14:09 
jj1 = 98, max_th = 2.435421e+00, time=2024-09-03 12:14:46 
jj1 = 136, max_th = 3.159278e+00, time=2024-09-03 12:14:49 
jj1 = 292, max_th = 2.102045e+00, time=2024-09-03 12:15:05 
jj1 = 371, max_th = 1.929873e+00, time=2024-09-03 12:15:06 
jj1 = 251, max_th = 2.347738e+00, time=2024-09-03 12:15:15 
jj1 = 291, max_th = 1.163922e+00, time=2024-09-03 12:22:41 
jj1 = 487, max_th = 2.024368e+00, time=2024-09-03 12:23:19 
jj1 = 448, max_th = 2.309526e+00, time=2024-09-03 12:24:41 
jj1 = 332, max_th = 2.544596e+00, time=2024-09-03 12:25:14 
jj1 = 408, max_th = 1.915803e+00, time=2024-09-03 12:25:57 
jj1 = 250, max_th = 2.663083e+00, time=2024-09-03 12:26:59 
jj1 = 370, max_th = 1.645854e+00, time=2024-09-03 12:30:48 
jj1 = 486, max_th = 1.068859e+00, time=2024-09-03 12:31:07 
jj1 = 249, max_th = 2.759908e+00, time=2024-09-03 12:31:09 
jj1 = 97, max_th = 2.429601e+00, time=2024-09-03 12:32:41 
jj1 = 135, max_th = 2.258715e+00, time=2024-09-03 12:33:02 
jj1 = 447, max_th = 1.588465e+00, time=2024-09-03 12:38:52 
jj1 = 526, max_th = 2.028639e+00, time=2024-09-03 12:38:59 
jj1 = 11, max_th = 1.267176e+00, time=2024-09-03 12:39:25 
jj1 = 215, max_th = 2.187243e+00, time=2024-09-03 12:42:11 
jj1 = 331, max_th = 1.769272e+00, time=2024-09-03 12:42:58 
jj1 = 369, max_th = 1.563613e+00, time=2024-09-03 12:44:01 
jj1 = 485, max_th = 2.049138e+00, time=2024-09-03 12:48:37 
jj1 = 290, max_th = 2.558658e+00, time=2024-09-03 12:49:55 
jj1 = 248, max_th = 2.318561e+00, time=2024-09-03 12:49:57 
jj1 = 134, max_th = 2.474250e+00, time=2024-09-03 12:51:15 
jj1 = 407, max_th = 1.804128e+00, time=2024-09-03 12:51:44 
jj1 = 96, max_th = 2.368294e+00, time=2024-09-03 12:53:00 
jj1 = 525, max_th = 1.377970e+00, time=2024-09-03 12:55:01 
jj1 = 368, max_th = 2.684540e+00, time=2024-09-03 12:55:32 
jj1 = 446, max_th = 2.337283e+00, time=2024-09-03 13:00:17 
jj1 = 214, max_th = 1.868472e+00, time=2024-09-03 13:02:56 
jj1 = 177, max_th = 2.075006e+00, time=2024-09-03 13:03:02 
jj1 = 289, max_th = 2.444462e+00, time=2024-09-03 13:03:17 
jj1 = 330, max_th = 1.685504e+00, time=2024-09-03 13:04:38 
jj1 = 176, max_th = 1.211121e+00, time=2024-09-03 13:08:48 
jj1 = 175, max_th = 3.596569e+00, time=2024-09-03 13:09:02 
jj1 = 133, max_th = 1.508647e+00, time=2024-09-03 13:09:55 
jj1 = 484, max_th = 2.003815e+00, time=2024-09-03 13:10:42 
jj1 = 524, max_th = 1.676976e+00, time=2024-09-03 13:11:14 
jj1 = 95, max_th = 2.077519e+00, time=2024-09-03 13:12:26 
jj1 = 367, max_th = 2.490469e+00, time=2024-09-03 13:15:21 
jj1 = 445, max_th = 2.365439e+00, time=2024-09-03 13:15:45 
jj1 = 213, max_th = 2.516854e+00, time=2024-09-03 13:20:25 
jj1 = 174, max_th = 1.633279e+00, time=2024-09-03 13:21:39 
jj1 = 132, max_th = 1.343466e+00, time=2024-09-03 13:22:00 
jj1 = 406, max_th = 2.133998e+00, time=2024-09-03 13:22:44 
jj1 = 247, max_th = 1.767061e+00, time=2024-09-03 13:23:20 
jj1 = 523, max_th = 1.553565e+00, time=2024-09-03 13:25:16 
jj1 = 94, max_th = 2.450065e+00, time=2024-09-03 13:26:57 
jj1 = 329, max_th = 2.268912e+00, time=2024-09-03 13:27:47 
jj1 = 405, max_th = 2.842287e+00, time=2024-09-03 13:28:12 
jj1 = 93, max_th = 9.009485e-01, time=2024-09-03 13:29:20 
jj1 = 288, max_th = 2.272454e+00, time=2024-09-03 13:29:21 
jj1 = 404, max_th = 1.032872e+00, time=2024-09-03 13:34:39 
jj1 = 522, max_th = 1.261965e+00, time=2024-09-03 13:35:54 
jj1 = 366, max_th = 1.923254e+00, time=2024-09-03 13:38:32 
jj1 = 444, max_th = 2.092283e+00, time=2024-09-03 13:39:03 
jj1 = 212, max_th = 2.061152e+00, time=2024-09-03 13:40:30 
jj1 = 328, max_th = 2.836321e+00, time=2024-09-03 13:41:02 
jj1 = 131, max_th = 2.045247e+00, time=2024-09-03 13:42:07 
jj1 = 483, max_th = 1.921581e+00, time=2024-09-03 13:43:53 
jj1 = 246, max_th = 1.836702e+00, time=2024-09-03 13:44:01 
jj1 = 92, max_th = 2.306728e+00, time=2024-09-03 13:46:06 
jj1 = 287, max_th = 1.677998e+00, time=2024-09-03 13:47:10 
jj1 = 521, max_th = 2.553868e+00, time=2024-09-03 13:47:16 
jj1 = 173, max_th = 1.494539e+00, time=2024-09-03 13:47:29 
jj1 = 211, max_th = 2.660291e+00, time=2024-09-03 13:50:56 
jj1 = 130, max_th = 2.386700e+00, time=2024-09-03 13:56:48 
jj1 = 403, max_th = 2.137002e+00, time=2024-09-03 13:56:51 
jj1 = 129, max_th = 3.402985e+00, time=2024-09-03 13:57:23 
jj1 = 365, max_th = 1.717394e+00, time=2024-09-03 13:59:22 
jj1 = 327, max_th = 1.693569e+00, time=2024-09-03 14:01:00 
jj1 = 245, max_th = 2.042075e+00, time=2024-09-03 14:04:22 
jj1 = 172, max_th = 1.310051e+00, time=2024-09-03 14:04:51 
jj1 = 520, max_th = 1.813687e+00, time=2024-09-03 14:06:50 
jj1 = 443, max_th = 2.326807e+00, time=2024-09-03 14:07:08 
jj1 = 91, max_th = 2.237322e+00, time=2024-09-03 14:08:40 
jj1 = 482, max_th = 1.842851e+00, time=2024-09-03 14:08:47 
jj1 = 286, max_th = 1.930744e+00, time=2024-09-03 14:09:07 
jj1 = 128, max_th = 2.085521e+00, time=2024-09-03 14:13:14 
jj1 = 210, max_th = 1.938451e+00, time=2024-09-03 14:14:00 
jj1 = 364, max_th = 2.184146e+00, time=2024-09-03 14:15:04 
jj1 = 519, max_th = 2.676176e+00, time=2024-09-03 14:17:27 
jj1 = 90, max_th = 1.400360e+00, time=2024-09-03 14:17:53 
jj1 = 326, max_th = 1.893811e+00, time=2024-09-03 14:19:54 
jj1 = 171, max_th = 1.235441e+00, time=2024-09-03 14:21:28 
jj1 = 244, max_th = 2.379720e+00, time=2024-09-03 14:23:26 
jj1 = 89, max_th = 2.827561e+00, time=2024-09-03 14:25:20 
jj1 = 442, max_th = 1.732404e+00, time=2024-09-03 14:26:14 
jj1 = 363, max_th = 1.783264e+00, time=2024-09-03 14:27:26 
jj1 = 285, max_th = 1.950317e+00, time=2024-09-03 14:28:02 
jj1 = 518, max_th = 1.377341e+00, time=2024-09-03 14:29:49 
jj1 = 402, max_th = 2.117587e+00, time=2024-09-03 14:31:09 
jj1 = 127, max_th = 1.689274e+00, time=2024-09-03 14:31:51 
jj1 = 481, max_th = 2.047701e+00, time=2024-09-03 14:33:26 
jj1 = 209, max_th = 2.456230e+00, time=2024-09-03 14:33:27 
jj1 = 284, max_th = 1.130109e+00, time=2024-09-03 14:35:23 
jj1 = 88, max_th = 2.655483e+00, time=2024-09-03 14:36:05 
jj1 = 170, max_th = 2.663070e+00, time=2024-09-03 14:37:45 
jj1 = 325, max_th = 1.840138e+00, time=2024-09-03 14:38:14 
jj1 = 243, max_th = 2.255080e+00, time=2024-09-03 14:41:15 
jj1 = 441, max_th = 1.357637e+00, time=2024-09-03 14:42:48 
jj1 = 283, max_th = 1.340869e+00, time=2024-09-03 14:43:15 
jj1 = 362, max_th = 1.756277e+00, time=2024-09-03 14:45:20 
jj1 = 480, max_th = 2.595735e+00, time=2024-09-03 14:46:58 
jj1 = 479, max_th = 7.533282e-01, time=2024-09-03 14:47:59 
jj1 = 324, max_th = 2.541263e+00, time=2024-09-03 14:48:41 
jj1 = 208, max_th = 1.533668e+00, time=2024-09-03 14:49:53 
jj1 = 87, max_th = 2.402643e+00, time=2024-09-03 14:50:00 
jj1 = 517, max_th = 1.291853e+00, time=2024-09-03 14:51:35 
jj1 = 169, max_th = 1.543359e+00, time=2024-09-03 14:52:29 
jj1 = 440, max_th = 1.785091e+00, time=2024-09-03 14:58:03 
jj1 = 242, max_th = 1.651816e+00, time=2024-09-03 14:58:07 
jj1 = 126, max_th = 1.924981e+00, time=2024-09-03 14:58:23 
jj1 = 401, max_th = 2.120542e+00, time=2024-09-03 14:58:47 
jj1 = 478, max_th = 1.495462e+00, time=2024-09-03 15:00:30 
jj1 = 168, max_th = 1.021257e+00, time=2024-09-03 15:04:28 
jj1 = 207, max_th = 2.132971e+00, time=2024-09-03 15:09:15 
jj1 = 282, max_th = 1.583000e+00, time=2024-09-03 15:09:49 
jj1 = 241, max_th = 2.271210e+00, time=2024-09-03 15:10:03 
jj1 = 400, max_th = 2.197652e+00, time=2024-09-03 15:10:08 
jj1 = 86, max_th = 1.648114e+00, time=2024-09-03 15:13:11 
jj1 = 361, max_th = 2.071747e+00, time=2024-09-03 15:14:06 
jj1 = 516, max_th = 2.156775e+00, time=2024-09-03 15:14:50 
jj1 = 125, max_th = 1.932024e+00, time=2024-09-03 15:17:00 
jj1 = 206, max_th = 1.385010e+00, time=2024-09-03 15:17:14 
jj1 = 323, max_th = 1.963826e+00, time=2024-09-03 15:17:26 
jj1 = 477, max_th = 1.763731e+00, time=2024-09-03 15:19:13 
jj1 = 281, max_th = 1.392473e+00, time=2024-09-03 15:19:46 
jj1 = 124, max_th = 3.441940e+00, time=2024-09-03 15:19:55 
jj1 = 322, max_th = 3.467157e+00, time=2024-09-03 15:20:41 
jj1 = 476, max_th = 2.989793e+00, time=2024-09-03 15:23:23 
jj1 = 439, max_th = 2.004358e+00, time=2024-09-03 15:24:03 
jj1 = 167, max_th = 2.070281e+00, time=2024-09-03 15:28:05 
jj1 = 205, max_th = 1.347435e+00, time=2024-09-03 15:29:26 
jj1 = 399, max_th = 2.310536e+00, time=2024-09-03 15:29:51 
jj1 = 204, max_th = 1.284712e+00, time=2024-09-03 15:34:37 
jj1 = 360, max_th = 2.407829e+00, time=2024-09-03 15:34:47 
jj1 = 515, max_th = 2.108671e+00, time=2024-09-03 15:35:51 
jj1 = 280, max_th = 1.385060e+00, time=2024-09-03 15:36:21 
jj1 = 240, max_th = 2.284758e+00, time=2024-09-03 15:37:38 
jj1 = 321, max_th = 2.401584e+00, time=2024-09-03 15:37:58 
jj1 = 85, max_th = 2.168662e+00, time=2024-09-03 15:41:08 
jj1 = 166, max_th = 1.368150e+00, time=2024-09-03 15:41:31 
jj1 = 123, max_th = 2.641130e+00, time=2024-09-03 15:41:39 
jj1 = 475, max_th = 1.898018e+00, time=2024-09-03 15:47:59 
jj1 = 239, max_th = 1.997082e+00, time=2024-09-03 15:50:19 
jj1 = 398, max_th = 2.457064e+00, time=2024-09-03 15:50:25 
jj1 = 514, max_th = 1.405556e+00, time=2024-09-03 15:53:29 
jj1 = 165, max_th = 1.639572e+00, time=2024-09-03 15:54:20 
jj1 = 84, max_th = 1.320290e+00, time=2024-09-03 15:55:07 
jj1 = 438, max_th = 2.173318e+00, time=2024-09-03 15:55:37 
jj1 = 203, max_th = 1.936927e+00, time=2024-09-03 15:57:16 
jj1 = 122, max_th = 1.619210e+00, time=2024-09-03 15:57:34 
jj1 = 164, max_th = 2.717490e+00, time=2024-09-03 15:57:44 
jj1 = 121, max_th = 3.801209e+00, time=2024-09-03 15:58:09 
jj1 = 359, max_th = 1.728434e+00, time=2024-09-03 15:58:28 
jj1 = 397, max_th = 2.923996e+00, time=2024-09-03 15:58:40 
jj1 = 202, max_th = 2.569667e-04, time=2024-09-03 15:58:48 
jj1 = 320, max_th = 1.791709e+00, time=2024-09-03 16:00:55 
jj1 = 513, max_th = 2.893239e+00, time=2024-09-03 16:02:15 
jj1 = 474, max_th = 2.380321e+00, time=2024-09-03 16:03:49 
jj1 = 279, max_th = 2.558528e+00, time=2024-09-03 16:04:46 
jj1 = 201, max_th = 2.893248e+00, time=2024-09-03 16:06:44 
jj1 = 512, max_th = 2.647255e+00, time=2024-09-03 16:10:57 
jj1 = 120, max_th = 1.390473e+00, time=2024-09-03 16:11:04 
jj1 = 200, max_th = 2.685938e+00, time=2024-09-03 16:11:46 
jj1 = 437, max_th = 1.385190e+00, time=2024-09-03 16:14:25 
jj1 = 163, max_th = 2.136168e+00, time=2024-09-03 16:17:47 
jj1 = 319, max_th = 1.534974e+00, time=2024-09-03 16:19:01 
jj1 = 199, max_th = 2.599912e+00, time=2024-09-03 16:19:35 
jj1 = 83, max_th = 1.728414e+00, time=2024-09-03 16:19:38 
jj1 = 278, max_th = 1.850835e+00, time=2024-09-03 16:20:39 
jj1 = 396, max_th = 1.816562e+00, time=2024-09-03 16:21:37 
jj1 = 238, max_th = 1.489966e+00, time=2024-09-03 16:24:02 
jj1 = 358, max_th = 2.192689e+00, time=2024-09-03 16:25:45 
jj1 = 436, max_th = 1.371306e+00, time=2024-09-03 16:27:24 
jj1 = 82, max_th = 9.947056e-01, time=2024-09-03 16:27:28 
jj1 = 357, max_th = 3.328248e+00, time=2024-09-03 16:27:29 
jj1 = 318, max_th = 1.271938e+00, time=2024-09-03 16:28:21 
jj1 = 511, max_th = 2.337917e+00, time=2024-09-03 16:28:51 
jj1 = 119, max_th = 2.872971e+00, time=2024-09-03 16:29:51 
jj1 = 395, max_th = 2.622259e+00, time=2024-09-03 16:34:53 
jj1 = 473, max_th = 1.132394e+00, time=2024-09-03 16:36:18 
jj1 = 198, max_th = 1.745759e+00, time=2024-09-03 16:38:41 
jj1 = 237, max_th = 1.817613e+00, time=2024-09-03 16:45:25 
jj1 = 277, max_th = 2.035754e+00, time=2024-09-03 16:45:26 
jj1 = 317, max_th = 2.006503e+00, time=2024-09-03 16:46:21 
jj1 = 162, max_th = 2.444541e+00, time=2024-09-03 16:47:52 
jj1 = 435, max_th = 1.760919e+00, time=2024-09-03 16:48:12 
jj1 = 510, max_th = 2.162313e+00, time=2024-09-03 16:49:03 
jj1 = 356, max_th = 2.191836e+00, time=2024-09-03 16:49:29 
jj1 = 472, max_th = 2.795819e+00, time=2024-09-03 16:50:55 
jj1 = 394, max_th = 1.521510e+00, time=2024-09-03 16:52:40 
jj1 = 118, max_th = 1.279489e+00, time=2024-09-03 16:53:50 
jj1 = 81, max_th = 2.016927e+00, time=2024-09-03 16:54:09 
jj1 = 393, max_th = 8.773337e-01, time=2024-09-03 16:57:22 
jj1 = 355, max_th = 2.765264e+00, time=2024-09-03 16:57:38 
jj1 = 197, max_th = 1.997384e+00, time=2024-09-03 17:00:27 
jj1 = 434, max_th = 1.390236e+00, time=2024-09-03 17:00:50 
jj1 = 316, max_th = 2.224170e+00, time=2024-09-03 17:04:50 
jj1 = 161, max_th = 1.656520e+00, time=2024-09-03 17:07:59 
jj1 = 433, max_th = 1.133016e+00, time=2024-09-03 17:10:36 
jj1 = 236, max_th = 1.880077e+00, time=2024-09-03 17:11:13 
jj1 = 80, max_th = 2.298558e+00, time=2024-09-03 17:13:11 
jj1 = 117, max_th = 2.056373e+00, time=2024-09-03 17:13:14 
jj1 = 354, max_th = 1.581372e+00, time=2024-09-03 17:19:17 
jj1 = 276, max_th = 1.823357e+00, time=2024-09-03 17:20:01 
jj1 = 432, max_th = 1.255723e+00, time=2024-09-03 17:20:36 
jj1 = 116, max_th = 1.350832e+00, time=2024-09-03 17:20:50 
jj1 = 196, max_th = 2.234928e+00, time=2024-09-03 17:21:08 
jj1 = 392, max_th = 1.868530e+00, time=2024-09-03 17:21:32 
jj1 = 471, max_th = 2.262403e+00, time=2024-09-03 17:24:06 
jj1 = 160, max_th = 1.793029e+00, time=2024-09-03 17:28:32 
jj1 = 315, max_th = 2.432151e+00, time=2024-09-03 17:31:18 
jj1 = 159, max_th = 6.539121e-01, time=2024-09-03 17:31:35 
jj1 = 195, max_th = 1.695495e+00, time=2024-09-03 17:33:56 
jj1 = 235, max_th = 2.221108e+00, time=2024-09-03 17:34:12 
jj1 = 79, max_th = 1.930362e+00, time=2024-09-03 17:35:39 
jj1 = 275, max_th = 1.543131e+00, time=2024-09-03 17:37:20 
jj1 = 353, max_th = 2.283408e+00, time=2024-09-03 17:37:42 
jj1 = 158, max_th = 2.102408e+00, time=2024-09-03 17:41:06 
jj1 = 115, max_th = 2.274524e+00, time=2024-09-03 17:42:33 
jj1 = 470, max_th = 1.729932e+00, time=2024-09-03 17:43:01 
jj1 = 431, max_th = 1.681654e+00, time=2024-09-03 17:43:50 
jj1 = 430, max_th = 4.738014e+00, time=2024-09-03 17:45:37 
jj1 = 352, max_th = 2.671024e+00, time=2024-09-03 17:46:06 
jj1 = 78, max_th = 9.872728e-01, time=2024-09-03 17:46:38 
jj1 = 391, max_th = 2.427409e+00, time=2024-09-03 17:50:54 
jj1 = 157, max_th = 1.340553e+00, time=2024-09-03 17:52:36 
jj1 = 234, max_th = 1.795109e+00, time=2024-09-03 17:52:54 
jj1 = 114, max_th = 1.353175e+00, time=2024-09-03 17:53:40 
jj1 = 314, max_th = 2.016044e+00, time=2024-09-03 17:58:04 
jj1 = 429, max_th = 1.528210e+00, time=2024-09-03 17:58:13 
jj1 = 274, max_th = 1.774326e+00, time=2024-09-03 17:58:42 
jj1 = 469, max_th = 2.056016e+00, time=2024-09-03 18:03:05 
jj1 = 351, max_th = 2.502126e+00, time=2024-09-03 18:05:21 
jj1 = 113, max_th = 2.350828e+00, time=2024-09-03 18:06:24 
jj1 = 390, max_th = 1.385319e+00, time=2024-09-03 18:07:45 
jj1 = 233, max_th = 2.460684e+00, time=2024-09-03 18:07:53 
jj1 = 194, max_th = 2.122276e+00, time=2024-09-03 18:09:35 
jj1 = 428, max_th = 1.336272e+00, time=2024-09-03 18:11:12 
jj1 = 77, max_th = 2.224512e+00, time=2024-09-03 18:11:24 
jj1 = 273, max_th = 2.776049e+00, time=2024-09-03 18:15:09 
jj1 = 427, max_th = 7.300438e-01, time=2024-09-03 18:15:37 
jj1 = 468, max_th = 2.495145e+00, time=2024-09-03 18:16:56 
jj1 = 350, max_th = 2.503103e+00, time=2024-09-03 18:17:30 
jj1 = 156, max_th = 1.376045e+00, time=2024-09-03 18:18:53 
jj1 = 313, max_th = 1.992616e+00, time=2024-09-03 18:19:38 
jj1 = 389, max_th = 1.129272e+00, time=2024-09-03 18:20:50 
jj1 = 312, max_th = 7.727240e-01, time=2024-09-03 18:22:25 
jj1 = 193, max_th = 2.433318e+00, time=2024-09-03 18:25:57 
jj1 = 76, max_th = 1.428187e+00, time=2024-09-03 18:26:09 
jj1 = 272, max_th = 2.564515e+00, time=2024-09-03 18:29:15 
jj1 = 112, max_th = 1.924752e+00, time=2024-09-03 18:30:59 
jj1 = 111, max_th = 3.233792e+00, time=2024-09-03 18:32:01 
jj1 = 110, max_th = 7.068953e-01, time=2024-09-03 18:32:56 
jj1 = 467, max_th = 1.579048e+00, time=2024-09-03 18:34:14 
jj1 = 75, max_th = 2.536514e+00, time=2024-09-03 18:38:50 
jj1 = 311, max_th = 2.390539e+00, time=2024-09-03 18:40:24 
jj1 = 349, max_th = 1.865191e+00, time=2024-09-03 18:40:52 
jj1 = 388, max_th = 1.898277e+00, time=2024-09-03 18:43:08 
jj1 = 74, max_th = 2.803275e+00, time=2024-09-03 18:43:43 
jj1 = 509, max_th = 2.170321e+00, time=2024-09-03 18:43:51 
jj1 = 426, max_th = 1.814957e+00, time=2024-09-03 18:44:53 
jj1 = 155, max_th = 1.795766e+00, time=2024-09-03 18:46:11 
jj1 = 192, max_th = 2.537268e+00, time=2024-09-03 18:47:59 
jj1 = 191, max_th = 9.308739e-01, time=2024-09-03 18:51:40 
jj1 = 271, max_th = 2.114061e+00, time=2024-09-03 18:52:22 
jj1 = 466, max_th = 1.659384e+00, time=2024-09-03 18:53:29 
jj1 = 387, max_th = 1.376248e+00, time=2024-09-03 18:53:59 
jj1 = 465, max_th = 1.405197e-01, time=2024-09-03 18:54:53 
jj1 = 109, max_th = 2.175357e+00, time=2024-09-03 18:55:52 
jj1 = 310, max_th = 2.355229e+00, time=2024-09-03 18:56:16 
jj1 = 425, max_th = 1.221484e+00, time=2024-09-03 18:56:15 
jj1 = 270, max_th = 1.266503e+00, time=2024-09-03 18:57:57 
jj1 = 424, max_th = 3.746609e+00, time=2024-09-03 18:58:18 
jj1 = 154, max_th = 2.532299e+00, time=2024-09-03 19:01:22 
jj1 = 73, max_th = 1.784605e+00, time=2024-09-03 19:01:27 
jj1 = 508, max_th = 2.034377e+00, time=2024-09-03 19:02:55 
jj1 = 348, max_th = 2.067472e+00, time=2024-09-03 19:05:53 
jj1 = 269, max_th = 2.619840e+00, time=2024-09-03 19:06:35 
jj1 = 386, max_th = 1.363581e+00, time=2024-09-03 19:07:09 
jj1 = 72, max_th = 2.803130e+00, time=2024-09-03 19:08:00 
jj1 = 232, max_th = 1.384263e+00, time=2024-09-03 19:08:14 
jj1 = 108, max_th = 1.477864e+00, time=2024-09-03 19:09:58 
jj1 = 423, max_th = 2.451864e+00, time=2024-09-03 19:10:57 
jj1 = 309, max_th = 1.569566e+00, time=2024-09-03 19:13:48 
jj1 = 107, max_th = 2.785830e+00, time=2024-09-03 19:14:21 
jj1 = 190, max_th = 1.833072e+00, time=2024-09-03 19:16:49 
jj1 = 153, max_th = 2.439438e+00, time=2024-09-03 19:18:04 
jj1 = 152, max_th = 3.379771e+00, time=2024-09-03 19:18:52 
jj1 = 231, max_th = 9.404275e-01, time=2024-09-03 19:20:11 
jj1 = 464, max_th = 1.922833e+00, time=2024-09-03 19:21:55 
jj1 = 71, max_th = 1.322851e+00, time=2024-09-03 19:23:52 
jj1 = 422, max_th = 2.945919e+00, time=2024-09-03 19:26:00 
jj1 = 347, max_th = 2.331550e+00, time=2024-09-03 19:26:08 
jj1 = 385, max_th = 1.965303e+00, time=2024-09-03 19:27:24 
jj1 = 189, max_th = 2.440383e+00, time=2024-09-03 19:29:44 
jj1 = 308, max_th = 1.309286e+00, time=2024-09-03 19:31:42 
jj1 = 106, max_th = 2.198820e+00, time=2024-09-03 19:32:32 
jj1 = 463, max_th = 8.880224e-01, time=2024-09-03 19:33:36 
jj1 = 421, max_th = 1.234920e+00, time=2024-09-03 19:33:45 
jj1 = 268, max_th = 2.136713e+00, time=2024-09-03 19:34:33 
jj1 = 151, max_th = 2.531366e+00, time=2024-09-03 19:37:08 
jj1 = 507, max_th = 1.772025e+00, time=2024-09-03 19:40:03 
jj1 = 70, max_th = 1.525779e+00, time=2024-09-03 19:42:43 
jj1 = 506, max_th = 2.975782e+00, time=2024-09-03 19:42:45 
jj1 = 105, max_th = 1.670357e+00, time=2024-09-03 19:43:26 
jj1 = 505, max_th = 3.346212e+00, time=2024-09-03 19:43:48 
jj1 = 384, max_th = 1.154084e+00, time=2024-09-03 19:44:56 
jj1 = 230, max_th = 2.176325e+00, time=2024-09-03 19:45:57 
jj1 = 346, max_th = 2.366912e+00, time=2024-09-03 19:46:10 
jj1 = 307, max_th = 2.412355e+00, time=2024-09-03 19:46:21 
jj1 = 188, max_th = 1.543012e+00, time=2024-09-03 19:46:22 
jj1 = 420, max_th = 1.554463e+00, time=2024-09-03 19:49:22 
jj1 = 504, max_th = 2.784881e+00, time=2024-09-03 19:52:34 
jj1 = 267, max_th = 1.906891e+00, time=2024-09-03 19:52:58 
jj1 = 306, max_th = 2.490318e+00, time=2024-09-03 19:56:16 
jj1 = 462, max_th = 2.003669e+00, time=2024-09-03 19:58:19 
jj1 = 150, max_th = 1.100662e+00, time=2024-09-03 19:58:32 
jj1 = 104, max_th = 1.898836e+00, time=2024-09-03 19:59:54 
jj1 = 187, max_th = 1.889193e+00, time=2024-09-03 20:01:57 
jj1 = 149, max_th = 1.142670e+00, time=2024-09-03 20:03:22 
jj1 = 345, max_th = 2.057997e+00, time=2024-09-03 20:08:54 
jj1 = 229, max_th = 2.485477e+00, time=2024-09-03 20:09:24 
jj1 = 305, max_th = 9.897641e-01, time=2024-09-03 20:09:39 
jj1 = 383, max_th = 1.876202e+00, time=2024-09-03 20:09:42 
jj1 = 69, max_th = 1.907595e+00, time=2024-09-03 20:09:47 
jj1 = 461, max_th = 2.808917e+00, time=2024-09-03 20:11:51 
jj1 = 419, max_th = 1.852313e+00, time=2024-09-03 20:11:51 
jj1 = 503, max_th = 2.315639e+00, time=2024-09-03 20:14:33 
jj1 = 266, max_th = 2.033903e+00, time=2024-09-03 20:15:26 
jj1 = 148, max_th = 2.053608e+00, time=2024-09-03 20:17:23 
jj1 = 382, max_th = 1.290411e+00, time=2024-09-03 20:18:59 
jj1 = 68, max_th = 1.501110e+00, time=2024-09-03 20:25:13 
jj1 = 103, max_th = 2.206130e+00, time=2024-09-03 20:25:47 
jj1 = 418, max_th = 1.852843e+00, time=2024-09-03 20:30:01 
jj1 = 381, max_th = 2.762827e+00, time=2024-09-03 20:30:06 
jj1 = 344, max_th = 2.217453e+00, time=2024-09-03 20:32:50 
jj1 = 304, max_th = 1.976953e+00, time=2024-09-03 20:33:16 
jj1 = 228, max_th = 2.429026e+00, time=2024-09-03 20:34:30 
jj1 = 303, max_th = 6.918797e-01, time=2024-09-03 20:36:52 
jj1 = 502, max_th = 2.374469e+00, time=2024-09-03 20:36:56 
jj1 = 186, max_th = 1.880185e+00, time=2024-09-03 20:38:22 
jj1 = 265, max_th = 2.033739e+00, time=2024-09-03 20:40:44 
jj1 = 147, max_th = 1.911139e+00, time=2024-09-03 20:41:57 
jj1 = 380, max_th = 1.392246e+00, time=2024-09-03 20:42:27 
jj1 = 67, max_th = 2.371838e+00, time=2024-09-03 20:42:35 
jj1 = 264, max_th = 3.286103e+00, time=2024-09-03 20:42:35 
jj1 = 460, max_th = 1.650644e+00, time=2024-09-03 20:43:31 
jj1 = 417, max_th = 1.667904e+00, time=2024-09-03 20:45:01 
jj1 = 66, max_th = 2.955586e+00, time=2024-09-03 20:46:12 
jj1 = 501, max_th = 1.359946e+00, time=2024-09-03 20:48:28 
jj1 = 343, max_th = 2.058025e+00, time=2024-09-03 20:51:18 
jj1 = 227, max_th = 1.728849e+00, time=2024-09-03 20:52:36 
jj1 = 102, max_th = 2.067508e+00, time=2024-09-03 20:55:12 
jj1 = 302, max_th = 1.957294e+00, time=2024-09-03 20:55:35 
jj1 = 342, max_th = 2.871923e+00, time=2024-09-03 20:56:50 
jj1 = 416, max_th = 1.554754e+00, time=2024-09-03 20:58:50 
jj1 = 459, max_th = 2.344244e+00, time=2024-09-03 20:59:12 
jj1 = 65, max_th = 1.531908e+00, time=2024-09-03 21:01:02 
jj1 = 500, max_th = 2.558679e+00, time=2024-09-03 21:01:29 
jj1 = 379, max_th = 2.000956e+00, time=2024-09-03 21:01:34 
jj1 = 458, max_th = 8.321965e-01, time=2024-09-03 21:02:42 
jj1 = 146, max_th = 1.878782e+00, time=2024-09-03 21:03:04 
jj1 = 301, max_th = 1.152030e+00, time=2024-09-03 21:04:16 
jj1 = 185, max_th = 2.158111e+00, time=2024-09-03 21:04:40 
jj1 = 415, max_th = 2.654431e+00, time=2024-09-03 21:06:16 
jj1 = 184, max_th = 6.518553e-01, time=2024-09-03 21:08:08 
jj1 = 226, max_th = 2.305031e+00, time=2024-09-03 21:09:22 
jj1 = 341, max_th = 1.493301e+00, time=2024-09-03 21:09:55 
jj1 = 101, max_th = 2.231051e+00, time=2024-09-03 21:12:59 
jj1 = 263, max_th = 1.621943e+00, time=2024-09-03 21:14:23 
jj1 = 183, max_th = 1.252190e+00, time=2024-09-03 21:15:31 
jj1 = 225, max_th = 2.596967e+00, time=2024-09-03 21:18:49 
jj1 = 145, max_th = 1.512761e+00, time=2024-09-03 21:19:02 
jj1 = 300, max_th = 1.791346e+00, time=2024-09-03 21:20:19 
jj1 = 499, max_th = 2.001830e+00, time=2024-09-03 21:21:57 
jj1 = 414, max_th = 1.648854e+00, time=2024-09-03 21:25:02 
jj1 = 378, max_th = 2.320054e+00, time=2024-09-03 21:25:27 
jj1 = 457, max_th = 1.725306e+00, time=2024-09-03 21:26:43 
jj1 = 64, max_th = 1.795514e+00, time=2024-09-03 21:26:53 
jj1 = 340, max_th = 2.259638e+00, time=2024-09-03 21:27:15 
jj1 = 262, max_th = 1.678352e+00, time=2024-09-03 21:30:00 
jj1 = 498, max_th = 1.301619e+00, time=2024-09-03 21:30:29 
jj1 = 299, max_th = 2.540605e+00, time=2024-09-03 21:30:35 
jj1 = 182, max_th = 1.429461e+00, time=2024-09-03 21:31:13 
jj1 = 144, max_th = 2.578067e+00, time=2024-09-03 21:33:39 
jj1 = 181, max_th = 3.087106e+00, time=2024-09-03 21:33:41 
jj1 = 377, max_th = 2.623051e+00, time=2024-09-03 21:34:25 
jj1 = 261, max_th = 3.652837e+00, time=2024-09-03 21:35:56 
jj1 = 298, max_th = 5.201735e-01, time=2024-09-03 21:36:14 
jj1 = 224, max_th = 2.090134e+00, time=2024-09-03 21:38:54 
jj1 = 100, max_th = 1.941531e+00, time=2024-09-03 21:43:12 
jj1 = 376, max_th = 1.066655e+00, time=2024-09-03 21:44:13 
jj1 = 339, max_th = 1.685104e+00, time=2024-09-03 21:45:09 
jj1 = 180, max_th = 2.454592e+00, time=2024-09-03 21:47:07 
jj1 = 497, max_th = 2.353928e+00, time=2024-09-03 21:48:10 
jj1 = 456, max_th = 1.838439e+00, time=2024-09-03 21:49:15 
jj1 = 223, max_th = 2.661878e+00, time=2024-09-03 21:51:19 
jj1 = 260, max_th = 1.782073e+00, time=2024-09-03 21:58:09 
jj1 = 63, max_th = 2.143029e+00, time=2024-09-03 21:58:29 
jj1 = 143, max_th = 1.983207e+00, time=2024-09-03 21:58:54 
jj1 = 413, max_th = 2.230341e+00, time=2024-09-03 21:59:09 
jj1 = 455, max_th = 1.273000e+00, time=2024-09-03 21:59:14 
jj1 = 628, max_th = 1.710910e+00, time=2024-09-03 22:00:55 
jj1 = 297, max_th = 2.028050e+00, time=2024-09-03 22:00:57 
jj1 = 496, max_th = 1.668666e+00, time=2024-09-03 22:03:26 
jj1 = 375, max_th = 1.567069e+00, time=2024-09-03 22:04:32 
jj1 = 338, max_th = 1.822514e+00, time=2024-09-03 22:06:22 
jj1 = 259, max_th = 2.416076e+00, time=2024-09-03 22:10:17 
jj1 = 179, max_th = 1.960682e+00, time=2024-09-03 22:11:38 
jj1 = 62, max_th = 1.545051e+00, time=2024-09-03 22:15:26 
jj1 = 412, max_th = 1.839419e+00, time=2024-09-03 22:16:40 
jj1 = 222, max_th = 1.780981e+00, time=2024-09-03 22:18:18 
jj1 = 454, max_th = 2.048956e+00, time=2024-09-03 22:19:14 
jj1 = 374, max_th = 1.848651e+00, time=2024-09-03 22:20:08 
jj1 = 296, max_th = 2.126594e+00, time=2024-09-03 22:21:17 
jj1 = 258, max_th = 2.553040e+00, time=2024-09-03 22:23:31 
jj1 = 495, max_th = 2.482712e+00, time=2024-09-03 22:25:06 
jj1 = 142, max_th = 1.743704e+00, time=2024-09-03 22:27:34 
jj1 = 668, max_th = 1.699021e+00, time=2024-09-03 22:28:33 
jj1 = 373, max_th = 1.103427e+00, time=2024-09-03 22:28:59 
jj1 = 257, max_th = 2.740005e+00, time=2024-09-03 22:32:04 
jj1 = 627, max_th = 2.143053e+00, time=2024-09-03 22:32:23 
jj1 = 548, max_th = 1.174607e+00, time=2024-09-03 22:36:12 
jj1 = 337, max_th = 2.163427e+00, time=2024-09-03 22:36:44 
jj1 = 61, max_th = 1.636626e+00, time=2024-09-03 22:37:30 
jj1 = 178, max_th = 2.119122e+00, time=2024-09-03 22:38:01 
jj1 = 295, max_th = 2.403753e+00, time=2024-09-03 22:38:49 
jj1 = 453, max_th = 1.847990e+00, time=2024-09-03 22:38:59 
jj1 = 494, max_th = 2.477445e+00, time=2024-09-03 22:39:17 
jj1 = 626, max_th = 1.749248e+00, time=2024-09-03 22:43:55 
jj1 = 221, max_th = 1.971816e+00, time=2024-09-03 22:44:33 
jj1 = 336, max_th = 1.249350e+00, time=2024-09-03 22:45:31 
jj1 = 141, max_th = 2.146889e+00, time=2024-09-03 22:48:12 
jj1 = 547, max_th = 1.597310e+00, time=2024-09-03 22:48:40 
jj1 = 625, max_th = 1.290654e+00, time=2024-09-03 22:50:51 
jj1 = 493, max_th = 2.159166e+00, time=2024-09-03 22:51:46 
jj1 = 256, max_th = 2.029446e+00, time=2024-09-03 22:54:31 
jj1 = 688, max_th = 2.165274e+00, time=2024-09-03 22:58:31 
jj1 = 708, max_th = 1.863728e+00, time=2024-09-03 22:59:41 
jj1 = 335, max_th = 1.756573e+00, time=2024-09-03 23:00:40 
jj1 = 624, max_th = 1.558143e+00, time=2024-09-03 23:01:07 
jj1 = 140, max_th = 1.821722e+00, time=2024-09-03 23:01:34 
jj1 = 452, max_th = 2.164001e+00, time=2024-09-03 23:01:51 
jj1 = 667, max_th = 1.934258e+00, time=2024-09-03 23:02:36 
jj1 = 623, max_th = 6.480786e-01, time=2024-09-03 23:02:41 
jj1 = 648, max_th = 1.556624e+00, time=2024-09-03 23:05:05 
jj1 = 546, max_th = 1.951760e+00, time=2024-09-03 23:06:16 
jj1 = 220, max_th = 2.236246e+00, time=2024-09-03 23:08:37 
jj1 = 219, max_th = 3.000119e+00, time=2024-09-03 23:09:43 
jj1 = 139, max_th = 1.240240e+00, time=2024-09-03 23:11:54 
jj1 = 647, max_th = 1.178680e+00, time=2024-09-03 23:12:12 
jj1 = 588, max_th = 1.884849e+00, time=2024-09-03 23:13:35 
jj1 = 492, max_th = 1.907607e+00, time=2024-09-03 23:15:53 
jj1 = 334, max_th = 1.384773e+00, time=2024-09-03 23:17:02 
jj1 = 666, max_th = 2.431763e+00, time=2024-09-03 23:17:28 
jj1 = 622, max_th = 2.202274e+00, time=2024-09-03 23:18:03 
jj1 = 646, max_th = -7.129810e-01, time=2024-09-03 23:18:05 
jj1 = 728, max_th = 2.833458e+00, time=2024-09-03 23:21:12 
jj1 = 451, max_th = 2.019758e+00, time=2024-09-03 23:24:15 
jj1 = 707, max_th = 1.893829e+00, time=2024-09-03 23:26:03 
jj1 = 545, max_th = 1.723113e+00, time=2024-09-03 23:26:13 
jj1 = 768, max_th = 1.387157e+00, time=2024-09-03 23:26:59 
jj1 = 218, max_th = 1.635011e+00, time=2024-09-03 23:28:53 
jj1 = 608, max_th = 2.768874e+00, time=2024-09-03 23:30:06 
jj1 = 587, max_th = 2.188615e+00, time=2024-09-03 23:30:15 
jj1 = 687, max_th = 2.211771e+00, time=2024-09-03 23:31:54 
jj1 = 706, max_th = 1.181843e+00, time=2024-09-03 23:33:29 
jj1 = 645, max_th = 2.303301e+00, time=2024-09-03 23:37:10 
jj1 = 621, max_th = 2.213797e+00, time=2024-09-03 23:37:13 
jj1 = 705, max_th = 3.310393e+00, time=2024-09-03 23:37:15 
jj1 = 491, max_th = 1.816255e+00, time=2024-09-03 23:37:34 
jj1 = 544, max_th = 2.181412e+00, time=2024-09-03 23:40:02 
jj1 = 727, max_th = 1.681749e+00, time=2024-09-03 23:41:12 
jj1 = 607, max_th = 1.503886e+00, time=2024-09-03 23:42:29 
jj1 = 217, max_th = 1.959871e+00, time=2024-09-03 23:44:45 
jj1 = 686, max_th = 1.809084e+00, time=2024-09-03 23:48:51 
jj1 = 620, max_th = 2.285953e+00, time=2024-09-03 23:49:05 
jj1 = 767, max_th = 2.026082e+00, time=2024-09-03 23:49:44 
jj1 = 586, max_th = 1.556276e+00, time=2024-09-03 23:50:44 
jj1 = 543, max_th = 2.367218e+00, time=2024-09-03 23:51:37 
jj1 = 568, max_th = 2.854296e+00, time=2024-09-03 23:51:54 
jj1 = 644, max_th = 2.397775e+00, time=2024-09-03 23:52:51 
jj1 = 766, max_th = 1.374231e+00, time=2024-09-03 23:57:44 
jj1 = 643, max_th = 8.880275e-01, time=2024-09-03 23:59:11 
jj1 = 490, max_th = 1.568430e+00, time=2024-09-03 23:59:52 
jj1 = 585, max_th = 2.917939e+00, time=2024-09-04 00:00:02 
jj1 = 665, max_th = 1.845232e+00, time=2024-09-04 00:03:09 
jj1 = 606, max_th = 2.179699e+00, time=2024-09-04 00:05:00 
jj1 = 542, max_th = 2.402706e+00, time=2024-09-04 00:05:42 
jj1 = 726, max_th = 1.677150e+00, time=2024-09-04 00:06:42 
jj1 = 704, max_th = 1.916222e+00, time=2024-09-04 00:06:49 
jj1 = 619, max_th = 2.078262e+00, time=2024-09-04 00:07:08 
jj1 = 642, max_th = 2.381875e+00, time=2024-09-04 00:09:51 
jj1 = 685, max_th = 1.944434e+00, time=2024-09-04 00:11:15 
jj1 = 567, max_th = 1.285199e+00, time=2024-09-04 00:13:10 
jj1 = 584, max_th = 2.565925e+00, time=2024-09-04 00:15:38 
jj1 = 748, max_th = 2.432110e+00, time=2024-09-04 00:15:40 
jj1 = 566, max_th = 6.573934e-01, time=2024-09-04 00:18:08 
jj1 = 618, max_th = 2.570891e+00, time=2024-09-04 00:18:44 
jj1 = 765, max_th = 2.229239e+00, time=2024-09-04 00:20:13 
jj1 = 684, max_th = 1.548704e+00, time=2024-09-04 00:20:45 
jj1 = 605, max_th = 2.339674e+00, time=2024-09-04 00:22:10 
jj1 = 664, max_th = 2.150649e+00, time=2024-09-04 00:23:19 
jj1 = 541, max_th = 2.471319e+00, time=2024-09-04 00:24:20 
jj1 = 725, max_th = 1.923971e+00, time=2024-09-04 00:29:17 
jj1 = 663, max_th = 1.399879e+00, time=2024-09-04 00:30:51 
jj1 = 747, max_th = 1.651344e+00, time=2024-09-04 00:33:12 
jj1 = 764, max_th = 2.579756e+00, time=2024-09-04 00:33:28 
jj1 = 703, max_th = 2.552287e+00, time=2024-09-04 00:33:59 
jj1 = 641, max_th = 2.178002e+00, time=2024-09-04 00:37:03 
jj1 = 565, max_th = 1.447080e+00, time=2024-09-04 00:38:15 
jj1 = 683, max_th = 2.228168e+00, time=2024-09-04 00:40:28 
jj1 = 604, max_th = 1.813674e+00, time=2024-09-04 00:42:44 
jj1 = 583, max_th = 2.208535e+00, time=2024-09-04 00:42:55 
jj1 = 746, max_th = 2.762581e+00, time=2024-09-04 00:43:54 
jj1 = 640, max_th = 9.513600e-01, time=2024-09-04 00:44:07 
jj1 = 724, max_th = 1.523660e+00, time=2024-09-04 00:44:35 
jj1 = 617, max_th = 1.918052e+00, time=2024-09-04 00:45:19 
jj1 = 702, max_th = 1.380815e+00, time=2024-09-04 00:45:28 
jj1 = 662, max_th = 1.804404e+00, time=2024-09-04 00:48:53 
jj1 = 603, max_th = 1.083082e+00, time=2024-09-04 00:54:23 
jj1 = 564, max_th = 2.219204e+00, time=2024-09-04 00:55:42 
jj1 = 745, max_th = 2.576819e+00, time=2024-09-04 00:57:49 
jj1 = 540, max_th = 1.711481e+00, time=2024-09-04 01:00:35 
jj1 = 563, max_th = 1.001829e+00, time=2024-09-04 01:00:57 
jj1 = 661, max_th = 2.291498e+00, time=2024-09-04 01:01:49 
jj1 = 582, max_th = 1.625968e+00, time=2024-09-04 01:03:05 
jj1 = 639, max_th = 2.275910e+00, time=2024-09-04 01:07:31 
jj1 = 701, max_th = 2.075423e+00, time=2024-09-04 01:08:06 
jj1 = 616, max_th = 2.010309e+00, time=2024-09-04 01:10:48 
jj1 = 723, max_th = 1.632942e+00, time=2024-09-04 01:11:40 
jj1 = 744, max_th = 1.409957e+00, time=2024-09-04 01:11:48 
jj1 = 660, max_th = 1.947651e+00, time=2024-09-04 01:12:23 
jj1 = 763, max_th = 2.321935e+00, time=2024-09-04 01:15:52 
jj1 = 659, max_th = 2.701641e+00, time=2024-09-04 01:18:17 
jj1 = 539, max_th = 1.711314e+00, time=2024-09-04 01:18:24 
jj1 = 682, max_th = 2.655035e+00, time=2024-09-04 01:21:39 
jj1 = 615, max_th = 1.426475e+00, time=2024-09-04 01:22:09 
jj1 = 562, max_th = 1.473269e+00, time=2024-09-04 01:23:18 
jj1 = 700, max_th = 1.995392e+00, time=2024-09-04 01:26:37 
jj1 = 581, max_th = 1.617705e+00, time=2024-09-04 01:27:41 
jj1 = 638, max_th = 2.059011e+00, time=2024-09-04 01:28:34 
jj1 = 722, max_th = 2.254976e+00, time=2024-09-04 01:29:40 
jj1 = 762, max_th = 2.371487e+00, time=2024-09-04 01:32:21 
jj1 = 743, max_th = 1.519318e+00, time=2024-09-04 01:32:50 
jj1 = 658, max_th = 2.070122e+00, time=2024-09-04 01:34:54 
jj1 = 538, max_th = 1.226559e+00, time=2024-09-04 01:34:56 
jj1 = 580, max_th = 2.701890e+00, time=2024-09-04 01:35:19 
jj1 = 602, max_th = 1.381687e+00, time=2024-09-04 01:36:23 
jj1 = 681, max_th = 2.201657e+00, time=2024-09-04 01:39:08 
jj1 = 614, max_th = 1.936330e+00, time=2024-09-04 01:40:22 
jj1 = 721, max_th = 2.177182e+00, time=2024-09-04 01:45:15 
jj1 = 637, max_th = 2.298442e+00, time=2024-09-04 01:45:54 
jj1 = 699, max_th = 1.704383e+00, time=2024-09-04 01:46:26 
jj1 = 657, max_th = 2.584559e+00, time=2024-09-04 01:51:33 
jj1 = 761, max_th = 2.256838e+00, time=2024-09-04 01:52:15 
jj1 = 680, max_th = 1.348362e+00, time=2024-09-04 01:53:46 
jj1 = 601, max_th = 1.723495e+00, time=2024-09-04 01:56:15 
jj1 = 613, max_th = 1.652766e+00, time=2024-09-04 01:58:10 
jj1 = 537, max_th = 1.848710e+00, time=2024-09-04 01:58:25 
jj1 = 698, max_th = 2.462256e+00, time=2024-09-04 01:58:47 
jj1 = 579, max_th = 2.245728e+00, time=2024-09-04 01:59:25 
jj1 = 536, max_th = 6.412488e-01, time=2024-09-04 02:00:10 
jj1 = 561, max_th = 9.353207e-01, time=2024-09-04 02:01:17 
jj1 = 720, max_th = 2.217110e+00, time=2024-09-04 02:03:37 
jj1 = 742, max_th = 2.367342e+00, time=2024-09-04 02:05:15 
jj1 = 535, max_th = 3.059529e+00, time=2024-09-04 02:06:34 
jj1 = 719, max_th = 2.600382e+00, time=2024-09-04 02:08:21 
jj1 = 760, max_th = 2.246257e+00, time=2024-09-04 02:09:18 
jj1 = 636, max_th = 1.913058e+00, time=2024-09-04 02:09:54 
jj1 = 612, max_th = 1.649827e+00, time=2024-09-04 02:11:07 
jj1 = 656, max_th = 1.627008e+00, time=2024-09-04 02:12:12 
jj1 = 679, max_th = 1.957002e+00, time=2024-09-04 02:14:49 
jj1 = 600, max_th = 1.729855e+00, time=2024-09-04 02:14:49 
jj1 = 578, max_th = 1.536657e+00, time=2024-09-04 02:15:16 
jj1 = 611, max_th = 1.024014e+00, time=2024-09-04 02:16:34 
jj1 = 718, max_th = 1.180504e+00, time=2024-09-04 02:17:19 
jj1 = 697, max_th = 1.907097e+00, time=2024-09-04 02:18:44 
jj1 = 635, max_th = 1.375602e+00, time=2024-09-04 02:19:09 
jj1 = 560, max_th = 2.182770e+00, time=2024-09-04 02:20:37 
jj1 = 534, max_th = 1.525028e+00, time=2024-09-04 02:22:01 
jj1 = 759, max_th = 2.116296e+00, time=2024-09-04 02:24:13 
jj1 = 634, max_th = 2.894919e+00, time=2024-09-04 02:24:41 
jj1 = 678, max_th = 1.661164e+00, time=2024-09-04 02:28:49 
jj1 = 610, max_th = 2.350447e+00, time=2024-09-04 02:29:11 
jj1 = 741, max_th = 1.977655e+00, time=2024-09-04 02:29:46 
jj1 = 758, max_th = 1.011783e+00, time=2024-09-04 02:31:59 
jj1 = 717, max_th = 2.670064e+00, time=2024-09-04 02:32:28 
jj1 = 696, max_th = 2.541501e+00, time=2024-09-04 02:32:37 
jj1 = 577, max_th = 1.939823e+00, time=2024-09-04 02:35:01 
jj1 = 655, max_th = 1.824866e+00, time=2024-09-04 02:35:05 
jj1 = 533, max_th = 1.784184e+00, time=2024-09-04 02:43:19 
jj1 = 716, max_th = 1.746768e+00, time=2024-09-04 02:46:46 
jj1 = 559, max_th = 1.885071e+00, time=2024-09-04 02:48:27 
jj1 = 599, max_th = 1.616233e+00, time=2024-09-04 02:49:37 
jj1 = 633, max_th = 1.868465e+00, time=2024-09-04 02:50:08 
jj1 = 654, max_th = 1.278699e+00, time=2024-09-04 02:50:12 
jj1 = 609, max_th = 1.957843e+00, time=2024-09-04 02:51:31 
jj1 = 576, max_th = 2.154707e+00, time=2024-09-04 02:53:24 
jj1 = 740, max_th = 1.840377e+00, time=2024-09-04 02:53:58 
jj1 = 757, max_th = 2.074158e+00, time=2024-09-04 02:55:34 
jj1 = 653, max_th = 1.043984e+00, time=2024-09-04 02:55:36 
jj1 = 695, max_th = 2.157898e+00, time=2024-09-04 02:55:46 
jj1 = 715, max_th = 2.607394e+00, time=2024-09-04 02:57:57 
jj1 = 532, max_th = 2.214919e+00, time=2024-09-04 03:00:07 
jj1 = 714, max_th = 3.928169e-01, time=2024-09-04 03:01:10 
jj1 = 739, max_th = 2.480839e+00, time=2024-09-04 03:02:42 
jj1 = 558, max_th = 2.732282e+00, time=2024-09-04 03:02:59 
jj1 = 778, max_th = 2.487000e+00, time=2024-09-04 03:03:29 
jj1 = 557, max_th = 6.346002e-01, time=2024-09-04 03:03:49 
jj1 = 598, max_th = 2.245733e+00, time=2024-09-04 03:05:35 
jj1 = 632, max_th = 2.143661e+00, time=2024-09-04 03:05:47 
jj1 = 531, max_th = 2.857984e+00, time=2024-09-04 03:07:24 
jj1 = 694, max_th = 2.555874e+00, time=2024-09-04 03:07:28 
jj1 = 677, max_th = 2.246921e+00, time=2024-09-04 03:07:33 
jj1 = 713, max_th = 1.239314e+00, time=2024-09-04 03:10:37 
jj1 = 738, max_th = 2.766359e+00, time=2024-09-04 03:11:57 
jj1 = 575, max_th = 1.873611e+00, time=2024-09-04 03:12:38 
jj1 = 693, max_th = 2.830117e+00, time=2024-09-04 03:14:33 
jj1 = 756, max_th = 2.179903e+00, time=2024-09-04 03:19:01 
jj1 = 631, max_th = 2.361612e+00, time=2024-09-04 03:19:08 
jj1 = 777, max_th = 1.580462e+00, time=2024-09-04 03:20:52 
jj1 = 712, max_th = 2.676935e+00, time=2024-09-04 03:20:59 
jj1 = 597, max_th = 1.374648e+00, time=2024-09-04 03:22:30 
jj1 = 630, max_th = 2.662694e+00, time=2024-09-04 03:27:21 
jj1 = 652, max_th = 2.332159e+00, time=2024-09-04 03:28:14 
jj1 = 776, max_th = 1.281197e+00, time=2024-09-04 03:29:56 
jj1 = 629, max_th = 7.696737e-01, time=2024-09-04 03:30:14 
jj1 = 676, max_th = 1.939522e+00, time=2024-09-04 03:30:49 
jj1 = 574, max_th = 2.238175e+00, time=2024-09-04 03:31:59 
jj1 = 711, max_th = 1.509516e+00, time=2024-09-04 03:32:00 
jj1 = 530, max_th = 1.910665e+00, time=2024-09-04 03:33:19 
jj1 = 692, max_th = 1.813383e+00, time=2024-09-04 03:35:57 
jj1 = 737, max_th = 2.118669e+00, time=2024-09-04 03:36:50 
jj1 = 755, max_th = 2.239839e+00, time=2024-09-04 03:37:04 
jj1 = 596, max_th = 1.496231e+00, time=2024-09-04 03:37:40 
jj1 = 775, max_th = 1.310867e+00, time=2024-09-04 03:37:48 
jj1 = 736, max_th = 2.878077e+00, time=2024-09-04 03:40:33 
jj1 = 828, max_th = 1.470194e+00, time=2024-09-04 03:41:00 
jj1 = 529, max_th = 2.353114e+00, time=2024-09-04 03:46:33 
jj1 = 710, max_th = 1.689205e+00, time=2024-09-04 03:48:12 
jj1 = 651, max_th = 1.907007e+00, time=2024-09-04 03:49:35 
jj1 = 827, max_th = 2.677403e+00, time=2024-09-04 03:50:26 
jj1 = 735, max_th = 1.131353e+00, time=2024-09-04 03:52:12 
jj1 = 573, max_th = 2.012183e+00, time=2024-09-04 03:54:19 
jj1 = 798, max_th = 8.111387e-01, time=2024-09-04 03:54:20 
jj1 = 691, max_th = 1.102096e+00, time=2024-09-04 03:54:28 
jj1 = 675, max_th = 2.095503e+00, time=2024-09-04 03:55:58 
jj1 = 595, max_th = 1.769409e+00, time=2024-09-04 03:57:32 
jj1 = 754, max_th = 1.746834e+00, time=2024-09-04 03:58:02 
jj1 = 709, max_th = 1.302326e+00, time=2024-09-04 03:59:11 
jj1 = 650, max_th = 2.580267e+00, time=2024-09-04 04:04:42 
jj1 = 826, max_th = 2.417746e+00, time=2024-09-04 04:06:52 
jj1 = 858, max_th = 2.872601e+00, time=2024-09-04 04:07:21 
jj1 = 797, max_th = 1.377441e+00, time=2024-09-04 04:08:18 
jj1 = 649, max_th = 3.034016e+00, time=2024-09-04 04:08:19 
jj1 = 594, max_th = 1.405966e+00, time=2024-09-04 04:08:50 
jj1 = 556, max_th = 1.542882e+00, time=2024-09-04 04:10:16 
jj1 = 734, max_th = 1.999615e+00, time=2024-09-04 04:10:29 
jj1 = 593, max_th = 8.907068e-01, time=2024-09-04 04:10:45 
jj1 = 796, max_th = 6.135326e-01, time=2024-09-04 04:12:51 
jj1 = 572, max_th = 2.109328e+00, time=2024-09-04 04:13:02 
jj1 = 674, max_th = 2.304003e+00, time=2024-09-04 04:15:15 
jj1 = 753, max_th = 1.807762e+00, time=2024-09-04 04:15:37 
jj1 = 774, max_th = 1.770446e+00, time=2024-09-04 04:18:24 
jj1 = 690, max_th = 2.177790e+00, time=2024-09-04 04:19:08 
jj1 = 773, max_th = -3.522595e-01, time=2024-09-04 04:19:31 
jj1 = 555, max_th = 3.669581e+00, time=2024-09-04 04:19:50 
jj1 = 825, max_th = 2.213354e+00, time=2024-09-04 04:23:03 
jj1 = 733, max_th = 1.922071e+00, time=2024-09-04 04:24:01 
jj1 = 673, max_th = 1.831980e+00, time=2024-09-04 04:30:55 
jj1 = 788, max_th = 1.674473e+00, time=2024-09-04 04:31:16 
jj1 = 857, max_th = 1.828161e+00, time=2024-09-04 04:31:40 
jj1 = 689, max_th = 2.344335e+00, time=2024-09-04 04:33:29 
jj1 = 592, max_th = 2.210492e+00, time=2024-09-04 04:33:34 
jj1 = 772, max_th = 2.337816e+00, time=2024-09-04 04:34:24 
jj1 = 554, max_th = 1.768197e+00, time=2024-09-04 04:35:53 
jj1 = 795, max_th = 2.138915e+00, time=2024-09-04 04:36:36 
jj1 = 752, max_th = 2.036402e+00, time=2024-09-04 04:38:52 
jj1 = 732, max_th = 2.211531e+00, time=2024-09-04 04:41:25 
jj1 = 824, max_th = 2.313770e+00, time=2024-09-04 04:41:39 
jj1 = 571, max_th = 1.676635e+00, time=2024-09-04 04:42:38 
jj1 = 591, max_th = 2.855347e+00, time=2024-09-04 04:44:56 
jj1 = 787, max_th = 2.133714e+00, time=2024-09-04 04:47:07 
jj1 = 672, max_th = 2.389431e+00, time=2024-09-04 04:47:59 
jj1 = 751, max_th = 1.509676e+00, time=2024-09-04 04:48:29 
jj1 = 771, max_th = 1.601751e+00, time=2024-09-04 04:50:33 
jj1 = 856, max_th = 1.972033e+00, time=2024-09-04 04:52:42 
jj1 = 855, max_th = 1.217247e+00, time=2024-09-04 04:53:23 
jj1 = 786, max_th = 2.890839e+00, time=2024-09-04 04:54:10 
jj1 = 808, max_th = 1.928059e+00, time=2024-09-04 04:57:21 
jj1 = 553, max_th = 2.283530e+00, time=2024-09-04 05:00:08 
jj1 = 854, max_th = 1.274893e+00, time=2024-09-04 05:01:12 
jj1 = 823, max_th = 1.654059e+00, time=2024-09-04 05:01:14 
jj1 = 750, max_th = 2.475369e+00, time=2024-09-04 05:04:13 
jj1 = 853, max_th = 9.957765e-01, time=2024-09-04 05:05:28 
jj1 = 570, max_th = 2.351454e+00, time=2024-09-04 05:05:46 
jj1 = 590, max_th = 2.006151e+00, time=2024-09-04 05:06:34 
jj1 = 552, max_th = 1.148463e+00, time=2024-09-04 05:07:15 
jj1 = 671, max_th = 1.171180e+00, time=2024-09-04 05:08:19 
jj1 = 770, max_th = 2.585106e+00, time=2024-09-04 05:09:10 
jj1 = 822, max_th = -9.837320e-02, time=2024-09-04 05:10:18 
jj1 = 785, max_th = 2.155022e+00, time=2024-09-04 05:11:29 
jj1 = 569, max_th = 8.677995e-01, time=2024-09-04 05:12:37 
jj1 = 670, max_th = 9.094755e-01, time=2024-09-04 05:14:25 
jj1 = 749, max_th = 1.138461e+00, time=2024-09-04 05:14:26 
jj1 = 794, max_th = 2.360199e+00, time=2024-09-04 05:15:49 
jj1 = 807, max_th = 2.372566e+00, time=2024-09-04 05:18:06 
jj1 = 838, max_th = 1.191814e+00, time=2024-09-04 05:19:31 
jj1 = 769, max_th = 1.502609e+00, time=2024-09-04 05:20:01 
jj1 = 821, max_th = 2.649203e+00, time=2024-09-04 05:20:58 
jj1 = 589, max_th = 1.994719e+00, time=2024-09-04 05:24:36 
jj1 = 551, max_th = 2.335397e+00, time=2024-09-04 05:28:24 
jj1 = 784, max_th = 1.954264e+00, time=2024-09-04 05:30:16 
jj1 = 852, max_th = 1.607530e+00, time=2024-09-04 05:31:24 
jj1 = 806, max_th = 2.144352e+00, time=2024-09-04 05:33:44 
jj1 = 820, max_th = 1.230202e+00, time=2024-09-04 05:34:48 
jj1 = 837, max_th = 2.149398e+00, time=2024-09-04 05:34:54 
jj1 = 669, max_th = 1.717573e+00, time=2024-09-04 05:35:17 
jj1 = 893, max_th = 2.067105e+00, time=2024-09-04 05:35:23 
jj1 = 818, max_th = 5.994092e-01, time=2024-09-04 05:36:25 
jj1 = 848, max_th = 1.840785e+00, time=2024-09-04 05:37:09 
jj1 = 868, max_th = 2.436840e+00, time=2024-09-04 05:40:30 
jj1 = 793, max_th = 2.164249e+00, time=2024-09-04 05:40:38 
jj1 = 805, max_th = 1.185728e+00, time=2024-09-04 05:40:55 
jj1 = 731, max_th = 1.838785e+00, time=2024-09-04 05:43:13 
jj1 = 783, max_th = 2.310902e+00, time=2024-09-04 05:47:02 
jj1 = 836, max_th = 1.230159e+00, time=2024-09-04 05:47:13 
jj1 = 550, max_th = 2.286586e+00, time=2024-09-04 05:48:31 
jj1 = 851, max_th = 2.405967e+00, time=2024-09-04 05:49:31 
jj1 = 817, max_th = 1.854244e+00, time=2024-09-04 05:50:28 
jj1 = 730, max_th = 2.500482e+00, time=2024-09-04 05:54:59 
jj1 = 892, max_th = 1.856785e+00, time=2024-09-04 05:55:23 
jj1 = 819, max_th = 1.895038e+00, time=2024-09-04 05:56:03 
jj1 = 847, max_th = 2.429563e+00, time=2024-09-04 05:56:03 
jj1 = 804, max_th = 2.248615e+00, time=2024-09-04 05:57:11 
jj1 = 782, max_th = 2.445056e+00, time=2024-09-04 05:57:28 
jj1 = 846, max_th = 2.906214e+00, time=2024-09-04 06:01:14 
jj1 = 850, max_th = 2.198793e+00, time=2024-09-04 06:02:46 
jj1 = 549, max_th = 2.376998e+00, time=2024-09-04 06:02:54 
jj1 = 835, max_th = 2.326761e+00, time=2024-09-04 06:03:42 
jj1 = 792, max_th = 1.731943e+00, time=2024-09-04 06:04:04 
jj1 = 867, max_th = 1.970204e+00, time=2024-09-04 06:04:09 
jj1 = 729, max_th = 1.347884e+00, time=2024-09-04 06:06:20 
jj1 = 781, max_th = 2.263223e+00, time=2024-09-04 06:11:42 
jj1 = 898, max_th = 2.355781e+00, time=2024-09-04 06:12:25 
jj1 = 816, max_th = 2.383630e+00, time=2024-09-04 06:13:38 
jj1 = 891, max_th = 1.747904e+00, time=2024-09-04 06:15:03 
jj1 = 803, max_th = 2.339702e+00, time=2024-09-04 06:20:36 
jj1 = 845, max_th = 2.033399e+00, time=2024-09-04 06:20:47 
jj1 = 791, max_th = 1.604652e+00, time=2024-09-04 06:21:45 
jj1 = 834, max_th = 1.590933e+00, time=2024-09-04 06:23:01 
jj1 = 888, max_th = 2.151292e+00, time=2024-09-04 06:25:22 
jj1 = 849, max_th = 1.927144e+00, time=2024-09-04 06:26:29 
jj1 = 890, max_th = 1.332407e+00, time=2024-09-04 06:29:29 
jj1 = 897, max_th = 2.426906e+00, time=2024-09-04 06:29:55 
jj1 = 780, max_th = 2.683641e+00, time=2024-09-04 06:29:59 
jj1 = 802, max_th = 1.495339e+00, time=2024-09-04 06:31:03 
jj1 = 815, max_th = 2.922251e+00, time=2024-09-04 06:31:22 
jj1 = 866, max_th = 1.816775e+00, time=2024-09-04 06:31:49 
jj1 = 844, max_th = 1.288427e+00, time=2024-09-04 06:32:51 
jj1 = 801, max_th = 9.842711e-01, time=2024-09-04 06:34:53 
jj1 = 814, max_th = 8.820635e-01, time=2024-09-04 06:35:31 
jj1 = 878, max_th = 1.892679e+00, time=2024-09-04 06:39:09 
jj1 = 889, max_th = 1.448445e+00, time=2024-09-04 06:40:00 
jj1 = 790, max_th = 2.539554e+00, time=2024-09-04 06:41:00 
jj1 = 865, max_th = 1.396954e+00, time=2024-09-04 06:43:56 
jj1 = 833, max_th = 2.217059e+00, time=2024-09-04 06:46:15 
jj1 = 832, max_th = -7.142701e-02, time=2024-09-04 06:46:47 
jj1 = 843, max_th = 2.106641e+00, time=2024-09-04 06:50:29 
jj1 = 779, max_th = 1.843134e+00, time=2024-09-04 06:50:37 
jj1 = 813, max_th = 1.525662e+00, time=2024-09-04 06:52:30 
jj1 = 896, max_th = 2.079920e+00, time=2024-09-04 06:53:01 
jj1 = 877, max_th = 1.850372e+00, time=2024-09-04 06:54:01 
jj1 = 864, max_th = 2.573171e+00, time=2024-09-04 06:54:35 
jj1 = 887, max_th = 2.261433e+00, time=2024-09-04 06:55:10 
jj1 = 863, max_th = 9.578730e-01, time=2024-09-04 06:56:18 
jj1 = 933, max_th = 1.691271e+00, time=2024-09-04 06:56:45 
jj1 = 800, max_th = 1.946864e+00, time=2024-09-04 06:56:47 
jj1 = 812, max_th = 2.473119e+00, time=2024-09-04 06:57:10 
jj1 = 932, max_th = 1.209049e+00, time=2024-09-04 06:58:30 
jj1 = 876, max_th = 2.687725e+00, time=2024-09-04 07:00:34 
jj1 = 908, max_th = 2.024466e+00, time=2024-09-04 07:00:53 
jj1 = 913, max_th = 2.505565e+00, time=2024-09-04 07:01:10 
jj1 = 789, max_th = 2.073168e+00, time=2024-09-04 07:05:00 
jj1 = 862, max_th = 2.199865e+00, time=2024-09-04 07:05:10 
jj1 = 799, max_th = 2.673985e+00, time=2024-09-04 07:06:49 
jj1 = 831, max_th = 2.647054e+00, time=2024-09-04 07:07:12 
jj1 = 903, max_th = 2.608143e+00, time=2024-09-04 07:08:07 
jj1 = 931, max_th = 2.076335e+00, time=2024-09-04 07:09:10 
jj1 = 811, max_th = 2.102259e+00, time=2024-09-04 07:10:24 
jj1 = 918, max_th = 1.501853e+00, time=2024-09-04 07:11:24 
jj1 = 810, max_th = 2.982890e+00, time=2024-09-04 07:11:40 
jj1 = 917, max_th = 5.606245e-01, time=2024-09-04 07:11:57 
jj1 = 842, max_th = 1.745370e+00, time=2024-09-04 07:12:39 
jj1 = 875, max_th = 1.511452e+00, time=2024-09-04 07:13:07 
jj1 = 907, max_th = 2.158712e+00, time=2024-09-04 07:14:10 
jj1 = 861, max_th = 2.263374e+00, time=2024-09-04 07:15:17 
jj1 = 895, max_th = 1.882144e+00, time=2024-09-04 07:17:05 
jj1 = 912, max_th = 2.177493e+00, time=2024-09-04 07:17:08 
jj1 = 902, max_th = 1.975567e+00, time=2024-09-04 07:19:01 
jj1 = 916, max_th = 1.392929e+00, time=2024-09-04 07:19:56 
jj1 = 886, max_th = 1.920292e+00, time=2024-09-04 07:20:18 
jj1 = 809, max_th = 2.377452e+00, time=2024-09-04 07:23:05 
jj1 = 906, max_th = 2.053823e+00, time=2024-09-04 07:23:25 
jj1 = 860, max_th = 1.956089e+00, time=2024-09-04 07:24:24 
jj1 = 894, max_th = 2.092930e+00, time=2024-09-04 07:24:48 
jj1 = 830, max_th = 1.020677e+00, time=2024-09-04 07:25:28 
jj1 = 930, max_th = 2.312405e+00, time=2024-09-04 07:26:41 
jj1 = 841, max_th = 1.800690e+00, time=2024-09-04 07:27:36 
jj1 = 901, max_th = 1.724766e+00, time=2024-09-04 07:28:04 
jj1 = 911, max_th = 1.835092e+00, time=2024-09-04 07:28:30 
jj1 = 910, max_th = 3.011513e+00, time=2024-09-04 07:29:27 
jj1 = 900, max_th = 7.760298e-01, time=2024-09-04 07:29:34 
jj1 = 943, max_th = 1.592117e+00, time=2024-09-04 07:31:35 
jj1 = 885, max_th = 2.375172e+00, time=2024-09-04 07:32:13 
jj1 = 859, max_th = 1.585344e+00, time=2024-09-04 07:33:24 
jj1 = 909, max_th = 1.663660e+00, time=2024-09-04 07:33:49 
jj1 = 905, max_th = 1.791101e+00, time=2024-09-04 07:34:00 
jj1 = 929, max_th = 1.736260e+00, time=2024-09-04 07:35:54 
jj1 = 948, max_th = 2.085386e+00, time=2024-09-04 07:35:54 
jj1 = 874, max_th = 2.496617e+00, time=2024-09-04 07:37:08 
jj1 = 829, max_th = 2.036652e+00, time=2024-09-04 07:38:43 
jj1 = 840, max_th = 2.276647e+00, time=2024-09-04 07:38:45 
jj1 = 884, max_th = 2.362572e+00, time=2024-09-04 07:38:49 
jj1 = 923, max_th = 7.015923e-01, time=2024-09-04 07:39:30 
jj1 = 915, max_th = 2.164745e+00, time=2024-09-04 07:40:16 
jj1 = 904, max_th = 1.384660e+00, time=2024-09-04 07:40:49 
jj1 = 964, max_th = 2.668453e+00, time=2024-09-04 07:41:10 
jj1 = 968, max_th = 1.716889e+00, time=2024-09-04 07:43:12 
jj1 = 967, max_th = 8.348298e-01, time=2024-09-04 07:43:57 
jj1 = 899, max_th = 2.017467e+00, time=2024-09-04 07:44:29 
jj1 = 947, max_th = 2.063398e+00, time=2024-09-04 07:44:45 
jj1 = 938, max_th = 2.110026e+00, time=2024-09-04 07:45:34 
jj1 = 914, max_th = 2.343464e+00, time=2024-09-04 07:46:58 
jj1 = 883, max_th = 2.284567e+00, time=2024-09-04 07:48:07 
jj1 = 839, max_th = 1.471624e+00, time=2024-09-04 07:48:10 
jj1 = 942, max_th = 2.159425e+00, time=2024-09-04 07:48:58 
jj1 = 882, max_th = -2.810386e-02, time=2024-09-04 07:48:59 
jj1 = 966, max_th = 2.441272e+00, time=2024-09-04 07:50:00 
jj1 = 963, max_th = 2.652211e+00, time=2024-09-04 07:52:09 
jj1 = 922, max_th = 2.032206e+00, time=2024-09-04 07:52:26 
jj1 = 976, max_th = 2.348063e+00, time=2024-09-04 07:52:35 
jj1 = 873, max_th = 1.436807e+00, time=2024-09-04 07:53:10 
jj1 = 965, max_th = 1.280741e+00, time=2024-09-04 07:53:43 
jj1 = 960, max_th = 2.038094e+00, time=2024-09-04 07:53:46 
jj1 = 937, max_th = 2.373393e+00, time=2024-09-04 07:53:49 
jj1 = 928, max_th = 2.745827e+00, time=2024-09-04 07:54:27 
jj1 = 936, max_th = 4.205066e+00, time=2024-09-04 07:54:57 
jj1 = 881, max_th = 1.265715e+00, time=2024-09-04 07:55:59 
jj1 = 962, max_th = 2.406472e+00, time=2024-09-04 07:57:24 
jj1 = 946, max_th = 1.314501e+00, time=2024-09-04 07:57:39 
jj1 = 972, max_th = 1.915263e+00, time=2024-09-04 07:58:31 
jj1 = 941, max_th = 1.642362e+00, time=2024-09-04 07:59:04 
jj1 = 959, max_th = 1.449145e+00, time=2024-09-04 07:59:12 
jj1 = 945, max_th = 1.451676e+00, time=2024-09-04 08:00:11 
jj1 = 975, max_th = 2.088951e+00, time=2024-09-04 08:01:44 
jj1 = 880, max_th = 2.286998e+00, time=2024-09-04 08:01:48 
jj1 = 992, max_th = 1.638154e+00, time=2024-09-04 08:02:34 
jj1 = 958, max_th = 9.581628e-01, time=2024-09-04 08:02:41 
jj1 = 921, max_th = 1.917557e+00, time=2024-09-04 08:03:23 
jj1 = 971, max_th = 1.394727e+00, time=2024-09-04 08:04:01 
jj1 = 927, max_th = 2.124351e+00, time=2024-09-04 08:04:47 
jj1 = 957, max_th = 1.198625e+00, time=2024-09-04 08:05:24 
jj1 = 961, max_th = 2.468086e+00, time=2024-09-04 08:06:04 
jj1 = 935, max_th = 1.914393e+00, time=2024-09-04 08:06:34 
jj1 = 944, max_th = 1.309114e+00, time=2024-09-04 08:06:37 
jj1 = 879, max_th = 2.545808e+00, time=2024-09-04 08:06:55 
jj1 = 926, max_th = 2.777126e+00, time=2024-09-04 08:07:51 
jj1 = 940, max_th = 1.799419e+00, time=2024-09-04 08:08:16 
jj1 = 934, max_th = 1.151324e+00, time=2024-09-04 08:08:16 
jj1 = 991, max_th = 2.467765e+00, time=2024-09-04 08:08:49 
jj1 = 956, max_th = 1.368896e+00, time=2024-09-04 08:09:37 
jj1 = 955, max_th = 9.010077e-01, time=2024-09-04 08:09:49 
jj1 = 984, max_th = 2.731629e+00, time=2024-09-04 08:10:48 
jj1 = 998, max_th = 2.016274e+00, time=2024-09-04 08:12:26 
jj1 = 983, max_th = 9.089870e-01, time=2024-09-04 08:12:34 
jj1 = 974, max_th = 2.085478e+00, time=2024-09-04 08:14:10 
jj1 = 925, max_th = 2.356857e+00, time=2024-09-04 08:14:24 
jj1 = 954, max_th = 2.598202e+00, time=2024-09-04 08:14:44 
jj1 = 872, max_th = 1.726302e+00, time=2024-09-04 08:15:41 
jj1 = 996, max_th = 1.893979e+00, time=2024-09-04 08:16:26 
jj1 = 988, max_th = 1.492090e+00, time=2024-09-04 08:16:36 
jj1 = 920, max_th = 2.709040e+00, time=2024-09-04 08:17:31 
jj1 = 970, max_th = 2.333619e+00, time=2024-09-04 08:17:34 
jj1 = 990, max_th = 1.845595e+00, time=2024-09-04 08:17:35 
jj1 = 924, max_th = 1.705550e+00, time=2024-09-04 08:17:53 
jj1 = 982, max_th = 1.669769e+00, time=2024-09-04 08:18:51 
jj1 = 995, max_th = 1.304422e+00, time=2024-09-04 08:20:55 
jj1 = 973, max_th = 2.539613e+00, time=2024-09-04 08:21:54 
jj1 = 939, max_th = 1.586600e+00, time=2024-09-04 08:22:15 
jj1 = 919, max_th = 2.397471e+00, time=2024-09-04 08:22:31 
jj1 = 953, max_th = 2.356194e+00, time=2024-09-04 08:22:38 
jj1 = 987, max_th = 1.459965e+00, time=2024-09-04 08:22:57 
jj1 = 981, max_th = 1.700107e+00, time=2024-09-04 08:23:45 
jj1 = 989, max_th = 2.416868e+00, time=2024-09-04 08:24:22 
jj1 = 994, max_th = 1.357001e+00, time=2024-09-04 08:24:32 
jj1 = 969, max_th = 1.936717e+00, time=2024-09-04 08:24:33 
jj1 = 997, max_th = 2.520521e+00, time=2024-09-04 08:29:17 
jj1 = 1000, max_th = 2.169856e+00, time=2024-09-04 08:29:45 
jj1 = 999, max_th = 1.373461e+00, time=2024-09-04 08:32:35 
jj1 = 986, max_th = 1.976024e+00, time=2024-09-04 08:32:59 
jj1 = 985, max_th = 1.249340e+00, time=2024-09-04 08:34:54 
jj1 = 871, max_th = 2.170312e+00, time=2024-09-04 08:35:26 
jj1 = 980, max_th = 1.870570e+00, time=2024-09-04 08:35:27 
jj1 = 993, max_th = 1.665508e+00, time=2024-09-04 08:35:37 
jj1 = 979, max_th = 2.196276e+00, time=2024-09-04 08:42:32 
jj1 = 870, max_th = 2.242853e+00, time=2024-09-04 08:45:56 
jj1 = 869, max_th = 1.765379e+00, time=2024-09-04 08:57:57 
jj1 = 978, max_th = 2.124743e+00, time=2024-09-04 08:58:11 
jj1 = 952, max_th = 2.519895e+00, time=2024-09-04 09:01:08 
jj1 = 951, max_th = 3.165053e+00, time=2024-09-04 09:01:39 
jj1 = 977, max_th = 2.199151e+00, time=2024-09-04 09:04:36 
jj1 = 950, max_th = 1.488751e+00, time=2024-09-04 09:07:47 
jj1 = 949, max_th = 3.226007e+00, time=2024-09-04 09:08:07 
>> >> >> >> >> >> >> >> 