MATLAB is selecting SOFTWARE OPENGL rendering.

                            < M A T L A B (R) >
                  Copyright 1984-2021 The MathWorks, Inc.
                  R2021b (9.11.0.1769968) 64-bit (glnxa64)
                             September 17, 2021

 
To get started, type doc.
For product information, visit www.mathworks.com.
 
>> >> >> >> >> >> >> >> >> >> >> >> >> >> >> >> >> >> >> >> >> >> >> >> >> >> Starting parallel pool (parpool) using the 'local' profile ...
[Warning: A task was unexpectedly found in state: Unavailable.] 
[> In parallel.cluster.Local/deriveJobStateFromTasks (line 29)
In parallel.cluster/Local/getJobState (line 174)
In parallel.cluster/CJSCluster/hGetJobState (line 375)
In parallel.internal.cluster/CJSJobMixin/hGetStateEnum (line 175)
In parallel/Job/get.StateEnum (line 247)
In parallel/Job/get.State (line 239)
In parallel.internal.customattr.CustomGetSet>iVectorisedGetHelper (line 128)
In parallel.internal.customattr.CustomGetSet>@(a,b,c)iVectorisedGetHelper(obj,a,b,c) (line 102)
In parallel.internal.customattr/CustomGetSet/doVectorisedGet (line 103)
In parallel.internal.customattr/CustomGetSet/hVectorisedGet (line 76)
In parallel.internal.customattr.GetSetImpl>iAccessProperties (line 322)
In parallel.internal.customattr.GetSetImpl>iGetAllPropertiesVec (line 264)
In parallel.internal.customattr/GetSetImpl/getImpl (line 133)
In parallel.internal.customattr.CustomGetSet>iHetFunGetFunction (line 154)
In parallel.internal.customattr.CustomGetSet>@(o)iHetFunGetFunction(o,props) (line 139)
In parallel.internal.cluster.hetfun (line 46)
In parallel.internal.customattr.CustomGetSet>iHetFunGetProperty (line 139)
In parallel.internal.customattr/CustomGetSet/get (line 38)
In parallel.internal.pool/AbstractInteractiveClient/pRemoveOldJobs (line 211)
In parallel.internal.pool/AbstractInteractiveClient/start (line 103)
In parallel.internal.pool.AbstractClusterPool>iStartClient (line 831)
In parallel.internal.pool/AbstractClusterPool/hBuildPool (line 585)
In parallel.internal.pool.doParpool (line 22)
In parpool (line 123)
In parallel.internal.parpool.getOrCreateCurrentPool (line 17)
In parallel.internal.pool/PoolArrayManager/getOrAutoCreateWithCleanup (line 44)
In pctTryCreatePoolIfNecessary (line 28)
In parallel_function (line 423)] 
Connected to the parallel pool (number of workers: 12).
jj1 = 30, max_th = 2.772689e+00, time=2025-04-07 16:29:42 
jj1 = 20, max_th = 1.444245e+00, time=2025-04-07 16:30:36 
jj1 = 40, max_th = 2.612946e+00, time=2025-04-07 16:31:05 
jj1 = 5, max_th = 1.495602e+00, time=2025-04-07 16:35:48 
jj1 = 50, max_th = 2.469708e+00, time=2025-04-07 16:37:28 
jj1 = 55, max_th = 1.802127e+00, time=2025-04-07 16:40:42 
jj1 = 60, max_th = 1.912485e+00, time=2025-04-07 16:40:54 
jj1 = 45, max_th = 1.732731e+00, time=2025-04-07 16:41:37 
jj1 = 25, max_th = 2.201442e+00, time=2025-04-07 16:42:00 
jj1 = 15, max_th = 2.181449e+00, time=2025-04-07 16:43:26 
jj1 = 35, max_th = 2.119348e+00, time=2025-04-07 16:43:45 
jj1 = 10, max_th = 2.163306e+00, time=2025-04-07 16:45:20 
jj1 = 4, max_th = 2.726138e+00, time=2025-04-07 16:45:45 
jj1 = 44, max_th = 2.827471e+00, time=2025-04-07 16:47:45 
jj1 = 19, max_th = 2.473598e+00, time=2025-04-07 16:49:17 
jj1 = 29, max_th = 1.797036e+00, time=2025-04-07 16:50:01 
jj1 = 14, max_th = 2.914021e+00, time=2025-04-07 16:50:23 
jj1 = 9, max_th = 1.204995e+00, time=2025-04-07 16:50:51 
jj1 = 49, max_th = 1.562263e+00, time=2025-04-07 16:54:36 
jj1 = 13, max_th = 3.398504e+00, time=2025-04-07 16:56:22 
jj1 = 3, max_th = 2.601939e+00, time=2025-04-07 16:58:11 
jj1 = 54, max_th = 2.104628e+00, time=2025-04-07 17:00:58 
jj1 = 34, max_th = 1.659918e+00, time=2025-04-07 17:02:36 
jj1 = 59, max_th = 2.176034e+00, time=2025-04-07 17:07:03 
jj1 = 28, max_th = 1.571616e+00, time=2025-04-07 17:07:15 
jj1 = 12, max_th = 2.504239e+00, time=2025-04-07 17:08:12 
jj1 = 43, max_th = 2.062649e+00, time=2025-04-07 17:10:26 
jj1 = 24, max_th = 2.084742e+00, time=2025-04-07 17:11:08 
jj1 = 48, max_th = 1.423999e+00, time=2025-04-07 17:11:37 
jj1 = 39, max_th = 1.869196e+00, time=2025-04-07 17:12:08 
jj1 = 8, max_th = 2.088435e+00, time=2025-04-07 17:13:57 
jj1 = 18, max_th = 2.640022e+00, time=2025-04-07 17:15:56 
jj1 = 53, max_th = 2.763886e+00, time=2025-04-07 17:17:25 
jj1 = 11, max_th = 2.112437e+00, time=2025-04-07 17:18:27 
jj1 = 38, max_th = 2.846582e+00, time=2025-04-07 17:20:10 
jj1 = 37, max_th = 3.674519e-01, time=2025-04-07 17:20:51 
jj1 = 27, max_th = 1.619577e+00, time=2025-04-07 17:22:10 
jj1 = 47, max_th = 1.393174e-02, time=2025-04-07 17:22:14 
jj1 = 42, max_th = 2.134698e+00, time=2025-04-07 17:23:55 
jj1 = 33, max_th = 1.987576e+00, time=2025-04-07 17:24:41 
jj1 = 58, max_th = 2.334638e+00, time=2025-04-07 17:28:15 
jj1 = 23, max_th = 2.613349e+00, time=2025-04-07 17:28:47 
jj1 = 32, max_th = 9.973935e-01, time=2025-04-07 17:30:47 
jj1 = 177, max_th = 1.383911e+00, time=2025-04-07 17:32:20 
jj1 = 17, max_th = 2.494604e+00, time=2025-04-07 17:32:47 
jj1 = 22, max_th = 1.183621e+00, time=2025-04-07 17:32:52 
jj1 = 2, max_th = 2.296456e+00, time=2025-04-07 17:37:16 
jj1 = 52, max_th = 1.911625e+00, time=2025-04-07 17:39:07 
jj1 = 46, max_th = 2.459469e+00, time=2025-04-07 17:39:19 
jj1 = 26, max_th = 2.393522e+00, time=2025-04-07 17:39:56 
jj1 = 31, max_th = 9.851058e-01, time=2025-04-07 17:40:51 
jj1 = 57, max_th = 2.438952e+00, time=2025-04-07 17:43:23 
jj1 = 41, max_th = 2.048945e+00, time=2025-04-07 17:44:21 
jj1 = 21, max_th = 2.628134e+00, time=2025-04-07 17:44:27 
jj1 = 16, max_th = 9.726968e-01, time=2025-04-07 17:44:30 
jj1 = 7, max_th = 1.573616e+00, time=2025-04-07 17:45:14 
jj1 = 36, max_th = 2.079915e+00, time=2025-04-07 17:48:13 
jj1 = 450, max_th = 1.349506e+00, time=2025-04-07 17:48:40 
jj1 = 1, max_th = 1.598215e+00, time=2025-04-07 17:52:22 
jj1 = 6, max_th = 2.399566e+00, time=2025-04-07 17:56:28 
jj1 = 449, max_th = 1.131911e+00, time=2025-04-07 17:56:54 
jj1 = 99, max_th = 2.651148e+00, time=2025-04-07 18:00:29 
jj1 = 411, max_th = 1.620907e+00, time=2025-04-07 18:01:26 
jj1 = 255, max_th = 2.486365e+00, time=2025-04-07 18:01:31 
jj1 = 176, max_th = 1.763336e+00, time=2025-04-07 18:01:50 
jj1 = 216, max_th = 2.195116e+00, time=2025-04-07 18:02:11 
jj1 = 51, max_th = 2.073219e+00, time=2025-04-07 18:03:11 
jj1 = 333, max_th = 1.859438e+00, time=2025-04-07 18:05:06 
jj1 = 410, max_th = 9.693484e-01, time=2025-04-07 18:06:19 
jj1 = 294, max_th = 1.973420e+00, time=2025-04-07 18:06:28 
jj1 = 56, max_th = 2.034106e+00, time=2025-04-07 18:09:17 
jj1 = 372, max_th = 2.130043e+00, time=2025-04-07 18:12:29 
jj1 = 215, max_th = 2.151337e+00, time=2025-04-07 18:17:08 
jj1 = 489, max_th = 1.370616e+00, time=2025-04-07 18:17:13 
jj1 = 448, max_th = 1.712031e+00, time=2025-04-07 18:17:46 
jj1 = 98, max_th = 1.793066e+00, time=2025-04-07 18:18:01 
jj1 = 254, max_th = 2.364031e+00, time=2025-04-07 18:18:56 
jj1 = 138, max_th = 1.768320e+00, time=2025-04-07 18:19:15 
jj1 = 175, max_th = 1.651821e+00, time=2025-04-07 18:20:37 
jj1 = 332, max_th = 2.085088e+00, time=2025-04-07 18:21:31 
jj1 = 293, max_th = 1.792909e+00, time=2025-04-07 18:22:34 
jj1 = 447, max_th = 1.143565e+00, time=2025-04-07 18:24:57 
jj1 = 371, max_th = 1.370107e+00, time=2025-04-07 18:26:22 
jj1 = 97, max_th = 1.150775e+00, time=2025-04-07 18:26:38 
jj1 = 137, max_th = 1.103052e+00, time=2025-04-07 18:27:42 
jj1 = 528, max_th = 1.845565e+00, time=2025-04-07 18:28:43 
jj1 = 331, max_th = 1.162700e+00, time=2025-04-07 18:28:55 
jj1 = 409, max_th = 1.980679e+00, time=2025-04-07 18:31:22 
jj1 = 488, max_th = 1.719619e+00, time=2025-04-07 18:32:50 
jj1 = 174, max_th = 1.434405e+00, time=2025-04-07 18:36:11 
jj1 = 253, max_th = 2.044969e+00, time=2025-04-07 18:38:33 
jj1 = 292, max_th = 1.721637e+00, time=2025-04-07 18:42:54 
jj1 = 173, max_th = 1.273751e+00, time=2025-04-07 18:46:44 
jj1 = 330, max_th = 1.664574e+00, time=2025-04-07 18:46:48 
jj1 = 370, max_th = 2.318935e+00, time=2025-04-07 18:46:58 
jj1 = 527, max_th = 1.580604e+00, time=2025-04-07 18:47:25 
jj1 = 408, max_th = 1.898725e+00, time=2025-04-07 18:47:38 
jj1 = 526, max_th = -2.392813e-01, time=2025-04-07 18:47:54 
jj1 = 214, max_th = 1.937785e+00, time=2025-04-07 18:49:19 
jj1 = 96, max_th = 2.127098e+00, time=2025-04-07 18:51:03 
jj1 = 136, max_th = 2.422213e+00, time=2025-04-07 18:52:06 
jj1 = 446, max_th = 2.322895e+00, time=2025-04-07 18:53:30 
jj1 = 291, max_th = 2.550529e+00, time=2025-04-07 18:55:13 
jj1 = 487, max_th = 1.730278e+00, time=2025-04-07 18:55:28 
jj1 = 252, max_th = 1.439620e+00, time=2025-04-07 18:57:55 
jj1 = 329, max_th = 2.368162e+00, time=2025-04-07 19:03:01 
jj1 = 172, max_th = 2.246621e+00, time=2025-04-07 19:05:46 
jj1 = 486, max_th = 1.564598e+00, time=2025-04-07 19:07:19 
jj1 = 407, max_th = 1.573290e+00, time=2025-04-07 19:08:32 
jj1 = 445, max_th = 2.404655e+00, time=2025-04-07 19:09:23 
jj1 = 369, max_th = 1.878557e+00, time=2025-04-07 19:10:01 
jj1 = 251, max_th = 2.566276e+00, time=2025-04-07 19:11:29 
jj1 = 95, max_th = 1.771441e+00, time=2025-04-07 19:12:16 
jj1 = 213, max_th = 1.741052e+00, time=2025-04-07 19:13:08 
jj1 = 368, max_th = 7.859113e-01, time=2025-04-07 19:14:32 
jj1 = 406, max_th = 2.836044e+00, time=2025-04-07 19:14:50 
jj1 = 525, max_th = 2.024060e+00, time=2025-04-07 19:16:33 
jj1 = 290, max_th = 2.126055e+00, time=2025-04-07 19:19:59 
jj1 = 367, max_th = 1.241484e+00, time=2025-04-07 19:23:02 
jj1 = 94, max_th = 1.471672e+00, time=2025-04-07 19:23:14 
jj1 = 485, max_th = 2.302328e+00, time=2025-04-07 19:25:42 
jj1 = 171, max_th = 2.098741e+00, time=2025-04-07 19:26:08 
jj1 = 444, max_th = 2.268379e+00, time=2025-04-07 19:26:12 
jj1 = 250, max_th = 1.597213e+00, time=2025-04-07 19:27:14 
jj1 = 328, max_th = 1.890408e+00, time=2025-04-07 19:29:12 
jj1 = 524, max_th = 1.442069e+00, time=2025-04-07 19:29:37 
jj1 = 212, max_th = 1.696335e+00, time=2025-04-07 19:30:05 
jj1 = 135, max_th = 1.993117e+00, time=2025-04-07 19:30:43 
jj1 = 366, max_th = 1.213455e+00, time=2025-04-07 19:32:37 
jj1 = 484, max_th = 2.775274e+00, time=2025-04-07 19:34:16 
jj1 = 249, max_th = 1.302531e+00, time=2025-04-07 19:34:32 
jj1 = 93, max_th = 2.552982e+00, time=2025-04-07 19:38:38 
jj1 = 405, max_th = 1.900527e+00, time=2025-04-07 19:41:38 
jj1 = 289, max_th = 1.986635e+00, time=2025-04-07 19:43:47 
jj1 = 134, max_th = 2.507329e+00, time=2025-04-07 19:44:27 
jj1 = 443, max_th = 2.141133e+00, time=2025-04-07 19:46:19 
jj1 = 211, max_th = 1.413017e+00, time=2025-04-07 19:48:06 
jj1 = 92, max_th = 2.666082e+00, time=2025-04-07 19:50:22 
jj1 = 327, max_th = 2.167893e+00, time=2025-04-07 19:50:50 
jj1 = 170, max_th = 2.309234e+00, time=2025-04-07 19:52:14 
jj1 = 523, max_th = 1.939677e+00, time=2025-04-07 19:54:54 
jj1 = 483, max_th = 2.219434e+00, time=2025-04-07 19:55:12 
jj1 = 288, max_th = 1.119763e+00, time=2025-04-07 19:55:32 
jj1 = 248, max_th = 2.168371e+00, time=2025-04-07 19:55:55 
jj1 = 169, max_th = 6.742255e-01, time=2025-04-07 19:57:54 
jj1 = 365, max_th = 2.121750e+00, time=2025-04-07 19:58:07 
jj1 = 133, max_th = 2.526839e+00, time=2025-04-07 19:58:20 
jj1 = 91, max_th = 2.437603e+00, time=2025-04-07 20:00:34 
jj1 = 132, max_th = 3.030515e+00, time=2025-04-07 20:01:30 
jj1 = 404, max_th = 2.018688e+00, time=2025-04-07 20:06:52 
jj1 = 326, max_th = 1.601915e+00, time=2025-04-07 20:07:01 
jj1 = 210, max_th = 2.211925e+00, time=2025-04-07 20:07:45 
jj1 = 442, max_th = 2.374222e+00, time=2025-04-07 20:09:04 
jj1 = 522, max_th = 1.551624e+00, time=2025-04-07 20:09:10 
jj1 = 287, max_th = 1.503302e+00, time=2025-04-07 20:10:24 
jj1 = 441, max_th = 3.061117e+00, time=2025-04-07 20:11:18 
jj1 = 90, max_th = 1.506658e+00, time=2025-04-07 20:15:26 
jj1 = 247, max_th = 1.669389e+00, time=2025-04-07 20:15:29 
jj1 = 482, max_th = 1.655841e+00, time=2025-04-07 20:17:32 
jj1 = 131, max_th = 1.498321e+00, time=2025-04-07 20:17:51 
jj1 = 168, max_th = 1.724934e+00, time=2025-04-07 20:18:54 
jj1 = 364, max_th = 2.011550e+00, time=2025-04-07 20:21:35 
jj1 = 521, max_th = 2.035821e+00, time=2025-04-07 20:24:57 
jj1 = 403, max_th = 1.332870e+00, time=2025-04-07 20:27:20 
jj1 = 325, max_th = 2.227833e+00, time=2025-04-07 20:27:41 
jj1 = 324, max_th = -1.895676e-01, time=2025-04-07 20:28:20 
jj1 = 440, max_th = 2.198317e+00, time=2025-04-07 20:28:26 
jj1 = 286, max_th = 2.047573e+00, time=2025-04-07 20:29:56 
jj1 = 246, max_th = 2.452177e+00, time=2025-04-07 20:30:50 
jj1 = 89, max_th = 2.303005e+00, time=2025-04-07 20:31:51 
jj1 = 402, max_th = 1.017471e+00, time=2025-04-07 20:34:15 
jj1 = 130, max_th = 1.612770e+00, time=2025-04-07 20:35:09 
jj1 = 285, max_th = 1.020015e+00, time=2025-04-07 20:35:17 
jj1 = 209, max_th = 2.032301e+00, time=2025-04-07 20:35:21 
jj1 = 323, max_th = 2.667696e+00, time=2025-04-07 20:38:19 
jj1 = 167, max_th = 1.797382e+00, time=2025-04-07 20:38:44 
jj1 = 481, max_th = 1.851370e+00, time=2025-04-07 20:39:43 
jj1 = 363, max_th = 2.042292e+00, time=2025-04-07 20:45:34 
jj1 = 439, max_th = 2.251541e+00, time=2025-04-07 20:48:19 
jj1 = 284, max_th = 1.900417e+00, time=2025-04-07 20:49:25 
jj1 = 88, max_th = 2.339663e+00, time=2025-04-07 20:50:56 
jj1 = 480, max_th = 1.257300e+00, time=2025-04-07 20:52:47 
jj1 = 245, max_th = 1.967608e+00, time=2025-04-07 20:53:01 
jj1 = 208, max_th = 1.757573e+00, time=2025-04-07 20:53:51 
jj1 = 166, max_th = 1.430324e+00, time=2025-04-07 20:54:31 
jj1 = 283, max_th = 8.971966e-01, time=2025-04-07 20:54:44 
jj1 = 322, max_th = 1.663890e+00, time=2025-04-07 20:57:50 
jj1 = 129, max_th = 1.874097e+00, time=2025-04-07 20:58:23 
jj1 = 401, max_th = 2.070581e+00, time=2025-04-07 21:01:57 
jj1 = 207, max_th = 2.442801e+00, time=2025-04-07 21:04:23 
jj1 = 438, max_th = 2.011458e+00, time=2025-04-07 21:04:49 
jj1 = 128, max_th = 2.688997e+00, time=2025-04-07 21:08:12 
jj1 = 362, max_th = 1.807393e+00, time=2025-04-07 21:08:33 
jj1 = 165, max_th = 2.570977e+00, time=2025-04-07 21:08:50 
jj1 = 479, max_th = 2.439296e+00, time=2025-04-07 21:09:11 
jj1 = 282, max_th = 1.701607e+00, time=2025-04-07 21:12:13 
jj1 = 244, max_th = 1.791700e+00, time=2025-04-07 21:12:14 
jj1 = 87, max_th = 1.905351e+00, time=2025-04-07 21:13:12 
jj1 = 478, max_th = 2.861536e+00, time=2025-04-07 21:13:44 
jj1 = 520, max_th = 1.413081e+00, time=2025-04-07 21:14:57 
jj1 = 361, max_th = 1.169413e+00, time=2025-04-07 21:16:53 
jj1 = 321, max_th = 1.876177e+00, time=2025-04-07 21:18:09 
jj1 = 519, max_th = 7.203012e-01, time=2025-04-07 21:18:11 
jj1 = 206, max_th = 2.431454e+00, time=2025-04-07 21:21:37 
jj1 = 400, max_th = 1.784882e+00, time=2025-04-07 21:26:07 
jj1 = 437, max_th = 2.214479e+00, time=2025-04-07 21:26:50 
jj1 = 320, max_th = 1.350669e+00, time=2025-04-07 21:27:10 
jj1 = 164, max_th = 1.801190e+00, time=2025-04-07 21:28:04 
jj1 = 477, max_th = 2.436428e+00, time=2025-04-07 21:30:23 
jj1 = 243, max_th = 2.181740e+00, time=2025-04-07 21:32:19 
jj1 = 281, max_th = 1.897783e+00, time=2025-04-07 21:34:00 
jj1 = 86, max_th = 2.185275e+00, time=2025-04-07 21:34:58 
jj1 = 127, max_th = 1.971161e+00, time=2025-04-07 21:35:28 
jj1 = 518, max_th = 1.871529e+00, time=2025-04-07 21:38:27 
jj1 = 436, max_th = 1.397771e+00, time=2025-04-07 21:42:04 
jj1 = 205, max_th = 2.122373e+00, time=2025-04-07 21:42:44 
jj1 = 242, max_th = 1.593494e+00, time=2025-04-07 21:45:32 
jj1 = 319, max_th = 1.610368e+00, time=2025-04-07 21:46:40 
jj1 = 476, max_th = 2.336708e+00, time=2025-04-07 21:49:42 
jj1 = 399, max_th = 2.435007e+00, time=2025-04-07 21:49:52 
jj1 = 163, max_th = 1.860078e+00, time=2025-04-07 21:51:12 
jj1 = 360, max_th = 1.847965e+00, time=2025-04-07 21:52:39 
jj1 = 280, max_th = 1.190398e+00, time=2025-04-07 21:53:01 
jj1 = 318, max_th = 1.247707e+00, time=2025-04-07 21:54:18 
jj1 = 85, max_th = 1.845943e+00, time=2025-04-07 21:57:36 
jj1 = 517, max_th = 1.806112e+00, time=2025-04-07 21:59:32 
jj1 = 435, max_th = 1.776291e+00, time=2025-04-07 21:59:56 
jj1 = 204, max_th = 2.579223e+00, time=2025-04-07 22:03:51 
jj1 = 398, max_th = 2.249616e+00, time=2025-04-07 22:05:31 
jj1 = 126, max_th = 2.236035e+00, time=2025-04-07 22:06:11 
jj1 = 279, max_th = 1.851272e+00, time=2025-04-07 22:10:12 
jj1 = 241, max_th = 1.776218e+00, time=2025-04-07 22:10:28 
jj1 = 397, max_th = 1.049002e+00, time=2025-04-07 22:10:34 
jj1 = 516, max_th = 1.649880e+00, time=2025-04-07 22:12:05 
jj1 = 475, max_th = 1.957828e+00, time=2025-04-07 22:12:15 
jj1 = 125, max_th = 1.218138e+00, time=2025-04-07 22:12:34 
jj1 = 359, max_th = 2.096314e+00, time=2025-04-07 22:15:01 
jj1 = 162, max_th = 2.218186e+00, time=2025-04-07 22:15:01 
jj1 = 474, max_th = 3.883301e+00, time=2025-04-07 22:17:52 
jj1 = 84, max_th = 2.207686e+00, time=2025-04-07 22:18:32 
jj1 = 396, max_th = 2.823494e+00, time=2025-04-07 22:19:11 
jj1 = 278, max_th = 8.759034e-01, time=2025-04-07 22:19:13 
jj1 = 434, max_th = 2.335207e+00, time=2025-04-07 22:19:19 
jj1 = 203, max_th = 2.081168e+00, time=2025-04-07 22:27:31 
jj1 = 240, max_th = 1.504895e+00, time=2025-04-07 22:27:50 
jj1 = 317, max_th = 1.657712e+00, time=2025-04-07 22:29:18 
jj1 = 202, max_th = 2.892418e+00, time=2025-04-07 22:31:36 
jj1 = 358, max_th = 2.403803e+00, time=2025-04-07 22:34:11 
jj1 = 433, max_th = 1.955265e+00, time=2025-04-07 22:34:35 
jj1 = 124, max_th = 1.933916e+00, time=2025-04-07 22:36:33 
jj1 = 515, max_th = 2.039480e+00, time=2025-04-07 22:38:17 
jj1 = 83, max_th = 2.139457e+00, time=2025-04-07 22:38:35 
jj1 = 473, max_th = 1.624119e+00, time=2025-04-07 22:38:51 
jj1 = 161, max_th = 2.235974e+00, time=2025-04-07 22:39:30 
jj1 = 316, max_th = 1.585278e+00, time=2025-04-07 22:40:17 
jj1 = 277, max_th = 1.791365e+00, time=2025-04-07 22:41:38 
jj1 = 395, max_th = 1.756733e+00, time=2025-04-07 22:45:45 
jj1 = 394, max_th = 3.217647e+00, time=2025-04-07 22:47:19 
jj1 = 239, max_th = 1.637428e+00, time=2025-04-07 22:48:20 
jj1 = 315, max_th = 2.146591e+00, time=2025-04-07 22:51:36 
jj1 = 201, max_th = 1.756926e+00, time=2025-04-07 22:52:04 
jj1 = 472, max_th = 2.149894e+00, time=2025-04-07 22:54:54 
jj1 = 432, max_th = 2.273468e+00, time=2025-04-07 22:56:50 
jj1 = 357, max_th = 1.811009e+00, time=2025-04-07 22:57:37 
jj1 = 123, max_th = 1.984366e+00, time=2025-04-07 22:58:44 
jj1 = 160, max_th = 1.605028e+00, time=2025-04-07 22:58:47 
jj1 = 82, max_th = 1.820343e+00, time=2025-04-07 23:02:14 
jj1 = 393, max_th = 2.570812e+00, time=2025-04-07 23:02:16 
jj1 = 514, max_th = 1.877222e+00, time=2025-04-07 23:02:53 
jj1 = 356, max_th = 2.845265e+00, time=2025-04-07 23:03:21 
jj1 = 276, max_th = 1.835444e+00, time=2025-04-07 23:05:42 
jj1 = 159, max_th = 1.261478e+00, time=2025-04-07 23:07:06 
jj1 = 200, max_th = 2.146308e+00, time=2025-04-07 23:09:13 
jj1 = 314, max_th = 2.096744e+00, time=2025-04-07 23:14:48 
jj1 = 199, max_th = 9.982849e-01, time=2025-04-07 23:15:58 
jj1 = 355, max_th = 1.507213e+00, time=2025-04-07 23:16:48 
jj1 = 238, max_th = 1.934822e+00, time=2025-04-07 23:17:47 
jj1 = 471, max_th = 2.175805e+00, time=2025-04-07 23:18:37 
jj1 = 513, max_th = 1.989906e+00, time=2025-04-07 23:19:17 
jj1 = 275, max_th = 1.531416e+00, time=2025-04-07 23:20:32 
jj1 = 122, max_th = 2.155991e+00, time=2025-04-07 23:21:24 
jj1 = 392, max_th = 1.668898e+00, time=2025-04-07 23:21:42 
jj1 = 198, max_th = 1.186210e+00, time=2025-04-07 23:22:06 
jj1 = 81, max_th = 1.490027e+00, time=2025-04-07 23:23:24 
jj1 = 470, max_th = 1.197376e+00, time=2025-04-07 23:24:40 
jj1 = 158, max_th = 1.770745e+00, time=2025-04-07 23:27:38 
jj1 = 157, max_th = -2.373816e-01, time=2025-04-07 23:27:59 
jj1 = 313, max_th = 1.462291e+00, time=2025-04-07 23:31:15 
jj1 = 431, max_th = 2.082716e+00, time=2025-04-07 23:31:50 
jj1 = 80, max_th = 1.455258e+00, time=2025-04-07 23:34:09 
jj1 = 197, max_th = 1.386856e+00, time=2025-04-07 23:34:46 
jj1 = 430, max_th = 7.600459e-01, time=2025-04-07 23:35:37 
jj1 = 237, max_th = 2.280835e+00, time=2025-04-07 23:38:05 
jj1 = 121, max_th = 2.354773e+00, time=2025-04-07 23:41:02 
jj1 = 354, max_th = 2.017308e+00, time=2025-04-07 23:43:03 
jj1 = 120, max_th = 3.025534e+00, time=2025-04-07 23:44:01 
jj1 = 274, max_th = 2.009133e+00, time=2025-04-07 23:44:21 
jj1 = 512, max_th = 2.010160e+00, time=2025-04-07 23:44:30 
jj1 = 353, max_th = 4.069216e+00, time=2025-04-07 23:44:48 
jj1 = 79, max_th = 2.624421e+00, time=2025-04-07 23:45:41 
jj1 = 469, max_th = 3.088315e+00, time=2025-04-07 23:45:59 
jj1 = 156, max_th = 2.284242e+00, time=2025-04-07 23:47:16 
jj1 = 391, max_th = 1.890732e+00, time=2025-04-07 23:47:22 
jj1 = 429, max_th = 2.542300e+00, time=2025-04-07 23:50:01 
jj1 = 119, max_th = 1.245867e+00, time=2025-04-07 23:52:40 
jj1 = 312, max_th = 1.719770e+00, time=2025-04-07 23:52:42 
jj1 = 196, max_th = 1.785016e+00, time=2025-04-07 23:57:04 
jj1 = 155, max_th = 1.215190e+00, time=2025-04-07 23:58:16 
jj1 = 390, max_th = 2.482946e+00, time=2025-04-08 00:01:04 
jj1 = 273, max_th = 1.782759e+00, time=2025-04-08 00:01:27 
jj1 = 511, max_th = 1.809887e+00, time=2025-04-08 00:01:31 
jj1 = 78, max_th = 1.610796e+00, time=2025-04-08 00:02:44 
jj1 = 428, max_th = 2.576670e+00, time=2025-04-08 00:03:20 
jj1 = 236, max_th = 1.972705e+00, time=2025-04-08 00:04:26 
jj1 = 77, max_th = 6.161614e-01, time=2025-04-08 00:04:48 
jj1 = 468, max_th = 1.901859e+00, time=2025-04-08 00:05:51 
jj1 = 352, max_th = 1.780035e+00, time=2025-04-08 00:08:45 
jj1 = 118, max_th = 2.023039e+00, time=2025-04-08 00:15:01 
jj1 = 154, max_th = 2.164829e+00, time=2025-04-08 00:16:03 
jj1 = 195, max_th = 1.807896e+00, time=2025-04-08 00:19:46 
jj1 = 510, max_th = 2.320151e+00, time=2025-04-08 00:20:19 
jj1 = 427, max_th = 2.314872e+00, time=2025-04-08 00:21:16 
jj1 = 272, max_th = 2.413326e+00, time=2025-04-08 00:21:59 
jj1 = 76, max_th = 2.371255e+00, time=2025-04-08 00:23:03 
jj1 = 389, max_th = 1.827160e+00, time=2025-04-08 00:23:33 
jj1 = 311, max_th = 2.225119e+00, time=2025-04-08 00:24:02 
jj1 = 467, max_th = 1.776288e+00, time=2025-04-08 00:24:05 
jj1 = 351, max_th = 1.652351e+00, time=2025-04-08 00:27:45 
jj1 = 235, max_th = 1.876958e+00, time=2025-04-08 00:32:12 
jj1 = 388, max_th = 2.714484e+00, time=2025-04-08 00:32:19 
jj1 = 509, max_th = 1.067452e+00, time=2025-04-08 00:32:20 
jj1 = 153, max_th = 2.235724e+00, time=2025-04-08 00:36:27 
jj1 = 75, max_th = 1.519788e+00, time=2025-04-08 00:37:19 
jj1 = 117, max_th = 1.982563e+00, time=2025-04-08 00:37:57 
jj1 = 310, max_th = 1.502322e+00, time=2025-04-08 00:38:29 
jj1 = 350, max_th = 2.630701e+00, time=2025-04-08 00:38:49 
jj1 = 271, max_th = 2.247154e+00, time=2025-04-08 00:39:36 
jj1 = 194, max_th = 1.879957e+00, time=2025-04-08 00:40:41 
jj1 = 426, max_th = 1.991546e+00, time=2025-04-08 00:47:06 
jj1 = 387, max_th = 1.628194e+00, time=2025-04-08 00:48:20 
jj1 = 309, max_th = 2.654880e+00, time=2025-04-08 00:48:49 
jj1 = 466, max_th = 2.131765e+00, time=2025-04-08 00:49:36 
jj1 = 270, max_th = 2.663765e+00, time=2025-04-08 00:50:13 
jj1 = 308, max_th = 1.394857e+00, time=2025-04-08 00:52:16 
jj1 = 193, max_th = 3.447040e+00, time=2025-04-08 00:52:30 
jj1 = 269, max_th = 8.691188e-01, time=2025-04-08 00:52:47 
jj1 = 234, max_th = 1.936101e+00, time=2025-04-08 00:53:04 
jj1 = 508, max_th = 1.909813e+00, time=2025-04-08 00:55:25 
jj1 = 425, max_th = 1.349170e+00, time=2025-04-08 00:56:23 
jj1 = 349, max_th = 1.800355e+00, time=2025-04-08 00:57:20 
jj1 = 116, max_th = 1.823577e+00, time=2025-04-08 00:58:22 
jj1 = 152, max_th = 1.769131e+00, time=2025-04-08 00:59:39 
jj1 = 74, max_th = 2.140266e+00, time=2025-04-08 01:02:42 
jj1 = 386, max_th = 1.515298e+00, time=2025-04-08 01:04:47 
jj1 = 507, max_th = 2.506692e+00, time=2025-04-08 01:09:00 
jj1 = 465, max_th = 2.068914e+00, time=2025-04-08 01:14:13 
jj1 = 268, max_th = 2.127962e+00, time=2025-04-08 01:16:00 
jj1 = 192, max_th = 1.725228e+00, time=2025-04-08 01:16:17 
jj1 = 115, max_th = 1.502888e+00, time=2025-04-08 01:16:43 
jj1 = 424, max_th = 1.950219e+00, time=2025-04-08 01:17:42 
jj1 = 233, max_th = 2.015855e+00, time=2025-04-08 01:19:12 
jj1 = 73, max_th = 1.535392e+00, time=2025-04-08 01:22:04 
jj1 = 307, max_th = 2.075366e+00, time=2025-04-08 01:23:39 
jj1 = 385, max_th = 2.092239e+00, time=2025-04-08 01:26:55 
jj1 = 151, max_th = 1.889656e+00, time=2025-04-08 01:27:11 
jj1 = 191, max_th = 1.298898e+00, time=2025-04-08 01:31:50 
jj1 = 506, max_th = 2.166802e+00, time=2025-04-08 01:32:17 
jj1 = 464, max_th = 2.102797e+00, time=2025-04-08 01:34:29 
jj1 = 423, max_th = 2.416721e+00, time=2025-04-08 01:34:43 
jj1 = 348, max_th = 1.705089e+00, time=2025-04-08 01:34:48 
jj1 = 150, max_th = 1.360506e+00, time=2025-04-08 01:38:04 
jj1 = 72, max_th = 1.463084e+00, time=2025-04-08 01:38:12 
jj1 = 267, max_th = 2.400818e+00, time=2025-04-08 01:38:52 
jj1 = 114, max_th = 2.056057e+00, time=2025-04-08 01:39:17 
jj1 = 422, max_th = 1.032247e+00, time=2025-04-08 01:40:11 
jj1 = 306, max_th = 1.763867e+00, time=2025-04-08 01:46:18 
jj1 = 71, max_th = 1.341328e+00, time=2025-04-08 01:48:03 
jj1 = 463, max_th = 1.411753e+00, time=2025-04-08 01:48:11 
jj1 = 347, max_th = 2.442545e+00, time=2025-04-08 01:48:51 
jj1 = 505, max_th = 1.476432e+00, time=2025-04-08 01:49:40 
jj1 = 232, max_th = 1.834651e+00, time=2025-04-08 01:50:42 
jj1 = 190, max_th = 1.803194e+00, time=2025-04-08 01:52:29 
jj1 = 384, max_th = 1.931831e+00, time=2025-04-08 01:52:30 
jj1 = 266, max_th = 1.511730e+00, time=2025-04-08 01:53:25 
jj1 = 70, max_th = 2.802594e+00, time=2025-04-08 01:53:45 
jj1 = 113, max_th = 2.303061e+00, time=2025-04-08 01:58:52 
jj1 = 149, max_th = 1.780480e+00, time=2025-04-08 01:59:34 
jj1 = 462, max_th = 2.910840e+00, time=2025-04-08 02:00:20 
jj1 = 383, max_th = 1.327104e+00, time=2025-04-08 02:00:21 
jj1 = 504, max_th = 1.439830e+00, time=2025-04-08 02:04:48 
jj1 = 265, max_th = 1.531522e+00, time=2025-04-08 02:05:32 
jj1 = 421, max_th = 2.029859e+00, time=2025-04-08 02:07:08 
jj1 = 461, max_th = 1.544276e+00, time=2025-04-08 02:08:04 
jj1 = 112, max_th = 1.289429e+00, time=2025-04-08 02:09:12 
jj1 = 305, max_th = 1.642596e+00, time=2025-04-08 02:11:04 
jj1 = 382, max_th = 2.443921e+00, time=2025-04-08 02:11:26 
jj1 = 189, max_th = 2.357317e+00, time=2025-04-08 02:12:00 
jj1 = 346, max_th = 1.986007e+00, time=2025-04-08 02:12:22 
jj1 = 69, max_th = 1.836998e+00, time=2025-04-08 02:17:20 
jj1 = 231, max_th = 1.922991e+00, time=2025-04-08 02:17:24 
jj1 = 148, max_th = 1.589661e+00, time=2025-04-08 02:22:49 
jj1 = 381, max_th = 2.812158e+00, time=2025-04-08 02:24:16 
jj1 = 503, max_th = 1.695622e+00, time=2025-04-08 02:24:38 
jj1 = 304, max_th = 1.442714e+00, time=2025-04-08 02:25:58 
jj1 = 264, max_th = 2.058004e+00, time=2025-04-08 02:27:23 
jj1 = 111, max_th = 2.262034e+00, time=2025-04-08 02:27:49 
jj1 = 188, max_th = 2.387284e+00, time=2025-04-08 02:28:53 
jj1 = 68, max_th = 1.600546e+00, time=2025-04-08 02:30:07 
jj1 = 420, max_th = 2.177655e+00, time=2025-04-08 02:30:52 
jj1 = 460, max_th = 2.006656e+00, time=2025-04-08 02:31:02 
jj1 = 380, max_th = 1.428156e+00, time=2025-04-08 02:34:11 
jj1 = 230, max_th = 1.424434e+00, time=2025-04-08 02:34:22 
jj1 = 502, max_th = 1.425553e+00, time=2025-04-08 02:35:27 
jj1 = 110, max_th = 1.460720e+00, time=2025-04-08 02:39:46 
jj1 = 345, max_th = 1.986839e+00, time=2025-04-08 02:40:35 
jj1 = 147, max_th = 1.729879e+00, time=2025-04-08 02:45:27 
jj1 = 187, max_th = 1.670737e+00, time=2025-04-08 02:46:37 
jj1 = 303, max_th = 1.944753e+00, time=2025-04-08 02:49:07 
jj1 = 419, max_th = 2.423298e+00, time=2025-04-08 02:49:31 
jj1 = 459, max_th = 2.103242e+00, time=2025-04-08 02:49:52 
jj1 = 418, max_th = 3.415630e+00, time=2025-04-08 02:49:57 
jj1 = 67, max_th = 1.655263e+00, time=2025-04-08 02:51:19 
jj1 = 344, max_th = 2.600593e+00, time=2025-04-08 02:52:21 
jj1 = 186, max_th = 1.104663e+00, time=2025-04-08 02:54:27 
jj1 = 229, max_th = 1.724358e+00, time=2025-04-08 02:56:50 
jj1 = 66, max_th = 1.115278e+00, time=2025-04-08 02:56:55 
jj1 = 501, max_th = 1.824528e+00, time=2025-04-08 02:59:54 
jj1 = 185, max_th = 2.808229e+00, time=2025-04-08 03:01:08 
jj1 = 146, max_th = 2.197619e+00, time=2025-04-08 03:02:11 
jj1 = 379, max_th = 1.625695e+00, time=2025-04-08 03:02:54 
jj1 = 109, max_th = 2.194105e+00, time=2025-04-08 03:03:13 
jj1 = 263, max_th = 2.716527e+00, time=2025-04-08 03:05:39 
jj1 = 500, max_th = 2.843972e+00, time=2025-04-08 03:06:17 
jj1 = 65, max_th = 3.265712e-01, time=2025-04-08 03:07:29 
jj1 = 417, max_th = 2.375611e+00, time=2025-04-08 03:09:22 
jj1 = 302, max_th = 1.732427e+00, time=2025-04-08 03:10:20 
jj1 = 416, max_th = 2.933230e+00, time=2025-04-08 03:11:35 
jj1 = 301, max_th = 5.333093e-01, time=2025-04-08 03:11:38 
jj1 = 145, max_th = 1.272670e+00, time=2025-04-08 03:14:05 
jj1 = 343, max_th = 2.040311e+00, time=2025-04-08 03:14:09 
jj1 = 228, max_th = 2.121203e+00, time=2025-04-08 03:15:05 
jj1 = 458, max_th = 2.030218e+00, time=2025-04-08 03:17:15 
jj1 = 184, max_th = 1.521120e+00, time=2025-04-08 03:19:57 
jj1 = 227, max_th = 2.846007e+00, time=2025-04-08 03:22:27 
jj1 = 144, max_th = 2.653808e+00, time=2025-04-08 03:24:09 
jj1 = 378, max_th = 9.249442e-01, time=2025-04-08 03:24:11 
jj1 = 499, max_th = 1.791851e+00, time=2025-04-08 03:25:28 
jj1 = 143, max_th = 3.105990e+00, time=2025-04-08 03:25:56 
jj1 = 342, max_th = 2.587833e+00, time=2025-04-08 03:26:14 
jj1 = 415, max_th = 2.366047e+00, time=2025-04-08 03:27:38 
jj1 = 64, max_th = 1.834250e+00, time=2025-04-08 03:29:06 
jj1 = 108, max_th = 2.020674e+00, time=2025-04-08 03:29:23 
jj1 = 300, max_th = 2.248546e+00, time=2025-04-08 03:31:14 
jj1 = 457, max_th = 1.069482e+00, time=2025-04-08 03:31:54 
jj1 = 498, max_th = 1.040937e+00, time=2025-04-08 03:32:10 
jj1 = 262, max_th = 2.471056e+00, time=2025-04-08 03:37:03 
jj1 = 226, max_th = 2.366280e+00, time=2025-04-08 03:39:30 
jj1 = 107, max_th = 1.347391e+00, time=2025-04-08 03:40:29 
jj1 = 377, max_th = 1.980886e+00, time=2025-04-08 03:43:55 
jj1 = 183, max_th = 1.960889e+00, time=2025-04-08 03:44:06 
jj1 = 63, max_th = 2.263749e+00, time=2025-04-08 03:47:02 
jj1 = 414, max_th = 2.107057e+00, time=2025-04-08 03:47:49 
jj1 = 142, max_th = 1.767272e+00, time=2025-04-08 03:48:42 
jj1 = 299, max_th = 2.301322e+00, time=2025-04-08 03:49:27 
jj1 = 376, max_th = 2.764152e+00, time=2025-04-08 03:49:56 
jj1 = 497, max_th = 2.252371e+00, time=2025-04-08 03:50:18 
jj1 = 341, max_th = 2.186348e+00, time=2025-04-08 03:50:46 
jj1 = 182, max_th = 1.112659e+00, time=2025-04-08 03:51:56 
jj1 = 225, max_th = 1.317771e+00, time=2025-04-08 03:52:58 
jj1 = 413, max_th = 2.754456e+00, time=2025-04-08 03:54:49 
jj1 = 456, max_th = 1.834528e+00, time=2025-04-08 03:55:16 
jj1 = 261, max_th = 1.847668e+00, time=2025-04-08 03:57:16 
jj1 = 340, max_th = 2.699547e+00, time=2025-04-08 04:00:27 
jj1 = 106, max_th = 1.870447e+00, time=2025-04-08 04:01:55 
jj1 = 375, max_th = 2.487873e+00, time=2025-04-08 04:01:54 
jj1 = 62, max_th = 2.047405e+00, time=2025-04-08 04:09:26 
jj1 = 224, max_th = 2.418701e+00, time=2025-04-08 04:10:18 
jj1 = 496, max_th = 2.236044e+00, time=2025-04-08 04:11:50 
jj1 = 141, max_th = 1.992429e+00, time=2025-04-08 04:12:29 
jj1 = 181, max_th = 1.686152e+00, time=2025-04-08 04:13:33 
jj1 = 412, max_th = 2.088856e+00, time=2025-04-08 04:14:51 
jj1 = 495, max_th = 8.376207e-01, time=2025-04-08 04:15:05 
jj1 = 298, max_th = 2.036098e+00, time=2025-04-08 04:17:19 
jj1 = 260, max_th = 1.854109e+00, time=2025-04-08 04:17:41 
jj1 = 374, max_th = 2.150275e+00, time=2025-04-08 04:18:05 
jj1 = 339, max_th = 2.469235e+00, time=2025-04-08 04:19:13 
jj1 = 180, max_th = 7.347011e-01, time=2025-04-08 04:19:54 
jj1 = 455, max_th = 2.013793e+00, time=2025-04-08 04:21:15 
jj1 = 61, max_th = 1.510435e+00, time=2025-04-08 04:24:23 
jj1 = 105, max_th = 1.990208e+00, time=2025-04-08 04:24:40 
jj1 = 568, max_th = 1.669949e+00, time=2025-04-08 04:29:27 
jj1 = 223, max_th = 1.677506e+00, time=2025-04-08 04:29:44 
jj1 = 104, max_th = 1.106127e+00, time=2025-04-08 04:30:25 
jj1 = 140, max_th = 1.606340e+00, time=2025-04-08 04:31:26 
jj1 = 494, max_th = 1.438733e+00, time=2025-04-08 04:32:10 
jj1 = 708, max_th = 1.076515e+00, time=2025-04-08 04:33:58 
jj1 = 373, max_th = 1.602254e+00, time=2025-04-08 04:35:02 
jj1 = 297, max_th = 1.681865e+00, time=2025-04-08 04:35:05 
jj1 = 454, max_th = 1.420321e+00, time=2025-04-08 04:37:41 
jj1 = 179, max_th = 2.381019e+00, time=2025-04-08 04:39:23 
jj1 = 338, max_th = 2.133296e+00, time=2025-04-08 04:43:54 
jj1 = 259, max_th = 1.924331e+00, time=2025-04-08 04:45:00 
jj1 = 103, max_th = 2.122630e+00, time=2025-04-08 04:46:56 
jj1 = 222, max_th = 1.803193e+00, time=2025-04-08 04:47:19 
jj1 = 567, max_th = 1.630247e+00, time=2025-04-08 04:47:58 
jj1 = 628, max_th = 1.428814e+00, time=2025-04-08 04:49:16 
jj1 = 493, max_th = 2.296073e+00, time=2025-04-08 04:49:22 
jj1 = 139, max_th = 2.346038e+00, time=2025-04-08 04:50:22 
jj1 = 296, max_th = 1.532810e+00, time=2025-04-08 04:54:24 
jj1 = 707, max_th = 2.164455e+00, time=2025-04-08 04:56:18 
jj1 = 492, max_th = 1.318065e+00, time=2025-04-08 04:59:44 
jj1 = 221, max_th = 1.649967e+00, time=2025-04-08 05:00:09 
jj1 = 178, max_th = 1.947506e+00, time=2025-04-08 05:01:28 
jj1 = 258, max_th = 1.971096e+00, time=2025-04-08 05:02:39 
jj1 = 453, max_th = 1.842532e+00, time=2025-04-08 05:03:14 
jj1 = 220, max_th = 2.805305e+00, time=2025-04-08 05:06:35 
jj1 = 566, max_th = 2.237640e+00, time=2025-04-08 05:08:41 
jj1 = 627, max_th = 2.307433e+00, time=2025-04-08 05:08:51 
jj1 = 219, max_th = 9.254255e-01, time=2025-04-08 05:10:36 
jj1 = 491, max_th = 2.401499e+00, time=2025-04-08 05:11:03 
jj1 = 337, max_th = 2.309938e+00, time=2025-04-08 05:12:33 
jj1 = 102, max_th = 1.839714e+00, time=2025-04-08 05:13:09 
jj1 = 295, max_th = 2.424587e+00, time=2025-04-08 05:14:26 
jj1 = 548, max_th = 1.644064e+00, time=2025-04-08 05:15:13 
jj1 = 565, max_th = 1.293000e+00, time=2025-04-08 05:17:19 
jj1 = 706, max_th = 2.188200e+00, time=2025-04-08 05:18:56 
jj1 = 336, max_th = 2.833598e+00, time=2025-04-08 05:19:00 
jj1 = 452, max_th = 1.644414e+00, time=2025-04-08 05:20:25 
jj1 = 257, max_th = 2.098127e+00, time=2025-04-08 05:22:46 
jj1 = 668, max_th = 1.956531e+00, time=2025-04-08 05:26:47 
jj1 = 626, max_th = 1.611226e+00, time=2025-04-08 05:28:04 
jj1 = 564, max_th = 2.449327e+00, time=2025-04-08 05:28:27 
jj1 = 705, max_th = 2.215431e+00, time=2025-04-08 05:29:18 
jj1 = 547, max_th = 2.463417e+00, time=2025-04-08 05:31:32 
jj1 = 101, max_th = 1.849684e+00, time=2025-04-08 05:31:47 
jj1 = 218, max_th = 1.942551e+00, time=2025-04-08 05:33:08 
jj1 = 490, max_th = 1.769739e+00, time=2025-04-08 05:34:44 
jj1 = 667, max_th = 2.784907e+00, time=2025-04-08 05:36:09 
jj1 = 451, max_th = 1.842657e+00, time=2025-04-08 05:36:44 
jj1 = 608, max_th = 2.136840e+00, time=2025-04-08 05:39:15 
jj1 = 563, max_th = 2.599353e+00, time=2025-04-08 05:40:55 
jj1 = 704, max_th = 2.729438e+00, time=2025-04-08 05:42:51 
jj1 = 335, max_th = 1.865674e+00, time=2025-04-08 05:43:54 
jj1 = 625, max_th = 2.066190e+00, time=2025-04-08 05:45:47 
jj1 = 256, max_th = 2.072776e+00, time=2025-04-08 05:47:23 
jj1 = 100, max_th = 1.644596e+00, time=2025-04-08 05:47:57 
jj1 = 562, max_th = 1.549904e+00, time=2025-04-08 05:51:02 
jj1 = 728, max_th = 3.265321e+00, time=2025-04-08 05:51:11 
jj1 = 217, max_th = 2.345315e+00, time=2025-04-08 05:51:58 
jj1 = 748, max_th = 2.486281e+00, time=2025-04-08 05:53:15 
jj1 = 768, max_th = 1.690370e+00, time=2025-04-08 05:56:46 
jj1 = 546, max_th = 2.178470e+00, time=2025-04-08 05:58:16 
jj1 = 666, max_th = 2.096106e+00, time=2025-04-08 05:58:34 
jj1 = 703, max_th = 2.081840e+00, time=2025-04-08 05:59:49 
jj1 = 607, max_th = 1.726547e+00, time=2025-04-08 06:01:55 
jj1 = 334, max_th = 1.534476e+00, time=2025-04-08 06:03:04 
jj1 = 727, max_th = 2.442193e+00, time=2025-04-08 06:06:12 
jj1 = 561, max_th = 1.804844e+00, time=2025-04-08 06:08:10 
jj1 = 624, max_th = 1.803869e+00, time=2025-04-08 06:09:58 
jj1 = 545, max_th = 9.033529e-01, time=2025-04-08 06:10:20 
jj1 = 747, max_th = 1.689196e+00, time=2025-04-08 06:10:48 
jj1 = 588, max_th = 1.688483e+00, time=2025-04-08 06:12:09 
jj1 = 606, max_th = 1.315027e+00, time=2025-04-08 06:13:01 
jj1 = 648, max_th = 1.829843e+00, time=2025-04-08 06:13:45 
jj1 = 767, max_th = 2.422287e+00, time=2025-04-08 06:15:25 
jj1 = 688, max_th = 1.617324e+00, time=2025-04-08 06:20:38 
jj1 = 665, max_th = 2.029782e+00, time=2025-04-08 06:24:02 
jj1 = 702, max_th = 8.780081e-01, time=2025-04-08 06:25:53 
jj1 = 544, max_th = 2.342955e+00, time=2025-04-08 06:26:33 
jj1 = 726, max_th = 2.217725e+00, time=2025-04-08 06:27:19 
jj1 = 623, max_th = 2.248779e+00, time=2025-04-08 06:28:14 
jj1 = 560, max_th = 1.497460e+00, time=2025-04-08 06:29:46 
jj1 = 587, max_th = 1.589057e+00, time=2025-04-08 06:29:50 
jj1 = 543, max_th = 1.144412e+00, time=2025-04-08 06:34:28 
jj1 = 542, max_th = 3.265204e+00, time=2025-04-08 06:34:32 
jj1 = 605, max_th = 2.141210e+00, time=2025-04-08 06:35:45 
jj1 = 647, max_th = 2.436487e+00, time=2025-04-08 06:36:39 
jj1 = 701, max_th = 2.655709e+00, time=2025-04-08 06:38:07 
jj1 = 604, max_th = 5.484978e-01, time=2025-04-08 06:38:43 
jj1 = 687, max_th = 1.757439e+00, time=2025-04-08 06:38:44 
jj1 = 746, max_th = 2.006336e+00, time=2025-04-08 06:42:00 
jj1 = 766, max_th = 2.028728e+00, time=2025-04-08 06:42:35 
jj1 = 622, max_th = 2.725086e+00, time=2025-04-08 06:43:49 
jj1 = 586, max_th = 1.442397e+00, time=2025-04-08 06:44:20 
jj1 = 646, max_th = 1.089052e+00, time=2025-04-08 06:46:30 
jj1 = 725, max_th = 1.822409e+00, time=2025-04-08 06:48:44 
jj1 = 559, max_th = 2.375671e+00, time=2025-04-08 06:49:48 
jj1 = 745, max_th = 1.202974e+00, time=2025-04-08 06:50:32 
jj1 = 541, max_th = 2.350716e+00, time=2025-04-08 06:50:43 
jj1 = 664, max_th = 1.932028e+00, time=2025-04-08 06:50:43 
jj1 = 700, max_th = 1.702978e+00, time=2025-04-08 06:53:00 
jj1 = 686, max_th = 1.490832e+00, time=2025-04-08 06:54:31 
jj1 = 724, max_th = 2.600466e+00, time=2025-04-08 07:00:26 
jj1 = 585, max_th = 2.414954e+00, time=2025-04-08 07:02:10 
jj1 = 603, max_th = 1.525613e+00, time=2025-04-08 07:03:14 
jj1 = 558, max_th = 1.711353e+00, time=2025-04-08 07:06:40 
jj1 = 765, max_th = 1.446471e+00, time=2025-04-08 07:06:49 
jj1 = 685, max_th = 2.586513e+00, time=2025-04-08 07:07:21 
jj1 = 744, max_th = 2.354881e+00, time=2025-04-08 07:07:42 
jj1 = 621, max_th = 2.261279e+00, time=2025-04-08 07:10:58 
jj1 = 645, max_th = 1.927269e+00, time=2025-04-08 07:11:36 
jj1 = 663, max_th = 1.486216e+00, time=2025-04-08 07:13:38 
jj1 = 540, max_th = 2.317722e+00, time=2025-04-08 07:14:32 
jj1 = 699, max_th = 2.051961e+00, time=2025-04-08 07:15:46 
jj1 = 602, max_th = 1.749246e+00, time=2025-04-08 07:16:19 
jj1 = 684, max_th = 2.503071e+00, time=2025-04-08 07:18:26 
jj1 = 723, max_th = 1.940436e+00, time=2025-04-08 07:20:45 
jj1 = 743, max_th = 2.433038e+00, time=2025-04-08 07:23:26 
jj1 = 644, max_th = 2.533579e+00, time=2025-04-08 07:24:40 
jj1 = 584, max_th = 2.048619e+00, time=2025-04-08 07:25:49 
jj1 = 557, max_th = 1.948958e+00, time=2025-04-08 07:27:49 
jj1 = 764, max_th = 2.140560e+00, time=2025-04-08 07:29:42 
jj1 = 556, max_th = 3.208820e+00, time=2025-04-08 07:30:20 
jj1 = 683, max_th = 2.448463e+00, time=2025-04-08 07:30:57 
jj1 = 539, max_th = 1.874037e+00, time=2025-04-08 07:31:24 
jj1 = 620, max_th = 1.918060e+00, time=2025-04-08 07:33:49 
jj1 = 742, max_th = 1.330118e+00, time=2025-04-08 07:34:42 
jj1 = 601, max_th = 2.244791e+00, time=2025-04-08 07:35:36 
jj1 = 698, max_th = 2.052757e+00, time=2025-04-08 07:37:39 
jj1 = 662, max_th = 2.228913e+00, time=2025-04-08 07:37:59 
jj1 = 722, max_th = 2.152075e+00, time=2025-04-08 07:38:12 
jj1 = 583, max_th = 1.534993e+00, time=2025-04-08 07:38:25 
jj1 = 538, max_th = 2.717965e+00, time=2025-04-08 07:40:13 
jj1 = 582, max_th = 3.065831e+00, time=2025-04-08 07:40:39 
jj1 = 661, max_th = 9.269560e-01, time=2025-04-08 07:44:20 
jj1 = 537, max_th = 1.184259e+00, time=2025-04-08 07:47:40 
jj1 = 682, max_th = 1.902241e+00, time=2025-04-08 07:49:33 
jj1 = 643, max_th = 1.717151e+00, time=2025-04-08 07:50:05 
jj1 = 741, max_th = 1.490216e+00, time=2025-04-08 07:50:47 
jj1 = 619, max_th = 1.612006e+00, time=2025-04-08 07:52:30 
jj1 = 763, max_th = 2.374192e+00, time=2025-04-08 07:53:18 
jj1 = 555, max_th = 1.769241e+00, time=2025-04-08 07:54:19 
jj1 = 697, max_th = 1.913526e+00, time=2025-04-08 07:56:27 
jj1 = 696, max_th = -4.152473e-02, time=2025-04-08 07:56:45 
jj1 = 721, max_th = 2.037463e+00, time=2025-04-08 07:57:56 
jj1 = 581, max_th = 1.634829e+00, time=2025-04-08 07:59:26 
jj1 = 600, max_th = 1.905647e+00, time=2025-04-08 08:01:21 
jj1 = 618, max_th = 2.629386e+00, time=2025-04-08 08:02:05 
jj1 = 536, max_th = 1.658586e+00, time=2025-04-08 08:03:31 
jj1 = 695, max_th = 2.707621e+00, time=2025-04-08 08:04:59 
jj1 = 660, max_th = 2.204119e+00, time=2025-04-08 08:05:54 
jj1 = 681, max_th = 2.057936e+00, time=2025-04-08 08:10:43 
jj1 = 599, max_th = 2.593637e+00, time=2025-04-08 08:11:37 
jj1 = 580, max_th = 1.489498e+00, time=2025-04-08 08:11:54 
jj1 = 554, max_th = 2.102911e+00, time=2025-04-08 08:12:11 
jj1 = 642, max_th = 1.965087e+00, time=2025-04-08 08:13:35 
jj1 = 740, max_th = 2.175644e+00, time=2025-04-08 08:15:43 
jj1 = 762, max_th = 2.110902e+00, time=2025-04-08 08:17:16 
jj1 = 694, max_th = 1.510148e+00, time=2025-04-08 08:17:42 
jj1 = 720, max_th = 1.582183e+00, time=2025-04-08 08:18:50 
jj1 = 659, max_th = 1.982188e+00, time=2025-04-08 08:22:47 
jj1 = 680, max_th = 2.453291e+00, time=2025-04-08 08:23:48 
jj1 = 598, max_th = 1.487264e+00, time=2025-04-08 08:25:51 
jj1 = 553, max_th = 1.945029e+00, time=2025-04-08 08:28:34 
jj1 = 535, max_th = 2.230400e+00, time=2025-04-08 08:28:48 
jj1 = 658, max_th = 1.054536e+00, time=2025-04-08 08:29:55 
jj1 = 617, max_th = 1.787223e+00, time=2025-04-08 08:30:17 
jj1 = 579, max_th = 2.091287e+00, time=2025-04-08 08:31:00 
jj1 = 534, max_th = 1.296293e+00, time=2025-04-08 08:34:47 
jj1 = 719, max_th = 1.481051e+00, time=2025-04-08 08:35:10 
jj1 = 552, max_th = 1.221770e+00, time=2025-04-08 08:35:42 
jj1 = 693, max_th = 2.234649e+00, time=2025-04-08 08:36:27 
jj1 = 761, max_th = 1.574674e+00, time=2025-04-08 08:37:08 
jj1 = 679, max_th = 1.264457e+00, time=2025-04-08 08:37:28 
jj1 = 739, max_th = 1.997984e+00, time=2025-04-08 08:38:47 
jj1 = 641, max_th = 1.728022e+00, time=2025-04-08 08:38:53 
jj1 = 551, max_th = 2.798212e+00, time=2025-04-08 08:39:59 
jj1 = 640, max_th = 3.083548e+00, time=2025-04-08 08:45:02 
jj1 = 597, max_th = 2.057715e+00, time=2025-04-08 08:46:12 
jj1 = 678, max_th = 1.166379e+00, time=2025-04-08 08:46:55 
jj1 = 692, max_th = 1.600040e+00, time=2025-04-08 08:46:57 
jj1 = 657, max_th = 1.701418e+00, time=2025-04-08 08:48:25 
jj1 = 718, max_th = 1.495430e+00, time=2025-04-08 08:49:50 
jj1 = 533, max_th = 1.533017e+00, time=2025-04-08 08:53:00 
jj1 = 738, max_th = 2.388575e+00, time=2025-04-08 08:55:28 
jj1 = 578, max_th = 1.835094e+00, time=2025-04-08 08:56:19 
jj1 = 616, max_th = 2.182819e+00, time=2025-04-08 08:59:16 
jj1 = 550, max_th = 2.183458e+00, time=2025-04-08 09:02:18 
jj1 = 677, max_th = 1.594055e+00, time=2025-04-08 09:03:00 
jj1 = 691, max_th = 1.668115e+00, time=2025-04-08 09:03:03 
jj1 = 760, max_th = 1.957879e+00, time=2025-04-08 09:04:07 
jj1 = 737, max_th = 1.250814e+00, time=2025-04-08 09:06:02 
jj1 = 596, max_th = 1.718835e+00, time=2025-04-08 09:06:37 
jj1 = 656, max_th = 1.711193e+00, time=2025-04-08 09:09:17 
jj1 = 690, max_th = 1.057031e+00, time=2025-04-08 09:10:46 
jj1 = 639, max_th = 1.875926e+00, time=2025-04-08 09:12:44 
jj1 = 717, max_th = 1.822473e+00, time=2025-04-08 09:12:53 
jj1 = 532, max_th = 2.241837e+00, time=2025-04-08 09:16:57 
jj1 = 595, max_th = 1.505863e+00, time=2025-04-08 09:19:52 
jj1 = 577, max_th = 1.987315e+00, time=2025-04-08 09:20:52 
jj1 = 549, max_th = 1.579645e+00, time=2025-04-08 09:22:09 
jj1 = 736, max_th = 2.193604e+00, time=2025-04-08 09:22:35 
jj1 = 759, max_th = 2.001558e+00, time=2025-04-08 09:25:00 
jj1 = 615, max_th = 2.066679e+00, time=2025-04-08 09:26:27 
jj1 = 778, max_th = 2.862170e+00, time=2025-04-08 09:27:42 
jj1 = 614, max_th = 6.619298e-01, time=2025-04-08 09:28:25 
jj1 = 655, max_th = 2.393578e+00, time=2025-04-08 09:29:15 
jj1 = 676, max_th = 2.046206e+00, time=2025-04-08 09:31:34 
jj1 = 716, max_th = 1.855689e+00, time=2025-04-08 09:32:45 
jj1 = 689, max_th = 1.719460e+00, time=2025-04-08 09:32:52 
jj1 = 638, max_th = 1.667778e+00, time=2025-04-08 09:34:19 
jj1 = 613, max_th = 8.130694e-01, time=2025-04-08 09:35:36 
jj1 = 531, max_th = 2.281535e+00, time=2025-04-08 09:37:11 
jj1 = 788, max_th = 2.915619e+00, time=2025-04-08 09:37:48 
jj1 = 594, max_th = 1.825148e+00, time=2025-04-08 09:41:57 
jj1 = 735, max_th = 1.512675e+00, time=2025-04-08 09:42:35 
jj1 = 777, max_th = 2.257977e+00, time=2025-04-08 09:43:17 
jj1 = 654, max_th = 2.243321e+00, time=2025-04-08 09:46:16 
jj1 = 758, max_th = 1.878251e+00, time=2025-04-08 09:47:41 
jj1 = 576, max_th = 1.822514e+00, time=2025-04-08 09:49:19 
jj1 = 675, max_th = 1.746402e+00, time=2025-04-08 09:50:24 
jj1 = 715, max_th = 1.692084e+00, time=2025-04-08 09:50:48 
jj1 = 637, max_th = 2.322357e+00, time=2025-04-08 09:53:09 
jj1 = 653, max_th = 1.029103e+00, time=2025-04-08 09:53:34 
jj1 = 612, max_th = 1.867211e+00, time=2025-04-08 09:55:01 
jj1 = 787, max_th = 2.308194e+00, time=2025-04-08 09:57:10 
jj1 = 530, max_th = 1.544733e+00, time=2025-04-08 10:02:35 
jj1 = 734, max_th = 1.843903e+00, time=2025-04-08 10:02:44 
jj1 = 593, max_th = 2.275161e+00, time=2025-04-08 10:03:23 
jj1 = 575, max_th = 1.280528e+00, time=2025-04-08 10:03:38 
jj1 = 776, max_th = 1.770428e+00, time=2025-04-08 10:05:40 
jj1 = 786, max_th = 1.334378e+00, time=2025-04-08 10:07:58 
jj1 = 714, max_th = 2.296456e+00, time=2025-04-08 10:08:12 
jj1 = 757, max_th = 2.315294e+00, time=2025-04-08 10:08:13 
jj1 = 674, max_th = 1.993479e+00, time=2025-04-08 10:10:22 
jj1 = 713, max_th = 8.547971e-01, time=2025-04-08 10:11:15 
jj1 = 574, max_th = 1.335546e+00, time=2025-04-08 10:13:44 
jj1 = 652, max_th = 1.903047e+00, time=2025-04-08 10:13:56 
jj1 = 592, max_th = 1.410608e+00, time=2025-04-08 10:15:00 
jj1 = 785, max_th = 1.005345e+00, time=2025-04-08 10:15:22 
jj1 = 573, max_th = -3.610787e-02, time=2025-04-08 10:16:14 
jj1 = 611, max_th = 1.526007e+00, time=2025-04-08 10:16:33 
jj1 = 651, max_th = 3.039264e+00, time=2025-04-08 10:16:45 
jj1 = 636, max_th = 2.140008e+00, time=2025-04-08 10:16:55 
jj1 = 756, max_th = 1.325514e+00, time=2025-04-08 10:17:39 
jj1 = 673, max_th = 1.593013e+00, time=2025-04-08 10:20:59 
jj1 = 712, max_th = 2.660808e+00, time=2025-04-08 10:23:12 
jj1 = 591, max_th = 1.213945e+00, time=2025-04-08 10:24:11 
jj1 = 775, max_th = 2.605266e+00, time=2025-04-08 10:25:49 
jj1 = 635, max_th = 1.191749e+00, time=2025-04-08 10:26:54 
jj1 = 733, max_th = 2.009845e+00, time=2025-04-08 10:27:11 
jj1 = 610, max_th = 2.667397e+00, time=2025-04-08 10:28:45 
jj1 = 590, max_th = 3.320526e+00, time=2025-04-08 10:29:40 
jj1 = 650, max_th = 1.395032e+00, time=2025-04-08 10:30:48 
jj1 = 529, max_th = 1.868138e+00, time=2025-04-08 10:32:21 
jj1 = 784, max_th = 2.222947e+00, time=2025-04-08 10:32:54 
jj1 = 755, max_th = 1.646121e+00, time=2025-04-08 10:34:46 
jj1 = 609, max_th = 1.309735e+00, time=2025-04-08 10:38:17 
jj1 = 572, max_th = 1.911959e+00, time=2025-04-08 10:38:46 
jj1 = 774, max_th = 2.605909e+00, time=2025-04-08 10:40:10 
jj1 = 634, max_th = 1.552343e+00, time=2025-04-08 10:41:45 
jj1 = 798, max_th = 2.974648e+00, time=2025-04-08 10:43:30 
jj1 = 672, max_th = 2.042957e+00, time=2025-04-08 10:44:08 
jj1 = 711, max_th = 1.880639e+00, time=2025-04-08 10:48:35 
jj1 = 732, max_th = 1.626039e+00, time=2025-04-08 10:49:01 
jj1 = 773, max_th = 1.272221e+00, time=2025-04-08 10:49:15 
jj1 = 808, max_th = 2.357901e+00, time=2025-04-08 10:51:25 
jj1 = 797, max_th = 2.735544e+00, time=2025-04-08 10:51:31 
jj1 = 649, max_th = 1.663933e+00, time=2025-04-08 10:52:16 
jj1 = 589, max_th = 2.164379e+00, time=2025-04-08 10:52:55 
jj1 = 754, max_th = 2.386534e+00, time=2025-04-08 10:54:29 
jj1 = 671, max_th = 1.375385e+00, time=2025-04-08 10:55:25 
jj1 = 783, max_th = 2.376646e+00, time=2025-04-08 10:55:41 
jj1 = 571, max_th = 2.196706e+00, time=2025-04-08 10:56:47 
jj1 = 731, max_th = 1.420128e+00, time=2025-04-08 11:00:31 
jj1 = 807, max_th = 2.751173e+00, time=2025-04-08 11:03:15 
jj1 = 796, max_th = 1.374201e+00, time=2025-04-08 11:04:20 
jj1 = 772, max_th = 2.510140e+00, time=2025-04-08 11:04:26 
jj1 = 633, max_th = 1.818670e+00, time=2025-04-08 11:06:43 
jj1 = 710, max_th = 1.981299e+00, time=2025-04-08 11:11:14 
jj1 = 782, max_th = 2.280698e+00, time=2025-04-08 11:11:47 
jj1 = 753, max_th = 2.326479e+00, time=2025-04-08 11:14:01 
jj1 = 670, max_th = 1.701579e+00, time=2025-04-08 11:14:25 
jj1 = 669, max_th = 3.279828e+00, time=2025-04-08 11:15:54 
jj1 = 828, max_th = 1.680773e+00, time=2025-04-08 11:16:08 
jj1 = 570, max_th = 2.117837e+00, time=2025-04-08 11:19:56 
jj1 = 818, max_th = 1.785963e+00, time=2025-04-08 11:22:04 
jj1 = 730, max_th = 2.276357e+00, time=2025-04-08 11:23:58 
jj1 = 771, max_th = 2.294215e+00, time=2025-04-08 11:24:17 
jj1 = 781, max_th = 2.396573e+00, time=2025-04-08 11:24:19 
jj1 = 632, max_th = 2.573569e+00, time=2025-04-08 11:24:25 
jj1 = 888, max_th = 1.252130e+00, time=2025-04-08 11:25:37 
jj1 = 827, max_th = 9.553448e-01, time=2025-04-08 11:26:07 
jj1 = 826, max_th = 8.480195e-01, time=2025-04-08 11:26:59 
jj1 = 806, max_th = 1.971642e+00, time=2025-04-08 11:27:15 
jj1 = 795, max_th = 1.868057e+00, time=2025-04-08 11:28:01 
jj1 = 887, max_th = 2.835013e+00, time=2025-04-08 11:31:33 
jj1 = 729, max_th = 1.286391e+00, time=2025-04-08 11:34:36 
jj1 = 886, max_th = 2.860962e+00, time=2025-04-08 11:36:08 
jj1 = 825, max_th = 2.782382e+00, time=2025-04-08 11:36:18 
jj1 = 780, max_th = 1.286526e+00, time=2025-04-08 11:37:13 
jj1 = 752, max_th = 1.789690e+00, time=2025-04-08 11:37:13 
jj1 = 770, max_th = 2.559419e+00, time=2025-04-08 11:37:47 
jj1 = 631, max_th = 2.349332e+00, time=2025-04-08 11:39:52 
jj1 = 569, max_th = 1.722263e+00, time=2025-04-08 11:41:36 
jj1 = 779, max_th = 9.154181e-01, time=2025-04-08 11:42:03 
jj1 = 709, max_th = 1.830478e+00, time=2025-04-08 11:43:22 
jj1 = 817, max_th = 1.493424e+00, time=2025-04-08 11:45:17 
jj1 = 630, max_th = 1.197464e+00, time=2025-04-08 11:46:11 
jj1 = 898, max_th = 1.213455e+00, time=2025-04-08 11:46:51 
jj1 = 816, max_th = 7.788162e-01, time=2025-04-08 11:48:49 
jj1 = 885, max_th = 1.543811e+00, time=2025-04-08 11:50:38 
jj1 = 868, max_th = 1.466764e+00, time=2025-04-08 11:52:09 
jj1 = 805, max_th = 1.767678e+00, time=2025-04-08 11:52:16 
jj1 = 769, max_th = 2.377775e+00, time=2025-04-08 11:54:17 
jj1 = 858, max_th = 2.631944e+00, time=2025-04-08 11:54:54 
jj1 = 794, max_th = 1.792081e+00, time=2025-04-08 11:56:21 
jj1 = 751, max_th = 2.336402e+00, time=2025-04-08 11:57:11 
jj1 = 867, max_th = 2.786286e+00, time=2025-04-08 11:58:33 
jj1 = 848, max_th = 2.233016e+00, time=2025-04-08 11:59:26 
jj1 = 884, max_th = 1.850036e+00, time=2025-04-08 12:00:57 
jj1 = 824, max_th = 1.959947e+00, time=2025-04-08 12:02:49 
jj1 = 629, max_th = 2.207472e+00, time=2025-04-08 12:08:08 
jj1 = 815, max_th = 1.569069e+00, time=2025-04-08 12:08:46 
jj1 = 893, max_th = 1.273245e+00, time=2025-04-08 12:10:46 
jj1 = 804, max_th = 1.593482e+00, time=2025-04-08 12:11:04 
jj1 = 897, max_th = 1.872411e+00, time=2025-04-08 12:11:09 
jj1 = 750, max_th = 1.141574e+00, time=2025-04-08 12:12:39 
jj1 = 847, max_th = 1.526958e+00, time=2025-04-08 12:17:11 
jj1 = 866, max_th = 2.284543e+00, time=2025-04-08 12:18:17 
jj1 = 803, max_th = 2.823428e+00, time=2025-04-08 12:20:40 
jj1 = 857, max_th = 1.764500e+00, time=2025-04-08 12:21:53 
jj1 = 793, max_th = 1.952100e+00, time=2025-04-08 12:23:05 
jj1 = 749, max_th = 2.718643e+00, time=2025-04-08 12:23:47 
jj1 = 823, max_th = 2.163271e+00, time=2025-04-08 12:24:47 
jj1 = 846, max_th = 2.742161e+00, time=2025-04-08 12:26:39 
jj1 = 896, max_th = 1.633362e+00, time=2025-04-08 12:27:43 
jj1 = 814, max_th = 1.656798e+00, time=2025-04-08 12:28:49 
jj1 = 878, max_th = 1.528674e+00, time=2025-04-08 12:28:51 
jj1 = 883, max_th = 1.819495e+00, time=2025-04-08 12:28:50 
jj1 = 845, max_th = 3.138650e+00, time=2025-04-08 12:28:52 
jj1 = 892, max_th = 2.260170e+00, time=2025-04-08 12:30:09 
jj1 = 865, max_th = 2.402738e+00, time=2025-04-08 12:31:02 
jj1 = 877, max_th = 9.888834e-01, time=2025-04-08 12:31:34 
jj1 = 792, max_th = 2.510772e+00, time=2025-04-08 12:35:43 
jj1 = 802, max_th = 2.170663e+00, time=2025-04-08 12:36:08 
jj1 = 891, max_th = 1.318047e+00, time=2025-04-08 12:39:23 
jj1 = 801, max_th = 2.738433e+00, time=2025-04-08 12:42:01 
jj1 = 838, max_th = 2.152993e+00, time=2025-04-08 12:42:25 
jj1 = 844, max_th = 1.549754e+00, time=2025-04-08 12:42:41 
jj1 = 822, max_th = 1.527209e+00, time=2025-04-08 12:44:21 
jj1 = 843, max_th = 3.136213e+00, time=2025-04-08 12:45:06 
jj1 = 856, max_th = 1.818174e+00, time=2025-04-08 12:46:49 
jj1 = 890, max_th = 2.648446e+00, time=2025-04-08 12:47:12 
jj1 = 882, max_th = 2.244981e+00, time=2025-04-08 12:48:15 
jj1 = 791, max_th = 1.469250e+00, time=2025-04-08 12:48:52 
jj1 = 895, max_th = 1.719480e+00, time=2025-04-08 12:48:57 
jj1 = 864, max_th = 2.242202e+00, time=2025-04-08 12:49:02 
jj1 = 876, max_th = 2.389471e+00, time=2025-04-08 12:50:37 
jj1 = 894, max_th = 6.581146e-01, time=2025-04-08 12:51:48 
jj1 = 800, max_th = 1.447443e+00, time=2025-04-08 12:55:30 
jj1 = 790, max_th = 2.739396e+00, time=2025-04-08 12:57:11 
jj1 = 821, max_th = 2.473732e+00, time=2025-04-08 12:57:15 
jj1 = 813, max_th = 1.475371e+00, time=2025-04-08 12:57:32 
jj1 = 875, max_th = 2.712837e+00, time=2025-04-08 12:59:10 
jj1 = 881, max_th = 2.732785e+00, time=2025-04-08 13:00:03 
jj1 = 863, max_th = 1.845450e+00, time=2025-04-08 13:06:52 
jj1 = 855, max_th = 2.102294e+00, time=2025-04-08 13:07:10 
jj1 = 837, max_th = 1.885206e+00, time=2025-04-08 13:08:02 
jj1 = 812, max_th = 1.266484e+00, time=2025-04-08 13:08:36 
jj1 = 938, max_th = 1.805298e+00, time=2025-04-08 13:09:19 
jj1 = 842, max_th = 1.719862e+00, time=2025-04-08 13:11:29 
jj1 = 889, max_th = 2.033291e+00, time=2025-04-08 13:11:56 
jj1 = 874, max_th = 2.748672e+00, time=2025-04-08 13:12:08 
jj1 = 854, max_th = 2.751000e+00, time=2025-04-08 13:13:36 
jj1 = 862, max_th = 1.037051e+00, time=2025-04-08 13:16:40 
jj1 = 789, max_th = 2.534169e+00, time=2025-04-08 13:18:46 
jj1 = 799, max_th = 1.530150e+00, time=2025-04-08 13:18:51 
jj1 = 937, max_th = 2.634440e+00, time=2025-04-08 13:20:33 
jj1 = 836, max_th = 1.443302e+00, time=2025-04-08 13:21:06 
jj1 = 880, max_th = 2.735626e+00, time=2025-04-08 13:23:00 
jj1 = 908, max_th = 7.967124e-01, time=2025-04-08 13:23:32 
jj1 = 907, max_th = 1.150389e+00, time=2025-04-08 13:28:34 
jj1 = 820, max_th = 2.172344e+00, time=2025-04-08 13:28:52 
jj1 = 948, max_th = 2.379825e+00, time=2025-04-08 13:29:46 
jj1 = 936, max_th = 2.602867e+00, time=2025-04-08 13:30:17 
jj1 = 873, max_th = 1.705249e+00, time=2025-04-08 13:30:59 
jj1 = 861, max_th = 2.196773e+00, time=2025-04-08 13:32:32 
jj1 = 841, max_th = 2.005046e+00, time=2025-04-08 13:34:25 
jj1 = 811, max_th = 2.166083e+00, time=2025-04-08 13:35:59 
jj1 = 853, max_th = 2.034299e+00, time=2025-04-08 13:37:38 
jj1 = 903, max_th = 1.747197e+00, time=2025-04-08 13:38:39 
jj1 = 835, max_th = 2.296747e+00, time=2025-04-08 13:40:04 
jj1 = 906, max_th = 1.542964e+00, time=2025-04-08 13:45:37 
jj1 = 879, max_th = 1.766720e+00, time=2025-04-08 13:47:36 
jj1 = 947, max_th = 1.530318e+00, time=2025-04-08 13:49:43 
jj1 = 819, max_th = 2.158667e+00, time=2025-04-08 13:51:48 
jj1 = 872, max_th = 2.043313e+00, time=2025-04-08 13:51:56 
jj1 = 946, max_th = 8.719963e-01, time=2025-04-08 13:53:22 
jj1 = 871, max_th = 5.767158e-01, time=2025-04-08 13:53:39 
jj1 = 935, max_th = 2.108850e+00, time=2025-04-08 13:55:32 
jj1 = 834, max_th = 1.309147e+00, time=2025-04-08 13:56:02 
jj1 = 852, max_th = 2.211412e+00, time=2025-04-08 13:56:23 
jj1 = 860, max_th = 2.131329e+00, time=2025-04-08 13:58:49 
jj1 = 902, max_th = 2.433171e+00, time=2025-04-08 13:58:49 
jj1 = 810, max_th = 1.827557e+00, time=2025-04-08 14:03:49 
jj1 = 905, max_th = 1.551200e+00, time=2025-04-08 14:04:04 
jj1 = 901, max_th = 1.266376e+00, time=2025-04-08 14:10:17 
jj1 = 840, max_th = 2.271280e+00, time=2025-04-08 14:11:09 
jj1 = 859, max_th = 2.526886e+00, time=2025-04-08 14:13:41 
jj1 = 945, max_th = 2.150229e+00, time=2025-04-08 14:14:02 
jj1 = 923, max_th = 2.087994e+00, time=2025-04-08 14:14:42 
jj1 = 904, max_th = 2.640950e+00, time=2025-04-08 14:18:00 
jj1 = 918, max_th = 1.416702e+00, time=2025-04-08 14:18:08 
jj1 = 934, max_th = 2.292904e+00, time=2025-04-08 14:23:37 
jj1 = 833, max_th = 1.673403e+00, time=2025-04-08 14:24:33 
jj1 = 839, max_th = 3.259334e+00, time=2025-04-08 14:25:26 
jj1 = 809, max_th = 1.607728e+00, time=2025-04-08 14:27:07 
jj1 = 870, max_th = 2.132894e+00, time=2025-04-08 14:27:26 
jj1 = 943, max_th = 1.368558e+00, time=2025-04-08 14:30:11 
jj1 = 900, max_th = 1.847906e+00, time=2025-04-08 14:31:46 
jj1 = 851, max_th = 2.129406e+00, time=2025-04-08 14:32:26 
jj1 = 968, max_th = 1.381445e+00, time=2025-04-08 14:33:27 
jj1 = 928, max_th = 1.146940e+00, time=2025-04-08 14:36:37 
jj1 = 944, max_th = 2.144516e+00, time=2025-04-08 14:38:11 
jj1 = 942, max_th = 2.653365e+00, time=2025-04-08 14:39:39 
jj1 = 869, max_th = 2.625281e+00, time=2025-04-08 14:42:08 
jj1 = 964, max_th = 8.660779e-01, time=2025-04-08 14:42:11 
jj1 = 832, max_th = 1.457899e+00, time=2025-04-08 14:42:22 
jj1 = 917, max_th = 2.411974e+00, time=2025-04-08 14:45:00 
jj1 = 899, max_th = 2.554341e+00, time=2025-04-08 14:47:37 
jj1 = 922, max_th = 1.616728e+00, time=2025-04-08 14:48:12 
jj1 = 960, max_th = 1.844185e+00, time=2025-04-08 14:53:02 
jj1 = 927, max_th = 1.525869e+00, time=2025-04-08 14:58:16 
jj1 = 963, max_th = 1.587313e+00, time=2025-04-08 15:02:43 
jj1 = 850, max_th = 2.098188e+00, time=2025-04-08 15:03:28 
jj1 = 952, max_th = 1.705709e+00, time=2025-04-08 15:04:50 
jj1 = 967, max_th = 2.164991e+00, time=2025-04-08 15:05:40 
jj1 = 941, max_th = 2.103246e+00, time=2025-04-08 15:06:12 
jj1 = 921, max_th = 1.707296e+00, time=2025-04-08 15:07:33 
jj1 = 913, max_th = 2.136571e+00, time=2025-04-08 15:11:33 
jj1 = 959, max_th = 2.622193e+00, time=2025-04-08 15:12:53 
jj1 = 912, max_th = 3.045105e+00, time=2025-04-08 15:13:48 
jj1 = 926, max_th = 2.632777e+00, time=2025-04-08 15:14:52 
jj1 = 916, max_th = 2.040170e+00, time=2025-04-08 15:17:03 
jj1 = 831, max_th = 2.320741e+00, time=2025-04-08 15:17:13 
jj1 = 972, max_th = 1.783433e+00, time=2025-04-08 15:19:12 
jj1 = 915, max_th = 1.007640e+00, time=2025-04-08 15:23:56 
jj1 = 849, max_th = 2.428912e+00, time=2025-04-08 15:24:08 
jj1 = 966, max_th = 2.245327e+00, time=2025-04-08 15:27:46 
jj1 = 962, max_th = 2.320721e+00, time=2025-04-08 15:28:26 
jj1 = 951, max_th = 1.866109e+00, time=2025-04-08 15:28:43 
jj1 = 940, max_th = 1.647216e+00, time=2025-04-08 15:30:00 
jj1 = 911, max_th = 2.561192e+00, time=2025-04-08 15:32:05 
jj1 = 939, max_th = 3.114473e+00, time=2025-04-08 15:33:15 
jj1 = 933, max_th = 1.157761e+00, time=2025-04-08 15:34:50 
jj1 = 932, max_th = 7.391878e-01, time=2025-04-08 15:38:02 
jj1 = 920, max_th = 1.692674e+00, time=2025-04-08 15:38:23 
jj1 = 925, max_th = 1.748556e+00, time=2025-04-08 15:39:22 
jj1 = 958, max_th = 1.786587e+00, time=2025-04-08 15:41:52 
jj1 = 971, max_th = 1.806723e+00, time=2025-04-08 15:43:57 
jj1 = 914, max_th = 2.287794e+00, time=2025-04-08 15:47:28 
jj1 = 830, max_th = 2.053928e+00, time=2025-04-08 15:48:57 
jj1 = 965, max_th = 1.760636e+00, time=2025-04-08 15:49:18 
jj1 = 950, max_th = 2.417575e+00, time=2025-04-08 15:50:45 
jj1 = 919, max_th = 2.366921e+00, time=2025-04-08 15:54:18 
jj1 = 961, max_th = 1.843940e+00, time=2025-04-08 15:55:17 
jj1 = 924, max_th = 2.657672e+00, time=2025-04-08 15:56:54 
jj1 = 976, max_th = 3.015242e+00, time=2025-04-08 15:57:23 
jj1 = 984, max_th = 1.806686e+00, time=2025-04-08 15:58:12 
jj1 = 910, max_th = 2.240130e+00, time=2025-04-08 15:59:30 
jj1 = 957, max_th = 1.660933e+00, time=2025-04-08 15:59:49 
jj1 = 970, max_th = 2.247557e+00, time=2025-04-08 16:03:01 
jj1 = 931, max_th = 1.740137e+00, time=2025-04-08 16:03:20 
jj1 = 829, max_th = 2.439872e+00, time=2025-04-08 16:04:21 
jj1 = 980, max_th = 2.243746e+00, time=2025-04-08 16:08:14 
jj1 = 992, max_th = 2.695360e+00, time=2025-04-08 16:10:48 
jj1 = 998, max_th = 1.748176e+00, time=2025-04-08 16:11:19 
jj1 = 988, max_th = 1.774274e+00, time=2025-04-08 16:11:45 
jj1 = 996, max_th = 1.426050e+00, time=2025-04-08 16:12:19 
jj1 = 949, max_th = 1.867118e+00, time=2025-04-08 16:15:04 
jj1 = 979, max_th = 1.304155e+00, time=2025-04-08 16:16:30 
jj1 = 983, max_th = 1.860981e+00, time=2025-04-08 16:18:58 
jj1 = 975, max_th = 2.125238e+00, time=2025-04-08 16:19:32 
jj1 = 930, max_th = 2.430016e+00, time=2025-04-08 16:19:34 
jj1 = 909, max_th = 2.373977e+00, time=2025-04-08 16:20:23 
jj1 = 956, max_th = 2.260899e+00, time=2025-04-08 16:20:43 
jj1 = 991, max_th = 2.415540e+00, time=2025-04-08 16:24:42 
jj1 = 969, max_th = 2.019700e+00, time=2025-04-08 16:26:01 
jj1 = 995, max_th = 1.694640e+00, time=2025-04-08 16:29:10 
jj1 = 974, max_th = 1.205845e+00, time=2025-04-08 16:30:31 
jj1 = 982, max_th = 1.602188e+00, time=2025-04-08 16:31:16 
jj1 = 955, max_th = 2.630383e+00, time=2025-04-08 16:33:16 
jj1 = 997, max_th = 1.643343e+00, time=2025-04-08 16:33:35 
jj1 = 987, max_th = 1.886949e+00, time=2025-04-08 16:33:36 
jj1 = 999, max_th = 1.971584e+00, time=2025-04-08 16:34:00 
jj1 = 981, max_th = 2.943753e+00, time=2025-04-08 16:35:04 
jj1 = 978, max_th = 1.845741e+00, time=2025-04-08 16:36:22 
jj1 = 990, max_th = 1.432562e+00, time=2025-04-08 16:37:53 
jj1 = 929, max_th = 1.679822e+00, time=2025-04-08 16:38:24 
jj1 = 994, max_th = 2.436224e+00, time=2025-04-08 16:41:58 
jj1 = 986, max_th = 1.488258e+00, time=2025-04-08 16:42:44 
jj1 = 1000, max_th = 1.964366e+00, time=2025-04-08 16:43:13 
jj1 = 973, max_th = 1.586985e+00, time=2025-04-08 16:44:06 
jj1 = 954, max_th = 1.931247e+00, time=2025-04-08 16:44:47 
jj1 = 993, max_th = 2.750360e+00, time=2025-04-08 16:45:24 
jj1 = 989, max_th = 2.317678e+00, time=2025-04-08 16:47:42 
jj1 = 977, max_th = 2.502676e+00, time=2025-04-08 16:47:46 
jj1 = 985, max_th = 2.198926e+00, time=2025-04-08 16:50:06 
jj1 = 953, max_th = 1.881964e+00, time=2025-04-08 16:55:23 
>> >> >> >> >> >> >> >> >> 