MATLAB is selecting SOFTWARE OPENGL rendering.

                            < M A T L A B (R) >
                  Copyright 1984-2021 The MathWorks, Inc.
                  R2021b (9.11.0.1769968) 64-bit (glnxa64)
                             September 17, 2021

 
To get started, type doc.
For product information, visit www.mathworks.com.
 
>> >> >> >> >> >> >> >> >> >> >> >> >> >> >> >> >> >> >> Starting parallel pool (parpool) using the 'local' profile ...
[Warning: A task was unexpectedly found in state: Unavailable.] 
[> In parallel.cluster.Local/deriveJobStateFromTasks (line 29)
In parallel.cluster/Local/getJobState (line 174)
In parallel.cluster/CJSCluster/hGetJobState (line 375)
In parallel.internal.cluster/CJSJobMixin/hGetStateEnum (line 175)
In parallel/Job/get.StateEnum (line 247)
In parallel/Job/get.State (line 239)
In parallel.internal.customattr.CustomGetSet>iVectorisedGetHelper (line 128)
In parallel.internal.customattr.CustomGetSet>@(a,b,c)iVectorisedGetHelper(obj,a,b,c) (line 102)
In parallel.internal.customattr/CustomGetSet/doVectorisedGet (line 103)
In parallel.internal.customattr/CustomGetSet/hVectorisedGet (line 76)
In parallel.internal.customattr.GetSetImpl>iAccessProperties (line 322)
In parallel.internal.customattr.GetSetImpl>iGetAllPropertiesVec (line 264)
In parallel.internal.customattr/GetSetImpl/getImpl (line 133)
In parallel.internal.customattr.CustomGetSet>iHetFunGetFunction (line 154)
In parallel.internal.customattr.CustomGetSet>@(o)iHetFunGetFunction(o,props) (line 139)
In parallel.internal.cluster.hetfun (line 46)
In parallel.internal.customattr.CustomGetSet>iHetFunGetProperty (line 139)
In parallel.internal.customattr/CustomGetSet/get (line 38)
In parallel.internal.pool/AbstractInteractiveClient/pRemoveOldJobs (line 211)
In parallel.internal.pool/AbstractInteractiveClient/start (line 103)
In parallel.internal.pool.AbstractClusterPool>iStartClient (line 831)
In parallel.internal.pool/AbstractClusterPool/hBuildPool (line 585)
In parallel.internal.pool.doParpool (line 22)
In parpool (line 123)
In parallel.internal.parpool.getOrCreateCurrentPool (line 17)
In parallel.internal.pool/PoolArrayManager/getOrAutoCreateWithCleanup (line 44)
In pctTryCreatePoolIfNecessary (line 28)
In parallel_function (line 423)
In fn_measure (line 41)] 
Connected to the parallel pool (number of workers: 12).
Error of vP is 5.551715e-08 
Error of vP is 6.174307e-08 
Error of vP is 6.649066e-08 
Error of vP is 7.755879e-08 
Error of vP is 5.122040e-08 
Error of vP is 1.219564e-07 
Error of vP is 7.619781e-08 
Error of vP is 8.477164e-08 
Error of vP is 6.644766e-08 
Error of vP is 7.541708e-08 
Error of vP is 1.034338e-07 
Error of vP is 6.984984e-08 
Error of vP is 9.037115e-08 
Error of vP is 5.032055e-08 
Error of vP is 5.093458e-08 
Error of vP is 8.012895e-08 
Error of vP is 1.255828e-07 
Error of vP is 7.175060e-08 
Error of vP is 5.768486e-08 
Error of vP is 8.095368e-08 
Error of vP is 1.248475e-07 
Error of vP is 9.796074e-08 
Error of vP is 1.541243e-07 
Error of vP is 7.987594e-08 
Error of vP is 5.843985e-08 
Error of vP is 6.961573e-08 
Error of vP is 8.558153e-08 
Error of vP is 6.504045e-08 
Error of vP is 7.327701e-08 
Error of vP is 8.466742e-08 
Error of vP is 1.085401e-07 
Error of vP is 6.270582e-08 
Error of vP is 7.961456e-08 
Error of vP is 5.137879e-08 
Error of vP is 5.502966e-08 
Error of vP is 5.869035e-08 
Error of vP is 5.445897e-08 
Error of vP is 5.006080e-08 
Error of vP is 9.354749e-08 
Error of vP is 5.024778e-08 
Error of vP is 9.472196e-08 
Error of vP is 8.110222e-08 
Error of vP is 5.343164e-08 
Error of vP is 5.159022e-08 
Error of vP is 8.390940e-08 
Error of vP is 7.082247e-08 
Error of vP is 7.512601e-08 
Error of vP is 1.520589e-07 
Error of vP is 7.258535e-08 
Error of vP is 1.168939e-07 
Error of vP is 1.154136e-07 
Error of vP is 6.252058e-08 
Error of vP is 1.120918e-07 
Error of vP is 5.733914e-08 
Error of vP is 1.003209e-07 
Error of vP is 5.565522e-08 
Error of vP is 9.827297e-08 
Error of vP is 7.919922e-08 
Error of vP is 7.943385e-08 
Error of vP is 5.427297e-08 
Error of vP is 1.374654e-07 
Error of vP is 8.924541e-08 
Error of vP is 7.180771e-08 
Error of vP is 5.790613e-08 
Error of vP is 1.270897e-07 
Error of vP is 2.274752e-07 
Error of vP is 6.642737e-08 
Error of vP is 1.010906e-07 
Error of vP is 5.087637e-08 
Error of vP is 9.651606e-08 
Error of vP is 6.919932e-08 
Error of vP is 1.057259e-07 
Error of vP is 1.189139e-07 
Error of vP is 9.961111e-08 
Error of vP is 7.601790e-08 
Error of vP is 8.992522e-08 
Error of vP is 5.182677e-08 
Error of vP is 6.501312e-08 
Error of vP is 1.363577e-07 
Error of vP is 7.745083e-08 
Error of vP is 6.934587e-08 
Error of vP is 1.180684e-07 
Error of vP is 1.819631e-07 
Error of vP is 7.431919e-08 
Error of vP is 1.355698e-07 
Error of vP is 5.528727e-08 
Error of vP is 7.480338e-08 
Error of vP is 7.621066e-08 
Error of vP is 8.537352e-08 
Error of vP is 6.131720e-08 
Error of vP is 9.061021e-08 
Error of vP is 5.642234e-08 
Error of vP is 1.717441e-07 
Error of vP is 1.073415e-07 
Error of vP is 1.116037e-07 
Error of vP is 9.789761e-08 
Error of vP is 7.889073e-08 
Error of vP is 7.580613e-08 
Error of vP is 8.604349e-08 
Error of vP is 9.721384e-08 
Error of vP is 7.072995e-08 
Error of vP is 5.633160e-08 
Error of vP is 1.613213e-07 
Error of vP is 1.004439e-07 
Error of vP is 1.898317e-07 
Error of vP is 1.096883e-07 
Error of vP is 6.661304e-08 
Error of vP is 1.674162e-07 
Error of vP is 2.500912e-07 
Error of vP is 1.450200e-07 
Error of vP is 8.749796e-08 
Error of vP is 5.034113e-08 
Error of vP is 9.163884e-08 
Error of vP is 1.058393e-07 
Error of vP is 1.189762e-07 
Error of vP is 1.670733e-07 
Error of vP is 1.423303e-07 
Error of vP is 1.284078e-07 
Error of vP is 7.208259e-08 
Error of vP is 8.788930e-08 
Error of vP is 5.346546e-08 
Error of vP is 6.777693e-08 
Error of vP is 1.557922e-07 
Error of vP is 1.411658e-07 
Error of vP is 6.135564e-08 
Error of vP is 5.014600e-08 
Error of vP is 9.504338e-08 
Error of vP is 5.582463e-08 
Error of vP is 1.590848e-07 
Error of vP is 1.130070e-07 
Error of vP is 5.165395e-08 
Error of vP is 1.206539e-07 
Error of vP is 1.177801e-07 
Error of vP is 1.079353e-07 
Error of vP is 5.088361e-08 
Error of vP is 9.401075e-08 
Error of vP is 1.227226e-07 
Error of vP is 1.250234e-07 
Error of vP is 1.412618e-07 
Error of vP is 1.310244e-07 
Error of vP is 1.953332e-07 
Error of vP is 2.154786e-07 
Error of vP is 6.969880e-08 
Error of vP is 6.907492e-08 
Error of vP is 2.261357e-07 
Error of vP is 9.954183e-08 
Error of vP is 6.034605e-08 
Error of vP is 4.067909e-07 
Error of vP is 1.126375e-07 
Error of vP is 1.059147e-07 
Error of vP is 1.092980e-07 
Error of vP is 1.165357e-07 
Error of vP is 5.441661e-08 
Error of vP is 1.851197e-07 
Error of vP is 6.985865e-08 
Error of vP is 6.305083e-08 
Error of vP is 5.706755e-08 
Error of vP is 6.945974e-08 
Error of vP is 8.925356e-08 
Error of vP is 5.779712e-08 
Error of vP is 6.111457e-08 
Error of vP is 2.651934e-07 
Error of vP is 9.051889e-08 
Error of vP is 2.325218e-07 
Error of vP is 8.898471e-08 
Error of vP is 1.069095e-07 
Error of vP is 1.504803e-07 
Error of vP is 1.308796e-07 
Error of vP is 1.983364e-07 
Error of vP is 2.821113e-07 
Error of vP is 3.001263e-07 
Error of vP is 7.519819e-08 
Error of vP is 1.145873e-07 
Error of vP is 1.716426e-07 
Error of vP is 9.877636e-08 
Error of vP is 1.658031e-07 
Error of vP is 1.677456e-07 
Error of vP is 9.767462e-08 
Error of vP is 1.298706e-07 
Error of vP is 8.198672e-07 
Error of vP is 1.817704e-07 
Error of vP is 4.271709e-07 
Error of vP is 2.670513e-07 
Error of vP is 6.769888e-07 
Error of vP is 6.628491e-07 
Error of vP is 4.783668e-07 
Error of vP is 3.183814e-07 
Error of vP is 1.412387e-07 
Error of vP is 3.312047e-07 
Error of vP is 7.246902e-08 
Error of vP is 4.254094e-07 
Error of vP is 2.125794e-07 
Error of vP is 1.774945e-06 
Error of vP is 1.192151e-06 
Error of vP is 1.168723e-06 
Error of vP is 5.653844e-07 
Error of vP is 1.500913e-06 
Error of vP is 7.790848e-07 
Error of vP is 7.669589e-07 
Error of vP is 1.865207e-07 
Error of vP is 2.380430e-06 
Error of vP is 1.789371e-07 
Error of vP is 2.108387e-07 
Error of vP is 1.181258e-06 
Error of vP is 3.744385e-07 
Error of vP is 1.278171e-07 
Error of vP is 6.585718e-07 
Error of vP is 2.444563e-07 
Error of vP is 3.901301e-07 
Error of vP is 6.852016e-07 
Error of vP is 4.743088e-07 
Error of vP is 1.632990e-07 
Error of vP is 9.928395e-07 
Error of vP is 9.727067e-07 
Error of vP is 9.593778e-07 
Error of vP is 1.264222e-06 
Error of vP is 9.139220e-07 
Error of vP is 2.522205e-07 
Error of vP is 1.346756e-06 
Error of vP is 3.428649e-07 
Error of vP is 1.413947e-06 
Error of vP is 1.118652e-06 
Error of vP is 9.551032e-07 
Error of vP is 3.393487e-07 
Error of vP is 6.167623e-08 
Error of vP is 6.679953e-08 
Error of vP is 6.803527e-08 
Error of vP is 5.088994e-08 
Error of vP is 8.676741e-08 
Error of vP is 5.716391e-08 
Error of vP is 5.376865e-08 
Error of vP is 8.098607e-08 
Error of vP is 5.634661e-08 
Error of vP is 8.246948e-08 
Error of vP is 9.391135e-08 
Error of vP is 8.287943e-08 
Error of vP is 6.556513e-08 
Error of vP is 6.108463e-08 
Error of vP is 9.370343e-08 
Error of vP is 5.463203e-08 
Error of vP is 1.049931e-07 
Error of vP is 6.071150e-08 
Error of vP is 6.660810e-08 
Error of vP is 8.920957e-08 
Error of vP is 6.451399e-08 
Error of vP is 6.904846e-08 
Error of vP is 5.337390e-08 
Error of vP is 8.563826e-08 
Error of vP is 9.737167e-08 
Error of vP is 1.004226e-07 
Error of vP is 9.414593e-08 
Error of vP is 6.147254e-08 
Error of vP is 8.368359e-08 
Error of vP is 7.050348e-08 
Error of vP is 1.096025e-07 
Error of vP is 7.905852e-08 
Error of vP is 5.445153e-08 
Error of vP is 6.441899e-08 
Error of vP is 5.447366e-08 
Error of vP is 7.054260e-08 
Error of vP is 1.030569e-07 
Error of vP is 7.840290e-08 
Error of vP is 6.276507e-08 
Error of vP is 7.320259e-08 
Error of vP is 8.302634e-08 
Error of vP is 6.831750e-08 
Error of vP is 7.824253e-08 
Error of vP is 5.044650e-08 
Error of vP is 5.739703e-08 
Error of vP is 6.073554e-08 
Error of vP is 7.303064e-08 
Error of vP is 7.963841e-08 
Error of vP is 7.566589e-08 
Error of vP is 9.891746e-08 
Error of vP is 7.693897e-08 
Error of vP is 6.596838e-08 
Error of vP is 1.097123e-07 
Error of vP is 6.859818e-08 
Error of vP is 7.620636e-08 
Error of vP is 5.887014e-08 
Error of vP is 5.775091e-08 
Error of vP is 9.538204e-08 
Error of vP is 8.113912e-08 
Error of vP is 6.492954e-08 
Error of vP is 7.137572e-08 
Error of vP is 1.065055e-07 
Error of vP is 9.403033e-08 
Error of vP is 7.511248e-08 
Error of vP is 1.417834e-07 
Error of vP is 1.036085e-07 
Error of vP is 1.026938e-07 
Error of vP is 5.160804e-08 
Error of vP is 5.991973e-08 
Error of vP is 5.802826e-08 
Error of vP is 6.331348e-08 
Error of vP is 5.259547e-08 
Error of vP is 5.284793e-08 
Error of vP is 7.000947e-08 
Error of vP is 1.214123e-07 
Error of vP is 1.193872e-07 
Error of vP is 1.188424e-07 
Error of vP is 1.302894e-07 
Error of vP is 5.684584e-08 
Error of vP is 7.974565e-08 
Error of vP is 7.443081e-08 
Error of vP is 1.118371e-07 
Error of vP is 6.668153e-08 
Error of vP is 5.011489e-08 
Error of vP is 7.585977e-08 
Error of vP is 1.388465e-07 
Error of vP is 8.882942e-08 
Error of vP is 6.695914e-08 
Error of vP is 9.487500e-08 
Error of vP is 1.001301e-07 
Error of vP is 9.022649e-08 
Error of vP is 6.184576e-08 
Error of vP is 5.451951e-08 
Error of vP is 7.379756e-08 
Error of vP is 8.760535e-08 
Error of vP is 1.304529e-07 
Error of vP is 8.708588e-08 
Error of vP is 6.757727e-08 
Error of vP is 5.350705e-08 
Error of vP is 5.023235e-08 
Error of vP is 1.029017e-07 
Error of vP is 6.434329e-08 
Error of vP is 5.861587e-08 
Error of vP is 8.893102e-08 
Error of vP is 5.036622e-08 
Error of vP is 9.639698e-08 
Error of vP is 8.623572e-08 
Error of vP is 5.739639e-08 
Error of vP is 5.448169e-08 
Error of vP is 9.933195e-08 
Error of vP is 5.157931e-08 
Error of vP is 5.540651e-08 
Error of vP is 6.004153e-08 
Error of vP is 9.126171e-08 
Error of vP is 5.215564e-08 
Error of vP is 1.271640e-07 
Error of vP is 1.102484e-07 
Error of vP is 6.126659e-08 
Error of vP is 5.781006e-08 
Error of vP is 5.394577e-08 
Error of vP is 8.694725e-08 
Error of vP is 9.057085e-08 
Error of vP is 6.711077e-08 
Error of vP is 7.343335e-08 
Error of vP is 6.428969e-08 
Error of vP is 6.634798e-08 
Error of vP is 6.976438e-08 
Error of vP is 7.250656e-08 
Error of vP is 8.974563e-08 
Error of vP is 5.273390e-08 
Error of vP is 8.280887e-08 
Error of vP is 5.996559e-08 
Error of vP is 8.498751e-08 
Error of vP is 9.296751e-08 
Error of vP is 5.772742e-08 
Error of vP is 6.051873e-08 
Error of vP is 5.079826e-08 
Error of vP is 8.302077e-08 
Error of vP is 1.110983e-07 
Error of vP is 7.001958e-08 
Error of vP is 9.627779e-08 
Error of vP is 1.034520e-07 
Error of vP is 9.141460e-08 
Error of vP is 6.348964e-08 
Error of vP is 8.872526e-08 
Error of vP is 5.046059e-08 
Error of vP is 8.369086e-08 
Error of vP is 5.679140e-08 
Error of vP is 5.503587e-08 
Error of vP is 6.229132e-08 
Error of vP is 1.062810e-07 
Error of vP is 9.125980e-08 
Error of vP is 6.372162e-08 
Error of vP is 6.319185e-08 
Error of vP is 5.779428e-08 
Error of vP is 5.217417e-08 
Error of vP is 8.146736e-08 
Error of vP is 8.523176e-08 
Error of vP is 7.283622e-08 
Error of vP is 5.322290e-08 
Error of vP is 5.113063e-08 
Error of vP is 7.039307e-08 
Error of vP is 1.010264e-07 
Error of vP is 1.121604e-07 
Error of vP is 1.133870e-07 
Error of vP is 8.384378e-08 
Error of vP is 1.272495e-07 
Error of vP is 5.401900e-08 
Error of vP is 6.618897e-08 
Error of vP is 5.886296e-08 
Error of vP is 8.710584e-08 
Error of vP is 5.006553e-08 
Error of vP is 5.847535e-08 
Error of vP is 9.065024e-08 
Error of vP is 7.619055e-08 
Error of vP is 5.687476e-08 
Error of vP is 6.633712e-08 
Error of vP is 8.367637e-08 
Error of vP is 9.901652e-08 
Error of vP is 6.156670e-08 
Error of vP is 1.403101e-07 
Error of vP is 5.799873e-08 
Error of vP is 1.026948e-07 
Error of vP is 8.370179e-08 
Error of vP is 1.396492e-07 
Error of vP is 8.512421e-08 
Error of vP is 5.649691e-08 
Error of vP is 1.184961e-07 
Error of vP is 6.197238e-08 
Error of vP is 9.476790e-08 
Error of vP is 6.264386e-08 
Error of vP is 1.379629e-07 
Error of vP is 7.971299e-08 
Error of vP is 7.740341e-08 
Error of vP is 7.471638e-08 
Error of vP is 7.715889e-08 
Error of vP is 9.491300e-08 
Error of vP is 7.340448e-08 
Error of vP is 1.293309e-07 
Error of vP is 7.581281e-08 
Error of vP is 5.936283e-08 
Error of vP is 9.722039e-08 
Error of vP is 5.269127e-08 
Error of vP is 9.222481e-08 
Error of vP is 1.049038e-07 
Error of vP is 1.053045e-07 
Error of vP is 1.451883e-07 
Error of vP is 5.495086e-08 
Error of vP is 1.049540e-07 
Error of vP is 1.440072e-07 
Error of vP is 1.756373e-07 
Error of vP is 6.415186e-08 
Error of vP is 1.089758e-07 
Error of vP is 1.182203e-07 
Error of vP is 1.092518e-07 
Error of vP is 1.769328e-07 
Error of vP is 7.338648e-08 
Error of vP is 5.875254e-08 
Error of vP is 2.191663e-07 
Error of vP is 1.637963e-07 
Error of vP is 8.628894e-08 
Error of vP is 8.734110e-08 
Error of vP is 9.651775e-08 
Error of vP is 6.910578e-08 
Error of vP is 1.207510e-07 
Error of vP is 9.218705e-08 
Error of vP is 5.471634e-08 
Error of vP is 1.410769e-07 
Error of vP is 6.256726e-08 
Error of vP is 1.115031e-07 
Error of vP is 6.238512e-08 
Error of vP is 5.024914e-08 
Error of vP is 5.639200e-08 
Error of vP is 7.907931e-08 
Error of vP is 6.793467e-08 
Error of vP is 7.221025e-08 
Error of vP is 8.055437e-08 
Error of vP is 5.183212e-08 
Error of vP is 5.910359e-08 
Error of vP is 5.102092e-08 
Error of vP is 5.084856e-08 
Error of vP is 5.060155e-08 
Error of vP is 6.526665e-08 
Error of vP is 5.148763e-08 
Error of vP is 5.170334e-08 
Error of vP is 9.102906e-08 
Error of vP is 6.371012e-08 
Error of vP is 7.110685e-08 
Error of vP is 1.637630e-07 
Error of vP is 1.107849e-07 
Error of vP is 7.569379e-08 
Error of vP is 1.352253e-07 
Error of vP is 5.201033e-08 
Error of vP is 8.591985e-08 
Error of vP is 2.019145e-07 
Error of vP is 5.187805e-08 
Error of vP is 1.213687e-07 
Error of vP is 2.125798e-07 
Error of vP is 6.165069e-08 
Error of vP is 1.559045e-07 
Error of vP is 1.322224e-07 
Error of vP is 8.149608e-08 
Error of vP is 5.204138e-08 
Error of vP is 2.278895e-07 
Error of vP is 6.537701e-08 
Error of vP is 1.768004e-07 
Error of vP is 2.260241e-07 
Error of vP is 1.142061e-07 
Error of vP is 1.492196e-07 
Error of vP is 2.240954e-07 
Error of vP is 4.908234e-07 
Error of vP is 1.926798e-07 
Error of vP is 1.006205e-07 
Error of vP is 1.395011e-07 
Error of vP is 1.029055e-07 
Error of vP is 8.864420e-08 
Error of vP is 1.322034e-07 
Error of vP is 2.899467e-07 
Error of vP is 1.301215e-07 
Error of vP is 6.313714e-08 
Error of vP is 1.672627e-07 
Error of vP is 7.596485e-08 
Error of vP is 1.367253e-07 
Error of vP is 2.991557e-07 
Error of vP is 2.170364e-07 
Error of vP is 3.788089e-07 
Error of vP is 5.748621e-07 
Error of vP is 5.367070e-08 
Error of vP is 3.334245e-07 
Error of vP is 3.376671e-07 
Error of vP is 1.919785e-07 
Error of vP is 1.757530e-07 
Error of vP is 3.010633e-07 
Error of vP is 3.562286e-07 
Error of vP is 5.054847e-08 
Error of vP is 2.793602e-07 
Error of vP is 5.085413e-07 
Error of vP is 2.323134e-07 
Error of vP is 3.275235e-07 
Error of vP is 2.178422e-07 
Error of vP is 1.171239e-07 
Error of vP is 2.289430e-07 
Error of vP is 7.781492e-08 
Error of vP is 4.467184e-07 
Error of vP is 9.152610e-08 
Error of vP is 8.512254e-08 
Error of vP is 7.058403e-08 
Error of vP is 1.571697e-07 
Error of vP is 4.590567e-07 
Error of vP is 2.242957e-07 
Error of vP is 1.519423e-07 
Error of vP is 7.315712e-07 
Error of vP is 7.150228e-08 
Error of vP is 2.516057e-07 
Error of vP is 6.112178e-07 
Error of vP is 8.279206e-08 
Error of vP is 4.080910e-07 
Error of vP is 3.523078e-07 
Error of vP is 4.035467e-07 
Error of vP is 7.184846e-08 
Error of vP is 6.969395e-08 
Error of vP is 2.550786e-07 
Error of vP is 1.303491e-07 
Error of vP is 2.367065e-07 
Error of vP is 5.330653e-08 
Error of vP is 1.198579e-07 
Error of vP is 3.496997e-07 
Error of vP is 1.191347e-07 
Error of vP is 7.664785e-07 
Error of vP is 1.590038e-07 
Error of vP is 1.102223e-07 
Error of vP is 2.109125e-07 
Error of vP is 5.909084e-07 
Error of vP is 1.698040e-07 
Error of vP is 3.256707e-07 
Error of vP is 1.649485e-07 
Error of vP is 4.294045e-07 
Error of vP is 1.984427e-07 
Error of vP is 1.957605e-07 
Error of vP is 4.947629e-07 
Error of vP is 1.231847e-07 
Error of vP is 1.672169e-07 
Error of vP is 2.899847e-07 
Error of vP is 4.126440e-07 
Error of vP is 2.142225e-07 
Error of vP is 3.229842e-07 
Error of vP is 2.443149e-07 
Error of vP is 1.823487e-07 
Error of vP is 2.817294e-07 
Error of vP is 4.522006e-07 
Error of vP is 6.749150e-07 
Error of vP is 5.927680e-08 
Error of vP is 3.822647e-07 
Error of vP is 3.548641e-07 
Error of vP is 5.856688e-07 
Error of vP is 1.346915e-07 
Error of vP is 6.335099e-07 
Error of vP is 6.409313e-07 
Error of vP is 5.623559e-07 
Error of vP is 3.134191e-07 
Error of vP is 1.108809e-07 
Error of vP is 8.461184e-07 
Error of vP is 3.091067e-07 
Error of vP is 4.287645e-07 
Error of vP is 6.557623e-08 
Error of vP is 3.081360e-07 
Error of vP is 2.512480e-07 
Error of vP is 1.726961e-07 
Error of vP is 2.070516e-07 
Error of vP is 5.161780e-08 
Error of vP is 4.078782e-07 
Error of vP is 2.090093e-07 
Error of vP is 5.937190e-08 
Error of vP is 6.561343e-07 
Error of vP is 2.099895e-07 
Error of vP is 3.234009e-07 
Error of vP is 4.169385e-07 
Error of vP is 3.446467e-07 
Error of vP is 5.571748e-07 
Error of vP is 6.764140e-08 
Error of vP is 2.606243e-07 
Error of vP is 3.997025e-07 
Error of vP is 1.817874e-07 
Error of vP is 5.026062e-07 
Error of vP is 1.208944e-07 
Error of vP is 1.839443e-07 
Error of vP is 8.989528e-08 
Error of vP is 1.249863e-07 
Error of vP is 3.412069e-07 
Error of vP is 2.753232e-07 
Error of vP is 6.135407e-08 
Error of vP is 7.870057e-08 
Error of vP is 9.266553e-08 
Error of vP is 5.964982e-08 
Error of vP is 5.491203e-08 
Error of vP is 7.239702e-08 
Error of vP is 6.277347e-08 
Error of vP is 6.283024e-08 
Error of vP is 5.108185e-08 
Error of vP is 8.109351e-08 
Error of vP is 5.525258e-08 
Error of vP is 7.593067e-08 
Error of vP is 1.137409e-07 
Error of vP is 5.704664e-08 
Error of vP is 1.034515e-07 
Error of vP is 9.160367e-08 
Error of vP is 5.066791e-08 
Error of vP is 6.631039e-08 
Error of vP is 5.731784e-08 
Error of vP is 6.736313e-08 
Error of vP is 6.487391e-08 
Error of vP is 7.927780e-08 
Error of vP is 5.325483e-08 
Error of vP is 7.055864e-08 
Error of vP is 1.763443e-07 
Error of vP is 1.028671e-07 
Error of vP is 6.719240e-08 
Error of vP is 6.788064e-08 
Error of vP is 9.705963e-08 
Error of vP is 9.551330e-08 
Error of vP is 5.052965e-08 
Error of vP is 5.648668e-08 
Error of vP is 7.103998e-08 
Error of vP is 5.377662e-08 
Error of vP is 7.951923e-08 
Error of vP is 7.041114e-08 
Error of vP is 5.423762e-08 
Error of vP is 6.622491e-08 
Error of vP is 7.655507e-08 
Error of vP is 5.095821e-08 
Error of vP is 7.268674e-08 
Error of vP is 5.984709e-08 
Error of vP is 7.541165e-08 
Error of vP is 7.691370e-08 
Error of vP is 1.178274e-07 
Error of vP is 5.778108e-08 
Error of vP is 5.388160e-08 
Error of vP is 6.377657e-08 
Error of vP is 1.465830e-07 
Error of vP is 2.027989e-07 
Error of vP is 2.416506e-07 
Error of vP is 7.579620e-08 
Error of vP is 5.107990e-08 
Error of vP is 1.196662e-07 
Error of vP is 1.617047e-07 
Error of vP is 1.733166e-07 
Error of vP is 1.403552e-07 
Error of vP is 7.319945e-08 
Error of vP is 1.178662e-07 
Error of vP is 1.777906e-07 
Error of vP is 1.358758e-07 
Error of vP is 1.313333e-07 
Error of vP is 7.055943e-08 
Error of vP is 1.396504e-07 
Error of vP is 2.034388e-07 
Error of vP is 2.213049e-07 
Error of vP is 1.418884e-07 
Error of vP is 1.337773e-07 
Error of vP is 3.936820e-07 
Error of vP is 5.065124e-08 
Error of vP is 6.085605e-08 
Error of vP is 5.293448e-08 
Error of vP is 5.424748e-08 
Error of vP is 6.631446e-08 
Error of vP is 5.479923e-08 
Error of vP is 6.492060e-08 
Error of vP is 5.965003e-08 
Error of vP is 5.216064e-08 
Error of vP is 5.309130e-08 
Error of vP is 5.916051e-08 
Error of vP is 1.077067e-07 
Error of vP is 1.840718e-07 
Error of vP is 6.713972e-08 
Error of vP is 5.392592e-08 
Error of vP is 8.064915e-08 
Error of vP is 5.233812e-08 
Error of vP is 7.169719e-08 
Error of vP is 8.487232e-08 
Error of vP is 5.801677e-08 
Error of vP is 9.430718e-08 
Error of vP is 9.061599e-08 
Error of vP is 6.376057e-08 
Error of vP is 5.077108e-08 
Error of vP is 5.286644e-08 
Error of vP is 9.098114e-08 
Error of vP is 5.030044e-08 
Error of vP is 6.802997e-08 
Error of vP is 5.357134e-08 
Error of vP is 6.092899e-08 
Error of vP is 6.262537e-08 
Error of vP is 1.196226e-07 
Error of vP is 6.173223e-08 
Error of vP is 6.541474e-08 
Error of vP is 7.796037e-08 
Error of vP is 6.335413e-08 
Error of vP is 8.566987e-08 
Error of vP is 5.149950e-08 
Error of vP is 1.361542e-07 
Error of vP is 1.375178e-07 
Error of vP is 9.325492e-08 
Error of vP is 7.443278e-08 
Error of vP is 5.866976e-08 
Error of vP is 6.782441e-08 
Error of vP is 5.238566e-08 
Error of vP is 1.306627e-07 
Error of vP is 5.254390e-08 
Error of vP is 1.409962e-07 
Error of vP is 9.251870e-08 
Error of vP is 1.700011e-07 
Error of vP is 5.358404e-08 
Error of vP is 2.346065e-07 
Error of vP is 2.711500e-07 
Error of vP is 2.157844e-07 
Error of vP is 7.471812e-07 
Error of vP is 2.216254e-06 
Error of vP is 1.099828e-06 
Error of vP is 2.717132e-07 
Error of vP is 7.166913e-08 
Error of vP is 5.316664e-07 
Error of vP is 1.259889e-07 
Error of vP is 1.958943e-07 
Error of vP is 5.241488e-07 
Error of vP is 7.447645e-07 
Error of vP is 4.688564e-07 
Error of vP is 6.725171e-07 
Error of vP is 8.222021e-07 
Error of vP is 1.142954e-06 
Error of vP is 4.996318e-07 
Error of vP is 9.186201e-07 
Error of vP is 2.034837e-06 
Error of vP is 1.005554e-06 
Error of vP is 1.119674e-06 
Error of vP is 5.435312e-07 
Error of vP is 1.665837e-07 
Error of vP is 8.722353e-07 
Error of vP is 6.314110e-07 
Error of vP is 2.272891e-07 
Error of vP is 7.007479e-07 
Error of vP is 1.349450e-07 
Error of vP is 2.145689e-07 
Error of vP is 1.657812e-07 
Error of vP is 4.485761e-07 
Error of vP is 9.719270e-08 
Error of vP is 1.258964e-07 
Error of vP is 1.001835e-06 
Error of vP is 8.918217e-08 
Error of vP is 1.240685e-07 
Error of vP is 5.444888e-07 
Error of vP is 1.383816e-07 
Error of vP is 2.164261e-07 
Error of vP is 5.629689e-08 
Error of vP is 2.349076e-07 
Error of vP is 2.687784e-07 
Error of vP is 1.325785e-06 
Error of vP is 5.473909e-07 
Error of vP is 1.181690e-06 
Error of vP is 1.214866e-06 
Error of vP is 1.088634e-06 
Error of vP is 3.610699e-07 
Error of vP is 9.169597e-08 
Error of vP is 9.325662e-07 
Error of vP is 1.723802e-06 
Error of vP is 9.624088e-07 
Error of vP is 6.748382e-07 
Error of vP is 1.687391e-06 
Error of vP is 1.082453e-06 
Error of vP is 1.087272e-06 
Error of vP is 1.818173e-06 
Error of vP is 2.405560e-06 
Error of vP is 5.990403e-07 
Error of vP is 1.128830e-06 
Error of vP is 1.259950e-06 
Error of vP is 4.569392e-07 
Error of vP is 5.773228e-07 
Error of vP is 2.670634e-06 
Error of vP is 1.218817e-06 
Error of vP is 1.280684e-06 
Error of vP is 1.455854e-06 
Error of vP is 1.786166e-06 
Error of vP is 1.178649e-06 
Error of vP is 1.120966e-06 
Error of vP is 9.059906e-07 
Error of vP is 7.970248e-07 
Error of vP is 1.654222e-06 
Error of vP is 1.416308e-07 
Error of vP is 7.053699e-07 
Error of vP is 5.816405e-07 
Error of vP is 2.106797e-06 
Error of vP is 2.507487e-06 
Error of vP is 8.944318e-08 
Error of vP is 5.482233e-08 
Error of vP is 6.098860e-08 
Error of vP is 6.406305e-08 
Error of vP is 6.161832e-08 
Error of vP is 1.032487e-07 
Error of vP is 5.085542e-08 
Error of vP is 5.537947e-08 
Error of vP is 6.912937e-08 
Error of vP is 6.135983e-08 
Error of vP is 1.095652e-07 
Error of vP is 7.327080e-08 
Error of vP is 5.809057e-08 
Error of vP is 8.301945e-08 
Error of vP is 6.656707e-08 
Error of vP is 1.088328e-07 
Error of vP is 7.418956e-08 
Error of vP is 7.466037e-08 
Error of vP is 1.186478e-07 
Error of vP is 5.731031e-08 
Error of vP is 5.783446e-08 
Error of vP is 8.668595e-08 
Error of vP is 5.695074e-08 
Error of vP is 6.196650e-08 
Error of vP is 5.094097e-08 
Error of vP is 1.141064e-07 
Error of vP is 7.335034e-08 
Error of vP is 6.444033e-08 
Error of vP is 6.010612e-08 
Error of vP is 5.183998e-08 
Error of vP is 1.257273e-07 
Error of vP is 8.638315e-08 
Error of vP is 8.759199e-08 
Error of vP is 6.654690e-08 
Error of vP is 3.895939e-07 
Error of vP is 1.793784e-07 
Error of vP is 5.901700e-07 
Error of vP is 8.641153e-08 
Error of vP is 5.229860e-08 
Error of vP is 4.074917e-07 
Error of vP is 1.518989e-07 
Error of vP is 1.737159e-07 
Error of vP is 9.432733e-08 
Error of vP is 5.607883e-08 
Error of vP is 6.361377e-08 
Error of vP is 1.200795e-07 
Error of vP is 7.260527e-08 
Error of vP is 5.389384e-08 
Error of vP is 1.595211e-07 
Error of vP is 1.118515e-07 
Error of vP is 1.107654e-07 
Error of vP is 8.822002e-08 
Error of vP is 1.507185e-07 
Error of vP is 2.186371e-07 
Error of vP is 8.797060e-08 
Error of vP is 6.218600e-08 
Error of vP is 1.545281e-07 
Error of vP is 1.094914e-07 
Error of vP is 1.579809e-07 
Error of vP is 1.079787e-07 
Error of vP is 1.366611e-07 
Error of vP is 1.402382e-07 
Error of vP is 1.468368e-07 
Error of vP is 2.097010e-07 
Error of vP is 9.932977e-08 
Error of vP is 6.318588e-08 
Error of vP is 9.078654e-08 
Error of vP is 3.257013e-07 
Error of vP is 1.499661e-07 
Error of vP is 1.800896e-07 
Error of vP is 6.268506e-08 
Error of vP is 1.221882e-07 
Error of vP is 5.264923e-08 
Error of vP is 1.587098e-07 
Error of vP is 8.384371e-08 
Error of vP is 3.061043e-07 
Error of vP is 8.680507e-08 
>> >> 
endtime =

   3.9685e+04

>> >> >> >> >> >> 