MATLAB is selecting SOFTWARE OPENGL rendering.

                            < M A T L A B (R) >
                  Copyright 1984-2021 The MathWorks, Inc.
                  R2021b (9.11.0.1769968) 64-bit (glnxa64)
                             September 17, 2021

 
To get started, type doc.
For product information, visit www.mathworks.com.
 
>> >> >> >> >> >> >> >> >> >> >> >> >> >> >> >> >> >> >> >> >> >> >> >> >> >> Starting parallel pool (parpool) using the 'local' profile ...
[Warning: A task was unexpectedly found in state: Unavailable.] 
[> In parallel.cluster.Local/deriveJobStateFromTasks (line 29)
In parallel.cluster/Local/getJobState (line 174)
In parallel.cluster/CJSCluster/hGetJobState (line 375)
In parallel.internal.cluster/CJSJobMixin/hGetStateEnum (line 175)
In parallel/Job/get.StateEnum (line 247)
In parallel/Job/get.State (line 239)
In parallel.internal.customattr.CustomGetSet>iVectorisedGetHelper (line 128)
In parallel.internal.customattr.CustomGetSet>@(a,b,c)iVectorisedGetHelper(obj,a,b,c) (line 102)
In parallel.internal.customattr/CustomGetSet/doVectorisedGet (line 103)
In parallel.internal.customattr/CustomGetSet/hVectorisedGet (line 76)
In parallel.internal.customattr.GetSetImpl>iAccessProperties (line 322)
In parallel.internal.customattr.GetSetImpl>iGetAllPropertiesVec (line 264)
In parallel.internal.customattr/GetSetImpl/getImpl (line 133)
In parallel.internal.customattr.CustomGetSet>iHetFunGetFunction (line 154)
In parallel.internal.customattr.CustomGetSet>@(o)iHetFunGetFunction(o,props) (line 139)
In parallel.internal.cluster.hetfun (line 46)
In parallel.internal.customattr.CustomGetSet>iHetFunGetProperty (line 139)
In parallel.internal.customattr/CustomGetSet/get (line 38)
In parallel.internal.pool/AbstractInteractiveClient/pRemoveOldJobs (line 211)
In parallel.internal.pool/AbstractInteractiveClient/start (line 103)
In parallel.internal.pool.AbstractClusterPool>iStartClient (line 831)
In parallel.internal.pool/AbstractClusterPool/hBuildPool (line 585)
In parallel.internal.pool.doParpool (line 22)
In parpool (line 123)
In parallel.internal.parpool.getOrCreateCurrentPool (line 17)
In parallel.internal.pool/PoolArrayManager/getOrAutoCreateWithCleanup (line 44)
In pctTryCreatePoolIfNecessary (line 28)
In parallel_function (line 423)] 
Connected to the parallel pool (number of workers: 12).
jj1 = 30, max_th = -6.121728e-02, time=2025-04-10 19:57:02 
jj1 = 35, max_th = 2.950073e-01, time=2025-04-10 19:59:33 
jj1 = 15, max_th = 1.160597e+00, time=2025-04-10 20:03:31 
jj1 = 50, max_th = 1.909371e+00, time=2025-04-10 20:06:20 
jj1 = 25, max_th = 1.584335e+00, time=2025-04-10 20:08:32 
jj1 = 5, max_th = 1.590725e+00, time=2025-04-10 20:09:02 
jj1 = 34, max_th = 1.163374e+00, time=2025-04-10 20:10:09 
jj1 = 45, max_th = 1.682007e+00, time=2025-04-10 20:11:25 
jj1 = 20, max_th = 1.781393e+00, time=2025-04-10 20:13:15 
jj1 = 55, max_th = 2.170551e+00, time=2025-04-10 20:16:50 
jj1 = 24, max_th = 1.495234e+00, time=2025-04-10 20:16:54 
jj1 = 10, max_th = 1.827727e+00, time=2025-04-10 20:18:30 
jj1 = 40, max_th = 1.216888e+00, time=2025-04-10 20:18:36 
jj1 = 14, max_th = 1.704577e+00, time=2025-04-10 20:22:15 
jj1 = 60, max_th = 2.039827e+00, time=2025-04-10 20:25:02 
jj1 = 49, max_th = 2.223911e+00, time=2025-04-10 20:26:11 
jj1 = 33, max_th = 2.368354e+00, time=2025-04-10 20:26:12 
jj1 = 44, max_th = 1.707335e+00, time=2025-04-10 20:27:49 
jj1 = 54, max_th = 2.250019e+00, time=2025-04-10 20:28:00 
jj1 = 39, max_th = 2.249671e+00, time=2025-04-10 20:28:47 
jj1 = 29, max_th = 2.435199e+00, time=2025-04-10 20:31:49 
jj1 = 38, max_th = -8.946829e-04, time=2025-04-10 20:31:59 
jj1 = 48, max_th = 1.246343e+00, time=2025-04-10 20:31:59 
jj1 = 59, max_th = 2.919564e+00, time=2025-04-10 20:34:53 
jj1 = 23, max_th = 2.420091e+00, time=2025-04-10 20:35:24 
jj1 = 28, max_th = 9.495277e-01, time=2025-04-10 20:36:06 
jj1 = 19, max_th = 2.314121e+00, time=2025-04-10 20:36:21 
jj1 = 4, max_th = 2.159750e+00, time=2025-04-10 20:39:19 
jj1 = 3, max_th = 3.823291e-01, time=2025-04-10 20:39:58 
jj1 = 9, max_th = 1.992666e+00, time=2025-04-10 20:40:25 
jj1 = 2, max_th = 7.272204e-01, time=2025-04-10 20:41:36 
jj1 = 47, max_th = 2.629269e+00, time=2025-04-10 20:41:46 
jj1 = 37, max_th = 1.240825e+00, time=2025-04-10 20:43:20 
jj1 = 32, max_th = 2.224548e+00, time=2025-04-10 20:49:02 
jj1 = 13, max_th = 1.876327e+00, time=2025-04-10 20:49:59 
jj1 = 58, max_th = 2.344078e+00, time=2025-04-10 20:52:25 
jj1 = 27, max_th = 2.444596e+00, time=2025-04-10 20:55:21 
jj1 = 22, max_th = 2.159999e+00, time=2025-04-10 20:58:07 
jj1 = 43, max_th = 1.617722e+00, time=2025-04-10 21:01:12 
jj1 = 53, max_th = 1.915544e+00, time=2025-04-10 21:01:13 
jj1 = 42, max_th = 9.699302e-01, time=2025-04-10 21:02:01 
jj1 = 46, max_th = 2.102074e+00, time=2025-04-10 21:02:16 
jj1 = 8, max_th = 1.993190e+00, time=2025-04-10 21:03:46 
jj1 = 18, max_th = 2.324803e+00, time=2025-04-10 21:04:07 
jj1 = 1, max_th = 2.033770e+00, time=2025-04-10 21:04:08 
jj1 = 57, max_th = 1.334940e+00, time=2025-04-10 21:07:09 
jj1 = 36, max_th = 1.819957e+00, time=2025-04-10 21:08:02 
jj1 = 31, max_th = 1.733516e+00, time=2025-04-10 21:08:59 
jj1 = 26, max_th = 2.559779e+00, time=2025-04-10 21:10:52 
jj1 = 12, max_th = 1.827185e+00, time=2025-04-10 21:14:35 
jj1 = 41, max_th = 2.794640e+00, time=2025-04-10 21:14:57 
jj1 = 21, max_th = 2.049614e+00, time=2025-04-10 21:15:20 
jj1 = 52, max_th = 1.533508e+00, time=2025-04-10 21:15:34 
jj1 = 7, max_th = 1.850541e+00, time=2025-04-10 21:21:12 
jj1 = 17, max_th = 1.593377e+00, time=2025-04-10 21:22:17 
jj1 = 56, max_th = 1.557533e+00, time=2025-04-10 21:24:03 
jj1 = 450, max_th = 2.040032e+00, time=2025-04-10 21:26:17 
jj1 = 333, max_th = 1.470375e+00, time=2025-04-10 21:27:10 
jj1 = 99, max_th = 1.827571e+00, time=2025-04-10 21:29:24 
jj1 = 372, max_th = 2.173798e+00, time=2025-04-10 21:31:19 
jj1 = 51, max_th = 1.637250e+00, time=2025-04-10 21:32:04 
jj1 = 16, max_th = 2.590964e+00, time=2025-04-10 21:34:51 
jj1 = 411, max_th = 1.825603e+00, time=2025-04-10 21:35:39 
jj1 = 294, max_th = 2.110573e+00, time=2025-04-10 21:36:59 
jj1 = 255, max_th = 2.002835e+00, time=2025-04-10 21:37:57 
jj1 = 489, max_th = 1.467456e+00, time=2025-04-10 21:39:54 
jj1 = 98, max_th = 2.520980e+00, time=2025-04-10 21:40:43 
jj1 = 332, max_th = 1.510389e+00, time=2025-04-10 21:41:27 
jj1 = 11, max_th = 2.470375e+00, time=2025-04-10 21:43:38 
jj1 = 449, max_th = 1.714917e+00, time=2025-04-10 21:45:29 
jj1 = 6, max_th = 1.953621e+00, time=2025-04-10 21:45:57 
jj1 = 528, max_th = 2.599270e+00, time=2025-04-10 21:47:20 
jj1 = 254, max_th = 1.545774e+00, time=2025-04-10 21:52:57 
jj1 = 293, max_th = 1.646018e+00, time=2025-04-10 21:54:04 
jj1 = 138, max_th = 2.570687e+00, time=2025-04-10 21:57:59 
jj1 = 488, max_th = 1.952156e+00, time=2025-04-10 21:59:54 
jj1 = 410, max_th = 1.939826e+00, time=2025-04-10 22:00:50 
jj1 = 97, max_th = 1.870664e+00, time=2025-04-10 22:01:37 
jj1 = 331, max_th = 2.154944e+00, time=2025-04-10 22:03:58 
jj1 = 527, max_th = 1.947028e+00, time=2025-04-10 22:04:11 
jj1 = 216, max_th = 2.194098e+00, time=2025-04-10 22:04:21 
jj1 = 487, max_th = 9.393319e-01, time=2025-04-10 22:04:41 
jj1 = 215, max_th = -1.192634e-01, time=2025-04-10 22:05:53 
jj1 = 137, max_th = 2.418334e+00, time=2025-04-10 22:08:16 
jj1 = 177, max_th = 1.829392e+00, time=2025-04-10 22:08:50 
jj1 = 448, max_th = 1.619522e+00, time=2025-04-10 22:11:05 
jj1 = 371, max_th = 1.707557e+00, time=2025-04-10 22:13:14 
jj1 = 292, max_th = 1.518612e+00, time=2025-04-10 22:13:19 
jj1 = 136, max_th = 2.650474e+00, time=2025-04-10 22:14:57 
jj1 = 447, max_th = 2.881752e+00, time=2025-04-10 22:17:46 
jj1 = 253, max_th = 2.109249e+00, time=2025-04-10 22:18:12 
jj1 = 409, max_th = 1.607177e+00, time=2025-04-10 22:19:33 
jj1 = 135, max_th = 2.864491e+00, time=2025-04-10 22:20:22 
jj1 = 526, max_th = 1.706663e+00, time=2025-04-10 22:22:37 
jj1 = 96, max_th = 1.538373e+00, time=2025-04-10 22:25:42 
jj1 = 176, max_th = 1.882573e+00, time=2025-04-10 22:26:08 
jj1 = 330, max_th = 2.171619e+00, time=2025-04-10 22:26:27 
jj1 = 214, max_th = 2.168036e+00, time=2025-04-10 22:27:19 
jj1 = 446, max_th = 2.484524e+00, time=2025-04-10 22:28:27 
jj1 = 525, max_th = 2.753842e+00, time=2025-04-10 22:29:22 
jj1 = 486, max_th = 1.913804e+00, time=2025-04-10 22:30:21 
jj1 = 370, max_th = 1.513858e+00, time=2025-04-10 22:31:13 
jj1 = 252, max_th = 2.202587e+00, time=2025-04-10 22:33:06 
jj1 = 369, max_th = 8.492169e-01, time=2025-04-10 22:33:56 
jj1 = 95, max_th = 2.561935e+00, time=2025-04-10 22:39:20 
jj1 = 291, max_th = 1.916790e+00, time=2025-04-10 22:39:48 
jj1 = 408, max_th = 1.909730e+00, time=2025-04-10 22:40:09 
jj1 = 213, max_th = 1.365210e+00, time=2025-04-10 22:42:20 
jj1 = 407, max_th = 6.807156e-01, time=2025-04-10 22:42:32 
jj1 = 329, max_th = 1.715349e+00, time=2025-04-10 22:43:08 
jj1 = 290, max_th = 5.085523e-01, time=2025-04-10 22:43:41 
jj1 = 175, max_th = 1.653628e+00, time=2025-04-10 22:45:10 
jj1 = 174, max_th = 2.606635e-01, time=2025-04-10 22:46:11 
jj1 = 212, max_th = 6.191125e-01, time=2025-04-10 22:48:15 
jj1 = 134, max_th = 2.076379e+00, time=2025-04-10 22:48:16 
jj1 = 524, max_th = 2.372868e+00, time=2025-04-10 22:48:52 
jj1 = 173, max_th = 3.237178e-03, time=2025-04-10 22:49:38 
jj1 = 445, max_th = 1.697881e+00, time=2025-04-10 22:49:39 
jj1 = 485, max_th = 1.663871e+00, time=2025-04-10 22:51:31 
jj1 = 289, max_th = 2.448840e+00, time=2025-04-10 22:53:37 
jj1 = 444, max_th = 2.687318e+00, time=2025-04-10 22:54:18 
jj1 = 94, max_th = 2.669222e+00, time=2025-04-10 22:54:25 
jj1 = 406, max_th = 1.229916e+00, time=2025-04-10 22:55:18 
jj1 = 251, max_th = 2.283702e+00, time=2025-04-10 23:00:41 
jj1 = 368, max_th = 2.072248e+00, time=2025-04-10 23:00:45 
jj1 = 172, max_th = 2.559202e+00, time=2025-04-10 23:03:56 
jj1 = 93, max_th = 2.458438e+00, time=2025-04-10 23:04:33 
jj1 = 133, max_th = 2.374184e+00, time=2025-04-10 23:05:12 
jj1 = 405, max_th = 2.594080e+00, time=2025-04-10 23:05:50 
jj1 = 211, max_th = 1.924983e+00, time=2025-04-10 23:10:26 
jj1 = 288, max_th = 2.565542e+00, time=2025-04-10 23:11:49 
jj1 = 171, max_th = 1.324017e+00, time=2025-04-10 23:12:26 
jj1 = 523, max_th = 1.782634e+00, time=2025-04-10 23:13:27 
jj1 = 328, max_th = 1.958949e+00, time=2025-04-10 23:14:23 
jj1 = 404, max_th = 1.341598e+00, time=2025-04-10 23:15:29 
jj1 = 484, max_th = 1.869235e+00, time=2025-04-10 23:17:45 
jj1 = 367, max_th = 1.339316e+00, time=2025-04-10 23:18:00 
jj1 = 92, max_th = 2.744959e+00, time=2025-04-10 23:18:37 
jj1 = 210, max_th = 2.719968e+00, time=2025-04-10 23:18:53 
jj1 = 132, max_th = 1.608449e+00, time=2025-04-10 23:26:55 
jj1 = 250, max_th = 2.067017e+00, time=2025-04-10 23:29:09 
jj1 = 170, max_th = 2.436241e+00, time=2025-04-10 23:29:11 
jj1 = 131, max_th = 3.088928e+00, time=2025-04-10 23:30:21 
jj1 = 443, max_th = 1.920918e+00, time=2025-04-10 23:31:45 
jj1 = 327, max_th = 1.852269e+00, time=2025-04-10 23:33:03 
jj1 = 130, max_th = 2.932063e+00, time=2025-04-10 23:34:47 
jj1 = 403, max_th = 1.482724e+00, time=2025-04-10 23:34:49 
jj1 = 249, max_th = 7.601983e-01, time=2025-04-10 23:36:21 
jj1 = 483, max_th = 2.438525e+00, time=2025-04-10 23:36:58 
jj1 = 522, max_th = 2.358335e+00, time=2025-04-10 23:38:17 
jj1 = 248, max_th = 3.103182e+00, time=2025-04-10 23:38:34 
jj1 = 209, max_th = 1.773117e+00, time=2025-04-10 23:41:09 
jj1 = 442, max_th = 2.346142e+00, time=2025-04-10 23:43:28 
jj1 = 482, max_th = 1.112622e+00, time=2025-04-10 23:44:44 
jj1 = 366, max_th = 1.328084e+00, time=2025-04-10 23:48:09 
jj1 = 91, max_th = 1.793388e+00, time=2025-04-10 23:49:17 
jj1 = 326, max_th = 2.118034e+00, time=2025-04-10 23:51:11 
jj1 = 129, max_th = 2.352212e+00, time=2025-04-10 23:52:29 
jj1 = 208, max_th = 1.239996e+00, time=2025-04-10 23:53:24 
jj1 = 325, max_th = 3.009516e+00, time=2025-04-10 23:54:21 
jj1 = 169, max_th = 2.177107e+00, time=2025-04-10 23:55:45 
jj1 = 287, max_th = 2.159100e+00, time=2025-04-11 00:01:26 
jj1 = 247, max_th = 1.688731e+00, time=2025-04-11 00:01:55 
jj1 = 207, max_th = 1.192522e+00, time=2025-04-11 00:02:02 
jj1 = 402, max_th = 2.134353e+00, time=2025-04-11 00:02:36 
jj1 = 521, max_th = 1.661148e+00, time=2025-04-11 00:04:31 
jj1 = 206, max_th = 9.413949e-01, time=2025-04-11 00:08:14 
jj1 = 441, max_th = 1.878788e+00, time=2025-04-11 00:09:16 
jj1 = 481, max_th = 1.465792e+00, time=2025-04-11 00:10:51 
jj1 = 324, max_th = 1.661118e+00, time=2025-04-11 00:10:59 
jj1 = 365, max_th = 1.758999e+00, time=2025-04-11 00:13:12 
jj1 = 128, max_th = 1.889191e+00, time=2025-04-11 00:15:05 
jj1 = 401, max_th = 1.081823e+00, time=2025-04-11 00:15:12 
jj1 = 90, max_th = 1.737812e+00, time=2025-04-11 00:16:08 
jj1 = 168, max_th = 2.092599e+00, time=2025-04-11 00:19:07 
jj1 = 480, max_th = 1.265124e+00, time=2025-04-11 00:19:56 
jj1 = 364, max_th = 3.065619e+00, time=2025-04-11 00:22:53 
jj1 = 520, max_th = 2.175526e+00, time=2025-04-11 00:23:44 
jj1 = 246, max_th = 1.767426e+00, time=2025-04-11 00:25:37 
jj1 = 323, max_th = 2.167619e+00, time=2025-04-11 00:28:01 
jj1 = 89, max_th = 1.351571e+00, time=2025-04-11 00:28:18 
jj1 = 205, max_th = 1.852688e+00, time=2025-04-11 00:29:49 
jj1 = 479, max_th = 1.243713e+00, time=2025-04-11 00:30:32 
jj1 = 400, max_th = 2.540135e+00, time=2025-04-11 00:30:51 
jj1 = 286, max_th = 2.142389e+00, time=2025-04-11 00:35:27 
jj1 = 127, max_th = 1.413260e+00, time=2025-04-11 00:35:29 
jj1 = 440, max_th = 1.947828e+00, time=2025-04-11 00:35:45 
jj1 = 167, max_th = 1.520957e+00, time=2025-04-11 00:37:31 
jj1 = 439, max_th = 1.258553e+00, time=2025-04-11 00:39:52 
jj1 = 88, max_th = 2.759198e+00, time=2025-04-11 00:40:20 
jj1 = 519, max_th = 2.481840e+00, time=2025-04-11 00:41:33 
jj1 = 245, max_th = 2.203530e+00, time=2025-04-11 00:45:26 
jj1 = 478, max_th = 1.523618e+00, time=2025-04-11 00:46:36 
jj1 = 204, max_th = 1.845676e+00, time=2025-04-11 00:49:14 
jj1 = 322, max_th = 2.040007e+00, time=2025-04-11 00:50:04 
jj1 = 438, max_th = 7.707048e-01, time=2025-04-11 00:50:20 
jj1 = 363, max_th = 1.941480e+00, time=2025-04-11 00:53:38 
jj1 = 166, max_th = 2.489846e+00, time=2025-04-11 00:54:11 
jj1 = 437, max_th = 2.521638e+00, time=2025-04-11 00:57:30 
jj1 = 285, max_th = 1.799772e+00, time=2025-04-11 00:57:36 
jj1 = 399, max_th = 1.180118e+00, time=2025-04-11 00:57:39 
jj1 = 87, max_th = 1.329959e+00, time=2025-04-11 00:57:49 
jj1 = 244, max_th = 2.557935e+00, time=2025-04-11 00:59:45 
jj1 = 126, max_th = 1.928360e+00, time=2025-04-11 01:01:32 
jj1 = 518, max_th = 2.003901e+00, time=2025-04-11 01:04:15 
jj1 = 243, max_th = 1.125067e+00, time=2025-04-11 01:07:35 
jj1 = 203, max_th = 1.767382e+00, time=2025-04-11 01:09:04 
jj1 = 477, max_th = 1.945214e+00, time=2025-04-11 01:09:22 
jj1 = 86, max_th = 2.492203e+00, time=2025-04-11 01:11:16 
jj1 = 321, max_th = 1.824608e+00, time=2025-04-11 01:13:34 
jj1 = 436, max_th = 1.488723e+00, time=2025-04-11 01:13:53 
jj1 = 242, max_th = 2.448912e-01, time=2025-04-11 01:14:21 
jj1 = 362, max_th = 1.616966e+00, time=2025-04-11 01:15:01 
jj1 = 476, max_th = 1.201744e+00, time=2025-04-11 01:17:15 
jj1 = 165, max_th = 2.264945e+00, time=2025-04-11 01:17:36 
jj1 = 125, max_th = 1.862941e+00, time=2025-04-11 01:18:40 
jj1 = 398, max_th = 2.095488e+00, time=2025-04-11 01:19:25 
jj1 = 284, max_th = 1.794649e+00, time=2025-04-11 01:20:50 
jj1 = 361, max_th = 1.349419e+00, time=2025-04-11 01:22:17 
jj1 = 517, max_th = 1.711529e+00, time=2025-04-11 01:28:21 
jj1 = 124, max_th = 2.674681e+00, time=2025-04-11 01:30:40 
jj1 = 435, max_th = 2.214349e+00, time=2025-04-11 01:32:40 
jj1 = 202, max_th = 1.956085e+00, time=2025-04-11 01:32:53 
jj1 = 241, max_th = 1.370935e+00, time=2025-04-11 01:33:43 
jj1 = 320, max_th = 1.929181e+00, time=2025-04-11 01:33:51 
jj1 = 434, max_th = 7.832619e-01, time=2025-04-11 01:35:33 
jj1 = 85, max_th = 1.625094e+00, time=2025-04-11 01:35:52 
jj1 = 516, max_th = 2.982052e+00, time=2025-04-11 01:37:26 
jj1 = 164, max_th = 1.893424e+00, time=2025-04-11 01:40:05 
jj1 = 475, max_th = 2.239137e+00, time=2025-04-11 01:40:54 
jj1 = 360, max_th = 2.067500e+00, time=2025-04-11 01:40:56 
jj1 = 397, max_th = 1.976802e+00, time=2025-04-11 01:42:49 
jj1 = 201, max_th = 2.620141e+00, time=2025-04-11 01:44:03 
jj1 = 240, max_th = 1.600433e+00, time=2025-04-11 01:47:34 
jj1 = 123, max_th = 2.400432e+00, time=2025-04-11 01:47:35 
jj1 = 163, max_th = 2.776290e+00, time=2025-04-11 01:47:39 
jj1 = 474, max_th = 1.258947e+00, time=2025-04-11 01:50:18 
jj1 = 359, max_th = 2.612018e+00, time=2025-04-11 01:51:44 
jj1 = 319, max_th = 2.290455e+00, time=2025-04-11 01:55:04 
jj1 = 283, max_th = 2.480156e+00, time=2025-04-11 01:57:10 
jj1 = 433, max_th = 2.111620e+00, time=2025-04-11 01:58:01 
jj1 = 473, max_th = 8.852766e-01, time=2025-04-11 01:59:23 
jj1 = 122, max_th = 1.757323e+00, time=2025-04-11 02:00:31 
jj1 = 200, max_th = 2.407650e+00, time=2025-04-11 02:01:47 
jj1 = 84, max_th = 1.666359e+00, time=2025-04-11 02:02:21 
jj1 = 515, max_th = 2.271248e+00, time=2025-04-11 02:03:57 
jj1 = 162, max_th = 2.305690e+00, time=2025-04-11 02:05:40 
jj1 = 396, max_th = 1.808478e+00, time=2025-04-11 02:06:13 
jj1 = 239, max_th = 1.728211e+00, time=2025-04-11 02:07:07 
jj1 = 514, max_th = 2.786989e+00, time=2025-04-11 02:09:52 
jj1 = 161, max_th = 2.990721e+00, time=2025-04-11 02:10:24 
jj1 = 358, max_th = 2.155647e+00, time=2025-04-11 02:14:30 
jj1 = 318, max_th = 1.887796e+00, time=2025-04-11 02:18:42 
jj1 = 395, max_th = 1.854055e+00, time=2025-04-11 02:20:14 
jj1 = 472, max_th = 2.173013e+00, time=2025-04-11 02:21:01 
jj1 = 199, max_th = 1.606934e+00, time=2025-04-11 02:21:37 
jj1 = 83, max_th = 1.891213e+00, time=2025-04-11 02:21:38 
jj1 = 432, max_th = 1.965983e+00, time=2025-04-11 02:22:27 
jj1 = 121, max_th = 2.226325e+00, time=2025-04-11 02:23:10 
jj1 = 513, max_th = 2.567942e+00, time=2025-04-11 02:25:39 
jj1 = 282, max_th = 1.810741e+00, time=2025-04-11 02:26:31 
jj1 = 357, max_th = 2.540819e+00, time=2025-04-11 02:29:17 
jj1 = 82, max_th = 3.026956e+00, time=2025-04-11 02:29:32 
jj1 = 512, max_th = 2.832297e+00, time=2025-04-11 02:31:33 
jj1 = 198, max_th = 1.734960e+00, time=2025-04-11 02:33:20 
jj1 = 160, max_th = 1.943241e+00, time=2025-04-11 02:34:27 
jj1 = 238, max_th = 1.968733e+00, time=2025-04-11 02:35:48 
jj1 = 317, max_th = 1.568077e+00, time=2025-04-11 02:36:20 
jj1 = 394, max_th = 1.571344e+00, time=2025-04-11 02:40:42 
jj1 = 159, max_th = 2.385045e+00, time=2025-04-11 02:42:31 
jj1 = 471, max_th = 1.903072e+00, time=2025-04-11 02:43:05 
jj1 = 431, max_th = 1.916189e+00, time=2025-04-11 02:43:17 
jj1 = 237, max_th = 1.353193e+00, time=2025-04-11 02:44:39 
jj1 = 281, max_th = 1.751434e+00, time=2025-04-11 02:47:15 
jj1 = 356, max_th = 2.303312e+00, time=2025-04-11 02:48:21 
jj1 = 81, max_th = 1.747053e+00, time=2025-04-11 02:50:26 
jj1 = 393, max_th = 1.274431e+00, time=2025-04-11 02:51:31 
jj1 = 120, max_th = 2.038924e+00, time=2025-04-11 02:51:43 
jj1 = 430, max_th = 1.153899e+00, time=2025-04-11 02:52:24 
jj1 = 158, max_th = 2.484940e+00, time=2025-04-11 02:52:56 
jj1 = 392, max_th = 5.801084e-01, time=2025-04-11 02:55:08 
jj1 = 316, max_th = 2.143913e+00, time=2025-04-11 02:55:18 
jj1 = 511, max_th = 1.907810e+00, time=2025-04-11 02:56:51 
jj1 = 315, max_th = 1.047531e+00, time=2025-04-11 03:00:03 
jj1 = 197, max_th = 1.680844e+00, time=2025-04-11 03:01:01 
jj1 = 236, max_th = 2.198057e+00, time=2025-04-11 03:02:31 
jj1 = 470, max_th = 1.828821e+00, time=2025-04-11 03:05:25 
jj1 = 280, max_th = 2.365871e+00, time=2025-04-11 03:08:14 
jj1 = 80, max_th = 2.305217e+00, time=2025-04-11 03:10:50 
jj1 = 157, max_th = 1.755392e+00, time=2025-04-11 03:11:01 
jj1 = 429, max_th = 1.583185e+00, time=2025-04-11 03:11:27 
jj1 = 119, max_th = 1.651513e+00, time=2025-04-11 03:13:48 
jj1 = 355, max_th = 1.886372e+00, time=2025-04-11 03:15:21 
jj1 = 391, max_th = 1.967819e+00, time=2025-04-11 03:19:57 
jj1 = 314, max_th = 2.320750e+00, time=2025-04-11 03:21:21 
jj1 = 235, max_th = 1.673763e+00, time=2025-04-11 03:21:24 
jj1 = 196, max_th = 1.819772e+00, time=2025-04-11 03:24:08 
jj1 = 469, max_th = 2.585222e+00, time=2025-04-11 03:29:11 
jj1 = 510, max_th = 2.024817e+00, time=2025-04-11 03:30:57 
jj1 = 509, max_th = 5.818334e-01, time=2025-04-11 03:31:29 
jj1 = 156, max_th = 1.839227e+00, time=2025-04-11 03:32:14 
jj1 = 390, max_th = 1.528260e+00, time=2025-04-11 03:32:18 
jj1 = 234, max_th = 1.158223e+00, time=2025-04-11 03:33:12 
jj1 = 428, max_th = 1.641513e+00, time=2025-04-11 03:33:52 
jj1 = 79, max_th = 1.717876e+00, time=2025-04-11 03:35:30 
jj1 = 155, max_th = 8.620901e-01, time=2025-04-11 03:36:36 
jj1 = 313, max_th = 2.298080e+00, time=2025-04-11 03:39:14 
jj1 = 508, max_th = 1.113144e+00, time=2025-04-11 03:40:11 
jj1 = 279, max_th = 1.831639e+00, time=2025-04-11 03:42:10 
jj1 = 427, max_th = 2.644556e+00, time=2025-04-11 03:42:40 
jj1 = 195, max_th = 1.856379e+00, time=2025-04-11 03:44:12 
jj1 = 354, max_th = 2.066754e+00, time=2025-04-11 03:44:12 
jj1 = 468, max_th = 2.369901e+00, time=2025-04-11 03:45:15 
jj1 = 78, max_th = 1.155567e+00, time=2025-04-11 03:45:23 
jj1 = 426, max_th = 2.807696e+00, time=2025-04-11 03:46:58 
jj1 = 507, max_th = 1.037367e+00, time=2025-04-11 03:48:26 
jj1 = 233, max_th = 1.748991e+00, time=2025-04-11 03:50:34 
jj1 = 118, max_th = 1.872085e+00, time=2025-04-11 03:50:43 
jj1 = 77, max_th = 2.782591e+00, time=2025-04-11 03:51:04 
jj1 = 76, max_th = 9.007748e-02, time=2025-04-11 03:52:43 
jj1 = 389, max_th = 1.901930e+00, time=2025-04-11 03:53:46 
jj1 = 75, max_th = 3.227570e+00, time=2025-04-11 03:54:00 
jj1 = 154, max_th = 2.044916e+00, time=2025-04-11 03:58:47 
jj1 = 312, max_th = 1.453017e+00, time=2025-04-11 04:04:02 
jj1 = 353, max_th = 1.626235e+00, time=2025-04-11 04:05:42 
jj1 = 278, max_th = 2.306657e+00, time=2025-04-11 04:07:10 
jj1 = 425, max_th = 1.986755e+00, time=2025-04-11 04:09:57 
jj1 = 467, max_th = 2.017878e+00, time=2025-04-11 04:10:21 
jj1 = 74, max_th = 1.702426e+00, time=2025-04-11 04:10:48 
jj1 = 194, max_th = 1.975891e+00, time=2025-04-11 04:12:03 
jj1 = 153, max_th = 1.477979e+00, time=2025-04-11 04:12:15 
jj1 = 232, max_th = 1.586462e+00, time=2025-04-11 04:12:24 
jj1 = 277, max_th = 2.638585e+00, time=2025-04-11 04:13:21 
jj1 = 231, max_th = 3.043825e+00, time=2025-04-11 04:14:28 
jj1 = 506, max_th = 2.025690e+00, time=2025-04-11 04:16:20 
jj1 = 311, max_th = 1.589086e+00, time=2025-04-11 04:17:22 
jj1 = 117, max_th = 1.974142e+00, time=2025-04-11 04:18:12 
jj1 = 388, max_th = 1.794408e+00, time=2025-04-11 04:18:41 
jj1 = 73, max_th = 1.119191e+00, time=2025-04-11 04:20:31 
jj1 = 152, max_th = 1.447805e+00, time=2025-04-11 04:22:05 
jj1 = 466, max_th = 1.247458e+00, time=2025-04-11 04:23:20 
jj1 = 352, max_th = 2.320104e+00, time=2025-04-11 04:23:28 
jj1 = 116, max_th = 9.801802e-01, time=2025-04-11 04:26:21 
jj1 = 424, max_th = 1.648807e+00, time=2025-04-11 04:26:52 
jj1 = 193, max_th = 1.543757e+00, time=2025-04-11 04:27:43 
jj1 = 387, max_th = 1.243309e+00, time=2025-04-11 04:31:46 
jj1 = 230, max_th = 2.117033e+00, time=2025-04-11 04:36:24 
jj1 = 310, max_th = 1.807302e+00, time=2025-04-11 04:37:31 
jj1 = 386, max_th = 8.471772e-01, time=2025-04-11 04:38:04 
jj1 = 151, max_th = 1.863042e+00, time=2025-04-11 04:39:16 
jj1 = 351, max_th = 1.447565e+00, time=2025-04-11 04:43:26 
jj1 = 276, max_th = 1.996592e+00, time=2025-04-11 04:45:48 
jj1 = 465, max_th = 2.472285e+00, time=2025-04-11 04:46:18 
jj1 = 385, max_th = 1.133160e+00, time=2025-04-11 04:48:22 
jj1 = 423, max_th = 1.939485e+00, time=2025-04-11 04:49:20 
jj1 = 150, max_th = 2.753094e+00, time=2025-04-11 04:49:36 
jj1 = 72, max_th = 2.072348e+00, time=2025-04-11 04:50:11 
jj1 = 192, max_th = 2.174160e+00, time=2025-04-11 04:52:25 
jj1 = 309, max_th = 2.506572e+00, time=2025-04-11 04:53:47 
jj1 = 229, max_th = 2.322367e+00, time=2025-04-11 04:54:17 
jj1 = 464, max_th = 2.547054e+00, time=2025-04-11 04:54:39 
jj1 = 115, max_th = 1.939161e+00, time=2025-04-11 04:55:30 
jj1 = 228, max_th = 1.148006e+00, time=2025-04-11 05:01:41 
jj1 = 275, max_th = 1.583950e+00, time=2025-04-11 05:04:31 
jj1 = 463, max_th = 1.467023e+00, time=2025-04-11 05:07:09 
jj1 = 422, max_th = 1.670316e+00, time=2025-04-11 05:07:42 
jj1 = 350, max_th = 2.044726e+00, time=2025-04-11 05:11:34 
jj1 = 149, max_th = 2.165226e+00, time=2025-04-11 05:12:18 
jj1 = 384, max_th = 1.932899e+00, time=2025-04-11 05:13:11 
jj1 = 462, max_th = 3.057488e+00, time=2025-04-11 05:13:26 
jj1 = 191, max_th = 2.488576e+00, time=2025-04-11 05:15:02 
jj1 = 349, max_th = 2.909021e+00, time=2025-04-11 05:15:11 
jj1 = 71, max_th = 1.855653e+00, time=2025-04-11 05:15:31 
jj1 = 505, max_th = 1.583977e+00, time=2025-04-11 05:17:15 
jj1 = 308, max_th = 2.044731e+00, time=2025-04-11 05:17:17 
jj1 = 227, max_th = 1.555449e+00, time=2025-04-11 05:21:41 
jj1 = 148, max_th = 1.338145e+00, time=2025-04-11 05:25:21 
jj1 = 114, max_th = 2.723948e+00, time=2025-04-11 05:25:29 
jj1 = 274, max_th = 1.849504e+00, time=2025-04-11 05:28:19 
jj1 = 307, max_th = 2.592911e+00, time=2025-04-11 05:34:24 
jj1 = 113, max_th = 1.300513e+00, time=2025-04-11 05:35:10 
jj1 = 504, max_th = 4.969612e-01, time=2025-04-11 05:36:11 
jj1 = 70, max_th = 1.692111e+00, time=2025-04-11 05:38:06 
jj1 = 461, max_th = 1.743460e+00, time=2025-04-11 05:38:16 
jj1 = 190, max_th = 1.512660e+00, time=2025-04-11 05:39:13 
jj1 = 348, max_th = 1.646323e+00, time=2025-04-11 05:40:48 
jj1 = 383, max_th = 1.490170e+00, time=2025-04-11 05:43:08 
jj1 = 226, max_th = 1.745511e+00, time=2025-04-11 05:43:29 
jj1 = 147, max_th = 1.363679e+00, time=2025-04-11 05:43:51 
jj1 = 225, max_th = -1.782121e-01, time=2025-04-11 05:44:20 
jj1 = 421, max_th = 1.972577e+00, time=2025-04-11 05:45:19 
jj1 = 460, max_th = 1.302093e+00, time=2025-04-11 05:45:26 
jj1 = 112, max_th = 1.396979e+00, time=2025-04-11 05:47:32 
jj1 = 273, max_th = 2.018344e+00, time=2025-04-11 05:49:41 
jj1 = 306, max_th = 1.646164e+00, time=2025-04-11 05:51:55 
jj1 = 189, max_th = 1.373421e+00, time=2025-04-11 05:52:59 
jj1 = 146, max_th = 1.301828e+00, time=2025-04-11 05:53:36 
jj1 = 347, max_th = 2.048801e+00, time=2025-04-11 05:57:06 
jj1 = 420, max_th = 2.501386e+00, time=2025-04-11 05:57:11 
jj1 = 305, max_th = 2.417102e+00, time=2025-04-11 06:00:38 
jj1 = 69, max_th = 1.520681e+00, time=2025-04-11 06:01:09 
jj1 = 503, max_th = 2.083632e+00, time=2025-04-11 06:02:37 
jj1 = 224, max_th = 2.239339e+00, time=2025-04-11 06:03:04 
jj1 = 382, max_th = 1.304538e+00, time=2025-04-11 06:03:55 
jj1 = 459, max_th = 1.594943e+00, time=2025-04-11 06:05:05 
jj1 = 346, max_th = 2.770152e+00, time=2025-04-11 06:05:29 
jj1 = 145, max_th = 1.262018e+00, time=2025-04-11 06:05:30 
jj1 = 272, max_th = 1.687106e+00, time=2025-04-11 06:13:38 
jj1 = 304, max_th = 2.550559e+00, time=2025-04-11 06:14:09 
jj1 = 458, max_th = 1.229796e+00, time=2025-04-11 06:14:56 
jj1 = 223, max_th = 2.722438e+00, time=2025-04-11 06:16:00 
jj1 = 111, max_th = 2.095610e+00, time=2025-04-11 06:16:50 
jj1 = 188, max_th = 2.207204e+00, time=2025-04-11 06:17:10 
jj1 = 419, max_th = 1.513037e+00, time=2025-04-11 06:21:06 
jj1 = 345, max_th = 1.871134e+00, time=2025-04-11 06:21:52 
jj1 = 271, max_th = 2.717165e+00, time=2025-04-11 06:22:26 
jj1 = 457, max_th = 1.960119e+00, time=2025-04-11 06:30:02 
jj1 = 381, max_th = 1.985374e+00, time=2025-04-11 06:30:32 
jj1 = 502, max_th = 2.080763e+00, time=2025-04-11 06:30:56 
jj1 = 222, max_th = 1.749716e+00, time=2025-04-11 06:31:13 
jj1 = 303, max_th = 1.496766e+00, time=2025-04-11 06:31:25 
jj1 = 144, max_th = 2.111019e+00, time=2025-04-11 06:32:12 
jj1 = 270, max_th = 2.772377e+00, time=2025-04-11 06:32:20 
jj1 = 68, max_th = 2.170675e+00, time=2025-04-11 06:32:35 
jj1 = 143, max_th = 2.977891e+00, time=2025-04-11 06:34:34 
jj1 = 418, max_th = 1.610490e+00, time=2025-04-11 06:35:31 
jj1 = 187, max_th = 2.331253e+00, time=2025-04-11 06:41:00 
jj1 = 110, max_th = 1.872239e+00, time=2025-04-11 06:43:26 
jj1 = 344, max_th = 2.198246e+00, time=2025-04-11 06:44:23 
jj1 = 269, max_th = 1.378759e+00, time=2025-04-11 06:46:45 
jj1 = 67, max_th = 2.660739e+00, time=2025-04-11 06:47:49 
jj1 = 221, max_th = 2.342384e+00, time=2025-04-11 06:48:10 
jj1 = 456, max_th = 2.420696e+00, time=2025-04-11 06:49:06 
jj1 = 302, max_th = 1.904598e+00, time=2025-04-11 06:51:42 
jj1 = 417, max_th = 2.092375e+00, time=2025-04-11 06:54:19 
jj1 = 343, max_th = 1.266742e+00, time=2025-04-11 06:54:38 
jj1 = 380, max_th = 1.949175e+00, time=2025-04-11 06:57:37 
jj1 = 501, max_th = 2.010686e+00, time=2025-04-11 06:59:14 
jj1 = 142, max_th = 1.625072e+00, time=2025-04-11 06:59:43 
jj1 = 301, max_th = 2.599782e+00, time=2025-04-11 07:02:57 
jj1 = 186, max_th = 1.660705e+00, time=2025-04-11 07:05:00 
jj1 = 268, max_th = 2.354776e+00, time=2025-04-11 07:07:21 
jj1 = 109, max_th = 2.424739e+00, time=2025-04-11 07:07:30 
jj1 = 455, max_th = 2.383296e+00, time=2025-04-11 07:09:12 
jj1 = 66, max_th = 1.860757e+00, time=2025-04-11 07:12:40 
jj1 = 342, max_th = 2.365310e+00, time=2025-04-11 07:16:14 
jj1 = 454, max_th = 2.682706e+00, time=2025-04-11 07:17:06 
jj1 = 379, max_th = 1.880546e+00, time=2025-04-11 07:17:12 
jj1 = 220, max_th = 2.053093e+00, time=2025-04-11 07:17:24 
jj1 = 141, max_th = 2.263834e+00, time=2025-04-11 07:19:09 
jj1 = 300, max_th = 2.287058e+00, time=2025-04-11 07:21:05 
jj1 = 416, max_th = 1.888646e+00, time=2025-04-11 07:21:39 
jj1 = 500, max_th = 2.451496e+00, time=2025-04-11 07:29:49 
jj1 = 108, max_th = 2.136041e+00, time=2025-04-11 07:32:01 
jj1 = 267, max_th = 1.936104e+00, time=2025-04-11 07:34:34 
jj1 = 140, max_th = 1.873655e+00, time=2025-04-11 07:35:42 
jj1 = 139, max_th = 2.942724e+00, time=2025-04-11 07:38:40 
jj1 = 453, max_th = 2.001686e+00, time=2025-04-11 07:39:24 
jj1 = 299, max_th = 1.732543e+00, time=2025-04-11 07:40:15 
jj1 = 219, max_th = 1.820976e+00, time=2025-04-11 07:41:54 
jj1 = 341, max_th = 2.080569e+00, time=2025-04-11 07:42:24 
jj1 = 107, max_th = 1.272044e+00, time=2025-04-11 07:43:05 
jj1 = 378, max_th = 1.819499e+00, time=2025-04-11 07:44:07 
jj1 = 415, max_th = 2.194625e+00, time=2025-04-11 07:45:04 
jj1 = 106, max_th = -1.203889e-01, time=2025-04-11 07:45:15 
jj1 = 65, max_th = 2.180984e+00, time=2025-04-11 07:45:45 
jj1 = 340, max_th = 9.868152e-01, time=2025-04-11 07:49:38 
jj1 = 748, max_th = 1.274052e+00, time=2025-04-11 07:49:40 
jj1 = 185, max_th = 1.619772e+00, time=2025-04-11 07:54:19 
jj1 = 377, max_th = 1.551996e+00, time=2025-04-11 07:55:32 
jj1 = 218, max_th = 1.624247e+00, time=2025-04-11 07:55:54 
jj1 = 298, max_th = 1.511652e+00, time=2025-04-11 07:56:34 
jj1 = 452, max_th = 8.363134e-01, time=2025-04-11 07:59:03 
jj1 = 499, max_th = 1.842923e+00, time=2025-04-11 07:59:32 
jj1 = 105, max_th = 2.445969e+00, time=2025-04-11 08:00:27 
jj1 = 339, max_th = 1.254959e+00, time=2025-04-11 08:02:59 
jj1 = 266, max_th = 2.233630e+00, time=2025-04-11 08:03:10 
jj1 = 747, max_th = 2.281442e+00, time=2025-04-11 08:06:12 
jj1 = 414, max_th = 2.329048e+00, time=2025-04-11 08:06:15 
jj1 = 297, max_th = 2.272567e+00, time=2025-04-11 08:09:55 
jj1 = 217, max_th = 1.698302e+00, time=2025-04-11 08:10:45 
jj1 = 64, max_th = 1.967801e+00, time=2025-04-11 08:12:42 
jj1 = 451, max_th = 2.583637e+00, time=2025-04-11 08:14:23 
jj1 = 265, max_th = 1.348639e+00, time=2025-04-11 08:16:54 
jj1 = 104, max_th = 1.774242e+00, time=2025-04-11 08:18:24 
jj1 = 184, max_th = 2.120699e+00, time=2025-04-11 08:20:27 
jj1 = 498, max_th = 1.570366e+00, time=2025-04-11 08:20:34 
jj1 = 376, max_th = 1.681867e+00, time=2025-04-11 08:20:37 
jj1 = 708, max_th = 1.619019e+00, time=2025-04-11 08:20:53 
jj1 = 413, max_th = 1.947363e+00, time=2025-04-11 08:25:16 
jj1 = 668, max_th = 2.528852e+00, time=2025-04-11 08:26:56 
jj1 = 338, max_th = 1.812145e+00, time=2025-04-11 08:27:42 
jj1 = 746, max_th = 2.125398e+00, time=2025-04-11 08:28:11 
jj1 = 296, max_th = 1.843361e+00, time=2025-04-11 08:28:27 
jj1 = 63, max_th = 1.659581e+00, time=2025-04-11 08:30:53 
jj1 = 667, max_th = 3.006842e+00, time=2025-04-11 08:30:58 
jj1 = 183, max_th = 1.350476e+00, time=2025-04-11 08:31:29 
jj1 = 412, max_th = 2.737137e+00, time=2025-04-11 08:32:22 
jj1 = 375, max_th = 1.514773e+00, time=2025-04-11 08:33:45 
jj1 = 62, max_th = 2.994660e+00, time=2025-04-11 08:35:38 
jj1 = 264, max_th = 1.699470e+00, time=2025-04-11 08:35:59 
jj1 = 497, max_th = 2.210893e+00, time=2025-04-11 08:41:25 
jj1 = 295, max_th = 1.762957e+00, time=2025-04-11 08:41:50 
jj1 = 103, max_th = 2.045384e+00, time=2025-04-11 08:42:06 
jj1 = 745, max_th = 2.319773e+00, time=2025-04-11 08:46:09 
jj1 = 548, max_th = 2.563124e+00, time=2025-04-11 08:46:57 
jj1 = 666, max_th = 2.061073e+00, time=2025-04-11 08:48:03 
jj1 = 263, max_th = 1.460754e+00, time=2025-04-11 08:50:09 
jj1 = 337, max_th = 2.184481e+00, time=2025-04-11 08:50:50 
jj1 = 262, max_th = 3.204566e+00, time=2025-04-11 08:51:08 
jj1 = 374, max_th = 2.142997e+00, time=2025-04-11 08:51:48 
jj1 = 707, max_th = 1.703434e+00, time=2025-04-11 08:52:18 
jj1 = 182, max_th = 1.957502e+00, time=2025-04-11 08:53:50 
jj1 = 102, max_th = 2.604085e+00, time=2025-04-11 08:57:25 
jj1 = 101, max_th = 3.438853e+00, time=2025-04-11 08:57:49 
jj1 = 608, max_th = 2.353313e+00, time=2025-04-11 08:59:36 
jj1 = 744, max_th = 1.617357e+00, time=2025-04-11 09:00:41 
jj1 = 665, max_th = 2.380781e+00, time=2025-04-11 09:01:00 
jj1 = 547, max_th = 1.677973e+00, time=2025-04-11 09:04:37 
jj1 = 61, max_th = 2.115853e+00, time=2025-04-11 09:04:52 
jj1 = 261, max_th = 1.601980e+00, time=2025-04-11 09:07:50 
jj1 = 706, max_th = 2.614652e+00, time=2025-04-11 09:09:16 
jj1 = 496, max_th = 2.367796e+00, time=2025-04-11 09:10:34 
jj1 = 373, max_th = 2.101345e+00, time=2025-04-11 09:11:47 
jj1 = 181, max_th = 1.650503e+00, time=2025-04-11 09:12:47 
jj1 = 546, max_th = 2.389297e+00, time=2025-04-11 09:13:50 
jj1 = 545, max_th = 2.912702e+00, time=2025-04-11 09:16:27 
jj1 = 607, max_th = 1.578188e+00, time=2025-04-11 09:20:56 
jj1 = 100, max_th = 1.826709e+00, time=2025-04-11 09:21:16 
jj1 = 743, max_th = 1.728188e+00, time=2025-04-11 09:22:50 
jj1 = 768, max_th = 9.646688e-01, time=2025-04-11 09:24:38 
jj1 = 664, max_th = 1.824963e+00, time=2025-04-11 09:25:43 
jj1 = 495, max_th = 1.525358e+00, time=2025-04-11 09:28:00 
jj1 = 180, max_th = 2.350931e+00, time=2025-04-11 09:30:21 
jj1 = 336, max_th = 1.780425e+00, time=2025-04-11 09:30:51 
jj1 = 179, max_th = 6.797940e-01, time=2025-04-11 09:32:49 
jj1 = 705, max_th = 2.168157e+00, time=2025-04-11 09:33:33 
jj1 = 178, max_th = 4.492104e-01, time=2025-04-11 09:34:07 
jj1 = 544, max_th = 2.011524e+00, time=2025-04-11 09:35:48 
jj1 = 335, max_th = 2.781246e+00, time=2025-04-11 09:40:24 
jj1 = 648, max_th = 1.792193e+00, time=2025-04-11 09:40:41 
jj1 = 260, max_th = 1.908491e+00, time=2025-04-11 09:40:52 
jj1 = 606, max_th = 1.921598e+00, time=2025-04-11 09:45:02 
jj1 = 663, max_th = 1.633009e+00, time=2025-04-11 09:45:07 
jj1 = 568, max_th = 2.022601e+00, time=2025-04-11 09:45:57 
jj1 = 543, max_th = 1.138760e+00, time=2025-04-11 09:49:39 
jj1 = 567, max_th = 2.450035e+00, time=2025-04-11 09:52:42 
jj1 = 767, max_th = 1.774831e+00, time=2025-04-11 09:54:03 
jj1 = 728, max_th = 2.303818e+00, time=2025-04-11 09:54:04 
jj1 = 494, max_th = 2.098472e+00, time=2025-04-11 09:54:09 
jj1 = 259, max_th = 2.657730e+00, time=2025-04-11 09:54:12 
jj1 = 704, max_th = 1.529150e+00, time=2025-04-11 09:55:45 
jj1 = 647, max_th = 2.389951e+00, time=2025-04-11 09:57:03 
jj1 = 662, max_th = 1.380534e+00, time=2025-04-11 09:57:55 
jj1 = 742, max_th = 1.573163e+00, time=2025-04-11 10:04:15 
jj1 = 605, max_th = 1.742499e+00, time=2025-04-11 10:05:06 
jj1 = 334, max_th = 2.124692e+00, time=2025-04-11 10:08:13 
jj1 = 646, max_th = 1.342048e+00, time=2025-04-11 10:08:53 
jj1 = 727, max_th = 2.342561e+00, time=2025-04-11 10:10:35 
jj1 = 493, max_th = 1.702669e+00, time=2025-04-11 10:10:55 
jj1 = 258, max_th = 1.753744e+00, time=2025-04-11 10:11:01 
jj1 = 542, max_th = 1.933594e+00, time=2025-04-11 10:11:17 
jj1 = 766, max_th = 1.946005e+00, time=2025-04-11 10:11:17 
jj1 = 661, max_th = 1.921325e+00, time=2025-04-11 10:13:37 
jj1 = 703, max_th = 2.722839e+00, time=2025-04-11 10:15:54 
jj1 = 645, max_th = 1.409994e+00, time=2025-04-11 10:18:47 
jj1 = 566, max_th = 1.767794e+00, time=2025-04-11 10:19:43 
jj1 = 492, max_th = 1.167296e+00, time=2025-04-11 10:20:29 
jj1 = 604, max_th = 1.573470e+00, time=2025-04-11 10:21:07 
jj1 = 541, max_th = 1.435422e+00, time=2025-04-11 10:22:13 
jj1 = 588, max_th = 2.466479e+00, time=2025-04-11 10:23:41 
jj1 = 726, max_th = 2.297149e+00, time=2025-04-11 10:25:24 
jj1 = 587, max_th = 8.804349e-01, time=2025-04-11 10:26:09 
jj1 = 540, max_th = 2.673588e+00, time=2025-04-11 10:28:33 
jj1 = 741, max_th = 2.124935e+00, time=2025-04-11 10:30:45 
jj1 = 660, max_th = 1.745570e+00, time=2025-04-11 10:31:24 
jj1 = 603, max_th = 1.952292e+00, time=2025-04-11 10:33:58 
jj1 = 765, max_th = 2.262509e+00, time=2025-04-11 10:36:24 
jj1 = 702, max_th = 1.898829e+00, time=2025-04-11 10:36:29 
jj1 = 257, max_th = 1.940392e+00, time=2025-04-11 10:37:00 
jj1 = 740, max_th = 1.096768e+00, time=2025-04-11 10:38:16 
jj1 = 644, max_th = 2.306958e+00, time=2025-04-11 10:39:45 
jj1 = 491, max_th = 1.982909e+00, time=2025-04-11 10:40:08 
jj1 = 565, max_th = 1.847711e+00, time=2025-04-11 10:43:26 
jj1 = 602, max_th = 2.773729e+00, time=2025-04-11 10:43:33 
jj1 = 659, max_th = 2.479440e+00, time=2025-04-11 10:44:31 
jj1 = 658, max_th = 6.704379e-01, time=2025-04-11 10:46:20 
jj1 = 256, max_th = 1.264145e+00, time=2025-04-11 10:48:33 
jj1 = 586, max_th = 2.325401e+00, time=2025-04-11 10:49:35 
jj1 = 764, max_th = 2.449320e+00, time=2025-04-11 10:50:43 
jj1 = 725, max_th = 1.914608e+00, time=2025-04-11 10:51:16 
jj1 = 490, max_th = 2.626824e+00, time=2025-04-11 10:51:30 
jj1 = 739, max_th = 1.250525e+00, time=2025-04-11 10:53:25 
jj1 = 643, max_th = 2.575016e+00, time=2025-04-11 10:54:56 
jj1 = 539, max_th = 2.022862e+00, time=2025-04-11 10:57:27 
jj1 = 628, max_th = 1.381087e+00, time=2025-04-11 10:59:41 
jj1 = 601, max_th = 2.219679e+00, time=2025-04-11 11:00:45 
jj1 = 738, max_th = 1.014375e+00, time=2025-04-11 11:02:12 
jj1 = 701, max_th = 1.835313e+00, time=2025-04-11 11:03:30 
jj1 = 627, max_th = 2.943804e+00, time=2025-04-11 11:04:40 
jj1 = 600, max_th = 9.426118e-01, time=2025-04-11 11:05:00 
jj1 = 763, max_th = 2.003582e+00, time=2025-04-11 11:08:11 
jj1 = 657, max_th = 1.664601e+00, time=2025-04-11 11:08:48 
jj1 = 564, max_th = 6.405286e-01, time=2025-04-11 11:10:07 
jj1 = 626, max_th = 9.795486e-01, time=2025-04-11 11:10:42 
jj1 = 625, max_th = 3.140495e+00, time=2025-04-11 11:12:47 
jj1 = 642, max_th = 2.366012e+00, time=2025-04-11 11:13:22 
jj1 = 737, max_th = 1.260216e+00, time=2025-04-11 11:16:06 
jj1 = 688, max_th = 2.379820e+00, time=2025-04-11 11:16:39 
jj1 = 538, max_th = 1.798360e+00, time=2025-04-11 11:16:57 
jj1 = 687, max_th = 4.275387e-01, time=2025-04-11 11:17:14 
jj1 = 724, max_th = 1.806981e+00, time=2025-04-11 11:17:25 
jj1 = 762, max_th = 2.718711e+00, time=2025-04-11 11:19:11 
jj1 = 624, max_th = 2.766773e+00, time=2025-04-11 11:20:14 
jj1 = 585, max_th = 1.684996e+00, time=2025-04-11 11:21:12 
jj1 = 599, max_th = 2.044920e+00, time=2025-04-11 11:28:20 
jj1 = 736, max_th = 1.646168e+00, time=2025-04-11 11:29:50 
jj1 = 623, max_th = 1.899186e+00, time=2025-04-11 11:32:01 
jj1 = 598, max_th = 2.615292e+00, time=2025-04-11 11:33:03 
jj1 = 700, max_th = 1.902366e+00, time=2025-04-11 11:34:04 
jj1 = 735, max_th = 8.235359e-01, time=2025-04-11 11:34:29 
jj1 = 563, max_th = 2.215994e+00, time=2025-04-11 11:34:36 
jj1 = 656, max_th = 2.018043e+00, time=2025-04-11 11:35:50 
jj1 = 686, max_th = 1.617514e+00, time=2025-04-11 11:37:59 
jj1 = 641, max_th = 1.974629e+00, time=2025-04-11 11:38:47 
jj1 = 723, max_th = 2.405751e+00, time=2025-04-11 11:39:48 
jj1 = 537, max_th = 2.342941e+00, time=2025-04-11 11:40:14 
jj1 = 761, max_th = 2.097076e+00, time=2025-04-11 11:41:37 
jj1 = 536, max_th = 3.123521e+00, time=2025-04-11 11:41:55 
jj1 = 640, max_th = 2.957613e+00, time=2025-04-11 11:42:12 
jj1 = 584, max_th = 1.887548e+00, time=2025-04-11 11:45:49 
jj1 = 734, max_th = 1.417723e+00, time=2025-04-11 11:49:16 
jj1 = 622, max_th = 2.405659e+00, time=2025-04-11 11:51:07 
jj1 = 535, max_th = 3.094651e+00, time=2025-04-11 11:52:15 
jj1 = 685, max_th = 2.503631e+00, time=2025-04-11 11:54:03 
jj1 = 597, max_th = 1.861850e+00, time=2025-04-11 11:54:39 
jj1 = 534, max_th = 3.186012e+00, time=2025-04-11 11:54:53 
jj1 = 562, max_th = 1.173488e+00, time=2025-04-11 11:56:31 
jj1 = 760, max_th = 2.657745e+00, time=2025-04-11 11:57:00 
jj1 = 699, max_th = 1.564791e+00, time=2025-04-11 12:02:05 
jj1 = 621, max_th = 1.451650e+00, time=2025-04-11 12:04:47 
jj1 = 733, max_th = 2.256878e+00, time=2025-04-11 12:07:05 
jj1 = 533, max_th = 2.502693e+00, time=2025-04-11 12:07:46 
jj1 = 655, max_th = 2.066880e+00, time=2025-04-11 12:08:05 
jj1 = 684, max_th = 2.115060e+00, time=2025-04-11 12:08:17 
jj1 = 639, max_th = 2.125926e+00, time=2025-04-11 12:11:18 
jj1 = 583, max_th = 1.872915e+00, time=2025-04-11 12:13:59 
jj1 = 596, max_th = 1.720409e+00, time=2025-04-11 12:14:06 
jj1 = 683, max_th = 2.632168e+00, time=2025-04-11 12:20:57 
jj1 = 722, max_th = 1.452701e+00, time=2025-04-11 12:23:53 
jj1 = 759, max_th = 2.126517e+00, time=2025-04-11 12:25:17 
jj1 = 732, max_th = 2.347269e+00, time=2025-04-11 12:27:24 
jj1 = 698, max_th = 1.936886e+00, time=2025-04-11 12:27:27 
jj1 = 595, max_th = 1.481611e+00, time=2025-04-11 12:30:06 
jj1 = 758, max_th = 2.797314e+00, time=2025-04-11 12:32:37 
jj1 = 620, max_th = 1.845983e+00, time=2025-04-11 12:33:05 
jj1 = 532, max_th = 1.864387e+00, time=2025-04-11 12:33:06 
jj1 = 682, max_th = 1.583123e+00, time=2025-04-11 12:35:23 
jj1 = 619, max_th = 2.921299e+00, time=2025-04-11 12:35:32 
jj1 = 654, max_th = 1.302189e+00, time=2025-04-11 12:36:07 
jj1 = 582, max_th = 2.679748e+00, time=2025-04-11 12:41:33 
jj1 = 638, max_th = 2.103226e+00, time=2025-04-11 12:47:17 
jj1 = 594, max_th = 1.854421e+00, time=2025-04-11 12:48:36 
jj1 = 731, max_th = 2.051790e+00, time=2025-04-11 12:48:41 
jj1 = 721, max_th = 1.884034e+00, time=2025-04-11 12:50:56 
jj1 = 653, max_th = 1.516412e+00, time=2025-04-11 12:50:59 
jj1 = 757, max_th = 2.444951e+00, time=2025-04-11 12:54:04 
jj1 = 593, max_th = 1.072099e+00, time=2025-04-11 12:56:58 
jj1 = 697, max_th = 1.872219e+00, time=2025-04-11 12:58:11 
jj1 = 531, max_th = 1.616313e+00, time=2025-04-11 12:58:40 
jj1 = 730, max_th = 1.307389e+00, time=2025-04-11 12:59:26 
jj1 = 618, max_th = 1.557753e+00, time=2025-04-11 13:01:00 
jj1 = 652, max_th = 2.618470e+00, time=2025-04-11 13:04:04 
jj1 = 720, max_th = 1.502343e+00, time=2025-04-11 13:04:53 
jj1 = 581, max_th = 2.298436e+00, time=2025-04-11 13:05:21 
jj1 = 681, max_th = 2.082875e+00, time=2025-04-11 13:05:38 
jj1 = 651, max_th = 8.074829e-01, time=2025-04-11 13:07:44 
jj1 = 756, max_th = 2.419651e+00, time=2025-04-11 13:13:13 
jj1 = 530, max_th = 2.554016e+00, time=2025-04-11 13:13:37 
jj1 = 580, max_th = 1.059190e+00, time=2025-04-11 13:15:11 
jj1 = 729, max_th = 2.387728e+00, time=2025-04-11 13:15:29 
jj1 = 561, max_th = 2.533864e+00, time=2025-04-11 13:18:03 
jj1 = 592, max_th = 1.864649e+00, time=2025-04-11 13:20:18 
jj1 = 579, max_th = 2.703560e+00, time=2025-04-11 13:22:03 
jj1 = 719, max_th = 2.342082e+00, time=2025-04-11 13:22:23 
jj1 = 617, max_th = 1.791878e+00, time=2025-04-11 13:23:49 
jj1 = 778, max_th = 2.603911e+00, time=2025-04-11 13:26:00 
jj1 = 637, max_th = 1.775283e+00, time=2025-04-11 13:26:31 
jj1 = 696, max_th = 2.202352e+00, time=2025-04-11 13:26:32 
jj1 = 560, max_th = 2.809648e+00, time=2025-04-11 13:27:25 
jj1 = 718, max_th = 2.965403e+00, time=2025-04-11 13:28:50 
jj1 = 755, max_th = 1.380171e+00, time=2025-04-11 13:30:28 
jj1 = 680, max_th = 2.181269e+00, time=2025-04-11 13:32:52 
jj1 = 616, max_th = 1.259061e+00, time=2025-04-11 13:34:57 
jj1 = 559, max_th = 2.957890e+00, time=2025-04-11 13:35:37 
jj1 = 650, max_th = 2.130618e+00, time=2025-04-11 13:37:41 
jj1 = 591, max_th = 2.643014e+00, time=2025-04-11 13:40:10 
jj1 = 615, max_th = 3.173567e+00, time=2025-04-11 13:42:38 
jj1 = 578, max_th = 1.434132e+00, time=2025-04-11 13:44:05 
jj1 = 777, max_th = 2.270321e+00, time=2025-04-11 13:47:12 
jj1 = 754, max_th = 2.347402e+00, time=2025-04-11 13:47:44 
jj1 = 529, max_th = 2.031559e+00, time=2025-04-11 13:47:47 
jj1 = 717, max_th = 2.332237e+00, time=2025-04-11 13:53:56 
jj1 = 614, max_th = 2.659782e+00, time=2025-04-11 13:54:39 
jj1 = 695, max_th = 2.060292e+00, time=2025-04-11 13:54:40 
jj1 = 613, max_th = 3.514216e+00, time=2025-04-11 13:54:50 
jj1 = 776, max_th = 1.117766e+00, time=2025-04-11 13:54:51 
jj1 = 636, max_th = 1.694681e+00, time=2025-04-11 13:57:26 
jj1 = 679, max_th = 2.096343e+00, time=2025-04-11 13:59:20 
jj1 = 558, max_th = 1.903756e+00, time=2025-04-11 14:01:21 
jj1 = 753, max_th = 2.732863e+00, time=2025-04-11 14:01:22 
jj1 = 775, max_th = 2.845371e+00, time=2025-04-11 14:01:53 
jj1 = 590, max_th = 1.811893e+00, time=2025-04-11 14:03:26 
jj1 = 716, max_th = 1.658635e+00, time=2025-04-11 14:10:19 
jj1 = 557, max_th = 1.056720e+00, time=2025-04-11 14:11:25 
jj1 = 649, max_th = 2.616174e+00, time=2025-04-11 14:12:32 
jj1 = 577, max_th = 1.422892e+00, time=2025-04-11 14:12:51 
jj1 = 774, max_th = 7.648963e-01, time=2025-04-11 14:14:07 
jj1 = 694, max_th = 2.039248e+00, time=2025-04-11 14:17:22 
jj1 = 612, max_th = 2.265936e+00, time=2025-04-11 14:18:16 
jj1 = 808, max_th = 1.925923e+00, time=2025-04-11 14:23:04 
jj1 = 589, max_th = 1.555492e+00, time=2025-04-11 14:24:46 
jj1 = 788, max_th = 2.716131e+00, time=2025-04-11 14:25:15 
jj1 = 678, max_th = 2.056750e+00, time=2025-04-11 14:26:53 
jj1 = 635, max_th = 1.826791e+00, time=2025-04-11 14:29:21 
jj1 = 752, max_th = 1.872722e+00, time=2025-04-11 14:30:01 
jj1 = 715, max_th = 2.187617e+00, time=2025-04-11 14:30:05 
jj1 = 611, max_th = 2.603793e+00, time=2025-04-11 14:31:23 
jj1 = 714, max_th = 6.345211e-01, time=2025-04-11 14:32:42 
jj1 = 773, max_th = 1.663529e+00, time=2025-04-11 14:33:43 
jj1 = 576, max_th = 2.037087e+00, time=2025-04-11 14:38:00 
jj1 = 556, max_th = 2.018071e+00, time=2025-04-11 14:38:30 
jj1 = 693, max_th = 1.674671e+00, time=2025-04-11 14:43:35 
jj1 = 677, max_th = 2.549175e+00, time=2025-04-11 14:44:14 
jj1 = 610, max_th = 1.506766e+00, time=2025-04-11 14:44:38 
jj1 = 818, max_th = 1.987797e+00, time=2025-04-11 14:46:04 
jj1 = 772, max_th = 2.481166e+00, time=2025-04-11 14:48:22 
jj1 = 751, max_th = 2.623837e+00, time=2025-04-11 14:48:53 
jj1 = 713, max_th = 2.485794e+00, time=2025-04-11 14:50:08 
jj1 = 634, max_th = 2.288242e+00, time=2025-04-11 14:51:18 
jj1 = 555, max_th = 1.347238e+00, time=2025-04-11 14:53:40 
jj1 = 817, max_th = 9.469089e-01, time=2025-04-11 14:55:11 
jj1 = 787, max_th = 1.771399e+00, time=2025-04-11 14:55:57 
jj1 = 807, max_th = 1.657348e+00, time=2025-04-11 14:59:41 
jj1 = 786, max_th = 8.997643e-01, time=2025-04-11 14:59:44 
jj1 = 609, max_th = 1.683749e+00, time=2025-04-11 15:01:30 
jj1 = 676, max_th = 1.423959e+00, time=2025-04-11 15:02:44 
jj1 = 750, max_th = 1.343412e+00, time=2025-04-11 15:02:59 
jj1 = 575, max_th = 2.372839e+00, time=2025-04-11 15:03:40 
jj1 = 878, max_th = 3.105149e+00, time=2025-04-11 15:04:09 
jj1 = 633, max_th = 1.329417e+00, time=2025-04-11 15:06:21 
jj1 = 692, max_th = 2.167060e+00, time=2025-04-11 15:08:13 
jj1 = 771, max_th = 1.863134e+00, time=2025-04-11 15:11:08 
jj1 = 816, max_th = 2.092329e+00, time=2025-04-11 15:14:12 
jj1 = 877, max_th = 1.245743e+00, time=2025-04-11 15:18:29 
jj1 = 574, max_th = 1.415790e+00, time=2025-04-11 15:18:45 
jj1 = 554, max_th = 2.008439e+00, time=2025-04-11 15:23:00 
jj1 = 675, max_th = 2.234028e+00, time=2025-04-11 15:25:12 
jj1 = 806, max_th = 1.652986e+00, time=2025-04-11 15:25:28 
jj1 = 712, max_th = 2.012869e+00, time=2025-04-11 15:26:38 
jj1 = 785, max_th = 1.681451e+00, time=2025-04-11 15:28:27 
jj1 = 749, max_th = 1.875554e+00, time=2025-04-11 15:28:43 
jj1 = 770, max_th = 1.900723e+00, time=2025-04-11 15:29:59 
jj1 = 815, max_th = 2.220488e+00, time=2025-04-11 15:36:27 
jj1 = 691, max_th = 2.029767e+00, time=2025-04-11 15:37:17 
jj1 = 876, max_th = 1.247207e+00, time=2025-04-11 15:38:16 
jj1 = 769, max_th = 1.225906e+00, time=2025-04-11 15:38:25 
jj1 = 784, max_th = 1.223675e+00, time=2025-04-11 15:38:29 
jj1 = 632, max_th = 1.943355e+00, time=2025-04-11 15:39:36 
jj1 = 805, max_th = 1.381603e+00, time=2025-04-11 15:41:52 
jj1 = 814, max_th = 2.822468e+00, time=2025-04-11 15:43:51 
jj1 = 711, max_th = 1.895641e+00, time=2025-04-11 15:45:43 
jj1 = 553, max_th = 1.563121e+00, time=2025-04-11 15:46:43 
jj1 = 674, max_th = 2.221674e+00, time=2025-04-11 15:50:37 
jj1 = 893, max_th = 1.290441e+00, time=2025-04-11 15:50:42 
jj1 = 573, max_th = 1.536847e+00, time=2025-04-11 15:52:11 
jj1 = 804, max_th = 1.264216e+00, time=2025-04-11 15:55:04 
jj1 = 710, max_th = 2.604427e+00, time=2025-04-11 15:55:40 
jj1 = 690, max_th = 2.587621e+00, time=2025-04-11 15:56:14 
jj1 = 848, max_th = 1.878898e+00, time=2025-04-11 15:58:36 
jj1 = 783, max_th = 2.241684e+00, time=2025-04-11 16:00:19 
jj1 = 631, max_th = 2.292006e+00, time=2025-04-11 16:01:37 
jj1 = 875, max_th = 2.354794e+00, time=2025-04-11 16:05:26 
jj1 = 709, max_th = 2.549569e+00, time=2025-04-11 16:06:32 
jj1 = 552, max_th = 1.800752e+00, time=2025-04-11 16:07:24 
jj1 = 630, max_th = 9.517495e-01, time=2025-04-11 16:07:29 
jj1 = 782, max_th = 1.098959e+00, time=2025-04-11 16:08:09 
jj1 = 572, max_th = 2.320042e+00, time=2025-04-11 16:10:11 
jj1 = 803, max_th = 1.353816e+00, time=2025-04-11 16:12:01 
jj1 = 892, max_th = 1.811019e+00, time=2025-04-11 16:13:14 
jj1 = 781, max_th = 1.015333e+00, time=2025-04-11 16:14:10 
jj1 = 847, max_th = 2.563892e+00, time=2025-04-11 16:14:47 
jj1 = 673, max_th = 2.216927e+00, time=2025-04-11 16:15:28 
jj1 = 813, max_th = 1.390990e+00, time=2025-04-11 16:16:50 
jj1 = 802, max_th = 2.825203e+00, time=2025-04-11 16:19:28 
jj1 = 689, max_th = 2.005510e+00, time=2025-04-11 16:20:07 
jj1 = 812, max_th = 8.762534e-01, time=2025-04-11 16:21:03 
jj1 = 846, max_th = 2.838300e+00, time=2025-04-11 16:22:18 
jj1 = 629, max_th = 1.278130e+00, time=2025-04-11 16:27:56 
jj1 = 551, max_th = 1.640305e+00, time=2025-04-11 16:29:11 
jj1 = 891, max_th = 1.489783e+00, time=2025-04-11 16:30:36 
jj1 = 801, max_th = 2.450944e+00, time=2025-04-11 16:31:08 
jj1 = 874, max_th = 1.818269e+00, time=2025-04-11 16:32:46 
jj1 = 571, max_th = 1.682984e+00, time=2025-04-11 16:35:00 
jj1 = 845, max_th = 1.551766e+00, time=2025-04-11 16:38:34 
jj1 = 858, max_th = 1.592055e+00, time=2025-04-11 16:38:53 
jj1 = 798, max_th = 2.386896e+00, time=2025-04-11 16:39:03 
jj1 = 780, max_th = 1.687052e+00, time=2025-04-11 16:39:16 
jj1 = 779, max_th = -1.094047e+00, time=2025-04-11 16:42:40 
jj1 = 672, max_th = 1.666100e+00, time=2025-04-11 16:45:12 
jj1 = 811, max_th = 1.836781e+00, time=2025-04-11 16:46:35 
jj1 = 810, max_th = 4.930133e-01, time=2025-04-11 16:46:56 
jj1 = 838, max_th = 1.682963e+00, time=2025-04-11 16:47:46 
jj1 = 797, max_th = 1.422838e+00, time=2025-04-11 16:48:21 
jj1 = 903, max_th = 1.051179e+00, time=2025-04-11 16:48:37 
jj1 = 800, max_th = 2.351561e+00, time=2025-04-11 16:49:02 
jj1 = 857, max_th = 2.704049e+00, time=2025-04-11 16:49:49 
jj1 = 799, max_th = 3.506995e+00, time=2025-04-11 16:49:52 
jj1 = 902, max_th = 3.180836e+00, time=2025-04-11 16:50:36 
jj1 = 550, max_th = 2.018876e+00, time=2025-04-11 16:50:55 
jj1 = 890, max_th = 2.180413e+00, time=2025-04-11 16:56:02 
jj1 = 901, max_th = 2.836633e+00, time=2025-04-11 16:57:04 
jj1 = 844, max_th = 1.604708e+00, time=2025-04-11 16:59:51 
jj1 = 873, max_th = 2.017999e+00, time=2025-04-11 17:00:18 
jj1 = 570, max_th = 2.249231e+00, time=2025-04-11 17:00:53 
jj1 = 872, max_th = 3.978305e+00, time=2025-04-11 17:00:56 
jj1 = 843, max_th = 6.792942e-01, time=2025-04-11 17:01:07 
jj1 = 671, max_th = 1.999638e+00, time=2025-04-11 17:01:20 
jj1 = 837, max_th = 2.509196e+00, time=2025-04-11 17:01:25 
jj1 = 856, max_th = 2.572395e+00, time=2025-04-11 17:01:50 
jj1 = 809, max_th = 1.576521e+00, time=2025-04-11 17:04:17 
jj1 = 549, max_th = 2.487500e+00, time=2025-04-11 17:05:06 
jj1 = 898, max_th = 2.346109e+00, time=2025-04-11 17:06:46 
jj1 = 897, max_th = 6.795014e-01, time=2025-04-11 17:08:23 
jj1 = 871, max_th = 2.497734e+00, time=2025-04-11 17:10:03 
jj1 = 796, max_th = 1.936280e+00, time=2025-04-11 17:10:13 
jj1 = 569, max_th = 1.453521e+00, time=2025-04-11 17:12:05 
jj1 = 900, max_th = 2.198302e+00, time=2025-04-11 17:14:26 
jj1 = 908, max_th = 2.463161e+00, time=2025-04-11 17:15:01 
jj1 = 670, max_th = 2.535144e+00, time=2025-04-11 17:15:53 
jj1 = 889, max_th = 2.186952e+00, time=2025-04-11 17:16:09 
jj1 = 842, max_th = 1.650982e+00, time=2025-04-11 17:16:38 
jj1 = 828, max_th = 1.815183e+00, time=2025-04-11 17:16:56 
jj1 = 923, max_th = 2.983784e+00, time=2025-04-11 17:19:36 
jj1 = 836, max_th = 2.257468e+00, time=2025-04-11 17:21:05 
jj1 = 855, max_th = 1.934112e+00, time=2025-04-11 17:21:17 
jj1 = 870, max_th = 2.535361e+00, time=2025-04-11 17:21:39 
jj1 = 922, max_th = 6.965338e-01, time=2025-04-11 17:23:07 
jj1 = 869, max_th = 1.002135e+00, time=2025-04-11 17:25:16 
jj1 = 795, max_th = 1.753830e+00, time=2025-04-11 17:25:51 
jj1 = 899, max_th = 2.595739e+00, time=2025-04-11 17:25:55 
jj1 = 827, max_th = 1.527610e+00, time=2025-04-11 17:26:23 
jj1 = 835, max_th = 9.802319e-01, time=2025-04-11 17:27:56 
jj1 = 896, max_th = 1.787654e+00, time=2025-04-11 17:30:05 
jj1 = 841, max_th = 1.418682e+00, time=2025-04-11 17:30:42 
jj1 = 921, max_th = 2.681853e+00, time=2025-04-11 17:30:59 
jj1 = 943, max_th = 1.002631e+00, time=2025-04-11 17:31:15 
jj1 = 868, max_th = 1.855915e+00, time=2025-04-11 17:31:21 
jj1 = 907, max_th = 2.030298e+00, time=2025-04-11 17:32:48 
jj1 = 826, max_th = 2.650336e+00, time=2025-04-11 17:34:56 
jj1 = 834, max_th = 2.719951e+00, time=2025-04-11 17:36:10 
jj1 = 913, max_th = 2.175237e+00, time=2025-04-11 17:36:21 
jj1 = 669, max_th = 1.307131e+00, time=2025-04-11 17:39:09 
jj1 = 854, max_th = 1.620111e+00, time=2025-04-11 17:40:53 
jj1 = 912, max_th = 2.855471e+00, time=2025-04-11 17:41:18 
jj1 = 794, max_th = 2.694230e+00, time=2025-04-11 17:44:36 
jj1 = 867, max_th = 1.659588e+00, time=2025-04-11 17:46:50 
jj1 = 895, max_th = 2.088985e+00, time=2025-04-11 17:46:55 
jj1 = 920, max_th = 2.137363e+00, time=2025-04-11 17:48:00 
jj1 = 888, max_th = 2.236004e+00, time=2025-04-11 17:48:57 
jj1 = 942, max_th = 1.904493e+00, time=2025-04-11 17:49:49 
jj1 = 853, max_th = 1.667848e+00, time=2025-04-11 17:50:38 
jj1 = 866, max_th = 2.708726e+00, time=2025-04-11 17:52:53 
jj1 = 840, max_th = 2.156961e+00, time=2025-04-11 17:52:56 
jj1 = 833, max_th = 1.875810e+00, time=2025-04-11 17:54:37 
jj1 = 906, max_th = 1.743284e+00, time=2025-04-11 17:54:42 
jj1 = 825, max_th = 2.116102e+00, time=2025-04-11 17:55:08 
jj1 = 911, max_th = 1.607774e+00, time=2025-04-11 17:56:26 
jj1 = 824, max_th = 6.583255e-01, time=2025-04-11 17:56:41 
jj1 = 887, max_th = 1.756253e+00, time=2025-04-11 17:58:35 
jj1 = 919, max_th = 2.384046e+00, time=2025-04-11 17:58:38 
jj1 = 852, max_th = 2.078710e+00, time=2025-04-11 18:00:45 
jj1 = 839, max_th = 1.154481e+00, time=2025-04-11 18:02:31 
jj1 = 865, max_th = 1.162842e+00, time=2025-04-11 18:03:55 
jj1 = 851, max_th = 3.055058e+00, time=2025-04-11 18:04:03 
jj1 = 832, max_th = 1.219587e+00, time=2025-04-11 18:04:39 
jj1 = 793, max_th = 1.904956e+00, time=2025-04-11 18:05:37 
jj1 = 894, max_th = 1.369879e+00, time=2025-04-11 18:07:59 
jj1 = 905, max_th = 1.569964e+00, time=2025-04-11 18:08:58 
jj1 = 910, max_th = 1.834627e+00, time=2025-04-11 18:11:19 
jj1 = 864, max_th = 1.421251e+00, time=2025-04-11 18:11:30 
jj1 = 941, max_th = 1.872010e+00, time=2025-04-11 18:11:33 
jj1 = 823, max_th = 2.190194e+00, time=2025-04-11 18:13:01 
jj1 = 964, max_th = 1.870986e+00, time=2025-04-11 18:14:19 
jj1 = 886, max_th = 2.231482e+00, time=2025-04-11 18:15:58 
jj1 = 831, max_th = 2.247304e+00, time=2025-04-11 18:19:07 
jj1 = 918, max_th = 2.284964e+00, time=2025-04-11 18:19:46 
jj1 = 850, max_th = 2.343392e+00, time=2025-04-11 18:20:35 
jj1 = 863, max_th = 2.458921e+00, time=2025-04-11 18:21:07 
jj1 = 830, max_th = 3.022305e+00, time=2025-04-11 18:22:08 
jj1 = 904, max_th = 2.138751e+00, time=2025-04-11 18:25:00 
jj1 = 792, max_th = 1.832081e+00, time=2025-04-11 18:26:07 
jj1 = 917, max_th = 1.352224e+00, time=2025-04-11 18:26:12 
jj1 = 909, max_th = 1.597408e+00, time=2025-04-11 18:27:39 
jj1 = 948, max_th = 2.137003e+00, time=2025-04-11 18:28:18 
jj1 = 822, max_th = 1.707103e+00, time=2025-04-11 18:28:51 
jj1 = 849, max_th = 1.699040e+00, time=2025-04-11 18:31:24 
jj1 = 963, max_th = 1.918510e+00, time=2025-04-11 18:31:46 
jj1 = 940, max_th = 2.079298e+00, time=2025-04-11 18:32:43 
jj1 = 916, max_th = 2.616735e+00, time=2025-04-11 18:34:07 
jj1 = 928, max_th = 2.670858e+00, time=2025-04-11 18:35:34 
jj1 = 791, max_th = 2.530954e+00, time=2025-04-11 18:37:57 
jj1 = 790, max_th = 6.768859e-01, time=2025-04-11 18:38:37 
jj1 = 862, max_th = 2.090137e+00, time=2025-04-11 18:38:58 
jj1 = 861, max_th = 3.048211e+00, time=2025-04-11 18:40:13 
jj1 = 968, max_th = 2.639244e+00, time=2025-04-11 18:40:15 
jj1 = 885, max_th = 1.722306e+00, time=2025-04-11 18:41:19 
jj1 = 962, max_th = 1.351605e+00, time=2025-04-11 18:41:26 
jj1 = 952, max_th = 2.184132e+00, time=2025-04-11 18:41:32 
jj1 = 829, max_th = 1.864864e+00, time=2025-04-11 18:41:43 
jj1 = 821, max_th = 1.599550e+00, time=2025-04-11 18:42:16 
jj1 = 820, max_th = 3.181884e+00, time=2025-04-11 18:43:08 
jj1 = 939, max_th = 1.161607e+00, time=2025-04-11 18:43:11 
jj1 = 938, max_th = 2.667093e+00, time=2025-04-11 18:43:32 
jj1 = 915, max_th = 2.491588e+00, time=2025-04-11 18:45:46 
jj1 = 947, max_th = 1.459359e+00, time=2025-04-11 18:47:16 
jj1 = 951, max_th = 2.519139e+00, time=2025-04-11 18:49:54 
jj1 = 884, max_th = 1.100623e+00, time=2025-04-11 18:49:58 
jj1 = 860, max_th = 2.454873e+00, time=2025-04-11 18:52:01 
jj1 = 967, max_th = 1.502252e+00, time=2025-04-11 18:52:12 
jj1 = 789, max_th = 1.796670e+00, time=2025-04-11 18:54:34 
jj1 = 927, max_th = 1.922208e+00, time=2025-04-11 18:57:25 
jj1 = 914, max_th = 1.528094e+00, time=2025-04-11 18:57:54 
jj1 = 966, max_th = 1.320896e+00, time=2025-04-11 18:58:38 
jj1 = 961, max_th = 1.822767e+00, time=2025-04-11 18:59:12 
jj1 = 946, max_th = 2.838387e+00, time=2025-04-11 19:01:28 
jj1 = 859, max_th = 2.528259e+00, time=2025-04-11 19:02:04 
jj1 = 972, max_th = 1.888027e+00, time=2025-04-11 19:02:12 
jj1 = 980, max_th = 1.005788e+00, time=2025-04-11 19:04:28 
jj1 = 883, max_th = 2.195889e+00, time=2025-04-11 19:04:45 
jj1 = 950, max_th = 1.647925e+00, time=2025-04-11 19:07:04 
jj1 = 945, max_th = 1.295678e+00, time=2025-04-11 19:09:12 
jj1 = 984, max_th = 1.855898e+00, time=2025-04-11 19:10:47 
jj1 = 965, max_th = 1.894144e+00, time=2025-04-11 19:11:10 
jj1 = 819, max_th = 2.158746e+00, time=2025-04-11 19:12:59 
jj1 = 979, max_th = 2.572755e+00, time=2025-04-11 19:14:42 
jj1 = 933, max_th = 2.010286e+00, time=2025-04-11 19:14:50 
jj1 = 996, max_th = 2.845933e+00, time=2025-04-11 19:15:14 
jj1 = 926, max_th = 2.355410e+00, time=2025-04-11 19:16:01 
jj1 = 978, max_th = 1.216065e+00, time=2025-04-11 19:18:43 
jj1 = 882, max_th = 2.028390e+00, time=2025-04-11 19:19:00 
jj1 = 971, max_th = 2.481420e+00, time=2025-04-11 19:21:05 
jj1 = 956, max_th = 2.450444e+00, time=2025-04-11 19:24:03 
jj1 = 932, max_th = 1.794336e+00, time=2025-04-11 19:24:17 
jj1 = 881, max_th = 2.818525e+00, time=2025-04-11 19:24:40 
jj1 = 977, max_th = 2.610971e+00, time=2025-04-11 19:24:51 
jj1 = 949, max_th = 2.233956e+00, time=2025-04-11 19:25:07 
jj1 = 944, max_th = 2.215213e+00, time=2025-04-11 19:25:21 
jj1 = 925, max_th = 2.210750e+00, time=2025-04-11 19:26:25 
jj1 = 983, max_th = 2.017551e+00, time=2025-04-11 19:27:16 
jj1 = 992, max_th = 2.940559e+00, time=2025-04-11 19:32:18 
jj1 = 931, max_th = 1.597269e+00, time=2025-04-11 19:32:22 
jj1 = 970, max_th = 2.168161e+00, time=2025-04-11 19:32:44 
jj1 = 995, max_th = 2.131472e+00, time=2025-04-11 19:32:48 
jj1 = 880, max_th = 1.920711e+00, time=2025-04-11 19:34:07 
jj1 = 991, max_th = 7.575140e-01, time=2025-04-11 19:35:13 
jj1 = 924, max_th = 2.319878e+00, time=2025-04-11 19:35:14 
jj1 = 955, max_th = 1.460974e+00, time=2025-04-11 19:35:39 
jj1 = 879, max_th = 3.105548e+00, time=2025-04-11 19:35:46 
jj1 = 937, max_th = 2.360563e+00, time=2025-04-11 19:39:23 
jj1 = 988, max_th = 2.384755e+00, time=2025-04-11 19:40:44 
jj1 = 982, max_th = 1.739342e+00, time=2025-04-11 19:40:53 
jj1 = 981, max_th = 4.535415e-01, time=2025-04-11 19:41:09 
jj1 = 969, max_th = 2.232644e+00, time=2025-04-11 19:41:16 
jj1 = 997, max_th = 1.519398e+00, time=2025-04-11 19:44:14 
jj1 = 960, max_th = 3.206275e+00, time=2025-04-11 19:45:20 
jj1 = 930, max_th = 2.415514e+00, time=2025-04-11 19:46:34 
jj1 = 954, max_th = 2.227610e+00, time=2025-04-11 19:46:38 
jj1 = 994, max_th = 2.404101e+00, time=2025-04-11 19:47:21 
jj1 = 976, max_th = 1.978249e+00, time=2025-04-11 19:48:34 
jj1 = 936, max_th = 1.837009e+00, time=2025-04-11 19:48:45 
jj1 = 999, max_th = 1.475284e+00, time=2025-04-11 19:48:50 
jj1 = 990, max_th = 1.827731e+00, time=2025-04-11 19:49:07 
jj1 = 993, max_th = 2.966199e+00, time=2025-04-11 19:49:15 
jj1 = 959, max_th = 1.493781e+00, time=2025-04-11 19:49:56 
jj1 = 987, max_th = 1.973422e+00, time=2025-04-11 19:50:30 
jj1 = 929, max_th = 2.294105e+00, time=2025-04-11 19:53:22 
jj1 = 986, max_th = 1.397595e+00, time=2025-04-11 19:53:58 
jj1 = 975, max_th = 2.380904e+00, time=2025-04-11 19:54:57 
jj1 = 953, max_th = 1.760362e+00, time=2025-04-11 19:55:07 
jj1 = 958, max_th = 1.712244e+00, time=2025-04-11 19:56:28 
jj1 = 985, max_th = 1.228246e+00, time=2025-04-11 19:56:59 
jj1 = 935, max_th = 1.761793e+00, time=2025-04-11 19:57:27 
jj1 = 989, max_th = 1.304279e+00, time=2025-04-11 19:57:43 
jj1 = 1000, max_th = 2.273311e+00, time=2025-04-11 19:58:57 
jj1 = 934, max_th = 2.499276e+00, time=2025-04-11 19:59:54 
jj1 = 957, max_th = 2.592480e+00, time=2025-04-11 19:59:58 
jj1 = 974, max_th = 2.389830e+00, time=2025-04-11 20:02:04 
jj1 = 998, max_th = 2.459875e+00, time=2025-04-11 20:04:11 
jj1 = 973, max_th = 1.512233e+00, time=2025-04-11 20:07:08 
>> >> >> >> >> >> >> >> >> 