MATLAB is selecting SOFTWARE OPENGL rendering.

                            < M A T L A B (R) >
                  Copyright 1984-2021 The MathWorks, Inc.
                  R2021b (9.11.0.1769968) 64-bit (glnxa64)
                             September 17, 2021

 
To get started, type doc.
For product information, visit www.mathworks.com.
 
>> >> >> >> >> >> >> >> >> >> >> >> >> >> >> >> >> >> >> Starting parallel pool (parpool) using the 'local' profile ...
[Warning: A task was unexpectedly found in state: Unavailable.] 
[> In parallel.cluster.Local/deriveJobStateFromTasks (line 29)
In parallel.cluster/Local/getJobState (line 174)
In parallel.cluster/CJSCluster/hGetJobState (line 375)
In parallel.internal.cluster/CJSJobMixin/hGetStateEnum (line 175)
In parallel/Job/get.StateEnum (line 247)
In parallel/Job/get.State (line 239)
In parallel.internal.customattr.CustomGetSet>iVectorisedGetHelper (line 128)
In parallel.internal.customattr.CustomGetSet>@(a,b,c)iVectorisedGetHelper(obj,a,b,c) (line 102)
In parallel.internal.customattr/CustomGetSet/doVectorisedGet (line 103)
In parallel.internal.customattr/CustomGetSet/hVectorisedGet (line 76)
In parallel.internal.customattr.GetSetImpl>iAccessProperties (line 322)
In parallel.internal.customattr.GetSetImpl>iGetAllPropertiesVec (line 264)
In parallel.internal.customattr/GetSetImpl/getImpl (line 133)
In parallel.internal.customattr.CustomGetSet>iHetFunGetFunction (line 154)
In parallel.internal.customattr.CustomGetSet>@(o)iHetFunGetFunction(o,props) (line 139)
In parallel.internal.cluster.hetfun (line 46)
In parallel.internal.customattr.CustomGetSet>iHetFunGetProperty (line 139)
In parallel.internal.customattr/CustomGetSet/get (line 38)
In parallel.internal.pool/AbstractInteractiveClient/pRemoveOldJobs (line 211)
In parallel.internal.pool/AbstractInteractiveClient/start (line 103)
In parallel.internal.pool.AbstractClusterPool>iStartClient (line 831)
In parallel.internal.pool/AbstractClusterPool/hBuildPool (line 585)
In parallel.internal.pool.doParpool (line 22)
In parpool (line 123)
In parallel.internal.parpool.getOrCreateCurrentPool (line 17)
In parallel.internal.pool/PoolArrayManager/getOrAutoCreateWithCleanup (line 44)
In pctTryCreatePoolIfNecessary (line 28)
In parallel_function (line 423)
In fn_measure (line 41)] 
Connected to the parallel pool (number of workers: 12).
Error of vP is 5.471470e-08 
Error of vP is 5.020213e-08 
Error of vP is 5.423009e-08 
Error of vP is 8.078198e-08 
Error of vP is 6.904790e-08 
Error of vP is 5.931082e-08 
Error of vP is 5.169729e-08 
Error of vP is 5.396972e-08 
Error of vP is 6.358748e-08 
Error of vP is 5.576867e-08 
Error of vP is 7.033841e-08 
Error of vP is 1.223097e-07 
Error of vP is 5.497506e-08 
Error of vP is 7.214241e-08 
Error of vP is 8.551938e-08 
Error of vP is 8.047723e-08 
Error of vP is 1.241627e-07 
Error of vP is 1.427240e-07 
Error of vP is 1.041294e-07 
Error of vP is 5.477012e-08 
Error of vP is 5.314928e-08 
Error of vP is 1.121202e-07 
Error of vP is 5.206056e-08 
Error of vP is 5.899506e-08 
Error of vP is 1.223679e-07 
Error of vP is 7.325432e-08 
Error of vP is 7.481649e-08 
Error of vP is 1.097326e-07 
Error of vP is 6.558618e-08 
Error of vP is 5.277540e-08 
Error of vP is 6.565448e-08 
Error of vP is 6.697607e-08 
Error of vP is 9.244579e-08 
Error of vP is 9.573756e-08 
Error of vP is 6.830387e-08 
Error of vP is 7.060157e-08 
Error of vP is 1.045902e-07 
Error of vP is 5.367351e-08 
Error of vP is 5.800336e-08 
Error of vP is 1.146885e-07 
Error of vP is 7.677378e-08 
Error of vP is 1.538139e-07 
Error of vP is 1.178781e-07 
Error of vP is 1.052843e-07 
Error of vP is 8.054139e-08 
Error of vP is 9.406761e-08 
Error of vP is 3.091480e-07 
Error of vP is 7.511775e-08 
Error of vP is 8.991331e-08 
Error of vP is 1.000881e-07 
Error of vP is 7.160097e-08 
Error of vP is 7.310199e-08 
Error of vP is 6.804372e-08 
Error of vP is 5.308590e-08 
Error of vP is 5.014458e-08 
Error of vP is 5.015676e-08 
Error of vP is 5.264274e-08 
Error of vP is 8.558247e-08 
Error of vP is 8.078917e-08 
Error of vP is 7.418378e-08 
Error of vP is 1.071639e-07 
Error of vP is 1.098027e-07 
Error of vP is 1.166805e-07 
Error of vP is 7.117539e-08 
Error of vP is 7.148951e-08 
Error of vP is 8.411172e-08 
Error of vP is 9.964299e-08 
Error of vP is 1.940344e-07 
Error of vP is 1.312484e-07 
Error of vP is 6.203887e-08 
Error of vP is 1.927623e-07 
Error of vP is 1.689103e-07 
Error of vP is 6.659905e-08 
Error of vP is 7.012493e-08 
Error of vP is 5.433052e-08 
Error of vP is 6.784428e-08 
Error of vP is 8.348228e-08 
Error of vP is 6.263509e-08 
Error of vP is 7.683423e-08 
Error of vP is 5.177230e-08 
Error of vP is 7.156702e-08 
Error of vP is 5.215376e-08 
Error of vP is 5.391280e-08 
Error of vP is 6.069083e-08 
Error of vP is 8.843436e-08 
Error of vP is 8.474662e-08 
Error of vP is 6.443202e-08 
Error of vP is 8.487589e-08 
Error of vP is 7.726552e-08 
Error of vP is 1.628766e-07 
Error of vP is 5.861146e-08 
Error of vP is 5.294460e-08 
Error of vP is 1.259822e-07 
Error of vP is 6.412132e-08 
Error of vP is 5.816569e-08 
Error of vP is 5.414739e-08 
Error of vP is 6.715951e-08 
Error of vP is 6.057541e-08 
Error of vP is 5.088193e-08 
Error of vP is 7.476602e-08 
Error of vP is 6.206975e-08 
Error of vP is 6.809159e-08 
Error of vP is 1.501899e-07 
Error of vP is 5.740317e-08 
Error of vP is 1.065795e-07 
Error of vP is 5.228261e-08 
Error of vP is 1.019950e-07 
Error of vP is 1.334132e-07 
Error of vP is 9.054511e-08 
Error of vP is 7.199702e-08 
Error of vP is 5.571055e-08 
Error of vP is 5.293813e-08 
Error of vP is 1.583760e-07 
Error of vP is 1.736303e-07 
Error of vP is 7.366592e-08 
Error of vP is 1.165753e-07 
Error of vP is 5.243470e-08 
Error of vP is 1.202470e-07 
Error of vP is 1.001854e-07 
Error of vP is 1.241692e-07 
Error of vP is 9.523653e-08 
Error of vP is 5.881908e-08 
Error of vP is 6.613945e-08 
Error of vP is 9.224904e-08 
Error of vP is 5.146709e-08 
Error of vP is 5.972593e-08 
Error of vP is 6.114636e-08 
Error of vP is 5.462213e-08 
Error of vP is 5.815155e-08 
Error of vP is 6.472356e-08 
Error of vP is 5.636398e-08 
Error of vP is 5.277168e-08 
Error of vP is 5.161349e-08 
Error of vP is 6.998239e-08 
Error of vP is 8.116169e-08 
Error of vP is 9.309148e-08 
Error of vP is 5.720195e-08 
Error of vP is 6.790343e-08 
Error of vP is 5.389696e-08 
Error of vP is 7.473195e-08 
Error of vP is 9.982163e-08 
Error of vP is 7.313252e-08 
Error of vP is 7.901110e-08 
Error of vP is 6.930107e-08 
Error of vP is 5.228435e-08 
Error of vP is 5.775105e-08 
Error of vP is 6.873653e-08 
Error of vP is 7.465996e-08 
Error of vP is 5.231418e-08 
Error of vP is 8.129104e-08 
Error of vP is 5.736029e-08 
Error of vP is 5.427339e-08 
Error of vP is 5.485873e-08 
Error of vP is 7.223119e-08 
Error of vP is 5.314044e-08 
Error of vP is 1.005558e-07 
Error of vP is 7.143031e-08 
Error of vP is 5.129470e-08 
Error of vP is 7.034457e-08 
Error of vP is 7.043150e-08 
Error of vP is 8.162091e-08 
Error of vP is 5.755990e-08 
Error of vP is 1.584669e-07 
Error of vP is 1.089865e-07 
Error of vP is 1.052690e-07 
Error of vP is 1.969128e-07 
Error of vP is 1.598027e-07 
Error of vP is 7.626314e-08 
Error of vP is 6.555420e-08 
Error of vP is 1.235380e-07 
Error of vP is 7.530492e-08 
Error of vP is 6.019643e-08 
Error of vP is 5.901577e-08 
Error of vP is 5.837692e-08 
Error of vP is 8.314594e-08 
Error of vP is 1.102091e-07 
Error of vP is 5.909659e-08 
Error of vP is 5.608165e-08 
Error of vP is 5.059226e-08 
Error of vP is 5.168932e-08 
Error of vP is 5.014378e-08 
Error of vP is 5.979935e-08 
Error of vP is 5.863630e-08 
Error of vP is 9.537196e-08 
Error of vP is 1.160487e-07 
Error of vP is 5.618386e-08 
Error of vP is 8.498491e-08 
Error of vP is 5.787276e-08 
Error of vP is 1.474033e-07 
Error of vP is 9.161131e-08 
Error of vP is 1.374880e-07 
Error of vP is 5.828538e-08 
Error of vP is 5.344504e-08 
Error of vP is 6.276955e-08 
Error of vP is 5.159265e-08 
Error of vP is 5.472632e-08 
Error of vP is 5.000703e-08 
Error of vP is 9.089403e-08 
Error of vP is 7.254211e-08 
Error of vP is 6.625071e-08 
Error of vP is 5.314463e-08 
Error of vP is 5.555737e-08 
Error of vP is 8.371600e-08 
Error of vP is 5.367453e-08 
Error of vP is 5.651245e-08 
Error of vP is 1.033861e-07 
Error of vP is 5.644614e-08 
Error of vP is 8.684079e-08 
Error of vP is 7.260686e-08 
Error of vP is 9.636166e-08 
Error of vP is 5.711033e-08 
Error of vP is 5.388308e-08 
Error of vP is 9.304621e-08 
Error of vP is 6.571787e-08 
Error of vP is 8.262092e-08 
Error of vP is 8.961086e-08 
Error of vP is 9.001532e-08 
Error of vP is 1.158558e-07 
Error of vP is 1.275376e-07 
Error of vP is 1.504835e-07 
Error of vP is 1.649224e-07 
Error of vP is 7.955140e-08 
Error of vP is 8.414947e-08 
Error of vP is 5.389282e-08 
Error of vP is 6.255674e-08 
Error of vP is 6.151270e-08 
Error of vP is 5.010049e-08 
Error of vP is 7.199848e-08 
Error of vP is 7.693328e-08 
Error of vP is 5.111616e-08 
Error of vP is 5.167307e-08 
Error of vP is 5.373948e-08 
Error of vP is 5.844824e-08 
Error of vP is 6.842351e-08 
Error of vP is 7.794613e-08 
Error of vP is 6.115968e-08 
Error of vP is 9.501118e-08 
Error of vP is 8.805087e-08 
Error of vP is 7.417758e-08 
Error of vP is 5.291504e-08 
Error of vP is 1.414405e-07 
Error of vP is 5.011931e-08 
Error of vP is 1.011089e-07 
Error of vP is 5.521348e-08 
Error of vP is 7.994534e-08 
Error of vP is 5.198127e-08 
Error of vP is 5.835888e-08 
Error of vP is 7.410270e-08 
Error of vP is 8.950406e-08 
Error of vP is 1.268423e-07 
Error of vP is 6.738455e-08 
Error of vP is 1.279698e-07 
Error of vP is 6.236369e-08 
Error of vP is 6.518743e-08 
Error of vP is 5.884187e-08 
Error of vP is 5.504509e-08 
Error of vP is 5.032068e-08 
Error of vP is 6.436620e-08 
Error of vP is 7.212016e-08 
Error of vP is 5.334927e-08 
Error of vP is 1.095781e-07 
Error of vP is 9.968433e-08 
Error of vP is 1.028367e-07 
Error of vP is 7.030454e-08 
Error of vP is 5.565587e-08 
Error of vP is 5.084841e-08 
Error of vP is 1.118403e-07 
Error of vP is 1.169936e-07 
Error of vP is 5.522934e-08 
Error of vP is 6.214645e-08 
Error of vP is 7.022860e-08 
Error of vP is 1.140368e-07 
Error of vP is 7.068683e-08 
Error of vP is 5.999843e-08 
Error of vP is 9.448891e-08 
Error of vP is 6.549728e-08 
Error of vP is 5.248403e-08 
Error of vP is 8.678212e-08 
Error of vP is 1.207771e-07 
Error of vP is 9.277909e-08 
Error of vP is 6.334900e-08 
Error of vP is 1.518214e-07 
Error of vP is 6.732445e-08 
Error of vP is 8.171224e-08 
Error of vP is 5.980616e-08 
Error of vP is 6.593047e-08 
Error of vP is 2.045042e-07 
Error of vP is 2.207923e-07 
Error of vP is 3.359925e-07 
Error of vP is 2.959820e-07 
Error of vP is 5.069943e-08 
Error of vP is 1.582927e-07 
Error of vP is 1.827569e-07 
Error of vP is 1.523217e-07 
Error of vP is 1.288358e-07 
Error of vP is 1.369673e-07 
Error of vP is 1.174603e-07 
Error of vP is 2.057538e-07 
Error of vP is 7.202001e-08 
Error of vP is 1.790680e-07 
Error of vP is 1.653602e-07 
Error of vP is 2.967751e-07 
Error of vP is 6.137860e-08 
Error of vP is 2.110632e-07 
Error of vP is 3.726461e-07 
Error of vP is 1.977309e-07 
Error of vP is 2.827842e-07 
Error of vP is 3.080575e-07 
Error of vP is 1.691720e-07 
Error of vP is 1.237414e-07 
Error of vP is 2.127452e-07 
Error of vP is 2.083919e-07 
Error of vP is 2.071240e-07 
Error of vP is 5.978903e-08 
Error of vP is 1.011714e-07 
Error of vP is 5.321277e-08 
Error of vP is 6.197927e-08 
Error of vP is 5.467263e-08 
Error of vP is 5.595588e-08 
Error of vP is 1.217949e-07 
Error of vP is 8.555195e-08 
Error of vP is 5.213150e-08 
Error of vP is 6.314260e-08 
Error of vP is 7.851565e-08 
Error of vP is 7.645666e-08 
Error of vP is 7.197880e-08 
Error of vP is 5.481076e-08 
Error of vP is 1.589051e-07 
Error of vP is 5.585978e-08 
Error of vP is 5.781967e-08 
Error of vP is 8.241734e-08 
Error of vP is 5.519450e-08 
Error of vP is 5.684914e-08 
Error of vP is 7.242026e-08 
Error of vP is 5.358961e-08 
Error of vP is 9.726387e-08 
Error of vP is 1.073522e-07 
Error of vP is 5.030624e-08 
Error of vP is 6.143669e-08 
Error of vP is 5.689600e-08 
Error of vP is 8.632298e-08 
Error of vP is 8.860215e-08 
Error of vP is 5.917663e-08 
Error of vP is 6.469681e-08 
Error of vP is 5.435476e-08 
Error of vP is 6.202151e-08 
Error of vP is 5.094258e-08 
Error of vP is 7.198349e-08 
Error of vP is 5.380930e-08 
Error of vP is 5.448199e-08 
Error of vP is 6.827020e-08 
Error of vP is 9.603192e-08 
Error of vP is 6.011315e-08 
Error of vP is 5.297568e-08 
Error of vP is 6.332203e-08 
Error of vP is 6.817384e-08 
Error of vP is 7.065408e-08 
Error of vP is 5.263608e-08 
Error of vP is 5.953378e-08 
Error of vP is 6.668119e-08 
Error of vP is 5.025230e-08 
Error of vP is 7.035324e-08 
Error of vP is 5.193000e-08 
Error of vP is 6.817285e-08 
Error of vP is 7.614420e-08 
Error of vP is 1.027433e-07 
Error of vP is 7.553741e-08 
Error of vP is 5.131399e-08 
Error of vP is 6.837582e-08 
Error of vP is 7.036949e-08 
Error of vP is 6.631220e-08 
Error of vP is 5.670926e-08 
Error of vP is 1.450054e-07 
Error of vP is 6.820688e-08 
Error of vP is 6.169916e-08 
Error of vP is 6.984913e-08 
Error of vP is 5.992560e-08 
Error of vP is 7.187180e-08 
Error of vP is 1.227945e-07 
Error of vP is 7.760963e-08 
Error of vP is 6.539551e-08 
Error of vP is 5.684274e-08 
Error of vP is 5.321681e-08 
Error of vP is 5.584192e-08 
Error of vP is 1.085871e-07 
Error of vP is 1.300681e-07 
Error of vP is 5.374977e-08 
Error of vP is 1.327798e-07 
Error of vP is 7.190019e-08 
Error of vP is 9.074823e-08 
Error of vP is 5.978005e-08 
Error of vP is 1.321067e-07 
Error of vP is 5.019376e-08 
Error of vP is 8.552513e-08 
Error of vP is 6.263997e-08 
Error of vP is 5.846521e-08 
Error of vP is 1.083785e-07 
Error of vP is 6.618869e-08 
Error of vP is 5.279369e-08 
Error of vP is 5.508135e-08 
Error of vP is 8.111830e-08 
Error of vP is 6.980567e-08 
Error of vP is 5.556948e-08 
Error of vP is 8.587785e-08 
Error of vP is 1.599301e-07 
Error of vP is 7.734910e-08 
Error of vP is 7.370844e-08 
Error of vP is 9.654487e-08 
Error of vP is 8.001057e-08 
Error of vP is 8.390657e-08 
Error of vP is 8.226182e-08 
Error of vP is 6.964193e-08 
Error of vP is 9.187270e-08 
Error of vP is 8.556667e-08 
Error of vP is 6.431046e-08 
Error of vP is 9.812044e-08 
Error of vP is 5.116622e-08 
Error of vP is 6.183117e-08 
Error of vP is 6.289983e-08 
Error of vP is 7.938728e-08 
Error of vP is 1.455618e-07 
Error of vP is 1.225627e-07 
Error of vP is 8.075412e-08 
Error of vP is 6.098594e-08 
Error of vP is 7.666020e-08 
Error of vP is 1.025523e-07 
Error of vP is 5.209694e-08 
Error of vP is 5.728451e-08 
Error of vP is 5.756758e-08 
Error of vP is 1.367065e-07 
Error of vP is 8.845847e-08 
Error of vP is 1.024704e-07 
Error of vP is 6.013930e-08 
Error of vP is 5.389797e-08 
Error of vP is 6.078242e-08 
Error of vP is 1.164808e-07 
Error of vP is 8.030734e-08 
Error of vP is 8.677347e-08 
Error of vP is 5.642837e-08 
Error of vP is 7.297131e-08 
Error of vP is 7.528509e-08 
Error of vP is 8.058370e-08 
Error of vP is 9.247298e-08 
Error of vP is 9.897478e-08 
Error of vP is 8.519421e-08 
Error of vP is 8.279033e-08 
Error of vP is 9.058230e-08 
Error of vP is 1.185262e-07 
Error of vP is 1.589163e-07 
Error of vP is 2.584606e-07 
Error of vP is 1.553272e-07 
Error of vP is 2.216434e-07 
Error of vP is 1.077550e-07 
Error of vP is 1.017272e-07 
Error of vP is 1.513931e-07 
Error of vP is 5.510905e-08 
Error of vP is 9.565238e-08 
Error of vP is 9.809272e-08 
Error of vP is 9.879794e-08 
Error of vP is 3.018436e-07 
Error of vP is 5.174327e-08 
Error of vP is 1.741411e-07 
Error of vP is 1.116555e-07 
Error of vP is 5.404457e-08 
Error of vP is 2.426939e-07 
Error of vP is 7.459178e-08 
Error of vP is 5.019865e-08 
Error of vP is 1.128743e-07 
Error of vP is 8.676392e-08 
Error of vP is 5.523744e-08 
Error of vP is 7.415829e-08 
Error of vP is 6.318225e-08 
Error of vP is 7.620721e-08 
Error of vP is 6.868205e-08 
Error of vP is 5.796442e-08 
Error of vP is 1.020501e-07 
Error of vP is 1.128013e-07 
Error of vP is 5.569288e-08 
Error of vP is 9.293505e-08 
Error of vP is 7.394856e-08 
Error of vP is 7.029139e-08 
Error of vP is 5.086440e-08 
Error of vP is 7.583963e-08 
Error of vP is 1.033294e-07 
Error of vP is 5.283943e-08 
Error of vP is 5.268229e-08 
Error of vP is 1.055039e-07 
Error of vP is 1.262963e-07 
Error of vP is 1.885342e-07 
Error of vP is 7.815986e-08 
Error of vP is 5.729249e-08 
Error of vP is 9.455377e-08 
Error of vP is 7.115795e-08 
Error of vP is 5.217321e-08 
Error of vP is 1.408231e-07 
Error of vP is 8.615399e-08 
Error of vP is 2.480144e-07 
Error of vP is 5.034494e-08 
Error of vP is 5.203934e-08 
Error of vP is 6.828297e-08 
Error of vP is 5.226921e-08 
Error of vP is 7.492810e-08 
Error of vP is 6.085821e-08 
Error of vP is 6.676986e-08 
Error of vP is 7.842916e-08 
Error of vP is 6.056020e-08 
Error of vP is 5.980855e-08 
Error of vP is 6.336015e-08 
Error of vP is 5.295112e-08 
Error of vP is 5.813812e-08 
Error of vP is 9.367678e-08 
Error of vP is 5.117718e-08 
Error of vP is 5.430173e-08 
Error of vP is 5.024002e-08 
Error of vP is 6.606709e-08 
Error of vP is 7.137305e-08 
Error of vP is 5.890475e-08 
Error of vP is 6.216228e-08 
Error of vP is 5.031730e-08 
Error of vP is 7.800936e-08 
Error of vP is 1.022381e-07 
Error of vP is 6.269129e-08 
Error of vP is 1.455662e-07 
Error of vP is 5.985040e-08 
Error of vP is 8.384303e-08 
Error of vP is 1.338865e-07 
Error of vP is 6.530168e-08 
Error of vP is 1.462484e-07 
Error of vP is 1.525249e-07 
Error of vP is 7.022596e-08 
Error of vP is 1.283247e-07 
Error of vP is 9.047124e-08 
Error of vP is 1.916105e-07 
Error of vP is 1.315060e-07 
Error of vP is 1.883501e-07 
Error of vP is 7.662140e-08 
Error of vP is 7.182109e-08 
Error of vP is 8.095950e-08 
Error of vP is 5.133063e-08 
Error of vP is 2.801545e-07 
Error of vP is 9.325032e-08 
Error of vP is 8.855434e-08 
Error of vP is 7.375572e-08 
Error of vP is 1.942941e-07 
Error of vP is 1.128490e-07 
Error of vP is 6.555707e-08 
Error of vP is 8.925314e-08 
Error of vP is 6.025759e-08 
Error of vP is 7.293293e-08 
Error of vP is 5.349640e-08 
Error of vP is 5.843659e-08 
Error of vP is 6.777280e-08 
Error of vP is 6.453000e-08 
Error of vP is 5.108394e-08 
Error of vP is 7.405943e-08 
Error of vP is 9.028958e-08 
Error of vP is 6.277166e-08 
Error of vP is 5.064735e-08 
Error of vP is 5.392227e-08 
Error of vP is 5.725795e-08 
Error of vP is 9.827356e-08 
Error of vP is 6.803193e-08 
Error of vP is 6.607171e-08 
Error of vP is 5.917313e-08 
Error of vP is 6.069047e-08 
Error of vP is 5.842340e-08 
Error of vP is 5.726390e-08 
Error of vP is 1.103307e-07 
Error of vP is 1.264471e-07 
Error of vP is 7.112117e-08 
Error of vP is 2.125728e-07 
Error of vP is 7.484681e-08 
Error of vP is 3.202539e-07 
Error of vP is 3.028890e-07 
Error of vP is 5.081214e-08 
Error of vP is 5.283423e-08 
Error of vP is 5.796350e-08 
Error of vP is 9.013414e-08 
Error of vP is 1.285566e-07 
Error of vP is 5.128147e-08 
Error of vP is 1.042339e-07 
Error of vP is 8.474010e-08 
Error of vP is 8.546645e-08 
Error of vP is 8.624889e-08 
Error of vP is 7.477798e-08 
Error of vP is 1.245358e-07 
Error of vP is 9.476703e-08 
Error of vP is 5.820469e-08 
Error of vP is 5.963061e-08 
Error of vP is 8.043702e-08 
Error of vP is 1.992898e-07 
Error of vP is 1.138991e-07 
Error of vP is 1.106728e-07 
Error of vP is 5.669606e-08 
Error of vP is 1.403294e-07 
Error of vP is 5.439444e-08 
Error of vP is 8.253751e-08 
Error of vP is 5.710793e-08 
Error of vP is 1.155845e-07 
Error of vP is 6.660285e-08 
Error of vP is 1.463131e-07 
Error of vP is 5.852152e-08 
Error of vP is 5.749271e-08 
Error of vP is 1.081658e-07 
Error of vP is 2.647916e-07 
Error of vP is 1.760773e-07 
Error of vP is 1.432747e-07 
Error of vP is 2.831391e-07 
Error of vP is 1.335673e-07 
Error of vP is 1.541580e-07 
Error of vP is 1.316786e-07 
Error of vP is 2.204202e-07 
Error of vP is 2.362432e-07 
Error of vP is 1.807567e-07 
Error of vP is 3.744424e-07 
Error of vP is 8.137164e-08 
Error of vP is 1.265050e-07 
Error of vP is 1.642046e-07 
Error of vP is 2.389440e-07 
Error of vP is 8.055363e-08 
Error of vP is 2.642713e-07 
Error of vP is 1.897540e-07 
Error of vP is 3.286165e-07 
Error of vP is 1.817015e-07 
Error of vP is 1.444261e-07 
Error of vP is 6.637722e-07 
Error of vP is 2.149705e-07 
Error of vP is 4.482270e-07 
Error of vP is 6.028954e-08 
Error of vP is 5.793309e-08 
Error of vP is 6.332190e-08 
Error of vP is 5.694565e-08 
Error of vP is 6.777276e-08 
Error of vP is 1.223320e-07 
Error of vP is 7.443470e-08 
Error of vP is 9.264283e-08 
Error of vP is 6.511085e-08 
Error of vP is 6.843518e-08 
Error of vP is 5.618043e-08 
Error of vP is 1.063340e-07 
Error of vP is 1.197753e-07 
Error of vP is 6.152369e-08 
Error of vP is 1.065432e-07 
Error of vP is 9.970448e-08 
Error of vP is 1.172991e-07 
Error of vP is 6.818844e-08 
Error of vP is 7.267082e-08 
Error of vP is 6.643687e-08 
Error of vP is 9.229342e-08 
Error of vP is 1.006111e-07 
Error of vP is 5.032300e-08 
Error of vP is 1.420250e-07 
Error of vP is 8.805725e-08 
Error of vP is 8.969634e-08 
Error of vP is 7.340092e-08 
Error of vP is 9.418832e-08 
Error of vP is 1.976460e-07 
Error of vP is 1.146077e-07 
Error of vP is 3.704240e-07 
Error of vP is 1.597349e-07 
Error of vP is 2.485649e-07 
Error of vP is 8.575039e-08 
Error of vP is 1.324502e-07 
Error of vP is 1.075224e-07 
Error of vP is 5.634666e-08 
Error of vP is 1.385204e-07 
Error of vP is 3.074003e-07 
Error of vP is 9.425319e-08 
Error of vP is 9.392192e-08 
Error of vP is 2.212076e-07 
Error of vP is 1.701647e-07 
Error of vP is 1.824956e-07 
Error of vP is 1.483735e-07 
Error of vP is 2.119805e-07 
Error of vP is 2.288077e-07 
Error of vP is 8.628897e-08 
Error of vP is 7.397415e-08 
Error of vP is 8.857536e-08 
Error of vP is 8.264932e-08 
Error of vP is 7.870982e-08 
Error of vP is 5.521726e-08 
Error of vP is 6.107202e-08 
Error of vP is 6.801476e-08 
Error of vP is 1.343160e-07 
Error of vP is 1.523222e-07 
Error of vP is 9.978222e-08 
Error of vP is 6.284008e-08 
Error of vP is 8.337727e-08 
Error of vP is 8.524326e-08 
>> >> 
endtime =

   4.1017e+04

>> >> >> >> >> >> 