MATLAB is selecting SOFTWARE OPENGL rendering.

                            < M A T L A B (R) >
                  Copyright 1984-2021 The MathWorks, Inc.
                  R2021b (9.11.0.1769968) 64-bit (glnxa64)
                             September 17, 2021

 
To get started, type doc.
For product information, visit www.mathworks.com.
 
>> >> >> >> >> >> >> >> >> >> >> >> >> >> >> >> >> >> >> Starting parallel pool (parpool) using the 'local' profile ...
[Warning: A task was unexpectedly found in state: Unavailable.] 
[> In parallel.cluster.Local/deriveJobStateFromTasks (line 29)
In parallel.cluster/Local/getJobState (line 174)
In parallel.cluster/CJSCluster/hGetJobState (line 375)
In parallel.internal.cluster/CJSJobMixin/hGetStateEnum (line 175)
In parallel/Job/get.StateEnum (line 247)
In parallel/Job/get.State (line 239)
In parallel.internal.customattr.CustomGetSet>iVectorisedGetHelper (line 128)
In parallel.internal.customattr.CustomGetSet>@(a,b,c)iVectorisedGetHelper(obj,a,b,c) (line 102)
In parallel.internal.customattr/CustomGetSet/doVectorisedGet (line 103)
In parallel.internal.customattr/CustomGetSet/hVectorisedGet (line 76)
In parallel.internal.customattr.GetSetImpl>iAccessProperties (line 322)
In parallel.internal.customattr.GetSetImpl>iGetAllPropertiesVec (line 264)
In parallel.internal.customattr/GetSetImpl/getImpl (line 133)
In parallel.internal.customattr.CustomGetSet>iHetFunGetFunction (line 154)
In parallel.internal.customattr.CustomGetSet>@(o)iHetFunGetFunction(o,props) (line 139)
In parallel.internal.cluster.hetfun (line 46)
In parallel.internal.customattr.CustomGetSet>iHetFunGetProperty (line 139)
In parallel.internal.customattr/CustomGetSet/get (line 38)
In parallel.internal.pool/AbstractInteractiveClient/pRemoveOldJobs (line 211)
In parallel.internal.pool/AbstractInteractiveClient/start (line 103)
In parallel.internal.pool.AbstractClusterPool>iStartClient (line 831)
In parallel.internal.pool/AbstractClusterPool/hBuildPool (line 585)
In parallel.internal.pool.doParpool (line 22)
In parpool (line 123)
In parallel.internal.parpool.getOrCreateCurrentPool (line 17)
In parallel.internal.pool/PoolArrayManager/getOrAutoCreateWithCleanup (line 44)
In pctTryCreatePoolIfNecessary (line 28)
In parallel_function (line 423)
In fn_measure (line 41)] 
Connected to the parallel pool (number of workers: 12).
Error of vP is 6.471528e-08 
Error of vP is 7.284769e-08 
Error of vP is 8.669886e-08 
Error of vP is 9.196208e-08 
Error of vP is 6.871794e-08 
Error of vP is 9.177350e-08 
Error of vP is 5.754120e-08 
Error of vP is 6.608578e-08 
Error of vP is 5.085072e-08 
Error of vP is 1.020691e-07 
Error of vP is 8.201588e-08 
Error of vP is 2.349696e-07 
Error of vP is 5.898712e-08 
Error of vP is 6.360519e-08 
Error of vP is 1.660119e-07 
Error of vP is 5.927802e-08 
Error of vP is 5.891986e-08 
Error of vP is 6.863361e-08 
Error of vP is 7.667782e-08 
Error of vP is 6.247217e-08 
Error of vP is 5.473402e-08 
Error of vP is 5.079440e-08 
Error of vP is 6.224666e-08 
Error of vP is 1.052641e-07 
Error of vP is 1.189770e-07 
Error of vP is 6.042879e-08 
Error of vP is 1.706428e-07 
Error of vP is 1.163296e-07 
Error of vP is 1.502118e-07 
Error of vP is 1.185134e-07 
Error of vP is 1.402542e-07 
Error of vP is 5.915230e-08 
Error of vP is 1.042492e-07 
Error of vP is 1.619482e-07 
Error of vP is 1.509184e-07 
Error of vP is 1.221241e-07 
Error of vP is 2.832340e-07 
Error of vP is 1.778086e-07 
Error of vP is 6.546665e-08 
Error of vP is 6.888680e-08 
Error of vP is 5.363774e-08 
Error of vP is 9.102316e-08 
Error of vP is 1.338200e-07 
Error of vP is 5.729540e-08 
Error of vP is 3.171069e-07 
Error of vP is 1.187773e-07 
Error of vP is 1.130039e-07 
Error of vP is 1.045294e-07 
Error of vP is 3.351490e-07 
Error of vP is 9.752004e-08 
Error of vP is 5.027646e-08 
Error of vP is 1.788913e-07 
Error of vP is 1.911663e-07 
Error of vP is 5.274762e-08 
Error of vP is 1.523500e-07 
Error of vP is 9.851462e-08 
Error of vP is 5.363123e-08 
Error of vP is 6.591868e-08 
Error of vP is 7.047374e-08 
Error of vP is 6.063105e-08 
Error of vP is 6.803452e-08 
Error of vP is 5.117721e-08 
Error of vP is 5.563673e-08 
Error of vP is 6.372435e-08 
Error of vP is 6.982734e-08 
Error of vP is 8.581035e-08 
Error of vP is 5.619436e-08 
Error of vP is 5.990555e-08 
Error of vP is 5.159349e-08 
Error of vP is 7.915684e-08 
Error of vP is 5.248887e-08 
Error of vP is 2.462760e-07 
Error of vP is 2.566439e-07 
Error of vP is 3.688597e-07 
Error of vP is 1.064559e-07 
Error of vP is 8.453986e-08 
Error of vP is 6.294885e-08 
Error of vP is 5.761896e-08 
Error of vP is 1.698008e-07 
Error of vP is 8.027318e-08 
Error of vP is 6.861878e-08 
Error of vP is 9.509133e-08 
Error of vP is 2.158022e-07 
Error of vP is 2.552382e-07 
Error of vP is 1.940335e-07 
Error of vP is 2.808781e-07 
Error of vP is 1.159406e-07 
Error of vP is 1.983748e-07 
Error of vP is 5.169676e-07 
Error of vP is 1.755916e-07 
Error of vP is 7.235371e-08 
Error of vP is 5.379638e-08 
Error of vP is 1.160467e-07 
Error of vP is 1.118536e-07 
Error of vP is 6.854470e-08 
Error of vP is 8.348405e-08 
Error of vP is 7.782865e-08 
Error of vP is 9.864246e-08 
Error of vP is 2.063007e-07 
Error of vP is 2.716603e-07 
Error of vP is 2.299672e-07 
Error of vP is 2.974624e-07 
Error of vP is 9.872325e-08 
Error of vP is 1.244770e-07 
Error of vP is 1.515911e-07 
Error of vP is 1.443675e-07 
Error of vP is 9.488721e-08 
Error of vP is 2.236359e-07 
Error of vP is 5.748417e-08 
Error of vP is 1.122550e-07 
Error of vP is 1.137443e-07 
Error of vP is 8.569502e-08 
Error of vP is 1.269650e-07 
Error of vP is 1.178926e-07 
Error of vP is 1.063557e-07 
Error of vP is 9.110135e-08 
Error of vP is 8.722355e-08 
Error of vP is 4.364924e-07 
Error of vP is 5.421247e-08 
Error of vP is 7.167420e-08 
Error of vP is 9.589332e-08 
Error of vP is 5.038658e-08 
Error of vP is 5.958283e-08 
Error of vP is 5.437122e-08 
Error of vP is 6.645628e-08 
Error of vP is 8.864790e-08 
Error of vP is 7.336435e-08 
Error of vP is 5.659847e-08 
Error of vP is 1.198811e-07 
Error of vP is 1.353276e-07 
Error of vP is 7.597919e-08 
Error of vP is 3.400435e-07 
Error of vP is 5.082227e-08 
Error of vP is 6.416676e-08 
Error of vP is 7.026386e-08 
Error of vP is 1.330604e-07 
Error of vP is 1.168773e-07 
Error of vP is 1.718271e-07 
Error of vP is 2.158429e-07 
Error of vP is 1.128045e-07 
Error of vP is 7.868896e-08 
Error of vP is 1.437296e-07 
Error of vP is 1.685090e-07 
Error of vP is 8.126687e-08 
Error of vP is 1.016042e-07 
Error of vP is 5.307507e-08 
Error of vP is 1.573741e-07 
Error of vP is 1.396540e-07 
Error of vP is 6.934015e-08 
Error of vP is 1.244851e-07 
Error of vP is 1.231602e-07 
Error of vP is 1.420748e-07 
Error of vP is 1.793601e-07 
Error of vP is 9.114979e-08 
Error of vP is 2.513913e-07 
Error of vP is 2.165188e-07 
Error of vP is 2.436037e-07 
Error of vP is 4.400008e-07 
Error of vP is 4.663539e-07 
Error of vP is 1.937808e-07 
Error of vP is 2.855774e-07 
Error of vP is 8.370103e-07 
Error of vP is 4.627477e-07 
Error of vP is 1.649234e-07 
Error of vP is 2.106159e-07 
Error of vP is 2.689879e-07 
Error of vP is 5.657882e-07 
Error of vP is 2.985442e-07 
Error of vP is 5.323643e-07 
Error of vP is 1.010000e-06 
Error of vP is 6.259447e-07 
Error of vP is 5.066015e-07 
Error of vP is 2.038265e-07 
Error of vP is 5.206927e-07 
Error of vP is 8.673010e-07 
Error of vP is 4.097299e-07 
Error of vP is 1.051220e-07 
Error of vP is 1.962445e-07 
Error of vP is 6.880261e-07 
Error of vP is 5.549551e-07 
Error of vP is 5.195461e-07 
Error of vP is 7.865207e-07 
Error of vP is 1.132201e-07 
Error of vP is 3.341408e-07 
Error of vP is 4.088373e-07 
Error of vP is 4.326605e-07 
Error of vP is 1.151263e-07 
Error of vP is 4.947104e-07 
Error of vP is 1.745724e-07 
Error of vP is 1.634829e-07 
Error of vP is 2.984796e-07 
Error of vP is 5.125071e-07 
Error of vP is 2.234838e-07 
Error of vP is 1.150524e-07 
Error of vP is 2.542122e-07 
Error of vP is 1.491198e-07 
Error of vP is 4.162471e-07 
Error of vP is 8.051880e-08 
Error of vP is 5.320835e-07 
Error of vP is 3.792085e-07 
Error of vP is 4.668142e-07 
Error of vP is 1.418370e-07 
Error of vP is 1.067030e-07 
Error of vP is 2.720520e-07 
Error of vP is 2.160198e-07 
Error of vP is 5.700839e-08 
Error of vP is 7.468460e-08 
Error of vP is 7.756670e-08 
Error of vP is 5.761338e-08 
Error of vP is 9.706321e-08 
Error of vP is 5.350235e-08 
Error of vP is 6.363974e-08 
Error of vP is 6.454741e-08 
Error of vP is 6.465159e-08 
Error of vP is 7.739787e-08 
Error of vP is 5.584734e-08 
Error of vP is 6.735365e-08 
Error of vP is 5.563008e-08 
Error of vP is 5.210455e-08 
Error of vP is 1.195433e-07 
Error of vP is 1.082264e-07 
Error of vP is 5.331324e-08 
Error of vP is 6.833960e-08 
Error of vP is 5.154505e-08 
Error of vP is 5.846277e-08 
Error of vP is 5.296556e-08 
Error of vP is 5.279191e-08 
Error of vP is 7.956914e-08 
Error of vP is 8.905349e-08 
Error of vP is 7.491630e-08 
Error of vP is 8.717968e-08 
Error of vP is 6.256944e-08 
Error of vP is 8.124398e-08 
Error of vP is 2.711189e-07 
Error of vP is 1.817427e-07 
Error of vP is 5.658264e-08 
Error of vP is 7.920183e-08 
Error of vP is 3.003560e-07 
Error of vP is 1.053234e-07 
Error of vP is 1.446439e-07 
Error of vP is 1.996508e-07 
Error of vP is 1.826742e-07 
Error of vP is 2.664717e-07 
Error of vP is 5.590314e-08 
Error of vP is 4.128373e-07 
Error of vP is 5.189586e-08 
Error of vP is 1.266564e-07 
Error of vP is 2.584028e-07 
Error of vP is 2.533925e-07 
Error of vP is 4.542420e-07 
Error of vP is 6.932573e-08 
Error of vP is 7.145667e-08 
Error of vP is 5.953577e-08 
Error of vP is 1.916481e-07 
Error of vP is 3.143961e-07 
Error of vP is 2.417168e-07 
Error of vP is 1.875521e-07 
Error of vP is 4.256482e-07 
Error of vP is 2.555369e-07 
Error of vP is 5.645077e-07 
Error of vP is 4.924003e-07 
Error of vP is 2.294242e-07 
Error of vP is 2.288782e-07 
Error of vP is 1.596681e-07 
Error of vP is 2.044930e-07 
Error of vP is 5.082139e-07 
Error of vP is 1.717946e-07 
Error of vP is 2.953536e-07 
Error of vP is 1.254200e-07 
Error of vP is 5.119297e-07 
Error of vP is 2.513182e-07 
Error of vP is 4.454132e-07 
Error of vP is 1.234780e-07 
Error of vP is 5.215126e-08 
Error of vP is 9.884914e-08 
Error of vP is 1.087377e-07 
Error of vP is 5.537281e-08 
Error of vP is 5.353803e-08 
Error of vP is 1.021660e-07 
Error of vP is 8.412453e-08 
Error of vP is 1.359498e-07 
Error of vP is 1.436287e-07 
Error of vP is 6.016060e-08 
Error of vP is 1.103328e-07 
Error of vP is 1.014550e-07 
Error of vP is 7.650787e-08 
Error of vP is 9.653527e-08 
Error of vP is 5.374540e-08 
Error of vP is 6.280825e-08 
Error of vP is 7.131954e-08 
Error of vP is 5.916311e-08 
Error of vP is 7.608623e-08 
Error of vP is 6.320441e-08 
Error of vP is 5.822234e-08 
Error of vP is 1.079994e-07 
Error of vP is 1.179078e-07 
Error of vP is 1.283837e-07 
Error of vP is 5.673259e-08 
Error of vP is 8.563026e-08 
Error of vP is 8.948047e-08 
Error of vP is 1.225014e-07 
Error of vP is 1.503373e-07 
Error of vP is 9.631030e-08 
Error of vP is 5.575132e-08 
Error of vP is 6.991997e-08 
Error of vP is 8.677008e-08 
Error of vP is 5.834134e-08 
Error of vP is 6.954171e-08 
Error of vP is 6.935239e-08 
Error of vP is 5.605876e-08 
Error of vP is 1.061614e-07 
Error of vP is 5.601286e-08 
Error of vP is 1.040508e-07 
Error of vP is 6.411445e-08 
Error of vP is 6.097335e-08 
Error of vP is 6.636392e-08 
Error of vP is 8.337119e-08 
Error of vP is 5.476963e-08 
Error of vP is 1.220691e-07 
Error of vP is 8.628596e-08 
Error of vP is 6.392362e-08 
Error of vP is 1.539436e-07 
Error of vP is 1.537817e-07 
Error of vP is 7.187295e-08 
Error of vP is 1.835570e-07 
Error of vP is 1.272516e-07 
Error of vP is 9.611640e-08 
Error of vP is 1.405375e-07 
Error of vP is 5.220299e-08 
Error of vP is 2.255060e-07 
Error of vP is 1.423831e-07 
Error of vP is 1.500149e-07 
Error of vP is 1.942631e-07 
Error of vP is 2.111514e-07 
Error of vP is 1.170075e-07 
Error of vP is 3.181635e-07 
Error of vP is 3.150902e-07 
Error of vP is 1.963558e-07 
Error of vP is 6.893502e-08 
Error of vP is 2.052126e-07 
Error of vP is 2.810711e-07 
Error of vP is 1.855178e-07 
Error of vP is 7.170845e-08 
Error of vP is 7.018266e-08 
Error of vP is 6.835348e-08 
Error of vP is 1.959354e-07 
Error of vP is 8.927810e-08 
Error of vP is 1.067533e-07 
Error of vP is 9.019495e-08 
Error of vP is 3.279328e-07 
Error of vP is 1.163377e-07 
Error of vP is 3.440294e-07 
Error of vP is 1.921714e-07 
Error of vP is 2.300144e-07 
Error of vP is 2.033914e-07 
Error of vP is 1.053558e-07 
Error of vP is 1.162558e-07 
Error of vP is 1.558730e-07 
Error of vP is 1.821242e-07 
Error of vP is 1.740032e-07 
Error of vP is 2.255416e-07 
Error of vP is 6.972988e-08 
Error of vP is 1.087118e-07 
Error of vP is 1.148158e-07 
Error of vP is 7.250692e-08 
Error of vP is 2.546376e-07 
Error of vP is 7.067023e-08 
Error of vP is 2.263580e-07 
Error of vP is 6.145053e-08 
Error of vP is 5.954120e-08 
Error of vP is 1.793081e-07 
Error of vP is 2.944615e-07 
Error of vP is 2.033933e-07 
Error of vP is 3.048056e-07 
Error of vP is 9.761782e-08 
Error of vP is 1.488948e-07 
Error of vP is 2.820780e-07 
Error of vP is 1.150321e-07 
Error of vP is 7.447381e-08 
Error of vP is 2.950166e-07 
Error of vP is 6.885229e-08 
Error of vP is 7.080219e-08 
Error of vP is 1.621252e-07 
Error of vP is 1.386709e-07 
Error of vP is 2.284681e-07 
Error of vP is 4.670821e-07 
Error of vP is 6.018854e-08 
Error of vP is 9.758544e-08 
Error of vP is 4.640912e-07 
Error of vP is 3.788473e-07 
Error of vP is 1.204287e-07 
Error of vP is 3.139110e-07 
Error of vP is 7.512020e-08 
Error of vP is 1.684609e-07 
Error of vP is 2.799712e-07 
Error of vP is 1.099915e-07 
Error of vP is 2.004329e-07 
Error of vP is 7.370869e-08 
Error of vP is 2.892862e-07 
Error of vP is 1.320996e-07 
Error of vP is 5.202877e-08 
Error of vP is 5.027186e-08 
Error of vP is 5.509468e-08 
Error of vP is 8.959009e-08 
Error of vP is 5.700156e-08 
Error of vP is 1.466757e-07 
Error of vP is 5.010490e-08 
Error of vP is 7.906944e-08 
Error of vP is 5.723854e-08 
Error of vP is 8.518016e-08 
Error of vP is 7.256086e-08 
Error of vP is 5.693676e-08 
Error of vP is 8.918686e-08 
Error of vP is 3.913733e-07 
Error of vP is 8.988932e-08 
Error of vP is 5.154047e-08 
Error of vP is 1.832355e-07 
Error of vP is 5.097544e-08 
Error of vP is 1.130431e-07 
Error of vP is 1.177146e-07 
Error of vP is 8.088671e-08 
Error of vP is 7.722925e-08 
Error of vP is 6.592068e-08 
Error of vP is 5.122278e-08 
Error of vP is 1.011115e-07 
Error of vP is 9.677868e-08 
Error of vP is 6.694862e-08 
Error of vP is 8.748845e-08 
Error of vP is 9.780574e-08 
Error of vP is 3.134526e-07 
Error of vP is 3.352721e-07 
Error of vP is 5.013219e-08 
Error of vP is 5.909526e-08 
Error of vP is 2.731482e-07 
Error of vP is 6.200408e-08 
Error of vP is 1.474211e-07 
Error of vP is 5.147769e-08 
Error of vP is 5.147205e-08 
Error of vP is 5.842670e-08 
Error of vP is 6.811441e-08 
Error of vP is 5.692938e-08 
Error of vP is 1.283308e-07 
Error of vP is 1.199025e-07 
Error of vP is 1.133110e-07 
Error of vP is 1.285082e-07 
Error of vP is 1.383014e-07 
Error of vP is 7.531827e-08 
Error of vP is 5.609917e-08 
Error of vP is 7.942222e-08 
Error of vP is 9.490135e-08 
Error of vP is 1.156609e-07 
Error of vP is 1.115293e-07 
Error of vP is 6.352859e-07 
Error of vP is 1.382858e-07 
Error of vP is 2.056519e-07 
Error of vP is 1.733736e-07 
Error of vP is 5.940177e-07 
Error of vP is 2.756173e-07 
Error of vP is 1.626361e-07 
Error of vP is 1.884473e-07 
Error of vP is 2.204500e-07 
Error of vP is 2.625293e-07 
Error of vP is 8.690631e-08 
Error of vP is 1.159033e-07 
Error of vP is 2.729486e-07 
Error of vP is 5.373764e-07 
Error of vP is 2.248798e-07 
Error of vP is 5.657005e-08 
Error of vP is 6.408044e-08 
Error of vP is 6.638514e-08 
Error of vP is 5.848127e-08 
Error of vP is 8.823403e-08 
Error of vP is 1.036316e-07 
Error of vP is 5.024508e-08 
Error of vP is 6.327926e-08 
Error of vP is 1.321403e-07 
Error of vP is 6.202483e-08 
Error of vP is 7.905222e-08 
Error of vP is 7.731312e-08 
Error of vP is 5.094566e-08 
Error of vP is 7.325419e-08 
Error of vP is 7.640681e-08 
Error of vP is 9.054037e-08 
Error of vP is 7.204894e-08 
Error of vP is 7.264320e-08 
Error of vP is 9.785963e-08 
Error of vP is 7.737561e-08 
Error of vP is 8.599582e-08 
Error of vP is 1.204629e-07 
Error of vP is 1.302306e-07 
Error of vP is 1.023002e-07 
Error of vP is 3.147681e-07 
Error of vP is 7.540360e-08 
Error of vP is 5.687978e-07 
Error of vP is 2.799247e-07 
Error of vP is 9.457528e-08 
Error of vP is 1.944598e-07 
Error of vP is 8.019771e-08 
Error of vP is 7.086405e-08 
Error of vP is 1.059698e-07 
Error of vP is 5.247321e-08 
Error of vP is 5.657131e-08 
Error of vP is 9.094134e-08 
Error of vP is 1.751146e-07 
Error of vP is 9.635594e-08 
Error of vP is 1.120733e-07 
Error of vP is 6.805956e-08 
Error of vP is 5.953120e-08 
Error of vP is 5.388201e-08 
Error of vP is 7.364093e-08 
Error of vP is 1.146426e-07 
Error of vP is 6.638329e-08 
Error of vP is 2.337657e-07 
Error of vP is 4.783618e-07 
Error of vP is 1.437000e-07 
Error of vP is 1.905385e-07 
Error of vP is 1.953033e-07 
Error of vP is 8.415797e-08 
Error of vP is 2.746234e-07 
Error of vP is 1.898719e-07 
Error of vP is 2.158914e-07 
Error of vP is 9.954758e-08 
Error of vP is 1.119267e-07 
Error of vP is 6.916541e-08 
Error of vP is 1.050580e-07 
Error of vP is 6.034981e-08 
Error of vP is 1.823450e-07 
Error of vP is 1.067581e-07 
Error of vP is 6.469106e-08 
Error of vP is 1.048026e-07 
Error of vP is 1.345834e-07 
Error of vP is 9.845414e-08 
Error of vP is 8.577717e-08 
Error of vP is 7.560688e-08 
Error of vP is 1.973324e-07 
Error of vP is 1.002296e-07 
Error of vP is 1.082075e-07 
Error of vP is 8.534349e-08 
Error of vP is 1.737808e-07 
Error of vP is 8.490220e-08 
Error of vP is 1.016312e-07 
Error of vP is 2.765109e-07 
Error of vP is 5.282430e-08 
Error of vP is 8.740535e-08 
Error of vP is 6.924297e-08 
Error of vP is 1.133100e-07 
Error of vP is 5.088322e-08 
Error of vP is 1.004051e-07 
Error of vP is 9.640249e-08 
Error of vP is 8.436762e-08 
Error of vP is 7.835983e-08 
Error of vP is 2.107371e-07 
Error of vP is 5.032994e-08 
Error of vP is 1.448584e-07 
Error of vP is 1.611406e-07 
Error of vP is 1.504618e-07 
Error of vP is 1.151565e-07 
Error of vP is 6.503378e-08 
Error of vP is 8.457521e-08 
Error of vP is 7.572661e-08 
Error of vP is 1.150599e-07 
Error of vP is 8.578369e-08 
Error of vP is 9.636682e-08 
Error of vP is 4.302587e-07 
Error of vP is 3.432063e-07 
Error of vP is 3.254685e-07 
Error of vP is 9.693935e-08 
Error of vP is 7.559530e-08 
Error of vP is 3.170345e-07 
Error of vP is 4.096433e-07 
Error of vP is 8.478202e-08 
Error of vP is 2.143308e-07 
Error of vP is 2.239562e-07 
Error of vP is 2.556331e-07 
Error of vP is 1.004325e-07 
Error of vP is 1.894552e-07 
Error of vP is 1.325420e-07 
Error of vP is 1.588272e-07 
Error of vP is 2.165189e-07 
Error of vP is 3.002152e-07 
Error of vP is 5.348390e-08 
Error of vP is 6.795242e-08 
Error of vP is 2.465092e-07 
Error of vP is 1.170559e-07 
Error of vP is 1.862603e-07 
Error of vP is 1.084571e-07 
Error of vP is 2.083613e-07 
Error of vP is 9.567005e-08 
Error of vP is 5.170903e-08 
Error of vP is 6.646496e-08 
Error of vP is 9.391628e-08 
Error of vP is 5.283521e-08 
Error of vP is 9.917731e-08 
Error of vP is 3.468694e-07 
Error of vP is 5.876070e-08 
Error of vP is 5.289900e-08 
Error of vP is 5.203239e-08 
Error of vP is 9.545375e-08 
Error of vP is 1.396446e-07 
Error of vP is 7.099617e-08 
Error of vP is 6.087525e-08 
Error of vP is 7.969999e-08 
Error of vP is 5.544249e-08 
Error of vP is 7.002783e-08 
Error of vP is 5.159212e-08 
Error of vP is 8.493778e-08 
Error of vP is 5.765258e-08 
Error of vP is 7.592255e-08 
Error of vP is 5.421020e-08 
Error of vP is 5.610363e-08 
Error of vP is 8.253946e-08 
Error of vP is 6.621897e-08 
Error of vP is 5.098197e-08 
Error of vP is 6.982836e-08 
Error of vP is 9.442308e-08 
Error of vP is 6.493146e-08 
Error of vP is 5.294790e-08 
Error of vP is 5.567829e-08 
Error of vP is 7.587208e-08 
Error of vP is 5.110602e-08 
Error of vP is 6.119150e-08 
Error of vP is 6.394380e-08 
Error of vP is 7.532391e-08 
Error of vP is 5.331956e-08 
Error of vP is 8.272165e-08 
Error of vP is 5.389365e-08 
Error of vP is 5.744212e-08 
Error of vP is 5.966201e-08 
Error of vP is 1.206515e-07 
Error of vP is 8.895478e-08 
Error of vP is 8.544823e-08 
Error of vP is 5.977083e-08 
Error of vP is 5.989267e-08 
Error of vP is 8.799503e-08 
Error of vP is 5.982042e-08 
Error of vP is 6.161708e-08 
Error of vP is 1.102694e-07 
Error of vP is 8.176084e-08 
Error of vP is 6.475395e-08 
Error of vP is 5.863272e-08 
Error of vP is 8.586082e-08 
Error of vP is 6.897980e-08 
Error of vP is 1.282345e-07 
Error of vP is 5.159051e-08 
Error of vP is 8.266107e-08 
Error of vP is 5.516981e-08 
Error of vP is 1.456467e-07 
Error of vP is 6.204785e-08 
Error of vP is 1.264276e-07 
Error of vP is 6.415577e-08 
Error of vP is 2.615124e-07 
Error of vP is 8.375993e-08 
Error of vP is 1.704773e-07 
Error of vP is 7.690280e-08 
Error of vP is 6.459442e-08 
Error of vP is 9.530629e-08 
Error of vP is 1.504771e-07 
Error of vP is 2.591852e-07 
Error of vP is 8.612201e-08 
Error of vP is 1.993550e-07 
Error of vP is 5.074245e-08 
Error of vP is 7.654497e-08 
Error of vP is 7.505671e-08 
Error of vP is 1.699541e-07 
Error of vP is 1.292390e-07 
Error of vP is 1.883282e-07 
Error of vP is 3.204738e-07 
Error of vP is 5.601464e-08 
Error of vP is 1.388510e-07 
Error of vP is 2.824322e-07 
Error of vP is 5.869706e-08 
Error of vP is 1.153404e-07 
Error of vP is 6.658695e-07 
Error of vP is 2.595897e-07 
Error of vP is 4.498250e-07 
Error of vP is 4.616135e-07 
Error of vP is 3.085296e-07 
Error of vP is 2.391023e-07 
Error of vP is 7.294430e-08 
Error of vP is 1.377196e-07 
Error of vP is 3.186040e-07 
Error of vP is 8.648614e-08 
Error of vP is 2.360416e-07 
Error of vP is 1.315259e-07 
Error of vP is 4.008742e-07 
Error of vP is 1.320732e-07 
Error of vP is 1.100431e-06 
Error of vP is 2.941724e-07 
Error of vP is 4.394589e-07 
Error of vP is 5.051361e-07 
Error of vP is 2.906324e-07 
Error of vP is 5.493089e-07 
Error of vP is 3.270592e-07 
Error of vP is 1.929760e-07 
Error of vP is 1.596710e-07 
Error of vP is 3.800815e-07 
Error of vP is 5.588085e-07 
Error of vP is 4.046109e-07 
Error of vP is 1.043131e-06 
Error of vP is 3.509903e-07 
Error of vP is 5.855899e-07 
Error of vP is 2.087202e-07 
Error of vP is 5.761168e-07 
Error of vP is 3.982279e-07 
Error of vP is 1.079914e-07 
Error of vP is 8.747342e-08 
Error of vP is 4.213483e-07 
Error of vP is 1.488721e-07 
Error of vP is 2.374625e-07 
Error of vP is 2.043819e-07 
Error of vP is 5.976497e-07 
Error of vP is 5.023970e-07 
Error of vP is 1.212395e-07 
Error of vP is 6.259179e-07 
Error of vP is 1.008665e-07 
Error of vP is 3.560545e-07 
Error of vP is 3.400848e-07 
Error of vP is 6.951741e-08 
Error of vP is 9.463094e-07 
Error of vP is 8.231781e-07 
Error of vP is 3.335582e-07 
Error of vP is 3.466970e-07 
Error of vP is 7.737402e-07 
Error of vP is 1.056776e-07 
Error of vP is 2.465272e-07 
Error of vP is 8.941310e-07 
Error of vP is 2.044739e-07 
Error of vP is 1.750756e-06 
Error of vP is 6.380332e-07 
Error of vP is 1.470283e-06 
Error of vP is 3.471179e-07 
Error of vP is 1.055077e-06 
Error of vP is 1.064864e-07 
Error of vP is 4.124148e-07 
Error of vP is 1.362694e-06 
Error of vP is 3.648886e-07 
Error of vP is 7.291865e-07 
Error of vP is 1.281819e-06 
Error of vP is 6.162665e-07 
Error of vP is 1.980366e-06 
Error of vP is 8.749022e-07 
Error of vP is 4.442221e-07 
Error of vP is 1.151478e-06 
Error of vP is 1.147813e-06 
Error of vP is 4.056037e-07 
Error of vP is 5.831342e-07 
Error of vP is 2.335265e-06 
Error of vP is 2.585619e-06 
Error of vP is 2.274664e-06 
Error of vP is 1.662986e-06 
Error of vP is 2.223652e-07 
Error of vP is 5.202958e-07 
Error of vP is 1.102676e-07 
Error of vP is 6.082769e-08 
Error of vP is 9.558049e-07 
Error of vP is 6.883016e-07 
Error of vP is 1.502334e-06 
Error of vP is 1.187379e-06 
Error of vP is 3.128728e-07 
Error of vP is 1.566335e-07 
Error of vP is 5.417106e-08 
Error of vP is 1.192743e-06 
Error of vP is 3.859044e-07 
Error of vP is 1.035176e-07 
Error of vP is 7.280863e-08 
Error of vP is 7.624260e-08 
Error of vP is 5.704260e-08 
Error of vP is 6.136448e-08 
Error of vP is 7.447387e-08 
Error of vP is 7.849886e-08 
Error of vP is 8.262991e-08 
Error of vP is 5.154422e-08 
Error of vP is 7.904172e-08 
Error of vP is 6.275496e-08 
Error of vP is 8.637530e-08 
Error of vP is 8.344363e-08 
Error of vP is 8.835634e-08 
Error of vP is 5.035208e-08 
Error of vP is 5.397184e-08 
Error of vP is 5.105605e-08 
Error of vP is 1.382724e-07 
Error of vP is 9.072182e-08 
Error of vP is 1.547610e-07 
Error of vP is 6.297949e-08 
Error of vP is 7.170976e-08 
Error of vP is 6.477148e-08 
Error of vP is 2.497027e-07 
Error of vP is 1.265671e-07 
Error of vP is 4.024185e-07 
Error of vP is 1.193000e-07 
Error of vP is 5.929068e-08 
Error of vP is 6.052888e-08 
Error of vP is 6.830334e-08 
Error of vP is 6.805705e-08 
Error of vP is 9.714701e-08 
Error of vP is 5.258179e-08 
Error of vP is 9.122465e-08 
Error of vP is 8.801400e-08 
Error of vP is 6.063274e-08 
Error of vP is 5.858823e-08 
Error of vP is 9.045174e-08 
Error of vP is 8.462074e-08 
Error of vP is 1.012687e-07 
Error of vP is 1.063891e-07 
Error of vP is 6.311727e-08 
Error of vP is 1.102790e-07 
Error of vP is 5.307676e-08 
Error of vP is 6.449370e-08 
Error of vP is 1.120432e-07 
Error of vP is 8.104192e-08 
Error of vP is 3.868594e-07 
Error of vP is 1.403050e-07 
Error of vP is 1.925764e-07 
Error of vP is 1.333753e-07 
Error of vP is 1.414207e-07 
Error of vP is 1.587396e-07 
Error of vP is 1.366256e-07 
Error of vP is 8.733088e-08 
Error of vP is 8.775520e-08 
Error of vP is 6.461676e-08 
Error of vP is 9.383761e-08 
Error of vP is 2.487803e-07 
Error of vP is 6.228434e-08 
Error of vP is 2.107968e-07 
Error of vP is 1.172725e-07 
Error of vP is 9.327224e-08 
Error of vP is 1.620102e-07 
Error of vP is 2.049998e-07 
Error of vP is 1.095864e-07 
Error of vP is 6.381199e-08 
Error of vP is 5.527705e-08 
Error of vP is 8.085405e-08 
Error of vP is 9.645859e-08 
Error of vP is 2.253348e-07 
Error of vP is 1.534460e-07 
Error of vP is 7.301999e-08 
Error of vP is 3.605854e-07 
Error of vP is 3.335465e-07 
Error of vP is 4.073285e-07 
Error of vP is 6.086265e-08 
Error of vP is 1.477595e-07 
Error of vP is 1.172147e-07 
Error of vP is 1.866236e-07 
Error of vP is 9.463056e-08 
Error of vP is 6.043146e-08 
Error of vP is 1.356866e-07 
Error of vP is 5.685639e-07 
Error of vP is 2.389351e-07 
Error of vP is 1.368996e-07 
Error of vP is 3.212302e-07 
Error of vP is 5.878849e-08 
Error of vP is 1.002814e-07 
Error of vP is 8.968429e-08 
Error of vP is 5.983682e-08 
Error of vP is 6.239057e-08 
Error of vP is 5.270122e-08 
Error of vP is 5.834639e-08 
Error of vP is 8.328699e-08 
Error of vP is 6.123331e-08 
Error of vP is 8.341934e-08 
Error of vP is 5.747985e-08 
Error of vP is 8.436945e-08 
Error of vP is 6.449161e-08 
Error of vP is 6.120297e-08 
Error of vP is 1.250337e-07 
Error of vP is 6.092162e-08 
Error of vP is 1.283268e-07 
Error of vP is 5.705605e-08 
Error of vP is 6.950140e-08 
Error of vP is 1.109766e-07 
Error of vP is 1.218464e-07 
Error of vP is 5.972765e-08 
Error of vP is 1.360442e-07 
Error of vP is 9.226977e-08 
Error of vP is 9.420778e-08 
Error of vP is 1.387315e-07 
Error of vP is 7.230186e-08 
Error of vP is 2.338668e-07 
Error of vP is 6.468752e-08 
Error of vP is 1.413546e-07 
Error of vP is 6.149445e-08 
Error of vP is 1.163774e-07 
Error of vP is 6.791234e-08 
Error of vP is 5.667357e-08 
Error of vP is 8.186066e-08 
>> >> 
endtime =

   3.9604e+04

>> >> >> >> >> >> 