MATLAB is selecting SOFTWARE OPENGL rendering.

                            < M A T L A B (R) >
                  Copyright 1984-2021 The MathWorks, Inc.
                  R2021b (9.11.0.1769968) 64-bit (glnxa64)
                             September 17, 2021

 
To get started, type doc.
For product information, visit www.mathworks.com.
 
>> >> >> >> >> >> >> >> >> >> >> >> >> >> >> >> >> >> >> >> >> >> >> >> >> >> Starting parallel pool (parpool) using the 'local' profile ...
[Warning: A task was unexpectedly found in state: Unavailable.] 
[> In parallel.cluster.Local/deriveJobStateFromTasks (line 29)
In parallel.cluster/Local/getJobState (line 174)
In parallel.cluster/CJSCluster/hGetJobState (line 375)
In parallel.internal.cluster/CJSJobMixin/hGetStateEnum (line 175)
In parallel/Job/get.StateEnum (line 247)
In parallel/Job/get.State (line 239)
In parallel.internal.customattr.CustomGetSet>iVectorisedGetHelper (line 128)
In parallel.internal.customattr.CustomGetSet>@(a,b,c)iVectorisedGetHelper(obj,a,b,c) (line 102)
In parallel.internal.customattr/CustomGetSet/doVectorisedGet (line 103)
In parallel.internal.customattr/CustomGetSet/hVectorisedGet (line 76)
In parallel.internal.customattr.GetSetImpl>iAccessProperties (line 322)
In parallel.internal.customattr.GetSetImpl>iGetAllPropertiesVec (line 264)
In parallel.internal.customattr/GetSetImpl/getImpl (line 133)
In parallel.internal.customattr.CustomGetSet>iHetFunGetFunction (line 154)
In parallel.internal.customattr.CustomGetSet>@(o)iHetFunGetFunction(o,props) (line 139)
In parallel.internal.cluster.hetfun (line 46)
In parallel.internal.customattr.CustomGetSet>iHetFunGetProperty (line 139)
In parallel.internal.customattr/CustomGetSet/get (line 38)
In parallel.internal.pool/AbstractInteractiveClient/pRemoveOldJobs (line 211)
In parallel.internal.pool/AbstractInteractiveClient/start (line 103)
In parallel.internal.pool.AbstractClusterPool>iStartClient (line 831)
In parallel.internal.pool/AbstractClusterPool/hBuildPool (line 585)
In parallel.internal.pool.doParpool (line 22)
In parpool (line 123)
In parallel.internal.parpool.getOrCreateCurrentPool (line 17)
In parallel.internal.pool/PoolArrayManager/getOrAutoCreateWithCleanup (line 44)
In pctTryCreatePoolIfNecessary (line 28)
In parallel_function (line 423)] 
Connected to the parallel pool (number of workers: 12).
jj1 = 40, max_th = 1.314649e+00, time=2025-04-07 16:27:45 
jj1 = 50, max_th = 1.327795e+00, time=2025-04-07 16:34:15 
jj1 = 60, max_th = 1.542187e+00, time=2025-04-07 16:34:22 
jj1 = 5, max_th = 1.389638e+00, time=2025-04-07 16:35:23 
jj1 = 25, max_th = 1.850371e+00, time=2025-04-07 16:37:47 
jj1 = 35, max_th = 2.357232e+00, time=2025-04-07 16:38:37 
jj1 = 15, max_th = 1.800788e+00, time=2025-04-07 16:40:07 
jj1 = 45, max_th = 1.756549e+00, time=2025-04-07 16:40:20 
jj1 = 55, max_th = 2.288468e+00, time=2025-04-07 16:42:12 
jj1 = 10, max_th = 2.262413e+00, time=2025-04-07 16:43:41 
jj1 = 59, max_th = 2.745987e+00, time=2025-04-07 16:44:05 
jj1 = 14, max_th = 8.990293e-01, time=2025-04-07 16:44:13 
jj1 = 24, max_th = -4.128060e-01, time=2025-04-07 16:45:07 
jj1 = 30, max_th = 1.987229e+00, time=2025-04-07 16:45:52 
jj1 = 20, max_th = 2.133940e+00, time=2025-04-07 16:47:38 
jj1 = 4, max_th = 2.633306e+00, time=2025-04-07 16:51:00 
jj1 = 39, max_th = 2.044996e+00, time=2025-04-07 16:51:12 
jj1 = 58, max_th = 1.228836e+00, time=2025-04-07 16:52:47 
jj1 = 49, max_th = 1.754897e+00, time=2025-04-07 16:53:44 
jj1 = 54, max_th = 1.729881e+00, time=2025-04-07 17:02:29 
jj1 = 13, max_th = 2.427525e+00, time=2025-04-07 17:02:54 
jj1 = 19, max_th = 1.597472e+00, time=2025-04-07 17:02:55 
jj1 = 44, max_th = 2.133021e+00, time=2025-04-07 17:03:03 
jj1 = 29, max_th = 1.619172e+00, time=2025-04-07 17:04:02 
jj1 = 9, max_th = 1.659403e+00, time=2025-04-07 17:05:08 
jj1 = 48, max_th = 2.513670e+00, time=2025-04-07 17:06:48 
jj1 = 34, max_th = 1.924522e+00, time=2025-04-07 17:06:59 
jj1 = 23, max_th = 2.332148e+00, time=2025-04-07 17:08:45 
jj1 = 8, max_th = 8.868345e-01, time=2025-04-07 17:09:28 
jj1 = 38, max_th = 2.263522e+00, time=2025-04-07 17:12:01 
jj1 = 18, max_th = 1.290731e+00, time=2025-04-07 17:12:17 
jj1 = 57, max_th = 2.246191e+00, time=2025-04-07 17:13:53 
jj1 = 3, max_th = 2.163097e+00, time=2025-04-07 17:14:05 
jj1 = 12, max_th = 2.497561e+00, time=2025-04-07 17:16:08 
jj1 = 47, max_th = 2.580392e+00, time=2025-04-07 17:19:57 
jj1 = 43, max_th = 1.715067e+00, time=2025-04-07 17:20:19 
jj1 = 7, max_th = 2.678884e+00, time=2025-04-07 17:21:54 
jj1 = 2, max_th = 1.142355e+00, time=2025-04-07 17:23:26 
jj1 = 53, max_th = 2.009526e+00, time=2025-04-07 17:26:56 
jj1 = 28, max_th = 1.771630e+00, time=2025-04-07 17:28:18 
jj1 = 22, max_th = 2.317448e+00, time=2025-04-07 17:28:39 
jj1 = 17, max_th = 1.617024e+00, time=2025-04-07 17:31:53 
jj1 = 42, max_th = 2.746191e+00, time=2025-04-07 17:32:05 
jj1 = 33, max_th = 2.040628e+00, time=2025-04-07 17:33:30 
jj1 = 6, max_th = 1.339455e+00, time=2025-04-07 17:35:16 
jj1 = 56, max_th = 1.770485e+00, time=2025-04-07 17:35:31 
jj1 = 46, max_th = 2.015197e+00, time=2025-04-07 17:38:47 
jj1 = 138, max_th = 2.887789e+00, time=2025-04-07 17:39:27 
jj1 = 37, max_th = 2.081530e+00, time=2025-04-07 17:39:40 
jj1 = 52, max_th = 2.445090e+00, time=2025-04-07 17:40:41 
jj1 = 41, max_th = 1.412635e+00, time=2025-04-07 17:43:49 
jj1 = 27, max_th = 2.728030e+00, time=2025-04-07 17:43:58 
jj1 = 1, max_th = 2.207882e+00, time=2025-04-07 17:44:14 
jj1 = 16, max_th = 2.517092e+00, time=2025-04-07 17:44:37 
jj1 = 11, max_th = 2.370288e+00, time=2025-04-07 17:45:41 
jj1 = 528, max_th = 2.549202e+00, time=2025-04-07 17:48:26 
jj1 = 216, max_th = 3.005168e+00, time=2025-04-07 17:48:42 
jj1 = 450, max_th = 2.602340e+00, time=2025-04-07 17:49:37 
jj1 = 21, max_th = 2.010123e+00, time=2025-04-07 17:51:08 
jj1 = 36, max_th = 1.521141e+00, time=2025-04-07 17:52:57 
jj1 = 32, max_th = 1.852080e+00, time=2025-04-07 17:53:08 
jj1 = 177, max_th = 2.675453e+00, time=2025-04-07 17:53:12 
jj1 = 255, max_th = 1.351080e+00, time=2025-04-07 18:01:14 
jj1 = 449, max_th = 1.351232e+00, time=2025-04-07 18:01:14 
jj1 = 51, max_th = 1.767751e+00, time=2025-04-07 18:02:26 
jj1 = 99, max_th = 2.190847e+00, time=2025-04-07 18:02:41 
jj1 = 31, max_th = 1.299486e+00, time=2025-04-07 18:04:27 
jj1 = 137, max_th = 2.031935e+00, time=2025-04-07 18:04:36 
jj1 = 254, max_th = 8.784735e-01, time=2025-04-07 18:05:30 
jj1 = 215, max_th = 2.371944e+00, time=2025-04-07 18:06:55 
jj1 = 527, max_th = 1.497403e+00, time=2025-04-07 18:07:55 
jj1 = 411, max_th = 2.031306e+00, time=2025-04-07 18:08:35 
jj1 = 410, max_th = -4.420444e-01, time=2025-04-07 18:08:59 
jj1 = 372, max_th = 1.758064e+00, time=2025-04-07 18:09:13 
jj1 = 26, max_th = 1.880366e+00, time=2025-04-07 18:10:26 
jj1 = 489, max_th = 2.762228e+00, time=2025-04-07 18:11:43 
jj1 = 176, max_th = 1.995491e+00, time=2025-04-07 18:15:27 
jj1 = 448, max_th = 2.510745e+00, time=2025-04-07 18:18:13 
jj1 = 371, max_th = 2.551188e+00, time=2025-04-07 18:22:20 
jj1 = 333, max_th = 2.424513e+00, time=2025-04-07 18:22:30 
jj1 = 136, max_th = 1.228270e+00, time=2025-04-07 18:22:41 
jj1 = 98, max_th = 2.058792e+00, time=2025-04-07 18:23:43 
jj1 = 409, max_th = 2.622945e+00, time=2025-04-07 18:24:16 
jj1 = 526, max_th = 2.243752e+00, time=2025-04-07 18:24:35 
jj1 = 370, max_th = 2.933543e+00, time=2025-04-07 18:26:55 
jj1 = 214, max_th = 2.077867e+00, time=2025-04-07 18:29:53 
jj1 = 253, max_th = 1.877734e+00, time=2025-04-07 18:30:54 
jj1 = 332, max_th = 2.602692e+00, time=2025-04-07 18:31:07 
jj1 = 408, max_th = 1.041517e+00, time=2025-04-07 18:31:54 
jj1 = 488, max_th = 2.245922e+00, time=2025-04-07 18:32:09 
jj1 = 294, max_th = 1.997050e+00, time=2025-04-07 18:34:08 
jj1 = 175, max_th = 1.736463e+00, time=2025-04-07 18:34:48 
jj1 = 487, max_th = 7.686363e-01, time=2025-04-07 18:35:02 
jj1 = 447, max_th = 2.096653e+00, time=2025-04-07 18:37:25 
jj1 = 293, max_th = 2.980262e+00, time=2025-04-07 18:38:28 
jj1 = 407, max_th = 2.765402e+00, time=2025-04-07 18:38:44 
jj1 = 525, max_th = 1.810621e+00, time=2025-04-07 18:40:36 
jj1 = 135, max_th = 1.562096e+00, time=2025-04-07 18:41:04 
jj1 = 97, max_th = 1.771758e+00, time=2025-04-07 18:43:14 
jj1 = 331, max_th = 2.695823e+00, time=2025-04-07 18:43:28 
jj1 = 446, max_th = 2.616549e+00, time=2025-04-07 18:45:05 
jj1 = 406, max_th = 1.021094e+00, time=2025-04-07 18:45:13 
jj1 = 292, max_th = 2.754558e+00, time=2025-04-07 18:46:41 
jj1 = 134, max_th = 2.824456e+00, time=2025-04-07 18:48:05 
jj1 = 369, max_th = 1.787816e+00, time=2025-04-07 18:48:45 
jj1 = 291, max_th = 8.502297e-01, time=2025-04-07 18:49:48 
jj1 = 96, max_th = 1.013154e+00, time=2025-04-07 18:54:35 
jj1 = 213, max_th = 1.889439e+00, time=2025-04-07 18:55:25 
jj1 = 405, max_th = 1.318535e+00, time=2025-04-07 18:56:39 
jj1 = 174, max_th = 1.754835e+00, time=2025-04-07 18:57:18 
jj1 = 252, max_th = 2.127356e+00, time=2025-04-07 18:59:15 
jj1 = 524, max_th = 2.296117e+00, time=2025-04-07 18:59:18 
jj1 = 445, max_th = 2.472435e+00, time=2025-04-07 18:59:33 
jj1 = 368, max_th = 1.245119e+00, time=2025-04-07 19:00:38 
jj1 = 330, max_th = 1.798665e+00, time=2025-04-07 19:00:53 
jj1 = 486, max_th = 1.845137e+00, time=2025-04-07 19:07:38 
jj1 = 329, max_th = 1.179159e+00, time=2025-04-07 19:11:16 
jj1 = 212, max_th = 2.363206e+00, time=2025-04-07 19:11:26 
jj1 = 133, max_th = 2.108059e+00, time=2025-04-07 19:11:34 
jj1 = 290, max_th = 2.286587e+00, time=2025-04-07 19:12:42 
jj1 = 367, max_th = 1.485623e+00, time=2025-04-07 19:15:41 
jj1 = 95, max_th = 1.644169e+00, time=2025-04-07 19:17:11 
jj1 = 444, max_th = 2.256883e+00, time=2025-04-07 19:19:01 
jj1 = 523, max_th = 2.320522e+00, time=2025-04-07 19:19:35 
jj1 = 404, max_th = 1.910710e+00, time=2025-04-07 19:20:15 
jj1 = 251, max_th = 2.143558e+00, time=2025-04-07 19:21:30 
jj1 = 366, max_th = 1.301863e+00, time=2025-04-07 19:23:07 
jj1 = 485, max_th = 1.836982e+00, time=2025-04-07 19:27:59 
jj1 = 328, max_th = 2.612949e+00, time=2025-04-07 19:28:36 
jj1 = 289, max_th = 2.283942e+00, time=2025-04-07 19:28:40 
jj1 = 132, max_th = 1.977049e+00, time=2025-04-07 19:30:44 
jj1 = 211, max_th = 2.273378e+00, time=2025-04-07 19:31:11 
jj1 = 522, max_th = 2.643872e+00, time=2025-04-07 19:32:10 
jj1 = 443, max_th = 2.044660e+00, time=2025-04-07 19:36:21 
jj1 = 250, max_th = 1.890506e+00, time=2025-04-07 19:39:01 
jj1 = 403, max_th = 2.283180e+00, time=2025-04-07 19:40:58 
jj1 = 365, max_th = 1.747558e+00, time=2025-04-07 19:41:28 
jj1 = 210, max_th = 2.501817e+00, time=2025-04-07 19:43:10 
jj1 = 94, max_th = 1.841142e+00, time=2025-04-07 19:45:52 
jj1 = 173, max_th = 2.472726e+00, time=2025-04-07 19:47:06 
jj1 = 327, max_th = 2.412489e+00, time=2025-04-07 19:47:43 
jj1 = 484, max_th = 2.009377e+00, time=2025-04-07 19:49:08 
jj1 = 402, max_th = 2.500033e+00, time=2025-04-07 19:49:58 
jj1 = 131, max_th = 1.657244e+00, time=2025-04-07 19:50:25 
jj1 = 288, max_th = 1.687415e+00, time=2025-04-07 19:51:57 
jj1 = 442, max_th = 1.482092e+00, time=2025-04-07 19:55:16 
jj1 = 364, max_th = 1.512060e+00, time=2025-04-07 19:55:22 
jj1 = 441, max_th = -1.177054e-01, time=2025-04-07 19:55:48 
jj1 = 521, max_th = 1.667803e+00, time=2025-04-07 19:56:13 
jj1 = 93, max_th = 1.226550e+00, time=2025-04-07 19:56:37 
jj1 = 287, max_th = 2.726172e+00, time=2025-04-07 19:59:05 
jj1 = 249, max_th = 2.378703e+00, time=2025-04-07 20:00:33 
jj1 = 363, max_th = 7.843338e-01, time=2025-04-07 20:00:41 
jj1 = 209, max_th = 1.446779e+00, time=2025-04-07 20:01:22 
jj1 = 440, max_th = 2.796090e+00, time=2025-04-07 20:02:10 
jj1 = 172, max_th = 2.398180e+00, time=2025-04-07 20:02:47 
jj1 = 401, max_th = 1.504931e+00, time=2025-04-07 20:04:06 
jj1 = 483, max_th = 1.559095e+00, time=2025-04-07 20:06:42 
jj1 = 520, max_th = 1.550517e+00, time=2025-04-07 20:09:17 
jj1 = 326, max_th = 2.270823e+00, time=2025-04-07 20:10:02 
jj1 = 519, max_th = 3.019181e+00, time=2025-04-07 20:10:17 
jj1 = 130, max_th = 1.958474e+00, time=2025-04-07 20:11:23 
jj1 = 171, max_th = 2.726504e+00, time=2025-04-07 20:11:52 
jj1 = 286, max_th = 1.557030e+00, time=2025-04-07 20:14:54 
jj1 = 208, max_th = 2.201818e+00, time=2025-04-07 20:20:31 
jj1 = 400, max_th = 2.199622e+00, time=2025-04-07 20:22:53 
jj1 = 285, max_th = 1.189946e+00, time=2025-04-07 20:22:57 
jj1 = 92, max_th = 2.109128e+00, time=2025-04-07 20:22:58 
jj1 = 482, max_th = 2.163159e+00, time=2025-04-07 20:23:59 
jj1 = 439, max_th = 1.737743e+00, time=2025-04-07 20:24:09 
jj1 = 129, max_th = 2.492152e+00, time=2025-04-07 20:25:07 
jj1 = 248, max_th = 2.091170e+00, time=2025-04-07 20:25:20 
jj1 = 518, max_th = 2.528668e+00, time=2025-04-07 20:26:04 
jj1 = 170, max_th = 2.351429e+00, time=2025-04-07 20:28:24 
jj1 = 362, max_th = 1.563663e+00, time=2025-04-07 20:28:33 
jj1 = 517, max_th = 8.680854e-01, time=2025-04-07 20:32:09 
jj1 = 325, max_th = 2.180339e+00, time=2025-04-07 20:37:15 
jj1 = 91, max_th = 2.428299e+00, time=2025-04-07 20:37:20 
jj1 = 247, max_th = 1.377524e+00, time=2025-04-07 20:38:22 
jj1 = 284, max_th = 1.999736e+00, time=2025-04-07 20:40:08 
jj1 = 207, max_th = 1.502921e+00, time=2025-04-07 20:40:33 
jj1 = 128, max_th = 2.437476e+00, time=2025-04-07 20:41:37 
jj1 = 324, max_th = 1.266008e+00, time=2025-04-07 20:44:21 
jj1 = 399, max_th = 2.326745e+00, time=2025-04-07 20:44:38 
jj1 = 481, max_th = 2.028857e+00, time=2025-04-07 20:46:06 
jj1 = 438, max_th = 2.171164e+00, time=2025-04-07 20:46:42 
jj1 = 361, max_th = 2.227142e+00, time=2025-04-07 20:49:09 
jj1 = 283, max_th = 1.600063e+00, time=2025-04-07 20:50:57 
jj1 = 246, max_th = 1.678533e+00, time=2025-04-07 20:51:25 
jj1 = 169, max_th = 1.705341e+00, time=2025-04-07 20:51:42 
jj1 = 516, max_th = 2.140433e+00, time=2025-04-07 20:53:29 
jj1 = 90, max_th = 2.246588e+00, time=2025-04-07 20:56:32 
jj1 = 127, max_th = 1.662524e+00, time=2025-04-07 20:57:55 
jj1 = 398, max_th = 1.696728e+00, time=2025-04-07 21:02:33 
jj1 = 480, max_th = 2.303590e+00, time=2025-04-07 21:03:31 
jj1 = 89, max_th = 2.642472e+00, time=2025-04-07 21:05:13 
jj1 = 323, max_th = 2.340653e+00, time=2025-04-07 21:05:26 
jj1 = 206, max_th = 1.588082e+00, time=2025-04-07 21:05:30 
jj1 = 437, max_th = 2.261087e+00, time=2025-04-07 21:07:07 
jj1 = 168, max_th = 2.388417e+00, time=2025-04-07 21:07:10 
jj1 = 282, max_th = 2.218684e+00, time=2025-04-07 21:10:01 
jj1 = 397, max_th = 1.020346e+00, time=2025-04-07 21:10:25 
jj1 = 360, max_th = 1.710798e+00, time=2025-04-07 21:13:15 
jj1 = 396, max_th = 8.096292e-01, time=2025-04-07 21:14:41 
jj1 = 245, max_th = 1.820126e+00, time=2025-04-07 21:15:05 
jj1 = 205, max_th = 1.175973e+00, time=2025-04-07 21:15:07 
jj1 = 322, max_th = 2.607965e+00, time=2025-04-07 21:16:59 
jj1 = 126, max_th = 1.834058e+00, time=2025-04-07 21:19:21 
jj1 = 515, max_th = 2.221163e+00, time=2025-04-07 21:20:16 
jj1 = 88, max_th = 2.190886e+00, time=2025-04-07 21:22:51 
jj1 = 359, max_th = 1.408794e+00, time=2025-04-07 21:24:02 
jj1 = 436, max_th = 1.562371e+00, time=2025-04-07 21:26:00 
jj1 = 167, max_th = 1.660570e+00, time=2025-04-07 21:28:56 
jj1 = 395, max_th = 2.694937e+00, time=2025-04-07 21:29:25 
jj1 = 281, max_th = 2.246931e+00, time=2025-04-07 21:29:41 
jj1 = 479, max_th = 1.778932e+00, time=2025-04-07 21:29:50 
jj1 = 321, max_th = 1.434963e+00, time=2025-04-07 21:30:19 
jj1 = 204, max_th = 1.816568e+00, time=2025-04-07 21:34:15 
jj1 = 244, max_th = 1.587858e+00, time=2025-04-07 21:34:17 
jj1 = 125, max_th = 2.510803e+00, time=2025-04-07 21:35:07 
jj1 = 358, max_th = 1.304122e+00, time=2025-04-07 21:37:18 
jj1 = 435, max_th = 1.360491e+00, time=2025-04-07 21:39:45 
jj1 = 87, max_th = 1.948811e+00, time=2025-04-07 21:42:34 
jj1 = 514, max_th = 2.126400e+00, time=2025-04-07 21:45:13 
jj1 = 434, max_th = 1.480999e+00, time=2025-04-07 21:47:08 
jj1 = 357, max_th = 2.510649e+00, time=2025-04-07 21:49:21 
jj1 = 478, max_th = 1.897542e+00, time=2025-04-07 21:49:39 
jj1 = 280, max_th = 1.831192e+00, time=2025-04-07 21:51:17 
jj1 = 243, max_th = 2.512802e+00, time=2025-04-07 21:51:43 
jj1 = 203, max_th = 2.242362e+00, time=2025-04-07 21:53:05 
jj1 = 166, max_th = 1.887581e+00, time=2025-04-07 21:53:35 
jj1 = 124, max_th = 2.176751e+00, time=2025-04-07 21:54:51 
jj1 = 279, max_th = 2.847047e+00, time=2025-04-07 21:57:00 
jj1 = 394, max_th = 2.006905e+00, time=2025-04-07 21:58:10 
jj1 = 433, max_th = 2.498605e+00, time=2025-04-07 21:58:55 
jj1 = 320, max_th = 1.714579e+00, time=2025-04-07 21:59:17 
jj1 = 242, max_th = 2.488188e+00, time=2025-04-07 22:00:58 
jj1 = 86, max_th = 1.634014e+00, time=2025-04-07 22:01:49 
jj1 = 513, max_th = 2.430530e+00, time=2025-04-07 22:04:15 
jj1 = 477, max_th = 1.545250e+00, time=2025-04-07 22:07:04 
jj1 = 202, max_th = 2.395949e+00, time=2025-04-07 22:09:38 
jj1 = 393, max_th = 1.262046e+00, time=2025-04-07 22:09:38 
jj1 = 123, max_th = 2.366113e+00, time=2025-04-07 22:12:05 
jj1 = 319, max_th = 1.553811e+00, time=2025-04-07 22:12:35 
jj1 = 165, max_th = 2.214546e+00, time=2025-04-07 22:13:16 
jj1 = 512, max_th = 2.664319e+00, time=2025-04-07 22:14:18 
jj1 = 278, max_th = 1.635298e+00, time=2025-04-07 22:15:45 
jj1 = 356, max_th = 2.377086e+00, time=2025-04-07 22:17:18 
jj1 = 511, max_th = 3.024830e+00, time=2025-04-07 22:19:00 
jj1 = 241, max_th = 2.330399e+00, time=2025-04-07 22:20:29 
jj1 = 432, max_th = 2.586236e+00, time=2025-04-07 22:21:56 
jj1 = 392, max_th = 2.498646e+00, time=2025-04-07 22:25:23 
jj1 = 85, max_th = 2.020700e+00, time=2025-04-07 22:26:08 
jj1 = 122, max_th = 2.506109e+00, time=2025-04-07 22:26:10 
jj1 = 201, max_th = 2.388979e+00, time=2025-04-07 22:26:26 
jj1 = 318, max_th = 2.393000e+00, time=2025-04-07 22:29:10 
jj1 = 476, max_th = 1.710197e+00, time=2025-04-07 22:29:35 
jj1 = 200, max_th = 2.825987e+00, time=2025-04-07 22:30:21 
jj1 = 164, max_th = 2.338291e+00, time=2025-04-07 22:34:06 
jj1 = 277, max_th = 1.643012e+00, time=2025-04-07 22:34:15 
jj1 = 510, max_th = 2.345552e+00, time=2025-04-07 22:36:28 
jj1 = 84, max_th = 2.613455e+00, time=2025-04-07 22:39:01 
jj1 = 317, max_th = 2.539582e+00, time=2025-04-07 22:41:45 
jj1 = 431, max_th = 1.772336e+00, time=2025-04-07 22:42:44 
jj1 = 355, max_th = 1.860503e+00, time=2025-04-07 22:44:56 
jj1 = 121, max_th = 2.224148e+00, time=2025-04-07 22:46:44 
jj1 = 240, max_th = 2.056735e+00, time=2025-04-07 22:48:39 
jj1 = 391, max_th = 1.879768e+00, time=2025-04-07 22:49:27 
jj1 = 475, max_th = 2.334501e+00, time=2025-04-07 22:50:42 
jj1 = 163, max_th = 2.424979e+00, time=2025-04-07 22:50:43 
jj1 = 199, max_th = 1.855706e+00, time=2025-04-07 22:51:15 
jj1 = 430, max_th = 1.260198e+00, time=2025-04-07 22:53:01 
jj1 = 509, max_th = 1.602139e+00, time=2025-04-07 22:55:35 
jj1 = 276, max_th = 1.869797e+00, time=2025-04-07 22:55:48 
jj1 = 354, max_th = 2.580001e+00, time=2025-04-07 22:57:04 
jj1 = 198, max_th = 2.750356e+00, time=2025-04-07 22:58:00 
jj1 = 429, max_th = 1.045872e+00, time=2025-04-07 22:58:17 
jj1 = 316, max_th = 1.800596e+00, time=2025-04-07 22:58:24 
jj1 = 508, max_th = 9.573513e-01, time=2025-04-07 23:01:08 
jj1 = 83, max_th = 2.320998e+00, time=2025-04-07 23:02:06 
jj1 = 120, max_th = 1.579424e+00, time=2025-04-07 23:05:10 
jj1 = 239, max_th = 2.197659e+00, time=2025-04-07 23:07:12 
jj1 = 428, max_th = 1.252571e+00, time=2025-04-07 23:07:33 
jj1 = 162, max_th = 1.765926e+00, time=2025-04-07 23:14:42 
jj1 = 238, max_th = 2.676314e+00, time=2025-04-07 23:17:58 
jj1 = 315, max_th = 1.953734e+00, time=2025-04-07 23:20:09 
jj1 = 353, max_th = 2.083765e+00, time=2025-04-07 23:20:36 
jj1 = 275, max_th = 1.859523e+00, time=2025-04-07 23:20:56 
jj1 = 390, max_th = 1.676704e+00, time=2025-04-07 23:21:25 
jj1 = 161, max_th = 2.828400e+00, time=2025-04-07 23:22:13 
jj1 = 507, max_th = 1.881370e+00, time=2025-04-07 23:23:52 
jj1 = 197, max_th = 1.494686e+00, time=2025-04-07 23:24:55 
jj1 = 389, max_th = 1.146377e+00, time=2025-04-07 23:25:05 
jj1 = 82, max_th = 2.276595e+00, time=2025-04-07 23:26:41 
jj1 = 119, max_th = 2.269875e+00, time=2025-04-07 23:27:32 
jj1 = 81, max_th = -2.671801e-02, time=2025-04-07 23:27:36 
jj1 = 427, max_th = 1.700755e+00, time=2025-04-07 23:27:53 
jj1 = 474, max_th = 1.527824e+00, time=2025-04-07 23:28:18 
jj1 = 388, max_th = 1.035419e+00, time=2025-04-07 23:30:39 
jj1 = 314, max_th = 2.154707e+00, time=2025-04-07 23:36:29 
jj1 = 506, max_th = 2.049826e+00, time=2025-04-07 23:42:24 
jj1 = 80, max_th = 2.408457e+00, time=2025-04-07 23:42:51 
jj1 = 274, max_th = 2.005764e+00, time=2025-04-07 23:44:01 
jj1 = 352, max_th = 1.380217e+00, time=2025-04-07 23:45:50 
jj1 = 237, max_th = 1.615186e+00, time=2025-04-07 23:46:58 
jj1 = 196, max_th = 1.820956e+00, time=2025-04-07 23:48:47 
jj1 = 387, max_th = 1.974899e+00, time=2025-04-07 23:49:02 
jj1 = 473, max_th = 2.012268e+00, time=2025-04-07 23:49:47 
jj1 = 426, max_th = 2.115940e+00, time=2025-04-07 23:51:34 
jj1 = 160, max_th = 2.072371e+00, time=2025-04-07 23:52:17 
jj1 = 118, max_th = 1.986610e+00, time=2025-04-07 23:54:34 
jj1 = 273, max_th = 1.386025e+00, time=2025-04-07 23:55:44 
jj1 = 79, max_th = 2.590454e+00, time=2025-04-07 23:56:32 
jj1 = 236, max_th = 1.526782e+00, time=2025-04-07 23:59:00 
jj1 = 313, max_th = 1.915344e+00, time=2025-04-08 00:00:29 
jj1 = 386, max_th = 1.176543e+00, time=2025-04-08 00:01:10 
jj1 = 505, max_th = 1.806713e+00, time=2025-04-08 00:03:08 
jj1 = 351, max_th = 2.419026e+00, time=2025-04-08 00:03:21 
jj1 = 472, max_th = 1.484049e+00, time=2025-04-08 00:04:56 
jj1 = 159, max_th = 1.279237e+00, time=2025-04-08 00:07:32 
jj1 = 272, max_th = 1.524609e+00, time=2025-04-08 00:08:16 
jj1 = 195, max_th = 2.357719e+00, time=2025-04-08 00:09:09 
jj1 = 425, max_th = 2.438028e+00, time=2025-04-08 00:11:40 
jj1 = 78, max_th = 2.379583e+00, time=2025-04-08 00:11:53 
jj1 = 117, max_th = 1.511638e+00, time=2025-04-08 00:12:15 
jj1 = 194, max_th = 2.972335e+00, time=2025-04-08 00:13:37 
jj1 = 385, max_th = 2.631475e+00, time=2025-04-08 00:14:27 
jj1 = 312, max_th = 1.341684e+00, time=2025-04-08 00:15:06 
jj1 = 235, max_th = 2.311064e+00, time=2025-04-08 00:19:19 
jj1 = 311, max_th = 2.685130e+00, time=2025-04-08 00:24:36 
jj1 = 116, max_th = 1.373791e+00, time=2025-04-08 00:24:43 
jj1 = 158, max_th = 1.850913e+00, time=2025-04-08 00:25:25 
jj1 = 350, max_th = 2.184936e+00, time=2025-04-08 00:26:30 
jj1 = 424, max_th = 2.299358e+00, time=2025-04-08 00:27:22 
jj1 = 504, max_th = 2.084645e+00, time=2025-04-08 00:27:43 
jj1 = 384, max_th = 2.486165e+00, time=2025-04-08 00:31:05 
jj1 = 234, max_th = 1.889285e+00, time=2025-04-08 00:31:11 
jj1 = 471, max_th = 1.651779e+00, time=2025-04-08 00:31:43 
jj1 = 271, max_th = 1.787631e+00, time=2025-04-08 00:31:46 
jj1 = 349, max_th = 2.629569e+00, time=2025-04-08 00:36:19 
jj1 = 193, max_th = 1.936085e+00, time=2025-04-08 00:37:17 
jj1 = 77, max_th = 1.784524e+00, time=2025-04-08 00:37:37 
jj1 = 503, max_th = 1.404816e+00, time=2025-04-08 00:38:42 
jj1 = 157, max_th = 1.516679e+00, time=2025-04-08 00:40:13 
jj1 = 115, max_th = 2.447576e+00, time=2025-04-08 00:40:19 
jj1 = 383, max_th = 2.683927e+00, time=2025-04-08 00:40:25 
jj1 = 348, max_th = 2.911398e+00, time=2025-04-08 00:41:03 
jj1 = 470, max_th = 2.448210e+00, time=2025-04-08 00:41:34 
jj1 = 469, max_th = -1.143559e-01, time=2025-04-08 00:43:25 
jj1 = 468, max_th = 3.036102e+00, time=2025-04-08 00:46:58 
jj1 = 310, max_th = 1.837531e+00, time=2025-04-08 00:47:31 
jj1 = 423, max_th = 1.708959e+00, time=2025-04-08 00:49:00 
jj1 = 76, max_th = 2.436253e+00, time=2025-04-08 00:51:55 
jj1 = 233, max_th = 1.836020e+00, time=2025-04-08 00:52:46 
jj1 = 382, max_th = 2.491965e+00, time=2025-04-08 00:53:14 
jj1 = 270, max_th = 1.905179e+00, time=2025-04-08 00:53:56 
jj1 = 422, max_th = 1.023475e+00, time=2025-04-08 00:54:02 
jj1 = 114, max_th = 1.414896e+00, time=2025-04-08 00:54:08 
jj1 = 347, max_th = 1.854495e+00, time=2025-04-08 00:57:29 
jj1 = 502, max_th = 1.789594e+00, time=2025-04-08 00:58:48 
jj1 = 192, max_th = 1.753898e+00, time=2025-04-08 00:59:28 
jj1 = 156, max_th = 1.581476e+00, time=2025-04-08 01:01:08 
jj1 = 269, max_th = 2.568253e+00, time=2025-04-08 01:06:57 
jj1 = 501, max_th = 1.118575e+00, time=2025-04-08 01:09:25 
jj1 = 421, max_th = 1.442131e+00, time=2025-04-08 01:10:33 
jj1 = 232, max_th = 2.064130e+00, time=2025-04-08 01:11:55 
jj1 = 75, max_th = 2.382951e+00, time=2025-04-08 01:12:15 
jj1 = 346, max_th = 1.752695e+00, time=2025-04-08 01:13:04 
jj1 = 113, max_th = 2.195392e+00, time=2025-04-08 01:14:00 
jj1 = 381, max_th = 2.031858e+00, time=2025-04-08 01:14:10 
jj1 = 467, max_th = 1.974256e+00, time=2025-04-08 01:16:05 
jj1 = 309, max_th = 1.521206e+00, time=2025-04-08 01:19:02 
jj1 = 191, max_th = 1.813650e+00, time=2025-04-08 01:20:49 
jj1 = 112, max_th = 2.510638e+00, time=2025-04-08 01:22:40 
jj1 = 74, max_th = 2.560640e+00, time=2025-04-08 01:23:11 
jj1 = 231, max_th = 1.392103e+00, time=2025-04-08 01:24:45 
jj1 = 155, max_th = 2.073346e+00, time=2025-04-08 01:24:56 
jj1 = 466, max_th = 1.344954e+00, time=2025-04-08 01:26:22 
jj1 = 308, max_th = 2.650562e+00, time=2025-04-08 01:26:37 
jj1 = 345, max_th = 1.465931e+00, time=2025-04-08 01:27:08 
jj1 = 268, max_th = 2.058409e+00, time=2025-04-08 01:28:24 
jj1 = 500, max_th = 2.289805e+00, time=2025-04-08 01:28:40 
jj1 = 154, max_th = 7.891048e-01, time=2025-04-08 01:29:26 
jj1 = 499, max_th = 7.980711e-01, time=2025-04-08 01:30:49 
jj1 = 420, max_th = 2.377242e+00, time=2025-04-08 01:33:19 
jj1 = 230, max_th = 2.605946e+00, time=2025-04-08 01:35:52 
jj1 = 380, max_th = 2.028971e+00, time=2025-04-08 01:36:32 
jj1 = 344, max_th = 1.785841e+00, time=2025-04-08 01:42:40 
jj1 = 190, max_th = 2.058968e+00, time=2025-04-08 01:43:23 
jj1 = 73, max_th = 2.271210e+00, time=2025-04-08 01:43:52 
jj1 = 72, max_th = 4.148059e+00, time=2025-04-08 01:44:02 
jj1 = 111, max_th = 1.991159e+00, time=2025-04-08 01:45:10 
jj1 = 465, max_th = 2.090218e+00, time=2025-04-08 01:48:22 
jj1 = 267, max_th = 1.962823e+00, time=2025-04-08 01:48:34 
jj1 = 153, max_th = 2.212655e+00, time=2025-04-08 01:50:32 
jj1 = 307, max_th = 2.324264e+00, time=2025-04-08 01:50:54 
jj1 = 419, max_th = 1.476522e+00, time=2025-04-08 01:53:08 
jj1 = 306, max_th = 9.078677e-01, time=2025-04-08 01:55:00 
jj1 = 71, max_th = 2.555271e+00, time=2025-04-08 01:56:21 
jj1 = 379, max_th = 2.101405e+00, time=2025-04-08 01:56:45 
jj1 = 498, max_th = 1.726226e+00, time=2025-04-08 01:56:46 
jj1 = 110, max_th = 1.306219e+00, time=2025-04-08 01:57:06 
jj1 = 266, max_th = 1.316358e+00, time=2025-04-08 01:58:17 
jj1 = 229, max_th = 1.762863e+00, time=2025-04-08 02:01:17 
jj1 = 418, max_th = 1.267089e+00, time=2025-04-08 02:01:45 
jj1 = 109, max_th = 2.862162e+00, time=2025-04-08 02:03:06 
jj1 = 343, max_th = 1.855402e+00, time=2025-04-08 02:07:21 
jj1 = 70, max_th = 2.552130e+00, time=2025-04-08 02:08:24 
jj1 = 305, max_th = 1.390319e+00, time=2025-04-08 02:08:54 
jj1 = 152, max_th = 1.632617e+00, time=2025-04-08 02:11:31 
jj1 = 189, max_th = 2.075448e+00, time=2025-04-08 02:12:08 
jj1 = 464, max_th = 1.851981e+00, time=2025-04-08 02:14:42 
jj1 = 188, max_th = 1.145390e+00, time=2025-04-08 02:16:09 
jj1 = 378, max_th = 1.692357e+00, time=2025-04-08 02:18:29 
jj1 = 108, max_th = 2.525601e+00, time=2025-04-08 02:18:37 
jj1 = 265, max_th = 2.043078e+00, time=2025-04-08 02:21:16 
jj1 = 497, max_th = 1.870636e+00, time=2025-04-08 02:22:24 
jj1 = 228, max_th = 1.816499e+00, time=2025-04-08 02:23:05 
jj1 = 187, max_th = 1.140051e+00, time=2025-04-08 02:23:08 
jj1 = 417, max_th = 1.837076e+00, time=2025-04-08 02:23:27 
jj1 = 151, max_th = 2.338656e+00, time=2025-04-08 02:24:43 
jj1 = 304, max_th = 1.631858e+00, time=2025-04-08 02:26:56 
jj1 = 107, max_th = 1.449107e+00, time=2025-04-08 02:29:12 
jj1 = 463, max_th = 1.492412e+00, time=2025-04-08 02:29:42 
jj1 = 342, max_th = 1.880890e+00, time=2025-04-08 02:29:51 
jj1 = 69, max_th = 2.285363e+00, time=2025-04-08 02:31:00 
jj1 = 227, max_th = 1.132813e+00, time=2025-04-08 02:33:25 
jj1 = 416, max_th = 1.319866e+00, time=2025-04-08 02:34:12 
jj1 = 186, max_th = 1.850012e+00, time=2025-04-08 02:37:29 
jj1 = 68, max_th = 1.192057e+00, time=2025-04-08 02:37:42 
jj1 = 264, max_th = 1.655066e+00, time=2025-04-08 02:37:53 
jj1 = 106, max_th = 2.640476e+00, time=2025-04-08 02:39:36 
jj1 = 415, max_th = 2.797517e+00, time=2025-04-08 02:39:54 
jj1 = 377, max_th = 1.710418e+00, time=2025-04-08 02:40:03 
jj1 = 303, max_th = 2.347470e+00, time=2025-04-08 02:41:21 
jj1 = 67, max_th = 1.029401e+00, time=2025-04-08 02:41:57 
jj1 = 226, max_th = 1.157042e+00, time=2025-04-08 02:42:31 
jj1 = 150, max_th = 2.098173e+00, time=2025-04-08 02:44:38 
jj1 = 462, max_th = 2.420919e+00, time=2025-04-08 02:50:15 
jj1 = 496, max_th = 1.625288e+00, time=2025-04-08 02:52:20 
jj1 = 302, max_th = 2.591472e+00, time=2025-04-08 02:53:07 
jj1 = 263, max_th = 2.446075e+00, time=2025-04-08 02:54:02 
jj1 = 341, max_th = 2.025370e+00, time=2025-04-08 02:55:35 
jj1 = 225, max_th = 1.278457e+00, time=2025-04-08 02:56:07 
jj1 = 414, max_th = 1.624404e+00, time=2025-04-08 02:57:29 
jj1 = 376, max_th = 1.702897e+00, time=2025-04-08 02:58:04 
jj1 = 461, max_th = 1.257031e+00, time=2025-04-08 02:58:25 
jj1 = 185, max_th = 1.875856e+00, time=2025-04-08 02:58:59 
jj1 = 495, max_th = 1.266467e+00, time=2025-04-08 03:01:19 
jj1 = 105, max_th = 1.820483e+00, time=2025-04-08 03:02:20 
jj1 = 301, max_th = 1.282355e+00, time=2025-04-08 03:02:24 
jj1 = 340, max_th = 9.811176e-01, time=2025-04-08 03:03:31 
jj1 = 66, max_th = 2.187742e+00, time=2025-04-08 03:06:16 
jj1 = 149, max_th = 2.043884e+00, time=2025-04-08 03:08:01 
jj1 = 413, max_th = 1.261257e+00, time=2025-04-08 03:08:19 
jj1 = 262, max_th = 1.496159e+00, time=2025-04-08 03:08:43 
jj1 = 339, max_th = 2.588342e+00, time=2025-04-08 03:13:58 
jj1 = 375, max_th = 2.190791e+00, time=2025-04-08 03:15:38 
jj1 = 460, max_th = 2.336939e+00, time=2025-04-08 03:16:05 
jj1 = 224, max_th = 1.788815e+00, time=2025-04-08 03:16:57 
jj1 = 184, max_th = 2.050590e+00, time=2025-04-08 03:22:45 
jj1 = 104, max_th = 1.438726e+00, time=2025-04-08 03:23:38 
jj1 = 261, max_th = 2.353081e+00, time=2025-04-08 03:23:49 
jj1 = 65, max_th = 1.580230e+00, time=2025-04-08 03:24:33 
jj1 = 494, max_th = 1.940101e+00, time=2025-04-08 03:24:43 
jj1 = 338, max_th = 2.448655e+00, time=2025-04-08 03:28:40 
jj1 = 148, max_th = 1.955932e+00, time=2025-04-08 03:30:11 
jj1 = 412, max_th = 1.880589e+00, time=2025-04-08 03:30:52 
jj1 = 223, max_th = 1.797306e+00, time=2025-04-08 03:34:14 
jj1 = 588, max_th = 1.160672e+00, time=2025-04-08 03:36:09 
jj1 = 300, max_th = 1.927532e+00, time=2025-04-08 03:36:38 
jj1 = 222, max_th = 3.012933e+00, time=2025-04-08 03:37:32 
jj1 = 64, max_th = 1.492641e+00, time=2025-04-08 03:38:50 
jj1 = 260, max_th = 2.425757e+00, time=2025-04-08 03:39:29 
jj1 = 374, max_th = 1.831161e+00, time=2025-04-08 03:40:02 
jj1 = 459, max_th = 1.854905e+00, time=2025-04-08 03:40:55 
jj1 = 587, max_th = 2.855403e+00, time=2025-04-08 03:41:21 
jj1 = 183, max_th = 2.282379e+00, time=2025-04-08 03:42:44 
jj1 = 63, max_th = 2.896497e+00, time=2025-04-08 03:46:25 
jj1 = 493, max_th = 2.360672e+00, time=2025-04-08 03:47:22 
jj1 = 586, max_th = 2.913118e+00, time=2025-04-08 03:47:28 
jj1 = 147, max_th = 1.540319e+00, time=2025-04-08 03:47:50 
jj1 = 299, max_th = 2.575715e+00, time=2025-04-08 03:49:18 
jj1 = 259, max_th = 2.702870e+00, time=2025-04-08 03:49:58 
jj1 = 337, max_th = 2.227194e+00, time=2025-04-08 03:50:10 
jj1 = 103, max_th = 2.007196e+00, time=2025-04-08 03:50:13 
jj1 = 146, max_th = 2.938064e+00, time=2025-04-08 03:51:45 
jj1 = 336, max_th = 8.579973e-01, time=2025-04-08 03:54:14 
jj1 = 62, max_th = 2.691361e+00, time=2025-04-08 03:55:24 
jj1 = 373, max_th = 1.765157e+00, time=2025-04-08 03:55:30 
jj1 = 458, max_th = 2.242670e+00, time=2025-04-08 03:56:38 
jj1 = 457, max_th = -1.237324e+00, time=2025-04-08 03:58:26 
jj1 = 102, max_th = 2.719903e+00, time=2025-04-08 03:59:34 
jj1 = 492, max_th = 2.537227e+00, time=2025-04-08 04:00:29 
jj1 = 221, max_th = 2.203643e+00, time=2025-04-08 04:02:16 
jj1 = 182, max_th = 1.620318e+00, time=2025-04-08 04:03:06 
jj1 = 258, max_th = 2.363587e+00, time=2025-04-08 04:06:59 
jj1 = 220, max_th = 2.903955e+00, time=2025-04-08 04:07:12 
jj1 = 145, max_th = 2.354724e+00, time=2025-04-08 04:08:52 
jj1 = 456, max_th = 1.328844e+00, time=2025-04-08 04:08:56 
jj1 = 298, max_th = 2.357022e+00, time=2025-04-08 04:09:06 
jj1 = 585, max_th = 2.579862e+00, time=2025-04-08 04:10:11 
jj1 = 584, max_th = 4.608345e-01, time=2025-04-08 04:12:38 
jj1 = 61, max_th = 1.634301e+00, time=2025-04-08 04:15:19 
jj1 = 181, max_th = 1.552472e+00, time=2025-04-08 04:18:25 
jj1 = 257, max_th = 1.381132e+00, time=2025-04-08 04:18:40 
jj1 = 180, max_th = 2.941404e+00, time=2025-04-08 04:22:15 
jj1 = 144, max_th = 2.527220e+00, time=2025-04-08 04:22:21 
jj1 = 455, max_th = 2.419149e+00, time=2025-04-08 04:24:34 
jj1 = 335, max_th = 1.623214e+00, time=2025-04-08 04:24:45 
jj1 = 608, max_th = 2.316905e+00, time=2025-04-08 04:25:00 
jj1 = 101, max_th = 2.020830e+00, time=2025-04-08 04:25:12 
jj1 = 143, max_th = 1.148350e+00, time=2025-04-08 04:26:17 
jj1 = 491, max_th = 2.091599e+00, time=2025-04-08 04:26:59 
jj1 = 219, max_th = 1.997233e+00, time=2025-04-08 04:28:33 
jj1 = 454, max_th = 8.185908e-01, time=2025-04-08 04:28:38 
jj1 = 628, max_th = 1.505280e+00, time=2025-04-08 04:28:46 
jj1 = 583, max_th = 2.386248e+00, time=2025-04-08 04:29:27 
jj1 = 297, max_th = 1.151508e+00, time=2025-04-08 04:30:27 
jj1 = 334, max_th = 2.150003e+00, time=2025-04-08 04:31:41 
jj1 = 627, max_th = 8.370803e-01, time=2025-04-08 04:33:40 
jj1 = 179, max_th = 2.494151e+00, time=2025-04-08 04:34:23 
jj1 = 582, max_th = 1.209513e+00, time=2025-04-08 04:37:08 
jj1 = 607, max_th = 1.906449e+00, time=2025-04-08 04:41:23 
jj1 = 142, max_th = 2.423072e+00, time=2025-04-08 04:46:14 
jj1 = 296, max_th = 2.472822e+00, time=2025-04-08 04:46:28 
jj1 = 453, max_th = 2.171305e+00, time=2025-04-08 04:46:29 
jj1 = 256, max_th = 1.495659e+00, time=2025-04-08 04:47:51 
jj1 = 100, max_th = 1.837699e+00, time=2025-04-08 04:47:59 
jj1 = 490, max_th = 1.930018e+00, time=2025-04-08 04:48:14 
jj1 = 708, max_th = 1.666745e+00, time=2025-04-08 04:50:26 
jj1 = 178, max_th = 1.845963e+00, time=2025-04-08 04:50:36 
jj1 = 218, max_th = 1.925488e+00, time=2025-04-08 04:53:44 
jj1 = 707, max_th = 2.917697e+00, time=2025-04-08 04:55:24 
jj1 = 648, max_th = 1.103868e+00, time=2025-04-08 04:56:36 
jj1 = 606, max_th = 1.419406e+00, time=2025-04-08 04:57:19 
jj1 = 581, max_th = 1.793168e+00, time=2025-04-08 04:58:12 
jj1 = 548, max_th = 2.552154e+00, time=2025-04-08 04:58:48 
jj1 = 706, max_th = 4.773228e-01, time=2025-04-08 05:01:48 
jj1 = 626, max_th = 1.901049e+00, time=2025-04-08 05:03:39 
jj1 = 568, max_th = 1.615839e+00, time=2025-04-08 05:06:58 
jj1 = 141, max_th = 2.390099e+00, time=2025-04-08 05:08:31 
jj1 = 295, max_th = 1.918956e+00, time=2025-04-08 05:08:39 
jj1 = 452, max_th = 1.789092e+00, time=2025-04-08 05:09:55 
jj1 = 547, max_th = 2.568878e+00, time=2025-04-08 05:10:45 
jj1 = 768, max_th = 2.162183e+00, time=2025-04-08 05:11:29 
jj1 = 217, max_th = 1.998718e+00, time=2025-04-08 05:11:56 
jj1 = 705, max_th = 2.435337e+00, time=2025-04-08 05:19:04 
jj1 = 647, max_th = 2.044748e+00, time=2025-04-08 05:21:05 
jj1 = 580, max_th = 2.031425e+00, time=2025-04-08 05:23:37 
jj1 = 605, max_th = 1.973619e+00, time=2025-04-08 05:26:05 
jj1 = 625, max_th = 1.777132e+00, time=2025-04-08 05:27:17 
jj1 = 140, max_th = 1.595376e+00, time=2025-04-08 05:27:58 
jj1 = 748, max_th = 2.417498e+00, time=2025-04-08 05:28:46 
jj1 = 688, max_th = 2.474349e+00, time=2025-04-08 05:29:25 
jj1 = 546, max_th = 2.181931e+00, time=2025-04-08 05:30:52 
jj1 = 646, max_th = 1.347990e+00, time=2025-04-08 05:31:51 
jj1 = 567, max_th = 1.868621e+00, time=2025-04-08 05:32:12 
jj1 = 704, max_th = 1.548544e+00, time=2025-04-08 05:32:15 
jj1 = 451, max_th = 2.171888e+00, time=2025-04-08 05:33:37 
jj1 = 624, max_th = 2.767940e+00, time=2025-04-08 05:34:29 
jj1 = 767, max_th = 1.730760e+00, time=2025-04-08 05:34:33 
jj1 = 545, max_th = 1.033302e+00, time=2025-04-08 05:36:48 
jj1 = 687, max_th = 1.273963e+00, time=2025-04-08 05:38:39 
jj1 = 747, max_th = 1.341323e+00, time=2025-04-08 05:40:50 
jj1 = 746, max_th = 1.008301e+00, time=2025-04-08 05:46:11 
jj1 = 579, max_th = 2.412703e+00, time=2025-04-08 05:46:37 
jj1 = 623, max_th = 1.435724e+00, time=2025-04-08 05:46:47 
jj1 = 566, max_th = 2.572003e+00, time=2025-04-08 05:47:54 
jj1 = 139, max_th = 1.514012e+00, time=2025-04-08 05:50:59 
jj1 = 645, max_th = 2.117359e+00, time=2025-04-08 05:52:30 
jj1 = 703, max_th = 1.703727e+00, time=2025-04-08 05:53:53 
jj1 = 728, max_th = 1.748454e+00, time=2025-04-08 05:54:02 
jj1 = 604, max_th = 2.028246e+00, time=2025-04-08 05:56:12 
jj1 = 745, max_th = 2.731055e+00, time=2025-04-08 05:56:21 
jj1 = 578, max_th = 1.399541e+00, time=2025-04-08 05:56:26 
jj1 = 766, max_th = 2.080715e+00, time=2025-04-08 05:56:50 
jj1 = 544, max_th = 1.758769e+00, time=2025-04-08 06:00:16 
jj1 = 686, max_th = 2.480162e+00, time=2025-04-08 06:00:21 
jj1 = 622, max_th = 1.586229e+00, time=2025-04-08 06:03:36 
jj1 = 565, max_th = 2.370837e+00, time=2025-04-08 06:07:45 
jj1 = 727, max_th = 1.460504e+00, time=2025-04-08 06:09:31 
jj1 = 644, max_th = 1.904284e+00, time=2025-04-08 06:12:19 
jj1 = 702, max_th = 2.139849e+00, time=2025-04-08 06:13:55 
jj1 = 577, max_th = 1.762958e+00, time=2025-04-08 06:14:16 
jj1 = 744, max_th = 2.199067e+00, time=2025-04-08 06:14:36 
jj1 = 621, max_th = 1.449746e+00, time=2025-04-08 06:15:33 
jj1 = 668, max_th = 1.612407e+00, time=2025-04-08 06:16:18 
jj1 = 603, max_th = 1.636078e+00, time=2025-04-08 06:19:30 
jj1 = 685, max_th = 1.712991e+00, time=2025-04-08 06:21:27 
jj1 = 765, max_th = 1.644647e+00, time=2025-04-08 06:22:14 
jj1 = 743, max_th = 1.194503e+00, time=2025-04-08 06:22:23 
jj1 = 543, max_th = 2.180749e+00, time=2025-04-08 06:24:16 
jj1 = 576, max_th = 2.596960e+00, time=2025-04-08 06:24:39 
jj1 = 564, max_th = 1.729103e+00, time=2025-04-08 06:25:55 
jj1 = 602, max_th = 1.046559e+00, time=2025-04-08 06:28:47 
jj1 = 542, max_th = 2.931288e+00, time=2025-04-08 06:29:09 
jj1 = 563, max_th = 2.860376e+00, time=2025-04-08 06:31:01 
jj1 = 726, max_th = 1.764959e+00, time=2025-04-08 06:31:11 
jj1 = 601, max_th = 2.785291e+00, time=2025-04-08 06:33:05 
jj1 = 620, max_th = 1.684710e+00, time=2025-04-08 06:34:04 
jj1 = 643, max_th = 2.141052e+00, time=2025-04-08 06:35:43 
jj1 = 701, max_th = 1.841094e+00, time=2025-04-08 06:37:41 
jj1 = 684, max_th = 1.695523e+00, time=2025-04-08 06:42:27 
jj1 = 667, max_th = 2.127441e+00, time=2025-04-08 06:43:37 
jj1 = 742, max_th = 1.719064e+00, time=2025-04-08 06:46:06 
jj1 = 764, max_th = 1.960555e+00, time=2025-04-08 06:46:25 
jj1 = 541, max_th = 1.714683e+00, time=2025-04-08 06:46:29 
jj1 = 683, max_th = 2.849446e+00, time=2025-04-08 06:46:53 
jj1 = 575, max_th = 2.034877e+00, time=2025-04-08 06:52:08 
jj1 = 562, max_th = 1.590250e+00, time=2025-04-08 06:52:22 
jj1 = 642, max_th = 2.531148e+00, time=2025-04-08 06:53:48 
jj1 = 619, max_th = 1.731564e+00, time=2025-04-08 06:55:08 
jj1 = 763, max_th = 1.676012e+00, time=2025-04-08 06:55:47 
jj1 = 666, max_th = 1.626003e+00, time=2025-04-08 06:57:28 
jj1 = 682, max_th = 2.726518e+00, time=2025-04-08 06:57:31 
jj1 = 574, max_th = 1.259944e+00, time=2025-04-08 06:59:10 
jj1 = 700, max_th = 2.054903e+00, time=2025-04-08 06:59:21 
jj1 = 762, max_th = 2.710759e+00, time=2025-04-08 07:00:40 
jj1 = 725, max_th = 2.128913e+00, time=2025-04-08 07:02:00 
jj1 = 699, max_th = 1.006062e+00, time=2025-04-08 07:02:08 
jj1 = 540, max_th = 1.505874e+00, time=2025-04-08 07:02:55 
jj1 = 600, max_th = 1.791835e+00, time=2025-04-08 07:03:05 
jj1 = 681, max_th = 1.284401e+00, time=2025-04-08 07:03:39 
jj1 = 680, max_th = 2.801461e+00, time=2025-04-08 07:10:26 
jj1 = 741, max_th = 2.221998e+00, time=2025-04-08 07:11:54 
jj1 = 679, max_th = 8.269993e-01, time=2025-04-08 07:12:39 
jj1 = 561, max_th = 2.389627e+00, time=2025-04-08 07:13:40 
jj1 = 641, max_th = 2.377459e+00, time=2025-04-08 07:13:43 
jj1 = 573, max_th = 2.476930e+00, time=2025-04-08 07:15:24 
jj1 = 618, max_th = 2.371108e+00, time=2025-04-08 07:15:59 
jj1 = 539, max_th = 2.429714e+00, time=2025-04-08 07:17:42 
jj1 = 724, max_th = 2.292300e+00, time=2025-04-08 07:19:27 
jj1 = 665, max_th = 1.567765e+00, time=2025-04-08 07:20:39 
jj1 = 698, max_th = 1.924923e+00, time=2025-04-08 07:22:22 
jj1 = 761, max_th = 2.068499e+00, time=2025-04-08 07:24:44 
jj1 = 740, max_th = 1.546638e+00, time=2025-04-08 07:25:25 
jj1 = 599, max_th = 2.105454e+00, time=2025-04-08 07:25:29 
jj1 = 572, max_th = 1.449709e+00, time=2025-04-08 07:29:37 
jj1 = 640, max_th = 2.277642e+00, time=2025-04-08 07:30:52 
jj1 = 723, max_th = 2.445393e+00, time=2025-04-08 07:31:57 
jj1 = 538, max_th = 1.406758e+00, time=2025-04-08 07:34:00 
jj1 = 598, max_th = 1.091314e+00, time=2025-04-08 07:34:36 
jj1 = 560, max_th = 1.562512e+00, time=2025-04-08 07:34:47 
jj1 = 664, max_th = 1.546547e+00, time=2025-04-08 07:35:42 
jj1 = 678, max_th = 2.224577e+00, time=2025-04-08 07:37:22 
jj1 = 739, max_th = 1.325764e+00, time=2025-04-08 07:41:13 
jj1 = 617, max_th = 1.925440e+00, time=2025-04-08 07:42:01 
jj1 = 697, max_th = 2.072467e+00, time=2025-04-08 07:44:45 
jj1 = 760, max_th = 1.991000e+00, time=2025-04-08 07:46:46 
jj1 = 571, max_th = 1.612629e+00, time=2025-04-08 07:50:05 
jj1 = 639, max_th = 1.895330e+00, time=2025-04-08 07:50:23 
jj1 = 663, max_th = 2.432887e+00, time=2025-04-08 07:52:53 
jj1 = 570, max_th = 9.186657e-01, time=2025-04-08 07:53:55 
jj1 = 738, max_th = -4.104532e-02, time=2025-04-08 07:54:18 
jj1 = 597, max_th = 1.462225e+00, time=2025-04-08 07:55:10 
jj1 = 722, max_th = 1.843514e+00, time=2025-04-08 07:55:35 
jj1 = 559, max_th = 2.091789e+00, time=2025-04-08 07:58:40 
jj1 = 677, max_th = 2.168552e+00, time=2025-04-08 08:00:32 
jj1 = 537, max_th = 1.977059e+00, time=2025-04-08 08:01:40 
jj1 = 662, max_th = 1.169618e+00, time=2025-04-08 08:02:33 
jj1 = 696, max_th = 1.565735e+00, time=2025-04-08 08:02:50 
jj1 = 558, max_th = 2.864116e+00, time=2025-04-08 08:04:09 
jj1 = 616, max_th = 1.888840e+00, time=2025-04-08 08:05:00 
jj1 = 569, max_th = 2.610026e+00, time=2025-04-08 08:06:05 
jj1 = 638, max_th = 2.148089e+00, time=2025-04-08 08:09:59 
jj1 = 759, max_th = 1.873246e+00, time=2025-04-08 08:10:08 
jj1 = 615, max_th = 2.811986e+00, time=2025-04-08 08:10:49 
jj1 = 596, max_th = 2.345999e+00, time=2025-04-08 08:12:33 
jj1 = 778, max_th = 2.598591e+00, time=2025-04-08 08:13:42 
jj1 = 557, max_th = 1.249658e+00, time=2025-04-08 08:14:09 
jj1 = 676, max_th = 1.354231e+00, time=2025-04-08 08:14:38 
jj1 = 777, max_th = -1.154170e+00, time=2025-04-08 08:15:56 
jj1 = 661, max_th = 1.482885e+00, time=2025-04-08 08:16:22 
jj1 = 660, max_th = 3.421421e+00, time=2025-04-08 08:17:00 
jj1 = 737, max_th = 1.667121e+00, time=2025-04-08 08:17:27 
jj1 = 695, max_th = 1.464740e+00, time=2025-04-08 08:20:19 
jj1 = 659, max_th = 2.955480e+00, time=2025-04-08 08:21:03 
jj1 = 721, max_th = 2.204073e+00, time=2025-04-08 08:22:16 
jj1 = 595, max_th = 1.379400e+00, time=2025-04-08 08:23:34 
jj1 = 536, max_th = 2.170892e+00, time=2025-04-08 08:23:35 
jj1 = 637, max_th = 2.437782e+00, time=2025-04-08 08:26:28 
jj1 = 758, max_th = 2.353242e+00, time=2025-04-08 08:26:42 
jj1 = 556, max_th = 2.635072e+00, time=2025-04-08 08:26:54 
jj1 = 614, max_th = 1.884830e+00, time=2025-04-08 08:34:36 
jj1 = 694, max_th = 2.404961e+00, time=2025-04-08 08:35:48 
jj1 = 720, max_th = 1.698421e+00, time=2025-04-08 08:36:04 
jj1 = 675, max_th = 1.777227e+00, time=2025-04-08 08:37:20 
jj1 = 594, max_th = 2.239230e+00, time=2025-04-08 08:38:55 
jj1 = 757, max_th = 2.530530e+00, time=2025-04-08 08:39:25 
jj1 = 535, max_th = 1.554756e+00, time=2025-04-08 08:40:10 
jj1 = 658, max_th = 1.978740e+00, time=2025-04-08 08:41:14 
jj1 = 736, max_th = 1.878401e+00, time=2025-04-08 08:43:44 
jj1 = 693, max_th = 1.349841e+00, time=2025-04-08 08:43:50 
jj1 = 636, max_th = 1.512426e+00, time=2025-04-08 08:44:25 
jj1 = 735, max_th = 2.811862e+00, time=2025-04-08 08:48:52 
jj1 = 719, max_th = 2.498891e+00, time=2025-04-08 08:49:03 
jj1 = 674, max_th = 1.191352e+00, time=2025-04-08 08:49:18 
jj1 = 555, max_th = 2.122606e+00, time=2025-04-08 08:53:03 
jj1 = 776, max_th = 1.978740e+00, time=2025-04-08 08:53:21 
jj1 = 613, max_th = 1.720395e+00, time=2025-04-08 08:55:55 
jj1 = 593, max_th = 2.299125e+00, time=2025-04-08 08:56:50 
jj1 = 534, max_th = 2.410600e+00, time=2025-04-08 08:56:52 
jj1 = 554, max_th = 3.030437e+00, time=2025-04-08 08:57:40 
jj1 = 612, max_th = 3.161241e+00, time=2025-04-08 08:58:21 
jj1 = 657, max_th = 1.707384e+00, time=2025-04-08 09:02:02 
jj1 = 756, max_th = 1.919724e+00, time=2025-04-08 09:02:25 
jj1 = 718, max_th = 2.513610e+00, time=2025-04-08 09:03:10 
jj1 = 692, max_th = 1.776897e+00, time=2025-04-08 09:04:16 
jj1 = 734, max_th = 2.569660e+00, time=2025-04-08 09:04:37 
jj1 = 755, max_th = 2.940584e+00, time=2025-04-08 09:05:29 
jj1 = 635, max_th = 1.728043e+00, time=2025-04-08 09:07:02 
jj1 = 775, max_th = 1.980564e+00, time=2025-04-08 09:10:00 
jj1 = 533, max_th = 2.526375e+00, time=2025-04-08 09:11:17 
jj1 = 691, max_th = 2.600320e+00, time=2025-04-08 09:11:58 
jj1 = 673, max_th = 2.126138e+00, time=2025-04-08 09:14:36 
jj1 = 774, max_th = 1.159878e+00, time=2025-04-08 09:17:43 
jj1 = 592, max_th = 2.326130e+00, time=2025-04-08 09:17:45 
jj1 = 532, max_th = 2.720791e+00, time=2025-04-08 09:17:53 
jj1 = 611, max_th = 2.209183e+00, time=2025-04-08 09:18:14 
jj1 = 754, max_th = 1.316863e+00, time=2025-04-08 09:19:04 
jj1 = 656, max_th = 2.225927e+00, time=2025-04-08 09:19:35 
jj1 = 553, max_th = 2.168568e+00, time=2025-04-08 09:21:31 
jj1 = 717, max_th = 2.380835e+00, time=2025-04-08 09:23:02 
jj1 = 634, max_th = 1.802788e+00, time=2025-04-08 09:27:32 
jj1 = 716, max_th = 2.883761e+00, time=2025-04-08 09:29:34 
jj1 = 610, max_th = 2.400578e+00, time=2025-04-08 09:30:35 
jj1 = 733, max_th = 2.131105e+00, time=2025-04-08 09:30:45 
jj1 = 690, max_th = 1.990638e+00, time=2025-04-08 09:34:05 
jj1 = 672, max_th = 1.622800e+00, time=2025-04-08 09:34:13 
jj1 = 753, max_th = 1.106685e+00, time=2025-04-08 09:38:20 
jj1 = 591, max_th = 2.087906e+00, time=2025-04-08 09:41:18 
jj1 = 773, max_th = 1.994787e+00, time=2025-04-08 09:41:33 
jj1 = 609, max_th = 1.742327e+00, time=2025-04-08 09:41:43 
jj1 = 689, max_th = 1.071925e+00, time=2025-04-08 09:42:03 
jj1 = 655, max_th = 1.945506e+00, time=2025-04-08 09:45:28 
jj1 = 772, max_th = 2.892050e+00, time=2025-04-08 09:46:33 
jj1 = 552, max_th = 1.718567e+00, time=2025-04-08 09:47:18 
jj1 = 531, max_th = 1.653773e+00, time=2025-04-08 09:49:35 
jj1 = 633, max_th = 1.568760e+00, time=2025-04-08 09:50:36 
jj1 = 808, max_th = 1.354438e+00, time=2025-04-08 09:51:01 
jj1 = 671, max_th = 1.589868e+00, time=2025-04-08 09:52:05 
jj1 = 632, max_th = 7.441807e-01, time=2025-04-08 09:52:32 
jj1 = 715, max_th = 2.134867e+00, time=2025-04-08 09:54:17 
jj1 = 631, max_th = 3.131336e+00, time=2025-04-08 09:54:29 
jj1 = 590, max_th = 2.577446e+00, time=2025-04-08 09:54:31 
jj1 = 732, max_th = 2.065515e+00, time=2025-04-08 09:57:46 
jj1 = 530, max_th = 2.706843e+00, time=2025-04-08 09:58:17 
jj1 = 630, max_th = 1.093965e+00, time=2025-04-08 09:59:53 
jj1 = 752, max_th = 1.872300e+00, time=2025-04-08 10:00:49 
jj1 = 798, max_th = 2.204620e+00, time=2025-04-08 10:01:31 
jj1 = 771, max_th = 1.934229e+00, time=2025-04-08 10:02:47 
jj1 = 551, max_th = 2.344576e+00, time=2025-04-08 10:05:53 
jj1 = 807, max_th = 2.351192e+00, time=2025-04-08 10:06:26 
jj1 = 654, max_th = 2.060239e+00, time=2025-04-08 10:06:55 
jj1 = 797, max_th = 1.106678e+00, time=2025-04-08 10:08:03 
jj1 = 670, max_th = 1.424672e+00, time=2025-04-08 10:09:37 
jj1 = 714, max_th = 1.462505e+00, time=2025-04-08 10:10:01 
jj1 = 529, max_th = 1.696731e+00, time=2025-04-08 10:13:22 
jj1 = 589, max_th = 1.586057e+00, time=2025-04-08 10:14:29 
jj1 = 713, max_th = 2.669271e+00, time=2025-04-08 10:19:16 
jj1 = 550, max_th = 2.572658e+00, time=2025-04-08 10:19:50 
jj1 = 751, max_th = 1.632635e+00, time=2025-04-08 10:20:17 
jj1 = 669, max_th = 1.387558e+00, time=2025-04-08 10:21:14 
jj1 = 731, max_th = 2.096927e+00, time=2025-04-08 10:21:17 
jj1 = 629, max_th = 2.042587e+00, time=2025-04-08 10:22:59 
jj1 = 653, max_th = 1.581308e+00, time=2025-04-08 10:24:50 
jj1 = 796, max_th = 1.631517e+00, time=2025-04-08 10:26:03 
jj1 = 806, max_th = 2.139256e+00, time=2025-04-08 10:26:51 
jj1 = 788, max_th = 2.068991e+00, time=2025-04-08 10:27:20 
jj1 = 730, max_th = 1.431906e+00, time=2025-04-08 10:28:22 
jj1 = 770, max_th = 2.020446e+00, time=2025-04-08 10:28:30 
jj1 = 828, max_th = 1.580399e+00, time=2025-04-08 10:32:45 
jj1 = 549, max_th = 1.652063e+00, time=2025-04-08 10:35:41 
jj1 = 868, max_th = 1.687349e+00, time=2025-04-08 10:41:20 
jj1 = 838, max_th = 1.045966e+00, time=2025-04-08 10:41:47 
jj1 = 750, max_th = 2.106725e+00, time=2025-04-08 10:41:53 
jj1 = 805, max_th = 1.529813e+00, time=2025-04-08 10:42:52 
jj1 = 729, max_th = 1.538149e+00, time=2025-04-08 10:45:13 
jj1 = 848, max_th = 2.338903e+00, time=2025-04-08 10:45:28 
jj1 = 652, max_th = 2.135851e+00, time=2025-04-08 10:45:47 
jj1 = 712, max_th = 2.021268e+00, time=2025-04-08 10:46:09 
jj1 = 769, max_th = 2.286519e+00, time=2025-04-08 10:46:39 
jj1 = 787, max_th = 1.932884e+00, time=2025-04-08 10:48:02 
jj1 = 795, max_th = 1.678632e+00, time=2025-04-08 10:51:21 
jj1 = 749, max_th = 2.528051e+00, time=2025-04-08 10:58:08 
jj1 = 827, max_th = 2.223977e+00, time=2025-04-08 10:59:01 
jj1 = 867, max_th = 1.700453e+00, time=2025-04-08 10:59:29 
jj1 = 858, max_th = 2.294240e+00, time=2025-04-08 11:02:31 
jj1 = 847, max_th = 1.584690e+00, time=2025-04-08 11:04:09 
jj1 = 893, max_th = 2.117795e+00, time=2025-04-08 11:05:04 
jj1 = 804, max_th = 1.965003e+00, time=2025-04-08 11:05:46 
jj1 = 651, max_th = 2.317238e+00, time=2025-04-08 11:06:00 
jj1 = 837, max_th = 2.110643e+00, time=2025-04-08 11:06:34 
jj1 = 786, max_th = 1.742285e+00, time=2025-04-08 11:06:59 
jj1 = 866, max_th = 1.003516e+00, time=2025-04-08 11:10:30 
jj1 = 711, max_th = 2.124095e+00, time=2025-04-08 11:10:33 
jj1 = 803, max_th = 1.201705e+00, time=2025-04-08 11:11:10 
jj1 = 785, max_th = 2.776385e+00, time=2025-04-08 11:11:54 
jj1 = 836, max_th = 2.808457e+00, time=2025-04-08 11:12:09 
jj1 = 794, max_th = 2.117769e+00, time=2025-04-08 11:15:18 
jj1 = 818, max_th = 1.636773e+00, time=2025-04-08 11:19:00 
jj1 = 846, max_th = 2.358569e+00, time=2025-04-08 11:20:39 
jj1 = 826, max_th = 2.047249e+00, time=2025-04-08 11:22:44 
jj1 = 857, max_th = 1.866502e+00, time=2025-04-08 11:27:25 
jj1 = 650, max_th = 2.108143e+00, time=2025-04-08 11:27:43 
jj1 = 784, max_th = 2.598824e+00, time=2025-04-08 11:27:50 
jj1 = 710, max_th = 1.520132e+00, time=2025-04-08 11:28:35 
jj1 = 845, max_th = 2.701517e+00, time=2025-04-08 11:28:54 
jj1 = 825, max_th = 2.727397e+00, time=2025-04-08 11:29:17 
jj1 = 892, max_th = 1.743475e+00, time=2025-04-08 11:29:47 
jj1 = 802, max_th = 2.310332e+00, time=2025-04-08 11:30:19 
jj1 = 817, max_th = 2.334873e+00, time=2025-04-08 11:31:37 
jj1 = 793, max_th = 2.167339e+00, time=2025-04-08 11:37:00 
jj1 = 801, max_th = 1.141822e+00, time=2025-04-08 11:37:08 
jj1 = 865, max_th = 1.899498e+00, time=2025-04-08 11:37:55 
jj1 = 835, max_th = 2.087206e+00, time=2025-04-08 11:40:51 
jj1 = 824, max_th = 1.591804e+00, time=2025-04-08 11:41:50 
jj1 = 834, max_th = 3.140687e+00, time=2025-04-08 11:44:14 
jj1 = 856, max_th = 2.185943e+00, time=2025-04-08 11:48:54 
jj1 = 783, max_th = 3.046328e+00, time=2025-04-08 11:50:29 
jj1 = 816, max_th = 1.957937e+00, time=2025-04-08 11:51:19 
jj1 = 709, max_th = 2.103677e+00, time=2025-04-08 11:51:32 
jj1 = 891, max_th = 1.840169e+00, time=2025-04-08 11:52:02 
jj1 = 649, max_th = 2.037061e+00, time=2025-04-08 11:54:17 
jj1 = 792, max_th = 1.670523e+00, time=2025-04-08 11:55:01 
jj1 = 800, max_th = 1.899616e+00, time=2025-04-08 11:55:51 
jj1 = 833, max_th = 1.480981e+00, time=2025-04-08 11:56:24 
jj1 = 864, max_th = 2.406468e+00, time=2025-04-08 11:57:26 
jj1 = 844, max_th = 1.607277e+00, time=2025-04-08 12:02:25 
jj1 = 799, max_th = -1.807332e-01, time=2025-04-08 12:02:31 
jj1 = 791, max_th = 2.404983e+00, time=2025-04-08 12:08:32 
jj1 = 878, max_th = 1.606089e+00, time=2025-04-08 12:08:42 
jj1 = 815, max_th = 2.257083e+00, time=2025-04-08 12:09:42 
jj1 = 782, max_th = 2.049214e+00, time=2025-04-08 12:10:11 
jj1 = 855, max_th = 2.004464e+00, time=2025-04-08 12:10:34 
jj1 = 890, max_th = 1.707779e+00, time=2025-04-08 12:14:12 
jj1 = 888, max_th = 2.147305e+00, time=2025-04-08 12:14:18 
jj1 = 832, max_th = 2.106618e+00, time=2025-04-08 12:16:01 
jj1 = 903, max_th = 1.385473e+00, time=2025-04-08 12:17:49 
jj1 = 877, max_th = 1.329095e+00, time=2025-04-08 12:19:40 
jj1 = 863, max_th = 1.838172e+00, time=2025-04-08 12:19:52 
jj1 = 876, max_th = 8.858691e-01, time=2025-04-08 12:22:18 
jj1 = 843, max_th = 1.964885e+00, time=2025-04-08 12:25:00 
jj1 = 781, max_th = 2.209986e+00, time=2025-04-08 12:26:02 
jj1 = 854, max_th = 2.513197e+00, time=2025-04-08 12:26:11 
jj1 = 823, max_th = 2.194913e+00, time=2025-04-08 12:27:16 
jj1 = 814, max_th = 1.951755e+00, time=2025-04-08 12:29:04 
jj1 = 831, max_th = 1.363506e+00, time=2025-04-08 12:29:46 
jj1 = 790, max_th = 1.823573e+00, time=2025-04-08 12:31:23 
jj1 = 862, max_th = 2.824215e+00, time=2025-04-08 12:32:05 
jj1 = 822, max_th = 1.029668e+00, time=2025-04-08 12:32:55 
jj1 = 889, max_th = 2.170452e+00, time=2025-04-08 12:37:52 
jj1 = 902, max_th = 2.143380e+00, time=2025-04-08 12:38:38 
jj1 = 875, max_th = 1.678044e+00, time=2025-04-08 12:43:57 
jj1 = 842, max_th = 2.183532e+00, time=2025-04-08 12:44:26 
jj1 = 780, max_th = 1.566414e+00, time=2025-04-08 12:44:49 
jj1 = 821, max_th = 2.527337e+00, time=2025-04-08 12:45:39 
jj1 = 813, max_th = 1.824385e+00, time=2025-04-08 12:45:39 
jj1 = 861, max_th = 2.572676e+00, time=2025-04-08 12:45:46 
jj1 = 887, max_th = 1.827300e+00, time=2025-04-08 12:45:59 
jj1 = 830, max_th = 2.226443e+00, time=2025-04-08 12:48:06 
jj1 = 853, max_th = 2.311131e+00, time=2025-04-08 12:48:32 
jj1 = 789, max_th = 2.204338e+00, time=2025-04-08 12:52:24 
jj1 = 829, max_th = 1.405127e+00, time=2025-04-08 12:58:30 
jj1 = 901, max_th = 2.274280e+00, time=2025-04-08 13:00:13 
jj1 = 938, max_th = 2.225521e+00, time=2025-04-08 13:01:08 
jj1 = 812, max_th = 2.363091e+00, time=2025-04-08 13:02:40 
jj1 = 874, max_th = 1.637091e+00, time=2025-04-08 13:04:19 
jj1 = 900, max_th = 1.037863e+00, time=2025-04-08 13:05:06 
jj1 = 841, max_th = 1.932037e+00, time=2025-04-08 13:05:40 
jj1 = 860, max_th = 2.148366e+00, time=2025-04-08 13:06:11 
jj1 = 811, max_th = 2.581855e+00, time=2025-04-08 13:10:35 
jj1 = 898, max_th = 1.532128e+00, time=2025-04-08 13:11:06 
jj1 = 886, max_th = 1.724560e+00, time=2025-04-08 13:11:37 
jj1 = 820, max_th = 1.865750e+00, time=2025-04-08 13:12:27 
jj1 = 852, max_th = 1.978664e+00, time=2025-04-08 13:12:58 
jj1 = 897, max_th = 2.780715e+00, time=2025-04-08 13:14:04 
jj1 = 779, max_th = 1.719992e+00, time=2025-04-08 13:14:10 
jj1 = 851, max_th = 2.550029e+00, time=2025-04-08 13:18:45 
jj1 = 899, max_th = 2.159736e+00, time=2025-04-08 13:23:05 
jj1 = 928, max_th = 1.985157e+00, time=2025-04-08 13:23:11 
jj1 = 840, max_th = 1.640024e+00, time=2025-04-08 13:24:35 
jj1 = 937, max_th = 2.175765e+00, time=2025-04-08 13:24:50 
jj1 = 810, max_th = 2.523435e+00, time=2025-04-08 13:25:10 
jj1 = 859, max_th = 2.294998e+00, time=2025-04-08 13:25:46 
jj1 = 873, max_th = 1.917254e+00, time=2025-04-08 13:27:57 
jj1 = 927, max_th = 9.215346e-01, time=2025-04-08 13:28:31 
jj1 = 819, max_th = 2.303646e+00, time=2025-04-08 13:31:31 
jj1 = 839, max_th = 2.317224e+00, time=2025-04-08 13:33:50 
jj1 = 809, max_th = 2.625654e+00, time=2025-04-08 13:34:00 
jj1 = 896, max_th = 1.581119e+00, time=2025-04-08 13:34:26 
jj1 = 885, max_th = 2.183874e+00, time=2025-04-08 13:34:49 
jj1 = 913, max_th = 1.851979e+00, time=2025-04-08 13:35:23 
jj1 = 850, max_th = 1.644993e+00, time=2025-04-08 13:36:56 
jj1 = 872, max_th = 1.644349e+00, time=2025-04-08 13:44:22 
jj1 = 936, max_th = 2.104293e+00, time=2025-04-08 13:44:54 
jj1 = 849, max_th = 2.875066e+00, time=2025-04-08 13:46:32 
jj1 = 956, max_th = 1.989643e+00, time=2025-04-08 13:48:01 
jj1 = 908, max_th = 1.748078e+00, time=2025-04-08 13:49:32 
jj1 = 918, max_th = 2.501826e+00, time=2025-04-08 13:50:01 
jj1 = 895, max_th = 2.311330e+00, time=2025-04-08 13:53:21 
jj1 = 943, max_th = 1.947118e+00, time=2025-04-08 13:56:24 
jj1 = 917, max_th = 2.936376e+00, time=2025-04-08 13:56:29 
jj1 = 926, max_th = 1.934689e+00, time=2025-04-08 13:57:33 
jj1 = 923, max_th = 1.822373e+00, time=2025-04-08 13:58:17 
jj1 = 884, max_th = 1.728786e+00, time=2025-04-08 13:58:29 
jj1 = 935, max_th = 1.536703e+00, time=2025-04-08 14:03:31 
jj1 = 955, max_th = 1.499600e+00, time=2025-04-08 14:04:51 
jj1 = 912, max_th = 1.828674e+00, time=2025-04-08 14:05:52 
jj1 = 922, max_th = 2.789616e+00, time=2025-04-08 14:07:17 
jj1 = 894, max_th = 2.001721e+00, time=2025-04-08 14:07:24 
jj1 = 933, max_th = 1.986195e+00, time=2025-04-08 14:14:23 
jj1 = 871, max_th = 2.074787e+00, time=2025-04-08 14:17:10 
jj1 = 942, max_th = 1.846694e+00, time=2025-04-08 14:18:36 
jj1 = 907, max_th = 1.904697e+00, time=2025-04-08 14:18:49 
jj1 = 964, max_th = 1.558128e+00, time=2025-04-08 14:22:03 
jj1 = 883, max_th = 2.411157e+00, time=2025-04-08 14:22:40 
jj1 = 882, max_th = -5.476325e-04, time=2025-04-08 14:23:21 
jj1 = 925, max_th = 2.003445e+00, time=2025-04-08 14:25:05 
jj1 = 954, max_th = 1.624169e+00, time=2025-04-08 14:26:10 
jj1 = 870, max_th = 1.154562e+00, time=2025-04-08 14:26:34 
jj1 = 906, max_th = 1.149058e+00, time=2025-04-08 14:27:33 
jj1 = 869, max_th = 5.638092e-01, time=2025-04-08 14:28:02 
jj1 = 916, max_th = 2.132872e+00, time=2025-04-08 14:28:33 
jj1 = 921, max_th = 2.150312e+00, time=2025-04-08 14:30:39 
jj1 = 920, max_th = 6.579515e-01, time=2025-04-08 14:31:56 
jj1 = 919, max_th = 5.427609e-01, time=2025-04-08 14:33:40 
jj1 = 963, max_th = 2.538999e+00, time=2025-04-08 14:35:02 
jj1 = 934, max_th = 2.030065e+00, time=2025-04-08 14:37:17 
jj1 = 911, max_th = 1.971843e+00, time=2025-04-08 14:41:32 
jj1 = 941, max_th = 2.197858e+00, time=2025-04-08 14:45:43 
jj1 = 910, max_th = 2.933382e+00, time=2025-04-08 14:46:48 
jj1 = 905, max_th = 2.461179e+00, time=2025-04-08 14:48:11 
jj1 = 881, max_th = 1.788633e+00, time=2025-04-08 14:49:14 
jj1 = 962, max_th = 2.642738e+00, time=2025-04-08 14:50:18 
jj1 = 924, max_th = 1.686594e+00, time=2025-04-08 14:52:11 
jj1 = 988, max_th = 1.748054e+00, time=2025-04-08 14:52:54 
jj1 = 932, max_th = 2.031006e+00, time=2025-04-08 14:54:01 
jj1 = 904, max_th = 2.896181e+00, time=2025-04-08 14:54:34 
jj1 = 940, max_th = 1.188462e+00, time=2025-04-08 14:55:29 
jj1 = 948, max_th = 1.608806e+00, time=2025-04-08 14:56:06 
jj1 = 953, max_th = 1.942818e+00, time=2025-04-08 14:58:09 
jj1 = 984, max_th = 2.789441e+00, time=2025-04-08 15:00:47 
jj1 = 960, max_th = 2.089576e+00, time=2025-04-08 15:03:50 
jj1 = 880, max_th = 2.000098e+00, time=2025-04-08 15:07:32 
jj1 = 909, max_th = 2.365192e+00, time=2025-04-08 15:10:11 
jj1 = 915, max_th = 1.681737e+00, time=2025-04-08 15:11:05 
jj1 = 947, max_th = 1.351601e+00, time=2025-04-08 15:13:27 
jj1 = 879, max_th = 9.863451e-01, time=2025-04-08 15:15:23 
jj1 = 961, max_th = 1.719584e+00, time=2025-04-08 15:18:57 
jj1 = 968, max_th = 2.127710e+00, time=2025-04-08 15:21:48 
jj1 = 976, max_th = 2.370264e+00, time=2025-04-08 15:22:15 
jj1 = 931, max_th = 1.932738e+00, time=2025-04-08 15:25:53 
jj1 = 983, max_th = 1.765965e+00, time=2025-04-08 15:26:04 
jj1 = 972, max_th = 2.396708e+00, time=2025-04-08 15:30:41 
jj1 = 939, max_th = 2.071137e+00, time=2025-04-08 15:32:30 
jj1 = 946, max_th = 2.324974e+00, time=2025-04-08 15:34:42 
jj1 = 987, max_th = 2.168328e+00, time=2025-04-08 15:35:29 
jj1 = 959, max_th = 2.344932e+00, time=2025-04-08 15:36:05 
jj1 = 967, max_th = 2.396406e+00, time=2025-04-08 15:38:30 
jj1 = 914, max_th = 2.081696e+00, time=2025-04-08 15:42:24 
jj1 = 971, max_th = 1.379926e+00, time=2025-04-08 15:49:45 
jj1 = 982, max_th = 1.922593e+00, time=2025-04-08 15:52:40 
jj1 = 975, max_th = 2.174414e+00, time=2025-04-08 15:53:08 
jj1 = 997, max_th = 1.983059e+00, time=2025-04-08 15:53:33 
jj1 = 981, max_th = -1.125448e+00, time=2025-04-08 15:54:40 
jj1 = 980, max_th = 2.507209e+00, time=2025-04-08 15:55:20 
jj1 = 986, max_th = 1.713897e+00, time=2025-04-08 15:57:20 
jj1 = 992, max_th = 1.881883e+00, time=2025-04-08 15:58:01 
jj1 = 930, max_th = 2.117261e+00, time=2025-04-08 15:58:43 
jj1 = 952, max_th = 2.069873e+00, time=2025-04-08 15:58:59 
jj1 = 945, max_th = 1.917584e+00, time=2025-04-08 16:02:31 
jj1 = 958, max_th = 2.034624e+00, time=2025-04-08 16:03:00 
jj1 = 966, max_th = 2.210443e+00, time=2025-04-08 16:04:59 
jj1 = 974, max_th = 1.447890e+00, time=2025-04-08 16:06:05 
jj1 = 929, max_th = 1.347449e+00, time=2025-04-08 16:07:31 
jj1 = 973, max_th = 3.200759e+00, time=2025-04-08 16:09:06 
jj1 = 970, max_th = 2.310242e+00, time=2025-04-08 16:09:16 
jj1 = 985, max_th = 1.797716e+00, time=2025-04-08 16:14:02 
jj1 = 979, max_th = 2.045384e+00, time=2025-04-08 16:14:26 
jj1 = 951, max_th = 1.542419e+00, time=2025-04-08 16:14:27 
jj1 = 957, max_th = 1.458535e+00, time=2025-04-08 16:15:33 
jj1 = 944, max_th = 2.148646e+00, time=2025-04-08 16:17:43 
jj1 = 991, max_th = 2.031807e+00, time=2025-04-08 16:18:36 
jj1 = 969, max_th = 2.672285e+00, time=2025-04-08 16:19:11 
jj1 = 965, max_th = 1.822941e+00, time=2025-04-08 16:26:04 
jj1 = 996, max_th = 1.992030e+00, time=2025-04-08 16:26:25 
jj1 = 978, max_th = 1.694920e+00, time=2025-04-08 16:32:20 
jj1 = 990, max_th = 1.418753e+00, time=2025-04-08 16:33:31 
jj1 = 1000, max_th = 2.143938e+00, time=2025-04-08 16:34:32 
jj1 = 950, max_th = 2.279236e+00, time=2025-04-08 16:35:18 
jj1 = 998, max_th = 2.420304e+00, time=2025-04-08 16:36:25 
jj1 = 999, max_th = 2.185826e+00, time=2025-04-08 16:36:42 
jj1 = 949, max_th = 1.189327e+00, time=2025-04-08 16:39:31 
jj1 = 995, max_th = 2.034011e+00, time=2025-04-08 16:41:24 
jj1 = 994, max_th = 1.209073e+00, time=2025-04-08 16:43:44 
jj1 = 989, max_th = 1.697293e+00, time=2025-04-08 16:43:55 
jj1 = 977, max_th = 1.740570e+00, time=2025-04-08 16:46:05 
jj1 = 993, max_th = 2.343159e+00, time=2025-04-08 16:50:01 
>> >> >> >> >> >> >> >> >> 