MATLAB is selecting SOFTWARE OPENGL rendering.

                            < M A T L A B (R) >
                  Copyright 1984-2021 The MathWorks, Inc.
                  R2021b (9.11.0.1769968) 64-bit (glnxa64)
                             September 17, 2021

 
To get started, type doc.
For product information, visit www.mathworks.com.
 
>> >> >> >> >> >> >> >> >> >> >> >> >> >> >> >> >> >> 
jj1 =

     1

Starting parallel pool (parpool) using the 'local' profile ...
Connected to the parallel pool (number of workers: 12).
jj1-jj2 = 1 - 1 
jj1-jj2 = 1 - 2 
jj1-jj2 = 1 - 3 
jj1-jj2 = 1 - 4 
jj1-jj2 = 1 - 5 
jj1-jj2 = 1 - 6 
jj1-jj2 = 1 - 7 
jj1-jj2 = 1 - 8 
jj1-jj2 = 1 - 9 
jj1-jj2 = 1 - 10 
jj1-jj2 = 1 - 11 
jj1-jj2 = 1 - 12 
jj1-jj2 = 1 - 13 
jj1-jj2 = 1 - 14 
jj1-jj2 = 1 - 15 
jj1-jj2 = 1 - 16 
jj1-jj2 = 1 - 17 
jj1-jj2 = 1 - 18 
jj1-jj2 = 1 - 19 
jj1-jj2 = 1 - 20 
jj1-jj2 = 1 - 21 
jj1-jj2 = 1 - 22 
jj1-jj2 = 1 - 23 

endtime =

   2.2762e+04


jj1 =

     2

jj1-jj2 = 2 - 1 
jj1-jj2 = 2 - 2 
jj1-jj2 = 2 - 3 
jj1-jj2 = 2 - 4 
jj1-jj2 = 2 - 5 
jj1-jj2 = 2 - 6 
jj1-jj2 = 2 - 7 
jj1-jj2 = 2 - 8 
jj1-jj2 = 2 - 9 
jj1-jj2 = 2 - 10 
jj1-jj2 = 2 - 11 
jj1-jj2 = 2 - 12 
jj1-jj2 = 2 - 13 
jj1-jj2 = 2 - 14 
jj1-jj2 = 2 - 15 
jj1-jj2 = 2 - 16 
jj1-jj2 = 2 - 17 
jj1-jj2 = 2 - 18 
jj1-jj2 = 2 - 19 
jj1-jj2 = 2 - 20 
jj1-jj2 = 2 - 21 
jj1-jj2 = 2 - 22 
jj1-jj2 = 2 - 23 

endtime =

   2.2756e+04


jj1 =

     3

jj1-jj2 = 3 - 1 
jj1-jj2 = 3 - 2 
jj1-jj2 = 3 - 3 
jj1-jj2 = 3 - 4 
jj1-jj2 = 3 - 5 
jj1-jj2 = 3 - 6 
jj1-jj2 = 3 - 7 
jj1-jj2 = 3 - 8 
jj1-jj2 = 3 - 9 
jj1-jj2 = 3 - 10 
jj1-jj2 = 3 - 11 
jj1-jj2 = 3 - 12 
jj1-jj2 = 3 - 13 
jj1-jj2 = 3 - 14 
jj1-jj2 = 3 - 15 
jj1-jj2 = 3 - 16 
jj1-jj2 = 3 - 17 
jj1-jj2 = 3 - 18 
jj1-jj2 = 3 - 19 
jj1-jj2 = 3 - 20 
jj1-jj2 = 3 - 21 
jj1-jj2 = 3 - 22 
jj1-jj2 = 3 - 23 

endtime =

   2.2749e+04


jj1 =

     4

jj1-jj2 = 4 - 1 
jj1-jj2 = 4 - 2 
jj1-jj2 = 4 - 3 
jj1-jj2 = 4 - 4 
jj1-jj2 = 4 - 5 
jj1-jj2 = 4 - 6 
jj1-jj2 = 4 - 7 
jj1-jj2 = 4 - 8 
jj1-jj2 = 4 - 9 
jj1-jj2 = 4 - 10 
jj1-jj2 = 4 - 11 
jj1-jj2 = 4 - 12 
jj1-jj2 = 4 - 13 
jj1-jj2 = 4 - 14 
jj1-jj2 = 4 - 15 
jj1-jj2 = 4 - 16 
jj1-jj2 = 4 - 17 
jj1-jj2 = 4 - 18 
jj1-jj2 = 4 - 19 
jj1-jj2 = 4 - 20 
jj1-jj2 = 4 - 21 
jj1-jj2 = 4 - 22 
jj1-jj2 = 4 - 23 

endtime =

   2.5577e+04


jj1 =

     5

jj1-jj2 = 5 - 1 
jj1-jj2 = 5 - 2 
jj1-jj2 = 5 - 3 
jj1-jj2 = 5 - 4 
jj1-jj2 = 5 - 5 
jj1-jj2 = 5 - 6 
jj1-jj2 = 5 - 7 
jj1-jj2 = 5 - 8 
jj1-jj2 = 5 - 9 
jj1-jj2 = 5 - 10 
jj1-jj2 = 5 - 11 
jj1-jj2 = 5 - 12 
jj1-jj2 = 5 - 13 
jj1-jj2 = 5 - 14 
jj1-jj2 = 5 - 15 
jj1-jj2 = 5 - 16 
jj1-jj2 = 5 - 17 
jj1-jj2 = 5 - 18 
jj1-jj2 = 5 - 19 
jj1-jj2 = 5 - 20 
jj1-jj2 = 5 - 21 
jj1-jj2 = 5 - 22 
jj1-jj2 = 5 - 23 

endtime =

   2.3950e+04


jj1 =

     6

jj1-jj2 = 6 - 1 
jj1-jj2 = 6 - 2 
jj1-jj2 = 6 - 3 
jj1-jj2 = 6 - 4 
jj1-jj2 = 6 - 5 
jj1-jj2 = 6 - 6 
jj1-jj2 = 6 - 7 
jj1-jj2 = 6 - 8 
jj1-jj2 = 6 - 9 
jj1-jj2 = 6 - 10 
jj1-jj2 = 6 - 11 
jj1-jj2 = 6 - 12 
jj1-jj2 = 6 - 13 
jj1-jj2 = 6 - 14 
jj1-jj2 = 6 - 15 
jj1-jj2 = 6 - 16 
jj1-jj2 = 6 - 17 
jj1-jj2 = 6 - 18 
jj1-jj2 = 6 - 19 
jj1-jj2 = 6 - 20 
jj1-jj2 = 6 - 21 
jj1-jj2 = 6 - 22 
jj1-jj2 = 6 - 23 

endtime =

   2.3767e+04

>> 