MATLAB is selecting SOFTWARE OPENGL rendering.

                            < M A T L A B (R) >
                  Copyright 1984-2021 The MathWorks, Inc.
                  R2021b (9.11.0.1769968) 64-bit (glnxa64)
                             September 17, 2021

 
To get started, type doc.
For product information, visit www.mathworks.com.
 
>> >> >> >> >> >> >> >> >> >> >> >> >> >> >> >> >> >> >> Starting parallel pool (parpool) using the 'local' profile ...
[Warning: A task was unexpectedly found in state: Unavailable.] 
[> In parallel.cluster.Local/deriveJobStateFromTasks (line 29)
In parallel.cluster/Local/getJobState (line 174)
In parallel.cluster/CJSCluster/hGetJobState (line 375)
In parallel.internal.cluster/CJSJobMixin/hGetStateEnum (line 175)
In parallel/Job/get.StateEnum (line 247)
In parallel/Job/get.State (line 239)
In parallel.internal.customattr.CustomGetSet>iVectorisedGetHelper (line 128)
In parallel.internal.customattr.CustomGetSet>@(a,b,c)iVectorisedGetHelper(obj,a,b,c) (line 102)
In parallel.internal.customattr/CustomGetSet/doVectorisedGet (line 103)
In parallel.internal.customattr/CustomGetSet/hVectorisedGet (line 76)
In parallel.internal.customattr.GetSetImpl>iAccessProperties (line 322)
In parallel.internal.customattr.GetSetImpl>iGetAllPropertiesVec (line 264)
In parallel.internal.customattr/GetSetImpl/getImpl (line 133)
In parallel.internal.customattr.CustomGetSet>iHetFunGetFunction (line 154)
In parallel.internal.customattr.CustomGetSet>@(o)iHetFunGetFunction(o,props) (line 139)
In parallel.internal.cluster.hetfun (line 46)
In parallel.internal.customattr.CustomGetSet>iHetFunGetProperty (line 139)
In parallel.internal.customattr/CustomGetSet/get (line 38)
In parallel.internal.pool/AbstractInteractiveClient/pRemoveOldJobs (line 211)
In parallel.internal.pool/AbstractInteractiveClient/start (line 103)
In parallel.internal.pool.AbstractClusterPool>iStartClient (line 831)
In parallel.internal.pool/AbstractClusterPool/hBuildPool (line 585)
In parallel.internal.pool.doParpool (line 22)
In parpool (line 123)
In parallel.internal.parpool.getOrCreateCurrentPool (line 17)
In parallel.internal.pool/PoolArrayManager/getOrAutoCreateWithCleanup (line 44)
In pctTryCreatePoolIfNecessary (line 28)
In parallel_function (line 423)
In fn_measure (line 41)] 
Connected to the parallel pool (number of workers: 12).
Error of vP is 5.561205e-08 
Error of vP is 5.635166e-08 
Error of vP is 9.852560e-08 
Error of vP is 6.265508e-08 
Error of vP is 7.073968e-08 
Error of vP is 6.954079e-08 
Error of vP is 5.762679e-08 
Error of vP is 9.548035e-08 
Error of vP is 6.412244e-08 
Error of vP is 5.965502e-08 
Error of vP is 5.148270e-08 
Error of vP is 1.333264e-07 
Error of vP is 1.127516e-07 
Error of vP is 7.795763e-08 
Error of vP is 5.680685e-08 
Error of vP is 1.569485e-07 
Error of vP is 2.424770e-07 
Error of vP is 1.404631e-07 
Error of vP is 1.059726e-07 
Error of vP is 1.073497e-07 
Error of vP is 2.153097e-07 
Error of vP is 3.867143e-07 
Error of vP is 3.785287e-07 
Error of vP is 1.764964e-07 
Error of vP is 1.237384e-07 
Error of vP is 2.406846e-07 
Error of vP is 2.205682e-07 
Error of vP is 7.104885e-08 
Error of vP is 9.557504e-08 
Error of vP is 1.706197e-07 
Error of vP is 2.385774e-07 
Error of vP is 2.643065e-07 
Error of vP is 4.403848e-07 
Error of vP is 5.366326e-07 
Error of vP is 6.497755e-07 
Error of vP is 7.177767e-07 
Error of vP is 1.271129e-07 
Error of vP is 5.278550e-08 
Error of vP is 1.764920e-07 
Error of vP is 9.331703e-08 
Error of vP is 1.739939e-07 
Error of vP is 6.696391e-08 
Error of vP is 6.310149e-08 
Error of vP is 9.754765e-08 
Error of vP is 1.453435e-07 
Error of vP is 1.067469e-07 
Error of vP is 1.565967e-07 
Error of vP is 8.815804e-08 
Error of vP is 1.282775e-07 
Error of vP is 1.230167e-07 
Error of vP is 6.048446e-08 
Error of vP is 1.807740e-07 
Error of vP is 5.362504e-08 
Error of vP is 7.102599e-08 
Error of vP is 1.605696e-07 
Error of vP is 5.188346e-08 
Error of vP is 7.504147e-08 
Error of vP is 1.439813e-07 
Error of vP is 5.474193e-08 
Error of vP is 5.727503e-08 
Error of vP is 9.505914e-08 
Error of vP is 1.744486e-07 
Error of vP is 8.461257e-08 
Error of vP is 6.522421e-08 
Error of vP is 9.594331e-08 
Error of vP is 6.308041e-08 
Error of vP is 1.197660e-07 
Error of vP is 1.562402e-07 
Error of vP is 1.503005e-07 
Error of vP is 2.061785e-07 
Error of vP is 8.053867e-08 
Error of vP is 8.568929e-08 
Error of vP is 5.483758e-08 
Error of vP is 8.912992e-08 
Error of vP is 7.352988e-08 
Error of vP is 8.059174e-08 
Error of vP is 1.073038e-07 
Error of vP is 5.610319e-08 
Error of vP is 5.153790e-08 
Error of vP is 8.709917e-08 
Error of vP is 1.344735e-07 
Error of vP is 1.365078e-07 
Error of vP is 8.134517e-08 
Error of vP is 1.853830e-07 
Error of vP is 1.038381e-07 
Error of vP is 1.423785e-07 
Error of vP is 9.437592e-08 
Error of vP is 1.652279e-07 
Error of vP is 1.298838e-07 
Error of vP is 6.874276e-08 
Error of vP is 1.219722e-07 
Error of vP is 6.118286e-08 
Error of vP is 2.678523e-07 
Error of vP is 2.022623e-07 
Error of vP is 1.643842e-07 
Error of vP is 7.211587e-08 
Error of vP is 5.599647e-08 
Error of vP is 6.318247e-08 
Error of vP is 6.132441e-08 
Error of vP is 5.315186e-08 
Error of vP is 5.108860e-08 
Error of vP is 5.412443e-08 
Error of vP is 5.339583e-08 
Error of vP is 5.066308e-08 
Error of vP is 6.555260e-08 
Error of vP is 5.932215e-08 
Error of vP is 8.551814e-08 
Error of vP is 6.342205e-08 
Error of vP is 8.406063e-08 
Error of vP is 8.710022e-08 
Error of vP is 1.171329e-07 
Error of vP is 1.146639e-07 
Error of vP is 7.657140e-08 
Error of vP is 9.690351e-08 
Error of vP is 7.571651e-08 
Error of vP is 6.577358e-08 
Error of vP is 9.672294e-08 
Error of vP is 5.559233e-08 
Error of vP is 9.880095e-08 
Error of vP is 5.257549e-08 
Error of vP is 8.219768e-08 
Error of vP is 2.191045e-07 
Error of vP is 5.519459e-08 
Error of vP is 5.612675e-08 
Error of vP is 6.902722e-08 
Error of vP is 6.344098e-08 
Error of vP is 5.754329e-08 
Error of vP is 9.531831e-08 
Error of vP is 5.331653e-08 
Error of vP is 7.735202e-08 
Error of vP is 5.363596e-08 
Error of vP is 5.385343e-08 
Error of vP is 9.102300e-08 
Error of vP is 6.808924e-08 
Error of vP is 5.612722e-08 
Error of vP is 7.080313e-08 
Error of vP is 1.610834e-07 
Error of vP is 8.422434e-08 
Error of vP is 1.032416e-07 
Error of vP is 5.439130e-08 
Error of vP is 8.134301e-08 
Error of vP is 8.625317e-08 
Error of vP is 7.164411e-08 
Error of vP is 7.900801e-08 
Error of vP is 9.055674e-08 
Error of vP is 8.105272e-08 
Error of vP is 1.211139e-07 
Error of vP is 7.893958e-08 
Error of vP is 6.408454e-08 
Error of vP is 5.105654e-08 
Error of vP is 5.114531e-08 
Error of vP is 1.321813e-07 
Error of vP is 1.006256e-07 
Error of vP is 6.942619e-08 
Error of vP is 9.160600e-08 
Error of vP is 7.197330e-08 
Error of vP is 1.033370e-07 
Error of vP is 8.871948e-08 
Error of vP is 7.546638e-08 
Error of vP is 8.697079e-08 
Error of vP is 7.846409e-08 
Error of vP is 1.255055e-07 
Error of vP is 1.059570e-07 
Error of vP is 7.992666e-08 
Error of vP is 1.027976e-07 
Error of vP is 1.237444e-07 
Error of vP is 1.258700e-07 
Error of vP is 6.357615e-08 
Error of vP is 9.293346e-08 
Error of vP is 8.256078e-08 
Error of vP is 6.974479e-08 
Error of vP is 1.586079e-07 
Error of vP is 6.104020e-08 
Error of vP is 1.123117e-07 
Error of vP is 9.841247e-08 
Error of vP is 1.441201e-07 
Error of vP is 5.266763e-08 
Error of vP is 8.583094e-08 
Error of vP is 9.184608e-08 
Error of vP is 1.498919e-07 
Error of vP is 5.477309e-08 
Error of vP is 1.664838e-07 
Error of vP is 6.286054e-08 
Error of vP is 2.996125e-07 
Error of vP is 6.220544e-08 
Error of vP is 1.300636e-07 
Error of vP is 6.936472e-08 
Error of vP is 1.509037e-07 
Error of vP is 5.349655e-08 
Error of vP is 1.024295e-07 
Error of vP is 2.268051e-07 
Error of vP is 5.513545e-08 
Error of vP is 5.564471e-08 
Error of vP is 1.159682e-07 
Error of vP is 2.425469e-07 
Error of vP is 7.180741e-08 
Error of vP is 5.589806e-08 
Error of vP is 5.325686e-08 
Error of vP is 5.302209e-08 
Error of vP is 5.869657e-08 
Error of vP is 5.497743e-08 
Error of vP is 7.149000e-08 
Error of vP is 5.532379e-08 
Error of vP is 5.741670e-08 
Error of vP is 7.255117e-08 
Error of vP is 5.578464e-08 
Error of vP is 5.612602e-08 
Error of vP is 5.390775e-08 
Error of vP is 8.547227e-08 
Error of vP is 7.090969e-08 
Error of vP is 1.316671e-07 
Error of vP is 5.286969e-08 
Error of vP is 9.175772e-08 
Error of vP is 1.704610e-07 
Error of vP is 7.245042e-08 
Error of vP is 7.771714e-08 
Error of vP is 6.224913e-08 
Error of vP is 6.290086e-08 
Error of vP is 5.519694e-08 
Error of vP is 6.872788e-08 
Error of vP is 9.372618e-08 
Error of vP is 5.922344e-08 
Error of vP is 1.277581e-07 
Error of vP is 8.705769e-08 
Error of vP is 1.066906e-07 
Error of vP is 6.929931e-08 
Error of vP is 7.999893e-08 
Error of vP is 1.881902e-07 
Error of vP is 8.610910e-08 
Error of vP is 1.288732e-07 
Error of vP is 2.382811e-07 
Error of vP is 1.543246e-07 
Error of vP is 7.958833e-08 
Error of vP is 3.026688e-07 
Error of vP is 1.007441e-07 
Error of vP is 1.695822e-07 
Error of vP is 4.249766e-07 
Error of vP is 2.152443e-07 
Error of vP is 2.281239e-07 
Error of vP is 1.238176e-07 
Error of vP is 1.329856e-07 
Error of vP is 2.306556e-07 
Error of vP is 1.285358e-07 
Error of vP is 6.739486e-08 
Error of vP is 2.504097e-07 
Error of vP is 6.616607e-08 
Error of vP is 1.320877e-07 
Error of vP is 3.379249e-07 
Error of vP is 1.171475e-07 
Error of vP is 1.271940e-07 
Error of vP is 1.902914e-07 
Error of vP is 1.413345e-07 
Error of vP is 1.367836e-07 
Error of vP is 1.290090e-07 
Error of vP is 3.224001e-07 
Error of vP is 1.352581e-07 
Error of vP is 1.646120e-07 
Error of vP is 5.516214e-08 
Error of vP is 2.167004e-07 
Error of vP is 3.449244e-07 
Error of vP is 4.451203e-07 
Error of vP is 2.463933e-07 
Error of vP is 6.786404e-07 
Error of vP is 2.392332e-07 
Error of vP is 2.109350e-07 
Error of vP is 5.071421e-07 
Error of vP is 6.617769e-07 
Error of vP is 2.097647e-07 
Error of vP is 4.577004e-07 
Error of vP is 1.452872e-07 
Error of vP is 2.510049e-07 
Error of vP is 3.383075e-07 
Error of vP is 1.649769e-07 
Error of vP is 3.212064e-07 
Error of vP is 2.043778e-07 
Error of vP is 5.850880e-08 
Error of vP is 2.643242e-07 
Error of vP is 8.194854e-08 
Error of vP is 3.024294e-07 
Error of vP is 3.870825e-07 
Error of vP is 2.064006e-07 
Error of vP is 3.084669e-07 
Error of vP is 5.538960e-07 
Error of vP is 3.867477e-07 
Error of vP is 3.629906e-07 
Error of vP is 4.314524e-07 
Error of vP is 4.602639e-07 
Error of vP is 4.364847e-07 
Error of vP is 4.918572e-07 
Error of vP is 2.375561e-07 
Error of vP is 2.008394e-07 
Error of vP is 3.843349e-07 
Error of vP is 3.376866e-07 
Error of vP is 5.698736e-07 
Error of vP is 4.149193e-07 
Error of vP is 7.963327e-07 
Error of vP is 4.158128e-07 
Error of vP is 4.090705e-07 
Error of vP is 6.874842e-08 
Error of vP is 6.404885e-08 
Error of vP is 5.399391e-08 
Error of vP is 5.154692e-08 
Error of vP is 6.529196e-08 
Error of vP is 5.708016e-08 
Error of vP is 9.021646e-08 
Error of vP is 5.868882e-08 
Error of vP is 8.949496e-08 
Error of vP is 8.365025e-08 
Error of vP is 6.061006e-08 
Error of vP is 5.459297e-08 
Error of vP is 2.236647e-07 
Error of vP is 7.916646e-08 
Error of vP is 8.137803e-08 
Error of vP is 6.235305e-08 
Error of vP is 7.037398e-08 
Error of vP is 5.889173e-08 
Error of vP is 6.058654e-08 
Error of vP is 1.424821e-07 
Error of vP is 5.154966e-08 
Error of vP is 7.711748e-08 
Error of vP is 1.418559e-07 
Error of vP is 8.526086e-08 
Error of vP is 5.723617e-08 
Error of vP is 5.917297e-08 
Error of vP is 7.555913e-08 
Error of vP is 5.167646e-08 
Error of vP is 7.033913e-08 
Error of vP is 8.436916e-08 
Error of vP is 5.082484e-08 
Error of vP is 6.771814e-08 
Error of vP is 6.130481e-08 
Error of vP is 8.134355e-08 
Error of vP is 9.050422e-08 
Error of vP is 5.159599e-08 
Error of vP is 7.085418e-08 
Error of vP is 2.140502e-07 
Error of vP is 5.402272e-08 
Error of vP is 6.033764e-08 
Error of vP is 8.370224e-08 
Error of vP is 8.192838e-08 
Error of vP is 1.015428e-07 
Error of vP is 6.296857e-08 
Error of vP is 1.164214e-07 
Error of vP is 8.828180e-08 
Error of vP is 1.790614e-07 
Error of vP is 3.745219e-07 
Error of vP is 1.508892e-07 
Error of vP is 9.977632e-08 
Error of vP is 8.494092e-08 
Error of vP is 1.862429e-07 
Error of vP is 7.996388e-08 
Error of vP is 1.037357e-07 
Error of vP is 1.203914e-07 
Error of vP is 9.885578e-08 
Error of vP is 6.989644e-08 
Error of vP is 1.079493e-07 
Error of vP is 2.322913e-07 
Error of vP is 9.461328e-08 
Error of vP is 1.480169e-07 
Error of vP is 3.358014e-07 
Error of vP is 1.764984e-07 
Error of vP is 2.453491e-07 
Error of vP is 2.035258e-07 
Error of vP is 1.977462e-07 
Error of vP is 1.052038e-07 
Error of vP is 1.374882e-07 
Error of vP is 1.736083e-07 
Error of vP is 1.796889e-07 
Error of vP is 1.317801e-07 
Error of vP is 1.007023e-07 
Error of vP is 1.029696e-07 
Error of vP is 4.516334e-07 
Error of vP is 7.591131e-08 
Error of vP is 1.394199e-07 
Error of vP is 1.221928e-07 
Error of vP is 6.757458e-08 
Error of vP is 7.441728e-08 
Error of vP is 2.110274e-07 
Error of vP is 4.001761e-07 
Error of vP is 4.183936e-07 
Error of vP is 1.636904e-07 
Error of vP is 3.135442e-07 
Error of vP is 2.005367e-07 
Error of vP is 2.121690e-07 
Error of vP is 8.698278e-08 
Error of vP is 1.851777e-07 
Error of vP is 4.131062e-07 
Error of vP is 1.604976e-07 
Error of vP is 5.107664e-07 
Error of vP is 3.205081e-07 
Error of vP is 1.567466e-07 
Error of vP is 8.936748e-08 
Error of vP is 8.030763e-08 
Error of vP is 3.840792e-07 
Error of vP is 9.183011e-08 
Error of vP is 1.350834e-07 
Error of vP is 5.568791e-08 
Error of vP is 2.482100e-07 
Error of vP is 4.505247e-07 
Error of vP is 3.175705e-07 
Error of vP is 1.811536e-07 
Error of vP is 4.369137e-07 
Error of vP is 7.706660e-08 
Error of vP is 9.427538e-08 
Error of vP is 4.301160e-07 
Error of vP is 3.857481e-07 
Error of vP is 3.896992e-07 
Error of vP is 1.992059e-07 
Error of vP is 1.515372e-07 
Error of vP is 5.115873e-07 
Error of vP is 6.802233e-07 
Error of vP is 3.637176e-07 
Error of vP is 1.425432e-07 
Error of vP is 5.208160e-07 
Error of vP is 3.968182e-07 
Error of vP is 3.428394e-07 
Error of vP is 3.345756e-07 
Error of vP is 9.652420e-08 
Error of vP is 5.131876e-08 
Error of vP is 3.436583e-07 
Error of vP is 1.256295e-07 
Error of vP is 3.642942e-07 
Error of vP is 5.102137e-07 
Error of vP is 1.406905e-07 
Error of vP is 2.189510e-07 
Error of vP is 2.500501e-07 
Error of vP is 6.167899e-08 
Error of vP is 9.282892e-07 
Error of vP is 3.587286e-07 
Error of vP is 3.088235e-07 
Error of vP is 6.622017e-07 
Error of vP is 7.612614e-08 
Error of vP is 2.695135e-07 
Error of vP is 1.070152e-06 
Error of vP is 5.075247e-07 
Error of vP is 6.270939e-07 
Error of vP is 1.036325e-06 
Error of vP is 4.262765e-07 
Error of vP is 2.970003e-07 
Error of vP is 4.921346e-07 
Error of vP is 7.982382e-07 
Error of vP is 5.984814e-07 
Error of vP is 3.698883e-07 
Error of vP is 1.657069e-07 
Error of vP is 1.336524e-07 
Error of vP is 2.165935e-07 
Error of vP is 1.901031e-07 
Error of vP is 9.270136e-08 
Error of vP is 6.215930e-08 
Error of vP is 9.892829e-08 
Error of vP is 1.574516e-07 
Error of vP is 1.106889e-07 
Error of vP is 8.977188e-08 
Error of vP is 9.095007e-08 
Error of vP is 8.902083e-08 
Error of vP is 9.004965e-08 
Error of vP is 1.201854e-07 
Error of vP is 7.927341e-08 
Error of vP is 1.069072e-07 
Error of vP is 2.377556e-07 
Error of vP is 1.446659e-07 
Error of vP is 2.253628e-07 
Error of vP is 1.128237e-07 
Error of vP is 9.282425e-08 
Error of vP is 6.514663e-08 
Error of vP is 6.699917e-08 
Error of vP is 7.743159e-08 
Error of vP is 1.121331e-07 
Error of vP is 5.066766e-08 
Error of vP is 9.648525e-08 
Error of vP is 6.271942e-08 
Error of vP is 9.357952e-08 
Error of vP is 9.327331e-08 
Error of vP is 1.335896e-07 
Error of vP is 1.145377e-07 
Error of vP is 5.438872e-08 
Error of vP is 9.300332e-08 
Error of vP is 7.258965e-08 
Error of vP is 9.205498e-08 
Error of vP is 5.391016e-08 
Error of vP is 9.001016e-08 
Error of vP is 6.866341e-08 
Error of vP is 8.989298e-08 
Error of vP is 6.876238e-08 
Error of vP is 5.733854e-08 
Error of vP is 1.163907e-07 
Error of vP is 1.043844e-07 
Error of vP is 6.007658e-08 
Error of vP is 5.864783e-08 
Error of vP is 5.101091e-08 
Error of vP is 6.461449e-08 
Error of vP is 6.647311e-08 
Error of vP is 8.517190e-08 
Error of vP is 5.375799e-08 
Error of vP is 6.638110e-08 
Error of vP is 8.614843e-08 
Error of vP is 1.209825e-07 
Error of vP is 8.523081e-08 
Error of vP is 5.112040e-08 
Error of vP is 5.593310e-08 
Error of vP is 5.863627e-08 
Error of vP is 5.901163e-08 
Error of vP is 7.466387e-08 
Error of vP is 7.225748e-08 
Error of vP is 7.054658e-08 
Error of vP is 5.767535e-08 
Error of vP is 6.022879e-08 
Error of vP is 1.180401e-07 
Error of vP is 5.409842e-08 
Error of vP is 5.432029e-08 
Error of vP is 6.206574e-08 
Error of vP is 6.800060e-08 
Error of vP is 5.913997e-08 
Error of vP is 8.753908e-08 
Error of vP is 1.079646e-07 
Error of vP is 1.179629e-07 
Error of vP is 6.642763e-08 
Error of vP is 1.392625e-07 
Error of vP is 8.924342e-08 
Error of vP is 7.047993e-08 
Error of vP is 5.196176e-08 
Error of vP is 1.171177e-07 
Error of vP is 1.582450e-07 
Error of vP is 7.705646e-08 
Error of vP is 1.096663e-07 
Error of vP is 5.342970e-08 
Error of vP is 5.201413e-08 
Error of vP is 5.222712e-08 
Error of vP is 5.003944e-08 
Error of vP is 5.242490e-08 
Error of vP is 8.041826e-08 
Error of vP is 7.326509e-08 
Error of vP is 2.050607e-07 
Error of vP is 8.612057e-08 
Error of vP is 1.589778e-07 
Error of vP is 6.256140e-08 
Error of vP is 1.394827e-07 
Error of vP is 2.177405e-07 
Error of vP is 5.079935e-08 
Error of vP is 1.265061e-07 
Error of vP is 1.163945e-07 
Error of vP is 6.497197e-08 
Error of vP is 1.166207e-07 
Error of vP is 1.589669e-07 
Error of vP is 1.479864e-07 
Error of vP is 6.410012e-08 
Error of vP is 1.622626e-07 
Error of vP is 9.256481e-08 
Error of vP is 2.880554e-07 
Error of vP is 8.271228e-08 
Error of vP is 6.687568e-08 
Error of vP is 6.446080e-08 
Error of vP is 5.770292e-08 
Error of vP is 6.147102e-08 
Error of vP is 5.010874e-08 
Error of vP is 5.433733e-08 
Error of vP is 7.839259e-08 
Error of vP is 1.328033e-07 
Error of vP is 1.089974e-07 
Error of vP is 8.520283e-08 
Error of vP is 8.030685e-08 
Error of vP is 6.374439e-08 
Error of vP is 9.977167e-08 
Error of vP is 7.679895e-08 
Error of vP is 6.854334e-08 
Error of vP is 1.746497e-07 
Error of vP is 1.096438e-07 
Error of vP is 8.585385e-08 
Error of vP is 2.594004e-07 
Error of vP is 1.082569e-07 
Error of vP is 5.581769e-08 
Error of vP is 1.277583e-07 
Error of vP is 8.528879e-08 
Error of vP is 1.181362e-07 
Error of vP is 8.535382e-08 
>> >> 
endtime =

   3.9765e+04

>> >> >> >> >> >> 