MATLAB is selecting SOFTWARE OPENGL rendering.

                            < M A T L A B (R) >
                  Copyright 1984-2021 The MathWorks, Inc.
                  R2021b (9.11.0.1769968) 64-bit (glnxa64)
                             September 17, 2021

 
To get started, type doc.
For product information, visit www.mathworks.com.
 
>> >> >> >> >> >> >> >> >> >> >> >> >> >> >> >> >> >> >> >> >> >> >> >> >> >> Starting parallel pool (parpool) using the 'local' profile ...
[Warning: A task was unexpectedly found in state: Unavailable.] 
[> In parallel.cluster.Local/deriveJobStateFromTasks (line 29)
In parallel.cluster/Local/getJobState (line 174)
In parallel.cluster/CJSCluster/hGetJobState (line 375)
In parallel.internal.cluster/CJSJobMixin/hGetStateEnum (line 175)
In parallel/Job/get.StateEnum (line 247)
In parallel/Job/get.State (line 239)
In parallel.internal.customattr.CustomGetSet>iVectorisedGetHelper (line 128)
In parallel.internal.customattr.CustomGetSet>@(a,b,c)iVectorisedGetHelper(obj,a,b,c) (line 102)
In parallel.internal.customattr/CustomGetSet/doVectorisedGet (line 103)
In parallel.internal.customattr/CustomGetSet/hVectorisedGet (line 76)
In parallel.internal.customattr.GetSetImpl>iAccessProperties (line 322)
In parallel.internal.customattr.GetSetImpl>iGetAllPropertiesVec (line 264)
In parallel.internal.customattr/GetSetImpl/getImpl (line 133)
In parallel.internal.customattr.CustomGetSet>iHetFunGetFunction (line 154)
In parallel.internal.customattr.CustomGetSet>@(o)iHetFunGetFunction(o,props) (line 139)
In parallel.internal.cluster.hetfun (line 46)
In parallel.internal.customattr.CustomGetSet>iHetFunGetProperty (line 139)
In parallel.internal.customattr/CustomGetSet/get (line 38)
In parallel.internal.pool/AbstractInteractiveClient/pRemoveOldJobs (line 211)
In parallel.internal.pool/AbstractInteractiveClient/start (line 103)
In parallel.internal.pool.AbstractClusterPool>iStartClient (line 831)
In parallel.internal.pool/AbstractClusterPool/hBuildPool (line 585)
In parallel.internal.pool.doParpool (line 22)
In parpool (line 123)
In parallel.internal.parpool.getOrCreateCurrentPool (line 17)
In parallel.internal.pool/PoolArrayManager/getOrAutoCreateWithCleanup (line 44)
In pctTryCreatePoolIfNecessary (line 28)
In parallel_function (line 423)] 
Connected to the parallel pool (number of workers: 12).
jj1 = 35, max_th = 6.797870e-01, time=2025-04-07 16:24:18 
jj1 = 34, max_th = 6.698031e-01, time=2025-04-07 16:26:28 
jj1 = 15, max_th = 8.119784e-01, time=2025-04-07 16:28:37 
jj1 = 20, max_th = 1.536472e+00, time=2025-04-07 16:29:25 
jj1 = 60, max_th = 1.490318e+00, time=2025-04-07 16:35:31 
jj1 = 30, max_th = 2.203881e+00, time=2025-04-07 16:38:28 
jj1 = 5, max_th = 1.728080e+00, time=2025-04-07 16:42:15 
jj1 = 55, max_th = 1.786577e+00, time=2025-04-07 16:43:58 
jj1 = 10, max_th = 2.157054e+00, time=2025-04-07 16:44:05 
jj1 = 45, max_th = 1.859258e+00, time=2025-04-07 16:44:47 
jj1 = 40, max_th = 2.167882e+00, time=2025-04-07 16:45:03 
jj1 = 14, max_th = 2.394528e+00, time=2025-04-07 16:45:24 
jj1 = 50, max_th = 2.066697e+00, time=2025-04-07 16:48:27 
jj1 = 33, max_th = 2.014792e+00, time=2025-04-07 16:53:55 
jj1 = 29, max_th = 1.427611e+00, time=2025-04-07 16:54:36 
jj1 = 59, max_th = 1.539046e+00, time=2025-04-07 16:54:52 
jj1 = 25, max_th = 1.823343e+00, time=2025-04-07 16:54:55 
jj1 = 9, max_th = 2.663969e+00, time=2025-04-07 16:56:05 
jj1 = 28, max_th = 2.948121e+00, time=2025-04-07 17:00:55 
jj1 = 19, max_th = 1.733733e+00, time=2025-04-07 17:02:04 
jj1 = 54, max_th = 2.157005e+00, time=2025-04-07 17:03:06 
jj1 = 13, max_th = 1.819903e+00, time=2025-04-07 17:04:33 
jj1 = 39, max_th = 1.675488e+00, time=2025-04-07 17:04:52 
jj1 = 8, max_th = 2.362788e+00, time=2025-04-07 17:08:28 
jj1 = 4, max_th = 2.124032e+00, time=2025-04-07 17:08:56 
jj1 = 49, max_th = 2.326652e+00, time=2025-04-07 17:09:56 
jj1 = 58, max_th = 1.486817e+00, time=2025-04-07 17:09:59 
jj1 = 44, max_th = 1.976029e+00, time=2025-04-07 17:11:12 
jj1 = 12, max_th = 1.137894e+00, time=2025-04-07 17:12:16 
jj1 = 18, max_th = 2.573140e+00, time=2025-04-07 17:13:54 
jj1 = 32, max_th = 1.815254e+00, time=2025-04-07 17:16:37 
jj1 = 27, max_th = 1.573287e+00, time=2025-04-07 17:17:31 
jj1 = 24, max_th = 1.811301e+00, time=2025-04-07 17:18:11 
jj1 = 38, max_th = 2.215216e+00, time=2025-04-07 17:22:46 
jj1 = 26, max_th = 1.318152e+00, time=2025-04-07 17:23:47 
jj1 = 57, max_th = 1.682889e+00, time=2025-04-07 17:29:47 
jj1 = 7, max_th = 1.764781e+00, time=2025-04-07 17:30:00 
jj1 = 3, max_th = 1.991083e+00, time=2025-04-07 17:31:09 
jj1 = 48, max_th = 2.193421e+00, time=2025-04-07 17:32:03 
jj1 = 11, max_th = 1.666828e+00, time=2025-04-07 17:32:30 
jj1 = 43, max_th = 1.860340e+00, time=2025-04-07 17:33:44 
jj1 = 6, max_th = 3.138064e+00, time=2025-04-07 17:34:21 
jj1 = 53, max_th = 1.970849e+00, time=2025-04-07 17:35:46 
jj1 = 17, max_th = 2.291446e+00, time=2025-04-07 17:35:58 
jj1 = 31, max_th = 1.899228e+00, time=2025-04-07 17:36:37 
jj1 = 37, max_th = 2.253090e+00, time=2025-04-07 17:40:02 
jj1 = 23, max_th = 2.133319e+00, time=2025-04-07 17:42:09 
jj1 = 294, max_th = 2.116064e+00, time=2025-04-07 17:46:46 
jj1 = 52, max_th = 2.595199e+00, time=2025-04-07 17:47:46 
jj1 = 138, max_th = 1.541378e+00, time=2025-04-07 17:51:15 
jj1 = 16, max_th = 1.505858e+00, time=2025-04-07 17:52:34 
jj1 = 47, max_th = 1.717068e+00, time=2025-04-07 17:52:42 
jj1 = 2, max_th = 2.167788e+00, time=2025-04-07 17:52:52 
jj1 = 333, max_th = 2.313130e+00, time=2025-04-07 17:54:29 
jj1 = 177, max_th = 1.812707e+00, time=2025-04-07 17:55:08 
jj1 = 56, max_th = 1.825887e+00, time=2025-04-07 17:55:46 
jj1 = 36, max_th = 2.310208e+00, time=2025-04-07 17:59:21 
jj1 = 293, max_th = 2.610855e+00, time=2025-04-07 18:00:57 
jj1 = 42, max_th = 1.821562e+00, time=2025-04-07 18:01:40 
jj1 = 51, max_th = 2.339345e+00, time=2025-04-07 18:02:22 
jj1 = 46, max_th = 1.294952e+00, time=2025-04-07 18:03:06 
jj1 = 137, max_th = 1.542907e+00, time=2025-04-07 18:10:02 
jj1 = 1, max_th = 1.901279e+00, time=2025-04-07 18:11:59 
jj1 = 332, max_th = 1.892101e+00, time=2025-04-07 18:14:02 
jj1 = 22, max_th = 1.702411e+00, time=2025-04-07 18:14:10 
jj1 = 489, max_th = 1.437921e+00, time=2025-04-07 18:16:45 
jj1 = 528, max_th = 1.938035e+00, time=2025-04-07 18:17:13 
jj1 = 450, max_th = 1.746514e+00, time=2025-04-07 18:18:00 
jj1 = 176, max_th = 1.779004e+00, time=2025-04-07 18:18:12 
jj1 = 136, max_th = 2.651412e+00, time=2025-04-07 18:19:15 
jj1 = 216, max_th = 1.975610e+00, time=2025-04-07 18:19:40 
jj1 = 21, max_th = 7.255406e-01, time=2025-04-07 18:20:58 
jj1 = 41, max_th = 1.690546e+00, time=2025-04-07 18:21:47 
jj1 = 99, max_th = 1.498856e+00, time=2025-04-07 18:22:00 
jj1 = 292, max_th = 1.843015e+00, time=2025-04-07 18:24:59 
jj1 = 372, max_th = 2.026174e+00, time=2025-04-07 18:26:25 
jj1 = 331, max_th = 1.859461e+00, time=2025-04-07 18:33:36 
jj1 = 488, max_th = 2.259471e+00, time=2025-04-07 18:34:51 
jj1 = 487, max_th = -2.821305e-04, time=2025-04-07 18:36:21 
jj1 = 330, max_th = 1.007899e+00, time=2025-04-07 18:38:15 
jj1 = 175, max_th = 1.948705e+00, time=2025-04-07 18:38:29 
jj1 = 449, max_th = 2.512269e+00, time=2025-04-07 18:39:19 
jj1 = 411, max_th = 1.997446e+00, time=2025-04-07 18:42:48 
jj1 = 255, max_th = 2.027662e+00, time=2025-04-07 18:44:03 
jj1 = 98, max_th = 1.837753e+00, time=2025-04-07 18:44:40 
jj1 = 215, max_th = 1.965072e+00, time=2025-04-07 18:45:26 
jj1 = 291, max_th = 1.634545e+00, time=2025-04-07 18:47:39 
jj1 = 329, max_th = 1.286696e+00, time=2025-04-07 18:47:50 
jj1 = 371, max_th = 1.778548e+00, time=2025-04-07 18:48:06 
jj1 = 97, max_th = 1.009180e+00, time=2025-04-07 18:49:45 
jj1 = 527, max_th = 1.986232e+00, time=2025-04-07 18:51:40 
jj1 = 135, max_th = 2.113963e+00, time=2025-04-07 18:51:48 
jj1 = 290, max_th = 2.706184e+00, time=2025-04-07 18:55:21 
jj1 = 174, max_th = 1.741593e+00, time=2025-04-07 18:57:24 
jj1 = 448, max_th = 2.418427e+00, time=2025-04-07 18:57:59 
jj1 = 410, max_th = 2.684912e+00, time=2025-04-07 19:00:07 
jj1 = 486, max_th = 1.880773e+00, time=2025-04-07 19:00:11 
jj1 = 370, max_th = 2.250289e+00, time=2025-04-07 19:00:55 
jj1 = 328, max_th = 2.418284e+00, time=2025-04-07 19:01:56 
jj1 = 214, max_th = 2.342348e+00, time=2025-04-07 19:03:13 
jj1 = 526, max_th = 1.407896e+00, time=2025-04-07 19:04:15 
jj1 = 254, max_th = 1.758257e+00, time=2025-04-07 19:04:31 
jj1 = 409, max_th = 8.543325e-01, time=2025-04-07 19:04:49 
jj1 = 253, max_th = -1.649232e-01, time=2025-04-07 19:05:33 
jj1 = 96, max_th = 1.477327e+00, time=2025-04-07 19:05:38 
jj1 = 213, max_th = 2.898262e+00, time=2025-04-07 19:09:02 
jj1 = 485, max_th = 1.258962e+00, time=2025-04-07 19:10:03 
jj1 = 289, max_th = 2.360392e+00, time=2025-04-07 19:13:01 
jj1 = 447, max_th = 1.323480e+00, time=2025-04-07 19:13:34 
jj1 = 408, max_th = 2.592789e+00, time=2025-04-07 19:15:07 
jj1 = 252, max_th = 1.545699e+00, time=2025-04-07 19:15:29 
jj1 = 134, max_th = 2.092957e+00, time=2025-04-07 19:15:44 
jj1 = 525, max_th = 1.617126e+00, time=2025-04-07 19:21:53 
jj1 = 288, max_th = 1.358058e+00, time=2025-04-07 19:22:39 
jj1 = 173, max_th = 1.880461e+00, time=2025-04-07 19:23:21 
jj1 = 212, max_th = 1.584027e+00, time=2025-04-07 19:23:48 
jj1 = 172, max_th = -2.601239e-02, time=2025-04-07 19:24:00 
jj1 = 95, max_th = 2.312052e+00, time=2025-04-07 19:24:18 
jj1 = 369, max_th = 2.174734e+00, time=2025-04-07 19:26:38 
jj1 = 327, max_th = 1.873322e+00, time=2025-04-07 19:28:02 
jj1 = 484, max_th = 1.597129e+00, time=2025-04-07 19:32:37 
jj1 = 133, max_th = 2.556059e+00, time=2025-04-07 19:32:48 
jj1 = 483, max_th = 3.274155e+00, time=2025-04-07 19:33:55 
jj1 = 446, max_th = 1.909592e+00, time=2025-04-07 19:37:56 
jj1 = 407, max_th = 2.015762e+00, time=2025-04-07 19:38:01 
jj1 = 524, max_th = 2.588794e+00, time=2025-04-07 19:38:15 
jj1 = 482, max_th = 2.997589e+00, time=2025-04-07 19:38:30 
jj1 = 251, max_th = 2.059563e+00, time=2025-04-07 19:39:25 
jj1 = 94, max_th = 2.288490e+00, time=2025-04-07 19:39:40 
jj1 = 287, max_th = 2.205122e+00, time=2025-04-07 19:42:01 
jj1 = 211, max_th = 2.097650e+00, time=2025-04-07 19:45:55 
jj1 = 171, max_th = 2.141963e+00, time=2025-04-07 19:46:56 
jj1 = 445, max_th = 1.814485e+00, time=2025-04-07 19:47:24 
jj1 = 368, max_th = 1.757027e+00, time=2025-04-07 19:48:19 
jj1 = 406, max_th = 1.501035e+00, time=2025-04-07 19:48:46 
jj1 = 326, max_th = 1.671897e+00, time=2025-04-07 19:51:01 
jj1 = 367, max_th = 2.887369e+00, time=2025-04-07 19:53:09 
jj1 = 250, max_th = 1.514937e+00, time=2025-04-07 19:56:17 
jj1 = 132, max_th = 1.973040e+00, time=2025-04-07 19:57:37 
jj1 = 93, max_th = 2.370419e+00, time=2025-04-07 19:58:51 
jj1 = 481, max_th = 2.324676e+00, time=2025-04-07 20:00:05 
jj1 = 210, max_th = 2.941804e+00, time=2025-04-07 20:02:36 
jj1 = 170, max_th = 2.396636e+00, time=2025-04-07 20:02:40 
jj1 = 523, max_th = 2.074003e+00, time=2025-04-07 20:03:55 
jj1 = 405, max_th = 1.661374e+00, time=2025-04-07 20:06:39 
jj1 = 444, max_th = 2.340915e+00, time=2025-04-07 20:06:40 
jj1 = 286, max_th = 1.880759e+00, time=2025-04-07 20:08:01 
jj1 = 522, max_th = 9.481452e-01, time=2025-04-07 20:12:43 
jj1 = 366, max_th = 1.804320e+00, time=2025-04-07 20:13:33 
jj1 = 249, max_th = 2.217752e+00, time=2025-04-07 20:13:36 
jj1 = 325, max_th = 1.774804e+00, time=2025-04-07 20:15:06 
jj1 = 209, max_th = 1.614070e+00, time=2025-04-07 20:19:32 
jj1 = 480, max_th = 2.288115e+00, time=2025-04-07 20:19:44 
jj1 = 365, max_th = 9.374327e-01, time=2025-04-07 20:20:55 
jj1 = 131, max_th = 2.017396e+00, time=2025-04-07 20:23:03 
jj1 = 404, max_th = 1.570054e+00, time=2025-04-07 20:23:14 
jj1 = 403, max_th = 3.266871e+00, time=2025-04-07 20:24:36 
jj1 = 92, max_th = 2.006205e+00, time=2025-04-07 20:25:04 
jj1 = 285, max_th = 2.080633e+00, time=2025-04-07 20:29:34 
jj1 = 169, max_th = 1.736838e+00, time=2025-04-07 20:31:21 
jj1 = 443, max_th = 2.075293e+00, time=2025-04-07 20:31:29 
jj1 = 208, max_th = 1.353979e+00, time=2025-04-07 20:33:01 
jj1 = 324, max_th = 1.672738e+00, time=2025-04-07 20:34:52 
jj1 = 402, max_th = 2.604440e+00, time=2025-04-07 20:36:35 
jj1 = 479, max_th = 1.539680e+00, time=2025-04-07 20:36:55 
jj1 = 521, max_th = 2.116866e+00, time=2025-04-07 20:39:16 
jj1 = 248, max_th = 1.608090e+00, time=2025-04-07 20:40:15 
jj1 = 91, max_th = 2.271523e+00, time=2025-04-07 20:43:11 
jj1 = 364, max_th = 1.894095e+00, time=2025-04-07 20:43:37 
jj1 = 130, max_th = 1.862233e+00, time=2025-04-07 20:44:48 
jj1 = 284, max_th = 1.502884e+00, time=2025-04-07 20:45:52 
jj1 = 442, max_th = 2.436701e+00, time=2025-04-07 20:48:08 
jj1 = 247, max_th = 2.644048e+00, time=2025-04-07 20:48:40 
jj1 = 207, max_th = 1.558816e+00, time=2025-04-07 20:50:19 
jj1 = 520, max_th = 1.472913e+00, time=2025-04-07 20:51:00 
jj1 = 401, max_th = 2.478026e+00, time=2025-04-07 20:52:33 
jj1 = 168, max_th = 2.287607e+00, time=2025-04-07 20:52:37 
jj1 = 441, max_th = 1.016691e+00, time=2025-04-07 20:52:42 
jj1 = 323, max_th = 1.646430e+00, time=2025-04-07 20:54:07 
jj1 = 478, max_th = 1.636016e+00, time=2025-04-07 20:57:10 
jj1 = 283, max_th = 2.536437e+00, time=2025-04-07 20:58:09 
jj1 = 206, max_th = 1.305048e+00, time=2025-04-07 20:59:49 
jj1 = 167, max_th = 2.602555e+00, time=2025-04-07 21:02:19 
jj1 = 322, max_th = 2.349990e+00, time=2025-04-07 21:02:46 
jj1 = 519, max_th = 2.399115e+00, time=2025-04-07 21:02:51 
jj1 = 90, max_th = 1.889577e+00, time=2025-04-07 21:04:03 
jj1 = 363, max_th = 1.593952e+00, time=2025-04-07 21:06:06 
jj1 = 400, max_th = 1.950316e+00, time=2025-04-07 21:06:32 
jj1 = 440, max_th = 1.646666e+00, time=2025-04-07 21:07:29 
jj1 = 246, max_th = 1.925356e+00, time=2025-04-07 21:12:17 
jj1 = 129, max_th = 1.978769e+00, time=2025-04-07 21:13:12 
jj1 = 477, max_th = 2.571312e+00, time=2025-04-07 21:14:54 
jj1 = 399, max_th = 1.377475e+00, time=2025-04-07 21:18:10 
jj1 = 518, max_th = 1.591508e+00, time=2025-04-07 21:19:17 
jj1 = 205, max_th = 1.844536e+00, time=2025-04-07 21:19:49 
jj1 = 439, max_th = 1.326519e+00, time=2025-04-07 21:19:58 
jj1 = 89, max_th = 1.694718e+00, time=2025-04-07 21:21:31 
jj1 = 166, max_th = 1.962716e+00, time=2025-04-07 21:23:34 
jj1 = 517, max_th = 1.362880e+00, time=2025-04-07 21:23:45 
jj1 = 245, max_th = 2.508685e+00, time=2025-04-07 21:26:03 
jj1 = 321, max_th = 1.806766e+00, time=2025-04-07 21:26:12 
jj1 = 438, max_th = 2.818878e+00, time=2025-04-07 21:27:02 
jj1 = 362, max_th = 2.096915e+00, time=2025-04-07 21:27:38 
jj1 = 476, max_th = 2.458608e+00, time=2025-04-07 21:28:58 
jj1 = 128, max_th = 1.903533e+00, time=2025-04-07 21:35:30 
jj1 = 282, max_th = 1.875292e+00, time=2025-04-07 21:35:38 
jj1 = 516, max_th = 1.374514e+00, time=2025-04-07 21:36:43 
jj1 = 515, max_th = 3.098260e+00, time=2025-04-07 21:38:25 
jj1 = 437, max_th = 1.401949e+00, time=2025-04-07 21:39:58 
jj1 = 204, max_th = 2.257574e+00, time=2025-04-07 21:40:31 
jj1 = 320, max_th = 1.488210e+00, time=2025-04-07 21:41:14 
jj1 = 361, max_th = 1.433725e+00, time=2025-04-07 21:41:27 
jj1 = 281, max_th = 1.096603e+00, time=2025-04-07 21:41:41 
jj1 = 475, max_th = 2.730521e+00, time=2025-04-07 21:41:59 
jj1 = 165, max_th = 2.333196e+00, time=2025-04-07 21:42:48 
jj1 = 398, max_th = 1.981396e+00, time=2025-04-07 21:44:48 
jj1 = 244, max_th = 1.763572e+00, time=2025-04-07 21:46:01 
jj1 = 88, max_th = 1.496686e+00, time=2025-04-07 21:46:51 
jj1 = 243, max_th = 8.127157e-01, time=2025-04-07 21:49:08 
jj1 = 127, max_th = 1.436080e+00, time=2025-04-07 21:49:52 
jj1 = 436, max_th = 1.473230e+00, time=2025-04-07 21:50:24 
jj1 = 280, max_th = 1.365434e+00, time=2025-04-07 21:53:49 
jj1 = 474, max_th = 1.652250e+00, time=2025-04-07 21:58:21 
jj1 = 203, max_th = 1.687205e+00, time=2025-04-07 21:59:55 
jj1 = 319, max_th = 2.103530e+00, time=2025-04-07 22:01:57 
jj1 = 360, max_th = 1.744083e+00, time=2025-04-07 22:05:32 
jj1 = 242, max_th = 1.466559e+00, time=2025-04-07 22:05:42 
jj1 = 397, max_th = 2.011180e+00, time=2025-04-07 22:06:20 
jj1 = 126, max_th = 2.352155e+00, time=2025-04-07 22:07:25 
jj1 = 164, max_th = 2.027656e+00, time=2025-04-07 22:07:31 
jj1 = 87, max_th = 2.249673e+00, time=2025-04-07 22:09:42 
jj1 = 279, max_th = 1.851775e+00, time=2025-04-07 22:10:01 
jj1 = 435, max_th = 2.188471e+00, time=2025-04-07 22:13:30 
jj1 = 125, max_th = 9.905625e-01, time=2025-04-07 22:13:59 
jj1 = 359, max_th = 2.653649e+00, time=2025-04-07 22:14:33 
jj1 = 278, max_th = 1.179405e+00, time=2025-04-07 22:15:46 
jj1 = 202, max_th = 1.429292e+00, time=2025-04-07 22:17:09 
jj1 = 473, max_th = 1.910212e+00, time=2025-04-07 22:19:33 
jj1 = 241, max_th = 2.514814e+00, time=2025-04-07 22:20:54 
jj1 = 124, max_th = 1.214864e+00, time=2025-04-07 22:21:40 
jj1 = 396, max_th = 1.799605e+00, time=2025-04-07 22:22:41 
jj1 = 163, max_th = 1.914573e+00, time=2025-04-07 22:23:17 
jj1 = 514, max_th = 1.423146e+00, time=2025-04-07 22:23:29 
jj1 = 318, max_th = 1.895442e+00, time=2025-04-07 22:24:34 
jj1 = 513, max_th = -4.054505e-02, time=2025-04-07 22:24:52 
jj1 = 277, max_th = 2.506159e+00, time=2025-04-07 22:30:00 
jj1 = 395, max_th = 1.178846e+00, time=2025-04-07 22:33:21 
jj1 = 240, max_th = 2.310823e+00, time=2025-04-07 22:34:37 
jj1 = 434, max_th = 1.812652e+00, time=2025-04-07 22:35:10 
jj1 = 317, max_th = 1.313020e+00, time=2025-04-07 22:35:17 
jj1 = 472, max_th = 2.347973e+00, time=2025-04-07 22:37:12 
jj1 = 86, max_th = 1.927827e+00, time=2025-04-07 22:37:14 
jj1 = 358, max_th = 2.203790e+00, time=2025-04-07 22:37:28 
jj1 = 201, max_th = 1.909956e+00, time=2025-04-07 22:38:29 
jj1 = 512, max_th = 2.344068e+00, time=2025-04-07 22:39:10 
jj1 = 394, max_th = 1.559914e+00, time=2025-04-07 22:42:34 
jj1 = 393, max_th = 3.007161e+00, time=2025-04-07 22:45:05 
jj1 = 162, max_th = 2.195982e+00, time=2025-04-07 22:46:18 
jj1 = 239, max_th = 1.544991e+00, time=2025-04-07 22:47:07 
jj1 = 123, max_th = 1.907113e+00, time=2025-04-07 22:47:13 
jj1 = 276, max_th = 2.167878e+00, time=2025-04-07 22:52:08 
jj1 = 471, max_th = 2.552539e+00, time=2025-04-07 22:52:48 
jj1 = 470, max_th = -1.541212e-01, time=2025-04-07 22:53:23 
jj1 = 85, max_th = 2.164767e+00, time=2025-04-07 22:54:32 
jj1 = 200, max_th = 2.417046e+00, time=2025-04-07 22:56:01 
jj1 = 238, max_th = 1.332780e+00, time=2025-04-07 22:56:13 
jj1 = 392, max_th = 2.666171e+00, time=2025-04-07 22:56:28 
jj1 = 275, max_th = 9.844869e-01, time=2025-04-07 22:57:56 
jj1 = 433, max_th = 2.220417e+00, time=2025-04-07 22:58:34 
jj1 = 432, max_th = 3.860247e+00, time=2025-04-07 22:58:55 
jj1 = 511, max_th = 1.990680e+00, time=2025-04-07 22:59:51 
jj1 = 316, max_th = 1.839470e+00, time=2025-04-07 23:01:10 
jj1 = 357, max_th = 1.877484e+00, time=2025-04-07 23:04:30 
jj1 = 122, max_th = 1.642263e+00, time=2025-04-07 23:05:21 
jj1 = 237, max_th = 1.377295e+00, time=2025-04-07 23:06:33 
jj1 = 161, max_th = 2.339322e+00, time=2025-04-07 23:07:08 
jj1 = 469, max_th = 1.505520e+00, time=2025-04-07 23:10:13 
jj1 = 315, max_th = 2.479523e+00, time=2025-04-07 23:11:42 
jj1 = 199, max_th = 2.424521e+00, time=2025-04-07 23:13:55 
jj1 = 84, max_th = 2.145651e+00, time=2025-04-07 23:17:47 
jj1 = 391, max_th = 1.766416e+00, time=2025-04-07 23:18:13 
jj1 = 431, max_th = 1.570959e+00, time=2025-04-07 23:18:48 
jj1 = 160, max_th = 2.564959e+00, time=2025-04-07 23:21:30 
jj1 = 121, max_th = 2.554369e+00, time=2025-04-07 23:21:55 
jj1 = 274, max_th = 1.963861e+00, time=2025-04-07 23:22:08 
jj1 = 120, max_th = 5.785712e-01, time=2025-04-07 23:24:04 
jj1 = 510, max_th = 1.913569e+00, time=2025-04-07 23:24:17 
jj1 = 236, max_th = 1.804203e+00, time=2025-04-07 23:24:47 
jj1 = 468, max_th = 1.652648e+00, time=2025-04-07 23:28:01 
jj1 = 467, max_th = 7.991801e-01, time=2025-04-07 23:29:45 
jj1 = 430, max_th = 1.338410e+00, time=2025-04-07 23:30:18 
jj1 = 356, max_th = 2.073285e+00, time=2025-04-07 23:30:41 
jj1 = 314, max_th = 1.822781e+00, time=2025-04-07 23:33:49 
jj1 = 198, max_th = 1.891414e+00, time=2025-04-07 23:36:30 
jj1 = 390, max_th = 1.950920e+00, time=2025-04-07 23:36:55 
jj1 = 83, max_th = 1.685258e+00, time=2025-04-07 23:39:20 
jj1 = 273, max_th = 1.569863e+00, time=2025-04-07 23:42:10 
jj1 = 313, max_th = 1.366506e+00, time=2025-04-07 23:44:01 
jj1 = 429, max_th = 1.322086e+00, time=2025-04-07 23:46:02 
jj1 = 389, max_th = 1.950004e+00, time=2025-04-07 23:47:30 
jj1 = 509, max_th = 2.272787e+00, time=2025-04-07 23:47:39 
jj1 = 272, max_th = -1.249133e+00, time=2025-04-07 23:47:47 
jj1 = 119, max_th = 2.083304e+00, time=2025-04-07 23:48:19 
jj1 = 508, max_th = 2.936890e+00, time=2025-04-07 23:49:40 
jj1 = 159, max_th = 2.057953e+00, time=2025-04-07 23:50:44 
jj1 = 466, max_th = 1.829758e+00, time=2025-04-07 23:52:41 
jj1 = 235, max_th = 2.317918e+00, time=2025-04-07 23:53:05 
jj1 = 355, max_th = 1.928079e+00, time=2025-04-07 23:54:58 
jj1 = 197, max_th = 1.731431e+00, time=2025-04-07 23:57:58 
jj1 = 354, max_th = 3.044374e+00, time=2025-04-07 23:58:03 
jj1 = 196, max_th = 2.949596e+00, time=2025-04-08 00:00:34 
jj1 = 82, max_th = 1.819911e+00, time=2025-04-08 00:00:40 
jj1 = 81, max_th = 3.229831e+00, time=2025-04-08 00:01:48 
jj1 = 118, max_th = 1.566743e+00, time=2025-04-08 00:04:59 
jj1 = 428, max_th = 1.779744e+00, time=2025-04-08 00:07:58 
jj1 = 388, max_th = 1.675147e+00, time=2025-04-08 00:08:24 
jj1 = 312, max_th = 1.872964e+00, time=2025-04-08 00:09:09 
jj1 = 271, max_th = 1.887791e+00, time=2025-04-08 00:09:28 
jj1 = 234, max_th = 2.044255e+00, time=2025-04-08 00:12:43 
jj1 = 507, max_th = 1.832879e+00, time=2025-04-08 00:13:50 
jj1 = 158, max_th = 2.192556e+00, time=2025-04-08 00:14:06 
jj1 = 353, max_th = 1.437803e+00, time=2025-04-08 00:14:41 
jj1 = 311, max_th = 1.402084e+00, time=2025-04-08 00:15:47 
jj1 = 465, max_th = 1.975832e+00, time=2025-04-08 00:17:51 
jj1 = 157, max_th = 2.964580e+00, time=2025-04-08 00:18:35 
jj1 = 195, max_th = 1.696441e+00, time=2025-04-08 00:20:33 
jj1 = 387, max_th = 2.397651e+00, time=2025-04-08 00:24:02 
jj1 = 352, max_th = 1.253853e+00, time=2025-04-08 00:25:34 
jj1 = 80, max_th = 2.139624e+00, time=2025-04-08 00:25:54 
jj1 = 427, max_th = 2.306947e+00, time=2025-04-08 00:27:27 
jj1 = 79, max_th = 2.994811e+00, time=2025-04-08 00:29:27 
jj1 = 233, max_th = 1.515786e+00, time=2025-04-08 00:29:38 
jj1 = 270, max_th = 2.192191e+00, time=2025-04-08 00:31:06 
jj1 = 464, max_th = 2.469988e+00, time=2025-04-08 00:33:10 
jj1 = 310, max_th = 2.230476e+00, time=2025-04-08 00:36:47 
jj1 = 506, max_th = 2.368663e+00, time=2025-04-08 00:37:41 
jj1 = 156, max_th = 1.847113e+00, time=2025-04-08 00:37:52 
jj1 = 351, max_th = 1.594544e+00, time=2025-04-08 00:41:02 
jj1 = 194, max_th = 2.265060e+00, time=2025-04-08 00:41:19 
jj1 = 386, max_th = 1.716685e+00, time=2025-04-08 00:45:17 
jj1 = 232, max_th = 2.318319e+00, time=2025-04-08 00:48:58 
jj1 = 426, max_th = 2.067598e+00, time=2025-04-08 00:49:13 
jj1 = 350, max_th = 1.235540e+00, time=2025-04-08 00:49:30 
jj1 = 505, max_th = 2.638878e+00, time=2025-04-08 00:50:24 
jj1 = 309, max_th = 1.367194e+00, time=2025-04-08 00:50:32 
jj1 = 269, max_th = 1.732591e+00, time=2025-04-08 00:51:28 
jj1 = 463, max_th = 2.251492e+00, time=2025-04-08 00:56:48 
jj1 = 117, max_th = 1.982862e+00, time=2025-04-08 00:57:18 
jj1 = 78, max_th = 2.261588e+00, time=2025-04-08 00:57:19 
jj1 = 155, max_th = 2.435550e+00, time=2025-04-08 00:57:41 
jj1 = 193, max_th = 1.614331e+00, time=2025-04-08 00:58:41 
jj1 = 308, max_th = 2.399813e+00, time=2025-04-08 01:01:01 
jj1 = 504, max_th = 2.441855e+00, time=2025-04-08 01:02:26 
jj1 = 116, max_th = 1.196449e+00, time=2025-04-08 01:05:10 
jj1 = 231, max_th = 1.374473e+00, time=2025-04-08 01:05:10 
jj1 = 268, max_th = 2.357771e+00, time=2025-04-08 01:08:50 
jj1 = 425, max_th = 2.233807e+00, time=2025-04-08 01:09:23 
jj1 = 349, max_th = 1.896491e+00, time=2025-04-08 01:10:02 
jj1 = 503, max_th = 9.940845e-01, time=2025-04-08 01:11:28 
jj1 = 462, max_th = 1.588429e+00, time=2025-04-08 01:11:54 
jj1 = 77, max_th = 1.495014e+00, time=2025-04-08 01:12:27 
jj1 = 385, max_th = 2.105500e+00, time=2025-04-08 01:13:00 
jj1 = 424, max_th = 1.024891e+00, time=2025-04-08 01:13:39 
jj1 = 192, max_th = 1.752173e+00, time=2025-04-08 01:15:49 
jj1 = 115, max_th = 1.493245e+00, time=2025-04-08 01:18:32 
jj1 = 502, max_th = 1.349507e+00, time=2025-04-08 01:19:08 
jj1 = 307, max_th = 2.220215e+00, time=2025-04-08 01:21:26 
jj1 = 348, max_th = 1.552078e+00, time=2025-04-08 01:21:38 
jj1 = 501, max_th = 7.978126e-01, time=2025-04-08 01:21:38 
jj1 = 306, max_th = 8.616738e-01, time=2025-04-08 01:24:28 
jj1 = 267, max_th = 2.477373e+00, time=2025-04-08 01:24:34 
jj1 = 76, max_th = 2.505324e+00, time=2025-04-08 01:26:15 
jj1 = 423, max_th = 1.522384e+00, time=2025-04-08 01:28:17 
jj1 = 154, max_th = 2.082864e+00, time=2025-04-08 01:29:51 
jj1 = 347, max_th = 1.328854e+00, time=2025-04-08 01:30:05 
jj1 = 461, max_th = 2.213036e+00, time=2025-04-08 01:32:35 
jj1 = 346, max_th = 2.945641e+00, time=2025-04-08 01:33:05 
jj1 = 230, max_th = 1.783737e+00, time=2025-04-08 01:33:28 
jj1 = 191, max_th = 2.463658e+00, time=2025-04-08 01:34:04 
jj1 = 384, max_th = 1.944858e+00, time=2025-04-08 01:35:47 
jj1 = 114, max_th = 1.684938e+00, time=2025-04-08 01:38:58 
jj1 = 500, max_th = 1.388231e+00, time=2025-04-08 01:41:24 
jj1 = 266, max_th = 1.639805e+00, time=2025-04-08 01:43:11 
jj1 = 75, max_th = 2.234991e+00, time=2025-04-08 01:46:14 
jj1 = 460, max_th = 1.576554e+00, time=2025-04-08 01:47:43 
jj1 = 153, max_th = 2.316791e+00, time=2025-04-08 01:48:00 
jj1 = 229, max_th = 1.565945e+00, time=2025-04-08 01:48:01 
jj1 = 305, max_th = 1.911382e+00, time=2025-04-08 01:48:40 
jj1 = 422, max_th = 1.958899e+00, time=2025-04-08 01:50:53 
jj1 = 345, max_th = 1.572500e+00, time=2025-04-08 01:53:07 
jj1 = 190, max_th = 2.216719e+00, time=2025-04-08 01:54:35 
jj1 = 499, max_th = 2.352746e+00, time=2025-04-08 01:56:51 
jj1 = 383, max_th = 1.739010e+00, time=2025-04-08 01:56:53 
jj1 = 459, max_th = 1.490613e+00, time=2025-04-08 01:59:43 
jj1 = 304, max_th = 2.555524e+00, time=2025-04-08 02:00:37 
jj1 = 344, max_th = 2.682624e+00, time=2025-04-08 02:05:10 
jj1 = 265, max_th = 1.772320e+00, time=2025-04-08 02:05:41 
jj1 = 189, max_th = 1.189251e+00, time=2025-04-08 02:05:54 
jj1 = 113, max_th = 1.826835e+00, time=2025-04-08 02:07:07 
jj1 = 382, max_th = 2.730912e+00, time=2025-04-08 02:08:04 
jj1 = 421, max_th = 1.463041e+00, time=2025-04-08 02:08:51 
jj1 = 152, max_th = 1.602664e+00, time=2025-04-08 02:09:23 
jj1 = 228, max_th = 2.209897e+00, time=2025-04-08 02:10:17 
jj1 = 112, max_th = 2.555853e-01, time=2025-04-08 02:10:45 
jj1 = 420, max_th = 2.856538e+00, time=2025-04-08 02:12:58 
jj1 = 74, max_th = 2.563728e+00, time=2025-04-08 02:13:05 
jj1 = 303, max_th = 2.458083e+00, time=2025-04-08 02:15:21 
jj1 = 498, max_th = 1.745293e+00, time=2025-04-08 02:17:07 
jj1 = 381, max_th = 1.441203e+00, time=2025-04-08 02:19:33 
jj1 = 188, max_th = 2.619789e+00, time=2025-04-08 02:20:37 
jj1 = 458, max_th = 1.763439e+00, time=2025-04-08 02:21:11 
jj1 = 73, max_th = 1.305728e+00, time=2025-04-08 02:24:32 
jj1 = 151, max_th = 2.406749e+00, time=2025-04-08 02:26:50 
jj1 = 227, max_th = 1.430985e+00, time=2025-04-08 02:28:03 
jj1 = 264, max_th = 1.588109e+00, time=2025-04-08 02:29:33 
jj1 = 343, max_th = 2.558114e+00, time=2025-04-08 02:32:45 
jj1 = 497, max_th = 1.628809e+00, time=2025-04-08 02:34:34 
jj1 = 419, max_th = 2.219731e+00, time=2025-04-08 02:35:38 
jj1 = 111, max_th = 2.066159e+00, time=2025-04-08 02:35:41 
jj1 = 457, max_th = 2.442373e+00, time=2025-04-08 02:36:49 
jj1 = 150, max_th = 1.474822e+00, time=2025-04-08 02:38:55 
jj1 = 496, max_th = 3.072786e+00, time=2025-04-08 02:38:55 
jj1 = 226, max_th = 9.101441e-01, time=2025-04-08 02:39:47 
jj1 = 380, max_th = 1.528661e+00, time=2025-04-08 02:40:12 
jj1 = 302, max_th = 1.840591e+00, time=2025-04-08 02:40:14 
jj1 = 187, max_th = 1.681680e+00, time=2025-04-08 02:41:48 
jj1 = 72, max_th = 1.764959e+00, time=2025-04-08 02:46:05 
jj1 = 263, max_th = 1.377940e+00, time=2025-04-08 02:46:17 
jj1 = 225, max_th = 1.940664e+00, time=2025-04-08 02:47:10 
jj1 = 71, max_th = 3.048373e+00, time=2025-04-08 02:48:10 
jj1 = 262, max_th = 6.561017e-01, time=2025-04-08 02:48:40 
jj1 = 342, max_th = 1.748709e+00, time=2025-04-08 02:52:09 
jj1 = 70, max_th = 8.680801e-01, time=2025-04-08 02:52:29 
jj1 = 301, max_th = 2.273805e+00, time=2025-04-08 02:52:38 
jj1 = 110, max_th = 2.425863e+00, time=2025-04-08 02:53:56 
jj1 = 495, max_th = 1.489400e+00, time=2025-04-08 02:54:08 
jj1 = 418, max_th = 1.663224e+00, time=2025-04-08 02:54:12 
jj1 = 149, max_th = 2.470430e+00, time=2025-04-08 02:55:06 
jj1 = 379, max_th = 1.976743e+00, time=2025-04-08 02:57:04 
jj1 = 109, max_th = 9.860898e-01, time=2025-04-08 02:59:05 
jj1 = 456, max_th = 2.542518e+00, time=2025-04-08 02:59:43 
jj1 = 341, max_th = 2.463415e+00, time=2025-04-08 03:01:34 
jj1 = 224, max_th = 1.745980e+00, time=2025-04-08 03:05:45 
jj1 = 261, max_th = 1.735023e+00, time=2025-04-08 03:06:56 
jj1 = 186, max_th = 1.773009e+00, time=2025-04-08 03:09:53 
jj1 = 417, max_th = 2.381622e+00, time=2025-04-08 03:14:18 
jj1 = 148, max_th = 1.645547e+00, time=2025-04-08 03:14:30 
jj1 = 378, max_th = 2.110546e+00, time=2025-04-08 03:15:46 
jj1 = 300, max_th = 2.007464e+00, time=2025-04-08 03:16:24 
jj1 = 494, max_th = 2.119557e+00, time=2025-04-08 03:17:50 
jj1 = 69, max_th = 1.719189e+00, time=2025-04-08 03:18:03 
jj1 = 455, max_th = 2.359373e+00, time=2025-04-08 03:18:13 
jj1 = 260, max_th = 2.520679e+00, time=2025-04-08 03:21:30 
jj1 = 108, max_th = 1.787953e+00, time=2025-04-08 03:21:46 
jj1 = 223, max_th = 2.072744e+00, time=2025-04-08 03:23:04 
jj1 = 340, max_th = 1.924032e+00, time=2025-04-08 03:24:10 
jj1 = 68, max_th = 9.489910e-01, time=2025-04-08 03:24:34 
jj1 = 377, max_th = 1.585035e+00, time=2025-04-08 03:24:45 
jj1 = 416, max_th = 1.419666e+00, time=2025-04-08 03:26:27 
jj1 = 454, max_th = 2.564079e+00, time=2025-04-08 03:31:02 
jj1 = 185, max_th = 1.995962e+00, time=2025-04-08 03:32:10 
jj1 = 259, max_th = 2.398194e+00, time=2025-04-08 03:32:11 
jj1 = 376, max_th = 1.013270e+00, time=2025-04-08 03:32:15 
jj1 = 339, max_th = 1.270219e+00, time=2025-04-08 03:32:36 
jj1 = 299, max_th = 2.206415e+00, time=2025-04-08 03:33:38 
jj1 = 147, max_th = 2.357110e+00, time=2025-04-08 03:35:16 
jj1 = 493, max_th = 1.960141e+00, time=2025-04-08 03:37:08 
jj1 = 107, max_th = 2.362152e+00, time=2025-04-08 03:38:03 
jj1 = 106, max_th = 3.114497e+00, time=2025-04-08 03:40:51 
jj1 = 67, max_th = 2.330023e+00, time=2025-04-08 03:42:59 
jj1 = 415, max_th = 1.589780e+00, time=2025-04-08 03:43:05 
jj1 = 222, max_th = 2.291038e+00, time=2025-04-08 03:43:26 
jj1 = 338, max_th = 2.534786e+00, time=2025-04-08 03:45:34 
jj1 = 375, max_th = 1.274599e+00, time=2025-04-08 03:45:52 
jj1 = 184, max_th = 2.544094e+00, time=2025-04-08 03:46:56 
jj1 = 146, max_th = 2.424265e+00, time=2025-04-08 03:50:20 
jj1 = 258, max_th = 2.136882e+00, time=2025-04-08 03:50:35 
jj1 = 337, max_th = 1.508481e+00, time=2025-04-08 03:54:36 
jj1 = 298, max_th = 1.797231e+00, time=2025-04-08 03:55:24 
jj1 = 336, max_th = -1.107898e+00, time=2025-04-08 03:56:12 
jj1 = 183, max_th = 1.343891e+00, time=2025-04-08 03:56:54 
jj1 = 453, max_th = 2.156872e+00, time=2025-04-08 03:57:26 
jj1 = 492, max_th = 1.854900e+00, time=2025-04-08 03:58:05 
jj1 = 105, max_th = 2.342231e+00, time=2025-04-08 04:00:23 
jj1 = 257, max_th = 2.540889e+00, time=2025-04-08 04:02:58 
jj1 = 221, max_th = 2.193571e+00, time=2025-04-08 04:05:10 
jj1 = 66, max_th = 2.200806e+00, time=2025-04-08 04:05:50 
jj1 = 452, max_th = 2.592810e+00, time=2025-04-08 04:06:48 
jj1 = 414, max_th = 2.029662e+00, time=2025-04-08 04:08:00 
jj1 = 374, max_th = 2.147575e+00, time=2025-04-08 04:09:48 
jj1 = 145, max_th = 1.995307e+00, time=2025-04-08 04:13:05 
jj1 = 182, max_th = 1.720737e+00, time=2025-04-08 04:14:08 
jj1 = 491, max_th = 1.772004e+00, time=2025-04-08 04:15:06 
jj1 = 335, max_th = 1.776974e+00, time=2025-04-08 04:17:21 
jj1 = 104, max_th = 2.234436e+00, time=2025-04-08 04:20:37 
jj1 = 297, max_th = 1.958655e+00, time=2025-04-08 04:23:33 
jj1 = 373, max_th = 1.548197e+00, time=2025-04-08 04:23:33 
jj1 = 220, max_th = 2.133144e+00, time=2025-04-08 04:27:24 
jj1 = 65, max_th = 2.211466e+00, time=2025-04-08 04:28:16 
jj1 = 451, max_th = 1.856842e+00, time=2025-04-08 04:28:17 
jj1 = 256, max_th = 2.088229e+00, time=2025-04-08 04:30:32 
jj1 = 144, max_th = 1.570697e+00, time=2025-04-08 04:32:45 
jj1 = 413, max_th = 1.967791e+00, time=2025-04-08 04:33:39 
jj1 = 490, max_th = 1.845801e+00, time=2025-04-08 04:34:43 
jj1 = 412, max_th = 9.032347e-01, time=2025-04-08 04:36:27 
jj1 = 143, max_th = 2.862436e+00, time=2025-04-08 04:37:39 
jj1 = 768, max_th = 1.793293e+00, time=2025-04-08 04:38:32 
jj1 = 296, max_th = 1.333397e+00, time=2025-04-08 04:39:43 
jj1 = 334, max_th = 1.808747e+00, time=2025-04-08 04:40:14 
jj1 = 219, max_th = 1.444269e+00, time=2025-04-08 04:40:26 
jj1 = 548, max_th = 2.559731e+00, time=2025-04-08 04:42:36 
jj1 = 181, max_th = 1.783147e+00, time=2025-04-08 04:43:30 
jj1 = 103, max_th = 2.112356e+00, time=2025-04-08 04:44:33 
jj1 = 64, max_th = 2.175227e+00, time=2025-04-08 04:50:29 
jj1 = 688, max_th = 1.636374e+00, time=2025-04-08 04:52:07 
jj1 = 142, max_th = 1.428742e+00, time=2025-04-08 04:54:40 
jj1 = 547, max_th = 2.141796e+00, time=2025-04-08 04:54:53 
jj1 = 708, max_th = 2.102919e+00, time=2025-04-08 04:56:33 
jj1 = 218, max_th = 1.584766e+00, time=2025-04-08 04:57:16 
jj1 = 648, max_th = 2.183213e+00, time=2025-04-08 04:57:28 
jj1 = 668, max_th = 2.347877e+00, time=2025-04-08 04:58:09 
jj1 = 102, max_th = 1.660619e+00, time=2025-04-08 05:00:52 
jj1 = 767, max_th = 2.010793e+00, time=2025-04-08 05:01:56 
jj1 = 295, max_th = 1.821001e+00, time=2025-04-08 05:04:39 
jj1 = 180, max_th = 2.145221e+00, time=2025-04-08 05:06:29 
jj1 = 63, max_th = 1.619195e+00, time=2025-04-08 05:09:16 
jj1 = 766, max_th = 2.497903e+00, time=2025-04-08 05:10:49 
jj1 = 667, max_th = 1.737515e+00, time=2025-04-08 05:12:00 
jj1 = 546, max_th = 2.383943e+00, time=2025-04-08 05:14:18 
jj1 = 647, max_th = 1.950831e+00, time=2025-04-08 05:14:54 
jj1 = 687, max_th = 2.054546e+00, time=2025-04-08 05:16:33 
jj1 = 217, max_th = 2.310130e+00, time=2025-04-08 05:17:16 
jj1 = 141, max_th = 2.312521e+00, time=2025-04-08 05:18:48 
jj1 = 765, max_th = 2.600248e+00, time=2025-04-08 05:18:51 
jj1 = 707, max_th = 2.075677e+00, time=2025-04-08 05:21:09 
jj1 = 666, max_th = 3.033435e+00, time=2025-04-08 05:21:28 
jj1 = 140, max_th = 1.336974e+00, time=2025-04-08 05:23:04 
jj1 = 62, max_th = 2.447467e+00, time=2025-04-08 05:23:27 
jj1 = 179, max_th = 2.254175e+00, time=2025-04-08 05:23:50 
jj1 = 101, max_th = 2.226424e+00, time=2025-04-08 05:25:20 
jj1 = 608, max_th = 2.060962e+00, time=2025-04-08 05:26:04 
jj1 = 61, max_th = 2.835396e+00, time=2025-04-08 05:28:49 
jj1 = 646, max_th = 1.527627e+00, time=2025-04-08 05:30:55 
jj1 = 764, max_th = 1.408266e+00, time=2025-04-08 05:31:55 
jj1 = 545, max_th = 1.852229e+00, time=2025-04-08 05:34:13 
jj1 = 706, max_th = 1.462635e+00, time=2025-04-08 05:36:58 
jj1 = 665, max_th = 2.335895e+00, time=2025-04-08 05:39:45 
jj1 = 748, max_th = 2.161207e+00, time=2025-04-08 05:43:25 
jj1 = 686, max_th = 1.982102e+00, time=2025-04-08 05:43:39 
jj1 = 139, max_th = 2.390979e+00, time=2025-04-08 05:45:17 
jj1 = 178, max_th = 1.744018e+00, time=2025-04-08 05:47:19 
jj1 = 607, max_th = 1.902236e+00, time=2025-04-08 05:47:39 
jj1 = 100, max_th = 1.859398e+00, time=2025-04-08 05:50:15 
jj1 = 728, max_th = 2.382721e+00, time=2025-04-08 05:50:41 
jj1 = 645, max_th = 1.729985e+00, time=2025-04-08 05:51:05 
jj1 = 747, max_th = 1.084692e+00, time=2025-04-08 05:52:37 
jj1 = 763, max_th = 2.021118e+00, time=2025-04-08 05:56:37 
jj1 = 544, max_th = 2.362747e+00, time=2025-04-08 05:56:52 
jj1 = 644, max_th = 1.042013e+00, time=2025-04-08 05:58:39 
jj1 = 746, max_th = 1.052382e+00, time=2025-04-08 05:59:01 
jj1 = 705, max_th = 2.021022e+00, time=2025-04-08 05:59:12 
jj1 = 745, max_th = -1.432955e+00, time=2025-04-08 06:02:04 
jj1 = 628, max_th = 1.582855e+00, time=2025-04-08 06:03:58 
jj1 = 664, max_th = 1.456637e+00, time=2025-04-08 06:04:16 
jj1 = 606, max_th = 1.640830e+00, time=2025-04-08 06:05:00 
jj1 = 685, max_th = 1.722988e+00, time=2025-04-08 06:05:19 
jj1 = 627, max_th = -1.023628e-01, time=2025-04-08 06:09:08 
jj1 = 568, max_th = 2.021234e+00, time=2025-04-08 06:09:09 
jj1 = 727, max_th = 1.514887e+00, time=2025-04-08 06:10:15 
jj1 = 588, max_th = 1.588941e+00, time=2025-04-08 06:10:20 
jj1 = 704, max_th = 2.567377e+00, time=2025-04-08 06:11:28 
jj1 = 663, max_th = 1.235130e+00, time=2025-04-08 06:12:54 
jj1 = 703, max_th = 3.091970e+00, time=2025-04-08 06:12:56 
jj1 = 543, max_th = 1.809988e+00, time=2025-04-08 06:16:40 
jj1 = 762, max_th = 1.936612e+00, time=2025-04-08 06:16:49 
jj1 = 643, max_th = 1.623422e+00, time=2025-04-08 06:17:53 
jj1 = 626, max_th = 2.663563e+00, time=2025-04-08 06:19:44 
jj1 = 605, max_th = 1.538309e+00, time=2025-04-08 06:22:53 
jj1 = 684, max_th = 2.461723e+00, time=2025-04-08 06:24:09 
jj1 = 625, max_th = 2.802224e+00, time=2025-04-08 06:24:29 
jj1 = 542, max_th = 2.674480e+00, time=2025-04-08 06:25:02 
jj1 = 761, max_th = 9.104419e-01, time=2025-04-08 06:25:26 
jj1 = 744, max_th = 1.942202e+00, time=2025-04-08 06:25:52 
jj1 = 567, max_th = 1.430810e+00, time=2025-04-08 06:26:58 
jj1 = 683, max_th = 3.033183e+00, time=2025-04-08 06:27:18 
jj1 = 726, max_th = 1.695667e+00, time=2025-04-08 06:27:32 
jj1 = 587, max_th = 2.313971e+00, time=2025-04-08 06:27:54 
jj1 = 604, max_th = 1.266192e+00, time=2025-04-08 06:33:49 
jj1 = 662, max_th = 2.214927e+00, time=2025-04-08 06:34:46 
jj1 = 702, max_th = 1.480773e+00, time=2025-04-08 06:39:42 
jj1 = 760, max_th = 2.252519e+00, time=2025-04-08 06:40:48 
jj1 = 642, max_th = 1.976869e+00, time=2025-04-08 06:41:51 
jj1 = 566, max_th = 1.849199e+00, time=2025-04-08 06:44:27 
jj1 = 586, max_th = 2.555097e+00, time=2025-04-08 06:46:31 
jj1 = 682, max_th = 1.931378e+00, time=2025-04-08 06:47:59 
jj1 = 541, max_th = 1.497663e+00, time=2025-04-08 06:48:01 
jj1 = 725, max_th = 2.231796e+00, time=2025-04-08 06:50:39 
jj1 = 743, max_th = 2.336557e+00, time=2025-04-08 06:51:33 
jj1 = 603, max_th = 2.329198e+00, time=2025-04-08 06:52:34 
jj1 = 624, max_th = 1.817830e+00, time=2025-04-08 06:53:04 
jj1 = 540, max_th = 1.262429e+00, time=2025-04-08 06:54:04 
jj1 = 585, max_th = 2.671452e+00, time=2025-04-08 06:55:41 
jj1 = 661, max_th = 2.191797e+00, time=2025-04-08 06:57:50 
jj1 = 641, max_th = 1.592802e+00, time=2025-04-08 06:58:54 
jj1 = 701, max_th = 2.321583e+00, time=2025-04-08 06:59:26 
jj1 = 623, max_th = 2.711645e+00, time=2025-04-08 07:00:47 
jj1 = 584, max_th = 1.237035e+00, time=2025-04-08 07:04:04 
jj1 = 602, max_th = 1.697738e+00, time=2025-04-08 07:06:32 
jj1 = 724, max_th = 1.805022e+00, time=2025-04-08 07:06:55 
jj1 = 660, max_th = 2.551387e+00, time=2025-04-08 07:06:58 
jj1 = 759, max_th = 1.868474e+00, time=2025-04-08 07:07:38 
jj1 = 583, max_th = 9.121227e-01, time=2025-04-08 07:09:06 
jj1 = 565, max_th = 1.929937e+00, time=2025-04-08 07:11:13 
jj1 = 700, max_th = 2.611314e+00, time=2025-04-08 07:11:15 
jj1 = 742, max_th = 2.516832e+00, time=2025-04-08 07:11:29 
jj1 = 681, max_th = 1.787818e+00, time=2025-04-08 07:13:49 
jj1 = 539, max_th = 2.246294e+00, time=2025-04-08 07:15:53 
jj1 = 640, max_th = 1.837589e+00, time=2025-04-08 07:21:58 
jj1 = 622, max_th = 2.279255e+00, time=2025-04-08 07:22:24 
jj1 = 659, max_th = 2.532953e+00, time=2025-04-08 07:22:33 
jj1 = 758, max_th = 1.229660e+00, time=2025-04-08 07:23:20 
jj1 = 582, max_th = 1.295956e+00, time=2025-04-08 07:23:24 
jj1 = 621, max_th = 2.874004e+00, time=2025-04-08 07:26:03 
jj1 = 699, max_th = 1.572684e+00, time=2025-04-08 07:27:27 
jj1 = 723, max_th = 2.709618e+00, time=2025-04-08 07:28:48 
jj1 = 680, max_th = 1.414633e+00, time=2025-04-08 07:29:10 
jj1 = 741, max_th = 2.555612e+00, time=2025-04-08 07:30:33 
jj1 = 581, max_th = 9.974599e-01, time=2025-04-08 07:33:25 
jj1 = 740, max_th = 3.071750e+00, time=2025-04-08 07:33:58 
jj1 = 601, max_th = 1.730112e+00, time=2025-04-08 07:35:35 
jj1 = 538, max_th = 1.922749e+00, time=2025-04-08 07:36:28 
jj1 = 757, max_th = 1.749887e+00, time=2025-04-08 07:36:33 
jj1 = 658, max_th = 1.416219e+00, time=2025-04-08 07:37:04 
jj1 = 698, max_th = 1.547279e+00, time=2025-04-08 07:38:09 
jj1 = 639, max_th = 2.428553e+00, time=2025-04-08 07:40:57 
jj1 = 620, max_th = 2.482867e+00, time=2025-04-08 07:42:51 
jj1 = 638, max_th = 2.949486e+00, time=2025-04-08 07:47:11 
jj1 = 722, max_th = 1.558150e+00, time=2025-04-08 07:48:12 
jj1 = 679, max_th = 1.659076e+00, time=2025-04-08 07:48:59 
jj1 = 697, max_th = 1.246845e+00, time=2025-04-08 07:49:19 
jj1 = 564, max_th = 1.509384e+00, time=2025-04-08 07:50:08 
jj1 = 580, max_th = 1.610392e+00, time=2025-04-08 07:51:53 
jj1 = 537, max_th = 1.570692e+00, time=2025-04-08 07:54:44 
jj1 = 739, max_th = 2.007585e+00, time=2025-04-08 07:55:19 
jj1 = 756, max_th = 2.193520e+00, time=2025-04-08 07:57:14 
jj1 = 600, max_th = 1.858997e+00, time=2025-04-08 07:57:30 
jj1 = 657, max_th = 1.889571e+00, time=2025-04-08 07:59:34 
jj1 = 619, max_th = 1.949775e+00, time=2025-04-08 08:01:36 
jj1 = 696, max_th = 2.295897e+00, time=2025-04-08 08:05:42 
jj1 = 618, max_th = 3.390819e+00, time=2025-04-08 08:06:11 
jj1 = 755, max_th = 3.798147e+00, time=2025-04-08 08:07:24 
jj1 = 637, max_th = 2.164978e+00, time=2025-04-08 08:07:44 
jj1 = 563, max_th = 2.198176e+00, time=2025-04-08 08:09:25 
jj1 = 678, max_th = 2.272854e+00, time=2025-04-08 08:10:35 
jj1 = 721, max_th = 1.897253e+00, time=2025-04-08 08:10:41 
jj1 = 695, max_th = 2.801538e+00, time=2025-04-08 08:12:20 
jj1 = 536, max_th = 1.943489e+00, time=2025-04-08 08:13:34 
jj1 = 579, max_th = 2.168937e+00, time=2025-04-08 08:18:13 
jj1 = 720, max_th = 1.277228e+00, time=2025-04-08 08:18:33 
jj1 = 562, max_th = 1.298305e+00, time=2025-04-08 08:19:38 
jj1 = 738, max_th = 1.909592e+00, time=2025-04-08 08:19:51 
jj1 = 656, max_th = 2.202887e+00, time=2025-04-08 08:22:34 
jj1 = 535, max_th = 2.663710e+00, time=2025-04-08 08:22:42 
jj1 = 599, max_th = 2.219366e+00, time=2025-04-08 08:22:55 
jj1 = 598, max_th = -8.022136e-02, time=2025-04-08 08:23:39 
jj1 = 754, max_th = 1.960903e+00, time=2025-04-08 08:26:42 
jj1 = 719, max_th = 1.111183e+00, time=2025-04-08 08:26:53 
jj1 = 677, max_th = 1.660225e+00, time=2025-04-08 08:29:21 
jj1 = 617, max_th = 2.169605e+00, time=2025-04-08 08:29:38 
jj1 = 561, max_th = 2.687506e+00, time=2025-04-08 08:29:38 
jj1 = 636, max_th = 2.085706e+00, time=2025-04-08 08:32:24 
jj1 = 694, max_th = 2.076114e+00, time=2025-04-08 08:33:24 
jj1 = 578, max_th = 1.686498e+00, time=2025-04-08 08:37:03 
jj1 = 616, max_th = 1.026964e+00, time=2025-04-08 08:37:31 
jj1 = 560, max_th = 1.204919e+00, time=2025-04-08 08:37:42 
jj1 = 718, max_th = 2.430014e+00, time=2025-04-08 08:38:47 
jj1 = 635, max_th = 2.248135e+00, time=2025-04-08 08:42:46 
jj1 = 693, max_th = 2.707988e+00, time=2025-04-08 08:45:16 
jj1 = 676, max_th = 2.429402e+00, time=2025-04-08 08:45:21 
jj1 = 597, max_th = 2.155266e+00, time=2025-04-08 08:45:23 
jj1 = 534, max_th = 2.034743e+00, time=2025-04-08 08:46:52 
jj1 = 737, max_th = 1.832517e+00, time=2025-04-08 08:49:23 
jj1 = 717, max_th = 1.501471e+00, time=2025-04-08 08:49:34 
jj1 = 753, max_th = 1.836532e+00, time=2025-04-08 08:49:45 
jj1 = 655, max_th = 2.219192e+00, time=2025-04-08 08:50:03 
jj1 = 615, max_th = 1.279119e+00, time=2025-04-08 08:52:05 
jj1 = 634, max_th = 1.308780e+00, time=2025-04-08 08:54:27 
jj1 = 577, max_th = 2.175629e+00, time=2025-04-08 08:55:30 
jj1 = 736, max_th = 1.219537e+00, time=2025-04-08 09:00:59 
jj1 = 596, max_th = 2.166834e+00, time=2025-04-08 09:02:17 
jj1 = 559, max_th = 2.272156e+00, time=2025-04-08 09:05:29 
jj1 = 654, max_th = 2.434971e+00, time=2025-04-08 09:06:08 
jj1 = 692, max_th = 1.802258e+00, time=2025-04-08 09:06:47 
jj1 = 716, max_th = 1.520804e+00, time=2025-04-08 09:06:56 
jj1 = 675, max_th = 2.107472e+00, time=2025-04-08 09:07:01 
jj1 = 752, max_th = 2.312718e+00, time=2025-04-08 09:10:28 
jj1 = 533, max_th = 2.076052e+00, time=2025-04-08 09:11:19 
jj1 = 653, max_th = 1.219583e+00, time=2025-04-08 09:12:08 
jj1 = 674, max_th = 1.239067e+00, time=2025-04-08 09:16:35 
jj1 = 614, max_th = 1.920501e+00, time=2025-04-08 09:16:52 
jj1 = 633, max_th = 1.910448e+00, time=2025-04-08 09:17:00 
jj1 = 652, max_th = 1.141481e+00, time=2025-04-08 09:18:35 
jj1 = 595, max_th = 2.615843e+00, time=2025-04-08 09:18:52 
jj1 = 735, max_th = 2.100988e+00, time=2025-04-08 09:19:16 
jj1 = 576, max_th = 2.225888e+00, time=2025-04-08 09:22:34 
jj1 = 691, max_th = 2.209507e+00, time=2025-04-08 09:23:07 
jj1 = 632, max_th = 2.553513e+00, time=2025-04-08 09:24:28 
jj1 = 751, max_th = 1.642689e+00, time=2025-04-08 09:25:40 
jj1 = 558, max_th = 2.102714e+00, time=2025-04-08 09:27:00 
jj1 = 715, max_th = 1.959850e+00, time=2025-04-08 09:30:18 
jj1 = 532, max_th = 2.116784e+00, time=2025-04-08 09:35:05 
jj1 = 690, max_th = 2.530159e+00, time=2025-04-08 09:35:27 
jj1 = 750, max_th = 1.281817e+00, time=2025-04-08 09:35:33 
jj1 = 594, max_th = 2.237441e+00, time=2025-04-08 09:38:25 
jj1 = 673, max_th = 2.162761e+00, time=2025-04-08 09:39:50 
jj1 = 749, max_th = 9.438149e-01, time=2025-04-08 09:39:58 
jj1 = 613, max_th = 2.139009e+00, time=2025-04-08 09:40:15 
jj1 = 651, max_th = 2.255591e+00, time=2025-04-08 09:41:00 
jj1 = 575, max_th = 2.118315e+00, time=2025-04-08 09:41:46 
jj1 = 557, max_th = 2.485194e+00, time=2025-04-08 09:43:00 
jj1 = 734, max_th = 1.858029e+00, time=2025-04-08 09:44:01 
jj1 = 612, max_th = 1.155198e+00, time=2025-04-08 09:45:18 
jj1 = 631, max_th = 2.152566e+00, time=2025-04-08 09:45:32 
jj1 = 531, max_th = 2.626526e+00, time=2025-04-08 09:46:21 
jj1 = 689, max_th = 1.428377e+00, time=2025-04-08 09:48:02 
jj1 = 530, max_th = -1.484584e+00, time=2025-04-08 09:48:37 
jj1 = 733, max_th = 2.841269e+00, time=2025-04-08 09:50:46 
jj1 = 714, max_th = 2.157201e+00, time=2025-04-08 09:51:34 
jj1 = 630, max_th = 1.251532e+00, time=2025-04-08 09:53:39 
jj1 = 574, max_th = 2.433389e+00, time=2025-04-08 09:54:32 
jj1 = 713, max_th = 1.114681e+00, time=2025-04-08 09:58:31 
jj1 = 818, max_th = 2.660863e+00, time=2025-04-08 09:58:40 
jj1 = 672, max_th = 2.368851e+00, time=2025-04-08 09:59:43 
jj1 = 778, max_th = 2.369493e+00, time=2025-04-08 10:00:11 
jj1 = 556, max_th = 2.536772e+00, time=2025-04-08 10:01:14 
jj1 = 650, max_th = 2.101593e+00, time=2025-04-08 10:03:47 
jj1 = 777, max_th = 8.439198e-01, time=2025-04-08 10:04:47 
jj1 = 817, max_th = 1.005928e+00, time=2025-04-08 10:04:54 
jj1 = 611, max_th = 1.797574e+00, time=2025-04-08 10:05:37 
jj1 = 529, max_th = 2.438355e+00, time=2025-04-08 10:06:20 
jj1 = 629, max_th = 2.552134e+00, time=2025-04-08 10:07:36 
jj1 = 671, max_th = 1.442265e+00, time=2025-04-08 10:09:15 
jj1 = 732, max_th = 1.924267e+00, time=2025-04-08 10:16:16 
jj1 = 593, max_th = 1.590464e+00, time=2025-04-08 10:17:35 
jj1 = 573, max_th = 1.943071e+00, time=2025-04-08 10:17:50 
jj1 = 670, max_th = 1.183848e+00, time=2025-04-08 10:18:22 
jj1 = 592, max_th = 3.135629e+00, time=2025-04-08 10:18:58 
jj1 = 712, max_th = 2.602538e+00, time=2025-04-08 10:21:16 
jj1 = 798, max_th = 1.544902e+00, time=2025-04-08 10:22:14 
jj1 = 649, max_th = 1.738275e+00, time=2025-04-08 10:22:31 
jj1 = 776, max_th = 1.608836e+00, time=2025-04-08 10:25:14 
jj1 = 555, max_th = 1.943674e+00, time=2025-04-08 10:25:52 
jj1 = 816, max_th = 1.567270e+00, time=2025-04-08 10:27:29 
jj1 = 828, max_th = 8.947910e-01, time=2025-04-08 10:28:37 
jj1 = 815, max_th = 5.196640e-01, time=2025-04-08 10:29:08 
jj1 = 808, max_th = 1.878347e+00, time=2025-04-08 10:32:10 
jj1 = 669, max_th = 1.456015e+00, time=2025-04-08 10:33:09 
jj1 = 610, max_th = 1.914272e+00, time=2025-04-08 10:33:16 
jj1 = 731, max_th = 2.891592e+00, time=2025-04-08 10:33:47 
jj1 = 797, max_th = 1.279403e+00, time=2025-04-08 10:33:53 
jj1 = 775, max_th = 2.650947e+00, time=2025-04-08 10:35:48 
jj1 = 609, max_th = 9.808148e-01, time=2025-04-08 10:36:02 
jj1 = 827, max_th = 1.114186e+00, time=2025-04-08 10:36:07 
jj1 = 826, max_th = 1.078313e+00, time=2025-04-08 10:43:15 
jj1 = 591, max_th = 1.610853e+00, time=2025-04-08 10:43:30 
jj1 = 796, max_th = 2.713228e+00, time=2025-04-08 10:44:59 
jj1 = 711, max_th = 1.866652e+00, time=2025-04-08 10:45:24 
jj1 = 825, max_th = 9.018142e-01, time=2025-04-08 10:46:31 
jj1 = 572, max_th = 1.951197e+00, time=2025-04-08 10:47:55 
jj1 = 554, max_th = 2.159216e+00, time=2025-04-08 10:49:27 
jj1 = 807, max_th = 1.765323e+00, time=2025-04-08 10:51:34 
jj1 = 814, max_th = 1.832665e+00, time=2025-04-08 10:51:46 
jj1 = 710, max_th = 2.792028e+00, time=2025-04-08 10:52:37 
jj1 = 774, max_th = 1.643089e+00, time=2025-04-08 10:53:39 
jj1 = 773, max_th = 2.697181e-01, time=2025-04-08 10:53:47 
jj1 = 824, max_th = 1.150996e+00, time=2025-04-08 10:54:06 
jj1 = 730, max_th = 2.283270e+00, time=2025-04-08 10:56:11 
jj1 = 878, max_th = 1.871288e+00, time=2025-04-08 10:56:14 
jj1 = 709, max_th = 1.186922e+00, time=2025-04-08 10:58:17 
jj1 = 590, max_th = 2.258584e+00, time=2025-04-08 10:59:24 
jj1 = 788, max_th = 2.077591e+00, time=2025-04-08 11:00:28 
jj1 = 571, max_th = 2.509280e+00, time=2025-04-08 11:00:45 
jj1 = 795, max_th = 2.251856e+00, time=2025-04-08 11:01:33 
jj1 = 823, max_th = 1.295689e+00, time=2025-04-08 11:02:11 
jj1 = 553, max_th = 2.452016e+00, time=2025-04-08 11:06:15 
jj1 = 729, max_th = 1.451901e+00, time=2025-04-08 11:10:10 
jj1 = 877, max_th = 1.883792e+00, time=2025-04-08 11:11:10 
jj1 = 813, max_th = 1.998394e+00, time=2025-04-08 11:11:21 
jj1 = 858, max_th = 1.380855e+00, time=2025-04-08 11:11:23 
jj1 = 806, max_th = 2.211670e+00, time=2025-04-08 11:12:11 
jj1 = 822, max_th = 2.595390e+00, time=2025-04-08 11:12:47 
jj1 = 589, max_th = 1.726728e+00, time=2025-04-08 11:17:02 
jj1 = 794, max_th = 1.533185e+00, time=2025-04-08 11:17:44 
jj1 = 772, max_th = 2.084271e+00, time=2025-04-08 11:18:23 
jj1 = 857, max_th = 2.837080e+00, time=2025-04-08 11:18:25 
jj1 = 570, max_th = 2.280704e+00, time=2025-04-08 11:22:39 
jj1 = 787, max_th = 2.052737e+00, time=2025-04-08 11:23:30 
jj1 = 848, max_th = 2.379445e+00, time=2025-04-08 11:27:36 
jj1 = 838, max_th = 1.326756e+00, time=2025-04-08 11:27:59 
jj1 = 552, max_th = 2.238967e+00, time=2025-04-08 11:29:41 
jj1 = 876, max_th = 2.037658e+00, time=2025-04-08 11:29:47 
jj1 = 812, max_th = 1.720558e+00, time=2025-04-08 11:30:18 
jj1 = 821, max_th = 2.292200e+00, time=2025-04-08 11:30:44 
jj1 = 820, max_th = 3.038813e+00, time=2025-04-08 11:32:20 
jj1 = 793, max_th = 2.191102e+00, time=2025-04-08 11:35:55 
jj1 = 805, max_th = 1.793730e+00, time=2025-04-08 11:36:15 
jj1 = 847, max_th = 2.275352e+00, time=2025-04-08 11:37:55 
jj1 = 786, max_th = 1.522988e+00, time=2025-04-08 11:41:20 
jj1 = 856, max_th = 2.167296e+00, time=2025-04-08 11:42:57 
jj1 = 771, max_th = 1.771004e+00, time=2025-04-08 11:47:32 
jj1 = 569, max_th = 2.243940e+00, time=2025-04-08 11:48:04 
jj1 = 811, max_th = 1.672218e+00, time=2025-04-08 11:50:10 
jj1 = 846, max_th = 1.505364e+00, time=2025-04-08 11:54:23 
jj1 = 819, max_th = 2.509707e+00, time=2025-04-08 11:54:51 
jj1 = 875, max_th = 2.022728e+00, time=2025-04-08 11:55:56 
jj1 = 804, max_th = 1.905094e+00, time=2025-04-08 11:56:10 
jj1 = 551, max_th = 2.074507e+00, time=2025-04-08 11:57:06 
jj1 = 810, max_th = 2.851683e+00, time=2025-04-08 11:58:36 
jj1 = 792, max_th = 2.330946e+00, time=2025-04-08 11:58:43 
jj1 = 770, max_th = 1.360793e+00, time=2025-04-08 12:00:43 
jj1 = 791, max_th = 7.631490e-01, time=2025-04-08 12:03:17 
jj1 = 837, max_th = 1.709638e+00, time=2025-04-08 12:04:09 
jj1 = 550, max_th = 1.212982e+00, time=2025-04-08 12:05:17 
jj1 = 785, max_th = 1.834717e+00, time=2025-04-08 12:06:11 
jj1 = 855, max_th = 1.823655e+00, time=2025-04-08 12:08:45 
jj1 = 888, max_th = 2.147226e+00, time=2025-04-08 12:09:50 
jj1 = 809, max_th = 1.432056e+00, time=2025-04-08 12:13:10 
jj1 = 874, max_th = 1.706464e+00, time=2025-04-08 12:16:13 
jj1 = 769, max_th = 2.489568e+00, time=2025-04-08 12:16:14 
jj1 = 913, max_th = 1.686274e+00, time=2025-04-08 12:16:25 
jj1 = 803, max_th = 2.214633e+00, time=2025-04-08 12:19:03 
jj1 = 845, max_th = 1.980244e+00, time=2025-04-08 12:20:00 
jj1 = 836, max_th = 1.941871e+00, time=2025-04-08 12:20:50 
jj1 = 844, max_th = 3.261154e+00, time=2025-04-08 12:20:56 
jj1 = 893, max_th = 1.254118e+00, time=2025-04-08 12:22:22 
jj1 = 854, max_th = 2.557247e+00, time=2025-04-08 12:22:24 
jj1 = 784, max_th = 1.608979e+00, time=2025-04-08 12:22:40 
jj1 = 790, max_th = 2.483336e+00, time=2025-04-08 12:23:08 
jj1 = 783, max_th = 3.326237e+00, time=2025-04-08 12:23:40 
jj1 = 912, max_th = 1.155144e+00, time=2025-04-08 12:23:43 
jj1 = 789, max_th = 7.705343e-01, time=2025-04-08 12:25:09 
jj1 = 802, max_th = 1.134856e+00, time=2025-04-08 12:27:17 
jj1 = 892, max_th = 1.471504e+00, time=2025-04-08 12:28:19 
jj1 = 898, max_th = 2.254842e+00, time=2025-04-08 12:30:24 
jj1 = 549, max_th = 2.172770e+00, time=2025-04-08 12:30:47 
jj1 = 873, max_th = 1.525683e+00, time=2025-04-08 12:32:24 
jj1 = 887, max_th = 1.887145e+00, time=2025-04-08 12:35:11 
jj1 = 853, max_th = 2.540015e+00, time=2025-04-08 12:40:19 
jj1 = 835, max_th = 1.596351e+00, time=2025-04-08 12:40:43 
jj1 = 868, max_th = 2.640004e+00, time=2025-04-08 12:41:51 
jj1 = 872, max_th = 2.635195e+00, time=2025-04-08 12:42:18 
jj1 = 782, max_th = 1.434720e+00, time=2025-04-08 12:43:38 
jj1 = 911, max_th = 2.445275e+00, time=2025-04-08 12:43:50 
jj1 = 910, max_th = 8.497917e-01, time=2025-04-08 12:46:35 
jj1 = 801, max_th = 2.377398e+00, time=2025-04-08 12:46:50 
jj1 = 843, max_th = 1.824688e+00, time=2025-04-08 12:49:01 
jj1 = 897, max_th = 1.775681e+00, time=2025-04-08 12:51:03 
jj1 = 852, max_th = 2.647701e+00, time=2025-04-08 12:52:57 
jj1 = 903, max_th = 1.891103e+00, time=2025-04-08 12:53:18 
jj1 = 891, max_th = 2.281880e+00, time=2025-04-08 12:54:15 
jj1 = 871, max_th = 1.949950e+00, time=2025-04-08 12:56:38 
jj1 = 867, max_th = 1.555122e+00, time=2025-04-08 12:57:35 
jj1 = 890, max_th = 1.143514e+00, time=2025-04-08 13:03:34 
jj1 = 851, max_th = 2.670304e+00, time=2025-04-08 13:04:57 
jj1 = 781, max_th = 2.230881e+00, time=2025-04-08 13:06:20 
jj1 = 886, max_th = 2.310441e+00, time=2025-04-08 13:06:57 
jj1 = 800, max_th = 1.911551e+00, time=2025-04-08 13:08:25 
jj1 = 896, max_th = 1.517423e+00, time=2025-04-08 13:11:27 
jj1 = 780, max_th = 2.936958e+00, time=2025-04-08 13:12:34 
jj1 = 902, max_th = 1.561267e+00, time=2025-04-08 13:14:57 
jj1 = 842, max_th = 2.032897e+00, time=2025-04-08 13:15:18 
jj1 = 895, max_th = 2.834868e+00, time=2025-04-08 13:15:39 
jj1 = 866, max_th = 2.360885e+00, time=2025-04-08 13:17:05 
jj1 = 799, max_th = 2.595884e+00, time=2025-04-08 13:17:25 
jj1 = 909, max_th = 2.123247e+00, time=2025-04-08 13:18:23 
jj1 = 885, max_th = 3.403445e+00, time=2025-04-08 13:18:37 
jj1 = 779, max_th = 1.137475e+00, time=2025-04-08 13:18:58 
jj1 = 901, max_th = 9.080799e-01, time=2025-04-08 13:19:08 
jj1 = 870, max_th = 2.152410e+00, time=2025-04-08 13:19:09 
jj1 = 834, max_th = 1.426764e+00, time=2025-04-08 13:20:22 
jj1 = 869, max_th = 6.244579e-01, time=2025-04-08 13:20:30 
jj1 = 865, max_th = 2.885708e+00, time=2025-04-08 13:21:12 
jj1 = 948, max_th = 2.587879e+00, time=2025-04-08 13:27:52 
jj1 = 900, max_th = 1.230913e+00, time=2025-04-08 13:29:29 
jj1 = 850, max_th = 2.160173e+00, time=2025-04-08 13:30:14 
jj1 = 889, max_th = 1.638639e+00, time=2025-04-08 13:30:15 
jj1 = 833, max_th = 2.611121e+00, time=2025-04-08 13:33:49 
jj1 = 899, max_th = 1.188654e+00, time=2025-04-08 13:34:03 
jj1 = 841, max_th = 1.998738e+00, time=2025-04-08 13:35:17 
jj1 = 960, max_th = 3.192234e+00, time=2025-04-08 13:35:30 
jj1 = 959, max_th = 3.790630e-01, time=2025-04-08 13:36:37 
jj1 = 840, max_th = -4.138737e-02, time=2025-04-08 13:36:41 
jj1 = 923, max_th = 2.052071e+00, time=2025-04-08 13:39:04 
jj1 = 908, max_th = 2.117311e+00, time=2025-04-08 13:40:05 
jj1 = 884, max_th = 2.056996e+00, time=2025-04-08 13:40:43 
jj1 = 894, max_th = 2.056061e+00, time=2025-04-08 13:42:35 
jj1 = 864, max_th = 1.583192e+00, time=2025-04-08 13:43:19 
jj1 = 958, max_th = 9.707751e-01, time=2025-04-08 13:43:35 
jj1 = 849, max_th = 2.301812e+00, time=2025-04-08 13:46:41 
jj1 = 918, max_th = 2.342701e+00, time=2025-04-08 13:48:41 
jj1 = 956, max_th = 2.228775e+00, time=2025-04-08 13:49:38 
jj1 = 947, max_th = 2.284784e+00, time=2025-04-08 13:52:32 
jj1 = 928, max_th = 2.873189e+00, time=2025-04-08 13:52:54 
jj1 = 883, max_th = 2.199855e+00, time=2025-04-08 13:54:10 
jj1 = 832, max_th = 2.104282e+00, time=2025-04-08 13:56:58 
jj1 = 952, max_th = 1.234084e+00, time=2025-04-08 13:58:05 
jj1 = 917, max_th = 1.265750e+00, time=2025-04-08 14:02:22 
jj1 = 863, max_th = 2.365048e+00, time=2025-04-08 14:03:05 
jj1 = 839, max_th = 1.919570e+00, time=2025-04-08 14:03:13 
jj1 = 907, max_th = 1.835919e+00, time=2025-04-08 14:05:12 
jj1 = 922, max_th = 2.323601e+00, time=2025-04-08 14:05:50 
jj1 = 882, max_th = 1.113475e+00, time=2025-04-08 14:06:01 
jj1 = 831, max_th = 1.298247e+00, time=2025-04-08 14:09:25 
jj1 = 957, max_th = 1.842193e+00, time=2025-04-08 14:12:09 
jj1 = 955, max_th = 1.752857e+00, time=2025-04-08 14:12:26 
jj1 = 921, max_th = 1.034076e+00, time=2025-04-08 14:13:12 
jj1 = 951, max_th = 2.646923e+00, time=2025-04-08 14:18:08 
jj1 = 933, max_th = 1.768656e+00, time=2025-04-08 14:23:38 
jj1 = 916, max_th = 1.665210e+00, time=2025-04-08 14:24:53 
jj1 = 862, max_th = 1.680947e+00, time=2025-04-08 14:29:51 
jj1 = 906, max_th = 1.692265e+00, time=2025-04-08 14:30:08 
jj1 = 861, max_th = 4.291057e-01, time=2025-04-08 14:32:09 
jj1 = 946, max_th = 2.073098e+00, time=2025-04-08 14:32:23 
jj1 = 920, max_th = 2.416925e+00, time=2025-04-08 14:34:06 
jj1 = 932, max_th = 2.634937e+00, time=2025-04-08 14:34:34 
jj1 = 881, max_th = 1.738207e+00, time=2025-04-08 14:36:02 
jj1 = 988, max_th = 2.369411e+00, time=2025-04-08 14:36:33 
jj1 = 830, max_th = 1.989127e+00, time=2025-04-08 14:38:21 
jj1 = 954, max_th = 1.905561e+00, time=2025-04-08 14:42:33 
jj1 = 880, max_th = 1.197512e+00, time=2025-04-08 14:44:10 
jj1 = 927, max_th = 1.578545e+00, time=2025-04-08 14:44:17 
jj1 = 950, max_th = 1.617754e+00, time=2025-04-08 14:49:16 
jj1 = 931, max_th = 2.669096e+00, time=2025-04-08 14:49:46 
jj1 = 905, max_th = 1.748228e+00, time=2025-04-08 14:50:22 
jj1 = 879, max_th = 2.812082e+00, time=2025-04-08 14:51:13 
jj1 = 919, max_th = 1.950121e+00, time=2025-04-08 14:51:48 
jj1 = 915, max_th = 1.956539e+00, time=2025-04-08 14:52:55 
jj1 = 945, max_th = 1.679664e+00, time=2025-04-08 14:57:48 
jj1 = 980, max_th = 2.789225e+00, time=2025-04-08 14:58:27 
jj1 = 860, max_th = 2.087911e+00, time=2025-04-08 15:00:13 
jj1 = 829, max_th = 2.297546e+00, time=2025-04-08 15:01:19 
jj1 = 943, max_th = 2.648755e+00, time=2025-04-08 15:01:33 
jj1 = 953, max_th = 1.374106e+00, time=2025-04-08 15:03:21 
jj1 = 987, max_th = 2.165047e+00, time=2025-04-08 15:05:42 
jj1 = 930, max_th = 2.396782e+00, time=2025-04-08 15:08:12 
jj1 = 904, max_th = 2.250296e+00, time=2025-04-08 15:11:06 
jj1 = 942, max_th = 1.077907e+00, time=2025-04-08 15:13:36 
jj1 = 926, max_th = 1.827495e+00, time=2025-04-08 15:15:37 
jj1 = 949, max_th = 2.106101e+00, time=2025-04-08 15:17:06 
jj1 = 968, max_th = 2.957755e+00, time=2025-04-08 15:17:14 
jj1 = 914, max_th = 1.952684e+00, time=2025-04-08 15:21:00 
jj1 = 859, max_th = 1.755946e+00, time=2025-04-08 15:25:20 
jj1 = 929, max_th = 1.588806e+00, time=2025-04-08 15:25:41 
jj1 = 944, max_th = 2.219292e+00, time=2025-04-08 15:26:18 
jj1 = 984, max_th = 2.338639e+00, time=2025-04-08 15:26:20 
jj1 = 941, max_th = 1.500671e+00, time=2025-04-08 15:30:06 
jj1 = 938, max_th = 2.029301e+00, time=2025-04-08 15:31:51 
jj1 = 986, max_th = 1.810424e+00, time=2025-04-08 15:33:15 
jj1 = 972, max_th = 2.764552e+00, time=2025-04-08 15:34:01 
jj1 = 967, max_th = 2.356336e+00, time=2025-04-08 15:39:12 
jj1 = 940, max_th = 1.330683e+00, time=2025-04-08 15:42:24 
jj1 = 979, max_th = 2.073733e+00, time=2025-04-08 15:43:23 
jj1 = 976, max_th = 2.045087e+00, time=2025-04-08 15:43:27 
jj1 = 925, max_th = 2.007920e+00, time=2025-04-08 15:44:07 
jj1 = 985, max_th = 8.378099e-01, time=2025-04-08 15:44:46 
jj1 = 992, max_th = 1.878193e+00, time=2025-04-08 15:45:54 
jj1 = 964, max_th = 2.202309e+00, time=2025-04-08 15:46:54 
jj1 = 937, max_th = 1.504524e+00, time=2025-04-08 15:48:18 
jj1 = 939, max_th = 1.129050e+00, time=2025-04-08 15:51:03 
jj1 = 983, max_th = 1.930662e+00, time=2025-04-08 15:53:55 
jj1 = 997, max_th = 1.926724e+00, time=2025-04-08 15:55:53 
jj1 = 991, max_th = 1.548868e+00, time=2025-04-08 15:58:30 
jj1 = 975, max_th = 1.366175e+00, time=2025-04-08 15:59:04 
jj1 = 966, max_th = 1.621338e+00, time=2025-04-08 16:02:08 
jj1 = 971, max_th = 1.941830e+00, time=2025-04-08 16:05:13 
jj1 = 924, max_th = 1.771847e+00, time=2025-04-08 16:07:17 
jj1 = 998, max_th = 2.278979e+00, time=2025-04-08 16:07:19 
jj1 = 999, max_th = 1.635975e+00, time=2025-04-08 16:08:39 
jj1 = 963, max_th = 2.090336e+00, time=2025-04-08 16:08:42 
jj1 = 978, max_th = 1.808315e+00, time=2025-04-08 16:08:57 
jj1 = 936, max_th = 2.286769e+00, time=2025-04-08 16:10:07 
jj1 = 977, max_th = 2.892133e+00, time=2025-04-08 16:13:01 
jj1 = 982, max_th = 1.754931e+00, time=2025-04-08 16:13:39 
jj1 = 965, max_th = 1.019407e+00, time=2025-04-08 16:17:38 
jj1 = 974, max_th = 1.685544e+00, time=2025-04-08 16:18:08 
jj1 = 990, max_th = 1.808618e+00, time=2025-04-08 16:19:52 
jj1 = 996, max_th = 2.244688e+00, time=2025-04-08 16:21:25 
jj1 = 995, max_th = 4.042042e-01, time=2025-04-08 16:23:25 
jj1 = 981, max_th = 1.504886e+00, time=2025-04-08 16:26:45 
jj1 = 970, max_th = 2.362922e+00, time=2025-04-08 16:27:53 
jj1 = 935, max_th = 1.627454e+00, time=2025-04-08 16:29:10 
jj1 = 1000, max_th = 2.321302e+00, time=2025-04-08 16:32:18 
jj1 = 962, max_th = 1.840569e+00, time=2025-04-08 16:36:08 
jj1 = 973, max_th = 1.756578e+00, time=2025-04-08 16:37:44 
jj1 = 989, max_th = 2.222572e+00, time=2025-04-08 16:40:39 
jj1 = 969, max_th = 2.204049e+00, time=2025-04-08 16:42:50 
jj1 = 934, max_th = 2.305866e+00, time=2025-04-08 16:42:57 
jj1 = 994, max_th = 2.036325e+00, time=2025-04-08 16:45:09 
jj1 = 961, max_th = 2.162294e+00, time=2025-04-08 16:48:08 
jj1 = 993, max_th = 2.463835e+00, time=2025-04-08 16:52:21 
>> >> >> >> >> >> >> >> >> 