MATLAB is selecting SOFTWARE OPENGL rendering.

                            < M A T L A B (R) >
                  Copyright 1984-2021 The MathWorks, Inc.
                  R2021b (9.11.0.1769968) 64-bit (glnxa64)
                             September 17, 2021

 
To get started, type doc.
For product information, visit www.mathworks.com.
 
>> >> >> >> >> >> >> >> >> >> >> >> >> >> >> >> >> >> >> >> >> >> >> >> >> >> Starting parallel pool (parpool) using the 'local' profile ...
[Warning: A task was unexpectedly found in state: Unavailable.] 
[> In parallel.cluster.Local/deriveJobStateFromTasks (line 29)
In parallel.cluster/Local/getJobState (line 174)
In parallel.cluster/CJSCluster/hGetJobState (line 375)
In parallel.internal.cluster/CJSJobMixin/hGetStateEnum (line 175)
In parallel/Job/get.StateEnum (line 247)
In parallel/Job/get.State (line 239)
In parallel.internal.customattr.CustomGetSet>iVectorisedGetHelper (line 128)
In parallel.internal.customattr.CustomGetSet>@(a,b,c)iVectorisedGetHelper(obj,a,b,c) (line 102)
In parallel.internal.customattr/CustomGetSet/doVectorisedGet (line 103)
In parallel.internal.customattr/CustomGetSet/hVectorisedGet (line 76)
In parallel.internal.customattr.GetSetImpl>iAccessProperties (line 322)
In parallel.internal.customattr.GetSetImpl>iGetAllPropertiesVec (line 264)
In parallel.internal.customattr/GetSetImpl/getImpl (line 133)
In parallel.internal.customattr.CustomGetSet>iHetFunGetFunction (line 154)
In parallel.internal.customattr.CustomGetSet>@(o)iHetFunGetFunction(o,props) (line 139)
In parallel.internal.cluster.hetfun (line 46)
In parallel.internal.customattr.CustomGetSet>iHetFunGetProperty (line 139)
In parallel.internal.customattr/CustomGetSet/get (line 38)
In parallel.internal.pool/AbstractInteractiveClient/pRemoveOldJobs (line 211)
In parallel.internal.pool/AbstractInteractiveClient/start (line 103)
In parallel.internal.pool.AbstractClusterPool>iStartClient (line 831)
In parallel.internal.pool/AbstractClusterPool/hBuildPool (line 585)
In parallel.internal.pool.doParpool (line 22)
In parpool (line 123)
In parallel.internal.parpool.getOrCreateCurrentPool (line 17)
In parallel.internal.pool/PoolArrayManager/getOrAutoCreateWithCleanup (line 44)
In pctTryCreatePoolIfNecessary (line 28)
In parallel_function (line 423)] 
Connected to the parallel pool (number of workers: 12).
jj1 = 5, max_th = 2.959628e+00, time=2025-04-15 09:56:51 
jj1 = 45, max_th = 1.163914e+00, time=2025-04-15 10:01:56 
jj1 = 40, max_th = 1.317328e+00, time=2025-04-15 10:04:59 
jj1 = 60, max_th = 2.506822e+00, time=2025-04-15 10:05:43 
jj1 = 15, max_th = 1.647163e+00, time=2025-04-15 10:09:13 
jj1 = 30, max_th = 2.462318e+00, time=2025-04-15 10:09:17 
jj1 = 10, max_th = 2.340851e+00, time=2025-04-15 10:11:52 
jj1 = 35, max_th = 1.903016e+00, time=2025-04-15 10:12:32 
jj1 = 44, max_th = 1.215689e+00, time=2025-04-15 10:14:30 
jj1 = 50, max_th = 2.158126e+00, time=2025-04-15 10:15:32 
jj1 = 55, max_th = 1.818884e+00, time=2025-04-15 10:16:19 
jj1 = 25, max_th = 2.024818e+00, time=2025-04-15 10:17:51 
jj1 = 20, max_th = 1.967520e+00, time=2025-04-15 10:18:02 
jj1 = 4, max_th = 2.179506e+00, time=2025-04-15 10:18:05 
jj1 = 39, max_th = 2.055001e+00, time=2025-04-15 10:25:26 
jj1 = 24, max_th = 1.348209e+00, time=2025-04-15 10:27:11 
jj1 = 14, max_th = 2.051636e+00, time=2025-04-15 10:29:16 
jj1 = 59, max_th = 2.385272e+00, time=2025-04-15 10:30:36 
jj1 = 3, max_th = 1.686628e+00, time=2025-04-15 10:31:24 
jj1 = 34, max_th = 2.241445e+00, time=2025-04-15 10:32:55 
jj1 = 29, max_th = 2.084994e+00, time=2025-04-15 10:33:12 
jj1 = 43, max_th = 1.840559e+00, time=2025-04-15 10:34:06 
jj1 = 9, max_th = 1.878465e+00, time=2025-04-15 10:36:44 
jj1 = 54, max_th = 1.997469e+00, time=2025-04-15 10:38:13 
jj1 = 53, max_th = -4.027090e-02, time=2025-04-15 10:39:09 
jj1 = 49, max_th = 2.168754e+00, time=2025-04-15 10:39:15 
jj1 = 28, max_th = 1.242456e+00, time=2025-04-15 10:40:49 
jj1 = 38, max_th = 2.416551e+00, time=2025-04-15 10:44:03 
jj1 = 19, max_th = 2.034775e+00, time=2025-04-15 10:45:00 
jj1 = 13, max_th = 2.428085e+00, time=2025-04-15 10:48:10 
jj1 = 23, max_th = 1.965342e+00, time=2025-04-15 10:53:11 
jj1 = 2, max_th = 1.819130e+00, time=2025-04-15 10:54:15 
jj1 = 42, max_th = 1.806616e+00, time=2025-04-15 10:55:21 
jj1 = 58, max_th = 1.836053e+00, time=2025-04-15 10:55:35 
jj1 = 33, max_th = 2.222653e+00, time=2025-04-15 10:56:27 
jj1 = 27, max_th = 1.579583e+00, time=2025-04-15 10:57:34 
jj1 = 37, max_th = 2.488041e+00, time=2025-04-15 10:58:28 
jj1 = 12, max_th = 1.368118e+00, time=2025-04-15 11:00:59 
jj1 = 18, max_th = 1.495478e+00, time=2025-04-15 11:01:38 
jj1 = 48, max_th = 1.771129e+00, time=2025-04-15 11:02:17 
jj1 = 8, max_th = 1.975128e+00, time=2025-04-15 11:02:19 
jj1 = 36, max_th = 1.097081e+00, time=2025-04-15 11:03:33 
jj1 = 52, max_th = 1.972236e+00, time=2025-04-15 11:04:15 
jj1 = 1, max_th = 1.507249e+00, time=2025-04-15 11:07:07 
jj1 = 22, max_th = 1.765727e+00, time=2025-04-15 11:11:04 
jj1 = 17, max_th = 1.320464e+00, time=2025-04-15 11:12:22 
jj1 = 41, max_th = 1.938498e+00, time=2025-04-15 11:17:43 
jj1 = 57, max_th = 1.902902e+00, time=2025-04-15 11:18:40 
jj1 = 32, max_th = 1.819892e+00, time=2025-04-15 11:19:05 
jj1 = 51, max_th = 1.641179e+00, time=2025-04-15 11:20:00 
jj1 = 372, max_th = 1.742291e+00, time=2025-04-15 11:20:26 
jj1 = 7, max_th = 1.636356e+00, time=2025-04-15 11:20:58 
jj1 = 26, max_th = 2.119380e+00, time=2025-04-15 11:22:34 
jj1 = 99, max_th = 1.485959e+00, time=2025-04-15 11:22:52 
jj1 = 11, max_th = 1.873378e+00, time=2025-04-15 11:24:09 
jj1 = 31, max_th = 2.856402e+00, time=2025-04-15 11:24:21 
jj1 = 16, max_th = 1.352225e+00, time=2025-04-15 11:25:00 
jj1 = 47, max_th = 1.979871e+00, time=2025-04-15 11:25:19 
jj1 = 333, max_th = 9.154548e-01, time=2025-04-15 11:28:43 
jj1 = 371, max_th = 1.330419e+00, time=2025-04-15 11:32:02 
jj1 = 489, max_th = 1.598926e+00, time=2025-04-15 11:33:10 
jj1 = 46, max_th = 2.647854e+00, time=2025-04-15 11:33:24 
jj1 = 6, max_th = 2.571807e+00, time=2025-04-15 11:33:49 
jj1 = 21, max_th = 1.819898e+00, time=2025-04-15 11:34:00 
jj1 = 216, max_th = 2.622936e+00, time=2025-04-15 11:35:58 
jj1 = 411, max_th = 1.791353e+00, time=2025-04-15 11:39:40 
jj1 = 56, max_th = 2.181698e+00, time=2025-04-15 11:43:21 
jj1 = 450, max_th = 2.642139e+00, time=2025-04-15 11:47:30 
jj1 = 98, max_th = 1.774441e+00, time=2025-04-15 11:50:23 
jj1 = 177, max_th = 1.961293e+00, time=2025-04-15 11:56:51 
jj1 = 294, max_th = 2.134182e+00, time=2025-04-15 11:58:26 
jj1 = 370, max_th = 1.482001e+00, time=2025-04-15 11:59:10 
jj1 = 528, max_th = 2.670930e+00, time=2025-04-15 12:01:34 
jj1 = 332, max_th = 1.784760e+00, time=2025-04-15 12:01:57 
jj1 = 215, max_th = 2.402767e+00, time=2025-04-15 12:03:31 
jj1 = 255, max_th = 1.796285e+00, time=2025-04-15 12:05:59 
jj1 = 97, max_th = 1.253013e+00, time=2025-04-15 12:10:34 
jj1 = 488, max_th = 1.770963e+00, time=2025-04-15 12:13:41 
jj1 = 138, max_th = 1.773382e+00, time=2025-04-15 12:18:14 
jj1 = 410, max_th = 2.259127e+00, time=2025-04-15 12:19:46 
jj1 = 176, max_th = 1.502551e+00, time=2025-04-15 12:24:23 
jj1 = 293, max_th = 2.445276e+00, time=2025-04-15 12:25:02 
jj1 = 527, max_th = 1.445697e+00, time=2025-04-15 12:25:05 
jj1 = 175, max_th = 6.649927e-01, time=2025-04-15 12:29:34 
jj1 = 96, max_th = 1.225032e+00, time=2025-04-15 12:38:58 
jj1 = 331, max_th = 1.750904e+00, time=2025-04-15 12:42:35 
jj1 = 254, max_th = 2.417239e+00, time=2025-04-15 12:42:45 
jj1 = 449, max_th = 1.933172e+00, time=2025-04-15 12:47:43 
jj1 = 214, max_th = 2.230205e+00, time=2025-04-15 12:49:31 
jj1 = 292, max_th = 2.564234e+00, time=2025-04-15 12:53:41 
jj1 = 369, max_th = 2.014944e+00, time=2025-04-15 12:55:06 
jj1 = 137, max_th = 2.292908e+00, time=2025-04-15 13:00:34 
jj1 = 330, max_th = 2.641433e+00, time=2025-04-15 13:05:01 
jj1 = 487, max_th = 2.107992e+00, time=2025-04-15 13:05:19 
jj1 = 174, max_th = 1.947135e+00, time=2025-04-15 13:12:43 
jj1 = 409, max_th = 2.014728e+00, time=2025-04-15 13:14:01 
jj1 = 526, max_th = 2.125787e+00, time=2025-04-15 13:17:50 
jj1 = 368, max_th = 2.525434e+00, time=2025-04-15 13:22:54 
jj1 = 95, max_th = 2.030723e+00, time=2025-04-15 13:24:32 
jj1 = 448, max_th = 1.803510e+00, time=2025-04-15 13:25:37 
jj1 = 329, max_th = 2.597809e+00, time=2025-04-15 13:25:52 
jj1 = 253, max_th = 1.789668e+00, time=2025-04-15 13:26:03 
jj1 = 252, max_th = 3.024650e+00, time=2025-04-15 13:32:12 
jj1 = 136, max_th = 2.417847e+00, time=2025-04-15 13:32:30 
jj1 = 291, max_th = 1.828126e+00, time=2025-04-15 13:35:42 
jj1 = 213, max_th = 1.991576e+00, time=2025-04-15 13:38:10 
jj1 = 408, max_th = 1.583435e+00, time=2025-04-15 13:50:35 
jj1 = 135, max_th = 1.244471e+00, time=2025-04-15 13:52:32 
jj1 = 486, max_th = 1.934971e+00, time=2025-04-15 13:57:17 
jj1 = 328, max_th = 2.415308e+00, time=2025-04-15 14:00:11 
jj1 = 173, max_th = 1.894913e+00, time=2025-04-15 14:01:09 
jj1 = 525, max_th = 1.907869e+00, time=2025-04-15 14:01:23 
jj1 = 367, max_th = 2.253240e+00, time=2025-04-15 14:05:49 
jj1 = 290, max_th = 1.600865e+00, time=2025-04-15 14:05:51 
jj1 = 251, max_th = 2.247079e+00, time=2025-04-15 14:08:37 
jj1 = 447, max_th = 2.268194e+00, time=2025-04-15 14:10:09 
jj1 = 407, max_th = 1.178368e+00, time=2025-04-15 14:10:13 
jj1 = 524, max_th = 2.863617e+00, time=2025-04-15 14:14:23 
jj1 = 94, max_th = 2.078496e+00, time=2025-04-15 14:15:08 
jj1 = 250, max_th = 2.649534e+00, time=2025-04-15 14:20:52 
jj1 = 172, max_th = 2.562743e+00, time=2025-04-15 14:29:12 
jj1 = 327, max_th = 2.405410e+00, time=2025-04-15 14:29:43 
jj1 = 485, max_th = 2.487785e+00, time=2025-04-15 14:29:51 
jj1 = 134, max_th = 1.849151e+00, time=2025-04-15 14:31:09 
jj1 = 93, max_th = 1.366511e+00, time=2025-04-15 14:34:18 
jj1 = 289, max_th = 1.596031e+00, time=2025-04-15 14:35:21 
jj1 = 446, max_th = 1.472097e+00, time=2025-04-15 14:35:38 
jj1 = 406, max_th = 2.392638e+00, time=2025-04-15 14:39:32 
jj1 = 366, max_th = 1.854123e+00, time=2025-04-15 14:39:44 
jj1 = 212, max_th = 2.375445e+00, time=2025-04-15 14:43:31 
jj1 = 133, max_th = 2.551066e+00, time=2025-04-15 14:43:55 
jj1 = 92, max_th = 1.221478e+00, time=2025-04-15 14:44:28 
jj1 = 249, max_th = 1.681848e+00, time=2025-04-15 14:48:25 
jj1 = 523, max_th = 1.767905e+00, time=2025-04-15 14:49:37 
jj1 = 326, max_th = 2.386973e+00, time=2025-04-15 14:55:17 
jj1 = 365, max_th = 1.625414e+00, time=2025-04-15 14:55:38 
jj1 = 171, max_th = 2.086387e+00, time=2025-04-15 14:58:10 
jj1 = 484, max_th = 1.916706e+00, time=2025-04-15 15:00:01 
jj1 = 248, max_th = 2.681694e+00, time=2025-04-15 15:00:43 
jj1 = 288, max_th = 2.144321e+00, time=2025-04-15 15:00:53 
jj1 = 445, max_th = 2.146582e+00, time=2025-04-15 15:02:11 
jj1 = 364, max_th = 1.209448e+00, time=2025-04-15 15:06:26 
jj1 = 132, max_th = 2.339345e+00, time=2025-04-15 15:07:02 
jj1 = 522, max_th = 1.262481e+00, time=2025-04-15 15:08:11 
jj1 = 170, max_th = 1.303838e+00, time=2025-04-15 15:11:47 
jj1 = 211, max_th = 2.091805e+00, time=2025-04-15 15:11:59 
jj1 = 405, max_th = 2.044336e+00, time=2025-04-15 15:12:15 
jj1 = 91, max_th = 1.883446e+00, time=2025-04-15 15:13:55 
jj1 = 483, max_th = 2.628845e+00, time=2025-04-15 15:14:54 
jj1 = 325, max_th = 2.324834e+00, time=2025-04-15 15:19:54 
jj1 = 247, max_th = 2.149305e+00, time=2025-04-15 15:22:46 
jj1 = 363, max_th = 1.597670e+00, time=2025-04-15 15:25:16 
jj1 = 90, max_th = 1.142997e+00, time=2025-04-15 15:25:44 
jj1 = 444, max_th = 1.687231e+00, time=2025-04-15 15:27:44 
jj1 = 287, max_th = 1.993173e+00, time=2025-04-15 15:29:38 
jj1 = 131, max_th = 2.152077e+00, time=2025-04-15 15:29:50 
jj1 = 324, max_th = 1.134111e+00, time=2025-04-15 15:29:57 
jj1 = 404, max_th = 2.516287e+00, time=2025-04-15 15:30:07 
jj1 = 210, max_th = 2.394826e+00, time=2025-04-15 15:32:19 
jj1 = 521, max_th = 2.115835e+00, time=2025-04-15 15:35:30 
jj1 = 286, max_th = 2.858432e+00, time=2025-04-15 15:35:35 
jj1 = 169, max_th = 2.135160e+00, time=2025-04-15 15:39:54 
jj1 = 323, max_th = 2.699721e+00, time=2025-04-15 15:42:45 
jj1 = 482, max_th = 2.015567e+00, time=2025-04-15 15:43:12 
jj1 = 520, max_th = 2.658819e+00, time=2025-04-15 15:45:39 
jj1 = 403, max_th = 2.390902e+00, time=2025-04-15 15:48:52 
jj1 = 246, max_th = 2.231311e+00, time=2025-04-15 15:49:14 
jj1 = 362, max_th = 2.277123e+00, time=2025-04-15 15:50:30 
jj1 = 443, max_th = 1.792421e+00, time=2025-04-15 15:51:39 
jj1 = 209, max_th = 2.356504e+00, time=2025-04-15 15:54:15 
jj1 = 130, max_th = 1.869049e+00, time=2025-04-15 15:55:35 
jj1 = 89, max_th = 1.980033e+00, time=2025-04-15 15:58:26 
jj1 = 285, max_th = 2.052583e+00, time=2025-04-15 15:59:37 
jj1 = 481, max_th = 1.543991e+00, time=2025-04-15 16:00:53 
jj1 = 402, max_th = 2.526633e+00, time=2025-04-15 16:04:11 
jj1 = 168, max_th = 2.215949e+00, time=2025-04-15 16:07:17 
jj1 = 88, max_th = 1.239464e+00, time=2025-04-15 16:09:58 
jj1 = 322, max_th = 2.006969e+00, time=2025-04-15 16:10:58 
jj1 = 245, max_th = 1.625765e+00, time=2025-04-15 16:12:42 
jj1 = 401, max_th = 1.079967e+00, time=2025-04-15 16:13:03 
jj1 = 519, max_th = 2.088128e+00, time=2025-04-15 16:14:01 
jj1 = 321, max_th = 8.741763e-01, time=2025-04-15 16:14:07 
jj1 = 442, max_th = 2.201870e+00, time=2025-04-15 16:14:23 
jj1 = 480, max_th = 1.403100e+00, time=2025-04-15 16:14:25 
jj1 = 441, max_th = 3.363148e+00, time=2025-04-15 16:14:57 
jj1 = 208, max_th = 2.099777e+00, time=2025-04-15 16:15:12 
jj1 = 129, max_th = 2.245659e+00, time=2025-04-15 16:18:45 
jj1 = 167, max_th = 2.578542e+00, time=2025-04-15 16:19:16 
jj1 = 361, max_th = 2.061880e+00, time=2025-04-15 16:19:51 
jj1 = 87, max_th = 2.457328e+00, time=2025-04-15 16:26:05 
jj1 = 400, max_th = 2.592251e+00, time=2025-04-15 16:26:24 
jj1 = 284, max_th = 1.724706e+00, time=2025-04-15 16:26:53 
jj1 = 320, max_th = 2.542535e+00, time=2025-04-15 16:30:40 
jj1 = 440, max_th = 1.599464e+00, time=2025-04-15 16:32:20 
jj1 = 244, max_th = 1.675347e+00, time=2025-04-15 16:34:25 
jj1 = 518, max_th = 2.247883e+00, time=2025-04-15 16:36:29 
jj1 = 166, max_th = 2.342231e+00, time=2025-04-15 16:42:24 
jj1 = 479, max_th = 2.133865e+00, time=2025-04-15 16:45:08 
jj1 = 207, max_th = 2.010661e+00, time=2025-04-15 16:47:17 
jj1 = 128, max_th = 2.190243e+00, time=2025-04-15 16:48:01 
jj1 = 360, max_th = 1.758753e+00, time=2025-04-15 16:49:34 
jj1 = 283, max_th = 1.533057e+00, time=2025-04-15 16:51:30 
jj1 = 399, max_th = 1.646907e+00, time=2025-04-15 16:53:52 
jj1 = 282, max_th = 6.742503e-01, time=2025-04-15 16:55:29 
jj1 = 86, max_th = 1.894176e+00, time=2025-04-15 16:56:43 
jj1 = 439, max_th = 2.430807e+00, time=2025-04-15 16:58:38 
jj1 = 319, max_th = 1.472285e+00, time=2025-04-15 17:02:54 
jj1 = 243, max_th = 2.144803e+00, time=2025-04-15 17:09:36 
jj1 = 517, max_th = 2.259594e+00, time=2025-04-15 17:10:18 
jj1 = 165, max_th = 1.794402e+00, time=2025-04-15 17:11:50 
jj1 = 478, max_th = 2.432910e+00, time=2025-04-15 17:12:33 
jj1 = 318, max_th = 1.146397e+00, time=2025-04-15 17:12:51 
jj1 = 359, max_th = 1.492614e+00, time=2025-04-15 17:13:47 
jj1 = 398, max_th = 1.552299e+00, time=2025-04-15 17:14:01 
jj1 = 516, max_th = 8.363315e-01, time=2025-04-15 17:15:01 
jj1 = 127, max_th = 1.669532e+00, time=2025-04-15 17:15:21 
jj1 = 438, max_th = 2.457766e+00, time=2025-04-15 17:19:27 
jj1 = 164, max_th = 9.599847e-01, time=2025-04-15 17:19:32 
jj1 = 281, max_th = 2.247566e+00, time=2025-04-15 17:21:09 
jj1 = 397, max_th = 2.826454e+00, time=2025-04-15 17:21:16 
jj1 = 396, max_th = -6.238974e-02, time=2025-04-15 17:22:18 
jj1 = 206, max_th = 1.980934e+00, time=2025-04-15 17:23:43 
jj1 = 317, max_th = 2.613935e+00, time=2025-04-15 17:25:37 
jj1 = 358, max_th = 1.375868e+00, time=2025-04-15 17:29:44 
jj1 = 477, max_th = 2.421770e+00, time=2025-04-15 17:34:11 
jj1 = 280, max_th = 2.552909e+00, time=2025-04-15 17:34:18 
jj1 = 85, max_th = 2.141471e+00, time=2025-04-15 17:34:25 
jj1 = 476, max_th = 6.733034e-01, time=2025-04-15 17:36:05 
jj1 = 395, max_th = 2.547655e+00, time=2025-04-15 17:37:18 
jj1 = 437, max_th = 2.343827e+00, time=2025-04-15 17:40:11 
jj1 = 475, max_th = 8.434759e-01, time=2025-04-15 17:40:24 
jj1 = 126, max_th = 1.719184e+00, time=2025-04-15 17:41:36 
jj1 = 242, max_th = 2.030128e+00, time=2025-04-15 17:42:18 
jj1 = 515, max_th = 1.786337e+00, time=2025-04-15 17:43:27 
jj1 = 357, max_th = 1.385546e+00, time=2025-04-15 17:43:34 
jj1 = 163, max_th = 2.042663e+00, time=2025-04-15 17:44:55 
jj1 = 125, max_th = 9.540795e-01, time=2025-04-15 17:46:33 
jj1 = 205, max_th = 1.948108e+00, time=2025-04-15 17:48:00 
jj1 = 162, max_th = 1.010949e+00, time=2025-04-15 17:48:58 
jj1 = 84, max_th = 2.559659e+00, time=2025-04-15 17:49:06 
jj1 = 241, max_th = 2.551354e+00, time=2025-04-15 17:52:52 
jj1 = 204, max_th = 2.959852e+00, time=2025-04-15 17:52:54 
jj1 = 316, max_th = 1.923597e+00, time=2025-04-15 17:53:47 
jj1 = 279, max_th = 2.366288e+00, time=2025-04-15 17:57:26 
jj1 = 394, max_th = 2.380262e+00, time=2025-04-15 17:58:05 
jj1 = 436, max_th = 1.725226e+00, time=2025-04-15 17:59:27 
jj1 = 240, max_th = 1.170222e+00, time=2025-04-15 17:59:35 
jj1 = 278, max_th = 3.004449e+00, time=2025-04-15 18:01:08 
jj1 = 239, max_th = 3.110796e+00, time=2025-04-15 18:01:20 
jj1 = 514, max_th = 2.074046e+00, time=2025-04-15 18:01:52 
jj1 = 203, max_th = 2.609282e+00, time=2025-04-15 18:02:26 
jj1 = 435, max_th = 1.202756e+00, time=2025-04-15 18:09:09 
jj1 = 474, max_th = 2.286476e+00, time=2025-04-15 18:09:38 
jj1 = 356, max_th = 2.137852e+00, time=2025-04-15 18:10:57 
jj1 = 315, max_th = 1.390587e+00, time=2025-04-15 18:12:05 
jj1 = 83, max_th = 1.992786e+00, time=2025-04-15 18:12:21 
jj1 = 161, max_th = 2.008969e+00, time=2025-04-15 18:12:55 
jj1 = 513, max_th = 2.639260e+00, time=2025-04-15 18:13:40 
jj1 = 124, max_th = 2.216623e+00, time=2025-04-15 18:14:38 
jj1 = 473, max_th = 9.866103e-01, time=2025-04-15 18:14:59 
jj1 = 393, max_th = 2.352260e+00, time=2025-04-15 18:16:31 
jj1 = 355, max_th = 2.585783e+00, time=2025-04-15 18:24:27 
jj1 = 277, max_th = 1.960253e+00, time=2025-04-15 18:28:10 
jj1 = 434, max_th = 1.655384e+00, time=2025-04-15 18:28:51 
jj1 = 238, max_th = 2.015527e+00, time=2025-04-15 18:29:12 
jj1 = 202, max_th = 1.988232e+00, time=2025-04-15 18:29:45 
jj1 = 433, max_th = 7.037067e-01, time=2025-04-15 18:31:21 
jj1 = 472, max_th = 2.495233e+00, time=2025-04-15 18:32:47 
jj1 = 392, max_th = 2.457309e+00, time=2025-04-15 18:33:31 
jj1 = 512, max_th = 1.575776e+00, time=2025-04-15 18:35:36 
jj1 = 123, max_th = 1.956416e+00, time=2025-04-15 18:39:57 
jj1 = 314, max_th = 1.764874e+00, time=2025-04-15 18:40:44 
jj1 = 160, max_th = 1.885270e+00, time=2025-04-15 18:41:17 
jj1 = 82, max_th = 1.975905e+00, time=2025-04-15 18:41:51 
jj1 = 201, max_th = 1.174480e+00, time=2025-04-15 18:45:18 
jj1 = 276, max_th = 1.705127e+00, time=2025-04-15 18:49:06 
jj1 = 200, max_th = 2.865538e+00, time=2025-04-15 18:51:29 
jj1 = 354, max_th = 1.839625e+00, time=2025-04-15 18:52:59 
jj1 = 159, max_th = 2.627391e+00, time=2025-04-15 18:53:45 
jj1 = 391, max_th = 2.051104e+00, time=2025-04-15 18:55:02 
jj1 = 237, max_th = 2.137785e+00, time=2025-04-15 18:56:52 
jj1 = 471, max_th = 1.753081e+00, time=2025-04-15 18:57:35 
jj1 = 236, max_th = 7.798635e-01, time=2025-04-15 18:59:02 
jj1 = 275, max_th = 2.643214e+00, time=2025-04-15 18:59:02 
jj1 = 432, max_th = 1.632038e+00, time=2025-04-15 18:59:27 
jj1 = 313, max_th = 2.418889e+00, time=2025-04-15 19:00:38 
jj1 = 511, max_th = 1.897685e+00, time=2025-04-15 19:03:31 
jj1 = 81, max_th = 2.103990e+00, time=2025-04-15 19:06:55 
jj1 = 122, max_th = 2.131198e+00, time=2025-04-15 19:07:48 
jj1 = 431, max_th = 2.703183e+00, time=2025-04-15 19:08:14 
jj1 = 199, max_th = 1.800522e+00, time=2025-04-15 19:12:25 
jj1 = 470, max_th = 2.451397e+00, time=2025-04-15 19:12:39 
jj1 = 353, max_th = 1.824600e+00, time=2025-04-15 19:15:08 
jj1 = 390, max_th = 2.269032e+00, time=2025-04-15 19:17:57 
jj1 = 158, max_th = 2.004584e+00, time=2025-04-15 19:18:59 
jj1 = 198, max_th = 1.266045e+00, time=2025-04-15 19:21:20 
jj1 = 510, max_th = 2.436921e+00, time=2025-04-15 19:23:01 
jj1 = 121, max_th = 2.519461e+00, time=2025-04-15 19:24:45 
jj1 = 274, max_th = 2.036748e+00, time=2025-04-15 19:26:05 
jj1 = 312, max_th = 1.919302e+00, time=2025-04-15 19:29:54 
jj1 = 352, max_th = 2.493022e+00, time=2025-04-15 19:30:20 
jj1 = 157, max_th = 1.313393e+00, time=2025-04-15 19:31:39 
jj1 = 80, max_th = 2.327151e+00, time=2025-04-15 19:31:42 
jj1 = 430, max_th = 2.259834e+00, time=2025-04-15 19:31:58 
jj1 = 235, max_th = 1.631120e+00, time=2025-04-15 19:32:35 
jj1 = 469, max_th = 1.811255e+00, time=2025-04-15 19:34:39 
jj1 = 509, max_th = 1.383397e+00, time=2025-04-15 19:38:49 
jj1 = 120, max_th = 1.419704e+00, time=2025-04-15 19:40:06 
jj1 = 311, max_th = 1.500370e+00, time=2025-04-15 19:41:48 
jj1 = 389, max_th = 1.993080e+00, time=2025-04-15 19:43:05 
jj1 = 273, max_th = 2.271113e+00, time=2025-04-15 19:48:23 
jj1 = 429, max_th = 2.413755e+00, time=2025-04-15 19:50:26 
jj1 = 197, max_th = 1.974184e+00, time=2025-04-15 19:51:59 
jj1 = 468, max_th = 1.487051e+00, time=2025-04-15 19:53:43 
jj1 = 351, max_th = 1.864992e+00, time=2025-04-15 19:56:52 
jj1 = 196, max_th = 2.831249e+00, time=2025-04-15 19:59:33 
jj1 = 79, max_th = 1.930571e+00, time=2025-04-15 20:00:05 
jj1 = 156, max_th = 2.125357e+00, time=2025-04-15 20:00:14 
jj1 = 508, max_th = 1.437345e+00, time=2025-04-15 20:00:57 
jj1 = 234, max_th = 1.987520e+00, time=2025-04-15 20:01:33 
jj1 = 388, max_th = 1.658354e+00, time=2025-04-15 20:02:42 
jj1 = 272, max_th = 1.536490e+00, time=2025-04-15 20:04:25 
jj1 = 310, max_th = 2.053096e+00, time=2025-04-15 20:06:10 
jj1 = 119, max_th = 1.813262e+00, time=2025-04-15 20:06:30 
jj1 = 309, max_th = -8.386523e-02, time=2025-04-15 20:07:09 
jj1 = 428, max_th = 1.662685e+00, time=2025-04-15 20:12:26 
jj1 = 155, max_th = 2.587380e+00, time=2025-04-15 20:13:22 
jj1 = 233, max_th = 2.666357e+00, time=2025-04-15 20:15:32 
jj1 = 350, max_th = 1.584525e+00, time=2025-04-15 20:16:39 
jj1 = 78, max_th = 2.000127e+00, time=2025-04-15 20:18:56 
jj1 = 195, max_th = 1.705194e+00, time=2025-04-15 20:21:05 
jj1 = 467, max_th = 2.283506e+00, time=2025-04-15 20:21:10 
jj1 = 427, max_th = 1.195694e+00, time=2025-04-15 20:22:03 
jj1 = 387, max_th = 2.418952e+00, time=2025-04-15 20:25:27 
jj1 = 271, max_th = 2.303069e+00, time=2025-04-15 20:25:41 
jj1 = 308, max_th = 2.344288e+00, time=2025-04-15 20:27:11 
jj1 = 507, max_th = 1.768823e+00, time=2025-04-15 20:27:40 
jj1 = 506, max_th = -3.443833e-02, time=2025-04-15 20:28:38 
jj1 = 386, max_th = 7.909925e-01, time=2025-04-15 20:28:53 
jj1 = 77, max_th = 2.645226e+00, time=2025-04-15 20:29:55 
jj1 = 426, max_th = 1.180078e+00, time=2025-04-15 20:32:26 
jj1 = 349, max_th = 2.530986e+00, time=2025-04-15 20:32:57 
jj1 = 118, max_th = 1.969547e+00, time=2025-04-15 20:34:21 
jj1 = 307, max_th = 2.621677e+00, time=2025-04-15 20:35:21 
jj1 = 117, max_th = 2.940351e+00, time=2025-04-15 20:36:21 
jj1 = 194, max_th = 1.699376e+00, time=2025-04-15 20:36:58 
jj1 = 306, max_th = 3.097571e+00, time=2025-04-15 20:37:09 
jj1 = 76, max_th = 2.299997e+00, time=2025-04-15 20:37:54 
jj1 = 154, max_th = 2.214338e+00, time=2025-04-15 20:38:16 
jj1 = 385, max_th = 2.730545e+00, time=2025-04-15 20:38:40 
jj1 = 270, max_th = 1.433394e+00, time=2025-04-15 20:41:35 
jj1 = 232, max_th = 2.162001e+00, time=2025-04-15 20:41:57 
jj1 = 193, max_th = 9.601139e-01, time=2025-04-15 20:42:26 
jj1 = 466, max_th = 2.155974e+00, time=2025-04-15 20:45:03 
jj1 = 305, max_th = 1.363096e+00, time=2025-04-15 20:50:49 
jj1 = 505, max_th = 2.343196e+00, time=2025-04-15 20:51:53 
jj1 = 348, max_th = 1.812533e+00, time=2025-04-15 20:56:40 
jj1 = 425, max_th = 2.167568e+00, time=2025-04-15 20:56:50 
jj1 = 384, max_th = 1.706014e+00, time=2025-04-15 21:00:17 
jj1 = 153, max_th = 2.053406e+00, time=2025-04-15 21:02:16 
jj1 = 116, max_th = 2.061740e+00, time=2025-04-15 21:02:53 
jj1 = 269, max_th = 2.052383e+00, time=2025-04-15 21:05:52 
jj1 = 465, max_th = 1.639787e+00, time=2025-04-15 21:07:16 
jj1 = 75, max_th = 2.087322e+00, time=2025-04-15 21:07:46 
jj1 = 192, max_th = 1.772921e+00, time=2025-04-15 21:09:04 
jj1 = 74, max_th = -2.123733e-02, time=2025-04-15 21:09:15 
jj1 = 73, max_th = 3.477150e+00, time=2025-04-15 21:09:23 
jj1 = 383, max_th = 1.294866e+00, time=2025-04-15 21:10:07 
jj1 = 504, max_th = 2.396073e+00, time=2025-04-15 21:10:11 
jj1 = 231, max_th = 1.957860e+00, time=2025-04-15 21:11:51 
jj1 = 152, max_th = 1.285583e+00, time=2025-04-15 21:12:21 
jj1 = 115, max_th = 2.745243e+00, time=2025-04-15 21:12:48 
jj1 = 114, max_th = 3.003963e+00, time=2025-04-15 21:17:25 
jj1 = 268, max_th = 2.466922e+00, time=2025-04-15 21:20:46 
jj1 = 304, max_th = 2.019498e+00, time=2025-04-15 21:21:17 
jj1 = 347, max_th = 2.089513e+00, time=2025-04-15 21:22:15 
jj1 = 424, max_th = 2.319543e+00, time=2025-04-15 21:23:41 
jj1 = 191, max_th = 1.354918e+00, time=2025-04-15 21:25:08 
jj1 = 382, max_th = 1.757557e+00, time=2025-04-15 21:30:43 
jj1 = 72, max_th = 1.806113e+00, time=2025-04-15 21:31:31 
jj1 = 230, max_th = 2.388877e+00, time=2025-04-15 21:33:50 
jj1 = 464, max_th = 2.123041e+00, time=2025-04-15 21:36:51 
jj1 = 151, max_th = 1.825464e+00, time=2025-04-15 21:37:13 
jj1 = 113, max_th = 1.582395e+00, time=2025-04-15 21:38:07 
jj1 = 503, max_th = 2.116169e+00, time=2025-04-15 21:39:22 
jj1 = 423, max_th = 1.541856e+00, time=2025-04-15 21:40:01 
jj1 = 267, max_th = 1.557288e+00, time=2025-04-15 21:40:45 
jj1 = 346, max_th = 2.185406e+00, time=2025-04-15 21:46:43 
jj1 = 303, max_th = 1.973546e+00, time=2025-04-15 21:48:47 
jj1 = 190, max_th = 1.843903e+00, time=2025-04-15 21:49:29 
jj1 = 302, max_th = 3.266161e+00, time=2025-04-15 21:49:43 
jj1 = 112, max_th = 1.343976e+00, time=2025-04-15 21:52:12 
jj1 = 71, max_th = 2.198758e+00, time=2025-04-15 21:53:47 
jj1 = 381, max_th = 2.187781e+00, time=2025-04-15 21:54:19 
jj1 = 229, max_th = 1.687060e+00, time=2025-04-15 21:57:30 
jj1 = 502, max_th = 1.587637e+00, time=2025-04-15 21:59:25 
jj1 = 422, max_th = 1.929780e+00, time=2025-04-15 21:59:46 
jj1 = 150, max_th = 2.111193e+00, time=2025-04-15 22:03:05 
jj1 = 345, max_th = 2.227620e+00, time=2025-04-15 22:04:21 
jj1 = 380, max_th = 1.192157e+00, time=2025-04-15 22:04:38 
jj1 = 501, max_th = 1.149781e+00, time=2025-04-15 22:05:47 
jj1 = 266, max_th = 1.784610e+00, time=2025-04-15 22:06:36 
jj1 = 463, max_th = 2.082882e+00, time=2025-04-15 22:07:04 
jj1 = 189, max_th = 2.149321e+00, time=2025-04-15 22:09:02 
jj1 = 70, max_th = 1.489343e+00, time=2025-04-15 22:13:37 
jj1 = 301, max_th = 1.728553e+00, time=2025-04-15 22:15:39 
jj1 = 111, max_th = 1.756988e+00, time=2025-04-15 22:16:43 
jj1 = 462, max_th = 2.902867e+00, time=2025-04-15 22:21:28 
jj1 = 149, max_th = 1.819552e+00, time=2025-04-15 22:22:18 
jj1 = 421, max_th = 2.254667e+00, time=2025-04-15 22:23:19 
jj1 = 379, max_th = 1.609057e+00, time=2025-04-15 22:23:25 
jj1 = 300, max_th = 1.210275e+00, time=2025-04-15 22:25:53 
jj1 = 188, max_th = 1.650975e+00, time=2025-04-15 22:26:14 
jj1 = 228, max_th = 2.078758e+00, time=2025-04-15 22:26:22 
jj1 = 344, max_th = 2.102601e+00, time=2025-04-15 22:26:36 
jj1 = 265, max_th = 1.164193e+00, time=2025-04-15 22:26:52 
jj1 = 500, max_th = 1.713434e+00, time=2025-04-15 22:29:08 
jj1 = 110, max_th = 2.507306e+00, time=2025-04-15 22:29:22 
jj1 = 69, max_th = 2.347613e+00, time=2025-04-15 22:33:29 
jj1 = 461, max_th = 2.436023e+00, time=2025-04-15 22:38:30 
jj1 = 299, max_th = 2.582541e+00, time=2025-04-15 22:41:29 
jj1 = 343, max_th = 2.349468e+00, time=2025-04-15 22:41:38 
jj1 = 378, max_th = 2.405170e+00, time=2025-04-15 22:42:29 
jj1 = 420, max_th = 2.368286e+00, time=2025-04-15 22:43:24 
jj1 = 148, max_th = 2.394365e+00, time=2025-04-15 22:44:23 
jj1 = 499, max_th = 2.305383e+00, time=2025-04-15 22:49:16 
jj1 = 227, max_th = 1.673400e+00, time=2025-04-15 22:49:28 
jj1 = 109, max_th = 1.626685e+00, time=2025-04-15 22:50:43 
jj1 = 187, max_th = 1.836695e+00, time=2025-04-15 22:51:43 
jj1 = 264, max_th = 1.735820e+00, time=2025-04-15 22:54:38 
jj1 = 298, max_th = 2.589433e+00, time=2025-04-15 22:54:50 
jj1 = 68, max_th = 2.317031e+00, time=2025-04-15 22:55:36 
jj1 = 342, max_th = 1.468750e+00, time=2025-04-15 23:01:07 
jj1 = 498, max_th = 2.577416e+00, time=2025-04-15 23:03:37 
jj1 = 460, max_th = 2.152487e+00, time=2025-04-15 23:04:18 
jj1 = 377, max_th = 2.354829e+00, time=2025-04-15 23:05:35 
jj1 = 297, max_th = 2.555878e+00, time=2025-04-15 23:09:06 
jj1 = 147, max_th = 2.052307e+00, time=2025-04-15 23:09:24 
jj1 = 186, max_th = 1.331977e+00, time=2025-04-15 23:10:01 
jj1 = 419, max_th = 2.008905e+00, time=2025-04-15 23:11:03 
jj1 = 146, max_th = 3.858741e-01, time=2025-04-15 23:13:41 
jj1 = 108, max_th = 2.378161e+00, time=2025-04-15 23:14:15 
jj1 = 226, max_th = 1.695978e+00, time=2025-04-15 23:14:44 
jj1 = 67, max_th = 1.792825e+00, time=2025-04-15 23:20:40 
jj1 = 497, max_th = 2.462725e+00, time=2025-04-15 23:21:07 
jj1 = 418, max_th = 2.729218e+00, time=2025-04-15 23:21:32 
jj1 = 263, max_th = 2.181031e+00, time=2025-04-15 23:23:05 
jj1 = 459, max_th = 2.095513e+00, time=2025-04-15 23:27:39 
jj1 = 225, max_th = 2.544054e+00, time=2025-04-15 23:28:00 
jj1 = 341, max_th = 1.973028e+00, time=2025-04-15 23:28:41 
jj1 = 145, max_th = 1.318722e+00, time=2025-04-15 23:29:06 
jj1 = 376, max_th = 2.086691e+00, time=2025-04-15 23:30:18 
jj1 = 185, max_th = 1.595177e+00, time=2025-04-15 23:30:18 
jj1 = 296, max_th = 1.751941e+00, time=2025-04-15 23:30:44 
jj1 = 375, max_th = 3.000209e+00, time=2025-04-15 23:32:51 
jj1 = 340, max_th = 9.855658e-01, time=2025-04-15 23:33:17 
jj1 = 339, max_th = 3.058461e+00, time=2025-04-15 23:37:00 
jj1 = 295, max_th = 2.837855e+00, time=2025-04-15 23:37:41 
jj1 = 224, max_th = 1.214796e+00, time=2025-04-15 23:39:22 
jj1 = 223, max_th = -1.034807e-01, time=2025-04-15 23:40:33 
jj1 = 107, max_th = 2.220626e+00, time=2025-04-15 23:42:20 
jj1 = 496, max_th = 2.264449e+00, time=2025-04-15 23:44:34 
jj1 = 262, max_th = 1.592216e+00, time=2025-04-15 23:44:51 
jj1 = 417, max_th = 1.855747e+00, time=2025-04-15 23:45:20 
jj1 = 66, max_th = 1.471033e+00, time=2025-04-15 23:46:11 
jj1 = 144, max_th = 2.187316e+00, time=2025-04-15 23:49:24 
jj1 = 65, max_th = 9.119402e-01, time=2025-04-15 23:50:51 
jj1 = 458, max_th = 2.110249e+00, time=2025-04-15 23:52:42 
jj1 = 184, max_th = 2.229595e+00, time=2025-04-15 23:53:20 
jj1 = 106, max_th = 2.745821e+00, time=2025-04-15 23:53:30 
jj1 = 64, max_th = 2.967112e+00, time=2025-04-15 23:54:53 
jj1 = 338, max_th = 2.477191e+00, time=2025-04-15 23:55:55 
jj1 = 143, max_th = 2.877533e+00, time=2025-04-15 23:56:01 
jj1 = 374, max_th = 2.272485e+00, time=2025-04-15 23:57:39 
jj1 = 495, max_th = 1.444251e+00, time=2025-04-15 23:57:46 
jj1 = 183, max_th = 2.893865e+00, time=2025-04-15 23:58:14 
jj1 = 416, max_th = 1.513270e+00, time=2025-04-16 00:04:24 
jj1 = 222, max_th = 1.803460e+00, time=2025-04-16 00:04:37 
jj1 = 668, max_th = 1.870260e+00, time=2025-04-16 00:07:52 
jj1 = 63, max_th = 2.039246e+00, time=2025-04-16 00:09:27 
jj1 = 261, max_th = 1.988684e+00, time=2025-04-16 00:12:11 
jj1 = 337, max_th = 1.750173e+00, time=2025-04-16 00:12:22 
jj1 = 457, max_th = 2.491946e+00, time=2025-04-16 00:12:32 
jj1 = 494, max_th = 1.367620e+00, time=2025-04-16 00:12:35 
jj1 = 221, max_th = 1.295339e+00, time=2025-04-16 00:15:29 
jj1 = 493, max_th = -1.370459e+00, time=2025-04-16 00:17:22 
jj1 = 373, max_th = 2.519423e+00, time=2025-04-16 00:17:49 
jj1 = 182, max_th = 2.193159e+00, time=2025-04-16 00:23:32 
jj1 = 142, max_th = 2.032941e+00, time=2025-04-16 00:25:19 
jj1 = 667, max_th = 2.199805e+00, time=2025-04-16 00:25:43 
jj1 = 105, max_th = 1.925460e+00, time=2025-04-16 00:25:51 
jj1 = 415, max_th = 2.324924e+00, time=2025-04-16 00:28:14 
jj1 = 62, max_th = 2.381093e+00, time=2025-04-16 00:31:45 
jj1 = 588, max_th = 1.602650e+00, time=2025-04-16 00:35:22 
jj1 = 181, max_th = 1.949990e+00, time=2025-04-16 00:36:19 
jj1 = 456, max_th = 2.218367e+00, time=2025-04-16 00:36:28 
jj1 = 220, max_th = 1.642766e+00, time=2025-04-16 00:37:08 
jj1 = 336, max_th = 1.987513e+00, time=2025-04-16 00:37:50 
jj1 = 104, max_th = 1.393792e+00, time=2025-04-16 00:39:55 
jj1 = 260, max_th = 2.125975e+00, time=2025-04-16 00:40:49 
jj1 = 180, max_th = 2.920017e+00, time=2025-04-16 00:41:51 
jj1 = 455, max_th = 2.763649e+00, time=2025-04-16 00:45:21 
jj1 = 103, max_th = 2.894678e+00, time=2025-04-16 00:45:41 
jj1 = 492, max_th = 2.039200e+00, time=2025-04-16 00:46:14 
jj1 = 414, max_th = 1.694412e+00, time=2025-04-16 00:48:38 
jj1 = 61, max_th = 2.301852e+00, time=2025-04-16 00:49:34 
jj1 = 141, max_th = 2.226848e+00, time=2025-04-16 00:49:39 
jj1 = 666, max_th = 1.845589e+00, time=2025-04-16 00:50:50 
jj1 = 335, max_th = 1.311560e+00, time=2025-04-16 00:52:47 
jj1 = 259, max_th = 1.295008e+00, time=2025-04-16 00:53:31 
jj1 = 219, max_th = 1.486009e+00, time=2025-04-16 00:57:15 
jj1 = 568, max_th = 1.008053e+00, time=2025-04-16 00:58:41 
jj1 = 102, max_th = 2.521135e+00, time=2025-04-16 01:02:35 
jj1 = 587, max_th = 2.119778e+00, time=2025-04-16 01:03:01 
jj1 = 665, max_th = 2.627311e+00, time=2025-04-16 01:03:34 
jj1 = 567, max_th = 8.124018e-01, time=2025-04-16 01:03:35 
jj1 = 179, max_th = 2.326362e+00, time=2025-04-16 01:05:56 
jj1 = 140, max_th = 2.444614e+00, time=2025-04-16 01:06:55 
jj1 = 454, max_th = 2.115851e+00, time=2025-04-16 01:09:48 
jj1 = 491, max_th = 2.270898e+00, time=2025-04-16 01:10:14 
jj1 = 218, max_th = 1.328036e+00, time=2025-04-16 01:11:02 
jj1 = 566, max_th = 2.721459e+00, time=2025-04-16 01:13:32 
jj1 = 413, max_th = 2.039246e+00, time=2025-04-16 01:15:24 
jj1 = 412, max_th = 2.863183e+00, time=2025-04-16 01:20:40 
jj1 = 586, max_th = 2.304360e+00, time=2025-04-16 01:21:20 
jj1 = 334, max_th = 1.826656e+00, time=2025-04-16 01:22:18 
jj1 = 258, max_th = 1.857512e+00, time=2025-04-16 01:24:01 
jj1 = 178, max_th = 1.530518e+00, time=2025-04-16 01:24:53 
jj1 = 565, max_th = 2.567511e+00, time=2025-04-16 01:29:24 
jj1 = 101, max_th = 1.782363e+00, time=2025-04-16 01:30:34 
jj1 = 453, max_th = 1.664469e+00, time=2025-04-16 01:32:18 
jj1 = 139, max_th = 1.731554e+00, time=2025-04-16 01:34:15 
jj1 = 490, max_th = 2.273365e+00, time=2025-04-16 01:36:00 
jj1 = 257, max_th = 1.407802e+00, time=2025-04-16 01:39:02 
jj1 = 217, max_th = 1.889966e+00, time=2025-04-16 01:41:12 
jj1 = 768, max_th = 9.055164e-01, time=2025-04-16 01:43:08 
jj1 = 708, max_th = 1.902419e+00, time=2025-04-16 01:44:40 
jj1 = 256, max_th = 2.903888e+00, time=2025-04-16 01:45:07 
jj1 = 664, max_th = 2.252589e+00, time=2025-04-16 01:45:12 
jj1 = 585, max_th = 1.934512e+00, time=2025-04-16 01:45:31 
jj1 = 548, max_th = 2.139278e+00, time=2025-04-16 01:46:06 
jj1 = 688, max_th = 2.434575e+00, time=2025-04-16 01:46:20 
jj1 = 547, max_th = 7.758607e-01, time=2025-04-16 01:49:40 
jj1 = 564, max_th = 2.023372e+00, time=2025-04-16 01:53:37 
jj1 = 563, max_th = 3.296715e+00, time=2025-04-16 01:54:09 
jj1 = 648, max_th = 2.461295e+00, time=2025-04-16 01:55:38 
jj1 = 707, max_th = 2.598886e+00, time=2025-04-16 01:56:12 
jj1 = 584, max_th = 1.390531e+00, time=2025-04-16 01:56:15 
jj1 = 546, max_th = 1.173305e+00, time=2025-04-16 01:57:39 
jj1 = 452, max_th = 2.143367e+00, time=2025-04-16 01:58:15 
jj1 = 100, max_th = 2.029147e+00, time=2025-04-16 02:03:07 
jj1 = 451, max_th = 1.007993e+00, time=2025-04-16 02:03:36 
jj1 = 583, max_th = 2.769721e+00, time=2025-04-16 02:05:11 
jj1 = 562, max_th = 1.189318e+00, time=2025-04-16 02:05:44 
jj1 = 767, max_th = 2.231474e+00, time=2025-04-16 02:09:03 
jj1 = 628, max_th = 2.143294e+00, time=2025-04-16 02:09:39 
jj1 = 663, max_th = 2.222373e+00, time=2025-04-16 02:10:26 
jj1 = 748, max_th = 2.167120e+00, time=2025-04-16 02:12:18 
jj1 = 687, max_th = 2.123250e+00, time=2025-04-16 02:14:02 
jj1 = 706, max_th = 1.513807e+00, time=2025-04-16 02:15:39 
jj1 = 766, max_th = 1.172375e+00, time=2025-04-16 02:20:09 
jj1 = 545, max_th = 1.714758e+00, time=2025-04-16 02:21:32 
jj1 = 647, max_th = 2.219967e+00, time=2025-04-16 02:26:57 
jj1 = 728, max_th = 1.952580e+00, time=2025-04-16 02:28:47 
jj1 = 627, max_th = 1.999648e+00, time=2025-04-16 02:31:24 
jj1 = 608, max_th = 1.814494e+00, time=2025-04-16 02:32:19 
jj1 = 561, max_th = 1.983982e+00, time=2025-04-16 02:33:42 
jj1 = 626, max_th = 2.937372e+00, time=2025-04-16 02:36:12 
jj1 = 747, max_th = 1.867626e+00, time=2025-04-16 02:36:53 
jj1 = 646, max_th = 2.558803e+00, time=2025-04-16 02:39:20 
jj1 = 727, max_th = 2.598394e+00, time=2025-04-16 02:40:47 
jj1 = 686, max_th = 1.910957e+00, time=2025-04-16 02:41:13 
jj1 = 662, max_th = 1.919244e+00, time=2025-04-16 02:41:14 
jj1 = 544, max_th = 2.097134e+00, time=2025-04-16 02:44:31 
jj1 = 726, max_th = 9.377100e-01, time=2025-04-16 02:45:45 
jj1 = 705, max_th = 2.168732e+00, time=2025-04-16 02:46:47 
jj1 = 765, max_th = 1.846154e+00, time=2025-04-16 02:47:02 
jj1 = 645, max_th = 1.344951e+00, time=2025-04-16 02:50:54 
jj1 = 582, max_th = 1.233086e+00, time=2025-04-16 02:51:33 
jj1 = 560, max_th = 2.295145e+00, time=2025-04-16 02:54:25 
jj1 = 607, max_th = 1.564159e+00, time=2025-04-16 02:55:13 
jj1 = 746, max_th = 1.467064e+00, time=2025-04-16 02:58:52 
jj1 = 625, max_th = 1.845022e+00, time=2025-04-16 03:00:00 
jj1 = 685, max_th = 2.100849e+00, time=2025-04-16 03:00:57 
jj1 = 581, max_th = 2.597663e+00, time=2025-04-16 03:05:04 
jj1 = 580, max_th = 3.210446e+00, time=2025-04-16 03:06:32 
jj1 = 661, max_th = 2.159844e+00, time=2025-04-16 03:07:09 
jj1 = 543, max_th = 2.306735e+00, time=2025-04-16 03:09:29 
jj1 = 606, max_th = 1.356006e+00, time=2025-04-16 03:09:56 
jj1 = 725, max_th = 1.984229e+00, time=2025-04-16 03:10:25 
jj1 = 724, max_th = 2.997886e-01, time=2025-04-16 03:10:52 
jj1 = 660, max_th = 2.936203e+00, time=2025-04-16 03:11:45 
jj1 = 684, max_th = 2.661894e+00, time=2025-04-16 03:12:57 
jj1 = 559, max_th = 2.306215e+00, time=2025-04-16 03:13:38 
jj1 = 704, max_th = 1.873209e+00, time=2025-04-16 03:14:10 
jj1 = 764, max_th = 1.766350e+00, time=2025-04-16 03:15:36 
jj1 = 644, max_th = 1.787389e+00, time=2025-04-16 03:18:41 
jj1 = 745, max_th = 1.547525e+00, time=2025-04-16 03:19:05 
jj1 = 579, max_th = 1.507901e+00, time=2025-04-16 03:19:48 
jj1 = 643, max_th = 2.901858e+00, time=2025-04-16 03:23:01 
jj1 = 624, max_th = 1.667711e+00, time=2025-04-16 03:23:15 
jj1 = 659, max_th = 1.307823e+00, time=2025-04-16 03:24:27 
jj1 = 744, max_th = 2.709269e+00, time=2025-04-16 03:29:55 
jj1 = 542, max_th = 2.253178e+00, time=2025-04-16 03:31:10 
jj1 = 605, max_th = 2.103466e+00, time=2025-04-16 03:34:19 
jj1 = 723, max_th = 2.134674e+00, time=2025-04-16 03:36:41 
jj1 = 703, max_th = 1.570899e+00, time=2025-04-16 03:38:55 
jj1 = 558, max_th = 1.763916e+00, time=2025-04-16 03:39:10 
jj1 = 683, max_th = 2.223209e+00, time=2025-04-16 03:40:26 
jj1 = 763, max_th = 1.769509e+00, time=2025-04-16 03:40:40 
jj1 = 658, max_th = 1.455394e+00, time=2025-04-16 03:41:08 
jj1 = 578, max_th = 1.967391e+00, time=2025-04-16 03:46:35 
jj1 = 743, max_th = 2.715352e+00, time=2025-04-16 03:47:33 
jj1 = 642, max_th = 2.006785e+00, time=2025-04-16 03:49:57 
jj1 = 623, max_th = 1.866310e+00, time=2025-04-16 03:51:09 
jj1 = 604, max_th = 1.650859e+00, time=2025-04-16 03:52:12 
jj1 = 541, max_th = 1.754056e+00, time=2025-04-16 03:55:06 
jj1 = 577, max_th = 1.220141e+00, time=2025-04-16 03:55:59 
jj1 = 682, max_th = 2.424737e+00, time=2025-04-16 03:58:32 
jj1 = 762, max_th = 1.603388e+00, time=2025-04-16 03:59:27 
jj1 = 722, max_th = 2.245066e+00, time=2025-04-16 04:03:02 
jj1 = 557, max_th = 1.586793e+00, time=2025-04-16 04:03:43 
jj1 = 742, max_th = 1.579633e+00, time=2025-04-16 04:06:24 
jj1 = 702, max_th = 2.111680e+00, time=2025-04-16 04:06:55 
jj1 = 657, max_th = 2.035930e+00, time=2025-04-16 04:06:59 
jj1 = 540, max_th = 2.499748e+00, time=2025-04-16 04:08:15 
jj1 = 641, max_th = 2.431124e+00, time=2025-04-16 04:10:37 
jj1 = 681, max_th = 2.608731e+00, time=2025-04-16 04:11:46 
jj1 = 701, max_th = 2.809248e+00, time=2025-04-16 04:13:10 
jj1 = 603, max_th = 2.253542e+00, time=2025-04-16 04:14:02 
jj1 = 700, max_th = 2.865601e+00, time=2025-04-16 04:19:05 
jj1 = 622, max_th = 2.167250e+00, time=2025-04-16 04:19:44 
jj1 = 576, max_th = 2.242852e+00, time=2025-04-16 04:20:54 
jj1 = 761, max_th = 2.334769e+00, time=2025-04-16 04:24:11 
jj1 = 556, max_th = 1.754708e+00, time=2025-04-16 04:28:00 
jj1 = 721, max_th = 1.876846e+00, time=2025-04-16 04:30:18 
jj1 = 602, max_th = 1.493632e+00, time=2025-04-16 04:30:54 
jj1 = 656, max_th = 2.222617e+00, time=2025-04-16 04:32:48 
jj1 = 741, max_th = 2.224055e+00, time=2025-04-16 04:33:23 
jj1 = 539, max_th = 1.677171e+00, time=2025-04-16 04:34:29 
jj1 = 640, max_th = 1.674181e+00, time=2025-04-16 04:36:41 
jj1 = 680, max_th = 1.737719e+00, time=2025-04-16 04:36:48 
jj1 = 720, max_th = 1.180160e+00, time=2025-04-16 04:38:48 
jj1 = 621, max_th = 1.602552e+00, time=2025-04-16 04:39:09 
jj1 = 760, max_th = 1.546648e+00, time=2025-04-16 04:43:01 
jj1 = 555, max_th = 1.650328e+00, time=2025-04-16 04:43:23 
jj1 = 699, max_th = 1.961970e+00, time=2025-04-16 04:46:18 
jj1 = 679, max_th = 2.692280e+00, time=2025-04-16 04:48:20 
jj1 = 575, max_th = 1.862333e+00, time=2025-04-16 04:49:18 
jj1 = 601, max_th = 1.599150e+00, time=2025-04-16 04:50:41 
jj1 = 740, max_th = 1.594705e+00, time=2025-04-16 04:51:40 
jj1 = 759, max_th = 1.181024e+00, time=2025-04-16 04:53:53 
jj1 = 719, max_th = 2.625241e+00, time=2025-04-16 04:55:38 
jj1 = 639, max_th = 2.362786e+00, time=2025-04-16 04:58:04 
jj1 = 538, max_th = 1.944517e+00, time=2025-04-16 05:00:47 
jj1 = 655, max_th = 1.592926e+00, time=2025-04-16 05:03:29 
jj1 = 718, max_th = 1.186060e+00, time=2025-04-16 05:06:09 
jj1 = 698, max_th = 1.672347e+00, time=2025-04-16 05:06:24 
jj1 = 620, max_th = 1.780139e+00, time=2025-04-16 05:07:53 
jj1 = 574, max_th = 1.663660e+00, time=2025-04-16 05:12:14 
jj1 = 654, max_th = 1.026276e+00, time=2025-04-16 05:12:40 
jj1 = 554, max_th = 2.024602e+00, time=2025-04-16 05:15:11 
jj1 = 600, max_th = 1.839885e+00, time=2025-04-16 05:17:19 
jj1 = 758, max_th = 1.565974e+00, time=2025-04-16 05:17:23 
jj1 = 697, max_th = 1.277529e+00, time=2025-04-16 05:17:33 
jj1 = 678, max_th = 2.137058e+00, time=2025-04-16 05:18:07 
jj1 = 739, max_th = 1.882699e+00, time=2025-04-16 05:18:16 
jj1 = 638, max_th = 2.364197e+00, time=2025-04-16 05:20:48 
jj1 = 757, max_th = 1.102148e+00, time=2025-04-16 05:26:20 
jj1 = 537, max_th = 2.236637e+00, time=2025-04-16 05:26:46 
jj1 = 738, max_th = 1.141135e+00, time=2025-04-16 05:27:13 
jj1 = 653, max_th = 1.800713e+00, time=2025-04-16 05:30:29 
jj1 = 717, max_th = 1.944407e+00, time=2025-04-16 05:30:52 
jj1 = 573, max_th = 1.589315e+00, time=2025-04-16 05:31:07 
jj1 = 572, max_th = 9.134349e-01, time=2025-04-16 05:34:45 
jj1 = 536, max_th = 1.260833e+00, time=2025-04-16 05:35:31 
jj1 = 619, max_th = 1.734388e+00, time=2025-04-16 05:36:41 
jj1 = 716, max_th = 2.948336e+00, time=2025-04-16 05:37:26 
jj1 = 637, max_th = 1.704795e+00, time=2025-04-16 05:37:49 
jj1 = 677, max_th = 1.752193e+00, time=2025-04-16 05:38:19 
jj1 = 553, max_th = 2.161261e+00, time=2025-04-16 05:38:55 
jj1 = 618, max_th = 3.491213e+00, time=2025-04-16 05:40:47 
jj1 = 552, max_th = 3.103256e+00, time=2025-04-16 05:41:06 
jj1 = 696, max_th = 1.891210e+00, time=2025-04-16 05:41:46 
jj1 = 715, max_th = 2.866343e+00, time=2025-04-16 05:44:08 
jj1 = 737, max_th = 1.638321e+00, time=2025-04-16 05:45:35 
jj1 = 599, max_th = 2.074090e+00, time=2025-04-16 05:47:51 
jj1 = 756, max_th = 1.578988e+00, time=2025-04-16 05:53:51 
jj1 = 652, max_th = 1.823705e+00, time=2025-04-16 05:53:53 
jj1 = 636, max_th = 1.649478e+00, time=2025-04-16 05:56:28 
jj1 = 571, max_th = 1.940043e+00, time=2025-04-16 05:59:11 
jj1 = 551, max_th = 2.361221e+00, time=2025-04-16 05:59:14 
jj1 = 695, max_th = 1.878374e+00, time=2025-04-16 06:02:11 
jj1 = 676, max_th = 1.880935e+00, time=2025-04-16 06:03:56 
jj1 = 535, max_th = 2.128527e+00, time=2025-04-16 06:04:43 
jj1 = 617, max_th = 1.881968e+00, time=2025-04-16 06:09:21 
jj1 = 651, max_th = 2.455931e+00, time=2025-04-16 06:10:04 
jj1 = 694, max_th = 1.215636e+00, time=2025-04-16 06:10:45 
jj1 = 736, max_th = 2.116713e+00, time=2025-04-16 06:12:41 
jj1 = 714, max_th = 2.175016e+00, time=2025-04-16 06:13:13 
jj1 = 534, max_th = 1.347416e+00, time=2025-04-16 06:16:28 
jj1 = 598, max_th = 1.720515e+00, time=2025-04-16 06:17:34 
jj1 = 735, max_th = 3.562398e+00, time=2025-04-16 06:18:43 
jj1 = 616, max_th = 1.156026e+00, time=2025-04-16 06:18:54 
jj1 = 755, max_th = 2.309082e+00, time=2025-04-16 06:20:00 
jj1 = 635, max_th = 2.066174e+00, time=2025-04-16 06:20:39 
jj1 = 570, max_th = 2.044710e+00, time=2025-04-16 06:22:20 
jj1 = 675, max_th = 2.276581e+00, time=2025-04-16 06:24:07 
jj1 = 550, max_th = 1.872167e+00, time=2025-04-16 06:27:12 
jj1 = 693, max_th = 2.417167e+00, time=2025-04-16 06:28:40 
jj1 = 754, max_th = 1.095583e+00, time=2025-04-16 06:28:56 
jj1 = 650, max_th = 1.999415e+00, time=2025-04-16 06:29:12 
jj1 = 634, max_th = 2.543189e+00, time=2025-04-16 06:34:53 
jj1 = 533, max_th = 2.300595e+00, time=2025-04-16 06:34:54 
jj1 = 753, max_th = 2.723626e+00, time=2025-04-16 06:35:06 
jj1 = 615, max_th = 2.513147e+00, time=2025-04-16 06:36:20 
jj1 = 734, max_th = 2.370917e+00, time=2025-04-16 06:38:20 
jj1 = 692, max_th = 1.125390e+00, time=2025-04-16 06:39:07 
jj1 = 569, max_th = 1.443276e+00, time=2025-04-16 06:39:11 
jj1 = 752, max_th = 2.926434e+00, time=2025-04-16 06:40:36 
jj1 = 713, max_th = 1.988478e+00, time=2025-04-16 06:43:04 
jj1 = 788, max_th = 3.587331e-01, time=2025-04-16 06:44:45 
jj1 = 649, max_th = 1.535089e+00, time=2025-04-16 06:44:55 
jj1 = 597, max_th = 1.713461e+00, time=2025-04-16 06:46:20 
jj1 = 614, max_th = 1.297441e+00, time=2025-04-16 06:47:26 
jj1 = 787, max_th = 7.881645e-01, time=2025-04-16 06:47:36 
jj1 = 674, max_th = 2.197569e+00, time=2025-04-16 06:47:40 
jj1 = 673, max_th = -1.357693e-04, time=2025-04-16 06:48:46 
jj1 = 549, max_th = 2.389909e+00, time=2025-04-16 06:51:05 
jj1 = 733, max_th = 1.359577e+00, time=2025-04-16 06:51:18 
jj1 = 532, max_th = 2.569971e+00, time=2025-04-16 06:53:38 
jj1 = 691, max_th = 1.474223e+00, time=2025-04-16 06:54:19 
jj1 = 672, max_th = 2.744724e+00, time=2025-04-16 06:55:51 
jj1 = 633, max_th = 1.783110e+00, time=2025-04-16 07:00:03 
jj1 = 531, max_th = 2.825086e+00, time=2025-04-16 07:00:59 
jj1 = 751, max_th = 1.596537e+00, time=2025-04-16 07:01:00 
jj1 = 732, max_th = 1.347881e+00, time=2025-04-16 07:04:47 
jj1 = 712, max_th = 1.662099e+00, time=2025-04-16 07:04:51 
jj1 = 613, max_th = 2.301134e+00, time=2025-04-16 07:07:47 
jj1 = 778, max_th = 1.611293e+00, time=2025-04-16 07:07:57 
jj1 = 786, max_th = 1.704373e+00, time=2025-04-16 07:09:01 
jj1 = 596, max_th = 2.365509e+00, time=2025-04-16 07:09:09 
jj1 = 798, max_th = 2.001330e+00, time=2025-04-16 07:13:33 
jj1 = 671, max_th = 1.566715e+00, time=2025-04-16 07:18:58 
jj1 = 632, max_th = 1.639093e+00, time=2025-04-16 07:20:35 
jj1 = 690, max_th = 1.919146e+00, time=2025-04-16 07:21:29 
jj1 = 530, max_th = 2.357306e+00, time=2025-04-16 07:22:21 
jj1 = 777, max_th = 1.474067e+00, time=2025-04-16 07:25:18 
jj1 = 711, max_th = 2.000687e+00, time=2025-04-16 07:26:10 
jj1 = 731, max_th = 1.535721e+00, time=2025-04-16 07:26:39 
jj1 = 750, max_th = 2.055115e+00, time=2025-04-16 07:28:47 
jj1 = 529, max_th = 1.398797e+00, time=2025-04-16 07:33:47 
jj1 = 612, max_th = 1.992025e+00, time=2025-04-16 07:33:56 
jj1 = 710, max_th = 1.209186e+00, time=2025-04-16 07:36:18 
jj1 = 785, max_th = 2.028220e+00, time=2025-04-16 07:36:39 
jj1 = 611, max_th = 9.031561e-01, time=2025-04-16 07:37:58 
jj1 = 797, max_th = 2.216289e+00, time=2025-04-16 07:38:58 
jj1 = 595, max_th = 2.122035e+00, time=2025-04-16 07:38:59 
jj1 = 749, max_th = 2.736838e+00, time=2025-04-16 07:39:00 
jj1 = 670, max_th = 2.332935e+00, time=2025-04-16 07:42:21 
jj1 = 776, max_th = 1.514123e+00, time=2025-04-16 07:43:55 
jj1 = 631, max_th = 1.917104e+00, time=2025-04-16 07:44:13 
jj1 = 848, max_th = 2.846887e+00, time=2025-04-16 07:44:24 
jj1 = 689, max_th = 1.662829e+00, time=2025-04-16 07:45:12 
jj1 = 594, max_th = 2.778754e+00, time=2025-04-16 07:47:25 
jj1 = 709, max_th = 1.344602e+00, time=2025-04-16 07:47:47 
jj1 = 730, max_th = 2.180623e+00, time=2025-04-16 07:49:33 
jj1 = 593, max_th = 2.874326e+00, time=2025-04-16 07:53:42 
jj1 = 796, max_th = 2.520910e+00, time=2025-04-16 07:56:14 
jj1 = 610, max_th = 1.526868e+00, time=2025-04-16 07:57:57 
jj1 = 818, max_th = 1.826711e+00, time=2025-04-16 08:00:23 
jj1 = 669, max_th = 2.435521e+00, time=2025-04-16 08:01:58 
jj1 = 784, max_th = 2.233181e+00, time=2025-04-16 08:03:03 
jj1 = 808, max_th = 2.305048e+00, time=2025-04-16 08:05:48 
jj1 = 878, max_th = 2.378114e+00, time=2025-04-16 08:10:19 
jj1 = 877, max_th = 5.716839e-01, time=2025-04-16 08:12:09 
jj1 = 828, max_th = 2.638097e+00, time=2025-04-16 08:12:25 
jj1 = 847, max_th = 2.137362e+00, time=2025-04-16 08:12:54 
jj1 = 729, max_th = 1.745590e+00, time=2025-04-16 08:12:58 
jj1 = 630, max_th = 1.592269e+00, time=2025-04-16 08:14:41 
jj1 = 592, max_th = 2.374536e+00, time=2025-04-16 08:16:50 
jj1 = 817, max_th = 2.478149e+00, time=2025-04-16 08:17:06 
jj1 = 795, max_th = 1.631336e+00, time=2025-04-16 08:19:37 
jj1 = 783, max_th = 2.452959e+00, time=2025-04-16 08:20:00 
jj1 = 609, max_th = 2.379113e+00, time=2025-04-16 08:20:59 
jj1 = 876, max_th = 2.598208e+00, time=2025-04-16 08:22:44 
jj1 = 775, max_th = 1.721614e+00, time=2025-04-16 08:24:19 
jj1 = 629, max_th = 2.593126e+00, time=2025-04-16 08:27:54 
jj1 = 827, max_th = 1.387385e+00, time=2025-04-16 08:28:39 
jj1 = 807, max_th = 1.817716e+00, time=2025-04-16 08:31:31 
jj1 = 858, max_th = 2.247279e+00, time=2025-04-16 08:34:13 
jj1 = 591, max_th = 1.622138e+00, time=2025-04-16 08:34:31 
jj1 = 875, max_th = 1.384412e+00, time=2025-04-16 08:36:04 
jj1 = 816, max_th = 2.389878e+00, time=2025-04-16 08:36:25 
jj1 = 868, max_th = 1.455925e+00, time=2025-04-16 08:37:23 
jj1 = 846, max_th = 2.018569e+00, time=2025-04-16 08:41:32 
jj1 = 782, max_th = 1.588275e+00, time=2025-04-16 08:43:15 
jj1 = 867, max_th = 1.115346e+00, time=2025-04-16 08:44:26 
jj1 = 794, max_th = 1.847156e+00, time=2025-04-16 08:45:44 
jj1 = 590, max_th = 1.379296e+00, time=2025-04-16 08:48:54 
jj1 = 806, max_th = 2.360507e+00, time=2025-04-16 08:50:58 
jj1 = 838, max_th = 1.912082e+00, time=2025-04-16 08:53:20 
jj1 = 774, max_th = 2.032662e+00, time=2025-04-16 08:53:42 
jj1 = 866, max_th = 2.545887e+00, time=2025-04-16 08:54:07 
jj1 = 589, max_th = 3.035017e+00, time=2025-04-16 08:54:19 
jj1 = 826, max_th = 2.110120e+00, time=2025-04-16 08:56:32 
jj1 = 773, max_th = 1.005775e+00, time=2025-04-16 08:59:15 
jj1 = 815, max_th = 1.736949e+00, time=2025-04-16 09:00:05 
jj1 = 857, max_th = 1.874822e+00, time=2025-04-16 09:00:56 
jj1 = 874, max_th = 2.022434e+00, time=2025-04-16 09:05:01 
jj1 = 781, max_th = 1.995379e+00, time=2025-04-16 09:07:03 
jj1 = 772, max_th = 2.648596e+00, time=2025-04-16 09:08:39 
jj1 = 845, max_th = 2.071980e+00, time=2025-04-16 09:10:07 
jj1 = 793, max_th = 1.855300e+00, time=2025-04-16 09:11:20 
jj1 = 888, max_th = 2.340091e+00, time=2025-04-16 09:11:41 
jj1 = 825, max_th = 2.471865e+00, time=2025-04-16 09:13:04 
jj1 = 805, max_th = 2.030316e+00, time=2025-04-16 09:17:52 
jj1 = 865, max_th = 2.002119e+00, time=2025-04-16 09:18:28 
jj1 = 856, max_th = 1.480093e+00, time=2025-04-16 09:18:39 
jj1 = 873, max_th = 2.527838e+00, time=2025-04-16 09:18:53 
jj1 = 837, max_th = 2.176282e+00, time=2025-04-16 09:20:32 
jj1 = 824, max_th = 1.205724e+00, time=2025-04-16 09:24:29 
jj1 = 814, max_th = 1.776539e+00, time=2025-04-16 09:27:47 
jj1 = 844, max_th = 2.199257e+00, time=2025-04-16 09:29:56 
jj1 = 855, max_th = 2.724587e+00, time=2025-04-16 09:30:28 
jj1 = 792, max_th = 1.422911e+00, time=2025-04-16 09:31:03 
jj1 = 771, max_th = 2.197179e+00, time=2025-04-16 09:32:17 
jj1 = 780, max_th = 1.779891e+00, time=2025-04-16 09:32:19 
jj1 = 823, max_th = 9.274048e-01, time=2025-04-16 09:32:30 
jj1 = 887, max_th = 2.385882e+00, time=2025-04-16 09:32:45 
jj1 = 836, max_th = 1.450682e+00, time=2025-04-16 09:34:34 
jj1 = 835, max_th = 2.867082e+00, time=2025-04-16 09:39:48 
jj1 = 864, max_th = 3.139889e+00, time=2025-04-16 09:40:06 
jj1 = 804, max_th = 2.092124e+00, time=2025-04-16 09:40:22 
jj1 = 791, max_th = 1.275248e+00, time=2025-04-16 09:41:56 
jj1 = 803, max_th = -3.350565e-01, time=2025-04-16 09:45:28 
jj1 = 813, max_th = 1.538719e+00, time=2025-04-16 09:45:49 
jj1 = 770, max_th = 2.150026e+00, time=2025-04-16 09:46:00 
jj1 = 863, max_th = 1.057101e+00, time=2025-04-16 09:47:36 
jj1 = 802, max_th = 3.054128e+00, time=2025-04-16 09:47:52 
jj1 = 872, max_th = 1.942915e+00, time=2025-04-16 09:51:18 
jj1 = 822, max_th = 1.590292e+00, time=2025-04-16 09:51:50 
jj1 = 790, max_th = 2.669482e+00, time=2025-04-16 09:55:08 
jj1 = 779, max_th = 2.208359e+00, time=2025-04-16 09:55:18 
jj1 = 886, max_th = 2.406869e+00, time=2025-04-16 09:56:33 
jj1 = 854, max_th = 2.011708e+00, time=2025-04-16 09:58:52 
jj1 = 862, max_th = 1.320748e+00, time=2025-04-16 10:02:07 
jj1 = 893, max_th = 2.692814e+00, time=2025-04-16 10:04:48 
jj1 = 769, max_th = 2.047616e+00, time=2025-04-16 10:08:13 
jj1 = 789, max_th = 2.578345e+00, time=2025-04-16 10:08:18 
jj1 = 834, max_th = 1.977051e+00, time=2025-04-16 10:08:48 
jj1 = 801, max_th = 2.236528e+00, time=2025-04-16 10:11:12 
jj1 = 812, max_th = 1.677570e+00, time=2025-04-16 10:12:01 
jj1 = 821, max_th = 1.620480e+00, time=2025-04-16 10:13:32 
jj1 = 843, max_th = 2.196112e+00, time=2025-04-16 10:14:36 
jj1 = 800, max_th = 9.255447e-01, time=2025-04-16 10:15:49 
jj1 = 871, max_th = 1.716677e+00, time=2025-04-16 10:16:31 
jj1 = 861, max_th = 1.453650e+00, time=2025-04-16 10:16:47 
jj1 = 853, max_th = 1.653895e+00, time=2025-04-16 10:18:00 
jj1 = 903, max_th = 1.437573e+00, time=2025-04-16 10:19:04 
jj1 = 852, max_th = 2.970796e+00, time=2025-04-16 10:21:44 
jj1 = 885, max_th = 1.908975e+00, time=2025-04-16 10:25:37 
jj1 = 833, max_th = 2.242137e+00, time=2025-04-16 10:28:51 
jj1 = 898, max_th = 1.626411e+00, time=2025-04-16 10:29:44 
jj1 = 892, max_th = 2.006727e+00, time=2025-04-16 10:33:01 
jj1 = 820, max_th = 1.653392e+00, time=2025-04-16 10:33:45 
jj1 = 811, max_th = 1.659585e+00, time=2025-04-16 10:34:42 
jj1 = 860, max_th = 1.421119e+00, time=2025-04-16 10:36:01 
jj1 = 842, max_th = 2.489610e+00, time=2025-04-16 10:37:26 
jj1 = 799, max_th = 2.232293e+00, time=2025-04-16 10:41:08 
jj1 = 851, max_th = 1.516930e+00, time=2025-04-16 10:42:06 
jj1 = 884, max_th = 1.523797e+00, time=2025-04-16 10:42:07 
jj1 = 870, max_th = 1.723188e+00, time=2025-04-16 10:42:26 
jj1 = 897, max_th = 1.452159e+00, time=2025-04-16 10:42:51 
jj1 = 841, max_th = 9.897922e-01, time=2025-04-16 10:46:35 
jj1 = 869, max_th = 9.299141e-01, time=2025-04-16 10:47:12 
jj1 = 902, max_th = 2.120412e+00, time=2025-04-16 10:47:54 
jj1 = 832, max_th = 1.675712e+00, time=2025-04-16 10:52:22 
jj1 = 819, max_th = 1.887972e+00, time=2025-04-16 10:53:49 
jj1 = 891, max_th = 1.478738e+00, time=2025-04-16 10:53:51 
jj1 = 896, max_th = 1.359919e+00, time=2025-04-16 10:55:45 
jj1 = 840, max_th = 1.239311e+00, time=2025-04-16 10:56:57 
jj1 = 810, max_th = 1.934528e+00, time=2025-04-16 11:03:57 
jj1 = 850, max_th = 2.147852e+00, time=2025-04-16 11:03:57 
jj1 = 859, max_th = 2.118896e+00, time=2025-04-16 11:04:23 
jj1 = 923, max_th = 2.460531e+00, time=2025-04-16 11:05:30 
jj1 = 895, max_th = 1.291149e+00, time=2025-04-16 11:09:35 
jj1 = 883, max_th = 1.875667e+00, time=2025-04-16 11:09:51 
jj1 = 901, max_th = 2.289904e+00, time=2025-04-16 11:11:08 
jj1 = 831, max_th = 1.834705e+00, time=2025-04-16 11:13:00 
jj1 = 830, max_th = 2.331355e-01, time=2025-04-16 11:13:24 
jj1 = 918, max_th = 2.087051e+00, time=2025-04-16 11:14:11 
jj1 = 928, max_th = 2.312902e+00, time=2025-04-16 11:16:24 
jj1 = 917, max_th = 8.680338e-01, time=2025-04-16 11:17:52 
jj1 = 839, max_th = 2.064370e+00, time=2025-04-16 11:20:39 
jj1 = 882, max_th = 1.277502e+00, time=2025-04-16 11:22:07 
jj1 = 890, max_th = 2.006102e+00, time=2025-04-16 11:22:28 
jj1 = 916, max_th = 2.872859e+00, time=2025-04-16 11:23:25 
jj1 = 894, max_th = 1.949962e+00, time=2025-04-16 11:26:36 
jj1 = 809, max_th = 1.714560e+00, time=2025-04-16 11:27:28 
jj1 = 849, max_th = 1.956576e+00, time=2025-04-16 11:29:39 
jj1 = 927, max_th = 1.552068e+00, time=2025-04-16 11:32:15 
jj1 = 922, max_th = 2.277546e+00, time=2025-04-16 11:33:25 
jj1 = 913, max_th = 2.640855e+00, time=2025-04-16 11:33:40 
jj1 = 938, max_th = 1.877775e+00, time=2025-04-16 11:35:08 
jj1 = 900, max_th = 1.787695e+00, time=2025-04-16 11:36:15 
jj1 = 881, max_th = 2.572133e+00, time=2025-04-16 11:36:38 
jj1 = 829, max_th = 2.047284e+00, time=2025-04-16 11:37:57 
jj1 = 937, max_th = 8.274399e-01, time=2025-04-16 11:39:17 
jj1 = 915, max_th = 2.394663e+00, time=2025-04-16 11:43:15 
jj1 = 933, max_th = 1.514567e+00, time=2025-04-16 11:44:01 
jj1 = 889, max_th = 1.668149e+00, time=2025-04-16 11:44:57 
jj1 = 936, max_th = 2.703150e+00, time=2025-04-16 11:48:36 
jj1 = 956, max_th = 2.284777e+00, time=2025-04-16 11:52:51 
jj1 = 908, max_th = 2.109826e+00, time=2025-04-16 11:54:19 
jj1 = 907, max_th = 3.036941e+00, time=2025-04-16 11:57:53 
jj1 = 912, max_th = 1.946587e+00, time=2025-04-16 11:58:33 
jj1 = 921, max_th = 1.659694e+00, time=2025-04-16 11:59:05 
jj1 = 926, max_th = 2.116318e+00, time=2025-04-16 11:59:49 
jj1 = 899, max_th = 1.766917e+00, time=2025-04-16 12:00:28 
jj1 = 880, max_th = 1.795420e+00, time=2025-04-16 12:03:10 
jj1 = 952, max_th = 2.192561e+00, time=2025-04-16 12:08:25 
jj1 = 943, max_th = 2.075677e+00, time=2025-04-16 12:08:27 
jj1 = 932, max_th = 2.284204e+00, time=2025-04-16 12:09:04 
jj1 = 935, max_th = 1.610391e+00, time=2025-04-16 12:09:16 
jj1 = 914, max_th = 1.941815e+00, time=2025-04-16 12:09:16 
jj1 = 906, max_th = 1.431930e+00, time=2025-04-16 12:12:29 
jj1 = 905, max_th = 6.858605e-01, time=2025-04-16 12:15:06 
jj1 = 955, max_th = 2.140641e+00, time=2025-04-16 12:18:37 
jj1 = 931, max_th = 2.500092e+00, time=2025-04-16 12:18:49 
jj1 = 934, max_th = 2.721057e+00, time=2025-04-16 12:21:04 
jj1 = 920, max_th = 2.410097e+00, time=2025-04-16 12:21:25 
jj1 = 960, max_th = 2.051876e+00, time=2025-04-16 12:23:15 
jj1 = 904, max_th = 1.354530e+00, time=2025-04-16 12:23:30 
jj1 = 964, max_th = 2.446613e+00, time=2025-04-16 12:25:50 
jj1 = 879, max_th = 1.950167e+00, time=2025-04-16 12:25:56 
jj1 = 963, max_th = 4.783669e-01, time=2025-04-16 12:26:39 
jj1 = 925, max_th = 1.969664e+00, time=2025-04-16 12:29:07 
jj1 = 911, max_th = 1.941009e+00, time=2025-04-16 12:31:25 
jj1 = 951, max_th = 1.889561e+00, time=2025-04-16 12:33:05 
jj1 = 962, max_th = 2.744581e+00, time=2025-04-16 12:33:16 
jj1 = 942, max_th = 2.241999e+00, time=2025-04-16 12:33:25 
jj1 = 988, max_th = 1.279706e+00, time=2025-04-16 12:35:05 
jj1 = 948, max_th = 2.733972e+00, time=2025-04-16 12:37:50 
jj1 = 976, max_th = 1.348850e+00, time=2025-04-16 12:38:14 
jj1 = 954, max_th = 2.371250e+00, time=2025-04-16 12:41:48 
jj1 = 919, max_th = 2.248566e+00, time=2025-04-16 12:42:26 
jj1 = 930, max_th = 2.060291e+00, time=2025-04-16 12:46:51 
jj1 = 987, max_th = 2.551510e+00, time=2025-04-16 12:47:42 
jj1 = 924, max_th = 1.641335e+00, time=2025-04-16 12:48:53 
jj1 = 929, max_th = 2.965036e+00, time=2025-04-16 12:51:23 
jj1 = 959, max_th = 2.113719e+00, time=2025-04-16 12:51:56 
jj1 = 961, max_th = 2.320653e+00, time=2025-04-16 12:55:53 
jj1 = 947, max_th = 2.530644e+00, time=2025-04-16 12:55:57 
jj1 = 910, max_th = 2.048457e+00, time=2025-04-16 12:56:55 
jj1 = 975, max_th = 1.554999e+00, time=2025-04-16 12:58:08 
jj1 = 972, max_th = 1.348656e+00, time=2025-04-16 13:00:23 
jj1 = 950, max_th = 1.930579e+00, time=2025-04-16 13:00:50 
jj1 = 953, max_th = 1.606916e+00, time=2025-04-16 13:01:06 
jj1 = 941, max_th = 2.272600e+00, time=2025-04-16 13:01:12 
jj1 = 992, max_th = 2.670023e+00, time=2025-04-16 13:02:46 
jj1 = 940, max_th = 8.678610e-01, time=2025-04-16 13:03:20 
jj1 = 986, max_th = 1.488089e+00, time=2025-04-16 13:05:33 
jj1 = 968, max_th = 1.749313e+00, time=2025-04-16 13:06:03 
jj1 = 909, max_th = 1.272169e+00, time=2025-04-16 13:09:00 
jj1 = 971, max_th = 1.404040e+00, time=2025-04-16 13:13:08 
jj1 = 967, max_th = 1.141964e+00, time=2025-04-16 13:16:33 
jj1 = 946, max_th = 1.804548e+00, time=2025-04-16 13:18:20 
jj1 = 958, max_th = 1.885933e+00, time=2025-04-16 13:19:56 
jj1 = 991, max_th = 1.579807e+00, time=2025-04-16 13:21:29 
jj1 = 999, max_th = 2.121043e+00, time=2025-04-16 13:22:31 
jj1 = 985, max_th = 1.528309e+00, time=2025-04-16 13:23:48 
jj1 = 974, max_th = 2.164324e+00, time=2025-04-16 13:24:16 
jj1 = 984, max_th = 2.041463e+00, time=2025-04-16 13:25:16 
jj1 = 949, max_th = 1.994806e+00, time=2025-04-16 13:26:21 
jj1 = 990, max_th = 1.332597e+00, time=2025-04-16 13:28:50 
jj1 = 980, max_th = 1.572079e+00, time=2025-04-16 13:28:58 
jj1 = 939, max_th = 2.076290e+00, time=2025-04-16 13:30:24 
jj1 = 945, max_th = 2.499354e+00, time=2025-04-16 13:33:31 
jj1 = 957, max_th = 2.523180e+00, time=2025-04-16 13:33:45 
jj1 = 970, max_th = 2.006527e+00, time=2025-04-16 13:35:46 
jj1 = 979, max_th = 2.729877e+00, time=2025-04-16 13:39:24 
jj1 = 944, max_th = 2.560191e+00, time=2025-04-16 13:42:34 
jj1 = 983, max_th = 2.329897e+00, time=2025-04-16 13:43:22 
jj1 = 973, max_th = 2.265127e+00, time=2025-04-16 13:44:13 
jj1 = 966, max_th = 2.260206e+00, time=2025-04-16 13:44:15 
jj1 = 989, max_th = 1.721073e+00, time=2025-04-16 13:44:49 
jj1 = 996, max_th = 2.280750e+00, time=2025-04-16 13:49:16 
jj1 = 978, max_th = 1.366386e+00, time=2025-04-16 13:51:15 
jj1 = 997, max_th = 2.115426e+00, time=2025-04-16 13:51:59 
jj1 = 1000, max_th = 1.347310e+00, time=2025-04-16 13:52:58 
jj1 = 969, max_th = 1.577472e+00, time=2025-04-16 13:53:04 
jj1 = 998, max_th = 1.944259e+00, time=2025-04-16 13:54:59 
jj1 = 982, max_th = 1.951861e+00, time=2025-04-16 13:56:46 
jj1 = 965, max_th = 2.186245e+00, time=2025-04-16 13:57:43 
jj1 = 977, max_th = 1.299427e+00, time=2025-04-16 13:58:53 
jj1 = 995, max_th = 2.081263e+00, time=2025-04-16 14:01:18 
jj1 = 994, max_th = 2.845664e+00, time=2025-04-16 14:03:06 
jj1 = 981, max_th = 2.472385e+00, time=2025-04-16 14:04:00 
jj1 = 993, max_th = 2.123520e+00, time=2025-04-16 14:12:44 
>> >> >> >> >> >> >> >> >> 