MATLAB is selecting SOFTWARE OPENGL rendering.

                            < M A T L A B (R) >
                  Copyright 1984-2021 The MathWorks, Inc.
                  R2021b (9.11.0.1769968) 64-bit (glnxa64)
                             September 17, 2021

 
To get started, type doc.
For product information, visit www.mathworks.com.
 
>> >> >> >> >> >> >> >> >> >> >> >> >> >> >> >> >> >> >> >> >> >> >> >> >> >> Starting parallel pool (parpool) using the 'local' profile ...
[Warning: A task was unexpectedly found in state: Unavailable.] 
[> In parallel.cluster.Local/deriveJobStateFromTasks (line 29)
In parallel.cluster/Local/getJobState (line 174)
In parallel.cluster/CJSCluster/hGetJobState (line 375)
In parallel.internal.cluster/CJSJobMixin/hGetStateEnum (line 175)
In parallel/Job/get.StateEnum (line 247)
In parallel/Job/get.State (line 239)
In parallel.internal.customattr.CustomGetSet>iVectorisedGetHelper (line 128)
In parallel.internal.customattr.CustomGetSet>@(a,b,c)iVectorisedGetHelper(obj,a,b,c) (line 102)
In parallel.internal.customattr/CustomGetSet/doVectorisedGet (line 103)
In parallel.internal.customattr/CustomGetSet/hVectorisedGet (line 76)
In parallel.internal.customattr.GetSetImpl>iAccessProperties (line 322)
In parallel.internal.customattr.GetSetImpl>iGetAllPropertiesVec (line 264)
In parallel.internal.customattr/GetSetImpl/getImpl (line 133)
In parallel.internal.customattr.CustomGetSet>iHetFunGetFunction (line 154)
In parallel.internal.customattr.CustomGetSet>@(o)iHetFunGetFunction(o,props) (line 139)
In parallel.internal.cluster.hetfun (line 46)
In parallel.internal.customattr.CustomGetSet>iHetFunGetProperty (line 139)
In parallel.internal.customattr/CustomGetSet/get (line 38)
In parallel.internal.pool/AbstractInteractiveClient/pRemoveOldJobs (line 211)
In parallel.internal.pool/AbstractInteractiveClient/start (line 103)
In parallel.internal.pool.AbstractClusterPool>iStartClient (line 831)
In parallel.internal.pool/AbstractClusterPool/hBuildPool (line 585)
In parallel.internal.pool.doParpool (line 22)
In parpool (line 123)
In parallel.internal.parpool.getOrCreateCurrentPool (line 17)
In parallel.internal.pool/PoolArrayManager/getOrAutoCreateWithCleanup (line 44)
In pctTryCreatePoolIfNecessary (line 28)
In parallel_function (line 423)] 
Connected to the parallel pool (number of workers: 12).
jj1 = 30, max_th = 3.944152e+00, time=2025-04-07 16:22:02 
jj1 = 10, max_th = 1.377808e+00, time=2025-04-07 16:31:16 
jj1 = 35, max_th = 1.550325e+00, time=2025-04-07 16:33:39 
jj1 = 50, max_th = 1.401086e+00, time=2025-04-07 16:35:35 
jj1 = 55, max_th = 2.431634e+00, time=2025-04-07 16:36:45 
jj1 = 40, max_th = 2.781500e+00, time=2025-04-07 16:37:04 
jj1 = 60, max_th = 2.213957e+00, time=2025-04-07 16:41:14 
jj1 = 45, max_th = 2.267576e+00, time=2025-04-07 16:41:29 
jj1 = 15, max_th = 1.752646e+00, time=2025-04-07 16:42:03 
jj1 = 44, max_th = -1.105089e-01, time=2025-04-07 16:42:14 
jj1 = 29, max_th = 1.996597e+00, time=2025-04-07 16:42:48 
jj1 = 25, max_th = 1.734159e+00, time=2025-04-07 16:44:01 
jj1 = 34, max_th = 1.453820e+00, time=2025-04-07 16:44:53 
jj1 = 20, max_th = 2.011978e+00, time=2025-04-07 16:45:39 
jj1 = 5, max_th = 1.959407e+00, time=2025-04-07 16:46:47 
jj1 = 54, max_th = 2.576031e+00, time=2025-04-07 16:50:30 
jj1 = 19, max_th = 2.698929e+00, time=2025-04-07 16:53:38 
jj1 = 9, max_th = 2.426890e+00, time=2025-04-07 16:54:15 
jj1 = 43, max_th = 2.358190e+00, time=2025-04-07 16:57:05 
jj1 = 33, max_th = 2.112688e+00, time=2025-04-07 16:59:11 
jj1 = 49, max_th = 1.514831e+00, time=2025-04-07 17:01:11 
jj1 = 14, max_th = 1.695135e+00, time=2025-04-07 17:01:26 
jj1 = 53, max_th = 1.461499e+00, time=2025-04-07 17:01:44 
jj1 = 4, max_th = 2.455676e+00, time=2025-04-07 17:02:02 
jj1 = 39, max_th = 2.068302e+00, time=2025-04-07 17:02:26 
jj1 = 28, max_th = 2.331656e+00, time=2025-04-07 17:02:57 
jj1 = 24, max_th = 1.747389e+00, time=2025-04-07 17:03:12 
jj1 = 59, max_th = 1.778134e+00, time=2025-04-07 17:04:55 
jj1 = 13, max_th = 2.811758e+00, time=2025-04-07 17:07:08 
jj1 = 8, max_th = 1.455913e+00, time=2025-04-07 17:08:58 
jj1 = 48, max_th = 2.607024e+00, time=2025-04-07 17:09:22 
jj1 = 32, max_th = 2.343206e+00, time=2025-04-07 17:14:49 
jj1 = 18, max_th = 2.051343e+00, time=2025-04-07 17:15:22 
jj1 = 52, max_th = 2.118670e+00, time=2025-04-07 17:21:12 
jj1 = 58, max_th = 1.592328e+00, time=2025-04-07 17:21:13 
jj1 = 3, max_th = 2.234091e+00, time=2025-04-07 17:24:18 
jj1 = 23, max_th = 1.676789e+00, time=2025-04-07 17:26:40 
jj1 = 7, max_th = 1.522648e+00, time=2025-04-07 17:26:46 
jj1 = 27, max_th = 1.973022e+00, time=2025-04-07 17:27:58 
jj1 = 57, max_th = 1.159861e+00, time=2025-04-07 17:28:02 
jj1 = 6, max_th = 2.970513e+00, time=2025-04-07 17:30:15 
jj1 = 42, max_th = 2.570321e+00, time=2025-04-07 17:30:17 
jj1 = 51, max_th = 1.339676e+00, time=2025-04-07 17:31:19 
jj1 = 38, max_th = 2.184616e+00, time=2025-04-07 17:32:14 
jj1 = 47, max_th = 1.864750e+00, time=2025-04-07 17:33:45 
jj1 = 12, max_th = 2.078798e+00, time=2025-04-07 17:34:11 
jj1 = 17, max_th = 2.437307e+00, time=2025-04-07 17:34:30 
jj1 = 41, max_th = 2.796675e+00, time=2025-04-07 17:35:08 
jj1 = 31, max_th = 2.105773e+00, time=2025-04-07 17:37:25 
jj1 = 11, max_th = 2.799480e+00, time=2025-04-07 17:39:27 
jj1 = 22, max_th = 2.515686e+00, time=2025-04-07 17:40:50 
jj1 = 489, max_th = 1.173202e+00, time=2025-04-07 17:42:53 
jj1 = 2, max_th = 2.261135e+00, time=2025-04-07 17:43:57 
jj1 = 26, max_th = 2.413533e+00, time=2025-04-07 17:45:48 
jj1 = 138, max_th = 1.694105e+00, time=2025-04-07 17:48:24 
jj1 = 1, max_th = 9.911898e-01, time=2025-04-07 17:48:28 
jj1 = 56, max_th = 2.010923e+00, time=2025-04-07 17:49:31 
jj1 = 16, max_th = 1.664922e+00, time=2025-04-07 17:52:52 
jj1 = 411, max_th = 1.773658e+00, time=2025-04-07 17:57:37 
jj1 = 37, max_th = 2.172153e+00, time=2025-04-07 17:58:30 
jj1 = 21, max_th = 1.386147e+00, time=2025-04-07 17:58:47 
jj1 = 46, max_th = 1.977843e+00, time=2025-04-07 17:59:23 
jj1 = 333, max_th = 1.805355e+00, time=2025-04-07 17:59:51 
jj1 = 488, max_th = 2.384701e+00, time=2025-04-07 18:00:41 
jj1 = 99, max_th = 1.481106e+00, time=2025-04-07 18:03:35 
jj1 = 528, max_th = 2.447501e+00, time=2025-04-07 18:04:24 
jj1 = 294, max_th = 1.813743e+00, time=2025-04-07 18:06:30 
jj1 = 332, max_th = 2.747888e+00, time=2025-04-07 18:09:49 
jj1 = 293, max_th = 2.810447e+00, time=2025-04-07 18:11:35 
jj1 = 177, max_th = 2.225053e+00, time=2025-04-07 18:12:58 
jj1 = 137, max_th = 2.091790e+00, time=2025-04-07 18:14:47 
jj1 = 487, max_th = 1.563794e+00, time=2025-04-07 18:15:28 
jj1 = 216, max_th = 2.160675e+00, time=2025-04-07 18:17:53 
jj1 = 450, max_th = 2.194067e+00, time=2025-04-07 18:19:18 
jj1 = 255, max_th = 2.320614e+00, time=2025-04-07 18:19:33 
jj1 = 410, max_th = 2.203354e+00, time=2025-04-07 18:20:36 
jj1 = 331, max_th = 2.540759e+00, time=2025-04-07 18:23:34 
jj1 = 527, max_th = 1.741836e+00, time=2025-04-07 18:24:10 
jj1 = 449, max_th = 2.762517e+00, time=2025-04-07 18:27:26 
jj1 = 36, max_th = 1.990492e+00, time=2025-04-07 18:28:39 
jj1 = 292, max_th = 1.566095e+00, time=2025-04-07 18:30:19 
jj1 = 215, max_th = 1.741450e+00, time=2025-04-07 18:31:04 
jj1 = 214, max_th = -2.124926e+00, time=2025-04-07 18:32:00 
jj1 = 98, max_th = 1.734942e+00, time=2025-04-07 18:32:14 
jj1 = 486, max_th = 1.628080e+00, time=2025-04-07 18:34:48 
jj1 = 176, max_th = 2.052004e+00, time=2025-04-07 18:35:04 
jj1 = 136, max_th = 2.406175e+00, time=2025-04-07 18:35:25 
jj1 = 526, max_th = 2.528652e+00, time=2025-04-07 18:37:48 
jj1 = 254, max_th = 2.273015e+00, time=2025-04-07 18:42:49 
jj1 = 97, max_th = 1.405334e+00, time=2025-04-07 18:43:13 
jj1 = 409, max_th = 2.075067e+00, time=2025-04-07 18:44:19 
jj1 = 330, max_th = 1.726568e+00, time=2025-04-07 18:46:12 
jj1 = 372, max_th = 2.149125e+00, time=2025-04-07 18:49:04 
jj1 = 175, max_th = 1.546270e+00, time=2025-04-07 18:50:44 
jj1 = 448, max_th = 1.873913e+00, time=2025-04-07 18:52:09 
jj1 = 291, max_th = 2.148127e+00, time=2025-04-07 18:52:24 
jj1 = 253, max_th = 1.358792e+00, time=2025-04-07 18:52:39 
jj1 = 408, max_th = 1.249520e+00, time=2025-04-07 18:54:23 
jj1 = 213, max_th = 2.029934e+00, time=2025-04-07 18:56:42 
jj1 = 525, max_th = 2.377653e+00, time=2025-04-07 18:56:53 
jj1 = 135, max_th = 1.627400e+00, time=2025-04-07 18:57:35 
jj1 = 329, max_th = 2.627288e+00, time=2025-04-07 18:58:18 
jj1 = 134, max_th = -4.227093e-02, time=2025-04-07 18:59:10 
jj1 = 485, max_th = 1.972857e+00, time=2025-04-07 18:59:20 
jj1 = 290, max_th = 2.624838e+00, time=2025-04-07 19:03:51 
jj1 = 133, max_th = 2.834984e+00, time=2025-04-07 19:05:58 
jj1 = 96, max_th = 2.195256e+00, time=2025-04-07 19:07:14 
jj1 = 524, max_th = 2.188086e+00, time=2025-04-07 19:08:05 
jj1 = 328, max_th = 2.622190e+00, time=2025-04-07 19:08:44 
jj1 = 371, max_th = 1.584677e+00, time=2025-04-07 19:08:55 
jj1 = 132, max_th = 2.953431e+00, time=2025-04-07 19:09:58 
jj1 = 447, max_th = 1.620050e+00, time=2025-04-07 19:11:54 
jj1 = 252, max_th = 2.370831e+00, time=2025-04-07 19:12:05 
jj1 = 407, max_th = 1.787850e+00, time=2025-04-07 19:16:08 
jj1 = 289, max_th = 2.505047e+00, time=2025-04-07 19:17:13 
jj1 = 174, max_th = 2.074010e+00, time=2025-04-07 19:17:32 
jj1 = 523, max_th = 2.598234e+00, time=2025-04-07 19:21:43 
jj1 = 484, max_th = 2.171175e+00, time=2025-04-07 19:22:35 
jj1 = 173, max_th = 9.598884e-01, time=2025-04-07 19:22:58 
jj1 = 212, max_th = 2.113189e+00, time=2025-04-07 19:25:54 
jj1 = 406, max_th = 2.349630e+00, time=2025-04-07 19:26:55 
jj1 = 95, max_th = 1.716937e+00, time=2025-04-07 19:29:08 
jj1 = 131, max_th = 1.561858e+00, time=2025-04-07 19:29:10 
jj1 = 327, max_th = 2.133338e+00, time=2025-04-07 19:29:25 
jj1 = 405, max_th = 2.769022e+00, time=2025-04-07 19:29:49 
jj1 = 370, max_th = 2.107145e+00, time=2025-04-07 19:32:08 
jj1 = 446, max_th = 1.641392e+00, time=2025-04-07 19:32:23 
jj1 = 251, max_th = 1.755578e+00, time=2025-04-07 19:32:30 
jj1 = 288, max_th = 1.743633e+00, time=2025-04-07 19:37:44 
jj1 = 130, max_th = 1.196899e+00, time=2025-04-07 19:37:45 
jj1 = 211, max_th = 2.611284e+00, time=2025-04-07 19:38:05 
jj1 = 483, max_th = 1.697027e+00, time=2025-04-07 19:39:57 
jj1 = 326, max_th = 2.480871e+00, time=2025-04-07 19:40:49 
jj1 = 522, max_th = 1.817409e+00, time=2025-04-07 19:43:56 
jj1 = 129, max_th = 1.066725e+00, time=2025-04-07 19:45:17 
jj1 = 172, max_th = 1.786178e+00, time=2025-04-07 19:45:44 
jj1 = 250, max_th = 2.111570e+00, time=2025-04-07 19:46:42 
jj1 = 404, max_th = 1.471727e+00, time=2025-04-07 19:49:17 
jj1 = 369, max_th = 1.852420e+00, time=2025-04-07 19:52:20 
jj1 = 210, max_th = 1.799849e+00, time=2025-04-07 19:53:01 
jj1 = 287, max_th = 1.797631e+00, time=2025-04-07 19:53:44 
jj1 = 445, max_th = 2.033616e+00, time=2025-04-07 19:57:30 
jj1 = 325, max_th = 1.739153e+00, time=2025-04-07 19:58:16 
jj1 = 324, max_th = 3.239482e+00, time=2025-04-07 20:00:00 
jj1 = 209, max_th = 2.888953e+00, time=2025-04-07 20:00:21 
jj1 = 482, max_th = 2.032349e+00, time=2025-04-07 20:00:35 
jj1 = 521, max_th = 1.508689e+00, time=2025-04-07 20:01:26 
jj1 = 403, max_th = 1.455685e+00, time=2025-04-07 20:01:52 
jj1 = 94, max_th = 2.133597e+00, time=2025-04-07 20:02:02 
jj1 = 444, max_th = 2.733352e+00, time=2025-04-07 20:03:38 
jj1 = 368, max_th = 1.418957e+00, time=2025-04-07 20:05:16 
jj1 = 286, max_th = 1.462806e+00, time=2025-04-07 20:05:35 
jj1 = 128, max_th = 1.820918e+00, time=2025-04-07 20:08:15 
jj1 = 249, max_th = 1.722553e+00, time=2025-04-07 20:08:51 
jj1 = 367, max_th = 2.826231e+00, time=2025-04-07 20:12:05 
jj1 = 323, max_th = 1.413824e+00, time=2025-04-07 20:16:26 
jj1 = 285, max_th = 2.558689e+00, time=2025-04-07 20:17:36 
jj1 = 171, max_th = 1.743474e+00, time=2025-04-07 20:19:04 
jj1 = 208, max_th = 2.135540e+00, time=2025-04-07 20:22:33 
jj1 = 366, max_th = 2.462990e+00, time=2025-04-07 20:23:54 
jj1 = 402, max_th = 1.679607e+00, time=2025-04-07 20:24:05 
jj1 = 481, max_th = 1.943270e+00, time=2025-04-07 20:24:43 
jj1 = 93, max_th = 1.867879e+00, time=2025-04-07 20:26:35 
jj1 = 322, max_th = 1.497955e+00, time=2025-04-07 20:28:04 
jj1 = 443, max_th = 2.165385e+00, time=2025-04-07 20:28:47 
jj1 = 284, max_th = 2.622034e+00, time=2025-04-07 20:29:00 
jj1 = 248, max_th = 2.183064e+00, time=2025-04-07 20:32:32 
jj1 = 127, max_th = 1.918044e+00, time=2025-04-07 20:33:58 
jj1 = 321, max_th = 2.729825e+00, time=2025-04-07 20:34:33 
jj1 = 170, max_th = 1.670207e+00, time=2025-04-07 20:38:42 
jj1 = 520, max_th = 1.688265e+00, time=2025-04-07 20:39:18 
jj1 = 365, max_th = 2.401606e+00, time=2025-04-07 20:39:38 
jj1 = 401, max_th = 2.360607e+00, time=2025-04-07 20:42:33 
jj1 = 207, max_th = 2.257625e+00, time=2025-04-07 20:45:05 
jj1 = 442, max_th = 2.202298e+00, time=2025-04-07 20:46:31 
jj1 = 92, max_th = 2.322115e+00, time=2025-04-07 20:47:42 
jj1 = 283, max_th = 2.319346e+00, time=2025-04-07 20:47:57 
jj1 = 126, max_th = 9.942632e-01, time=2025-04-07 20:49:05 
jj1 = 480, max_th = 1.830510e+00, time=2025-04-07 20:50:22 
jj1 = 169, max_th = 1.537559e+00, time=2025-04-07 20:51:08 
jj1 = 441, max_th = 2.697641e+00, time=2025-04-07 20:52:33 
jj1 = 247, max_th = 2.185551e+00, time=2025-04-07 20:56:44 
jj1 = 91, max_th = 1.262400e+00, time=2025-04-07 20:57:19 
jj1 = 320, max_th = 2.259864e+00, time=2025-04-07 20:57:57 
jj1 = 282, max_th = 2.568867e+00, time=2025-04-07 20:59:57 
jj1 = 400, max_th = 2.443163e+00, time=2025-04-07 21:00:13 
jj1 = 364, max_th = 2.006204e+00, time=2025-04-07 21:01:36 
jj1 = 479, max_th = 2.582651e+00, time=2025-04-07 21:02:46 
jj1 = 519, max_th = 1.883544e+00, time=2025-04-07 21:04:05 
jj1 = 90, max_th = 2.704793e+00, time=2025-04-07 21:04:37 
jj1 = 440, max_th = 1.406824e+00, time=2025-04-07 21:06:13 
jj1 = 168, max_th = 1.775447e+00, time=2025-04-07 21:09:58 
jj1 = 319, max_th = 2.363650e+00, time=2025-04-07 21:10:17 
jj1 = 206, max_th = 2.106437e+00, time=2025-04-07 21:10:32 
jj1 = 167, max_th = 6.224581e-01, time=2025-04-07 21:12:47 
jj1 = 246, max_th = 2.704380e+00, time=2025-04-07 21:13:56 
jj1 = 518, max_th = 2.697633e+00, time=2025-04-07 21:14:28 
jj1 = 125, max_th = 1.978389e+00, time=2025-04-07 21:15:00 
jj1 = 478, max_th = 2.451947e+00, time=2025-04-07 21:17:37 
jj1 = 399, max_th = 2.251695e+00, time=2025-04-07 21:17:43 
jj1 = 281, max_th = 2.417835e+00, time=2025-04-07 21:18:28 
jj1 = 166, max_th = 1.226815e+00, time=2025-04-07 21:20:03 
jj1 = 280, max_th = 3.170849e+00, time=2025-04-07 21:21:59 
jj1 = 363, max_th = 1.968437e+00, time=2025-04-07 21:27:46 
jj1 = 477, max_th = 1.241967e+00, time=2025-04-07 21:28:01 
jj1 = 89, max_th = 2.120077e+00, time=2025-04-07 21:28:47 
jj1 = 476, max_th = 6.414708e-01, time=2025-04-07 21:29:07 
jj1 = 439, max_th = 1.915864e+00, time=2025-04-07 21:29:15 
jj1 = 124, max_th = 1.534828e+00, time=2025-04-07 21:30:23 
jj1 = 165, max_th = 2.727663e+00, time=2025-04-07 21:31:26 
jj1 = 318, max_th = 1.910220e+00, time=2025-04-07 21:32:20 
jj1 = 205, max_th = 1.821903e+00, time=2025-04-07 21:35:52 
jj1 = 517, max_th = 2.198741e+00, time=2025-04-07 21:36:13 
jj1 = 438, max_th = 1.079271e+00, time=2025-04-07 21:36:27 
jj1 = 317, max_th = 1.139647e+00, time=2025-04-07 21:36:37 
jj1 = 475, max_th = 2.608593e+00, time=2025-04-07 21:37:44 
jj1 = 398, max_th = 1.958435e+00, time=2025-04-07 21:39:13 
jj1 = 362, max_th = 1.352985e+00, time=2025-04-07 21:40:41 
jj1 = 245, max_th = 2.110560e+00, time=2025-04-07 21:41:13 
jj1 = 397, max_th = 8.519538e-01, time=2025-04-07 21:41:30 
jj1 = 164, max_th = 1.103469e+00, time=2025-04-07 21:43:11 
jj1 = 316, max_th = 2.754301e+00, time=2025-04-07 21:43:29 
jj1 = 396, max_th = 2.838396e+00, time=2025-04-07 21:45:17 
jj1 = 88, max_th = 1.851859e+00, time=2025-04-07 21:48:24 
jj1 = 437, max_th = 2.345242e+00, time=2025-04-07 21:48:35 
jj1 = 516, max_th = 2.615022e+00, time=2025-04-07 21:49:19 
jj1 = 123, max_th = 2.365437e+00, time=2025-04-07 21:49:48 
jj1 = 361, max_th = 2.668032e+00, time=2025-04-07 21:51:29 
jj1 = 474, max_th = 2.332516e+00, time=2025-04-07 21:55:32 
jj1 = 163, max_th = 2.323832e+00, time=2025-04-07 21:57:03 
jj1 = 473, max_th = 3.067540e+00, time=2025-04-07 21:57:33 
jj1 = 204, max_th = 2.106703e+00, time=2025-04-07 21:58:49 
jj1 = 279, max_th = 1.833717e+00, time=2025-04-07 21:59:12 
jj1 = 87, max_th = 2.619868e+00, time=2025-04-07 21:59:29 
jj1 = 515, max_th = 2.758922e+00, time=2025-04-07 22:00:02 
jj1 = 244, max_th = 2.270764e+00, time=2025-04-07 22:02:01 
jj1 = 395, max_th = 2.348518e+00, time=2025-04-07 22:02:07 
jj1 = 315, max_th = 1.644010e+00, time=2025-04-07 22:03:13 
jj1 = 436, max_th = 2.199523e+00, time=2025-04-07 22:04:59 
jj1 = 360, max_th = 2.511768e+00, time=2025-04-07 22:05:24 
jj1 = 514, max_th = 1.179648e+00, time=2025-04-07 22:08:37 
jj1 = 86, max_th = 1.307887e+00, time=2025-04-07 22:12:10 
jj1 = 122, max_th = 1.692524e+00, time=2025-04-07 22:13:17 
jj1 = 278, max_th = 1.500489e+00, time=2025-04-07 22:16:34 
jj1 = 394, max_th = 2.100614e+00, time=2025-04-07 22:16:54 
jj1 = 203, max_th = 1.715881e+00, time=2025-04-07 22:17:29 
jj1 = 162, max_th = 2.280350e+00, time=2025-04-07 22:17:55 
jj1 = 472, max_th = 2.123084e+00, time=2025-04-07 22:18:55 
jj1 = 435, max_th = 2.244522e+00, time=2025-04-07 22:20:08 
jj1 = 243, max_th = 2.295741e+00, time=2025-04-07 22:20:25 
jj1 = 85, max_th = 1.497613e+00, time=2025-04-07 22:24:03 
jj1 = 359, max_th = 1.643988e+00, time=2025-04-07 22:27:29 
jj1 = 314, max_th = 2.029290e+00, time=2025-04-07 22:27:49 
jj1 = 513, max_th = 1.809290e+00, time=2025-04-07 22:29:15 
jj1 = 242, max_th = 1.316971e+00, time=2025-04-07 22:29:40 
jj1 = 161, max_th = 2.356488e+00, time=2025-04-07 22:36:28 
jj1 = 121, max_th = 2.097063e+00, time=2025-04-07 22:37:00 
jj1 = 84, max_th = 1.407056e+00, time=2025-04-07 22:37:01 
jj1 = 277, max_th = 2.257287e+00, time=2025-04-07 22:37:32 
jj1 = 393, max_th = 1.809731e+00, time=2025-04-07 22:37:36 
jj1 = 276, max_th = 3.226463e+00, time=2025-04-07 22:38:54 
jj1 = 471, max_th = 1.833529e+00, time=2025-04-07 22:41:53 
jj1 = 434, max_th = 1.665405e+00, time=2025-04-07 22:41:56 
jj1 = 241, max_th = 2.351602e+00, time=2025-04-07 22:44:23 
jj1 = 202, max_th = 1.981030e+00, time=2025-04-07 22:46:08 
jj1 = 120, max_th = 2.642043e+00, time=2025-04-07 22:47:19 
jj1 = 512, max_th = 1.685611e+00, time=2025-04-07 22:48:11 
jj1 = 358, max_th = 2.323837e+00, time=2025-04-07 22:49:45 
jj1 = 433, max_th = 1.436670e+00, time=2025-04-07 22:51:39 
jj1 = 392, max_th = 2.350391e+00, time=2025-04-07 22:52:59 
jj1 = 313, max_th = 1.877391e+00, time=2025-04-07 22:55:28 
jj1 = 391, max_th = 8.564026e-01, time=2025-04-07 22:56:23 
jj1 = 160, max_th = 1.889492e+00, time=2025-04-07 22:57:07 
jj1 = 470, max_th = 1.520873e+00, time=2025-04-07 22:58:10 
jj1 = 275, max_th = 1.644442e+00, time=2025-04-07 22:58:21 
jj1 = 357, max_th = 1.251876e+00, time=2025-04-07 22:59:04 
jj1 = 240, max_th = 1.413038e+00, time=2025-04-07 22:59:30 
jj1 = 119, max_th = 1.411060e+00, time=2025-04-07 23:00:51 
jj1 = 356, max_th = 8.696347e-01, time=2025-04-07 23:02:39 
jj1 = 159, max_th = 1.015259e+00, time=2025-04-07 23:03:14 
jj1 = 83, max_th = 1.754723e+00, time=2025-04-07 23:03:17 
jj1 = 158, max_th = -3.951236e-01, time=2025-04-07 23:04:51 
jj1 = 511, max_th = 2.361437e+00, time=2025-04-07 23:05:20 
jj1 = 510, max_th = -1.735621e+00, time=2025-04-07 23:05:58 
jj1 = 274, max_th = 2.030064e-01, time=2025-04-07 23:06:07 
jj1 = 432, max_th = 2.314135e+00, time=2025-04-07 23:09:33 
jj1 = 201, max_th = 2.067649e+00, time=2025-04-07 23:15:16 
jj1 = 431, max_th = 1.248971e+00, time=2025-04-07 23:17:08 
jj1 = 469, max_th = 1.580643e+00, time=2025-04-07 23:18:44 
jj1 = 82, max_th = 2.351429e+00, time=2025-04-07 23:19:31 
jj1 = 312, max_th = 1.992387e+00, time=2025-04-07 23:19:31 
jj1 = 390, max_th = 2.481063e+00, time=2025-04-07 23:20:04 
jj1 = 118, max_th = 2.167177e+00, time=2025-04-07 23:20:38 
jj1 = 430, max_th = 7.748625e-01, time=2025-04-07 23:21:47 
jj1 = 157, max_th = 2.317324e+00, time=2025-04-07 23:24:06 
jj1 = 273, max_th = 2.304080e+00, time=2025-04-07 23:24:20 
jj1 = 200, max_th = 1.348987e+00, time=2025-04-07 23:25:19 
jj1 = 389, max_th = 3.160804e+00, time=2025-04-07 23:25:35 
jj1 = 355, max_th = 1.803282e+00, time=2025-04-07 23:25:58 
jj1 = 509, max_th = 1.784517e+00, time=2025-04-07 23:27:36 
jj1 = 354, max_th = 8.857094e-01, time=2025-04-07 23:33:27 
jj1 = 388, max_th = 2.677614e+00, time=2025-04-07 23:34:49 
jj1 = 156, max_th = 2.581377e+00, time=2025-04-07 23:36:42 
jj1 = 508, max_th = 1.432790e+00, time=2025-04-07 23:42:09 
jj1 = 81, max_th = 1.711863e+00, time=2025-04-07 23:42:17 
jj1 = 117, max_th = 1.672608e+00, time=2025-04-07 23:42:22 
jj1 = 468, max_th = 2.133036e+00, time=2025-04-07 23:42:42 
jj1 = 311, max_th = 2.094208e+00, time=2025-04-07 23:43:21 
jj1 = 199, max_th = 2.379428e+00, time=2025-04-07 23:44:31 
jj1 = 387, max_th = 2.937316e+00, time=2025-04-07 23:44:51 
jj1 = 429, max_th = 1.925417e+00, time=2025-04-07 23:47:02 
jj1 = 198, max_th = 7.785736e-01, time=2025-04-07 23:47:43 
jj1 = 272, max_th = 2.073690e+00, time=2025-04-07 23:49:28 
jj1 = 116, max_th = 2.764492e+00, time=2025-04-07 23:50:06 
jj1 = 115, max_th = 2.876410e+00, time=2025-04-07 23:52:26 
jj1 = 353, max_th = 1.914553e+00, time=2025-04-07 23:53:18 
jj1 = 271, max_th = 7.759933e-01, time=2025-04-07 23:53:19 
jj1 = 507, max_th = 2.468818e+00, time=2025-04-07 23:57:36 
jj1 = 80, max_th = 1.551391e+00, time=2025-04-07 23:59:44 
jj1 = 155, max_th = 1.785994e+00, time=2025-04-08 00:01:18 
jj1 = 352, max_th = 2.760227e+00, time=2025-04-08 00:01:33 
jj1 = 386, max_th = 2.325717e+00, time=2025-04-08 00:02:16 
jj1 = 467, max_th = 2.104779e+00, time=2025-04-08 00:04:24 
jj1 = 428, max_th = 2.192215e+00, time=2025-04-08 00:04:53 
jj1 = 310, max_th = 2.319945e+00, time=2025-04-08 00:05:11 
jj1 = 197, max_th = 1.697950e+00, time=2025-04-08 00:05:21 
jj1 = 154, max_th = 9.629909e-01, time=2025-04-08 00:07:02 
jj1 = 114, max_th = 1.786489e+00, time=2025-04-08 00:08:58 
jj1 = 506, max_th = 1.399688e+00, time=2025-04-08 00:09:03 
jj1 = 505, max_th = 3.136647e+00, time=2025-04-08 00:12:43 
jj1 = 196, max_th = 2.699492e+00, time=2025-04-08 00:12:45 
jj1 = 239, max_th = 2.226989e+00, time=2025-04-08 00:14:39 
jj1 = 113, max_th = 2.650086e+00, time=2025-04-08 00:14:41 
jj1 = 270, max_th = 2.292210e+00, time=2025-04-08 00:16:34 
jj1 = 79, max_th = 1.586687e+00, time=2025-04-08 00:17:17 
jj1 = 309, max_th = 2.430403e+00, time=2025-04-08 00:21:21 
jj1 = 351, max_th = 1.562244e+00, time=2025-04-08 00:22:43 
jj1 = 78, max_th = -3.519313e-01, time=2025-04-08 00:23:36 
jj1 = 308, max_th = 2.277876e-01, time=2025-04-08 00:23:36 
jj1 = 427, max_th = 2.417369e+00, time=2025-04-08 00:25:34 
jj1 = 385, max_th = 2.144033e+00, time=2025-04-08 00:26:52 
jj1 = 466, max_th = 2.006956e+00, time=2025-04-08 00:27:18 
jj1 = 504, max_th = 1.408755e+00, time=2025-04-08 00:27:55 
jj1 = 238, max_th = 1.457763e+00, time=2025-04-08 00:27:56 
jj1 = 384, max_th = 7.038891e-01, time=2025-04-08 00:28:37 
jj1 = 153, max_th = 2.188414e+00, time=2025-04-08 00:29:16 
jj1 = 112, max_th = 2.177310e+00, time=2025-04-08 00:29:25 
jj1 = 503, max_th = 1.021879e+00, time=2025-04-08 00:32:56 
jj1 = 195, max_th = 1.736053e+00, time=2025-04-08 00:33:58 
jj1 = 307, max_th = 1.460125e+00, time=2025-04-08 00:35:53 
jj1 = 269, max_th = 1.896966e+00, time=2025-04-08 00:37:47 
jj1 = 465, max_th = 1.902883e+00, time=2025-04-08 00:44:55 
jj1 = 502, max_th = 1.377607e+00, time=2025-04-08 00:45:05 
jj1 = 426, max_th = 1.831454e+00, time=2025-04-08 00:47:45 
jj1 = 194, max_th = 1.634296e+00, time=2025-04-08 00:47:52 
jj1 = 152, max_th = 1.795364e+00, time=2025-04-08 00:48:13 
jj1 = 464, max_th = 2.952174e+00, time=2025-04-08 00:48:30 
jj1 = 151, max_th = 5.975230e-01, time=2025-04-08 00:49:49 
jj1 = 350, max_th = 2.017982e+00, time=2025-04-08 00:49:59 
jj1 = 383, max_th = 1.883745e+00, time=2025-04-08 00:50:24 
jj1 = 237, max_th = 1.818064e+00, time=2025-04-08 00:51:00 
jj1 = 111, max_th = 2.222239e+00, time=2025-04-08 00:52:44 
jj1 = 236, max_th = 2.907628e+00, time=2025-04-08 00:56:31 
jj1 = 306, max_th = 1.976799e+00, time=2025-04-08 00:59:41 
jj1 = 425, max_th = 2.099842e+00, time=2025-04-08 01:05:09 
jj1 = 110, max_th = 1.391900e+00, time=2025-04-08 01:05:29 
jj1 = 268, max_th = 1.826721e+00, time=2025-04-08 01:05:44 
jj1 = 305, max_th = 2.601308e+00, time=2025-04-08 01:09:02 
jj1 = 193, max_th = 1.887791e+00, time=2025-04-08 01:10:30 
jj1 = 382, max_th = 1.646318e+00, time=2025-04-08 01:10:49 
jj1 = 463, max_th = 1.721036e+00, time=2025-04-08 01:12:08 
jj1 = 349, max_th = 1.840306e+00, time=2025-04-08 01:12:47 
jj1 = 501, max_th = 1.975680e+00, time=2025-04-08 01:14:59 
jj1 = 150, max_th = 2.177481e+00, time=2025-04-08 01:15:56 
jj1 = 77, max_th = 1.878842e+00, time=2025-04-08 01:17:56 
jj1 = 235, max_th = 1.864332e+00, time=2025-04-08 01:18:18 
jj1 = 381, max_th = 2.832582e+00, time=2025-04-08 01:18:30 
jj1 = 424, max_th = 2.457377e+00, time=2025-04-08 01:21:25 
jj1 = 109, max_th = 2.406048e+00, time=2025-04-08 01:24:16 
jj1 = 234, max_th = 1.192846e+00, time=2025-04-08 01:24:48 
jj1 = 267, max_th = 1.675087e+00, time=2025-04-08 01:26:15 
jj1 = 233, max_th = 6.822090e-01, time=2025-04-08 01:26:52 
jj1 = 380, max_th = 2.780417e+00, time=2025-04-08 01:27:15 
jj1 = 462, max_th = 2.356297e+00, time=2025-04-08 01:29:07 
jj1 = 500, max_th = 1.477128e+00, time=2025-04-08 01:29:25 
jj1 = 423, max_th = 1.035508e+00, time=2025-04-08 01:29:45 
jj1 = 192, max_th = 2.051011e+00, time=2025-04-08 01:31:35 
jj1 = 191, max_th = 3.093116e+00, time=2025-04-08 01:34:01 
jj1 = 348, max_th = 2.374889e+00, time=2025-04-08 01:34:21 
jj1 = 379, max_th = 1.340378e+00, time=2025-04-08 01:36:56 
jj1 = 304, max_th = 1.881441e+00, time=2025-04-08 01:37:17 
jj1 = 303, max_th = -1.698900e-01, time=2025-04-08 01:37:32 
jj1 = 149, max_th = 1.052375e+00, time=2025-04-08 01:39:46 
jj1 = 232, max_th = 1.533379e+00, time=2025-04-08 01:43:17 
jj1 = 76, max_th = 1.874613e+00, time=2025-04-08 01:43:57 
jj1 = 461, max_th = 2.643253e+00, time=2025-04-08 01:48:11 
jj1 = 108, max_th = 1.829940e+00, time=2025-04-08 01:49:41 
jj1 = 190, max_th = 2.385948e+00, time=2025-04-08 01:50:01 
jj1 = 189, max_th = -2.013908e-01, time=2025-04-08 01:50:24 
jj1 = 422, max_th = 1.865740e+00, time=2025-04-08 01:53:08 
jj1 = 266, max_th = 1.815826e+00, time=2025-04-08 01:54:15 
jj1 = 347, max_th = 1.821029e+00, time=2025-04-08 01:55:07 
jj1 = 499, max_th = 1.823119e+00, time=2025-04-08 01:55:28 
jj1 = 302, max_th = 2.311581e+00, time=2025-04-08 01:55:46 
jj1 = 378, max_th = 2.002436e+00, time=2025-04-08 01:57:54 
jj1 = 421, max_th = 2.830045e+00, time=2025-04-08 01:58:54 
jj1 = 75, max_th = 1.572339e+00, time=2025-04-08 02:02:30 
jj1 = 148, max_th = 1.553486e+00, time=2025-04-08 02:03:07 
jj1 = 231, max_th = 1.383887e+00, time=2025-04-08 02:03:38 
jj1 = 188, max_th = 1.749303e+00, time=2025-04-08 02:06:36 
jj1 = 460, max_th = 2.013039e+00, time=2025-04-08 02:10:09 
jj1 = 498, max_th = 2.430833e+00, time=2025-04-08 02:12:27 
jj1 = 420, max_th = 1.508780e+00, time=2025-04-08 02:15:10 
jj1 = 107, max_th = 1.918842e+00, time=2025-04-08 02:15:54 
jj1 = 346, max_th = 2.212187e+00, time=2025-04-08 02:17:54 
jj1 = 301, max_th = 1.933832e+00, time=2025-04-08 02:20:45 
jj1 = 300, max_th = 3.942992e-01, time=2025-04-08 02:21:32 
jj1 = 265, max_th = 1.466830e+00, time=2025-04-08 02:21:33 
jj1 = 230, max_th = 2.305547e+00, time=2025-04-08 02:24:15 
jj1 = 74, max_th = 2.159401e+00, time=2025-04-08 02:24:40 
jj1 = 147, max_th = 1.954574e+00, time=2025-04-08 02:26:08 
jj1 = 377, max_th = 2.079718e+00, time=2025-04-08 02:26:33 
jj1 = 497, max_th = 1.781459e+00, time=2025-04-08 02:29:44 
jj1 = 187, max_th = 1.960985e+00, time=2025-04-08 02:34:21 
jj1 = 106, max_th = 1.467028e+00, time=2025-04-08 02:34:37 
jj1 = 459, max_th = 2.112138e+00, time=2025-04-08 02:36:58 
jj1 = 146, max_th = 1.451256e+00, time=2025-04-08 02:38:39 
jj1 = 496, max_th = -2.358045e-01, time=2025-04-08 02:38:44 
jj1 = 264, max_th = 2.321277e+00, time=2025-04-08 02:40:34 
jj1 = 229, max_th = 2.197994e+00, time=2025-04-08 02:42:10 
jj1 = 345, max_th = 1.896615e+00, time=2025-04-08 02:42:16 
jj1 = 376, max_th = 1.330943e+00, time=2025-04-08 02:42:40 
jj1 = 344, max_th = 7.773431e-01, time=2025-04-08 02:43:26 
jj1 = 419, max_th = 2.012676e+00, time=2025-04-08 02:43:58 
jj1 = 105, max_th = 2.499528e+00, time=2025-04-08 02:46:11 
jj1 = 228, max_th = 9.149320e-01, time=2025-04-08 02:46:27 
jj1 = 73, max_th = 1.833881e+00, time=2025-04-08 02:47:06 
jj1 = 145, max_th = 1.192963e+00, time=2025-04-08 02:48:45 
jj1 = 299, max_th = 2.577908e+00, time=2025-04-08 02:48:49 
jj1 = 418, max_th = 2.660617e+00, time=2025-04-08 02:54:18 
jj1 = 186, max_th = 1.677567e+00, time=2025-04-08 02:56:56 
jj1 = 458, max_th = 2.109517e+00, time=2025-04-08 02:59:15 
jj1 = 144, max_th = 2.449878e+00, time=2025-04-08 02:59:36 
jj1 = 495, max_th = 1.906888e+00, time=2025-04-08 02:59:38 
jj1 = 375, max_th = 2.418957e+00, time=2025-04-08 03:01:35 
jj1 = 185, max_th = 1.024564e+00, time=2025-04-08 03:07:56 
jj1 = 72, max_th = 1.653876e+00, time=2025-04-08 03:08:25 
jj1 = 343, max_th = 1.790410e+00, time=2025-04-08 03:08:28 
jj1 = 374, max_th = 2.718008e+00, time=2025-04-08 03:08:54 
jj1 = 417, max_th = 1.458680e+00, time=2025-04-08 03:09:33 
jj1 = 104, max_th = 2.180748e+00, time=2025-04-08 03:10:03 
jj1 = 263, max_th = 1.641054e+00, time=2025-04-08 03:10:51 
jj1 = 227, max_th = 1.967395e+00, time=2025-04-08 03:11:43 
jj1 = 298, max_th = 1.954958e+00, time=2025-04-08 03:12:08 
jj1 = 342, max_th = 9.752216e-01, time=2025-04-08 03:14:59 
jj1 = 103, max_th = 1.155169e+00, time=2025-04-08 03:19:20 
jj1 = 416, max_th = 1.186090e+00, time=2025-04-08 03:21:34 
jj1 = 457, max_th = 1.742622e+00, time=2025-04-08 03:21:51 
jj1 = 373, max_th = 1.414897e+00, time=2025-04-08 03:21:53 
jj1 = 494, max_th = 2.219557e+00, time=2025-04-08 03:25:08 
jj1 = 143, max_th = 1.921336e+00, time=2025-04-08 03:25:20 
jj1 = 71, max_th = 2.235036e+00, time=2025-04-08 03:26:32 
jj1 = 262, max_th = 1.696238e+00, time=2025-04-08 03:28:44 
jj1 = 102, max_th = 1.409600e+00, time=2025-04-08 03:30:14 
jj1 = 261, max_th = 8.962676e-01, time=2025-04-08 03:30:28 
jj1 = 184, max_th = 1.721466e+00, time=2025-04-08 03:32:57 
jj1 = 226, max_th = 1.892408e+00, time=2025-04-08 03:34:20 
jj1 = 297, max_th = 1.771003e+00, time=2025-04-08 03:34:32 
jj1 = 415, max_th = 2.526147e+00, time=2025-04-08 03:34:57 
jj1 = 456, max_th = 1.799811e+00, time=2025-04-08 03:35:46 
jj1 = 101, max_th = 1.151637e+00, time=2025-04-08 03:36:02 
jj1 = 341, max_th = 2.111684e+00, time=2025-04-08 03:39:43 
jj1 = 588, max_th = 2.362346e+00, time=2025-04-08 03:42:14 
jj1 = 493, max_th = 2.266698e+00, time=2025-04-08 03:45:50 
jj1 = 100, max_th = 1.535648e+00, time=2025-04-08 03:46:00 
jj1 = 492, max_th = 7.529273e-01, time=2025-04-08 03:47:25 
jj1 = 142, max_th = 1.619281e+00, time=2025-04-08 03:47:29 
jj1 = 225, max_th = 1.323273e+00, time=2025-04-08 03:47:33 
jj1 = 183, max_th = 2.299452e+00, time=2025-04-08 03:48:16 
jj1 = 455, max_th = 1.428389e+00, time=2025-04-08 03:48:19 
jj1 = 260, max_th = 1.760047e+00, time=2025-04-08 03:50:11 
jj1 = 414, max_th = 2.108246e+00, time=2025-04-08 03:57:37 
jj1 = 70, max_th = 2.172605e+00, time=2025-04-08 03:58:49 
jj1 = 587, max_th = 2.371723e+00, time=2025-04-08 03:59:33 
jj1 = 491, max_th = 2.450776e+00, time=2025-04-08 04:00:12 
jj1 = 340, max_th = 1.788779e+00, time=2025-04-08 04:01:17 
jj1 = 224, max_th = 2.373333e+00, time=2025-04-08 04:07:16 
jj1 = 259, max_th = 1.757429e+00, time=2025-04-08 04:08:40 
jj1 = 548, max_th = 2.086302e+00, time=2025-04-08 04:08:46 
jj1 = 339, max_th = 9.780664e-01, time=2025-04-08 04:09:24 
jj1 = 490, max_th = 1.312842e+00, time=2025-04-08 04:09:32 
jj1 = 296, max_th = 1.713208e+00, time=2025-04-08 04:10:53 
jj1 = 454, max_th = 2.717850e+00, time=2025-04-08 04:13:37 
jj1 = 141, max_th = 1.877765e+00, time=2025-04-08 04:15:24 
jj1 = 547, max_th = 1.335160e+00, time=2025-04-08 04:17:20 
jj1 = 182, max_th = 2.060481e+00, time=2025-04-08 04:19:31 
jj1 = 586, max_th = 1.841337e+00, time=2025-04-08 04:22:03 
jj1 = 413, max_th = 1.687245e+00, time=2025-04-08 04:22:43 
jj1 = 69, max_th = 2.195422e+00, time=2025-04-08 04:25:04 
jj1 = 453, max_th = 1.359440e+00, time=2025-04-08 04:26:55 
jj1 = 223, max_th = 1.755962e+00, time=2025-04-08 04:26:57 
jj1 = 546, max_th = 2.614655e+00, time=2025-04-08 04:27:18 
jj1 = 258, max_th = 1.625413e+00, time=2025-04-08 04:28:16 
jj1 = 688, max_th = 1.743076e+00, time=2025-04-08 04:28:41 
jj1 = 295, max_th = 1.541495e+00, time=2025-04-08 04:30:33 
jj1 = 338, max_th = 1.904335e+00, time=2025-04-08 04:31:16 
jj1 = 140, max_th = 1.763534e+00, time=2025-04-08 04:32:17 
jj1 = 545, max_th = 1.393038e+00, time=2025-04-08 04:39:49 
jj1 = 585, max_th = 1.573260e+00, time=2025-04-08 04:40:44 
jj1 = 181, max_th = 1.869527e+00, time=2025-04-08 04:44:29 
jj1 = 452, max_th = 1.661120e+00, time=2025-04-08 04:45:59 
jj1 = 68, max_th = 2.128110e+00, time=2025-04-08 04:46:09 
jj1 = 337, max_th = 1.495310e+00, time=2025-04-08 04:47:25 
jj1 = 687, max_th = 2.308286e+00, time=2025-04-08 04:48:07 
jj1 = 412, max_th = 2.026156e+00, time=2025-04-08 04:48:29 
jj1 = 257, max_th = 1.679185e+00, time=2025-04-08 04:48:55 
jj1 = 139, max_th = 2.301373e+00, time=2025-04-08 04:51:57 
jj1 = 608, max_th = 1.783056e+00, time=2025-04-08 04:52:41 
jj1 = 222, max_th = 1.826774e+00, time=2025-04-08 04:56:45 
jj1 = 180, max_th = 2.572515e+00, time=2025-04-08 04:57:42 
jj1 = 256, max_th = 2.731684e+00, time=2025-04-08 04:58:20 
jj1 = 686, max_th = 1.501051e+00, time=2025-04-08 04:59:54 
jj1 = 544, max_th = 1.754599e+00, time=2025-04-08 05:00:49 
jj1 = 584, max_th = 1.792613e+00, time=2025-04-08 05:02:02 
jj1 = 451, max_th = 2.001646e+00, time=2025-04-08 05:04:50 
jj1 = 648, max_th = 2.742864e+00, time=2025-04-08 05:05:50 
jj1 = 748, max_th = 2.415664e+00, time=2025-04-08 05:06:17 
jj1 = 67, max_th = 1.524551e+00, time=2025-04-08 05:08:20 
jj1 = 336, max_th = 2.105411e+00, time=2025-04-08 05:13:40 
jj1 = 543, max_th = 1.390612e+00, time=2025-04-08 05:14:09 
jj1 = 628, max_th = 1.696785e+00, time=2025-04-08 05:14:36 
jj1 = 607, max_th = 2.041763e+00, time=2025-04-08 05:17:25 
jj1 = 66, max_th = 1.270441e+00, time=2025-04-08 05:17:47 
jj1 = 221, max_th = 2.242152e+00, time=2025-04-08 05:20:19 
jj1 = 647, max_th = 2.218333e+00, time=2025-04-08 05:24:04 
jj1 = 542, max_th = 2.598953e+00, time=2025-04-08 05:24:09 
jj1 = 179, max_th = 1.711573e+00, time=2025-04-08 05:26:19 
jj1 = 568, max_th = 1.757297e+00, time=2025-04-08 05:26:47 
jj1 = 583, max_th = 1.905250e+00, time=2025-04-08 05:26:52 
jj1 = 65, max_th = 1.695946e+00, time=2025-04-08 05:29:37 
jj1 = 747, max_th = 2.114892e+00, time=2025-04-08 05:30:03 
jj1 = 606, max_th = 1.302917e+00, time=2025-04-08 05:32:50 
jj1 = 685, max_th = 1.867293e+00, time=2025-04-08 05:33:32 
jj1 = 627, max_th = 2.423619e+00, time=2025-04-08 05:35:28 
jj1 = 335, max_th = 2.211542e+00, time=2025-04-08 05:36:11 
jj1 = 178, max_th = 1.560817e+00, time=2025-04-08 05:41:31 
jj1 = 646, max_th = 1.465048e+00, time=2025-04-08 05:41:42 
jj1 = 541, max_th = 1.691080e+00, time=2025-04-08 05:44:24 
jj1 = 626, max_th = 2.673478e+00, time=2025-04-08 05:45:26 
jj1 = 220, max_th = 1.963139e+00, time=2025-04-08 05:45:30 
jj1 = 746, max_th = 2.296236e+00, time=2025-04-08 05:48:08 
jj1 = 605, max_th = 2.428308e+00, time=2025-04-08 05:48:45 
jj1 = 708, max_th = 9.405708e-01, time=2025-04-08 05:49:56 
jj1 = 64, max_th = 1.521535e+00, time=2025-04-08 05:50:44 
jj1 = 567, max_th = 2.128642e+00, time=2025-04-08 05:52:06 
jj1 = 645, max_th = 1.239102e+00, time=2025-04-08 05:52:18 
jj1 = 582, max_th = 1.819807e+00, time=2025-04-08 05:53:01 
jj1 = 63, max_th = -4.847057e-01, time=2025-04-08 05:53:28 
jj1 = 604, max_th = 2.732273e+00, time=2025-04-08 05:57:29 
jj1 = 334, max_th = 1.801179e+00, time=2025-04-08 05:57:54 
jj1 = 684, max_th = 1.428956e+00, time=2025-04-08 05:59:32 
jj1 = 540, max_th = 2.102642e+00, time=2025-04-08 05:59:48 
jj1 = 566, max_th = 2.549362e+00, time=2025-04-08 06:02:55 
jj1 = 219, max_th = 1.741979e+00, time=2025-04-08 06:07:54 
jj1 = 581, max_th = 2.502005e+00, time=2025-04-08 06:09:09 
jj1 = 745, max_th = 1.846954e+00, time=2025-04-08 06:09:54 
jj1 = 707, max_th = 1.776572e+00, time=2025-04-08 06:11:21 
jj1 = 62, max_th = 1.804874e+00, time=2025-04-08 06:12:23 
jj1 = 603, max_th = 1.851946e+00, time=2025-04-08 06:12:31 
jj1 = 768, max_th = 2.592286e+00, time=2025-04-08 06:14:11 
jj1 = 625, max_th = 2.317283e+00, time=2025-04-08 06:16:31 
jj1 = 683, max_th = 1.699299e+00, time=2025-04-08 06:16:39 
jj1 = 624, max_th = 5.284249e-03, time=2025-04-08 06:17:24 
jj1 = 539, max_th = 2.210620e+00, time=2025-04-08 06:17:27 
jj1 = 580, max_th = 1.248151e+00, time=2025-04-08 06:17:59 
jj1 = 644, max_th = 1.882153e+00, time=2025-04-08 06:19:15 
jj1 = 682, max_th = 2.889839e+00, time=2025-04-08 06:22:32 
jj1 = 706, max_th = 2.544148e+00, time=2025-04-08 06:24:18 
jj1 = 218, max_th = 1.482778e+00, time=2025-04-08 06:24:37 
jj1 = 61, max_th = 2.400233e+00, time=2025-04-08 06:26:00 
jj1 = 565, max_th = 2.033376e+00, time=2025-04-08 06:27:02 
jj1 = 744, max_th = 2.344610e+00, time=2025-04-08 06:29:50 
jj1 = 538, max_th = 2.270874e+00, time=2025-04-08 06:32:19 
jj1 = 643, max_th = 1.392680e+00, time=2025-04-08 06:32:35 
jj1 = 217, max_th = 2.482246e+00, time=2025-04-08 06:35:19 
jj1 = 602, max_th = 2.233654e+00, time=2025-04-08 06:35:25 
jj1 = 601, max_th = 3.107445e+00, time=2025-04-08 06:35:45 
jj1 = 600, max_th = 4.479021e-01, time=2025-04-08 06:36:53 
jj1 = 681, max_th = 2.448472e+00, time=2025-04-08 06:37:28 
jj1 = 743, max_th = 9.845331e-01, time=2025-04-08 06:39:13 
jj1 = 537, max_th = 1.403904e+00, time=2025-04-08 06:41:09 
jj1 = 564, max_th = 1.326980e+00, time=2025-04-08 06:41:20 
jj1 = 767, max_th = 1.944157e+00, time=2025-04-08 06:41:58 
jj1 = 623, max_th = 1.891687e+00, time=2025-04-08 06:43:31 
jj1 = 579, max_th = 1.878717e+00, time=2025-04-08 06:45:09 
jj1 = 705, max_th = 2.365331e+00, time=2025-04-08 06:46:03 
jj1 = 766, max_th = 2.834140e+00, time=2025-04-08 06:47:43 
jj1 = 680, max_th = 1.517067e+00, time=2025-04-08 06:48:08 
jj1 = 742, max_th = 1.830773e+00, time=2025-04-08 06:53:18 
jj1 = 642, max_th = 2.330523e+00, time=2025-04-08 06:54:00 
jj1 = 679, max_th = 2.826014e+00, time=2025-04-08 06:55:45 
jj1 = 668, max_th = 2.642168e+00, time=2025-04-08 06:56:25 
jj1 = 599, max_th = 1.845775e+00, time=2025-04-08 06:56:29 
jj1 = 728, max_th = 2.212540e+00, time=2025-04-08 06:56:46 
jj1 = 704, max_th = 2.393373e+00, time=2025-04-08 07:00:34 
jj1 = 536, max_th = 2.236407e+00, time=2025-04-08 07:00:58 
jj1 = 622, max_th = 1.689075e+00, time=2025-04-08 07:03:25 
jj1 = 641, max_th = 1.449521e+00, time=2025-04-08 07:04:39 
jj1 = 563, max_th = 1.607547e+00, time=2025-04-08 07:05:25 
jj1 = 703, max_th = 1.105440e+00, time=2025-04-08 07:07:38 
jj1 = 578, max_th = 2.071127e+00, time=2025-04-08 07:12:00 
jj1 = 765, max_th = 2.143365e+00, time=2025-04-08 07:12:05 
jj1 = 598, max_th = 1.593778e+00, time=2025-04-08 07:12:56 
jj1 = 741, max_th = 2.046689e+00, time=2025-04-08 07:14:11 
jj1 = 667, max_th = 2.377703e+00, time=2025-04-08 07:15:50 
jj1 = 727, max_th = 2.595098e+00, time=2025-04-08 07:20:00 
jj1 = 535, max_th = 2.338081e+00, time=2025-04-08 07:20:52 
jj1 = 702, max_th = 1.949979e+00, time=2025-04-08 07:21:14 
jj1 = 678, max_th = 2.135345e+00, time=2025-04-08 07:25:16 
jj1 = 621, max_th = 2.062208e+00, time=2025-04-08 07:25:57 
jj1 = 677, max_th = 2.956580e+00, time=2025-04-08 07:27:18 
jj1 = 562, max_th = 2.225816e+00, time=2025-04-08 07:27:46 
jj1 = 640, max_th = 1.923687e+00, time=2025-04-08 07:29:08 
jj1 = 597, max_th = 1.679564e+00, time=2025-04-08 07:30:13 
jj1 = 639, max_th = 7.238198e-01, time=2025-04-08 07:31:16 
jj1 = 577, max_th = 2.021706e+00, time=2025-04-08 07:32:32 
jj1 = 666, max_th = 1.464322e+00, time=2025-04-08 07:33:09 
jj1 = 764, max_th = 2.281439e+00, time=2025-04-08 07:34:30 
jj1 = 638, max_th = 8.974262e-01, time=2025-04-08 07:36:25 
jj1 = 726, max_th = 2.383780e+00, time=2025-04-08 07:38:04 
jj1 = 620, max_th = 1.504404e+00, time=2025-04-08 07:39:34 
jj1 = 740, max_th = 1.859746e+00, time=2025-04-08 07:40:50 
jj1 = 561, max_th = 1.362117e+00, time=2025-04-08 07:44:59 
jj1 = 534, max_th = 1.964291e+00, time=2025-04-08 07:45:19 
jj1 = 701, max_th = 2.211776e+00, time=2025-04-08 07:46:25 
jj1 = 596, max_th = 1.544400e+00, time=2025-04-08 07:48:01 
jj1 = 676, max_th = 1.883791e+00, time=2025-04-08 07:49:00 
jj1 = 576, max_th = 2.267139e+00, time=2025-04-08 07:53:32 
jj1 = 665, max_th = 1.746493e+00, time=2025-04-08 07:56:02 
jj1 = 675, max_th = 2.832920e+00, time=2025-04-08 07:56:50 
jj1 = 725, max_th = 1.675292e+00, time=2025-04-08 07:58:43 
jj1 = 637, max_th = 1.995245e+00, time=2025-04-08 07:59:05 
jj1 = 763, max_th = 1.940762e+00, time=2025-04-08 07:59:23 
jj1 = 700, max_th = 1.748219e+00, time=2025-04-08 07:59:42 
jj1 = 575, max_th = 2.619708e+00, time=2025-04-08 08:03:55 
jj1 = 664, max_th = 1.228696e+00, time=2025-04-08 08:03:56 
jj1 = 674, max_th = 2.785309e+00, time=2025-04-08 08:04:02 
jj1 = 699, max_th = 3.104269e+00, time=2025-04-08 08:04:26 
jj1 = 619, max_th = 2.022109e+00, time=2025-04-08 08:05:01 
jj1 = 533, max_th = 1.425540e+00, time=2025-04-08 08:05:05 
jj1 = 739, max_th = 1.537642e+00, time=2025-04-08 08:06:53 
jj1 = 595, max_th = 2.055570e+00, time=2025-04-08 08:09:20 
jj1 = 560, max_th = 2.041202e+00, time=2025-04-08 08:09:53 
jj1 = 574, max_th = 2.499703e+00, time=2025-04-08 08:13:16 
jj1 = 762, max_th = 1.600889e+00, time=2025-04-08 08:13:31 
jj1 = 724, max_th = 1.494526e+00, time=2025-04-08 08:14:09 
jj1 = 532, max_th = 2.552983e+00, time=2025-04-08 08:16:13 
jj1 = 573, max_th = 2.810663e+00, time=2025-04-08 08:16:43 
jj1 = 531, max_th = -8.162443e-02, time=2025-04-08 08:18:21 
jj1 = 636, max_th = 1.792443e+00, time=2025-04-08 08:20:13 
jj1 = 530, max_th = 3.034730e+00, time=2025-04-08 08:22:06 
jj1 = 618, max_th = 1.518135e+00, time=2025-04-08 08:25:45 
jj1 = 663, max_th = 2.190011e+00, time=2025-04-08 08:26:44 
jj1 = 738, max_th = 2.050768e+00, time=2025-04-08 08:27:56 
jj1 = 673, max_th = 2.118882e+00, time=2025-04-08 08:28:23 
jj1 = 698, max_th = 2.358215e+00, time=2025-04-08 08:32:24 
jj1 = 594, max_th = 1.971952e+00, time=2025-04-08 08:33:18 
jj1 = 559, max_th = 1.886047e+00, time=2025-04-08 08:33:21 
jj1 = 635, max_th = 1.465009e+00, time=2025-04-08 08:34:45 
jj1 = 761, max_th = 1.842446e+00, time=2025-04-08 08:34:48 
jj1 = 662, max_th = 2.509990e+00, time=2025-04-08 08:36:19 
jj1 = 723, max_th = 2.321507e+00, time=2025-04-08 08:40:00 
jj1 = 737, max_th = 1.316433e+00, time=2025-04-08 08:41:27 
jj1 = 697, max_th = 1.452976e+00, time=2025-04-08 08:43:18 
jj1 = 672, max_th = 2.397713e+00, time=2025-04-08 08:43:29 
jj1 = 593, max_th = 1.461887e+00, time=2025-04-08 08:46:02 
jj1 = 617, max_th = 2.206864e+00, time=2025-04-08 08:46:44 
jj1 = 529, max_th = 1.914846e+00, time=2025-04-08 08:46:46 
jj1 = 661, max_th = 1.317918e+00, time=2025-04-08 08:52:03 
jj1 = 634, max_th = 2.302405e+00, time=2025-04-08 08:53:24 
jj1 = 558, max_th = 2.192272e+00, time=2025-04-08 08:55:19 
jj1 = 660, max_th = 8.826526e-01, time=2025-04-08 08:56:55 
jj1 = 760, max_th = 2.372688e+00, time=2025-04-08 08:57:36 
jj1 = 722, max_th = 2.102490e+00, time=2025-04-08 09:01:35 
jj1 = 736, max_th = 1.908878e+00, time=2025-04-08 09:02:38 
jj1 = 572, max_th = 1.595686e+00, time=2025-04-08 09:03:22 
jj1 = 788, max_th = 2.310103e+00, time=2025-04-08 09:03:53 
jj1 = 671, max_th = 1.486451e+00, time=2025-04-08 09:04:21 
jj1 = 759, max_th = 2.766331e+00, time=2025-04-08 09:04:48 
jj1 = 592, max_th = 2.473548e+00, time=2025-04-08 09:05:27 
jj1 = 557, max_th = 2.299959e+00, time=2025-04-08 09:06:03 
jj1 = 696, max_th = 2.098094e+00, time=2025-04-08 09:07:30 
jj1 = 695, max_th = -3.626344e-02, time=2025-04-08 09:08:31 
jj1 = 659, max_th = 2.741333e+00, time=2025-04-08 09:10:11 
jj1 = 616, max_th = 1.783118e+00, time=2025-04-08 09:11:32 
jj1 = 633, max_th = 1.616701e+00, time=2025-04-08 09:12:21 
jj1 = 632, max_th = 3.603765e+00, time=2025-04-08 09:12:23 
jj1 = 735, max_th = 2.586321e+00, time=2025-04-08 09:14:45 
jj1 = 758, max_th = 1.319295e+00, time=2025-04-08 09:17:41 
jj1 = 734, max_th = 7.131742e-01, time=2025-04-08 09:18:02 
jj1 = 787, max_th = 2.508638e+00, time=2025-04-08 09:18:51 
jj1 = 721, max_th = 2.305344e+00, time=2025-04-08 09:20:37 
jj1 = 694, max_th = 1.293826e+00, time=2025-04-08 09:21:16 
jj1 = 556, max_th = 1.443260e+00, time=2025-04-08 09:21:23 
jj1 = 786, max_th = 2.956972e+00, time=2025-04-08 09:22:54 
jj1 = 615, max_th = 1.431108e+00, time=2025-04-08 09:25:23 
jj1 = 670, max_th = 1.769289e+00, time=2025-04-08 09:27:49 
jj1 = 571, max_th = 1.962300e+00, time=2025-04-08 09:27:53 
jj1 = 693, max_th = 1.016479e+00, time=2025-04-08 09:27:57 
jj1 = 591, max_th = 1.917128e+00, time=2025-04-08 09:29:11 
jj1 = 658, max_th = 1.585898e+00, time=2025-04-08 09:31:55 
jj1 = 570, max_th = 1.252117e+00, time=2025-04-08 09:34:17 
jj1 = 631, max_th = 2.054274e+00, time=2025-04-08 09:35:04 
jj1 = 614, max_th = 2.551031e+00, time=2025-04-08 09:37:43 
jj1 = 733, max_th = 1.988482e+00, time=2025-04-08 09:38:37 
jj1 = 720, max_th = 1.849006e+00, time=2025-04-08 09:39:12 
jj1 = 785, max_th = 2.301058e+00, time=2025-04-08 09:39:38 
jj1 = 590, max_th = 1.371363e+00, time=2025-04-08 09:43:12 
jj1 = 757, max_th = 2.017026e+00, time=2025-04-08 09:43:50 
jj1 = 630, max_th = 1.056838e+00, time=2025-04-08 09:45:14 
jj1 = 555, max_th = 1.950824e+00, time=2025-04-08 09:47:35 
jj1 = 784, max_th = 1.340301e+00, time=2025-04-08 09:49:11 
jj1 = 692, max_th = 2.235459e+00, time=2025-04-08 09:52:01 
jj1 = 669, max_th = 1.810833e+00, time=2025-04-08 09:53:21 
jj1 = 613, max_th = 2.436883e+00, time=2025-04-08 09:54:18 
jj1 = 657, max_th = 2.225674e+00, time=2025-04-08 09:55:48 
jj1 = 569, max_th = 2.216246e+00, time=2025-04-08 09:56:08 
jj1 = 783, max_th = 2.543884e+00, time=2025-04-08 09:56:39 
jj1 = 732, max_th = 1.740211e+00, time=2025-04-08 09:58:35 
jj1 = 629, max_th = 1.540702e+00, time=2025-04-08 10:00:17 
jj1 = 589, max_th = 1.629031e+00, time=2025-04-08 10:00:41 
jj1 = 756, max_th = 2.411972e+00, time=2025-04-08 10:02:16 
jj1 = 719, max_th = 2.057656e+00, time=2025-04-08 10:04:04 
jj1 = 554, max_th = 1.492357e+00, time=2025-04-08 10:05:21 
jj1 = 553, max_th = 5.215115e-01, time=2025-04-08 10:06:55 
jj1 = 691, max_th = 2.444377e+00, time=2025-04-08 10:07:42 
jj1 = 656, max_th = 2.395806e+00, time=2025-04-08 10:09:51 
jj1 = 731, max_th = 1.649367e+00, time=2025-04-08 10:13:40 
jj1 = 798, max_th = 2.236319e+00, time=2025-04-08 10:14:48 
jj1 = 782, max_th = 2.320857e+00, time=2025-04-08 10:16:26 
jj1 = 808, max_th = 1.594759e+00, time=2025-04-08 10:19:14 
jj1 = 838, max_th = 2.362316e+00, time=2025-04-08 10:19:42 
jj1 = 612, max_th = 1.506042e+00, time=2025-04-08 10:19:46 
jj1 = 718, max_th = 1.438179e+00, time=2025-04-08 10:19:47 
jj1 = 778, max_th = 1.907842e+00, time=2025-04-08 10:20:43 
jj1 = 837, max_th = 7.020256e-01, time=2025-04-08 10:21:09 
jj1 = 755, max_th = 1.194874e+00, time=2025-04-08 10:21:33 
jj1 = 552, max_th = 1.798520e+00, time=2025-04-08 10:24:54 
jj1 = 551, max_th = 1.137328e+00, time=2025-04-08 10:26:55 
jj1 = 690, max_th = 2.318302e+00, time=2025-04-08 10:29:06 
jj1 = 689, max_th = 2.991627e+00, time=2025-04-08 10:31:49 
jj1 = 655, max_th = 2.161320e+00, time=2025-04-08 10:32:36 
jj1 = 611, max_th = 1.447882e+00, time=2025-04-08 10:34:20 
jj1 = 797, max_th = 2.042382e+00, time=2025-04-08 10:36:17 
jj1 = 730, max_th = 2.163000e+00, time=2025-04-08 10:37:05 
jj1 = 550, max_th = 2.149698e+00, time=2025-04-08 10:42:27 
jj1 = 807, max_th = 2.082169e+00, time=2025-04-08 10:42:50 
jj1 = 777, max_th = 1.659229e+00, time=2025-04-08 10:43:04 
jj1 = 781, max_th = 1.941468e+00, time=2025-04-08 10:43:45 
jj1 = 754, max_th = 1.944774e+00, time=2025-04-08 10:44:39 
jj1 = 717, max_th = 2.114467e+00, time=2025-04-08 10:45:38 
jj1 = 836, max_th = 1.832490e+00, time=2025-04-08 10:47:58 
jj1 = 654, max_th = 2.083957e+00, time=2025-04-08 10:50:11 
jj1 = 858, max_th = 1.898925e+00, time=2025-04-08 10:51:43 
jj1 = 796, max_th = 2.456752e+00, time=2025-04-08 10:51:59 
jj1 = 776, max_th = 1.212796e+00, time=2025-04-08 10:53:05 
jj1 = 780, max_th = 2.483915e+00, time=2025-04-08 10:53:50 
jj1 = 857, max_th = 2.950484e+00, time=2025-04-08 10:54:09 
jj1 = 653, max_th = 2.825498e+00, time=2025-04-08 10:56:54 
jj1 = 610, max_th = 1.726451e+00, time=2025-04-08 10:57:58 
jj1 = 729, max_th = 1.733178e+00, time=2025-04-08 10:58:12 
jj1 = 652, max_th = 8.547775e-01, time=2025-04-08 11:01:19 
jj1 = 818, max_th = 2.775063e+00, time=2025-04-08 11:03:00 
jj1 = 753, max_th = 1.589900e+00, time=2025-04-08 11:03:37 
jj1 = 716, max_th = 1.731649e+00, time=2025-04-08 11:06:31 
jj1 = 549, max_th = 2.182351e+00, time=2025-04-08 11:06:37 
jj1 = 835, max_th = 2.426017e+00, time=2025-04-08 11:06:50 
jj1 = 806, max_th = 1.916169e+00, time=2025-04-08 11:06:56 
jj1 = 609, max_th = 2.299024e+00, time=2025-04-08 11:09:30 
jj1 = 856, max_th = 1.608113e+00, time=2025-04-08 11:15:50 
jj1 = 855, max_th = -3.027641e-01, time=2025-04-08 11:16:02 
jj1 = 651, max_th = 2.487287e+00, time=2025-04-08 11:16:23 
jj1 = 795, max_th = 2.076945e+00, time=2025-04-08 11:18:00 
jj1 = 775, max_th = 2.110795e+00, time=2025-04-08 11:18:33 
jj1 = 805, max_th = 2.403815e+00, time=2025-04-08 11:20:50 
jj1 = 752, max_th = 2.340867e+00, time=2025-04-08 11:23:15 
jj1 = 817, max_th = 1.605322e+00, time=2025-04-08 11:24:27 
jj1 = 848, max_th = 2.491484e+00, time=2025-04-08 11:25:43 
jj1 = 828, max_th = 2.411343e+00, time=2025-04-08 11:26:29 
jj1 = 715, max_th = 1.711483e+00, time=2025-04-08 11:28:56 
jj1 = 650, max_th = 1.517016e+00, time=2025-04-08 11:29:38 
jj1 = 779, max_th = 2.364156e+00, time=2025-04-08 11:29:44 
jj1 = 854, max_th = 2.342601e+00, time=2025-04-08 11:30:29 
jj1 = 834, max_th = 2.125702e+00, time=2025-04-08 11:33:20 
jj1 = 774, max_th = 1.801089e+00, time=2025-04-08 11:34:43 
jj1 = 853, max_th = 3.231993e+00, time=2025-04-08 11:37:46 
jj1 = 649, max_th = 1.210523e+00, time=2025-04-08 11:38:45 
jj1 = 804, max_th = 2.362960e+00, time=2025-04-08 11:39:05 
jj1 = 751, max_th = 2.200896e+00, time=2025-04-08 11:40:55 
jj1 = 847, max_th = 2.073921e+00, time=2025-04-08 11:41:11 
jj1 = 794, max_th = 1.952219e+00, time=2025-04-08 11:42:59 
jj1 = 714, max_th = 2.562410e+00, time=2025-04-08 11:43:12 
jj1 = 827, max_th = 1.570733e+00, time=2025-04-08 11:44:01 
jj1 = 750, max_th = 7.937344e-01, time=2025-04-08 11:44:18 
jj1 = 816, max_th = 1.931188e+00, time=2025-04-08 11:45:07 
jj1 = 793, max_th = 2.751244e+00, time=2025-04-08 11:49:27 
jj1 = 792, max_th = 2.974245e+00, time=2025-04-08 11:51:34 
jj1 = 749, max_th = 1.081725e+00, time=2025-04-08 11:52:08 
jj1 = 773, max_th = 2.435562e+00, time=2025-04-08 11:52:39 
jj1 = 852, max_th = 2.523682e+00, time=2025-04-08 11:54:36 
jj1 = 893, max_th = 2.127265e+00, time=2025-04-08 11:54:54 
jj1 = 826, max_th = 1.463386e+00, time=2025-04-08 11:55:41 
jj1 = 815, max_th = 1.074036e+00, time=2025-04-08 11:56:10 
jj1 = 803, max_th = 2.344969e+00, time=2025-04-08 11:57:35 
jj1 = 713, max_th = 2.498509e+00, time=2025-04-08 11:58:11 
jj1 = 833, max_th = 2.078259e+00, time=2025-04-08 11:59:53 
jj1 = 878, max_th = 1.712595e+00, time=2025-04-08 12:00:19 
jj1 = 892, max_th = 2.427755e+00, time=2025-04-08 12:03:55 
jj1 = 846, max_th = 2.230561e+00, time=2025-04-08 12:06:58 
jj1 = 814, max_th = 2.630732e+00, time=2025-04-08 12:08:42 
jj1 = 791, max_th = 2.215581e+00, time=2025-04-08 12:09:14 
jj1 = 772, max_th = 1.610987e+00, time=2025-04-08 12:11:24 
jj1 = 868, max_th = 2.246194e+00, time=2025-04-08 12:11:52 
jj1 = 851, max_th = 2.121579e+00, time=2025-04-08 12:14:09 
jj1 = 825, max_th = 2.316115e+00, time=2025-04-08 12:15:44 
jj1 = 832, max_th = 2.082781e+00, time=2025-04-08 12:19:30 
jj1 = 712, max_th = 1.992939e+00, time=2025-04-08 12:20:31 
jj1 = 877, max_th = 2.153890e+00, time=2025-04-08 12:20:37 
jj1 = 802, max_th = 2.016952e+00, time=2025-04-08 12:21:35 
jj1 = 850, max_th = 2.625041e+00, time=2025-04-08 12:22:49 
jj1 = 891, max_th = 2.057273e+00, time=2025-04-08 12:27:13 
jj1 = 867, max_th = 2.527070e+00, time=2025-04-08 12:27:49 
jj1 = 876, max_th = 1.142641e+00, time=2025-04-08 12:28:20 
jj1 = 813, max_th = 1.994958e+00, time=2025-04-08 12:29:31 
jj1 = 890, max_th = 2.988528e+00, time=2025-04-08 12:29:41 
jj1 = 845, max_th = 2.061799e+00, time=2025-04-08 12:29:42 
jj1 = 711, max_th = 1.552845e+00, time=2025-04-08 12:32:06 
jj1 = 790, max_th = 2.046177e+00, time=2025-04-08 12:33:01 
jj1 = 771, max_th = 2.159631e+00, time=2025-04-08 12:34:30 
jj1 = 770, max_th = 1.134125e+00, time=2025-04-08 12:36:08 
jj1 = 824, max_th = 2.040798e+00, time=2025-04-08 12:36:24 
jj1 = 849, max_th = 2.449785e+00, time=2025-04-08 12:38:53 
jj1 = 831, max_th = 2.332031e+00, time=2025-04-08 12:40:45 
jj1 = 801, max_th = 1.853812e+00, time=2025-04-08 12:41:35 
jj1 = 823, max_th = 2.652884e+00, time=2025-04-08 12:45:01 
jj1 = 889, max_th = 2.305169e+00, time=2025-04-08 12:45:17 
jj1 = 844, max_th = 1.621561e+00, time=2025-04-08 12:50:33 
jj1 = 812, max_th = 2.107935e+00, time=2025-04-08 12:51:35 
jj1 = 710, max_th = 2.151890e+00, time=2025-04-08 12:51:37 
jj1 = 875, max_th = 1.727345e+00, time=2025-04-08 12:52:31 
jj1 = 866, max_th = 2.230768e+00, time=2025-04-08 12:54:43 
jj1 = 789, max_th = 2.285661e+00, time=2025-04-08 12:55:22 
jj1 = 938, max_th = 1.302034e+00, time=2025-04-08 12:56:08 
jj1 = 800, max_th = 1.616064e+00, time=2025-04-08 13:00:38 
jj1 = 769, max_th = 1.837821e+00, time=2025-04-08 13:01:09 
jj1 = 918, max_th = 2.088232e+00, time=2025-04-08 13:01:32 
jj1 = 811, max_th = 1.384067e+00, time=2025-04-08 13:04:18 
jj1 = 810, max_th = 6.823101e-01, time=2025-04-08 13:06:35 
jj1 = 830, max_th = 2.180814e+00, time=2025-04-08 13:06:42 
jj1 = 709, max_th = 3.030321e+00, time=2025-04-08 13:06:51 
jj1 = 822, max_th = 1.869914e+00, time=2025-04-08 13:07:49 
jj1 = 937, max_th = 2.511809e+00, time=2025-04-08 13:08:36 
jj1 = 874, max_th = 1.798762e+00, time=2025-04-08 13:11:56 
jj1 = 936, max_th = 2.665764e+00, time=2025-04-08 13:14:56 
jj1 = 873, max_th = 3.067959e+00, time=2025-04-08 13:14:58 
jj1 = 843, max_th = 1.969162e+00, time=2025-04-08 13:15:23 
jj1 = 903, max_th = 1.640091e+00, time=2025-04-08 13:16:52 
jj1 = 799, max_th = 1.526842e+00, time=2025-04-08 13:17:02 
jj1 = 865, max_th = 1.712763e+00, time=2025-04-08 13:17:21 
jj1 = 898, max_th = 2.436477e+00, time=2025-04-08 13:18:05 
jj1 = 917, max_th = 1.967179e+00, time=2025-04-08 13:21:16 
jj1 = 809, max_th = 1.509299e+00, time=2025-04-08 13:24:58 
jj1 = 888, max_th = 1.231947e+00, time=2025-04-08 13:25:15 
jj1 = 829, max_th = 2.343605e+00, time=2025-04-08 13:29:32 
jj1 = 864, max_th = 2.584114e+00, time=2025-04-08 13:29:32 
jj1 = 821, max_th = 2.259375e+00, time=2025-04-08 13:31:09 
jj1 = 887, max_th = 2.688236e+00, time=2025-04-08 13:31:48 
jj1 = 908, max_th = 8.534112e-01, time=2025-04-08 13:34:24 
jj1 = 872, max_th = 2.386894e+00, time=2025-04-08 13:34:34 
jj1 = 935, max_th = 1.765639e+00, time=2025-04-08 13:35:19 
jj1 = 897, max_th = 1.673256e+00, time=2025-04-08 13:38:11 
jj1 = 842, max_th = 1.801511e+00, time=2025-04-08 13:38:52 
jj1 = 913, max_th = 1.690197e+00, time=2025-04-08 13:40:46 
jj1 = 912, max_th = -1.422457e+00, time=2025-04-08 13:41:19 
jj1 = 841, max_th = 9.633584e-01, time=2025-04-08 13:41:39 
jj1 = 916, max_th = 1.883077e+00, time=2025-04-08 13:41:44 
jj1 = 902, max_th = 2.177249e+00, time=2025-04-08 13:42:23 
jj1 = 863, max_th = 2.159395e+00, time=2025-04-08 13:46:16 
jj1 = 934, max_th = 1.231715e+00, time=2025-04-08 13:46:22 
jj1 = 820, max_th = 2.396493e+00, time=2025-04-08 13:47:51 
jj1 = 956, max_th = 2.031867e-01, time=2025-04-08 13:48:06 
jj1 = 923, max_th = 2.147544e+00, time=2025-04-08 13:49:12 
jj1 = 896, max_th = 1.499021e+00, time=2025-04-08 13:53:23 
jj1 = 886, max_th = 2.081837e+00, time=2025-04-08 13:55:44 
jj1 = 901, max_th = 1.392685e+00, time=2025-04-08 13:57:19 
jj1 = 907, max_th = 1.752663e+00, time=2025-04-08 13:58:14 
jj1 = 819, max_th = 1.304199e+00, time=2025-04-08 13:59:28 
jj1 = 871, max_th = 1.768415e+00, time=2025-04-08 13:59:38 
jj1 = 895, max_th = 9.592895e-01, time=2025-04-08 13:59:44 
jj1 = 906, max_th = 2.805003e+00, time=2025-04-08 14:02:13 
jj1 = 915, max_th = 1.618654e+00, time=2025-04-08 14:02:55 
jj1 = 870, max_th = 2.872731e+00, time=2025-04-08 14:05:26 
jj1 = 840, max_th = 2.265162e+00, time=2025-04-08 14:05:35 
jj1 = 905, max_th = 8.643793e-01, time=2025-04-08 14:06:14 
jj1 = 911, max_th = 2.166766e+00, time=2025-04-08 14:06:24 
jj1 = 955, max_th = 1.695247e+00, time=2025-04-08 14:11:59 
jj1 = 862, max_th = 1.754325e+00, time=2025-04-08 14:12:08 
jj1 = 922, max_th = 1.461908e+00, time=2025-04-08 14:13:46 
jj1 = 894, max_th = 1.370182e+00, time=2025-04-08 14:15:52 
jj1 = 885, max_th = 2.261668e+00, time=2025-04-08 14:23:59 
jj1 = 904, max_th = 1.480804e+00, time=2025-04-08 14:25:31 
jj1 = 914, max_th = 2.101492e+00, time=2025-04-08 14:26:07 
jj1 = 900, max_th = 2.151665e+00, time=2025-04-08 14:26:07 
jj1 = 933, max_th = 1.767845e+00, time=2025-04-08 14:26:56 
jj1 = 921, max_th = 2.592679e+00, time=2025-04-08 14:27:29 
jj1 = 954, max_th = 1.444005e+00, time=2025-04-08 14:29:32 
jj1 = 899, max_th = 1.180916e+00, time=2025-04-08 14:30:08 
jj1 = 869, max_th = 2.163970e+00, time=2025-04-08 14:31:36 
jj1 = 839, max_th = 1.925334e+00, time=2025-04-08 14:39:40 
jj1 = 910, max_th = 2.058633e+00, time=2025-04-08 14:40:11 
jj1 = 964, max_th = 9.567801e-01, time=2025-04-08 14:40:37 
jj1 = 861, max_th = 2.087688e+00, time=2025-04-08 14:41:01 
jj1 = 980, max_th = 1.411299e+00, time=2025-04-08 14:41:15 
jj1 = 960, max_th = 1.866382e+00, time=2025-04-08 14:43:12 
jj1 = 943, max_th = 1.300465e+00, time=2025-04-08 14:44:08 
jj1 = 932, max_th = 1.694701e+00, time=2025-04-08 14:51:14 
jj1 = 952, max_th = 1.702741e+00, time=2025-04-08 14:53:41 
jj1 = 884, max_th = 2.093459e+00, time=2025-04-08 14:54:09 
jj1 = 953, max_th = 2.387591e+00, time=2025-04-08 14:55:29 
jj1 = 909, max_th = 1.210144e+00, time=2025-04-08 14:55:36 
jj1 = 920, max_th = 2.271070e+00, time=2025-04-08 14:56:09 
jj1 = 860, max_th = 1.512397e+00, time=2025-04-08 14:58:14 
jj1 = 963, max_th = 2.562273e+00, time=2025-04-08 14:58:15 
jj1 = 942, max_th = 1.126001e+00, time=2025-04-08 14:58:59 
jj1 = 928, max_th = 1.483613e+00, time=2025-04-08 15:01:17 
jj1 = 931, max_th = 1.331163e+00, time=2025-04-08 15:04:00 
jj1 = 972, max_th = 1.081856e+00, time=2025-04-08 15:04:49 
jj1 = 979, max_th = 2.154456e+00, time=2025-04-08 15:05:28 
jj1 = 959, max_th = 1.709644e+00, time=2025-04-08 15:06:17 
jj1 = 919, max_th = 2.645744e+00, time=2025-04-08 15:09:53 
jj1 = 984, max_th = 1.506462e+00, time=2025-04-08 15:12:45 
jj1 = 941, max_th = 1.503396e+00, time=2025-04-08 15:15:57 
jj1 = 930, max_th = 1.184621e+00, time=2025-04-08 15:17:20 
jj1 = 859, max_th = 1.696252e+00, time=2025-04-08 15:17:31 
jj1 = 971, max_th = 1.305050e+00, time=2025-04-08 15:19:28 
jj1 = 962, max_th = 1.691274e+00, time=2025-04-08 15:26:42 
jj1 = 951, max_th = 2.009490e+00, time=2025-04-08 15:28:05 
jj1 = 883, max_th = 1.986242e+00, time=2025-04-08 15:29:12 
jj1 = 940, max_th = 1.331018e+00, time=2025-04-08 15:29:24 
jj1 = 927, max_th = 2.074442e+00, time=2025-04-08 15:31:02 
jj1 = 882, max_th = 2.774424e+00, time=2025-04-08 15:33:09 
jj1 = 961, max_th = 2.985149e+00, time=2025-04-08 15:34:05 
jj1 = 958, max_th = 1.767897e+00, time=2025-04-08 15:34:36 
jj1 = 978, max_th = 2.070264e+00, time=2025-04-08 15:34:49 
jj1 = 948, max_th = 2.561478e+00, time=2025-04-08 15:35:27 
jj1 = 976, max_th = 1.817195e+00, time=2025-04-08 15:38:12 
jj1 = 970, max_th = 2.044422e+00, time=2025-04-08 15:40:05 
jj1 = 950, max_th = 1.406420e+00, time=2025-04-08 15:40:51 
jj1 = 977, max_th = 1.058183e+00, time=2025-04-08 15:40:52 
jj1 = 983, max_th = 1.926710e+00, time=2025-04-08 15:43:32 
jj1 = 929, max_th = 2.121150e+00, time=2025-04-08 15:45:58 
jj1 = 957, max_th = 2.567635e+00, time=2025-04-08 15:48:06 
jj1 = 947, max_th = 2.692058e+00, time=2025-04-08 15:48:32 
jj1 = 926, max_th = 2.440681e+00, time=2025-04-08 15:49:36 
jj1 = 998, max_th = 1.604549e+00, time=2025-04-08 15:55:43 
jj1 = 939, max_th = 1.679479e+00, time=2025-04-08 15:56:17 
jj1 = 969, max_th = 2.429079e+00, time=2025-04-08 15:58:16 
jj1 = 975, max_th = 1.585349e+00, time=2025-04-08 15:59:46 
jj1 = 996, max_th = 1.955041e+00, time=2025-04-08 16:00:45 
jj1 = 881, max_th = 2.017369e+00, time=2025-04-08 16:01:33 
jj1 = 992, max_th = 1.378277e+00, time=2025-04-08 16:01:48 
jj1 = 880, max_th = 6.966636e-01, time=2025-04-08 16:02:12 
jj1 = 925, max_th = 2.100054e+00, time=2025-04-08 16:03:19 
jj1 = 982, max_th = 1.940385e+00, time=2025-04-08 16:04:20 
jj1 = 946, max_th = 1.592290e+00, time=2025-04-08 16:06:08 
jj1 = 949, max_th = 1.654860e+00, time=2025-04-08 16:07:15 
jj1 = 879, max_th = 2.933592e+00, time=2025-04-08 16:07:30 
jj1 = 988, max_th = 2.312430e+00, time=2025-04-08 16:09:32 
jj1 = 995, max_th = 2.569906e+00, time=2025-04-08 16:12:41 
jj1 = 991, max_th = 2.685206e+00, time=2025-04-08 16:12:45 
jj1 = 974, max_th = 2.101653e+00, time=2025-04-08 16:17:10 
jj1 = 945, max_th = 2.320138e+00, time=2025-04-08 16:21:17 
jj1 = 999, max_th = 1.983199e+00, time=2025-04-08 16:21:23 
jj1 = 997, max_th = 1.745424e+00, time=2025-04-08 16:22:55 
jj1 = 968, max_th = 1.504962e+00, time=2025-04-08 16:23:55 
jj1 = 981, max_th = 1.964070e+00, time=2025-04-08 16:24:46 
jj1 = 924, max_th = 1.882099e+00, time=2025-04-08 16:26:21 
jj1 = 987, max_th = 1.998865e+00, time=2025-04-08 16:27:36 
jj1 = 994, max_th = 1.656787e+00, time=2025-04-08 16:27:50 
jj1 = 990, max_th = 1.940644e+00, time=2025-04-08 16:33:16 
jj1 = 973, max_th = 1.614301e+00, time=2025-04-08 16:33:49 
jj1 = 967, max_th = 1.127313e+00, time=2025-04-08 16:33:50 
jj1 = 944, max_th = 1.801682e+00, time=2025-04-08 16:37:35 
jj1 = 993, max_th = 1.675119e+00, time=2025-04-08 16:38:55 
jj1 = 986, max_th = 2.375854e+00, time=2025-04-08 16:41:20 
jj1 = 1000, max_th = 1.766226e+00, time=2025-04-08 16:42:06 
jj1 = 966, max_th = 1.861585e+00, time=2025-04-08 16:45:44 
jj1 = 985, max_th = 1.712713e+00, time=2025-04-08 16:46:56 
jj1 = 989, max_th = 1.726862e+00, time=2025-04-08 16:47:25 
jj1 = 965, max_th = 2.016214e+00, time=2025-04-08 16:55:22 
>> >> >> >> >> >> >> >> >> 