MATLAB is selecting SOFTWARE OPENGL rendering.

                            < M A T L A B (R) >
                  Copyright 1984-2021 The MathWorks, Inc.
                  R2021b (9.11.0.1769968) 64-bit (glnxa64)
                             September 17, 2021

 
To get started, type doc.
For product information, visit www.mathworks.com.
 
>> >> >> >> >> >> >> >> >> >> >> >> >> >> >> >> >> >> >> Starting parallel pool (parpool) using the 'local' profile ...
[Warning: A task was unexpectedly found in state: Unavailable.] 
[> In parallel.cluster.Local/deriveJobStateFromTasks (line 29)
In parallel.cluster/Local/getJobState (line 174)
In parallel.cluster/CJSCluster/hGetJobState (line 375)
In parallel.internal.cluster/CJSJobMixin/hGetStateEnum (line 175)
In parallel/Job/get.StateEnum (line 247)
In parallel/Job/get.State (line 239)
In parallel.internal.customattr.CustomGetSet>iVectorisedGetHelper (line 128)
In parallel.internal.customattr.CustomGetSet>@(a,b,c)iVectorisedGetHelper(obj,a,b,c) (line 102)
In parallel.internal.customattr/CustomGetSet/doVectorisedGet (line 103)
In parallel.internal.customattr/CustomGetSet/hVectorisedGet (line 76)
In parallel.internal.customattr.GetSetImpl>iAccessProperties (line 322)
In parallel.internal.customattr.GetSetImpl>iGetAllPropertiesVec (line 264)
In parallel.internal.customattr/GetSetImpl/getImpl (line 133)
In parallel.internal.customattr.CustomGetSet>iHetFunGetFunction (line 154)
In parallel.internal.customattr.CustomGetSet>@(o)iHetFunGetFunction(o,props) (line 139)
In parallel.internal.cluster.hetfun (line 46)
In parallel.internal.customattr.CustomGetSet>iHetFunGetProperty (line 139)
In parallel.internal.customattr/CustomGetSet/get (line 38)
In parallel.internal.pool/AbstractInteractiveClient/pRemoveOldJobs (line 211)
In parallel.internal.pool/AbstractInteractiveClient/start (line 103)
In parallel.internal.pool.AbstractClusterPool>iStartClient (line 831)
In parallel.internal.pool/AbstractClusterPool/hBuildPool (line 585)
In parallel.internal.pool.doParpool (line 22)
In parpool (line 123)
In parallel.internal.parpool.getOrCreateCurrentPool (line 17)
In parallel.internal.pool/PoolArrayManager/getOrAutoCreateWithCleanup (line 44)
In pctTryCreatePoolIfNecessary (line 28)
In parallel_function (line 423)
In fn_measure (line 41)] 
Connected to the parallel pool (number of workers: 12).
Error of vP is 7.805780e-08 
Error of vP is 5.997233e-08 
Error of vP is 6.027949e-08 
Error of vP is 7.561084e-08 
Error of vP is 8.315989e-08 
Error of vP is 5.274533e-08 
Error of vP is 1.095019e-07 
Error of vP is 6.011710e-08 
Error of vP is 8.935546e-08 
Error of vP is 1.915111e-07 
Error of vP is 5.113835e-08 
Error of vP is 1.123405e-07 
Error of vP is 5.633457e-08 
Error of vP is 6.483607e-08 
Error of vP is 1.162004e-07 
Error of vP is 1.029753e-07 
Error of vP is 1.306502e-07 
Error of vP is 1.417886e-07 
Error of vP is 9.395649e-08 
Error of vP is 1.711450e-07 
Error of vP is 1.118092e-07 
Error of vP is 1.364105e-07 
Error of vP is 8.999842e-08 
Error of vP is 6.811458e-08 
Error of vP is 1.517687e-07 
Error of vP is 3.556907e-07 
Error of vP is 5.891218e-08 
Error of vP is 1.901838e-07 
Error of vP is 2.199351e-07 
Error of vP is 1.363964e-07 
Error of vP is 7.655915e-08 
Error of vP is 5.419104e-08 
Error of vP is 1.208591e-07 
Error of vP is 5.845359e-08 
Error of vP is 2.003975e-07 
Error of vP is 9.480344e-08 
Error of vP is 1.085830e-07 
Error of vP is 1.018399e-07 
Error of vP is 1.215710e-07 
Error of vP is 1.388498e-07 
Error of vP is 1.961014e-07 
Error of vP is 2.013984e-07 
Error of vP is 6.551165e-08 
Error of vP is 1.101554e-07 
Error of vP is 1.289222e-07 
Error of vP is 8.757490e-08 
Error of vP is 5.216691e-08 
Error of vP is 1.037704e-07 
Error of vP is 1.182415e-07 
Error of vP is 8.594843e-08 
Error of vP is 5.489505e-08 
Error of vP is 1.289510e-07 
Error of vP is 1.436622e-07 
Error of vP is 1.365690e-07 
Error of vP is 7.000652e-08 
Error of vP is 6.808062e-08 
Error of vP is 5.613827e-08 
Error of vP is 7.912213e-08 
Error of vP is 6.112475e-08 
Error of vP is 5.945504e-08 
Error of vP is 7.415729e-08 
Error of vP is 8.800136e-08 
Error of vP is 5.170597e-08 
Error of vP is 5.727082e-08 
Error of vP is 1.159067e-07 
Error of vP is 6.505014e-08 
Error of vP is 1.139070e-07 
Error of vP is 1.023824e-07 
Error of vP is 1.174663e-07 
Error of vP is 1.269671e-07 
Error of vP is 1.452679e-07 
Error of vP is 5.807275e-08 
Error of vP is 8.077298e-08 
Error of vP is 7.688347e-08 
Error of vP is 5.596875e-08 
Error of vP is 6.108590e-08 
Error of vP is 1.238402e-07 
Error of vP is 1.264422e-07 
Error of vP is 8.162325e-08 
Error of vP is 9.704040e-08 
Error of vP is 6.391130e-08 
Error of vP is 8.943765e-08 
Error of vP is 7.560787e-08 
Error of vP is 6.143045e-08 
Error of vP is 1.078090e-07 
Error of vP is 8.633183e-08 
Error of vP is 9.680617e-08 
Error of vP is 7.232076e-08 
Error of vP is 8.974636e-08 
Error of vP is 2.146951e-07 
Error of vP is 1.125745e-07 
Error of vP is 1.782582e-07 
Error of vP is 6.158005e-08 
Error of vP is 6.418400e-08 
Error of vP is 5.452662e-08 
Error of vP is 1.401649e-07 
Error of vP is 2.215976e-07 
Error of vP is 1.092288e-07 
Error of vP is 8.507315e-08 
Error of vP is 5.630170e-08 
Error of vP is 1.643160e-07 
Error of vP is 8.844663e-08 
Error of vP is 2.260304e-07 
Error of vP is 2.086055e-07 
Error of vP is 1.848784e-07 
Error of vP is 1.430709e-07 
Error of vP is 1.002271e-07 
Error of vP is 1.188595e-07 
Error of vP is 1.883486e-07 
Error of vP is 7.909886e-08 
Error of vP is 8.529672e-08 
Error of vP is 8.079600e-08 
Error of vP is 3.060284e-07 
Error of vP is 1.389691e-07 
Error of vP is 5.710239e-08 
Error of vP is 1.990903e-07 
Error of vP is 6.077036e-08 
Error of vP is 9.583085e-08 
Error of vP is 2.685841e-07 
Error of vP is 3.404245e-07 
Error of vP is 2.351128e-07 
Error of vP is 3.115908e-07 
Error of vP is 2.305325e-07 
Error of vP is 6.788080e-08 
Error of vP is 6.230831e-08 
Error of vP is 1.020486e-07 
Error of vP is 5.296854e-08 
Error of vP is 1.256237e-07 
Error of vP is 1.087930e-07 
Error of vP is 1.937110e-07 
Error of vP is 5.095900e-08 
Error of vP is 1.644217e-07 
Error of vP is 4.148636e-07 
Error of vP is 1.434791e-07 
Error of vP is 1.802702e-07 
Error of vP is 2.877008e-07 
Error of vP is 3.437044e-07 
Error of vP is 4.370116e-07 
Error of vP is 7.525149e-08 
Error of vP is 1.224284e-07 
Error of vP is 7.209690e-08 
Error of vP is 1.749819e-07 
Error of vP is 1.044245e-07 
Error of vP is 1.244583e-07 
Error of vP is 1.582188e-07 
Error of vP is 2.454638e-07 
Error of vP is 3.565451e-07 
Error of vP is 4.083241e-07 
Error of vP is 5.851744e-07 
Error of vP is 3.421249e-07 
Error of vP is 2.079549e-07 
Error of vP is 7.455497e-08 
Error of vP is 5.343644e-08 
Error of vP is 1.163234e-07 
Error of vP is 8.992361e-08 
Error of vP is 5.270289e-08 
Error of vP is 5.526162e-08 
Error of vP is 6.446470e-08 
Error of vP is 6.465769e-08 
Error of vP is 5.219663e-08 
Error of vP is 5.423048e-08 
Error of vP is 1.232878e-07 
Error of vP is 1.286097e-07 
Error of vP is 1.710325e-07 
Error of vP is 2.449919e-07 
Error of vP is 5.101732e-07 
Error of vP is 6.422069e-08 
Error of vP is 1.697575e-07 
Error of vP is 1.744714e-07 
Error of vP is 5.150952e-07 
Error of vP is 4.785991e-07 
Error of vP is 4.810538e-07 
Error of vP is 8.450127e-07 
Error of vP is 4.587309e-07 
Error of vP is 3.993662e-07 
Error of vP is 8.368274e-07 
Error of vP is 6.583092e-08 
Error of vP is 7.378041e-07 
Error of vP is 1.725967e-07 
Error of vP is 6.377761e-07 
Error of vP is 4.436471e-07 
Error of vP is 2.389805e-07 
Error of vP is 9.340310e-07 
Error of vP is 2.235564e-07 
Error of vP is 3.135602e-07 
Error of vP is 5.645408e-07 
Error of vP is 7.250784e-08 
Error of vP is 7.558778e-07 
Error of vP is 6.012325e-07 
Error of vP is 3.771365e-07 
Error of vP is 8.576410e-08 
Error of vP is 3.033130e-07 
Error of vP is 3.068990e-07 
Error of vP is 2.522094e-07 
Error of vP is 6.482800e-07 
Error of vP is 5.897420e-08 
Error of vP is 5.023578e-08 
Error of vP is 5.886599e-08 
Error of vP is 6.498204e-08 
Error of vP is 6.204263e-08 
Error of vP is 9.088512e-08 
Error of vP is 6.282227e-08 
Error of vP is 5.584201e-08 
Error of vP is 6.137981e-08 
Error of vP is 7.767821e-08 
Error of vP is 7.194659e-08 
Error of vP is 7.709021e-08 
Error of vP is 6.846946e-08 
Error of vP is 6.273459e-08 
Error of vP is 8.123442e-08 
Error of vP is 9.361562e-08 
Error of vP is 8.559336e-08 
Error of vP is 6.112279e-08 
Error of vP is 5.490011e-08 
Error of vP is 7.847208e-08 
Error of vP is 1.174894e-07 
Error of vP is 7.383429e-08 
Error of vP is 1.332506e-07 
Error of vP is 1.091697e-07 
Error of vP is 1.281022e-07 
Error of vP is 1.581469e-07 
Error of vP is 1.812636e-07 
Error of vP is 9.860822e-08 
Error of vP is 5.941208e-08 
Error of vP is 1.019243e-07 
Error of vP is 6.825318e-08 
Error of vP is 7.496777e-08 
Error of vP is 1.548463e-07 
Error of vP is 8.333897e-08 
Error of vP is 7.562401e-08 
Error of vP is 1.426828e-07 
Error of vP is 6.270110e-08 
Error of vP is 1.601609e-07 
Error of vP is 9.384344e-08 
Error of vP is 1.121486e-07 
Error of vP is 1.769516e-07 
Error of vP is 1.561171e-07 
Error of vP is 1.698312e-07 
Error of vP is 5.889394e-08 
Error of vP is 9.740954e-08 
Error of vP is 5.367754e-08 
Error of vP is 5.471224e-08 
Error of vP is 5.305211e-08 
Error of vP is 7.817236e-08 
Error of vP is 5.774497e-08 
Error of vP is 1.139074e-07 
Error of vP is 9.650062e-08 
Error of vP is 5.908754e-08 
Error of vP is 6.699701e-08 
Error of vP is 5.445640e-08 
Error of vP is 5.368295e-08 
Error of vP is 6.270826e-08 
Error of vP is 5.694866e-08 
Error of vP is 7.020964e-08 
Error of vP is 5.830467e-08 
Error of vP is 5.091604e-08 
Error of vP is 5.165297e-08 
Error of vP is 5.857831e-08 
Error of vP is 5.613487e-08 
Error of vP is 5.496527e-08 
Error of vP is 5.733758e-08 
Error of vP is 5.026477e-08 
Error of vP is 5.679792e-08 
Error of vP is 1.010216e-07 
Error of vP is 9.558901e-08 
Error of vP is 8.751055e-08 
Error of vP is 1.296929e-07 
Error of vP is 5.652207e-08 
Error of vP is 6.299975e-08 
Error of vP is 6.163443e-08 
Error of vP is 9.646689e-08 
Error of vP is 1.285815e-07 
Error of vP is 1.124871e-07 
Error of vP is 5.021331e-08 
Error of vP is 1.020617e-07 
Error of vP is 1.110264e-07 
Error of vP is 9.831058e-08 
Error of vP is 9.753004e-08 
Error of vP is 5.124874e-08 
Error of vP is 7.749038e-08 
Error of vP is 1.008872e-07 
Error of vP is 6.987010e-08 
Error of vP is 5.798797e-08 
Error of vP is 5.340799e-08 
Error of vP is 5.168509e-08 
Error of vP is 5.817134e-08 
Error of vP is 6.920116e-08 
Error of vP is 5.616654e-08 
Error of vP is 7.421678e-08 
Error of vP is 7.966860e-08 
Error of vP is 1.138912e-07 
Error of vP is 1.139521e-07 
Error of vP is 5.783053e-08 
Error of vP is 6.307074e-08 
Error of vP is 8.995528e-08 
Error of vP is 5.570304e-08 
Error of vP is 8.555366e-08 
Error of vP is 7.398484e-08 
Error of vP is 5.358128e-08 
Error of vP is 1.196634e-07 
Error of vP is 1.262780e-07 
Error of vP is 5.290724e-08 
Error of vP is 1.131391e-07 
Error of vP is 1.057544e-07 
Error of vP is 5.755713e-08 
Error of vP is 9.375869e-08 
Error of vP is 7.123291e-08 
Error of vP is 5.339064e-08 
Error of vP is 8.275525e-08 
Error of vP is 5.264414e-08 
Error of vP is 7.907042e-08 
Error of vP is 9.869867e-08 
Error of vP is 1.277796e-07 
Error of vP is 8.096397e-08 
Error of vP is 9.421025e-08 
Error of vP is 9.271123e-08 
Error of vP is 9.167073e-08 
Error of vP is 9.862859e-08 
Error of vP is 6.549395e-08 
Error of vP is 7.087590e-08 
Error of vP is 1.760529e-07 
Error of vP is 5.453735e-08 
Error of vP is 7.886233e-08 
Error of vP is 5.512997e-08 
Error of vP is 1.290358e-07 
Error of vP is 1.359312e-07 
Error of vP is 9.517068e-08 
Error of vP is 1.138550e-07 
Error of vP is 1.170889e-07 
Error of vP is 1.089947e-07 
Error of vP is 6.966526e-08 
Error of vP is 1.517219e-07 
Error of vP is 6.988435e-08 
Error of vP is 2.069253e-07 
Error of vP is 5.673938e-08 
Error of vP is 6.863557e-08 
Error of vP is 1.968232e-07 
Error of vP is 1.884551e-07 
Error of vP is 1.282237e-07 
Error of vP is 8.450278e-08 
Error of vP is 5.207880e-08 
Error of vP is 7.084344e-08 
Error of vP is 8.202944e-08 
Error of vP is 6.447915e-08 
Error of vP is 5.867725e-08 
Error of vP is 7.020753e-08 
Error of vP is 6.692279e-08 
Error of vP is 8.014415e-08 
Error of vP is 7.727618e-08 
Error of vP is 1.359025e-07 
Error of vP is 7.704887e-08 
Error of vP is 6.523969e-08 
Error of vP is 6.538592e-08 
Error of vP is 7.214087e-08 
Error of vP is 5.293509e-08 
Error of vP is 1.084093e-07 
Error of vP is 7.122591e-08 
Error of vP is 1.244903e-07 
Error of vP is 5.013040e-08 
Error of vP is 6.725499e-08 
Error of vP is 6.178006e-08 
Error of vP is 1.023306e-07 
Error of vP is 5.592273e-08 
Error of vP is 5.455899e-08 
Error of vP is 1.251458e-07 
Error of vP is 5.839385e-08 
Error of vP is 6.322789e-08 
Error of vP is 6.218724e-08 
Error of vP is 5.276455e-08 
Error of vP is 5.409707e-08 
Error of vP is 5.904745e-08 
Error of vP is 5.615039e-08 
Error of vP is 6.889852e-08 
Error of vP is 7.468937e-08 
Error of vP is 1.772751e-07 
Error of vP is 1.150059e-07 
Error of vP is 3.938154e-07 
Error of vP is 5.978194e-08 
Error of vP is 5.755936e-08 
Error of vP is 3.320639e-07 
Error of vP is 1.482617e-07 
Error of vP is 8.523193e-08 
Error of vP is 2.124727e-07 
Error of vP is 2.351506e-07 
Error of vP is 1.411301e-07 
Error of vP is 1.235909e-07 
Error of vP is 1.126413e-07 
Error of vP is 2.801721e-07 
Error of vP is 2.148287e-07 
Error of vP is 1.305235e-07 
Error of vP is 2.952843e-07 
Error of vP is 2.023476e-07 
Error of vP is 3.278713e-07 
Error of vP is 2.596014e-07 
Error of vP is 4.525940e-07 
Error of vP is 1.579224e-07 
Error of vP is 1.800909e-07 
Error of vP is 5.438576e-08 
Error of vP is 2.921989e-07 
Error of vP is 3.120955e-07 
Error of vP is 1.013804e-07 
Error of vP is 1.953517e-07 
Error of vP is 5.089027e-08 
Error of vP is 5.613499e-08 
Error of vP is 7.453102e-08 
Error of vP is 1.525602e-07 
Error of vP is 2.487281e-07 
Error of vP is 6.736611e-08 
Error of vP is 1.160640e-07 
Error of vP is 6.077962e-08 
Error of vP is 8.307116e-08 
Error of vP is 8.968305e-08 
Error of vP is 5.246406e-08 
Error of vP is 6.348870e-08 
Error of vP is 1.011347e-07 
Error of vP is 5.765498e-08 
Error of vP is 7.967436e-08 
Error of vP is 8.064909e-08 
Error of vP is 5.204353e-08 
Error of vP is 5.310175e-08 
Error of vP is 5.503887e-08 
Error of vP is 9.560648e-08 
Error of vP is 7.728568e-08 
Error of vP is 7.151860e-08 
Error of vP is 8.356117e-08 
Error of vP is 5.741728e-08 
Error of vP is 7.841924e-08 
Error of vP is 1.062849e-07 
Error of vP is 6.039420e-08 
Error of vP is 1.038962e-07 
Error of vP is 1.558818e-07 
Error of vP is 7.406140e-08 
Error of vP is 5.140299e-08 
Error of vP is 6.509226e-08 
Error of vP is 1.085103e-07 
Error of vP is 6.365352e-08 
Error of vP is 6.027106e-08 
Error of vP is 9.775428e-08 
Error of vP is 9.471784e-08 
Error of vP is 5.147876e-08 
Error of vP is 9.452204e-08 
Error of vP is 8.982849e-08 
Error of vP is 8.033552e-08 
Error of vP is 1.063494e-07 
Error of vP is 6.147325e-08 
Error of vP is 7.486994e-08 
Error of vP is 5.087411e-08 
Error of vP is 1.115329e-07 
Error of vP is 1.053446e-07 
Error of vP is 6.917958e-08 
Error of vP is 1.088665e-07 
Error of vP is 9.449217e-08 
Error of vP is 1.798570e-07 
Error of vP is 4.424173e-07 
Error of vP is 3.330639e-07 
Error of vP is 5.146859e-08 
Error of vP is 4.247941e-07 
Error of vP is 1.574039e-07 
Error of vP is 2.433724e-07 
Error of vP is 2.808138e-07 
Error of vP is 1.953991e-07 
Error of vP is 3.394806e-07 
Error of vP is 3.031840e-07 
Error of vP is 7.924882e-08 
Error of vP is 1.030658e-07 
Error of vP is 5.526626e-08 
Error of vP is 5.278080e-08 
Error of vP is 5.421837e-08 
Error of vP is 8.000424e-08 
Error of vP is 5.197712e-08 
Error of vP is 7.129208e-08 
Error of vP is 6.938941e-08 
Error of vP is 6.551102e-08 
Error of vP is 5.115139e-08 
Error of vP is 6.171648e-08 
Error of vP is 5.376242e-08 
Error of vP is 9.337141e-08 
Error of vP is 1.014874e-07 
Error of vP is 6.356391e-08 
Error of vP is 5.333147e-08 
Error of vP is 1.022913e-07 
Error of vP is 1.062604e-07 
Error of vP is 7.677028e-08 
Error of vP is 6.105119e-08 
Error of vP is 6.376027e-08 
Error of vP is 5.015516e-08 
Error of vP is 5.124714e-08 
Error of vP is 8.985769e-08 
Error of vP is 5.475912e-08 
Error of vP is 5.292289e-08 
Error of vP is 6.261609e-08 
Error of vP is 1.013890e-07 
Error of vP is 9.284579e-08 
Error of vP is 6.377217e-08 
Error of vP is 6.015605e-08 
Error of vP is 5.104091e-08 
Error of vP is 7.680069e-08 
Error of vP is 7.384968e-08 
Error of vP is 5.142887e-08 
Error of vP is 7.743657e-08 
Error of vP is 1.201377e-07 
Error of vP is 5.962610e-08 
Error of vP is 1.311424e-07 
Error of vP is 7.223168e-08 
Error of vP is 7.646467e-08 
Error of vP is 6.819090e-08 
Error of vP is 5.431323e-08 
Error of vP is 9.172669e-08 
Error of vP is 1.553002e-07 
Error of vP is 6.202172e-08 
Error of vP is 2.235308e-07 
Error of vP is 5.439306e-08 
Error of vP is 5.772817e-08 
Error of vP is 6.023327e-08 
Error of vP is 5.924464e-08 
Error of vP is 5.060118e-08 
Error of vP is 5.571485e-08 
Error of vP is 5.542025e-08 
Error of vP is 8.369326e-08 
Error of vP is 7.094140e-08 
Error of vP is 8.929295e-08 
Error of vP is 5.423384e-08 
Error of vP is 1.129819e-07 
Error of vP is 7.566997e-08 
Error of vP is 6.373214e-08 
Error of vP is 1.446455e-07 
Error of vP is 8.777840e-08 
Error of vP is 6.156821e-08 
Error of vP is 5.646119e-08 
Error of vP is 5.426389e-08 
Error of vP is 5.998567e-08 
Error of vP is 1.420494e-07 
Error of vP is 8.171211e-08 
Error of vP is 9.948113e-08 
Error of vP is 7.169430e-08 
Error of vP is 5.383376e-08 
Error of vP is 5.290769e-08 
Error of vP is 8.158987e-08 
Error of vP is 1.413353e-07 
Error of vP is 1.013881e-07 
Error of vP is 6.713006e-08 
Error of vP is 7.072637e-08 
Error of vP is 8.540632e-08 
Error of vP is 8.353940e-08 
Error of vP is 5.283570e-08 
Error of vP is 6.985267e-08 
Error of vP is 6.143640e-08 
Error of vP is 7.027040e-08 
Error of vP is 1.232180e-07 
Error of vP is 8.232251e-08 
Error of vP is 5.000443e-08 
Error of vP is 1.150311e-07 
Error of vP is 5.768333e-08 
Error of vP is 9.232995e-08 
Error of vP is 6.159285e-08 
Error of vP is 6.797412e-08 
Error of vP is 2.372003e-07 
Error of vP is 7.387400e-08 
Error of vP is 6.203267e-08 
Error of vP is 2.251064e-07 
Error of vP is 6.408731e-08 
Error of vP is 1.171407e-07 
Error of vP is 1.063871e-07 
Error of vP is 1.528500e-07 
Error of vP is 7.933118e-08 
Error of vP is 5.834142e-08 
Error of vP is 9.218715e-08 
Error of vP is 6.325095e-08 
Error of vP is 1.450151e-07 
Error of vP is 1.667566e-07 
Error of vP is 1.179533e-07 
Error of vP is 1.781069e-07 
Error of vP is 2.083855e-07 
Error of vP is 1.082469e-07 
Error of vP is 1.196864e-07 
Error of vP is 2.633092e-07 
Error of vP is 2.921461e-07 
Error of vP is 8.417231e-08 
Error of vP is 1.146341e-07 
Error of vP is 9.209363e-08 
Error of vP is 5.425535e-08 
Error of vP is 1.053903e-07 
Error of vP is 1.033029e-07 
Error of vP is 1.330271e-07 
Error of vP is 3.590310e-07 
Error of vP is 2.846840e-07 
Error of vP is 1.862831e-07 
Error of vP is 8.842429e-08 
Error of vP is 2.100050e-07 
Error of vP is 8.287232e-08 
Error of vP is 1.294494e-07 
Error of vP is 2.566228e-07 
Error of vP is 3.507315e-07 
Error of vP is 1.523907e-07 
Error of vP is 9.912316e-08 
Error of vP is 8.386288e-08 
Error of vP is 1.570722e-07 
Error of vP is 2.534954e-07 
Error of vP is 2.706548e-07 
Error of vP is 5.788582e-08 
Error of vP is 1.810711e-07 
Error of vP is 2.563695e-07 
Error of vP is 2.504454e-07 
Error of vP is 2.895661e-07 
Error of vP is 2.789117e-07 
Error of vP is 7.050179e-08 
Error of vP is 5.481556e-07 
Error of vP is 4.874217e-07 
Error of vP is 2.936587e-07 
Error of vP is 9.979827e-08 
Error of vP is 3.285456e-07 
Error of vP is 3.908732e-07 
Error of vP is 6.512039e-07 
Error of vP is 3.677802e-07 
Error of vP is 7.494106e-07 
Error of vP is 5.476827e-07 
Error of vP is 2.289100e-07 
Error of vP is 3.596214e-07 
Error of vP is 7.505995e-07 
Error of vP is 1.402302e-07 
Error of vP is 1.498635e-07 
Error of vP is 4.726958e-07 
Error of vP is 5.511137e-07 
Error of vP is 4.178931e-07 
Error of vP is 2.674587e-07 
Error of vP is 9.681450e-08 
Error of vP is 2.642242e-07 
Error of vP is 5.804948e-07 
Error of vP is 5.151175e-07 
Error of vP is 1.413342e-07 
Error of vP is 4.741627e-07 
Error of vP is 1.885438e-07 
Error of vP is 2.781800e-07 
Error of vP is 2.689793e-07 
Error of vP is 1.465702e-07 
Error of vP is 3.501482e-07 
Error of vP is 7.532971e-08 
Error of vP is 1.981584e-07 
Error of vP is 8.586992e-08 
Error of vP is 3.337093e-07 
Error of vP is 7.463230e-08 
Error of vP is 5.755320e-07 
Error of vP is 4.650666e-07 
Error of vP is 2.266667e-07 
Error of vP is 2.848396e-07 
Error of vP is 6.330577e-07 
Error of vP is 5.861490e-08 
Error of vP is 2.749570e-07 
Error of vP is 1.598405e-07 
Error of vP is 8.424387e-08 
Error of vP is 5.725959e-07 
Error of vP is 2.662987e-07 
Error of vP is 5.293868e-08 
Error of vP is 6.192786e-08 
Error of vP is 8.203785e-07 
Error of vP is 4.912087e-07 
Error of vP is 1.894733e-07 
Error of vP is 1.100693e-07 
Error of vP is 2.673493e-07 
Error of vP is 4.898334e-07 
Error of vP is 3.150661e-07 
Error of vP is 1.620988e-07 
Error of vP is 7.269682e-07 
Error of vP is 3.463222e-07 
Error of vP is 5.229693e-07 
Error of vP is 4.749760e-07 
Error of vP is 1.490300e-07 
Error of vP is 8.753535e-08 
Error of vP is 3.947623e-07 
Error of vP is 6.375844e-07 
Error of vP is 1.588751e-07 
Error of vP is 5.648904e-08 
Error of vP is 7.295893e-07 
Error of vP is 4.117643e-07 
Error of vP is 5.650380e-07 
Error of vP is 4.492611e-07 
Error of vP is 3.477721e-07 
Error of vP is 4.272513e-07 
Error of vP is 4.353960e-07 
Error of vP is 1.233109e-07 
Error of vP is 1.082058e-07 
Error of vP is 4.188717e-07 
Error of vP is 7.360451e-07 
Error of vP is 5.722629e-08 
Error of vP is 6.980441e-07 
Error of vP is 8.695091e-08 
Error of vP is 1.386181e-07 
Error of vP is 9.993503e-07 
Error of vP is 3.651202e-07 
Error of vP is 1.688599e-07 
Error of vP is 4.887064e-07 
Error of vP is 6.290621e-08 
Error of vP is 6.126895e-07 
Error of vP is 1.398803e-06 
Error of vP is 6.049667e-07 
Error of vP is 8.030080e-08 
Error of vP is 7.706252e-08 
Error of vP is 9.321750e-08 
Error of vP is 7.733038e-08 
Error of vP is 9.571737e-08 
Error of vP is 7.824172e-08 
Error of vP is 6.514054e-08 
Error of vP is 1.760338e-07 
Error of vP is 8.190340e-08 
Error of vP is 6.373032e-08 
Error of vP is 9.483174e-08 
Error of vP is 6.645408e-08 
Error of vP is 5.957578e-08 
Error of vP is 5.748139e-08 
Error of vP is 7.038911e-08 
Error of vP is 5.945748e-08 
Error of vP is 9.798506e-08 
Error of vP is 5.123350e-08 
Error of vP is 5.071379e-08 
Error of vP is 5.004716e-08 
Error of vP is 5.223308e-08 
Error of vP is 5.608051e-08 
Error of vP is 6.159531e-08 
Error of vP is 1.116218e-07 
Error of vP is 1.336624e-07 
Error of vP is 1.171970e-07 
Error of vP is 8.781653e-08 
Error of vP is 8.238471e-08 
Error of vP is 8.319808e-08 
Error of vP is 5.604391e-08 
Error of vP is 5.943994e-08 
Error of vP is 5.015939e-08 
Error of vP is 7.465022e-08 
Error of vP is 1.207117e-07 
Error of vP is 9.245870e-08 
Error of vP is 5.663864e-08 
Error of vP is 6.604883e-08 
Error of vP is 8.026643e-08 
Error of vP is 6.341407e-08 
Error of vP is 5.161503e-08 
Error of vP is 5.544463e-08 
Error of vP is 4.809212e-07 
Error of vP is 1.009904e-07 
Error of vP is 1.990622e-07 
Error of vP is 8.218042e-08 
Error of vP is 3.840467e-07 
Error of vP is 9.201689e-08 
Error of vP is 5.065998e-08 
Error of vP is 4.702001e-07 
Error of vP is 1.725745e-07 
Error of vP is 2.289677e-07 
Error of vP is 2.127682e-07 
Error of vP is 2.492203e-07 
Error of vP is 1.990340e-07 
Error of vP is 3.581339e-07 
Error of vP is 6.071219e-08 
Error of vP is 1.941210e-07 
Error of vP is 3.079550e-07 
Error of vP is 2.328883e-07 
Error of vP is 3.480714e-07 
Error of vP is 1.356854e-07 
Error of vP is 2.570986e-07 
Error of vP is 1.320501e-07 
Error of vP is 8.230166e-08 
Error of vP is 6.392530e-07 
Error of vP is 7.746702e-08 
Error of vP is 1.331227e-07 
Error of vP is 3.517419e-07 
Error of vP is 3.260804e-07 
Error of vP is 2.509651e-07 
Error of vP is 4.006470e-07 
Error of vP is 5.081712e-08 
Error of vP is 1.467382e-07 
Error of vP is 1.149995e-07 
Error of vP is 6.498085e-08 
Error of vP is 4.858700e-07 
Error of vP is 1.899768e-07 
Error of vP is 2.191595e-07 
Error of vP is 2.929040e-07 
Error of vP is 5.709949e-07 
Error of vP is 5.818550e-07 
Error of vP is 3.845379e-07 
Error of vP is 4.985466e-07 
Error of vP is 1.481880e-07 
Error of vP is 3.047543e-07 
Error of vP is 3.980628e-07 
Error of vP is 3.293798e-07 
Error of vP is 2.880880e-07 
Error of vP is 5.135655e-07 
Error of vP is 7.574980e-08 
Error of vP is 3.163871e-07 
Error of vP is 5.874774e-08 
Error of vP is 5.024932e-08 
Error of vP is 1.724030e-07 
Error of vP is 2.730569e-07 
Error of vP is 4.043416e-07 
Error of vP is 3.922021e-07 
Error of vP is 1.993656e-07 
Error of vP is 1.203687e-07 
Error of vP is 2.206012e-07 
Error of vP is 5.989952e-07 
Error of vP is 5.547661e-08 
Error of vP is 6.007930e-08 
Error of vP is 5.581801e-08 
Error of vP is 7.846433e-08 
Error of vP is 5.774400e-08 
Error of vP is 7.019674e-08 
Error of vP is 5.380632e-08 
Error of vP is 9.773746e-08 
Error of vP is 5.683057e-08 
Error of vP is 6.262760e-08 
Error of vP is 6.955810e-08 
Error of vP is 6.200570e-08 
Error of vP is 5.528473e-08 
Error of vP is 5.572346e-08 
Error of vP is 5.453386e-08 
Error of vP is 5.276107e-08 
Error of vP is 5.434167e-08 
Error of vP is 7.164801e-08 
Error of vP is 6.492142e-08 
Error of vP is 5.307486e-08 
Error of vP is 5.807245e-08 
Error of vP is 5.681890e-08 
Error of vP is 7.727978e-08 
Error of vP is 1.299711e-07 
Error of vP is 6.021643e-08 
Error of vP is 7.391004e-08 
Error of vP is 1.100931e-07 
Error of vP is 9.755125e-08 
Error of vP is 1.000616e-07 
Error of vP is 1.289371e-07 
Error of vP is 1.191823e-07 
Error of vP is 1.414426e-07 
Error of vP is 1.799285e-07 
Error of vP is 1.653870e-07 
Error of vP is 2.159245e-07 
Error of vP is 2.218547e-07 
Error of vP is 7.577068e-08 
Error of vP is 6.146560e-08 
Error of vP is 1.028965e-07 
Error of vP is 9.831857e-08 
Error of vP is 1.191469e-07 
Error of vP is 1.133003e-07 
Error of vP is 6.748628e-08 
Error of vP is 5.095678e-08 
Error of vP is 7.997435e-08 
Error of vP is 8.439056e-08 
Error of vP is 7.051291e-08 
Error of vP is 1.163925e-07 
Error of vP is 1.363612e-07 
>> >> 
endtime =

   3.9545e+04

>> >> >> >> >> >> 