Starting parallel pool (parpool) using the 'local' profile ...
Connected to the parallel pool (number of workers: 8).
jj1 = 28, max_th = 9.851944e-01, time=2025-01-12 20:25:36 
jj1 = 42, max_th = 1.401319e+00, time=2025-01-12 20:27:20 
jj1 = 41, max_th = 2.793701e+00, time=2025-01-12 20:29:12 
jj1 = 35, max_th = 1.710790e+00, time=2025-01-12 20:30:12 
jj1 = 49, max_th = 1.947576e+00, time=2025-01-12 20:30:22 
jj1 = 7, max_th = 1.721131e+00, time=2025-01-12 20:30:33 
jj1 = 21, max_th = 1.725286e+00, time=2025-01-12 20:30:37 
jj1 = 56, max_th = 1.724606e+00, time=2025-01-12 20:30:39 
jj1 = 14, max_th = 1.995512e+00, time=2025-01-12 20:30:41 
jj1 = 27, max_th = 1.990322e+00, time=2025-01-12 20:32:36 
jj1 = 26, max_th = 3.288737e+00, time=2025-01-12 20:32:48 
jj1 = 48, max_th = 1.398999e+00, time=2025-01-12 20:33:34 
jj1 = 20, max_th = 2.632881e+00, time=2025-01-12 20:33:54 
jj1 = 34, max_th = 2.194350e+00, time=2025-01-12 20:36:31 
jj1 = 13, max_th = 1.691738e+00, time=2025-01-12 20:36:35 
jj1 = 40, max_th = 1.972717e+00, time=2025-01-12 20:36:42 
jj1 = 6, max_th = 2.219738e+00, time=2025-01-12 20:37:21 
jj1 = 55, max_th = 1.990440e+00, time=2025-01-12 20:37:44 
jj1 = 19, max_th = 1.407783e+00, time=2025-01-12 20:37:46 
jj1 = 54, max_th = 3.303245e+00, time=2025-01-12 20:37:54 
jj1 = 53, max_th = 2.817844e+00, time=2025-01-12 20:39:43 
jj1 = 25, max_th = 1.988817e+00, time=2025-01-12 20:39:55 
jj1 = 47, max_th = 1.719853e+00, time=2025-01-12 20:40:03 
jj1 = 18, max_th = 2.618662e+00, time=2025-01-12 20:41:09 
jj1 = 5, max_th = 1.373014e+00, time=2025-01-12 20:41:20 
jj1 = 52, max_th = 2.635782e+00, time=2025-01-12 20:42:54 
jj1 = 33, max_th = 2.208789e+00, time=2025-01-12 20:43:00 
jj1 = 24, max_th = 2.638587e+00, time=2025-01-12 20:43:02 
jj1 = 12, max_th = 2.216227e+00, time=2025-01-12 20:43:16 
jj1 = 46, max_th = 2.632579e+00, time=2025-01-12 20:43:18 
jj1 = 39, max_th = 2.217841e+00, time=2025-01-12 20:43:29 
jj1 = 32, max_th = 9.662516e-01, time=2025-01-12 20:44:32 
jj1 = 17, max_th = 1.402151e+00, time=2025-01-12 20:44:38 
jj1 = 23, max_th = 2.817547e+00, time=2025-01-12 20:44:51 
jj1 = 45, max_th = 9.788976e-01, time=2025-01-12 20:44:53 
jj1 = 4, max_th = 1.405956e+00, time=2025-01-12 20:45:06 
jj1 = 31, max_th = 2.815444e+00, time=2025-01-12 20:46:23 
jj1 = 51, max_th = 1.328774e+00, time=2025-01-12 20:46:35 
jj1 = 22, max_th = 1.401683e+00, time=2025-01-12 20:48:13 
jj1 = 11, max_th = 1.709698e+00, time=2025-01-12 20:49:20 
jj1 = 38, max_th = 1.723777e+00, time=2025-01-12 20:50:04 
jj1 = 30, max_th = 2.199709e+00, time=2025-01-12 20:51:12 
jj1 = 16, max_th = 1.991447e+00, time=2025-01-12 20:51:34 
jj1 = 50, max_th = 2.432032e+00, time=2025-01-12 20:51:43 
jj1 = 3, max_th = 1.992859e+00, time=2025-01-12 20:51:56 
jj1 = 2, max_th = -1.088507e-03, time=2025-01-12 20:52:13 
jj1 = 44, max_th = 1.967082e+00, time=2025-01-12 20:52:17 
jj1 = 29, max_th = 1.406416e+00, time=2025-01-12 20:55:03 
jj1 = 292, max_th = 1.968519e+00, time=2025-01-12 20:55:40 
jj1 = 10, max_th = 2.225565e+00, time=2025-01-12 20:56:11 
jj1 = 37, max_th = 2.228408e+00, time=2025-01-12 20:56:50 
jj1 = 528, max_th = 2.415768e+00, time=2025-01-12 20:56:58 
jj1 = 291, max_th = 9.869772e-01, time=2025-01-12 20:57:12 
jj1 = 43, max_th = 2.425404e+00, time=2025-01-12 20:57:39 
jj1 = 36, max_th = 2.984424e+00, time=2025-01-12 20:57:46 
jj1 = 15, max_th = 1.982668e+00, time=2025-01-12 20:58:56 
jj1 = 233, max_th = -3.604711e-02, time=2025-01-12 20:59:13 
jj1 = 1, max_th = 1.990140e+00, time=2025-01-12 20:59:16 
jj1 = 527, max_th = 2.626977e+00, time=2025-01-12 21:00:22 
jj1 = 115, max_th = 9.408015e-01, time=2025-01-12 21:00:38 
jj1 = 290, max_th = 1.413421e+00, time=2025-01-12 21:01:18 
jj1 = 351, max_th = 1.679776e+00, time=2025-01-12 21:01:23 
jj1 = 232, max_th = 2.633162e+00, time=2025-01-12 21:02:29 
jj1 = 9, max_th = 1.726193e+00, time=2025-01-12 21:02:49 
jj1 = 526, max_th = 2.638633e+00, time=2025-01-12 21:03:38 
jj1 = 469, max_th = 1.717592e+00, time=2025-01-12 21:04:28 
jj1 = 410, max_th = 2.214344e+00, time=2025-01-12 21:04:58 
jj1 = 114, max_th = 2.422880e+00, time=2025-01-12 21:07:05 
jj1 = 113, max_th = -6.068054e-03, time=2025-01-12 21:07:30 
jj1 = 468, max_th = 1.392933e+00, time=2025-01-12 21:09:30 
jj1 = 350, max_th = 2.211200e+00, time=2025-01-12 21:09:45 
jj1 = 289, max_th = 2.214110e+00, time=2025-01-12 21:09:47 
jj1 = 231, max_th = 1.712011e+00, time=2025-01-12 21:10:45 
jj1 = 288, max_th = 9.744796e-01, time=2025-01-12 21:11:53 
jj1 = 8, max_th = 1.984839e+00, time=2025-01-12 21:12:42 
jj1 = 525, max_th = 2.217437e+00, time=2025-01-12 21:12:46 
jj1 = 409, max_th = 2.211084e+00, time=2025-01-12 21:13:54 
jj1 = 287, max_th = 2.815927e+00, time=2025-01-12 21:14:23 
jj1 = 112, max_th = 2.434889e+00, time=2025-01-12 21:14:23 
jj1 = 230, max_th = 2.630814e+00, time=2025-01-12 21:15:14 
jj1 = 408, max_th = 9.815448e-01, time=2025-01-12 21:16:00 
jj1 = 349, max_th = 2.428405e+00, time=2025-01-12 21:16:54 
jj1 = 174, max_th = 1.401170e+00, time=2025-01-12 21:17:11 
jj1 = 229, max_th = 9.966771e-01, time=2025-01-12 21:17:14 
jj1 = 467, max_th = 1.723091e+00, time=2025-01-12 21:18:29 
jj1 = 524, max_th = 2.439556e+00, time=2025-01-12 21:19:21 
jj1 = 407, max_th = 2.618924e+00, time=2025-01-12 21:20:38 
jj1 = 348, max_th = 2.619890e+00, time=2025-01-12 21:21:34 
jj1 = 286, max_th = 1.727391e+00, time=2025-01-12 21:23:20 
jj1 = 111, max_th = 1.993372e+00, time=2025-01-12 21:23:43 
jj1 = 406, max_th = 2.638389e+00, time=2025-01-12 21:24:56 
jj1 = 173, max_th = 2.216205e+00, time=2025-01-12 21:26:23 
jj1 = 466, max_th = 2.203459e+00, time=2025-01-12 21:26:44 
jj1 = 347, max_th = 1.408806e+00, time=2025-01-12 21:26:59 
jj1 = 346, max_th = -5.087873e-03, time=2025-01-12 21:27:24 
jj1 = 228, max_th = 1.973144e+00, time=2025-01-12 21:27:25 
jj1 = 523, max_th = 2.220320e+00, time=2025-01-12 21:28:34 
jj1 = 522, max_th = 2.814270e+00, time=2025-01-12 21:31:02 
jj1 = 465, max_th = 2.609580e+00, time=2025-01-12 21:31:18 
jj1 = 405, max_th = 2.424067e+00, time=2025-01-12 21:32:12 
jj1 = 285, max_th = 2.222596e+00, time=2025-01-12 21:32:38 
jj1 = 110, max_th = 2.226486e+00, time=2025-01-12 21:33:03 
jj1 = 521, max_th = 9.857137e-01, time=2025-01-12 21:33:08 
jj1 = 520, max_th = 9.849864e-01, time=2025-01-12 21:35:16 
jj1 = 345, max_th = 1.716193e+00, time=2025-01-12 21:36:06 
jj1 = 172, max_th = 1.985666e+00, time=2025-01-12 21:36:20 
jj1 = 227, max_th = 1.943611e+00, time=2025-01-12 21:36:46 
jj1 = 226, max_th = -1.762917e-04, time=2025-01-12 21:37:06 
jj1 = 284, max_th = 1.369727e+00, time=2025-01-12 21:37:47 
jj1 = 171, max_th = 9.964955e-01, time=2025-01-12 21:38:18 
jj1 = 519, max_th = 1.382033e+00, time=2025-01-12 21:40:44 
jj1 = 404, max_th = 2.213429e+00, time=2025-01-12 21:41:13 
jj1 = 464, max_th = 1.982195e+00, time=2025-01-12 21:41:29 
jj1 = 109, max_th = 1.991698e+00, time=2025-01-12 21:42:38 
jj1 = 344, max_th = 1.995515e+00, time=2025-01-12 21:45:08 
jj1 = 170, max_th = 2.422259e+00, time=2025-01-12 21:45:30 
jj1 = 225, max_th = 1.721894e+00, time=2025-01-12 21:46:01 
jj1 = 283, max_th = 2.206592e+00, time=2025-01-12 21:46:26 
jj1 = 403, max_th = 1.699873e+00, time=2025-01-12 21:46:43 
jj1 = 402, max_th = -1.020307e-03, time=2025-01-12 21:47:06 
jj1 = 518, max_th = 1.711110e+00, time=2025-01-12 21:49:03 
jj1 = 343, max_th = 2.637821e+00, time=2025-01-12 21:49:25 
jj1 = 463, max_th = 1.992354e+00, time=2025-01-12 21:50:55 
jj1 = 342, max_th = 9.797118e-01, time=2025-01-12 21:51:34 
jj1 = 224, max_th = 2.436705e+00, time=2025-01-12 21:52:47 
jj1 = 108, max_th = 1.972175e+00, time=2025-01-12 21:52:52 
jj1 = 517, max_th = 1.375084e+00, time=2025-01-12 21:54:30 
jj1 = 169, max_th = 1.980634e+00, time=2025-01-12 21:55:41 
jj1 = 282, max_th = 2.221342e+00, time=2025-01-12 21:55:41 
jj1 = 516, max_th = 2.981437e+00, time=2025-01-12 21:55:48 
jj1 = 223, max_th = 2.612503e+00, time=2025-01-12 21:57:19 
jj1 = 401, max_th = 1.976538e+00, time=2025-01-12 21:57:24 
jj1 = 281, max_th = 2.805332e+00, time=2025-01-12 21:58:04 
jj1 = 341, max_th = 1.995276e+00, time=2025-01-12 22:00:42 
jj1 = 462, max_th = 1.965413e+00, time=2025-01-12 22:00:56 
jj1 = 107, max_th = 1.712362e+00, time=2025-01-12 22:01:21 
jj1 = 400, max_th = 2.608242e+00, time=2025-01-12 22:01:56 
jj1 = 340, max_th = 9.962342e-01, time=2025-01-12 22:02:43 
jj1 = 280, max_th = 1.395399e+00, time=2025-01-12 22:03:03 
jj1 = 222, max_th = 2.441907e+00, time=2025-01-12 22:03:47 
jj1 = 399, max_th = 9.893082e-01, time=2025-01-12 22:03:58 
jj1 = 168, max_th = 1.721214e+00, time=2025-01-12 22:04:34 
jj1 = 515, max_th = 2.218483e+00, time=2025-01-12 22:05:02 
jj1 = 106, max_th = 2.637738e+00, time=2025-01-12 22:05:42 
jj1 = 279, max_th = 2.633335e+00, time=2025-01-12 22:07:27 
jj1 = 339, max_th = 2.431432e+00, time=2025-01-12 22:09:43 
jj1 = 105, max_th = 2.629027e+00, time=2025-01-12 22:10:17 
jj1 = 167, max_th = 2.444437e+00, time=2025-01-12 22:10:49 
jj1 = 461, max_th = 1.967521e+00, time=2025-01-12 22:10:57 
jj1 = 278, max_th = 1.408709e+00, time=2025-01-12 22:12:50 
jj1 = 221, max_th = 2.227141e+00, time=2025-01-12 22:13:04 
jj1 = 398, max_th = 1.985189e+00, time=2025-01-12 22:13:56 
jj1 = 220, max_th = 9.632166e-01, time=2025-01-12 22:15:06 
jj1 = 514, max_th = 1.971929e+00, time=2025-01-12 22:15:13 
jj1 = 166, max_th = 1.403592e+00, time=2025-01-12 22:15:49 
jj1 = 277, max_th = 1.375850e+00, time=2025-01-12 22:18:22 
jj1 = 338, max_th = 1.953632e+00, time=2025-01-12 22:18:34 
jj1 = 397, max_th = 1.397772e+00, time=2025-01-12 22:18:41 
jj1 = 513, max_th = 2.637631e+00, time=2025-01-12 22:19:31 
jj1 = 104, max_th = 2.223272e+00, time=2025-01-12 22:19:39 
jj1 = 460, max_th = 1.718449e+00, time=2025-01-12 22:19:48 
jj1 = 219, max_th = 1.389298e+00, time=2025-01-12 22:20:19 
jj1 = 103, max_th = 2.978286e+00, time=2025-01-12 22:20:59 
jj1 = 102, max_th = 2.982296e+00, time=2025-01-12 22:22:18 
jj1 = 276, max_th = 1.400923e+00, time=2025-01-12 22:22:45 
jj1 = 512, max_th = 2.641073e+00, time=2025-01-12 22:23:39 
jj1 = 165, max_th = 2.230589e+00, time=2025-01-12 22:24:59 
jj1 = 218, max_th = 1.404155e+00, time=2025-01-12 22:25:20 
jj1 = 459, max_th = 1.411862e+00, time=2025-01-12 22:25:21 
jj1 = 337, max_th = 2.216645e+00, time=2025-01-12 22:27:49 
jj1 = 396, max_th = 2.228964e+00, time=2025-01-12 22:27:55 
jj1 = 101, max_th = 2.436426e+00, time=2025-01-12 22:29:07 
jj1 = 275, max_th = 2.443148e+00, time=2025-01-12 22:29:07 
jj1 = 100, max_th = -2.722468e-02, time=2025-01-12 22:29:33 
jj1 = 274, max_th = 2.813201e+00, time=2025-01-12 22:31:35 
jj1 = 336, max_th = 2.618472e+00, time=2025-01-12 22:32:31 
jj1 = 164, max_th = 1.711120e+00, time=2025-01-12 22:33:24 
jj1 = 511, max_th = 1.986533e+00, time=2025-01-12 22:33:28 
jj1 = 510, max_th = -4.034008e-03, time=2025-01-12 22:33:53 
jj1 = 217, max_th = 1.719495e+00, time=2025-01-12 22:34:12 
jj1 = 458, max_th = 1.981348e+00, time=2025-01-12 22:35:29 
jj1 = 216, max_th = 9.954577e-01, time=2025-01-12 22:36:13 
jj1 = 99, max_th = 1.699127e+00, time=2025-01-12 22:36:15 
jj1 = 98, max_th = -1.389893e-05, time=2025-01-12 22:36:31 
jj1 = 215, max_th = -8.096402e-03, time=2025-01-12 22:36:38 
jj1 = 335, max_th = 1.403770e+00, time=2025-01-12 22:37:28 
jj1 = 395, max_th = 1.967945e+00, time=2025-01-12 22:38:04 
jj1 = 273, max_th = 1.701063e+00, time=2025-01-12 22:38:27 
jj1 = 394, max_th = 9.940737e-01, time=2025-01-12 22:40:06 
jj1 = 509, max_th = 2.437629e+00, time=2025-01-12 22:40:34 
jj1 = 272, max_th = 9.748350e-01, time=2025-01-12 22:40:36 
jj1 = 163, max_th = 1.715092e+00, time=2025-01-12 22:41:57 
jj1 = 334, max_th = 1.410762e+00, time=2025-01-12 22:42:58 
jj1 = 97, max_th = 2.425915e+00, time=2025-01-12 22:43:43 
jj1 = 457, max_th = 2.205257e+00, time=2025-01-12 22:43:54 
jj1 = 96, max_th = -2.105636e-02, time=2025-01-12 22:44:09 
jj1 = 214, max_th = 1.724713e+00, time=2025-01-12 22:45:38 
jj1 = 95, max_th = 9.967814e-01, time=2025-01-12 22:46:08 
jj1 = 456, max_th = 2.627209e+00, time=2025-01-12 22:48:29 
jj1 = 162, max_th = 1.699003e+00, time=2025-01-12 22:48:49 
jj1 = 393, max_th = 1.730778e+00, time=2025-01-12 22:48:59 
jj1 = 271, max_th = 1.718095e+00, time=2025-01-12 22:49:23 
jj1 = 508, max_th = 2.210984e+00, time=2025-01-12 22:49:26 
jj1 = 333, max_th = 2.426219e+00, time=2025-01-12 22:50:15 
jj1 = 270, max_th = 9.446735e-01, time=2025-01-12 22:51:10 
jj1 = 507, max_th = 9.875206e-01, time=2025-01-12 22:51:33 
jj1 = 332, max_th = 9.715357e-01, time=2025-01-12 22:52:20 
jj1 = 94, max_th = 2.439520e+00, time=2025-01-12 22:52:46 
jj1 = 392, max_th = 1.385157e+00, time=2025-01-12 22:54:19 
jj1 = 213, max_th = 1.984771e+00, time=2025-01-12 22:55:35 
jj1 = 161, max_th = 1.716347e+00, time=2025-01-12 22:57:26 
jj1 = 331, max_th = 1.384854e+00, time=2025-01-12 22:57:32 
jj1 = 93, max_th = 1.403433e+00, time=2025-01-12 22:57:39 
jj1 = 455, max_th = 2.218021e+00, time=2025-01-12 22:57:40 
jj1 = 269, max_th = 1.711207e+00, time=2025-01-12 22:59:31 
jj1 = 454, max_th = 9.899072e-01, time=2025-01-12 22:59:46 
jj1 = 506, max_th = 1.716730e+00, time=2025-01-12 23:00:12 
jj1 = 160, max_th = 1.398420e+00, time=2025-01-12 23:01:58 
jj1 = 391, max_th = 1.992839e+00, time=2025-01-12 23:03:45 
jj1 = 212, max_th = 2.206871e+00, time=2025-01-12 23:04:13 
jj1 = 92, max_th = 2.436677e+00, time=2025-01-12 23:04:28 
jj1 = 330, max_th = 1.715826e+00, time=2025-01-12 23:06:13 
jj1 = 268, max_th = 2.433426e+00, time=2025-01-12 23:06:21 
jj1 = 453, max_th = 1.699243e+00, time=2025-01-12 23:06:24 
jj1 = 505, max_th = 1.716898e+00, time=2025-01-12 23:08:55 
jj1 = 91, max_th = 1.325934e+00, time=2025-01-12 23:09:15 
jj1 = 159, max_th = 1.974340e+00, time=2025-01-12 23:12:07 
jj1 = 390, max_th = 1.711994e+00, time=2025-01-12 23:12:12 
jj1 = 452, max_th = 2.441126e+00, time=2025-01-12 23:12:52 
jj1 = 451, max_th = -8.007056e-03, time=2025-01-12 23:13:17 
jj1 = 211, max_th = 2.220737e+00, time=2025-01-12 23:13:31 
jj1 = 329, max_th = 1.729714e+00, time=2025-01-12 23:15:11 
jj1 = 450, max_th = 2.808450e+00, time=2025-01-12 23:15:41 
jj1 = 267, max_th = 1.991093e+00, time=2025-01-12 23:15:50 
jj1 = 158, max_th = 1.405074e+00, time=2025-01-12 23:17:13 
jj1 = 504, max_th = 1.722863e+00, time=2025-01-12 23:17:52 
jj1 = 90, max_th = 1.992525e+00, time=2025-01-12 23:18:43 
jj1 = 266, max_th = 2.614803e+00, time=2025-01-12 23:20:29 
jj1 = 449, max_th = 1.396901e+00, time=2025-01-12 23:20:28 
jj1 = 210, max_th = 1.686872e+00, time=2025-01-12 23:21:40 
jj1 = 448, max_th = 2.975990e+00, time=2025-01-12 23:21:51 
jj1 = 389, max_th = 1.985170e+00, time=2025-01-12 23:22:12 
jj1 = 503, max_th = 1.406065e+00, time=2025-01-12 23:23:04 
jj1 = 502, max_th = -7.703260e-02, time=2025-01-12 23:23:24 
jj1 = 209, max_th = 9.921720e-01, time=2025-01-12 23:23:44 
jj1 = 328, max_th = 1.722235e+00, time=2025-01-12 23:24:08 
jj1 = 265, max_th = 2.633025e+00, time=2025-01-12 23:24:55 
jj1 = 157, max_th = 2.214551e+00, time=2025-01-12 23:26:16 
jj1 = 156, max_th = 3.139811e+00, time=2025-01-12 23:26:50 
jj1 = 447, max_th = 1.367484e+00, time=2025-01-12 23:26:58 
jj1 = 501, max_th = 2.627410e+00, time=2025-01-12 23:28:02 
jj1 = 89, max_th = 1.990370e+00, time=2025-01-12 23:28:21 
jj1 = 388, max_th = 2.214560e+00, time=2025-01-12 23:31:17 
jj1 = 446, max_th = 2.446408e+00, time=2025-01-12 23:32:56 
jj1 = 208, max_th = 2.222378e+00, time=2025-01-12 23:33:02 
jj1 = 155, max_th = 2.422453e+00, time=2025-01-12 23:34:00 
jj1 = 264, max_th = 1.992418e+00, time=2025-01-12 23:34:20 
jj1 = 327, max_th = 1.979369e+00, time=2025-01-12 23:34:20 
jj1 = 263, max_th = 9.826166e-01, time=2025-01-12 23:36:27 
jj1 = 500, max_th = 2.216293e+00, time=2025-01-12 23:37:10 
jj1 = 88, max_th = 1.975913e+00, time=2025-01-12 23:38:41 
jj1 = 154, max_th = 1.403712e+00, time=2025-01-12 23:38:54 
jj1 = 387, max_th = 2.212885e+00, time=2025-01-12 23:40:20 
jj1 = 445, max_th = 2.202304e+00, time=2025-01-12 23:40:51 
jj1 = 326, max_th = 2.424074e+00, time=2025-01-12 23:41:33 
jj1 = 207, max_th = 1.717674e+00, time=2025-01-12 23:41:46 
jj1 = 87, max_th = 1.406149e+00, time=2025-01-12 23:43:51 
jj1 = 386, max_th = 2.635464e+00, time=2025-01-12 23:44:42 
jj1 = 262, max_th = 1.714166e+00, time=2025-01-12 23:44:59 
jj1 = 499, max_th = 2.209580e+00, time=2025-01-12 23:45:53 
jj1 = 444, max_th = 1.379466e+00, time=2025-01-12 23:46:15 
jj1 = 153, max_th = 1.974949e+00, time=2025-01-12 23:49:16 
jj1 = 325, max_th = 1.683883e+00, time=2025-01-12 23:50:01 
jj1 = 206, max_th = 1.728472e+00, time=2025-01-12 23:50:43 
jj1 = 443, max_th = 2.628817e+00, time=2025-01-12 23:50:45 
jj1 = 86, max_th = 2.222005e+00, time=2025-01-12 23:53:09 
jj1 = 385, max_th = 1.713326e+00, time=2025-01-12 23:53:13 
jj1 = 261, max_th = 2.224414e+00, time=2025-01-12 23:54:18 
jj1 = 498, max_th = 1.725716e+00, time=2025-01-12 23:54:51 
jj1 = 442, max_th = 2.628709e+00, time=2025-01-12 23:55:19 
jj1 = 152, max_th = 2.443019e+00, time=2025-01-12 23:55:37 
jj1 = 260, max_th = 9.742061e-01, time=2025-01-12 23:56:26 
jj1 = 497, max_th = 2.808199e+00, time=2025-01-12 23:57:19 
jj1 = 151, max_th = 2.812678e+00, time=2025-01-12 23:58:05 
jj1 = 324, max_th = 1.718209e+00, time=2025-01-12 23:58:46 
jj1 = 205, max_th = 2.225540e+00, time=2025-01-13 00:00:01 
jj1 = 85, max_th = 2.425833e+00, time=2025-01-13 00:00:29 
jj1 = 204, max_th = 9.509000e-01, time=2025-01-13 00:01:37 
jj1 = 384, max_th = 2.224275e+00, time=2025-01-13 00:02:38 
jj1 = 441, max_th = 1.712590e+00, time=2025-01-13 00:03:48 
jj1 = 259, max_th = 2.219352e+00, time=2025-01-13 00:05:44 
jj1 = 84, max_th = 1.365313e+00, time=2025-01-13 00:05:48 
jj1 = 496, max_th = 2.185215e+00, time=2025-01-13 00:06:39 
jj1 = 150, max_th = 1.955912e+00, time=2025-01-13 00:07:18 
jj1 = 383, max_th = 1.393249e+00, time=2025-01-13 00:07:42 
jj1 = 323, max_th = 1.977058e+00, time=2025-01-13 00:09:02 
jj1 = 440, max_th = 1.408107e+00, time=2025-01-13 00:09:07 
jj1 = 203, max_th = 1.723047e+00, time=2025-01-13 00:10:34 
jj1 = 382, max_th = 1.398584e+00, time=2025-01-13 00:12:12 
jj1 = 258, max_th = 1.724235e+00, time=2025-01-13 00:14:45 
jj1 = 495, max_th = 1.689791e+00, time=2025-01-13 00:14:50 
jj1 = 83, max_th = 1.724446e+00, time=2025-01-13 00:14:51 
jj1 = 149, max_th = 1.694670e+00, time=2025-01-13 00:15:04 
jj1 = 322, max_th = 2.420765e+00, time=2025-01-13 00:16:13 
jj1 = 82, max_th = 2.820780e+00, time=2025-01-13 00:17:20 
jj1 = 202, max_th = 2.429789e+00, time=2025-01-13 00:17:38 
jj1 = 439, max_th = 1.720208e+00, time=2025-01-13 00:17:56 
jj1 = 257, max_th = 2.634784e+00, time=2025-01-13 00:19:09 
jj1 = 494, max_th = 2.419205e+00, time=2025-01-13 00:21:59 
jj1 = 381, max_th = 1.983062e+00, time=2025-01-13 00:22:12 
jj1 = 493, max_th = -2.413652e-02, time=2025-01-13 00:22:24 
jj1 = 148, max_th = 1.708428e+00, time=2025-01-13 00:23:15 
jj1 = 201, max_th = 2.439255e+00, time=2025-01-13 00:24:12 
jj1 = 380, max_th = 9.956077e-01, time=2025-01-13 00:24:12 
jj1 = 256, max_th = 1.387618e+00, time=2025-01-13 00:24:26 
jj1 = 147, max_th = 2.974360e+00, time=2025-01-13 00:24:37 
jj1 = 379, max_th = 3.140326e+00, time=2025-01-13 00:24:47 
jj1 = 321, max_th = 2.223529e+00, time=2025-01-13 00:25:34 
jj1 = 81, max_th = 1.725493e+00, time=2025-01-13 00:26:28 
jj1 = 438, max_th = 1.719539e+00, time=2025-01-13 00:26:43 
jj1 = 492, max_th = 1.402676e+00, time=2025-01-13 00:27:13 
jj1 = 320, max_th = 2.625444e+00, time=2025-01-13 00:30:12 
jj1 = 80, max_th = 2.639976e+00, time=2025-01-13 00:30:41 
jj1 = 319, max_th = 9.766614e-01, time=2025-01-13 00:32:19 
jj1 = 255, max_th = 1.728151e+00, time=2025-01-13 00:33:26 
jj1 = 378, max_th = 2.207627e+00, time=2025-01-13 00:33:32 
jj1 = 200, max_th = 1.972481e+00, time=2025-01-13 00:34:25 
jj1 = 146, max_th = 1.964518e+00, time=2025-01-13 00:34:32 
jj1 = 491, max_th = 1.712330e+00, time=2025-01-13 00:35:38 
jj1 = 437, max_th = 2.217105e+00, time=2025-01-13 00:35:48 
jj1 = 199, max_th = 9.246222e-01, time=2025-01-13 00:36:16 
jj1 = 79, max_th = 1.979834e+00, time=2025-01-13 00:40:53 
jj1 = 145, max_th = 2.441695e+00, time=2025-01-13 00:41:00 
jj1 = 318, max_th = 1.958815e+00, time=2025-01-13 00:41:53 
jj1 = 377, max_th = 2.228157e+00, time=2025-01-13 00:42:44 
jj1 = 254, max_th = 1.981844e+00, time=2025-01-13 00:43:28 
jj1 = 436, max_th = 2.180018e+00, time=2025-01-13 00:45:22 
jj1 = 198, max_th = 2.223051e+00, time=2025-01-13 00:45:31 
jj1 = 490, max_th = 1.983909e+00, time=2025-01-13 00:45:40 
jj1 = 78, max_th = 1.404854e+00, time=2025-01-13 00:46:00 
jj1 = 317, max_th = 1.395805e+00, time=2025-01-13 00:46:48 
jj1 = 376, max_th = 1.389028e+00, time=2025-01-13 00:48:04 
jj1 = 435, max_th = 2.623611e+00, time=2025-01-13 00:49:59 
jj1 = 197, max_th = 2.627791e+00, time=2025-01-13 00:50:03 
jj1 = 144, max_th = 2.226445e+00, time=2025-01-13 00:50:13 
jj1 = 253, max_th = 2.418405e+00, time=2025-01-13 00:50:36 
jj1 = 77, max_th = 1.718015e+00, time=2025-01-13 00:54:44 
jj1 = 375, max_th = 2.435936e+00, time=2025-01-13 00:54:53 
jj1 = 316, max_th = 1.709926e+00, time=2025-01-13 00:55:08 
jj1 = 489, max_th = 1.987872e+00, time=2025-01-13 00:55:30 
jj1 = 143, max_th = 1.727298e+00, time=2025-01-13 00:59:10 
jj1 = 434, max_th = 1.986758e+00, time=2025-01-13 00:59:43 
jj1 = 76, max_th = 1.382458e+00, time=2025-01-13 00:59:58 
jj1 = 196, max_th = 1.976220e+00, time=2025-01-13 01:00:17 
jj1 = 252, max_th = 1.985383e+00, time=2025-01-13 01:00:31 
jj1 = 374, max_th = 2.200712e+00, time=2025-01-13 01:01:58 
jj1 = 75, max_th = 9.889637e-01, time=2025-01-13 01:02:04 
jj1 = 315, max_th = 1.704443e+00, time=2025-01-13 01:02:51 
jj1 = 142, max_th = 2.624421e+00, time=2025-01-13 01:03:49 
jj1 = 488, max_th = 2.225884e+00, time=2025-01-13 01:04:49 
jj1 = 251, max_th = 2.438804e+00, time=2025-01-13 01:07:06 
jj1 = 373, max_th = 1.407277e+00, time=2025-01-13 01:07:10 
jj1 = 433, max_th = 1.711637e+00, time=2025-01-13 01:08:02 
jj1 = 195, max_th = 2.216340e+00, time=2025-01-13 01:09:23 
jj1 = 74, max_th = 1.986400e+00, time=2025-01-13 01:11:55 
jj1 = 487, max_th = 2.197494e+00, time=2025-01-13 01:12:48 
jj1 = 314, max_th = 1.984058e+00, time=2025-01-13 01:12:50 
jj1 = 141, max_th = 1.972953e+00, time=2025-01-13 01:13:55 
jj1 = 250, max_th = 1.724827e+00, time=2025-01-13 01:16:07 
jj1 = 432, max_th = 1.720139e+00, time=2025-01-13 01:16:42 
jj1 = 372, max_th = 1.980927e+00, time=2025-01-13 01:17:17 
jj1 = 194, max_th = 1.715027e+00, time=2025-01-13 01:17:53 
jj1 = 249, max_th = 9.801239e-01, time=2025-01-13 01:18:09 
jj1 = 313, max_th = 2.438681e+00, time=2025-01-13 01:19:24 
jj1 = 486, max_th = 2.437336e+00, time=2025-01-13 01:19:29 
jj1 = 73, max_th = 2.221012e+00, time=2025-01-13 01:21:11 
jj1 = 140, max_th = 1.713925e+00, time=2025-01-13 01:22:24 
jj1 = 193, max_th = 1.697992e+00, time=2025-01-13 01:25:01 
jj1 = 371, max_th = 1.694219e+00, time=2025-01-13 01:25:08 
jj1 = 485, max_th = 2.444018e+00, time=2025-01-13 01:25:40 
jj1 = 72, max_th = 2.616197e+00, time=2025-01-13 01:25:50 
jj1 = 431, max_th = 2.226196e+00, time=2025-01-13 01:25:59 
jj1 = 248, max_th = 1.722688e+00, time=2025-01-13 01:26:56 
jj1 = 139, max_th = 2.626045e+00, time=2025-01-13 01:27:02 
jj1 = 247, max_th = 2.981625e+00, time=2025-01-13 01:28:13 
jj1 = 312, max_th = 2.219708e+00, time=2025-01-13 01:28:35 
jj1 = 192, max_th = 1.403399e+00, time=2025-01-13 01:29:52 
jj1 = 484, max_th = 1.390413e+00, time=2025-01-13 01:30:48 
jj1 = 246, max_th = 1.349687e+00, time=2025-01-13 01:31:58 
jj1 = 71, max_th = 2.438251e+00, time=2025-01-13 01:32:28 
jj1 = 370, max_th = 2.219102e+00, time=2025-01-13 01:34:20 
jj1 = 430, max_th = 1.986380e+00, time=2025-01-13 01:35:44 
jj1 = 138, max_th = 1.975390e+00, time=2025-01-13 01:37:13 
jj1 = 311, max_th = 1.719188e+00, time=2025-01-13 01:37:18 
jj1 = 70, max_th = 1.392582e+00, time=2025-01-13 01:37:33 
jj1 = 137, max_th = 2.983093e+00, time=2025-01-13 01:38:29 
jj1 = 191, max_th = 1.728570e+00, time=2025-01-13 01:38:43 
jj1 = 483, max_th = 1.708567e+00, time=2025-01-13 01:38:53 
jj1 = 369, max_th = 1.390603e+00, time=2025-01-13 01:39:33 
jj1 = 190, max_th = 9.824429e-01, time=2025-01-13 01:40:50 
jj1 = 69, max_th = 1.399177e+00, time=2025-01-13 01:41:54 
jj1 = 245, max_th = 1.973826e+00, time=2025-01-13 01:42:07 
jj1 = 310, max_th = 2.438455e+00, time=2025-01-13 01:43:56 
jj1 = 368, max_th = 1.398044e+00, time=2025-01-13 01:44:13 
jj1 = 482, max_th = 1.408606e+00, time=2025-01-13 01:44:14 
jj1 = 309, max_th = -1.155379e-02, time=2025-01-13 01:44:22 
jj1 = 429, max_th = 2.219298e+00, time=2025-01-13 01:44:51 
jj1 = 244, max_th = 2.631894e+00, time=2025-01-13 01:46:33 
jj1 = 308, max_th = 2.810387e+00, time=2025-01-13 01:46:49 
jj1 = 136, max_th = 2.206761e+00, time=2025-01-13 01:47:03 
jj1 = 243, max_th = 2.812868e+00, time=2025-01-13 01:49:00 
jj1 = 189, max_th = 1.729720e+00, time=2025-01-13 01:49:42 
jj1 = 428, max_th = 1.391118e+00, time=2025-01-13 01:50:04 
jj1 = 242, max_th = 9.846547e-01, time=2025-01-13 01:51:03 
jj1 = 367, max_th = 2.408979e+00, time=2025-01-13 01:51:09 
jj1 = 68, max_th = 1.981175e+00, time=2025-01-13 01:51:53 
jj1 = 135, max_th = 1.393770e+00, time=2025-01-13 01:52:04 
jj1 = 481, max_th = 1.987700e+00, time=2025-01-13 01:54:00 
jj1 = 307, max_th = 1.725408e+00, time=2025-01-13 01:55:46 
jj1 = 427, max_th = 1.708973e+00, time=2025-01-13 01:58:13 
jj1 = 426, max_th = -2.602013e-02, time=2025-01-13 01:58:39 
jj1 = 241, max_th = 1.693323e+00, time=2025-01-13 01:58:57 
jj1 = 480, max_th = 1.389661e+00, time=2025-01-13 01:59:15 
jj1 = 188, max_th = 1.982496e+00, time=2025-01-13 01:59:43 
jj1 = 366, max_th = 1.988949e+00, time=2025-01-13 02:00:48 
jj1 = 67, max_th = 2.212433e+00, time=2025-01-13 02:00:52 
jj1 = 240, max_th = 9.976540e-01, time=2025-01-13 02:00:52 
jj1 = 134, max_th = 1.989845e+00, time=2025-01-13 02:01:36 
jj1 = 306, max_th = 1.981749e+00, time=2025-01-13 02:05:52 
jj1 = 133, max_th = 1.374306e+00, time=2025-01-13 02:06:54 
jj1 = 479, max_th = 2.221980e+00, time=2025-01-13 02:08:27 
jj1 = 425, max_th = 1.973870e+00, time=2025-01-13 02:08:52 
jj1 = 365, max_th = 2.203952e+00, time=2025-01-13 02:09:05 
jj1 = 66, max_th = 2.209903e+00, time=2025-01-13 02:09:42 
jj1 = 187, max_th = 1.978897e+00, time=2025-01-13 02:09:49 
jj1 = 478, max_th = 9.990614e-01, time=2025-01-13 02:10:14 
jj1 = 239, max_th = 1.990427e+00, time=2025-01-13 02:10:24 
jj1 = 477, max_th = 2.627633e+00, time=2025-01-13 02:14:49 
jj1 = 305, max_th = 2.217886e+00, time=2025-01-13 02:15:07 
jj1 = 424, max_th = 2.421576e+00, time=2025-01-13 02:16:00 
jj1 = 65, max_th = 1.699407e+00, time=2025-01-13 02:16:13 
jj1 = 132, max_th = 1.979054e+00, time=2025-01-13 02:17:00 
jj1 = 364, max_th = 1.712808e+00, time=2025-01-13 02:17:31 
jj1 = 238, max_th = 1.720295e+00, time=2025-01-13 02:19:12 
jj1 = 186, max_th = 1.964567e+00, time=2025-01-13 02:19:36 
jj1 = 476, max_th = 1.408392e+00, time=2025-01-13 02:20:07 
jj1 = 423, max_th = 1.409224e+00, time=2025-01-13 02:21:18 
jj1 = 304, max_th = 2.228789e+00, time=2025-01-13 02:24:21 
jj1 = 363, max_th = 1.704766e+00, time=2025-01-13 02:25:19 
jj1 = 64, max_th = 1.985052e+00, time=2025-01-13 02:26:03 
jj1 = 131, max_th = 1.993709e+00, time=2025-01-13 02:26:12 
jj1 = 185, max_th = 2.437961e+00, time=2025-01-13 02:26:16 
jj1 = 303, max_th = 2.797372e+00, time=2025-01-13 02:26:39 
jj1 = 302, max_th = 2.815502e+00, time=2025-01-13 02:29:07 
jj1 = 237, max_th = 1.981294e+00, time=2025-01-13 02:29:19 
jj1 = 475, max_th = 1.982080e+00, time=2025-01-13 02:30:04 
jj1 = 362, max_th = 1.377316e+00, time=2025-01-13 02:30:54 
jj1 = 422, max_th = 1.976846e+00, time=2025-01-13 02:31:30 
jj1 = 63, max_th = 2.428245e+00, time=2025-01-13 02:33:04 
jj1 = 130, max_th = 1.703543e+00, time=2025-01-13 02:33:46 
jj1 = 184, max_th = 1.986711e+00, time=2025-01-13 02:36:03 
jj1 = 236, max_th = 2.421247e+00, time=2025-01-13 02:36:27 
jj1 = 183, max_th = -1.310841e-02, time=2025-01-13 02:36:28 
jj1 = 474, max_th = 2.439487e+00, time=2025-01-13 02:36:39 
jj1 = 361, max_th = 2.446095e+00, time=2025-01-13 02:36:55 
jj1 = 182, max_th = 9.879426e-01, time=2025-01-13 02:38:35 
jj1 = 301, max_th = 1.976285e+00, time=2025-01-13 02:39:23 
jj1 = 421, max_th = 1.717050e+00, time=2025-01-13 02:40:07 
jj1 = 129, max_th = 2.413068e+00, time=2025-01-13 02:40:44 
jj1 = 62, max_th = 1.706476e+00, time=2025-01-13 02:41:01 
jj1 = 473, max_th = 1.391548e+00, time=2025-01-13 02:41:53 
jj1 = 360, max_th = 1.366775e+00, time=2025-01-13 02:42:16 
jj1 = 235, max_th = 1.713574e+00, time=2025-01-13 02:45:01 
jj1 = 128, max_th = 2.431795e+00, time=2025-01-13 02:47:38 
jj1 = 181, max_th = 2.230226e+00, time=2025-01-13 02:47:42 
jj1 = 420, max_th = 1.704513e+00, time=2025-01-13 02:47:47 
jj1 = 300, max_th = 1.981016e+00, time=2025-01-13 02:49:30 
jj1 = 61, max_th = 2.222595e+00, time=2025-01-13 02:50:17 
jj1 = 472, max_th = 1.722058e+00, time=2025-01-13 02:50:44 
jj1 = 127, max_th = 1.399946e+00, time=2025-01-13 02:50:53 
jj1 = 359, max_th = 1.986941e+00, time=2025-01-13 02:52:06 
jj1 = 234, max_th = 1.734699e+00, time=2025-01-13 02:53:47 
jj1 = 358, max_th = 9.873150e-01, time=2025-01-13 02:54:12 
jj1 = 180, max_th = 2.437465e+00, time=2025-01-13 02:54:21 
jj1 = 60, max_th = 2.626433e+00, time=2025-01-13 02:54:49 
jj1 = 419, max_th = 2.420969e+00, time=2025-01-13 02:54:53 
jj1 = 558, max_th = 9.936594e-01, time=2025-01-13 02:55:47 
jj1 = 299, max_th = 1.714299e+00, time=2025-01-13 02:58:07 
jj1 = 471, max_th = 1.657875e+00, time=2025-01-13 02:58:27 
jj1 = 179, max_th = 1.401136e+00, time=2025-01-13 02:58:48 
jj1 = 126, max_th = 2.211354e+00, time=2025-01-13 02:59:43 
jj1 = 298, max_th = 9.923392e-01, time=2025-01-13 03:00:10 
jj1 = 557, max_th = 1.401584e+00, time=2025-01-13 03:00:22 
jj1 = 297, max_th = 9.818663e-01, time=2025-01-13 03:02:19 
jj1 = 357, max_th = 1.715660e+00, time=2025-01-13 03:02:50 
jj1 = 59, max_th = 1.713945e+00, time=2025-01-13 03:03:21 
jj1 = 418, max_th = 1.715018e+00, time=2025-01-13 03:03:25 
jj1 = 470, max_th = 1.385198e+00, time=2025-01-13 03:03:37 
jj1 = 125, max_th = 2.630299e+00, time=2025-01-13 03:04:10 
jj1 = 58, max_th = 9.913853e-01, time=2025-01-13 03:05:24 
jj1 = 178, max_th = 1.710199e+00, time=2025-01-13 03:06:59 
jj1 = 417, max_th = 2.619699e+00, time=2025-01-13 03:07:59 
jj1 = 556, max_th = 1.685011e+00, time=2025-01-13 03:08:34 
jj1 = 177, max_th = 9.958595e-01, time=2025-01-13 03:08:56 
jj1 = 57, max_th = 1.402045e+00, time=2025-01-13 03:10:04 
jj1 = 296, max_th = 2.230135e+00, time=2025-01-13 03:11:25 
jj1 = 588, max_th = 2.210346e+00, time=2025-01-13 03:12:23 
jj1 = 356, max_th = 1.989927e+00, time=2025-01-13 03:12:26 
jj1 = 124, max_th = 2.214382e+00, time=2025-01-13 03:13:14 
jj1 = 416, max_th = 1.700497e+00, time=2025-01-13 03:14:14 
jj1 = 176, max_th = 2.436914e+00, time=2025-01-13 03:15:40 
jj1 = 555, max_th = 2.418601e+00, time=2025-01-13 03:15:40 
jj1 = 587, max_th = 1.403050e+00, time=2025-01-13 03:17:15 
jj1 = 295, max_th = 2.416258e+00, time=2025-01-13 03:18:24 
jj1 = 415, max_th = 1.389068e+00, time=2025-01-13 03:19:24 
jj1 = 738, max_th = 1.982030e+00, time=2025-01-13 03:20:05 
jj1 = 355, max_th = 1.726961e+00, time=2025-01-13 03:21:23 
jj1 = 123, max_th = 1.953757e+00, time=2025-01-13 03:22:01 
jj1 = 586, max_th = 1.410669e+00, time=2025-01-13 03:22:38 
jj1 = 175, max_th = 2.212015e+00, time=2025-01-13 03:24:33 
jj1 = 554, max_th = 2.182082e+00, time=2025-01-13 03:25:00 
jj1 = 294, max_th = 2.416628e+00, time=2025-01-13 03:25:26 
jj1 = 414, max_th = 1.696179e+00, time=2025-01-13 03:26:54 
jj1 = 122, max_th = 2.412173e+00, time=2025-01-13 03:28:53 
jj1 = 737, max_th = 2.227930e+00, time=2025-01-13 03:29:11 
jj1 = 585, max_th = 1.710755e+00, time=2025-01-13 03:30:52 
jj1 = 354, max_th = 1.965190e+00, time=2025-01-13 03:31:17 
jj1 = 708, max_th = 2.222116e+00, time=2025-01-13 03:33:45 
jj1 = 553, max_th = 1.991603e+00, time=2025-01-13 03:34:20 
jj1 = 293, max_th = 1.725319e+00, time=2025-01-13 03:34:23 
jj1 = 353, max_th = 2.633131e+00, time=2025-01-13 03:35:40 
jj1 = 413, max_th = 2.215136e+00, time=2025-01-13 03:35:54 
jj1 = 736, max_th = 1.704158e+00, time=2025-01-13 03:36:47 
jj1 = 121, max_th = 1.709965e+00, time=2025-01-13 03:37:06 
jj1 = 618, max_th = 1.396469e+00, time=2025-01-13 03:39:16 
jj1 = 584, max_th = 1.979852e+00, time=2025-01-13 03:40:58 
jj1 = 120, max_th = 2.633603e+00, time=2025-01-13 03:41:26 
jj1 = 412, max_th = 2.441436e+00, time=2025-01-13 03:42:17 
jj1 = 552, max_th = 1.995145e+00, time=2025-01-13 03:43:23 
jj1 = 707, max_th = 1.988364e+00, time=2025-01-13 03:43:24 
jj1 = 583, max_th = 1.399926e+00, time=2025-01-13 03:44:17 
jj1 = 352, max_th = 2.219063e+00, time=2025-01-13 03:44:50 
jj1 = 119, max_th = 1.397576e+00, time=2025-01-13 03:46:06 
jj1 = 735, max_th = 1.984845e+00, time=2025-01-13 03:46:36 
jj1 = 411, max_th = 1.404143e+00, time=2025-01-13 03:47:14 
jj1 = 617, max_th = 1.998487e+00, time=2025-01-13 03:47:23 
jj1 = 706, max_th = 2.437847e+00, time=2025-01-13 03:49:59 
jj1 = 582, max_th = 1.997469e+00, time=2025-01-13 03:52:44 
jj1 = 551, max_th = 1.969690e+00, time=2025-01-13 03:53:27 
jj1 = 678, max_th = 1.984177e+00, time=2025-01-13 03:54:45 
jj1 = 734, max_th = 2.221804e+00, time=2025-01-13 03:55:47 
jj1 = 118, max_th = 1.986312e+00, time=2025-01-13 03:55:50 
jj1 = 616, max_th = 2.227069e+00, time=2025-01-13 03:56:38 
jj1 = 648, max_th = 1.981285e+00, time=2025-01-13 03:57:16 
jj1 = 705, max_th = 1.975801e+00, time=2025-01-13 04:00:11 
jj1 = 581, max_th = 2.228278e+00, time=2025-01-13 04:01:53 
jj1 = 733, max_th = 2.416597e+00, time=2025-01-13 04:02:49 
jj1 = 677, max_th = 2.204728e+00, time=2025-01-13 04:03:04 
jj1 = 615, max_th = 2.437888e+00, time=2025-01-13 04:03:16 
jj1 = 550, max_th = 1.964355e+00, time=2025-01-13 04:03:18 
jj1 = 117, max_th = 1.991234e+00, time=2025-01-13 04:05:15 
jj1 = 647, max_th = 2.226060e+00, time=2025-01-13 04:06:32 
jj1 = 704, max_th = 2.440549e+00, time=2025-01-13 04:06:42 
jj1 = 580, max_th = 1.392509e+00, time=2025-01-13 04:07:01 
jj1 = 676, max_th = 2.639083e+00, time=2025-01-13 04:07:15 
jj1 = 579, max_th = -9.344923e-03, time=2025-01-13 04:07:26 
jj1 = 732, max_th = 1.393794e+00, time=2025-01-13 04:07:51 
jj1 = 703, max_th = 9.545944e-01, time=2025-01-13 04:08:32 
jj1 = 614, max_th = 2.408655e+00, time=2025-01-13 04:10:06 
jj1 = 549, max_th = 1.683281e+00, time=2025-01-13 04:11:38 
jj1 = 578, max_th = 2.630691e+00, time=2025-01-13 04:11:56 
jj1 = 731, max_th = 1.700491e+00, time=2025-01-13 04:14:08 
jj1 = 116, max_th = 2.227082e+00, time=2025-01-13 04:14:26 
jj1 = 646, max_th = 1.710764e+00, time=2025-01-13 04:14:52 
jj1 = 702, max_th = 2.424497e+00, time=2025-01-13 04:15:43 
jj1 = 548, max_th = 1.407055e+00, time=2025-01-13 04:16:52 
jj1 = 675, max_th = 1.963989e+00, time=2025-01-13 04:17:07 
jj1 = 701, max_th = 2.808927e+00, time=2025-01-13 04:18:09 
jj1 = 613, max_th = 2.221337e+00, time=2025-01-13 04:19:14 
jj1 = 730, max_th = 1.411474e+00, time=2025-01-13 04:19:35 
jj1 = 577, max_th = 1.965042e+00, time=2025-01-13 04:21:42 
jj1 = 547, max_th = 2.439557e+00, time=2025-01-13 04:23:24 
jj1 = 645, max_th = 2.225430e+00, time=2025-01-13 04:24:11 
jj1 = 768, max_th = 1.984319e+00, time=2025-01-13 04:24:15 
jj1 = 644, max_th = 9.969218e-01, time=2025-01-13 04:26:07 
jj1 = 674, max_th = 1.984019e+00, time=2025-01-13 04:27:06 
jj1 = 700, max_th = 1.985959e+00, time=2025-01-13 04:27:58 
jj1 = 643, max_th = 9.957215e-01, time=2025-01-13 04:28:06 
jj1 = 729, max_th = 1.719968e+00, time=2025-01-13 04:28:17 
jj1 = 612, max_th = 1.994160e+00, time=2025-01-13 04:28:23 
jj1 = 576, max_th = 1.730647e+00, time=2025-01-13 04:30:27 
jj1 = 673, max_th = 1.405949e+00, time=2025-01-13 04:32:13 
jj1 = 767, max_th = 1.729431e+00, time=2025-01-13 04:33:02 
jj1 = 728, max_th = 1.395041e+00, time=2025-01-13 04:33:10 
jj1 = 546, max_th = 1.971294e+00, time=2025-01-13 04:33:32 
jj1 = 575, max_th = 2.629937e+00, time=2025-01-13 04:34:55 
jj1 = 699, max_th = 1.722154e+00, time=2025-01-13 04:36:43 
jj1 = 611, max_th = 1.714649e+00, time=2025-01-13 04:36:52 
jj1 = 642, max_th = 1.973041e+00, time=2025-01-13 04:38:08 
jj1 = 727, max_th = 1.385816e+00, time=2025-01-13 04:38:26 
jj1 = 610, max_th = 9.726878e-01, time=2025-01-13 04:38:54 
jj1 = 641, max_th = 9.821491e-01, time=2025-01-13 04:40:15 
jj1 = 609, max_th = 9.865723e-01, time=2025-01-13 04:41:00 
jj1 = 672, max_th = 2.224651e+00, time=2025-01-13 04:41:27 
jj1 = 574, max_th = 2.433224e+00, time=2025-01-13 04:41:41 
jj1 = 698, max_th = 1.391746e+00, time=2025-01-13 04:41:46 
jj1 = 545, max_th = 1.721276e+00, time=2025-01-13 04:42:16 
jj1 = 766, max_th = 1.987988e+00, time=2025-01-13 04:42:40 
jj1 = 671, max_th = 9.879988e-01, time=2025-01-13 04:43:31 
jj1 = 573, max_th = 1.399085e+00, time=2025-01-13 04:45:58 
jj1 = 726, max_th = 1.988178e+00, time=2025-01-13 04:48:01 
jj1 = 640, max_th = 2.220630e+00, time=2025-01-13 04:49:29 
jj1 = 608, max_th = 1.716034e+00, time=2025-01-13 04:49:34 
jj1 = 544, max_th = 1.696829e+00, time=2025-01-13 04:49:38 
jj1 = 670, max_th = 2.434983e+00, time=2025-01-13 04:50:21 
jj1 = 697, max_th = 2.217002e+00, time=2025-01-13 04:50:50 
jj1 = 765, max_th = 2.221580e+00, time=2025-01-13 04:51:50 
jj1 = 669, max_th = 9.616556e-01, time=2025-01-13 04:52:20 
jj1 = 572, max_th = 1.689440e+00, time=2025-01-13 04:54:08 
jj1 = 639, max_th = 2.423702e+00, time=2025-01-13 04:56:34 
jj1 = 543, max_th = 2.201576e+00, time=2025-01-13 04:57:14 
jj1 = 725, max_th = 1.972851e+00, time=2025-01-13 04:58:11 
jj1 = 696, max_th = 2.204066e+00, time=2025-01-13 04:59:02 
jj1 = 607, max_th = 1.989928e+00, time=2025-01-13 04:59:09 
jj1 = 668, max_th = 1.710241e+00, time=2025-01-13 05:00:37 
jj1 = 764, max_th = 1.990091e+00, time=2025-01-13 05:01:18 
jj1 = 606, max_th = 2.821993e+00, time=2025-01-13 05:01:37 
jj1 = 638, max_th = 1.405191e+00, time=2025-01-13 05:01:41 
jj1 = 542, max_th = 1.409519e+00, time=2025-01-13 05:02:37 
jj1 = 571, max_th = 1.994768e+00, time=2025-01-13 05:03:09 
jj1 = 667, max_th = 2.628286e+00, time=2025-01-13 05:05:10 
jj1 = 724, max_th = 1.716739e+00, time=2025-01-13 05:06:46 
jj1 = 605, max_th = 1.371915e+00, time=2025-01-13 05:07:04 
jj1 = 695, max_th = 2.221005e+00, time=2025-01-13 05:08:16 
jj1 = 541, max_th = 2.425404e+00, time=2025-01-13 05:09:46 
jj1 = 763, max_th = 1.720562e+00, time=2025-01-13 05:10:03 
jj1 = 723, max_th = 1.401724e+00, time=2025-01-13 05:11:20 
jj1 = 637, max_th = 1.970725e+00, time=2025-01-13 05:11:50 
jj1 = 570, max_th = 2.212501e+00, time=2025-01-13 05:12:01 
jj1 = 666, max_th = 2.208213e+00, time=2025-01-13 05:13:49 
jj1 = 694, max_th = 2.406075e+00, time=2025-01-13 05:14:51 
jj1 = 540, max_th = 1.406136e+00, time=2025-01-13 05:14:54 
jj1 = 604, max_th = 1.687881e+00, time=2025-01-13 05:15:18 
jj1 = 569, max_th = 2.439772e+00, time=2025-01-13 05:18:33 
jj1 = 762, max_th = 1.725688e+00, time=2025-01-13 05:18:55 
jj1 = 636, max_th = 1.711429e+00, time=2025-01-13 05:20:09 
jj1 = 722, max_th = 1.725938e+00, time=2025-01-13 05:20:18 
jj1 = 761, max_th = 9.635156e-01, time=2025-01-13 05:20:49 
jj1 = 539, max_th = 2.439777e+00, time=2025-01-13 05:21:27 
jj1 = 665, max_th = 2.222243e+00, time=2025-01-13 05:23:01 
jj1 = 635, max_th = 1.357259e+00, time=2025-01-13 05:24:56 
jj1 = 693, max_th = 1.977723e+00, time=2025-01-13 05:25:01 
jj1 = 603, max_th = 1.984903e+00, time=2025-01-13 05:25:13 
jj1 = 538, max_th = 1.386047e+00, time=2025-01-13 05:26:41 
jj1 = 568, max_th = 1.723630e+00, time=2025-01-13 05:27:26 
jj1 = 760, max_th = 2.428414e+00, time=2025-01-13 05:27:51 
jj1 = 634, max_th = 2.632566e+00, time=2025-01-13 05:29:22 
jj1 = 664, max_th = 2.430684e+00, time=2025-01-13 05:29:59 
jj1 = 692, max_th = 1.408885e+00, time=2025-01-13 05:30:19 
jj1 = 721, max_th = 1.975871e+00, time=2025-01-13 05:30:31 
jj1 = 759, max_th = 2.632827e+00, time=2025-01-13 05:32:15 
jj1 = 567, max_th = 1.369490e+00, time=2025-01-13 05:32:42 
jj1 = 602, max_th = 2.226286e+00, time=2025-01-13 05:34:27 
jj1 = 537, max_th = 2.215345e+00, time=2025-01-13 05:35:46 
jj1 = 566, max_th = 2.632613e+00, time=2025-01-13 05:37:06 
jj1 = 663, max_th = 1.719974e+00, time=2025-01-13 05:38:43 
jj1 = 633, max_th = 1.979561e+00, time=2025-01-13 05:39:28 
jj1 = 720, max_th = 1.725375e+00, time=2025-01-13 05:39:29 
jj1 = 691, max_th = 2.228142e+00, time=2025-01-13 05:39:31 
jj1 = 601, max_th = 1.378594e+00, time=2025-01-13 05:39:47 
jj1 = 758, max_th = 2.221506e+00, time=2025-01-13 05:41:24 
jj1 = 632, max_th = 2.811522e+00, time=2025-01-13 05:41:56 
jj1 = 662, max_th = 1.402022e+00, time=2025-01-13 05:43:25 
jj1 = 690, max_th = 2.638443e+00, time=2025-01-13 05:43:44 
jj1 = 536, max_th = 2.223334e+00, time=2025-01-13 05:45:02 
jj1 = 565, max_th = 1.726479e+00, time=2025-01-13 05:46:01 
jj1 = 631, max_th = 1.382096e+00, time=2025-01-13 05:47:09 
jj1 = 630, max_th = -3.007238e-03, time=2025-01-13 05:47:34 
jj1 = 719, max_th = 1.992896e+00, time=2025-01-13 05:48:45 
jj1 = 600, max_th = 2.221617e+00, time=2025-01-13 05:48:58 
jj1 = 564, max_th = 2.632703e+00, time=2025-01-13 05:50:24 
jj1 = 757, max_th = 1.960235e+00, time=2025-01-13 05:51:00 
jj1 = 535, max_th = 2.439925e+00, time=2025-01-13 05:51:33 
jj1 = 661, max_th = 1.726866e+00, time=2025-01-13 05:52:20 
jj1 = 689, max_th = 2.212524e+00, time=2025-01-13 05:52:43 
jj1 = 660, max_th = 9.703479e-01, time=2025-01-13 05:54:21 
jj1 = 629, max_th = 2.431432e+00, time=2025-01-13 05:54:30 
jj1 = 718, max_th = 1.696111e+00, time=2025-01-13 05:56:22 
jj1 = 599, max_th = 2.225088e+00, time=2025-01-13 05:58:16 
jj1 = 563, max_th = 1.719224e+00, time=2025-01-13 05:59:07 
jj1 = 534, max_th = 2.219836e+00, time=2025-01-13 06:00:44 
jj1 = 756, max_th = 1.971432e+00, time=2025-01-13 06:01:10 
jj1 = 688, max_th = 1.712433e+00, time=2025-01-13 06:01:12 
jj1 = 598, max_th = 2.635604e+00, time=2025-01-13 06:02:35 
jj1 = 659, max_th = 1.720375e+00, time=2025-01-13 06:03:11 
jj1 = 628, max_th = 1.990593e+00, time=2025-01-13 06:04:01 
jj1 = 533, max_th = 2.626660e+00, time=2025-01-13 06:05:23 
jj1 = 562, max_th = 2.435165e+00, time=2025-01-13 06:05:52 
jj1 = 532, max_th = 3.139687e+00, time=2025-01-13 06:05:57 
jj1 = 755, max_th = 1.358402e+00, time=2025-01-13 06:06:06 
jj1 = 717, max_th = 1.980820e+00, time=2025-01-13 06:06:26 
jj1 = 597, max_th = 1.716743e+00, time=2025-01-13 06:11:17 
jj1 = 687, max_th = 1.974455e+00, time=2025-01-13 06:11:23 
jj1 = 561, max_th = 2.445646e+00, time=2025-01-13 06:11:57 
jj1 = 627, max_th = 1.710850e+00, time=2025-01-13 06:12:12 
jj1 = 658, max_th = 1.991536e+00, time=2025-01-13 06:12:41 
jj1 = 754, max_th = 1.996517e+00, time=2025-01-13 06:14:55 
jj1 = 531, max_th = 2.215561e+00, time=2025-01-13 06:15:04 
jj1 = 716, max_th = 1.995310e+00, time=2025-01-13 06:15:25 
jj1 = 686, max_th = 2.634252e+00, time=2025-01-13 06:15:46 
jj1 = 530, max_th = 2.971732e+00, time=2025-01-13 06:16:26 
jj1 = 560, max_th = 2.425048e+00, time=2025-01-13 06:19:07 
jj1 = 596, max_th = 1.730080e+00, time=2025-01-13 06:20:10 
jj1 = 715, max_th = 1.407689e+00, time=2025-01-13 06:20:37 
jj1 = 657, max_th = 1.711598e+00, time=2025-01-13 06:20:58 
jj1 = 714, max_th = -1.009517e-02, time=2025-01-13 06:21:02 
jj1 = 626, max_th = 1.983244e+00, time=2025-01-13 06:22:08 
jj1 = 656, max_th = 9.943960e-01, time=2025-01-13 06:23:00 
jj1 = 753, max_th = 2.216307e+00, time=2025-01-13 06:24:01 
jj1 = 752, max_th = -4.734626e-02, time=2025-01-13 06:24:21 
jj1 = 685, max_th = 1.726312e+00, time=2025-01-13 06:24:42 
jj1 = 529, max_th = 2.223230e+00, time=2025-01-13 06:25:44 
jj1 = 559, max_th = 2.430423e+00, time=2025-01-13 06:26:04 
jj1 = 713, max_th = 2.431565e+00, time=2025-01-13 06:27:55 
jj1 = 655, max_th = 1.392207e+00, time=2025-01-13 06:28:11 
jj1 = 751, max_th = 1.388039e+00, time=2025-01-13 06:29:30 
jj1 = 595, max_th = 1.983005e+00, time=2025-01-13 06:30:09 
jj1 = 625, max_th = 1.713151e+00, time=2025-01-13 06:30:34 
jj1 = 684, max_th = 1.984466e+00, time=2025-01-13 06:34:33 
jj1 = 798, max_th = 2.207735e+00, time=2025-01-13 06:34:42 
jj1 = 783, max_th = 2.228069e+00, time=2025-01-13 06:34:52 
jj1 = 683, max_th = 2.963192e+00, time=2025-01-13 06:35:54 
jj1 = 712, max_th = 2.228661e+00, time=2025-01-13 06:37:06 
jj1 = 594, max_th = 2.425541e+00, time=2025-01-13 06:37:22 
jj1 = 654, max_th = 1.985400e+00, time=2025-01-13 06:38:01 
jj1 = 750, max_th = 2.228108e+00, time=2025-01-13 06:38:41 
jj1 = 624, max_th = 1.728256e+00, time=2025-01-13 06:39:29 
jj1 = 797, max_th = 2.200610e+00, time=2025-01-13 06:41:41 
jj1 = 782, max_th = 2.424614e+00, time=2025-01-13 06:41:59 
jj1 = 749, max_th = 1.386852e+00, time=2025-01-13 06:44:01 
jj1 = 682, max_th = 1.690034e+00, time=2025-01-13 06:44:04 
jj1 = 623, max_th = 1.402353e+00, time=2025-01-13 06:44:13 
jj1 = 711, max_th = 2.231805e+00, time=2025-01-13 06:46:06 
jj1 = 653, max_th = 1.992210e+00, time=2025-01-13 06:47:23 
jj1 = 593, max_th = 1.980047e+00, time=2025-01-13 06:47:27 
jj1 = 748, max_th = 1.400442e+00, time=2025-01-13 06:48:07 
jj1 = 710, max_th = 9.839513e-01, time=2025-01-13 06:48:14 
jj1 = 681, max_th = 2.638348e+00, time=2025-01-13 06:48:18 
jj1 = 680, max_th = 9.926771e-01, time=2025-01-13 06:50:21 
jj1 = 622, max_th = 2.440854e+00, time=2025-01-13 06:50:42 
jj1 = 796, max_th = 1.955698e+00, time=2025-01-13 06:50:47 
jj1 = 781, max_th = 1.725442e+00, time=2025-01-13 06:50:55 
jj1 = 592, max_th = 1.408747e+00, time=2025-01-13 06:52:47 
jj1 = 652, max_th = 1.410789e+00, time=2025-01-13 06:52:50 
jj1 = 780, max_th = 1.403139e+00, time=2025-01-13 06:55:45 
jj1 = 709, max_th = 1.953281e+00, time=2025-01-13 06:57:00 
jj1 = 679, max_th = 2.200918e+00, time=2025-01-13 06:57:34 
jj1 = 591, max_th = 1.407206e+00, time=2025-01-13 06:58:01 
jj1 = 747, max_th = 1.983711e+00, time=2025-01-13 06:58:02 
jj1 = 795, max_th = 1.683740e+00, time=2025-01-13 06:58:54 
jj1 = 621, max_th = 1.710441e+00, time=2025-01-13 06:58:57 
jj1 = 794, max_th = 9.700825e-01, time=2025-01-13 07:00:57 
jj1 = 651, max_th = 1.712707e+00, time=2025-01-13 07:01:19 
jj1 = 620, max_th = 1.401904e+00, time=2025-01-13 07:03:39 
jj1 = 779, max_th = 2.222352e+00, time=2025-01-13 07:04:59 
jj1 = 813, max_th = 1.718804e+00, time=2025-01-13 07:05:36 
jj1 = 746, max_th = 2.212480e+00, time=2025-01-13 07:06:58 
jj1 = 590, max_th = 1.994945e+00, time=2025-01-13 07:07:04 
jj1 = 828, max_th = 1.960578e+00, time=2025-01-13 07:07:11 
jj1 = 745, max_th = 9.833473e-01, time=2025-01-13 07:09:04 
jj1 = 778, max_th = 1.387017e+00, time=2025-01-13 07:10:05 
jj1 = 650, max_th = 2.220699e+00, time=2025-01-13 07:10:33 
jj1 = 649, max_th = -4.517551e-02, time=2025-01-13 07:10:54 
jj1 = 793, max_th = 1.977406e+00, time=2025-01-13 07:11:06 
jj1 = 777, max_th = 9.981809e-01, time=2025-01-13 07:11:58 
jj1 = 619, max_th = 2.229374e+00, time=2025-01-13 07:12:44 
jj1 = 827, max_th = 2.433660e+00, time=2025-01-13 07:14:00 
jj1 = 589, max_th = 2.413156e+00, time=2025-01-13 07:14:05 
jj1 = 812, max_th = 1.993309e+00, time=2025-01-13 07:14:53 
jj1 = 873, max_th = 2.816804e+00, time=2025-01-13 07:15:14 
jj1 = 858, max_th = 2.633359e+00, time=2025-01-13 07:15:17 
jj1 = 744, max_th = 1.992675e+00, time=2025-01-13 07:18:24 
jj1 = 776, max_th = 2.440574e+00, time=2025-01-13 07:18:25 
jj1 = 792, max_th = 2.212777e+00, time=2025-01-13 07:20:02 
jj1 = 857, max_th = 1.363748e+00, time=2025-01-13 07:20:24 
jj1 = 743, max_th = 9.874894e-01, time=2025-01-13 07:20:31 
jj1 = 826, max_th = 1.688752e+00, time=2025-01-13 07:22:12 
jj1 = 843, max_th = 1.988983e+00, time=2025-01-13 07:23:46 
jj1 = 872, max_th = 1.716309e+00, time=2025-01-13 07:23:53 
jj1 = 811, max_th = 2.227111e+00, time=2025-01-13 07:24:08 
jj1 = 742, max_th = 1.387596e+00, time=2025-01-13 07:25:43 
jj1 = 775, max_th = 1.707042e+00, time=2025-01-13 07:26:22 
jj1 = 856, max_th = 2.203328e+00, time=2025-01-13 07:28:35 
jj1 = 791, max_th = 2.223664e+00, time=2025-01-13 07:29:20 
jj1 = 825, max_th = 1.712290e+00, time=2025-01-13 07:30:38 
jj1 = 774, max_th = 2.619893e+00, time=2025-01-13 07:30:56 
jj1 = 871, max_th = 1.710179e+00, time=2025-01-13 07:32:12 
jj1 = 870, max_th = -2.305521e-02, time=2025-01-13 07:32:38 
jj1 = 842, max_th = 2.214275e+00, time=2025-01-13 07:32:51 
jj1 = 810, max_th = 1.721367e+00, time=2025-01-13 07:33:03 
jj1 = 741, max_th = 1.683524e+00, time=2025-01-13 07:34:18 
jj1 = 824, max_th = 2.400846e+00, time=2025-01-13 07:36:20 
jj1 = 855, max_th = 2.213365e+00, time=2025-01-13 07:37:30 
jj1 = 790, max_th = 1.708980e+00, time=2025-01-13 07:37:32 
jj1 = 809, max_th = 2.626354e+00, time=2025-01-13 07:37:39 
jj1 = 823, max_th = 9.662067e-01, time=2025-01-13 07:38:22 
jj1 = 808, max_th = 9.971774e-01, time=2025-01-13 07:39:35 
jj1 = 740, max_th = 1.379226e+00, time=2025-01-13 07:39:34 
jj1 = 773, max_th = 1.724457e+00, time=2025-01-13 07:39:48 
jj1 = 841, max_th = 2.427321e+00, time=2025-01-13 07:39:56 
jj1 = 869, max_th = 1.992703e+00, time=2025-01-13 07:41:56 
jj1 = 789, max_th = 2.619711e+00, time=2025-01-13 07:42:17 
jj1 = 854, max_th = 2.425682e+00, time=2025-01-13 07:44:36 
jj1 = 739, max_th = 1.380617e+00, time=2025-01-13 07:44:59 
jj1 = 772, max_th = 1.371173e+00, time=2025-01-13 07:45:07 
jj1 = 807, max_th = 2.427481e+00, time=2025-01-13 07:46:43 
jj1 = 822, max_th = 1.719493e+00, time=2025-01-13 07:47:04 
jj1 = 868, max_th = 2.418914e+00, time=2025-01-13 07:49:04 
jj1 = 840, max_th = 2.223398e+00, time=2025-01-13 07:49:08 
jj1 = 771, max_th = 2.634152e+00, time=2025-01-13 07:49:26 
jj1 = 806, max_th = 2.623425e+00, time=2025-01-13 07:51:19 
jj1 = 888, max_th = 2.428421e+00, time=2025-01-13 07:51:58 
jj1 = 788, max_th = 1.973830e+00, time=2025-01-13 07:52:27 
jj1 = 853, max_th = 1.714101e+00, time=2025-01-13 07:53:04 
jj1 = 867, max_th = 1.405420e+00, time=2025-01-13 07:54:07 
jj1 = 866, max_th = 9.874449e-01, time=2025-01-13 07:56:12 
jj1 = 821, max_th = 2.221910e+00, time=2025-01-13 07:56:17 
jj1 = 770, max_th = 1.946351e+00, time=2025-01-13 07:58:18 
jj1 = 839, max_th = 1.982794e+00, time=2025-01-13 07:59:05 
jj1 = 805, max_th = 2.231656e+00, time=2025-01-13 08:00:17 
jj1 = 787, max_th = 1.718941e+00, time=2025-01-13 08:01:10 
jj1 = 887, max_th = 1.993093e+00, time=2025-01-13 08:01:11 
jj1 = 852, max_th = 1.986616e+00, time=2025-01-13 08:02:52 
jj1 = 865, max_th = 1.697710e+00, time=2025-01-13 08:03:24 
jj1 = 838, max_th = 1.408448e+00, time=2025-01-13 08:04:23 
jj1 = 864, max_th = 9.935034e-01, time=2025-01-13 08:05:26 
jj1 = 820, max_th = 1.992646e+00, time=2025-01-13 08:05:34 
jj1 = 851, max_th = 1.398988e+00, time=2025-01-13 08:07:13 
jj1 = 769, max_th = 2.217658e+00, time=2025-01-13 08:07:17 
jj1 = 886, max_th = 2.437498e+00, time=2025-01-13 08:07:52 
jj1 = 804, max_th = 1.980560e+00, time=2025-01-13 08:10:17 
jj1 = 863, max_th = 1.376304e+00, time=2025-01-13 08:10:45 
jj1 = 786, max_th = 1.964245e+00, time=2025-01-13 08:11:02 
jj1 = 803, max_th = 9.768087e-01, time=2025-01-13 08:12:25 
jj1 = 819, max_th = 2.426238e+00, time=2025-01-13 08:12:41 
jj1 = 850, max_th = 2.403073e+00, time=2025-01-13 08:13:27 
jj1 = 837, max_th = 1.984626e+00, time=2025-01-13 08:14:16 
jj1 = 802, max_th = 9.652137e-01, time=2025-01-13 08:14:26 
jj1 = 818, max_th = 9.954422e-01, time=2025-01-13 08:14:40 
jj1 = 885, max_th = 1.724461e+00, time=2025-01-13 08:16:45 
jj1 = 895, max_th = 1.976317e+00, time=2025-01-13 08:17:26 
jj1 = 884, max_th = 2.983582e+00, time=2025-01-13 08:18:02 
jj1 = 849, max_th = 1.391321e+00, time=2025-01-13 08:18:37 
jj1 = 801, max_th = 1.408564e+00, time=2025-01-13 08:19:45 
jj1 = 785, max_th = 1.994674e+00, time=2025-01-13 08:20:05 
jj1 = 862, max_th = 1.985568e+00, time=2025-01-13 08:20:34 
jj1 = 836, max_th = 1.956555e+00, time=2025-01-13 08:23:24 
jj1 = 883, max_th = 1.377020e+00, time=2025-01-13 08:23:25 
jj1 = 848, max_th = 1.412335e+00, time=2025-01-13 08:24:07 
jj1 = 817, max_th = 1.983321e+00, time=2025-01-13 08:24:31 
jj1 = 861, max_th = 1.399584e+00, time=2025-01-13 08:24:31 
jj1 = 800, max_th = 1.382384e+00, time=2025-01-13 08:25:10 
jj1 = 835, max_th = 9.759118e-01, time=2025-01-13 08:25:28 
jj1 = 882, max_th = 2.818635e+00, time=2025-01-13 08:25:53 
jj1 = 894, max_th = 2.214577e+00, time=2025-01-13 08:26:27 
jj1 = 799, max_th = 2.813631e+00, time=2025-01-13 08:27:36 
jj1 = 881, max_th = 2.816301e+00, time=2025-01-13 08:28:19 
jj1 = 784, max_th = 2.222078e+00, time=2025-01-13 08:29:13 
jj1 = 834, max_th = 1.384727e+00, time=2025-01-13 08:30:42 
jj1 = 860, max_th = 2.407908e+00, time=2025-01-13 08:31:14 
jj1 = 816, max_th = 2.420125e+00, time=2025-01-13 08:31:37 
jj1 = 847, max_th = 1.711781e+00, time=2025-01-13 08:32:29 
jj1 = 815, max_th = 9.921914e-01, time=2025-01-13 08:33:38 
jj1 = 814, max_th = 3.150024e+00, time=2025-01-13 08:33:57 
jj1 = 893, max_th = 1.718675e+00, time=2025-01-13 08:35:12 
jj1 = 833, max_th = 1.409010e+00, time=2025-01-13 08:36:04 
jj1 = 846, max_th = 1.401566e+00, time=2025-01-13 08:36:59 
jj1 = 832, max_th = 2.971997e+00, time=2025-01-13 08:37:25 
jj1 = 909, max_th = 1.964202e+00, time=2025-01-13 08:37:25 
jj1 = 880, max_th = 1.994507e+00, time=2025-01-13 08:37:26 
jj1 = 902, max_th = 1.714372e+00, time=2025-01-13 08:37:41 
jj1 = 892, max_th = 1.400175e+00, time=2025-01-13 08:38:55 
jj1 = 859, max_th = 1.721891e+00, time=2025-01-13 08:39:57 
jj1 = 908, max_th = 2.635917e+00, time=2025-01-13 08:41:41 
jj1 = 916, max_th = 2.213332e+00, time=2025-01-13 08:42:54 
jj1 = 845, max_th = 2.426467e+00, time=2025-01-13 08:44:07 
jj1 = 879, max_th = 2.418807e+00, time=2025-01-13 08:44:28 
jj1 = 891, max_th = 2.434529e+00, time=2025-01-13 08:45:42 
jj1 = 831, max_th = 2.223171e+00, time=2025-01-13 08:46:37 
jj1 = 901, max_th = 2.231497e+00, time=2025-01-13 08:46:39 
jj1 = 930, max_th = 2.212048e+00, time=2025-01-13 08:48:53 
jj1 = 907, max_th = 1.712769e+00, time=2025-01-13 08:50:01 
jj1 = 929, max_th = 9.739415e-01, time=2025-01-13 08:51:02 
jj1 = 900, max_th = 2.633714e+00, time=2025-01-13 08:51:02 
jj1 = 878, max_th = 1.701197e+00, time=2025-01-13 08:51:17 
jj1 = 844, max_th = 1.711254e+00, time=2025-01-13 08:52:22 
jj1 = 915, max_th = 1.979858e+00, time=2025-01-13 08:52:59 
jj1 = 906, max_th = 2.628835e+00, time=2025-01-13 08:54:30 
jj1 = 890, max_th = 2.217143e+00, time=2025-01-13 08:54:47 
jj1 = 830, max_th = 1.718278e+00, time=2025-01-13 08:55:15 
jj1 = 877, max_th = 2.608251e+00, time=2025-01-13 08:55:45 
jj1 = 829, max_th = 9.625879e-01, time=2025-01-13 08:57:11 
jj1 = 923, max_th = 1.412440e+00, time=2025-01-13 08:57:52 
jj1 = 928, max_th = 1.697461e+00, time=2025-01-13 08:58:06 
jj1 = 914, max_th = 1.380017e+00, time=2025-01-13 08:58:16 
jj1 = 899, max_th = 2.223988e+00, time=2025-01-13 09:00:14 
jj1 = 898, max_th = -1.402737e-02, time=2025-01-13 09:00:39 
jj1 = 905, max_th = 2.427663e+00, time=2025-01-13 09:01:30 
jj1 = 904, max_th = -6.425448e-03, time=2025-01-13 09:01:56 
jj1 = 889, max_th = 2.230451e+00, time=2025-01-13 09:03:51 
jj1 = 876, max_th = 1.718645e+00, time=2025-01-13 09:04:22 
jj1 = 897, max_th = 2.601939e+00, time=2025-01-13 09:04:44 
jj1 = 922, max_th = 1.709981e+00, time=2025-01-13 09:05:59 
jj1 = 937, max_th = 2.218406e+00, time=2025-01-13 09:06:17 
jj1 = 927, max_th = 1.994554e+00, time=2025-01-13 09:07:06 
jj1 = 913, max_th = 1.974300e+00, time=2025-01-13 09:08:27 
jj1 = 951, max_th = 1.405368e+00, time=2025-01-13 09:08:55 
jj1 = 950, max_th = 2.963611e+00, time=2025-01-13 09:10:17 
jj1 = 912, max_th = 9.923742e-01, time=2025-01-13 09:10:29 
jj1 = 875, max_th = 2.409292e+00, time=2025-01-13 09:11:13 
jj1 = 903, max_th = 1.980558e+00, time=2025-01-13 09:11:55 
jj1 = 926, max_th = 1.411177e+00, time=2025-01-13 09:12:32 
jj1 = 896, max_th = 2.216745e+00, time=2025-01-13 09:13:46 
jj1 = 921, max_th = 1.723359e+00, time=2025-01-13 09:14:52 
jj1 = 936, max_th = 1.962630e+00, time=2025-01-13 09:15:58 
jj1 = 949, max_th = 1.711181e+00, time=2025-01-13 09:18:35 
jj1 = 911, max_th = 1.726280e+00, time=2025-01-13 09:19:27 
jj1 = 874, max_th = 1.991786e+00, time=2025-01-13 09:20:32 
jj1 = 958, max_th = 2.220770e+00, time=2025-01-13 09:21:02 
jj1 = 925, max_th = 1.983667e+00, time=2025-01-13 09:22:25 
jj1 = 965, max_th = 2.217584e+00, time=2025-01-13 09:22:51 
jj1 = 935, max_th = 2.432542e+00, time=2025-01-13 09:22:52 
jj1 = 920, max_th = 2.224457e+00, time=2025-01-13 09:24:06 
jj1 = 944, max_th = 1.410672e+00, time=2025-01-13 09:25:53 
jj1 = 957, max_th = 1.391250e+00, time=2025-01-13 09:26:11 
jj1 = 919, max_th = 9.866822e-01, time=2025-01-13 09:26:14 
jj1 = 910, max_th = 1.689879e+00, time=2025-01-13 09:27:29 
jj1 = 964, max_th = 1.367753e+00, time=2025-01-13 09:27:54 
jj1 = 948, max_th = 1.965753e+00, time=2025-01-13 09:28:30 
jj1 = 947, max_th = 3.144444e+00, time=2025-01-13 09:29:02 
jj1 = 943, max_th = 1.403153e+00, time=2025-01-13 09:30:47 
jj1 = 924, max_th = 2.210965e+00, time=2025-01-13 09:31:13 
jj1 = 918, max_th = 1.386291e+00, time=2025-01-13 09:31:35 
jj1 = 963, max_th = 2.637287e+00, time=2025-01-13 09:32:10 
jj1 = 934, max_th = 1.986328e+00, time=2025-01-13 09:32:40 
jj1 = 962, max_th = 9.926589e-01, time=2025-01-13 09:34:14 
jj1 = 956, max_th = 1.969182e+00, time=2025-01-13 09:36:13 
jj1 = 972, max_th = 2.228603e+00, time=2025-01-13 09:36:37 
jj1 = 946, max_th = 1.723547e+00, time=2025-01-13 09:37:55 
jj1 = 942, max_th = 1.721372e+00, time=2025-01-13 09:39:38 
jj1 = 917, max_th = 1.722794e+00, time=2025-01-13 09:40:30 
jj1 = 955, max_th = 2.620722e+00, time=2025-01-13 09:40:51 
jj1 = 933, max_th = 1.997997e+00, time=2025-01-13 09:41:02 
jj1 = 979, max_th = 1.970569e+00, time=2025-01-13 09:41:22 
jj1 = 945, max_th = 2.612523e+00, time=2025-01-13 09:42:30 
jj1 = 986, max_th = 9.770802e-01, time=2025-01-13 09:42:36 
jj1 = 961, max_th = 1.724176e+00, time=2025-01-13 09:43:11 
jj1 = 978, max_th = 9.950130e-01, time=2025-01-13 09:43:21 
jj1 = 941, max_th = 2.625630e+00, time=2025-01-13 09:44:12 
jj1 = 971, max_th = 1.692020e+00, time=2025-01-13 09:44:37 
jj1 = 940, max_th = 9.920942e-01, time=2025-01-13 09:46:15 
jj1 = 985, max_th = 1.394198e+00, time=2025-01-13 09:47:40 
jj1 = 1000, max_th = 1.382317e+00, time=2025-01-13 09:47:54 
jj1 = 932, max_th = 2.223400e+00, time=2025-01-13 09:50:18 
jj1 = 954, max_th = 1.989226e+00, time=2025-01-13 09:50:24 
jj1 = 984, max_th = 1.349701e+00, time=2025-01-13 09:51:11 
jj1 = 970, max_th = 2.430869e+00, time=2025-01-13 09:51:34 
jj1 = 977, max_th = 2.219737e+00, time=2025-01-13 09:52:32 
jj1 = 939, max_th = 2.435319e+00, time=2025-01-13 09:52:58 
jj1 = 960, max_th = 1.970347e+00, time=2025-01-13 09:53:21 
jj1 = 938, max_th = 2.974177e+00, time=2025-01-13 09:54:19 
jj1 = 976, max_th = 9.952862e-01, time=2025-01-13 09:54:31 
jj1 = 999, max_th = 2.187120e+00, time=2025-01-13 09:56:58 
jj1 = 969, max_th = 2.428369e+00, time=2025-01-13 09:58:30 
jj1 = 953, max_th = 1.715467e+00, time=2025-01-13 09:58:48 
jj1 = 931, max_th = 2.216039e+00, time=2025-01-13 09:59:14 
jj1 = 983, max_th = 1.995882e+00, time=2025-01-13 09:59:57 
jj1 = 959, max_th = 1.991947e+00, time=2025-01-13 10:02:25 
jj1 = 975, max_th = 2.207648e+00, time=2025-01-13 10:02:52 
jj1 = 998, max_th = 2.408201e+00, time=2025-01-13 10:03:37 
jj1 = 993, max_th = 2.622289e+00, time=2025-01-13 10:03:37 
jj1 = 974, max_th = 2.806528e+00, time=2025-01-13 10:05:06 
jj1 = 952, max_th = 1.724603e+00, time=2025-01-13 10:07:13 
jj1 = 968, max_th = 2.223041e+00, time=2025-01-13 10:07:14 
jj1 = 982, max_th = 2.229885e+00, time=2025-01-13 10:08:25 
jj1 = 967, max_th = 2.633225e+00, time=2025-01-13 10:11:10 
jj1 = 992, max_th = 1.730617e+00, time=2025-01-13 10:11:36 
jj1 = 997, max_th = 1.992515e+00, time=2025-01-13 10:12:03 
jj1 = 973, max_th = 2.223564e+00, time=2025-01-13 10:13:20 
jj1 = 991, max_th = 2.638654e+00, time=2025-01-13 10:15:10 
jj1 = 981, max_th = 1.971868e+00, time=2025-01-13 10:17:02 
jj1 = 966, max_th = 2.219199e+00, time=2025-01-13 10:18:47 
jj1 = 990, max_th = 1.395797e+00, time=2025-01-13 10:19:09 
jj1 = 996, max_th = 1.962700e+00, time=2025-01-13 10:20:03 
jj1 = 980, max_th = 2.411228e+00, time=2025-01-13 10:22:44 
jj1 = 989, max_th = 1.395381e+00, time=2025-01-13 10:23:10 
jj1 = 995, max_th = 2.616821e+00, time=2025-01-13 10:23:52 
jj1 = 994, max_th = 2.820065e+00, time=2025-01-13 10:25:48 
jj1 = 988, max_th = 1.974190e+00, time=2025-01-13 10:29:13 
jj1 = 987, max_th = 2.434557e+00, time=2025-01-13 10:32:38 
