MATLAB is selecting SOFTWARE OPENGL rendering.

                            < M A T L A B (R) >
                  Copyright 1984-2021 The MathWorks, Inc.
                  R2021b (9.11.0.1769968) 64-bit (glnxa64)
                             September 17, 2021

 
To get started, type doc.
For product information, visit www.mathworks.com.
 
>> >> >> >> >> >> >> >> >> >> >> >> >> >> >> >> >> >> >> >> >> >> >> >> >> >> Starting parallel pool (parpool) using the 'local' profile ...
[Warning: A task was unexpectedly found in state: Unavailable.] 
[> In parallel.cluster.Local/deriveJobStateFromTasks (line 29)
In parallel.cluster/Local/getJobState (line 174)
In parallel.cluster/CJSCluster/hGetJobState (line 375)
In parallel.internal.cluster/CJSJobMixin/hGetStateEnum (line 175)
In parallel/Job/get.StateEnum (line 247)
In parallel/Job/get.State (line 239)
In parallel.internal.customattr.CustomGetSet>iVectorisedGetHelper (line 128)
In parallel.internal.customattr.CustomGetSet>@(a,b,c)iVectorisedGetHelper(obj,a,b,c) (line 102)
In parallel.internal.customattr/CustomGetSet/doVectorisedGet (line 103)
In parallel.internal.customattr/CustomGetSet/hVectorisedGet (line 76)
In parallel.internal.customattr.GetSetImpl>iAccessProperties (line 322)
In parallel.internal.customattr.GetSetImpl>iGetAllPropertiesVec (line 264)
In parallel.internal.customattr/GetSetImpl/getImpl (line 133)
In parallel.internal.customattr.CustomGetSet>iHetFunGetFunction (line 154)
In parallel.internal.customattr.CustomGetSet>@(o)iHetFunGetFunction(o,props) (line 139)
In parallel.internal.cluster.hetfun (line 46)
In parallel.internal.customattr.CustomGetSet>iHetFunGetProperty (line 139)
In parallel.internal.customattr/CustomGetSet/get (line 38)
In parallel.internal.pool/AbstractInteractiveClient/pRemoveOldJobs (line 211)
In parallel.internal.pool/AbstractInteractiveClient/start (line 103)
In parallel.internal.pool.AbstractClusterPool>iStartClient (line 831)
In parallel.internal.pool/AbstractClusterPool/hBuildPool (line 585)
In parallel.internal.pool.doParpool (line 22)
In parpool (line 123)
In parallel.internal.parpool.getOrCreateCurrentPool (line 17)
In parallel.internal.pool/PoolArrayManager/getOrAutoCreateWithCleanup (line 44)
In pctTryCreatePoolIfNecessary (line 28)
In parallel_function (line 423)] 
Connected to the parallel pool (number of workers: 12).
jj1 = 5, max_th = -1.766279e-01, time=2025-04-15 09:54:53 
jj1 = 10, max_th = 3.157259e+00, time=2025-04-15 09:55:32 
jj1 = 45, max_th = 7.051263e-01, time=2025-04-15 09:56:26 
jj1 = 9, max_th = 2.800124e+00, time=2025-04-15 10:00:07 
jj1 = 4, max_th = 1.306853e+00, time=2025-04-15 10:06:04 
jj1 = 30, max_th = 2.246107e+00, time=2025-04-15 10:10:09 
jj1 = 60, max_th = 2.352233e+00, time=2025-04-15 10:10:53 
jj1 = 50, max_th = 2.428087e+00, time=2025-04-15 10:10:53 
jj1 = 35, max_th = 2.478336e+00, time=2025-04-15 10:12:30 
jj1 = 8, max_th = 1.601032e+00, time=2025-04-15 10:14:31 
jj1 = 20, max_th = 2.170283e+00, time=2025-04-15 10:15:21 
jj1 = 55, max_th = 1.591440e+00, time=2025-04-15 10:16:02 
jj1 = 15, max_th = 1.954225e+00, time=2025-04-15 10:16:03 
jj1 = 25, max_th = 2.147821e+00, time=2025-04-15 10:17:45 
jj1 = 3, max_th = 2.553417e+00, time=2025-04-15 10:18:45 
jj1 = 44, max_th = 1.874689e+00, time=2025-04-15 10:19:53 
jj1 = 40, max_th = 1.968347e+00, time=2025-04-15 10:19:54 
jj1 = 39, max_th = 3.472031e+00, time=2025-04-15 10:20:12 
jj1 = 29, max_th = 1.383872e+00, time=2025-04-15 10:22:53 
jj1 = 59, max_th = 1.576212e+00, time=2025-04-15 10:23:01 
jj1 = 24, max_th = 1.062702e+00, time=2025-04-15 10:25:19 
jj1 = 14, max_th = 1.172241e+00, time=2025-04-15 10:26:14 
jj1 = 34, max_th = 1.321906e+00, time=2025-04-15 10:26:15 
jj1 = 7, max_th = 1.500627e+00, time=2025-04-15 10:27:19 
jj1 = 49, max_th = 1.924400e+00, time=2025-04-15 10:30:26 
jj1 = 19, max_th = 1.597801e+00, time=2025-04-15 10:31:02 
jj1 = 48, max_th = 3.146745e+00, time=2025-04-15 10:31:09 
jj1 = 6, max_th = 2.758135e+00, time=2025-04-15 10:32:54 
jj1 = 43, max_th = 1.498268e+00, time=2025-04-15 10:33:19 
jj1 = 28, max_th = 1.645692e+00, time=2025-04-15 10:34:32 
jj1 = 13, max_th = 1.398604e+00, time=2025-04-15 10:36:31 
jj1 = 38, max_th = 2.199297e+00, time=2025-04-15 10:36:46 
jj1 = 58, max_th = 1.275390e+00, time=2025-04-15 10:38:16 
jj1 = 33, max_th = 2.586724e+00, time=2025-04-15 10:38:32 
jj1 = 54, max_th = 1.781729e+00, time=2025-04-15 10:40:33 
jj1 = 138, max_th = 1.122126e+00, time=2025-04-15 10:40:37 
jj1 = 2, max_th = 2.221963e+00, time=2025-04-15 10:42:58 
jj1 = 12, max_th = 2.776968e+00, time=2025-04-15 10:43:27 
jj1 = 42, max_th = 2.518730e+00, time=2025-04-15 10:47:12 
jj1 = 23, max_th = 1.987512e+00, time=2025-04-15 10:47:41 
jj1 = 53, max_th = 1.197099e+00, time=2025-04-15 10:48:38 
jj1 = 47, max_th = 1.638899e+00, time=2025-04-15 10:49:09 
jj1 = 18, max_th = 2.105809e+00, time=2025-04-15 10:52:22 
jj1 = 57, max_th = 2.443626e+00, time=2025-04-15 10:53:39 
jj1 = 32, max_th = 1.575290e+00, time=2025-04-15 10:55:40 
jj1 = 1, max_th = 2.566797e+00, time=2025-04-15 10:56:04 
jj1 = 52, max_th = 2.723923e+00, time=2025-04-15 10:57:01 
jj1 = 137, max_th = 2.386913e+00, time=2025-04-15 10:57:14 
jj1 = 37, max_th = 2.280385e+00, time=2025-04-15 10:58:39 
jj1 = 46, max_th = 2.553029e+00, time=2025-04-15 11:00:20 
jj1 = 36, max_th = 2.978774e+00, time=2025-04-15 11:01:53 
jj1 = 450, max_th = 9.546986e-01, time=2025-04-15 11:04:09 
jj1 = 56, max_th = 2.598117e+00, time=2025-04-15 11:05:12 
jj1 = 528, max_th = 3.165001e+00, time=2025-04-15 11:05:56 
jj1 = 11, max_th = 1.849440e+00, time=2025-04-15 11:06:38 
jj1 = 27, max_th = 2.352824e+00, time=2025-04-15 11:06:57 
jj1 = 17, max_th = 1.536521e+00, time=2025-04-15 11:08:01 
jj1 = 41, max_th = 1.987359e+00, time=2025-04-15 11:09:56 
jj1 = 22, max_th = 1.917185e+00, time=2025-04-15 11:11:36 
jj1 = 31, max_th = 2.163559e+00, time=2025-04-15 11:16:02 
jj1 = 99, max_th = 2.223234e+00, time=2025-04-15 11:17:25 
jj1 = 51, max_th = 1.904676e+00, time=2025-04-15 11:18:00 
jj1 = 527, max_th = 2.627898e+00, time=2025-04-15 11:19:02 
jj1 = 136, max_th = 2.323191e+00, time=2025-04-15 11:19:32 
jj1 = 489, max_th = 2.998059e+00, time=2025-04-15 11:20:49 
jj1 = 449, max_th = 1.790016e+00, time=2025-04-15 11:21:21 
jj1 = 135, max_th = -1.141405e+00, time=2025-04-15 11:21:41 
jj1 = 372, max_th = 2.243319e+00, time=2025-04-15 11:21:45 
jj1 = 177, max_th = 1.798628e+00, time=2025-04-15 11:24:23 
jj1 = 21, max_th = 2.513084e+00, time=2025-04-15 11:28:33 
jj1 = 411, max_th = 2.373979e+00, time=2025-04-15 11:28:44 
jj1 = 26, max_th = 2.127460e+00, time=2025-04-15 11:32:09 
jj1 = 16, max_th = 2.077491e+00, time=2025-04-15 11:32:59 
jj1 = 488, max_th = 1.437032e+00, time=2025-04-15 11:33:21 
jj1 = 526, max_th = 1.511204e+00, time=2025-04-15 11:33:42 
jj1 = 134, max_th = 2.450868e+00, time=2025-04-15 11:34:13 
jj1 = 176, max_th = 1.277511e+00, time=2025-04-15 11:35:45 
jj1 = 333, max_th = 1.956978e+00, time=2025-04-15 11:38:23 
jj1 = 133, max_th = 1.008580e+00, time=2025-04-15 11:41:26 
jj1 = 371, max_th = 2.219948e+00, time=2025-04-15 11:43:21 
jj1 = 98, max_th = 1.972127e+00, time=2025-04-15 11:45:06 
jj1 = 370, max_th = 3.180563e+00, time=2025-04-15 11:46:05 
jj1 = 448, max_th = 1.843671e+00, time=2025-04-15 11:47:12 
jj1 = 487, max_th = 2.444348e+00, time=2025-04-15 11:55:26 
jj1 = 175, max_th = 1.496697e+00, time=2025-04-15 11:56:15 
jj1 = 255, max_th = 2.154619e+00, time=2025-04-15 11:58:25 
jj1 = 410, max_th = 2.235119e+00, time=2025-04-15 12:04:53 
jj1 = 97, max_th = 1.222404e+00, time=2025-04-15 12:09:45 
jj1 = 525, max_th = 2.279087e+00, time=2025-04-15 12:11:28 
jj1 = 216, max_th = 2.066597e+00, time=2025-04-15 12:17:36 
jj1 = 294, max_th = 1.965700e+00, time=2025-04-15 12:19:32 
jj1 = 332, max_th = 2.085949e+00, time=2025-04-15 12:20:51 
jj1 = 174, max_th = 2.633018e+00, time=2025-04-15 12:22:50 
jj1 = 254, max_th = 2.596347e+00, time=2025-04-15 12:23:02 
jj1 = 369, max_th = 1.899601e+00, time=2025-04-15 12:24:22 
jj1 = 132, max_th = 1.752241e+00, time=2025-04-15 12:24:43 
jj1 = 486, max_th = 2.473329e+00, time=2025-04-15 12:28:14 
jj1 = 447, max_th = 1.551677e+00, time=2025-04-15 12:28:24 
jj1 = 131, max_th = 9.132313e-01, time=2025-04-15 12:34:41 
jj1 = 524, max_th = 2.547432e+00, time=2025-04-15 12:43:45 
jj1 = 96, max_th = 2.048416e+00, time=2025-04-15 12:46:19 
jj1 = 215, max_th = 2.532964e+00, time=2025-04-15 12:49:45 
jj1 = 293, max_th = 1.258447e+00, time=2025-04-15 12:49:56 
jj1 = 446, max_th = 2.548325e+00, time=2025-04-15 12:51:48 
jj1 = 368, max_th = 2.396634e+00, time=2025-04-15 12:57:04 
jj1 = 409, max_th = 1.884972e+00, time=2025-04-15 12:57:22 
jj1 = 173, max_th = 1.949671e+00, time=2025-04-15 13:01:25 
jj1 = 331, max_th = 2.370259e+00, time=2025-04-15 13:04:34 
jj1 = 253, max_th = 1.792248e+00, time=2025-04-15 13:08:43 
jj1 = 485, max_th = 2.425510e+00, time=2025-04-15 13:14:24 
jj1 = 214, max_th = 1.627934e+00, time=2025-04-15 13:18:37 
jj1 = 130, max_th = 2.196814e+00, time=2025-04-15 13:22:25 
jj1 = 95, max_th = 1.671127e+00, time=2025-04-15 13:31:35 
jj1 = 445, max_th = 2.239222e+00, time=2025-04-15 13:32:53 
jj1 = 408, max_th = 1.560192e+00, time=2025-04-15 13:33:28 
jj1 = 172, max_th = 1.530405e+00, time=2025-04-15 13:36:19 
jj1 = 367, max_th = 1.796817e+00, time=2025-04-15 13:38:44 
jj1 = 366, max_th = -3.686515e-01, time=2025-04-15 13:39:05 
jj1 = 252, max_th = 2.451247e+00, time=2025-04-15 13:39:49 
jj1 = 523, max_th = 2.022895e+00, time=2025-04-15 13:43:05 
jj1 = 292, max_th = 2.174953e+00, time=2025-04-15 13:43:17 
jj1 = 484, max_th = 1.555371e+00, time=2025-04-15 13:46:32 
jj1 = 213, max_th = 2.479950e+00, time=2025-04-15 13:51:40 
jj1 = 330, max_th = 1.841849e+00, time=2025-04-15 13:54:19 
jj1 = 444, max_th = 1.259318e+00, time=2025-04-15 13:54:51 
jj1 = 407, max_th = 1.380128e+00, time=2025-04-15 14:01:52 
jj1 = 483, max_th = 1.141903e+00, time=2025-04-15 14:02:14 
jj1 = 129, max_th = 2.264940e+00, time=2025-04-15 14:04:32 
jj1 = 94, max_th = 1.539447e+00, time=2025-04-15 14:08:29 
jj1 = 251, max_th = 1.430181e+00, time=2025-04-15 14:11:23 
jj1 = 171, max_th = 1.538935e+00, time=2025-04-15 14:12:21 
jj1 = 93, max_th = 2.902638e+00, time=2025-04-15 14:19:27 
jj1 = 522, max_th = 2.387392e+00, time=2025-04-15 14:20:49 
jj1 = 406, max_th = 2.634616e+00, time=2025-04-15 14:21:14 
jj1 = 329, max_th = 1.551182e+00, time=2025-04-15 14:22:23 
jj1 = 212, max_th = 1.749170e+00, time=2025-04-15 14:27:23 
jj1 = 365, max_th = 2.225041e+00, time=2025-04-15 14:27:33 
jj1 = 364, max_th = -2.567780e-01, time=2025-04-15 14:28:19 
jj1 = 363, max_th = 7.601554e-01, time=2025-04-15 14:32:50 
jj1 = 291, max_th = 2.103035e+00, time=2025-04-15 14:34:15 
jj1 = 250, max_th = 1.316994e+00, time=2025-04-15 14:34:25 
jj1 = 170, max_th = 2.300325e+00, time=2025-04-15 14:37:49 
jj1 = 443, max_th = 2.072161e+00, time=2025-04-15 14:39:02 
jj1 = 482, max_th = 1.951858e+00, time=2025-04-15 14:40:14 
jj1 = 128, max_th = 1.661545e+00, time=2025-04-15 14:40:34 
jj1 = 92, max_th = 2.517451e+00, time=2025-04-15 14:42:38 
jj1 = 362, max_th = 1.600094e+00, time=2025-04-15 14:44:57 
jj1 = 328, max_th = 1.718353e+00, time=2025-04-15 14:51:25 
jj1 = 521, max_th = 1.906885e+00, time=2025-04-15 14:51:36 
jj1 = 290, max_th = 2.521267e+00, time=2025-04-15 14:52:22 
jj1 = 169, max_th = 1.455056e+00, time=2025-04-15 14:52:31 
jj1 = 211, max_th = 2.146291e+00, time=2025-04-15 14:53:19 
jj1 = 405, max_th = 2.019690e+00, time=2025-04-15 14:53:55 
jj1 = 481, max_th = 2.434686e+00, time=2025-04-15 14:59:27 
jj1 = 127, max_th = 2.352765e+00, time=2025-04-15 15:00:35 
jj1 = 249, max_th = 1.840110e+00, time=2025-04-15 15:01:10 
jj1 = 442, max_th = 1.760390e+00, time=2025-04-15 15:02:26 
jj1 = 520, max_th = 1.165919e+00, time=2025-04-15 15:03:07 
jj1 = 168, max_th = 1.600608e+00, time=2025-04-15 15:10:40 
jj1 = 248, max_th = 1.065138e+00, time=2025-04-15 15:10:54 
jj1 = 361, max_th = 2.217257e+00, time=2025-04-15 15:11:04 
jj1 = 91, max_th = 2.110612e+00, time=2025-04-15 15:11:40 
jj1 = 327, max_th = 2.294763e+00, time=2025-04-15 15:13:45 
jj1 = 210, max_th = 1.542231e+00, time=2025-04-15 15:15:29 
jj1 = 404, max_th = 1.804239e+00, time=2025-04-15 15:16:35 
jj1 = 441, max_th = 1.550577e+00, time=2025-04-15 15:18:30 
jj1 = 480, max_th = 1.523116e+00, time=2025-04-15 15:21:57 
jj1 = 289, max_th = 1.962602e+00, time=2025-04-15 15:22:19 
jj1 = 167, max_th = 2.448758e+00, time=2025-04-15 15:23:43 
jj1 = 166, max_th = 9.163185e-01, time=2025-04-15 15:28:44 
jj1 = 440, max_th = 2.728741e+00, time=2025-04-15 15:29:09 
jj1 = 519, max_th = 2.089820e+00, time=2025-04-15 15:30:33 
jj1 = 360, max_th = 1.477285e+00, time=2025-04-15 15:31:12 
jj1 = 90, max_th = 1.804812e+00, time=2025-04-15 15:31:28 
jj1 = 126, max_th = 2.187012e+00, time=2025-04-15 15:32:22 
jj1 = 125, max_th = 3.113826e+00, time=2025-04-15 15:34:23 
jj1 = 326, max_th = 2.100697e+00, time=2025-04-15 15:35:22 
jj1 = 288, max_th = 2.594216e+00, time=2025-04-15 15:36:18 
jj1 = 247, max_th = 1.862960e+00, time=2025-04-15 15:39:45 
jj1 = 209, max_th = 2.170858e+00, time=2025-04-15 15:41:47 
jj1 = 403, max_th = 1.930407e+00, time=2025-04-15 15:42:18 
jj1 = 479, max_th = 1.705678e+00, time=2025-04-15 15:43:40 
jj1 = 359, max_th = 2.453752e+00, time=2025-04-15 15:47:41 
jj1 = 246, max_th = 2.678308e+00, time=2025-04-15 15:51:40 
jj1 = 287, max_th = 2.489939e+00, time=2025-04-15 15:52:32 
jj1 = 124, max_th = 2.463856e+00, time=2025-04-15 15:54:19 
jj1 = 478, max_th = 2.645935e+00, time=2025-04-15 15:55:07 
jj1 = 439, max_th = 2.156676e+00, time=2025-04-15 15:55:55 
jj1 = 165, max_th = 2.055672e+00, time=2025-04-15 15:57:33 
jj1 = 402, max_th = 2.580381e+00, time=2025-04-15 15:57:44 
jj1 = 325, max_th = 1.764612e+00, time=2025-04-15 15:59:50 
jj1 = 89, max_th = 1.722815e+00, time=2025-04-15 16:00:19 
jj1 = 518, max_th = 1.960012e+00, time=2025-04-15 16:00:26 
jj1 = 123, max_th = 1.011466e+00, time=2025-04-15 16:02:45 
jj1 = 477, max_th = 1.255403e+00, time=2025-04-15 16:07:21 
jj1 = 208, max_th = 1.902655e+00, time=2025-04-15 16:09:07 
jj1 = 476, max_th = 1.010792e+00, time=2025-04-15 16:10:30 
jj1 = 438, max_th = 2.461446e+00, time=2025-04-15 16:12:20 
jj1 = 88, max_th = 1.272128e+00, time=2025-04-15 16:13:34 
jj1 = 245, max_th = 2.312021e+00, time=2025-04-15 16:14:05 
jj1 = 475, max_th = 2.913909e+00, time=2025-04-15 16:15:39 
jj1 = 358, max_th = 2.134830e+00, time=2025-04-15 16:16:42 
jj1 = 122, max_th = 1.373271e+00, time=2025-04-15 16:17:54 
jj1 = 401, max_th = 1.563145e+00, time=2025-04-15 16:18:03 
jj1 = 207, max_th = 1.350193e+00, time=2025-04-15 16:18:57 
jj1 = 286, max_th = 1.890658e+00, time=2025-04-15 16:20:27 
jj1 = 400, max_th = 7.355079e-01, time=2025-04-15 16:20:58 
jj1 = 164, max_th = 1.754596e+00, time=2025-04-15 16:22:26 
jj1 = 206, max_th = 8.621075e-01, time=2025-04-15 16:22:59 
jj1 = 517, max_th = 1.879772e+00, time=2025-04-15 16:28:15 
jj1 = 87, max_th = 1.495073e+00, time=2025-04-15 16:31:15 
jj1 = 324, max_th = 1.873825e+00, time=2025-04-15 16:31:40 
jj1 = 437, max_th = 1.997606e+00, time=2025-04-15 16:37:54 
jj1 = 474, max_th = 1.633468e+00, time=2025-04-15 16:39:29 
jj1 = 244, max_th = 2.151138e+00, time=2025-04-15 16:42:25 
jj1 = 357, max_th = 1.583564e+00, time=2025-04-15 16:42:59 
jj1 = 121, max_th = 2.108736e+00, time=2025-04-15 16:46:01 
jj1 = 285, max_th = 1.662855e+00, time=2025-04-15 16:47:36 
jj1 = 399, max_th = 2.102564e+00, time=2025-04-15 16:48:24 
jj1 = 323, max_th = 1.327130e+00, time=2025-04-15 16:49:05 
jj1 = 163, max_th = 2.126637e+00, time=2025-04-15 16:53:18 
jj1 = 516, max_th = 2.011621e+00, time=2025-04-15 16:54:59 
jj1 = 205, max_th = 2.035365e+00, time=2025-04-15 16:57:18 
jj1 = 284, max_th = 2.718769e+00, time=2025-04-15 16:58:30 
jj1 = 86, max_th = 2.335109e+00, time=2025-04-15 17:00:22 
jj1 = 436, max_th = 2.298916e+00, time=2025-04-15 17:03:55 
jj1 = 120, max_th = 1.444514e+00, time=2025-04-15 17:06:43 
jj1 = 398, max_th = 1.331576e+00, time=2025-04-15 17:08:57 
jj1 = 356, max_th = 2.520168e+00, time=2025-04-15 17:09:33 
jj1 = 85, max_th = 1.256419e+00, time=2025-04-15 17:12:31 
jj1 = 473, max_th = 2.276852e+00, time=2025-04-15 17:13:40 
jj1 = 119, max_th = 1.069405e+00, time=2025-04-15 17:15:29 
jj1 = 204, max_th = 1.327938e+00, time=2025-04-15 17:16:20 
jj1 = 243, max_th = 2.522806e+00, time=2025-04-15 17:16:58 
jj1 = 322, max_th = 1.722982e+00, time=2025-04-15 17:20:14 
jj1 = 515, max_th = 2.358151e+00, time=2025-04-15 17:20:18 
jj1 = 118, max_th = 2.833151e+00, time=2025-04-15 17:22:40 
jj1 = 283, max_th = 1.951125e+00, time=2025-04-15 17:22:53 
jj1 = 355, max_th = 1.284258e+00, time=2025-04-15 17:24:26 
jj1 = 162, max_th = 2.111199e+00, time=2025-04-15 17:24:40 
jj1 = 242, max_th = 2.632102e+00, time=2025-04-15 17:29:01 
jj1 = 435, max_th = 1.908046e+00, time=2025-04-15 17:30:16 
jj1 = 397, max_th = 1.617617e+00, time=2025-04-15 17:30:40 
jj1 = 514, max_th = 1.453229e+00, time=2025-04-15 17:33:54 
jj1 = 84, max_th = 1.625585e+00, time=2025-04-15 17:34:31 
jj1 = 472, max_th = 1.666814e+00, time=2025-04-15 17:35:47 
jj1 = 513, max_th = 7.397297e-01, time=2025-04-15 17:36:12 
jj1 = 396, max_th = 1.191939e+00, time=2025-04-15 17:36:54 
jj1 = 83, max_th = 3.030011e+00, time=2025-04-15 17:37:46 
jj1 = 203, max_th = 2.205795e+00, time=2025-04-15 17:40:32 
jj1 = 321, max_th = 1.894647e+00, time=2025-04-15 17:43:44 
jj1 = 82, max_th = 1.059505e+00, time=2025-04-15 17:44:44 
jj1 = 161, max_th = 1.714925e+00, time=2025-04-15 17:49:26 
jj1 = 434, max_th = 2.201710e+00, time=2025-04-15 17:49:59 
jj1 = 241, max_th = 1.553578e+00, time=2025-04-15 17:50:06 
jj1 = 354, max_th = 2.102151e+00, time=2025-04-15 17:50:26 
jj1 = 117, max_th = 1.678902e+00, time=2025-04-15 17:54:07 
jj1 = 282, max_th = 2.032911e+00, time=2025-04-15 17:54:48 
jj1 = 320, max_th = 1.214772e+00, time=2025-04-15 17:54:53 
jj1 = 395, max_th = 2.365841e+00, time=2025-04-15 17:58:15 
jj1 = 160, max_th = 1.063836e+00, time=2025-04-15 17:58:26 
jj1 = 471, max_th = 1.692213e+00, time=2025-04-15 17:58:50 
jj1 = 240, max_th = 1.159939e+00, time=2025-04-15 18:03:15 
jj1 = 319, max_th = 1.234684e+00, time=2025-04-15 18:05:06 
jj1 = 512, max_th = 1.865646e+00, time=2025-04-15 18:07:41 
jj1 = 202, max_th = 1.979828e+00, time=2025-04-15 18:10:45 
jj1 = 281, max_th = 2.478555e+00, time=2025-04-15 18:14:25 
jj1 = 239, max_th = 2.688605e+00, time=2025-04-15 18:14:51 
jj1 = 81, max_th = 1.926961e+00, time=2025-04-15 18:15:09 
jj1 = 394, max_th = 2.380283e+00, time=2025-04-15 18:17:22 
jj1 = 433, max_th = 2.181835e+00, time=2025-04-15 18:18:26 
jj1 = 470, max_th = 1.517773e+00, time=2025-04-15 18:19:23 
jj1 = 511, max_th = 1.346968e+00, time=2025-04-15 18:19:24 
jj1 = 116, max_th = 2.230064e+00, time=2025-04-15 18:19:50 
jj1 = 159, max_th = 1.637386e+00, time=2025-04-15 18:21:09 
jj1 = 353, max_th = 1.979341e+00, time=2025-04-15 18:22:49 
jj1 = 318, max_th = 1.618305e+00, time=2025-04-15 18:25:40 
jj1 = 280, max_th = 2.656992e+00, time=2025-04-15 18:26:06 
jj1 = 352, max_th = 1.164113e+00, time=2025-04-15 18:32:35 
jj1 = 201, max_th = 2.318071e+00, time=2025-04-15 18:33:11 
jj1 = 80, max_th = 1.480151e+00, time=2025-04-15 18:34:55 
jj1 = 115, max_th = 2.387283e+00, time=2025-04-15 18:38:10 
jj1 = 432, max_th = 2.003055e+00, time=2025-04-15 18:38:31 
jj1 = 469, max_th = 1.905947e+00, time=2025-04-15 18:43:14 
jj1 = 510, max_th = 2.055945e+00, time=2025-04-15 18:43:21 
jj1 = 279, max_th = 2.479979e+00, time=2025-04-15 18:44:49 
jj1 = 393, max_th = 2.222310e+00, time=2025-04-15 18:45:15 
jj1 = 158, max_th = 2.047898e+00, time=2025-04-15 18:45:19 
jj1 = 238, max_th = 1.719993e+00, time=2025-04-15 18:45:53 
jj1 = 237, max_th = 2.922375e+00, time=2025-04-15 18:49:19 
jj1 = 236, max_th = 9.162847e-01, time=2025-04-15 18:53:49 
jj1 = 317, max_th = 1.966016e+00, time=2025-04-15 18:56:04 
jj1 = 431, max_th = 2.438160e+00, time=2025-04-15 18:56:10 
jj1 = 235, max_th = 6.403868e-01, time=2025-04-15 18:56:42 
jj1 = 278, max_th = 1.303549e+00, time=2025-04-15 18:57:22 
jj1 = 351, max_th = 2.141095e+00, time=2025-04-15 18:57:33 
jj1 = 200, max_th = 2.324791e+00, time=2025-04-15 18:58:52 
jj1 = 79, max_th = 1.691169e+00, time=2025-04-15 18:59:32 
jj1 = 234, max_th = 2.880773e+00, time=2025-04-15 19:04:07 
jj1 = 509, max_th = 2.335298e+00, time=2025-04-15 19:05:23 
jj1 = 114, max_th = 2.018051e+00, time=2025-04-15 19:05:31 
jj1 = 430, max_th = 2.724907e+00, time=2025-04-15 19:05:54 
jj1 = 392, max_th = 2.373086e+00, time=2025-04-15 19:06:23 
jj1 = 199, max_th = 2.833552e+00, time=2025-04-15 19:06:32 
jj1 = 157, max_th = 2.390812e+00, time=2025-04-15 19:06:36 
jj1 = 508, max_th = 2.968078e+00, time=2025-04-15 19:09:35 
jj1 = 507, max_th = -1.810688e-01, time=2025-04-15 19:10:13 
jj1 = 468, max_th = 1.839003e+00, time=2025-04-15 19:11:01 
jj1 = 233, max_th = 2.821672e+00, time=2025-04-15 19:12:51 
jj1 = 316, max_th = 2.458641e+00, time=2025-04-15 19:15:11 
jj1 = 113, max_th = 1.399855e+00, time=2025-04-15 19:15:52 
jj1 = 277, max_th = 1.432681e+00, time=2025-04-15 19:17:20 
jj1 = 78, max_th = 1.531764e+00, time=2025-04-15 19:18:31 
jj1 = 315, max_th = 1.149678e+00, time=2025-04-15 19:18:44 
jj1 = 506, max_th = 2.621348e+00, time=2025-04-15 19:21:22 
jj1 = 391, max_th = 2.464113e+00, time=2025-04-15 19:24:29 
jj1 = 198, max_th = 2.393291e+00, time=2025-04-15 19:24:45 
jj1 = 350, max_th = 1.837968e+00, time=2025-04-15 19:26:02 
jj1 = 349, max_th = 3.030096e+00, time=2025-04-15 19:29:04 
jj1 = 429, max_th = 1.787907e+00, time=2025-04-15 19:31:09 
jj1 = 232, max_th = 1.373463e+00, time=2025-04-15 19:31:44 
jj1 = 505, max_th = 2.559754e+00, time=2025-04-15 19:34:19 
jj1 = 348, max_th = 9.641538e-01, time=2025-04-15 19:35:33 
jj1 = 77, max_th = 2.440388e+00, time=2025-04-15 19:37:18 
jj1 = 156, max_th = 2.172137e+00, time=2025-04-15 19:37:53 
jj1 = 276, max_th = 2.152756e+00, time=2025-04-15 19:39:23 
jj1 = 467, max_th = 2.223403e+00, time=2025-04-15 19:40:10 
jj1 = 428, max_th = 2.690045e+00, time=2025-04-15 19:43:16 
jj1 = 112, max_th = 2.083664e+00, time=2025-04-15 19:45:05 
jj1 = 390, max_th = 1.584136e+00, time=2025-04-15 19:46:26 
jj1 = 427, max_th = 2.830966e+00, time=2025-04-15 19:49:00 
jj1 = 314, max_th = 2.121402e+00, time=2025-04-15 19:49:38 
jj1 = 197, max_th = 1.726884e+00, time=2025-04-15 19:51:07 
jj1 = 504, max_th = 1.776465e+00, time=2025-04-15 19:55:32 
jj1 = 155, max_th = 1.703010e+00, time=2025-04-15 19:56:06 
jj1 = 347, max_th = 2.519281e+00, time=2025-04-15 19:58:26 
jj1 = 111, max_th = 1.269052e+00, time=2025-04-15 19:58:57 
jj1 = 231, max_th = 1.663658e+00, time=2025-04-15 19:58:59 
jj1 = 389, max_th = 1.398035e+00, time=2025-04-15 20:01:36 
jj1 = 466, max_th = 1.540485e+00, time=2025-04-15 20:02:23 
jj1 = 426, max_th = 1.352580e+00, time=2025-04-15 20:02:29 
jj1 = 275, max_th = 2.193450e+00, time=2025-04-15 20:04:09 
jj1 = 76, max_th = 1.927550e+00, time=2025-04-15 20:05:50 
jj1 = 110, max_th = 1.101800e+00, time=2025-04-15 20:08:26 
jj1 = 154, max_th = 1.352126e+00, time=2025-04-15 20:11:17 
jj1 = 346, max_th = 1.351247e+00, time=2025-04-15 20:11:28 
jj1 = 230, max_th = 1.316800e+00, time=2025-04-15 20:13:09 
jj1 = 274, max_th = 1.263619e+00, time=2025-04-15 20:13:22 
jj1 = 75, max_th = 1.136621e+00, time=2025-04-15 20:13:28 
jj1 = 313, max_th = 2.004307e+00, time=2025-04-15 20:16:25 
jj1 = 196, max_th = 1.789521e+00, time=2025-04-15 20:16:36 
jj1 = 195, max_th = 2.816506e+00, time=2025-04-15 20:23:02 
jj1 = 345, max_th = 2.623725e+00, time=2025-04-15 20:24:06 
jj1 = 503, max_th = 1.959614e+00, time=2025-04-15 20:24:07 
jj1 = 465, max_th = 1.891324e+00, time=2025-04-15 20:26:16 
jj1 = 109, max_th = 1.481648e+00, time=2025-04-15 20:27:03 
jj1 = 425, max_th = 1.810853e+00, time=2025-04-15 20:27:03 
jj1 = 502, max_th = 2.995337e+00, time=2025-04-15 20:27:17 
jj1 = 388, max_th = 1.705823e+00, time=2025-04-15 20:27:24 
jj1 = 501, max_th = 3.439752e+00, time=2025-04-15 20:27:37 
jj1 = 464, max_th = 2.809866e+00, time=2025-04-15 20:34:11 
jj1 = 273, max_th = 1.623719e+00, time=2025-04-15 20:35:38 
jj1 = 312, max_th = 1.702781e+00, time=2025-04-15 20:37:19 
jj1 = 229, max_th = 2.148303e+00, time=2025-04-15 20:37:27 
jj1 = 153, max_th = 2.191702e+00, time=2025-04-15 20:37:36 
jj1 = 194, max_th = 2.496980e+00, time=2025-04-15 20:37:36 
jj1 = 108, max_th = 1.237753e+00, time=2025-04-15 20:39:54 
jj1 = 74, max_th = 1.819470e+00, time=2025-04-15 20:40:07 
jj1 = 107, max_th = 9.559794e-01, time=2025-04-15 20:44:06 
jj1 = 387, max_th = 2.395862e+00, time=2025-04-15 20:46:49 
jj1 = 500, max_th = 2.405624e+00, time=2025-04-15 20:47:03 
jj1 = 272, max_th = 1.439815e+00, time=2025-04-15 20:49:02 
jj1 = 228, max_th = 1.499451e+00, time=2025-04-15 20:50:57 
jj1 = 424, max_th = 1.905541e+00, time=2025-04-15 20:53:28 
jj1 = 193, max_th = 1.606041e+00, time=2025-04-15 20:53:57 
jj1 = 344, max_th = 1.969724e+00, time=2025-04-15 20:54:35 
jj1 = 152, max_th = 2.149059e+00, time=2025-04-15 20:58:48 
jj1 = 463, max_th = 1.784164e+00, time=2025-04-15 20:59:12 
jj1 = 192, max_th = 1.204457e+00, time=2025-04-15 21:03:56 
jj1 = 73, max_th = 1.808631e+00, time=2025-04-15 21:05:32 
jj1 = 499, max_th = 2.395002e+00, time=2025-04-15 21:07:57 
jj1 = 106, max_th = 2.182318e+00, time=2025-04-15 21:11:30 
jj1 = 423, max_th = 2.180554e+00, time=2025-04-15 21:12:55 
jj1 = 462, max_th = 2.540691e+00, time=2025-04-15 21:13:59 
jj1 = 311, max_th = 2.075332e+00, time=2025-04-15 21:14:22 
jj1 = 271, max_th = 2.113945e+00, time=2025-04-15 21:15:25 
jj1 = 386, max_th = 2.173554e+00, time=2025-04-15 21:16:58 
jj1 = 343, max_th = 1.852414e+00, time=2025-04-15 21:18:31 
jj1 = 151, max_th = 2.099569e+00, time=2025-04-15 21:19:26 
jj1 = 227, max_th = 1.937444e+00, time=2025-04-15 21:19:37 
jj1 = 105, max_th = 1.245693e+00, time=2025-04-15 21:21:52 
jj1 = 270, max_th = 9.905429e-01, time=2025-04-15 21:23:16 
jj1 = 72, max_th = 2.225027e+00, time=2025-04-15 21:29:25 
jj1 = 191, max_th = 1.968515e+00, time=2025-04-15 21:32:21 
jj1 = 461, max_th = 2.417858e+00, time=2025-04-15 21:32:24 
jj1 = 422, max_th = 2.309193e+00, time=2025-04-15 21:37:24 
jj1 = 226, max_th = 2.496904e+00, time=2025-04-15 21:37:49 
jj1 = 310, max_th = 2.283180e+00, time=2025-04-15 21:37:54 
jj1 = 498, max_th = 1.830969e+00, time=2025-04-15 21:38:15 
jj1 = 342, max_th = 2.421364e+00, time=2025-04-15 21:38:16 
jj1 = 309, max_th = -6.027180e-02, time=2025-04-15 21:39:11 
jj1 = 385, max_th = 1.996726e+00, time=2025-04-15 21:42:09 
jj1 = 460, max_th = 1.148664e+00, time=2025-04-15 21:42:57 
jj1 = 150, max_th = 1.793394e+00, time=2025-04-15 21:46:11 
jj1 = 190, max_th = 2.467919e+00, time=2025-04-15 21:50:17 
jj1 = 269, max_th = 2.171795e+00, time=2025-04-15 21:50:17 
jj1 = 104, max_th = 2.181354e+00, time=2025-04-15 21:51:44 
jj1 = 71, max_th = 1.854416e+00, time=2025-04-15 21:54:59 
jj1 = 308, max_th = 2.585780e+00, time=2025-04-15 21:55:11 
jj1 = 421, max_th = 2.511418e+00, time=2025-04-15 21:55:39 
jj1 = 384, max_th = 2.637453e+00, time=2025-04-15 21:56:36 
jj1 = 70, max_th = 8.651586e-01, time=2025-04-15 21:59:52 
jj1 = 459, max_th = 1.691942e+00, time=2025-04-15 22:02:40 
jj1 = 341, max_th = 1.916831e+00, time=2025-04-15 22:05:19 
jj1 = 225, max_th = 2.142607e+00, time=2025-04-15 22:05:55 
jj1 = 497, max_th = 1.780084e+00, time=2025-04-15 22:06:12 
jj1 = 340, max_th = 6.035059e-01, time=2025-04-15 22:07:52 
jj1 = 420, max_th = 2.488883e+00, time=2025-04-15 22:10:59 
jj1 = 307, max_th = 1.485959e+00, time=2025-04-15 22:13:07 
jj1 = 383, max_th = 2.372342e+00, time=2025-04-15 22:16:04 
jj1 = 69, max_th = 1.455398e+00, time=2025-04-15 22:16:10 
jj1 = 224, max_th = 1.219932e+00, time=2025-04-15 22:16:30 
jj1 = 189, max_th = 1.937954e+00, time=2025-04-15 22:16:50 
jj1 = 339, max_th = 1.214348e+00, time=2025-04-15 22:17:58 
jj1 = 103, max_th = 1.938701e+00, time=2025-04-15 22:18:37 
jj1 = 149, max_th = 1.915716e+00, time=2025-04-15 22:20:05 
jj1 = 268, max_th = 2.029404e+00, time=2025-04-15 22:22:04 
jj1 = 458, max_th = 2.156274e+00, time=2025-04-15 22:26:00 
jj1 = 68, max_th = 2.605626e+00, time=2025-04-15 22:27:24 
jj1 = 496, max_th = 2.283429e+00, time=2025-04-15 22:31:35 
jj1 = 382, max_th = 2.000068e+00, time=2025-04-15 22:31:44 
jj1 = 223, max_th = 1.627946e+00, time=2025-04-15 22:32:58 
jj1 = 419, max_th = 2.001678e+00, time=2025-04-15 22:33:19 
jj1 = 495, max_th = 9.170030e-01, time=2025-04-15 22:36:51 
jj1 = 418, max_th = 9.267356e-01, time=2025-04-15 22:38:12 
jj1 = 381, max_th = 1.035047e+00, time=2025-04-15 22:38:53 
jj1 = 188, max_th = 2.088842e+00, time=2025-04-15 22:43:11 
jj1 = 380, max_th = 8.577557e-01, time=2025-04-15 22:43:15 
jj1 = 338, max_th = 1.880638e+00, time=2025-04-15 22:43:31 
jj1 = 306, max_th = 1.778824e+00, time=2025-04-15 22:44:32 
jj1 = 102, max_th = 1.627421e+00, time=2025-04-15 22:44:48 
jj1 = 148, max_th = 2.077018e+00, time=2025-04-15 22:47:01 
jj1 = 457, max_th = 2.254123e+00, time=2025-04-15 22:47:35 
jj1 = 67, max_th = 2.245458e+00, time=2025-04-15 22:49:58 
jj1 = 267, max_th = 2.012822e+00, time=2025-04-15 22:53:21 
jj1 = 187, max_th = 1.503352e+00, time=2025-04-15 22:56:27 
jj1 = 186, max_th = -3.176440e-01, time=2025-04-15 22:56:46 
jj1 = 379, max_th = 1.261965e+00, time=2025-04-15 22:56:58 
jj1 = 337, max_th = 2.626486e+00, time=2025-04-15 22:58:41 
jj1 = 494, max_th = 2.248683e+00, time=2025-04-15 22:59:32 
jj1 = 66, max_th = 2.592710e+00, time=2025-04-15 23:01:56 
jj1 = 266, max_th = 1.159436e+00, time=2025-04-15 23:02:50 
jj1 = 417, max_th = 2.018688e+00, time=2025-04-15 23:05:34 
jj1 = 185, max_th = 2.659396e+00, time=2025-04-15 23:06:22 
jj1 = 456, max_th = 2.415855e+00, time=2025-04-15 23:08:13 
jj1 = 222, max_th = 1.947863e+00, time=2025-04-15 23:09:05 
jj1 = 336, max_th = 2.601555e+00, time=2025-04-15 23:09:29 
jj1 = 147, max_th = 2.258272e+00, time=2025-04-15 23:09:38 
jj1 = 305, max_th = 2.281431e+00, time=2025-04-15 23:10:15 
jj1 = 101, max_th = 2.233730e+00, time=2025-04-15 23:11:36 
jj1 = 146, max_th = 2.779250e+00, time=2025-04-15 23:18:40 
jj1 = 455, max_th = 2.548215e+00, time=2025-04-15 23:19:22 
jj1 = 416, max_th = 2.484309e+00, time=2025-04-15 23:22:29 
jj1 = 378, max_th = 1.931734e+00, time=2025-04-15 23:23:15 
jj1 = 493, max_th = 2.312721e+00, time=2025-04-15 23:23:33 
jj1 = 100, max_th = 2.657493e+00, time=2025-04-15 23:24:24 
jj1 = 65, max_th = 2.278064e+00, time=2025-04-15 23:26:41 
jj1 = 265, max_th = 1.855441e+00, time=2025-04-15 23:27:07 
jj1 = 304, max_th = 1.608119e+00, time=2025-04-15 23:32:18 
jj1 = 221, max_th = 1.890549e+00, time=2025-04-15 23:34:40 
jj1 = 64, max_th = 2.779339e+00, time=2025-04-15 23:34:47 
jj1 = 335, max_th = 1.813260e+00, time=2025-04-15 23:35:02 
jj1 = 492, max_th = 1.400518e+00, time=2025-04-15 23:35:16 
jj1 = 184, max_th = 2.170585e+00, time=2025-04-15 23:36:38 
jj1 = 454, max_th = 2.522366e+00, time=2025-04-15 23:38:28 
jj1 = 220, max_th = 1.086070e+00, time=2025-04-15 23:39:22 
jj1 = 415, max_th = 1.508048e+00, time=2025-04-15 23:41:26 
jj1 = 303, max_th = 2.637992e+00, time=2025-04-15 23:42:59 
jj1 = 453, max_th = 1.158468e+00, time=2025-04-15 23:46:46 
jj1 = 183, max_th = 2.640995e+00, time=2025-04-15 23:47:55 
jj1 = 491, max_th = 1.304098e+00, time=2025-04-15 23:48:09 
jj1 = 377, max_th = 1.953316e+00, time=2025-04-15 23:48:42 
jj1 = 145, max_th = 1.775411e+00, time=2025-04-15 23:49:06 
jj1 = 414, max_th = 2.451252e+00, time=2025-04-15 23:54:37 
jj1 = 548, max_th = 1.820771e+00, time=2025-04-15 23:55:12 
jj1 = 63, max_th = 2.319588e+00, time=2025-04-15 23:56:45 
jj1 = 334, max_th = 2.102562e+00, time=2025-04-15 23:57:42 
jj1 = 547, max_th = 3.047116e+00, time=2025-04-15 23:57:59 
jj1 = 546, max_th = 6.533155e-01, time=2025-04-15 23:59:33 
jj1 = 264, max_th = 2.076302e+00, time=2025-04-15 23:59:36 
jj1 = 182, max_th = 2.653242e+00, time=2025-04-15 23:59:50 
jj1 = 219, max_th = 1.634814e+00, time=2025-04-16 00:02:09 
jj1 = 452, max_th = 2.347923e+00, time=2025-04-16 00:02:26 
jj1 = 144, max_th = 1.445669e+00, time=2025-04-16 00:02:33 
jj1 = 62, max_th = 1.301160e+00, time=2025-04-16 00:07:26 
jj1 = 413, max_th = 1.373639e+00, time=2025-04-16 00:08:49 
jj1 = 302, max_th = 2.175639e+00, time=2025-04-16 00:09:00 
jj1 = 545, max_th = 1.238099e+00, time=2025-04-16 00:09:41 
jj1 = 376, max_th = 2.069361e+00, time=2025-04-16 00:10:42 
jj1 = 143, max_th = 2.834875e+00, time=2025-04-16 00:11:04 
jj1 = 142, max_th = 3.195305e+00, time=2025-04-16 00:12:15 
jj1 = 301, max_th = 9.022056e-01, time=2025-04-16 00:12:17 
jj1 = 490, max_th = 1.381996e+00, time=2025-04-16 00:12:43 
jj1 = 451, max_th = 1.176596e+00, time=2025-04-16 00:13:25 
jj1 = 412, max_th = 1.045821e+00, time=2025-04-16 00:16:54 
jj1 = 218, max_th = 2.051072e+00, time=2025-04-16 00:17:14 
jj1 = 181, max_th = 1.794201e+00, time=2025-04-16 00:22:31 
jj1 = 608, max_th = 1.857193e+00, time=2025-04-16 00:24:15 
jj1 = 607, max_th = 2.953939e+00, time=2025-04-16 00:28:02 
jj1 = 263, max_th = 2.003797e+00, time=2025-04-16 00:29:11 
jj1 = 375, max_th = 2.387286e+00, time=2025-04-16 00:30:08 
jj1 = 141, max_th = 1.470232e+00, time=2025-04-16 00:31:25 
jj1 = 61, max_th = 1.795941e+00, time=2025-04-16 00:31:43 
jj1 = 708, max_th = 1.554400e+00, time=2025-04-16 00:32:55 
jj1 = 300, max_th = 1.955555e+00, time=2025-04-16 00:33:07 
jj1 = 544, max_th = 1.705835e+00, time=2025-04-16 00:34:17 
jj1 = 588, max_th = 2.197856e+00, time=2025-04-16 00:38:16 
jj1 = 217, max_th = 1.813278e+00, time=2025-04-16 00:38:31 
jj1 = 628, max_th = 2.219168e+00, time=2025-04-16 00:39:03 
jj1 = 180, max_th = 1.687570e+00, time=2025-04-16 00:40:24 
jj1 = 606, max_th = 2.629176e+00, time=2025-04-16 00:41:42 
jj1 = 262, max_th = 2.580425e+00, time=2025-04-16 00:42:02 
jj1 = 299, max_th = 1.221851e+00, time=2025-04-16 00:42:21 
jj1 = 179, max_th = 1.007549e+00, time=2025-04-16 00:46:39 
jj1 = 707, max_th = 1.649630e+00, time=2025-04-16 00:49:14 
jj1 = 374, max_th = 1.572756e+00, time=2025-04-16 00:49:35 
jj1 = 587, max_th = 2.500604e+00, time=2025-04-16 00:50:46 
jj1 = 373, max_th = 4.663963e-01, time=2025-04-16 00:50:48 
jj1 = 568, max_th = 2.418143e+00, time=2025-04-16 00:50:50 
jj1 = 261, max_th = 2.781187e+00, time=2025-04-16 00:51:07 
jj1 = 586, max_th = 6.399018e-01, time=2025-04-16 00:54:23 
jj1 = 728, max_th = 1.697756e+00, time=2025-04-16 00:56:45 
jj1 = 140, max_th = 1.578796e+00, time=2025-04-16 00:56:53 
jj1 = 178, max_th = 1.229847e+00, time=2025-04-16 00:57:53 
jj1 = 543, max_th = 2.145869e+00, time=2025-04-16 00:58:34 
jj1 = 605, max_th = 2.364090e+00, time=2025-04-16 00:58:35 
jj1 = 585, max_th = 1.256967e+00, time=2025-04-16 01:01:33 
jj1 = 627, max_th = 1.844481e+00, time=2025-04-16 01:04:31 
jj1 = 298, max_th = 2.086026e+00, time=2025-04-16 01:08:53 
jj1 = 139, max_th = 2.404315e+00, time=2025-04-16 01:14:45 
jj1 = 542, max_th = 2.416195e+00, time=2025-04-16 01:15:46 
jj1 = 668, max_th = 1.783861e+00, time=2025-04-16 01:17:00 
jj1 = 567, max_th = 2.073808e+00, time=2025-04-16 01:19:18 
jj1 = 706, max_th = 1.816042e+00, time=2025-04-16 01:19:27 
jj1 = 768, max_th = 2.340403e+00, time=2025-04-16 01:21:47 
jj1 = 767, max_th = 3.375970e+00, time=2025-04-16 01:22:29 
jj1 = 727, max_th = 2.030647e+00, time=2025-04-16 01:23:27 
jj1 = 604, max_th = 1.728508e+00, time=2025-04-16 01:23:52 
jj1 = 705, max_th = 2.743023e+00, time=2025-04-16 01:28:02 
jj1 = 626, max_th = 2.061731e+00, time=2025-04-16 01:30:22 
jj1 = 297, max_th = 1.897187e+00, time=2025-04-16 01:30:34 
jj1 = 584, max_th = 2.169466e+00, time=2025-04-16 01:31:07 
jj1 = 704, max_th = 7.475452e-01, time=2025-04-16 01:31:44 
jj1 = 648, max_th = 2.049812e+00, time=2025-04-16 01:33:58 
jj1 = 260, max_th = 1.922771e+00, time=2025-04-16 01:34:56 
jj1 = 647, max_th = 8.322456e-01, time=2025-04-16 01:38:16 
jj1 = 766, max_th = 1.651954e+00, time=2025-04-16 01:41:20 
jj1 = 726, max_th = 2.352876e+00, time=2025-04-16 01:42:51 
jj1 = 566, max_th = 1.845390e+00, time=2025-04-16 01:44:01 
jj1 = 541, max_th = 2.012393e+00, time=2025-04-16 01:44:07 
jj1 = 583, max_th = 1.472377e+00, time=2025-04-16 01:44:33 
jj1 = 540, max_th = 9.999379e-01, time=2025-04-16 01:48:37 
jj1 = 603, max_th = 2.260463e+00, time=2025-04-16 01:48:53 
jj1 = 646, max_th = 2.463691e+00, time=2025-04-16 01:49:11 
jj1 = 625, max_th = 1.540339e+00, time=2025-04-16 01:49:46 
jj1 = 296, max_th = 1.589568e+00, time=2025-04-16 01:50:37 
jj1 = 725, max_th = 2.622774e+00, time=2025-04-16 01:56:39 
jj1 = 645, max_th = 1.407571e+00, time=2025-04-16 01:59:09 
jj1 = 703, max_th = 2.030593e+00, time=2025-04-16 01:59:51 
jj1 = 667, max_th = 2.038842e+00, time=2025-04-16 02:01:00 
jj1 = 702, max_th = 7.523505e-01, time=2025-04-16 02:01:24 
jj1 = 565, max_th = 1.416366e+00, time=2025-04-16 02:02:24 
jj1 = 259, max_th = 2.156015e+00, time=2025-04-16 02:04:38 
jj1 = 295, max_th = 2.572134e+00, time=2025-04-16 02:06:32 
jj1 = 765, max_th = 1.819111e+00, time=2025-04-16 02:07:28 
jj1 = 582, max_th = 2.320560e+00, time=2025-04-16 02:10:54 
jj1 = 624, max_th = 2.315644e+00, time=2025-04-16 02:12:39 
jj1 = 666, max_th = 1.218230e+00, time=2025-04-16 02:12:53 
jj1 = 701, max_th = 1.395793e+00, time=2025-04-16 02:13:29 
jj1 = 602, max_th = 1.868137e+00, time=2025-04-16 02:14:34 
jj1 = 539, max_th = 1.835076e+00, time=2025-04-16 02:15:09 
jj1 = 258, max_th = 2.675066e+00, time=2025-04-16 02:16:03 
jj1 = 564, max_th = 2.335244e+00, time=2025-04-16 02:19:25 
jj1 = 724, max_th = 1.776802e+00, time=2025-04-16 02:21:31 
jj1 = 601, max_th = 1.099325e+00, time=2025-04-16 02:22:11 
jj1 = 644, max_th = 1.802463e+00, time=2025-04-16 02:22:34 
jj1 = 581, max_th = 2.400242e+00, time=2025-04-16 02:24:17 
jj1 = 688, max_th = 2.484229e+00, time=2025-04-16 02:24:53 
jj1 = 687, max_th = -1.606212e-01, time=2025-04-16 02:25:32 
jj1 = 600, max_th = 2.872047e+00, time=2025-04-16 02:26:59 
jj1 = 764, max_th = 1.748949e+00, time=2025-04-16 02:28:44 
jj1 = 623, max_th = 2.250342e+00, time=2025-04-16 02:31:50 
jj1 = 665, max_th = 1.610761e+00, time=2025-04-16 02:32:42 
jj1 = 723, max_th = 2.555451e+00, time=2025-04-16 02:34:08 
jj1 = 257, max_th = 2.346900e+00, time=2025-04-16 02:36:33 
jj1 = 622, max_th = 2.810926e+00, time=2025-04-16 02:38:15 
jj1 = 643, max_th = 1.408766e+00, time=2025-04-16 02:39:29 
jj1 = 700, max_th = 1.923062e+00, time=2025-04-16 02:42:25 
jj1 = 664, max_th = 1.258314e+00, time=2025-04-16 02:42:57 
jj1 = 538, max_th = 1.742850e+00, time=2025-04-16 02:45:06 
jj1 = 563, max_th = 2.061634e+00, time=2025-04-16 02:46:30 
jj1 = 722, max_th = 1.230677e+00, time=2025-04-16 02:46:41 
jj1 = 580, max_th = 1.987337e+00, time=2025-04-16 02:48:58 
jj1 = 763, max_th = 2.366923e+00, time=2025-04-16 02:50:33 
jj1 = 599, max_th = 2.091364e+00, time=2025-04-16 02:52:42 
jj1 = 699, max_th = 2.593723e+00, time=2025-04-16 02:55:23 
jj1 = 698, max_th = 3.288793e+00, time=2025-04-16 02:56:19 
jj1 = 686, max_th = 1.861030e+00, time=2025-04-16 02:56:30 
jj1 = 663, max_th = 1.463098e+00, time=2025-04-16 02:58:20 
jj1 = 642, max_th = 1.477120e+00, time=2025-04-16 02:58:43 
jj1 = 256, max_th = 1.643144e+00, time=2025-04-16 03:00:49 
jj1 = 621, max_th = 1.741595e+00, time=2025-04-16 03:02:59 
jj1 = 537, max_th = 2.391823e+00, time=2025-04-16 03:04:09 
jj1 = 598, max_th = 1.452226e+00, time=2025-04-16 03:06:25 
jj1 = 579, max_th = 1.526443e+00, time=2025-04-16 03:09:15 
jj1 = 641, max_th = 1.353129e+00, time=2025-04-16 03:09:45 
jj1 = 562, max_th = 1.714807e+00, time=2025-04-16 03:11:05 
jj1 = 721, max_th = 1.936888e+00, time=2025-04-16 03:14:43 
jj1 = 762, max_th = 2.277644e+00, time=2025-04-16 03:15:35 
jj1 = 685, max_th = 1.648218e+00, time=2025-04-16 03:16:09 
jj1 = 697, max_th = 2.036138e+00, time=2025-04-16 03:24:04 
jj1 = 662, max_th = 1.815316e+00, time=2025-04-16 03:25:10 
jj1 = 578, max_th = 2.158298e+00, time=2025-04-16 03:29:32 
jj1 = 597, max_th = 2.203189e+00, time=2025-04-16 03:31:03 
jj1 = 620, max_th = 1.883665e+00, time=2025-04-16 03:31:51 
jj1 = 536, max_th = 1.975150e+00, time=2025-04-16 03:35:28 
jj1 = 561, max_th = 2.263551e+00, time=2025-04-16 03:35:44 
jj1 = 640, max_th = 2.228850e+00, time=2025-04-16 03:36:22 
jj1 = 761, max_th = 2.164054e+00, time=2025-04-16 03:38:47 
jj1 = 748, max_th = 1.977564e+00, time=2025-04-16 03:39:46 
jj1 = 684, max_th = 2.361641e+00, time=2025-04-16 03:40:29 
jj1 = 619, max_th = 2.832467e+00, time=2025-04-16 03:41:05 
jj1 = 720, max_th = 2.129203e+00, time=2025-04-16 03:43:09 
jj1 = 535, max_th = 1.289749e+00, time=2025-04-16 03:45:34 
jj1 = 696, max_th = 2.386632e+00, time=2025-04-16 03:45:36 
jj1 = 577, max_th = 2.351309e+00, time=2025-04-16 03:47:56 
jj1 = 695, max_th = 2.855047e+00, time=2025-04-16 03:50:35 
jj1 = 560, max_th = 2.508298e+00, time=2025-04-16 03:53:00 
jj1 = 639, max_th = 1.542768e+00, time=2025-04-16 03:56:52 
jj1 = 596, max_th = 2.011135e+00, time=2025-04-16 03:58:57 
jj1 = 760, max_th = 1.663886e+00, time=2025-04-16 04:01:34 
jj1 = 661, max_th = 2.238393e+00, time=2025-04-16 04:01:41 
jj1 = 638, max_th = 2.871587e+00, time=2025-04-16 04:03:00 
jj1 = 747, max_th = 2.260091e+00, time=2025-04-16 04:05:04 
jj1 = 595, max_th = 2.800932e+00, time=2025-04-16 04:05:19 
jj1 = 576, max_th = 1.517431e+00, time=2025-04-16 04:05:25 
jj1 = 618, max_th = 1.722315e+00, time=2025-04-16 04:06:40 
jj1 = 683, max_th = 2.378041e+00, time=2025-04-16 04:07:19 
jj1 = 719, max_th = 1.767375e+00, time=2025-04-16 04:07:44 
jj1 = 534, max_th = 1.904709e+00, time=2025-04-16 04:10:13 
jj1 = 694, max_th = 2.305917e+00, time=2025-04-16 04:13:35 
jj1 = 746, max_th = 2.769880e+00, time=2025-04-16 04:13:41 
jj1 = 594, max_th = 1.294289e+00, time=2025-04-16 04:18:06 
jj1 = 637, max_th = 2.484673e+00, time=2025-04-16 04:19:57 
jj1 = 660, max_th = 1.540155e+00, time=2025-04-16 04:21:34 
jj1 = 682, max_th = 1.408196e+00, time=2025-04-16 04:22:09 
jj1 = 559, max_th = 2.110559e+00, time=2025-04-16 04:22:22 
jj1 = 593, max_th = 2.753193e+00, time=2025-04-16 04:26:24 
jj1 = 759, max_th = 2.193847e+00, time=2025-04-16 04:26:32 
jj1 = 533, max_th = 2.444751e+00, time=2025-04-16 04:27:14 
jj1 = 693, max_th = 1.307243e+00, time=2025-04-16 04:27:54 
jj1 = 617, max_th = 2.067423e+00, time=2025-04-16 04:30:35 
jj1 = 681, max_th = 1.090034e+00, time=2025-04-16 04:30:48 
jj1 = 745, max_th = 1.555125e+00, time=2025-04-16 04:31:05 
jj1 = 718, max_th = 1.725461e+00, time=2025-04-16 04:31:48 
jj1 = 575, max_th = 1.870635e+00, time=2025-04-16 04:32:28 
jj1 = 558, max_th = 2.546759e+00, time=2025-04-16 04:36:42 
jj1 = 592, max_th = 2.714962e+00, time=2025-04-16 04:37:41 
jj1 = 744, max_th = 3.030619e-03, time=2025-04-16 04:40:07 
jj1 = 758, max_th = 2.525055e+00, time=2025-04-16 04:44:39 
jj1 = 659, max_th = 1.709145e+00, time=2025-04-16 04:45:31 
jj1 = 717, max_th = 2.590909e+00, time=2025-04-16 04:45:51 
jj1 = 636, max_th = 1.960368e+00, time=2025-04-16 04:46:12 
jj1 = 557, max_th = 2.588756e+00, time=2025-04-16 04:50:38 
jj1 = 574, max_th = 2.503558e+00, time=2025-04-16 04:52:57 
jj1 = 692, max_th = 1.725435e+00, time=2025-04-16 04:54:04 
jj1 = 532, max_th = 2.056078e+00, time=2025-04-16 04:54:14 
jj1 = 616, max_th = 2.408001e+00, time=2025-04-16 04:54:54 
jj1 = 757, max_th = 1.184671e+00, time=2025-04-16 04:55:11 
jj1 = 680, max_th = 2.010335e+00, time=2025-04-16 04:58:30 
jj1 = 658, max_th = 1.403681e+00, time=2025-04-16 04:59:08 
jj1 = 591, max_th = 2.189979e+00, time=2025-04-16 05:00:39 
jj1 = 635, max_th = 1.372183e+00, time=2025-04-16 05:01:30 
jj1 = 743, max_th = 2.288160e+00, time=2025-04-16 05:03:07 
jj1 = 679, max_th = 1.334709e+00, time=2025-04-16 05:12:53 
jj1 = 590, max_th = 1.411613e+00, time=2025-04-16 05:13:12 
jj1 = 742, max_th = 2.643005e+00, time=2025-04-16 05:14:52 
jj1 = 716, max_th = 2.127992e+00, time=2025-04-16 05:16:03 
jj1 = 634, max_th = 1.410661e+00, time=2025-04-16 05:17:16 
jj1 = 691, max_th = 2.261613e+00, time=2025-04-16 05:18:22 
jj1 = 573, max_th = 2.141345e+00, time=2025-04-16 05:18:39 
jj1 = 531, max_th = 1.968102e+00, time=2025-04-16 05:20:13 
jj1 = 572, max_th = 3.117272e+00, time=2025-04-16 05:20:59 
jj1 = 756, max_th = 1.787965e+00, time=2025-04-16 05:22:25 
jj1 = 556, max_th = 1.958667e+00, time=2025-04-16 05:23:01 
jj1 = 615, max_th = 2.017268e+00, time=2025-04-16 05:23:10 
jj1 = 589, max_th = 2.681190e+00, time=2025-04-16 05:24:10 
jj1 = 657, max_th = 2.181014e+00, time=2025-04-16 05:26:03 
jj1 = 678, max_th = 1.480974e+00, time=2025-04-16 05:29:44 
jj1 = 614, max_th = 1.032943e+00, time=2025-04-16 05:31:05 
jj1 = 788, max_th = 1.195671e+00, time=2025-04-16 05:37:49 
jj1 = 715, max_th = 1.716956e+00, time=2025-04-16 05:39:48 
jj1 = 633, max_th = 2.386170e+00, time=2025-04-16 05:42:09 
jj1 = 571, max_th = 1.540537e+00, time=2025-04-16 05:43:28 
jj1 = 555, max_th = 1.423857e+00, time=2025-04-16 05:45:08 
jj1 = 656, max_th = 1.937309e+00, time=2025-04-16 05:46:58 
jj1 = 741, max_th = 2.023994e+00, time=2025-04-16 05:47:21 
jj1 = 613, max_th = 2.497230e+00, time=2025-04-16 05:48:24 
jj1 = 530, max_th = 2.276831e+00, time=2025-04-16 05:50:31 
jj1 = 655, max_th = 8.587433e-01, time=2025-04-16 05:50:35 
jj1 = 690, max_th = 1.586691e+00, time=2025-04-16 05:50:57 
jj1 = 787, max_th = 2.013572e+00, time=2025-04-16 05:55:40 
jj1 = 755, max_th = 1.988124e+00, time=2025-04-16 05:55:44 
jj1 = 554, max_th = 2.534870e+00, time=2025-04-16 05:56:49 
jj1 = 677, max_th = 1.810811e+00, time=2025-04-16 05:57:52 
jj1 = 632, max_th = 1.385560e+00, time=2025-04-16 06:02:48 
jj1 = 714, max_th = 1.664569e+00, time=2025-04-16 06:03:05 
jj1 = 754, max_th = 2.727463e+00, time=2025-04-16 06:07:29 
jj1 = 612, max_th = 2.520681e+00, time=2025-04-16 06:08:23 
jj1 = 654, max_th = 2.199415e+00, time=2025-04-16 06:09:37 
jj1 = 570, max_th = 2.128465e+00, time=2025-04-16 06:12:48 
jj1 = 689, max_th = 1.569933e+00, time=2025-04-16 06:13:40 
jj1 = 653, max_th = 1.090615e+00, time=2025-04-16 06:17:13 
jj1 = 676, max_th = 2.483653e+00, time=2025-04-16 06:19:09 
jj1 = 740, max_th = 2.069692e+00, time=2025-04-16 06:19:32 
jj1 = 611, max_th = 1.458119e+00, time=2025-04-16 06:20:36 
jj1 = 529, max_th = 2.028206e+00, time=2025-04-16 06:22:07 
jj1 = 713, max_th = 1.999873e+00, time=2025-04-16 06:22:26 
jj1 = 786, max_th = 2.333206e+00, time=2025-04-16 06:25:15 
jj1 = 778, max_th = 2.695011e+00, time=2025-04-16 06:31:51 
jj1 = 553, max_th = 1.825340e+00, time=2025-04-16 06:33:07 
jj1 = 753, max_th = 2.251607e+00, time=2025-04-16 06:33:34 
jj1 = 631, max_th = 2.007251e+00, time=2025-04-16 06:34:56 
jj1 = 712, max_th = 9.853945e-01, time=2025-04-16 06:34:58 
jj1 = 652, max_th = 1.797894e+00, time=2025-04-16 06:37:26 
jj1 = 630, max_th = 7.328722e-01, time=2025-04-16 06:37:33 
jj1 = 808, max_th = 1.782682e+00, time=2025-04-16 06:39:47 
jj1 = 569, max_th = 1.780872e+00, time=2025-04-16 06:39:56 
jj1 = 739, max_th = 2.407513e+00, time=2025-04-16 06:40:10 
jj1 = 610, max_th = 2.170312e+00, time=2025-04-16 06:43:05 
jj1 = 675, max_th = 1.741557e+00, time=2025-04-16 06:43:10 
jj1 = 711, max_th = 2.546473e+00, time=2025-04-16 06:48:00 
jj1 = 651, max_th = 1.216609e+00, time=2025-04-16 06:48:11 
jj1 = 752, max_th = 2.348136e+00, time=2025-04-16 06:52:07 
jj1 = 785, max_th = 2.186894e+00, time=2025-04-16 06:53:15 
jj1 = 674, max_th = 1.257475e+00, time=2025-04-16 06:55:15 
jj1 = 751, max_th = 2.942690e+00, time=2025-04-16 06:56:32 
jj1 = 650, max_th = 1.302391e+00, time=2025-04-16 06:57:47 
jj1 = 777, max_th = 1.785029e+00, time=2025-04-16 06:59:06 
jj1 = 552, max_th = 2.322919e+00, time=2025-04-16 07:00:07 
jj1 = 673, max_th = 2.844076e+00, time=2025-04-16 07:01:36 
jj1 = 629, max_th = 1.994174e+00, time=2025-04-16 07:04:37 
jj1 = 807, max_th = 2.005915e+00, time=2025-04-16 07:06:36 
jj1 = 609, max_th = 1.666702e+00, time=2025-04-16 07:06:39 
jj1 = 784, max_th = 2.544354e+00, time=2025-04-16 07:07:55 
jj1 = 738, max_th = 1.986721e+00, time=2025-04-16 07:09:20 
jj1 = 710, max_th = 1.849252e+00, time=2025-04-16 07:11:40 
jj1 = 818, max_th = 2.212910e+00, time=2025-04-16 07:12:23 
jj1 = 817, max_th = 1.016218e+00, time=2025-04-16 07:16:14 
jj1 = 672, max_th = 2.592946e+00, time=2025-04-16 07:17:23 
jj1 = 649, max_th = 1.696008e+00, time=2025-04-16 07:18:24 
jj1 = 551, max_th = 1.428189e+00, time=2025-04-16 07:22:02 
jj1 = 776, max_th = 2.276453e+00, time=2025-04-16 07:22:59 
jj1 = 750, max_th = 1.979557e+00, time=2025-04-16 07:24:40 
jj1 = 737, max_th = 1.573608e+00, time=2025-04-16 07:25:49 
jj1 = 868, max_th = 1.518856e+00, time=2025-04-16 07:29:15 
jj1 = 806, max_th = 1.686756e+00, time=2025-04-16 07:30:24 
jj1 = 749, max_th = 1.147281e+00, time=2025-04-16 07:32:24 
jj1 = 709, max_th = 2.067226e+00, time=2025-04-16 07:34:44 
jj1 = 867, max_th = 9.487018e-01, time=2025-04-16 07:34:47 
jj1 = 798, max_th = 2.038866e+00, time=2025-04-16 07:35:58 
jj1 = 783, max_th = 1.987931e+00, time=2025-04-16 07:37:21 
jj1 = 671, max_th = 1.686071e+00, time=2025-04-16 07:42:24 
jj1 = 775, max_th = 2.408453e+00, time=2025-04-16 07:42:32 
jj1 = 848, max_th = 1.666972e+00, time=2025-04-16 07:46:37 
jj1 = 816, max_th = 1.840303e+00, time=2025-04-16 07:46:51 
jj1 = 736, max_th = 2.389074e+00, time=2025-04-16 07:47:01 
jj1 = 670, max_th = 1.099362e+00, time=2025-04-16 07:48:19 
jj1 = 550, max_th = 2.019164e+00, time=2025-04-16 07:55:46 
jj1 = 782, max_th = 1.949549e+00, time=2025-04-16 07:57:24 
jj1 = 866, max_th = 1.807100e+00, time=2025-04-16 07:58:14 
jj1 = 805, max_th = 1.831301e+00, time=2025-04-16 07:59:25 
jj1 = 774, max_th = 1.371750e+00, time=2025-04-16 08:00:45 
jj1 = 838, max_th = 1.811019e+00, time=2025-04-16 08:02:12 
jj1 = 858, max_th = 2.026517e+00, time=2025-04-16 08:03:00 
jj1 = 797, max_th = 2.068702e+00, time=2025-04-16 08:03:37 
jj1 = 815, max_th = 1.602093e+00, time=2025-04-16 08:05:55 
jj1 = 669, max_th = 1.645063e+00, time=2025-04-16 08:10:47 
jj1 = 847, max_th = 1.753917e+00, time=2025-04-16 08:10:52 
jj1 = 865, max_th = 2.670413e+00, time=2025-04-16 08:11:20 
jj1 = 735, max_th = 1.674767e+00, time=2025-04-16 08:12:37 
jj1 = 781, max_th = 2.643418e+00, time=2025-04-16 08:14:05 
jj1 = 864, max_th = 9.517647e-01, time=2025-04-16 08:15:58 
jj1 = 804, max_th = 1.530382e+00, time=2025-04-16 08:18:11 
jj1 = 549, max_th = 2.359430e+00, time=2025-04-16 08:18:13 
jj1 = 878, max_th = -6.895085e-04, time=2025-04-16 08:18:27 
jj1 = 796, max_th = 2.489964e+00, time=2025-04-16 08:21:01 
jj1 = 773, max_th = 2.389726e+00, time=2025-04-16 08:21:11 
jj1 = 814, max_th = 1.551939e+00, time=2025-04-16 08:22:34 
jj1 = 837, max_th = 1.790223e+00, time=2025-04-16 08:26:44 
jj1 = 863, max_th = 2.631108e+00, time=2025-04-16 08:27:02 
jj1 = 857, max_th = 1.757376e+00, time=2025-04-16 08:28:10 
jj1 = 803, max_th = 2.597958e+00, time=2025-04-16 08:28:35 
jj1 = 828, max_th = 1.218317e+00, time=2025-04-16 08:28:50 
jj1 = 780, max_th = 1.082648e+00, time=2025-04-16 08:29:07 
jj1 = 846, max_th = 2.259818e+00, time=2025-04-16 08:37:44 
jj1 = 827, max_th = 1.182087e+00, time=2025-04-16 08:38:22 
jj1 = 795, max_th = 2.407465e+00, time=2025-04-16 08:41:44 
jj1 = 734, max_th = 1.919766e+00, time=2025-04-16 08:44:37 
jj1 = 772, max_th = 1.837989e+00, time=2025-04-16 08:46:17 
jj1 = 813, max_th = 2.421182e+00, time=2025-04-16 08:46:24 
jj1 = 794, max_th = 2.606785e+00, time=2025-04-16 08:48:07 
jj1 = 877, max_th = 2.070699e+00, time=2025-04-16 08:48:35 
jj1 = 856, max_th = 1.694163e+00, time=2025-04-16 08:49:19 
jj1 = 802, max_th = 1.575140e+00, time=2025-04-16 08:49:34 
jj1 = 836, max_th = 1.960549e+00, time=2025-04-16 08:51:59 
jj1 = 779, max_th = 2.259814e+00, time=2025-04-16 08:53:46 
jj1 = 801, max_th = 1.053838e+00, time=2025-04-16 08:57:07 
jj1 = 733, max_th = 1.261809e+00, time=2025-04-16 08:57:38 
jj1 = 862, max_th = 1.726376e+00, time=2025-04-16 08:58:05 
jj1 = 732, max_th = 3.227337e+00, time=2025-04-16 08:59:14 
jj1 = 771, max_th = 1.189326e+00, time=2025-04-16 09:02:00 
jj1 = 731, max_th = 2.961208e+00, time=2025-04-16 09:03:02 
jj1 = 845, max_th = 2.045124e+00, time=2025-04-16 09:03:25 
jj1 = 826, max_th = 1.978273e+00, time=2025-04-16 09:06:41 
jj1 = 800, max_th = 2.722011e+00, time=2025-04-16 09:08:41 
jj1 = 793, max_th = 1.694055e+00, time=2025-04-16 09:10:35 
jj1 = 893, max_th = 2.489295e+00, time=2025-04-16 09:10:38 
jj1 = 812, max_th = 2.278275e+00, time=2025-04-16 09:12:54 
jj1 = 876, max_th = 1.688890e+00, time=2025-04-16 09:13:01 
jj1 = 835, max_th = 2.283735e+00, time=2025-04-16 09:15:36 
jj1 = 861, max_th = 1.439009e+00, time=2025-04-16 09:16:47 
jj1 = 855, max_th = 2.220358e+00, time=2025-04-16 09:16:55 
jj1 = 792, max_th = 2.797916e+00, time=2025-04-16 09:19:06 
jj1 = 799, max_th = 1.192510e+00, time=2025-04-16 09:19:54 
jj1 = 834, max_th = 2.873701e+00, time=2025-04-16 09:21:07 
jj1 = 730, max_th = 1.485367e+00, time=2025-04-16 09:21:41 
jj1 = 811, max_th = 1.206842e+00, time=2025-04-16 09:25:29 
jj1 = 825, max_th = 1.910088e+00, time=2025-04-16 09:28:30 
jj1 = 844, max_th = 2.007736e+00, time=2025-04-16 09:31:05 
jj1 = 729, max_th = 2.765539e+00, time=2025-04-16 09:31:42 
jj1 = 770, max_th = 1.971661e+00, time=2025-04-16 09:31:49 
jj1 = 860, max_th = 2.474624e+00, time=2025-04-16 09:32:08 
jj1 = 833, max_th = 2.492369e+00, time=2025-04-16 09:37:57 
jj1 = 898, max_th = 1.434720e+00, time=2025-04-16 09:38:13 
jj1 = 875, max_th = 1.991191e+00, time=2025-04-16 09:38:30 
jj1 = 888, max_th = 2.752616e+00, time=2025-04-16 09:39:16 
jj1 = 892, max_th = 2.027857e+00, time=2025-04-16 09:39:54 
jj1 = 854, max_th = 1.952229e+00, time=2025-04-16 09:43:25 
jj1 = 832, max_th = 1.160810e+00, time=2025-04-16 09:44:08 
jj1 = 859, max_th = 1.020349e+00, time=2025-04-16 09:44:51 
jj1 = 824, max_th = 1.601059e+00, time=2025-04-16 09:46:08 
jj1 = 791, max_th = 2.218378e+00, time=2025-04-16 09:48:41 
jj1 = 853, max_th = 8.542768e-01, time=2025-04-16 09:48:46 
jj1 = 810, max_th = 1.778859e+00, time=2025-04-16 09:53:33 
jj1 = 769, max_th = 2.288211e+00, time=2025-04-16 09:54:21 
jj1 = 887, max_th = 1.526804e+00, time=2025-04-16 09:58:59 
jj1 = 843, max_th = 1.636412e+00, time=2025-04-16 09:59:10 
jj1 = 874, max_th = 1.998430e+00, time=2025-04-16 10:00:58 
jj1 = 823, max_th = 1.368235e+00, time=2025-04-16 10:04:26 
jj1 = 790, max_th = 1.374898e+00, time=2025-04-16 10:04:35 
jj1 = 891, max_th = 1.866180e+00, time=2025-04-16 10:06:23 
jj1 = 897, max_th = 1.982201e+00, time=2025-04-16 10:06:43 
jj1 = 789, max_th = 2.891511e+00, time=2025-04-16 10:08:03 
jj1 = 831, max_th = 1.748760e+00, time=2025-04-16 10:08:33 
jj1 = 886, max_th = 1.360438e+00, time=2025-04-16 10:13:36 
jj1 = 913, max_th = 2.261086e+00, time=2025-04-16 10:14:45 
jj1 = 873, max_th = 2.497250e+00, time=2025-04-16 10:15:18 
jj1 = 809, max_th = 1.532726e+00, time=2025-04-16 10:16:42 
jj1 = 852, max_th = 2.112656e+00, time=2025-04-16 10:17:20 
jj1 = 903, max_th = 2.321683e+00, time=2025-04-16 10:19:41 
jj1 = 908, max_th = -1.179000e-02, time=2025-04-16 10:21:05 
jj1 = 890, max_th = 1.498512e+00, time=2025-04-16 10:22:48 
jj1 = 842, max_th = 2.003324e+00, time=2025-04-16 10:27:31 
jj1 = 822, max_th = 1.846213e+00, time=2025-04-16 10:27:41 
jj1 = 896, max_th = 2.294286e+00, time=2025-04-16 10:28:14 
jj1 = 889, max_th = 9.265712e-01, time=2025-04-16 10:29:27 
jj1 = 918, max_th = 2.095312e+00, time=2025-04-16 10:32:23 
jj1 = 830, max_th = 1.905417e+00, time=2025-04-16 10:33:37 
jj1 = 912, max_th = 2.525775e+00, time=2025-04-16 10:34:10 
jj1 = 872, max_th = 1.950702e+00, time=2025-04-16 10:34:27 
jj1 = 885, max_th = 2.410791e+00, time=2025-04-16 10:35:03 
jj1 = 902, max_th = 1.832316e+00, time=2025-04-16 10:46:26 
jj1 = 895, max_th = 1.514408e+00, time=2025-04-16 10:47:00 
jj1 = 851, max_th = 2.119947e+00, time=2025-04-16 10:48:29 
jj1 = 917, max_th = 2.592995e+00, time=2025-04-16 10:48:33 
jj1 = 907, max_th = 2.142413e+00, time=2025-04-16 10:49:32 
jj1 = 901, max_th = 1.056075e+00, time=2025-04-16 10:52:26 
jj1 = 884, max_th = 2.046553e+00, time=2025-04-16 10:53:17 
jj1 = 948, max_th = 1.865712e+00, time=2025-04-16 10:54:12 
jj1 = 821, max_th = 1.836472e+00, time=2025-04-16 10:58:53 
jj1 = 829, max_th = 2.218566e+00, time=2025-04-16 11:00:19 
jj1 = 841, max_th = 2.141980e+00, time=2025-04-16 11:00:27 
jj1 = 840, max_th = -1.710526e-01, time=2025-04-16 11:01:07 
jj1 = 911, max_th = 1.862042e+00, time=2025-04-16 11:01:18 
jj1 = 871, max_th = 1.871708e+00, time=2025-04-16 11:02:07 
jj1 = 910, max_th = 2.946753e+00, time=2025-04-16 11:05:14 
jj1 = 820, max_th = 2.749235e+00, time=2025-04-16 11:09:10 
jj1 = 894, max_th = 1.640887e+00, time=2025-04-16 11:09:19 
jj1 = 952, max_th = -4.146996e-02, time=2025-04-16 11:10:31 
jj1 = 906, max_th = 2.058054e+00, time=2025-04-16 11:16:21 
jj1 = 916, max_th = 1.955044e+00, time=2025-04-16 11:16:39 
jj1 = 850, max_th = 2.115230e+00, time=2025-04-16 11:16:54 
jj1 = 883, max_th = 1.856677e+00, time=2025-04-16 11:17:18 
jj1 = 870, max_th = 1.340620e+00, time=2025-04-16 11:18:15 
jj1 = 909, max_th = 1.374083e+00, time=2025-04-16 11:20:13 
jj1 = 900, max_th = 1.963421e+00, time=2025-04-16 11:21:32 
jj1 = 947, max_th = 2.075697e+00, time=2025-04-16 11:23:46 
jj1 = 839, max_th = 1.682439e+00, time=2025-04-16 11:23:59 
jj1 = 946, max_th = 2.738579e+00, time=2025-04-16 11:32:20 
jj1 = 819, max_th = 1.778581e+00, time=2025-04-16 11:35:13 
jj1 = 933, max_th = 2.309975e+00, time=2025-04-16 11:36:57 
jj1 = 882, max_th = 2.435826e+00, time=2025-04-16 11:39:12 
jj1 = 869, max_th = 1.632214e+00, time=2025-04-16 11:40:00 
jj1 = 849, max_th = 2.038152e+00, time=2025-04-16 11:41:19 
jj1 = 899, max_th = 1.606224e+00, time=2025-04-16 11:42:51 
jj1 = 905, max_th = 1.666018e+00, time=2025-04-16 11:42:58 
jj1 = 928, max_th = 3.062063e+00, time=2025-04-16 11:44:05 
jj1 = 951, max_th = 1.915974e+00, time=2025-04-16 11:44:21 
jj1 = 960, max_th = 2.004702e+00, time=2025-04-16 11:45:37 
jj1 = 915, max_th = 2.021419e+00, time=2025-04-16 11:47:21 
jj1 = 881, max_th = 2.759796e+00, time=2025-04-16 11:49:16 
jj1 = 923, max_th = 1.829026e+00, time=2025-04-16 11:50:43 
jj1 = 959, max_th = 1.059887e+00, time=2025-04-16 11:53:02 
jj1 = 943, max_th = 2.516258e+00, time=2025-04-16 11:53:12 
jj1 = 938, max_th = 1.385986e+00, time=2025-04-16 11:53:51 
jj1 = 964, max_th = 2.671258e+00, time=2025-04-16 11:55:24 
jj1 = 945, max_th = 1.792947e+00, time=2025-04-16 11:57:15 
jj1 = 950, max_th = 2.619332e+00, time=2025-04-16 11:58:05 
jj1 = 942, max_th = 1.149532e+00, time=2025-04-16 11:59:28 
jj1 = 932, max_th = 2.362386e+00, time=2025-04-16 11:59:39 
jj1 = 937, max_th = 2.686475e+00, time=2025-04-16 12:04:18 
jj1 = 941, max_th = 9.455557e-01, time=2025-04-16 12:05:30 
jj1 = 949, max_th = 2.646164e+00, time=2025-04-16 12:08:02 
jj1 = 927, max_th = 2.136391e+00, time=2025-04-16 12:10:09 
jj1 = 931, max_th = 1.283027e+00, time=2025-04-16 12:11:43 
jj1 = 944, max_th = 2.574550e+00, time=2025-04-16 12:11:55 
jj1 = 904, max_th = 2.275618e+00, time=2025-04-16 12:11:54 
jj1 = 958, max_th = 2.149754e+00, time=2025-04-16 12:12:11 
jj1 = 922, max_th = 2.314740e+00, time=2025-04-16 12:13:05 
jj1 = 914, max_th = 2.019527e+00, time=2025-04-16 12:17:12 
jj1 = 880, max_th = 1.815058e+00, time=2025-04-16 12:19:43 
jj1 = 963, max_th = 1.684242e+00, time=2025-04-16 12:20:17 
jj1 = 940, max_th = 1.689296e+00, time=2025-04-16 12:29:37 
jj1 = 926, max_th = 2.355366e+00, time=2025-04-16 12:30:36 
jj1 = 936, max_th = 1.821747e+00, time=2025-04-16 12:33:53 
jj1 = 930, max_th = 2.265055e+00, time=2025-04-16 12:35:17 
jj1 = 957, max_th = 1.973207e+00, time=2025-04-16 12:36:28 
jj1 = 972, max_th = 2.183574e+00, time=2025-04-16 12:38:40 
jj1 = 984, max_th = 1.966024e+00, time=2025-04-16 12:39:40 
jj1 = 968, max_th = 2.254900e+00, time=2025-04-16 12:40:03 
jj1 = 879, max_th = 1.704785e+00, time=2025-04-16 12:41:16 
jj1 = 976, max_th = 1.959816e+00, time=2025-04-16 12:42:35 
jj1 = 988, max_th = 1.194130e+00, time=2025-04-16 12:44:11 
jj1 = 921, max_th = 1.984023e+00, time=2025-04-16 12:44:58 
jj1 = 962, max_th = 2.069397e+00, time=2025-04-16 12:50:23 
jj1 = 967, max_th = 2.615753e+00, time=2025-04-16 12:53:59 
jj1 = 961, max_th = 2.868065e+00, time=2025-04-16 12:55:53 
jj1 = 956, max_th = 2.250259e+00, time=2025-04-16 12:57:20 
jj1 = 925, max_th = 1.674690e+00, time=2025-04-16 12:57:24 
jj1 = 939, max_th = 2.026279e+00, time=2025-04-16 12:59:47 
jj1 = 929, max_th = 2.225341e+00, time=2025-04-16 13:03:26 
jj1 = 983, max_th = 2.425277e+00, time=2025-04-16 13:04:18 
jj1 = 971, max_th = 2.226566e+00, time=2025-04-16 13:05:55 
jj1 = 975, max_th = 1.755288e+00, time=2025-04-16 13:07:59 
jj1 = 987, max_th = 1.507804e+00, time=2025-04-16 13:08:01 
jj1 = 920, max_th = 1.712922e+00, time=2025-04-16 13:08:59 
jj1 = 935, max_th = 2.023565e+00, time=2025-04-16 13:09:45 
jj1 = 966, max_th = 1.496566e+00, time=2025-04-16 13:11:13 
jj1 = 924, max_th = 2.621768e+00, time=2025-04-16 13:11:36 
jj1 = 999, max_th = 1.595717e+00, time=2025-04-16 13:15:04 
jj1 = 955, max_th = 2.371541e+00, time=2025-04-16 13:15:36 
jj1 = 982, max_th = 1.306778e+00, time=2025-04-16 13:19:37 
jj1 = 980, max_th = 1.677122e+00, time=2025-04-16 13:27:39 
jj1 = 998, max_th = 2.461224e+00, time=2025-04-16 13:28:41 
jj1 = 996, max_th = 1.870964e+00, time=2025-04-16 13:28:59 
jj1 = 970, max_th = 2.111299e+00, time=2025-04-16 13:29:05 
jj1 = 954, max_th = 2.466492e+00, time=2025-04-16 13:31:01 
jj1 = 934, max_th = 1.758826e+00, time=2025-04-16 13:32:53 
jj1 = 986, max_th = 2.184226e+00, time=2025-04-16 13:32:54 
jj1 = 965, max_th = 1.952637e+00, time=2025-04-16 13:33:40 
jj1 = 974, max_th = 2.140758e+00, time=2025-04-16 13:35:30 
jj1 = 981, max_th = 1.561499e+00, time=2025-04-16 13:36:48 
jj1 = 985, max_th = 1.133336e+00, time=2025-04-16 13:39:00 
jj1 = 919, max_th = 1.666493e+00, time=2025-04-16 13:39:03 
jj1 = 969, max_th = 1.857546e+00, time=2025-04-16 13:43:23 
jj1 = 992, max_th = 2.832360e+00, time=2025-04-16 13:44:51 
jj1 = 1000, max_th = 2.674320e+00, time=2025-04-16 13:45:46 
jj1 = 995, max_th = 2.088568e+00, time=2025-04-16 13:46:51 
jj1 = 979, max_th = 2.096811e+00, time=2025-04-16 13:47:16 
jj1 = 973, max_th = 2.409891e+00, time=2025-04-16 13:49:39 
jj1 = 953, max_th = 1.765154e+00, time=2025-04-16 13:49:44 
jj1 = 997, max_th = 1.872328e+00, time=2025-04-16 13:52:00 
jj1 = 991, max_th = 2.210080e+00, time=2025-04-16 13:55:33 
jj1 = 994, max_th = 1.478939e+00, time=2025-04-16 13:55:53 
jj1 = 993, max_th = 2.634938e+00, time=2025-04-16 14:01:10 
jj1 = 978, max_th = 1.982983e+00, time=2025-04-16 14:05:00 
jj1 = 990, max_th = 2.113649e+00, time=2025-04-16 14:07:37 
jj1 = 977, max_th = 2.575055e+00, time=2025-04-16 14:10:37 
jj1 = 989, max_th = 2.115888e+00, time=2025-04-16 14:17:07 
>> >> >> >> >> >> >> >> >> 