Starting parallel pool (parpool) using the 'local' profile ...
Connected to the parallel pool (number of workers: 8).
jj1 = 14, max_th = 3.135335e+00, time=2025-01-01 09:51:02 
jj1 = 56, max_th = 2.632238e+00, time=2025-01-01 09:53:50 
jj1 = 49, max_th = 2.402430e+00, time=2025-01-01 09:55:09 
jj1 = 21, max_th = 2.436564e+00, time=2025-01-01 09:55:28 
jj1 = 7, max_th = 1.713710e+00, time=2025-01-01 09:56:47 
jj1 = 13, max_th = 1.692778e+00, time=2025-01-01 09:56:50 
jj1 = 42, max_th = 2.215832e+00, time=2025-01-01 09:57:11 
jj1 = 35, max_th = 2.227171e+00, time=2025-01-01 09:57:18 
jj1 = 28, max_th = 2.224531e+00, time=2025-01-01 09:57:25 
jj1 = 55, max_th = 1.380830e+00, time=2025-01-01 09:57:44 
jj1 = 48, max_th = 2.620080e+00, time=2025-01-01 09:58:34 
jj1 = 12, max_th = 1.404707e+00, time=2025-01-01 10:00:32 
jj1 = 54, max_th = 1.400982e+00, time=2025-01-01 10:00:56 
jj1 = 6, max_th = 2.420306e+00, time=2025-01-01 10:01:55 
jj1 = 20, max_th = 1.725791e+00, time=2025-01-01 10:01:58 
jj1 = 47, max_th = 1.407427e+00, time=2025-01-01 10:02:22 
jj1 = 27, max_th = 1.721703e+00, time=2025-01-01 10:03:54 
jj1 = 41, max_th = 1.983136e+00, time=2025-01-01 10:04:27 
jj1 = 34, max_th = 1.983297e+00, time=2025-01-01 10:04:30 
jj1 = 5, max_th = 1.405349e+00, time=2025-01-01 10:05:36 
jj1 = 11, max_th = 2.226487e+00, time=2025-01-01 10:07:18 
jj1 = 53, max_th = 2.217253e+00, time=2025-01-01 10:07:35 
jj1 = 19, max_th = 1.720670e+00, time=2025-01-01 10:08:21 
jj1 = 46, max_th = 2.217607e+00, time=2025-01-01 10:09:03 
jj1 = 26, max_th = 2.427215e+00, time=2025-01-01 10:09:08 
jj1 = 40, max_th = 1.717079e+00, time=2025-01-01 10:10:47 
jj1 = 33, max_th = 1.964972e+00, time=2025-01-01 10:11:41 
jj1 = 4, max_th = 2.210205e+00, time=2025-01-01 10:12:01 
jj1 = 10, max_th = 1.717674e+00, time=2025-01-01 10:13:38 
jj1 = 52, max_th = 1.715892e+00, time=2025-01-01 10:13:54 
jj1 = 18, max_th = 1.997442e+00, time=2025-01-01 10:14:33 
jj1 = 3, max_th = 1.411614e+00, time=2025-01-01 10:16:00 
jj1 = 25, max_th = 1.987103e+00, time=2025-01-01 10:16:18 
jj1 = 45, max_th = 1.976355e+00, time=2025-01-01 10:16:27 
jj1 = 39, max_th = 1.705874e+00, time=2025-01-01 10:16:31 
jj1 = 17, max_th = 1.401759e+00, time=2025-01-01 10:17:54 
jj1 = 32, max_th = 2.225947e+00, time=2025-01-01 10:18:24 
jj1 = 51, max_th = 2.202725e+00, time=2025-01-01 10:19:45 
jj1 = 9, max_th = 1.978435e+00, time=2025-01-01 10:21:20 
jj1 = 8, max_th = 2.988645e+00, time=2025-01-01 10:22:34 
jj1 = 38, max_th = 1.705471e+00, time=2025-01-01 10:22:59 
jj1 = 24, max_th = 2.190457e+00, time=2025-01-01 10:23:39 
jj1 = 31, max_th = 2.436749e+00, time=2025-01-01 10:24:23 
jj1 = 2, max_th = 1.968892e+00, time=2025-01-01 10:24:26 
jj1 = 50, max_th = 1.404029e+00, time=2025-01-01 10:24:31 
jj1 = 44, max_th = 1.978643e+00, time=2025-01-01 10:25:06 
jj1 = 16, max_th = 2.226858e+00, time=2025-01-01 10:26:10 
jj1 = 174, max_th = 1.409226e+00, time=2025-01-01 10:27:56 
jj1 = 1, max_th = 2.624255e+00, time=2025-01-01 10:29:05 
jj1 = 173, max_th = 9.901893e-01, time=2025-01-01 10:30:01 
jj1 = 43, max_th = 1.407480e+00, time=2025-01-01 10:30:20 
jj1 = 37, max_th = 1.726991e+00, time=2025-01-01 10:31:56 
jj1 = 23, max_th = 1.995731e+00, time=2025-01-01 10:32:40 
jj1 = 528, max_th = 1.710590e+00, time=2025-01-01 10:33:01 
jj1 = 30, max_th = 1.720277e+00, time=2025-01-01 10:33:13 
jj1 = 115, max_th = 2.602358e+00, time=2025-01-01 10:33:24 
jj1 = 527, max_th = -1.006748e-02, time=2025-01-01 10:33:27 
jj1 = 15, max_th = 1.976819e+00, time=2025-01-01 10:36:25 
jj1 = 172, max_th = 2.405220e+00, time=2025-01-01 10:36:36 
jj1 = 36, max_th = 1.401956e+00, time=2025-01-01 10:36:37 
jj1 = 114, max_th = 1.397420e+00, time=2025-01-01 10:38:10 
jj1 = 526, max_th = 1.377657e+00, time=2025-01-01 10:38:59 
jj1 = 469, max_th = 1.988201e+00, time=2025-01-01 10:40:09 
jj1 = 22, max_th = 2.210633e+00, time=2025-01-01 10:41:36 
jj1 = 233, max_th = 1.390006e+00, time=2025-01-01 10:41:45 
jj1 = 29, max_th = 2.222967e+00, time=2025-01-01 10:42:39 
jj1 = 468, max_th = 1.395067e+00, time=2025-01-01 10:45:06 
jj1 = 171, max_th = 1.713191e+00, time=2025-01-01 10:45:12 
jj1 = 410, max_th = 2.225745e+00, time=2025-01-01 10:46:01 
jj1 = 525, max_th = 2.416210e+00, time=2025-01-01 10:46:09 
jj1 = 113, max_th = 1.714641e+00, time=2025-01-01 10:46:52 
jj1 = 232, max_th = 1.720539e+00, time=2025-01-01 10:50:42 
jj1 = 292, max_th = 1.989453e+00, time=2025-01-01 10:51:22 
jj1 = 170, max_th = 2.443804e+00, time=2025-01-01 10:51:33 
jj1 = 351, max_th = 1.723367e+00, time=2025-01-01 10:51:43 
jj1 = 291, max_th = 9.521922e-01, time=2025-01-01 10:53:07 
jj1 = 409, max_th = 1.709339e+00, time=2025-01-01 10:54:22 
jj1 = 290, max_th = 9.671734e-01, time=2025-01-01 10:55:12 
jj1 = 467, max_th = 1.981849e+00, time=2025-01-01 10:55:13 
jj1 = 524, max_th = 2.228235e+00, time=2025-01-01 10:55:29 
jj1 = 231, max_th = 1.405775e+00, time=2025-01-01 10:55:58 
jj1 = 112, max_th = 2.217846e+00, time=2025-01-01 10:56:11 
jj1 = 408, max_th = 1.386535e+00, time=2025-01-01 10:59:48 
jj1 = 169, max_th = 1.715765e+00, time=2025-01-01 11:00:18 
jj1 = 289, max_th = 1.413990e+00, time=2025-01-01 11:00:53 
jj1 = 350, max_th = 1.920414e+00, time=2025-01-01 11:01:57 
jj1 = 523, max_th = 2.416132e+00, time=2025-01-01 11:02:39 
jj1 = 466, max_th = 1.725700e+00, time=2025-01-01 11:04:19 
jj1 = 111, max_th = 1.707504e+00, time=2025-01-01 11:04:20 
jj1 = 407, max_th = 2.620858e+00, time=2025-01-01 11:04:32 
jj1 = 230, max_th = 2.217970e+00, time=2025-01-01 11:05:07 
jj1 = 465, max_th = 9.835978e-01, time=2025-01-01 11:06:29 
jj1 = 349, max_th = 2.435071e+00, time=2025-01-01 11:08:53 
jj1 = 406, max_th = 2.633900e+00, time=2025-01-01 11:08:59 
jj1 = 168, max_th = 1.724488e+00, time=2025-01-01 11:09:24 
jj1 = 110, max_th = 1.408378e+00, time=2025-01-01 11:09:44 
jj1 = 405, max_th = 9.723183e-01, time=2025-01-01 11:11:03 
jj1 = 288, max_th = 1.979047e+00, time=2025-01-01 11:11:15 
jj1 = 109, max_th = 2.802462e+00, time=2025-01-01 11:12:04 
jj1 = 229, max_th = 2.201524e+00, time=2025-01-01 11:12:52 
jj1 = 522, max_th = 1.980864e+00, time=2025-01-01 11:12:59 
jj1 = 464, max_th = 1.715458e+00, time=2025-01-01 11:15:15 
jj1 = 287, max_th = 2.613569e+00, time=2025-01-01 11:15:54 
jj1 = 228, max_th = 2.616433e+00, time=2025-01-01 11:17:31 
jj1 = 348, max_th = 1.953710e+00, time=2025-01-01 11:17:41 
jj1 = 404, max_th = 1.701652e+00, time=2025-01-01 11:18:10 
jj1 = 167, max_th = 2.217161e+00, time=2025-01-01 11:18:44 
jj1 = 108, max_th = 2.434656e+00, time=2025-01-01 11:19:00 
jj1 = 521, max_th = 1.717076e+00, time=2025-01-01 11:21:46 
jj1 = 520, max_th = -7.115247e-03, time=2025-01-01 11:22:11 
jj1 = 286, max_th = 1.653973e+00, time=2025-01-01 11:23:31 
jj1 = 166, max_th = 1.391679e+00, time=2025-01-01 11:23:52 
jj1 = 107, max_th = 2.200128e+00, time=2025-01-01 11:25:03 
jj1 = 463, max_th = 1.987951e+00, time=2025-01-01 11:25:08 
jj1 = 227, max_th = 1.713278e+00, time=2025-01-01 11:26:06 
jj1 = 519, max_th = 2.624080e+00, time=2025-01-01 11:26:54 
jj1 = 347, max_th = 2.217902e+00, time=2025-01-01 11:26:59 
jj1 = 403, max_th = 2.212127e+00, time=2025-01-01 11:27:21 
jj1 = 346, max_th = -8.483599e-03, time=2025-01-01 11:27:24 
jj1 = 165, max_th = 2.628364e+00, time=2025-01-01 11:28:32 
jj1 = 462, max_th = 2.195750e+00, time=2025-01-01 11:33:34 
jj1 = 402, max_th = 2.442374e+00, time=2025-01-01 11:33:50 
jj1 = 285, max_th = 1.979555e+00, time=2025-01-01 11:33:51 
jj1 = 106, max_th = 1.989393e+00, time=2025-01-01 11:34:48 
jj1 = 226, max_th = 1.722833e+00, time=2025-01-01 11:35:08 
jj1 = 164, max_th = 2.420015e+00, time=2025-01-01 11:35:47 
jj1 = 345, max_th = 2.226973e+00, time=2025-01-01 11:36:47 
jj1 = 518, max_th = 1.981612e+00, time=2025-01-01 11:37:04 
jj1 = 461, max_th = 2.630726e+00, time=2025-01-01 11:38:03 
jj1 = 225, max_th = 1.406536e+00, time=2025-01-01 11:40:23 
jj1 = 105, max_th = 1.701194e+00, time=2025-01-01 11:41:44 
jj1 = 460, max_th = 2.632389e+00, time=2025-01-01 11:42:30 
jj1 = 401, max_th = 1.717442e+00, time=2025-01-01 11:42:32 
jj1 = 163, max_th = 2.432975e+00, time=2025-01-01 11:42:41 
jj1 = 224, max_th = 2.811676e+00, time=2025-01-01 11:42:52 
jj1 = 284, max_th = 2.230662e+00, time=2025-01-01 11:43:00 
jj1 = 344, max_th = 2.212111e+00, time=2025-01-01 11:45:46 
jj1 = 104, max_th = 1.404543e+00, time=2025-01-01 11:46:46 
jj1 = 400, max_th = 1.401034e+00, time=2025-01-01 11:46:59 
jj1 = 517, max_th = 1.976904e+00, time=2025-01-01 11:47:22 
jj1 = 162, max_th = 2.428655e+00, time=2025-01-01 11:49:48 
jj1 = 343, max_th = 2.603793e+00, time=2025-01-01 11:50:04 
jj1 = 459, max_th = 1.716779e+00, time=2025-01-01 11:51:14 
jj1 = 283, max_th = 1.713314e+00, time=2025-01-01 11:51:33 
jj1 = 223, max_th = 2.208871e+00, time=2025-01-01 11:51:47 
jj1 = 161, max_th = 2.640968e+00, time=2025-01-01 11:53:58 
jj1 = 342, max_th = 1.388882e+00, time=2025-01-01 11:55:25 
jj1 = 103, max_th = 2.222967e+00, time=2025-01-01 11:56:04 
jj1 = 222, max_th = 2.626816e+00, time=2025-01-01 11:56:25 
jj1 = 102, max_th = -4.197979e-03, time=2025-01-01 11:56:29 
jj1 = 282, max_th = 1.405099e+00, time=2025-01-01 11:56:41 
jj1 = 516, max_th = 2.222237e+00, time=2025-01-01 11:56:43 
jj1 = 101, max_th = 3.291180e+00, time=2025-01-01 11:56:44 
jj1 = 399, max_th = 1.987139e+00, time=2025-01-01 11:56:48 
jj1 = 458, max_th = 1.992096e+00, time=2025-01-01 12:00:45 
jj1 = 160, max_th = 1.973624e+00, time=2025-01-01 12:04:18 
jj1 = 341, max_th = 1.996248e+00, time=2025-01-01 12:04:25 
jj1 = 159, max_th = -3.018123e-02, time=2025-01-01 12:04:43 
jj1 = 221, max_th = 2.223602e+00, time=2025-01-01 12:05:50 
jj1 = 281, max_th = 2.221699e+00, time=2025-01-01 12:06:01 
jj1 = 398, max_th = 2.220549e+00, time=2025-01-01 12:06:02 
jj1 = 515, max_th = 1.984047e+00, time=2025-01-01 12:06:45 
jj1 = 100, max_th = 1.967296e+00, time=2025-01-01 12:06:51 
jj1 = 457, max_th = 2.208980e+00, time=2025-01-01 12:09:35 
jj1 = 158, max_th = 2.440647e+00, time=2025-01-01 12:11:16 
jj1 = 340, max_th = 1.711809e+00, time=2025-01-01 12:12:54 
jj1 = 220, max_th = 2.426417e+00, time=2025-01-01 12:13:03 
jj1 = 514, max_th = 2.419907e+00, time=2025-01-01 12:13:54 
jj1 = 280, max_th = 2.226364e+00, time=2025-01-01 12:15:24 
jj1 = 397, max_th = 1.990429e+00, time=2025-01-01 12:15:36 
jj1 = 99, max_th = 2.218059e+00, time=2025-01-01 12:16:07 
jj1 = 339, max_th = 1.399436e+00, time=2025-01-01 12:17:09 
jj1 = 98, max_th = 9.878821e-01, time=2025-01-01 12:18:17 
jj1 = 456, max_th = 1.724597e+00, time=2025-01-01 12:18:34 
jj1 = 513, max_th = 1.362861e+00, time=2025-01-01 12:19:02 
jj1 = 338, max_th = 9.879032e-01, time=2025-01-01 12:19:15 
jj1 = 279, max_th = 2.624756e+00, time=2025-01-01 12:20:05 
jj1 = 157, max_th = 1.991191e+00, time=2025-01-01 12:20:51 
jj1 = 278, max_th = 2.985346e+00, time=2025-01-01 12:21:21 
jj1 = 219, max_th = 1.717278e+00, time=2025-01-01 12:21:49 
jj1 = 277, max_th = 9.749221e-01, time=2025-01-01 12:23:28 
jj1 = 337, max_th = 1.383063e+00, time=2025-01-01 12:24:37 
jj1 = 396, max_th = 1.983609e+00, time=2025-01-01 12:25:38 
jj1 = 336, max_th = 9.873533e-01, time=2025-01-01 12:26:43 
jj1 = 97, max_th = 1.724627e+00, time=2025-01-01 12:27:22 
jj1 = 395, max_th = 9.859358e-01, time=2025-01-01 12:27:45 
jj1 = 455, max_th = 2.228271e+00, time=2025-01-01 12:27:51 
jj1 = 512, max_th = 1.993194e+00, time=2025-01-01 12:28:28 
jj1 = 156, max_th = 1.710963e+00, time=2025-01-01 12:29:13 
jj1 = 276, max_th = 2.429390e+00, time=2025-01-01 12:30:37 
jj1 = 218, max_th = 1.977140e+00, time=2025-01-01 12:32:10 
jj1 = 394, max_th = 1.411269e+00, time=2025-01-01 12:33:20 
jj1 = 155, max_th = 1.413550e+00, time=2025-01-01 12:34:51 
jj1 = 275, max_th = 1.406923e+00, time=2025-01-01 12:35:56 
jj1 = 335, max_th = 2.226407e+00, time=2025-01-01 12:36:10 
jj1 = 454, max_th = 1.715758e+00, time=2025-01-01 12:36:36 
jj1 = 96, max_th = 2.228467e+00, time=2025-01-01 12:36:45 
jj1 = 511, max_th = 2.220867e+00, time=2025-01-01 12:37:51 
jj1 = 510, max_th = 2.986229e+00, time=2025-01-01 12:39:06 
jj1 = 217, max_th = 1.992532e+00, time=2025-01-01 12:41:41 
jj1 = 393, max_th = 1.973437e+00, time=2025-01-01 12:43:40 
jj1 = 154, max_th = 2.209182e+00, time=2025-01-01 12:43:42 
jj1 = 334, max_th = 1.714266e+00, time=2025-01-01 12:44:53 
jj1 = 95, max_th = 1.720682e+00, time=2025-01-01 12:45:47 
jj1 = 274, max_th = 1.965983e+00, time=2025-01-01 12:46:05 
jj1 = 453, max_th = 1.985332e+00, time=2025-01-01 12:46:39 
jj1 = 94, max_th = 9.893693e-01, time=2025-01-01 12:47:55 
jj1 = 273, max_th = 9.861116e-01, time=2025-01-01 12:48:16 
jj1 = 509, max_th = 2.188315e+00, time=2025-01-01 12:48:26 
jj1 = 216, max_th = 1.982778e+00, time=2025-01-01 12:51:54 
jj1 = 392, max_th = 2.212080e+00, time=2025-01-01 12:52:42 
jj1 = 452, max_th = 2.441665e+00, time=2025-01-01 12:53:10 
jj1 = 153, max_th = 1.983791e+00, time=2025-01-01 12:53:55 
jj1 = 508, max_th = 1.380041e+00, time=2025-01-01 12:53:55 
jj1 = 333, max_th = 2.214018e+00, time=2025-01-01 12:54:02 
jj1 = 93, max_th = 1.708295e+00, time=2025-01-01 12:56:14 
jj1 = 272, max_th = 1.995826e+00, time=2025-01-01 12:57:25 
jj1 = 215, max_th = 2.438578e+00, time=2025-01-01 12:58:38 
jj1 = 214, max_th = 9.910348e-01, time=2025-01-01 13:00:45 
jj1 = 92, max_th = 1.390334e+00, time=2025-01-01 13:01:34 
jj1 = 391, max_th = 2.227635e+00, time=2025-01-01 13:02:02 
jj1 = 507, max_th = 2.186254e+00, time=2025-01-01 13:03:25 
jj1 = 451, max_th = 1.978362e+00, time=2025-01-01 13:03:33 
jj1 = 152, max_th = 1.987636e+00, time=2025-01-01 13:03:53 
jj1 = 332, max_th = 1.984113e+00, time=2025-01-01 13:04:12 
jj1 = 151, max_th = 9.531625e-01, time=2025-01-01 13:05:41 
jj1 = 213, max_th = 2.439781e+00, time=2025-01-01 13:07:26 
jj1 = 390, max_th = 1.376346e+00, time=2025-01-01 13:07:39 
jj1 = 271, max_th = 1.982687e+00, time=2025-01-01 13:07:42 
jj1 = 450, max_th = 1.397485e+00, time=2025-01-01 13:08:25 
jj1 = 91, max_th = 1.715151e+00, time=2025-01-01 13:10:17 
jj1 = 506, max_th = 2.222715e+00, time=2025-01-01 13:12:49 
jj1 = 331, max_th = 1.717583e+00, time=2025-01-01 13:13:07 
jj1 = 150, max_th = 1.676030e+00, time=2025-01-01 13:14:33 
jj1 = 270, max_th = 2.429249e+00, time=2025-01-01 13:14:55 
jj1 = 449, max_th = 1.677794e+00, time=2025-01-01 13:17:03 
jj1 = 212, max_th = 1.982342e+00, time=2025-01-01 13:17:43 
jj1 = 389, max_th = 1.975461e+00, time=2025-01-01 13:18:00 
jj1 = 90, max_th = 1.990803e+00, time=2025-01-01 13:20:01 
jj1 = 388, max_th = 9.892851e-01, time=2025-01-01 13:20:07 
jj1 = 269, max_th = 1.410536e+00, time=2025-01-01 13:20:27 
jj1 = 505, max_th = 1.718662e+00, time=2025-01-01 13:21:42 
jj1 = 330, max_th = 1.721764e+00, time=2025-01-01 13:22:11 
jj1 = 149, max_th = 1.716931e+00, time=2025-01-01 13:23:18 
jj1 = 448, max_th = 1.713298e+00, time=2025-01-01 13:25:39 
jj1 = 211, max_th = 2.226772e+00, time=2025-01-01 13:27:10 
jj1 = 387, max_th = 1.704778e+00, time=2025-01-01 13:28:00 
jj1 = 386, max_th = -1.414244e-02, time=2025-01-01 13:28:26 
jj1 = 504, max_th = 2.409526e+00, time=2025-01-01 13:28:38 
jj1 = 89, max_th = 2.224692e+00, time=2025-01-01 13:29:30 
jj1 = 268, max_th = 1.727018e+00, time=2025-01-01 13:29:36 
jj1 = 267, max_th = 9.989990e-01, time=2025-01-01 13:31:27 
jj1 = 148, max_th = 1.682062e+00, time=2025-01-01 13:32:04 
jj1 = 329, max_th = 1.980309e+00, time=2025-01-01 13:32:28 
jj1 = 503, max_th = 1.396534e+00, time=2025-01-01 13:33:31 
jj1 = 147, max_th = 2.804064e+00, time=2025-01-01 13:34:29 
jj1 = 447, max_th = 2.219556e+00, time=2025-01-01 13:34:56 
jj1 = 266, max_th = 1.396801e+00, time=2025-01-01 13:36:21 
jj1 = 210, max_th = 1.993626e+00, time=2025-01-01 13:36:37 
jj1 = 385, max_th = 1.721298e+00, time=2025-01-01 13:37:22 
jj1 = 265, max_th = 9.907760e-01, time=2025-01-01 13:38:29 
jj1 = 502, max_th = 1.378147e+00, time=2025-01-01 13:39:03 
jj1 = 88, max_th = 1.961688e+00, time=2025-01-01 13:39:16 
jj1 = 146, max_th = 1.407861e+00, time=2025-01-01 13:39:53 
jj1 = 328, max_th = 1.727039e+00, time=2025-01-01 13:41:39 
jj1 = 446, max_th = 1.703380e+00, time=2025-01-01 13:42:38 
jj1 = 501, max_th = 1.400130e+00, time=2025-01-01 13:42:45 
jj1 = 87, max_th = 1.401112e+00, time=2025-01-01 13:43:45 
jj1 = 264, max_th = 1.700791e+00, time=2025-01-01 13:45:15 
jj1 = 209, max_th = 2.210569e+00, time=2025-01-01 13:45:44 
jj1 = 86, max_th = 9.927341e-01, time=2025-01-01 13:45:51 
jj1 = 384, max_th = 2.211660e+00, time=2025-01-01 13:46:24 
jj1 = 383, max_th = 3.152557e+00, time=2025-01-01 13:46:54 
jj1 = 327, max_th = 1.411217e+00, time=2025-01-01 13:47:14 
jj1 = 263, max_th = 9.918315e-01, time=2025-01-01 13:47:22 
jj1 = 500, max_th = 1.382001e+00, time=2025-01-01 13:48:17 
jj1 = 145, max_th = 1.966771e+00, time=2025-01-01 13:50:05 
jj1 = 445, max_th = 2.212386e+00, time=2025-01-01 13:51:45 
jj1 = 262, max_th = 2.627978e+00, time=2025-01-01 13:52:02 
jj1 = 499, max_th = 1.402023e+00, time=2025-01-01 13:53:04 
jj1 = 208, max_th = 1.715573e+00, time=2025-01-01 13:54:34 
jj1 = 85, max_th = 2.214290e+00, time=2025-01-01 13:55:05 
jj1 = 326, max_th = 1.692276e+00, time=2025-01-01 13:55:27 
jj1 = 382, max_th = 2.227553e+00, time=2025-01-01 13:56:17 
jj1 = 261, max_th = 1.401393e+00, time=2025-01-01 13:56:40 
jj1 = 498, max_th = 1.407521e+00, time=2025-01-01 13:58:25 
jj1 = 144, max_th = 1.727282e+00, time=2025-01-01 13:59:10 
jj1 = 444, max_th = 2.214949e+00, time=2025-01-01 14:00:54 
jj1 = 143, max_th = 9.906270e-01, time=2025-01-01 14:01:14 
jj1 = 260, max_th = 2.622310e+00, time=2025-01-01 14:01:23 
jj1 = 325, max_th = 1.691711e+00, time=2025-01-01 14:03:45 
jj1 = 84, max_th = 1.728704e+00, time=2025-01-01 14:04:06 
jj1 = 207, max_th = 1.984893e+00, time=2025-01-01 14:04:40 
jj1 = 381, max_th = 1.985429e+00, time=2025-01-01 14:06:18 
jj1 = 206, max_th = 2.808149e+00, time=2025-01-01 14:07:08 
jj1 = 497, max_th = 1.722562e+00, time=2025-01-01 14:07:28 
jj1 = 259, max_th = 2.441944e+00, time=2025-01-01 14:07:57 
jj1 = 443, max_th = 2.416698e+00, time=2025-01-01 14:08:08 
jj1 = 142, max_th = 2.424985e+00, time=2025-01-01 14:08:33 
jj1 = 324, max_th = 1.729363e+00, time=2025-01-01 14:12:51 
jj1 = 83, max_th = 1.991029e+00, time=2025-01-01 14:13:49 
jj1 = 323, max_th = 9.802466e-01, time=2025-01-01 14:15:02 
jj1 = 442, max_th = 1.703773e+00, time=2025-01-01 14:15:53 
jj1 = 441, max_th = 3.148416e+00, time=2025-01-01 14:16:23 
jj1 = 380, max_th = 1.968689e+00, time=2025-01-01 14:16:38 
jj1 = 141, max_th = 1.692917e+00, time=2025-01-01 14:16:46 
jj1 = 379, max_th = -8.014389e-03, time=2025-01-01 14:17:04 
jj1 = 258, max_th = 2.213750e+00, time=2025-01-01 14:17:07 
jj1 = 496, max_th = 1.989640e+00, time=2025-01-01 14:17:17 
jj1 = 205, max_th = 1.970667e+00, time=2025-01-01 14:17:31 
jj1 = 440, max_th = 9.899205e-01, time=2025-01-01 14:18:29 
jj1 = 257, max_th = 9.861850e-01, time=2025-01-01 14:19:16 
jj1 = 82, max_th = 2.421990e+00, time=2025-01-01 14:21:08 
jj1 = 322, max_th = 2.417191e+00, time=2025-01-01 14:22:21 
jj1 = 140, max_th = 2.424317e+00, time=2025-01-01 14:24:06 
jj1 = 378, max_th = 1.682557e+00, time=2025-01-01 14:25:38 
jj1 = 204, max_th = 1.993079e+00, time=2025-01-01 14:27:03 
jj1 = 495, max_th = 1.965360e+00, time=2025-01-01 14:27:16 
jj1 = 439, max_th = 1.991315e+00, time=2025-01-01 14:28:10 
jj1 = 139, max_th = 2.620287e+00, time=2025-01-01 14:28:45 
jj1 = 256, max_th = 1.987862e+00, time=2025-01-01 14:29:12 
jj1 = 138, max_th = 9.915682e-01, time=2025-01-01 14:30:50 
jj1 = 81, max_th = 1.987733e+00, time=2025-01-01 14:31:03 
jj1 = 321, max_th = 1.982358e+00, time=2025-01-01 14:32:38 
jj1 = 438, max_th = 1.394451e+00, time=2025-01-01 14:33:18 
jj1 = 137, max_th = 2.824319e+00, time=2025-01-01 14:33:19 
jj1 = 320, max_th = 9.929372e-01, time=2025-01-01 14:34:42 
jj1 = 377, max_th = 1.723506e+00, time=2025-01-01 14:34:45 
jj1 = 80, max_th = 2.634700e+00, time=2025-01-01 14:35:32 
jj1 = 203, max_th = 2.223809e+00, time=2025-01-01 14:36:34 
jj1 = 494, max_th = 1.983167e+00, time=2025-01-01 14:37:25 
jj1 = 202, max_th = 9.677111e-01, time=2025-01-01 14:38:39 
jj1 = 319, max_th = 1.400288e+00, time=2025-01-01 14:38:41 
jj1 = 255, max_th = 1.979978e+00, time=2025-01-01 14:39:36 
jj1 = 136, max_th = 1.710262e+00, time=2025-01-01 14:41:45 
jj1 = 437, max_th = 2.220664e+00, time=2025-01-01 14:42:41 
jj1 = 376, max_th = 1.963137e+00, time=2025-01-01 14:44:39 
jj1 = 254, max_th = 1.395388e+00, time=2025-01-01 14:44:44 
jj1 = 493, max_th = 2.425443e+00, time=2025-01-01 14:44:45 
jj1 = 79, max_th = 1.986243e+00, time=2025-01-01 14:45:36 
jj1 = 318, max_th = 2.430116e+00, time=2025-01-01 14:45:51 
jj1 = 436, max_th = 2.610177e+00, time=2025-01-01 14:47:18 
jj1 = 201, max_th = 1.724491e+00, time=2025-01-01 14:47:50 
jj1 = 135, max_th = 1.984544e+00, time=2025-01-01 14:51:56 
jj1 = 78, max_th = 2.197460e+00, time=2025-01-01 14:53:49 
jj1 = 492, max_th = 2.231076e+00, time=2025-01-01 14:54:01 
jj1 = 375, max_th = 2.226998e+00, time=2025-01-01 14:54:04 
jj1 = 253, max_th = 1.992497e+00, time=2025-01-01 14:54:22 
jj1 = 317, max_th = 2.208373e+00, time=2025-01-01 14:54:42 
jj1 = 200, max_th = 2.386640e+00, time=2025-01-01 14:55:29 
jj1 = 435, max_th = 1.987769e+00, time=2025-01-01 14:57:11 
jj1 = 77, max_th = 1.402135e+00, time=2025-01-01 14:58:38 
jj1 = 134, max_th = 2.439089e+00, time=2025-01-01 14:58:39 
jj1 = 76, max_th = -7.110045e-03, time=2025-01-01 14:59:03 
jj1 = 316, max_th = 1.570224e+00, time=2025-01-01 15:00:00 
jj1 = 199, max_th = 1.409638e+00, time=2025-01-01 15:00:57 
jj1 = 374, max_th = 2.434652e+00, time=2025-01-01 15:01:00 
jj1 = 252, max_th = 1.713670e+00, time=2025-01-01 15:03:07 
jj1 = 491, max_th = 1.727610e+00, time=2025-01-01 15:03:10 
jj1 = 315, max_th = 2.440037e+00, time=2025-01-01 15:06:42 
jj1 = 198, max_th = 2.445416e+00, time=2025-01-01 15:07:11 
jj1 = 434, max_th = 1.978087e+00, time=2025-01-01 15:07:34 
jj1 = 133, max_th = 2.213313e+00, time=2025-01-01 15:07:50 
jj1 = 251, max_th = 1.402271e+00, time=2025-01-01 15:07:59 
jj1 = 373, max_th = 2.432135e+00, time=2025-01-01 15:08:04 
jj1 = 75, max_th = 1.980488e+00, time=2025-01-01 15:09:22 
jj1 = 490, max_th = 2.406967e+00, time=2025-01-01 15:10:08 
jj1 = 314, max_th = 2.624262e+00, time=2025-01-01 15:11:26 
jj1 = 489, max_th = 9.965222e-01, time=2025-01-01 15:12:07 
jj1 = 372, max_th = 2.634300e+00, time=2025-01-01 15:12:35 
jj1 = 250, max_th = 1.393034e+00, time=2025-01-01 15:13:16 
jj1 = 132, max_th = 2.437832e+00, time=2025-01-01 15:14:37 
jj1 = 197, max_th = 2.215363e+00, time=2025-01-01 15:16:28 
jj1 = 74, max_th = 2.432540e+00, time=2025-01-01 15:16:29 
jj1 = 433, max_th = 1.985495e+00, time=2025-01-01 15:17:41 
jj1 = 249, max_th = 2.626218e+00, time=2025-01-01 15:18:01 
jj1 = 488, max_th = 2.436801e+00, time=2025-01-01 15:18:59 
jj1 = 313, max_th = 1.996046e+00, time=2025-01-01 15:20:33 
jj1 = 196, max_th = 2.630080e+00, time=2025-01-01 15:21:05 
jj1 = 371, max_th = 1.722004e+00, time=2025-01-01 15:21:40 
jj1 = 73, max_th = 1.409969e+00, time=2025-01-01 15:22:01 
jj1 = 248, max_th = 1.393940e+00, time=2025-01-01 15:23:12 
jj1 = 131, max_th = 2.226022e+00, time=2025-01-01 15:24:02 
jj1 = 432, max_th = 2.439235e+00, time=2025-01-01 15:24:29 
jj1 = 312, max_th = 1.404443e+00, time=2025-01-01 15:25:42 
jj1 = 130, max_th = 9.759460e-01, time=2025-01-01 15:26:14 
jj1 = 72, max_th = 2.638445e+00, time=2025-01-01 15:26:24 
jj1 = 370, max_th = 1.410221e+00, time=2025-01-01 15:27:13 
jj1 = 195, max_th = 2.436415e+00, time=2025-01-01 15:28:01 
jj1 = 487, max_th = 1.991131e+00, time=2025-01-01 15:28:44 
jj1 = 431, max_th = 1.407454e+00, time=2025-01-01 15:29:50 
jj1 = 247, max_th = 2.205539e+00, time=2025-01-01 15:31:55 
jj1 = 311, max_th = 2.431101e+00, time=2025-01-01 15:32:51 
jj1 = 71, max_th = 2.213266e+00, time=2025-01-01 15:35:37 
jj1 = 369, max_th = 1.725677e+00, time=2025-01-01 15:36:25 
jj1 = 129, max_th = 1.972806e+00, time=2025-01-01 15:36:42 
jj1 = 194, max_th = 1.987152e+00, time=2025-01-01 15:38:04 
jj1 = 486, max_th = 1.994258e+00, time=2025-01-01 15:38:10 
jj1 = 430, max_th = 1.716237e+00, time=2025-01-01 15:38:41 
jj1 = 368, max_th = 2.640748e+00, time=2025-01-01 15:40:39 
jj1 = 246, max_th = 2.213752e+00, time=2025-01-01 15:41:13 
jj1 = 70, max_th = 2.437475e+00, time=2025-01-01 15:42:28 
jj1 = 310, max_th = 1.977004e+00, time=2025-01-01 15:43:18 
jj1 = 429, max_th = 1.405438e+00, time=2025-01-01 15:43:58 
jj1 = 485, max_th = 2.429665e+00, time=2025-01-01 15:45:22 
jj1 = 128, max_th = 1.990585e+00, time=2025-01-01 15:46:30 
jj1 = 193, max_th = 1.713236e+00, time=2025-01-01 15:46:50 
jj1 = 367, max_th = 2.434630e+00, time=2025-01-01 15:47:33 
jj1 = 245, max_th = 2.440205e+00, time=2025-01-01 15:47:57 
jj1 = 428, max_th = 1.397743e+00, time=2025-01-01 15:48:45 
jj1 = 69, max_th = 1.693054e+00, time=2025-01-01 15:50:40 
jj1 = 192, max_th = 2.632302e+00, time=2025-01-01 15:51:24 
jj1 = 127, max_th = 1.402587e+00, time=2025-01-01 15:51:28 
jj1 = 244, max_th = 1.402094e+00, time=2025-01-01 15:52:46 
jj1 = 309, max_th = 2.223540e+00, time=2025-01-01 15:52:50 
jj1 = 484, max_th = 1.695138e+00, time=2025-01-01 15:53:14 
jj1 = 191, max_th = 1.404369e+00, time=2025-01-01 15:56:35 
jj1 = 366, max_th = 2.215399e+00, time=2025-01-01 15:56:51 
jj1 = 68, max_th = 2.429251e+00, time=2025-01-01 15:57:57 
jj1 = 427, max_th = 1.993776e+00, time=2025-01-01 15:58:13 
jj1 = 126, max_th = 2.433030e+00, time=2025-01-01 15:58:34 
jj1 = 190, max_th = 1.403185e+00, time=2025-01-01 16:01:35 
jj1 = 308, max_th = 1.994076e+00, time=2025-01-01 16:02:20 
jj1 = 243, max_th = 1.969167e+00, time=2025-01-01 16:03:11 
jj1 = 483, max_th = 1.976856e+00, time=2025-01-01 16:03:43 
jj1 = 125, max_th = 1.407403e+00, time=2025-01-01 16:03:59 
jj1 = 67, max_th = 2.430559e+00, time=2025-01-01 16:05:08 
jj1 = 365, max_th = 1.720039e+00, time=2025-01-01 16:05:57 
jj1 = 124, max_th = 9.819649e-01, time=2025-01-01 16:06:10 
jj1 = 426, max_th = 1.993017e+00, time=2025-01-01 16:07:48 
jj1 = 242, max_th = 1.395966e+00, time=2025-01-01 16:08:14 
jj1 = 425, max_th = 9.806376e-01, time=2025-01-01 16:09:57 
jj1 = 307, max_th = 1.723260e+00, time=2025-01-01 16:11:31 
jj1 = 189, max_th = 1.983655e+00, time=2025-01-01 16:11:48 
jj1 = 482, max_th = 1.996459e+00, time=2025-01-01 16:12:46 
jj1 = 364, max_th = 2.416039e+00, time=2025-01-01 16:13:14 
jj1 = 481, max_th = 3.158298e+00, time=2025-01-01 16:13:18 
jj1 = 66, max_th = 1.966128e+00, time=2025-01-01 16:15:13 
jj1 = 123, max_th = 2.229192e+00, time=2025-01-01 16:15:36 
jj1 = 306, max_th = 1.383322e+00, time=2025-01-01 16:17:00 
jj1 = 241, max_th = 1.984050e+00, time=2025-01-01 16:18:30 
jj1 = 424, max_th = 2.192022e+00, time=2025-01-01 16:18:58 
jj1 = 65, max_th = 1.368072e+00, time=2025-01-01 16:20:31 
jj1 = 240, max_th = 9.784249e-01, time=2025-01-01 16:20:44 
jj1 = 188, max_th = 1.717183e+00, time=2025-01-01 16:20:46 
jj1 = 305, max_th = 2.628879e+00, time=2025-01-01 16:21:41 
jj1 = 187, max_th = 2.968557e+00, time=2025-01-01 16:22:12 
jj1 = 64, max_th = 9.806256e-01, time=2025-01-01 16:22:39 
jj1 = 480, max_th = 1.989304e+00, time=2025-01-01 16:23:17 
jj1 = 363, max_th = 1.985965e+00, time=2025-01-01 16:23:18 
jj1 = 122, max_th = 2.215717e+00, time=2025-01-01 16:24:56 
jj1 = 423, max_th = 1.678339e+00, time=2025-01-01 16:27:19 
jj1 = 239, max_th = 2.436781e+00, time=2025-01-01 16:27:42 
jj1 = 479, max_th = 1.406922e+00, time=2025-01-01 16:28:39 
jj1 = 304, max_th = 1.702289e+00, time=2025-01-01 16:29:11 
jj1 = 63, max_th = 2.438919e+00, time=2025-01-01 16:29:25 
jj1 = 186, max_th = 1.979177e+00, time=2025-01-01 16:32:38 
jj1 = 121, max_th = 1.706228e+00, time=2025-01-01 16:33:07 
jj1 = 362, max_th = 1.983505e+00, time=2025-01-01 16:33:31 
jj1 = 62, max_th = 1.404871e+00, time=2025-01-01 16:34:37 
jj1 = 120, max_th = 9.578096e-01, time=2025-01-01 16:35:00 
jj1 = 303, max_th = 2.436981e+00, time=2025-01-01 16:36:04 
jj1 = 238, max_th = 1.731981e+00, time=2025-01-01 16:36:49 
jj1 = 422, max_th = 1.983735e+00, time=2025-01-01 16:37:32 
jj1 = 478, max_th = 1.974825e+00, time=2025-01-01 16:39:12 
jj1 = 61, max_th = 2.620736e+00, time=2025-01-01 16:39:23 
jj1 = 237, max_th = 2.820176e+00, time=2025-01-01 16:39:24 
jj1 = 119, max_th = 1.382824e+00, time=2025-01-01 16:40:30 
jj1 = 361, max_th = 1.995618e+00, time=2025-01-01 16:42:46 
jj1 = 185, max_th = 1.977580e+00, time=2025-01-01 16:43:08 
jj1 = 360, max_th = 9.886388e-01, time=2025-01-01 16:44:57 
jj1 = 302, max_th = 2.233104e+00, time=2025-01-01 16:45:19 
jj1 = 184, max_th = 2.804828e+00, time=2025-01-01 16:45:37 
jj1 = 421, max_th = 2.223790e+00, time=2025-01-01 16:46:58 
jj1 = 236, max_th = 1.702456e+00, time=2025-01-01 16:46:59 
jj1 = 60, max_th = 1.966943e+00, time=2025-01-01 16:49:38 
jj1 = 118, max_th = 1.725413e+00, time=2025-01-01 16:49:40 
jj1 = 477, max_th = 1.971830e+00, time=2025-01-01 16:49:42 
jj1 = 359, max_th = 1.408813e+00, time=2025-01-01 16:50:23 
jj1 = 476, max_th = 2.813387e+00, time=2025-01-01 16:52:12 
jj1 = 235, max_th = 1.410831e+00, time=2025-01-01 16:52:36 
jj1 = 59, max_th = 1.398180e+00, time=2025-01-01 16:54:22 
jj1 = 301, max_th = 1.987580e+00, time=2025-01-01 16:55:21 
jj1 = 183, max_th = 1.990381e+00, time=2025-01-01 16:55:28 
jj1 = 420, max_th = 1.726894e+00, time=2025-01-01 16:56:08 
jj1 = 182, max_th = 9.770165e-01, time=2025-01-01 16:57:39 
jj1 = 358, max_th = 1.695451e+00, time=2025-01-01 16:58:09 
jj1 = 419, max_th = 9.785530e-01, time=2025-01-01 16:58:17 
jj1 = 117, max_th = 1.716585e+00, time=2025-01-01 16:58:30 
jj1 = 475, max_th = 2.206179e+00, time=2025-01-01 17:00:59 
jj1 = 58, max_th = 2.426981e+00, time=2025-01-01 17:01:41 
jj1 = 300, max_th = 2.392035e+00, time=2025-01-01 17:02:35 
jj1 = 234, max_th = 1.985206e+00, time=2025-01-01 17:02:43 
jj1 = 418, max_th = 2.612684e+00, time=2025-01-01 17:02:54 
jj1 = 474, max_th = 1.400698e+00, time=2025-01-01 17:05:18 
jj1 = 357, max_th = 1.710324e+00, time=2025-01-01 17:06:33 
jj1 = 473, max_th = 9.663354e-01, time=2025-01-01 17:07:19 
jj1 = 116, max_th = 1.718944e+00, time=2025-01-01 17:07:30 
jj1 = 181, max_th = 1.972419e+00, time=2025-01-01 17:08:02 
jj1 = 472, max_th = 2.813409e+00, time=2025-01-01 17:09:53 
jj1 = 57, max_th = 1.718288e+00, time=2025-01-01 17:10:39 
jj1 = 738, max_th = 1.709930e+00, time=2025-01-01 17:11:09 
jj1 = 299, max_th = 2.224153e+00, time=2025-01-01 17:12:06 
jj1 = 417, max_th = 1.984301e+00, time=2025-01-01 17:13:00 
jj1 = 471, max_th = 2.637604e+00, time=2025-01-01 17:14:12 
jj1 = 298, max_th = 9.829469e-01, time=2025-01-01 17:14:16 
jj1 = 558, max_th = 2.204376e+00, time=2025-01-01 17:15:56 
jj1 = 737, max_th = 1.405558e+00, time=2025-01-01 17:16:23 
jj1 = 356, max_th = 1.965389e+00, time=2025-01-01 17:16:38 
jj1 = 180, max_th = 1.722631e+00, time=2025-01-01 17:17:09 
jj1 = 557, max_th = 9.789433e-01, time=2025-01-01 17:18:07 
jj1 = 416, max_th = 1.392853e+00, time=2025-01-01 17:18:10 
jj1 = 470, max_th = 1.397447e+00, time=2025-01-01 17:19:00 
jj1 = 618, max_th = 1.992891e+00, time=2025-01-01 17:20:12 
jj1 = 588, max_th = 2.816121e+00, time=2025-01-01 17:21:30 
jj1 = 587, max_th = 9.947462e-01, time=2025-01-01 17:23:34 
jj1 = 355, max_th = 2.428566e+00, time=2025-01-01 17:23:51 
jj1 = 179, max_th = 2.434579e+00, time=2025-01-01 17:24:05 
jj1 = 297, max_th = 1.986811e+00, time=2025-01-01 17:24:16 
jj1 = 617, max_th = 1.407040e+00, time=2025-01-01 17:25:31 
jj1 = 736, max_th = 1.961895e+00, time=2025-01-01 17:26:06 
jj1 = 415, max_th = 2.213236e+00, time=2025-01-01 17:27:18 
jj1 = 556, max_th = 1.975780e+00, time=2025-01-01 17:28:32 
jj1 = 586, max_th = 1.403738e+00, time=2025-01-01 17:28:38 
jj1 = 296, max_th = 2.443185e+00, time=2025-01-01 17:30:47 
jj1 = 616, max_th = 1.383397e+00, time=2025-01-01 17:31:00 
jj1 = 354, max_th = 2.206289e+00, time=2025-01-01 17:32:28 
jj1 = 178, max_th = 1.716321e+00, time=2025-01-01 17:32:50 
jj1 = 735, max_th = 1.989351e+00, time=2025-01-01 17:35:56 
jj1 = 414, max_th = 1.716593e+00, time=2025-01-01 17:36:04 
jj1 = 353, max_th = 2.622744e+00, time=2025-01-01 17:37:08 
jj1 = 555, max_th = 1.723961e+00, time=2025-01-01 17:37:38 
jj1 = 585, max_th = 1.986442e+00, time=2025-01-01 17:38:36 
jj1 = 615, max_th = 1.713871e+00, time=2025-01-01 17:39:40 
jj1 = 295, max_th = 1.984930e+00, time=2025-01-01 17:40:49 
jj1 = 177, max_th = 1.957346e+00, time=2025-01-01 17:42:22 
jj1 = 294, max_th = 9.918728e-01, time=2025-01-01 17:42:55 
jj1 = 734, max_th = 1.702963e+00, time=2025-01-01 17:43:32 
jj1 = 176, max_th = 2.972687e+00, time=2025-01-01 17:43:44 
jj1 = 614, max_th = 2.631475e+00, time=2025-01-01 17:44:16 
jj1 = 413, max_th = 1.711717e+00, time=2025-01-01 17:44:34 
jj1 = 352, max_th = 1.685938e+00, time=2025-01-01 17:45:37 
jj1 = 554, max_th = 2.216790e+00, time=2025-01-01 17:46:54 
jj1 = 584, max_th = 2.215201e+00, time=2025-01-01 17:47:48 
jj1 = 175, max_th = 1.329294e+00, time=2025-01-01 17:48:48 
jj1 = 583, max_th = 2.816850e+00, time=2025-01-01 17:50:19 
jj1 = 613, max_th = 2.428980e+00, time=2025-01-01 17:51:27 
jj1 = 553, max_th = 1.408401e+00, time=2025-01-01 17:52:15 
jj1 = 293, max_th = 2.228922e+00, time=2025-01-01 17:52:16 
jj1 = 733, max_th = 1.961604e+00, time=2025-01-01 17:53:22 
jj1 = 412, max_th = 2.220116e+00, time=2025-01-01 17:53:52 
jj1 = 708, max_th = 2.226593e+00, time=2025-01-01 17:55:01 
jj1 = 411, max_th = 9.965697e-01, time=2025-01-01 17:55:50 
jj1 = 678, max_th = 2.428771e+00, time=2025-01-01 17:55:56 
jj1 = 768, max_th = 1.398695e+00, time=2025-01-01 17:56:53 
jj1 = 767, max_th = 9.751851e-01, time=2025-01-01 17:59:02 
jj1 = 732, max_th = 2.413765e+00, time=2025-01-01 18:00:27 
jj1 = 582, max_th = 1.979846e+00, time=2025-01-01 18:00:38 
jj1 = 612, max_th = 1.989496e+00, time=2025-01-01 18:01:15 
jj1 = 552, max_th = 2.217705e+00, time=2025-01-01 18:01:35 
jj1 = 707, max_th = 2.423481e+00, time=2025-01-01 18:02:13 
jj1 = 648, max_th = 1.725817e+00, time=2025-01-01 18:04:52 
jj1 = 551, max_th = 2.633318e+00, time=2025-01-01 18:06:03 
jj1 = 677, max_th = 1.975951e+00, time=2025-01-01 18:06:21 
jj1 = 581, max_th = 2.435004e+00, time=2025-01-01 18:07:31 
jj1 = 766, max_th = 1.683271e+00, time=2025-01-01 18:07:46 
jj1 = 611, max_th = 2.417615e+00, time=2025-01-01 18:08:30 
jj1 = 580, max_th = 9.981713e-01, time=2025-01-01 18:09:24 
jj1 = 731, max_th = 1.992632e+00, time=2025-01-01 18:09:59 
jj1 = 706, max_th = 1.724202e+00, time=2025-01-01 18:11:16 
jj1 = 765, max_th = 1.390973e+00, time=2025-01-01 18:12:59 
jj1 = 764, max_th = -4.201544e-02, time=2025-01-01 18:13:21 
jj1 = 676, max_th = 1.702028e+00, time=2025-01-01 18:13:38 
jj1 = 647, max_th = 2.207655e+00, time=2025-01-01 18:13:42 
jj1 = 550, max_th = 2.212104e+00, time=2025-01-01 18:15:06 
jj1 = 705, max_th = 1.408479e+00, time=2025-01-01 18:16:38 
jj1 = 730, max_th = 2.434326e+00, time=2025-01-01 18:16:53 
jj1 = 729, max_th = 3.415947e+00, time=2025-01-01 18:17:00 
jj1 = 610, max_th = 2.216996e+00, time=2025-01-01 18:17:46 
jj1 = 579, max_th = 2.223975e+00, time=2025-01-01 18:18:50 
jj1 = 763, max_th = 1.705263e+00, time=2025-01-01 18:21:17 
jj1 = 646, max_th = 2.227573e+00, time=2025-01-01 18:23:05 
jj1 = 675, max_th = 1.984371e+00, time=2025-01-01 18:23:46 
jj1 = 549, max_th = 2.219998e+00, time=2025-01-01 18:24:28 
jj1 = 728, max_th = 1.678640e+00, time=2025-01-01 18:25:39 
jj1 = 578, max_th = 2.415339e+00, time=2025-01-01 18:25:57 
jj1 = 704, max_th = 1.988252e+00, time=2025-01-01 18:26:26 
jj1 = 609, max_th = 1.990832e+00, time=2025-01-01 18:27:25 
jj1 = 548, max_th = 1.393410e+00, time=2025-01-01 18:29:34 
jj1 = 577, max_th = 1.400594e+00, time=2025-01-01 18:30:14 
jj1 = 674, max_th = 2.432875e+00, time=2025-01-01 18:30:47 
jj1 = 762, max_th = 1.986507e+00, time=2025-01-01 18:31:16 
jj1 = 703, max_th = 1.407671e+00, time=2025-01-01 18:31:46 
jj1 = 645, max_th = 2.219519e+00, time=2025-01-01 18:32:25 
jj1 = 576, max_th = 2.616586e+00, time=2025-01-01 18:34:57 
jj1 = 727, max_th = 2.215273e+00, time=2025-01-01 18:34:58 
jj1 = 608, max_th = 2.220217e+00, time=2025-01-01 18:36:50 
jj1 = 547, max_th = 2.224132e+00, time=2025-01-01 18:39:01 
jj1 = 673, max_th = 1.992624e+00, time=2025-01-01 18:40:16 
jj1 = 702, max_th = 1.721042e+00, time=2025-01-01 18:40:44 
jj1 = 761, max_th = 1.984103e+00, time=2025-01-01 18:41:22 
jj1 = 644, max_th = 2.219244e+00, time=2025-01-01 18:41:41 
jj1 = 726, max_th = 1.687874e+00, time=2025-01-01 18:43:20 
jj1 = 575, max_th = 2.208947e+00, time=2025-01-01 18:43:54 
jj1 = 725, max_th = 2.981256e+00, time=2025-01-01 18:44:37 
jj1 = 760, max_th = 1.399469e+00, time=2025-01-01 18:45:34 
jj1 = 607, max_th = 2.208923e+00, time=2025-01-01 18:45:37 
jj1 = 546, max_th = 1.720418e+00, time=2025-01-01 18:47:55 
jj1 = 574, max_th = 1.398231e+00, time=2025-01-01 18:48:37 
jj1 = 672, max_th = 1.995200e+00, time=2025-01-01 18:49:29 
jj1 = 701, max_th = 2.208691e+00, time=2025-01-01 18:49:36 
jj1 = 643, max_th = 1.713664e+00, time=2025-01-01 18:50:25 
jj1 = 724, max_th = 1.709098e+00, time=2025-01-01 18:53:04 
jj1 = 573, max_th = 1.396164e+00, time=2025-01-01 18:53:38 
jj1 = 606, max_th = 2.227294e+00, time=2025-01-01 18:55:02 
jj1 = 759, max_th = 1.983382e+00, time=2025-01-01 18:55:41 
jj1 = 545, max_th = 2.202267e+00, time=2025-01-01 18:55:56 
jj1 = 671, max_th = 1.716890e+00, time=2025-01-01 18:58:18 
jj1 = 544, max_th = 2.808322e+00, time=2025-01-01 18:58:24 
jj1 = 700, max_th = 2.226211e+00, time=2025-01-01 18:59:03 
jj1 = 642, max_th = 1.723067e+00, time=2025-01-01 18:59:31 
jj1 = 758, max_th = 1.400761e+00, time=2025-01-01 19:00:04 
jj1 = 723, max_th = 1.720985e+00, time=2025-01-01 19:02:04 
jj1 = 572, max_th = 2.217810e+00, time=2025-01-01 19:02:56 
jj1 = 605, max_th = 2.229640e+00, time=2025-01-01 19:04:23 
jj1 = 543, max_th = 2.438436e+00, time=2025-01-01 19:05:08 
jj1 = 722, max_th = 1.411302e+00, time=2025-01-01 19:07:40 
jj1 = 571, max_th = 2.588317e+00, time=2025-01-01 19:07:52 
jj1 = 699, max_th = 1.722523e+00, time=2025-01-01 19:08:05 
jj1 = 670, max_th = 1.981495e+00, time=2025-01-01 19:08:30 
jj1 = 641, max_th = 1.729369e+00, time=2025-01-01 19:08:36 
jj1 = 757, max_th = 1.714568e+00, time=2025-01-01 19:08:47 
jj1 = 604, max_th = 1.408261e+00, time=2025-01-01 19:09:48 
jj1 = 721, max_th = 9.772077e-01, time=2025-01-01 19:09:51 
jj1 = 570, max_th = 2.428029e+00, time=2025-01-01 19:15:06 
jj1 = 542, max_th = 1.971618e+00, time=2025-01-01 19:15:36 
jj1 = 640, max_th = 2.418898e+00, time=2025-01-01 19:15:46 
jj1 = 603, max_th = 2.440834e+00, time=2025-01-01 19:16:28 
jj1 = 669, max_th = 1.993627e+00, time=2025-01-01 19:17:55 
jj1 = 698, max_th = 1.987477e+00, time=2025-01-01 19:18:04 
jj1 = 720, max_th = 1.679475e+00, time=2025-01-01 19:18:30 
jj1 = 756, max_th = 1.982032e+00, time=2025-01-01 19:19:01 
jj1 = 668, max_th = 2.794178e+00, time=2025-01-01 19:20:30 
jj1 = 755, max_th = 2.623775e+00, time=2025-01-01 19:23:43 
jj1 = 569, max_th = 1.726619e+00, time=2025-01-01 19:24:16 
jj1 = 639, max_th = 2.217117e+00, time=2025-01-01 19:25:07 
jj1 = 541, max_th = 1.975575e+00, time=2025-01-01 19:25:59 
jj1 = 602, max_th = 1.980238e+00, time=2025-01-01 19:26:49 
jj1 = 667, max_th = 2.431739e+00, time=2025-01-01 19:27:37 
jj1 = 697, max_th = 1.985536e+00, time=2025-01-01 19:28:05 
jj1 = 719, max_th = 1.987221e+00, time=2025-01-01 19:28:26 
jj1 = 696, max_th = -1.537820e-02, time=2025-01-01 19:28:32 
jj1 = 754, max_th = 1.370401e+00, time=2025-01-01 19:29:12 
jj1 = 638, max_th = 1.406870e+00, time=2025-01-01 19:30:27 
jj1 = 568, max_th = 1.680672e+00, time=2025-01-01 19:32:39 
jj1 = 540, max_th = 1.993022e+00, time=2025-01-01 19:35:31 
jj1 = 601, max_th = 1.992898e+00, time=2025-01-01 19:36:21 
jj1 = 718, max_th = 2.220973e+00, time=2025-01-01 19:37:44 
jj1 = 666, max_th = 1.975128e+00, time=2025-01-01 19:38:02 
jj1 = 753, max_th = 1.723540e+00, time=2025-01-01 19:38:20 
jj1 = 695, max_th = 1.986515e+00, time=2025-01-01 19:38:30 
jj1 = 665, max_th = 9.883067e-01, time=2025-01-01 19:40:10 
jj1 = 637, max_th = 1.971610e+00, time=2025-01-01 19:40:46 
jj1 = 567, max_th = 1.967788e+00, time=2025-01-01 19:42:52 
jj1 = 717, max_th = 1.407627e+00, time=2025-01-01 19:43:08 
jj1 = 694, max_th = 2.627477e+00, time=2025-01-01 19:43:10 
jj1 = 600, max_th = 2.430537e+00, time=2025-01-01 19:43:29 
jj1 = 716, max_th = 9.807498e-01, time=2025-01-01 19:45:20 
jj1 = 539, max_th = 1.975497e+00, time=2025-01-01 19:45:55 
jj1 = 752, max_th = 2.217536e+00, time=2025-01-01 19:47:42 
jj1 = 599, max_th = 2.637247e+00, time=2025-01-01 19:47:50 
jj1 = 566, max_th = 2.443387e+00, time=2025-01-01 19:49:19 
jj1 = 664, max_th = 1.987817e+00, time=2025-01-01 19:50:05 
jj1 = 693, max_th = 2.436048e+00, time=2025-01-01 19:50:05 
jj1 = 636, max_th = 1.969875e+00, time=2025-01-01 19:50:57 
jj1 = 635, max_th = -2.001296e-02, time=2025-01-01 19:51:24 
jj1 = 663, max_th = 9.981482e-01, time=2025-01-01 19:51:59 
jj1 = 715, max_th = 2.432011e+00, time=2025-01-01 19:52:24 
jj1 = 598, max_th = 1.396550e+00, time=2025-01-01 19:52:46 
jj1 = 634, max_th = 9.725980e-01, time=2025-01-01 19:53:32 
jj1 = 751, max_th = 1.700893e+00, time=2025-01-01 19:54:30 
jj1 = 538, max_th = 1.715994e+00, time=2025-01-01 19:54:39 
jj1 = 565, max_th = 1.691126e+00, time=2025-01-01 19:57:35 
jj1 = 692, max_th = 2.216003e+00, time=2025-01-01 19:59:23 
jj1 = 597, max_th = 2.438571e+00, time=2025-01-01 19:59:33 
jj1 = 662, max_th = 1.725423e+00, time=2025-01-01 20:01:11 
jj1 = 537, max_th = 2.440048e+00, time=2025-01-01 20:01:18 
jj1 = 596, max_th = 9.834764e-01, time=2025-01-01 20:01:44 
jj1 = 714, max_th = 1.982026e+00, time=2025-01-01 20:02:37 
jj1 = 564, max_th = 1.403796e+00, time=2025-01-01 20:02:39 
jj1 = 750, max_th = 1.714555e+00, time=2025-01-01 20:03:18 
jj1 = 633, max_th = 1.987953e+00, time=2025-01-01 20:03:28 
jj1 = 691, max_th = 2.432391e+00, time=2025-01-01 20:06:27 
jj1 = 690, max_th = -1.050263e-02, time=2025-01-01 20:06:53 
jj1 = 713, max_th = 2.604690e+00, time=2025-01-01 20:07:03 
jj1 = 563, max_th = 1.396572e+00, time=2025-01-01 20:07:34 
jj1 = 632, max_th = 1.395151e+00, time=2025-01-01 20:08:27 
jj1 = 536, max_th = 1.697096e+00, time=2025-01-01 20:08:52 
jj1 = 712, max_th = 9.861538e-01, time=2025-01-01 20:09:12 
jj1 = 661, max_th = 2.208199e+00, time=2025-01-01 20:10:06 
jj1 = 595, max_th = 1.966429e+00, time=2025-01-01 20:11:50 
jj1 = 749, max_th = 1.714410e+00, time=2025-01-01 20:12:00 
jj1 = 689, max_th = 2.427311e+00, time=2025-01-01 20:14:05 
jj1 = 688, max_th = 3.154122e+00, time=2025-01-01 20:14:36 
jj1 = 631, max_th = 2.427943e+00, time=2025-01-01 20:15:40 
jj1 = 562, max_th = 1.666231e+00, time=2025-01-01 20:16:14 
jj1 = 535, max_th = 2.217264e+00, time=2025-01-01 20:18:10 
jj1 = 594, max_th = 2.433508e+00, time=2025-01-01 20:18:51 
jj1 = 711, max_th = 1.990687e+00, time=2025-01-01 20:18:52 
jj1 = 660, max_th = 1.985647e+00, time=2025-01-01 20:20:12 
jj1 = 561, max_th = 2.628335e+00, time=2025-01-01 20:20:57 
jj1 = 593, max_th = 2.802949e+00, time=2025-01-01 20:21:11 
jj1 = 630, max_th = 1.411360e+00, time=2025-01-01 20:21:12 
jj1 = 687, max_th = 2.425348e+00, time=2025-01-01 20:21:55 
jj1 = 748, max_th = 1.981848e+00, time=2025-01-01 20:22:16 
jj1 = 710, max_th = 1.400843e+00, time=2025-01-01 20:23:18 
jj1 = 560, max_th = 2.636668e+00, time=2025-01-01 20:25:23 
jj1 = 534, max_th = 2.427854e+00, time=2025-01-01 20:25:28 
jj1 = 747, max_th = 1.402579e+00, time=2025-01-01 20:27:16 
jj1 = 559, max_th = 1.357229e+00, time=2025-01-01 20:29:58 
jj1 = 828, max_th = -1.104744e-02, time=2025-01-01 20:30:25 
jj1 = 629, max_th = 2.230008e+00, time=2025-01-01 20:30:34 
jj1 = 659, max_th = 1.980121e+00, time=2025-01-01 20:30:37 
jj1 = 592, max_th = 1.981971e+00, time=2025-01-01 20:31:27 
jj1 = 709, max_th = 1.711502e+00, time=2025-01-01 20:31:51 
jj1 = 686, max_th = 1.987518e+00, time=2025-01-01 20:31:57 
jj1 = 533, max_th = 1.984134e+00, time=2025-01-01 20:35:36 
jj1 = 746, max_th = 1.975620e+00, time=2025-01-01 20:37:45 
jj1 = 628, max_th = 1.715840e+00, time=2025-01-01 20:39:17 
jj1 = 827, max_th = 1.991601e+00, time=2025-01-01 20:40:00 
jj1 = 591, max_th = 1.722030e+00, time=2025-01-01 20:40:29 
jj1 = 783, max_th = 1.716943e+00, time=2025-01-01 20:40:36 
jj1 = 658, max_th = 1.966171e+00, time=2025-01-01 20:40:39 
jj1 = 685, max_th = 2.193998e+00, time=2025-01-01 20:40:42 
jj1 = 532, max_th = 1.378411e+00, time=2025-01-01 20:41:04 
jj1 = 782, max_th = 2.814822e+00, time=2025-01-01 20:43:09 
jj1 = 657, max_th = 2.630389e+00, time=2025-01-01 20:45:10 
jj1 = 745, max_th = 1.713243e+00, time=2025-01-01 20:46:21 
jj1 = 781, max_th = 1.385098e+00, time=2025-01-01 20:48:25 
jj1 = 590, max_th = 1.705654e+00, time=2025-01-01 20:48:30 
jj1 = 826, max_th = 2.207483e+00, time=2025-01-01 20:48:51 
jj1 = 627, max_th = 1.983601e+00, time=2025-01-01 20:49:21 
jj1 = 684, max_th = 1.993268e+00, time=2025-01-01 20:50:08 
jj1 = 531, max_th = 1.972992e+00, time=2025-01-01 20:51:23 
jj1 = 683, max_th = 9.733200e-01, time=2025-01-01 20:52:18 
jj1 = 656, max_th = 1.717677e+00, time=2025-01-01 20:54:04 
jj1 = 744, max_th = 1.719512e+00, time=2025-01-01 20:55:17 
jj1 = 589, max_th = 1.687061e+00, time=2025-01-01 20:56:37 
jj1 = 780, max_th = 1.673226e+00, time=2025-01-01 20:57:07 
jj1 = 825, max_th = 2.204807e+00, time=2025-01-01 20:57:21 
jj1 = 743, max_th = 2.804485e+00, time=2025-01-01 20:57:41 
jj1 = 626, max_th = 1.943561e+00, time=2025-01-01 20:58:46 
jj1 = 682, max_th = 1.702295e+00, time=2025-01-01 20:59:42 
jj1 = 530, max_th = 1.978716e+00, time=2025-01-01 21:01:36 
jj1 = 655, max_th = 1.989541e+00, time=2025-01-01 21:03:49 
jj1 = 529, max_th = 2.815511e+00, time=2025-01-01 21:04:05 
jj1 = 798, max_th = -1.004429e-02, time=2025-01-01 21:04:31 
jj1 = 742, max_th = 2.199399e+00, time=2025-01-01 21:04:46 
jj1 = 813, max_th = 1.724494e+00, time=2025-01-01 21:05:45 
jj1 = 797, max_th = 9.913350e-01, time=2025-01-01 21:06:38 
jj1 = 824, max_th = 1.988975e+00, time=2025-01-01 21:07:08 
jj1 = 779, max_th = 1.972683e+00, time=2025-01-01 21:07:23 
jj1 = 625, max_th = 2.211749e+00, time=2025-01-01 21:07:44 
jj1 = 812, max_th = 9.934473e-01, time=2025-01-01 21:07:49 
jj1 = 681, max_th = 1.712564e+00, time=2025-01-01 21:08:13 
jj1 = 741, max_th = 1.372490e+00, time=2025-01-01 21:10:02 
jj1 = 654, max_th = 2.439345e+00, time=2025-01-01 21:10:33 
jj1 = 823, max_th = 2.613900e+00, time=2025-01-01 21:11:44 
jj1 = 680, max_th = 1.405222e+00, time=2025-01-01 21:13:20 
jj1 = 811, max_th = 2.427759e+00, time=2025-01-01 21:15:03 
jj1 = 740, max_th = 1.406781e+00, time=2025-01-01 21:15:17 
jj1 = 739, max_th = -1.703328e-02, time=2025-01-01 21:15:42 
jj1 = 796, max_th = 2.222757e+00, time=2025-01-01 21:16:05 
jj1 = 778, max_th = 1.990189e+00, time=2025-01-01 21:17:06 
jj1 = 777, max_th = -4.597466e-02, time=2025-01-01 21:17:27 
jj1 = 624, max_th = 1.987696e+00, time=2025-01-01 21:17:35 
jj1 = 653, max_th = 1.704649e+00, time=2025-01-01 21:18:26 
jj1 = 776, max_th = 2.960785e+00, time=2025-01-01 21:18:49 
jj1 = 679, max_th = 2.442376e+00, time=2025-01-01 21:19:47 
jj1 = 623, max_th = 2.820579e+00, time=2025-01-01 21:20:06 
jj1 = 775, max_th = 2.813315e+00, time=2025-01-01 21:21:20 
jj1 = 822, max_th = 1.973007e+00, time=2025-01-01 21:22:08 
jj1 = 774, max_th = 9.440444e-01, time=2025-01-01 21:23:11 
jj1 = 810, max_th = 2.216865e+00, time=2025-01-01 21:24:18 
jj1 = 873, max_th = 2.222177e+00, time=2025-01-01 21:25:09 
jj1 = 795, max_th = 1.987495e+00, time=2025-01-01 21:25:58 
jj1 = 821, max_th = 2.627869e+00, time=2025-01-01 21:26:46 
jj1 = 794, max_th = 9.856341e-01, time=2025-01-01 21:28:06 
jj1 = 773, max_th = 1.391962e+00, time=2025-01-01 21:28:27 
jj1 = 809, max_th = 1.399447e+00, time=2025-01-01 21:28:28 
jj1 = 652, max_th = 1.979603e+00, time=2025-01-01 21:28:40 
jj1 = 843, max_th = 2.220653e+00, time=2025-01-01 21:29:06 
jj1 = 622, max_th = 2.230437e+00, time=2025-01-01 21:29:18 
jj1 = 872, max_th = 2.623974e+00, time=2025-01-01 21:29:50 
jj1 = 808, max_th = 1.386758e+00, time=2025-01-01 21:33:40 
jj1 = 842, max_th = 1.388262e+00, time=2025-01-01 21:34:24 
jj1 = 651, max_th = 2.435318e+00, time=2025-01-01 21:35:32 
jj1 = 621, max_th = 2.444025e+00, time=2025-01-01 21:35:38 
jj1 = 820, max_th = 2.218250e+00, time=2025-01-01 21:36:01 
jj1 = 793, max_th = 1.726444e+00, time=2025-01-01 21:37:12 
jj1 = 772, max_th = 1.720497e+00, time=2025-01-01 21:37:20 
jj1 = 871, max_th = 1.710836e+00, time=2025-01-01 21:38:12 
jj1 = 870, max_th = -5.203447e-03, time=2025-01-01 21:38:37 
jj1 = 792, max_th = 1.404633e+00, time=2025-01-01 21:42:18 
jj1 = 771, max_th = 1.368228e+00, time=2025-01-01 21:42:37 
jj1 = 869, max_th = 1.386094e+00, time=2025-01-01 21:43:55 
jj1 = 807, max_th = 1.974920e+00, time=2025-01-01 21:44:01 
jj1 = 620, max_th = 2.206963e+00, time=2025-01-01 21:44:19 
jj1 = 841, max_th = 1.984188e+00, time=2025-01-01 21:44:25 
jj1 = 770, max_th = 9.873692e-01, time=2025-01-01 21:44:44 
jj1 = 650, max_th = 2.220706e+00, time=2025-01-01 21:44:54 
jj1 = 819, max_th = 2.217894e+00, time=2025-01-01 21:45:16 
jj1 = 840, max_th = 9.613528e-01, time=2025-01-01 21:46:24 
jj1 = 619, max_th = 9.879847e-01, time=2025-01-01 21:46:26 
jj1 = 791, max_th = 1.397265e+00, time=2025-01-01 21:47:04 
jj1 = 868, max_th = 2.621778e+00, time=2025-01-01 21:48:38 
jj1 = 790, max_th = 2.814343e+00, time=2025-01-01 21:49:35 
jj1 = 649, max_th = 1.388027e+00, time=2025-01-01 21:50:16 
jj1 = 806, max_th = 2.435316e+00, time=2025-01-01 21:50:54 
jj1 = 858, max_th = 2.796142e+00, time=2025-01-01 21:52:43 
jj1 = 839, max_th = 1.645714e+00, time=2025-01-01 21:53:45 
jj1 = 888, max_th = 1.697379e+00, time=2025-01-01 21:53:50 
jj1 = 769, max_th = 2.227346e+00, time=2025-01-01 21:54:04 
jj1 = 857, max_th = 9.901863e-01, time=2025-01-01 21:54:50 
jj1 = 818, max_th = 1.971905e+00, time=2025-01-01 21:55:34 
jj1 = 902, max_th = 9.831918e-01, time=2025-01-01 21:56:13 
jj1 = 867, max_th = 1.709052e+00, time=2025-01-01 21:57:00 
jj1 = 805, max_th = 2.436054e+00, time=2025-01-01 21:57:43 
jj1 = 838, max_th = 2.607842e+00, time=2025-01-01 21:58:15 
jj1 = 901, max_th = 9.892503e-01, time=2025-01-01 21:58:21 
jj1 = 789, max_th = 1.981326e+00, time=2025-01-01 21:59:44 
jj1 = 817, max_th = 1.380198e+00, time=2025-01-01 22:01:01 
jj1 = 866, max_th = 2.637202e+00, time=2025-01-01 22:01:11 
jj1 = 837, max_th = 2.638605e+00, time=2025-01-01 22:02:31 
jj1 = 887, max_th = 1.715578e+00, time=2025-01-01 22:02:30 
jj1 = 900, max_th = 1.396288e+00, time=2025-01-01 22:03:13 
jj1 = 856, max_th = 1.718150e+00, time=2025-01-01 22:03:37 
jj1 = 886, max_th = 9.643137e-01, time=2025-01-01 22:04:34 
jj1 = 816, max_th = 1.375912e+00, time=2025-01-01 22:06:24 
jj1 = 804, max_th = 1.720723e+00, time=2025-01-01 22:06:41 
jj1 = 836, max_th = 1.393192e+00, time=2025-01-01 22:07:36 
jj1 = 788, max_th = 1.985924e+00, time=2025-01-01 22:09:41 
jj1 = 865, max_th = 1.979355e+00, time=2025-01-01 22:11:26 
jj1 = 899, max_th = 1.710617e+00, time=2025-01-01 22:11:34 
jj1 = 855, max_th = 2.190984e+00, time=2025-01-01 22:12:42 
jj1 = 885, max_th = 1.716222e+00, time=2025-01-01 22:13:13 
jj1 = 815, max_th = 2.436018e+00, time=2025-01-01 22:13:15 
jj1 = 803, max_th = 1.718501e+00, time=2025-01-01 22:15:31 
jj1 = 898, max_th = 1.387606e+00, time=2025-01-01 22:16:50 
jj1 = 835, max_th = 1.983018e+00, time=2025-01-01 22:17:42 
jj1 = 897, max_th = 2.991047e+00, time=2025-01-01 22:18:01 
jj1 = 787, max_th = 1.977706e+00, time=2025-01-01 22:20:03 
jj1 = 802, max_th = 1.401505e+00, time=2025-01-01 22:20:07 
jj1 = 864, max_th = 1.721647e+00, time=2025-01-01 22:20:30 
jj1 = 814, max_th = 2.422672e+00, time=2025-01-01 22:20:33 
jj1 = 834, max_th = 1.391811e+00, time=2025-01-01 22:22:56 
jj1 = 854, max_th = 1.971922e+00, time=2025-01-01 22:22:59 
jj1 = 884, max_th = 1.973183e+00, time=2025-01-01 22:23:30 
jj1 = 896, max_th = 1.722898e+00, time=2025-01-01 22:27:04 
jj1 = 833, max_th = 1.398025e+00, time=2025-01-01 22:27:41 
jj1 = 786, max_th = 2.189188e+00, time=2025-01-01 22:29:09 
jj1 = 895, max_th = 1.729813e+00, time=2025-01-01 22:29:28 
jj1 = 863, max_th = 2.217164e+00, time=2025-01-01 22:29:41 
jj1 = 801, max_th = 1.985420e+00, time=2025-01-01 22:30:08 
jj1 = 785, max_th = 9.913043e-01, time=2025-01-01 22:31:14 
jj1 = 853, max_th = 1.992349e+00, time=2025-01-01 22:32:27 
jj1 = 883, max_th = 2.215132e+00, time=2025-01-01 22:32:34 
jj1 = 852, max_th = 9.917974e-01, time=2025-01-01 22:34:32 
jj1 = 951, max_th = 1.709951e+00, time=2025-01-01 22:35:21 
jj1 = 832, max_th = 1.709658e+00, time=2025-01-01 22:35:57 
jj1 = 894, max_th = 2.427304e+00, time=2025-01-01 22:36:39 
jj1 = 784, max_th = 1.381953e+00, time=2025-01-01 22:36:43 
jj1 = 862, max_th = 2.418897e+00, time=2025-01-01 22:36:51 
jj1 = 882, max_th = 1.386788e+00, time=2025-01-01 22:37:45 
jj1 = 831, max_th = 2.807241e+00, time=2025-01-01 22:38:22 
jj1 = 851, max_th = 2.620312e+00, time=2025-01-01 22:39:09 
jj1 = 800, max_th = 1.973596e+00, time=2025-01-01 22:40:29 
jj1 = 830, max_th = 2.638413e+00, time=2025-01-01 22:42:38 
jj1 = 881, max_th = 1.409145e+00, time=2025-01-01 22:43:07 
jj1 = 916, max_th = 2.440514e+00, time=2025-01-01 22:43:21 
jj1 = 950, max_th = 2.203994e+00, time=2025-01-01 22:43:37 
jj1 = 829, max_th = 9.865161e-01, time=2025-01-01 22:44:44 
jj1 = 799, max_th = 2.618773e+00, time=2025-01-01 22:45:09 
jj1 = 861, max_th = 1.724368e+00, time=2025-01-01 22:45:54 
jj1 = 893, max_th = 1.990635e+00, time=2025-01-01 22:46:15 
jj1 = 930, max_th = 9.813330e-01, time=2025-01-01 22:46:55 
jj1 = 915, max_th = 2.629098e+00, time=2025-01-01 22:47:56 
jj1 = 850, max_th = 2.192168e+00, time=2025-01-01 22:48:02 
jj1 = 949, max_th = 1.398380e+00, time=2025-01-01 22:48:16 
jj1 = 880, max_th = 1.718090e+00, time=2025-01-01 22:51:51 
jj1 = 860, max_th = 2.439429e+00, time=2025-01-01 22:52:33 
jj1 = 948, max_th = 2.635738e+00, time=2025-01-01 22:52:40 
jj1 = 909, max_th = 1.694469e+00, time=2025-01-01 22:53:01 
jj1 = 849, max_th = 1.391783e+00, time=2025-01-01 22:53:16 
jj1 = 914, max_th = 1.409230e+00, time=2025-01-01 22:53:24 
jj1 = 879, max_th = 9.753904e-01, time=2025-01-01 22:54:00 
jj1 = 908, max_th = 2.993491e+00, time=2025-01-01 22:54:11 
jj1 = 947, max_th = 9.923737e-01, time=2025-01-01 22:54:45 
jj1 = 907, max_th = 9.729587e-01, time=2025-01-01 22:56:20 
jj1 = 892, max_th = 1.980881e+00, time=2025-01-01 22:56:25 
jj1 = 929, max_th = 1.974614e+00, time=2025-01-01 22:57:20 
jj1 = 859, max_th = 1.406826e+00, time=2025-01-01 22:57:49 
jj1 = 848, max_th = 2.432632e+00, time=2025-01-01 23:00:21 
jj1 = 891, max_th = 1.386897e+00, time=2025-01-01 23:01:49 
jj1 = 946, max_th = 2.424411e+00, time=2025-01-01 23:02:02 
jj1 = 913, max_th = 1.715916e+00, time=2025-01-01 23:02:04 
jj1 = 906, max_th = 2.440508e+00, time=2025-01-01 23:02:58 
jj1 = 878, max_th = 1.986770e+00, time=2025-01-01 23:03:53 
jj1 = 890, max_th = 2.634163e+00, time=2025-01-01 23:06:16 
jj1 = 928, max_th = 2.221184e+00, time=2025-01-01 23:06:45 
jj1 = 923, max_th = 1.980348e+00, time=2025-01-01 23:08:06 
jj1 = 945, max_th = 2.426865e+00, time=2025-01-01 23:09:13 
jj1 = 847, max_th = 2.224566e+00, time=2025-01-01 23:09:47 
jj1 = 912, max_th = 1.980916e+00, time=2025-01-01 23:12:17 
jj1 = 905, max_th = 1.994475e+00, time=2025-01-01 23:12:19 
jj1 = 877, max_th = 2.207976e+00, time=2025-01-01 23:12:42 
jj1 = 846, max_th = 2.614726e+00, time=2025-01-01 23:14:26 
jj1 = 922, max_th = 2.406751e+00, time=2025-01-01 23:14:58 
jj1 = 889, max_th = 2.227479e+00, time=2025-01-01 23:15:42 
jj1 = 927, max_th = 1.723132e+00, time=2025-01-01 23:15:46 
jj1 = 965, max_th = 2.209929e+00, time=2025-01-01 23:18:08 
jj1 = 911, max_th = 1.717476e+00, time=2025-01-01 23:21:08 
jj1 = 958, max_th = 1.384194e+00, time=2025-01-01 23:21:11 
jj1 = 904, max_th = 2.234154e+00, time=2025-01-01 23:21:25 
jj1 = 876, max_th = 1.714721e+00, time=2025-01-01 23:21:27 
jj1 = 845, max_th = 2.226368e+00, time=2025-01-01 23:23:51 
jj1 = 921, max_th = 1.723375e+00, time=2025-01-01 23:24:03 
jj1 = 926, max_th = 1.976764e+00, time=2025-01-01 23:26:12 
jj1 = 964, max_th = 1.993378e+00, time=2025-01-01 23:27:36 
jj1 = 910, max_th = 1.705844e+00, time=2025-01-01 23:29:09 
jj1 = 875, max_th = 1.695946e+00, time=2025-01-01 23:29:11 
jj1 = 957, max_th = 1.995724e+00, time=2025-01-01 23:30:20 
jj1 = 903, max_th = 2.222572e+00, time=2025-01-01 23:30:54 
jj1 = 920, max_th = 2.435277e+00, time=2025-01-01 23:31:02 
jj1 = 844, max_th = 1.721829e+00, time=2025-01-01 23:32:52 
jj1 = 956, max_th = 2.630467e+00, time=2025-01-01 23:34:55 
jj1 = 925, max_th = 1.724106e+00, time=2025-01-01 23:35:20 
jj1 = 986, max_th = 2.635457e+00, time=2025-01-01 23:35:21 
jj1 = 955, max_th = 2.989901e+00, time=2025-01-01 23:36:08 
jj1 = 874, max_th = 2.424437e+00, time=2025-01-01 23:36:28 
jj1 = 963, max_th = 1.723411e+00, time=2025-01-01 23:36:41 
jj1 = 972, max_th = 2.210877e+00, time=2025-01-01 23:38:10 
jj1 = 944, max_th = 2.201032e+00, time=2025-01-01 23:40:21 
jj1 = 937, max_th = 1.400433e+00, time=2025-01-01 23:40:38 
jj1 = 919, max_th = 1.976997e+00, time=2025-01-01 23:41:29 
jj1 = 962, max_th = 1.393201e+00, time=2025-01-01 23:41:55 
jj1 = 954, max_th = 2.427912e+00, time=2025-01-01 23:43:22 
jj1 = 985, max_th = 2.223457e+00, time=2025-01-01 23:44:54 
jj1 = 924, max_th = 1.991158e+00, time=2025-01-01 23:45:00 
jj1 = 971, max_th = 2.221923e+00, time=2025-01-01 23:47:37 
jj1 = 961, max_th = 2.436984e+00, time=2025-01-01 23:48:47 
jj1 = 943, max_th = 1.722354e+00, time=2025-01-01 23:49:27 
jj1 = 918, max_th = 1.714673e+00, time=2025-01-01 23:50:14 
jj1 = 936, max_th = 1.966947e+00, time=2025-01-01 23:50:46 
jj1 = 953, max_th = 1.726359e+00, time=2025-01-01 23:52:30 
jj1 = 979, max_th = 1.717717e+00, time=2025-01-01 23:53:54 
jj1 = 984, max_th = 2.213996e+00, time=2025-01-01 23:54:05 
jj1 = 970, max_th = 1.709112e+00, time=2025-01-01 23:55:54 
jj1 = 942, max_th = 2.440298e+00, time=2025-01-01 23:56:08 
jj1 = 960, max_th = 2.215570e+00, time=2025-01-01 23:58:03 
jj1 = 935, max_th = 1.707649e+00, time=2025-01-01 23:58:58 
jj1 = 917, max_th = 1.986895e+00, time=2025-01-02 00:00:20 
jj1 = 952, max_th = 1.985396e+00, time=2025-01-02 00:02:36 
jj1 = 978, max_th = 1.718328e+00, time=2025-01-02 00:02:51 
jj1 = 983, max_th = 1.984771e+00, time=2025-01-02 00:04:14 
jj1 = 969, max_th = 2.233232e+00, time=2025-01-02 00:05:00 
jj1 = 941, max_th = 1.968413e+00, time=2025-01-02 00:06:11 
jj1 = 934, max_th = 1.702547e+00, time=2025-01-02 00:06:22 
jj1 = 959, max_th = 1.718957e+00, time=2025-01-02 00:06:52 
jj1 = 982, max_th = 2.637988e+00, time=2025-01-02 00:08:28 
jj1 = 993, max_th = 1.718591e+00, time=2025-01-02 00:09:05 
jj1 = 933, max_th = 1.395317e+00, time=2025-01-02 00:11:13 
jj1 = 977, max_th = 1.988653e+00, time=2025-01-02 00:12:23 
jj1 = 968, max_th = 1.997813e+00, time=2025-01-02 00:13:21 
jj1 = 976, max_th = 2.984787e+00, time=2025-01-02 00:13:38 
jj1 = 967, max_th = -3.111470e-02, time=2025-01-02 00:13:45 
jj1 = 940, max_th = 2.217022e+00, time=2025-01-02 00:15:08 
jj1 = 992, max_th = 2.432336e+00, time=2025-01-02 00:15:53 
jj1 = 966, max_th = 2.793905e+00, time=2025-01-02 00:16:15 
jj1 = 1000, max_th = 1.970701e+00, time=2025-01-02 00:16:51 
jj1 = 981, max_th = 1.982397e+00, time=2025-01-02 00:18:19 
jj1 = 932, max_th = 1.988504e+00, time=2025-01-02 00:20:32 
jj1 = 975, max_th = 1.714488e+00, time=2025-01-02 00:21:44 
jj1 = 991, max_th = 1.698945e+00, time=2025-01-02 00:22:20 
jj1 = 999, max_th = 2.402616e+00, time=2025-01-02 00:22:43 
jj1 = 939, max_th = 1.724837e+00, time=2025-01-02 00:23:37 
jj1 = 931, max_th = 1.404475e+00, time=2025-01-02 00:25:10 
jj1 = 980, max_th = 2.206059e+00, time=2025-01-02 00:26:14 
jj1 = 998, max_th = 2.639669e+00, time=2025-01-02 00:26:36 
jj1 = 997, max_th = 9.921293e-01, time=2025-01-02 00:28:18 
jj1 = 938, max_th = 1.380981e+00, time=2025-01-02 00:28:19 
jj1 = 974, max_th = 2.196917e+00, time=2025-01-02 00:28:47 
jj1 = 990, max_th = 1.715693e+00, time=2025-01-02 00:29:52 
jj1 = 989, max_th = 2.631510e+00, time=2025-01-02 00:33:23 
jj1 = 973, max_th = 2.395055e+00, time=2025-01-02 00:34:03 
jj1 = 988, max_th = 9.388311e-01, time=2025-01-02 00:34:43 
jj1 = 996, max_th = 2.227088e+00, time=2025-01-02 00:35:23 
jj1 = 987, max_th = 1.719425e+00, time=2025-01-02 00:40:31 
jj1 = 995, max_th = 1.727814e+00, time=2025-01-02 00:41:07 
jj1 = 994, max_th = 1.982351e+00, time=2025-01-02 00:46:07 
