MATLAB is selecting SOFTWARE OPENGL rendering.

                            < M A T L A B (R) >
                  Copyright 1984-2021 The MathWorks, Inc.
                  R2021b (9.11.0.1769968) 64-bit (glnxa64)
                             September 17, 2021

 
To get started, type doc.
For product information, visit www.mathworks.com.
 
>> >> >> >> >> >> >> >> >> >> >> >> >> >> >> >> >> >> >> >> >> >> >> >> >> >> Starting parallel pool (parpool) using the 'local' profile ...
[Warning: A task was unexpectedly found in state: Unavailable.] 
[> In parallel.cluster.Local/deriveJobStateFromTasks (line 29)
In parallel.cluster/Local/getJobState (line 174)
In parallel.cluster/CJSCluster/hGetJobState (line 375)
In parallel.internal.cluster/CJSJobMixin/hGetStateEnum (line 175)
In parallel/Job/get.StateEnum (line 247)
In parallel/Job/get.State (line 239)
In parallel.internal.customattr.CustomGetSet>iVectorisedGetHelper (line 128)
In parallel.internal.customattr.CustomGetSet>@(a,b,c)iVectorisedGetHelper(obj,a,b,c) (line 102)
In parallel.internal.customattr/CustomGetSet/doVectorisedGet (line 103)
In parallel.internal.customattr/CustomGetSet/hVectorisedGet (line 76)
In parallel.internal.customattr.GetSetImpl>iAccessProperties (line 322)
In parallel.internal.customattr.GetSetImpl>iGetAllPropertiesVec (line 264)
In parallel.internal.customattr/GetSetImpl/getImpl (line 133)
In parallel.internal.customattr.CustomGetSet>iHetFunGetFunction (line 154)
In parallel.internal.customattr.CustomGetSet>@(o)iHetFunGetFunction(o,props) (line 139)
In parallel.internal.cluster.hetfun (line 46)
In parallel.internal.customattr.CustomGetSet>iHetFunGetProperty (line 139)
In parallel.internal.customattr/CustomGetSet/get (line 38)
In parallel.internal.pool/AbstractInteractiveClient/pRemoveOldJobs (line 211)
In parallel.internal.pool/AbstractInteractiveClient/start (line 103)
In parallel.internal.pool.AbstractClusterPool>iStartClient (line 831)
In parallel.internal.pool/AbstractClusterPool/hBuildPool (line 585)
In parallel.internal.pool.doParpool (line 22)
In parpool (line 123)
In parallel.internal.parpool.getOrCreateCurrentPool (line 17)
In parallel.internal.pool/PoolArrayManager/getOrAutoCreateWithCleanup (line 44)
In pctTryCreatePoolIfNecessary (line 28)
In parallel_function (line 423)] 
Connected to the parallel pool (number of workers: 12).
jj1 = 25, max_th = 9.442670e-01, time=2025-04-10 19:56:26 
jj1 = 40, max_th = 9.652540e-01, time=2025-04-10 19:57:40 
jj1 = 60, max_th = 2.847560e+00, time=2025-04-10 20:02:41 
jj1 = 45, max_th = 1.899453e+00, time=2025-04-10 20:03:03 
jj1 = 35, max_th = 1.485155e+00, time=2025-04-10 20:05:29 
jj1 = 59, max_th = 2.895005e+00, time=2025-04-10 20:06:39 
jj1 = 39, max_th = 1.075720e+00, time=2025-04-10 20:09:23 
jj1 = 34, max_th = 2.901065e+00, time=2025-04-10 20:10:13 
jj1 = 44, max_th = 1.140440e+00, time=2025-04-10 20:11:36 
jj1 = 5, max_th = 1.841260e+00, time=2025-04-10 20:13:02 
jj1 = 15, max_th = 1.931866e+00, time=2025-04-10 20:13:29 
jj1 = 50, max_th = 1.994383e+00, time=2025-04-10 20:13:32 
jj1 = 30, max_th = 2.122853e+00, time=2025-04-10 20:14:35 
jj1 = 20, max_th = 1.822840e+00, time=2025-04-10 20:16:14 
jj1 = 33, max_th = 2.810910e+00, time=2025-04-10 20:17:30 
jj1 = 10, max_th = 2.241998e+00, time=2025-04-10 20:18:13 
jj1 = 55, max_th = 1.445678e+00, time=2025-04-10 20:21:59 
jj1 = 58, max_th = 2.484880e+00, time=2025-04-10 20:22:51 
jj1 = 24, max_th = 1.832446e+00, time=2025-04-10 20:23:23 
jj1 = 4, max_th = 2.745223e+00, time=2025-04-10 20:24:19 
jj1 = 14, max_th = 1.898349e+00, time=2025-04-10 20:26:50 
jj1 = 49, max_th = 1.692535e+00, time=2025-04-10 20:29:09 
jj1 = 9, max_th = 2.462396e+00, time=2025-04-10 20:30:56 
jj1 = 38, max_th = 2.367869e+00, time=2025-04-10 20:31:02 
jj1 = 43, max_th = 1.892782e+00, time=2025-04-10 20:32:11 
jj1 = 54, max_th = 1.421016e+00, time=2025-04-10 20:34:31 
jj1 = 32, max_th = 1.889630e+00, time=2025-04-10 20:34:47 
jj1 = 23, max_th = 2.588141e+00, time=2025-04-10 20:36:00 
jj1 = 3, max_th = 2.887652e+00, time=2025-04-10 20:36:22 
jj1 = 57, max_th = 1.795497e+00, time=2025-04-10 20:38:46 
jj1 = 13, max_th = 2.310424e+00, time=2025-04-10 20:39:05 
jj1 = 29, max_th = 1.936323e+00, time=2025-04-10 20:39:20 
jj1 = 19, max_th = 2.122567e+00, time=2025-04-10 20:42:52 
jj1 = 56, max_th = 1.214546e+00, time=2025-04-10 20:46:32 
jj1 = 22, max_th = 2.101839e+00, time=2025-04-10 20:49:08 
jj1 = 48, max_th = 2.180157e+00, time=2025-04-10 20:50:08 
jj1 = 28, max_th = 1.522817e+00, time=2025-04-10 20:50:20 
jj1 = 42, max_th = 1.218379e+00, time=2025-04-10 20:51:09 
jj1 = 12, max_th = 1.337467e+00, time=2025-04-10 20:51:37 
jj1 = 37, max_th = 1.880217e+00, time=2025-04-10 20:53:48 
jj1 = 31, max_th = 2.112669e+00, time=2025-04-10 20:54:29 
jj1 = 2, max_th = 2.142753e+00, time=2025-04-10 20:56:09 
jj1 = 8, max_th = 2.022120e+00, time=2025-04-10 20:56:20 
jj1 = 333, max_th = 7.377731e-01, time=2025-04-10 20:58:12 
jj1 = 18, max_th = 2.095889e+00, time=2025-04-10 20:58:39 
jj1 = 53, max_th = 1.852058e+00, time=2025-04-10 20:59:24 
jj1 = 17, max_th = 1.099372e+00, time=2025-04-10 21:03:31 
jj1 = 1, max_th = 1.413925e+00, time=2025-04-10 21:06:15 
jj1 = 52, max_th = 1.181302e+00, time=2025-04-10 21:06:23 
jj1 = 528, max_th = 1.942756e+00, time=2025-04-10 21:08:32 
jj1 = 21, max_th = 1.564602e+00, time=2025-04-10 21:08:39 
jj1 = 27, max_th = 2.204070e+00, time=2025-04-10 21:09:13 
jj1 = 41, max_th = 1.813431e+00, time=2025-04-10 21:12:05 
jj1 = 16, max_th = 8.533598e-01, time=2025-04-10 21:12:29 
jj1 = 36, max_th = 2.171096e+00, time=2025-04-10 21:12:36 
jj1 = 51, max_th = 2.699241e+00, time=2025-04-10 21:12:52 
jj1 = 47, max_th = 1.817014e+00, time=2025-04-10 21:12:58 
jj1 = 11, max_th = 1.869240e+00, time=2025-04-10 21:13:22 
jj1 = 216, max_th = 3.811878e+00, time=2025-04-10 21:14:19 
jj1 = 332, max_th = 2.193475e+00, time=2025-04-10 21:15:32 
jj1 = 7, max_th = 1.727953e+00, time=2025-04-10 21:15:43 
jj1 = 331, max_th = 2.832943e+00, time=2025-04-10 21:20:14 
jj1 = 6, max_th = 2.724614e+00, time=2025-04-10 21:23:37 
jj1 = 99, max_th = 2.364698e+00, time=2025-04-10 21:24:16 
jj1 = 411, max_th = 1.713983e+00, time=2025-04-10 21:24:57 
jj1 = 26, max_th = 1.605807e+00, time=2025-04-10 21:25:09 
jj1 = 527, max_th = 2.311931e+00, time=2025-04-10 21:25:41 
jj1 = 255, max_th = 2.402949e+00, time=2025-04-10 21:25:49 
jj1 = 410, max_th = 3.275176e+00, time=2025-04-10 21:26:55 
jj1 = 372, max_th = 1.804307e+00, time=2025-04-10 21:27:28 
jj1 = 138, max_th = 1.190034e+00, time=2025-04-10 21:27:56 
jj1 = 489, max_th = 2.151157e+00, time=2025-04-10 21:29:34 
jj1 = 254, max_th = 3.072503e+00, time=2025-04-10 21:30:10 
jj1 = 46, max_th = 2.033943e+00, time=2025-04-10 21:36:32 
jj1 = 330, max_th = 2.297141e+00, time=2025-04-10 21:36:40 
jj1 = 215, max_th = 2.084479e+00, time=2025-04-10 21:37:16 
jj1 = 253, max_th = 1.293308e+00, time=2025-04-10 21:37:47 
jj1 = 526, max_th = 2.655110e+00, time=2025-04-10 21:38:37 
jj1 = 294, max_th = 2.359786e+00, time=2025-04-10 21:40:08 
jj1 = 177, max_th = 2.096611e+00, time=2025-04-10 21:43:24 
jj1 = 293, max_th = 2.893068e+00, time=2025-04-10 21:43:34 
jj1 = 137, max_th = 2.244049e+00, time=2025-04-10 21:44:41 
jj1 = 371, max_th = 1.689154e+00, time=2025-04-10 21:45:08 
jj1 = 409, max_th = 1.792983e+00, time=2025-04-10 21:46:54 
jj1 = 488, max_th = 1.695247e+00, time=2025-04-10 21:47:57 
jj1 = 252, max_th = 1.305933e+00, time=2025-04-10 21:48:01 
jj1 = 370, max_th = 2.976748e+00, time=2025-04-10 21:48:35 
jj1 = 251, max_th = 3.358011e+00, time=2025-04-10 21:49:29 
jj1 = 98, max_th = 2.027305e+00, time=2025-04-10 21:52:17 
jj1 = 292, max_th = 1.556769e+00, time=2025-04-10 21:52:20 
jj1 = 329, max_th = 1.566049e+00, time=2025-04-10 21:53:17 
jj1 = 214, max_th = 2.001917e+00, time=2025-04-10 21:54:47 
jj1 = 328, max_th = 9.557210e-01, time=2025-04-10 21:55:38 
jj1 = 136, max_th = 2.584001e+00, time=2025-04-10 21:55:40 
jj1 = 450, max_th = 1.784069e+00, time=2025-04-10 21:55:45 
jj1 = 176, max_th = 1.618298e+00, time=2025-04-10 21:56:23 
jj1 = 291, max_th = -4.244192e-04, time=2025-04-10 21:56:26 
jj1 = 525, max_th = 2.109964e+00, time=2025-04-10 21:56:56 
jj1 = 487, max_th = 2.489913e+00, time=2025-04-10 21:59:48 
jj1 = 408, max_th = 2.525614e+00, time=2025-04-10 22:01:13 
jj1 = 327, max_th = 2.660433e+00, time=2025-04-10 22:02:25 
jj1 = 369, max_th = 2.511745e+00, time=2025-04-10 22:03:40 
jj1 = 250, max_th = 1.973655e+00, time=2025-04-10 22:08:44 
jj1 = 290, max_th = 1.332072e+00, time=2025-04-10 22:10:09 
jj1 = 135, max_th = 2.224862e+00, time=2025-04-10 22:10:40 
jj1 = 97, max_th = 2.190068e+00, time=2025-04-10 22:11:54 
jj1 = 213, max_th = 2.127572e+00, time=2025-04-10 22:12:23 
jj1 = 449, max_th = 1.790080e+00, time=2025-04-10 22:12:29 
jj1 = 96, max_th = 3.127034e-01, time=2025-04-10 22:13:22 
jj1 = 407, max_th = 1.605079e+00, time=2025-04-10 22:14:25 
jj1 = 486, max_th = 1.891138e+00, time=2025-04-10 22:17:27 
jj1 = 175, max_th = 2.412003e+00, time=2025-04-10 22:17:42 
jj1 = 524, max_th = 2.030015e+00, time=2025-04-10 22:18:16 
jj1 = 406, max_th = 1.698548e-01, time=2025-04-10 22:19:19 
jj1 = 368, max_th = 1.680122e+00, time=2025-04-10 22:24:29 
jj1 = 212, max_th = 1.588965e+00, time=2025-04-10 22:24:53 
jj1 = 523, max_th = 1.083006e+00, time=2025-04-10 22:25:00 
jj1 = 174, max_th = -2.368574e-01, time=2025-04-10 22:25:16 
jj1 = 249, max_th = 1.851532e+00, time=2025-04-10 22:25:20 
jj1 = 326, max_th = 2.270801e+00, time=2025-04-10 22:26:18 
jj1 = 448, max_th = 2.881675e+00, time=2025-04-10 22:26:20 
jj1 = 325, max_th = 9.009424e-01, time=2025-04-10 22:28:38 
jj1 = 95, max_th = 2.513675e+00, time=2025-04-10 22:29:57 
jj1 = 522, max_th = 1.090010e+00, time=2025-04-10 22:30:40 
jj1 = 134, max_th = 1.833697e+00, time=2025-04-10 22:31:10 
jj1 = 405, max_th = 1.222935e+00, time=2025-04-10 22:31:22 
jj1 = 485, max_th = 1.612065e+00, time=2025-04-10 22:31:57 
jj1 = 289, max_th = 2.117462e+00, time=2025-04-10 22:32:15 
jj1 = 211, max_th = 1.344877e+00, time=2025-04-10 22:32:26 
jj1 = 94, max_th = 8.617006e-01, time=2025-04-10 22:32:59 
jj1 = 288, max_th = -1.106189e-02, time=2025-04-10 22:35:08 
jj1 = 133, max_th = 2.704305e+00, time=2025-04-10 22:42:45 
jj1 = 210, max_th = 2.583897e+00, time=2025-04-10 22:43:13 
jj1 = 324, max_th = 1.798778e+00, time=2025-04-10 22:43:19 
jj1 = 287, max_th = 1.359581e+00, time=2025-04-10 22:43:58 
jj1 = 173, max_th = 1.936554e+00, time=2025-04-10 22:46:17 
jj1 = 484, max_th = 1.991688e+00, time=2025-04-10 22:46:22 
jj1 = 248, max_th = 1.862427e+00, time=2025-04-10 22:46:55 
jj1 = 367, max_th = 2.104234e+00, time=2025-04-10 22:48:22 
jj1 = 521, max_th = 1.732841e+00, time=2025-04-10 22:49:11 
jj1 = 447, max_th = 1.973971e+00, time=2025-04-10 22:49:40 
jj1 = 404, max_th = 2.036507e+00, time=2025-04-10 22:53:16 
jj1 = 323, max_th = 1.418410e+00, time=2025-04-10 22:53:30 
jj1 = 93, max_th = 2.087624e+00, time=2025-04-10 22:56:27 
jj1 = 132, max_th = 2.300893e+00, time=2025-04-10 22:56:50 
jj1 = 403, max_th = 3.265689e+00, time=2025-04-10 22:58:43 
jj1 = 286, max_th = 2.583388e+00, time=2025-04-10 22:58:50 
jj1 = 209, max_th = 2.332852e+00, time=2025-04-10 23:00:17 
jj1 = 520, max_th = 1.653950e+00, time=2025-04-10 23:01:19 
jj1 = 247, max_th = 2.386881e+00, time=2025-04-10 23:02:24 
jj1 = 366, max_th = 2.463103e+00, time=2025-04-10 23:03:00 
jj1 = 172, max_th = 2.315848e+00, time=2025-04-10 23:03:44 
jj1 = 519, max_th = 3.023890e+00, time=2025-04-10 23:06:53 
jj1 = 483, max_th = 1.675287e+00, time=2025-04-10 23:07:08 
jj1 = 92, max_th = 1.468112e+00, time=2025-04-10 23:09:58 
jj1 = 285, max_th = 2.477345e+00, time=2025-04-10 23:10:11 
jj1 = 131, max_th = 2.604857e+00, time=2025-04-10 23:11:25 
jj1 = 402, max_th = 2.001087e+00, time=2025-04-10 23:13:25 
jj1 = 446, max_th = 2.162873e+00, time=2025-04-10 23:13:27 
jj1 = 322, max_th = 1.839923e+00, time=2025-04-10 23:14:01 
jj1 = 246, max_th = 1.461795e+00, time=2025-04-10 23:18:06 
jj1 = 365, max_th = 2.219224e+00, time=2025-04-10 23:20:28 
jj1 = 171, max_th = 2.601591e+00, time=2025-04-10 23:20:30 
jj1 = 208, max_th = 1.776900e+00, time=2025-04-10 23:21:17 
jj1 = 91, max_th = 1.364101e+00, time=2025-04-10 23:21:32 
jj1 = 518, max_th = 2.626401e+00, time=2025-04-10 23:22:22 
jj1 = 482, max_th = 1.780333e+00, time=2025-04-10 23:25:56 
jj1 = 245, max_th = 2.696105e+00, time=2025-04-10 23:26:10 
jj1 = 321, max_th = 2.432946e+00, time=2025-04-10 23:26:46 
jj1 = 130, max_th = 2.205275e+00, time=2025-04-10 23:26:58 
jj1 = 401, max_th = 2.101707e+00, time=2025-04-10 23:28:39 
jj1 = 320, max_th = 2.852438e+00, time=2025-04-10 23:32:13 
jj1 = 445, max_th = 1.780133e+00, time=2025-04-10 23:32:26 
jj1 = 400, max_th = 9.842275e-01, time=2025-04-10 23:32:33 
jj1 = 284, max_th = 2.127009e+00, time=2025-04-10 23:33:07 
jj1 = 481, max_th = 1.461370e+00, time=2025-04-10 23:34:34 
jj1 = 244, max_th = 2.719089e+00, time=2025-04-10 23:35:38 
jj1 = 364, max_th = 1.632076e+00, time=2025-04-10 23:36:24 
jj1 = 129, max_th = 1.321142e+00, time=2025-04-10 23:36:50 
jj1 = 90, max_th = 2.248377e+00, time=2025-04-10 23:38:41 
jj1 = 283, max_th = 3.567293e+00, time=2025-04-10 23:39:06 
jj1 = 480, max_th = 1.155499e+00, time=2025-04-10 23:41:54 
jj1 = 207, max_th = 1.859519e+00, time=2025-04-10 23:43:31 
jj1 = 517, max_th = 1.620466e+00, time=2025-04-10 23:43:34 
jj1 = 170, max_th = 2.053922e+00, time=2025-04-10 23:44:39 
jj1 = 516, max_th = 3.147496e+00, time=2025-04-10 23:47:35 
jj1 = 206, max_th = 1.346543e+00, time=2025-04-10 23:49:05 
jj1 = 444, max_th = 1.818371e+00, time=2025-04-10 23:49:16 
jj1 = 243, max_th = 1.567167e+00, time=2025-04-10 23:49:49 
jj1 = 479, max_th = 1.424688e+00, time=2025-04-10 23:52:14 
jj1 = 363, max_th = 2.331667e+00, time=2025-04-10 23:52:54 
jj1 = 282, max_th = 2.593282e+00, time=2025-04-10 23:55:28 
jj1 = 205, max_th = 1.343638e+00, time=2025-04-10 23:57:04 
jj1 = 128, max_th = 1.890253e+00, time=2025-04-10 23:58:09 
jj1 = 319, max_th = 1.709848e+00, time=2025-04-10 23:58:29 
jj1 = 89, max_th = 1.917552e+00, time=2025-04-10 23:59:15 
jj1 = 169, max_th = 2.330333e+00, time=2025-04-11 00:02:09 
jj1 = 443, max_th = 1.497655e+00, time=2025-04-11 00:02:20 
jj1 = 281, max_th = 2.808347e+00, time=2025-04-11 00:02:39 
jj1 = 362, max_th = 1.603068e+00, time=2025-04-11 00:02:53 
jj1 = 242, max_th = 1.895822e+00, time=2025-04-11 00:03:46 
jj1 = 204, max_th = 1.359520e+00, time=2025-04-11 00:05:09 
jj1 = 280, max_th = 2.969658e+00, time=2025-04-11 00:06:09 
jj1 = 515, max_th = 2.011336e+00, time=2025-04-11 00:08:47 
jj1 = 478, max_th = 2.294177e+00, time=2025-04-11 00:09:00 
jj1 = 399, max_th = 1.605878e+00, time=2025-04-11 00:09:04 
jj1 = 127, max_th = 1.544495e+00, time=2025-04-11 00:10:28 
jj1 = 361, max_th = 1.780744e+00, time=2025-04-11 00:12:40 
jj1 = 318, max_th = 2.589057e+00, time=2025-04-11 00:13:22 
jj1 = 279, max_th = 1.347596e+00, time=2025-04-11 00:15:20 
jj1 = 360, max_th = 4.881500e-01, time=2025-04-11 00:15:22 
jj1 = 241, max_th = 2.612155e+00, time=2025-04-11 00:15:32 
jj1 = 442, max_th = 1.643357e+00, time=2025-04-11 00:16:59 
jj1 = 88, max_th = 1.993594e+00, time=2025-04-11 00:18:14 
jj1 = 203, max_th = 2.294170e+00, time=2025-04-11 00:22:29 
jj1 = 359, max_th = 1.191393e+00, time=2025-04-11 00:23:37 
jj1 = 398, max_th = 2.246919e+00, time=2025-04-11 00:23:59 
jj1 = 514, max_th = 1.630106e+00, time=2025-04-11 00:26:00 
jj1 = 477, max_th = 1.861750e+00, time=2025-04-11 00:26:56 
jj1 = 397, max_th = 8.960757e-01, time=2025-04-11 00:27:00 
jj1 = 126, max_th = 2.386882e+00, time=2025-04-11 00:27:33 
jj1 = 278, max_th = 2.248686e+00, time=2025-04-11 00:30:11 
jj1 = 358, max_th = 1.123933e+00, time=2025-04-11 00:32:33 
jj1 = 317, max_th = 1.902436e+00, time=2025-04-11 00:33:41 
jj1 = 240, max_th = 1.814759e+00, time=2025-04-11 00:34:09 
jj1 = 441, max_th = 1.714153e+00, time=2025-04-11 00:36:17 
jj1 = 168, max_th = 1.961532e+00, time=2025-04-11 00:36:24 
jj1 = 125, max_th = 1.002600e+00, time=2025-04-11 00:36:57 
jj1 = 202, max_th = 2.411100e+00, time=2025-04-11 00:37:32 
jj1 = 396, max_th = 2.367250e+00, time=2025-04-11 00:38:09 
jj1 = 513, max_th = 1.963640e+00, time=2025-04-11 00:39:40 
jj1 = 316, max_th = 2.689404e+00, time=2025-04-11 00:39:49 
jj1 = 239, max_th = 1.338338e+00, time=2025-04-11 00:43:20 
jj1 = 315, max_th = 2.648868e+00, time=2025-04-11 00:46:44 
jj1 = 476, max_th = 1.981308e+00, time=2025-04-11 00:46:51 
jj1 = 277, max_th = 1.759152e+00, time=2025-04-11 00:50:53 
jj1 = 201, max_th = 2.158428e+00, time=2025-04-11 00:52:31 
jj1 = 440, max_th = 1.669746e+00, time=2025-04-11 00:54:24 
jj1 = 357, max_th = 2.023778e+00, time=2025-04-11 00:54:31 
jj1 = 238, max_th = 1.797948e+00, time=2025-04-11 00:56:00 
jj1 = 475, max_th = 1.360836e+00, time=2025-04-11 00:56:03 
jj1 = 512, max_th = 2.112698e+00, time=2025-04-11 00:59:25 
jj1 = 167, max_th = 1.977903e+00, time=2025-04-11 01:00:22 
jj1 = 276, max_th = 2.459843e+00, time=2025-04-11 01:01:35 
jj1 = 395, max_th = 1.623170e+00, time=2025-04-11 01:01:58 
jj1 = 87, max_th = 1.335982e+00, time=2025-04-11 01:02:23 
jj1 = 124, max_th = 2.944825e+00, time=2025-04-11 01:04:01 
jj1 = 356, max_th = 2.514530e+00, time=2025-04-11 01:05:51 
jj1 = 86, max_th = 2.765952e+00, time=2025-04-11 01:08:11 
jj1 = 314, max_th = 2.139371e+00, time=2025-04-11 01:08:42 
jj1 = 166, max_th = 1.330223e+00, time=2025-04-11 01:11:02 
jj1 = 200, max_th = 1.991808e+00, time=2025-04-11 01:12:38 
jj1 = 439, max_th = 1.791577e+00, time=2025-04-11 01:18:32 
jj1 = 275, max_th = 1.903993e+00, time=2025-04-11 01:19:02 
jj1 = 237, max_th = 2.017890e+00, time=2025-04-11 01:19:51 
jj1 = 474, max_th = 2.145755e+00, time=2025-04-11 01:20:13 
jj1 = 123, max_th = 2.183640e+00, time=2025-04-11 01:21:52 
jj1 = 313, max_th = 2.342298e+00, time=2025-04-11 01:21:59 
jj1 = 394, max_th = 2.040713e+00, time=2025-04-11 01:22:24 
jj1 = 355, max_th = 2.379172e+00, time=2025-04-11 01:23:17 
jj1 = 511, max_th = 2.331712e+00, time=2025-04-11 01:23:32 
jj1 = 85, max_th = 1.952181e+00, time=2025-04-11 01:25:24 
jj1 = 393, max_th = 3.638548e+00, time=2025-04-11 01:26:41 
jj1 = 274, max_th = 1.543437e+00, time=2025-04-11 01:29:32 
jj1 = 199, max_th = 1.432315e+00, time=2025-04-11 01:31:09 
jj1 = 165, max_th = 1.984766e+00, time=2025-04-11 01:31:38 
jj1 = 473, max_th = 2.281676e+00, time=2025-04-11 01:35:17 
jj1 = 510, max_th = 2.553019e+00, time=2025-04-11 01:35:21 
jj1 = 438, max_th = 2.178861e+00, time=2025-04-11 01:38:02 
jj1 = 84, max_th = 2.096095e+00, time=2025-04-11 01:40:02 
jj1 = 122, max_th = 2.163488e+00, time=2025-04-11 01:41:31 
jj1 = 354, max_th = 1.927158e+00, time=2025-04-11 01:41:49 
jj1 = 392, max_th = 1.889600e+00, time=2025-04-11 01:45:03 
jj1 = 83, max_th = 1.170756e+00, time=2025-04-11 01:45:12 
jj1 = 312, max_th = 2.236924e+00, time=2025-04-11 01:45:15 
jj1 = 236, max_th = 1.860508e+00, time=2025-04-11 01:46:28 
jj1 = 273, max_th = 2.068678e+00, time=2025-04-11 01:46:53 
jj1 = 437, max_th = 2.708570e+00, time=2025-04-11 01:47:08 
jj1 = 198, max_th = 2.107555e+00, time=2025-04-11 01:48:05 
jj1 = 472, max_th = 1.679246e+00, time=2025-04-11 01:56:26 
jj1 = 509, max_th = 1.935258e+00, time=2025-04-11 01:56:35 
jj1 = 311, max_th = 1.456104e+00, time=2025-04-11 01:57:19 
jj1 = 121, max_th = 1.569108e+00, time=2025-04-11 01:57:54 
jj1 = 82, max_th = 1.753711e+00, time=2025-04-11 02:00:03 
jj1 = 353, max_th = 2.043296e+00, time=2025-04-11 02:00:29 
jj1 = 272, max_th = 1.539707e+00, time=2025-04-11 02:02:07 
jj1 = 391, max_th = 2.225174e+00, time=2025-04-11 02:06:03 
jj1 = 197, max_th = 2.274646e+00, time=2025-04-11 02:08:21 
jj1 = 352, max_th = 2.585040e+00, time=2025-04-11 02:11:10 
jj1 = 436, max_th = 1.980881e+00, time=2025-04-11 02:12:11 
jj1 = 235, max_th = 2.382348e+00, time=2025-04-11 02:12:40 
jj1 = 310, max_th = 2.103849e+00, time=2025-04-11 02:14:42 
jj1 = 471, max_th = 2.053980e+00, time=2025-04-11 02:15:15 
jj1 = 508, max_th = 1.702023e+00, time=2025-04-11 02:17:01 
jj1 = 120, max_th = 2.122792e+00, time=2025-04-11 02:20:16 
jj1 = 81, max_th = 2.259776e+00, time=2025-04-11 02:21:32 
jj1 = 390, max_th = 1.415409e+00, time=2025-04-11 02:23:33 
jj1 = 271, max_th = 1.713289e+00, time=2025-04-11 02:25:14 
jj1 = 196, max_th = 1.645918e+00, time=2025-04-11 02:25:48 
jj1 = 164, max_th = 2.541697e+00, time=2025-04-11 02:25:49 
jj1 = 309, max_th = 2.396772e+00, time=2025-04-11 02:25:58 
jj1 = 270, max_th = 6.516492e-01, time=2025-04-11 02:27:15 
jj1 = 308, max_th = 2.888066e+00, time=2025-04-11 02:30:16 
jj1 = 351, max_th = 2.127228e+00, time=2025-04-11 02:30:17 
jj1 = 470, max_th = 1.538070e+00, time=2025-04-11 02:30:31 
jj1 = 435, max_th = 1.791134e+00, time=2025-04-11 02:31:21 
jj1 = 434, max_th = 8.342655e-01, time=2025-04-11 02:31:40 
jj1 = 507, max_th = 1.648169e+00, time=2025-04-11 02:31:43 
jj1 = 234, max_th = 1.631068e+00, time=2025-04-11 02:33:11 
jj1 = 195, max_th = 2.529041e+00, time=2025-04-11 02:35:04 
jj1 = 119, max_th = 2.095370e+00, time=2025-04-11 02:40:37 
jj1 = 80, max_th = 1.882668e+00, time=2025-04-11 02:42:30 
jj1 = 389, max_th = 1.640813e+00, time=2025-04-11 02:42:31 
jj1 = 307, max_th = 1.274262e+00, time=2025-04-11 02:42:53 
jj1 = 469, max_th = 2.502425e+00, time=2025-04-11 02:43:41 
jj1 = 306, max_th = 4.778791e-01, time=2025-04-11 02:43:47 
jj1 = 118, max_th = 2.938829e+00, time=2025-04-11 02:44:15 
jj1 = 305, max_th = 2.890950e-01, time=2025-04-11 02:44:40 
jj1 = 388, max_th = 3.579422e+00, time=2025-04-11 02:44:44 
jj1 = 194, max_th = 1.518186e+00, time=2025-04-11 02:46:27 
jj1 = 468, max_th = 8.544862e-01, time=2025-04-11 02:47:57 
jj1 = 269, max_th = 1.920141e+00, time=2025-04-11 02:48:26 
jj1 = 506, max_th = 2.059839e+00, time=2025-04-11 02:48:33 
jj1 = 79, max_th = 1.290677e+00, time=2025-04-11 02:49:44 
jj1 = 163, max_th = 1.718511e+00, time=2025-04-11 02:49:47 
jj1 = 233, max_th = 2.221345e+00, time=2025-04-11 02:51:46 
jj1 = 117, max_th = 1.897749e+00, time=2025-04-11 02:56:25 
jj1 = 304, max_th = 2.687206e+00, time=2025-04-11 02:56:33 
jj1 = 193, max_th = 2.559581e+00, time=2025-04-11 02:58:18 
jj1 = 433, max_th = 1.733450e+00, time=2025-04-11 02:59:09 
jj1 = 387, max_th = 1.870973e+00, time=2025-04-11 03:02:02 
jj1 = 162, max_th = 2.443993e+00, time=2025-04-11 03:02:52 
jj1 = 268, max_th = 2.099225e+00, time=2025-04-11 03:02:52 
jj1 = 350, max_th = 2.482524e+00, time=2025-04-11 03:03:45 
jj1 = 303, max_th = 2.626294e+00, time=2025-04-11 03:03:59 
jj1 = 232, max_th = 2.100516e+00, time=2025-04-11 03:04:18 
jj1 = 505, max_th = 1.694448e+00, time=2025-04-11 03:05:16 
jj1 = 467, max_th = 1.867008e+00, time=2025-04-11 03:08:16 
jj1 = 78, max_th = 2.272640e+00, time=2025-04-11 03:10:02 
jj1 = 116, max_th = 1.389671e+00, time=2025-04-11 03:10:25 
jj1 = 386, max_th = 2.317624e+00, time=2025-04-11 03:11:34 
jj1 = 192, max_th = 2.826163e+00, time=2025-04-11 03:12:47 
jj1 = 349, max_th = 1.241059e+00, time=2025-04-11 03:13:16 
jj1 = 191, max_th = 7.246635e-01, time=2025-04-11 03:13:42 
jj1 = 231, max_th = 2.617715e+00, time=2025-04-11 03:14:04 
jj1 = 432, max_th = 1.141455e+00, time=2025-04-11 03:14:30 
jj1 = 230, max_th = 3.265041e+00, time=2025-04-11 03:14:46 
jj1 = 115, max_th = 2.892003e+00, time=2025-04-11 03:16:13 
jj1 = 267, max_th = 2.149490e+00, time=2025-04-11 03:16:49 
jj1 = 466, max_th = 1.490275e+00, time=2025-04-11 03:21:56 
jj1 = 266, max_th = 1.192727e+00, time=2025-04-11 03:22:40 
jj1 = 302, max_th = 2.221673e+00, time=2025-04-11 03:24:33 
jj1 = 504, max_th = 2.225870e+00, time=2025-04-11 03:24:39 
jj1 = 161, max_th = 1.881779e+00, time=2025-04-11 03:24:48 
jj1 = 114, max_th = 2.614257e+00, time=2025-04-11 03:25:19 
jj1 = 385, max_th = 2.342449e+00, time=2025-04-11 03:30:13 
jj1 = 229, max_th = 1.730351e+00, time=2025-04-11 03:32:22 
jj1 = 348, max_th = 1.977306e+00, time=2025-04-11 03:32:26 
jj1 = 77, max_th = 1.939833e+00, time=2025-04-11 03:32:37 
jj1 = 301, max_th = 2.669155e+00, time=2025-04-11 03:32:38 
jj1 = 265, max_th = -5.181805e-02, time=2025-04-11 03:34:24 
jj1 = 113, max_th = 1.598424e+00, time=2025-04-11 03:35:30 
jj1 = 431, max_th = 1.716576e+00, time=2025-04-11 03:35:34 
jj1 = 264, max_th = 2.984593e-04, time=2025-04-11 03:36:17 
jj1 = 76, max_th = 2.939244e+00, time=2025-04-11 03:36:35 
jj1 = 465, max_th = 2.338304e+00, time=2025-04-11 03:36:54 
jj1 = 112, max_th = 6.060700e-01, time=2025-04-11 03:37:18 
jj1 = 190, max_th = 1.771139e+00, time=2025-04-11 03:37:33 
jj1 = 347, max_th = 1.849988e+00, time=2025-04-11 03:39:37 
jj1 = 503, max_th = 1.627212e+00, time=2025-04-11 03:41:42 
jj1 = 384, max_th = 2.560060e+00, time=2025-04-11 03:42:21 
jj1 = 160, max_th = 1.696851e+00, time=2025-04-11 03:43:34 
jj1 = 111, max_th = 1.299027e+00, time=2025-04-11 03:45:08 
jj1 = 300, max_th = 2.104859e+00, time=2025-04-11 03:50:09 
jj1 = 228, max_th = 1.760824e+00, time=2025-04-11 03:52:30 
jj1 = 346, max_th = 1.644542e+00, time=2025-04-11 03:53:10 
jj1 = 464, max_th = 1.666398e+00, time=2025-04-11 03:54:30 
jj1 = 430, max_th = 2.367887e+00, time=2025-04-11 03:55:31 
jj1 = 110, max_th = 1.497846e+00, time=2025-04-11 03:56:26 
jj1 = 75, max_th = 1.737263e+00, time=2025-04-11 03:57:21 
jj1 = 263, max_th = 2.311138e+00, time=2025-04-11 03:59:01 
jj1 = 299, max_th = 1.373900e+00, time=2025-04-11 04:00:46 
jj1 = 109, max_th = 9.271186e-01, time=2025-04-11 04:01:31 
jj1 = 502, max_th = 1.991476e+00, time=2025-04-11 04:01:37 
jj1 = 189, max_th = 1.673214e+00, time=2025-04-11 04:02:32 
jj1 = 383, max_th = 2.203475e+00, time=2025-04-11 04:02:46 
jj1 = 345, max_th = 1.351358e+00, time=2025-04-11 04:03:27 
jj1 = 463, max_th = 1.591556e+00, time=2025-04-11 04:07:10 
jj1 = 159, max_th = 2.085929e+00, time=2025-04-11 04:07:51 
jj1 = 501, max_th = 1.139137e+00, time=2025-04-11 04:11:30 
jj1 = 227, max_th = 2.184553e+00, time=2025-04-11 04:15:32 
jj1 = 298, max_th = 2.354829e+00, time=2025-04-11 04:15:45 
jj1 = 382, max_th = 1.566013e+00, time=2025-04-11 04:16:57 
jj1 = 297, max_th = 6.628771e-01, time=2025-04-11 04:17:57 
jj1 = 188, max_th = 1.962050e+00, time=2025-04-11 04:18:05 
jj1 = 74, max_th = 2.188090e+00, time=2025-04-11 04:19:44 
jj1 = 344, max_th = 1.617807e+00, time=2025-04-11 04:20:32 
jj1 = 343, max_th = 7.660645e-01, time=2025-04-11 04:21:08 
jj1 = 462, max_th = 1.950794e+00, time=2025-04-11 04:21:11 
jj1 = 226, max_th = 2.749640e+00, time=2025-04-11 04:21:59 
jj1 = 108, max_th = 1.791384e+00, time=2025-04-11 04:22:14 
jj1 = 429, max_th = 1.738589e+00, time=2025-04-11 04:22:39 
jj1 = 73, max_th = 8.613646e-01, time=2025-04-11 04:23:00 
jj1 = 187, max_th = 2.935961e+00, time=2025-04-11 04:23:07 
jj1 = 262, max_th = 1.714927e+00, time=2025-04-11 04:23:34 
jj1 = 342, max_th = 8.360578e-01, time=2025-04-11 04:24:07 
jj1 = 158, max_th = 2.302989e+00, time=2025-04-11 04:24:22 
jj1 = 500, max_th = 2.216778e+00, time=2025-04-11 04:31:11 
jj1 = 296, max_th = 2.415857e+00, time=2025-04-11 04:32:54 
jj1 = 186, max_th = 1.168667e+00, time=2025-04-11 04:33:57 
jj1 = 225, max_th = 1.546472e+00, time=2025-04-11 04:34:13 
jj1 = 428, max_th = 1.213315e+00, time=2025-04-11 04:34:21 
jj1 = 341, max_th = 1.508578e+00, time=2025-04-11 04:36:45 
jj1 = 72, max_th = 1.557237e+00, time=2025-04-11 04:37:33 
jj1 = 381, max_th = 1.771403e+00, time=2025-04-11 04:37:59 
jj1 = 157, max_th = 1.732930e+00, time=2025-04-11 04:40:51 
jj1 = 261, max_th = 1.569504e+00, time=2025-04-11 04:41:14 
jj1 = 461, max_th = 2.175882e+00, time=2025-04-11 04:41:16 
jj1 = 260, max_th = 3.439719e+00, time=2025-04-11 04:41:52 
jj1 = 427, max_th = 1.320216e+00, time=2025-04-11 04:43:11 
jj1 = 107, max_th = 1.856344e+00, time=2025-04-11 04:45:26 
jj1 = 71, max_th = 2.430529e+00, time=2025-04-11 04:51:18 
jj1 = 295, max_th = 1.511362e+00, time=2025-04-11 04:52:05 
jj1 = 460, max_th = 2.351841e+00, time=2025-04-11 04:53:26 
jj1 = 224, max_th = 1.819498e+00, time=2025-04-11 04:53:41 
jj1 = 185, max_th = 1.686302e+00, time=2025-04-11 04:54:33 
jj1 = 340, max_th = 2.230015e+00, time=2025-04-11 04:55:05 
jj1 = 156, max_th = 1.466843e+00, time=2025-04-11 04:56:50 
jj1 = 499, max_th = 2.121352e+00, time=2025-04-11 04:57:09 
jj1 = 259, max_th = 1.951734e+00, time=2025-04-11 04:58:34 
jj1 = 380, max_th = 1.993696e+00, time=2025-04-11 04:59:17 
jj1 = 426, max_th = 2.339548e+00, time=2025-04-11 04:59:23 
jj1 = 425, max_th = 8.601125e-01, time=2025-04-11 05:01:19 
jj1 = 106, max_th = 2.222221e+00, time=2025-04-11 05:03:31 
jj1 = 105, max_th = 9.496827e-01, time=2025-04-11 05:05:28 
jj1 = 70, max_th = 2.480179e+00, time=2025-04-11 05:06:17 
jj1 = 568, max_th = 2.140243e+00, time=2025-04-11 05:07:30 
jj1 = 223, max_th = 2.185139e+00, time=2025-04-11 05:12:26 
jj1 = 104, max_th = 1.122280e+00, time=2025-04-11 05:12:55 
jj1 = 498, max_th = 1.896181e+00, time=2025-04-11 05:16:34 
jj1 = 379, max_th = 1.987362e+00, time=2025-04-11 05:17:27 
jj1 = 258, max_th = 2.234032e+00, time=2025-04-11 05:17:46 
jj1 = 339, max_th = 1.824861e+00, time=2025-04-11 05:17:45 
jj1 = 155, max_th = 2.091624e+00, time=2025-04-11 05:18:33 
jj1 = 459, max_th = 1.896190e+00, time=2025-04-11 05:19:17 
jj1 = 424, max_th = 1.663249e+00, time=2025-04-11 05:21:58 
jj1 = 103, max_th = 2.541695e+00, time=2025-04-11 05:22:53 
jj1 = 423, max_th = 8.821051e-01, time=2025-04-11 05:23:50 
jj1 = 69, max_th = 2.315611e+00, time=2025-04-11 05:24:04 
jj1 = 222, max_th = 2.451600e+00, time=2025-04-11 05:24:30 
jj1 = 567, max_th = 1.705972e+00, time=2025-04-11 05:25:05 
jj1 = 257, max_th = 1.258313e+00, time=2025-04-11 05:25:20 
jj1 = 338, max_th = 1.280914e+00, time=2025-04-11 05:28:06 
jj1 = 221, max_th = 1.177528e+00, time=2025-04-11 05:28:28 
jj1 = 68, max_th = 2.563894e+00, time=2025-04-11 05:29:17 
jj1 = 458, max_th = 2.572984e+00, time=2025-04-11 05:31:09 
jj1 = 497, max_th = 1.717853e+00, time=2025-04-11 05:32:53 
jj1 = 566, max_th = 1.429736e+00, time=2025-04-11 05:33:51 
jj1 = 154, max_th = 2.182066e+00, time=2025-04-11 05:35:02 
jj1 = 256, max_th = 2.620623e+00, time=2025-04-11 05:35:59 
jj1 = 184, max_th = 2.064006e+00, time=2025-04-11 05:36:18 
jj1 = 102, max_th = 2.530595e+00, time=2025-04-11 05:37:11 
jj1 = 496, max_th = 1.273395e+00, time=2025-04-11 05:40:07 
jj1 = 67, max_th = 2.569080e+00, time=2025-04-11 05:40:11 
jj1 = 378, max_th = 1.666656e+00, time=2025-04-11 05:40:44 
jj1 = 422, max_th = 1.684338e+00, time=2025-04-11 05:40:44 
jj1 = 337, max_th = 1.657974e+00, time=2025-04-11 05:41:10 
jj1 = 336, max_th = 6.021378e-01, time=2025-04-11 05:41:51 
jj1 = 220, max_th = 1.693102e+00, time=2025-04-11 05:43:48 
jj1 = 335, max_th = 8.095725e-01, time=2025-04-11 05:44:23 
jj1 = 66, max_th = 1.407839e+00, time=2025-04-11 05:47:04 
jj1 = 101, max_th = 5.587139e-01, time=2025-04-11 05:47:10 
jj1 = 565, max_th = 2.364674e+00, time=2025-04-11 05:48:13 
jj1 = 183, max_th = 2.099962e+00, time=2025-04-11 05:49:41 
jj1 = 334, max_th = 2.784837e+00, time=2025-04-11 05:50:39 
jj1 = 457, max_th = 1.942226e+00, time=2025-04-11 05:52:11 
jj1 = 153, max_th = 1.954879e+00, time=2025-04-11 05:52:13 
jj1 = 377, max_th = 2.585197e+00, time=2025-04-11 05:52:48 
jj1 = 748, max_th = 1.765294e+00, time=2025-04-11 05:54:11 
jj1 = 495, max_th = 1.324669e+00, time=2025-04-11 05:55:54 
jj1 = 219, max_th = 2.489420e+00, time=2025-04-11 05:56:18 
jj1 = 564, max_th = 1.626980e+00, time=2025-04-11 05:58:19 
jj1 = 100, max_th = 1.453671e+00, time=2025-04-11 05:58:48 
jj1 = 747, max_th = 1.343406e+00, time=2025-04-11 06:01:32 
jj1 = 421, max_th = 1.828777e+00, time=2025-04-11 06:02:02 
jj1 = 668, max_th = 2.530799e+00, time=2025-04-11 06:04:58 
jj1 = 152, max_th = 1.850610e+00, time=2025-04-11 06:06:02 
jj1 = 65, max_th = 1.298433e+00, time=2025-04-11 06:06:07 
jj1 = 420, max_th = 1.167188e+00, time=2025-04-11 06:06:22 
jj1 = 376, max_th = 1.947624e+00, time=2025-04-11 06:06:27 
jj1 = 151, max_th = -6.128099e-02, time=2025-04-11 06:06:30 
jj1 = 563, max_th = 2.920565e+00, time=2025-04-11 06:08:13 
jj1 = 667, max_th = 9.059054e-01, time=2025-04-11 06:09:32 
jj1 = 182, max_th = 1.856287e+00, time=2025-04-11 06:12:03 
jj1 = 456, max_th = 1.831090e+00, time=2025-04-11 06:13:11 
jj1 = 64, max_th = 2.730529e+00, time=2025-04-11 06:15:11 
jj1 = 218, max_th = 1.647382e+00, time=2025-04-11 06:15:24 
jj1 = 728, max_th = 2.097323e+00, time=2025-04-11 06:16:28 
jj1 = 181, max_th = 1.121078e+00, time=2025-04-11 06:16:37 
jj1 = 494, max_th = 2.011700e+00, time=2025-04-11 06:17:35 
jj1 = 419, max_th = 1.934619e+00, time=2025-04-11 06:21:30 
jj1 = 375, max_th = 1.655484e+00, time=2025-04-11 06:24:07 
jj1 = 217, max_th = 1.212381e+00, time=2025-04-11 06:24:08 
jj1 = 746, max_th = 2.333749e+00, time=2025-04-11 06:24:21 
jj1 = 562, max_th = 1.982640e+00, time=2025-04-11 06:27:37 
jj1 = 63, max_th = 2.541406e+00, time=2025-04-11 06:28:27 
jj1 = 374, max_th = 1.149089e+00, time=2025-04-11 06:29:18 
jj1 = 666, max_th = 2.229762e+00, time=2025-04-11 06:30:12 
jj1 = 150, max_th = 1.683441e+00, time=2025-04-11 06:30:44 
jj1 = 180, max_th = 2.388723e+00, time=2025-04-11 06:31:38 
jj1 = 727, max_th = 2.028428e+00, time=2025-04-11 06:31:50 
jj1 = 418, max_th = 1.648237e+00, time=2025-04-11 06:33:44 
jj1 = 417, max_th = 3.603282e+00, time=2025-04-11 06:33:52 
jj1 = 455, max_th = 2.166300e+00, time=2025-04-11 06:33:55 
jj1 = 493, max_th = 2.372034e+00, time=2025-04-11 06:36:13 
jj1 = 373, max_th = 1.260077e+00, time=2025-04-11 06:41:32 
jj1 = 726, max_th = 2.297011e+00, time=2025-04-11 06:45:12 
jj1 = 665, max_th = 2.379587e+00, time=2025-04-11 06:45:21 
jj1 = 745, max_th = 2.466904e+00, time=2025-04-11 06:47:22 
jj1 = 561, max_th = 1.940348e+00, time=2025-04-11 06:48:36 
jj1 = 62, max_th = 2.586993e+00, time=2025-04-11 06:51:16 
jj1 = 149, max_th = 1.868460e+00, time=2025-04-11 06:52:08 
jj1 = 454, max_th = 1.757897e+00, time=2025-04-11 06:52:24 
jj1 = 179, max_th = 1.743696e+00, time=2025-04-11 06:53:11 
jj1 = 492, max_th = 2.205082e+00, time=2025-04-11 06:53:49 
jj1 = 608, max_th = 1.841992e+00, time=2025-04-11 06:55:06 
jj1 = 416, max_th = 1.834876e+00, time=2025-04-11 06:55:44 
jj1 = 61, max_th = 3.266661e+00, time=2025-04-11 06:56:34 
jj1 = 628, max_th = 2.021177e+00, time=2025-04-11 06:59:06 
jj1 = 744, max_th = 2.627617e+00, time=2025-04-11 06:59:08 
jj1 = 453, max_th = 1.210293e+00, time=2025-04-11 07:02:44 
jj1 = 664, max_th = 2.141797e+00, time=2025-04-11 07:03:30 
jj1 = 725, max_th = 2.060086e+00, time=2025-04-11 07:05:33 
jj1 = 148, max_th = 1.738556e+00, time=2025-04-11 07:08:07 
jj1 = 560, max_th = 2.370909e+00, time=2025-04-11 07:08:33 
jj1 = 627, max_th = 1.347408e+00, time=2025-04-11 07:08:48 
jj1 = 415, max_th = 1.999897e+00, time=2025-04-11 07:09:17 
jj1 = 724, max_th = 1.355309e+00, time=2025-04-11 07:11:14 
jj1 = 588, max_th = 1.848447e+00, time=2025-04-11 07:12:29 
jj1 = 743, max_th = 2.433842e+00, time=2025-04-11 07:12:33 
jj1 = 178, max_th = 2.061172e+00, time=2025-04-11 07:12:38 
jj1 = 491, max_th = 2.084903e+00, time=2025-04-11 07:14:03 
jj1 = 607, max_th = 2.168871e+00, time=2025-04-11 07:15:26 
jj1 = 626, max_th = 2.738955e+00, time=2025-04-11 07:15:33 
jj1 = 742, max_th = 2.555880e+00, time=2025-04-11 07:18:42 
jj1 = 625, max_th = 2.960871e+00, time=2025-04-11 07:19:40 
jj1 = 452, max_th = 2.009048e+00, time=2025-04-11 07:21:44 
jj1 = 723, max_th = 2.398795e+00, time=2025-04-11 07:25:03 
jj1 = 648, max_th = 2.468826e+00, time=2025-04-11 07:25:03 
jj1 = 147, max_th = 1.654061e+00, time=2025-04-11 07:25:25 
jj1 = 663, max_th = 2.007246e+00, time=2025-04-11 07:26:57 
jj1 = 741, max_th = 2.567167e+00, time=2025-04-11 07:27:05 
jj1 = 414, max_th = 2.011160e+00, time=2025-04-11 07:28:18 
jj1 = 559, max_th = 1.934576e+00, time=2025-04-11 07:29:07 
jj1 = 490, max_th = 1.521555e+00, time=2025-04-11 07:30:19 
jj1 = 587, max_th = 1.760031e+00, time=2025-04-11 07:31:39 
jj1 = 451, max_th = 2.444647e+00, time=2025-04-11 07:35:33 
jj1 = 558, max_th = 3.045084e+00, time=2025-04-11 07:38:28 
jj1 = 662, max_th = 2.300797e+00, time=2025-04-11 07:40:01 
jj1 = 606, max_th = 1.955840e+00, time=2025-04-11 07:40:16 
jj1 = 624, max_th = 2.030849e+00, time=2025-04-11 07:40:33 
jj1 = 661, max_th = 5.933545e-01, time=2025-04-11 07:41:40 
jj1 = 146, max_th = 1.841222e+00, time=2025-04-11 07:43:00 
jj1 = 647, max_th = 2.418636e+00, time=2025-04-11 07:44:21 
jj1 = 722, max_th = 2.176812e+00, time=2025-04-11 07:45:47 
jj1 = 413, max_th = 1.844734e+00, time=2025-04-11 07:47:00 
jj1 = 586, max_th = 2.230320e+00, time=2025-04-11 07:47:11 
jj1 = 740, max_th = 2.087370e+00, time=2025-04-11 07:49:35 
jj1 = 548, max_th = 2.253181e+00, time=2025-04-11 07:50:03 
jj1 = 557, max_th = 2.723109e+00, time=2025-04-11 07:52:09 
jj1 = 145, max_th = 1.256426e+00, time=2025-04-11 07:52:17 
jj1 = 739, max_th = 2.946046e+00, time=2025-04-11 07:52:39 
jj1 = 623, max_th = 1.267279e+00, time=2025-04-11 07:52:45 
jj1 = 660, max_th = 1.642111e+00, time=2025-04-11 07:56:17 
jj1 = 646, max_th = 1.793983e+00, time=2025-04-11 08:00:17 
jj1 = 738, max_th = 1.209885e+00, time=2025-04-11 08:01:04 
jj1 = 605, max_th = 2.007684e+00, time=2025-04-11 08:01:27 
jj1 = 688, max_th = 2.188139e+00, time=2025-04-11 08:03:30 
jj1 = 622, max_th = 2.592454e+00, time=2025-04-11 08:05:04 
jj1 = 585, max_th = 2.217941e+00, time=2025-04-11 08:05:57 
jj1 = 547, max_th = 1.817463e+00, time=2025-04-11 08:09:55 
jj1 = 412, max_th = 2.216371e+00, time=2025-04-11 08:10:17 
jj1 = 556, max_th = 1.736286e+00, time=2025-04-11 08:10:19 
jj1 = 721, max_th = 2.025441e+00, time=2025-04-11 08:10:20 
jj1 = 144, max_th = 2.331376e+00, time=2025-04-11 08:11:01 
jj1 = 546, max_th = 8.133375e-01, time=2025-04-11 08:13:34 
jj1 = 737, max_th = 2.484621e+00, time=2025-04-11 08:13:35 
jj1 = 659, max_th = 2.290717e+00, time=2025-04-11 08:14:43 
jj1 = 645, max_th = 2.331301e+00, time=2025-04-11 08:14:56 
jj1 = 621, max_th = 1.871109e+00, time=2025-04-11 08:15:13 
jj1 = 687, max_th = 1.387655e+00, time=2025-04-11 08:15:44 
jj1 = 604, max_th = 1.506840e+00, time=2025-04-11 08:15:52 
jj1 = 584, max_th = 2.779602e+00, time=2025-04-11 08:16:14 
jj1 = 720, max_th = 2.669144e+00, time=2025-04-11 08:21:33 
jj1 = 658, max_th = 1.365359e+00, time=2025-04-11 08:24:36 
jj1 = 603, max_th = 1.049787e+00, time=2025-04-11 08:25:40 
jj1 = 620, max_th = 2.482486e+00, time=2025-04-11 08:26:53 
jj1 = 143, max_th = 1.654345e+00, time=2025-04-11 08:29:05 
jj1 = 768, max_th = 1.949524e+00, time=2025-04-11 08:29:59 
jj1 = 736, max_th = 1.716143e+00, time=2025-04-11 08:30:46 
jj1 = 545, max_th = 1.783867e+00, time=2025-04-11 08:30:46 
jj1 = 644, max_th = 2.578146e+00, time=2025-04-11 08:31:28 
jj1 = 602, max_th = 8.336693e-01, time=2025-04-11 08:33:48 
jj1 = 583, max_th = 1.511848e+00, time=2025-04-11 08:34:13 
jj1 = 686, max_th = 2.238291e+00, time=2025-04-11 08:34:14 
jj1 = 619, max_th = 1.525024e+00, time=2025-04-11 08:39:15 
jj1 = 142, max_th = 1.159519e+00, time=2025-04-11 08:39:16 
jj1 = 555, max_th = 2.181214e+00, time=2025-04-11 08:39:33 
jj1 = 618, max_th = -4.840678e-01, time=2025-04-11 08:39:37 
jj1 = 735, max_th = 2.646234e+00, time=2025-04-11 08:39:44 
jj1 = 767, max_th = 1.653829e+00, time=2025-04-11 08:40:04 
jj1 = 554, max_th = 3.154085e+00, time=2025-04-11 08:40:51 
jj1 = 719, max_th = 2.055431e+00, time=2025-04-11 08:40:58 
jj1 = 141, max_th = 7.656090e-01, time=2025-04-11 08:41:40 
jj1 = 657, max_th = 1.803499e+00, time=2025-04-11 08:44:09 
jj1 = 553, max_th = 1.050912e+00, time=2025-04-11 08:45:34 
jj1 = 718, max_th = 3.019960e+00, time=2025-04-11 08:46:30 
jj1 = 766, max_th = 1.883950e+00, time=2025-04-11 08:49:58 
jj1 = 643, max_th = 1.840985e+00, time=2025-04-11 08:50:26 
jj1 = 617, max_th = 1.551342e+00, time=2025-04-11 08:52:14 
jj1 = 685, max_th = 1.815165e+00, time=2025-04-11 08:52:17 
jj1 = 601, max_th = 2.393203e+00, time=2025-04-11 08:55:12 
jj1 = 765, max_th = 2.820461e+00, time=2025-04-11 08:55:52 
jj1 = 544, max_th = 2.081211e+00, time=2025-04-11 08:56:15 
jj1 = 684, max_th = 1.349789e+00, time=2025-04-11 08:56:54 
jj1 = 656, max_th = 2.334456e+00, time=2025-04-11 08:57:16 
jj1 = 582, max_th = 2.032040e+00, time=2025-04-11 08:57:43 
jj1 = 734, max_th = 1.818685e+00, time=2025-04-11 09:00:54 
jj1 = 140, max_th = 1.898934e+00, time=2025-04-11 09:02:17 
jj1 = 642, max_th = 2.407482e+00, time=2025-04-11 09:02:23 
jj1 = 552, max_th = 2.096617e+00, time=2025-04-11 09:02:30 
jj1 = 581, max_th = 2.704447e+00, time=2025-04-11 09:02:56 
jj1 = 580, max_th = 3.396131e+00, time=2025-04-11 09:02:58 
jj1 = 641, max_th = 3.009426e+00, time=2025-04-11 09:04:48 
jj1 = 683, max_th = 1.397444e+00, time=2025-04-11 09:05:10 
jj1 = 655, max_th = 8.751626e-01, time=2025-04-11 09:05:37 
jj1 = 543, max_th = 1.764724e+00, time=2025-04-11 09:11:59 
jj1 = 717, max_th = 1.973529e+00, time=2025-04-11 09:12:20 
jj1 = 764, max_th = 1.414324e+00, time=2025-04-11 09:12:40 
jj1 = 542, max_th = 3.207831e+00, time=2025-04-11 09:12:44 
jj1 = 616, max_th = 2.009621e+00, time=2025-04-11 09:13:33 
jj1 = 541, max_th = 3.110834e+00, time=2025-04-11 09:14:36 
jj1 = 139, max_th = 1.508014e+00, time=2025-04-11 09:15:30 
jj1 = 682, max_th = 1.426460e+00, time=2025-04-11 09:17:49 
jj1 = 600, max_th = 1.829891e+00, time=2025-04-11 09:18:02 
jj1 = 681, max_th = 4.982229e-01, time=2025-04-11 09:18:25 
jj1 = 733, max_th = 2.121933e+00, time=2025-04-11 09:21:58 
jj1 = 640, max_th = 2.172400e+00, time=2025-04-11 09:22:29 
jj1 = 763, max_th = 2.718997e+00, time=2025-04-11 09:23:12 
jj1 = 551, max_th = 2.086691e+00, time=2025-04-11 09:23:22 
jj1 = 599, max_th = 1.245024e+00, time=2025-04-11 09:24:52 
jj1 = 732, max_th = 2.807621e+00, time=2025-04-11 09:26:39 
jj1 = 762, max_th = 2.983946e+00, time=2025-04-11 09:27:07 
jj1 = 579, max_th = 1.783668e+00, time=2025-04-11 09:27:20 
jj1 = 615, max_th = 2.304916e+00, time=2025-04-11 09:28:46 
jj1 = 598, max_th = 1.049851e+00, time=2025-04-11 09:29:01 
jj1 = 761, max_th = 6.730252e-01, time=2025-04-11 09:29:09 
jj1 = 597, max_th = 3.789719e+00, time=2025-04-11 09:29:20 
jj1 = 716, max_th = 2.292391e+00, time=2025-04-11 09:31:52 
jj1 = 654, max_th = 2.192745e+00, time=2025-04-11 09:33:43 
jj1 = 708, max_th = 1.554079e+00, time=2025-04-11 09:35:05 
jj1 = 680, max_th = 1.814966e+00, time=2025-04-11 09:36:54 
jj1 = 540, max_th = 2.089991e+00, time=2025-04-11 09:37:27 
jj1 = 614, max_th = 2.707289e+00, time=2025-04-11 09:38:12 
jj1 = 639, max_th = 1.521955e+00, time=2025-04-11 09:38:47 
jj1 = 539, max_th = 7.499362e-01, time=2025-04-11 09:39:42 
jj1 = 578, max_th = 2.420198e+00, time=2025-04-11 09:39:46 
jj1 = 731, max_th = 1.543485e+00, time=2025-04-11 09:41:08 
jj1 = 550, max_th = 2.290982e+00, time=2025-04-11 09:42:07 
jj1 = 653, max_th = 1.382032e+00, time=2025-04-11 09:45:02 
jj1 = 577, max_th = 1.549441e+00, time=2025-04-11 09:45:05 
jj1 = 707, max_th = 2.670600e+00, time=2025-04-11 09:46:29 
jj1 = 760, max_th = 1.690033e+00, time=2025-04-11 09:48:32 
jj1 = 715, max_th = 1.808706e+00, time=2025-04-11 09:52:33 
jj1 = 549, max_th = 1.358208e+00, time=2025-04-11 09:52:35 
jj1 = 638, max_th = 1.696702e+00, time=2025-04-11 09:53:07 
jj1 = 596, max_th = 2.410956e+00, time=2025-04-11 09:56:21 
jj1 = 613, max_th = 2.256145e+00, time=2025-04-11 09:56:23 
jj1 = 679, max_th = 2.382445e+00, time=2025-04-11 09:58:11 
jj1 = 637, max_th = 2.775017e+00, time=2025-04-11 10:01:35 
jj1 = 538, max_th = 1.868967e+00, time=2025-04-11 10:01:57 
jj1 = 706, max_th = 1.542564e+00, time=2025-04-11 10:02:28 
jj1 = 730, max_th = 1.791608e+00, time=2025-04-11 10:04:31 
jj1 = 576, max_th = 1.984178e+00, time=2025-04-11 10:04:35 
jj1 = 759, max_th = 1.769305e+00, time=2025-04-11 10:05:07 
jj1 = 778, max_th = 1.705667e+00, time=2025-04-11 10:06:02 
jj1 = 612, max_th = 2.049407e+00, time=2025-04-11 10:07:17 
jj1 = 652, max_th = 2.116416e+00, time=2025-04-11 10:07:38 
jj1 = 595, max_th = 1.634587e+00, time=2025-04-11 10:12:08 
jj1 = 714, max_th = 1.971618e+00, time=2025-04-11 10:16:16 
jj1 = 651, max_th = 2.199770e+00, time=2025-04-11 10:17:51 
jj1 = 729, max_th = 1.524459e+00, time=2025-04-11 10:19:35 
jj1 = 758, max_th = 2.055555e+00, time=2025-04-11 10:22:02 
jj1 = 636, max_th = 1.795105e+00, time=2025-04-11 10:22:35 
jj1 = 575, max_th = 2.263932e+00, time=2025-04-11 10:23:42 
jj1 = 705, max_th = 2.023069e+00, time=2025-04-11 10:24:03 
jj1 = 678, max_th = 2.071379e+00, time=2025-04-11 10:24:55 
jj1 = 677, max_th = 6.865083e-01, time=2025-04-11 10:26:47 
jj1 = 777, max_th = 2.008791e+00, time=2025-04-11 10:27:12 
jj1 = 611, max_th = 2.178684e+00, time=2025-04-11 10:27:50 
jj1 = 574, max_th = 2.960775e+00, time=2025-04-11 10:32:07 
jj1 = 757, max_th = 6.368605e-01, time=2025-04-11 10:32:42 
jj1 = 713, max_th = 1.665315e+00, time=2025-04-11 10:33:42 
jj1 = 704, max_th = 2.448950e+00, time=2025-04-11 10:34:38 
jj1 = 537, max_th = 1.675796e+00, time=2025-04-11 10:34:51 
jj1 = 594, max_th = 1.831372e+00, time=2025-04-11 10:35:46 
jj1 = 788, max_th = 1.640511e+00, time=2025-04-11 10:36:23 
jj1 = 593, max_th = 3.050976e+00, time=2025-04-11 10:37:44 
jj1 = 787, max_th = 2.600227e+00, time=2025-04-11 10:43:23 
jj1 = 573, max_th = 2.595844e+00, time=2025-04-11 10:43:33 
jj1 = 592, max_th = 2.600064e+00, time=2025-04-11 10:43:34 
jj1 = 676, max_th = 2.579454e+00, time=2025-04-11 10:44:00 
jj1 = 635, max_th = 2.062631e+00, time=2025-04-11 10:44:45 
jj1 = 756, max_th = 2.437222e+00, time=2025-04-11 10:47:19 
jj1 = 650, max_th = 1.865263e+00, time=2025-04-11 10:48:01 
jj1 = 712, max_th = 2.048940e+00, time=2025-04-11 10:49:53 
jj1 = 610, max_th = 1.838337e+00, time=2025-04-11 10:50:53 
jj1 = 634, max_th = 9.811123e-01, time=2025-04-11 10:52:50 
jj1 = 776, max_th = 2.270740e+00, time=2025-04-11 10:53:25 
jj1 = 786, max_th = 2.674548e+00, time=2025-04-11 10:53:31 
jj1 = 572, max_th = 2.198920e+00, time=2025-04-11 10:54:11 
jj1 = 633, max_th = 4.475352e-01, time=2025-04-11 10:54:35 
jj1 = 591, max_th = 1.361332e+00, time=2025-04-11 10:55:12 
jj1 = 609, max_th = 6.756601e-01, time=2025-04-11 10:56:48 
jj1 = 703, max_th = 1.718128e+00, time=2025-04-11 10:57:44 
jj1 = 536, max_th = 2.127702e+00, time=2025-04-11 10:58:10 
jj1 = 675, max_th = 1.910032e+00, time=2025-04-11 11:03:26 
jj1 = 775, max_th = 1.302537e+00, time=2025-04-11 11:04:40 
jj1 = 755, max_th = 2.115492e+00, time=2025-04-11 11:08:50 
jj1 = 711, max_th = 2.239072e+00, time=2025-04-11 11:09:04 
jj1 = 649, max_th = 1.859286e+00, time=2025-04-11 11:09:57 
jj1 = 571, max_th = 2.286183e+00, time=2025-04-11 11:12:01 
jj1 = 590, max_th = 1.592925e+00, time=2025-04-11 11:12:15 
jj1 = 632, max_th = 1.520829e+00, time=2025-04-11 11:13:12 
jj1 = 785, max_th = 2.045607e+00, time=2025-04-11 11:15:34 
jj1 = 828, max_th = 1.685443e+00, time=2025-04-11 11:17:00 
jj1 = 702, max_th = 1.847782e+00, time=2025-04-11 11:17:36 
jj1 = 535, max_th = 1.997385e+00, time=2025-04-11 11:19:07 
jj1 = 674, max_th = 1.544675e+00, time=2025-04-11 11:22:28 
jj1 = 774, max_th = 2.097599e+00, time=2025-04-11 11:23:55 
jj1 = 754, max_th = 1.907275e+00, time=2025-04-11 11:28:30 
jj1 = 631, max_th = 2.294542e+00, time=2025-04-11 11:30:21 
jj1 = 710, max_th = 1.889838e+00, time=2025-04-11 11:30:51 
jj1 = 798, max_th = 2.058274e+00, time=2025-04-11 11:31:05 
jj1 = 589, max_th = 2.203478e+00, time=2025-04-11 11:33:32 
jj1 = 753, max_th = 1.071500e+00, time=2025-04-11 11:35:43 
jj1 = 709, max_th = 2.989874e+00, time=2025-04-11 11:36:45 
jj1 = 784, max_th = 1.898559e+00, time=2025-04-11 11:37:10 
jj1 = 534, max_th = 1.769683e+00, time=2025-04-11 11:38:55 
jj1 = 827, max_th = 2.224160e+00, time=2025-04-11 11:40:00 
jj1 = 673, max_th = 2.625506e+00, time=2025-04-11 11:40:33 
jj1 = 570, max_th = 2.111988e+00, time=2025-04-11 11:41:11 
jj1 = 818, max_th = 1.376258e+00, time=2025-04-11 11:44:56 
jj1 = 773, max_th = 2.005741e+00, time=2025-04-11 11:45:28 
jj1 = 797, max_th = 1.489447e+00, time=2025-04-11 11:45:54 
jj1 = 630, max_th = 2.574525e+00, time=2025-04-11 11:47:57 
jj1 = 752, max_th = 1.373699e+00, time=2025-04-11 11:52:04 
jj1 = 672, max_th = 1.314925e+00, time=2025-04-11 11:52:15 
jj1 = 796, max_th = 2.642756e+00, time=2025-04-11 11:54:32 
jj1 = 826, max_th = 1.744913e+00, time=2025-04-11 11:56:36 
jj1 = 808, max_th = 1.380410e+00, time=2025-04-11 11:56:49 
jj1 = 701, max_th = 1.637754e+00, time=2025-04-11 11:56:55 
jj1 = 533, max_th = 2.387407e+00, time=2025-04-11 11:57:35 
jj1 = 569, max_th = 1.674572e+00, time=2025-04-11 11:59:04 
jj1 = 532, max_th = 2.948400e+00, time=2025-04-11 12:01:09 
jj1 = 783, max_th = 1.887182e+00, time=2025-04-11 12:02:09 
jj1 = 817, max_th = 1.981224e+00, time=2025-04-11 12:03:08 
jj1 = 772, max_th = 1.962353e+00, time=2025-04-11 12:06:01 
jj1 = 629, max_th = 2.154872e+00, time=2025-04-11 12:07:58 
jj1 = 825, max_th = 2.350675e+00, time=2025-04-11 12:10:12 
jj1 = 531, max_th = 2.343704e+00, time=2025-04-11 12:11:03 
jj1 = 751, max_th = 1.880928e+00, time=2025-04-11 12:12:30 
jj1 = 795, max_th = 2.148789e+00, time=2025-04-11 12:12:38 
jj1 = 807, max_th = 2.309317e+00, time=2025-04-11 12:13:02 
jj1 = 700, max_th = 1.948187e+00, time=2025-04-11 12:15:12 
jj1 = 806, max_th = 9.876680e-01, time=2025-04-11 12:17:39 
jj1 = 838, max_th = 2.111370e+00, time=2025-04-11 12:17:59 
jj1 = 848, max_th = 1.376990e+00, time=2025-04-11 12:18:38 
jj1 = 816, max_th = 2.203454e+00, time=2025-04-11 12:19:55 
jj1 = 782, max_th = 1.951149e+00, time=2025-04-11 12:21:27 
jj1 = 671, max_th = 1.573091e+00, time=2025-04-11 12:22:58 
jj1 = 771, max_th = 1.563937e+00, time=2025-04-11 12:24:19 
jj1 = 824, max_th = 2.261599e+00, time=2025-04-11 12:28:09 
jj1 = 530, max_th = 1.520681e+00, time=2025-04-11 12:28:46 
jj1 = 770, max_th = 2.713941e+00, time=2025-04-11 12:30:17 
jj1 = 699, max_th = 1.284752e+00, time=2025-04-11 12:32:00 
jj1 = 794, max_th = 1.947895e+00, time=2025-04-11 12:32:12 
jj1 = 750, max_th = 2.127371e+00, time=2025-04-11 12:32:36 
jj1 = 769, max_th = 9.897770e-01, time=2025-04-11 12:33:14 
jj1 = 823, max_th = 1.057952e+00, time=2025-04-11 12:33:50 
jj1 = 805, max_th = 1.685303e+00, time=2025-04-11 12:34:36 
jj1 = 781, max_th = 2.337497e+00, time=2025-04-11 12:36:04 
jj1 = 815, max_th = 1.898335e+00, time=2025-04-11 12:37:12 
jj1 = 847, max_th = 1.618301e+00, time=2025-04-11 12:39:00 
jj1 = 837, max_th = 1.763426e+00, time=2025-04-11 12:41:10 
jj1 = 670, max_th = 1.622443e+00, time=2025-04-11 12:41:18 
jj1 = 793, max_th = 2.632609e+00, time=2025-04-11 12:43:34 
jj1 = 749, max_th = 2.049859e+00, time=2025-04-11 12:46:32 
jj1 = 529, max_th = 2.262925e+00, time=2025-04-11 12:47:10 
jj1 = 698, max_th = 1.524097e+00, time=2025-04-11 12:47:34 
jj1 = 804, max_th = 1.687904e+00, time=2025-04-11 12:49:27 
jj1 = 893, max_th = 1.919401e+00, time=2025-04-11 12:53:22 
jj1 = 814, max_th = 1.789979e+00, time=2025-04-11 12:57:56 
jj1 = 822, max_th = 2.339444e+00, time=2025-04-11 12:58:56 
jj1 = 780, max_th = 1.924186e+00, time=2025-04-11 12:59:47 
jj1 = 792, max_th = 1.847072e+00, time=2025-04-11 13:00:58 
jj1 = 669, max_th = 2.176576e+00, time=2025-04-11 13:01:50 
jj1 = 803, max_th = 2.338726e+00, time=2025-04-11 13:03:28 
jj1 = 858, max_th = 2.309994e+00, time=2025-04-11 13:06:43 
jj1 = 821, max_th = 2.549886e+00, time=2025-04-11 13:06:51 
jj1 = 697, max_th = 1.984343e+00, time=2025-04-11 13:08:48 
jj1 = 836, max_th = 2.180355e+00, time=2025-04-11 13:08:53 
jj1 = 892, max_th = 2.359285e+00, time=2025-04-11 13:09:10 
jj1 = 820, max_th = 2.997640e+00, time=2025-04-11 13:09:10 
jj1 = 878, max_th = 2.114749e+00, time=2025-04-11 13:09:18 
jj1 = 813, max_th = 1.439969e+00, time=2025-04-11 13:09:45 
jj1 = 779, max_th = 1.433313e+00, time=2025-04-11 13:13:05 
jj1 = 846, max_th = 1.843848e+00, time=2025-04-11 13:13:38 
jj1 = 891, max_th = 1.069322e+00, time=2025-04-11 13:13:48 
jj1 = 802, max_th = 1.801984e+00, time=2025-04-11 13:13:54 
jj1 = 857, max_th = 1.379692e+00, time=2025-04-11 13:17:22 
jj1 = 791, max_th = 1.840474e+00, time=2025-04-11 13:19:37 
jj1 = 877, max_th = 1.291019e+00, time=2025-04-11 13:21:19 
jj1 = 890, max_th = 1.407616e+00, time=2025-04-11 13:22:24 
jj1 = 819, max_th = 2.387754e+00, time=2025-04-11 13:22:33 
jj1 = 696, max_th = 1.598380e+00, time=2025-04-11 13:22:44 
jj1 = 898, max_th = 1.138723e+00, time=2025-04-11 13:23:25 
jj1 = 868, max_th = 1.843151e+00, time=2025-04-11 13:25:59 
jj1 = 835, max_th = 1.624877e+00, time=2025-04-11 13:26:39 
jj1 = 790, max_th = 2.717872e+00, time=2025-04-11 13:29:53 
jj1 = 812, max_th = 1.514581e+00, time=2025-04-11 13:30:12 
jj1 = 856, max_th = 2.454037e+00, time=2025-04-11 13:30:22 
jj1 = 789, max_th = 1.000047e+00, time=2025-04-11 13:31:28 
jj1 = 889, max_th = 1.318216e+00, time=2025-04-11 13:32:03 
jj1 = 801, max_th = 2.274701e+00, time=2025-04-11 13:32:18 
jj1 = 845, max_th = 1.807250e+00, time=2025-04-11 13:34:09 
jj1 = 844, max_th = 3.360497e+00, time=2025-04-11 13:34:37 
jj1 = 908, max_th = 8.611421e-01, time=2025-04-11 13:35:14 
jj1 = 800, max_th = 2.874157e+00, time=2025-04-11 13:37:38 
jj1 = 843, max_th = 1.038230e+00, time=2025-04-11 13:38:58 
jj1 = 897, max_th = 1.979680e+00, time=2025-04-11 13:38:58 
jj1 = 811, max_th = 1.340955e+00, time=2025-04-11 13:39:04 
jj1 = 903, max_th = 2.616620e+00, time=2025-04-11 13:39:10 
jj1 = 695, max_th = 1.796460e+00, time=2025-04-11 13:40:11 
jj1 = 876, max_th = 2.067156e+00, time=2025-04-11 13:40:19 
jj1 = 834, max_th = 1.784812e+00, time=2025-04-11 13:40:40 
jj1 = 902, max_th = 7.907355e-01, time=2025-04-11 13:40:45 
jj1 = 855, max_th = 1.377617e+00, time=2025-04-11 13:44:07 
jj1 = 896, max_th = 4.691419e-03, time=2025-04-11 13:46:11 
jj1 = 854, max_th = 3.000787e+00, time=2025-04-11 13:47:16 
jj1 = 867, max_th = 1.731326e+00, time=2025-04-11 13:47:41 
jj1 = 907, max_th = 1.487928e+00, time=2025-04-11 13:50:35 
jj1 = 694, max_th = 1.358113e+00, time=2025-04-11 13:50:45 
jj1 = 853, max_th = 2.763130e+00, time=2025-04-11 13:52:09 
jj1 = 833, max_th = 1.687476e+00, time=2025-04-11 13:54:08 
jj1 = 799, max_th = 1.689817e+00, time=2025-04-11 13:54:28 
jj1 = 810, max_th = 2.428684e+00, time=2025-04-11 13:55:54 
jj1 = 842, max_th = 1.934152e+00, time=2025-04-11 13:56:07 
jj1 = 895, max_th = 1.402276e+00, time=2025-04-11 13:56:17 
jj1 = 901, max_th = 2.448326e+00, time=2025-04-11 13:56:34 
jj1 = 832, max_th = 2.993410e+00, time=2025-04-11 13:56:35 
jj1 = 875, max_th = 2.235909e+00, time=2025-04-11 13:58:24 
jj1 = 933, max_th = 1.823866e+00, time=2025-04-11 14:00:44 
jj1 = 906, max_th = 2.535973e+00, time=2025-04-11 14:01:11 
jj1 = 693, max_th = 1.532185e+00, time=2025-04-11 14:03:25 
jj1 = 831, max_th = 1.099770e+00, time=2025-04-11 14:03:45 
jj1 = 918, max_th = 1.697124e+00, time=2025-04-11 14:04:14 
jj1 = 894, max_th = 1.506634e+00, time=2025-04-11 14:05:37 
jj1 = 900, max_th = 1.328521e+00, time=2025-04-11 14:06:07 
jj1 = 866, max_th = 1.797829e+00, time=2025-04-11 14:07:58 
jj1 = 852, max_th = 2.360722e+00, time=2025-04-11 14:09:09 
jj1 = 809, max_th = 2.105780e+00, time=2025-04-11 14:10:42 
jj1 = 917, max_th = 1.154349e+00, time=2025-04-11 14:11:17 
jj1 = 874, max_th = 2.493675e+00, time=2025-04-11 14:11:58 
jj1 = 841, max_th = 2.183171e+00, time=2025-04-11 14:13:13 
jj1 = 932, max_th = 2.340272e+00, time=2025-04-11 14:14:55 
jj1 = 830, max_th = 1.406237e+00, time=2025-04-11 14:15:19 
jj1 = 899, max_th = 2.504470e+00, time=2025-04-11 14:16:49 
jj1 = 692, max_th = 2.361942e+00, time=2025-04-11 14:17:46 
jj1 = 691, max_th = 2.812752e+00, time=2025-04-11 14:21:11 
jj1 = 865, max_th = 2.296900e+00, time=2025-04-11 14:22:53 
jj1 = 931, max_th = 1.410037e+00, time=2025-04-11 14:23:19 
jj1 = 690, max_th = 3.120483e+00, time=2025-04-11 14:23:29 
jj1 = 829, max_th = 1.266149e+00, time=2025-04-11 14:24:23 
jj1 = 952, max_th = 2.089430e+00, time=2025-04-11 14:24:24 
jj1 = 905, max_th = 2.214902e+00, time=2025-04-11 14:27:03 
jj1 = 851, max_th = 1.809539e+00, time=2025-04-11 14:28:36 
jj1 = 840, max_th = 2.187144e+00, time=2025-04-11 14:30:25 
jj1 = 916, max_th = 1.908851e+00, time=2025-04-11 14:30:36 
jj1 = 873, max_th = 2.042367e+00, time=2025-04-11 14:30:39 
jj1 = 956, max_th = 1.733183e+00, time=2025-04-11 14:34:34 
jj1 = 923, max_th = 2.395475e+00, time=2025-04-11 14:37:38 
jj1 = 850, max_th = 2.195612e+00, time=2025-04-11 14:38:57 
jj1 = 913, max_th = 2.431870e+00, time=2025-04-11 14:39:30 
jj1 = 689, max_th = 1.960560e+00, time=2025-04-11 14:42:14 
jj1 = 864, max_th = 2.046231e+00, time=2025-04-11 14:45:02 
jj1 = 930, max_th = 1.986490e+00, time=2025-04-11 14:45:54 
jj1 = 872, max_th = 1.936705e+00, time=2025-04-11 14:49:06 
jj1 = 915, max_th = 1.769541e+00, time=2025-04-11 14:49:47 
jj1 = 904, max_th = 2.225007e+00, time=2025-04-11 14:52:19 
jj1 = 839, max_th = 1.905884e+00, time=2025-04-11 14:52:28 
jj1 = 888, max_th = 2.457215e+00, time=2025-04-11 14:53:25 
jj1 = 922, max_th = 2.009905e+00, time=2025-04-11 14:57:41 
jj1 = 912, max_th = 1.682937e+00, time=2025-04-11 14:57:58 
jj1 = 887, max_th = 1.173190e+00, time=2025-04-11 14:58:34 
jj1 = 929, max_th = 1.453408e+00, time=2025-04-11 14:59:30 
jj1 = 955, max_th = 2.330840e+00, time=2025-04-11 14:59:56 
jj1 = 951, max_th = 2.018036e+00, time=2025-04-11 15:00:12 
jj1 = 964, max_th = 4.165433e-01, time=2025-04-11 15:01:31 
jj1 = 863, max_th = 2.527153e+00, time=2025-04-11 15:02:10 
jj1 = 849, max_th = 1.842610e+00, time=2025-04-11 15:02:17 
jj1 = 928, max_th = 1.479975e+00, time=2025-04-11 15:05:27 
jj1 = 871, max_th = 2.392870e+00, time=2025-04-11 15:05:32 
jj1 = 954, max_th = 2.978168e+00, time=2025-04-11 15:05:43 
jj1 = 914, max_th = 2.129443e+00, time=2025-04-11 15:08:07 
jj1 = 960, max_th = 2.530675e+00, time=2025-04-11 15:08:44 
jj1 = 886, max_th = 1.517951e+00, time=2025-04-11 15:08:55 
jj1 = 921, max_th = 1.942960e+00, time=2025-04-11 15:13:18 
jj1 = 911, max_th = 1.819693e+00, time=2025-04-11 15:16:11 
jj1 = 870, max_th = 2.582694e+00, time=2025-04-11 15:18:00 
jj1 = 963, max_th = 2.291922e+00, time=2025-04-11 15:18:16 
jj1 = 950, max_th = 1.888671e+00, time=2025-04-11 15:19:09 
jj1 = 953, max_th = 1.585055e+00, time=2025-04-11 15:19:17 
jj1 = 869, max_th = 2.961564e+00, time=2025-04-11 15:20:32 
jj1 = 927, max_th = 2.326864e+00, time=2025-04-11 15:20:56 
jj1 = 980, max_th = 8.217019e-01, time=2025-04-11 15:20:56 
jj1 = 959, max_th = 2.581621e+00, time=2025-04-11 15:22:20 
jj1 = 943, max_th = 2.225853e+00, time=2025-04-11 15:22:30 
jj1 = 968, max_th = 2.217913e+00, time=2025-04-11 15:25:28 
jj1 = 862, max_th = 2.012798e+00, time=2025-04-11 15:27:10 
jj1 = 920, max_th = 2.489673e+00, time=2025-04-11 15:27:52 
jj1 = 979, max_th = 2.739906e+00, time=2025-04-11 15:29:07 
jj1 = 885, max_th = 1.915617e+00, time=2025-04-11 15:30:32 
jj1 = 962, max_th = 1.413644e+00, time=2025-04-11 15:30:35 
jj1 = 919, max_th = 2.988761e+00, time=2025-04-11 15:31:09 
jj1 = 949, max_th = 2.686455e+00, time=2025-04-11 15:32:15 
jj1 = 938, max_th = 2.347240e+00, time=2025-04-11 15:35:27 
jj1 = 961, max_th = 1.237151e+00, time=2025-04-11 15:36:02 
jj1 = 984, max_th = 2.444546e+00, time=2025-04-11 15:38:09 
jj1 = 958, max_th = 2.143298e+00, time=2025-04-11 15:40:35 
jj1 = 910, max_th = 1.907040e+00, time=2025-04-11 15:40:48 
jj1 = 926, max_th = 1.826614e+00, time=2025-04-11 15:41:30 
jj1 = 942, max_th = 2.060849e+00, time=2025-04-11 15:43:44 
jj1 = 978, max_th = 1.534980e+00, time=2025-04-11 15:44:50 
jj1 = 967, max_th = 1.620984e+00, time=2025-04-11 15:46:27 
jj1 = 972, max_th = 1.478891e+00, time=2025-04-11 15:46:55 
jj1 = 861, max_th = 2.245443e+00, time=2025-04-11 15:46:55 
jj1 = 925, max_th = 1.402031e+00, time=2025-04-11 15:49:33 
jj1 = 937, max_th = 1.517378e+00, time=2025-04-11 15:52:04 
jj1 = 884, max_th = 2.010407e+00, time=2025-04-11 15:53:38 
jj1 = 997, max_th = 2.409276e+00, time=2025-04-11 15:55:15 
jj1 = 883, max_th = 7.820960e-01, time=2025-04-11 15:56:04 
jj1 = 909, max_th = 1.855549e+00, time=2025-04-11 15:59:04 
jj1 = 882, max_th = 7.885957e-01, time=2025-04-11 16:00:02 
jj1 = 977, max_th = 1.433903e+00, time=2025-04-11 16:00:20 
jj1 = 941, max_th = 1.641412e+00, time=2025-04-11 16:00:32 
jj1 = 971, max_th = 1.568534e+00, time=2025-04-11 16:01:15 
jj1 = 983, max_th = 2.021012e+00, time=2025-04-11 16:01:18 
jj1 = 957, max_th = 2.063920e+00, time=2025-04-11 16:01:34 
jj1 = 966, max_th = 2.239462e+00, time=2025-04-11 16:05:26 
jj1 = 924, max_th = 1.949063e+00, time=2025-04-11 16:07:13 
jj1 = 860, max_th = 2.057137e+00, time=2025-04-11 16:07:49 
jj1 = 1000, max_th = 2.456678e+00, time=2025-04-11 16:09:54 
jj1 = 970, max_th = 2.591237e+00, time=2025-04-11 16:11:29 
jj1 = 996, max_th = 1.283131e+00, time=2025-04-11 16:14:40 
jj1 = 881, max_th = 2.473719e+00, time=2025-04-11 16:15:30 
jj1 = 859, max_th = 2.497036e+00, time=2025-04-11 16:18:08 
jj1 = 936, max_th = 2.140323e+00, time=2025-04-11 16:19:16 
jj1 = 982, max_th = 2.194893e+00, time=2025-04-11 16:19:54 
jj1 = 976, max_th = 2.034468e+00, time=2025-04-11 16:20:12 
jj1 = 992, max_th = 2.211797e+00, time=2025-04-11 16:20:13 
jj1 = 940, max_th = 1.984506e+00, time=2025-04-11 16:22:38 
jj1 = 948, max_th = 2.817743e+00, time=2025-04-11 16:22:40 
jj1 = 995, max_th = 2.458482e+00, time=2025-04-11 16:25:50 
jj1 = 969, max_th = 1.766561e+00, time=2025-04-11 16:26:48 
jj1 = 880, max_th = 2.305250e+00, time=2025-04-11 16:32:26 
jj1 = 965, max_th = 2.027827e+00, time=2025-04-11 16:32:55 
jj1 = 935, max_th = 2.294857e+00, time=2025-04-11 16:33:57 
jj1 = 991, max_th = 2.491507e+00, time=2025-04-11 16:34:16 
jj1 = 939, max_th = 1.546128e+00, time=2025-04-11 16:34:25 
jj1 = 981, max_th = 2.423451e+00, time=2025-04-11 16:34:29 
jj1 = 879, max_th = 1.112804e+00, time=2025-04-11 16:38:36 
jj1 = 947, max_th = 1.848062e+00, time=2025-04-11 16:38:44 
jj1 = 975, max_th = 1.626858e+00, time=2025-04-11 16:39:49 
jj1 = 999, max_th = 2.545383e+00, time=2025-04-11 16:43:08 
jj1 = 994, max_th = 1.785158e+00, time=2025-04-11 16:43:19 
jj1 = 988, max_th = 9.950976e-01, time=2025-04-11 16:47:01 
jj1 = 934, max_th = 2.331807e+00, time=2025-04-11 16:49:07 
jj1 = 990, max_th = 1.551123e+00, time=2025-04-11 16:51:47 
jj1 = 998, max_th = 2.183762e+00, time=2025-04-11 16:52:36 
jj1 = 987, max_th = 1.114208e+00, time=2025-04-11 16:54:19 
jj1 = 946, max_th = 1.517992e+00, time=2025-04-11 16:58:49 
jj1 = 974, max_th = 1.961772e+00, time=2025-04-11 16:59:23 
jj1 = 993, max_th = 1.708400e+00, time=2025-04-11 17:00:42 
jj1 = 989, max_th = 1.474623e+00, time=2025-04-11 17:06:24 
jj1 = 945, max_th = 1.278949e+00, time=2025-04-11 17:08:08 
jj1 = 986, max_th = 1.721874e+00, time=2025-04-11 17:14:22 
jj1 = 973, max_th = 2.516573e+00, time=2025-04-11 17:15:48 
jj1 = 944, max_th = 2.007500e+00, time=2025-04-11 17:23:41 
jj1 = 985, max_th = 1.428852e+00, time=2025-04-11 17:26:59 
>> >> >> >> >> >> >> >> >> 