MATLAB is selecting SOFTWARE OPENGL rendering.

                            < M A T L A B (R) >
                  Copyright 1984-2021 The MathWorks, Inc.
                  R2021b (9.11.0.1769968) 64-bit (glnxa64)
                             September 17, 2021

 
To get started, type doc.
For product information, visit www.mathworks.com.
 
>> >> >> >> >> >> >> >> >> >> >> >> >> >> >> >> >> >> >> Starting parallel pool (parpool) using the 'local' profile ...
[Warning: A task was unexpectedly found in state: Unavailable.] 
[> In parallel.cluster.Local/deriveJobStateFromTasks (line 29)
In parallel.cluster/Local/getJobState (line 174)
In parallel.cluster/CJSCluster/hGetJobState (line 375)
In parallel.internal.cluster/CJSJobMixin/hGetStateEnum (line 175)
In parallel/Job/get.StateEnum (line 247)
In parallel/Job/get.State (line 239)
In parallel.internal.customattr.CustomGetSet>iVectorisedGetHelper (line 128)
In parallel.internal.customattr.CustomGetSet>@(a,b,c)iVectorisedGetHelper(obj,a,b,c) (line 102)
In parallel.internal.customattr/CustomGetSet/doVectorisedGet (line 103)
In parallel.internal.customattr/CustomGetSet/hVectorisedGet (line 76)
In parallel.internal.customattr.GetSetImpl>iAccessProperties (line 322)
In parallel.internal.customattr.GetSetImpl>iGetAllPropertiesVec (line 264)
In parallel.internal.customattr/GetSetImpl/getImpl (line 133)
In parallel.internal.customattr.CustomGetSet>iHetFunGetFunction (line 154)
In parallel.internal.customattr.CustomGetSet>@(o)iHetFunGetFunction(o,props) (line 139)
In parallel.internal.cluster.hetfun (line 46)
In parallel.internal.customattr.CustomGetSet>iHetFunGetProperty (line 139)
In parallel.internal.customattr/CustomGetSet/get (line 38)
In parallel.internal.pool/AbstractInteractiveClient/pRemoveOldJobs (line 211)
In parallel.internal.pool/AbstractInteractiveClient/start (line 103)
In parallel.internal.pool.AbstractClusterPool>iStartClient (line 831)
In parallel.internal.pool/AbstractClusterPool/hBuildPool (line 585)
In parallel.internal.pool.doParpool (line 22)
In parpool (line 123)
In parallel.internal.parpool.getOrCreateCurrentPool (line 17)
In parallel.internal.pool/PoolArrayManager/getOrAutoCreateWithCleanup (line 44)
In pctTryCreatePoolIfNecessary (line 28)
In parallel_function (line 423)
In fn_measure (line 41)] 
Connected to the parallel pool (number of workers: 12).
Error of vP is 8.903082e-08 
Error of vP is 5.505682e-08 
Error of vP is 7.463358e-08 
Error of vP is 5.491170e-08 
Error of vP is 7.909678e-08 
Error of vP is 5.257140e-08 
Error of vP is 5.025110e-08 
Error of vP is 8.786126e-08 
Error of vP is 6.112685e-08 
Error of vP is 8.117508e-08 
Error of vP is 5.603009e-08 
Error of vP is 9.110117e-08 
Error of vP is 8.598308e-08 
Error of vP is 9.633461e-08 
Error of vP is 9.157742e-08 
Error of vP is 7.069285e-08 
Error of vP is 7.280208e-08 
Error of vP is 1.657215e-07 
Error of vP is 1.201924e-07 
Error of vP is 8.625539e-08 
Error of vP is 5.217506e-08 
Error of vP is 6.263674e-08 
Error of vP is 5.742926e-08 
Error of vP is 5.316507e-08 
Error of vP is 1.609083e-07 
Error of vP is 6.257209e-08 
Error of vP is 1.512944e-07 
Error of vP is 1.582057e-07 
Error of vP is 1.141146e-07 
Error of vP is 6.055815e-08 
Error of vP is 9.738175e-08 
Error of vP is 8.346752e-08 
Error of vP is 1.258293e-07 
Error of vP is 1.187754e-07 
Error of vP is 6.484544e-08 
Error of vP is 5.304385e-08 
Error of vP is 8.017140e-08 
Error of vP is 1.354949e-07 
Error of vP is 7.165216e-08 
Error of vP is 7.229781e-08 
Error of vP is 1.223344e-07 
Error of vP is 1.587963e-07 
Error of vP is 8.358305e-08 
Error of vP is 5.502814e-08 
Error of vP is 1.888039e-07 
Error of vP is 5.553559e-08 
Error of vP is 2.107827e-07 
Error of vP is 1.563491e-07 
Error of vP is 8.046746e-08 
Error of vP is 1.892197e-07 
Error of vP is 2.284466e-07 
Error of vP is 2.452658e-07 
Error of vP is 1.836695e-07 
Error of vP is 3.468928e-07 
Error of vP is 2.387504e-07 
Error of vP is 2.492715e-07 
Error of vP is 1.687380e-07 
Error of vP is 5.006678e-08 
Error of vP is 2.102587e-07 
Error of vP is 5.650074e-08 
Error of vP is 5.437993e-08 
Error of vP is 1.439994e-07 
Error of vP is 5.512412e-08 
Error of vP is 7.576951e-08 
Error of vP is 8.408200e-08 
Error of vP is 1.188815e-07 
Error of vP is 7.320670e-08 
Error of vP is 5.103171e-08 
Error of vP is 6.731428e-08 
Error of vP is 5.141595e-08 
Error of vP is 5.570288e-08 
Error of vP is 7.697610e-08 
Error of vP is 5.402502e-08 
Error of vP is 6.069541e-08 
Error of vP is 5.265891e-08 
Error of vP is 3.156523e-07 
Error of vP is 7.166884e-08 
Error of vP is 7.452155e-08 
Error of vP is 6.328621e-08 
Error of vP is 5.597046e-08 
Error of vP is 5.526371e-08 
Error of vP is 6.048096e-08 
Error of vP is 9.506989e-08 
Error of vP is 1.419014e-07 
Error of vP is 7.686105e-08 
Error of vP is 9.177802e-08 
Error of vP is 8.412621e-08 
Error of vP is 8.006871e-08 
Error of vP is 6.683703e-08 
Error of vP is 9.240928e-08 
Error of vP is 5.223384e-08 
Error of vP is 5.915661e-08 
Error of vP is 5.827163e-08 
Error of vP is 5.529860e-08 
Error of vP is 5.436176e-08 
Error of vP is 5.937112e-08 
Error of vP is 8.403111e-08 
Error of vP is 5.132793e-08 
Error of vP is 8.011753e-08 
Error of vP is 1.357848e-07 
Error of vP is 9.180162e-08 
Error of vP is 1.037982e-07 
Error of vP is 1.042554e-07 
Error of vP is 8.103760e-08 
Error of vP is 5.035737e-08 
Error of vP is 5.459260e-08 
Error of vP is 5.974889e-08 
Error of vP is 1.163417e-07 
Error of vP is 9.663401e-08 
Error of vP is 9.193755e-08 
Error of vP is 7.742973e-08 
Error of vP is 7.488625e-08 
Error of vP is 7.097690e-08 
Error of vP is 5.161204e-08 
Error of vP is 7.931259e-08 
Error of vP is 1.041607e-07 
Error of vP is 1.169035e-07 
Error of vP is 7.393809e-08 
Error of vP is 6.414539e-08 
Error of vP is 5.478896e-08 
Error of vP is 5.309402e-08 
Error of vP is 5.475936e-08 
Error of vP is 7.259675e-08 
Error of vP is 7.666125e-08 
Error of vP is 1.068059e-07 
Error of vP is 8.332474e-08 
Error of vP is 7.206745e-08 
Error of vP is 1.509346e-07 
Error of vP is 1.769417e-07 
Error of vP is 9.715895e-08 
Error of vP is 9.891657e-08 
Error of vP is 2.407080e-07 
Error of vP is 2.813539e-07 
Error of vP is 1.415764e-07 
Error of vP is 2.868707e-07 
Error of vP is 5.383059e-08 
Error of vP is 7.470704e-08 
Error of vP is 6.474140e-08 
Error of vP is 8.210177e-08 
Error of vP is 5.448150e-08 
Error of vP is 5.305105e-08 
Error of vP is 8.262880e-08 
Error of vP is 2.155100e-07 
Error of vP is 8.430265e-08 
Error of vP is 1.791885e-07 
Error of vP is 7.560612e-08 
Error of vP is 7.650487e-08 
Error of vP is 9.822821e-08 
Error of vP is 1.308608e-07 
Error of vP is 1.964281e-07 
Error of vP is 1.326817e-07 
Error of vP is 2.067153e-07 
Error of vP is 6.147193e-08 
Error of vP is 7.959574e-08 
Error of vP is 2.203476e-07 
Error of vP is 1.491070e-07 
Error of vP is 1.466188e-07 
Error of vP is 1.414105e-07 
Error of vP is 1.693729e-07 
Error of vP is 1.492838e-07 
Error of vP is 1.243685e-07 
Error of vP is 8.870827e-08 
Error of vP is 7.463380e-08 
Error of vP is 2.912768e-07 
Error of vP is 1.246233e-07 
Error of vP is 3.424303e-07 
Error of vP is 1.118189e-07 
Error of vP is 6.081480e-08 
Error of vP is 1.691482e-07 
Error of vP is 2.022142e-07 
Error of vP is 2.262209e-07 
Error of vP is 1.585191e-07 
Error of vP is 2.974102e-07 
Error of vP is 9.113633e-08 
Error of vP is 6.325040e-07 
Error of vP is 1.395730e-07 
Error of vP is 2.818643e-07 
Error of vP is 6.883869e-08 
Error of vP is 6.893311e-08 
Error of vP is 6.025322e-08 
Error of vP is 7.147957e-08 
Error of vP is 1.207713e-07 
Error of vP is 6.209600e-08 
Error of vP is 6.409154e-08 
Error of vP is 1.230977e-07 
Error of vP is 7.781305e-08 
Error of vP is 5.401910e-08 
Error of vP is 8.505741e-08 
Error of vP is 7.381618e-08 
Error of vP is 7.214976e-08 
Error of vP is 1.034079e-07 
Error of vP is 5.009246e-08 
Error of vP is 6.011421e-08 
Error of vP is 7.817696e-08 
Error of vP is 9.394059e-08 
Error of vP is 5.188367e-08 
Error of vP is 1.301993e-07 
Error of vP is 7.899066e-08 
Error of vP is 8.683800e-08 
Error of vP is 5.059385e-08 
Error of vP is 6.251628e-08 
Error of vP is 5.675304e-08 
Error of vP is 8.733523e-08 
Error of vP is 1.164558e-07 
Error of vP is 1.534198e-07 
Error of vP is 1.466013e-07 
Error of vP is 7.016709e-08 
Error of vP is 6.377140e-08 
Error of vP is 9.292702e-08 
Error of vP is 9.576109e-08 
Error of vP is 1.749716e-07 
Error of vP is 1.805363e-07 
Error of vP is 1.390452e-07 
Error of vP is 6.070110e-08 
Error of vP is 7.227241e-08 
Error of vP is 9.519016e-08 
Error of vP is 7.342824e-08 
Error of vP is 5.111303e-08 
Error of vP is 6.619489e-08 
Error of vP is 8.998511e-08 
Error of vP is 1.920469e-07 
Error of vP is 9.612712e-08 
Error of vP is 1.058003e-07 
Error of vP is 6.721123e-08 
Error of vP is 8.785364e-08 
Error of vP is 7.027994e-08 
Error of vP is 1.625873e-07 
Error of vP is 1.720891e-07 
Error of vP is 1.256315e-07 
Error of vP is 5.231966e-08 
Error of vP is 1.033103e-07 
Error of vP is 8.300622e-08 
Error of vP is 5.468417e-08 
Error of vP is 6.165956e-08 
Error of vP is 8.775653e-08 
Error of vP is 1.927747e-07 
Error of vP is 1.299151e-07 
Error of vP is 2.292561e-07 
Error of vP is 8.097095e-08 
Error of vP is 2.445989e-07 
Error of vP is 9.461191e-08 
Error of vP is 6.205516e-08 
Error of vP is 8.943741e-08 
Error of vP is 1.678864e-07 
Error of vP is 5.120155e-08 
Error of vP is 9.085578e-08 
Error of vP is 8.578245e-08 
Error of vP is 2.490479e-07 
Error of vP is 5.405517e-08 
Error of vP is 5.470420e-08 
Error of vP is 7.721522e-08 
Error of vP is 5.228358e-08 
Error of vP is 7.635071e-08 
Error of vP is 6.311972e-08 
Error of vP is 1.128804e-07 
Error of vP is 9.160927e-08 
Error of vP is 5.396712e-08 
Error of vP is 8.630169e-08 
Error of vP is 6.807431e-08 
Error of vP is 1.330012e-07 
Error of vP is 5.070429e-08 
Error of vP is 8.941929e-08 
Error of vP is 7.418049e-08 
Error of vP is 8.662338e-08 
Error of vP is 5.530834e-08 
Error of vP is 5.394537e-08 
Error of vP is 8.068832e-08 
Error of vP is 5.687667e-08 
Error of vP is 7.583397e-08 
Error of vP is 5.625941e-08 
Error of vP is 8.348044e-08 
Error of vP is 1.017094e-07 
Error of vP is 5.447669e-08 
Error of vP is 7.628912e-08 
Error of vP is 5.295048e-08 
Error of vP is 1.400525e-07 
Error of vP is 1.335016e-07 
Error of vP is 9.002883e-08 
Error of vP is 7.094645e-08 
Error of vP is 6.187620e-08 
Error of vP is 6.029833e-08 
Error of vP is 5.307529e-08 
Error of vP is 5.035400e-08 
Error of vP is 1.185406e-07 
Error of vP is 5.056172e-08 
Error of vP is 7.258949e-08 
Error of vP is 5.041458e-08 
Error of vP is 6.882753e-08 
Error of vP is 6.387997e-08 
Error of vP is 5.676667e-08 
Error of vP is 8.842506e-08 
Error of vP is 6.959718e-08 
Error of vP is 6.465145e-08 
Error of vP is 6.241536e-08 
Error of vP is 5.453464e-08 
Error of vP is 9.761411e-08 
Error of vP is 6.706593e-08 
Error of vP is 6.371692e-08 
Error of vP is 1.072097e-07 
Error of vP is 1.382283e-07 
Error of vP is 9.312978e-08 
Error of vP is 9.120837e-08 
Error of vP is 6.277735e-08 
Error of vP is 5.051188e-08 
Error of vP is 1.092418e-07 
Error of vP is 9.175679e-08 
Error of vP is 1.069061e-07 
Error of vP is 7.103964e-08 
Error of vP is 9.834767e-08 
Error of vP is 1.224572e-07 
Error of vP is 7.424947e-08 
Error of vP is 7.510530e-08 
Error of vP is 1.109923e-07 
Error of vP is 9.695767e-08 
Error of vP is 7.109603e-08 
Error of vP is 9.238676e-08 
Error of vP is 9.172198e-08 
Error of vP is 1.012287e-07 
Error of vP is 8.598809e-08 
Error of vP is 3.146657e-07 
Error of vP is 8.257533e-08 
Error of vP is 8.106203e-08 
Error of vP is 2.321962e-07 
Error of vP is 8.434098e-08 
Error of vP is 1.636394e-07 
Error of vP is 9.508512e-08 
Error of vP is 8.290735e-08 
Error of vP is 1.284151e-07 
Error of vP is 6.296460e-08 
Error of vP is 5.395365e-08 
Error of vP is 1.033906e-07 
Error of vP is 2.008317e-07 
Error of vP is 1.985285e-07 
Error of vP is 1.283157e-07 
Error of vP is 5.526242e-08 
Error of vP is 5.969571e-08 
Error of vP is 7.152327e-08 
Error of vP is 1.044975e-07 
Error of vP is 1.728053e-07 
Error of vP is 2.039412e-07 
Error of vP is 1.558292e-07 
Error of vP is 8.411054e-08 
Error of vP is 3.670621e-07 
Error of vP is 1.395025e-07 
Error of vP is 6.472995e-08 
Error of vP is 1.129517e-07 
Error of vP is 1.116208e-07 
Error of vP is 1.887080e-07 
Error of vP is 8.464751e-08 
Error of vP is 3.477819e-07 
Error of vP is 1.663063e-07 
Error of vP is 5.292419e-07 
Error of vP is 6.382551e-07 
Error of vP is 8.219769e-07 
Error of vP is 1.383633e-07 
Error of vP is 4.759101e-07 
Error of vP is 5.277682e-07 
Error of vP is 2.174263e-07 
Error of vP is 7.088354e-07 
Error of vP is 5.965738e-07 
Error of vP is 7.049537e-08 
Error of vP is 7.588777e-07 
Error of vP is 9.640352e-08 
Error of vP is 4.675258e-07 
Error of vP is 2.694534e-07 
Error of vP is 1.542741e-07 
Error of vP is 1.713099e-07 
Error of vP is 5.146479e-08 
Error of vP is 7.478148e-08 
Error of vP is 6.230140e-08 
Error of vP is 5.016986e-08 
Error of vP is 5.460537e-08 
Error of vP is 5.474553e-08 
Error of vP is 5.145221e-08 
Error of vP is 1.182164e-07 
Error of vP is 1.326973e-07 
Error of vP is 7.191835e-08 
Error of vP is 5.575900e-08 
Error of vP is 1.273465e-07 
Error of vP is 1.284777e-07 
Error of vP is 1.340494e-07 
Error of vP is 6.543116e-08 
Error of vP is 1.477284e-07 
Error of vP is 1.429626e-07 
Error of vP is 1.015910e-07 
Error of vP is 6.922589e-08 
Error of vP is 5.222939e-07 
Error of vP is 9.598166e-08 
Error of vP is 2.625296e-07 
Error of vP is 5.067060e-08 
Error of vP is 6.380157e-07 
Error of vP is 2.316043e-07 
Error of vP is 2.976263e-07 
Error of vP is 3.688748e-07 
Error of vP is 1.734198e-07 
Error of vP is 1.076503e-07 
Error of vP is 3.193556e-07 
Error of vP is 2.649909e-07 
Error of vP is 5.740487e-08 
Error of vP is 1.085258e-07 
Error of vP is 2.340452e-07 
Error of vP is 1.824544e-07 
Error of vP is 7.892241e-08 
Error of vP is 9.730521e-07 
Error of vP is 1.888677e-07 
Error of vP is 5.997722e-07 
Error of vP is 5.046156e-07 
Error of vP is 5.231104e-08 
Error of vP is 5.591185e-08 
Error of vP is 5.897746e-08 
Error of vP is 1.644128e-07 
Error of vP is 5.057765e-07 
Error of vP is 1.284635e-07 
Error of vP is 5.901121e-08 
Error of vP is 5.330676e-08 
Error of vP is 8.323986e-08 
Error of vP is 6.472098e-08 
Error of vP is 6.823620e-08 
Error of vP is 5.200019e-08 
Error of vP is 6.409618e-08 
Error of vP is 5.080876e-08 
Error of vP is 5.584695e-08 
Error of vP is 6.157620e-08 
Error of vP is 5.316511e-08 
Error of vP is 6.178151e-08 
Error of vP is 6.486309e-08 
Error of vP is 6.997552e-08 
Error of vP is 6.396227e-08 
Error of vP is 5.620123e-08 
Error of vP is 5.954151e-08 
Error of vP is 6.675965e-08 
Error of vP is 5.878820e-08 
Error of vP is 6.234989e-08 
Error of vP is 5.484319e-08 
Error of vP is 6.706100e-08 
Error of vP is 5.619128e-08 
Error of vP is 5.664141e-08 
Error of vP is 6.247113e-08 
Error of vP is 1.208852e-07 
Error of vP is 5.045044e-08 
Error of vP is 9.994168e-08 
Error of vP is 1.273831e-07 
Error of vP is 7.615152e-08 
Error of vP is 8.390300e-08 
Error of vP is 5.338228e-08 
Error of vP is 5.776292e-08 
Error of vP is 1.049401e-07 
Error of vP is 8.662140e-08 
Error of vP is 7.873942e-08 
Error of vP is 1.044010e-07 
Error of vP is 2.187301e-07 
Error of vP is 5.685573e-08 
Error of vP is 1.466557e-07 
Error of vP is 1.658420e-07 
Error of vP is 9.440419e-08 
Error of vP is 1.426057e-07 
Error of vP is 5.768570e-08 
Error of vP is 1.207093e-07 
Error of vP is 5.542837e-08 
Error of vP is 7.907790e-08 
Error of vP is 8.883108e-08 
Error of vP is 5.475642e-08 
Error of vP is 5.408806e-08 
Error of vP is 6.003589e-08 
Error of vP is 1.312096e-07 
Error of vP is 1.789719e-07 
Error of vP is 1.169837e-07 
Error of vP is 8.965951e-08 
Error of vP is 8.504849e-08 
Error of vP is 2.899107e-07 
Error of vP is 7.705842e-08 
Error of vP is 1.039872e-07 
Error of vP is 1.860195e-07 
Error of vP is 2.504611e-07 
Error of vP is 1.258186e-07 
Error of vP is 1.379636e-07 
Error of vP is 1.544012e-07 
Error of vP is 9.022658e-08 
Error of vP is 1.537023e-07 
Error of vP is 1.578787e-07 
Error of vP is 3.133360e-07 
Error of vP is 2.328429e-07 
Error of vP is 2.878770e-07 
Error of vP is 2.067986e-07 
Error of vP is 7.971763e-08 
Error of vP is 2.381336e-07 
Error of vP is 1.010913e-07 
Error of vP is 1.847033e-07 
Error of vP is 1.734735e-07 
Error of vP is 6.664477e-07 
Error of vP is 8.112507e-08 
Error of vP is 1.292049e-07 
Error of vP is 2.957273e-07 
Error of vP is 6.875359e-08 
Error of vP is 1.548361e-07 
Error of vP is 4.427238e-07 
Error of vP is 5.297539e-08 
Error of vP is 2.976797e-07 
Error of vP is 8.212644e-08 
Error of vP is 2.260100e-07 
Error of vP is 6.949833e-08 
Error of vP is 6.991750e-08 
Error of vP is 5.448815e-08 
Error of vP is 7.992578e-08 
Error of vP is 6.122651e-08 
Error of vP is 5.644171e-08 
Error of vP is 6.413231e-08 
Error of vP is 6.784357e-08 
Error of vP is 7.168373e-08 
Error of vP is 9.935538e-08 
Error of vP is 6.814262e-08 
Error of vP is 5.404291e-08 
Error of vP is 5.426635e-08 
Error of vP is 5.317828e-08 
Error of vP is 5.570735e-08 
Error of vP is 6.520011e-08 
Error of vP is 8.806442e-08 
Error of vP is 7.874366e-08 
Error of vP is 6.130201e-08 
Error of vP is 6.225836e-08 
Error of vP is 5.405947e-08 
Error of vP is 7.824190e-08 
Error of vP is 9.583962e-08 
Error of vP is 1.105357e-07 
Error of vP is 6.721069e-08 
Error of vP is 1.047647e-07 
Error of vP is 6.056411e-08 
Error of vP is 6.731646e-08 
Error of vP is 8.344045e-08 
Error of vP is 7.449633e-08 
Error of vP is 6.891636e-08 
Error of vP is 9.579433e-08 
Error of vP is 6.109555e-08 
Error of vP is 6.959928e-08 
Error of vP is 8.386550e-08 
Error of vP is 8.696984e-08 
Error of vP is 6.910774e-08 
Error of vP is 8.641767e-08 
Error of vP is 5.063386e-08 
Error of vP is 1.154485e-07 
Error of vP is 5.369276e-08 
Error of vP is 5.738265e-08 
Error of vP is 6.567378e-08 
Error of vP is 5.847981e-08 
Error of vP is 1.054546e-07 
Error of vP is 1.775331e-07 
Error of vP is 5.402427e-08 
Error of vP is 8.441460e-08 
Error of vP is 7.634073e-08 
Error of vP is 9.327681e-08 
Error of vP is 8.125086e-08 
Error of vP is 1.394496e-07 
Error of vP is 6.889440e-08 
Error of vP is 1.100987e-07 
Error of vP is 1.031607e-07 
Error of vP is 1.905584e-07 
Error of vP is 7.334406e-08 
Error of vP is 7.895605e-08 
Error of vP is 5.922251e-08 
Error of vP is 5.554559e-08 
Error of vP is 8.752064e-08 
Error of vP is 6.288612e-08 
Error of vP is 6.518788e-08 
Error of vP is 9.182393e-08 
Error of vP is 6.280354e-08 
Error of vP is 6.190908e-08 
Error of vP is 5.123774e-08 
Error of vP is 5.111225e-08 
Error of vP is 5.415538e-08 
Error of vP is 8.982131e-08 
Error of vP is 1.798422e-07 
Error of vP is 1.300888e-07 
Error of vP is 6.459996e-08 
Error of vP is 8.955409e-08 
Error of vP is 1.093565e-07 
Error of vP is 1.250852e-07 
Error of vP is 7.413168e-08 
Error of vP is 2.534809e-07 
Error of vP is 1.123160e-07 
Error of vP is 1.978278e-07 
Error of vP is 1.480897e-07 
Error of vP is 8.850722e-08 
Error of vP is 6.011417e-08 
Error of vP is 1.572706e-07 
Error of vP is 1.621579e-07 
Error of vP is 6.422176e-08 
Error of vP is 1.404551e-07 
Error of vP is 7.729709e-08 
Error of vP is 5.472174e-08 
Error of vP is 9.525045e-08 
Error of vP is 6.274840e-08 
Error of vP is 1.516889e-07 
Error of vP is 5.450181e-08 
Error of vP is 2.866719e-07 
Error of vP is 8.928897e-08 
Error of vP is 2.525696e-07 
Error of vP is 2.308829e-07 
Error of vP is 1.058272e-07 
Error of vP is 1.209322e-07 
Error of vP is 5.705739e-08 
Error of vP is 5.074547e-08 
Error of vP is 6.604661e-08 
Error of vP is 5.545376e-08 
Error of vP is 6.712141e-08 
Error of vP is 2.550433e-07 
Error of vP is 5.230462e-08 
Error of vP is 1.261979e-07 
Error of vP is 1.150715e-07 
Error of vP is 5.329330e-08 
Error of vP is 6.786496e-08 
Error of vP is 7.217257e-08 
Error of vP is 2.199593e-07 
Error of vP is 5.401030e-08 
Error of vP is 1.022674e-07 
Error of vP is 9.218803e-08 
Error of vP is 5.586525e-08 
Error of vP is 1.831442e-07 
Error of vP is 6.253595e-08 
>> >> 
endtime =

   1.6166e+04

>> >> >> >> >> >> 