MATLAB is selecting SOFTWARE OPENGL rendering.

                            < M A T L A B (R) >
                  Copyright 1984-2021 The MathWorks, Inc.
                  R2021b (9.11.0.1769968) 64-bit (glnxa64)
                             September 17, 2021

 
To get started, type doc.
For product information, visit www.mathworks.com.
 
>> >> >> >> >> >> >> >> >> >> >> >> >> >> >> >> >> >> >> >> >> >> >> >> Starting parallel pool (parpool) using the 'local' profile ...
Connected to the parallel pool (number of workers: 12).
jj1 = 50, max_th = 9.428267e-01, time=2024-09-06 16:17:49 
jj1 = 55, max_th = 9.777542e-01, time=2024-09-06 16:18:26 
jj1 = 30, max_th = 2.557688e+00, time=2024-09-06 16:19:22 
jj1 = 20, max_th = 2.720094e+00, time=2024-09-06 16:21:26 
jj1 = 25, max_th = 1.590309e+00, time=2024-09-06 16:21:47 
jj1 = 40, max_th = 2.564894e+00, time=2024-09-06 16:22:22 
jj1 = 5, max_th = 1.618614e+00, time=2024-09-06 16:22:49 
jj1 = 45, max_th = 1.908544e+00, time=2024-09-06 16:24:01 
jj1 = 10, max_th = 2.580862e+00, time=2024-09-06 16:24:22 
jj1 = 35, max_th = 1.377604e+00, time=2024-09-06 16:25:09 
jj1 = 60, max_th = 2.538862e+00, time=2024-09-06 16:25:14 
jj1 = 4, max_th = 9.107193e-01, time=2024-09-06 16:26:09 
jj1 = 39, max_th = 2.729781e+00, time=2024-09-06 16:26:11 
jj1 = 29, max_th = 1.369970e+00, time=2024-09-06 16:26:33 
jj1 = 44, max_th = 1.318257e+00, time=2024-09-06 16:28:52 
jj1 = 54, max_th = 2.152571e+00, time=2024-09-06 16:29:17 
jj1 = 15, max_th = 1.623781e+00, time=2024-09-06 16:30:02 
jj1 = 49, max_th = 2.410736e+00, time=2024-09-06 16:31:39 
jj1 = 53, max_th = 1.389643e+00, time=2024-09-06 16:34:35 
jj1 = 3, max_th = 1.663647e+00, time=2024-09-06 16:35:00 
jj1 = 38, max_th = 2.157336e+00, time=2024-09-06 16:35:23 
jj1 = 2, max_th = 2.952738e+00, time=2024-09-06 16:36:19 
jj1 = 28, max_th = 1.943283e+00, time=2024-09-06 16:36:26 
jj1 = 9, max_th = 1.699683e+00, time=2024-09-06 16:36:49 
jj1 = 19, max_th = 2.151648e+00, time=2024-09-06 16:37:19 
jj1 = 24, max_th = 1.935892e+00, time=2024-09-06 16:38:07 
jj1 = 48, max_th = 1.312826e+00, time=2024-09-06 16:39:06 
jj1 = 59, max_th = 2.394309e+00, time=2024-09-06 16:39:06 
jj1 = 43, max_th = 2.116092e+00, time=2024-09-06 16:39:27 
jj1 = 52, max_th = 2.575516e+00, time=2024-09-06 16:40:00 
jj1 = 42, max_th = 8.806531e-01, time=2024-09-06 16:41:16 
jj1 = 34, max_th = 1.613750e+00, time=2024-09-06 16:41:45 
jj1 = 37, max_th = 1.559651e+00, time=2024-09-06 16:42:15 
jj1 = 27, max_th = 1.954114e+00, time=2024-09-06 16:46:31 
jj1 = 14, max_th = 2.088024e+00, time=2024-09-06 16:47:09 
jj1 = 36, max_th = 1.343268e+00, time=2024-09-06 16:47:09 
jj1 = 47, max_th = 1.657682e+00, time=2024-09-06 16:47:39 
jj1 = 46, max_th = -5.020933e-02, time=2024-09-06 16:47:58 
jj1 = 23, max_th = 2.098438e+00, time=2024-09-06 16:48:07 
jj1 = 1, max_th = 2.373081e+00, time=2024-09-06 16:48:35 
jj1 = 13, max_th = 9.241326e-01, time=2024-09-06 16:48:58 
jj1 = 58, max_th = 2.427703e+00, time=2024-09-06 16:49:17 
jj1 = 51, max_th = 1.937241e+00, time=2024-09-06 16:50:50 
jj1 = 41, max_th = 1.931014e+00, time=2024-09-06 16:51:11 
jj1 = 57, max_th = 1.198964e+00, time=2024-09-06 16:52:13 
jj1 = 26, max_th = 1.507489e+00, time=2024-09-06 16:54:20 
jj1 = 411, max_th = 2.736556e+00, time=2024-09-06 16:54:49 
jj1 = 18, max_th = 2.188957e+00, time=2024-09-06 16:55:43 
jj1 = 8, max_th = 2.215465e+00, time=2024-09-06 16:55:46 
jj1 = 372, max_th = 2.303139e+00, time=2024-09-06 16:56:11 
jj1 = 12, max_th = 1.543808e+00, time=2024-09-06 16:56:13 
jj1 = 450, max_th = 2.070810e+00, time=2024-09-06 16:58:24 
jj1 = 7, max_th = 9.513719e-01, time=2024-09-06 16:58:32 
jj1 = 33, max_th = 2.236330e+00, time=2024-09-06 16:59:49 
jj1 = 294, max_th = 2.341081e+00, time=2024-09-06 17:02:13 
jj1 = 56, max_th = 1.961456e+00, time=2024-09-06 17:02:43 
jj1 = 410, max_th = 2.343949e+00, time=2024-09-06 17:02:58 
jj1 = 371, max_th = 2.298051e+00, time=2024-09-06 17:03:24 
jj1 = 17, max_th = 2.416405e+00, time=2024-09-06 17:03:29 
jj1 = 489, max_th = 1.635883e+00, time=2024-09-06 17:03:35 
jj1 = 293, max_th = 9.554988e-01, time=2024-09-06 17:04:03 
jj1 = 449, max_th = 2.495964e+00, time=2024-09-06 17:04:17 
jj1 = 370, max_th = 9.106456e-01, time=2024-09-06 17:05:11 
jj1 = 11, max_th = 1.945133e+00, time=2024-09-06 17:05:16 
jj1 = 32, max_th = 1.299804e+00, time=2024-09-06 17:06:18 
jj1 = 488, max_th = 2.758315e+00, time=2024-09-06 17:06:27 
jj1 = 22, max_th = 1.878669e+00, time=2024-09-06 17:07:03 
jj1 = 99, max_th = 2.070212e+00, time=2024-09-06 17:07:12 
jj1 = 6, max_th = 2.133589e+00, time=2024-09-06 17:08:31 
jj1 = 487, max_th = 2.829897e+00, time=2024-09-06 17:09:04 
jj1 = 528, max_th = 2.567109e+00, time=2024-09-06 17:09:09 
jj1 = 292, max_th = 1.556142e+00, time=2024-09-06 17:10:53 
jj1 = 409, max_th = 2.116466e+00, time=2024-09-06 17:12:39 
jj1 = 16, max_th = 2.268188e+00, time=2024-09-06 17:13:18 
jj1 = 31, max_th = 2.393091e+00, time=2024-09-06 17:13:27 
jj1 = 98, max_th = 2.669263e+00, time=2024-09-06 17:14:05 
jj1 = 448, max_th = 1.929092e+00, time=2024-09-06 17:14:17 
jj1 = 369, max_th = 1.941492e+00, time=2024-09-06 17:14:58 
jj1 = 447, max_th = 2.893880e+00, time=2024-09-06 17:16:01 
jj1 = 177, max_th = 1.878445e+00, time=2024-09-06 17:16:54 
jj1 = 527, max_th = 1.886829e+00, time=2024-09-06 17:18:53 
jj1 = 333, max_th = 1.547213e+00, time=2024-09-06 17:19:40 
jj1 = 291, max_th = 1.850403e+00, time=2024-09-06 17:20:00 
jj1 = 526, max_th = 9.183585e-01, time=2024-09-06 17:20:45 
jj1 = 138, max_th = 1.651260e+00, time=2024-09-06 17:21:49 
jj1 = 408, max_th = 1.641343e+00, time=2024-09-06 17:22:04 
jj1 = 525, max_th = 9.090261e-01, time=2024-09-06 17:22:27 
jj1 = 486, max_th = 1.916971e+00, time=2024-09-06 17:23:40 
jj1 = 176, max_th = 1.576827e+00, time=2024-09-06 17:24:50 
jj1 = 368, max_th = 1.970532e+00, time=2024-09-06 17:24:58 
jj1 = 21, max_th = 1.967457e+00, time=2024-09-06 17:26:57 
jj1 = 485, max_th = 8.894041e-01, time=2024-09-06 17:27:00 
jj1 = 484, max_th = -9.534143e-02, time=2024-09-06 17:27:39 
jj1 = 446, max_th = 1.680107e+00, time=2024-09-06 17:27:50 
jj1 = 332, max_th = 1.852235e+00, time=2024-09-06 17:28:05 
jj1 = 97, max_th = 1.619124e+00, time=2024-09-06 17:28:31 
jj1 = 407, max_th = 2.392932e+00, time=2024-09-06 17:28:47 
jj1 = 524, max_th = 1.522662e+00, time=2024-09-06 17:29:40 
jj1 = 290, max_th = 2.520885e+00, time=2024-09-06 17:30:11 
jj1 = 523, max_th = 9.872760e-01, time=2024-09-06 17:31:45 
jj1 = 216, max_th = 2.168066e+00, time=2024-09-06 17:32:24 
jj1 = 175, max_th = 1.562369e+00, time=2024-09-06 17:32:43 
jj1 = 367, max_th = 1.863139e+00, time=2024-09-06 17:35:01 
jj1 = 331, max_th = 2.376208e+00, time=2024-09-06 17:35:35 
jj1 = 96, max_th = 2.303897e+00, time=2024-09-06 17:35:58 
jj1 = 95, max_th = 3.029330e+00, time=2024-09-06 17:37:03 
jj1 = 137, max_th = 1.617103e+00, time=2024-09-06 17:37:08 
jj1 = 289, max_th = 1.704978e+00, time=2024-09-06 17:37:41 
jj1 = 406, max_th = 2.066136e+00, time=2024-09-06 17:38:52 
jj1 = 405, max_th = -9.124006e-02, time=2024-09-06 17:39:12 
jj1 = 522, max_th = 1.612951e+00, time=2024-09-06 17:39:15 
jj1 = 255, max_th = 1.646036e+00, time=2024-09-06 17:40:23 
jj1 = 94, max_th = 1.305422e+00, time=2024-09-06 17:41:30 
jj1 = 404, max_th = 2.773709e+00, time=2024-09-06 17:42:04 
jj1 = 174, max_th = 2.156905e+00, time=2024-09-06 17:42:11 
jj1 = 215, max_th = 2.167259e+00, time=2024-09-06 17:43:10 
jj1 = 366, max_th = 1.681065e+00, time=2024-09-06 17:43:13 
jj1 = 445, max_th = 1.678186e+00, time=2024-09-06 17:44:22 
jj1 = 330, max_th = 2.130750e+00, time=2024-09-06 17:45:07 
jj1 = 93, max_th = 1.113560e+00, time=2024-09-06 17:46:11 
jj1 = 288, max_th = 2.276208e+00, time=2024-09-06 17:46:22 
jj1 = 483, max_th = 1.867135e+00, time=2024-09-06 17:46:42 
jj1 = 254, max_th = 1.397998e+00, time=2024-09-06 17:49:39 
jj1 = 214, max_th = 2.414873e+00, time=2024-09-06 17:50:21 
jj1 = 403, max_th = 1.632497e+00, time=2024-09-06 17:52:07 
jj1 = 136, max_th = 2.372522e+00, time=2024-09-06 17:52:47 
jj1 = 253, max_th = 9.535532e-01, time=2024-09-06 17:52:48 
jj1 = 521, max_th = 2.207727e+00, time=2024-09-06 17:53:34 
jj1 = 173, max_th = 1.938164e+00, time=2024-09-06 17:53:59 
jj1 = 213, max_th = 2.691168e+00, time=2024-09-06 17:54:50 
jj1 = 329, max_th = 2.118616e+00, time=2024-09-06 17:55:12 
jj1 = 287, max_th = 1.880171e+00, time=2024-09-06 17:56:34 
jj1 = 135, max_th = 9.276739e-01, time=2024-09-06 17:56:36 
jj1 = 482, max_th = 2.588522e+00, time=2024-09-06 17:56:37 
jj1 = 402, max_th = 1.261776e+00, time=2024-09-06 18:00:34 
jj1 = 252, max_th = 1.386838e+00, time=2024-09-06 18:03:22 
jj1 = 365, max_th = 1.923663e+00, time=2024-09-06 18:03:47 
jj1 = 286, max_th = 2.382018e+00, time=2024-09-06 18:04:32 
jj1 = 444, max_th = 1.924232e+00, time=2024-09-06 18:04:41 
jj1 = 328, max_th = 2.178294e+00, time=2024-09-06 18:05:03 
jj1 = 172, max_th = 2.382330e+00, time=2024-09-06 18:05:09 
jj1 = 212, max_th = 1.919657e+00, time=2024-09-06 18:05:15 
jj1 = 92, max_th = 2.111763e+00, time=2024-09-06 18:05:42 
jj1 = 401, max_th = 2.752942e+00, time=2024-09-06 18:06:03 
jj1 = 134, max_th = 1.374265e+00, time=2024-09-06 18:07:40 
jj1 = 285, max_th = 1.629032e+00, time=2024-09-06 18:13:14 
jj1 = 211, max_th = 1.692197e+00, time=2024-09-06 18:13:24 
jj1 = 520, max_th = 1.913757e+00, time=2024-09-06 18:13:35 
jj1 = 327, max_th = 1.887905e+00, time=2024-09-06 18:14:43 
jj1 = 443, max_th = 2.565394e+00, time=2024-09-06 18:15:02 
jj1 = 171, max_th = 1.938418e+00, time=2024-09-06 18:15:07 
jj1 = 170, max_th = 7.873202e-01, time=2024-09-06 18:16:24 
jj1 = 481, max_th = 1.867435e+00, time=2024-09-06 18:16:49 
jj1 = 326, max_th = 2.650060e+00, time=2024-09-06 18:17:19 
jj1 = 519, max_th = 9.733279e-01, time=2024-09-06 18:17:51 
jj1 = 133, max_th = 1.374025e+00, time=2024-09-06 18:18:41 
jj1 = 251, max_th = 1.620406e+00, time=2024-09-06 18:19:18 
jj1 = 480, max_th = 2.899064e+00, time=2024-09-06 18:19:51 
jj1 = 325, max_th = 1.249865e+00, time=2024-09-06 18:20:22 
jj1 = 210, max_th = 2.391748e+00, time=2024-09-06 18:20:33 
jj1 = 169, max_th = 9.755113e-01, time=2024-09-06 18:20:35 
jj1 = 400, max_th = 1.580533e+00, time=2024-09-06 18:20:42 
jj1 = 442, max_th = 2.674964e+00, time=2024-09-06 18:20:54 
jj1 = 209, max_th = 8.850907e-01, time=2024-09-06 18:21:45 
jj1 = 168, max_th = 2.950565e+00, time=2024-09-06 18:22:53 
jj1 = 91, max_th = 1.973347e+00, time=2024-09-06 18:22:59 
jj1 = 364, max_th = 1.978188e+00, time=2024-09-06 18:24:42 
jj1 = 399, max_th = 2.802550e+00, time=2024-09-06 18:25:16 
jj1 = 324, max_th = 1.404295e+00, time=2024-09-06 18:25:29 
jj1 = 284, max_th = 2.121580e+00, time=2024-09-06 18:27:00 
jj1 = 250, max_th = 1.240260e+00, time=2024-09-06 18:27:03 
jj1 = 441, max_th = 2.382489e+00, time=2024-09-06 18:28:36 
jj1 = 398, max_th = 9.433257e-01, time=2024-09-06 18:28:50 
jj1 = 208, max_th = 1.645650e+00, time=2024-09-06 18:29:05 
jj1 = 90, max_th = 2.315700e+00, time=2024-09-06 18:31:23 
jj1 = 207, max_th = 2.770281e+00, time=2024-09-06 18:32:04 
jj1 = 518, max_th = 1.578237e+00, time=2024-09-06 18:33:12 
jj1 = 323, max_th = 1.640837e+00, time=2024-09-06 18:33:27 
jj1 = 440, max_th = 1.661844e+00, time=2024-09-06 18:36:50 
jj1 = 517, max_th = 2.815852e+00, time=2024-09-06 18:38:17 
jj1 = 132, max_th = 1.912330e+00, time=2024-09-06 18:38:29 
jj1 = 167, max_th = 1.659241e+00, time=2024-09-06 18:38:47 
jj1 = 206, max_th = 2.357624e+00, time=2024-09-06 18:39:24 
jj1 = 479, max_th = 2.108646e+00, time=2024-09-06 18:39:26 
jj1 = 166, max_th = 3.087286e+00, time=2024-09-06 18:40:20 
jj1 = 89, max_th = 1.944227e+00, time=2024-09-06 18:40:46 
jj1 = 322, max_th = 1.647029e+00, time=2024-09-06 18:40:59 
jj1 = 363, max_th = 2.338902e+00, time=2024-09-06 18:41:25 
jj1 = 362, max_th = 3.066063e+00, time=2024-09-06 18:43:19 
jj1 = 516, max_th = 2.757131e+00, time=2024-09-06 18:44:09 
jj1 = 249, max_th = 2.323552e+00, time=2024-09-06 18:44:40 
jj1 = 205, max_th = 2.199468e+00, time=2024-09-06 18:46:21 
jj1 = 397, max_th = 1.796959e+00, time=2024-09-06 18:46:24 
jj1 = 283, max_th = 1.930217e+00, time=2024-09-06 18:47:18 
jj1 = 361, max_th = 2.770554e+00, time=2024-09-06 18:49:45 
jj1 = 88, max_th = 1.959816e+00, time=2024-09-06 18:50:15 
jj1 = 321, max_th = 1.965343e+00, time=2024-09-06 18:51:18 
jj1 = 165, max_th = 1.927122e+00, time=2024-09-06 18:51:32 
jj1 = 439, max_th = 1.659410e+00, time=2024-09-06 18:52:33 
jj1 = 164, max_th = 9.388765e-01, time=2024-09-06 18:53:14 
jj1 = 248, max_th = 1.363688e+00, time=2024-09-06 18:54:36 
jj1 = 204, max_th = 2.139493e+00, time=2024-09-06 18:55:31 
jj1 = 478, max_th = 1.998727e+00, time=2024-09-06 18:55:36 
jj1 = 87, max_th = 2.562195e+00, time=2024-09-06 18:55:43 
jj1 = 131, max_th = 1.902154e+00, time=2024-09-06 18:55:45 
jj1 = 515, max_th = 1.639565e+00, time=2024-09-06 18:59:45 
jj1 = 163, max_th = 2.545376e+00, time=2024-09-06 18:59:53 
jj1 = 130, max_th = 2.874992e+00, time=2024-09-06 19:00:14 
jj1 = 282, max_th = 2.351704e+00, time=2024-09-06 19:00:17 
jj1 = 320, max_th = 2.133724e+00, time=2024-09-06 19:01:17 
jj1 = 203, max_th = 2.349282e+00, time=2024-09-06 19:01:34 
jj1 = 86, max_th = 2.006245e+00, time=2024-09-06 19:05:21 
jj1 = 438, max_th = 1.510418e+00, time=2024-09-06 19:06:07 
jj1 = 396, max_th = 1.980957e+00, time=2024-09-06 19:06:28 
jj1 = 360, max_th = 1.777735e+00, time=2024-09-06 19:07:58 
jj1 = 514, max_th = 1.329786e+00, time=2024-09-06 19:09:27 
jj1 = 247, max_th = 2.363745e+00, time=2024-09-06 19:10:05 
jj1 = 202, max_th = 2.267232e+00, time=2024-09-06 19:10:10 
jj1 = 85, max_th = 1.321683e+00, time=2024-09-06 19:10:20 
jj1 = 246, max_th = 3.183175e+00, time=2024-09-06 19:10:59 
jj1 = 319, max_th = 1.965000e+00, time=2024-09-06 19:11:21 
jj1 = 281, max_th = 2.516075e+00, time=2024-09-06 19:12:09 
jj1 = 129, max_th = 2.486614e+00, time=2024-09-06 19:13:00 
jj1 = 162, max_th = 2.189183e+00, time=2024-09-06 19:13:59 
jj1 = 477, max_th = 1.991542e+00, time=2024-09-06 19:15:08 
jj1 = 437, max_th = 2.532710e+00, time=2024-09-06 19:17:31 
jj1 = 318, max_th = 2.590727e+00, time=2024-09-06 19:17:37 
jj1 = 201, max_th = 1.912387e+00, time=2024-09-06 19:19:39 
jj1 = 476, max_th = 1.062762e+00, time=2024-09-06 19:20:44 
jj1 = 84, max_th = 1.921873e+00, time=2024-09-06 19:20:47 
jj1 = 359, max_th = 2.470430e+00, time=2024-09-06 19:21:51 
jj1 = 200, max_th = 1.317782e+00, time=2024-09-06 19:24:09 
jj1 = 161, max_th = 1.955896e+00, time=2024-09-06 19:24:18 
jj1 = 395, max_th = 2.139563e+00, time=2024-09-06 19:25:03 
jj1 = 280, max_th = 1.700674e+00, time=2024-09-06 19:25:13 
jj1 = 245, max_th = 2.198816e+00, time=2024-09-06 19:26:02 
jj1 = 83, max_th = 2.573914e+00, time=2024-09-06 19:26:15 
jj1 = 128, max_th = 2.388259e+00, time=2024-09-06 19:27:38 
jj1 = 436, max_th = 1.364555e+00, time=2024-09-06 19:27:39 
jj1 = 199, max_th = 2.548422e+00, time=2024-09-06 19:28:50 
jj1 = 82, max_th = 1.295553e+00, time=2024-09-06 19:30:55 
jj1 = 513, max_th = 1.834995e+00, time=2024-09-06 19:31:34 
jj1 = 358, max_th = 1.381209e+00, time=2024-09-06 19:32:36 
jj1 = 198, max_th = 1.351923e+00, time=2024-09-06 19:33:09 
jj1 = 244, max_th = 1.292859e+00, time=2024-09-06 19:34:04 
jj1 = 160, max_th = 1.957585e+00, time=2024-09-06 19:34:33 
jj1 = 279, max_th = 1.376896e+00, time=2024-09-06 19:36:21 
jj1 = 475, max_th = 1.676310e+00, time=2024-09-06 19:37:56 
jj1 = 317, max_th = 2.027807e+00, time=2024-09-06 19:38:11 
jj1 = 81, max_th = 1.658057e+00, time=2024-09-06 19:38:33 
jj1 = 197, max_th = 2.383284e+00, time=2024-09-06 19:40:46 
jj1 = 80, max_th = 2.718433e+00, time=2024-09-06 19:42:09 
jj1 = 512, max_th = 1.649375e+00, time=2024-09-06 19:43:29 
jj1 = 394, max_th = 2.172942e+00, time=2024-09-06 19:44:29 
jj1 = 127, max_th = 2.153765e+00, time=2024-09-06 19:45:02 
jj1 = 159, max_th = 2.171938e+00, time=2024-09-06 19:45:19 
jj1 = 474, max_th = 2.687024e+00, time=2024-09-06 19:45:47 
jj1 = 435, max_th = 2.118321e+00, time=2024-09-06 19:47:24 
jj1 = 393, max_th = 9.536964e-01, time=2024-09-06 19:47:54 
jj1 = 196, max_th = 1.642147e+00, time=2024-09-06 19:47:58 
jj1 = 278, max_th = 2.411277e+00, time=2024-09-06 19:50:23 
jj1 = 79, max_th = 2.218114e+00, time=2024-09-06 19:51:00 
jj1 = 511, max_th = 2.713125e+00, time=2024-09-06 19:51:05 
jj1 = 357, max_th = 1.907994e+00, time=2024-09-06 19:51:10 
jj1 = 316, max_th = 2.123146e+00, time=2024-09-06 19:51:17 
jj1 = 243, max_th = 2.128967e+00, time=2024-09-06 19:53:07 
jj1 = 277, max_th = 8.868661e-01, time=2024-09-06 19:53:41 
jj1 = 195, max_th = 2.489635e+00, time=2024-09-06 19:53:57 
jj1 = 158, max_th = 2.166053e+00, time=2024-09-06 19:54:50 
jj1 = 434, max_th = 1.280514e+00, time=2024-09-06 19:55:58 
jj1 = 126, max_th = 2.416748e+00, time=2024-09-06 19:59:27 
jj1 = 315, max_th = 2.328748e+00, time=2024-09-06 19:59:38 
jj1 = 78, max_th = 1.933765e+00, time=2024-09-06 20:00:54 
jj1 = 77, max_th = 3.614051e+00, time=2024-09-06 20:00:55 
jj1 = 194, max_th = 2.418929e+00, time=2024-09-06 20:01:12 
jj1 = 356, max_th = 2.571576e+00, time=2024-09-06 20:01:47 
jj1 = 433, max_th = 2.728347e+00, time=2024-09-06 20:02:58 
jj1 = 242, max_th = 1.375181e+00, time=2024-09-06 20:03:37 
jj1 = 392, max_th = 2.053131e+00, time=2024-09-06 20:05:51 
jj1 = 432, max_th = 8.982594e-01, time=2024-09-06 20:05:52 
jj1 = 473, max_th = 2.035464e+00, time=2024-09-06 20:06:13 
jj1 = 314, max_th = 1.645402e+00, time=2024-09-06 20:07:33 
jj1 = 157, max_th = 1.975845e+00, time=2024-09-06 20:08:21 
jj1 = 76, max_th = 2.380510e+00, time=2024-09-06 20:08:52 
jj1 = 193, max_th = 1.862151e+00, time=2024-09-06 20:10:27 
jj1 = 510, max_th = 2.172452e+00, time=2024-09-06 20:10:49 
jj1 = 125, max_th = 1.541582e+00, time=2024-09-06 20:11:53 
jj1 = 276, max_th = 1.959339e+00, time=2024-09-06 20:12:55 
jj1 = 313, max_th = 2.483128e+00, time=2024-09-06 20:13:54 
jj1 = 192, max_th = 1.340511e+00, time=2024-09-06 20:15:21 
jj1 = 156, max_th = 1.596550e+00, time=2024-09-06 20:21:25 
jj1 = 355, max_th = 2.182471e+00, time=2024-09-06 20:21:40 
jj1 = 312, max_th = 2.418137e+00, time=2024-09-06 20:22:05 
jj1 = 191, max_th = 1.629142e+00, time=2024-09-06 20:22:52 
jj1 = 241, max_th = 2.176206e+00, time=2024-09-06 20:23:17 
jj1 = 391, max_th = 1.859278e+00, time=2024-09-06 20:23:49 
jj1 = 75, max_th = 2.144439e+00, time=2024-09-06 20:25:15 
jj1 = 431, max_th = 2.173709e+00, time=2024-09-06 20:25:29 
jj1 = 509, max_th = 1.583769e+00, time=2024-09-06 20:26:05 
jj1 = 430, max_th = -6.516756e-02, time=2024-09-06 20:26:11 
jj1 = 472, max_th = 1.970002e+00, time=2024-09-06 20:26:53 
jj1 = 275, max_th = 2.356476e+00, time=2024-09-06 20:27:31 
jj1 = 190, max_th = 2.564172e+00, time=2024-09-06 20:28:07 
jj1 = 508, max_th = 9.390796e-01, time=2024-09-06 20:29:41 
jj1 = 429, max_th = 2.873884e+00, time=2024-09-06 20:30:08 
jj1 = 311, max_th = 1.686970e+00, time=2024-09-06 20:30:23 
jj1 = 124, max_th = 2.064632e+00, time=2024-09-06 20:32:29 
jj1 = 155, max_th = 1.924221e+00, time=2024-09-06 20:32:49 
jj1 = 240, max_th = 1.370676e+00, time=2024-09-06 20:33:52 
jj1 = 471, max_th = 1.314546e+00, time=2024-09-06 20:36:07 
jj1 = 189, max_th = 1.667230e+00, time=2024-09-06 20:36:32 
jj1 = 274, max_th = 2.578628e+00, time=2024-09-06 20:38:07 
jj1 = 310, max_th = 2.382621e+00, time=2024-09-06 20:38:12 
jj1 = 354, max_th = 1.897683e+00, time=2024-09-06 20:38:45 
jj1 = 74, max_th = 1.951466e+00, time=2024-09-06 20:41:36 
jj1 = 309, max_th = 2.504140e+00, time=2024-09-06 20:43:32 
jj1 = 390, max_th = 1.879587e+00, time=2024-09-06 20:43:42 
jj1 = 188, max_th = 2.415413e+00, time=2024-09-06 20:44:05 
jj1 = 507, max_th = 1.620274e+00, time=2024-09-06 20:46:00 
jj1 = 470, max_th = 2.544370e+00, time=2024-09-06 20:46:38 
jj1 = 428, max_th = 2.158680e+00, time=2024-09-06 20:48:02 
jj1 = 123, max_th = 1.570649e+00, time=2024-09-06 20:48:04 
jj1 = 154, max_th = 1.974424e+00, time=2024-09-06 20:48:43 
jj1 = 273, max_th = 1.698995e+00, time=2024-09-06 20:51:30 
jj1 = 153, max_th = 2.748995e+00, time=2024-09-06 20:51:54 
jj1 = 308, max_th = 1.634393e+00, time=2024-09-06 20:52:33 
jj1 = 469, max_th = 2.726149e+00, time=2024-09-06 20:53:28 
jj1 = 187, max_th = 2.161902e+00, time=2024-09-06 20:53:31 
jj1 = 239, max_th = 1.980787e+00, time=2024-09-06 20:54:13 
jj1 = 389, max_th = 1.596909e+00, time=2024-09-06 20:56:02 
jj1 = 388, max_th = -6.515357e-02, time=2024-09-06 20:56:45 
jj1 = 427, max_th = 1.391341e+00, time=2024-09-06 20:58:27 
jj1 = 353, max_th = 2.175498e+00, time=2024-09-06 20:58:30 
jj1 = 73, max_th = 2.131144e+00, time=2024-09-06 21:01:00 
jj1 = 186, max_th = 2.306574e+00, time=2024-09-06 21:01:23 
jj1 = 506, max_th = 1.637869e+00, time=2024-09-06 21:01:45 
jj1 = 307, max_th = 1.845164e+00, time=2024-09-06 21:01:52 
jj1 = 122, max_th = 1.763184e+00, time=2024-09-06 21:06:31 
jj1 = 272, max_th = 2.306273e+00, time=2024-09-06 21:06:47 
jj1 = 152, max_th = 1.972033e+00, time=2024-09-06 21:07:54 
jj1 = 426, max_th = 1.899971e+00, time=2024-09-06 21:08:50 
jj1 = 185, max_th = 1.666114e+00, time=2024-09-06 21:09:31 
jj1 = 72, max_th = 2.605600e+00, time=2024-09-06 21:09:55 
jj1 = 306, max_th = 2.288249e+00, time=2024-09-06 21:11:24 
jj1 = 468, max_th = 2.088528e+00, time=2024-09-06 21:12:27 
jj1 = 238, max_th = 2.142038e+00, time=2024-09-06 21:13:00 
jj1 = 184, max_th = 2.678141e+00, time=2024-09-06 21:13:32 
jj1 = 387, max_th = 2.328448e+00, time=2024-09-06 21:13:48 
jj1 = 352, max_th = 2.306010e+00, time=2024-09-06 21:14:05 
jj1 = 271, max_th = 1.288878e+00, time=2024-09-06 21:14:50 
jj1 = 305, max_th = 2.631420e+00, time=2024-09-06 21:16:17 
jj1 = 505, max_th = 1.644639e+00, time=2024-09-06 21:16:43 
jj1 = 151, max_th = 1.635101e+00, time=2024-09-06 21:18:44 
jj1 = 150, max_th = -6.578327e-02, time=2024-09-06 21:19:29 
jj1 = 183, max_th = 1.578635e+00, time=2024-09-06 21:21:43 
jj1 = 425, max_th = 2.356147e+00, time=2024-09-06 21:22:52 
jj1 = 237, max_th = 1.379810e+00, time=2024-09-06 21:23:42 
jj1 = 351, max_th = 1.397214e+00, time=2024-09-06 21:23:41 
jj1 = 71, max_th = 2.200643e+00, time=2024-09-06 21:24:09 
jj1 = 182, max_th = 1.201802e+00, time=2024-09-06 21:24:08 
jj1 = 121, max_th = 1.727494e+00, time=2024-09-06 21:25:04 
jj1 = 270, max_th = 1.389776e+00, time=2024-09-06 21:25:25 
jj1 = 120, max_th = 3.043239e+00, time=2024-09-06 21:27:02 
jj1 = 386, max_th = 2.343845e+00, time=2024-09-06 21:28:50 
jj1 = 467, max_th = 1.688894e+00, time=2024-09-06 21:29:19 
jj1 = 304, max_th = 2.323680e+00, time=2024-09-06 21:30:24 
jj1 = 181, max_th = 2.342917e+00, time=2024-09-06 21:31:40 
jj1 = 149, max_th = 2.106494e+00, time=2024-09-06 21:31:54 
jj1 = 269, max_th = 2.704316e+00, time=2024-09-06 21:31:55 
jj1 = 466, max_th = 2.856405e+00, time=2024-09-06 21:33:33 
jj1 = 70, max_th = 1.360415e+00, time=2024-09-06 21:34:29 
jj1 = 119, max_th = 2.321057e+00, time=2024-09-06 21:36:29 
jj1 = 504, max_th = 2.069713e+00, time=2024-09-06 21:37:52 
jj1 = 180, max_th = 2.379965e+00, time=2024-09-06 21:39:50 
jj1 = 350, max_th = 1.671848e+00, time=2024-09-06 21:40:26 
jj1 = 424, max_th = 2.090240e+00, time=2024-09-06 21:41:32 
jj1 = 236, max_th = 1.918314e+00, time=2024-09-06 21:43:23 
jj1 = 118, max_th = 1.654552e+00, time=2024-09-06 21:43:55 
jj1 = 385, max_th = 2.363958e+00, time=2024-09-06 21:44:14 
jj1 = 465, max_th = 1.597108e+00, time=2024-09-06 21:47:08 
jj1 = 117, max_th = 1.304480e+00, time=2024-09-06 21:47:42 
jj1 = 179, max_th = 2.202238e+00, time=2024-09-06 21:47:42 
jj1 = 268, max_th = 1.901127e+00, time=2024-09-06 21:47:48 
jj1 = 148, max_th = 2.187960e+00, time=2024-09-06 21:48:05 
jj1 = 303, max_th = 2.175024e+00, time=2024-09-06 21:49:54 
jj1 = 69, max_th = 1.679035e+00, time=2024-09-06 21:51:51 
jj1 = 384, max_th = 1.304730e+00, time=2024-09-06 21:52:47 
jj1 = 503, max_th = 1.898452e+00, time=2024-09-06 21:54:37 
jj1 = 302, max_th = 1.393473e+00, time=2024-09-06 21:55:06 
jj1 = 116, max_th = 1.629574e+00, time=2024-09-06 21:55:46 
jj1 = 178, max_th = 2.321001e+00, time=2024-09-06 21:56:10 
jj1 = 147, max_th = 2.393541e+00, time=2024-09-06 21:56:45 
jj1 = 349, max_th = 1.687050e+00, time=2024-09-06 21:56:54 
jj1 = 348, max_th = 3.252245e+00, time=2024-09-06 21:57:29 
jj1 = 235, max_th = 2.369846e+00, time=2024-09-06 21:58:59 
jj1 = 146, max_th = 2.750399e+00, time=2024-09-06 21:59:21 
jj1 = 423, max_th = 2.170940e+00, time=2024-09-06 22:00:25 
jj1 = 115, max_th = 1.333132e+00, time=2024-09-06 22:00:42 
jj1 = 728, max_th = 2.561549e+00, time=2024-09-06 22:01:16 
jj1 = 301, max_th = 1.687630e+00, time=2024-09-06 22:03:19 
jj1 = 464, max_th = 2.147765e+00, time=2024-09-06 22:03:55 
jj1 = 145, max_th = 1.395072e+00, time=2024-09-06 22:04:13 
jj1 = 267, max_th = 2.192096e+00, time=2024-09-06 22:05:18 
jj1 = 347, max_th = 1.235685e+00, time=2024-09-06 22:05:49 
jj1 = 300, max_th = 2.600165e+00, time=2024-09-06 22:06:40 
jj1 = 68, max_th = 1.690995e+00, time=2024-09-06 22:08:02 
jj1 = 727, max_th = 2.198370e+00, time=2024-09-06 22:08:54 
jj1 = 114, max_th = 2.218939e+00, time=2024-09-06 22:08:58 
jj1 = 502, max_th = 2.304194e+00, time=2024-09-06 22:09:53 
jj1 = 299, max_th = 9.533034e-01, time=2024-09-06 22:10:13 
jj1 = 383, max_th = 1.859619e+00, time=2024-09-06 22:11:08 
jj1 = 234, max_th = 2.187824e+00, time=2024-09-06 22:12:36 
jj1 = 233, max_th = 3.236320e+00, time=2024-09-06 22:13:00 
jj1 = 144, max_th = 2.378689e+00, time=2024-09-06 22:13:52 
jj1 = 463, max_th = 2.284424e+00, time=2024-09-06 22:14:01 
jj1 = 422, max_th = 1.575715e+00, time=2024-09-06 22:16:13 
jj1 = 726, max_th = 1.578948e+00, time=2024-09-06 22:16:34 
jj1 = 501, max_th = 2.692160e+00, time=2024-09-06 22:16:55 
jj1 = 113, max_th = 1.875514e+00, time=2024-09-06 22:19:24 
jj1 = 725, max_th = 1.176812e+00, time=2024-09-06 22:20:41 
jj1 = 346, max_th = 2.356735e+00, time=2024-09-06 22:20:52 
jj1 = 232, max_th = 2.142352e+00, time=2024-09-06 22:21:57 
jj1 = 143, max_th = 1.706614e+00, time=2024-09-06 22:22:42 
jj1 = 298, max_th = 1.779509e+00, time=2024-09-06 22:23:29 
jj1 = 462, max_th = 2.123231e+00, time=2024-09-06 22:23:52 
jj1 = 345, max_th = 9.634206e-01, time=2024-09-06 22:24:55 
jj1 = 266, max_th = 2.119928e+00, time=2024-09-06 22:25:06 
jj1 = 231, max_th = 1.251371e+00, time=2024-09-06 22:25:30 
jj1 = 67, max_th = 1.892077e+00, time=2024-09-06 22:26:46 
jj1 = 461, max_th = 2.734325e+00, time=2024-09-06 22:27:15 
jj1 = 112, max_th = 2.191536e+00, time=2024-09-06 22:28:21 
jj1 = 724, max_th = 2.410789e+00, time=2024-09-06 22:28:22 
jj1 = 382, max_th = 2.142667e+00, time=2024-09-06 22:28:59 
jj1 = 297, max_th = 1.362968e+00, time=2024-09-06 22:30:17 
jj1 = 723, max_th = 1.252329e+00, time=2024-09-06 22:31:43 
jj1 = 421, max_th = 2.305003e+00, time=2024-09-06 22:31:53 
jj1 = 230, max_th = 2.332949e+00, time=2024-09-06 22:33:36 
jj1 = 142, max_th = 1.682015e+00, time=2024-09-06 22:34:26 
jj1 = 265, max_th = 2.558841e+00, time=2024-09-06 22:35:33 
jj1 = 722, max_th = 1.354844e+00, time=2024-09-06 22:36:25 
jj1 = 500, max_th = 1.915132e+00, time=2024-09-06 22:36:49 
jj1 = 296, max_th = 1.579272e+00, time=2024-09-06 22:37:45 
jj1 = 460, max_th = 1.697864e+00, time=2024-09-06 22:38:06 
jj1 = 111, max_th = 1.868075e+00, time=2024-09-06 22:40:10 
jj1 = 344, max_th = 1.693774e+00, time=2024-09-06 22:41:18 
jj1 = 499, max_th = 2.765376e+00, time=2024-09-06 22:43:00 
jj1 = 229, max_th = 1.921001e+00, time=2024-09-06 22:43:57 
jj1 = 66, max_th = 1.946350e+00, time=2024-09-06 22:44:20 
jj1 = 459, max_th = 2.047717e+00, time=2024-09-06 22:46:18 
jj1 = 721, max_th = 1.923952e+00, time=2024-09-06 22:46:47 
jj1 = 458, max_th = 7.093938e-01, time=2024-09-06 22:47:02 
jj1 = 295, max_th = 2.166999e+00, time=2024-09-06 22:47:16 
jj1 = 381, max_th = 2.177656e+00, time=2024-09-06 22:47:48 
jj1 = 141, max_th = 2.207390e+00, time=2024-09-06 22:48:17 
jj1 = 420, max_th = 1.671202e+00, time=2024-09-06 22:48:44 
jj1 = 110, max_th = 1.569428e+00, time=2024-09-06 22:49:56 
jj1 = 380, max_th = 9.494560e-01, time=2024-09-06 22:50:28 
jj1 = 264, max_th = 1.684685e+00, time=2024-09-06 22:52:09 
jj1 = 228, max_th = 2.145165e+00, time=2024-09-06 22:52:28 
jj1 = 65, max_th = 1.313550e+00, time=2024-09-06 22:53:24 
jj1 = 720, max_th = 2.393806e+00, time=2024-09-06 22:53:39 
jj1 = 379, max_th = 2.799035e+00, time=2024-09-06 22:54:43 
jj1 = 498, max_th = 1.961524e+00, time=2024-09-06 22:54:52 
jj1 = 457, max_th = 2.143879e+00, time=2024-09-06 22:56:11 
jj1 = 748, max_th = 2.158403e+00, time=2024-09-06 22:56:28 
jj1 = 109, max_th = 2.348907e+00, time=2024-09-06 22:58:15 
jj1 = 343, max_th = 2.192118e+00, time=2024-09-06 22:59:04 
jj1 = 227, max_th = 2.395816e+00, time=2024-09-06 22:59:23 
jj1 = 747, max_th = 2.710029e+00, time=2024-09-06 22:59:57 
jj1 = 140, max_th = 1.849833e+00, time=2024-09-06 23:00:55 
jj1 = 719, max_th = 1.948720e+00, time=2024-09-06 23:01:43 
jj1 = 497, max_th = 2.726166e+00, time=2024-09-06 23:01:57 
jj1 = 419, max_th = 2.390588e+00, time=2024-09-06 23:02:37 
jj1 = 64, max_th = 2.581459e+00, time=2024-09-06 23:03:48 
jj1 = 718, max_th = 2.731511e+00, time=2024-09-06 23:05:09 
jj1 = 263, max_th = 1.558221e+00, time=2024-09-06 23:05:50 
jj1 = 456, max_th = 1.958782e+00, time=2024-09-06 23:05:50 
jj1 = 108, max_th = 1.696700e+00, time=2024-09-06 23:06:13 
jj1 = 746, max_th = 1.579165e+00, time=2024-09-06 23:07:01 
jj1 = 63, max_th = 9.229563e-01, time=2024-09-06 23:07:30 
jj1 = 262, max_th = 8.284385e-01, time=2024-09-06 23:08:50 
jj1 = 226, max_th = 1.835619e+00, time=2024-09-06 23:10:12 
jj1 = 261, max_th = 2.934338e+00, time=2024-09-06 23:12:08 
jj1 = 378, max_th = 1.869591e+00, time=2024-09-06 23:14:22 
jj1 = 717, max_th = 2.071426e+00, time=2024-09-06 23:15:18 
jj1 = 225, max_th = 1.369853e+00, time=2024-09-06 23:15:24 
jj1 = 455, max_th = 2.177367e+00, time=2024-09-06 23:15:32 
jj1 = 342, max_th = 1.691061e+00, time=2024-09-06 23:15:32 
jj1 = 496, max_th = 1.560662e+00, time=2024-09-06 23:15:44 
jj1 = 107, max_th = 2.114223e+00, time=2024-09-06 23:15:59 
jj1 = 495, max_th = -7.174871e-05, time=2024-09-06 23:16:23 
jj1 = 62, max_th = 2.617545e+00, time=2024-09-06 23:16:37 
jj1 = 745, max_th = 1.963286e+00, time=2024-09-06 23:16:58 
jj1 = 716, max_th = 2.751331e+00, time=2024-09-06 23:17:55 
jj1 = 418, max_th = 1.685687e+00, time=2024-09-06 23:19:16 
jj1 = 139, max_th = 1.882249e+00, time=2024-09-06 23:20:48 
jj1 = 260, max_th = 1.381406e+00, time=2024-09-06 23:22:47 
jj1 = 454, max_th = 2.221645e+00, time=2024-09-06 23:24:59 
jj1 = 224, max_th = 2.073061e+00, time=2024-09-06 23:25:39 
jj1 = 106, max_th = 1.922451e+00, time=2024-09-06 23:26:12 
jj1 = 715, max_th = 1.954248e+00, time=2024-09-06 23:26:45 
jj1 = 61, max_th = 1.377734e+00, time=2024-09-06 23:27:25 
jj1 = 744, max_th = 1.917000e+00, time=2024-09-06 23:27:26 
jj1 = 105, max_th = 2.891751e+00, time=2024-09-06 23:28:03 
jj1 = 104, max_th = 3.091148e+00, time=2024-09-06 23:28:48 
jj1 = 377, max_th = 1.561426e+00, time=2024-09-06 23:28:48 
jj1 = 714, max_th = 2.750769e+00, time=2024-09-06 23:29:10 
jj1 = 103, max_th = 1.345256e+00, time=2024-09-06 23:33:29 
jj1 = 259, max_th = 2.539466e+00, time=2024-09-06 23:33:34 
jj1 = 494, max_th = 1.794247e+00, time=2024-09-06 23:33:37 
jj1 = 223, max_th = 2.152027e+00, time=2024-09-06 23:33:42 
jj1 = 453, max_th = 1.810944e+00, time=2024-09-06 23:34:10 
jj1 = 417, max_th = 2.340372e+00, time=2024-09-06 23:34:31 
jj1 = 452, max_th = -5.236230e-03, time=2024-09-06 23:34:37 
jj1 = 341, max_th = 1.859414e+00, time=2024-09-06 23:34:42 
jj1 = 688, max_th = 2.148163e+00, time=2024-09-06 23:35:28 
jj1 = 743, max_th = 2.383842e+00, time=2024-09-06 23:35:43 
jj1 = 588, max_th = 2.566431e+00, time=2024-09-06 23:37:59 
jj1 = 713, max_th = 2.142296e+00, time=2024-09-06 23:38:11 
jj1 = 222, max_th = 1.608765e+00, time=2024-09-06 23:40:45 
jj1 = 102, max_th = 1.615688e+00, time=2024-09-06 23:41:17 
jj1 = 742, max_th = 1.551468e+00, time=2024-09-06 23:41:40 
jj1 = 451, max_th = 1.661300e+00, time=2024-09-06 23:43:48 
jj1 = 376, max_th = 2.336837e+00, time=2024-09-06 23:44:31 
jj1 = 221, max_th = 1.274952e+00, time=2024-09-06 23:44:58 
jj1 = 416, max_th = 1.705093e+00, time=2024-09-06 23:45:29 
jj1 = 712, max_th = 2.097641e+00, time=2024-09-06 23:46:48 
jj1 = 741, max_th = 1.648873e+00, time=2024-09-06 23:48:17 
jj1 = 587, max_th = 1.600457e+00, time=2024-09-06 23:48:49 
jj1 = 101, max_th = 1.659876e+00, time=2024-09-06 23:49:16 
jj1 = 687, max_th = 1.938082e+00, time=2024-09-06 23:49:43 
jj1 = 493, max_th = 1.692473e+00, time=2024-09-06 23:49:45 
jj1 = 740, max_th = 9.531330e-01, time=2024-09-06 23:50:03 
jj1 = 608, max_th = 1.901299e+00, time=2024-09-06 23:51:43 
jj1 = 340, max_th = 1.927937e+00, time=2024-09-06 23:51:45 
jj1 = 258, max_th = 1.985959e+00, time=2024-09-06 23:53:22 
jj1 = 220, max_th = 2.096077e+00, time=2024-09-06 23:53:54 
jj1 = 415, max_th = 2.313144e+00, time=2024-09-06 23:54:45 
jj1 = 711, max_th = 1.676268e+00, time=2024-09-06 23:55:20 
jj1 = 100, max_th = 1.952098e+00, time=2024-09-06 23:57:42 
jj1 = 414, max_th = 2.702892e+00, time=2024-09-06 23:58:08 
jj1 = 375, max_th = 1.537383e+00, time=2024-09-06 23:58:19 
jj1 = 739, max_th = 1.671126e+00, time=2024-09-06 23:58:43 
jj1 = 607, max_th = 1.817470e+00, time=2024-09-07 00:01:13 
jj1 = 339, max_th = 1.627447e+00, time=2024-09-07 00:01:37 
jj1 = 492, max_th = 2.512827e+00, time=2024-09-07 00:01:45 
jj1 = 219, max_th = 2.331079e+00, time=2024-09-07 00:01:56 
jj1 = 710, max_th = 1.696415e+00, time=2024-09-07 00:02:49 
jj1 = 606, max_th = 2.925993e+00, time=2024-09-07 00:02:57 
jj1 = 738, max_th = 1.648746e+00, time=2024-09-07 00:05:23 
jj1 = 708, max_th = 1.638183e+00, time=2024-09-07 00:05:36 
jj1 = 686, max_th = 1.957380e+00, time=2024-09-07 00:05:40 
jj1 = 491, max_th = 9.807748e-01, time=2024-09-07 00:06:11 
jj1 = 605, max_th = 2.696142e+00, time=2024-09-07 00:06:23 
jj1 = 709, max_th = 1.347526e+00, time=2024-09-07 00:07:17 
jj1 = 413, max_th = 1.905947e+00, time=2024-09-07 00:07:18 
jj1 = 604, max_th = 9.257862e-01, time=2024-09-07 00:08:07 
jj1 = 586, max_th = 1.936418e+00, time=2024-09-07 00:08:30 
jj1 = 218, max_th = 1.558760e+00, time=2024-09-07 00:08:40 
jj1 = 737, max_th = 2.534248e+00, time=2024-09-07 00:11:12 
jj1 = 338, max_th = 2.028625e+00, time=2024-09-07 00:11:20 
jj1 = 257, max_th = 1.939541e+00, time=2024-09-07 00:12:35 
jj1 = 374, max_th = 1.660329e+00, time=2024-09-07 00:13:45 
jj1 = 412, max_th = 1.902876e+00, time=2024-09-07 00:15:40 
jj1 = 778, max_th = 2.156107e+00, time=2024-09-07 00:15:52 
jj1 = 603, max_th = 1.842275e+00, time=2024-09-07 00:17:19 
jj1 = 217, max_th = 1.883983e+00, time=2024-09-07 00:18:27 
jj1 = 337, max_th = 2.294883e+00, time=2024-09-07 00:19:07 
jj1 = 568, max_th = 1.295847e+00, time=2024-09-07 00:19:39 
jj1 = 707, max_th = 1.889442e+00, time=2024-09-07 00:20:20 
jj1 = 685, max_th = 1.656929e+00, time=2024-09-07 00:20:39 
jj1 = 736, max_th = 2.181870e+00, time=2024-09-07 00:20:50 
jj1 = 777, max_th = 1.411837e+00, time=2024-09-07 00:21:22 
jj1 = 585, max_th = 1.658171e+00, time=2024-09-07 00:23:29 
jj1 = 584, max_th = -2.523622e-02, time=2024-09-07 00:24:22 
jj1 = 490, max_th = 1.893319e+00, time=2024-09-07 00:24:56 
jj1 = 768, max_th = 2.345698e+00, time=2024-09-07 00:25:34 
jj1 = 602, max_th = 2.132107e+00, time=2024-09-07 00:27:06 
jj1 = 336, max_th = 1.703480e+00, time=2024-09-07 00:27:12 
jj1 = 567, max_th = 2.384034e+00, time=2024-09-07 00:27:12 
jj1 = 684, max_th = 1.213457e+00, time=2024-09-07 00:28:03 
jj1 = 776, max_th = 1.645741e+00, time=2024-09-07 00:28:30 
jj1 = 256, max_th = 2.228176e+00, time=2024-09-07 00:30:04 
jj1 = 601, max_th = 1.294175e+00, time=2024-09-07 00:30:31 
jj1 = 735, max_th = 2.121149e+00, time=2024-09-07 00:30:59 
jj1 = 373, max_th = 1.942959e+00, time=2024-09-07 00:32:30 
jj1 = 767, max_th = 2.149277e+00, time=2024-09-07 00:33:00 
jj1 = 683, max_th = 2.672643e+00, time=2024-09-07 00:34:17 
jj1 = 583, max_th = 1.382645e+00, time=2024-09-07 00:34:55 
jj1 = 600, max_th = 1.349005e+00, time=2024-09-07 00:35:02 
jj1 = 706, max_th = 2.372103e+00, time=2024-09-07 00:35:51 
jj1 = 566, max_th = 1.718415e+00, time=2024-09-07 00:36:01 
jj1 = 599, max_th = 8.563678e-01, time=2024-09-07 00:36:32 
jj1 = 335, max_th = 1.940660e+00, time=2024-09-07 00:36:59 
jj1 = 705, max_th = 3.012771e+00, time=2024-09-07 00:38:16 
jj1 = 775, max_th = 1.917817e+00, time=2024-09-07 00:38:26 
jj1 = 766, max_th = 1.903666e+00, time=2024-09-07 00:41:44 
jj1 = 704, max_th = 9.560008e-01, time=2024-09-07 00:42:01 
jj1 = 668, max_th = 1.921830e+00, time=2024-09-07 00:45:38 
jj1 = 682, max_th = 1.671982e+00, time=2024-09-07 00:45:47 
jj1 = 598, max_th = 2.170103e+00, time=2024-09-07 00:46:03 
jj1 = 565, max_th = 2.326080e+00, time=2024-09-07 00:46:28 
jj1 = 628, max_th = 1.646701e+00, time=2024-09-07 00:46:44 
jj1 = 334, max_th = 1.958289e+00, time=2024-09-07 00:46:49 
jj1 = 774, max_th = 1.661597e+00, time=2024-09-07 00:47:01 
jj1 = 734, max_th = 1.942092e+00, time=2024-09-07 00:47:10 
jj1 = 703, max_th = 2.766699e+00, time=2024-09-07 00:47:54 
jj1 = 765, max_th = 1.688182e+00, time=2024-09-07 00:50:06 
jj1 = 648, max_th = 2.073836e+00, time=2024-09-07 00:50:16 
jj1 = 733, max_th = 2.695946e+00, time=2024-09-07 00:50:34 
jj1 = 681, max_th = 2.553211e+00, time=2024-09-07 00:50:40 
jj1 = 582, max_th = 1.904020e+00, time=2024-09-07 00:52:40 
jj1 = 564, max_th = 2.503297e+00, time=2024-09-07 00:53:09 
jj1 = 732, max_th = 2.604228e+00, time=2024-09-07 00:55:00 
jj1 = 702, max_th = 2.371049e+00, time=2024-09-07 00:55:48 
jj1 = 597, max_th = 1.961159e+00, time=2024-09-07 00:55:52 
jj1 = 773, max_th = 1.644515e+00, time=2024-09-07 00:56:10 
jj1 = 548, max_th = 1.943940e+00, time=2024-09-07 00:56:16 
jj1 = 764, max_th = 2.341719e+00, time=2024-09-07 00:57:41 
jj1 = 731, max_th = 1.333911e+00, time=2024-09-07 00:59:30 
jj1 = 701, max_th = 2.653184e+00, time=2024-09-07 00:59:38 
jj1 = 763, max_th = 9.772126e-01, time=2024-09-07 00:59:47 
jj1 = 730, max_th = -3.564629e-02, time=2024-09-07 00:59:55 
jj1 = 680, max_th = 2.403500e+00, time=2024-09-07 01:00:19 
jj1 = 563, max_th = 2.372687e+00, time=2024-09-07 01:00:56 
jj1 = 627, max_th = 2.137264e+00, time=2024-09-07 01:02:07 
jj1 = 667, max_th = 1.739038e+00, time=2024-09-07 01:03:23 
jj1 = 762, max_th = 1.303895e+00, time=2024-09-07 01:04:07 
jj1 = 547, max_th = 1.627225e+00, time=2024-09-07 01:04:21 
jj1 = 729, max_th = 2.552890e+00, time=2024-09-07 01:04:49 
jj1 = 596, max_th = 2.013740e+00, time=2024-09-07 01:05:13 
jj1 = 679, max_th = 2.576516e+00, time=2024-09-07 01:06:48 
jj1 = 700, max_th = 2.206434e+00, time=2024-09-07 01:08:20 
jj1 = 581, max_th = 2.204002e+00, time=2024-09-07 01:09:18 
jj1 = 562, max_th = 1.848845e+00, time=2024-09-07 01:09:20 
jj1 = 647, max_th = 2.175435e+00, time=2024-09-07 01:09:57 
jj1 = 626, max_th = 1.686672e+00, time=2024-09-07 01:10:21 
jj1 = 546, max_th = 1.848772e+00, time=2024-09-07 01:11:58 
jj1 = 761, max_th = 2.140968e+00, time=2024-09-07 01:13:21 
jj1 = 561, max_th = 2.590954e+00, time=2024-09-07 01:14:06 
jj1 = 595, max_th = 1.945245e+00, time=2024-09-07 01:14:21 
jj1 = 772, max_th = 2.183283e+00, time=2024-09-07 01:14:45 
jj1 = 699, max_th = 1.958679e+00, time=2024-09-07 01:17:57 
jj1 = 625, max_th = 1.628080e+00, time=2024-09-07 01:18:13 
jj1 = 594, max_th = 1.353197e+00, time=2024-09-07 01:18:44 
jj1 = 580, max_th = 1.381704e+00, time=2024-09-07 01:19:59 
jj1 = 545, max_th = 2.315678e+00, time=2024-09-07 01:20:23 
jj1 = 646, max_th = 2.572434e+00, time=2024-09-07 01:20:29 
jj1 = 788, max_th = 1.957070e+00, time=2024-09-07 01:20:43 
jj1 = 678, max_th = 1.975936e+00, time=2024-09-07 01:20:56 
jj1 = 624, max_th = 2.766632e+00, time=2024-09-07 01:21:10 
jj1 = 666, max_th = 2.158778e+00, time=2024-09-07 01:21:36 
jj1 = 760, max_th = 2.211384e+00, time=2024-09-07 01:22:10 
jj1 = 560, max_th = 1.939923e+00, time=2024-09-07 01:23:56 
jj1 = 544, max_th = 2.559807e+00, time=2024-09-07 01:25:41 
jj1 = 593, max_th = 2.551833e+00, time=2024-09-07 01:25:55 
jj1 = 623, max_th = 1.380392e+00, time=2024-09-07 01:26:36 
jj1 = 698, max_th = 2.122069e+00, time=2024-09-07 01:28:09 
jj1 = 592, max_th = 2.857432e+00, time=2024-09-07 01:28:36 
jj1 = 559, max_th = 1.320828e+00, time=2024-09-07 01:29:00 
jj1 = 787, max_th = 1.623793e+00, time=2024-09-07 01:29:07 
jj1 = 759, max_th = 1.585911e+00, time=2024-09-07 01:29:29 
jj1 = 758, max_th = 2.859425e+00, time=2024-09-07 01:31:37 
jj1 = 771, max_th = 1.905016e+00, time=2024-09-07 01:33:05 
jj1 = 786, max_th = 1.325478e+00, time=2024-09-07 01:34:19 
jj1 = 622, max_th = 1.902285e+00, time=2024-09-07 01:35:01 
jj1 = 543, max_th = 1.889072e+00, time=2024-09-07 01:35:30 
jj1 = 677, max_th = 2.084640e+00, time=2024-09-07 01:35:58 
jj1 = 697, max_th = 1.616574e+00, time=2024-09-07 01:37:04 
jj1 = 591, max_th = 2.178548e+00, time=2024-09-07 01:38:24 
jj1 = 558, max_th = 1.885604e+00, time=2024-09-07 01:39:06 
jj1 = 645, max_th = 2.176332e+00, time=2024-09-07 01:40:02 
jj1 = 579, max_th = 1.934167e+00, time=2024-09-07 01:40:16 
jj1 = 757, max_th = 2.156325e+00, time=2024-09-07 01:40:24 
jj1 = 665, max_th = 1.911612e+00, time=2024-09-07 01:41:32 
jj1 = 785, max_th = 1.897711e+00, time=2024-09-07 01:43:26 
jj1 = 578, max_th = 2.896987e+00, time=2024-09-07 01:43:38 
jj1 = 542, max_th = 1.901158e+00, time=2024-09-07 01:43:53 
jj1 = 621, max_th = 1.941530e+00, time=2024-09-07 01:44:14 
jj1 = 620, max_th = -1.534670e-02, time=2024-09-07 01:44:40 
jj1 = 557, max_th = 2.513586e+00, time=2024-09-07 01:45:08 
jj1 = 696, max_th = 1.309663e+00, time=2024-09-07 01:46:00 
jj1 = 756, max_th = 2.529114e+00, time=2024-09-07 01:46:08 
jj1 = 577, max_th = 8.612339e-01, time=2024-09-07 01:46:45 
jj1 = 556, max_th = 9.785136e-01, time=2024-09-07 01:47:13 
jj1 = 541, max_th = 1.198242e+00, time=2024-09-07 01:47:18 
jj1 = 576, max_th = -9.458949e-02, time=2024-09-07 01:47:20 
jj1 = 590, max_th = 1.957123e+00, time=2024-09-07 01:47:49 
jj1 = 770, max_th = 1.583606e+00, time=2024-09-07 01:47:58 
jj1 = 575, max_th = -5.175889e-03, time=2024-09-07 01:48:12 
jj1 = 784, max_th = 1.850109e+00, time=2024-09-07 01:49:28 
jj1 = 755, max_th = 2.598131e+00, time=2024-09-07 01:50:11 
jj1 = 619, max_th = 1.567724e+00, time=2024-09-07 01:52:14 
jj1 = 676, max_th = 1.944817e+00, time=2024-09-07 01:53:12 
jj1 = 754, max_th = 1.315257e+00, time=2024-09-07 01:55:20 
jj1 = 589, max_th = 1.703230e+00, time=2024-09-07 01:55:28 
jj1 = 540, max_th = 1.668994e+00, time=2024-09-07 01:55:52 
jj1 = 783, max_th = 2.404667e+00, time=2024-09-07 01:56:11 
jj1 = 555, max_th = 1.910711e+00, time=2024-09-07 01:57:31 
jj1 = 644, max_th = 2.281416e+00, time=2024-09-07 01:57:50 
jj1 = 769, max_th = 1.404264e+00, time=2024-09-07 01:57:54 
jj1 = 695, max_th = 2.145106e+00, time=2024-09-07 01:58:51 
jj1 = 818, max_th = 1.361523e+00, time=2024-09-07 02:00:28 
jj1 = 664, max_th = 2.057536e+00, time=2024-09-07 02:00:45 
jj1 = 554, max_th = 2.677319e+00, time=2024-09-07 02:01:23 
jj1 = 539, max_th = 2.367699e+00, time=2024-09-07 02:03:34 
jj1 = 694, max_th = 1.375848e+00, time=2024-09-07 02:04:14 
jj1 = 782, max_th = 1.713088e+00, time=2024-09-07 02:04:55 
jj1 = 753, max_th = 2.081099e+00, time=2024-09-07 02:05:25 
jj1 = 574, max_th = 2.157338e+00, time=2024-09-07 02:06:05 
jj1 = 663, max_th = 2.770228e+00, time=2024-09-07 02:06:53 
jj1 = 538, max_th = 2.719843e+00, time=2024-09-07 02:07:14 
jj1 = 662, max_th = -6.554295e-02, time=2024-09-07 02:07:37 
jj1 = 618, max_th = 1.853074e+00, time=2024-09-07 02:09:31 
jj1 = 817, max_th = 1.921891e+00, time=2024-09-07 02:11:33 
jj1 = 553, max_th = 2.133875e+00, time=2024-09-07 02:11:52 
jj1 = 675, max_th = 1.884689e+00, time=2024-09-07 02:12:28 
jj1 = 643, max_th = 2.358316e+00, time=2024-09-07 02:12:31 
jj1 = 781, max_th = 2.329078e+00, time=2024-09-07 02:13:17 
jj1 = 537, max_th = 2.397950e+00, time=2024-09-07 02:13:28 
jj1 = 838, max_th = 1.612697e+00, time=2024-09-07 02:13:38 
jj1 = 536, max_th = -7.996361e-02, time=2024-09-07 02:13:49 
jj1 = 752, max_th = 2.185493e+00, time=2024-09-07 02:14:54 
jj1 = 693, max_th = 1.971180e+00, time=2024-09-07 02:16:45 
jj1 = 816, max_th = 1.377282e+00, time=2024-09-07 02:17:07 
jj1 = 837, max_th = 9.543438e-01, time=2024-09-07 02:17:13 
jj1 = 573, max_th = 2.519714e+00, time=2024-09-07 02:18:13 
jj1 = 780, max_th = 1.501491e+00, time=2024-09-07 02:18:51 
jj1 = 552, max_th = 1.604769e+00, time=2024-09-07 02:18:52 
jj1 = 692, max_th = 2.501906e+00, time=2024-09-07 02:21:42 
jj1 = 661, max_th = 2.390749e+00, time=2024-09-07 02:22:03 
jj1 = 535, max_th = 1.945948e+00, time=2024-09-07 02:22:50 
jj1 = 551, max_th = 1.306838e+00, time=2024-09-07 02:23:17 
jj1 = 751, max_th = 2.274541e+00, time=2024-09-07 02:23:36 
jj1 = 815, max_th = 1.616185e+00, time=2024-09-07 02:24:49 
jj1 = 642, max_th = 1.481039e+00, time=2024-09-07 02:24:53 
jj1 = 836, max_th = 2.551378e+00, time=2024-09-07 02:26:18 
jj1 = 779, max_th = 1.609060e+00, time=2024-09-07 02:26:22 
jj1 = 674, max_th = 1.658353e+00, time=2024-09-07 02:27:37 
jj1 = 550, max_th = 1.283813e+00, time=2024-09-07 02:27:49 
jj1 = 572, max_th = 2.553854e+00, time=2024-09-07 02:28:19 
jj1 = 750, max_th = 1.384058e+00, time=2024-09-07 02:28:56 
jj1 = 660, max_th = 1.202820e+00, time=2024-09-07 02:29:23 
jj1 = 617, max_th = 2.076261e+00, time=2024-09-07 02:30:43 
jj1 = 691, max_th = 2.166750e+00, time=2024-09-07 02:31:15 
jj1 = 814, max_th = 2.443048e+00, time=2024-09-07 02:31:17 
jj1 = 534, max_th = 2.114452e+00, time=2024-09-07 02:32:43 
jj1 = 641, max_th = 1.355695e+00, time=2024-09-07 02:34:22 
jj1 = 898, max_th = 1.318660e+00, time=2024-09-07 02:35:45 
jj1 = 571, max_th = 1.208315e+00, time=2024-09-07 02:36:01 
jj1 = 533, max_th = 2.686881e+00, time=2024-09-07 02:36:41 
jj1 = 616, max_th = 1.249632e+00, time=2024-09-07 02:36:56 
jj1 = 549, max_th = 2.135641e+00, time=2024-09-07 02:37:35 
jj1 = 749, max_th = 2.188071e+00, time=2024-09-07 02:38:06 
jj1 = 673, max_th = 1.888632e+00, time=2024-09-07 02:39:09 
jj1 = 690, max_th = 2.283719e+00, time=2024-09-07 02:39:41 
jj1 = 813, max_th = 1.945780e+00, time=2024-09-07 02:40:20 
jj1 = 848, max_th = 9.949522e-01, time=2024-09-07 02:41:43 
jj1 = 532, max_th = 2.567201e+00, time=2024-09-07 02:42:02 
jj1 = 897, max_th = 1.263797e+00, time=2024-09-07 02:44:28 
jj1 = 835, max_th = 2.008088e+00, time=2024-09-07 02:44:34 
jj1 = 672, max_th = 1.699803e+00, time=2024-09-07 02:45:49 
jj1 = 858, max_th = 1.897077e+00, time=2024-09-07 02:46:40 
jj1 = 640, max_th = 2.131894e+00, time=2024-09-07 02:48:20 
jj1 = 671, max_th = 9.479481e-01, time=2024-09-07 02:48:31 
jj1 = 659, max_th = 2.137769e+00, time=2024-09-07 02:48:57 
jj1 = 570, max_th = 1.922036e+00, time=2024-09-07 02:49:43 
jj1 = 812, max_th = 1.885071e+00, time=2024-09-07 02:49:56 
jj1 = 689, max_th = 1.975404e+00, time=2024-09-07 02:50:21 
jj1 = 615, max_th = 1.532076e+00, time=2024-09-07 02:50:52 
jj1 = 847, max_th = 2.613207e+00, time=2024-09-07 02:51:03 
jj1 = 569, max_th = 9.856954e-01, time=2024-09-07 02:51:53 
jj1 = 531, max_th = 2.401177e+00, time=2024-09-07 02:54:18 
jj1 = 857, max_th = 2.333151e+00, time=2024-09-07 02:54:44 
jj1 = 614, max_th = 2.744888e+00, time=2024-09-07 02:56:56 
jj1 = 639, max_th = 2.078156e+00, time=2024-09-07 02:58:23 
jj1 = 811, max_th = 2.084075e+00, time=2024-09-07 03:00:04 
jj1 = 828, max_th = 2.376285e+00, time=2024-09-07 03:00:11 
jj1 = 670, max_th = 2.360299e+00, time=2024-09-07 03:00:30 
jj1 = 808, max_th = 2.273811e+00, time=2024-09-07 03:01:15 
jj1 = 856, max_th = 1.612268e+00, time=2024-09-07 03:01:50 
jj1 = 896, max_th = 1.958015e+00, time=2024-09-07 03:02:02 
jj1 = 834, max_th = 2.155628e+00, time=2024-09-07 03:02:07 
jj1 = 658, max_th = 1.899478e+00, time=2024-09-07 03:03:48 
jj1 = 530, max_th = 1.326703e+00, time=2024-09-07 03:04:58 
jj1 = 810, max_th = 1.389434e+00, time=2024-09-07 03:05:18 
jj1 = 638, max_th = 1.626523e+00, time=2024-09-07 03:06:35 
jj1 = 827, max_th = 1.346797e+00, time=2024-09-07 03:08:48 
jj1 = 826, max_th = -1.153857e-01, time=2024-09-07 03:09:24 
jj1 = 895, max_th = 1.646056e+00, time=2024-09-07 03:09:35 
jj1 = 855, max_th = 1.634012e+00, time=2024-09-07 03:09:37 
jj1 = 613, max_th = 1.516859e+00, time=2024-09-07 03:10:32 
jj1 = 612, max_th = -4.520624e-02, time=2024-09-07 03:11:15 
jj1 = 669, max_th = 2.336341e+00, time=2024-09-07 03:11:34 
jj1 = 846, max_th = 1.877379e+00, time=2024-09-07 03:11:47 
jj1 = 807, max_th = 2.340628e+00, time=2024-09-07 03:14:29 
jj1 = 637, max_th = 1.690309e+00, time=2024-09-07 03:14:48 
jj1 = 854, max_th = 1.335983e+00, time=2024-09-07 03:14:55 
jj1 = 894, max_th = 1.378492e+00, time=2024-09-07 03:14:56 
jj1 = 809, max_th = 1.915541e+00, time=2024-09-07 03:15:17 
jj1 = 833, max_th = 1.682850e+00, time=2024-09-07 03:18:47 
jj1 = 657, max_th = 1.999544e+00, time=2024-09-07 03:19:35 
jj1 = 853, max_th = 1.356045e+00, time=2024-09-07 03:19:45 
jj1 = 611, max_th = 1.331916e+00, time=2024-09-07 03:20:57 
jj1 = 825, max_th = 2.398487e+00, time=2024-09-07 03:21:50 
jj1 = 529, max_th = 1.687606e+00, time=2024-09-07 03:22:30 
jj1 = 636, max_th = 2.215287e+00, time=2024-09-07 03:23:24 
jj1 = 798, max_th = 1.874085e+00, time=2024-09-07 03:23:44 
jj1 = 635, max_th = -2.582507e-02, time=2024-09-07 03:23:50 
jj1 = 913, max_th = 2.187889e+00, time=2024-09-07 03:24:05 
jj1 = 903, max_th = 2.160454e+00, time=2024-09-07 03:24:38 
jj1 = 902, max_th = 3.124373e+00, time=2024-09-07 03:25:18 
jj1 = 852, max_th = 2.591272e+00, time=2024-09-07 03:25:28 
jj1 = 893, max_th = 2.922744e+00, time=2024-09-07 03:26:06 
jj1 = 656, max_th = 1.294158e+00, time=2024-09-07 03:28:01 
jj1 = 845, max_th = 2.117149e+00, time=2024-09-07 03:29:02 
jj1 = 634, max_th = 2.349629e+00, time=2024-09-07 03:29:31 
jj1 = 851, max_th = 1.399064e+00, time=2024-09-07 03:29:40 
jj1 = 797, max_th = 2.380387e+00, time=2024-09-07 03:31:45 
jj1 = 912, max_th = 1.638828e+00, time=2024-09-07 03:32:01 
jj1 = 806, max_th = 2.156418e+00, time=2024-09-07 03:32:30 
jj1 = 832, max_th = 1.685228e+00, time=2024-09-07 03:35:28 
jj1 = 901, max_th = 2.031909e+00, time=2024-09-07 03:36:07 
jj1 = 850, max_th = 2.405506e+00, time=2024-09-07 03:36:14 
jj1 = 900, max_th = 2.952052e+00, time=2024-09-07 03:37:27 
jj1 = 844, max_th = 2.319907e+00, time=2024-09-07 03:37:30 
jj1 = 805, max_th = 2.792714e+00, time=2024-09-07 03:37:44 
jj1 = 610, max_th = 1.680371e+00, time=2024-09-07 03:38:19 
jj1 = 633, max_th = 2.110111e+00, time=2024-09-07 03:39:18 
jj1 = 824, max_th = 1.669096e+00, time=2024-09-07 03:39:24 
jj1 = 911, max_th = 1.788276e+00, time=2024-09-07 03:41:25 
jj1 = 843, max_th = 1.281827e+00, time=2024-09-07 03:42:07 
jj1 = 796, max_th = 2.065310e+00, time=2024-09-07 03:43:11 
jj1 = 892, max_th = 1.682182e+00, time=2024-09-07 03:44:05 
jj1 = 831, max_th = 1.321684e+00, time=2024-09-07 03:45:29 
jj1 = 849, max_th = 2.165500e+00, time=2024-09-07 03:45:35 
jj1 = 655, max_th = 2.104920e+00, time=2024-09-07 03:46:29 
jj1 = 632, max_th = 2.309054e+00, time=2024-09-07 03:47:26 
jj1 = 899, max_th = 1.920592e+00, time=2024-09-07 03:47:32 
jj1 = 891, max_th = 9.256897e-01, time=2024-09-07 03:47:52 
jj1 = 923, max_th = 2.768291e+00, time=2024-09-07 03:48:30 
jj1 = 609, max_th = 1.367600e+00, time=2024-09-07 03:49:49 
jj1 = 795, max_th = 1.340517e+00, time=2024-09-07 03:49:58 
jj1 = 842, max_th = 1.669722e+00, time=2024-09-07 03:50:31 
jj1 = 910, max_th = 2.121032e+00, time=2024-09-07 03:51:56 
jj1 = 922, max_th = 2.607711e+00, time=2024-09-07 03:53:01 
jj1 = 841, max_th = 2.773833e+00, time=2024-09-07 03:53:33 
jj1 = 840, max_th = 3.071516e+00, time=2024-09-07 03:54:26 
jj1 = 804, max_th = 1.709103e+00, time=2024-09-07 03:54:44 
jj1 = 631, max_th = 2.193685e+00, time=2024-09-07 03:56:19 
jj1 = 948, max_th = 1.782127e+00, time=2024-09-07 03:57:36 
jj1 = 654, max_th = 2.541106e+00, time=2024-09-07 03:57:36 
jj1 = 803, max_th = 2.941489e+00, time=2024-09-07 03:57:44 
jj1 = 794, max_th = 1.644734e+00, time=2024-09-07 03:59:31 
jj1 = 947, max_th = 9.698082e-01, time=2024-09-07 03:59:41 
jj1 = 823, max_th = 1.931378e+00, time=2024-09-07 04:00:06 
jj1 = 909, max_th = 1.853711e+00, time=2024-09-07 04:01:26 
jj1 = 839, max_th = 2.371757e+00, time=2024-09-07 04:02:04 
jj1 = 921, max_th = 1.680380e+00, time=2024-09-07 04:02:07 
jj1 = 888, max_th = 2.396843e+00, time=2024-09-07 04:02:24 
jj1 = 890, max_th = 1.901958e+00, time=2024-09-07 04:03:07 
jj1 = 793, max_th = 2.753094e+00, time=2024-09-07 04:03:16 
jj1 = 920, max_th = 8.321109e-01, time=2024-09-07 04:03:42 
jj1 = 830, max_th = 1.812145e+00, time=2024-09-07 04:04:26 
jj1 = 630, max_th = 1.691476e+00, time=2024-09-07 04:07:02 
jj1 = 918, max_th = 1.643388e+00, time=2024-09-07 04:09:38 
jj1 = 822, max_th = 2.551845e+00, time=2024-09-07 04:09:50 
jj1 = 802, max_th = 1.967299e+00, time=2024-09-07 04:10:08 
jj1 = 946, max_th = 1.904771e+00, time=2024-09-07 04:10:27 
jj1 = 829, max_th = 1.237119e+00, time=2024-09-07 04:12:27 
jj1 = 917, max_th = 1.249201e+00, time=2024-09-07 04:12:54 
jj1 = 919, max_th = 2.123204e+00, time=2024-09-07 04:13:24 
jj1 = 889, max_th = 1.872843e+00, time=2024-09-07 04:13:32 
jj1 = 792, max_th = 2.418291e+00, time=2024-09-07 04:15:03 
jj1 = 653, max_th = 2.064271e+00, time=2024-09-07 04:17:37 
jj1 = 943, max_th = 2.207605e+00, time=2024-09-07 04:18:54 
jj1 = 956, max_th = 1.375519e+00, time=2024-09-07 04:19:41 
jj1 = 801, max_th = 2.038229e+00, time=2024-09-07 04:19:52 
jj1 = 887, max_th = 2.189997e+00, time=2024-09-07 04:20:00 
jj1 = 952, max_th = 2.468271e+00, time=2024-09-07 04:20:12 
jj1 = 629, max_th = 1.567948e+00, time=2024-09-07 04:21:50 
jj1 = 916, max_th = 2.586238e+00, time=2024-09-07 04:22:11 
jj1 = 955, max_th = 1.314597e+00, time=2024-09-07 04:24:20 
jj1 = 942, max_th = 2.769758e+00, time=2024-09-07 04:24:55 
jj1 = 945, max_th = 1.576130e+00, time=2024-09-07 04:25:10 
jj1 = 821, max_th = 1.608594e+00, time=2024-09-07 04:25:34 
jj1 = 878, max_th = 9.353767e-01, time=2024-09-07 04:25:39 
jj1 = 908, max_th = 2.385469e+00, time=2024-09-07 04:27:03 
jj1 = 951, max_th = 1.948110e+00, time=2024-09-07 04:28:39 
jj1 = 800, max_th = 2.270651e+00, time=2024-09-07 04:29:43 
jj1 = 799, max_th = 3.058190e+00, time=2024-09-07 04:30:34 
jj1 = 954, max_th = 1.654054e+00, time=2024-09-07 04:32:08 
jj1 = 915, max_th = 1.916401e+00, time=2024-09-07 04:32:20 
jj1 = 652, max_th = 2.357566e+00, time=2024-09-07 04:32:53 
jj1 = 941, max_th = 2.641772e+00, time=2024-09-07 04:33:01 
jj1 = 953, max_th = 3.020095e+00, time=2024-09-07 04:33:12 
jj1 = 791, max_th = 1.909765e+00, time=2024-09-07 04:33:51 
jj1 = 933, max_th = 1.261693e+00, time=2024-09-07 04:34:46 
jj1 = 886, max_th = 1.965985e+00, time=2024-09-07 04:36:31 
jj1 = 907, max_th = 1.381433e+00, time=2024-09-07 04:37:54 
jj1 = 914, max_th = 1.463660e+00, time=2024-09-07 04:37:57 
jj1 = 950, max_th = 1.664107e+00, time=2024-09-07 04:38:06 
jj1 = 820, max_th = 1.649212e+00, time=2024-09-07 04:38:25 
jj1 = 980, max_th = 1.335300e+00, time=2024-09-07 04:39:21 
jj1 = 972, max_th = 2.797551e+00, time=2024-09-07 04:40:15 
jj1 = 885, max_th = 2.587853e+00, time=2024-09-07 04:41:19 
jj1 = 877, max_th = 1.901809e+00, time=2024-09-07 04:42:17 
jj1 = 944, max_th = 1.956799e+00, time=2024-09-07 04:42:24 
jj1 = 949, max_th = 1.270498e+00, time=2024-09-07 04:42:29 
jj1 = 819, max_th = 2.761526e+00, time=2024-09-07 04:44:27 
jj1 = 960, max_th = 1.127119e+00, time=2024-09-07 04:46:00 
jj1 = 790, max_th = 1.684341e+00, time=2024-09-07 04:46:02 
jj1 = 979, max_th = 2.404778e+00, time=2024-09-07 04:46:02 
jj1 = 651, max_th = 1.882111e+00, time=2024-09-07 04:46:43 
jj1 = 876, max_th = 1.315180e+00, time=2024-09-07 04:47:18 
jj1 = 971, max_th = 1.616270e+00, time=2024-09-07 04:47:58 
jj1 = 884, max_th = 1.651725e+00, time=2024-09-07 04:48:04 
jj1 = 932, max_th = 1.644571e+00, time=2024-09-07 04:48:10 
jj1 = 875, max_th = 9.742408e-01, time=2024-09-07 04:49:29 
jj1 = 940, max_th = 2.004140e+00, time=2024-09-07 04:49:40 
jj1 = 789, max_th = 1.222322e+00, time=2024-09-07 04:50:59 
jj1 = 874, max_th = 9.034695e-01, time=2024-09-07 04:51:06 
jj1 = 906, max_th = 2.416082e+00, time=2024-09-07 04:51:43 
jj1 = 984, max_th = 1.819389e+00, time=2024-09-07 04:52:23 
jj1 = 978, max_th = 2.241770e+00, time=2024-09-07 04:54:45 
jj1 = 970, max_th = 2.363103e+00, time=2024-09-07 04:55:24 
jj1 = 931, max_th = 1.534294e+00, time=2024-09-07 04:55:43 
jj1 = 650, max_th = 1.401599e+00, time=2024-09-07 04:55:53 
jj1 = 959, max_th = 1.612539e+00, time=2024-09-07 04:57:49 
jj1 = 883, max_th = 2.130990e+00, time=2024-09-07 04:58:49 
jj1 = 939, max_th = 2.117278e+00, time=2024-09-07 04:59:34 
jj1 = 928, max_th = 2.384847e+00, time=2024-09-07 05:00:03 
jj1 = 938, max_th = 1.957665e+00, time=2024-09-07 05:00:27 
jj1 = 873, max_th = 1.935618e+00, time=2024-09-07 05:01:03 
jj1 = 882, max_th = 2.780953e+00, time=2024-09-07 05:01:35 
jj1 = 983, max_th = 1.867695e+00, time=2024-09-07 05:02:29 
jj1 = 969, max_th = 2.386277e+00, time=2024-09-07 05:02:32 
jj1 = 958, max_th = 2.790131e+00, time=2024-09-07 05:03:03 
jj1 = 977, max_th = 1.681701e+00, time=2024-09-07 05:03:41 
jj1 = 905, max_th = 2.520450e+00, time=2024-09-07 05:03:45 
jj1 = 930, max_th = 2.152728e+00, time=2024-09-07 05:04:04 
jj1 = 649, max_th = 1.992698e+00, time=2024-09-07 05:06:27 
jj1 = 982, max_th = 1.352135e+00, time=2024-09-07 05:06:33 
jj1 = 881, max_th = 2.148778e+00, time=2024-09-07 05:09:23 
jj1 = 929, max_th = 2.577174e+00, time=2024-09-07 05:09:41 
jj1 = 872, max_th = 2.189466e+00, time=2024-09-07 05:10:16 
jj1 = 927, max_th = 1.320628e+00, time=2024-09-07 05:10:23 
jj1 = 981, max_th = 2.683915e+00, time=2024-09-07 05:10:29 
jj1 = 997, max_th = 1.655821e+00, time=2024-09-07 05:10:44 
jj1 = 992, max_th = 2.937378e+00, time=2024-09-07 05:11:13 
jj1 = 937, max_th = 1.735312e+00, time=2024-09-07 05:11:40 
jj1 = 996, max_th = 1.948149e+00, time=2024-09-07 05:11:55 
jj1 = 868, max_th = 2.203463e+00, time=2024-09-07 05:14:30 
jj1 = 926, max_th = 9.888408e-01, time=2024-09-07 05:14:49 
jj1 = 968, max_th = 1.641572e+00, time=2024-09-07 05:16:21 
jj1 = 936, max_th = 1.295335e+00, time=2024-09-07 05:16:31 
jj1 = 957, max_th = 1.673014e+00, time=2024-09-07 05:16:42 
jj1 = 880, max_th = 1.908872e+00, time=2024-09-07 05:18:10 
jj1 = 999, max_th = 1.692269e+00, time=2024-09-07 05:18:21 
jj1 = 967, max_th = 2.949767e+00, time=2024-09-07 05:18:26 
jj1 = 966, max_th = -1.411709e-01, time=2024-09-07 05:18:55 
jj1 = 995, max_th = 1.906195e+00, time=2024-09-07 05:20:52 
jj1 = 904, max_th = 2.184269e+00, time=2024-09-07 05:21:19 
jj1 = 991, max_th = 2.078786e+00, time=2024-09-07 05:21:33 
jj1 = 879, max_th = 1.308323e+00, time=2024-09-07 05:22:38 
jj1 = 976, max_th = 2.775904e+00, time=2024-09-07 05:24:14 
jj1 = 925, max_th = 1.578583e+00, time=2024-09-07 05:24:56 
jj1 = 871, max_th = 2.292240e+00, time=2024-09-07 05:24:58 
jj1 = 935, max_th = 1.957422e+00, time=2024-09-07 05:25:45 
jj1 = 924, max_th = 9.268255e-01, time=2024-09-07 05:26:43 
jj1 = 998, max_th = 2.545745e+00, time=2024-09-07 05:26:52 
jj1 = 867, max_th = 1.923407e+00, time=2024-09-07 05:27:08 
jj1 = 965, max_th = 1.614998e+00, time=2024-09-07 05:27:11 
jj1 = 975, max_th = 1.234787e+00, time=2024-09-07 05:28:23 
jj1 = 994, max_th = 1.663768e+00, time=2024-09-07 05:28:44 
jj1 = 990, max_th = 1.703953e+00, time=2024-09-07 05:29:04 
jj1 = 993, max_th = 9.906747e-01, time=2024-09-07 05:30:44 
jj1 = 964, max_th = 2.027500e+00, time=2024-09-07 05:32:14 
jj1 = 934, max_th = 1.645426e+00, time=2024-09-07 05:32:23 
jj1 = 866, max_th = 2.516291e+00, time=2024-09-07 05:32:42 
jj1 = 1000, max_th = 1.903709e+00, time=2024-09-07 05:35:31 
jj1 = 870, max_th = 1.924332e+00, time=2024-09-07 05:35:57 
jj1 = 865, max_th = 1.208795e+00, time=2024-09-07 05:36:16 
jj1 = 974, max_th = 1.952708e+00, time=2024-09-07 05:37:04 
jj1 = 989, max_th = 1.625110e+00, time=2024-09-07 05:37:07 
jj1 = 973, max_th = 2.706342e+00, time=2024-09-07 05:40:01 
jj1 = 963, max_th = 1.923087e+00, time=2024-09-07 05:41:47 
jj1 = 864, max_th = 1.691754e+00, time=2024-09-07 05:43:45 
jj1 = 869, max_th = 1.883216e+00, time=2024-09-07 05:45:17 
jj1 = 962, max_th = 2.492651e+00, time=2024-09-07 05:47:06 
jj1 = 863, max_th = 1.286157e+00, time=2024-09-07 05:47:48 
jj1 = 988, max_th = 1.236884e+00, time=2024-09-07 05:48:56 
jj1 = 961, max_th = 2.533512e+00, time=2024-09-07 05:52:17 
jj1 = 862, max_th = 1.373708e+00, time=2024-09-07 05:52:31 
jj1 = 861, max_th = 2.603399e+00, time=2024-09-07 05:56:16 
jj1 = 987, max_th = 2.131404e+00, time=2024-09-07 05:57:44 
jj1 = 860, max_th = 1.660147e+00, time=2024-09-07 06:02:58 
jj1 = 986, max_th = 2.008743e+00, time=2024-09-07 06:05:45 
jj1 = 859, max_th = 2.398082e+00, time=2024-09-07 06:07:51 
jj1 = 985, max_th = 1.355928e+00, time=2024-09-07 06:09:38 
>> >> >> >> >> >> >> >> 