MATLAB is selecting SOFTWARE OPENGL rendering.

                            < M A T L A B (R) >
                  Copyright 1984-2021 The MathWorks, Inc.
                  R2021b (9.11.0.1769968) 64-bit (glnxa64)
                             September 17, 2021

 
To get started, type doc.
For product information, visit www.mathworks.com.
 
>> >> >> >> >> >> >> >> >> >> >> >> >> >> >> >> >> >> >> >> >> >> >> >> Starting parallel pool (parpool) using the 'local' profile ...
Connected to the parallel pool (number of workers: 12).
jj1 = 15, max_th = 2.883723e+00, time=2024-09-06 16:17:21 
jj1 = 25, max_th = 1.949794e+00, time=2024-09-06 16:21:44 
jj1 = 5, max_th = 2.587426e+00, time=2024-09-06 16:22:49 
jj1 = 55, max_th = 2.163950e+00, time=2024-09-06 16:23:46 
jj1 = 24, max_th = 2.991720e+00, time=2024-09-06 16:24:08 
jj1 = 10, max_th = 1.766983e+00, time=2024-09-06 16:25:37 
jj1 = 20, max_th = 2.633327e+00, time=2024-09-06 16:27:04 
jj1 = 50, max_th = 2.298319e+00, time=2024-09-06 16:28:51 
jj1 = 9, max_th = 9.972856e-01, time=2024-09-06 16:29:55 
jj1 = 40, max_th = 2.319853e+00, time=2024-09-06 16:30:37 
jj1 = 14, max_th = 1.581782e+00, time=2024-09-06 16:32:37 
jj1 = 45, max_th = 2.066447e+00, time=2024-09-06 16:33:21 
jj1 = 30, max_th = 2.234856e+00, time=2024-09-06 16:33:33 
jj1 = 54, max_th = 2.123564e+00, time=2024-09-06 16:33:36 
jj1 = 60, max_th = 2.001765e+00, time=2024-09-06 16:34:36 
jj1 = 49, max_th = 1.499687e+00, time=2024-09-06 16:34:43 
jj1 = 4, max_th = 2.331026e+00, time=2024-09-06 16:34:57 
jj1 = 29, max_th = 5.965973e-01, time=2024-09-06 16:35:41 
jj1 = 35, max_th = 1.582993e+00, time=2024-09-06 16:35:54 
jj1 = 48, max_th = 9.383295e-01, time=2024-09-06 16:35:54 
jj1 = 59, max_th = 7.873455e-01, time=2024-09-06 16:36:30 
jj1 = 58, max_th = 3.096706e+00, time=2024-09-06 16:41:07 
jj1 = 34, max_th = 2.542778e+00, time=2024-09-06 16:42:42 
jj1 = 8, max_th = 2.798403e+00, time=2024-09-06 16:43:07 
jj1 = 23, max_th = 1.921563e+00, time=2024-09-06 16:44:16 
jj1 = 44, max_th = 2.092371e+00, time=2024-09-06 16:45:12 
jj1 = 53, max_th = 1.841516e+00, time=2024-09-06 16:45:26 
jj1 = 39, max_th = 2.552054e+00, time=2024-09-06 16:45:44 
jj1 = 19, max_th = 2.222371e+00, time=2024-09-06 16:46:18 
jj1 = 28, max_th = 1.623327e+00, time=2024-09-06 16:48:01 
jj1 = 3, max_th = 1.915891e+00, time=2024-09-06 16:48:39 
jj1 = 47, max_th = 1.904721e+00, time=2024-09-06 16:52:14 
jj1 = 57, max_th = 2.188934e+00, time=2024-09-06 16:52:38 
jj1 = 33, max_th = 1.955183e+00, time=2024-09-06 16:53:51 
jj1 = 13, max_th = 1.875026e+00, time=2024-09-06 16:54:17 
jj1 = 43, max_th = 2.197036e+00, time=2024-09-06 16:55:03 
jj1 = 38, max_th = 2.145731e+00, time=2024-09-06 16:55:19 
jj1 = 22, max_th = 2.369394e+00, time=2024-09-06 16:56:04 
jj1 = 7, max_th = 2.390268e+00, time=2024-09-06 16:57:25 
jj1 = 2, max_th = 1.557329e+00, time=2024-09-06 16:57:51 
jj1 = 46, max_th = 1.454664e+00, time=2024-09-06 16:58:30 
jj1 = 27, max_th = 1.603791e+00, time=2024-09-06 17:00:09 
jj1 = 18, max_th = 1.457519e+00, time=2024-09-06 17:01:00 
jj1 = 17, max_th = 3.023122e+00, time=2024-09-06 17:02:23 
jj1 = 37, max_th = 2.314592e+00, time=2024-09-06 17:05:54 
jj1 = 52, max_th = 1.961557e+00, time=2024-09-06 17:06:01 
jj1 = 450, max_th = 2.611930e+00, time=2024-09-06 17:06:39 
jj1 = 21, max_th = 1.947986e+00, time=2024-09-06 17:07:05 
jj1 = 42, max_th = 2.235945e+00, time=2024-09-06 17:08:35 
jj1 = 1, max_th = 1.973661e+00, time=2024-09-06 17:09:05 
jj1 = 16, max_th = 1.198248e+00, time=2024-09-06 17:10:00 
jj1 = 32, max_th = 2.433823e+00, time=2024-09-06 17:10:55 
jj1 = 99, max_th = 1.149219e+00, time=2024-09-06 17:11:35 
jj1 = 26, max_th = 2.597637e+00, time=2024-09-06 17:12:46 
jj1 = 255, max_th = 1.510602e+00, time=2024-09-06 17:13:58 
jj1 = 51, max_th = 1.398330e+00, time=2024-09-06 17:14:03 
jj1 = 216, max_th = 8.728081e-01, time=2024-09-06 17:14:18 
jj1 = 6, max_th = 1.334268e+00, time=2024-09-06 17:16:09 
jj1 = 56, max_th = 2.069383e+00, time=2024-09-06 17:16:10 
jj1 = 36, max_th = 1.986286e+00, time=2024-09-06 17:16:50 
jj1 = 98, max_th = -5.036418e-01, time=2024-09-06 17:18:25 
jj1 = 97, max_th = 3.060740e+00, time=2024-09-06 17:19:33 
jj1 = 294, max_th = 1.213616e+00, time=2024-09-06 17:20:43 
jj1 = 41, max_th = 2.012337e+00, time=2024-09-06 17:20:45 
jj1 = 138, max_th = 9.136578e-01, time=2024-09-06 17:21:22 
jj1 = 449, max_th = 1.470465e+00, time=2024-09-06 17:22:30 
jj1 = 293, max_th = 1.725459e+00, time=2024-09-06 17:22:51 
jj1 = 372, max_th = 1.579214e+00, time=2024-09-06 17:24:17 
jj1 = 12, max_th = 1.532503e+00, time=2024-09-06 17:24:26 
jj1 = 254, max_th = 2.174479e+00, time=2024-09-06 17:24:35 
jj1 = 528, max_th = 1.263271e+00, time=2024-09-06 17:24:42 
jj1 = 31, max_th = 2.326891e+00, time=2024-09-06 17:26:04 
jj1 = 292, max_th = 1.207122e+00, time=2024-09-06 17:27:00 
jj1 = 137, max_th = 1.208255e+00, time=2024-09-06 17:28:20 
jj1 = 489, max_th = 2.547888e+00, time=2024-09-06 17:29:19 
jj1 = 448, max_th = 1.334360e+00, time=2024-09-06 17:29:31 
jj1 = 253, max_th = 2.590035e+00, time=2024-09-06 17:30:18 
jj1 = 215, max_th = 2.120277e+00, time=2024-09-06 17:31:23 
jj1 = 214, max_th = 5.173037e-01, time=2024-09-06 17:31:35 
jj1 = 371, max_th = 1.543893e+00, time=2024-09-06 17:31:48 
jj1 = 411, max_th = 1.429479e+00, time=2024-09-06 17:33:41 
jj1 = 527, max_th = 2.097891e+00, time=2024-09-06 17:34:16 
jj1 = 291, max_th = 2.153498e+00, time=2024-09-06 17:34:21 
jj1 = 526, max_th = 8.320065e-01, time=2024-09-06 17:34:56 
jj1 = 447, max_th = 2.636730e+00, time=2024-09-06 17:35:06 
jj1 = 136, max_th = 1.292770e+00, time=2024-09-06 17:36:05 
jj1 = 252, max_th = 2.502737e+00, time=2024-09-06 17:36:08 
jj1 = 333, max_th = 1.533117e+00, time=2024-09-06 17:38:30 
jj1 = 446, max_th = 1.231016e+00, time=2024-09-06 17:39:53 
jj1 = 96, max_th = 2.160209e+00, time=2024-09-06 17:40:28 
jj1 = 332, max_th = 1.146944e+00, time=2024-09-06 17:41:08 
jj1 = 290, max_th = 1.666612e+00, time=2024-09-06 17:42:23 
jj1 = 370, max_th = 2.118850e+00, time=2024-09-06 17:42:58 
jj1 = 213, max_th = 1.409032e+00, time=2024-09-06 17:43:03 
jj1 = 488, max_th = 2.413729e+00, time=2024-09-06 17:43:22 
jj1 = 525, max_th = 2.009864e+00, time=2024-09-06 17:43:24 
jj1 = 251, max_th = 2.313809e+00, time=2024-09-06 17:44:02 
jj1 = 331, max_th = 2.349998e+00, time=2024-09-06 17:44:19 
jj1 = 487, max_th = 3.411947e+00, time=2024-09-06 17:44:25 
jj1 = 135, max_th = 2.505402e+00, time=2024-09-06 17:47:16 
jj1 = 134, max_th = 3.192259e+00, time=2024-09-06 17:48:17 
jj1 = 289, max_th = 2.543992e+00, time=2024-09-06 17:49:23 
jj1 = 95, max_th = 1.668774e+00, time=2024-09-06 17:49:48 
jj1 = 410, max_th = 2.001474e+00, time=2024-09-06 17:50:02 
jj1 = 524, max_th = 1.510135e+00, time=2024-09-06 17:50:07 
jj1 = 445, max_th = 2.236340e+00, time=2024-09-06 17:50:21 
jj1 = 486, max_th = 1.703433e+00, time=2024-09-06 17:50:22 
jj1 = 250, max_th = 1.838298e+00, time=2024-09-06 17:52:22 
jj1 = 11, max_th = 1.943175e+00, time=2024-09-06 17:53:04 
jj1 = 94, max_th = 1.210697e+00, time=2024-09-06 17:54:15 
jj1 = 133, max_th = 1.367822e+00, time=2024-09-06 17:54:32 
jj1 = 485, max_th = 1.293173e+00, time=2024-09-06 17:55:28 
jj1 = 212, max_th = 2.345926e+00, time=2024-09-06 17:55:42 
jj1 = 409, max_th = 2.468949e+00, time=2024-09-06 17:56:03 
jj1 = 369, max_th = 1.365556e+00, time=2024-09-06 17:56:11 
jj1 = 288, max_th = 1.980051e+00, time=2024-09-06 17:57:51 
jj1 = 132, max_th = 2.813577e+00, time=2024-09-06 17:59:21 
jj1 = 249, max_th = 2.360152e+00, time=2024-09-06 17:59:33 
jj1 = 177, max_th = 1.433828e+00, time=2024-09-06 18:00:08 
jj1 = 444, max_th = 2.024300e+00, time=2024-09-06 18:00:26 
jj1 = 211, max_th = 2.200262e+00, time=2024-09-06 18:02:03 
jj1 = 330, max_th = 1.369685e+00, time=2024-09-06 18:02:05 
jj1 = 484, max_th = 1.589315e+00, time=2024-09-06 18:05:02 
jj1 = 93, max_th = 1.940720e+00, time=2024-09-06 18:05:33 
jj1 = 443, max_th = 1.171126e+00, time=2024-09-06 18:06:28 
jj1 = 176, max_th = 1.418736e+00, time=2024-09-06 18:06:42 
jj1 = 287, max_th = 1.904837e+00, time=2024-09-06 18:06:44 
jj1 = 523, max_th = 2.333773e+00, time=2024-09-06 18:09:47 
jj1 = 175, max_th = 1.217428e+00, time=2024-09-06 18:11:17 
jj1 = 210, max_th = 2.088491e+00, time=2024-09-06 18:11:25 
jj1 = 483, max_th = 2.279523e+00, time=2024-09-06 18:12:37 
jj1 = 131, max_th = 1.900904e+00, time=2024-09-06 18:13:02 
jj1 = 329, max_th = 2.280180e+00, time=2024-09-06 18:13:22 
jj1 = 92, max_th = 2.315611e+00, time=2024-09-06 18:13:32 
jj1 = 248, max_th = 2.331167e+00, time=2024-09-06 18:14:01 
jj1 = 408, max_th = 2.469726e+00, time=2024-09-06 18:14:42 
jj1 = 328, max_th = 9.415913e-01, time=2024-09-06 18:15:20 
jj1 = 522, max_th = 2.800211e+00, time=2024-09-06 18:17:10 
jj1 = 91, max_th = 1.453479e+00, time=2024-09-06 18:17:33 
jj1 = 442, max_th = 1.737639e+00, time=2024-09-06 18:18:00 
jj1 = 286, max_th = 1.895297e+00, time=2024-09-06 18:18:07 
jj1 = 247, max_th = 1.364390e+00, time=2024-09-06 18:19:09 
jj1 = 521, max_th = 4.286585e+00, time=2024-09-06 18:20:24 
jj1 = 130, max_th = 1.539066e+00, time=2024-09-06 18:20:34 
jj1 = 441, max_th = 1.063615e+00, time=2024-09-06 18:21:29 
jj1 = 209, max_th = 2.013788e+00, time=2024-09-06 18:21:31 
jj1 = 285, max_th = 3.617888e+00, time=2024-09-06 18:22:41 
jj1 = 174, max_th = 1.732892e+00, time=2024-09-06 18:22:41 
jj1 = 482, max_th = 1.714717e+00, time=2024-09-06 18:22:42 
jj1 = 246, max_th = 2.746747e+00, time=2024-09-06 18:24:53 
jj1 = 90, max_th = 2.181126e+00, time=2024-09-06 18:26:02 
jj1 = 327, max_th = 2.222223e+00, time=2024-09-06 18:26:10 
jj1 = 368, max_th = 2.314390e+00, time=2024-09-06 18:27:46 
jj1 = 407, max_th = 1.505193e+00, time=2024-09-06 18:27:51 
jj1 = 481, max_th = 2.099959e+00, time=2024-09-06 18:27:55 
jj1 = 326, max_th = 6.479218e-01, time=2024-09-06 18:28:41 
jj1 = 173, max_th = 1.574363e+00, time=2024-09-06 18:30:30 
jj1 = 440, max_th = 1.559885e+00, time=2024-09-06 18:31:04 
jj1 = 245, max_th = 1.506644e+00, time=2024-09-06 18:31:27 
jj1 = 129, max_th = 2.045077e+00, time=2024-09-06 18:31:42 
jj1 = 284, max_th = 1.541074e+00, time=2024-09-06 18:32:58 
jj1 = 89, max_th = 2.296648e+00, time=2024-09-06 18:33:43 
jj1 = 439, max_th = -6.775791e-02, time=2024-09-06 18:34:45 
jj1 = 480, max_th = 2.627221e+00, time=2024-09-06 18:34:55 
jj1 = 208, max_th = 1.915617e+00, time=2024-09-06 18:35:11 
jj1 = 172, max_th = 2.448259e+00, time=2024-09-06 18:36:51 
jj1 = 128, max_th = 2.517727e+00, time=2024-09-06 18:37:09 
jj1 = 520, max_th = 2.377381e+00, time=2024-09-06 18:37:17 
jj1 = 127, max_th = 3.327584e+00, time=2024-09-06 18:37:24 
jj1 = 367, max_th = 2.809752e+00, time=2024-09-06 18:37:25 
jj1 = 244, max_th = 2.437138e+00, time=2024-09-06 18:39:31 
jj1 = 243, max_th = 2.871468e+00, time=2024-09-06 18:41:29 
jj1 = 126, max_th = 2.816387e+00, time=2024-09-06 18:41:47 
jj1 = 325, max_th = 2.517707e+00, time=2024-09-06 18:42:59 
jj1 = 88, max_th = 1.986587e+00, time=2024-09-06 18:44:47 
jj1 = 324, max_th = 1.152198e+00, time=2024-09-06 18:46:26 
jj1 = 366, max_th = 2.668516e+00, time=2024-09-06 18:47:40 
jj1 = 207, max_th = 1.853396e+00, time=2024-09-06 18:49:02 
jj1 = 479, max_th = 2.089120e+00, time=2024-09-06 18:51:08 
jj1 = 519, max_th = 2.226747e+00, time=2024-09-06 18:51:41 
jj1 = 478, max_th = 3.462110e+00, time=2024-09-06 18:51:44 
jj1 = 242, max_th = 1.710909e+00, time=2024-09-06 18:51:56 
jj1 = 125, max_th = 1.889349e+00, time=2024-09-06 18:54:02 
jj1 = 283, max_th = 2.203391e+00, time=2024-09-06 18:54:17 
jj1 = 241, max_th = 2.926775e+00, time=2024-09-06 18:54:28 
jj1 = 87, max_th = 2.489781e+00, time=2024-09-06 18:55:18 
jj1 = 323, max_th = 2.239869e+00, time=2024-09-06 18:55:18 
jj1 = 438, max_th = 2.180892e+00, time=2024-09-06 18:55:50 
jj1 = 477, max_th = 2.443110e+00, time=2024-09-06 18:56:15 
jj1 = 518, max_th = 1.252191e+00, time=2024-09-06 18:57:54 
jj1 = 365, max_th = 2.966815e+00, time=2024-09-06 18:58:20 
jj1 = 206, max_th = 1.948490e+00, time=2024-09-06 18:58:55 
jj1 = 205, max_th = 7.349747e-01, time=2024-09-06 18:59:31 
jj1 = 171, max_th = 1.835158e+00, time=2024-09-06 19:00:08 
jj1 = 322, max_th = 2.621789e+00, time=2024-09-06 19:00:16 
jj1 = 124, max_th = 2.572931e+00, time=2024-09-06 19:00:46 
jj1 = 406, max_th = 2.030741e+00, time=2024-09-06 19:01:49 
jj1 = 240, max_th = 1.634687e+00, time=2024-09-06 19:02:30 
jj1 = 86, max_th = 2.002029e+00, time=2024-09-06 19:04:51 
jj1 = 239, max_th = 1.289394e+00, time=2024-09-06 19:04:58 
jj1 = 476, max_th = 2.337202e+00, time=2024-09-06 19:05:29 
jj1 = 204, max_th = 2.028977e+00, time=2024-09-06 19:06:21 
jj1 = 282, max_th = 2.367391e+00, time=2024-09-06 19:06:39 
jj1 = 517, max_th = 1.259842e+00, time=2024-09-06 19:10:13 
jj1 = 85, max_th = 1.757858e+00, time=2024-09-06 19:11:08 
jj1 = 170, max_th = 2.732119e+00, time=2024-09-06 19:12:06 
jj1 = 321, max_th = 2.191904e+00, time=2024-09-06 19:12:14 
jj1 = 475, max_th = 2.595963e+00, time=2024-09-06 19:13:30 
jj1 = 238, max_th = 1.698063e+00, time=2024-09-06 19:13:56 
jj1 = 203, max_th = 1.926079e+00, time=2024-09-06 19:16:03 
jj1 = 437, max_th = 1.998838e+00, time=2024-09-06 19:16:12 
jj1 = 320, max_th = 2.449841e+00, time=2024-09-06 19:18:02 
jj1 = 281, max_th = 2.173687e+00, time=2024-09-06 19:18:49 
jj1 = 123, max_th = 1.955996e+00, time=2024-09-06 19:19:36 
jj1 = 169, max_th = 1.859149e+00, time=2024-09-06 19:20:17 
jj1 = 516, max_th = 2.446709e+00, time=2024-09-06 19:21:07 
jj1 = 474, max_th = 1.562316e+00, time=2024-09-06 19:21:52 
jj1 = 237, max_th = 2.442048e+00, time=2024-09-06 19:23:08 
jj1 = 84, max_th = 2.527832e+00, time=2024-09-06 19:23:12 
jj1 = 168, max_th = 4.690043e+00, time=2024-09-06 19:24:48 
jj1 = 515, max_th = 1.552655e+00, time=2024-09-06 19:25:14 
jj1 = 122, max_th = -2.059130e-01, time=2024-09-06 19:26:02 
jj1 = 319, max_th = 2.516946e+00, time=2024-09-06 19:26:02 
jj1 = 202, max_th = 1.761422e+00, time=2024-09-06 19:26:52 
jj1 = 121, max_th = 2.820280e+00, time=2024-09-06 19:27:58 
jj1 = 405, max_th = 1.633483e+00, time=2024-09-06 19:28:21 
jj1 = 236, max_th = 2.539251e+00, time=2024-09-06 19:30:06 
jj1 = 83, max_th = 2.617833e+00, time=2024-09-06 19:31:51 
jj1 = 280, max_th = 1.983197e+00, time=2024-09-06 19:31:59 
jj1 = 436, max_th = 2.292334e+00, time=2024-09-06 19:32:03 
jj1 = 473, max_th = 1.608673e+00, time=2024-09-06 19:32:17 
jj1 = 201, max_th = 2.522865e+00, time=2024-09-06 19:32:48 
jj1 = 279, max_th = 9.027237e-01, time=2024-09-06 19:34:06 
jj1 = 167, max_th = 2.518370e+00, time=2024-09-06 19:35:08 
jj1 = 82, max_th = 2.665235e+00, time=2024-09-06 19:35:20 
jj1 = 318, max_th = 1.678520e+00, time=2024-09-06 19:36:55 
jj1 = 514, max_th = 1.912681e+00, time=2024-09-06 19:39:20 
jj1 = 166, max_th = 2.901732e+00, time=2024-09-06 19:39:42 
jj1 = 235, max_th = 2.395606e+00, time=2024-09-06 19:40:16 
jj1 = 200, max_th = 1.534759e+00, time=2024-09-06 19:41:16 
jj1 = 278, max_th = 2.607060e+00, time=2024-09-06 19:41:38 
jj1 = 472, max_th = 1.805389e+00, time=2024-09-06 19:42:11 
jj1 = 199, max_th = 1.385635e+00, time=2024-09-06 19:44:49 
jj1 = 81, max_th = 1.568602e+00, time=2024-09-06 19:45:30 
jj1 = 471, max_th = 9.147782e-01, time=2024-09-06 19:46:08 
jj1 = 435, max_th = 1.073159e+00, time=2024-09-06 19:46:11 
jj1 = 404, max_th = 1.944270e+00, time=2024-09-06 19:46:34 
jj1 = 317, max_th = 1.579250e+00, time=2024-09-06 19:49:07 
jj1 = 80, max_th = 1.219250e+00, time=2024-09-06 19:50:13 
jj1 = 120, max_th = 1.926655e+00, time=2024-09-06 19:51:50 
jj1 = 165, max_th = 2.393496e+00, time=2024-09-06 19:52:14 
jj1 = 234, max_th = 1.686399e+00, time=2024-09-06 19:52:56 
jj1 = 364, max_th = 2.257768e+00, time=2024-09-06 19:53:02 
jj1 = 79, max_th = 2.778085e+00, time=2024-09-06 19:53:19 
jj1 = 277, max_th = 1.583652e+00, time=2024-09-06 19:55:33 
jj1 = 363, max_th = 1.450411e+00, time=2024-09-06 19:56:32 
jj1 = 513, max_th = 2.429473e+00, time=2024-09-06 19:57:22 
jj1 = 470, max_th = 1.780764e+00, time=2024-09-06 19:57:43 
jj1 = 512, max_th = 7.989220e-01, time=2024-09-06 19:58:10 
jj1 = 434, max_th = 1.437405e+00, time=2024-09-06 19:58:41 
jj1 = 78, max_th = 1.364629e+00, time=2024-09-06 19:58:45 
jj1 = 316, max_th = 1.286958e+00, time=2024-09-06 20:00:04 
jj1 = 198, max_th = 1.681880e+00, time=2024-09-06 20:00:31 
jj1 = 77, max_th = 3.152717e+00, time=2024-09-06 20:00:53 
jj1 = 164, max_th = 1.783795e+00, time=2024-09-06 20:01:41 
jj1 = 197, max_th = 6.373968e-01, time=2024-09-06 20:02:08 
jj1 = 276, max_th = 2.486674e+00, time=2024-09-06 20:02:41 
jj1 = 233, max_th = 1.680397e+00, time=2024-09-06 20:03:10 
jj1 = 511, max_th = 1.451049e+00, time=2024-09-06 20:03:19 
jj1 = 469, max_th = 2.582932e+00, time=2024-09-06 20:03:32 
jj1 = 275, max_th = 3.354502e+00, time=2024-09-06 20:03:34 
jj1 = 403, max_th = 2.251904e+00, time=2024-09-06 20:03:48 
jj1 = 76, max_th = 1.495339e+00, time=2024-09-06 20:06:20 
jj1 = 362, max_th = 1.920774e+00, time=2024-09-06 20:07:46 
jj1 = 196, max_th = 1.546848e+00, time=2024-09-06 20:09:25 
jj1 = 510, max_th = 1.541342e+00, time=2024-09-06 20:09:27 
jj1 = 274, max_th = 1.716753e+00, time=2024-09-06 20:11:29 
jj1 = 163, max_th = 2.223627e+00, time=2024-09-06 20:12:01 
jj1 = 119, max_th = 2.040883e+00, time=2024-09-06 20:12:33 
jj1 = 232, max_th = 2.058837e+00, time=2024-09-06 20:12:52 
jj1 = 75, max_th = 2.405447e+00, time=2024-09-06 20:14:24 
jj1 = 468, max_th = 2.799142e+00, time=2024-09-06 20:14:35 
jj1 = 509, max_th = 1.642165e+00, time=2024-09-06 20:19:16 
jj1 = 315, max_th = 2.144677e+00, time=2024-09-06 20:19:23 
jj1 = 467, max_th = 1.385970e+00, time=2024-09-06 20:19:38 
jj1 = 402, max_th = 1.958483e+00, time=2024-09-06 20:20:21 
jj1 = 162, max_th = 2.496551e+00, time=2024-09-06 20:20:34 
jj1 = 195, max_th = 1.839723e+00, time=2024-09-06 20:21:13 
jj1 = 273, max_th = 1.832298e+00, time=2024-09-06 20:21:21 
jj1 = 466, max_th = 2.812979e+00, time=2024-09-06 20:21:44 
jj1 = 433, max_th = 2.004535e+00, time=2024-09-06 20:21:57 
jj1 = 361, max_th = 2.044063e+00, time=2024-09-06 20:22:30 
jj1 = 231, max_th = 1.835383e+00, time=2024-09-06 20:23:58 
jj1 = 465, max_th = 1.500506e+00, time=2024-09-06 20:26:51 
jj1 = 508, max_th = 1.683063e+00, time=2024-09-06 20:27:47 
jj1 = 74, max_th = 2.274567e+00, time=2024-09-06 20:28:32 
jj1 = 161, max_th = 2.482079e+00, time=2024-09-06 20:30:02 
jj1 = 118, max_th = 2.240380e+00, time=2024-09-06 20:30:15 
jj1 = 272, max_th = 1.722058e+00, time=2024-09-06 20:30:18 
jj1 = 360, max_th = 2.579460e+00, time=2024-09-06 20:30:41 
jj1 = 160, max_th = 1.409023e+00, time=2024-09-06 20:31:57 
jj1 = 194, max_th = 2.445479e+00, time=2024-09-06 20:32:43 
jj1 = 73, max_th = 2.768130e+00, time=2024-09-06 20:34:25 
jj1 = 432, max_th = 1.583884e+00, time=2024-09-06 20:34:27 
jj1 = 314, max_th = 1.132315e+00, time=2024-09-06 20:34:59 
jj1 = 72, max_th = 2.810618e+00, time=2024-09-06 20:36:48 
jj1 = 464, max_th = 1.820077e+00, time=2024-09-06 20:37:39 
jj1 = 401, max_th = 1.837818e+00, time=2024-09-06 20:38:14 
jj1 = 271, max_th = 1.926524e+00, time=2024-09-06 20:41:42 
jj1 = 359, max_th = 1.881999e+00, time=2024-09-06 20:42:24 
jj1 = 431, max_th = 2.816650e+00, time=2024-09-06 20:43:05 
jj1 = 463, max_th = 1.549812e+00, time=2024-09-06 20:43:23 
jj1 = 193, max_th = 2.066725e+00, time=2024-09-06 20:43:54 
jj1 = 192, max_th = 5.546679e-01, time=2024-09-06 20:44:39 
jj1 = 230, max_th = 1.792829e+00, time=2024-09-06 20:44:48 
jj1 = 159, max_th = 1.869394e+00, time=2024-09-06 20:45:04 
jj1 = 71, max_th = 2.452415e+00, time=2024-09-06 20:45:09 
jj1 = 313, max_th = 2.473445e+00, time=2024-09-06 20:50:08 
jj1 = 158, max_th = 2.459518e+00, time=2024-09-06 20:50:10 
jj1 = 229, max_th = 2.450810e+00, time=2024-09-06 20:51:24 
jj1 = 70, max_th = 2.040169e+00, time=2024-09-06 20:52:49 
jj1 = 191, max_th = 1.809089e+00, time=2024-09-06 20:54:31 
jj1 = 462, max_th = 2.042590e+00, time=2024-09-06 20:54:33 
jj1 = 507, max_th = 2.075548e+00, time=2024-09-06 20:55:24 
jj1 = 157, max_th = 2.529163e+00, time=2024-09-06 20:56:31 
jj1 = 358, max_th = 1.530175e+00, time=2024-09-06 20:56:42 
jj1 = 400, max_th = 1.522997e+00, time=2024-09-06 20:57:47 
jj1 = 69, max_th = 2.467729e+00, time=2024-09-06 20:58:12 
jj1 = 117, max_th = 1.154311e+00, time=2024-09-06 20:59:24 
jj1 = 430, max_th = 1.510086e+00, time=2024-09-06 20:59:26 
jj1 = 506, max_th = 2.593043e+00, time=2024-09-06 21:00:04 
jj1 = 228, max_th = 2.030044e+00, time=2024-09-06 21:01:49 
jj1 = 190, max_th = 2.149561e+00, time=2024-09-06 21:02:21 
jj1 = 461, max_th = 1.857211e+00, time=2024-09-06 21:02:55 
jj1 = 312, max_th = 2.453408e+00, time=2024-09-06 21:03:15 
jj1 = 505, max_th = 1.333149e+00, time=2024-09-06 21:04:38 
jj1 = 227, max_th = 1.305621e+00, time=2024-09-06 21:05:50 
jj1 = 156, max_th = 1.828847e+00, time=2024-09-06 21:06:19 
jj1 = 68, max_th = 1.677227e+00, time=2024-09-06 21:07:18 
jj1 = 67, max_th = -8.881956e-01, time=2024-09-06 21:07:26 
jj1 = 270, max_th = 1.874787e+00, time=2024-09-06 21:07:49 
jj1 = 189, max_th = 2.573198e+00, time=2024-09-06 21:10:10 
jj1 = 116, max_th = 1.372914e+00, time=2024-09-06 21:10:39 
jj1 = 311, max_th = 1.339815e+00, time=2024-09-06 21:11:49 
jj1 = 460, max_th = 2.035871e+00, time=2024-09-06 21:12:07 
jj1 = 429, max_th = 2.607921e+00, time=2024-09-06 21:12:19 
jj1 = 66, max_th = 2.533733e+00, time=2024-09-06 21:13:30 
jj1 = 357, max_th = 1.568699e+00, time=2024-09-06 21:13:50 
jj1 = 226, max_th = 2.256079e+00, time=2024-09-06 21:14:12 
jj1 = 504, max_th = 1.797357e+00, time=2024-09-06 21:14:36 
jj1 = 269, max_th = 2.492014e+00, time=2024-09-06 21:15:01 
jj1 = 155, max_th = 2.015767e+00, time=2024-09-06 21:18:03 
jj1 = 225, max_th = 2.684913e+00, time=2024-09-06 21:18:36 
jj1 = 503, max_th = 1.512193e+00, time=2024-09-06 21:19:44 
jj1 = 459, max_th = 1.637164e+00, time=2024-09-06 21:19:46 
jj1 = 188, max_th = 1.989002e+00, time=2024-09-06 21:19:53 
jj1 = 65, max_th = 1.521138e+00, time=2024-09-06 21:21:34 
jj1 = 187, max_th = 7.175578e-01, time=2024-09-06 21:21:35 
jj1 = 224, max_th = 2.893738e+00, time=2024-09-06 21:22:13 
jj1 = 310, max_th = 2.624839e+00, time=2024-09-06 21:23:19 
jj1 = 268, max_th = 2.277014e+00, time=2024-09-06 21:23:28 
jj1 = 154, max_th = 2.615830e+00, time=2024-09-06 21:24:01 
jj1 = 309, max_th = 3.813287e+00, time=2024-09-06 21:24:43 
jj1 = 153, max_th = 7.590580e-01, time=2024-09-06 21:25:13 
jj1 = 115, max_th = 1.584475e+00, time=2024-09-06 21:26:48 
jj1 = 458, max_th = 1.177772e+00, time=2024-09-06 21:26:51 
jj1 = 267, max_th = 2.517611e+00, time=2024-09-06 21:27:35 
jj1 = 502, max_th = 1.812353e+00, time=2024-09-06 21:27:36 
jj1 = 399, max_th = 2.172444e+00, time=2024-09-06 21:28:03 
jj1 = 223, max_th = 2.502463e+00, time=2024-09-06 21:28:04 
jj1 = 186, max_th = 1.539473e+00, time=2024-09-06 21:28:05 
jj1 = 501, max_th = 9.018930e-01, time=2024-09-06 21:28:26 
jj1 = 185, max_th = 1.430870e+00, time=2024-09-06 21:28:41 
jj1 = 152, max_th = 1.482210e+00, time=2024-09-06 21:28:57 
jj1 = 222, max_th = 2.880859e+00, time=2024-09-06 21:31:45 
jj1 = 266, max_th = 2.434451e+00, time=2024-09-06 21:32:03 
jj1 = 64, max_th = 1.726870e+00, time=2024-09-06 21:33:23 
jj1 = 457, max_th = 2.134018e+00, time=2024-09-06 21:33:38 
jj1 = 456, max_th = 3.058243e-01, time=2024-09-06 21:34:17 
jj1 = 356, max_th = 1.166353e+00, time=2024-09-06 21:34:31 
jj1 = 221, max_th = 2.350887e+00, time=2024-09-06 21:37:16 
jj1 = 455, max_th = 1.175547e+00, time=2024-09-06 21:37:27 
jj1 = 184, max_th = 1.403402e+00, time=2024-09-06 21:37:34 
jj1 = 151, max_th = 2.095850e+00, time=2024-09-06 21:38:59 
jj1 = 114, max_th = 2.456447e+00, time=2024-09-06 21:39:02 
jj1 = 265, max_th = 2.525514e+00, time=2024-09-06 21:39:24 
jj1 = 355, max_th = 1.195447e+00, time=2024-09-06 21:39:52 
jj1 = 500, max_th = 2.104441e+00, time=2024-09-06 21:40:18 
jj1 = 428, max_th = 2.080248e+00, time=2024-09-06 21:42:03 
jj1 = 220, max_th = 2.723926e+00, time=2024-09-06 21:42:32 
jj1 = 150, max_th = 1.315983e+00, time=2024-09-06 21:42:52 
jj1 = 454, max_th = 1.308102e+00, time=2024-09-06 21:43:12 
jj1 = 264, max_th = 2.476771e+00, time=2024-09-06 21:45:46 
jj1 = 63, max_th = 1.492423e+00, time=2024-09-06 21:45:50 
jj1 = 398, max_th = 2.362342e+00, time=2024-09-06 21:46:00 
jj1 = 453, max_th = 2.648172e+00, time=2024-09-06 21:46:32 
jj1 = 183, max_th = 1.891692e+00, time=2024-09-06 21:49:01 
jj1 = 499, max_th = 1.948014e+00, time=2024-09-06 21:49:18 
jj1 = 263, max_th = 1.397870e+00, time=2024-09-06 21:49:58 
jj1 = 149, max_th = 1.518886e+00, time=2024-09-06 21:51:06 
jj1 = 113, max_th = 2.494147e+00, time=2024-09-06 21:53:48 
jj1 = 219, max_th = 2.157940e+00, time=2024-09-06 21:54:53 
jj1 = 354, max_th = 2.328774e+00, time=2024-09-06 21:55:30 
jj1 = 62, max_th = 2.533725e+00, time=2024-09-06 21:56:04 
jj1 = 498, max_th = 2.053310e+00, time=2024-09-06 21:56:17 
jj1 = 353, max_th = 2.891582e+00, time=2024-09-06 21:57:13 
jj1 = 148, max_th = 1.500742e+00, time=2024-09-06 21:57:41 
jj1 = 452, max_th = 1.972810e+00, time=2024-09-06 21:57:58 
jj1 = 182, max_th = 2.032205e+00, time=2024-09-06 21:57:58 
jj1 = 308, max_th = 1.911415e+00, time=2024-09-06 21:58:12 
jj1 = 352, max_th = 9.753245e-01, time=2024-09-06 22:01:46 
jj1 = 497, max_th = 1.461924e+00, time=2024-09-06 22:01:58 
jj1 = 147, max_th = 1.173435e+00, time=2024-09-06 22:02:08 
jj1 = 307, max_th = -4.060679e-01, time=2024-09-06 22:02:45 
jj1 = 218, max_th = 1.693200e+00, time=2024-09-06 22:02:57 
jj1 = 306, max_th = 3.191176e+00, time=2024-09-06 22:03:44 
jj1 = 61, max_th = 2.563564e+00, time=2024-09-06 22:03:47 
jj1 = 181, max_th = 2.195214e+00, time=2024-09-06 22:06:53 
jj1 = 427, max_th = 2.285874e+00, time=2024-09-06 22:07:22 
jj1 = 146, max_th = 2.539729e+00, time=2024-09-06 22:07:31 
jj1 = 217, max_th = 1.336948e+00, time=2024-09-06 22:07:55 
jj1 = 451, max_th = 1.562377e+00, time=2024-09-06 22:08:11 
jj1 = 397, max_th = 1.956311e+00, time=2024-09-06 22:08:30 
jj1 = 262, max_th = 2.096743e+00, time=2024-09-06 22:08:41 
jj1 = 112, max_th = 2.490330e+00, time=2024-09-06 22:09:38 
jj1 = 305, max_th = 2.926671e+00, time=2024-09-06 22:11:07 
jj1 = 180, max_th = 2.360105e+00, time=2024-09-06 22:14:04 
jj1 = 588, max_th = 1.029397e+00, time=2024-09-06 22:15:47 
jj1 = 496, max_th = 2.017404e+00, time=2024-09-06 22:16:51 
jj1 = 648, max_th = 1.874136e+00, time=2024-09-06 22:17:28 
jj1 = 351, max_th = 2.363305e+00, time=2024-09-06 22:20:07 
jj1 = 495, max_th = 2.199466e+00, time=2024-09-06 22:21:51 
jj1 = 494, max_th = 2.952953e+00, time=2024-09-06 22:23:50 
jj1 = 261, max_th = 1.665425e+00, time=2024-09-06 22:23:57 
jj1 = 568, max_th = 1.827495e+00, time=2024-09-06 22:25:19 
jj1 = 111, max_th = 1.554265e+00, time=2024-09-06 22:25:32 
jj1 = 304, max_th = 1.607687e+00, time=2024-09-06 22:25:49 
jj1 = 110, max_th = 4.986053e-01, time=2024-09-06 22:27:04 
jj1 = 179, max_th = 1.917988e+00, time=2024-09-06 22:27:08 
jj1 = 396, max_th = 2.106717e+00, time=2024-09-06 22:28:12 
jj1 = 260, max_th = 2.699692e+00, time=2024-09-06 22:28:40 
jj1 = 647, max_th = 1.942593e+00, time=2024-09-06 22:29:05 
jj1 = 145, max_th = 2.286442e+00, time=2024-09-06 22:30:46 
jj1 = 350, max_th = 2.472353e+00, time=2024-09-06 22:34:30 
jj1 = 144, max_th = 2.500080e+00, time=2024-09-06 22:34:36 
jj1 = 178, max_th = 1.913793e+00, time=2024-09-06 22:35:51 
jj1 = 587, max_th = 2.052213e+00, time=2024-09-06 22:36:10 
jj1 = 646, max_th = 1.730094e+00, time=2024-09-06 22:37:33 
jj1 = 259, max_th = 1.639992e+00, time=2024-09-06 22:38:45 
jj1 = 567, max_th = 2.455512e+00, time=2024-09-06 22:39:39 
jj1 = 258, max_th = 3.149277e+00, time=2024-09-06 22:40:43 
jj1 = 493, max_th = 2.316486e+00, time=2024-09-06 22:41:03 
jj1 = 608, max_th = 2.459139e+00, time=2024-09-06 22:43:23 
jj1 = 645, max_th = 2.403355e+00, time=2024-09-06 22:43:40 
jj1 = 109, max_th = 1.806714e+00, time=2024-09-06 22:43:50 
jj1 = 257, max_th = 1.151799e+00, time=2024-09-06 22:44:16 
jj1 = 143, max_th = 1.839243e+00, time=2024-09-06 22:44:43 
jj1 = 303, max_th = 1.942885e+00, time=2024-09-06 22:45:12 
jj1 = 607, max_th = 1.161809e+00, time=2024-09-06 22:47:04 
jj1 = 395, max_th = 2.002085e+00, time=2024-09-06 22:47:07 
jj1 = 492, max_th = 2.461260e+00, time=2024-09-06 22:50:01 
jj1 = 349, max_th = 2.291654e+00, time=2024-09-06 22:51:12 
jj1 = 644, max_th = 1.453017e+00, time=2024-09-06 22:51:30 
jj1 = 606, max_th = 1.732386e+00, time=2024-09-06 22:52:06 
jj1 = 491, max_th = 7.403807e-01, time=2024-09-06 22:52:25 
jj1 = 566, max_th = 1.407084e+00, time=2024-09-06 22:53:15 
jj1 = 142, max_th = 1.577968e+00, time=2024-09-06 22:53:28 
jj1 = 394, max_th = 1.168085e+00, time=2024-09-06 22:54:02 
jj1 = 643, max_th = 2.862664e+00, time=2024-09-06 22:55:10 
jj1 = 256, max_th = 2.015096e+00, time=2024-09-06 22:55:42 
jj1 = 141, max_th = 2.358883e+00, time=2024-09-06 22:59:21 
jj1 = 605, max_th = 1.851932e+00, time=2024-09-06 23:00:35 
jj1 = 586, max_th = 2.233508e+00, time=2024-09-06 23:00:56 
jj1 = 642, max_th = 2.332324e+00, time=2024-09-06 23:02:36 
jj1 = 604, max_th = 9.176212e-01, time=2024-09-06 23:03:04 
jj1 = 108, max_th = 2.140227e+00, time=2024-09-06 23:03:21 
jj1 = 490, max_th = 2.277362e+00, time=2024-09-06 23:03:26 
jj1 = 302, max_th = 2.071303e+00, time=2024-09-06 23:05:10 
jj1 = 140, max_th = 2.011582e+00, time=2024-09-06 23:05:56 
jj1 = 565, max_th = 2.406344e+00, time=2024-09-06 23:08:34 
jj1 = 348, max_th = 1.650808e+00, time=2024-09-06 23:11:35 
jj1 = 393, max_th = 1.563946e+00, time=2024-09-06 23:12:42 
jj1 = 628, max_th = 1.953408e+00, time=2024-09-06 23:13:59 
jj1 = 641, max_th = 1.934732e+00, time=2024-09-06 23:14:10 
jj1 = 139, max_th = 2.186654e+00, time=2024-09-06 23:14:57 
jj1 = 688, max_th = 2.278365e+00, time=2024-09-06 23:15:22 
jj1 = 603, max_th = 1.959557e+00, time=2024-09-06 23:17:00 
jj1 = 640, max_th = 2.824753e+00, time=2024-09-06 23:17:52 
jj1 = 687, max_th = 2.718123e+00, time=2024-09-06 23:19:39 
jj1 = 768, max_th = 2.772367e+00, time=2024-09-06 23:21:17 
jj1 = 301, max_th = 1.829778e+00, time=2024-09-06 23:22:52 
jj1 = 392, max_th = 1.219425e+00, time=2024-09-06 23:23:56 
jj1 = 107, max_th = 2.430311e+00, time=2024-09-06 23:24:37 
jj1 = 627, max_th = 2.607744e+00, time=2024-09-06 23:27:10 
jj1 = 564, max_th = 1.786303e+00, time=2024-09-06 23:28:21 
jj1 = 300, max_th = 1.194495e+00, time=2024-09-06 23:28:36 
jj1 = 391, max_th = 2.913894e+00, time=2024-09-06 23:28:59 
jj1 = 585, max_th = 2.078825e+00, time=2024-09-06 23:29:33 
jj1 = 767, max_th = 1.874018e+00, time=2024-09-06 23:30:37 
jj1 = 639, max_th = 1.925658e+00, time=2024-09-06 23:32:15 
jj1 = 426, max_th = 1.886735e+00, time=2024-09-06 23:33:14 
jj1 = 686, max_th = 2.083374e+00, time=2024-09-06 23:33:51 
jj1 = 766, max_th = 1.002378e+00, time=2024-09-06 23:34:22 
jj1 = 347, max_th = 1.833693e+00, time=2024-09-06 23:36:12 
jj1 = 106, max_th = 1.440296e+00, time=2024-09-06 23:36:28 
jj1 = 638, max_th = 1.544632e+00, time=2024-09-06 23:37:42 
jj1 = 765, max_th = 2.645228e+00, time=2024-09-06 23:38:21 
jj1 = 425, max_th = 5.722796e-01, time=2024-09-06 23:39:02 
jj1 = 685, max_th = 1.817261e+00, time=2024-09-06 23:41:35 
jj1 = 626, max_th = 2.004930e+00, time=2024-09-06 23:44:17 
jj1 = 299, max_th = 2.335210e+00, time=2024-09-06 23:44:19 
jj1 = 346, max_th = 2.549521e+00, time=2024-09-06 23:44:39 
jj1 = 637, max_th = 1.859351e+00, time=2024-09-06 23:46:06 
jj1 = 764, max_th = 2.151620e+00, time=2024-09-06 23:46:12 
jj1 = 684, max_th = 1.588211e+00, time=2024-09-06 23:47:09 
jj1 = 105, max_th = 2.619275e+00, time=2024-09-06 23:47:34 
jj1 = 584, max_th = 1.890583e+00, time=2024-09-06 23:47:35 
jj1 = 390, max_th = 1.639083e+00, time=2024-09-06 23:48:10 
jj1 = 563, max_th = 1.711910e+00, time=2024-09-06 23:48:50 
jj1 = 602, max_th = 2.184071e+00, time=2024-09-06 23:49:56 
jj1 = 562, max_th = 3.274944e+00, time=2024-09-06 23:50:09 
jj1 = 601, max_th = 3.708400e+00, time=2024-09-06 23:52:51 
jj1 = 424, max_th = 2.411002e+00, time=2024-09-06 23:54:53 
jj1 = 583, max_th = 2.280452e+00, time=2024-09-06 23:56:44 
jj1 = 763, max_th = 2.315341e+00, time=2024-09-06 23:56:46 
jj1 = 636, max_th = 1.904062e+00, time=2024-09-06 23:56:54 
jj1 = 600, max_th = 2.605969e+00, time=2024-09-07 00:00:50 
jj1 = 635, max_th = 2.601041e+00, time=2024-09-07 00:01:08 
jj1 = 561, max_th = 2.577484e+00, time=2024-09-07 00:01:30 
jj1 = 298, max_th = 1.954819e+00, time=2024-09-07 00:02:00 
jj1 = 345, max_th = 1.577404e+00, time=2024-09-07 00:03:00 
jj1 = 389, max_th = 2.033893e+00, time=2024-09-07 00:04:41 
jj1 = 683, max_th = 1.006202e+00, time=2024-09-07 00:04:49 
jj1 = 582, max_th = 2.259461e+00, time=2024-09-07 00:05:55 
jj1 = 344, max_th = 3.140919e+00, time=2024-09-07 00:06:07 
jj1 = 581, max_th = 3.569253e+00, time=2024-09-07 00:06:51 
jj1 = 625, max_th = 2.088621e+00, time=2024-09-07 00:07:38 
jj1 = 762, max_th = 2.077621e+00, time=2024-09-07 00:07:41 
jj1 = 682, max_th = 1.248074e+00, time=2024-09-07 00:08:38 
jj1 = 560, max_th = 9.781720e-01, time=2024-09-07 00:08:43 
jj1 = 599, max_th = 2.322705e+00, time=2024-09-07 00:09:34 
jj1 = 634, max_th = 2.064140e+00, time=2024-09-07 00:11:09 
jj1 = 297, max_th = 1.473469e+00, time=2024-09-07 00:12:16 
jj1 = 104, max_th = 1.785700e+00, time=2024-09-07 00:13:02 
jj1 = 559, max_th = 8.341389e-01, time=2024-09-07 00:13:54 
jj1 = 580, max_th = 1.637867e+00, time=2024-09-07 00:14:55 
jj1 = 423, max_th = 2.210080e+00, time=2024-09-07 00:16:38 
jj1 = 624, max_th = 2.598624e+00, time=2024-09-07 00:16:46 
jj1 = 579, max_th = 1.159789e+00, time=2024-09-07 00:17:12 
jj1 = 761, max_th = 1.860674e+00, time=2024-09-07 00:17:46 
jj1 = 598, max_th = 2.319527e+00, time=2024-09-07 00:18:45 
jj1 = 597, max_th = 3.001115e+00, time=2024-09-07 00:19:42 
jj1 = 578, max_th = 2.781297e+00, time=2024-09-07 00:20:13 
jj1 = 633, max_th = 1.675247e+00, time=2024-09-07 00:20:32 
jj1 = 681, max_th = 2.007375e+00, time=2024-09-07 00:21:22 
jj1 = 558, max_th = 1.514488e+00, time=2024-09-07 00:22:03 
jj1 = 343, max_th = 2.357630e+00, time=2024-09-07 00:22:21 
jj1 = 388, max_th = 2.166524e+00, time=2024-09-07 00:22:39 
jj1 = 680, max_th = -1.230247e+00, time=2024-09-07 00:22:53 
jj1 = 596, max_th = 2.293245e+00, time=2024-09-07 00:25:02 
jj1 = 632, max_th = 2.377431e+00, time=2024-09-07 00:25:09 
jj1 = 623, max_th = 2.606196e+00, time=2024-09-07 00:26:24 
jj1 = 760, max_th = 1.736549e+00, time=2024-09-07 00:27:57 
jj1 = 557, max_th = 2.818210e+00, time=2024-09-07 00:28:32 
jj1 = 631, max_th = 2.593923e+00, time=2024-09-07 00:29:27 
jj1 = 595, max_th = 3.453046e+00, time=2024-09-07 00:30:24 
jj1 = 577, max_th = 2.112532e+00, time=2024-09-07 00:31:05 
jj1 = 679, max_th = 1.142438e+00, time=2024-09-07 00:32:28 
jj1 = 296, max_th = 2.089961e+00, time=2024-09-07 00:32:55 
jj1 = 103, max_th = 2.053939e+00, time=2024-09-07 00:33:24 
jj1 = 594, max_th = 2.640932e+00, time=2024-09-07 00:33:34 
jj1 = 422, max_th = 1.701568e+00, time=2024-09-07 00:33:51 
jj1 = 556, max_th = 2.422715e+00, time=2024-09-07 00:36:44 
jj1 = 576, max_th = 2.339242e+00, time=2024-09-07 00:37:52 
jj1 = 759, max_th = 2.321899e+00, time=2024-09-07 00:39:36 
jj1 = 387, max_th = 1.842578e+00, time=2024-09-07 00:39:54 
jj1 = 758, max_th = 3.264759e+00, time=2024-09-07 00:39:56 
jj1 = 630, max_th = 2.366609e+00, time=2024-09-07 00:39:59 
jj1 = 678, max_th = 1.684832e+00, time=2024-09-07 00:41:11 
jj1 = 629, max_th = 1.048186e+00, time=2024-09-07 00:41:46 
jj1 = 342, max_th = 1.902704e+00, time=2024-09-07 00:42:42 
jj1 = 386, max_th = 3.509979e+00, time=2024-09-07 00:43:03 
jj1 = 593, max_th = 1.717305e+00, time=2024-09-07 00:43:06 
jj1 = 295, max_th = 2.405608e+00, time=2024-09-07 00:47:11 
jj1 = 677, max_th = 1.999251e+00, time=2024-09-07 00:48:07 
jj1 = 757, max_th = 2.564900e+00, time=2024-09-07 00:48:35 
jj1 = 555, max_th = 1.890288e+00, time=2024-09-07 00:48:50 
jj1 = 622, max_th = 1.808513e+00, time=2024-09-07 00:48:51 
jj1 = 575, max_th = 1.832057e+00, time=2024-09-07 00:48:52 
jj1 = 798, max_th = 2.580762e+00, time=2024-09-07 00:49:53 
jj1 = 676, max_th = 8.930249e-01, time=2024-09-07 00:49:56 
jj1 = 748, max_th = 2.993903e+00, time=2024-09-07 00:52:08 
jj1 = 421, max_th = 1.846329e+00, time=2024-09-07 00:53:54 
jj1 = 797, max_th = 1.229902e+00, time=2024-09-07 00:57:26 
jj1 = 341, max_th = 1.863722e+00, time=2024-09-07 00:57:37 
jj1 = 747, max_th = 2.591161e+00, time=2024-09-07 00:57:46 
jj1 = 574, max_th = 2.251341e+00, time=2024-09-07 00:58:08 
jj1 = 420, max_th = 3.734245e+00, time=2024-09-07 00:58:16 
jj1 = 102, max_th = 1.991804e+00, time=2024-09-07 00:58:18 
jj1 = 385, max_th = 1.404858e+00, time=2024-09-07 00:58:31 
jj1 = 796, max_th = 6.391521e-01, time=2024-09-07 00:58:45 
jj1 = 554, max_th = 1.885570e+00, time=2024-09-07 00:59:24 
jj1 = 756, max_th = 1.384088e+00, time=2024-09-07 00:59:43 
jj1 = 419, max_th = 3.015667e+00, time=2024-09-07 00:59:45 
jj1 = 592, max_th = 1.886636e+00, time=2024-09-07 01:02:12 
jj1 = 795, max_th = 1.597782e+00, time=2024-09-07 01:05:03 
jj1 = 340, max_th = 2.493583e+00, time=2024-09-07 01:05:48 
jj1 = 573, max_th = 2.110847e+00, time=2024-09-07 01:06:17 
jj1 = 794, max_th = 3.115115e+00, time=2024-09-07 01:06:24 
jj1 = 755, max_th = 1.761286e+00, time=2024-09-07 01:07:19 
jj1 = 746, max_th = 1.739839e+00, time=2024-09-07 01:07:33 
jj1 = 621, max_th = 2.177265e+00, time=2024-09-07 01:09:01 
jj1 = 591, max_th = 1.494360e+00, time=2024-09-07 01:09:38 
jj1 = 553, max_th = 2.052524e+00, time=2024-09-07 01:10:05 
jj1 = 418, max_th = 1.365271e+00, time=2024-09-07 01:10:39 
jj1 = 384, max_th = 1.452661e+00, time=2024-09-07 01:12:07 
jj1 = 793, max_th = 1.418361e+00, time=2024-09-07 01:12:44 
jj1 = 572, max_th = 2.610213e+00, time=2024-09-07 01:13:07 
jj1 = 417, max_th = 3.317690e+00, time=2024-09-07 01:14:40 
jj1 = 675, max_th = 1.752713e+00, time=2024-09-07 01:14:57 
jj1 = 590, max_th = 1.652646e+00, time=2024-09-07 01:17:09 
jj1 = 754, max_th = 1.992352e+00, time=2024-09-07 01:17:11 
jj1 = 339, max_th = 2.096165e+00, time=2024-09-07 01:17:38 
jj1 = 571, max_th = 2.568539e+00, time=2024-09-07 01:17:39 
jj1 = 745, max_th = 1.912444e+00, time=2024-09-07 01:17:50 
jj1 = 552, max_th = 1.764413e+00, time=2024-09-07 01:20:37 
jj1 = 792, max_th = 2.304835e+00, time=2024-09-07 01:21:35 
jj1 = 570, max_th = 1.800139e+00, time=2024-09-07 01:22:27 
jj1 = 589, max_th = 1.382461e+00, time=2024-09-07 01:24:14 
jj1 = 744, max_th = 2.296628e+00, time=2024-09-07 01:24:33 
jj1 = 383, max_th = 2.150260e+00, time=2024-09-07 01:25:12 
jj1 = 101, max_th = 2.179576e+00, time=2024-09-07 01:26:00 
jj1 = 753, max_th = 2.378973e+00, time=2024-09-07 01:26:17 
jj1 = 674, max_th = 1.875496e+00, time=2024-09-07 01:27:09 
jj1 = 338, max_th = 1.725945e+00, time=2024-09-07 01:27:27 
jj1 = 551, max_th = 2.422205e+00, time=2024-09-07 01:27:56 
jj1 = 569, max_th = 2.251213e+00, time=2024-09-07 01:28:23 
jj1 = 620, max_th = 1.341583e+00, time=2024-09-07 01:28:41 
jj1 = 791, max_th = 2.257156e+00, time=2024-09-07 01:29:10 
jj1 = 337, max_th = 1.175405e+00, time=2024-09-07 01:29:23 
jj1 = 808, max_th = 1.093228e+00, time=2024-09-07 01:30:05 
jj1 = 743, max_th = 1.572172e+00, time=2024-09-07 01:32:30 
jj1 = 382, max_th = 1.174072e+00, time=2024-09-07 01:33:51 
jj1 = 416, max_th = 2.221779e+00, time=2024-09-07 01:34:44 
jj1 = 778, max_th = 2.024907e+00, time=2024-09-07 01:36:22 
jj1 = 550, max_th = 2.079622e+00, time=2024-09-07 01:37:02 
jj1 = 100, max_th = 2.482976e+00, time=2024-09-07 01:38:14 
jj1 = 742, max_th = 1.381262e+00, time=2024-09-07 01:38:46 
jj1 = 777, max_th = 2.841893e+00, time=2024-09-07 01:39:00 
jj1 = 752, max_th = 2.206632e+00, time=2024-09-07 01:39:09 
jj1 = 790, max_th = 1.796209e+00, time=2024-09-07 01:39:11 
jj1 = 673, max_th = 1.985920e+00, time=2024-09-07 01:39:43 
jj1 = 807, max_th = 2.031959e+00, time=2024-09-07 01:40:47 
jj1 = 672, max_th = 5.791029e-01, time=2024-09-07 01:41:03 
jj1 = 776, max_th = 2.831866e+00, time=2024-09-07 01:41:50 
jj1 = 549, max_th = 2.318049e+00, time=2024-09-07 01:43:45 
jj1 = 336, max_th = 1.932907e+00, time=2024-09-07 01:45:15 
jj1 = 741, max_th = 1.591558e+00, time=2024-09-07 01:46:41 
jj1 = 619, max_th = 1.942580e+00, time=2024-09-07 01:46:45 
jj1 = 751, max_th = 1.392974e+00, time=2024-09-07 01:49:12 
jj1 = 671, max_th = 2.049671e+00, time=2024-09-07 01:49:26 
jj1 = 775, max_th = 1.720732e+00, time=2024-09-07 01:49:55 
jj1 = 415, max_th = 2.088170e+00, time=2024-09-07 01:50:13 
jj1 = 806, max_th = 1.657349e+00, time=2024-09-07 01:50:28 
jj1 = 789, max_th = 1.975701e+00, time=2024-09-07 01:50:34 
jj1 = 335, max_th = 2.354523e+00, time=2024-09-07 01:54:00 
jj1 = 788, max_th = 1.967161e+00, time=2024-09-07 01:54:05 
jj1 = 668, max_th = 2.100929e+00, time=2024-09-07 01:55:41 
jj1 = 670, max_th = 2.712904e+00, time=2024-09-07 01:55:40 
jj1 = 740, max_th = 1.977275e+00, time=2024-09-07 01:56:31 
jj1 = 848, max_th = 1.586390e+00, time=2024-09-07 01:57:44 
jj1 = 381, max_th = 2.078130e+00, time=2024-09-07 01:58:16 
jj1 = 774, max_th = 2.408397e+00, time=2024-09-07 01:58:54 
jj1 = 334, max_th = 2.336053e+00, time=2024-09-07 02:02:15 
jj1 = 805, max_th = 1.904179e+00, time=2024-09-07 02:03:31 
jj1 = 618, max_th = 2.175833e+00, time=2024-09-07 02:03:37 
jj1 = 414, max_th = 2.401009e+00, time=2024-09-07 02:04:06 
jj1 = 787, max_th = 1.681069e+00, time=2024-09-07 02:04:24 
jj1 = 739, max_th = 2.344044e+00, time=2024-09-07 02:05:53 
jj1 = 708, max_th = 1.081722e+00, time=2024-09-07 02:05:59 
jj1 = 773, max_th = 1.629965e+00, time=2024-09-07 02:07:54 
jj1 = 847, max_th = 1.435156e+00, time=2024-09-07 02:08:53 
jj1 = 750, max_th = 1.957948e+00, time=2024-09-07 02:10:15 
jj1 = 738, max_th = 1.142992e+00, time=2024-09-07 02:12:03 
jj1 = 786, max_th = 1.945713e+00, time=2024-09-07 02:12:59 
jj1 = 846, max_th = 2.611477e+00, time=2024-09-07 02:13:40 
jj1 = 617, max_th = 2.823146e+00, time=2024-09-07 02:13:51 
jj1 = 667, max_th = 1.828630e+00, time=2024-09-07 02:14:05 
jj1 = 804, max_th = 2.427965e+00, time=2024-09-07 02:14:14 
jj1 = 669, max_th = 2.408868e+00, time=2024-09-07 02:14:36 
jj1 = 380, max_th = 2.344695e+00, time=2024-09-07 02:15:02 
jj1 = 707, max_th = 2.360281e+00, time=2024-09-07 02:15:55 
jj1 = 772, max_th = 2.255553e+00, time=2024-09-07 02:16:33 
jj1 = 803, max_th = 1.470944e+00, time=2024-09-07 02:19:52 
jj1 = 616, max_th = 1.316626e+00, time=2024-09-07 02:22:17 
jj1 = 828, max_th = 1.504191e+00, time=2024-09-07 02:22:58 
jj1 = 737, max_th = 2.090341e+00, time=2024-09-07 02:23:51 
jj1 = 706, max_th = 2.302919e+00, time=2024-09-07 02:24:08 
jj1 = 666, max_th = 1.516946e+00, time=2024-09-07 02:25:19 
jj1 = 785, max_th = 2.024710e+00, time=2024-09-07 02:25:30 
jj1 = 784, max_th = 4.051965e+00, time=2024-09-07 02:25:46 
jj1 = 771, max_th = 1.921960e+00, time=2024-09-07 02:26:20 
jj1 = 845, max_th = 1.841375e+00, time=2024-09-07 02:27:52 
jj1 = 783, max_th = 2.837821e+00, time=2024-09-07 02:29:11 
jj1 = 827, max_th = 2.324279e+00, time=2024-09-07 02:30:22 
jj1 = 705, max_th = 2.100916e+00, time=2024-09-07 02:31:48 
jj1 = 704, max_th = 6.503570e-01, time=2024-09-07 02:32:32 
jj1 = 749, max_th = 2.215479e+00, time=2024-09-07 02:32:38 
jj1 = 770, max_th = 2.574789e+00, time=2024-09-07 02:33:16 
jj1 = 844, max_th = 2.244504e+00, time=2024-09-07 02:35:39 
jj1 = 413, max_th = 1.873537e+00, time=2024-09-07 02:36:36 
jj1 = 802, max_th = 2.037113e+00, time=2024-09-07 02:36:43 
jj1 = 703, max_th = 1.418161e+00, time=2024-09-07 02:37:02 
jj1 = 843, max_th = 1.005956e+00, time=2024-09-07 02:37:24 
jj1 = 736, max_th = 2.131250e+00, time=2024-09-07 02:37:27 
jj1 = 412, max_th = 3.880481e+00, time=2024-09-07 02:37:28 
jj1 = 735, max_th = 4.285399e-01, time=2024-09-07 02:37:35 
jj1 = 782, max_th = 1.789275e+00, time=2024-09-07 02:39:06 
jj1 = 826, max_th = 2.229251e+00, time=2024-09-07 02:40:02 
jj1 = 769, max_th = 1.370348e+00, time=2024-09-07 02:40:46 
jj1 = 781, max_th = 1.180783e+00, time=2024-09-07 02:41:39 
jj1 = 548, max_th = 1.081754e+00, time=2024-09-07 02:42:46 
jj1 = 702, max_th = 1.417091e+00, time=2024-09-07 02:42:49 
jj1 = 615, max_th = 1.986827e+00, time=2024-09-07 02:43:07 
jj1 = 825, max_th = 1.360634e+00, time=2024-09-07 02:44:05 
jj1 = 838, max_th = 2.540756e+00, time=2024-09-07 02:44:42 
jj1 = 734, max_th = 2.367539e+00, time=2024-09-07 02:46:22 
jj1 = 801, max_th = 2.774232e+00, time=2024-09-07 02:46:59 
jj1 = 379, max_th = 1.539493e+00, time=2024-09-07 02:47:01 
jj1 = 842, max_th = 2.191157e+00, time=2024-09-07 02:47:45 
jj1 = 665, max_th = 1.878333e+00, time=2024-09-07 02:50:11 
jj1 = 780, max_th = 2.170611e+00, time=2024-09-07 02:51:11 
jj1 = 841, max_th = 1.240223e+00, time=2024-09-07 02:51:39 
jj1 = 547, max_th = 1.305959e+00, time=2024-09-07 02:51:52 
jj1 = 701, max_th = 2.080302e+00, time=2024-09-07 02:53:10 
jj1 = 824, max_th = 1.691803e+00, time=2024-09-07 02:54:52 
jj1 = 878, max_th = 2.133881e+00, time=2024-09-07 02:55:45 
jj1 = 779, max_th = 3.549271e+00, time=2024-09-07 02:56:29 
jj1 = 733, max_th = 1.965729e+00, time=2024-09-07 02:56:50 
jj1 = 837, max_th = 1.718556e+00, time=2024-09-07 02:57:51 
jj1 = 840, max_th = 1.552408e+00, time=2024-09-07 02:57:53 
jj1 = 546, max_th = 1.452312e+00, time=2024-09-07 03:00:49 
jj1 = 378, max_th = 2.033752e+00, time=2024-09-07 03:02:47 
jj1 = 823, max_th = 2.327644e+00, time=2024-09-07 03:03:11 
jj1 = 839, max_th = 1.433154e+00, time=2024-09-07 03:03:31 
jj1 = 545, max_th = 1.010598e+00, time=2024-09-07 03:04:48 
jj1 = 700, max_th = 2.334877e+00, time=2024-09-07 03:05:28 
jj1 = 822, max_th = 1.068109e+00, time=2024-09-07 03:06:47 
jj1 = 664, max_th = 1.476207e+00, time=2024-09-07 03:07:35 
jj1 = 898, max_th = 8.843773e-01, time=2024-09-07 03:07:35 
jj1 = 732, max_th = 1.507833e+00, time=2024-09-07 03:09:53 
jj1 = 893, max_th = 1.716656e+00, time=2024-09-07 03:10:06 
jj1 = 821, max_th = 2.691352e+00, time=2024-09-07 03:10:48 
jj1 = 800, max_th = 2.404693e+00, time=2024-09-07 03:11:22 
jj1 = 877, max_th = 1.941871e+00, time=2024-09-07 03:12:11 
jj1 = 892, max_th = 2.157185e+00, time=2024-09-07 03:15:46 
jj1 = 876, max_th = 3.569486e-01, time=2024-09-07 03:16:12 
jj1 = 836, max_th = 1.682244e+00, time=2024-09-07 03:17:21 
jj1 = 614, max_th = 1.728431e+00, time=2024-09-07 03:17:22 
jj1 = 731, max_th = 2.269624e+00, time=2024-09-07 03:17:34 
jj1 = 699, max_th = 2.042088e+00, time=2024-09-07 03:18:08 
jj1 = 820, max_th = 1.933036e+00, time=2024-09-07 03:19:58 
jj1 = 698, max_th = 2.834313e+00, time=2024-09-07 03:20:51 
jj1 = 875, max_th = 1.219365e+00, time=2024-09-07 03:21:08 
jj1 = 799, max_th = 1.880652e+00, time=2024-09-07 03:23:11 
jj1 = 897, max_th = 2.308885e+00, time=2024-09-07 03:24:50 
jj1 = 663, max_th = 1.911012e+00, time=2024-09-07 03:25:57 
jj1 = 697, max_th = 1.258044e+00, time=2024-09-07 03:26:03 
jj1 = 891, max_th = 2.123030e+00, time=2024-09-07 03:27:58 
jj1 = 819, max_th = 1.577994e+00, time=2024-09-07 03:28:20 
jj1 = 730, max_th = 2.047806e+00, time=2024-09-07 03:28:28 
jj1 = 544, max_th = 2.022951e+00, time=2024-09-07 03:29:38 
jj1 = 835, max_th = 2.421411e+00, time=2024-09-07 03:29:45 
jj1 = 377, max_th = 2.104749e+00, time=2024-09-07 03:29:52 
jj1 = 868, max_th = 1.555506e+00, time=2024-09-07 03:30:37 
jj1 = 543, max_th = 8.123348e-01, time=2024-09-07 03:32:21 
jj1 = 696, max_th = 1.848226e+00, time=2024-09-07 03:32:51 
jj1 = 729, max_th = 2.724776e+00, time=2024-09-07 03:33:25 
jj1 = 867, max_th = 2.642703e+00, time=2024-09-07 03:33:34 
jj1 = 874, max_th = 1.862286e+00, time=2024-09-07 03:34:06 
jj1 = 896, max_th = 2.067725e+00, time=2024-09-07 03:35:06 
jj1 = 890, max_th = 2.447169e+00, time=2024-09-07 03:35:28 
jj1 = 834, max_th = 2.973148e+00, time=2024-09-07 03:35:35 
jj1 = 376, max_th = 7.868707e-01, time=2024-09-07 03:37:38 
jj1 = 895, max_th = 7.873505e-01, time=2024-09-07 03:37:42 
jj1 = 908, max_th = 2.158364e+00, time=2024-09-07 03:39:10 
jj1 = 542, max_th = 2.550205e+00, time=2024-09-07 03:39:58 
jj1 = 858, max_th = 2.378408e+00, time=2024-09-07 03:40:02 
jj1 = 907, max_th = 1.134027e+00, time=2024-09-07 03:40:48 
jj1 = 662, max_th = 1.929160e+00, time=2024-09-07 03:40:57 
jj1 = 613, max_th = 2.080596e+00, time=2024-09-07 03:41:06 
jj1 = 873, max_th = 1.801654e+00, time=2024-09-07 03:41:49 
jj1 = 695, max_th = 2.113321e+00, time=2024-09-07 03:41:52 
jj1 = 889, max_th = 1.854429e+00, time=2024-09-07 03:42:11 
jj1 = 872, max_th = 3.106232e+00, time=2024-09-07 03:42:26 
jj1 = 866, max_th = 1.548158e+00, time=2024-09-07 03:43:08 
jj1 = 541, max_th = 2.592951e+00, time=2024-09-07 03:46:46 
jj1 = 906, max_th = 2.043194e+00, time=2024-09-07 03:47:31 
jj1 = 894, max_th = 1.677828e+00, time=2024-09-07 03:47:42 
jj1 = 661, max_th = 2.449232e+00, time=2024-09-07 03:48:09 
jj1 = 694, max_th = 1.276996e+00, time=2024-09-07 03:48:33 
jj1 = 660, max_th = 1.170008e+00, time=2024-09-07 03:50:19 
jj1 = 928, max_th = 2.000719e+00, time=2024-09-07 03:50:40 
jj1 = 871, max_th = 1.914100e+00, time=2024-09-07 03:51:17 
jj1 = 857, max_th = 1.835240e+00, time=2024-09-07 03:51:30 
jj1 = 612, max_th = 2.549109e+00, time=2024-09-07 03:54:26 
jj1 = 927, max_th = 1.307270e+00, time=2024-09-07 03:54:52 
jj1 = 833, max_th = 2.045327e+00, time=2024-09-07 03:56:18 
jj1 = 856, max_th = 1.383135e+00, time=2024-09-07 03:56:53 
jj1 = 375, max_th = 2.054156e+00, time=2024-09-07 03:57:54 
jj1 = 865, max_th = 1.910998e+00, time=2024-09-07 03:58:11 
jj1 = 905, max_th = 2.143415e+00, time=2024-09-07 03:58:58 
jj1 = 693, max_th = 2.232881e+00, time=2024-09-07 03:59:49 
jj1 = 611, max_th = 2.765316e+00, time=2024-09-07 03:59:57 
jj1 = 870, max_th = 1.779502e+00, time=2024-09-07 04:00:42 
jj1 = 855, max_th = 1.347421e+00, time=2024-09-07 04:01:44 
jj1 = 610, max_th = 2.919151e+00, time=2024-09-07 04:02:18 
jj1 = 926, max_th = 1.402058e+00, time=2024-09-07 04:02:45 
jj1 = 869, max_th = 3.765446e+00, time=2024-09-07 04:03:38 
jj1 = 925, max_th = 7.761599e-01, time=2024-09-07 04:03:57 
jj1 = 540, max_th = 2.316403e+00, time=2024-09-07 04:04:06 
jj1 = 864, max_th = 1.082724e+00, time=2024-09-07 04:04:58 
jj1 = 933, max_th = 1.959665e+00, time=2024-09-07 04:05:47 
jj1 = 659, max_th = 2.670249e+00, time=2024-09-07 04:07:21 
jj1 = 692, max_th = 2.060527e+00, time=2024-09-07 04:10:15 
jj1 = 609, max_th = 1.860477e+00, time=2024-09-07 04:10:37 
jj1 = 854, max_th = 2.241939e+00, time=2024-09-07 04:10:47 
jj1 = 904, max_th = 1.887776e+00, time=2024-09-07 04:11:01 
jj1 = 923, max_th = 1.509159e+00, time=2024-09-07 04:11:18 
jj1 = 924, max_th = 2.253085e+00, time=2024-09-07 04:12:54 
jj1 = 832, max_th = 1.608611e+00, time=2024-09-07 04:13:19 
jj1 = 658, max_th = 1.259417e+00, time=2024-09-07 04:13:22 
jj1 = 691, max_th = 1.279276e+00, time=2024-09-07 04:14:01 
jj1 = 690, max_th = -1.490630e+00, time=2024-09-07 04:14:10 
jj1 = 863, max_th = 1.854215e+00, time=2024-09-07 04:15:20 
jj1 = 539, max_th = 2.243134e+00, time=2024-09-07 04:15:42 
jj1 = 374, max_th = 1.877998e+00, time=2024-09-07 04:16:56 
jj1 = 818, max_th = 2.400447e+00, time=2024-09-07 04:17:17 
jj1 = 817, max_th = 3.454642e+00, time=2024-09-07 04:17:27 
jj1 = 657, max_th = 1.211314e+00, time=2024-09-07 04:19:24 
jj1 = 922, max_th = 2.161910e+00, time=2024-09-07 04:19:30 
jj1 = 952, max_th = 1.377582e+00, time=2024-09-07 04:19:30 
jj1 = 853, max_th = 1.802713e+00, time=2024-09-07 04:19:30 
jj1 = 538, max_th = 1.345454e+00, time=2024-09-07 04:19:59 
jj1 = 373, max_th = 2.769974e+00, time=2024-09-07 04:20:18 
jj1 = 689, max_th = 1.783075e+00, time=2024-09-07 04:23:28 
jj1 = 816, max_th = 1.651591e+00, time=2024-09-07 04:25:22 
jj1 = 852, max_th = 2.149835e+00, time=2024-09-07 04:25:23 
jj1 = 862, max_th = 1.973776e+00, time=2024-09-07 04:26:04 
jj1 = 943, max_th = 1.969440e+00, time=2024-09-07 04:26:07 
jj1 = 656, max_th = 2.184017e+00, time=2024-09-07 04:27:07 
jj1 = 951, max_th = 2.282661e+00, time=2024-09-07 04:28:49 
jj1 = 903, max_th = 1.628393e+00, time=2024-09-07 04:31:25 
jj1 = 537, max_th = 2.588146e+00, time=2024-09-07 04:31:28 
jj1 = 921, max_th = 2.018631e+00, time=2024-09-07 04:32:05 
jj1 = 902, max_th = 1.267858e+00, time=2024-09-07 04:32:27 
jj1 = 655, max_th = 2.669974e+00, time=2024-09-07 04:33:46 
jj1 = 861, max_th = 1.821499e+00, time=2024-09-07 04:33:52 
jj1 = 932, max_th = 1.661318e+00, time=2024-09-07 04:34:50 
jj1 = 920, max_th = 1.432519e+00, time=2024-09-07 04:36:12 
jj1 = 815, max_th = 1.976355e+00, time=2024-09-07 04:36:51 
jj1 = 942, max_th = 1.596139e+00, time=2024-09-07 04:37:09 
jj1 = 950, max_th = 2.010541e+00, time=2024-09-07 04:38:30 
jj1 = 949, max_th = 8.818677e-01, time=2024-09-07 04:38:57 
jj1 = 814, max_th = 1.088861e+00, time=2024-09-07 04:39:52 
jj1 = 851, max_th = 1.874552e+00, time=2024-09-07 04:40:36 
jj1 = 901, max_th = 1.447902e+00, time=2024-09-07 04:42:55 
jj1 = 831, max_th = 2.024081e+00, time=2024-09-07 04:43:04 
jj1 = 919, max_th = 2.389085e+00, time=2024-09-07 04:43:41 
jj1 = 972, max_th = 2.658017e+00, time=2024-09-07 04:44:47 
jj1 = 728, max_th = 1.980454e+00, time=2024-09-07 04:45:02 
jj1 = 931, max_th = 2.473663e+00, time=2024-09-07 04:45:16 
jj1 = 941, max_th = 1.606963e+00, time=2024-09-07 04:45:29 
jj1 = 860, max_th = 1.825389e+00, time=2024-09-07 04:46:16 
jj1 = 813, max_th = 1.734261e+00, time=2024-09-07 04:47:38 
jj1 = 536, max_th = 1.898377e+00, time=2024-09-07 04:47:47 
jj1 = 940, max_th = 1.194864e+00, time=2024-09-07 04:48:00 
jj1 = 859, max_th = 2.586563e+00, time=2024-09-07 04:50:11 
jj1 = 900, max_th = 1.662830e+00, time=2024-09-07 04:51:05 
jj1 = 850, max_th = 2.115640e+00, time=2024-09-07 04:52:52 
jj1 = 960, max_th = 1.692602e+00, time=2024-09-07 04:53:07 
jj1 = 654, max_th = 1.936458e+00, time=2024-09-07 04:54:23 
jj1 = 938, max_th = 3.365842e+00, time=2024-09-07 04:54:37 
jj1 = 939, max_th = 2.458556e+00, time=2024-09-07 04:54:40 
jj1 = 535, max_th = 1.579604e+00, time=2024-09-07 04:57:36 
jj1 = 812, max_th = 2.309397e+00, time=2024-09-07 04:58:02 
jj1 = 899, max_th = 1.566458e+00, time=2024-09-07 04:59:06 
jj1 = 727, max_th = 1.637504e+00, time=2024-09-07 05:00:07 
jj1 = 653, max_th = 1.345707e+00, time=2024-09-07 05:00:20 
jj1 = 830, max_th = 2.147382e+00, time=2024-09-07 05:00:34 
jj1 = 959, max_th = 1.899375e+00, time=2024-09-07 05:01:18 
jj1 = 811, max_th = 1.195524e+00, time=2024-09-07 05:02:33 
jj1 = 937, max_th = 1.776582e+00, time=2024-09-07 05:03:40 
jj1 = 980, max_th = 1.164781e+00, time=2024-09-07 05:05:50 
jj1 = 971, max_th = 2.371326e+00, time=2024-09-07 05:05:58 
jj1 = 968, max_th = 1.882639e+00, time=2024-09-07 05:06:01 
jj1 = 930, max_th = 2.287668e+00, time=2024-09-07 05:06:33 
jj1 = 958, max_th = 2.789935e+00, time=2024-09-07 05:07:00 
jj1 = 849, max_th = 2.187050e+00, time=2024-09-07 05:07:26 
jj1 = 652, max_th = 9.340731e-01, time=2024-09-07 05:07:41 
jj1 = 957, max_th = 3.241642e+00, time=2024-09-07 05:07:50 
jj1 = 936, max_th = 2.188099e+00, time=2024-09-07 05:09:09 
jj1 = 726, max_th = 2.543947e+00, time=2024-09-07 05:09:45 
jj1 = 810, max_th = 2.074365e+00, time=2024-09-07 05:12:43 
jj1 = 935, max_th = 1.334495e+00, time=2024-09-07 05:13:05 
jj1 = 970, max_th = 1.525326e+00, time=2024-09-07 05:13:39 
jj1 = 809, max_th = -2.575112e-02, time=2024-09-07 05:14:28 
jj1 = 979, max_th = 1.957484e+00, time=2024-09-07 05:14:52 
jj1 = 929, max_th = 1.503630e+00, time=2024-09-07 05:15:02 
jj1 = 725, max_th = 2.495955e+00, time=2024-09-07 05:15:29 
jj1 = 948, max_th = 2.335668e+00, time=2024-09-07 05:15:41 
jj1 = 967, max_th = 1.891062e+00, time=2024-09-07 05:16:07 
jj1 = 988, max_th = 2.139144e+00, time=2024-09-07 05:16:29 
jj1 = 724, max_th = 2.846622e+00, time=2024-09-07 05:17:16 
jj1 = 534, max_th = 2.401367e+00, time=2024-09-07 05:19:05 
jj1 = 956, max_th = 1.498223e+00, time=2024-09-07 05:19:41 
jj1 = 934, max_th = 2.340704e+00, time=2024-09-07 05:21:26 
jj1 = 947, max_th = 1.780708e+00, time=2024-09-07 05:23:20 
jj1 = 978, max_th = 1.925439e+00, time=2024-09-07 05:23:27 
jj1 = 829, max_th = 2.114682e+00, time=2024-09-07 05:24:36 
jj1 = 987, max_th = 2.320369e+00, time=2024-09-07 05:24:39 
jj1 = 651, max_th = 1.730662e+00, time=2024-09-07 05:24:43 
jj1 = 533, max_th = 2.809202e+00, time=2024-09-07 05:25:26 
jj1 = 969, max_th = 2.235875e+00, time=2024-09-07 05:26:15 
jj1 = 964, max_th = 2.061949e+00, time=2024-09-07 05:27:20 
jj1 = 946, max_th = 2.536121e+00, time=2024-09-07 05:29:06 
jj1 = 723, max_th = 2.210675e+00, time=2024-09-07 05:29:17 
jj1 = 977, max_th = 7.951538e-01, time=2024-09-07 05:29:47 
jj1 = 955, max_th = 1.845290e+00, time=2024-09-07 05:30:03 
jj1 = 966, max_th = 1.459303e+00, time=2024-09-07 05:30:17 
jj1 = 992, max_th = 2.493739e+00, time=2024-09-07 05:30:29 
jj1 = 963, max_th = 1.179676e+00, time=2024-09-07 05:31:42 
jj1 = 650, max_th = 1.871257e+00, time=2024-09-07 05:33:19 
jj1 = 986, max_th = 2.256553e+00, time=2024-09-07 05:33:44 
jj1 = 984, max_th = 2.288664e+00, time=2024-09-07 05:36:16 
jj1 = 532, max_th = 1.682006e+00, time=2024-09-07 05:36:34 
jj1 = 965, max_th = 2.636344e+00, time=2024-09-07 05:36:53 
jj1 = 649, max_th = 2.400109e+00, time=2024-09-07 05:38:02 
jj1 = 945, max_th = 1.963266e+00, time=2024-09-07 05:38:24 
jj1 = 913, max_th = 1.420291e+00, time=2024-09-07 05:38:47 
jj1 = 722, max_th = 1.877853e+00, time=2024-09-07 05:39:15 
jj1 = 944, max_th = 5.954515e-01, time=2024-09-07 05:39:38 
jj1 = 954, max_th = 2.287266e+00, time=2024-09-07 05:40:08 
jj1 = 991, max_th = 2.056289e+00, time=2024-09-07 05:40:41 
jj1 = 721, max_th = 3.729858e+00, time=2024-09-07 05:41:28 
jj1 = 888, max_th = 2.725605e+00, time=2024-09-07 05:41:31 
jj1 = 998, max_th = 2.885433e+00, time=2024-09-07 05:41:57 
jj1 = 997, max_th = 2.117550e+00, time=2024-09-07 05:42:26 
jj1 = 983, max_th = 1.412726e+00, time=2024-09-07 05:42:45 
jj1 = 912, max_th = 2.495944e+00, time=2024-09-07 05:43:34 
jj1 = 985, max_th = 1.784146e+00, time=2024-09-07 05:44:06 
jj1 = 531, max_th = 1.345185e+00, time=2024-09-07 05:44:31 
jj1 = 953, max_th = 2.267170e+00, time=2024-09-07 05:45:56 
jj1 = 962, max_th = 1.767594e+00, time=2024-09-07 05:46:28 
jj1 = 996, max_th = 1.713606e+00, time=2024-09-07 05:46:52 
jj1 = 990, max_th = 2.295383e+00, time=2024-09-07 05:47:20 
jj1 = 982, max_th = 1.283710e+00, time=2024-09-07 05:48:05 
jj1 = 720, max_th = 2.123336e+00, time=2024-09-07 05:50:41 
jj1 = 911, max_th = 1.852799e+00, time=2024-09-07 05:51:17 
jj1 = 887, max_th = 1.770950e+00, time=2024-09-07 05:51:31 
jj1 = 989, max_th = 2.567028e+00, time=2024-09-07 05:51:40 
jj1 = 961, max_th = 1.649251e+00, time=2024-09-07 05:52:22 
jj1 = 981, max_th = 1.435238e+00, time=2024-09-07 05:54:27 
jj1 = 999, max_th = 1.630016e+00, time=2024-09-07 05:54:55 
jj1 = 995, max_th = 1.876276e+00, time=2024-09-07 05:54:56 
jj1 = 530, max_th = 1.810303e+00, time=2024-09-07 05:55:48 
jj1 = 910, max_th = 1.612012e+00, time=2024-09-07 05:57:11 
jj1 = 886, max_th = 1.488635e+00, time=2024-09-07 05:57:25 
jj1 = 1000, max_th = 1.626730e+00, time=2024-09-07 06:00:21 
jj1 = 885, max_th = 2.497508e+00, time=2024-09-07 06:01:49 
jj1 = 909, max_th = 1.468638e+00, time=2024-09-07 06:01:51 
jj1 = 994, max_th = 1.428125e+00, time=2024-09-07 06:02:28 
jj1 = 529, max_th = 2.226610e+00, time=2024-09-07 06:08:19 
jj1 = 884, max_th = 9.911053e-01, time=2024-09-07 06:08:38 
jj1 = 993, max_th = 1.577684e+00, time=2024-09-07 06:08:57 
jj1 = 719, max_th = 1.966527e+00, time=2024-09-07 06:09:19 
jj1 = 718, max_th = 1.891291e+00, time=2024-09-07 06:14:58 
jj1 = 918, max_th = 2.134329e+00, time=2024-09-07 06:15:44 
jj1 = 883, max_th = 1.990718e+00, time=2024-09-07 06:16:34 
jj1 = 717, max_th = 2.635055e+00, time=2024-09-07 06:19:00 
jj1 = 917, max_th = 1.553092e+00, time=2024-09-07 06:20:42 
jj1 = 882, max_th = 1.744173e+00, time=2024-09-07 06:20:53 
jj1 = 881, max_th = 3.218024e+00, time=2024-09-07 06:21:33 
jj1 = 916, max_th = 1.194415e+00, time=2024-09-07 06:22:33 
jj1 = 915, max_th = 1.072544e+00, time=2024-09-07 06:24:37 
jj1 = 716, max_th = 2.533914e+00, time=2024-09-07 06:26:19 
jj1 = 914, max_th = 1.152875e+00, time=2024-09-07 06:27:17 
jj1 = 715, max_th = 2.708730e+00, time=2024-09-07 06:28:55 
jj1 = 880, max_th = 2.152765e+00, time=2024-09-07 06:29:15 
jj1 = 714, max_th = 2.640287e+00, time=2024-09-07 06:32:42 
jj1 = 879, max_th = 1.703779e+00, time=2024-09-07 06:36:33 
jj1 = 713, max_th = 2.194818e+00, time=2024-09-07 06:40:43 
jj1 = 712, max_th = 2.006795e+00, time=2024-09-07 06:51:16 
jj1 = 711, max_th = 2.306874e+00, time=2024-09-07 06:57:55 
jj1 = 710, max_th = 2.375968e+00, time=2024-09-07 07:05:06 
jj1 = 709, max_th = 2.497624e+00, time=2024-09-07 07:09:11 
jj1 = 976, max_th = 2.410765e+00, time=2024-09-07 07:15:01 
jj1 = 975, max_th = 2.199846e+00, time=2024-09-07 07:19:34 
jj1 = 974, max_th = 1.471628e+00, time=2024-09-07 07:24:21 
jj1 = 973, max_th = 2.374202e+00, time=2024-09-07 07:29:54 
>> >> >> >> >> >> >> >> 