MATLAB is selecting SOFTWARE OPENGL rendering.

                            < M A T L A B (R) >
                  Copyright 1984-2021 The MathWorks, Inc.
                  R2021b (9.11.0.1769968) 64-bit (glnxa64)
                             September 17, 2021

 
To get started, type doc.
For product information, visit www.mathworks.com.
 
>> >> >> >> >> >> >> >> >> >> >> >> >> >> >> >> >> >> >> >> >> >> >> >> >> >> Starting parallel pool (parpool) using the 'local' profile ...
[Warning: A task was unexpectedly found in state: Unavailable.] 
[> In parallel.cluster.Local/deriveJobStateFromTasks (line 29)
In parallel.cluster/Local/getJobState (line 174)
In parallel.cluster/CJSCluster/hGetJobState (line 375)
In parallel.internal.cluster/CJSJobMixin/hGetStateEnum (line 175)
In parallel/Job/get.StateEnum (line 247)
In parallel/Job/get.State (line 239)
In parallel.internal.customattr.CustomGetSet>iVectorisedGetHelper (line 128)
In parallel.internal.customattr.CustomGetSet>@(a,b,c)iVectorisedGetHelper(obj,a,b,c) (line 102)
In parallel.internal.customattr/CustomGetSet/doVectorisedGet (line 103)
In parallel.internal.customattr/CustomGetSet/hVectorisedGet (line 76)
In parallel.internal.customattr.GetSetImpl>iAccessProperties (line 322)
In parallel.internal.customattr.GetSetImpl>iGetAllPropertiesVec (line 264)
In parallel.internal.customattr/GetSetImpl/getImpl (line 133)
In parallel.internal.customattr.CustomGetSet>iHetFunGetFunction (line 154)
In parallel.internal.customattr.CustomGetSet>@(o)iHetFunGetFunction(o,props) (line 139)
In parallel.internal.cluster.hetfun (line 46)
In parallel.internal.customattr.CustomGetSet>iHetFunGetProperty (line 139)
In parallel.internal.customattr/CustomGetSet/get (line 38)
In parallel.internal.pool/AbstractInteractiveClient/pRemoveOldJobs (line 211)
In parallel.internal.pool/AbstractInteractiveClient/start (line 103)
In parallel.internal.pool.AbstractClusterPool>iStartClient (line 831)
In parallel.internal.pool/AbstractClusterPool/hBuildPool (line 585)
In parallel.internal.pool.doParpool (line 22)
In parpool (line 123)
In parallel.internal.parpool.getOrCreateCurrentPool (line 17)
In parallel.internal.pool/PoolArrayManager/getOrAutoCreateWithCleanup (line 44)
In pctTryCreatePoolIfNecessary (line 28)
In parallel_function (line 423)] 
Connected to the parallel pool (number of workers: 12).
jj1 = 60, max_th = 3.785358e+00, time=2025-04-10 19:52:01 
jj1 = 15, max_th = 1.054904e+00, time=2025-04-10 19:59:30 
jj1 = 55, max_th = 2.940671e+00, time=2025-04-10 19:59:52 
jj1 = 10, max_th = 3.393584e+00, time=2025-04-10 20:02:28 
jj1 = 30, max_th = 1.740546e+00, time=2025-04-10 20:06:59 
jj1 = 50, max_th = 1.652116e+00, time=2025-04-10 20:07:43 
jj1 = 35, max_th = 2.302185e+00, time=2025-04-10 20:09:36 
jj1 = 25, max_th = 2.314246e+00, time=2025-04-10 20:09:55 
jj1 = 5, max_th = 1.606823e+00, time=2025-04-10 20:13:11 
jj1 = 20, max_th = 1.785952e+00, time=2025-04-10 20:13:19 
jj1 = 45, max_th = 1.918710e+00, time=2025-04-10 20:15:47 
jj1 = 59, max_th = 2.127540e+00, time=2025-04-10 20:16:43 
jj1 = 40, max_th = 1.675449e+00, time=2025-04-10 20:17:12 
jj1 = 4, max_th = 7.043768e-01, time=2025-04-10 20:18:10 
jj1 = 34, max_th = 1.194191e+00, time=2025-04-10 20:18:32 
jj1 = 19, max_th = 8.161802e-01, time=2025-04-10 20:18:51 
jj1 = 9, max_th = 1.364519e+00, time=2025-04-10 20:20:41 
jj1 = 29, max_th = 1.180162e+00, time=2025-04-10 20:21:56 
jj1 = 58, max_th = 9.696527e-01, time=2025-04-10 20:22:27 
jj1 = 14, max_th = 2.121840e+00, time=2025-04-10 20:24:54 
jj1 = 44, max_th = 1.276305e+00, time=2025-04-10 20:26:45 
jj1 = 54, max_th = 2.164229e+00, time=2025-04-10 20:27:39 
jj1 = 49, max_th = 1.687512e+00, time=2025-04-10 20:29:26 
jj1 = 24, max_th = 2.186463e+00, time=2025-04-10 20:32:06 
jj1 = 28, max_th = 1.219414e+00, time=2025-04-10 20:33:20 
jj1 = 18, max_th = 1.576920e+00, time=2025-04-10 20:36:02 
jj1 = 3, max_th = 2.264713e+00, time=2025-04-10 20:39:53 
jj1 = 39, max_th = 1.743082e+00, time=2025-04-10 20:40:09 
jj1 = 13, max_th = 2.391260e+00, time=2025-04-10 20:42:07 
jj1 = 8, max_th = 2.061846e+00, time=2025-04-10 20:44:22 
jj1 = 57, max_th = 2.255955e+00, time=2025-04-10 20:44:27 
jj1 = 27, max_th = 2.714378e+00, time=2025-04-10 20:44:33 
jj1 = 33, max_th = 1.882648e+00, time=2025-04-10 20:46:30 
jj1 = 12, max_th = 1.059031e+00, time=2025-04-10 20:49:20 
jj1 = 38, max_th = 1.141853e+00, time=2025-04-10 20:49:24 
jj1 = 17, max_th = 2.307971e+00, time=2025-04-10 20:50:59 
jj1 = 53, max_th = 1.836169e+00, time=2025-04-10 20:52:05 
jj1 = 48, max_th = 2.130657e+00, time=2025-04-10 20:52:48 
jj1 = 11, max_th = 2.963286e+00, time=2025-04-10 20:55:38 
jj1 = 32, max_th = 2.445709e+00, time=2025-04-10 20:57:21 
jj1 = 43, max_th = 2.415754e+00, time=2025-04-10 20:58:56 
jj1 = 2, max_th = 1.616780e+00, time=2025-04-10 20:59:13 
jj1 = 23, max_th = 2.133827e+00, time=2025-04-10 21:00:58 
jj1 = 7, max_th = 1.373902e+00, time=2025-04-10 21:02:53 
jj1 = 26, max_th = 2.459209e+00, time=2025-04-10 21:03:35 
jj1 = 177, max_th = 1.182837e+00, time=2025-04-10 21:08:10 
jj1 = 56, max_th = 1.810236e+00, time=2025-04-10 21:08:25 
jj1 = 52, max_th = 2.447769e+00, time=2025-04-10 21:08:39 
jj1 = 22, max_th = 2.654778e+00, time=2025-04-10 21:11:35 
jj1 = 37, max_th = 2.161728e+00, time=2025-04-10 21:12:02 
jj1 = 47, max_th = 1.446220e+00, time=2025-04-10 21:12:39 
jj1 = 21, max_th = 4.126594e-01, time=2025-04-10 21:12:54 
jj1 = 16, max_th = 1.622397e+00, time=2025-04-10 21:13:09 
jj1 = 6, max_th = 1.126118e+00, time=2025-04-10 21:13:28 
jj1 = 42, max_th = 1.958255e+00, time=2025-04-10 21:19:23 
jj1 = 31, max_th = 1.703478e+00, time=2025-04-10 21:19:26 
jj1 = 51, max_th = 2.276102e+00, time=2025-04-10 21:23:12 
jj1 = 46, max_th = 1.584694e+00, time=2025-04-10 21:26:29 
jj1 = 216, max_th = 2.101084e+00, time=2025-04-10 21:29:43 
jj1 = 138, max_th = 2.432998e+00, time=2025-04-10 21:29:54 
jj1 = 176, max_th = 2.110666e+00, time=2025-04-10 21:30:46 
jj1 = 294, max_th = 1.979115e+00, time=2025-04-10 21:31:19 
jj1 = 41, max_th = 3.106158e+00, time=2025-04-10 21:32:23 
jj1 = 36, max_th = 1.841056e+00, time=2025-04-10 21:32:50 
jj1 = 528, max_th = 1.897100e+00, time=2025-04-10 21:32:52 
jj1 = 255, max_th = 2.221685e+00, time=2025-04-10 21:33:01 
jj1 = 1, max_th = 1.943307e+00, time=2025-04-10 21:33:30 
jj1 = 175, max_th = 3.153010e+00, time=2025-04-10 21:34:10 
jj1 = 215, max_th = 1.390885e+00, time=2025-04-10 21:42:02 
jj1 = 254, max_th = 2.732522e+00, time=2025-04-10 21:42:11 
jj1 = 333, max_th = 1.880597e+00, time=2025-04-10 21:46:06 
jj1 = 489, max_th = 1.862236e+00, time=2025-04-10 21:46:57 
jj1 = 293, max_th = 2.394941e+00, time=2025-04-10 21:48:32 
jj1 = 137, max_th = 2.381161e+00, time=2025-04-10 21:48:33 
jj1 = 372, max_th = 2.543331e+00, time=2025-04-10 21:49:05 
jj1 = 332, max_th = 8.849851e-01, time=2025-04-10 21:50:50 
jj1 = 174, max_th = 1.132927e+00, time=2025-04-10 21:51:21 
jj1 = 411, max_th = 2.277582e+00, time=2025-04-10 21:51:20 
jj1 = 450, max_th = 1.795454e+00, time=2025-04-10 21:51:36 
jj1 = 99, max_th = 1.563736e+00, time=2025-04-10 21:52:13 
jj1 = 527, max_th = 2.184376e+00, time=2025-04-10 21:52:45 
jj1 = 136, max_th = 7.482718e-01, time=2025-04-10 21:53:02 
jj1 = 173, max_th = 1.066501e+00, time=2025-04-10 21:56:11 
jj1 = 214, max_th = 1.742822e+00, time=2025-04-10 21:59:03 
jj1 = 371, max_th = 2.505792e+00, time=2025-04-10 21:59:07 
jj1 = 526, max_th = 2.804894e+00, time=2025-04-10 21:59:37 
jj1 = 488, max_th = 2.668248e+00, time=2025-04-10 21:59:44 
jj1 = 253, max_th = 2.081252e+00, time=2025-04-10 22:02:34 
jj1 = 292, max_th = 1.747983e+00, time=2025-04-10 22:05:33 
jj1 = 172, max_th = 1.211655e+00, time=2025-04-10 22:06:05 
jj1 = 252, max_th = 2.698374e+00, time=2025-04-10 22:09:00 
jj1 = 449, max_th = 1.517241e+00, time=2025-04-10 22:09:04 
jj1 = 135, max_th = 1.949205e+00, time=2025-04-10 22:11:16 
jj1 = 331, max_th = 2.367476e+00, time=2025-04-10 22:11:45 
jj1 = 134, max_th = 2.843589e+00, time=2025-04-10 22:13:58 
jj1 = 410, max_th = 1.842430e+00, time=2025-04-10 22:14:35 
jj1 = 98, max_th = 1.927654e+00, time=2025-04-10 22:16:17 
jj1 = 251, max_th = 1.299829e+00, time=2025-04-10 22:17:56 
jj1 = 525, max_th = 2.240393e+00, time=2025-04-10 22:19:06 
jj1 = 213, max_th = 2.093497e+00, time=2025-04-10 22:19:33 
jj1 = 97, max_th = 2.667258e+00, time=2025-04-10 22:23:30 
jj1 = 330, max_th = 1.195428e+00, time=2025-04-10 22:24:18 
jj1 = 487, max_th = 1.838760e+00, time=2025-04-10 22:24:32 
jj1 = 448, max_th = 1.434336e+00, time=2025-04-10 22:25:34 
jj1 = 291, max_th = 1.711249e+00, time=2025-04-10 22:26:29 
jj1 = 524, max_th = 1.402251e+00, time=2025-04-10 22:29:45 
jj1 = 171, max_th = 2.413075e+00, time=2025-04-10 22:30:10 
jj1 = 133, max_th = 2.463285e+00, time=2025-04-10 22:31:34 
jj1 = 370, max_th = 2.318545e+00, time=2025-04-10 22:36:47 
jj1 = 329, max_th = 1.418143e+00, time=2025-04-10 22:37:36 
jj1 = 96, max_th = 2.508628e+00, time=2025-04-10 22:37:47 
jj1 = 170, max_th = 1.220586e+00, time=2025-04-10 22:40:11 
jj1 = 523, max_th = 2.348819e+00, time=2025-04-10 22:40:45 
jj1 = 250, max_th = 2.163914e+00, time=2025-04-10 22:41:32 
jj1 = 409, max_th = 2.067425e+00, time=2025-04-10 22:44:27 
jj1 = 212, max_th = 1.707806e+00, time=2025-04-10 22:44:59 
jj1 = 486, max_th = 1.897149e+00, time=2025-04-10 22:46:53 
jj1 = 290, max_th = 2.189187e+00, time=2025-04-10 22:49:55 
jj1 = 249, max_th = 1.160707e+00, time=2025-04-10 22:50:01 
jj1 = 95, max_th = 2.595855e+00, time=2025-04-10 22:50:23 
jj1 = 132, max_th = 2.348991e+00, time=2025-04-10 22:51:06 
jj1 = 328, max_th = 1.372120e+00, time=2025-04-10 22:54:46 
jj1 = 369, max_th = 2.313036e+00, time=2025-04-10 22:57:29 
jj1 = 289, max_th = 2.702804e+00, time=2025-04-10 22:58:15 
jj1 = 447, max_th = 1.611499e+00, time=2025-04-10 22:58:27 
jj1 = 522, max_th = 2.120969e+00, time=2025-04-10 22:59:28 
jj1 = 408, max_th = 1.559921e+00, time=2025-04-10 23:00:57 
jj1 = 521, max_th = 3.050663e+00, time=2025-04-10 23:02:07 
jj1 = 169, max_th = 2.336485e+00, time=2025-04-10 23:03:02 
jj1 = 248, max_th = 1.389449e+00, time=2025-04-10 23:05:15 
jj1 = 485, max_th = 1.639868e+00, time=2025-04-10 23:06:48 
jj1 = 131, max_th = 1.539528e+00, time=2025-04-10 23:10:22 
jj1 = 211, max_th = 2.107509e+00, time=2025-04-10 23:10:39 
jj1 = 94, max_th = 1.861725e+00, time=2025-04-10 23:12:24 
jj1 = 327, max_th = 2.019841e+00, time=2025-04-10 23:13:24 
jj1 = 368, max_th = 2.421879e+00, time=2025-04-10 23:14:41 
jj1 = 288, max_th = 2.069471e+00, time=2025-04-10 23:16:25 
jj1 = 484, max_th = 2.511316e+00, time=2025-04-10 23:21:50 
jj1 = 446, max_th = 1.916390e+00, time=2025-04-10 23:23:25 
jj1 = 520, max_th = 1.913370e+00, time=2025-04-10 23:24:07 
jj1 = 130, max_th = 1.504001e+00, time=2025-04-10 23:25:15 
jj1 = 247, max_th = 1.807232e+00, time=2025-04-10 23:25:47 
jj1 = 407, max_th = 2.085590e+00, time=2025-04-10 23:26:07 
jj1 = 326, max_th = 2.397256e+00, time=2025-04-10 23:29:13 
jj1 = 93, max_th = 2.200363e+00, time=2025-04-10 23:30:45 
jj1 = 129, max_th = 2.852650e+00, time=2025-04-10 23:30:56 
jj1 = 287, max_th = 1.598860e+00, time=2025-04-10 23:32:21 
jj1 = 246, max_th = 2.585785e+00, time=2025-04-10 23:33:03 
jj1 = 210, max_th = 1.907333e+00, time=2025-04-10 23:35:34 
jj1 = 367, max_th = 2.379118e+00, time=2025-04-10 23:37:38 
jj1 = 168, max_th = 2.125099e+00, time=2025-04-10 23:38:33 
jj1 = 406, max_th = 2.546283e+00, time=2025-04-10 23:40:41 
jj1 = 128, max_th = 1.232438e+00, time=2025-04-10 23:43:01 
jj1 = 445, max_th = 2.497946e+00, time=2025-04-10 23:44:39 
jj1 = 519, max_th = 2.023678e+00, time=2025-04-10 23:48:05 
jj1 = 286, max_th = 2.240290e+00, time=2025-04-10 23:48:08 
jj1 = 444, max_th = 9.084700e-01, time=2025-04-10 23:48:34 
jj1 = 245, max_th = 1.886993e+00, time=2025-04-10 23:49:55 
jj1 = 209, max_th = 2.351765e+00, time=2025-04-10 23:50:01 
jj1 = 483, max_th = 9.400061e-01, time=2025-04-10 23:52:18 
jj1 = 325, max_th = 2.239720e+00, time=2025-04-10 23:53:01 
jj1 = 443, max_th = 2.860903e+00, time=2025-04-10 23:54:33 
jj1 = 92, max_th = 1.744005e+00, time=2025-04-10 23:54:59 
jj1 = 518, max_th = 2.699135e+00, time=2025-04-10 23:55:17 
jj1 = 442, max_th = 3.613937e+00, time=2025-04-10 23:56:17 
jj1 = 405, max_th = 1.368754e+00, time=2025-04-10 23:59:09 
jj1 = 366, max_th = 1.955273e+00, time=2025-04-11 00:00:42 
jj1 = 482, max_th = 2.826393e+00, time=2025-04-11 00:01:03 
jj1 = 167, max_th = 1.722449e+00, time=2025-04-11 00:03:54 
jj1 = 324, max_th = 1.433554e+00, time=2025-04-11 00:04:06 
jj1 = 285, max_th = 1.838631e+00, time=2025-04-11 00:05:14 
jj1 = 517, max_th = 2.619377e+00, time=2025-04-11 00:06:40 
jj1 = 244, max_th = 2.446509e+00, time=2025-04-11 00:07:01 
jj1 = 481, max_th = 2.667082e+00, time=2025-04-11 00:08:43 
jj1 = 441, max_th = 1.522780e+00, time=2025-04-11 00:10:16 
jj1 = 127, max_th = 2.020463e+00, time=2025-04-11 00:10:26 
jj1 = 284, max_th = 2.249998e+00, time=2025-04-11 00:12:35 
jj1 = 208, max_th = 1.391806e+00, time=2025-04-11 00:13:54 
jj1 = 323, max_th = 2.359398e+00, time=2025-04-11 00:15:32 
jj1 = 404, max_th = 1.524885e+00, time=2025-04-11 00:16:45 
jj1 = 365, max_th = 1.898774e+00, time=2025-04-11 00:20:33 
jj1 = 91, max_th = 1.860016e+00, time=2025-04-11 00:20:43 
jj1 = 480, max_th = 2.346248e+00, time=2025-04-11 00:21:31 
jj1 = 516, max_th = 2.141301e+00, time=2025-04-11 00:25:16 
jj1 = 126, max_th = 2.372820e+00, time=2025-04-11 00:30:12 
jj1 = 166, max_th = 2.174108e+00, time=2025-04-11 00:30:45 
jj1 = 479, max_th = 2.692078e+00, time=2025-04-11 00:31:31 
jj1 = 90, max_th = 1.234890e+00, time=2025-04-11 00:32:04 
jj1 = 89, max_th = 1.905073e-01, time=2025-04-11 00:32:40 
jj1 = 515, max_th = 1.177841e+00, time=2025-04-11 00:34:16 
jj1 = 88, max_th = 3.354927e+00, time=2025-04-11 00:34:36 
jj1 = 440, max_th = 1.673789e+00, time=2025-04-11 00:35:11 
jj1 = 243, max_th = 2.235198e+00, time=2025-04-11 00:35:29 
jj1 = 364, max_th = 2.221159e+00, time=2025-04-11 00:38:32 
jj1 = 283, max_th = 1.888988e+00, time=2025-04-11 00:38:33 
jj1 = 439, max_th = 9.575823e-01, time=2025-04-11 00:38:46 
jj1 = 282, max_th = 3.258647e+00, time=2025-04-11 00:40:22 
jj1 = 207, max_th = 1.733214e+00, time=2025-04-11 00:43:59 
jj1 = 165, max_th = 2.365375e+00, time=2025-04-11 00:47:20 
jj1 = 87, max_th = 2.856728e+00, time=2025-04-11 00:47:43 
jj1 = 403, max_th = 2.113290e+00, time=2025-04-11 00:47:49 
jj1 = 206, max_th = 8.244200e-01, time=2025-04-11 00:48:14 
jj1 = 514, max_th = 2.276029e+00, time=2025-04-11 00:50:26 
jj1 = 438, max_th = 2.497536e+00, time=2025-04-11 00:50:27 
jj1 = 322, max_th = 2.029452e+00, time=2025-04-11 00:50:58 
jj1 = 205, max_th = 2.923120e+00, time=2025-04-11 00:53:56 
jj1 = 125, max_th = 2.113022e+00, time=2025-04-11 00:56:10 
jj1 = 242, max_th = 1.639217e+00, time=2025-04-11 00:58:02 
jj1 = 281, max_th = 2.273532e+00, time=2025-04-11 00:58:08 
jj1 = 86, max_th = 2.615250e+00, time=2025-04-11 00:58:40 
jj1 = 478, max_th = 1.725230e+00, time=2025-04-11 01:02:31 
jj1 = 437, max_th = 1.246841e+00, time=2025-04-11 01:02:34 
jj1 = 402, max_th = 1.591964e+00, time=2025-04-11 01:03:05 
jj1 = 164, max_th = 1.416566e+00, time=2025-04-11 01:04:16 
jj1 = 513, max_th = 2.691162e+00, time=2025-04-11 01:04:45 
jj1 = 163, max_th = 8.311488e-01, time=2025-04-11 01:07:45 
jj1 = 321, max_th = 1.455210e+00, time=2025-04-11 01:09:13 
jj1 = 363, max_th = 2.333570e+00, time=2025-04-11 01:09:48 
jj1 = 162, max_th = 9.821326e-01, time=2025-04-11 01:12:45 
jj1 = 280, max_th = 1.337278e+00, time=2025-04-11 01:13:21 
jj1 = 85, max_th = 2.330171e+00, time=2025-04-11 01:14:08 
jj1 = 204, max_th = 1.672931e+00, time=2025-04-11 01:14:17 
jj1 = 477, max_th = 2.472147e+00, time=2025-04-11 01:14:19 
jj1 = 436, max_th = 1.238227e+00, time=2025-04-11 01:18:16 
jj1 = 401, max_th = 1.489898e+00, time=2025-04-11 01:19:03 
jj1 = 241, max_th = 2.391279e+00, time=2025-04-11 01:19:30 
jj1 = 512, max_th = 1.699429e+00, time=2025-04-11 01:20:01 
jj1 = 320, max_th = 1.318688e+00, time=2025-04-11 01:21:42 
jj1 = 362, max_th = 1.524606e+00, time=2025-04-11 01:24:51 
jj1 = 124, max_th = 2.275542e+00, time=2025-04-11 01:30:00 
jj1 = 279, max_th = 2.130316e+00, time=2025-04-11 01:32:30 
jj1 = 435, max_th = 2.621339e+00, time=2025-04-11 01:32:34 
jj1 = 161, max_th = 2.059985e+00, time=2025-04-11 01:33:41 
jj1 = 84, max_th = 1.722486e+00, time=2025-04-11 01:33:52 
jj1 = 123, max_th = 2.844815e+00, time=2025-04-11 01:36:00 
jj1 = 400, max_th = 2.045966e+00, time=2025-04-11 01:41:28 
jj1 = 203, max_th = 1.965222e+00, time=2025-04-11 01:41:30 
jj1 = 240, max_th = 1.687090e+00, time=2025-04-11 01:43:45 
jj1 = 476, max_th = 2.176404e+00, time=2025-04-11 01:44:07 
jj1 = 319, max_th = 2.080198e+00, time=2025-04-11 01:44:32 
jj1 = 361, max_th = 2.429668e+00, time=2025-04-11 01:44:49 
jj1 = 160, max_th = 2.137938e+00, time=2025-04-11 01:45:01 
jj1 = 239, max_th = 3.316332e+00, time=2025-04-11 01:45:17 
jj1 = 83, max_th = 2.568424e+00, time=2025-04-11 01:45:55 
jj1 = 122, max_th = 1.325514e+00, time=2025-04-11 01:46:09 
jj1 = 360, max_th = 8.133385e-01, time=2025-04-11 01:48:27 
jj1 = 511, max_th = 2.163318e+00, time=2025-04-11 01:49:55 
jj1 = 278, max_th = 2.456704e+00, time=2025-04-11 01:50:09 
jj1 = 82, max_th = 2.774770e+00, time=2025-04-11 01:52:31 
jj1 = 434, max_th = 1.738263e+00, time=2025-04-11 01:53:34 
jj1 = 359, max_th = 2.547558e+00, time=2025-04-11 01:59:00 
jj1 = 202, max_th = 2.300311e+00, time=2025-04-11 02:00:45 
jj1 = 399, max_th = 2.357681e+00, time=2025-04-11 02:01:16 
jj1 = 277, max_th = 1.487856e+00, time=2025-04-11 02:03:03 
jj1 = 318, max_th = 2.053154e+00, time=2025-04-11 02:03:04 
jj1 = 475, max_th = 2.263951e+00, time=2025-04-11 02:03:27 
jj1 = 238, max_th = 2.295893e+00, time=2025-04-11 02:04:54 
jj1 = 510, max_th = 2.423594e+00, time=2025-04-11 02:05:00 
jj1 = 237, max_th = -2.605807e-03, time=2025-04-11 02:06:24 
jj1 = 121, max_th = 2.338838e+00, time=2025-04-11 02:08:16 
jj1 = 81, max_th = 1.722153e+00, time=2025-04-11 02:10:31 
jj1 = 159, max_th = 1.814266e+00, time=2025-04-11 02:10:48 
jj1 = 317, max_th = 1.015450e+00, time=2025-04-11 02:10:47 
jj1 = 276, max_th = 1.775372e+00, time=2025-04-11 02:15:46 
jj1 = 398, max_th = 1.664851e+00, time=2025-04-11 02:16:28 
jj1 = 433, max_th = 1.835924e+00, time=2025-04-11 02:18:08 
jj1 = 474, max_th = 2.507106e+00, time=2025-04-11 02:18:56 
jj1 = 275, max_th = 1.252910e+00, time=2025-04-11 02:25:16 
jj1 = 358, max_th = 2.070050e+00, time=2025-04-11 02:25:59 
jj1 = 158, max_th = 3.040753e+00, time=2025-04-11 02:26:22 
jj1 = 509, max_th = 2.225769e+00, time=2025-04-11 02:26:24 
jj1 = 201, max_th = 1.821294e+00, time=2025-04-11 02:27:34 
jj1 = 120, max_th = 1.867656e+00, time=2025-04-11 02:29:25 
jj1 = 236, max_th = 1.944356e+00, time=2025-04-11 02:29:54 
jj1 = 157, max_th = 9.138680e-01, time=2025-04-11 02:31:42 
jj1 = 432, max_th = 2.561077e+00, time=2025-04-11 02:32:00 
jj1 = 156, max_th = 7.808827e-01, time=2025-04-11 02:34:47 
jj1 = 316, max_th = 2.573029e+00, time=2025-04-11 02:34:54 
jj1 = 80, max_th = 2.062674e+00, time=2025-04-11 02:37:53 
jj1 = 274, max_th = 2.522227e+00, time=2025-04-11 02:41:44 
jj1 = 508, max_th = 1.899406e+00, time=2025-04-11 02:43:46 
jj1 = 473, max_th = 2.213025e+00, time=2025-04-11 02:45:56 
jj1 = 200, max_th = 1.484594e+00, time=2025-04-11 02:46:25 
jj1 = 397, max_th = 2.237855e+00, time=2025-04-11 02:47:19 
jj1 = 357, max_th = 1.575669e+00, time=2025-04-11 02:49:40 
jj1 = 356, max_th = 2.974522e+00, time=2025-04-11 02:52:04 
jj1 = 119, max_th = 2.142590e+00, time=2025-04-11 02:53:10 
jj1 = 155, max_th = 2.461974e+00, time=2025-04-11 02:53:26 
jj1 = 235, max_th = 2.004887e+00, time=2025-04-11 02:56:35 
jj1 = 431, max_th = 2.137945e+00, time=2025-04-11 02:56:34 
jj1 = 79, max_th = 2.267514e+00, time=2025-04-11 02:57:45 
jj1 = 234, max_th = 6.379433e-01, time=2025-04-11 02:58:10 
jj1 = 199, max_th = 1.439534e+00, time=2025-04-11 03:00:55 
jj1 = 315, max_th = 2.119489e+00, time=2025-04-11 03:01:10 
jj1 = 154, max_th = 2.685280e+00, time=2025-04-11 03:03:56 
jj1 = 233, max_th = 3.295902e+00, time=2025-04-11 03:04:15 
jj1 = 118, max_th = 1.501550e+00, time=2025-04-11 03:05:14 
jj1 = 472, max_th = 2.227563e+00, time=2025-04-11 03:06:03 
jj1 = 507, max_th = -1.029362e+00, time=2025-04-11 03:06:55 
jj1 = 273, max_th = 1.971113e+00, time=2025-04-11 03:06:58 
jj1 = 396, max_th = 2.080974e+00, time=2025-04-11 03:12:21 
jj1 = 395, max_th = 9.775019e-01, time=2025-04-11 03:14:40 
jj1 = 78, max_th = 2.248714e+00, time=2025-04-11 03:15:37 
jj1 = 506, max_th = 1.415178e+00, time=2025-04-11 03:16:07 
jj1 = 355, max_th = 1.889334e+00, time=2025-04-11 03:17:52 
jj1 = 430, max_th = 2.127196e+00, time=2025-04-11 03:21:49 
jj1 = 117, max_th = 1.737669e+00, time=2025-04-11 03:23:50 
jj1 = 272, max_th = 1.607132e+00, time=2025-04-11 03:24:43 
jj1 = 153, max_th = 1.720761e+00, time=2025-04-11 03:26:13 
jj1 = 505, max_th = 2.608448e+00, time=2025-04-11 03:26:52 
jj1 = 471, max_th = 1.844104e+00, time=2025-04-11 03:27:13 
jj1 = 198, max_th = 2.233468e+00, time=2025-04-11 03:28:11 
jj1 = 197, max_th = 8.349781e-01, time=2025-04-11 03:30:15 
jj1 = 77, max_th = 1.599235e+00, time=2025-04-11 03:31:42 
jj1 = 232, max_th = 1.940985e+00, time=2025-04-11 03:32:02 
jj1 = 314, max_th = 2.004319e+00, time=2025-04-11 03:33:05 
jj1 = 394, max_th = 1.782461e+00, time=2025-04-11 03:36:46 
jj1 = 152, max_th = 2.443946e+00, time=2025-04-11 03:39:00 
jj1 = 429, max_th = 1.794441e+00, time=2025-04-11 03:40:02 
jj1 = 271, max_th = 1.945742e+00, time=2025-04-11 03:40:46 
jj1 = 354, max_th = 2.102529e+00, time=2025-04-11 03:44:01 
jj1 = 353, max_th = -4.714432e-02, time=2025-04-11 03:44:50 
jj1 = 504, max_th = 2.232827e+00, time=2025-04-11 03:48:28 
jj1 = 76, max_th = 2.149079e+00, time=2025-04-11 03:49:01 
jj1 = 470, max_th = 1.698004e+00, time=2025-04-11 03:52:04 
jj1 = 116, max_th = 2.318467e+00, time=2025-04-11 03:53:05 
jj1 = 428, max_th = 1.184340e+00, time=2025-04-11 03:53:12 
jj1 = 231, max_th = 2.183646e+00, time=2025-04-11 03:54:44 
jj1 = 503, max_th = 1.418921e+00, time=2025-04-11 03:55:14 
jj1 = 196, max_th = 2.274250e+00, time=2025-04-11 03:55:32 
jj1 = 393, max_th = 1.838619e+00, time=2025-04-11 03:58:51 
jj1 = 313, max_th = 1.733380e+00, time=2025-04-11 03:59:10 
jj1 = 75, max_th = 1.004509e+00, time=2025-04-11 03:59:30 
jj1 = 270, max_th = 2.235060e+00, time=2025-04-11 03:59:43 
jj1 = 115, max_th = 1.152018e+00, time=2025-04-11 04:01:42 
jj1 = 151, max_th = 1.639173e+00, time=2025-04-11 04:02:53 
jj1 = 352, max_th = 2.195310e+00, time=2025-04-11 04:05:27 
jj1 = 114, max_th = 9.645978e-01, time=2025-04-11 04:07:47 
jj1 = 427, max_th = 2.687129e+00, time=2025-04-11 04:12:12 
jj1 = 150, max_th = 2.843947e+00, time=2025-04-11 04:12:25 
jj1 = 502, max_th = 2.215571e+00, time=2025-04-11 04:15:26 
jj1 = 392, max_th = 2.485067e+00, time=2025-04-11 04:15:46 
jj1 = 269, max_th = 2.246337e+00, time=2025-04-11 04:19:27 
jj1 = 469, max_th = 1.961315e+00, time=2025-04-11 04:19:34 
jj1 = 230, max_th = 2.322646e+00, time=2025-04-11 04:19:53 
jj1 = 113, max_th = 1.228684e+00, time=2025-04-11 04:20:40 
jj1 = 229, max_th = 4.105148e-01, time=2025-04-11 04:21:32 
jj1 = 312, max_th = 1.934114e+00, time=2025-04-11 04:22:17 
jj1 = 74, max_th = 1.855493e+00, time=2025-04-11 04:22:20 
jj1 = 195, max_th = 1.825225e+00, time=2025-04-11 04:23:29 
jj1 = 468, max_th = 1.031153e+00, time=2025-04-11 04:28:30 
jj1 = 501, max_th = 2.520237e+00, time=2025-04-11 04:32:04 
jj1 = 351, max_th = 2.339733e+00, time=2025-04-11 04:32:36 
jj1 = 268, max_th = 2.339345e+00, time=2025-04-11 04:33:49 
jj1 = 73, max_th = 2.001445e+00, time=2025-04-11 04:36:43 
jj1 = 467, max_th = 2.551232e+00, time=2025-04-11 04:39:09 
jj1 = 311, max_th = 2.508460e+00, time=2025-04-11 04:39:10 
jj1 = 228, max_th = 1.332812e+00, time=2025-04-11 04:40:12 
jj1 = 391, max_th = 2.369228e+00, time=2025-04-11 04:41:16 
jj1 = 149, max_th = 2.283620e+00, time=2025-04-11 04:41:37 
jj1 = 267, max_th = 1.345473e+00, time=2025-04-11 04:42:58 
jj1 = 112, max_th = 2.151819e+00, time=2025-04-11 04:46:27 
jj1 = 194, max_th = 2.061353e+00, time=2025-04-11 04:47:18 
jj1 = 466, max_th = 1.167023e+00, time=2025-04-11 04:48:50 
jj1 = 426, max_th = 2.631562e+00, time=2025-04-11 04:50:23 
jj1 = 72, max_th = 1.858460e+00, time=2025-04-11 04:56:39 
jj1 = 500, max_th = 1.977615e+00, time=2025-04-11 04:56:46 
jj1 = 310, max_th = 1.709395e+00, time=2025-04-11 04:58:30 
jj1 = 227, max_th = 1.797927e+00, time=2025-04-11 04:58:37 
jj1 = 350, max_th = 1.447756e+00, time=2025-04-11 05:00:04 
jj1 = 71, max_th = 2.713831e+00, time=2025-04-11 05:03:33 
jj1 = 465, max_th = 2.384715e+00, time=2025-04-11 05:04:33 
jj1 = 499, max_th = 2.796720e+00, time=2025-04-11 05:05:20 
jj1 = 266, max_th = 1.659507e+00, time=2025-04-11 05:05:51 
jj1 = 148, max_th = 1.716964e+00, time=2025-04-11 05:07:41 
jj1 = 193, max_th = 2.226621e+00, time=2025-04-11 05:11:02 
jj1 = 390, max_th = 2.071568e+00, time=2025-04-11 05:11:10 
jj1 = 111, max_th = 2.363850e+00, time=2025-04-11 05:11:36 
jj1 = 70, max_th = 2.653102e+00, time=2025-04-11 05:11:38 
jj1 = 425, max_th = 1.899434e+00, time=2025-04-11 05:13:06 
jj1 = 349, max_th = 1.413284e+00, time=2025-04-11 05:19:50 
jj1 = 309, max_th = 1.623244e+00, time=2025-04-11 05:21:07 
jj1 = 464, max_th = 2.099797e+00, time=2025-04-11 05:21:18 
jj1 = 226, max_th = 2.222923e+00, time=2025-04-11 05:22:03 
jj1 = 69, max_th = 2.665616e+00, time=2025-04-11 05:22:17 
jj1 = 265, max_th = 1.685421e+00, time=2025-04-11 05:26:30 
jj1 = 68, max_th = 9.401380e-01, time=2025-04-11 05:27:44 
jj1 = 424, max_th = 2.541224e+00, time=2025-04-11 05:28:01 
jj1 = 498, max_th = 1.897945e+00, time=2025-04-11 05:28:17 
jj1 = 225, max_th = 1.499542e+00, time=2025-04-11 05:30:47 
jj1 = 389, max_th = 2.145277e+00, time=2025-04-11 05:31:02 
jj1 = 147, max_th = 2.080551e+00, time=2025-04-11 05:33:27 
jj1 = 308, max_th = 2.726826e+00, time=2025-04-11 05:34:29 
jj1 = 348, max_th = 1.651821e+00, time=2025-04-11 05:37:14 
jj1 = 192, max_th = 1.917493e+00, time=2025-04-11 05:38:08 
jj1 = 110, max_th = 1.914867e+00, time=2025-04-11 05:40:32 
jj1 = 463, max_th = 1.713957e+00, time=2025-04-11 05:43:19 
jj1 = 423, max_th = 2.466194e+00, time=2025-04-11 05:44:55 
jj1 = 264, max_th = 2.056100e+00, time=2025-04-11 05:45:22 
jj1 = 224, max_th = 1.845343e+00, time=2025-04-11 05:47:03 
jj1 = 191, max_th = 1.416698e+00, time=2025-04-11 05:48:57 
jj1 = 67, max_th = 2.116742e+00, time=2025-04-11 05:50:49 
jj1 = 497, max_th = 1.988887e+00, time=2025-04-11 05:51:53 
jj1 = 388, max_th = 2.166419e+00, time=2025-04-11 05:54:21 
jj1 = 496, max_th = 7.834774e-01, time=2025-04-11 05:56:27 
jj1 = 307, max_th = 1.845409e+00, time=2025-04-11 05:58:30 
jj1 = 263, max_th = 1.132890e+00, time=2025-04-11 05:58:50 
jj1 = 223, max_th = 2.598082e+00, time=2025-04-11 06:00:34 
jj1 = 495, max_th = 2.875990e+00, time=2025-04-11 06:01:09 
jj1 = 347, max_th = 1.989901e+00, time=2025-04-11 06:02:57 
jj1 = 146, max_th = 1.725504e+00, time=2025-04-11 06:06:28 
jj1 = 462, max_th = 2.123293e+00, time=2025-04-11 06:08:50 
jj1 = 66, max_th = 1.783043e+00, time=2025-04-11 06:12:30 
jj1 = 109, max_th = 1.781541e+00, time=2025-04-11 06:13:09 
jj1 = 422, max_th = 1.829827e+00, time=2025-04-11 06:17:16 
jj1 = 494, max_th = 2.042772e+00, time=2025-04-11 06:17:19 
jj1 = 387, max_th = 1.824663e+00, time=2025-04-11 06:18:20 
jj1 = 222, max_th = 2.404253e+00, time=2025-04-11 06:19:01 
jj1 = 346, max_th = 2.463342e+00, time=2025-04-11 06:21:38 
jj1 = 306, max_th = 2.111879e+00, time=2025-04-11 06:22:05 
jj1 = 190, max_th = 2.352417e+00, time=2025-04-11 06:23:08 
jj1 = 145, max_th = 1.945792e+00, time=2025-04-11 06:25:18 
jj1 = 421, max_th = 1.291844e+00, time=2025-04-11 06:25:39 
jj1 = 461, max_th = 2.175088e+00, time=2025-04-11 06:29:08 
jj1 = 262, max_th = 1.640004e+00, time=2025-04-11 06:29:23 
jj1 = 65, max_th = 1.582552e+00, time=2025-04-11 06:29:40 
jj1 = 345, max_th = 1.241343e+00, time=2025-04-11 06:33:49 
jj1 = 493, max_th = 1.716582e+00, time=2025-04-11 06:34:45 
jj1 = 189, max_th = 2.407479e+00, time=2025-04-11 06:36:17 
jj1 = 261, max_th = 1.248502e+00, time=2025-04-11 06:37:29 
jj1 = 144, max_th = 2.448237e+00, time=2025-04-11 06:44:50 
jj1 = 460, max_th = 2.373547e+00, time=2025-04-11 06:46:33 
jj1 = 386, max_th = 2.141944e+00, time=2025-04-11 06:48:04 
jj1 = 221, max_th = 2.015689e+00, time=2025-04-11 06:49:18 
jj1 = 64, max_th = 2.335822e+00, time=2025-04-11 06:49:21 
jj1 = 305, max_th = 2.539305e+00, time=2025-04-11 06:49:59 
jj1 = 108, max_th = 2.022315e+00, time=2025-04-11 06:50:45 
jj1 = 420, max_th = 1.617864e+00, time=2025-04-11 06:51:39 
jj1 = 492, max_th = 2.330859e+00, time=2025-04-11 06:54:57 
jj1 = 143, max_th = 8.717066e-01, time=2025-04-11 06:55:01 
jj1 = 63, max_th = 2.648201e+00, time=2025-04-11 06:57:06 
jj1 = 188, max_th = 1.579570e+00, time=2025-04-11 06:57:10 
jj1 = 344, max_th = 1.922266e+00, time=2025-04-11 06:58:04 
jj1 = 260, max_th = 2.157915e+00, time=2025-04-11 06:59:59 
jj1 = 220, max_th = 1.583660e+00, time=2025-04-11 07:04:01 
jj1 = 459, max_th = 1.637311e+00, time=2025-04-11 07:05:22 
jj1 = 259, max_th = 2.621086e+00, time=2025-04-11 07:07:21 
jj1 = 385, max_th = 2.252952e+00, time=2025-04-11 07:08:56 
jj1 = 419, max_th = 1.470888e+00, time=2025-04-11 07:09:40 
jj1 = 304, max_th = 1.529049e+00, time=2025-04-11 07:09:43 
jj1 = 491, max_th = 2.295337e+00, time=2025-04-11 07:11:32 
jj1 = 458, max_th = 2.733539e+00, time=2025-04-11 07:13:56 
jj1 = 142, max_th = 1.652769e+00, time=2025-04-11 07:17:56 
jj1 = 107, max_th = 2.086959e+00, time=2025-04-11 07:18:39 
jj1 = 62, max_th = 2.172461e+00, time=2025-04-11 07:19:06 
jj1 = 418, max_th = 2.633830e+00, time=2025-04-11 07:19:45 
jj1 = 303, max_th = 1.480602e+00, time=2025-04-11 07:22:17 
jj1 = 343, max_th = 1.527159e+00, time=2025-04-11 07:23:21 
jj1 = 187, max_th = 1.851393e+00, time=2025-04-11 07:23:23 
jj1 = 342, max_th = 3.277957e+00, time=2025-04-11 07:24:47 
jj1 = 490, max_th = 2.345269e+00, time=2025-04-11 07:25:22 
jj1 = 219, max_th = 2.136086e+00, time=2025-04-11 07:27:14 
jj1 = 218, max_th = 3.039627e-01, time=2025-04-11 07:29:32 
jj1 = 61, max_th = 2.612472e+00, time=2025-04-11 07:30:41 
jj1 = 258, max_th = 1.923441e+00, time=2025-04-11 07:31:20 
jj1 = 417, max_th = 1.573393e+00, time=2025-04-11 07:32:11 
jj1 = 588, max_th = 1.171036e+00, time=2025-04-11 07:33:15 
jj1 = 384, max_th = 2.262801e+00, time=2025-04-11 07:34:02 
jj1 = 302, max_th = 1.336993e+00, time=2025-04-11 07:34:35 
jj1 = 106, max_th = 1.578584e+00, time=2025-04-11 07:35:25 
jj1 = 186, max_th = 1.243468e+00, time=2025-04-11 07:37:38 
jj1 = 457, max_th = 2.071420e+00, time=2025-04-11 07:38:43 
jj1 = 257, max_th = 1.286351e+00, time=2025-04-11 07:40:31 
jj1 = 301, max_th = 1.065450e+00, time=2025-04-11 07:43:07 
jj1 = 141, max_th = 1.803857e+00, time=2025-04-11 07:46:54 
jj1 = 341, max_th = 2.416007e+00, time=2025-04-11 07:46:55 
jj1 = 416, max_th = 2.450940e+00, time=2025-04-11 07:50:33 
jj1 = 256, max_th = 1.276212e+00, time=2025-04-11 07:51:50 
jj1 = 185, max_th = 1.607511e+00, time=2025-04-11 07:55:12 
jj1 = 217, max_th = 1.885349e+00, time=2025-04-11 07:55:55 
jj1 = 105, max_th = 2.200910e+00, time=2025-04-11 07:56:08 
jj1 = 768, max_th = 1.769380e+00, time=2025-04-11 07:56:22 
jj1 = 340, max_th = 9.634390e-01, time=2025-04-11 07:58:23 
jj1 = 587, max_th = 2.104400e+00, time=2025-04-11 07:58:30 
jj1 = 456, max_th = 2.440364e+00, time=2025-04-11 08:00:51 
jj1 = 300, max_th = 1.688684e+00, time=2025-04-11 08:01:33 
jj1 = 383, max_th = 1.723114e+00, time=2025-04-11 08:02:11 
jj1 = 104, max_th = 1.192476e+00, time=2025-04-11 08:04:11 
jj1 = 568, max_th = 1.457873e+00, time=2025-04-11 08:05:52 
jj1 = 184, max_th = 1.551377e+00, time=2025-04-11 08:11:31 
jj1 = 140, max_th = 2.314613e+00, time=2025-04-11 08:12:06 
jj1 = 567, max_th = 1.056531e+00, time=2025-04-11 08:13:31 
jj1 = 415, max_th = 2.242193e+00, time=2025-04-11 08:13:51 
jj1 = 767, max_th = 2.155034e+00, time=2025-04-11 08:16:49 
jj1 = 339, max_th = 1.674945e+00, time=2025-04-11 08:19:48 
jj1 = 586, max_th = 1.994854e+00, time=2025-04-11 08:21:00 
jj1 = 608, max_th = 2.055538e+00, time=2025-04-11 08:24:11 
jj1 = 566, max_th = 1.422393e+00, time=2025-04-11 08:26:24 
jj1 = 103, max_th = 2.000699e+00, time=2025-04-11 08:26:42 
jj1 = 414, max_th = 1.460787e+00, time=2025-04-11 08:27:17 
jj1 = 183, max_th = 2.485024e+00, time=2025-04-11 08:28:41 
jj1 = 766, max_th = 2.587602e+00, time=2025-04-11 08:29:13 
jj1 = 299, max_th = 2.059474e+00, time=2025-04-11 08:29:35 
jj1 = 298, max_th = 5.113266e-01, time=2025-04-11 08:31:20 
jj1 = 382, max_th = 1.929751e+00, time=2025-04-11 08:31:24 
jj1 = 565, max_th = 3.204115e+00, time=2025-04-11 08:31:46 
jj1 = 139, max_th = 1.797602e+00, time=2025-04-11 08:31:55 
jj1 = 338, max_th = 1.334941e+00, time=2025-04-11 08:34:26 
jj1 = 564, max_th = -6.943252e-01, time=2025-04-11 08:35:35 
jj1 = 455, max_th = 2.134017e+00, time=2025-04-11 08:38:30 
jj1 = 585, max_th = 2.478834e+00, time=2025-04-11 08:39:42 
jj1 = 765, max_th = 1.305182e+00, time=2025-04-11 08:40:03 
jj1 = 297, max_th = 2.314440e+00, time=2025-04-11 08:43:18 
jj1 = 584, max_th = 2.759609e+00, time=2025-04-11 08:45:01 
jj1 = 102, max_th = 2.317053e+00, time=2025-04-11 08:48:11 
jj1 = 583, max_th = 2.952539e+00, time=2025-04-11 08:48:36 
jj1 = 182, max_th = 1.166868e+00, time=2025-04-11 08:48:47 
jj1 = 607, max_th = 2.212646e+00, time=2025-04-11 08:51:31 
jj1 = 101, max_th = 8.693661e-01, time=2025-04-11 08:54:35 
jj1 = 413, max_th = 2.127774e+00, time=2025-04-11 08:54:41 
jj1 = 412, max_th = -1.406104e-03, time=2025-04-11 08:56:17 
jj1 = 454, max_th = 1.643339e+00, time=2025-04-11 08:58:12 
jj1 = 764, max_th = 2.244922e+00, time=2025-04-11 08:59:34 
jj1 = 337, max_th = 1.696616e+00, time=2025-04-11 09:00:46 
jj1 = 563, max_th = 2.182454e+00, time=2025-04-11 09:01:23 
jj1 = 548, max_th = 1.636506e+00, time=2025-04-11 09:04:10 
jj1 = 296, max_th = 2.101860e+00, time=2025-04-11 09:05:22 
jj1 = 181, max_th = 2.419172e+00, time=2025-04-11 09:05:32 
jj1 = 582, max_th = 2.051235e+00, time=2025-04-11 09:05:37 
jj1 = 381, max_th = 1.731340e+00, time=2025-04-11 09:06:41 
jj1 = 453, max_th = 1.849544e+00, time=2025-04-11 09:13:40 
jj1 = 606, max_th = 2.146596e+00, time=2025-04-11 09:13:57 
jj1 = 100, max_th = 2.359359e+00, time=2025-04-11 09:16:24 
jj1 = 708, max_th = 2.019132e+00, time=2025-04-11 09:16:57 
jj1 = 648, max_th = -6.373975e-02, time=2025-04-11 09:18:02 
jj1 = 581, max_th = 2.400764e+00, time=2025-04-11 09:19:34 
jj1 = 380, max_th = 2.618676e+00, time=2025-04-11 09:21:04 
jj1 = 295, max_th = 2.455227e+00, time=2025-04-11 09:22:33 
jj1 = 180, max_th = 2.454875e+00, time=2025-04-11 09:22:39 
jj1 = 562, max_th = 1.934702e+00, time=2025-04-11 09:23:38 
jj1 = 763, max_th = 1.540686e+00, time=2025-04-11 09:23:48 
jj1 = 547, max_th = 1.533330e+00, time=2025-04-11 09:25:59 
jj1 = 452, max_th = 1.332451e+00, time=2025-04-11 09:26:01 
jj1 = 605, max_th = 2.055306e+00, time=2025-04-11 09:28:36 
jj1 = 580, max_th = 1.752407e+00, time=2025-04-11 09:28:59 
jj1 = 579, max_th = -3.781939e-01, time=2025-04-11 09:29:17 
jj1 = 179, max_th = 2.679923e+00, time=2025-04-11 09:32:51 
jj1 = 336, max_th = 2.008655e+00, time=2025-04-11 09:37:23 
jj1 = 647, max_th = 1.635972e+00, time=2025-04-11 09:37:55 
jj1 = 707, max_th = 1.534412e+00, time=2025-04-11 09:39:05 
jj1 = 546, max_th = 2.578799e+00, time=2025-04-11 09:40:29 
jj1 = 178, max_th = 2.780250e+00, time=2025-04-11 09:46:36 
jj1 = 668, max_th = 2.024816e+00, time=2025-04-11 09:46:47 
jj1 = 379, max_th = 2.170254e+00, time=2025-04-11 09:46:59 
jj1 = 561, max_th = 1.862520e+00, time=2025-04-11 09:47:26 
jj1 = 578, max_th = 2.243427e+00, time=2025-04-11 09:50:23 
jj1 = 762, max_th = 2.066001e+00, time=2025-04-11 09:50:59 
jj1 = 451, max_th = 2.263269e+00, time=2025-04-11 09:53:09 
jj1 = 646, max_th = 2.582022e+00, time=2025-04-11 09:53:58 
jj1 = 706, max_th = 2.376458e+00, time=2025-04-11 09:54:16 
jj1 = 545, max_th = 2.001378e+00, time=2025-04-11 09:58:09 
jj1 = 560, max_th = 2.775861e+00, time=2025-04-11 10:00:11 
jj1 = 335, max_th = 2.030121e+00, time=2025-04-11 10:00:32 
jj1 = 604, max_th = 1.867814e+00, time=2025-04-11 10:04:09 
jj1 = 645, max_th = 1.436045e+00, time=2025-04-11 10:06:40 
jj1 = 667, max_th = 1.634990e+00, time=2025-04-11 10:06:49 
jj1 = 705, max_th = 1.573393e+00, time=2025-04-11 10:08:08 
jj1 = 334, max_th = 7.213890e-01, time=2025-04-11 10:08:27 
jj1 = 628, max_th = 2.070593e+00, time=2025-04-11 10:08:30 
jj1 = 761, max_th = 1.996882e+00, time=2025-04-11 10:09:46 
jj1 = 688, max_th = 1.077432e+00, time=2025-04-11 10:09:51 
jj1 = 748, max_th = 2.898423e+00, time=2025-04-11 10:11:58 
jj1 = 378, max_th = 1.671552e+00, time=2025-04-11 10:17:50 
jj1 = 544, max_th = 1.726882e+00, time=2025-04-11 10:18:15 
jj1 = 559, max_th = 1.960576e+00, time=2025-04-11 10:19:53 
jj1 = 627, max_th = 1.260115e+00, time=2025-04-11 10:23:12 
jj1 = 704, max_th = 2.445627e+00, time=2025-04-11 10:24:11 
jj1 = 603, max_th = 2.310738e+00, time=2025-04-11 10:24:52 
jj1 = 577, max_th = 2.258553e+00, time=2025-04-11 10:25:21 
jj1 = 747, max_th = 2.395415e+00, time=2025-04-11 10:26:27 
jj1 = 644, max_th = 2.058928e+00, time=2025-04-11 10:30:22 
jj1 = 666, max_th = 1.523991e+00, time=2025-04-11 10:31:17 
jj1 = 687, max_th = 2.169289e+00, time=2025-04-11 10:33:06 
jj1 = 746, max_th = 2.768132e+00, time=2025-04-11 10:35:22 
jj1 = 558, max_th = 1.815359e+00, time=2025-04-11 10:35:49 
jj1 = 665, max_th = 2.768060e+00, time=2025-04-11 10:36:53 
jj1 = 760, max_th = 1.987990e+00, time=2025-04-11 10:36:59 
jj1 = 703, max_th = 1.502910e+00, time=2025-04-11 10:37:03 
jj1 = 602, max_th = 2.532765e+00, time=2025-04-11 10:38:24 
jj1 = 543, max_th = 2.101981e+00, time=2025-04-11 10:41:56 
jj1 = 626, max_th = 2.037506e+00, time=2025-04-11 10:43:24 
jj1 = 377, max_th = 1.724404e+00, time=2025-04-11 10:43:38 
jj1 = 576, max_th = 2.553662e+00, time=2025-04-11 10:44:28 
jj1 = 601, max_th = 1.064217e+00, time=2025-04-11 10:44:42 
jj1 = 643, max_th = 2.002129e+00, time=2025-04-11 10:48:48 
jj1 = 686, max_th = 2.146194e+00, time=2025-04-11 10:52:04 
jj1 = 664, max_th = 1.430599e+00, time=2025-04-11 10:54:01 
jj1 = 663, max_th = 3.003286e+00, time=2025-04-11 10:55:43 
jj1 = 642, max_th = 2.701277e+00, time=2025-04-11 10:56:33 
jj1 = 557, max_th = 1.630802e+00, time=2025-04-11 10:56:37 
jj1 = 745, max_th = 2.468044e+00, time=2025-04-11 10:57:21 
jj1 = 759, max_th = 1.685289e+00, time=2025-04-11 10:59:24 
jj1 = 662, max_th = 2.930476e+00, time=2025-04-11 11:01:10 
jj1 = 702, max_th = 2.022912e+00, time=2025-04-11 11:01:38 
jj1 = 376, max_th = 1.801693e+00, time=2025-04-11 11:01:43 
jj1 = 575, max_th = 2.463511e+00, time=2025-04-11 11:02:59 
jj1 = 625, max_th = 1.945716e+00, time=2025-04-11 11:05:54 
jj1 = 600, max_th = 1.570988e+00, time=2025-04-11 11:07:33 
jj1 = 624, max_th = 8.451290e-01, time=2025-04-11 11:10:32 
jj1 = 641, max_th = 1.807249e+00, time=2025-04-11 11:12:13 
jj1 = 542, max_th = 2.290744e+00, time=2025-04-11 11:12:47 
jj1 = 685, max_th = 2.108173e+00, time=2025-04-11 11:13:30 
jj1 = 758, max_th = 2.001437e+00, time=2025-04-11 11:19:11 
jj1 = 556, max_th = 2.199341e+00, time=2025-04-11 11:19:34 
jj1 = 744, max_th = 1.657528e+00, time=2025-04-11 11:21:26 
jj1 = 661, max_th = 2.427300e+00, time=2025-04-11 11:23:24 
jj1 = 574, max_th = 1.580642e+00, time=2025-04-11 11:23:33 
jj1 = 599, max_th = 2.249345e+00, time=2025-04-11 11:24:40 
jj1 = 598, max_th = 3.058480e+00, time=2025-04-11 11:28:15 
jj1 = 684, max_th = 1.382132e+00, time=2025-04-11 11:28:20 
jj1 = 375, max_th = 1.976194e+00, time=2025-04-11 11:30:54 
jj1 = 573, max_th = 1.115522e+00, time=2025-04-11 11:31:24 
jj1 = 701, max_th = 2.121117e+00, time=2025-04-11 11:31:25 
jj1 = 640, max_th = 1.633791e+00, time=2025-04-11 11:32:05 
jj1 = 541, max_th = 1.314668e+00, time=2025-04-11 11:36:05 
jj1 = 555, max_th = 1.817387e+00, time=2025-04-11 11:39:37 
jj1 = 572, max_th = 1.226495e+00, time=2025-04-11 11:41:25 
jj1 = 660, max_th = 1.691221e+00, time=2025-04-11 11:41:38 
jj1 = 757, max_th = 2.020574e+00, time=2025-04-11 11:41:45 
jj1 = 623, max_th = 1.762726e+00, time=2025-04-11 11:41:59 
jj1 = 683, max_th = 2.691615e+00, time=2025-04-11 11:44:54 
jj1 = 743, max_th = 2.188421e+00, time=2025-04-11 11:45:47 
jj1 = 756, max_th = 1.050891e+00, time=2025-04-11 11:46:55 
jj1 = 755, max_th = 8.501472e-01, time=2025-04-11 11:50:07 
jj1 = 597, max_th = 2.437079e+00, time=2025-04-11 11:50:47 
jj1 = 700, max_th = 2.426974e+00, time=2025-04-11 11:51:26 
jj1 = 540, max_th = 2.368746e+00, time=2025-04-11 11:53:43 
jj1 = 554, max_th = 1.666930e+00, time=2025-04-11 11:58:55 
jj1 = 682, max_th = 1.638573e+00, time=2025-04-11 12:00:35 
jj1 = 681, max_th = -8.065217e-01, time=2025-04-11 12:00:48 
jj1 = 742, max_th = 2.554697e+00, time=2025-04-11 12:02:09 
jj1 = 374, max_th = 2.066263e+00, time=2025-04-11 12:03:47 
jj1 = 659, max_th = 1.710466e+00, time=2025-04-11 12:04:32 
jj1 = 622, max_th = 2.009011e+00, time=2025-04-11 12:05:40 
jj1 = 639, max_th = 2.486101e+00, time=2025-04-11 12:05:46 
jj1 = 571, max_th = 1.942234e+00, time=2025-04-11 12:07:34 
jj1 = 539, max_th = 1.491210e+00, time=2025-04-11 12:09:07 
jj1 = 553, max_th = 2.555852e+00, time=2025-04-11 12:11:08 
jj1 = 638, max_th = 1.114898e+00, time=2025-04-11 12:11:30 
jj1 = 754, max_th = 1.511411e+00, time=2025-04-11 12:12:16 
jj1 = 596, max_th = 1.930124e+00, time=2025-04-11 12:15:20 
jj1 = 699, max_th = 2.023976e+00, time=2025-04-11 12:15:49 
jj1 = 680, max_th = 2.475473e+00, time=2025-04-11 12:16:50 
jj1 = 741, max_th = 2.375912e+00, time=2025-04-11 12:17:52 
jj1 = 658, max_th = 1.430787e+00, time=2025-04-11 12:18:13 
jj1 = 621, max_th = 1.622883e+00, time=2025-04-11 12:21:38 
jj1 = 552, max_th = 1.628093e+00, time=2025-04-11 12:24:55 
jj1 = 679, max_th = 1.281693e+00, time=2025-04-11 12:26:07 
jj1 = 570, max_th = 1.705979e+00, time=2025-04-11 12:27:03 
jj1 = 538, max_th = 2.403019e+00, time=2025-04-11 12:28:58 
jj1 = 753, max_th = 1.807230e+00, time=2025-04-11 12:30:30 
jj1 = 620, max_th = 1.203168e+00, time=2025-04-11 12:31:05 
jj1 = 637, max_th = 1.590385e+00, time=2025-04-11 12:33:30 
jj1 = 698, max_th = 1.893517e+00, time=2025-04-11 12:39:08 
jj1 = 752, max_th = 1.281795e+00, time=2025-04-11 12:39:20 
jj1 = 678, max_th = 2.502494e+00, time=2025-04-11 12:39:27 
jj1 = 373, max_th = 2.359962e+00, time=2025-04-11 12:41:43 
jj1 = 740, max_th = 2.225571e+00, time=2025-04-11 12:42:08 
jj1 = 569, max_th = 2.331397e+00, time=2025-04-11 12:43:34 
jj1 = 595, max_th = 2.071970e+00, time=2025-04-11 12:45:23 
jj1 = 728, max_th = 2.798852e+00, time=2025-04-11 12:47:58 
jj1 = 551, max_th = 2.026736e+00, time=2025-04-11 12:48:09 
jj1 = 636, max_th = 1.505075e+00, time=2025-04-11 12:53:03 
jj1 = 537, max_th = 2.277365e+00, time=2025-04-11 12:53:35 
jj1 = 619, max_th = 1.827541e+00, time=2025-04-11 12:57:53 
jj1 = 536, max_th = 2.913070e+00, time=2025-04-11 13:01:14 
jj1 = 677, max_th = 2.136678e+00, time=2025-04-11 13:01:39 
jj1 = 676, max_th = 6.123034e-01, time=2025-04-11 13:03:02 
jj1 = 739, max_th = 1.696856e+00, time=2025-04-11 13:03:02 
jj1 = 778, max_th = 2.146627e+00, time=2025-04-11 13:03:26 
jj1 = 657, max_th = 2.407828e+00, time=2025-04-11 13:04:07 
jj1 = 751, max_th = -5.204798e-01, time=2025-04-11 13:04:24 
jj1 = 675, max_th = -1.193501e-01, time=2025-04-11 13:05:16 
jj1 = 697, max_th = 1.830625e+00, time=2025-04-11 13:09:02 
jj1 = 727, max_th = 1.307355e+00, time=2025-04-11 13:09:03 
jj1 = 594, max_th = 1.587048e+00, time=2025-04-11 13:09:54 
jj1 = 674, max_th = 1.154146e+00, time=2025-04-11 13:11:42 
jj1 = 550, max_th = 1.742792e+00, time=2025-04-11 13:11:55 
jj1 = 750, max_th = 1.532094e+00, time=2025-04-11 13:16:38 
jj1 = 535, max_th = 1.642627e+00, time=2025-04-11 13:20:18 
jj1 = 726, max_th = 2.490029e+00, time=2025-04-11 13:21:14 
jj1 = 696, max_th = 1.502503e+00, time=2025-04-11 13:23:57 
jj1 = 635, max_th = 2.044892e+00, time=2025-04-11 13:24:55 
jj1 = 618, max_th = 2.125169e+00, time=2025-04-11 13:26:56 
jj1 = 738, max_th = 2.052202e+00, time=2025-04-11 13:28:09 
jj1 = 656, max_th = 1.667339e+00, time=2025-04-11 13:29:23 
jj1 = 673, max_th = 2.329806e+00, time=2025-04-11 13:29:38 
jj1 = 695, max_th = 2.768415e+00, time=2025-04-11 13:30:03 
jj1 = 725, max_th = 1.163468e+00, time=2025-04-11 13:30:29 
jj1 = 777, max_th = 1.837769e+00, time=2025-04-11 13:31:18 
jj1 = 593, max_th = 2.434330e+00, time=2025-04-11 13:35:54 
jj1 = 549, max_th = 1.611923e+00, time=2025-04-11 13:39:52 
jj1 = 634, max_th = 2.681192e+00, time=2025-04-11 13:40:25 
jj1 = 749, max_th = 2.174448e+00, time=2025-04-11 13:40:56 
jj1 = 534, max_th = 2.178493e+00, time=2025-04-11 13:43:28 
jj1 = 694, max_th = 2.343526e+00, time=2025-04-11 13:46:46 
jj1 = 798, max_th = 2.504131e+00, time=2025-04-11 13:47:32 
jj1 = 617, max_th = 2.151489e+00, time=2025-04-11 13:48:27 
jj1 = 633, max_th = 2.605111e+00, time=2025-04-11 13:48:53 
jj1 = 776, max_th = 1.617675e+00, time=2025-04-11 13:50:25 
jj1 = 724, max_th = 1.594823e+00, time=2025-04-11 13:50:53 
jj1 = 672, max_th = 2.006982e+00, time=2025-04-11 13:54:18 
jj1 = 533, max_th = 1.472427e+00, time=2025-04-11 13:55:24 
jj1 = 592, max_th = 2.096827e+00, time=2025-04-11 13:56:31 
jj1 = 532, max_th = 7.678644e-01, time=2025-04-11 13:57:48 
jj1 = 737, max_th = 1.685588e+00, time=2025-04-11 13:58:46 
jj1 = 655, max_th = 1.673081e+00, time=2025-04-11 13:59:14 
jj1 = 788, max_th = 2.107129e+00, time=2025-04-11 14:00:43 
jj1 = 632, max_th = 1.529592e+00, time=2025-04-11 14:06:16 
jj1 = 693, max_th = 2.533978e+00, time=2025-04-11 14:07:00 
jj1 = 775, max_th = 1.653149e+00, time=2025-04-11 14:07:10 
jj1 = 654, max_th = 2.767155e+00, time=2025-04-11 14:07:11 
jj1 = 723, max_th = 1.801479e+00, time=2025-04-11 14:09:41 
jj1 = 591, max_th = 1.948760e+00, time=2025-04-11 14:11:48 
jj1 = 671, max_th = 2.253580e+00, time=2025-04-11 14:12:46 
jj1 = 797, max_th = 2.013871e+00, time=2025-04-11 14:12:57 
jj1 = 616, max_th = 2.451322e+00, time=2025-04-11 14:17:51 
jj1 = 631, max_th = 1.813561e+00, time=2025-04-11 14:19:11 
jj1 = 736, max_th = 2.292820e+00, time=2025-04-11 14:22:25 
jj1 = 796, max_th = 2.766258e+00, time=2025-04-11 14:23:13 
jj1 = 787, max_th = 1.973429e+00, time=2025-04-11 14:25:31 
jj1 = 615, max_th = 2.715164e+00, time=2025-04-11 14:26:17 
jj1 = 692, max_th = 2.494036e+00, time=2025-04-11 14:27:24 
jj1 = 670, max_th = 2.394240e+00, time=2025-04-11 14:28:28 
jj1 = 774, max_th = 2.131320e+00, time=2025-04-11 14:28:37 
jj1 = 590, max_th = 2.525281e+00, time=2025-04-11 14:29:14 
jj1 = 722, max_th = 1.753741e+00, time=2025-04-11 14:32:13 
jj1 = 531, max_th = 1.635211e+00, time=2025-04-11 14:32:17 
jj1 = 786, max_th = 2.759953e+00, time=2025-04-11 14:32:47 
jj1 = 614, max_th = 9.876203e-01, time=2025-04-11 14:32:54 
jj1 = 630, max_th = 2.535516e+00, time=2025-04-11 14:36:02 
jj1 = 773, max_th = 2.783685e+00, time=2025-04-11 14:36:09 
jj1 = 772, max_th = -6.417210e-02, time=2025-04-11 14:37:25 
jj1 = 653, max_th = 1.803891e+00, time=2025-04-11 14:41:54 
jj1 = 795, max_th = 1.788155e+00, time=2025-04-11 14:42:30 
jj1 = 771, max_th = 1.065201e+00, time=2025-04-11 14:42:42 
jj1 = 794, max_th = 7.378919e-01, time=2025-04-11 14:45:27 
jj1 = 691, max_th = 1.605558e+00, time=2025-04-11 14:45:53 
jj1 = 690, max_th = 2.834671e+00, time=2025-04-11 14:47:29 
jj1 = 785, max_th = 1.537128e+00, time=2025-04-11 14:48:28 
jj1 = 669, max_th = 1.885518e+00, time=2025-04-11 14:49:04 
jj1 = 589, max_th = 1.900626e+00, time=2025-04-11 14:51:10 
jj1 = 652, max_th = 2.352143e+00, time=2025-04-11 14:55:42 
jj1 = 613, max_th = 2.242114e+00, time=2025-04-11 14:55:49 
jj1 = 735, max_th = 1.826303e+00, time=2025-04-11 14:56:20 
jj1 = 868, max_th = 2.788562e+00, time=2025-04-11 14:58:10 
jj1 = 629, max_th = 2.002675e+00, time=2025-04-11 14:59:04 
jj1 = 721, max_th = 2.192426e+00, time=2025-04-11 14:59:23 
jj1 = 530, max_th = 2.278996e+00, time=2025-04-11 14:59:44 
jj1 = 689, max_th = 2.540367e+00, time=2025-04-11 15:02:17 
jj1 = 720, max_th = 9.746155e-01, time=2025-04-11 15:04:47 
jj1 = 612, max_th = 1.063157e+00, time=2025-04-11 15:06:03 
jj1 = 784, max_th = 1.614104e+00, time=2025-04-11 15:06:15 
jj1 = 783, max_th = 3.367139e+00, time=2025-04-11 15:06:48 
jj1 = 770, max_th = 2.363382e+00, time=2025-04-11 15:06:48 
jj1 = 793, max_th = 2.111646e+00, time=2025-04-11 15:07:53 
jj1 = 529, max_th = 1.194966e+00, time=2025-04-11 15:08:56 
jj1 = 651, max_th = 1.493824e+00, time=2025-04-11 15:14:51 
jj1 = 867, max_th = 1.611845e+00, time=2025-04-11 15:14:54 
jj1 = 838, max_th = 1.695514e+00, time=2025-04-11 15:15:08 
jj1 = 808, max_th = 1.581219e+00, time=2025-04-11 15:15:37 
jj1 = 611, max_th = 2.512231e+00, time=2025-04-11 15:19:41 
jj1 = 782, max_th = 2.399257e+00, time=2025-04-11 15:20:00 
jj1 = 781, max_th = 3.090096e+00, time=2025-04-11 15:21:52 
jj1 = 734, max_th = 1.630132e+00, time=2025-04-11 15:25:31 
jj1 = 828, max_th = 1.644475e+00, time=2025-04-11 15:26:20 
jj1 = 792, max_th = 1.569686e+00, time=2025-04-11 15:28:30 
jj1 = 719, max_th = 2.470962e+00, time=2025-04-11 15:28:55 
jj1 = 818, max_th = 2.263509e+00, time=2025-04-11 15:34:44 
jj1 = 791, max_th = 1.395288e+00, time=2025-04-11 15:35:53 
jj1 = 790, max_th = -5.492137e-02, time=2025-04-11 15:36:23 
jj1 = 866, max_th = 1.762707e+00, time=2025-04-11 15:36:41 
jj1 = 733, max_th = 2.640459e+00, time=2025-04-11 15:38:14 
jj1 = 769, max_th = 2.181729e+00, time=2025-04-11 15:39:02 
jj1 = 837, max_th = 1.684658e+00, time=2025-04-11 15:40:08 
jj1 = 780, max_th = 1.988678e+00, time=2025-04-11 15:41:07 
jj1 = 807, max_th = 2.310476e+00, time=2025-04-11 15:42:16 
jj1 = 650, max_th = 1.922471e+00, time=2025-04-11 15:44:01 
jj1 = 789, max_th = 1.396626e+00, time=2025-04-11 15:45:29 
jj1 = 779, max_th = 1.052085e+00, time=2025-04-11 15:46:08 
jj1 = 718, max_th = 2.515417e+00, time=2025-04-11 15:47:07 
jj1 = 827, max_th = 2.336647e+00, time=2025-04-11 15:50:21 
jj1 = 806, max_th = 2.494790e+00, time=2025-04-11 15:51:48 
jj1 = 817, max_th = 1.662707e+00, time=2025-04-11 15:52:54 
jj1 = 610, max_th = 1.773531e+00, time=2025-04-11 15:55:15 
jj1 = 865, max_th = 2.811774e+00, time=2025-04-11 15:57:02 
jj1 = 826, max_th = 2.566373e+00, time=2025-04-11 16:01:05 
jj1 = 732, max_th = 1.942984e+00, time=2025-04-11 16:03:08 
jj1 = 898, max_th = 2.386856e+00, time=2025-04-11 16:04:49 
jj1 = 893, max_th = 1.881364e+00, time=2025-04-11 16:05:12 
jj1 = 836, max_th = 2.156320e+00, time=2025-04-11 16:06:13 
jj1 = 903, max_th = 1.572926e+00, time=2025-04-11 16:07:27 
jj1 = 649, max_th = 2.136264e+00, time=2025-04-11 16:10:44 
jj1 = 717, max_th = 2.179741e+00, time=2025-04-11 16:11:00 
jj1 = 805, max_th = 1.659832e+00, time=2025-04-11 16:11:31 
jj1 = 816, max_th = 1.636271e+00, time=2025-04-11 16:14:39 
jj1 = 864, max_th = 2.313662e+00, time=2025-04-11 16:14:55 
jj1 = 902, max_th = 1.318799e+00, time=2025-04-11 16:17:24 
jj1 = 825, max_th = 2.222995e+00, time=2025-04-11 16:17:49 
jj1 = 863, max_th = 1.095661e+00, time=2025-04-11 16:21:50 
jj1 = 835, max_th = 1.537537e+00, time=2025-04-11 16:21:59 
jj1 = 892, max_th = 1.664882e+00, time=2025-04-11 16:22:15 
jj1 = 891, max_th = 3.052166e+00, time=2025-04-11 16:25:21 
jj1 = 890, max_th = 1.978796e-03, time=2025-04-11 16:26:08 
jj1 = 609, max_th = 2.235709e+00, time=2025-04-11 16:26:46 
jj1 = 858, max_th = 6.812210e-01, time=2025-04-11 16:27:51 
jj1 = 897, max_th = 1.684095e+00, time=2025-04-11 16:28:47 
jj1 = 731, max_th = 1.979584e+00, time=2025-04-11 16:29:33 
jj1 = 889, max_th = 1.082667e+00, time=2025-04-11 16:31:35 
jj1 = 815, max_th = 2.048433e+00, time=2025-04-11 16:35:28 
jj1 = 716, max_th = 2.135218e+00, time=2025-04-11 16:36:48 
jj1 = 901, max_th = 2.107150e+00, time=2025-04-11 16:37:21 
jj1 = 848, max_th = 1.709455e+00, time=2025-04-11 16:37:23 
jj1 = 804, max_th = 1.913213e+00, time=2025-04-11 16:38:35 
jj1 = 715, max_th = 2.878229e+00, time=2025-04-11 16:40:08 
jj1 = 834, max_th = 1.941086e+00, time=2025-04-11 16:40:59 
jj1 = 824, max_th = 2.122789e+00, time=2025-04-11 16:41:07 
jj1 = 862, max_th = 2.328263e+00, time=2025-04-11 16:41:48 
jj1 = 933, max_th = 1.430024e+00, time=2025-04-11 16:43:10 
jj1 = 896, max_th = 1.556615e+00, time=2025-04-11 16:43:48 
jj1 = 823, max_th = 6.965443e-01, time=2025-04-11 16:47:14 
jj1 = 857, max_th = 2.301623e+00, time=2025-04-11 16:48:59 
jj1 = 730, max_th = 1.804548e+00, time=2025-04-11 16:49:06 
jj1 = 833, max_th = 1.459433e+00, time=2025-04-11 16:53:45 
jj1 = 861, max_th = 1.374336e+00, time=2025-04-11 16:54:01 
jj1 = 932, max_th = 2.297564e+00, time=2025-04-11 16:56:22 
jj1 = 814, max_th = 2.004987e+00, time=2025-04-11 16:56:30 
jj1 = 900, max_th = 1.734703e+00, time=2025-04-11 16:57:10 
jj1 = 803, max_th = 2.066323e+00, time=2025-04-11 16:58:47 
jj1 = 714, max_th = 1.945572e+00, time=2025-04-11 17:01:20 
jj1 = 847, max_th = 1.887618e+00, time=2025-04-11 17:03:16 
jj1 = 729, max_th = 2.485605e+00, time=2025-04-11 17:05:19 
jj1 = 832, max_th = 2.200382e+00, time=2025-04-11 17:05:34 
jj1 = 856, max_th = 1.729708e+00, time=2025-04-11 17:06:58 
jj1 = 931, max_th = 1.460964e+00, time=2025-04-11 17:08:43 
jj1 = 899, max_th = 2.506758e+00, time=2025-04-11 17:10:50 
jj1 = 822, max_th = 1.892987e+00, time=2025-04-11 17:11:11 
jj1 = 802, max_th = 1.343284e+00, time=2025-04-11 17:12:22 
jj1 = 860, max_th = 2.137459e+00, time=2025-04-11 17:13:08 
jj1 = 895, max_th = 2.338305e+00, time=2025-04-11 17:14:08 
jj1 = 846, max_th = 2.053344e+00, time=2025-04-11 17:19:03 
jj1 = 813, max_th = 2.270917e+00, time=2025-04-11 17:20:32 
jj1 = 821, max_th = 1.412191e+00, time=2025-04-11 17:22:22 
jj1 = 894, max_th = 1.408238e+00, time=2025-04-11 17:22:34 
jj1 = 855, max_th = 2.242456e+00, time=2025-04-11 17:24:23 
jj1 = 713, max_th = 2.131149e+00, time=2025-04-11 17:24:31 
jj1 = 930, max_th = 1.914301e+00, time=2025-04-11 17:24:47 
jj1 = 831, max_th = 1.161985e+00, time=2025-04-11 17:24:59 
jj1 = 943, max_th = 1.815410e+00, time=2025-04-11 17:26:52 
jj1 = 942, max_th = -2.543690e-01, time=2025-04-11 17:26:56 
jj1 = 712, max_th = 1.094167e+00, time=2025-04-11 17:29:49 
jj1 = 929, max_th = 1.206299e+00, time=2025-04-11 17:29:57 
jj1 = 859, max_th = 2.162750e+00, time=2025-04-11 17:32:00 
jj1 = 801, max_th = 2.125147e+00, time=2025-04-11 17:34:32 
jj1 = 845, max_th = 1.646192e+00, time=2025-04-11 17:34:44 
jj1 = 812, max_th = 1.631775e+00, time=2025-04-11 17:38:24 
jj1 = 830, max_th = 1.846486e+00, time=2025-04-11 17:38:35 
jj1 = 938, max_th = 2.362383e+00, time=2025-04-11 17:39:38 
jj1 = 941, max_th = 1.521818e+00, time=2025-04-11 17:42:39 
jj1 = 854, max_th = 2.242960e+00, time=2025-04-11 17:42:51 
jj1 = 878, max_th = 2.126882e+00, time=2025-04-11 17:43:59 
jj1 = 956, max_th = 2.339693e+00, time=2025-04-11 17:44:25 
jj1 = 829, max_th = 2.531777e+00, time=2025-04-11 17:46:02 
jj1 = 908, max_th = 1.740669e+00, time=2025-04-11 17:46:02 
jj1 = 844, max_th = 1.406726e+00, time=2025-04-11 17:48:24 
jj1 = 820, max_th = 1.918055e+00, time=2025-04-11 17:50:07 
jj1 = 800, max_th = 2.052676e+00, time=2025-04-11 17:50:58 
jj1 = 811, max_th = 1.859901e+00, time=2025-04-11 17:54:22 
jj1 = 937, max_th = 1.626175e+00, time=2025-04-11 17:57:56 
jj1 = 907, max_th = 2.151124e+00, time=2025-04-11 17:58:00 
jj1 = 877, max_th = 1.944786e+00, time=2025-04-11 17:58:24 
jj1 = 810, max_th = 1.054060e+00, time=2025-04-11 17:58:58 
jj1 = 940, max_th = 2.054660e+00, time=2025-04-11 18:00:55 
jj1 = 906, max_th = 2.949132e+00, time=2025-04-11 18:01:59 
jj1 = 853, max_th = 2.185338e+00, time=2025-04-11 18:02:04 
jj1 = 955, max_th = 2.282226e+00, time=2025-04-11 18:02:51 
jj1 = 918, max_th = 1.797885e+00, time=2025-04-11 18:03:17 
jj1 = 711, max_th = 2.122917e+00, time=2025-04-11 18:03:44 
jj1 = 819, max_th = 1.888371e+00, time=2025-04-11 18:08:25 
jj1 = 905, max_th = 1.111445e+00, time=2025-04-11 18:08:56 
jj1 = 936, max_th = 1.542638e+00, time=2025-04-11 18:09:07 
jj1 = 799, max_th = 2.158417e+00, time=2025-04-11 18:09:44 
jj1 = 843, max_th = 1.978227e+00, time=2025-04-11 18:10:50 
jj1 = 876, max_th = 2.474304e+00, time=2025-04-11 18:11:21 
jj1 = 954, max_th = 1.212135e+00, time=2025-04-11 18:11:59 
jj1 = 923, max_th = 2.608871e+00, time=2025-04-11 18:15:42 
jj1 = 809, max_th = 2.088998e+00, time=2025-04-11 18:16:21 
jj1 = 935, max_th = 1.112948e+00, time=2025-04-11 18:16:45 
jj1 = 852, max_th = 1.754169e+00, time=2025-04-11 18:19:10 
jj1 = 904, max_th = 1.459855e+00, time=2025-04-11 18:19:59 
jj1 = 939, max_th = 1.605038e+00, time=2025-04-11 18:20:11 
jj1 = 976, max_th = 4.150445e-01, time=2025-04-11 18:20:12 
jj1 = 917, max_th = 2.242075e+00, time=2025-04-11 18:23:19 
jj1 = 842, max_th = 2.003194e+00, time=2025-04-11 18:23:23 
jj1 = 922, max_th = 2.621766e+00, time=2025-04-11 18:25:31 
jj1 = 710, max_th = 1.831826e+00, time=2025-04-11 18:25:58 
jj1 = 875, max_th = 2.263932e+00, time=2025-04-11 18:27:08 
jj1 = 913, max_th = 1.786524e+00, time=2025-04-11 18:28:26 
jj1 = 953, max_th = 1.898261e+00, time=2025-04-11 18:28:55 
jj1 = 975, max_th = 1.391312e+00, time=2025-04-11 18:32:03 
jj1 = 928, max_th = 1.528341e+00, time=2025-04-11 18:32:06 
jj1 = 841, max_th = 1.670524e+00, time=2025-04-11 18:33:37 
jj1 = 916, max_th = 2.568648e+00, time=2025-04-11 18:34:28 
jj1 = 964, max_th = 1.772468e+00, time=2025-04-11 18:35:01 
jj1 = 934, max_th = 1.977750e+00, time=2025-04-11 18:35:50 
jj1 = 851, max_th = 2.107069e+00, time=2025-04-11 18:36:05 
jj1 = 921, max_th = 1.884335e+00, time=2025-04-11 18:39:19 
jj1 = 874, max_th = 2.398192e+00, time=2025-04-11 18:39:51 
jj1 = 974, max_th = 2.796514e+00, time=2025-04-11 18:40:00 
jj1 = 709, max_th = 1.698336e+00, time=2025-04-11 18:41:06 
jj1 = 968, max_th = 1.411266e+00, time=2025-04-11 18:44:53 
jj1 = 972, max_th = 1.530442e+00, time=2025-04-11 18:46:00 
jj1 = 840, max_th = 2.360091e+00, time=2025-04-11 18:47:02 
jj1 = 920, max_th = 2.430130e+00, time=2025-04-11 18:47:32 
jj1 = 915, max_th = 2.423037e+00, time=2025-04-11 18:48:02 
jj1 = 912, max_th = 1.885361e+00, time=2025-04-11 18:51:39 
jj1 = 971, max_th = 9.064080e-01, time=2025-04-11 18:51:47 
jj1 = 973, max_th = 2.116279e+00, time=2025-04-11 18:53:57 
jj1 = 963, max_th = 1.744106e+00, time=2025-04-11 18:54:44 
jj1 = 919, max_th = 2.287396e+00, time=2025-04-11 18:59:05 
jj1 = 927, max_th = 2.235499e+00, time=2025-04-11 18:59:48 
jj1 = 967, max_th = 1.793444e+00, time=2025-04-11 19:01:17 
jj1 = 962, max_th = 3.040068e+00, time=2025-04-11 19:01:32 
jj1 = 888, max_th = 1.832010e+00, time=2025-04-11 19:01:36 
jj1 = 850, max_th = 1.964666e+00, time=2025-04-11 19:01:44 
jj1 = 996, max_th = 2.492893e+00, time=2025-04-11 19:03:52 
jj1 = 873, max_th = 2.437737e+00, time=2025-04-11 19:06:10 
jj1 = 970, max_th = 2.406577e+00, time=2025-04-11 19:07:01 
jj1 = 911, max_th = 2.258485e+00, time=2025-04-11 19:08:30 
jj1 = 914, max_th = 1.917283e+00, time=2025-04-11 19:09:46 
jj1 = 839, max_th = 2.186880e+00, time=2025-04-11 19:10:30 
jj1 = 966, max_th = 2.316606e+00, time=2025-04-11 19:11:52 
jj1 = 984, max_th = 1.589856e+00, time=2025-04-11 19:11:56 
jj1 = 995, max_th = 2.187057e+00, time=2025-04-11 19:14:12 
jj1 = 965, max_th = 2.953009e+00, time=2025-04-11 19:14:20 
jj1 = 961, max_th = 1.656093e+00, time=2025-04-11 19:16:56 
jj1 = 994, max_th = 2.773977e+00, time=2025-04-11 19:17:51 
jj1 = 887, max_th = 1.874951e+00, time=2025-04-11 19:19:05 
jj1 = 872, max_th = 1.433915e+00, time=2025-04-11 19:19:08 
jj1 = 926, max_th = 1.669004e+00, time=2025-04-11 19:19:55 
jj1 = 983, max_th = 1.799226e-01, time=2025-04-11 19:19:57 
jj1 = 997, max_th = 2.875195e+00, time=2025-04-11 19:20:28 
jj1 = 886, max_th = 2.871494e+00, time=2025-04-11 19:24:13 
jj1 = 993, max_th = 1.799409e+00, time=2025-04-11 19:25:03 
jj1 = 969, max_th = 1.668028e+00, time=2025-04-11 19:26:30 
jj1 = 849, max_th = 1.919671e+00, time=2025-04-11 19:26:51 
jj1 = 948, max_th = 2.233295e+00, time=2025-04-11 19:27:58 
jj1 = 999, max_th = 1.890795e+00, time=2025-04-11 19:28:29 
jj1 = 910, max_th = 2.259766e+00, time=2025-04-11 19:28:40 
jj1 = 952, max_th = 1.189059e+00, time=2025-04-11 19:29:02 
jj1 = 980, max_th = 2.208287e+00, time=2025-04-11 19:31:19 
jj1 = 982, max_th = 2.390452e+00, time=2025-04-11 19:32:54 
jj1 = 871, max_th = 2.146137e+00, time=2025-04-11 19:33:25 
jj1 = 951, max_th = 2.455901e+00, time=2025-04-11 19:35:42 
jj1 = 947, max_th = 1.395471e+00, time=2025-04-11 19:36:29 
jj1 = 925, max_th = 2.094213e+00, time=2025-04-11 19:36:32 
jj1 = 885, max_th = 2.225595e+00, time=2025-04-11 19:36:47 
jj1 = 981, max_th = 2.766930e+00, time=2025-04-11 19:37:13 
jj1 = 884, max_th = 9.511526e-01, time=2025-04-11 19:38:13 
jj1 = 950, max_th = 2.889119e+00, time=2025-04-11 19:38:18 
jj1 = 998, max_th = 1.767761e+00, time=2025-04-11 19:39:17 
jj1 = 870, max_th = 2.791824e+00, time=2025-04-11 19:39:36 
jj1 = 909, max_th = 1.622304e+00, time=2025-04-11 19:39:56 
jj1 = 883, max_th = 1.281038e+00, time=2025-04-11 19:40:03 
jj1 = 882, max_th = 6.667114e-01, time=2025-04-11 19:41:26 
jj1 = 946, max_th = 1.845252e+00, time=2025-04-11 19:43:11 
jj1 = 979, max_th = 1.713265e+00, time=2025-04-11 19:43:47 
jj1 = 924, max_th = 1.859540e+00, time=2025-04-11 19:45:40 
jj1 = 988, max_th = 1.415910e+00, time=2025-04-11 19:47:23 
jj1 = 869, max_th = 2.121465e+00, time=2025-04-11 19:47:39 
jj1 = 881, max_th = 2.475470e+00, time=2025-04-11 19:48:08 
jj1 = 978, max_th = 1.378303e+00, time=2025-04-11 19:49:19 
jj1 = 949, max_th = 1.822826e+00, time=2025-04-11 19:49:37 
jj1 = 960, max_th = 1.261539e+00, time=2025-04-11 19:50:53 
jj1 = 945, max_th = 2.085009e+00, time=2025-04-11 19:51:38 
jj1 = 987, max_th = 1.952041e+00, time=2025-04-11 19:55:11 
jj1 = 992, max_th = 2.027882e+00, time=2025-04-11 19:55:13 
jj1 = 944, max_th = 2.410935e+00, time=2025-04-11 19:56:59 
jj1 = 880, max_th = 2.164883e+00, time=2025-04-11 19:57:56 
jj1 = 959, max_th = 2.116511e+00, time=2025-04-11 19:59:13 
jj1 = 977, max_th = 1.884359e+00, time=2025-04-11 19:59:19 
jj1 = 986, max_th = 2.443287e+00, time=2025-04-11 20:00:05 
jj1 = 991, max_th = 2.621801e+00, time=2025-04-11 20:00:25 
jj1 = 958, max_th = 2.140145e+00, time=2025-04-11 20:03:20 
jj1 = 990, max_th = 2.152127e+00, time=2025-04-11 20:05:16 
jj1 = 985, max_th = 2.178838e+00, time=2025-04-11 20:05:42 
jj1 = 879, max_th = 1.931384e+00, time=2025-04-11 20:06:05 
jj1 = 989, max_th = 1.894098e+00, time=2025-04-11 20:11:43 
jj1 = 957, max_th = 1.963284e+00, time=2025-04-11 20:11:46 
jj1 = 1000, max_th = 1.932918e+00, time=2025-04-11 20:13:02 
>> >> >> >> >> >> >> >> >> 