MATLAB is selecting SOFTWARE OPENGL rendering.

                            < M A T L A B (R) >
                  Copyright 1984-2021 The MathWorks, Inc.
                  R2021b (9.11.0.1769968) 64-bit (glnxa64)
                             September 17, 2021

 
To get started, type doc.
For product information, visit www.mathworks.com.
 
>> >> >> >> >> >> >> >> >> >> >> >> >> >> >> >> >> >> >> Starting parallel pool (parpool) using the 'local' profile ...
[Warning: A task was unexpectedly found in state: Unavailable.] 
[> In parallel.cluster.Local/deriveJobStateFromTasks (line 29)
In parallel.cluster/Local/getJobState (line 174)
In parallel.cluster/CJSCluster/hGetJobState (line 375)
In parallel.internal.cluster/CJSJobMixin/hGetStateEnum (line 175)
In parallel/Job/get.StateEnum (line 247)
In parallel/Job/get.State (line 239)
In parallel.internal.customattr.CustomGetSet>iVectorisedGetHelper (line 128)
In parallel.internal.customattr.CustomGetSet>@(a,b,c)iVectorisedGetHelper(obj,a,b,c) (line 102)
In parallel.internal.customattr/CustomGetSet/doVectorisedGet (line 103)
In parallel.internal.customattr/CustomGetSet/hVectorisedGet (line 76)
In parallel.internal.customattr.GetSetImpl>iAccessProperties (line 322)
In parallel.internal.customattr.GetSetImpl>iGetAllPropertiesVec (line 264)
In parallel.internal.customattr/GetSetImpl/getImpl (line 133)
In parallel.internal.customattr.CustomGetSet>iHetFunGetFunction (line 154)
In parallel.internal.customattr.CustomGetSet>@(o)iHetFunGetFunction(o,props) (line 139)
In parallel.internal.cluster.hetfun (line 46)
In parallel.internal.customattr.CustomGetSet>iHetFunGetProperty (line 139)
In parallel.internal.customattr/CustomGetSet/get (line 38)
In parallel.internal.pool/AbstractInteractiveClient/pRemoveOldJobs (line 211)
In parallel.internal.pool/AbstractInteractiveClient/start (line 103)
In parallel.internal.pool.AbstractClusterPool>iStartClient (line 831)
In parallel.internal.pool/AbstractClusterPool/hBuildPool (line 585)
In parallel.internal.pool.doParpool (line 22)
In parpool (line 123)
In parallel.internal.parpool.getOrCreateCurrentPool (line 17)
In parallel.internal.pool/PoolArrayManager/getOrAutoCreateWithCleanup (line 44)
In pctTryCreatePoolIfNecessary (line 28)
In parallel_function (line 423)
In fn_measure (line 41)] 
Connected to the parallel pool (number of workers: 12).
Error of vP is 5.749324e-08 
Error of vP is 5.768779e-08 
Error of vP is 6.024835e-08 
Error of vP is 5.311415e-08 
Error of vP is 5.584695e-08 
Error of vP is 7.010828e-08 
Error of vP is 1.531391e-07 
Error of vP is 2.128578e-07 
Error of vP is 1.355348e-07 
Error of vP is 8.241239e-08 
Error of vP is 7.283736e-08 
Error of vP is 5.254837e-08 
Error of vP is 5.072550e-08 
Error of vP is 5.585145e-08 
Error of vP is 1.095106e-07 
Error of vP is 1.020592e-07 
Error of vP is 1.172106e-07 
Error of vP is 7.165946e-08 
Error of vP is 5.511389e-08 
Error of vP is 8.983618e-08 
Error of vP is 6.101437e-08 
Error of vP is 8.935156e-08 
Error of vP is 8.094433e-08 
Error of vP is 9.314310e-08 
Error of vP is 9.237869e-08 
Error of vP is 5.189868e-08 
Error of vP is 5.397850e-08 
Error of vP is 1.320099e-07 
Error of vP is 5.194783e-08 
Error of vP is 5.593769e-08 
Error of vP is 5.887514e-08 
Error of vP is 5.669452e-08 
Error of vP is 5.360277e-08 
Error of vP is 5.711387e-08 
Error of vP is 6.585612e-08 
Error of vP is 5.580527e-08 
Error of vP is 5.609640e-08 
Error of vP is 7.487268e-08 
Error of vP is 7.666087e-08 
Error of vP is 7.285714e-08 
Error of vP is 8.444968e-08 
Error of vP is 7.549474e-08 
Error of vP is 5.517186e-08 
Error of vP is 9.758011e-08 
Error of vP is 8.540719e-08 
Error of vP is 5.317196e-08 
Error of vP is 8.581249e-08 
Error of vP is 1.139277e-07 
Error of vP is 8.432901e-08 
Error of vP is 8.562188e-08 
Error of vP is 1.030277e-07 
Error of vP is 1.614130e-07 
Error of vP is 6.785367e-08 
Error of vP is 7.559655e-08 
Error of vP is 1.597761e-07 
Error of vP is 1.072802e-07 
Error of vP is 6.647581e-08 
Error of vP is 7.211930e-08 
Error of vP is 7.942399e-08 
Error of vP is 1.237491e-07 
Error of vP is 1.467946e-07 
Error of vP is 6.697966e-08 
Error of vP is 1.897868e-07 
Error of vP is 8.411974e-08 
Error of vP is 6.441720e-08 
Error of vP is 5.507196e-08 
Error of vP is 8.046662e-08 
Error of vP is 5.476151e-08 
Error of vP is 5.369203e-08 
Error of vP is 8.700720e-08 
Error of vP is 5.017657e-08 
Error of vP is 5.169565e-08 
Error of vP is 8.670335e-08 
Error of vP is 7.506791e-08 
Error of vP is 8.680429e-08 
Error of vP is 7.453535e-08 
Error of vP is 6.152824e-08 
Error of vP is 6.730891e-08 
Error of vP is 7.528204e-08 
Error of vP is 7.845325e-08 
Error of vP is 1.192638e-07 
Error of vP is 1.004897e-07 
Error of vP is 1.247683e-07 
Error of vP is 9.926845e-08 
Error of vP is 6.542539e-08 
Error of vP is 6.344434e-08 
Error of vP is 9.189128e-08 
Error of vP is 6.718202e-08 
Error of vP is 1.138165e-07 
Error of vP is 6.293632e-08 
Error of vP is 1.104248e-07 
Error of vP is 5.871974e-08 
Error of vP is 7.185073e-08 
Error of vP is 6.499498e-08 
Error of vP is 1.000660e-07 
Error of vP is 9.275643e-08 
Error of vP is 1.444241e-07 
Error of vP is 1.288298e-07 
Error of vP is 1.205080e-07 
Error of vP is 4.558080e-07 
Error of vP is 2.173606e-07 
Error of vP is 2.888673e-07 
Error of vP is 1.308376e-07 
Error of vP is 1.427161e-07 
Error of vP is 9.643701e-08 
Error of vP is 7.233915e-08 
Error of vP is 1.409223e-07 
Error of vP is 3.353554e-07 
Error of vP is 1.182102e-07 
Error of vP is 2.832617e-07 
Error of vP is 1.808325e-07 
Error of vP is 2.524454e-07 
Error of vP is 2.348114e-07 
Error of vP is 1.872566e-07 
Error of vP is 1.094502e-07 
Error of vP is 2.404856e-07 
Error of vP is 1.138638e-07 
Error of vP is 3.457248e-07 
Error of vP is 3.006718e-07 
Error of vP is 3.428334e-07 
Error of vP is 7.146752e-08 
Error of vP is 3.190097e-07 
Error of vP is 2.187854e-07 
Error of vP is 7.637259e-08 
Error of vP is 5.592512e-08 
Error of vP is 1.126665e-07 
Error of vP is 9.442727e-08 
Error of vP is 1.194313e-07 
Error of vP is 7.180264e-08 
Error of vP is 6.490894e-08 
Error of vP is 7.418954e-08 
Error of vP is 1.917540e-07 
Error of vP is 5.325176e-08 
Error of vP is 1.062656e-07 
Error of vP is 1.384426e-07 
Error of vP is 1.020939e-07 
Error of vP is 1.017405e-07 
Error of vP is 1.778899e-07 
Error of vP is 1.560317e-07 
Error of vP is 6.332658e-08 
Error of vP is 1.795440e-07 
Error of vP is 1.091511e-07 
Error of vP is 7.595318e-08 
Error of vP is 8.386879e-08 
Error of vP is 8.918534e-08 
Error of vP is 1.473491e-07 
Error of vP is 6.831449e-08 
Error of vP is 8.535400e-08 
Error of vP is 2.107988e-07 
Error of vP is 6.457631e-08 
Error of vP is 5.142832e-08 
Error of vP is 2.185852e-07 
Error of vP is 1.178382e-07 
Error of vP is 6.099077e-08 
Error of vP is 1.013431e-07 
Error of vP is 1.233526e-07 
Error of vP is 6.243796e-08 
Error of vP is 1.955786e-07 
Error of vP is 9.354678e-08 
Error of vP is 5.491842e-08 
Error of vP is 5.115107e-08 
Error of vP is 5.206335e-08 
Error of vP is 6.311801e-08 
Error of vP is 5.282762e-08 
Error of vP is 5.622381e-08 
Error of vP is 6.797471e-08 
Error of vP is 7.033582e-08 
Error of vP is 9.299349e-08 
Error of vP is 7.498221e-08 
Error of vP is 6.009418e-08 
Error of vP is 8.333969e-08 
Error of vP is 5.130913e-08 
Error of vP is 8.279897e-08 
Error of vP is 1.851355e-07 
Error of vP is 9.842529e-08 
Error of vP is 8.369325e-08 
Error of vP is 5.364003e-08 
Error of vP is 9.147157e-08 
Error of vP is 7.303434e-08 
Error of vP is 9.341413e-08 
Error of vP is 5.618706e-08 
Error of vP is 5.846897e-08 
Error of vP is 5.169961e-08 
Error of vP is 6.688685e-08 
Error of vP is 7.514957e-08 
Error of vP is 1.197650e-07 
Error of vP is 5.779870e-08 
Error of vP is 7.982431e-08 
Error of vP is 1.166187e-07 
Error of vP is 6.746723e-08 
Error of vP is 5.510654e-08 
Error of vP is 5.526346e-08 
Error of vP is 5.574324e-08 
Error of vP is 6.140018e-08 
Error of vP is 8.584473e-08 
Error of vP is 1.041493e-07 
Error of vP is 8.626717e-08 
Error of vP is 7.138927e-08 
Error of vP is 1.194710e-07 
Error of vP is 1.343153e-07 
Error of vP is 6.886362e-08 
Error of vP is 6.579380e-08 
Error of vP is 9.845105e-08 
Error of vP is 6.207482e-08 
Error of vP is 9.040419e-08 
Error of vP is 8.077070e-08 
Error of vP is 2.066198e-07 
Error of vP is 1.164350e-07 
Error of vP is 9.986349e-08 
Error of vP is 1.667566e-07 
Error of vP is 2.477045e-07 
Error of vP is 7.775823e-08 
Error of vP is 5.161857e-08 
Error of vP is 1.845793e-07 
Error of vP is 1.083688e-07 
Error of vP is 9.393978e-08 
Error of vP is 9.035913e-08 
Error of vP is 1.061956e-07 
Error of vP is 2.104049e-07 
Error of vP is 1.623106e-07 
Error of vP is 9.986966e-08 
Error of vP is 8.120801e-08 
Error of vP is 5.540917e-08 
Error of vP is 1.306093e-07 
Error of vP is 1.026137e-07 
Error of vP is 1.966934e-07 
Error of vP is 3.121223e-07 
Error of vP is 1.305386e-07 
Error of vP is 1.398914e-07 
Error of vP is 1.394153e-07 
Error of vP is 1.168804e-07 
Error of vP is 2.957082e-07 
Error of vP is 3.845771e-07 
Error of vP is 2.324637e-07 
Error of vP is 3.294660e-07 
Error of vP is 7.117597e-08 
Error of vP is 3.038539e-07 
Error of vP is 1.144762e-07 
Error of vP is 5.293612e-08 
Error of vP is 5.904238e-08 
Error of vP is 7.062232e-08 
Error of vP is 5.530622e-08 
Error of vP is 2.755139e-07 
Error of vP is 1.065020e-07 
Error of vP is 1.075286e-07 
Error of vP is 8.965735e-08 
Error of vP is 7.377317e-08 
Error of vP is 2.949274e-07 
Error of vP is 8.490720e-08 
Error of vP is 2.018381e-07 
Error of vP is 1.015371e-07 
Error of vP is 9.460837e-08 
Error of vP is 1.756269e-07 
Error of vP is 9.938306e-08 
Error of vP is 1.096385e-07 
Error of vP is 2.389427e-07 
Error of vP is 2.479991e-07 
Error of vP is 4.738561e-07 
Error of vP is 1.820548e-07 
Error of vP is 3.387047e-07 
Error of vP is 6.798982e-08 
Error of vP is 5.609291e-08 
Error of vP is 9.716041e-08 
Error of vP is 5.184890e-08 
Error of vP is 5.583993e-08 
Error of vP is 6.076197e-08 
Error of vP is 6.271188e-08 
Error of vP is 5.025609e-08 
Error of vP is 5.206685e-08 
Error of vP is 6.090023e-08 
Error of vP is 7.456046e-08 
Error of vP is 6.012090e-08 
Error of vP is 6.614183e-08 
Error of vP is 5.127651e-08 
Error of vP is 6.714646e-08 
Error of vP is 8.251989e-08 
Error of vP is 5.789847e-08 
Error of vP is 5.534918e-08 
Error of vP is 8.607470e-08 
Error of vP is 5.259816e-08 
Error of vP is 5.083050e-08 
Error of vP is 5.954664e-08 
Error of vP is 5.843192e-08 
Error of vP is 1.047327e-07 
Error of vP is 7.089218e-08 
Error of vP is 5.252893e-08 
Error of vP is 5.925518e-08 
Error of vP is 7.888156e-08 
Error of vP is 6.496939e-08 
Error of vP is 5.554042e-08 
Error of vP is 6.910239e-08 
Error of vP is 8.773098e-08 
Error of vP is 5.803802e-08 
Error of vP is 6.347985e-08 
Error of vP is 6.102548e-08 
Error of vP is 8.587869e-08 
Error of vP is 6.169188e-08 
Error of vP is 7.024679e-08 
Error of vP is 5.751896e-08 
Error of vP is 6.734180e-08 
Error of vP is 6.432334e-08 
Error of vP is 7.609037e-08 
Error of vP is 8.129307e-08 
Error of vP is 1.991290e-07 
Error of vP is 9.133619e-08 
Error of vP is 1.017909e-07 
Error of vP is 5.510588e-08 
Error of vP is 5.930064e-08 
Error of vP is 1.086692e-07 
Error of vP is 1.064340e-07 
Error of vP is 6.006609e-08 
Error of vP is 1.008689e-07 
Error of vP is 6.327109e-08 
Error of vP is 7.522942e-08 
Error of vP is 1.563346e-07 
Error of vP is 8.687464e-08 
Error of vP is 1.794138e-07 
Error of vP is 6.961984e-08 
Error of vP is 6.200720e-08 
Error of vP is 7.225553e-08 
Error of vP is 8.341031e-08 
Error of vP is 1.254937e-07 
Error of vP is 8.240519e-08 
Error of vP is 1.271187e-07 
Error of vP is 6.245416e-08 
Error of vP is 7.486554e-08 
Error of vP is 7.008213e-08 
Error of vP is 5.936774e-08 
Error of vP is 1.695548e-07 
Error of vP is 5.480608e-08 
Error of vP is 1.386358e-07 
Error of vP is 8.771648e-08 
Error of vP is 5.559362e-08 
Error of vP is 8.182632e-08 
Error of vP is 5.542921e-08 
Error of vP is 6.773190e-08 
Error of vP is 8.385786e-08 
Error of vP is 8.072753e-08 
Error of vP is 6.746957e-08 
Error of vP is 5.404868e-08 
Error of vP is 5.380718e-08 
Error of vP is 7.669208e-08 
Error of vP is 8.548071e-08 
Error of vP is 7.269880e-08 
Error of vP is 7.466461e-08 
Error of vP is 6.427665e-08 
Error of vP is 1.394165e-07 
Error of vP is 9.183254e-08 
Error of vP is 1.912978e-07 
Error of vP is 2.121158e-07 
Error of vP is 5.403918e-08 
Error of vP is 6.229166e-07 
Error of vP is 1.031232e-07 
Error of vP is 1.949868e-07 
Error of vP is 1.172437e-07 
Error of vP is 9.242114e-08 
Error of vP is 9.324684e-08 
Error of vP is 2.432541e-07 
Error of vP is 2.009676e-07 
Error of vP is 3.096771e-07 
Error of vP is 2.416428e-07 
Error of vP is 3.359528e-07 
Error of vP is 2.525935e-07 
Error of vP is 1.751857e-07 
Error of vP is 7.075031e-07 
Error of vP is 3.317360e-07 
Error of vP is 4.969054e-07 
Error of vP is 8.357250e-07 
Error of vP is 2.017829e-07 
Error of vP is 1.024289e-07 
Error of vP is 1.139282e-07 
Error of vP is 5.999714e-08 
Error of vP is 1.933692e-07 
Error of vP is 4.927051e-07 
Error of vP is 5.102021e-07 
Error of vP is 4.186166e-07 
Error of vP is 3.609049e-07 
Error of vP is 1.758263e-07 
Error of vP is 3.499829e-07 
Error of vP is 3.891509e-07 
Error of vP is 3.455015e-07 
Error of vP is 2.330689e-07 
Error of vP is 2.292606e-07 
Error of vP is 2.530632e-07 
Error of vP is 3.231506e-07 
Error of vP is 4.625939e-07 
Error of vP is 8.179313e-07 
Error of vP is 4.250956e-07 
Error of vP is 5.623447e-07 
Error of vP is 5.995032e-07 
Error of vP is 6.165092e-07 
Error of vP is 6.248914e-07 
Error of vP is 9.330496e-07 
Error of vP is 2.335032e-07 
Error of vP is 5.650834e-07 
Error of vP is 3.094535e-07 
Error of vP is 9.319489e-08 
Error of vP is 5.957565e-07 
Error of vP is 2.965348e-07 
Error of vP is 3.452031e-07 
Error of vP is 1.645588e-07 
Error of vP is 1.460493e-07 
Error of vP is 1.532460e-07 
Error of vP is 1.452581e-07 
Error of vP is 3.303281e-07 
Error of vP is 8.058606e-08 
Error of vP is 2.715889e-07 
Error of vP is 6.155413e-07 
Error of vP is 4.225606e-07 
Error of vP is 4.861882e-07 
Error of vP is 5.717035e-07 
Error of vP is 1.036315e-06 
Error of vP is 3.405838e-07 
Error of vP is 6.091642e-07 
Error of vP is 4.271023e-07 
Error of vP is 1.481259e-07 
Error of vP is 3.454838e-07 
Error of vP is 3.109161e-07 
Error of vP is 1.696391e-07 
Error of vP is 5.872844e-07 
Error of vP is 2.364426e-07 
Error of vP is 3.715877e-07 
Error of vP is 8.055400e-07 
Error of vP is 5.254645e-07 
Error of vP is 1.796116e-07 
Error of vP is 8.768436e-08 
Error of vP is 4.312298e-07 
Error of vP is 2.709246e-07 
Error of vP is 2.636565e-07 
Error of vP is 7.755814e-07 
Error of vP is 4.441477e-07 
Error of vP is 2.302493e-07 
Error of vP is 1.193005e-06 
Error of vP is 6.421696e-08 
Error of vP is 7.230275e-07 
Error of vP is 4.170704e-07 
Error of vP is 1.345916e-07 
Error of vP is 9.961384e-07 
Error of vP is 5.355228e-07 
Error of vP is 1.656241e-06 
Error of vP is 4.734889e-07 
Error of vP is 7.780408e-07 
Error of vP is 1.208876e-07 
Error of vP is 1.743893e-07 
Error of vP is 1.890219e-06 
Error of vP is 5.552501e-07 
Error of vP is 6.472396e-07 
Error of vP is 1.969668e-07 
Error of vP is 1.361252e-06 
Error of vP is 4.478366e-07 
Error of vP is 4.018211e-07 
Error of vP is 9.989687e-07 
Error of vP is 1.890070e-06 
Error of vP is 2.891794e-07 
Error of vP is 8.273062e-08 
Error of vP is 6.246644e-08 
Error of vP is 2.586903e-06 
Error of vP is 1.287058e-06 
Error of vP is 1.110374e-06 
Error of vP is 1.578343e-06 
Error of vP is 6.451802e-07 
Error of vP is 2.155659e-07 
Error of vP is 1.020852e-07 
Error of vP is 8.709321e-07 
Error of vP is 2.186558e-07 
Error of vP is 1.892893e-07 
Error of vP is 5.147039e-08 
Error of vP is 5.117625e-08 
Error of vP is 6.512022e-08 
Error of vP is 6.367924e-08 
Error of vP is 1.972027e-07 
Error of vP is 5.075746e-08 
Error of vP is 7.036091e-08 
Error of vP is 8.599377e-08 
Error of vP is 1.142790e-07 
Error of vP is 9.225691e-08 
Error of vP is 8.467942e-08 
Error of vP is 9.341535e-08 
Error of vP is 5.490841e-08 
Error of vP is 7.682925e-08 
Error of vP is 9.237574e-08 
Error of vP is 6.988628e-08 
Error of vP is 1.849664e-07 
Error of vP is 5.862323e-08 
Error of vP is 6.581291e-08 
Error of vP is 5.303956e-08 
Error of vP is 8.262906e-08 
Error of vP is 7.297816e-08 
Error of vP is 5.023208e-08 
Error of vP is 5.518703e-08 
Error of vP is 5.780120e-08 
Error of vP is 6.125917e-08 
Error of vP is 5.265000e-08 
Error of vP is 8.786040e-08 
Error of vP is 8.322615e-08 
Error of vP is 6.994794e-08 
Error of vP is 7.416466e-08 
Error of vP is 6.213382e-08 
Error of vP is 7.186110e-08 
Error of vP is 7.594321e-08 
Error of vP is 5.368794e-08 
Error of vP is 8.853417e-08 
Error of vP is 8.295418e-08 
Error of vP is 6.517273e-08 
Error of vP is 5.653906e-08 
Error of vP is 6.829432e-08 
Error of vP is 9.553517e-08 
Error of vP is 6.477882e-08 
Error of vP is 1.110685e-07 
Error of vP is 6.562677e-08 
Error of vP is 6.848297e-08 
Error of vP is 8.620872e-08 
Error of vP is 9.726456e-08 
Error of vP is 1.070060e-07 
Error of vP is 1.167682e-07 
Error of vP is 1.952119e-07 
Error of vP is 1.415232e-07 
Error of vP is 8.624325e-08 
Error of vP is 5.417535e-08 
Error of vP is 1.081519e-07 
Error of vP is 5.349222e-08 
Error of vP is 8.283553e-08 
Error of vP is 6.434232e-08 
Error of vP is 9.188769e-08 
Error of vP is 1.086213e-07 
Error of vP is 1.138436e-07 
Error of vP is 8.175246e-08 
Error of vP is 1.997221e-07 
Error of vP is 1.087274e-07 
Error of vP is 1.944711e-07 
Error of vP is 5.126399e-08 
Error of vP is 1.122635e-07 
Error of vP is 7.726074e-08 
Error of vP is 5.725560e-08 
Error of vP is 8.597408e-08 
Error of vP is 1.128966e-07 
Error of vP is 1.267417e-07 
Error of vP is 1.007413e-07 
Error of vP is 1.911184e-07 
Error of vP is 1.386404e-07 
Error of vP is 1.302718e-07 
Error of vP is 7.928507e-08 
Error of vP is 7.345527e-08 
Error of vP is 5.086104e-08 
Error of vP is 6.439333e-08 
Error of vP is 7.879773e-08 
Error of vP is 1.360174e-07 
Error of vP is 1.185446e-07 
Error of vP is 7.255815e-08 
Error of vP is 7.894052e-08 
Error of vP is 7.172677e-08 
Error of vP is 6.304133e-08 
Error of vP is 8.327475e-08 
Error of vP is 9.728078e-08 
Error of vP is 8.136716e-08 
Error of vP is 1.851789e-07 
Error of vP is 5.942109e-08 
Error of vP is 6.650957e-08 
Error of vP is 6.585268e-08 
Error of vP is 6.918901e-08 
Error of vP is 1.032451e-07 
Error of vP is 8.327977e-08 
Error of vP is 8.187814e-08 
Error of vP is 1.044912e-07 
Error of vP is 1.771514e-07 
Error of vP is 1.181141e-07 
Error of vP is 1.041612e-07 
Error of vP is 7.447488e-08 
Error of vP is 6.210088e-08 
Error of vP is 1.428736e-07 
Error of vP is 1.556761e-07 
Error of vP is 1.483123e-07 
Error of vP is 1.825160e-07 
Error of vP is 9.615325e-08 
Error of vP is 8.771844e-08 
Error of vP is 2.344932e-07 
Error of vP is 1.009594e-07 
Error of vP is 1.273914e-07 
Error of vP is 7.523458e-08 
Error of vP is 1.080780e-07 
Error of vP is 6.051826e-08 
Error of vP is 1.936535e-07 
Error of vP is 5.183155e-08 
Error of vP is 1.178524e-07 
Error of vP is 1.605711e-07 
Error of vP is 1.215200e-07 
Error of vP is 6.777692e-08 
Error of vP is 1.576725e-07 
Error of vP is 8.463191e-08 
Error of vP is 1.376097e-07 
Error of vP is 1.244352e-07 
Error of vP is 1.659856e-07 
Error of vP is 7.023750e-08 
Error of vP is 9.933625e-08 
Error of vP is 2.748436e-07 
Error of vP is 5.795542e-08 
Error of vP is 8.677937e-08 
Error of vP is 7.841181e-08 
Error of vP is 8.793959e-08 
Error of vP is 1.022725e-07 
Error of vP is 9.351175e-08 
Error of vP is 7.610212e-08 
Error of vP is 8.305936e-08 
Error of vP is 9.700252e-08 
Error of vP is 5.872565e-08 
Error of vP is 5.737010e-08 
Error of vP is 5.603416e-08 
Error of vP is 5.094282e-08 
Error of vP is 6.041022e-08 
Error of vP is 6.987662e-08 
Error of vP is 8.971313e-08 
Error of vP is 6.899970e-08 
Error of vP is 5.022811e-08 
Error of vP is 5.363942e-08 
Error of vP is 6.366305e-08 
Error of vP is 6.407182e-08 
Error of vP is 1.111368e-07 
Error of vP is 7.889864e-08 
Error of vP is 9.754171e-08 
Error of vP is 7.545787e-08 
Error of vP is 6.046900e-08 
Error of vP is 5.649488e-08 
Error of vP is 5.100603e-08 
Error of vP is 6.334789e-08 
Error of vP is 5.526707e-08 
Error of vP is 5.315469e-08 
Error of vP is 5.600787e-08 
Error of vP is 7.583313e-08 
Error of vP is 6.943403e-08 
Error of vP is 1.318304e-07 
Error of vP is 5.371492e-08 
Error of vP is 7.602870e-08 
Error of vP is 5.860351e-08 
Error of vP is 5.703474e-08 
Error of vP is 7.358382e-08 
Error of vP is 6.131531e-08 
Error of vP is 9.569078e-08 
Error of vP is 7.360351e-08 
Error of vP is 9.512666e-08 
Error of vP is 5.147952e-08 
Error of vP is 6.291163e-08 
Error of vP is 5.931813e-08 
Error of vP is 6.244032e-08 
Error of vP is 5.109295e-08 
Error of vP is 8.982346e-08 
Error of vP is 5.504193e-08 
Error of vP is 1.003006e-07 
Error of vP is 1.139211e-07 
Error of vP is 1.945056e-07 
Error of vP is 1.345461e-07 
Error of vP is 8.432196e-08 
Error of vP is 1.156599e-07 
Error of vP is 5.969877e-08 
Error of vP is 1.001818e-07 
Error of vP is 5.094571e-08 
Error of vP is 5.132741e-08 
Error of vP is 5.007420e-08 
Error of vP is 5.708034e-08 
Error of vP is 5.528544e-08 
Error of vP is 5.714594e-08 
Error of vP is 5.530922e-08 
Error of vP is 6.742213e-08 
Error of vP is 6.000216e-08 
Error of vP is 5.166834e-08 
Error of vP is 5.970997e-08 
Error of vP is 7.207579e-08 
Error of vP is 6.338393e-08 
Error of vP is 6.781213e-08 
Error of vP is 9.170739e-08 
Error of vP is 5.181323e-08 
Error of vP is 1.397859e-07 
Error of vP is 6.680501e-08 
Error of vP is 7.548834e-08 
Error of vP is 1.030734e-07 
Error of vP is 5.444301e-08 
Error of vP is 6.481961e-08 
Error of vP is 9.367119e-08 
Error of vP is 5.910325e-08 
Error of vP is 5.541108e-08 
Error of vP is 5.772552e-08 
Error of vP is 9.303324e-08 
Error of vP is 5.209235e-08 
Error of vP is 1.441933e-07 
Error of vP is 5.888793e-08 
Error of vP is 7.588500e-08 
Error of vP is 5.478302e-08 
Error of vP is 1.264653e-07 
Error of vP is 7.945124e-08 
Error of vP is 2.047507e-07 
Error of vP is 5.822465e-08 
Error of vP is 8.840452e-08 
Error of vP is 1.316433e-07 
Error of vP is 1.980647e-07 
Error of vP is 7.089562e-08 
Error of vP is 1.060247e-07 
Error of vP is 1.637778e-07 
Error of vP is 8.126324e-08 
Error of vP is 7.733090e-08 
Error of vP is 1.221610e-07 
Error of vP is 1.099511e-07 
Error of vP is 5.908071e-08 
Error of vP is 1.077645e-07 
Error of vP is 1.082359e-07 
Error of vP is 5.912798e-08 
Error of vP is 8.691953e-08 
Error of vP is 5.141689e-08 
Error of vP is 1.058174e-07 
Error of vP is 6.928277e-08 
Error of vP is 1.842837e-07 
Error of vP is 9.680327e-08 
Error of vP is 8.714659e-08 
Error of vP is 1.475229e-07 
Error of vP is 2.627486e-07 
Error of vP is 8.804976e-08 
Error of vP is 1.324580e-07 
Error of vP is 3.524146e-07 
Error of vP is 9.030790e-08 
Error of vP is 5.098956e-08 
Error of vP is 5.336875e-08 
Error of vP is 5.989666e-08 
Error of vP is 6.779023e-08 
Error of vP is 5.409412e-08 
Error of vP is 6.401745e-08 
Error of vP is 9.722194e-08 
Error of vP is 1.320318e-07 
Error of vP is 1.971669e-07 
Error of vP is 1.767007e-07 
Error of vP is 5.583880e-08 
Error of vP is 6.271881e-08 
Error of vP is 7.315062e-08 
Error of vP is 6.360017e-08 
Error of vP is 6.239019e-08 
Error of vP is 8.365568e-08 
Error of vP is 7.667738e-08 
Error of vP is 6.944906e-08 
Error of vP is 6.125627e-08 
Error of vP is 5.026458e-08 
Error of vP is 6.367721e-08 
Error of vP is 1.020705e-07 
Error of vP is 5.131598e-08 
Error of vP is 5.626104e-08 
Error of vP is 7.104904e-08 
Error of vP is 5.392579e-08 
Error of vP is 5.184992e-08 
Error of vP is 7.464515e-08 
Error of vP is 7.543192e-08 
Error of vP is 5.201151e-08 
Error of vP is 5.986954e-08 
Error of vP is 1.214467e-07 
Error of vP is 5.891985e-08 
Error of vP is 9.389150e-08 
Error of vP is 1.027601e-07 
Error of vP is 1.116085e-07 
Error of vP is 8.990522e-08 
Error of vP is 5.146003e-08 
Error of vP is 8.273447e-08 
Error of vP is 1.069288e-07 
Error of vP is 1.110818e-07 
Error of vP is 8.432679e-08 
Error of vP is 6.128679e-08 
Error of vP is 8.073876e-08 
Error of vP is 1.097357e-07 
Error of vP is 1.117226e-07 
Error of vP is 1.969967e-07 
Error of vP is 5.060273e-08 
Error of vP is 6.862380e-08 
Error of vP is 8.870226e-08 
Error of vP is 8.357817e-08 
Error of vP is 1.042378e-07 
Error of vP is 1.218706e-07 
Error of vP is 6.656949e-08 
Error of vP is 9.346345e-08 
Error of vP is 1.000204e-07 
Error of vP is 1.014908e-07 
Error of vP is 1.022888e-07 
Error of vP is 5.796986e-08 
Error of vP is 6.555803e-08 
Error of vP is 1.539354e-07 
Error of vP is 6.882710e-08 
Error of vP is 6.813551e-08 
Error of vP is 6.664966e-08 
Error of vP is 8.962835e-08 
Error of vP is 1.137766e-07 
Error of vP is 5.920486e-08 
Error of vP is 5.219000e-08 
Error of vP is 9.229987e-08 
Error of vP is 1.168916e-07 
Error of vP is 1.232989e-07 
Error of vP is 1.001891e-07 
Error of vP is 5.729432e-08 
Error of vP is 5.906497e-08 
Error of vP is 9.517366e-08 
Error of vP is 6.488310e-08 
Error of vP is 9.956567e-08 
Error of vP is 9.448248e-08 
Error of vP is 5.568911e-08 
Error of vP is 1.956621e-07 
Error of vP is 8.210225e-08 
>> >> 
endtime =

   4.1113e+04

>> >> >> >> >> >> 