MATLAB is selecting SOFTWARE OPENGL rendering.

                            < M A T L A B (R) >
                  Copyright 1984-2021 The MathWorks, Inc.
                  R2021b (9.11.0.1769968) 64-bit (glnxa64)
                             September 17, 2021

 
To get started, type doc.
For product information, visit www.mathworks.com.
 
>> >> >> >> >> >> >> >> >> >> >> >> >> >> >> >> >> >> >> >> >> >> >> >> >> >> Starting parallel pool (parpool) using the 'local' profile ...
[Warning: A task was unexpectedly found in state: Unavailable.] 
[> In parallel.cluster.Local/deriveJobStateFromTasks (line 29)
In parallel.cluster/Local/getJobState (line 174)
In parallel.cluster/CJSCluster/hGetJobState (line 375)
In parallel.internal.cluster/CJSJobMixin/hGetStateEnum (line 175)
In parallel/Job/get.StateEnum (line 247)
In parallel/Job/get.State (line 239)
In parallel.internal.customattr.CustomGetSet>iVectorisedGetHelper (line 128)
In parallel.internal.customattr.CustomGetSet>@(a,b,c)iVectorisedGetHelper(obj,a,b,c) (line 102)
In parallel.internal.customattr/CustomGetSet/doVectorisedGet (line 103)
In parallel.internal.customattr/CustomGetSet/hVectorisedGet (line 76)
In parallel.internal.customattr.GetSetImpl>iAccessProperties (line 322)
In parallel.internal.customattr.GetSetImpl>iGetAllPropertiesVec (line 264)
In parallel.internal.customattr/GetSetImpl/getImpl (line 133)
In parallel.internal.customattr.CustomGetSet>iHetFunGetFunction (line 154)
In parallel.internal.customattr.CustomGetSet>@(o)iHetFunGetFunction(o,props) (line 139)
In parallel.internal.cluster.hetfun (line 46)
In parallel.internal.customattr.CustomGetSet>iHetFunGetProperty (line 139)
In parallel.internal.customattr/CustomGetSet/get (line 38)
In parallel.internal.pool/AbstractInteractiveClient/pRemoveOldJobs (line 211)
In parallel.internal.pool/AbstractInteractiveClient/start (line 103)
In parallel.internal.pool.AbstractClusterPool>iStartClient (line 831)
In parallel.internal.pool/AbstractClusterPool/hBuildPool (line 585)
In parallel.internal.pool.doParpool (line 22)
In parpool (line 123)
In parallel.internal.parpool.getOrCreateCurrentPool (line 17)
In parallel.internal.pool/PoolArrayManager/getOrAutoCreateWithCleanup (line 44)
In pctTryCreatePoolIfNecessary (line 28)
In parallel_function (line 423)] 
Connected to the parallel pool (number of workers: 12).
jj1 = 60, max_th = 1.013413e+00, time=2025-04-07 16:27:41 
jj1 = 40, max_th = 1.146820e+00, time=2025-04-07 16:29:01 
jj1 = 15, max_th = 2.529631e+00, time=2025-04-07 16:36:01 
jj1 = 20, max_th = 2.480112e+00, time=2025-04-07 16:36:27 
jj1 = 14, max_th = 4.880997e-01, time=2025-04-07 16:37:04 
jj1 = 55, max_th = 1.832625e+00, time=2025-04-07 16:38:52 
jj1 = 39, max_th = 3.456650e+00, time=2025-04-07 16:39:42 
jj1 = 5, max_th = 2.230048e+00, time=2025-04-07 16:43:19 
jj1 = 38, max_th = 1.549927e+00, time=2025-04-07 16:43:29 
jj1 = 59, max_th = 2.575188e+00, time=2025-04-07 16:43:32 
jj1 = 45, max_th = 2.355538e+00, time=2025-04-07 16:44:07 
jj1 = 35, max_th = 1.520857e+00, time=2025-04-07 16:44:21 
jj1 = 10, max_th = 2.078455e+00, time=2025-04-07 16:46:28 
jj1 = 30, max_th = 2.015352e+00, time=2025-04-07 16:47:12 
jj1 = 44, max_th = 1.097197e+00, time=2025-04-07 16:49:34 
jj1 = 4, max_th = 2.811972e+00, time=2025-04-07 16:51:12 
jj1 = 25, max_th = 1.938187e+00, time=2025-04-07 16:51:56 
jj1 = 50, max_th = 1.828850e+00, time=2025-04-07 16:52:28 
jj1 = 34, max_th = 2.605721e+00, time=2025-04-07 16:55:16 
jj1 = 29, max_th = 2.705327e+00, time=2025-04-07 16:56:25 
jj1 = 43, max_th = 1.136152e+00, time=2025-04-07 16:58:58 
jj1 = 9, max_th = 2.455921e+00, time=2025-04-07 17:01:34 
jj1 = 54, max_th = 2.219999e+00, time=2025-04-07 17:02:23 
jj1 = 58, max_th = 1.852790e+00, time=2025-04-07 17:02:49 
jj1 = 13, max_th = 1.669246e+00, time=2025-04-07 17:02:57 
jj1 = 37, max_th = 1.916977e+00, time=2025-04-07 17:05:13 
jj1 = 53, max_th = 2.906099e+00, time=2025-04-07 17:06:01 
jj1 = 57, max_th = 8.392777e-01, time=2025-04-07 17:07:54 
jj1 = 24, max_th = 1.721603e+00, time=2025-04-07 17:11:57 
jj1 = 49, max_th = 2.321433e+00, time=2025-04-07 17:14:21 
jj1 = 3, max_th = 1.983160e+00, time=2025-04-07 17:15:51 
jj1 = 8, max_th = 2.346584e+00, time=2025-04-07 17:16:32 
jj1 = 33, max_th = 2.233917e+00, time=2025-04-07 17:17:28 
jj1 = 52, max_th = 1.448259e+00, time=2025-04-07 17:18:30 
jj1 = 12, max_th = 2.483357e+00, time=2025-04-07 17:18:45 
jj1 = 19, max_th = 1.738897e+00, time=2025-04-07 17:18:57 
jj1 = 56, max_th = 1.127216e+00, time=2025-04-07 17:18:58 
jj1 = 28, max_th = 2.068250e+00, time=2025-04-07 17:19:05 
jj1 = 42, max_th = 1.769605e+00, time=2025-04-07 17:21:02 
jj1 = 36, max_th = 1.991143e+00, time=2025-04-07 17:26:59 
jj1 = 23, max_th = 1.313683e+00, time=2025-04-07 17:27:57 
jj1 = 48, max_th = 2.625349e+00, time=2025-04-07 17:31:18 
jj1 = 2, max_th = 2.454038e+00, time=2025-04-07 17:31:35 
jj1 = 528, max_th = 1.468484e+00, time=2025-04-07 17:32:39 
jj1 = 27, max_th = 1.632908e+00, time=2025-04-07 17:37:39 
jj1 = 18, max_th = 1.705667e+00, time=2025-04-07 17:39:06 
jj1 = 41, max_th = 2.196993e+00, time=2025-04-07 17:39:14 
jj1 = 1, max_th = 1.111622e+00, time=2025-04-07 17:39:21 
jj1 = 32, max_th = 1.583968e+00, time=2025-04-07 17:39:45 
jj1 = 47, max_th = 2.526021e+00, time=2025-04-07 17:40:18 
jj1 = 99, max_th = 3.114597e+00, time=2025-04-07 17:41:27 
jj1 = 7, max_th = 2.029885e+00, time=2025-04-07 17:41:54 
jj1 = 22, max_th = 1.279093e+00, time=2025-04-07 17:45:20 
jj1 = 411, max_th = 2.801377e+00, time=2025-04-07 17:46:30 
jj1 = 372, max_th = 2.222072e+00, time=2025-04-07 17:47:55 
jj1 = 17, max_th = 2.600494e+00, time=2025-04-07 17:48:05 
jj1 = 26, max_th = 2.587789e+00, time=2025-04-07 17:49:03 
jj1 = 527, max_th = 1.336597e+00, time=2025-04-07 17:49:22 
jj1 = 16, max_th = 8.501113e-03, time=2025-04-07 17:49:26 
jj1 = 31, max_th = 1.658038e+00, time=2025-04-07 17:50:49 
jj1 = 11, max_th = 1.966717e+00, time=2025-04-07 17:52:53 
jj1 = 51, max_th = 1.925486e+00, time=2025-04-07 17:54:30 
jj1 = 371, max_th = 2.676468e+00, time=2025-04-07 17:56:55 
jj1 = 21, max_th = 1.552656e+00, time=2025-04-07 17:57:58 
jj1 = 333, max_th = 1.287573e+00, time=2025-04-07 17:58:58 
jj1 = 6, max_th = 2.405136e+00, time=2025-04-07 17:59:16 
jj1 = 489, max_th = 9.579894e-01, time=2025-04-07 17:59:36 
jj1 = 98, max_th = 2.198257e+00, time=2025-04-07 17:59:40 
jj1 = 46, max_th = 1.881010e+00, time=2025-04-07 17:59:58 
jj1 = 410, max_th = 1.797552e+00, time=2025-04-07 18:00:14 
jj1 = 177, max_th = 2.649012e+00, time=2025-04-07 18:02:07 
jj1 = 216, max_th = 1.654037e+00, time=2025-04-07 18:03:55 
jj1 = 526, max_th = 1.671807e+00, time=2025-04-07 18:04:46 
jj1 = 294, max_th = 2.379698e+00, time=2025-04-07 18:07:28 
jj1 = 138, max_th = 1.437824e+00, time=2025-04-07 18:07:41 
jj1 = 255, max_th = 1.861589e+00, time=2025-04-07 18:09:53 
jj1 = 137, max_th = 2.900976e+00, time=2025-04-07 18:11:39 
jj1 = 525, max_th = 2.664588e+00, time=2025-04-07 18:15:16 
jj1 = 97, max_th = 1.505794e+00, time=2025-04-07 18:15:53 
jj1 = 488, max_th = 2.303730e+00, time=2025-04-07 18:16:49 
jj1 = 450, max_th = 2.357912e+00, time=2025-04-07 18:17:52 
jj1 = 332, max_th = 2.360158e+00, time=2025-04-07 18:19:21 
jj1 = 487, max_th = 8.566702e-01, time=2025-04-07 18:21:12 
jj1 = 176, max_th = 1.624843e+00, time=2025-04-07 18:22:27 
jj1 = 370, max_th = 1.946559e+00, time=2025-04-07 18:22:37 
jj1 = 409, max_th = 1.770568e+00, time=2025-04-07 18:24:00 
jj1 = 215, max_th = 2.127308e+00, time=2025-04-07 18:26:01 
jj1 = 293, max_th = 1.903841e+00, time=2025-04-07 18:29:05 
jj1 = 292, max_th = 6.133268e-01, time=2025-04-07 18:30:29 
jj1 = 254, max_th = 2.205439e+00, time=2025-04-07 18:31:44 
jj1 = 524, max_th = 1.648802e+00, time=2025-04-07 18:32:36 
jj1 = 136, max_th = 2.303081e+00, time=2025-04-07 18:32:51 
jj1 = 96, max_th = 1.702388e+00, time=2025-04-07 18:33:09 
jj1 = 523, max_th = 2.894066e+00, time=2025-04-07 18:36:06 
jj1 = 135, max_th = 2.842085e+00, time=2025-04-07 18:38:09 
jj1 = 449, max_th = 1.844510e+00, time=2025-04-07 18:40:11 
jj1 = 291, max_th = 2.669373e+00, time=2025-04-07 18:40:17 
jj1 = 369, max_th = 2.433929e+00, time=2025-04-07 18:41:41 
jj1 = 331, max_th = 2.214595e+00, time=2025-04-07 18:41:58 
jj1 = 448, max_th = 2.864485e+00, time=2025-04-07 18:45:04 
jj1 = 175, max_th = 2.271688e+00, time=2025-04-07 18:47:17 
jj1 = 214, max_th = 1.772380e+00, time=2025-04-07 18:47:24 
jj1 = 408, max_th = 2.134485e+00, time=2025-04-07 18:47:51 
jj1 = 213, max_th = 3.223015e+00, time=2025-04-07 18:48:35 
jj1 = 522, max_th = 1.392773e+00, time=2025-04-07 18:50:08 
jj1 = 447, max_th = 1.243057e+00, time=2025-04-07 18:54:56 
jj1 = 95, max_th = 1.898299e+00, time=2025-04-07 18:55:04 
jj1 = 290, max_th = 2.058464e+00, time=2025-04-07 18:57:33 
jj1 = 253, max_th = 2.031713e+00, time=2025-04-07 18:58:02 
jj1 = 368, max_th = 2.387327e+00, time=2025-04-07 18:59:15 
jj1 = 94, max_th = 2.981631e+00, time=2025-04-07 18:59:35 
jj1 = 134, max_th = 1.998740e+00, time=2025-04-07 19:00:20 
jj1 = 446, max_th = 1.211876e+00, time=2025-04-07 19:01:29 
jj1 = 486, max_th = 1.881555e+00, time=2025-04-07 19:02:59 
jj1 = 407, max_th = 1.619861e+00, time=2025-04-07 19:04:21 
jj1 = 406, max_th = 3.265062e+00, time=2025-04-07 19:05:13 
jj1 = 93, max_th = 8.620146e-01, time=2025-04-07 19:05:24 
jj1 = 174, max_th = 2.266268e+00, time=2025-04-07 19:06:21 
jj1 = 289, max_th = 2.721902e+00, time=2025-04-07 19:07:25 
jj1 = 212, max_th = 1.746459e+00, time=2025-04-07 19:08:00 
jj1 = 405, max_th = 7.935217e-01, time=2025-04-07 19:08:24 
jj1 = 521, max_th = 1.896293e+00, time=2025-04-07 19:13:45 
jj1 = 252, max_th = -2.803432e-02, time=2025-04-07 19:14:12 
jj1 = 445, max_th = 2.353349e+00, time=2025-04-07 19:17:49 
jj1 = 173, max_th = 1.330531e+00, time=2025-04-07 19:18:45 
jj1 = 485, max_th = 1.605986e+00, time=2025-04-07 19:18:48 
jj1 = 444, max_th = -1.421752e+00, time=2025-04-07 19:19:04 
jj1 = 367, max_th = 2.185230e+00, time=2025-04-07 19:20:30 
jj1 = 288, max_th = 2.409826e+00, time=2025-04-07 19:23:41 
jj1 = 133, max_th = 1.926795e+00, time=2025-04-07 19:24:07 
jj1 = 92, max_th = 2.258404e+00, time=2025-04-07 19:24:31 
jj1 = 211, max_th = 1.385622e+00, time=2025-04-07 19:27:22 
jj1 = 404, max_th = 1.584401e+00, time=2025-04-07 19:28:05 
jj1 = 330, max_th = 1.733752e+00, time=2025-04-07 19:30:39 
jj1 = 91, max_th = 2.625954e+00, time=2025-04-07 19:33:18 
jj1 = 251, max_th = 2.424588e+00, time=2025-04-07 19:33:49 
jj1 = 520, max_th = 1.432748e+00, time=2025-04-07 19:34:24 
jj1 = 329, max_th = 9.021721e-01, time=2025-04-07 19:35:10 
jj1 = 443, max_th = 1.538100e+00, time=2025-04-07 19:36:08 
jj1 = 250, max_th = 2.887378e+00, time=2025-04-07 19:38:09 
jj1 = 366, max_th = 1.996058e+00, time=2025-04-07 19:39:07 
jj1 = 328, max_th = 9.397187e-01, time=2025-04-07 19:39:46 
jj1 = 172, max_th = 2.238374e+00, time=2025-04-07 19:39:47 
jj1 = 249, max_th = 3.045650e+00, time=2025-04-07 19:40:34 
jj1 = 210, max_th = 2.518255e+00, time=2025-04-07 19:41:37 
jj1 = 209, max_th = 8.646150e-01, time=2025-04-07 19:45:02 
jj1 = 287, max_th = 2.305064e+00, time=2025-04-07 19:45:12 
jj1 = 519, max_th = 1.311184e+00, time=2025-04-07 19:45:26 
jj1 = 132, max_th = 2.362338e+00, time=2025-04-07 19:45:34 
jj1 = 484, max_th = 2.060466e+00, time=2025-04-07 19:46:29 
jj1 = 403, max_th = 1.988604e+00, time=2025-04-07 19:47:42 
jj1 = 171, max_th = 1.086194e+00, time=2025-04-07 19:48:07 
jj1 = 442, max_th = 1.455825e+00, time=2025-04-07 19:50:01 
jj1 = 90, max_th = 1.807985e+00, time=2025-04-07 19:51:08 
jj1 = 518, max_th = 1.002850e+00, time=2025-04-07 19:52:05 
jj1 = 248, max_th = 2.122416e+00, time=2025-04-07 19:56:31 
jj1 = 89, max_th = 1.034348e+00, time=2025-04-07 19:56:54 
jj1 = 365, max_th = 2.217290e+00, time=2025-04-07 20:01:43 
jj1 = 170, max_th = 2.151595e+00, time=2025-04-07 20:04:48 
jj1 = 286, max_th = 1.721346e+00, time=2025-04-07 20:05:03 
jj1 = 247, max_th = 2.652548e+00, time=2025-04-07 20:05:11 
jj1 = 208, max_th = 1.863743e+00, time=2025-04-07 20:05:19 
jj1 = 441, max_th = 1.646747e+00, time=2025-04-07 20:06:02 
jj1 = 327, max_th = 2.323850e+00, time=2025-04-07 20:06:14 
jj1 = 131, max_th = 1.893343e+00, time=2025-04-07 20:07:39 
jj1 = 483, max_th = 1.973355e+00, time=2025-04-07 20:10:45 
jj1 = 517, max_th = 1.664634e+00, time=2025-04-07 20:12:55 
jj1 = 482, max_th = 2.950311e+00, time=2025-04-07 20:13:00 
jj1 = 402, max_th = 2.094955e+00, time=2025-04-07 20:13:47 
jj1 = 88, max_th = 1.611949e+00, time=2025-04-07 20:18:45 
jj1 = 285, max_th = 2.117515e+00, time=2025-04-07 20:22:26 
jj1 = 246, max_th = 1.654839e+00, time=2025-04-07 20:23:26 
jj1 = 207, max_th = 1.745357e+00, time=2025-04-07 20:23:35 
jj1 = 326, max_th = 2.207240e+00, time=2025-04-07 20:23:46 
jj1 = 440, max_th = 1.536692e+00, time=2025-04-07 20:24:31 
jj1 = 364, max_th = 2.145297e+00, time=2025-04-07 20:25:35 
jj1 = 130, max_th = 2.002712e+00, time=2025-04-07 20:27:33 
jj1 = 481, max_th = 2.471846e+00, time=2025-04-07 20:29:04 
jj1 = 169, max_th = 1.918101e+00, time=2025-04-07 20:29:16 
jj1 = 401, max_th = 1.630170e+00, time=2025-04-07 20:32:14 
jj1 = 480, max_th = 1.239945e+00, time=2025-04-07 20:34:47 
jj1 = 439, max_th = 2.445666e+00, time=2025-04-07 20:34:52 
jj1 = 516, max_th = 2.278092e+00, time=2025-04-07 20:36:23 
jj1 = 438, max_th = 7.140716e-01, time=2025-04-07 20:37:34 
jj1 = 206, max_th = 1.650693e+00, time=2025-04-07 20:38:40 
jj1 = 87, max_th = 1.560634e+00, time=2025-04-07 20:39:05 
jj1 = 363, max_th = 1.702465e+00, time=2025-04-07 20:43:05 
jj1 = 325, max_th = 2.059321e+00, time=2025-04-07 20:46:52 
jj1 = 437, max_th = 1.336916e+00, time=2025-04-07 20:47:25 
jj1 = 284, max_th = 1.866058e+00, time=2025-04-07 20:48:05 
jj1 = 129, max_th = 2.051976e+00, time=2025-04-07 20:49:03 
jj1 = 400, max_th = 1.575786e+00, time=2025-04-07 20:50:02 
jj1 = 128, max_th = 8.972226e-01, time=2025-04-07 20:51:10 
jj1 = 245, max_th = 2.575847e+00, time=2025-04-07 20:51:18 
jj1 = 479, max_th = 1.624805e+00, time=2025-04-07 20:52:09 
jj1 = 168, max_th = 1.842264e+00, time=2025-04-07 20:52:56 
jj1 = 127, max_th = 9.068594e-01, time=2025-04-07 20:53:06 
jj1 = 399, max_th = 2.845137e+00, time=2025-04-07 20:54:52 
jj1 = 515, max_th = 2.315528e+00, time=2025-04-07 20:57:26 
jj1 = 514, max_th = 8.147834e-01, time=2025-04-07 20:57:59 
jj1 = 283, max_th = 1.303455e+00, time=2025-04-07 20:58:13 
jj1 = 398, max_th = 3.052679e+00, time=2025-04-07 20:58:43 
jj1 = 397, max_th = 2.933697e+00, time=2025-04-07 21:01:21 
jj1 = 86, max_th = 2.162253e+00, time=2025-04-07 21:01:55 
jj1 = 396, max_th = 6.931323e-01, time=2025-04-07 21:03:56 
jj1 = 167, max_th = 1.492338e+00, time=2025-04-07 21:04:12 
jj1 = 205, max_th = 2.361188e+00, time=2025-04-07 21:04:22 
jj1 = 244, max_th = 1.602967e+00, time=2025-04-07 21:05:26 
jj1 = 362, max_th = 2.136758e+00, time=2025-04-07 21:06:22 
jj1 = 436, max_th = 2.211967e+00, time=2025-04-07 21:08:02 
jj1 = 204, max_th = 1.117595e+00, time=2025-04-07 21:11:19 
jj1 = 478, max_th = 2.295337e+00, time=2025-04-07 21:11:24 
jj1 = 324, max_th = 1.776229e+00, time=2025-04-07 21:12:40 
jj1 = 513, max_th = 2.144468e+00, time=2025-04-07 21:13:55 
jj1 = 203, max_th = -1.195558e+00, time=2025-04-07 21:14:00 
jj1 = 282, max_th = 2.434392e+00, time=2025-04-07 21:14:31 
jj1 = 126, max_th = 2.171567e+00, time=2025-04-07 21:15:42 
jj1 = 477, max_th = 2.600753e+00, time=2025-04-07 21:19:34 
jj1 = 85, max_th = 1.530822e+00, time=2025-04-07 21:20:17 
jj1 = 361, max_th = 1.537452e+00, time=2025-04-07 21:21:57 
jj1 = 435, max_th = 2.453502e+00, time=2025-04-07 21:23:27 
jj1 = 243, max_th = 2.197799e+00, time=2025-04-07 21:23:40 
jj1 = 395, max_th = 1.690351e+00, time=2025-04-07 21:23:49 
jj1 = 166, max_th = 2.207660e+00, time=2025-04-07 21:25:51 
jj1 = 202, max_th = 2.513633e+00, time=2025-04-07 21:28:02 
jj1 = 323, max_th = 1.473876e+00, time=2025-04-07 21:28:33 
jj1 = 242, max_th = 1.104476e+00, time=2025-04-07 21:29:43 
jj1 = 434, max_th = 1.114771e+00, time=2025-04-07 21:29:58 
jj1 = 476, max_th = 1.605165e+00, time=2025-04-07 21:34:25 
jj1 = 125, max_th = 1.797094e+00, time=2025-04-07 21:35:05 
jj1 = 84, max_th = 1.522729e+00, time=2025-04-07 21:36:52 
jj1 = 394, max_th = 2.552808e+00, time=2025-04-07 21:37:12 
jj1 = 281, max_th = 1.771879e+00, time=2025-04-07 21:37:15 
jj1 = 512, max_th = 2.087050e+00, time=2025-04-07 21:37:50 
jj1 = 360, max_th = 1.760000e+00, time=2025-04-07 21:41:00 
jj1 = 433, max_th = 2.249339e+00, time=2025-04-07 21:44:20 
jj1 = 124, max_th = 2.643071e+00, time=2025-04-07 21:44:46 
jj1 = 280, max_th = 1.283587e+00, time=2025-04-07 21:48:03 
jj1 = 201, max_th = 1.814555e+00, time=2025-04-07 21:48:44 
jj1 = 165, max_th = 1.633307e+00, time=2025-04-07 21:48:50 
jj1 = 241, max_th = 1.670576e+00, time=2025-04-07 21:49:31 
jj1 = 322, max_th = 2.327592e+00, time=2025-04-07 21:49:47 
jj1 = 475, max_th = 2.402062e+00, time=2025-04-07 21:50:21 
jj1 = 432, max_th = 2.857893e+00, time=2025-04-07 21:51:59 
jj1 = 511, max_th = 1.430876e+00, time=2025-04-07 21:53:21 
jj1 = 359, max_th = 1.413462e+00, time=2025-04-07 21:55:08 
jj1 = 393, max_th = 2.158250e+00, time=2025-04-07 21:57:10 
jj1 = 321, max_th = 2.590241e+00, time=2025-04-07 22:00:33 
jj1 = 279, max_th = 1.550416e+00, time=2025-04-07 22:02:08 
jj1 = 278, max_th = -1.994614e-01, time=2025-04-07 22:02:25 
jj1 = 83, max_th = 2.184304e+00, time=2025-04-07 22:03:01 
jj1 = 240, max_th = 1.473435e+00, time=2025-04-07 22:06:33 
jj1 = 474, max_th = 1.623836e+00, time=2025-04-07 22:07:08 
jj1 = 510, max_th = 1.405195e+00, time=2025-04-07 22:07:46 
jj1 = 164, max_th = 1.839832e+00, time=2025-04-07 22:08:11 
jj1 = 277, max_th = 1.157024e+00, time=2025-04-07 22:09:48 
jj1 = 473, max_th = 1.134698e+00, time=2025-04-07 22:10:09 
jj1 = 431, max_th = 1.708498e+00, time=2025-04-07 22:11:59 
jj1 = 392, max_th = 1.578951e+00, time=2025-04-07 22:13:18 
jj1 = 123, max_th = 2.245033e+00, time=2025-04-07 22:13:36 
jj1 = 200, max_th = 1.945757e+00, time=2025-04-07 22:13:46 
jj1 = 320, max_th = 1.559155e+00, time=2025-04-07 22:15:02 
jj1 = 358, max_th = 2.162925e+00, time=2025-04-07 22:17:35 
jj1 = 472, max_th = 1.211053e+00, time=2025-04-07 22:17:53 
jj1 = 163, max_th = 2.451211e+00, time=2025-04-07 22:19:12 
jj1 = 276, max_th = 2.537660e+00, time=2025-04-07 22:21:58 
jj1 = 82, max_th = 2.218430e+00, time=2025-04-07 22:22:47 
jj1 = 122, max_th = 1.326730e+00, time=2025-04-07 22:23:53 
jj1 = 81, max_th = 8.015971e-01, time=2025-04-07 22:24:13 
jj1 = 275, max_th = 1.014808e+00, time=2025-04-07 22:26:37 
jj1 = 509, max_th = 2.004394e+00, time=2025-04-07 22:27:57 
jj1 = 239, max_th = 1.878777e+00, time=2025-04-07 22:29:29 
jj1 = 199, max_th = 1.457358e+00, time=2025-04-07 22:30:04 
jj1 = 391, max_th = 1.686586e+00, time=2025-04-07 22:32:33 
jj1 = 357, max_th = 1.185378e+00, time=2025-04-07 22:34:45 
jj1 = 430, max_th = 2.231802e+00, time=2025-04-07 22:34:44 
jj1 = 121, max_th = 1.487376e+00, time=2025-04-07 22:37:47 
jj1 = 429, max_th = 9.153265e-01, time=2025-04-07 22:41:38 
jj1 = 471, max_th = 1.992379e+00, time=2025-04-07 22:41:40 
jj1 = 80, max_th = 1.633182e+00, time=2025-04-07 22:43:11 
jj1 = 390, max_th = 2.384871e+00, time=2025-04-07 22:43:26 
jj1 = 274, max_th = 2.344577e+00, time=2025-04-07 22:43:33 
jj1 = 162, max_th = 2.082066e+00, time=2025-04-07 22:45:07 
jj1 = 428, max_th = 2.841757e+00, time=2025-04-07 22:48:15 
jj1 = 238, max_th = 2.424209e+00, time=2025-04-07 22:48:54 
jj1 = 356, max_th = 2.667636e+00, time=2025-04-07 22:49:37 
jj1 = 198, max_th = 1.744564e+00, time=2025-04-07 22:49:53 
jj1 = 319, max_th = 2.142007e+00, time=2025-04-07 22:50:40 
jj1 = 508, max_th = 2.171711e+00, time=2025-04-07 22:51:41 
jj1 = 120, max_th = 2.384191e+00, time=2025-04-07 22:54:55 
jj1 = 389, max_th = 1.519984e+00, time=2025-04-07 23:00:08 
jj1 = 273, max_th = 1.523579e+00, time=2025-04-07 23:00:10 
jj1 = 470, max_th = 2.375937e+00, time=2025-04-07 23:00:13 
jj1 = 119, max_th = 1.281649e+00, time=2025-04-07 23:01:47 
jj1 = 79, max_th = 1.864408e+00, time=2025-04-07 23:02:50 
jj1 = 318, max_th = 2.351061e+00, time=2025-04-07 23:04:27 
jj1 = 118, max_th = 3.880536e+00, time=2025-04-07 23:07:38 
jj1 = 507, max_th = 1.408436e+00, time=2025-04-07 23:07:53 
jj1 = 355, max_th = 2.328230e+00, time=2025-04-07 23:09:30 
jj1 = 161, max_th = 2.031252e+00, time=2025-04-07 23:11:16 
jj1 = 197, max_th = 2.177859e+00, time=2025-04-07 23:13:59 
jj1 = 237, max_th = 2.014046e+00, time=2025-04-07 23:15:09 
jj1 = 469, max_th = 2.398197e+00, time=2025-04-07 23:16:10 
jj1 = 427, max_th = 1.610614e+00, time=2025-04-07 23:16:24 
jj1 = 117, max_th = 2.957870e+00, time=2025-04-07 23:16:30 
jj1 = 317, max_th = 1.646553e+00, time=2025-04-07 23:20:27 
jj1 = 272, max_th = 1.636454e+00, time=2025-04-07 23:22:40 
jj1 = 388, max_th = 1.987418e+00, time=2025-04-07 23:24:00 
jj1 = 236, max_th = 2.660277e+00, time=2025-04-07 23:24:03 
jj1 = 196, max_th = 2.409002e+00, time=2025-04-07 23:24:35 
jj1 = 78, max_th = 2.041975e+00, time=2025-04-07 23:26:59 
jj1 = 116, max_th = 1.597559e+00, time=2025-04-07 23:32:44 
jj1 = 160, max_th = 1.777987e+00, time=2025-04-07 23:33:59 
jj1 = 506, max_th = 1.968004e+00, time=2025-04-07 23:36:28 
jj1 = 426, max_th = 2.241957e+00, time=2025-04-07 23:38:08 
jj1 = 316, max_th = 2.142548e+00, time=2025-04-07 23:38:26 
jj1 = 271, max_th = 1.871036e+00, time=2025-04-07 23:38:39 
jj1 = 387, max_th = 1.648940e+00, time=2025-04-07 23:39:04 
jj1 = 505, max_th = 8.282954e-01, time=2025-04-07 23:39:54 
jj1 = 354, max_th = 1.992702e+00, time=2025-04-07 23:40:19 
jj1 = 468, max_th = 2.069219e+00, time=2025-04-07 23:40:24 
jj1 = 235, max_th = 2.215375e+00, time=2025-04-07 23:44:12 
jj1 = 195, max_th = 2.054323e+00, time=2025-04-07 23:45:35 
jj1 = 386, max_th = 1.398460e+00, time=2025-04-07 23:49:24 
jj1 = 353, max_th = 2.710567e+00, time=2025-04-07 23:49:37 
jj1 = 77, max_th = 2.288381e+00, time=2025-04-07 23:51:13 
jj1 = 315, max_th = 2.380939e+00, time=2025-04-07 23:55:50 
jj1 = 115, max_th = 1.715612e+00, time=2025-04-07 23:55:56 
jj1 = 234, max_th = 2.488723e+00, time=2025-04-07 23:57:44 
jj1 = 114, max_th = 4.264757e+00, time=2025-04-07 23:57:51 
jj1 = 314, max_th = 3.285090e+00, time=2025-04-07 23:58:10 
jj1 = 467, max_th = 1.741235e+00, time=2025-04-07 23:58:27 
jj1 = 76, max_th = 1.169899e+00, time=2025-04-07 23:58:55 
jj1 = 504, max_th = 1.688450e+00, time=2025-04-07 23:59:01 
jj1 = 425, max_th = 1.764973e+00, time=2025-04-08 00:00:47 
jj1 = 270, max_th = 1.807881e+00, time=2025-04-08 00:01:06 
jj1 = 113, max_th = 2.958238e+00, time=2025-04-08 00:01:46 
jj1 = 313, max_th = 2.780229e+00, time=2025-04-08 00:03:25 
jj1 = 194, max_th = 1.465270e+00, time=2025-04-08 00:05:41 
jj1 = 352, max_th = 2.136912e+00, time=2025-04-08 00:06:10 
jj1 = 385, max_th = 2.423433e+00, time=2025-04-08 00:07:42 
jj1 = 384, max_th = 3.321364e+00, time=2025-04-08 00:08:25 
jj1 = 159, max_th = 2.039288e+00, time=2025-04-08 00:08:47 
jj1 = 233, max_th = 2.593892e+00, time=2025-04-08 00:09:10 
jj1 = 424, max_th = 1.497189e+00, time=2025-04-08 00:15:19 
jj1 = 269, max_th = 1.531854e+00, time=2025-04-08 00:16:09 
jj1 = 75, max_th = 1.665497e+00, time=2025-04-08 00:16:26 
jj1 = 503, max_th = 1.811103e+00, time=2025-04-08 00:19:29 
jj1 = 112, max_th = 1.669605e+00, time=2025-04-08 00:23:26 
jj1 = 351, max_th = 2.380779e+00, time=2025-04-08 00:23:35 
jj1 = 312, max_th = 2.013346e+00, time=2025-04-08 00:25:59 
jj1 = 193, max_th = 2.078789e+00, time=2025-04-08 00:26:48 
jj1 = 466, max_th = 2.111636e+00, time=2025-04-08 00:27:15 
jj1 = 423, max_th = 2.776749e+00, time=2025-04-08 00:30:09 
jj1 = 158, max_th = 1.997053e+00, time=2025-04-08 00:30:35 
jj1 = 74, max_th = 2.427681e+00, time=2025-04-08 00:31:33 
jj1 = 111, max_th = 2.741167e+00, time=2025-04-08 00:31:34 
jj1 = 383, max_th = 2.022998e+00, time=2025-04-08 00:33:47 
jj1 = 502, max_th = 1.457607e+00, time=2025-04-08 00:34:16 
jj1 = 232, max_th = 1.586053e+00, time=2025-04-08 00:36:41 
jj1 = 350, max_th = 2.406283e+00, time=2025-04-08 00:38:46 
jj1 = 422, max_th = 1.539102e+00, time=2025-04-08 00:41:58 
jj1 = 73, max_th = 2.602727e+00, time=2025-04-08 00:43:20 
jj1 = 110, max_th = 1.552201e+00, time=2025-04-08 00:43:52 
jj1 = 311, max_th = 2.314290e+00, time=2025-04-08 00:44:05 
jj1 = 192, max_th = 2.213746e+00, time=2025-04-08 00:45:42 
jj1 = 157, max_th = 2.521396e+00, time=2025-04-08 00:46:57 
jj1 = 310, max_th = 2.834546e+00, time=2025-04-08 00:49:38 
jj1 = 268, max_th = 2.113577e+00, time=2025-04-08 00:49:56 
jj1 = 501, max_th = 1.541922e+00, time=2025-04-08 00:51:04 
jj1 = 465, max_th = 1.867196e+00, time=2025-04-08 00:53:05 
jj1 = 349, max_th = 2.366558e+00, time=2025-04-08 00:55:58 
jj1 = 231, max_th = 2.302178e+00, time=2025-04-08 00:57:58 
jj1 = 72, max_th = 2.158795e+00, time=2025-04-08 01:00:14 
jj1 = 156, max_th = 1.992712e+00, time=2025-04-08 01:00:51 
jj1 = 464, max_th = 1.363214e+00, time=2025-04-08 01:05:48 
jj1 = 309, max_th = 1.400908e+00, time=2025-04-08 01:06:16 
jj1 = 348, max_th = 1.143789e+00, time=2025-04-08 01:06:41 
jj1 = 421, max_th = 1.902303e+00, time=2025-04-08 01:06:52 
jj1 = 155, max_th = 2.695701e+00, time=2025-04-08 01:07:43 
jj1 = 191, max_th = 2.184658e+00, time=2025-04-08 01:07:54 
jj1 = 382, max_th = 1.736791e+00, time=2025-04-08 01:08:50 
jj1 = 109, max_th = 1.740822e+00, time=2025-04-08 01:10:06 
jj1 = 267, max_th = 1.480404e+00, time=2025-04-08 01:10:22 
jj1 = 71, max_th = 1.491416e+00, time=2025-04-08 01:13:35 
jj1 = 266, max_th = -1.335904e+00, time=2025-04-08 01:14:29 
jj1 = 463, max_th = 1.165021e+00, time=2025-04-08 01:14:51 
jj1 = 420, max_th = 2.065732e+00, time=2025-04-08 01:18:02 
jj1 = 500, max_th = 2.030333e+00, time=2025-04-08 01:19:03 
jj1 = 308, max_th = 2.447664e+00, time=2025-04-08 01:19:27 
jj1 = 70, max_th = 1.084095e+00, time=2025-04-08 01:20:51 
jj1 = 347, max_th = 1.390056e+00, time=2025-04-08 01:21:49 
jj1 = 462, max_th = 1.220386e+00, time=2025-04-08 01:22:30 
jj1 = 230, max_th = 1.890335e+00, time=2025-04-08 01:23:18 
jj1 = 307, max_th = 2.872669e+00, time=2025-04-08 01:24:09 
jj1 = 190, max_th = 2.009986e+00, time=2025-04-08 01:25:52 
jj1 = 108, max_th = 1.911234e+00, time=2025-04-08 01:25:53 
jj1 = 346, max_th = 1.204157e+00, time=2025-04-08 01:27:44 
jj1 = 154, max_th = 2.086361e+00, time=2025-04-08 01:29:08 
jj1 = 381, max_th = 2.279526e+00, time=2025-04-08 01:30:59 
jj1 = 265, max_th = 1.902368e+00, time=2025-04-08 01:35:50 
jj1 = 419, max_th = 2.297148e+00, time=2025-04-08 01:36:39 
jj1 = 69, max_th = 2.297753e+00, time=2025-04-08 01:37:58 
jj1 = 345, max_th = 1.450184e+00, time=2025-04-08 01:38:55 
jj1 = 189, max_th = 1.379709e+00, time=2025-04-08 01:38:59 
jj1 = 306, max_th = 2.109631e+00, time=2025-04-08 01:41:02 
jj1 = 499, max_th = 1.912533e+00, time=2025-04-08 01:41:11 
jj1 = 461, max_th = 1.745782e+00, time=2025-04-08 01:43:44 
jj1 = 107, max_th = 2.176466e+00, time=2025-04-08 01:46:53 
jj1 = 153, max_th = 2.045304e+00, time=2025-04-08 01:47:59 
jj1 = 264, max_th = 2.558345e+00, time=2025-04-08 01:49:36 
jj1 = 229, max_th = 2.273945e+00, time=2025-04-08 01:51:14 
jj1 = 380, max_th = 2.719025e+00, time=2025-04-08 01:53:10 
jj1 = 68, max_th = 2.444565e+00, time=2025-04-08 01:54:22 
jj1 = 188, max_th = 1.487428e+00, time=2025-04-08 01:55:59 
jj1 = 152, max_th = 1.415837e+00, time=2025-04-08 01:59:01 
jj1 = 418, max_th = 1.996847e+00, time=2025-04-08 01:59:36 
jj1 = 305, max_th = 2.206281e+00, time=2025-04-08 02:01:47 
jj1 = 498, max_th = 1.838877e+00, time=2025-04-08 02:02:32 
jj1 = 263, max_th = 1.472595e+00, time=2025-04-08 02:05:07 
jj1 = 344, max_th = 1.973312e+00, time=2025-04-08 02:06:26 
jj1 = 228, max_th = 1.589711e+00, time=2025-04-08 02:08:05 
jj1 = 67, max_th = 2.563573e+00, time=2025-04-08 02:08:38 
jj1 = 106, max_th = 1.625827e+00, time=2025-04-08 02:12:09 
jj1 = 379, max_th = 1.848401e+00, time=2025-04-08 02:13:37 
jj1 = 460, max_th = 2.182010e+00, time=2025-04-08 02:13:39 
jj1 = 343, max_th = 1.190002e+00, time=2025-04-08 02:13:45 
jj1 = 105, max_th = 8.959545e-01, time=2025-04-08 02:15:32 
jj1 = 187, max_th = 2.243811e+00, time=2025-04-08 02:15:35 
jj1 = 151, max_th = 1.578823e+00, time=2025-04-08 02:19:22 
jj1 = 104, max_th = 1.316120e+00, time=2025-04-08 02:20:23 
jj1 = 497, max_th = 2.361514e+00, time=2025-04-08 02:20:59 
jj1 = 417, max_th = 1.954465e+00, time=2025-04-08 02:22:48 
jj1 = 103, max_th = 3.764433e+00, time=2025-04-08 02:23:10 
jj1 = 304, max_th = 1.681300e+00, time=2025-04-08 02:24:28 
jj1 = 66, max_th = 1.613197e+00, time=2025-04-08 02:25:38 
jj1 = 496, max_th = 2.766144e+00, time=2025-04-08 02:26:35 
jj1 = 262, max_th = 2.056519e+00, time=2025-04-08 02:27:40 
jj1 = 227, max_th = 1.996524e+00, time=2025-04-08 02:30:20 
jj1 = 150, max_th = 2.350491e+00, time=2025-04-08 02:31:21 
jj1 = 459, max_th = 2.097053e+00, time=2025-04-08 02:34:35 
jj1 = 342, max_th = 1.839215e+00, time=2025-04-08 02:36:05 
jj1 = 416, max_th = 1.404655e+00, time=2025-04-08 02:36:46 
jj1 = 303, max_th = 2.322797e+00, time=2025-04-08 02:37:35 
jj1 = 378, max_th = 1.874647e+00, time=2025-04-08 02:38:01 
jj1 = 186, max_th = 2.062541e+00, time=2025-04-08 02:39:00 
jj1 = 102, max_th = 1.407969e+00, time=2025-04-08 02:39:36 
jj1 = 65, max_th = 1.422136e+00, time=2025-04-08 02:42:18 
jj1 = 149, max_th = 2.513624e+00, time=2025-04-08 02:44:18 
jj1 = 415, max_th = 2.690511e+00, time=2025-04-08 02:44:48 
jj1 = 261, max_th = 1.941162e+00, time=2025-04-08 02:47:26 
jj1 = 226, max_th = 1.714771e+00, time=2025-04-08 02:47:48 
jj1 = 458, max_th = 1.448672e+00, time=2025-04-08 02:50:22 
jj1 = 225, max_th = 2.824771e+00, time=2025-04-08 02:53:18 
jj1 = 495, max_th = 8.106721e-01, time=2025-04-08 02:54:42 
jj1 = 260, max_th = 2.617472e+00, time=2025-04-08 02:58:45 
jj1 = 377, max_th = 2.323018e+00, time=2025-04-08 02:58:45 
jj1 = 302, max_th = 1.783554e+00, time=2025-04-08 02:59:18 
jj1 = 341, max_th = 2.122604e+00, time=2025-04-08 03:01:47 
jj1 = 64, max_th = 2.201873e+00, time=2025-04-08 03:02:10 
jj1 = 185, max_th = 1.914509e+00, time=2025-04-08 03:02:56 
jj1 = 224, max_th = 1.322540e+00, time=2025-04-08 03:05:06 
jj1 = 259, max_th = 1.200156e+00, time=2025-04-08 03:05:18 
jj1 = 101, max_th = 1.976712e+00, time=2025-04-08 03:05:24 
jj1 = 148, max_th = 1.992468e+00, time=2025-04-08 03:07:00 
jj1 = 414, max_th = 2.080945e+00, time=2025-04-08 03:07:23 
jj1 = 223, max_th = 3.370699e+00, time=2025-04-08 03:07:31 
jj1 = 457, max_th = 1.671119e+00, time=2025-04-08 03:12:10 
jj1 = 63, max_th = 2.695658e+00, time=2025-04-08 03:13:26 
jj1 = 301, max_th = 2.639220e+00, time=2025-04-08 03:18:29 
jj1 = 147, max_th = 2.622863e+00, time=2025-04-08 03:20:14 
jj1 = 376, max_th = 1.951124e+00, time=2025-04-08 03:20:57 
jj1 = 100, max_th = 1.804827e+00, time=2025-04-08 03:21:13 
jj1 = 413, max_th = 2.396800e+00, time=2025-04-08 03:22:04 
jj1 = 340, max_th = 1.610800e+00, time=2025-04-08 03:22:54 
jj1 = 494, max_th = 1.821849e+00, time=2025-04-08 03:24:07 
jj1 = 258, max_th = 1.903738e+00, time=2025-04-08 03:27:34 
jj1 = 62, max_th = 2.413991e+00, time=2025-04-08 03:31:12 
jj1 = 222, max_th = 1.890411e+00, time=2025-04-08 03:31:57 
jj1 = 339, max_th = 2.667785e+00, time=2025-04-08 03:32:58 
jj1 = 748, max_th = 1.389696e+00, time=2025-04-08 03:36:53 
jj1 = 300, max_th = 2.301947e+00, time=2025-04-08 03:38:39 
jj1 = 184, max_th = 2.113236e+00, time=2025-04-08 03:38:41 
jj1 = 456, max_th = 2.021966e+00, time=2025-04-08 03:39:25 
jj1 = 412, max_th = 2.337212e+00, time=2025-04-08 03:39:46 
jj1 = 375, max_th = 2.284235e+00, time=2025-04-08 03:40:28 
jj1 = 221, max_th = 1.150607e+00, time=2025-04-08 03:40:31 
jj1 = 183, max_th = 1.054867e+00, time=2025-04-08 03:43:26 
jj1 = 493, max_th = 1.791783e+00, time=2025-04-08 03:44:43 
jj1 = 146, max_th = 1.990690e+00, time=2025-04-08 03:45:21 
jj1 = 257, max_th = 2.416343e+00, time=2025-04-08 03:47:07 
jj1 = 61, max_th = 1.481336e+00, time=2025-04-08 03:48:37 
jj1 = 338, max_th = 1.507511e+00, time=2025-04-08 03:50:29 
jj1 = 608, max_th = 3.030155e+00, time=2025-04-08 03:51:31 
jj1 = 455, max_th = 2.354104e+00, time=2025-04-08 03:52:25 
jj1 = 607, max_th = 2.713978e+00, time=2025-04-08 03:56:18 
jj1 = 747, max_th = 1.583407e+00, time=2025-04-08 03:56:24 
jj1 = 220, max_th = 2.056242e+00, time=2025-04-08 03:56:33 
jj1 = 454, max_th = 6.193770e-01, time=2025-04-08 03:57:18 
jj1 = 299, max_th = 2.211375e+00, time=2025-04-08 03:59:12 
jj1 = 768, max_th = 2.182016e+00, time=2025-04-08 04:02:44 
jj1 = 256, max_th = 2.578610e+00, time=2025-04-08 04:03:04 
jj1 = 182, max_th = 2.163622e+00, time=2025-04-08 04:03:38 
jj1 = 374, max_th = 2.019865e+00, time=2025-04-08 04:06:29 
jj1 = 337, max_th = 2.335657e+00, time=2025-04-08 04:08:13 
jj1 = 606, max_th = 2.588996e+00, time=2025-04-08 04:08:29 
jj1 = 145, max_th = 1.970708e+00, time=2025-04-08 04:10:22 
jj1 = 453, max_th = 2.527939e+00, time=2025-04-08 04:11:53 
jj1 = 492, max_th = 1.895172e+00, time=2025-04-08 04:15:30 
jj1 = 746, max_th = 2.152892e+00, time=2025-04-08 04:18:01 
jj1 = 298, max_th = 1.516630e+00, time=2025-04-08 04:18:21 
jj1 = 491, max_th = 2.853370e+00, time=2025-04-08 04:19:38 
jj1 = 219, max_th = 1.922754e+00, time=2025-04-08 04:20:22 
jj1 = 181, max_th = 1.992411e+00, time=2025-04-08 04:23:19 
jj1 = 605, max_th = 1.567725e+00, time=2025-04-08 04:23:52 
jj1 = 767, max_th = 2.093749e+00, time=2025-04-08 04:24:51 
jj1 = 628, max_th = 2.138764e+00, time=2025-04-08 04:25:19 
jj1 = 490, max_th = 1.156792e+00, time=2025-04-08 04:26:52 
jj1 = 373, max_th = 2.051231e+00, time=2025-04-08 04:28:50 
jj1 = 766, max_th = 2.756046e+00, time=2025-04-08 04:31:26 
jj1 = 336, max_th = 1.830047e+00, time=2025-04-08 04:36:18 
jj1 = 144, max_th = 1.880716e+00, time=2025-04-08 04:36:22 
jj1 = 765, max_th = 2.837593e+00, time=2025-04-08 04:36:29 
jj1 = 452, max_th = 2.029298e+00, time=2025-04-08 04:38:36 
jj1 = 297, max_th = 2.487813e+00, time=2025-04-08 04:39:21 
jj1 = 548, max_th = 1.486561e+00, time=2025-04-08 04:40:06 
jj1 = 218, max_th = 1.646043e+00, time=2025-04-08 04:40:26 
jj1 = 588, max_th = 1.464246e+00, time=2025-04-08 04:41:05 
jj1 = 627, max_th = 1.596787e+00, time=2025-04-08 04:41:49 
jj1 = 745, max_th = 2.366429e+00, time=2025-04-08 04:43:03 
jj1 = 180, max_th = 2.079412e+00, time=2025-04-08 04:46:27 
jj1 = 604, max_th = 2.166101e+00, time=2025-04-08 04:47:15 
jj1 = 179, max_th = 2.844108e+00, time=2025-04-08 04:52:53 
jj1 = 451, max_th = 1.593599e+00, time=2025-04-08 04:53:16 
jj1 = 547, max_th = 2.301916e+00, time=2025-04-08 04:55:27 
jj1 = 143, max_th = 1.695320e+00, time=2025-04-08 04:56:46 
jj1 = 764, max_th = 1.771992e+00, time=2025-04-08 04:57:23 
jj1 = 217, max_th = 1.785115e+00, time=2025-04-08 04:58:45 
jj1 = 335, max_th = 2.219120e+00, time=2025-04-08 04:59:12 
jj1 = 603, max_th = 1.395090e+00, time=2025-04-08 04:59:54 
jj1 = 296, max_th = 2.128433e+00, time=2025-04-08 05:00:23 
jj1 = 626, max_th = 2.201124e+00, time=2025-04-08 05:00:34 
jj1 = 142, max_th = 1.191043e+00, time=2025-04-08 05:04:47 
jj1 = 744, max_th = 2.153203e+00, time=2025-04-08 05:05:38 
jj1 = 587, max_th = 1.957949e+00, time=2025-04-08 05:07:06 
jj1 = 708, max_th = 1.853476e+00, time=2025-04-08 05:08:27 
jj1 = 763, max_th = 1.648390e+00, time=2025-04-08 05:09:31 
jj1 = 546, max_th = 2.301656e+00, time=2025-04-08 05:14:08 
jj1 = 295, max_th = 2.505554e+00, time=2025-04-08 05:14:37 
jj1 = 728, max_th = 1.326701e+00, time=2025-04-08 05:15:17 
jj1 = 178, max_th = 1.968692e+00, time=2025-04-08 05:16:21 
jj1 = 602, max_th = 1.524786e+00, time=2025-04-08 05:17:21 
jj1 = 625, max_th = 1.617249e+00, time=2025-04-08 05:20:10 
jj1 = 334, max_th = 1.911737e+00, time=2025-04-08 05:20:30 
jj1 = 586, max_th = 1.795403e+00, time=2025-04-08 05:25:13 
jj1 = 743, max_th = 1.754896e+00, time=2025-04-08 05:27:15 
jj1 = 568, max_th = 2.762570e+00, time=2025-04-08 05:29:42 
jj1 = 648, max_th = 2.398186e+00, time=2025-04-08 05:29:57 
jj1 = 707, max_th = 2.144122e+00, time=2025-04-08 05:30:31 
jj1 = 762, max_th = 2.191362e+00, time=2025-04-08 05:31:30 
jj1 = 647, max_th = 2.938396e+00, time=2025-04-08 05:33:12 
jj1 = 141, max_th = 1.822316e+00, time=2025-04-08 05:35:34 
jj1 = 567, max_th = 1.155573e+00, time=2025-04-08 05:36:14 
jj1 = 545, max_th = 1.667029e+00, time=2025-04-08 05:36:19 
jj1 = 727, max_th = 1.421853e+00, time=2025-04-08 05:38:49 
jj1 = 668, max_th = 1.933985e+00, time=2025-04-08 05:38:50 
jj1 = 706, max_th = 1.173751e+00, time=2025-04-08 05:40:38 
jj1 = 585, max_th = 2.248677e+00, time=2025-04-08 05:40:55 
jj1 = 544, max_th = 2.915272e+00, time=2025-04-08 05:41:23 
jj1 = 624, max_th = 1.910457e+00, time=2025-04-08 05:42:42 
jj1 = 742, max_th = 2.403668e+00, time=2025-04-08 05:45:48 
jj1 = 601, max_th = 1.762504e+00, time=2025-04-08 05:46:21 
jj1 = 705, max_th = 2.405306e+00, time=2025-04-08 05:51:58 
jj1 = 600, max_th = 9.642648e-01, time=2025-04-08 05:52:02 
jj1 = 543, max_th = 1.409797e+00, time=2025-04-08 05:52:49 
jj1 = 584, max_th = 1.496825e+00, time=2025-04-08 05:53:47 
jj1 = 761, max_th = 1.904082e+00, time=2025-04-08 05:54:46 
jj1 = 623, max_th = 2.537667e+00, time=2025-04-08 05:55:02 
jj1 = 566, max_th = 1.573396e+00, time=2025-04-08 05:55:38 
jj1 = 646, max_th = 2.175507e+00, time=2025-04-08 05:56:05 
jj1 = 140, max_th = 1.729319e+00, time=2025-04-08 05:57:06 
jj1 = 139, max_th = 3.128660e+00, time=2025-04-08 05:58:51 
jj1 = 667, max_th = 2.321861e+00, time=2025-04-08 06:01:58 
jj1 = 645, max_th = 2.763593e+00, time=2025-04-08 06:02:57 
jj1 = 726, max_th = 2.269007e+00, time=2025-04-08 06:03:26 
jj1 = 741, max_th = 1.327557e+00, time=2025-04-08 06:03:34 
jj1 = 704, max_th = 2.356260e+00, time=2025-04-08 06:08:08 
jj1 = 542, max_th = 2.371421e+00, time=2025-04-08 06:10:45 
jj1 = 725, max_th = 1.191271e+00, time=2025-04-08 06:12:00 
jj1 = 599, max_th = 1.810000e+00, time=2025-04-08 06:12:11 
jj1 = 583, max_th = 2.326928e+00, time=2025-04-08 06:12:47 
jj1 = 565, max_th = 1.587772e+00, time=2025-04-08 06:13:54 
jj1 = 598, max_th = 3.037681e+00, time=2025-04-08 06:14:42 
jj1 = 666, max_th = 1.426531e+00, time=2025-04-08 06:15:24 
jj1 = 760, max_th = 2.634079e+00, time=2025-04-08 06:16:30 
jj1 = 582, max_th = 2.795786e+00, time=2025-04-08 06:19:27 
jj1 = 644, max_th = 1.321284e+00, time=2025-04-08 06:19:33 
jj1 = 688, max_th = 2.405106e+00, time=2025-04-08 06:19:49 
jj1 = 597, max_th = 2.548028e+00, time=2025-04-08 06:26:08 
jj1 = 596, max_th = 9.102054e-01, time=2025-04-08 06:28:17 
jj1 = 740, max_th = 1.883426e+00, time=2025-04-08 06:28:49 
jj1 = 541, max_th = 2.050724e+00, time=2025-04-08 06:28:52 
jj1 = 724, max_th = 2.100178e+00, time=2025-04-08 06:30:00 
jj1 = 564, max_th = 2.436037e+00, time=2025-04-08 06:33:10 
jj1 = 703, max_th = 2.052014e+00, time=2025-04-08 06:33:38 
jj1 = 622, max_th = 2.653699e+00, time=2025-04-08 06:33:45 
jj1 = 581, max_th = 1.659104e+00, time=2025-04-08 06:34:19 
jj1 = 540, max_th = 8.435307e-01, time=2025-04-08 06:36:56 
jj1 = 665, max_th = 1.776071e+00, time=2025-04-08 06:37:06 
jj1 = 643, max_th = 2.202444e+00, time=2025-04-08 06:38:47 
jj1 = 759, max_th = 2.262720e+00, time=2025-04-08 06:39:22 
jj1 = 687, max_th = 1.845909e+00, time=2025-04-08 06:40:33 
jj1 = 686, max_th = -4.221132e-02, time=2025-04-08 06:41:37 
jj1 = 758, max_th = 2.812384e+00, time=2025-04-08 06:46:19 
jj1 = 580, max_th = 1.649831e+00, time=2025-04-08 06:49:03 
jj1 = 642, max_th = 1.392348e+00, time=2025-04-08 06:50:18 
jj1 = 739, max_th = 3.075064e+00, time=2025-04-08 06:50:19 
jj1 = 621, max_th = 1.955310e+00, time=2025-04-08 06:52:21 
jj1 = 723, max_th = 2.385013e+00, time=2025-04-08 06:52:37 
jj1 = 595, max_th = 1.579566e+00, time=2025-04-08 06:56:20 
jj1 = 664, max_th = 2.027776e+00, time=2025-04-08 06:59:06 
jj1 = 702, max_th = 1.964666e+00, time=2025-04-08 07:00:07 
jj1 = 563, max_th = 1.721350e+00, time=2025-04-08 07:00:31 
jj1 = 722, max_th = 2.733114e+00, time=2025-04-08 07:02:19 
jj1 = 641, max_th = 2.490927e+00, time=2025-04-08 07:02:21 
jj1 = 539, max_th = 2.535617e+00, time=2025-04-08 07:05:27 
jj1 = 579, max_th = 2.099266e+00, time=2025-04-08 07:07:56 
jj1 = 738, max_th = 2.303687e+00, time=2025-04-08 07:08:47 
jj1 = 685, max_th = 2.751410e+00, time=2025-04-08 07:08:55 
jj1 = 684, max_th = 9.584472e-01, time=2025-04-08 07:13:15 
jj1 = 594, max_th = 2.407950e+00, time=2025-04-08 07:13:19 
jj1 = 757, max_th = 2.073065e+00, time=2025-04-08 07:14:56 
jj1 = 756, max_th = 2.903770e-01, time=2025-04-08 07:15:41 
jj1 = 538, max_th = 2.616999e+00, time=2025-04-08 07:16:24 
jj1 = 701, max_th = 2.279594e+00, time=2025-04-08 07:16:51 
jj1 = 700, max_th = 4.112945e-01, time=2025-04-08 07:17:34 
jj1 = 721, max_th = 1.633283e+00, time=2025-04-08 07:19:36 
jj1 = 699, max_th = 3.063838e+00, time=2025-04-08 07:20:21 
jj1 = 640, max_th = 1.702558e+00, time=2025-04-08 07:21:23 
jj1 = 620, max_th = 1.841090e+00, time=2025-04-08 07:21:39 
jj1 = 737, max_th = 1.318599e+00, time=2025-04-08 07:22:02 
jj1 = 639, max_th = 4.273029e-01, time=2025-04-08 07:22:18 
jj1 = 562, max_th = 2.360825e+00, time=2025-04-08 07:22:50 
jj1 = 698, max_th = 2.953928e+00, time=2025-04-08 07:24:21 
jj1 = 663, max_th = 2.175941e+00, time=2025-04-08 07:28:09 
jj1 = 561, max_th = 1.203055e+00, time=2025-04-08 07:28:56 
jj1 = 683, max_th = 1.135330e+00, time=2025-04-08 07:29:28 
jj1 = 697, max_th = 3.953906e+00, time=2025-04-08 07:29:39 
jj1 = 619, max_th = 1.011583e+00, time=2025-04-08 07:30:18 
jj1 = 578, max_th = 1.937223e+00, time=2025-04-08 07:30:43 
jj1 = 593, max_th = 1.760818e+00, time=2025-04-08 07:31:37 
jj1 = 696, max_th = 2.992086e+00, time=2025-04-08 07:32:41 
jj1 = 537, max_th = 1.848342e+00, time=2025-04-08 07:34:32 
jj1 = 720, max_th = 2.442955e+00, time=2025-04-08 07:36:13 
jj1 = 736, max_th = 1.563654e+00, time=2025-04-08 07:39:49 
jj1 = 719, max_th = 2.973610e+00, time=2025-04-08 07:40:49 
jj1 = 755, max_th = 2.329462e+00, time=2025-04-08 07:42:05 
jj1 = 536, max_th = 2.813190e+00, time=2025-04-08 07:44:48 
jj1 = 682, max_th = 1.525129e+00, time=2025-04-08 07:44:59 
jj1 = 638, max_th = 1.877068e+00, time=2025-04-08 07:46:48 
jj1 = 592, max_th = 1.564623e+00, time=2025-04-08 07:47:06 
jj1 = 560, max_th = 1.604714e+00, time=2025-04-08 07:47:22 
jj1 = 591, max_th = -3.958988e-02, time=2025-04-08 07:47:55 
jj1 = 590, max_th = 3.150211e+00, time=2025-04-08 07:49:23 
jj1 = 695, max_th = 2.569122e+00, time=2025-04-08 07:51:44 
jj1 = 577, max_th = 2.104075e+00, time=2025-04-08 07:52:56 
jj1 = 618, max_th = 1.861373e+00, time=2025-04-08 07:53:22 
jj1 = 662, max_th = 1.706032e+00, time=2025-04-08 07:55:43 
jj1 = 617, max_th = 3.017246e+00, time=2025-04-08 07:58:17 
jj1 = 681, max_th = 1.721993e+00, time=2025-04-08 07:58:23 
jj1 = 735, max_th = 1.533358e+00, time=2025-04-08 07:58:38 
jj1 = 559, max_th = 1.799743e+00, time=2025-04-08 08:00:33 
jj1 = 718, max_th = 2.086598e+00, time=2025-04-08 08:03:32 
jj1 = 637, max_th = 2.470099e+00, time=2025-04-08 08:04:54 
jj1 = 535, max_th = 1.947110e+00, time=2025-04-08 08:05:38 
jj1 = 576, max_th = 2.245368e+00, time=2025-04-08 08:07:21 
jj1 = 694, max_th = 1.476240e+00, time=2025-04-08 08:12:37 
jj1 = 754, max_th = 2.225413e+00, time=2025-04-08 08:13:47 
jj1 = 661, max_th = 1.897257e+00, time=2025-04-08 08:15:33 
jj1 = 734, max_th = 2.351155e+00, time=2025-04-08 08:17:09 
jj1 = 589, max_th = 1.880352e+00, time=2025-04-08 08:17:41 
jj1 = 616, max_th = 1.875517e+00, time=2025-04-08 08:19:27 
jj1 = 693, max_th = 1.022679e+00, time=2025-04-08 08:19:50 
jj1 = 680, max_th = 1.535541e+00, time=2025-04-08 08:20:09 
jj1 = 534, max_th = 9.746753e-01, time=2025-04-08 08:20:23 
jj1 = 615, max_th = 3.021348e+00, time=2025-04-08 08:22:54 
jj1 = 753, max_th = 2.250013e+00, time=2025-04-08 08:24:40 
jj1 = 558, max_th = 1.880777e+00, time=2025-04-08 08:24:44 
jj1 = 717, max_th = 1.841488e+00, time=2025-04-08 08:24:51 
jj1 = 636, max_th = 1.855247e+00, time=2025-04-08 08:24:57 
jj1 = 575, max_th = 2.331709e+00, time=2025-04-08 08:27:47 
jj1 = 679, max_th = 2.676950e+00, time=2025-04-08 08:30:52 
jj1 = 692, max_th = 1.377420e+00, time=2025-04-08 08:32:31 
jj1 = 798, max_th = 2.251421e+00, time=2025-04-08 08:34:39 
jj1 = 733, max_th = 2.396188e+00, time=2025-04-08 08:34:39 
jj1 = 533, max_th = 1.678826e+00, time=2025-04-08 08:36:42 
jj1 = 614, max_th = 2.578187e+00, time=2025-04-08 08:37:22 
jj1 = 660, max_th = 1.882964e+00, time=2025-04-08 08:39:56 
jj1 = 557, max_th = 2.382410e+00, time=2025-04-08 08:44:53 
jj1 = 635, max_th = 1.981106e+00, time=2025-04-08 08:45:22 
jj1 = 716, max_th = 1.679519e+00, time=2025-04-08 08:47:05 
jj1 = 574, max_th = 1.979231e+00, time=2025-04-08 08:47:54 
jj1 = 678, max_th = 2.359438e+00, time=2025-04-08 08:48:42 
jj1 = 797, max_th = 1.804929e+00, time=2025-04-08 08:49:35 
jj1 = 634, max_th = 2.825912e+00, time=2025-04-08 08:53:48 
jj1 = 677, max_th = 1.106474e+00, time=2025-04-08 08:54:04 
jj1 = 573, max_th = 1.119778e+00, time=2025-04-08 08:54:56 
jj1 = 691, max_th = 2.242189e+00, time=2025-04-08 08:55:46 
jj1 = 752, max_th = 2.076936e+00, time=2025-04-08 08:56:19 
jj1 = 796, max_th = 1.156089e+00, time=2025-04-08 08:56:36 
jj1 = 613, max_th = 1.808357e+00, time=2025-04-08 08:58:12 
jj1 = 732, max_th = 1.960554e+00, time=2025-04-08 08:59:24 
jj1 = 659, max_th = 1.985424e+00, time=2025-04-08 09:04:24 
jj1 = 532, max_th = 1.917811e+00, time=2025-04-08 09:05:09 
jj1 = 731, max_th = 1.049850e+00, time=2025-04-08 09:05:18 
jj1 = 715, max_th = 1.661068e+00, time=2025-04-08 09:05:30 
jj1 = 556, max_th = 1.927948e+00, time=2025-04-08 09:10:30 
jj1 = 658, max_th = 1.071085e+00, time=2025-04-08 09:11:18 
jj1 = 572, max_th = 2.104346e+00, time=2025-04-08 09:14:02 
jj1 = 676, max_th = 2.248590e+00, time=2025-04-08 09:14:13 
jj1 = 633, max_th = 1.934381e+00, time=2025-04-08 09:15:54 
jj1 = 690, max_th = 1.855626e+00, time=2025-04-08 09:16:05 
jj1 = 751, max_th = 2.100831e+00, time=2025-04-08 09:16:23 
jj1 = 555, max_th = 1.367035e+00, time=2025-04-08 09:16:48 
jj1 = 730, max_th = 2.392343e+00, time=2025-04-08 09:17:40 
jj1 = 612, max_th = 1.690998e+00, time=2025-04-08 09:17:56 
jj1 = 714, max_th = 2.614994e+00, time=2025-04-08 09:18:16 
jj1 = 632, max_th = 2.946222e+00, time=2025-04-08 09:19:21 
jj1 = 531, max_th = 1.607197e+00, time=2025-04-08 09:19:41 
jj1 = 795, max_th = 1.818732e+00, time=2025-04-08 09:21:14 
jj1 = 675, max_th = 1.486858e+00, time=2025-04-08 09:27:59 
jj1 = 689, max_th = 2.556800e+00, time=2025-04-08 09:28:57 
jj1 = 530, max_th = 2.741520e+00, time=2025-04-08 09:29:22 
jj1 = 571, max_th = 1.950495e+00, time=2025-04-08 09:30:22 
jj1 = 713, max_th = 2.443551e+00, time=2025-04-08 09:33:47 
jj1 = 631, max_th = 1.603083e+00, time=2025-04-08 09:35:37 
jj1 = 657, max_th = 1.839265e+00, time=2025-04-08 09:35:53 
jj1 = 794, max_th = 2.701659e+00, time=2025-04-08 09:36:46 
jj1 = 750, max_th = 1.816093e+00, time=2025-04-08 09:36:57 
jj1 = 611, max_th = 1.758022e+00, time=2025-04-08 09:37:31 
jj1 = 554, max_th = 1.721257e+00, time=2025-04-08 09:39:56 
jj1 = 630, max_th = 1.010312e+00, time=2025-04-08 09:41:38 
jj1 = 529, max_th = 1.370784e+00, time=2025-04-08 09:43:01 
jj1 = 729, max_th = 2.087930e+00, time=2025-04-08 09:43:50 
jj1 = 674, max_th = 2.314769e+00, time=2025-04-08 09:44:44 
jj1 = 553, max_th = 2.834693e+00, time=2025-04-08 09:44:53 
jj1 = 570, max_th = 1.227024e+00, time=2025-04-08 09:45:00 
jj1 = 749, max_th = 9.360427e-01, time=2025-04-08 09:48:36 
jj1 = 712, max_th = 1.851041e+00, time=2025-04-08 09:52:25 
jj1 = 838, max_th = 2.003955e+00, time=2025-04-08 09:52:34 
jj1 = 656, max_th = 2.417759e+00, time=2025-04-08 09:55:12 
jj1 = 837, max_th = 2.852476e+00, time=2025-04-08 09:57:43 
jj1 = 629, max_th = 2.377404e+00, time=2025-04-08 09:57:48 
jj1 = 569, max_th = 2.436814e+00, time=2025-04-08 09:58:38 
jj1 = 610, max_th = 1.888184e+00, time=2025-04-08 10:01:22 
jj1 = 818, max_th = 1.977577e+00, time=2025-04-08 10:06:02 
jj1 = 778, max_th = 2.033830e+00, time=2025-04-08 10:06:56 
jj1 = 793, max_th = 2.008115e+00, time=2025-04-08 10:07:22 
jj1 = 711, max_th = 2.459450e+00, time=2025-04-08 10:09:52 
jj1 = 655, max_th = 2.354589e+00, time=2025-04-08 10:10:30 
jj1 = 673, max_th = 2.024324e+00, time=2025-04-08 10:11:59 
jj1 = 788, max_th = 2.241636e+00, time=2025-04-08 10:13:43 
jj1 = 609, max_th = 1.396497e+00, time=2025-04-08 10:14:47 
jj1 = 552, max_th = 2.555496e+00, time=2025-04-08 10:17:01 
jj1 = 710, max_th = 2.523516e+00, time=2025-04-08 10:17:34 
jj1 = 836, max_th = 1.804528e+00, time=2025-04-08 10:18:12 
jj1 = 868, max_th = 2.143468e+00, time=2025-04-08 10:18:51 
jj1 = 828, max_th = 1.767921e+00, time=2025-04-08 10:20:09 
jj1 = 792, max_th = 1.755563e+00, time=2025-04-08 10:23:38 
jj1 = 817, max_th = 1.394215e+00, time=2025-04-08 10:26:03 
jj1 = 816, max_th = 3.180392e+00, time=2025-04-08 10:27:11 
jj1 = 654, max_th = 1.835347e+00, time=2025-04-08 10:27:19 
jj1 = 777, max_th = 1.831149e+00, time=2025-04-08 10:32:41 
jj1 = 827, max_th = 2.581058e+00, time=2025-04-08 10:34:52 
jj1 = 835, max_th = 2.064094e+00, time=2025-04-08 10:35:00 
jj1 = 776, max_th = 9.037512e-01, time=2025-04-08 10:35:27 
jj1 = 672, max_th = 2.085396e+00, time=2025-04-08 10:36:27 
jj1 = 653, max_th = 2.026245e+00, time=2025-04-08 10:36:59 
jj1 = 808, max_th = 1.668056e+00, time=2025-04-08 10:37:24 
jj1 = 787, max_th = 2.014253e+00, time=2025-04-08 10:37:47 
jj1 = 867, max_th = 2.429806e+00, time=2025-04-08 10:39:10 
jj1 = 551, max_th = 1.987382e+00, time=2025-04-08 10:40:56 
jj1 = 709, max_th = 2.024104e+00, time=2025-04-08 10:41:48 
jj1 = 791, max_th = 1.736199e+00, time=2025-04-08 10:45:22 
jj1 = 866, max_th = 1.022465e+00, time=2025-04-08 10:46:54 
jj1 = 826, max_th = 1.600551e+00, time=2025-04-08 10:47:47 
jj1 = 807, max_th = 1.416627e+00, time=2025-04-08 10:48:35 
jj1 = 652, max_th = 2.595935e+00, time=2025-04-08 10:49:12 
jj1 = 815, max_th = 1.867649e+00, time=2025-04-08 10:49:40 
jj1 = 834, max_th = 2.509511e+00, time=2025-04-08 10:51:03 
jj1 = 790, max_th = 1.116520e+00, time=2025-04-08 10:52:51 
jj1 = 671, max_th = 1.900432e+00, time=2025-04-08 10:53:31 
jj1 = 865, max_th = 1.273372e+00, time=2025-04-08 10:56:42 
jj1 = 825, max_th = 1.272824e+00, time=2025-04-08 10:57:42 
jj1 = 775, max_th = 2.270282e+00, time=2025-04-08 10:57:50 
jj1 = 786, max_th = 2.209961e+00, time=2025-04-08 10:58:52 
jj1 = 806, max_th = 2.466052e+00, time=2025-04-08 11:02:48 
jj1 = 824, max_th = 8.844155e-01, time=2025-04-08 11:03:09 
jj1 = 651, max_th = 1.572920e+00, time=2025-04-08 11:07:28 
jj1 = 550, max_th = 1.826472e+00, time=2025-04-08 11:07:42 
jj1 = 864, max_th = 2.627041e+00, time=2025-04-08 11:07:47 
jj1 = 814, max_th = 1.640680e+00, time=2025-04-08 11:10:56 
jj1 = 833, max_th = 2.165814e+00, time=2025-04-08 11:11:33 
jj1 = 670, max_th = 2.102808e+00, time=2025-04-08 11:12:44 
jj1 = 785, max_th = 1.409112e+00, time=2025-04-08 11:14:22 
jj1 = 848, max_th = 2.090809e+00, time=2025-04-08 11:14:46 
jj1 = 805, max_th = 1.507539e+00, time=2025-04-08 11:15:09 
jj1 = 789, max_th = 2.127088e+00, time=2025-04-08 11:15:40 
jj1 = 669, max_th = 2.826411e+00, time=2025-04-08 11:17:34 
jj1 = 774, max_th = 2.236939e+00, time=2025-04-08 11:17:38 
jj1 = 893, max_th = 4.613970e-01, time=2025-04-08 11:18:39 
jj1 = 813, max_th = 2.603769e+00, time=2025-04-08 11:21:23 
jj1 = 823, max_th = 1.963188e+00, time=2025-04-08 11:25:47 
jj1 = 888, max_th = 2.642486e+00, time=2025-04-08 11:26:37 
jj1 = 549, max_th = 1.382555e+00, time=2025-04-08 11:26:39 
jj1 = 650, max_th = 2.018499e+00, time=2025-04-08 11:28:27 
jj1 = 863, max_th = 2.285426e+00, time=2025-04-08 11:29:10 
jj1 = 847, max_th = 2.260284e+00, time=2025-04-08 11:36:03 
jj1 = 832, max_th = 2.126921e+00, time=2025-04-08 11:36:12 
jj1 = 887, max_th = 1.342662e+00, time=2025-04-08 11:36:36 
jj1 = 804, max_th = 1.859359e+00, time=2025-04-08 11:36:59 
jj1 = 649, max_th = 2.724913e+00, time=2025-04-08 11:37:38 
jj1 = 812, max_th = 1.843243e+00, time=2025-04-08 11:38:13 
jj1 = 784, max_th = 1.921515e+00, time=2025-04-08 11:40:52 
jj1 = 892, max_th = 1.948675e+00, time=2025-04-08 11:41:22 
jj1 = 773, max_th = 1.329463e+00, time=2025-04-08 11:42:57 
jj1 = 862, max_th = 2.387930e+00, time=2025-04-08 11:45:43 
jj1 = 878, max_th = 1.817998e+00, time=2025-04-08 11:48:32 
jj1 = 891, max_th = 1.289811e+00, time=2025-04-08 11:49:36 
jj1 = 822, max_th = 1.695293e+00, time=2025-04-08 11:49:46 
jj1 = 861, max_th = 7.424107e-01, time=2025-04-08 11:51:28 
jj1 = 858, max_th = 1.604477e+00, time=2025-04-08 11:52:30 
jj1 = 886, max_th = 1.533344e+00, time=2025-04-08 11:55:25 
jj1 = 831, max_th = 2.001048e+00, time=2025-04-08 11:56:20 
jj1 = 877, max_th = 1.493922e+00, time=2025-04-08 11:59:34 
jj1 = 846, max_th = 2.005148e+00, time=2025-04-08 11:59:43 
jj1 = 811, max_th = 2.214560e+00, time=2025-04-08 12:00:59 
jj1 = 803, max_th = 2.074014e+00, time=2025-04-08 12:01:36 
jj1 = 876, max_th = 1.163639e+00, time=2025-04-08 12:08:41 
jj1 = 772, max_th = 1.906968e+00, time=2025-04-08 12:08:55 
jj1 = 860, max_th = 2.087788e+00, time=2025-04-08 12:09:35 
jj1 = 885, max_th = 2.492498e+00, time=2025-04-08 12:09:43 
jj1 = 890, max_th = 2.418576e+00, time=2025-04-08 12:10:21 
jj1 = 783, max_th = 1.973477e+00, time=2025-04-08 12:12:24 
jj1 = 830, max_th = 2.408348e+00, time=2025-04-08 12:12:44 
jj1 = 857, max_th = 2.136117e+00, time=2025-04-08 12:14:01 
jj1 = 821, max_th = 1.881252e+00, time=2025-04-08 12:15:32 
jj1 = 802, max_th = 2.430708e+00, time=2025-04-08 12:18:40 
jj1 = 845, max_th = 1.907172e+00, time=2025-04-08 12:19:48 
jj1 = 810, max_th = 2.091033e+00, time=2025-04-08 12:21:19 
jj1 = 771, max_th = 2.389529e+00, time=2025-04-08 12:25:19 
jj1 = 844, max_th = 7.498935e-01, time=2025-04-08 12:25:50 
jj1 = 875, max_th = 2.051431e+00, time=2025-04-08 12:28:41 
jj1 = 889, max_th = 2.305362e+00, time=2025-04-08 12:29:19 
jj1 = 884, max_th = 1.937264e+00, time=2025-04-08 12:30:50 
jj1 = 809, max_th = 1.359357e+00, time=2025-04-08 12:31:57 
jj1 = 829, max_th = 1.583111e+00, time=2025-04-08 12:33:40 
jj1 = 856, max_th = 2.187544e+00, time=2025-04-08 12:34:43 
jj1 = 859, max_th = 2.021419e+00, time=2025-04-08 12:35:00 
jj1 = 801, max_th = 1.740218e+00, time=2025-04-08 12:36:06 
jj1 = 820, max_th = 1.944893e+00, time=2025-04-08 12:37:21 
jj1 = 782, max_th = 1.918646e+00, time=2025-04-08 12:38:40 
jj1 = 855, max_th = 1.256175e+00, time=2025-04-08 12:43:20 
jj1 = 770, max_th = 2.294755e+00, time=2025-04-08 12:44:21 
jj1 = 898, max_th = 1.314881e+00, time=2025-04-08 12:46:17 
jj1 = 843, max_th = 1.707765e+00, time=2025-04-08 12:46:24 
jj1 = 800, max_th = 1.089492e+00, time=2025-04-08 12:46:49 
jj1 = 874, max_th = 2.128932e+00, time=2025-04-08 12:47:56 
jj1 = 918, max_th = 1.752382e+00, time=2025-04-08 12:53:05 
jj1 = 842, max_th = 9.975483e-01, time=2025-04-08 12:53:18 
jj1 = 938, max_th = 1.814770e+00, time=2025-04-08 12:54:35 
jj1 = 883, max_th = 2.224631e+00, time=2025-04-08 12:56:04 
jj1 = 903, max_th = 1.985338e+00, time=2025-04-08 12:57:14 
jj1 = 854, max_th = 1.572316e+00, time=2025-04-08 12:58:02 
jj1 = 799, max_th = 1.175279e+00, time=2025-04-08 12:58:36 
jj1 = 853, max_th = 3.101983e+00, time=2025-04-08 12:58:53 
jj1 = 781, max_th = 1.965784e+00, time=2025-04-08 13:01:08 
jj1 = 928, max_th = 1.097683e+00, time=2025-04-08 13:04:16 
jj1 = 819, max_th = 2.135125e+00, time=2025-04-08 13:04:39 
jj1 = 769, max_th = 2.328901e+00, time=2025-04-08 13:05:42 
jj1 = 852, max_th = 2.632773e+00, time=2025-04-08 13:05:54 
jj1 = 882, max_th = 2.613176e+00, time=2025-04-08 13:07:34 
jj1 = 937, max_th = 2.279753e+00, time=2025-04-08 13:08:09 
jj1 = 897, max_th = 1.747780e+00, time=2025-04-08 13:10:43 
jj1 = 873, max_th = 2.007196e+00, time=2025-04-08 13:10:52 
jj1 = 902, max_th = 1.850111e+00, time=2025-04-08 13:13:59 
jj1 = 923, max_th = 1.352919e+00, time=2025-04-08 13:15:21 
jj1 = 841, max_th = 1.867965e+00, time=2025-04-08 13:16:20 
jj1 = 922, max_th = 2.887901e+00, time=2025-04-08 13:17:36 
jj1 = 917, max_th = 2.083000e+00, time=2025-04-08 13:20:48 
jj1 = 851, max_th = 2.353812e+00, time=2025-04-08 13:22:08 
jj1 = 901, max_th = 2.666426e+00, time=2025-04-08 13:26:03 
jj1 = 872, max_th = 2.248204e+00, time=2025-04-08 13:26:51 
jj1 = 896, max_th = 2.218851e+00, time=2025-04-08 13:26:55 
jj1 = 780, max_th = 1.934445e+00, time=2025-04-08 13:26:58 
jj1 = 927, max_th = 2.064893e+00, time=2025-04-08 13:29:56 
jj1 = 936, max_th = 1.883877e+00, time=2025-04-08 13:30:28 
jj1 = 895, max_th = 6.955931e-01, time=2025-04-08 13:31:02 
jj1 = 908, max_th = 1.982118e+00, time=2025-04-08 13:32:52 
jj1 = 881, max_th = 2.070669e+00, time=2025-04-08 13:32:59 
jj1 = 921, max_th = 2.321991e+00, time=2025-04-08 13:34:56 
jj1 = 840, max_th = 2.269082e+00, time=2025-04-08 13:36:05 
jj1 = 894, max_th = 1.032054e+00, time=2025-04-08 13:37:22 
jj1 = 900, max_th = 1.433941e+00, time=2025-04-08 13:37:52 
jj1 = 880, max_th = 8.315971e-01, time=2025-04-08 13:37:56 
jj1 = 916, max_th = 2.277010e+00, time=2025-04-08 13:38:20 
jj1 = 779, max_th = 1.419604e+00, time=2025-04-08 13:42:33 
jj1 = 926, max_th = 1.440971e+00, time=2025-04-08 13:43:02 
jj1 = 850, max_th = 1.488514e+00, time=2025-04-08 13:44:44 
jj1 = 913, max_th = 7.624002e-01, time=2025-04-08 13:45:57 
jj1 = 964, max_th = 1.239386e+00, time=2025-04-08 13:47:14 
jj1 = 920, max_th = 1.599935e+00, time=2025-04-08 13:47:27 
jj1 = 871, max_th = 2.180055e+00, time=2025-04-08 13:47:39 
jj1 = 935, max_th = 1.670895e+00, time=2025-04-08 13:51:46 
jj1 = 915, max_th = 2.555649e+00, time=2025-04-08 13:52:07 
jj1 = 907, max_th = 1.596779e+00, time=2025-04-08 13:54:04 
jj1 = 849, max_th = 2.678831e+00, time=2025-04-08 13:56:37 
jj1 = 899, max_th = 2.311208e+00, time=2025-04-08 13:58:54 
jj1 = 879, max_th = 1.812942e+00, time=2025-04-08 14:00:57 
jj1 = 963, max_th = 2.587813e+00, time=2025-04-08 14:01:01 
jj1 = 919, max_th = 1.490970e+00, time=2025-04-08 14:01:07 
jj1 = 914, max_th = 1.229457e+00, time=2025-04-08 14:02:07 
jj1 = 943, max_th = 1.042142e+00, time=2025-04-08 14:03:27 
jj1 = 942, max_th = -7.281600e-02, time=2025-04-08 14:04:31 
jj1 = 960, max_th = 2.569182e+00, time=2025-04-08 14:05:42 
jj1 = 839, max_th = 2.081375e+00, time=2025-04-08 14:06:13 
jj1 = 925, max_th = 2.269270e+00, time=2025-04-08 14:07:45 
jj1 = 870, max_th = 1.694818e+00, time=2025-04-08 14:11:47 
jj1 = 934, max_th = 1.941796e+00, time=2025-04-08 14:16:49 
jj1 = 912, max_th = 1.891679e+00, time=2025-04-08 14:18:49 
jj1 = 933, max_th = 1.242331e+00, time=2025-04-08 14:20:31 
jj1 = 911, max_th = 6.312604e-01, time=2025-04-08 14:21:21 
jj1 = 906, max_th = 2.174008e+00, time=2025-04-08 14:21:57 
jj1 = 968, max_th = 1.854043e+00, time=2025-04-08 14:24:05 
jj1 = 962, max_th = 1.774145e+00, time=2025-04-08 14:24:18 
jj1 = 956, max_th = 2.723837e+00, time=2025-04-08 14:27:35 
jj1 = 952, max_th = 2.041967e+00, time=2025-04-08 14:27:41 
jj1 = 976, max_th = 1.910893e+00, time=2025-04-08 14:27:48 
jj1 = 941, max_th = 1.610807e+00, time=2025-04-08 14:28:00 
jj1 = 905, max_th = 2.752116e+00, time=2025-04-08 14:31:50 
jj1 = 924, max_th = 1.573101e+00, time=2025-04-08 14:33:13 
jj1 = 959, max_th = 2.113323e+00, time=2025-04-08 14:34:01 
jj1 = 975, max_th = 1.405122e+00, time=2025-04-08 14:39:59 
jj1 = 932, max_th = 1.786525e+00, time=2025-04-08 14:44:12 
jj1 = 869, max_th = 1.993010e+00, time=2025-04-08 14:46:09 
jj1 = 955, max_th = 2.530946e+00, time=2025-04-08 14:48:03 
jj1 = 961, max_th = 1.683541e+00, time=2025-04-08 14:48:26 
jj1 = 940, max_th = 1.647322e+00, time=2025-04-08 14:50:21 
jj1 = 954, max_th = 2.987644e+00, time=2025-04-08 14:50:46 
jj1 = 904, max_th = 1.201241e+00, time=2025-04-08 14:51:43 
jj1 = 910, max_th = 2.181226e+00, time=2025-04-08 14:52:34 
jj1 = 958, max_th = 1.407953e+00, time=2025-04-08 14:53:47 
jj1 = 951, max_th = 1.628772e+00, time=2025-04-08 14:56:12 
jj1 = 974, max_th = 2.617246e+00, time=2025-04-08 14:56:55 
jj1 = 967, max_th = 2.158778e+00, time=2025-04-08 14:57:15 
jj1 = 909, max_th = 1.253999e+00, time=2025-04-08 15:02:46 
jj1 = 972, max_th = 1.882953e+00, time=2025-04-08 15:04:16 
jj1 = 953, max_th = 1.542448e+00, time=2025-04-08 15:13:16 
jj1 = 939, max_th = 1.759249e+00, time=2025-04-08 15:13:22 
jj1 = 980, max_th = 2.354080e+00, time=2025-04-08 15:14:22 
jj1 = 984, max_th = 1.675490e+00, time=2025-04-08 15:14:57 
jj1 = 966, max_th = 2.322116e+00, time=2025-04-08 15:15:22 
jj1 = 988, max_th = 2.458593e+00, time=2025-04-08 15:22:35 
jj1 = 950, max_th = 2.224772e+00, time=2025-04-08 15:23:14 
jj1 = 973, max_th = 1.792214e+00, time=2025-04-08 15:23:51 
jj1 = 971, max_th = 1.585328e+00, time=2025-04-08 15:26:20 
jj1 = 957, max_th = 2.301845e+00, time=2025-04-08 15:26:27 
jj1 = 948, max_th = 1.919471e+00, time=2025-04-08 15:33:35 
jj1 = 998, max_th = 1.332979e+00, time=2025-04-08 15:37:37 
jj1 = 979, max_th = 2.364758e+00, time=2025-04-08 15:37:58 
jj1 = 949, max_th = 2.553927e+00, time=2025-04-08 15:38:21 
jj1 = 931, max_th = 2.249358e+00, time=2025-04-08 15:39:29 
jj1 = 997, max_th = 2.323793e+00, time=2025-04-08 15:42:40 
jj1 = 987, max_th = 2.407571e+00, time=2025-04-08 15:43:45 
jj1 = 983, max_th = 1.693005e+00, time=2025-04-08 15:46:29 
jj1 = 986, max_th = 2.992765e+00, time=2025-04-08 15:47:44 
jj1 = 965, max_th = 1.820643e+00, time=2025-04-08 15:48:57 
jj1 = 970, max_th = 2.437319e+00, time=2025-04-08 15:49:41 
jj1 = 992, max_th = 1.176942e+00, time=2025-04-08 15:53:09 
jj1 = 991, max_th = -3.646400e-02, time=2025-04-08 15:53:42 
jj1 = 996, max_th = 1.775535e+00, time=2025-04-08 15:56:38 
jj1 = 930, max_th = 1.355496e+00, time=2025-04-08 15:57:06 
jj1 = 978, max_th = 2.178872e+00, time=2025-04-08 15:57:12 
jj1 = 947, max_th = 1.984984e+00, time=2025-04-08 16:02:15 
jj1 = 985, max_th = 2.413084e+00, time=2025-04-08 16:03:43 
jj1 = 982, max_th = 1.987748e+00, time=2025-04-08 16:04:37 
jj1 = 977, max_th = 2.502781e+00, time=2025-04-08 16:09:47 
jj1 = 969, max_th = 1.778645e+00, time=2025-04-08 16:11:30 
jj1 = 990, max_th = 2.586573e+00, time=2025-04-08 16:11:32 
jj1 = 999, max_th = 2.034065e+00, time=2025-04-08 16:12:01 
jj1 = 946, max_th = 1.595889e+00, time=2025-04-08 16:17:07 
jj1 = 995, max_th = 2.386982e+00, time=2025-04-08 16:17:17 
jj1 = 929, max_th = 1.809401e+00, time=2025-04-08 16:18:13 
jj1 = 945, max_th = 9.208277e-01, time=2025-04-08 16:20:27 
jj1 = 981, max_th = 2.292192e+00, time=2025-04-08 16:22:54 
jj1 = 994, max_th = 2.785984e+00, time=2025-04-08 16:24:57 
jj1 = 944, max_th = 2.738182e+00, time=2025-04-08 16:26:39 
jj1 = 993, max_th = 1.150852e+00, time=2025-04-08 16:32:59 
jj1 = 989, max_th = 1.930366e+00, time=2025-04-08 16:37:49 
jj1 = 1000, max_th = 1.978984e+00, time=2025-04-08 16:38:23 
>> >> >> >> >> >> >> >> >> 