MATLAB is selecting SOFTWARE OPENGL rendering.

                            < M A T L A B (R) >
                  Copyright 1984-2021 The MathWorks, Inc.
                  R2021b (9.11.0.1769968) 64-bit (glnxa64)
                             September 17, 2021

 
To get started, type doc.
For product information, visit www.mathworks.com.
 
>> >> >> >> >> >> >> >> >> >> >> >> >> >> >> >> >> >> >> Starting parallel pool (parpool) using the 'local' profile ...
[Warning: A task was unexpectedly found in state: Unavailable.] 
[> In parallel.cluster.Local/deriveJobStateFromTasks (line 29)
In parallel.cluster/Local/getJobState (line 174)
In parallel.cluster/CJSCluster/hGetJobState (line 375)
In parallel.internal.cluster/CJSJobMixin/hGetStateEnum (line 175)
In parallel/Job/get.StateEnum (line 247)
In parallel/Job/get.State (line 239)
In parallel.internal.customattr.CustomGetSet>iVectorisedGetHelper (line 128)
In parallel.internal.customattr.CustomGetSet>@(a,b,c)iVectorisedGetHelper(obj,a,b,c) (line 102)
In parallel.internal.customattr/CustomGetSet/doVectorisedGet (line 103)
In parallel.internal.customattr/CustomGetSet/hVectorisedGet (line 76)
In parallel.internal.customattr.GetSetImpl>iAccessProperties (line 322)
In parallel.internal.customattr.GetSetImpl>iGetAllPropertiesVec (line 264)
In parallel.internal.customattr/GetSetImpl/getImpl (line 133)
In parallel.internal.customattr.CustomGetSet>iHetFunGetFunction (line 154)
In parallel.internal.customattr.CustomGetSet>@(o)iHetFunGetFunction(o,props) (line 139)
In parallel.internal.cluster.hetfun (line 46)
In parallel.internal.customattr.CustomGetSet>iHetFunGetProperty (line 139)
In parallel.internal.customattr/CustomGetSet/get (line 38)
In parallel.internal.pool/AbstractInteractiveClient/pRemoveOldJobs (line 211)
In parallel.internal.pool/AbstractInteractiveClient/start (line 103)
In parallel.internal.pool.AbstractClusterPool>iStartClient (line 831)
In parallel.internal.pool/AbstractClusterPool/hBuildPool (line 585)
In parallel.internal.pool.doParpool (line 22)
In parpool (line 123)
In parallel.internal.parpool.getOrCreateCurrentPool (line 17)
In parallel.internal.pool/PoolArrayManager/getOrAutoCreateWithCleanup (line 44)
In pctTryCreatePoolIfNecessary (line 28)
In parallel_function (line 423)
In fn_measure (line 41)] 
Connected to the parallel pool (number of workers: 12).
Error of vP is 6.670126e-08 
Error of vP is 5.007873e-08 
Error of vP is 9.227682e-08 
Error of vP is 5.330095e-08 
Error of vP is 1.116212e-07 
Error of vP is 8.130253e-08 
Error of vP is 6.517582e-08 
Error of vP is 6.291168e-08 
Error of vP is 5.223200e-08 
Error of vP is 6.141181e-08 
Error of vP is 5.207941e-08 
Error of vP is 6.676808e-08 
Error of vP is 5.781503e-08 
Error of vP is 1.274695e-07 
Error of vP is 5.554717e-08 
Error of vP is 9.110467e-08 
Error of vP is 5.491278e-08 
Error of vP is 5.929985e-08 
Error of vP is 5.048823e-08 
Error of vP is 8.711494e-08 
Error of vP is 8.851325e-08 
Error of vP is 5.443711e-08 
Error of vP is 7.556075e-08 
Error of vP is 6.782912e-08 
Error of vP is 1.358719e-07 
Error of vP is 6.885141e-08 
Error of vP is 8.566821e-08 
Error of vP is 1.092295e-07 
Error of vP is 5.907679e-08 
Error of vP is 5.702692e-08 
Error of vP is 5.689264e-08 
Error of vP is 5.281437e-08 
Error of vP is 5.508650e-08 
Error of vP is 5.494162e-08 
Error of vP is 6.999443e-08 
Error of vP is 1.867145e-07 
Error of vP is 1.413779e-07 
Error of vP is 7.153261e-08 
Error of vP is 7.774326e-08 
Error of vP is 8.224972e-08 
Error of vP is 9.053792e-08 
Error of vP is 7.237028e-08 
Error of vP is 6.749587e-08 
Error of vP is 1.422451e-07 
Error of vP is 1.448229e-07 
Error of vP is 9.771774e-08 
Error of vP is 5.815287e-08 
Error of vP is 1.396479e-07 
Error of vP is 1.776184e-07 
Error of vP is 5.353655e-08 
Error of vP is 5.558286e-08 
Error of vP is 5.744089e-08 
Error of vP is 7.220459e-08 
Error of vP is 6.483152e-08 
Error of vP is 6.373092e-08 
Error of vP is 2.320253e-07 
Error of vP is 3.402357e-07 
Error of vP is 2.568488e-07 
Error of vP is 1.164939e-07 
Error of vP is 2.099205e-07 
Error of vP is 5.065753e-08 
Error of vP is 5.537375e-08 
Error of vP is 8.327108e-08 
Error of vP is 6.237553e-08 
Error of vP is 1.372452e-07 
Error of vP is 1.523505e-07 
Error of vP is 1.607103e-07 
Error of vP is 9.243696e-08 
Error of vP is 1.401098e-07 
Error of vP is 5.824837e-08 
Error of vP is 9.443462e-08 
Error of vP is 2.112344e-07 
Error of vP is 2.170258e-07 
Error of vP is 1.082174e-07 
Error of vP is 2.098169e-07 
Error of vP is 9.359741e-08 
Error of vP is 6.857192e-08 
Error of vP is 1.061327e-07 
Error of vP is 9.325516e-08 
Error of vP is 1.219559e-07 
Error of vP is 1.268108e-07 
Error of vP is 2.678753e-07 
Error of vP is 6.497764e-08 
Error of vP is 5.411368e-08 
Error of vP is 2.630817e-07 
Error of vP is 1.343425e-07 
Error of vP is 2.046041e-07 
Error of vP is 2.930234e-07 
Error of vP is 3.993590e-07 
Error of vP is 2.057336e-07 
Error of vP is 2.625125e-07 
Error of vP is 1.966799e-07 
Error of vP is 2.566219e-07 
Error of vP is 7.295604e-08 
Error of vP is 2.266442e-07 
Error of vP is 1.874659e-07 
Error of vP is 1.986397e-07 
Error of vP is 1.087471e-07 
Error of vP is 6.651698e-08 
Error of vP is 1.843599e-07 
Error of vP is 6.564292e-08 
Error of vP is 1.794865e-07 
Error of vP is 6.567860e-08 
Error of vP is 1.166681e-07 
Error of vP is 1.791884e-07 
Error of vP is 1.719086e-07 
Error of vP is 2.007893e-07 
Error of vP is 2.279822e-07 
Error of vP is 2.617055e-07 
Error of vP is 1.987729e-07 
Error of vP is 2.927311e-07 
Error of vP is 1.502332e-07 
Error of vP is 1.206838e-07 
Error of vP is 2.974030e-07 
Error of vP is 5.986154e-07 
Error of vP is 3.592480e-07 
Error of vP is 1.534075e-07 
Error of vP is 3.667880e-07 
Error of vP is 1.141754e-07 
Error of vP is 1.766381e-07 
Error of vP is 2.240926e-07 
Error of vP is 8.484518e-08 
Error of vP is 5.904197e-08 
Error of vP is 6.403211e-08 
Error of vP is 6.809399e-08 
Error of vP is 7.225094e-08 
Error of vP is 5.000391e-08 
Error of vP is 5.891882e-08 
Error of vP is 1.135479e-07 
Error of vP is 7.713022e-08 
Error of vP is 8.586159e-08 
Error of vP is 7.320727e-08 
Error of vP is 5.233845e-08 
Error of vP is 5.506334e-08 
Error of vP is 6.810674e-08 
Error of vP is 7.969022e-08 
Error of vP is 8.792614e-08 
Error of vP is 5.548028e-08 
Error of vP is 7.356452e-08 
Error of vP is 6.627111e-08 
Error of vP is 8.392585e-08 
Error of vP is 9.416465e-08 
Error of vP is 8.202092e-08 
Error of vP is 8.988161e-08 
Error of vP is 5.019647e-08 
Error of vP is 8.087602e-08 
Error of vP is 5.959369e-08 
Error of vP is 6.607947e-08 
Error of vP is 5.452377e-08 
Error of vP is 5.982338e-08 
Error of vP is 5.349845e-08 
Error of vP is 5.159509e-08 
Error of vP is 6.663068e-08 
Error of vP is 8.503356e-08 
Error of vP is 8.697124e-08 
Error of vP is 5.906456e-08 
Error of vP is 5.861668e-08 
Error of vP is 9.680519e-08 
Error of vP is 7.381135e-08 
Error of vP is 8.041912e-08 
Error of vP is 1.288808e-07 
Error of vP is 6.032461e-08 
Error of vP is 8.924343e-08 
Error of vP is 5.559306e-08 
Error of vP is 6.319924e-08 
Error of vP is 6.431649e-08 
Error of vP is 5.015322e-08 
Error of vP is 7.177582e-08 
Error of vP is 7.704055e-08 
Error of vP is 1.832382e-07 
Error of vP is 1.469101e-07 
Error of vP is 6.559927e-08 
Error of vP is 1.049077e-07 
Error of vP is 5.375329e-08 
Error of vP is 7.216765e-08 
Error of vP is 8.651089e-08 
Error of vP is 9.073311e-08 
Error of vP is 6.688886e-08 
Error of vP is 7.761156e-08 
Error of vP is 9.050094e-08 
Error of vP is 1.348515e-07 
Error of vP is 5.412513e-08 
Error of vP is 1.802746e-07 
Error of vP is 5.964628e-08 
Error of vP is 1.051049e-07 
Error of vP is 5.103241e-08 
Error of vP is 5.124766e-08 
Error of vP is 7.542130e-08 
Error of vP is 5.332971e-08 
Error of vP is 5.228101e-08 
Error of vP is 1.036456e-07 
Error of vP is 5.965734e-08 
Error of vP is 1.198246e-07 
Error of vP is 6.289021e-08 
Error of vP is 5.845491e-08 
Error of vP is 7.266863e-08 
Error of vP is 1.184399e-07 
Error of vP is 1.614031e-07 
Error of vP is 1.046128e-07 
Error of vP is 7.538035e-08 
Error of vP is 6.172661e-08 
Error of vP is 8.533107e-08 
Error of vP is 8.352314e-08 
Error of vP is 5.059455e-08 
Error of vP is 8.078834e-08 
Error of vP is 5.322725e-08 
Error of vP is 8.946741e-08 
Error of vP is 1.551832e-07 
Error of vP is 1.305323e-07 
Error of vP is 1.586777e-07 
Error of vP is 6.381630e-08 
Error of vP is 6.749417e-08 
Error of vP is 6.515353e-08 
Error of vP is 5.547395e-08 
Error of vP is 1.279853e-07 
Error of vP is 9.751469e-08 
Error of vP is 1.016053e-07 
Error of vP is 1.920145e-07 
Error of vP is 1.684429e-07 
Error of vP is 9.827990e-08 
Error of vP is 5.465447e-07 
Error of vP is 8.336791e-07 
Error of vP is 3.971900e-07 
Error of vP is 6.988748e-07 
Error of vP is 5.854583e-07 
Error of vP is 6.943625e-08 
Error of vP is 8.920372e-07 
Error of vP is 7.393363e-08 
Error of vP is 2.026704e-07 
Error of vP is 5.769454e-07 
Error of vP is 2.345526e-07 
Error of vP is 2.276265e-07 
Error of vP is 1.094878e-07 
Error of vP is 1.121676e-06 
Error of vP is 5.704957e-08 
Error of vP is 4.960506e-07 
Error of vP is 5.660893e-08 
Error of vP is 9.757195e-07 
Error of vP is 1.299870e-06 
Error of vP is 2.714865e-07 
Error of vP is 7.104366e-07 
Error of vP is 4.084651e-07 
Error of vP is 2.610009e-07 
Error of vP is 4.277179e-07 
Error of vP is 4.780533e-07 
Error of vP is 3.228564e-07 
Error of vP is 1.031718e-06 
Error of vP is 8.488252e-07 
Error of vP is 9.673244e-07 
Error of vP is 8.327905e-07 
Error of vP is 1.978810e-07 
Error of vP is 4.556876e-07 
Error of vP is 1.427586e-06 
Error of vP is 2.625396e-07 
Error of vP is 3.646310e-07 
Error of vP is 5.266203e-07 
Error of vP is 1.150608e-06 
Error of vP is 6.113726e-07 
Error of vP is 6.593767e-07 
Error of vP is 2.289569e-06 
Error of vP is 2.062551e-06 
Error of vP is 7.513539e-07 
Error of vP is 1.896663e-06 
Error of vP is 1.463509e-06 
Error of vP is 1.623168e-06 
Error of vP is 1.685966e-06 
Error of vP is 1.779485e-06 
Error of vP is 7.706029e-07 
Error of vP is 2.021321e-06 
Error of vP is 2.086977e-06 
Error of vP is 1.570800e-06 
Error of vP is 7.462006e-08 
Error of vP is 6.990930e-08 
Error of vP is 7.623563e-08 
Error of vP is 5.054504e-08 
Error of vP is 5.494768e-08 
Error of vP is 5.253241e-08 
Error of vP is 5.428621e-08 
Error of vP is 6.626096e-08 
Error of vP is 6.524491e-08 
Error of vP is 5.992555e-08 
Error of vP is 1.169677e-07 
Error of vP is 2.334844e-07 
Error of vP is 8.971300e-08 
Error of vP is 7.463434e-08 
Error of vP is 7.730084e-08 
Error of vP is 2.988670e-07 
Error of vP is 3.723008e-07 
Error of vP is 2.005859e-07 
Error of vP is 9.109469e-08 
Error of vP is 9.553970e-08 
Error of vP is 9.208590e-08 
Error of vP is 5.398249e-08 
Error of vP is 1.035728e-07 
Error of vP is 7.556466e-08 
Error of vP is 7.738594e-08 
Error of vP is 8.767036e-08 
Error of vP is 1.386980e-07 
Error of vP is 2.580178e-07 
Error of vP is 1.186799e-07 
Error of vP is 1.011603e-07 
Error of vP is 8.434269e-08 
Error of vP is 1.973715e-07 
Error of vP is 9.052394e-08 
Error of vP is 5.136974e-08 
Error of vP is 1.052660e-07 
Error of vP is 1.363159e-07 
Error of vP is 1.071621e-07 
Error of vP is 1.289129e-07 
Error of vP is 1.661805e-07 
Error of vP is 5.590652e-08 
Error of vP is 1.068800e-07 
Error of vP is 6.957800e-08 
Error of vP is 8.095443e-08 
Error of vP is 6.622633e-08 
Error of vP is 6.538642e-08 
Error of vP is 7.168558e-08 
Error of vP is 7.581343e-08 
Error of vP is 7.389885e-08 
Error of vP is 5.146329e-08 
Error of vP is 7.581276e-08 
Error of vP is 1.362875e-06 
Error of vP is 1.235733e-07 
Error of vP is 1.271700e-07 
Error of vP is 5.803975e-08 
Error of vP is 6.128070e-08 
Error of vP is 5.245654e-08 
Error of vP is 6.725040e-08 
Error of vP is 5.457048e-08 
Error of vP is 1.510749e-07 
Error of vP is 2.334140e-07 
Error of vP is 8.359693e-08 
Error of vP is 6.013816e-08 
Error of vP is 2.418580e-07 
Error of vP is 5.373322e-08 
Error of vP is 7.973530e-08 
Error of vP is 3.375161e-07 
Error of vP is 3.154166e-07 
Error of vP is 6.108223e-08 
Error of vP is 5.773076e-08 
Error of vP is 7.080979e-07 
Error of vP is 2.578016e-07 
Error of vP is 9.267756e-08 
Error of vP is 2.925292e-07 
Error of vP is 4.574051e-07 
Error of vP is 1.202987e-07 
Error of vP is 4.627020e-07 
Error of vP is 2.477778e-07 
Error of vP is 7.015932e-07 
Error of vP is 4.059059e-07 
Error of vP is 2.874178e-07 
Error of vP is 2.405955e-07 
Error of vP is 1.292428e-07 
Error of vP is 1.762426e-07 
Error of vP is 2.220961e-07 
Error of vP is 2.925779e-07 
Error of vP is 1.067863e-07 
Error of vP is 6.806605e-07 
Error of vP is 5.951651e-07 
Error of vP is 4.163165e-07 
Error of vP is 5.425867e-08 
Error of vP is 5.071424e-07 
Error of vP is 4.159829e-07 
Error of vP is 7.130007e-08 
Error of vP is 2.937316e-07 
Error of vP is 8.415887e-08 
Error of vP is 3.192499e-07 
Error of vP is 5.619707e-07 
Error of vP is 7.113693e-08 
Error of vP is 1.658812e-07 
Error of vP is 9.433895e-08 
Error of vP is 1.029237e-07 
Error of vP is 7.814453e-08 
Error of vP is 5.261279e-08 
Error of vP is 7.492439e-08 
Error of vP is 1.771904e-07 
Error of vP is 1.409054e-07 
Error of vP is 2.053332e-07 
Error of vP is 7.282918e-08 
Error of vP is 5.001454e-08 
Error of vP is 6.247942e-08 
Error of vP is 1.149492e-07 
Error of vP is 5.460485e-08 
Error of vP is 8.968971e-08 
Error of vP is 1.726823e-07 
Error of vP is 2.028839e-07 
Error of vP is 5.749232e-08 
Error of vP is 7.341627e-08 
Error of vP is 8.403209e-08 
Error of vP is 6.250681e-08 
Error of vP is 1.983165e-07 
Error of vP is 1.636403e-07 
Error of vP is 8.829208e-08 
Error of vP is 1.262050e-07 
Error of vP is 7.220513e-08 
Error of vP is 1.020342e-07 
Error of vP is 1.511839e-07 
Error of vP is 9.418605e-08 
Error of vP is 8.948733e-08 
Error of vP is 5.944734e-08 
Error of vP is 1.067683e-07 
Error of vP is 5.119730e-08 
Error of vP is 8.625236e-08 
Error of vP is 8.460828e-08 
Error of vP is 5.594621e-08 
Error of vP is 5.468461e-08 
Error of vP is 5.815915e-08 
Error of vP is 8.656277e-08 
Error of vP is 8.387800e-08 
Error of vP is 5.405030e-08 
Error of vP is 1.433509e-07 
Error of vP is 5.388350e-08 
Error of vP is 1.761234e-07 
Error of vP is 8.177944e-08 
Error of vP is 8.121418e-08 
Error of vP is 2.142490e-07 
Error of vP is 1.118280e-07 
Error of vP is 5.551901e-08 
Error of vP is 1.178770e-07 
Error of vP is 1.587596e-07 
Error of vP is 1.290915e-07 
Error of vP is 1.765751e-07 
Error of vP is 1.946710e-07 
Error of vP is 1.294026e-06 
Error of vP is 7.096734e-08 
Error of vP is 5.274368e-07 
Error of vP is 7.465208e-07 
Error of vP is 6.892562e-08 
Error of vP is 6.213723e-08 
Error of vP is 7.548361e-08 
Error of vP is 5.048014e-08 
Error of vP is 6.291908e-08 
Error of vP is 5.574312e-08 
Error of vP is 6.801248e-08 
Error of vP is 1.205519e-07 
Error of vP is 5.378261e-08 
Error of vP is 5.856642e-08 
Error of vP is 6.134835e-08 
Error of vP is 1.282711e-07 
Error of vP is 6.056306e-08 
Error of vP is 5.616451e-08 
Error of vP is 6.223516e-08 
Error of vP is 5.711078e-08 
Error of vP is 6.139447e-08 
Error of vP is 1.135400e-07 
Error of vP is 1.764521e-07 
Error of vP is 9.217704e-08 
Error of vP is 7.667280e-08 
Error of vP is 2.057560e-07 
Error of vP is 7.406662e-08 
Error of vP is 3.297812e-07 
Error of vP is 5.113889e-07 
Error of vP is 1.863913e-07 
Error of vP is 8.313518e-08 
Error of vP is 1.258546e-07 
Error of vP is 9.307702e-08 
Error of vP is 1.299783e-07 
Error of vP is 1.749957e-07 
Error of vP is 3.172414e-07 
Error of vP is 1.168995e-07 
Error of vP is 6.932652e-08 
Error of vP is 1.989243e-07 
Error of vP is 9.324509e-08 
Error of vP is 1.247977e-07 
Error of vP is 1.362746e-07 
Error of vP is 2.018767e-07 
Error of vP is 3.054584e-07 
Error of vP is 1.542646e-07 
Error of vP is 1.264915e-07 
Error of vP is 1.828068e-07 
Error of vP is 1.875281e-07 
Error of vP is 1.622574e-07 
Error of vP is 6.271725e-08 
Error of vP is 9.070940e-08 
Error of vP is 9.931933e-08 
Error of vP is 8.522767e-08 
Error of vP is 6.436256e-08 
Error of vP is 6.612685e-08 
Error of vP is 6.352531e-08 
Error of vP is 8.807682e-08 
Error of vP is 1.209484e-07 
Error of vP is 1.024777e-07 
Error of vP is 1.305506e-07 
Error of vP is 9.960841e-08 
Error of vP is 6.903238e-08 
Error of vP is 9.575919e-08 
Error of vP is 7.634048e-08 
Error of vP is 1.182565e-07 
Error of vP is 8.960922e-08 
Error of vP is 5.309329e-08 
Error of vP is 1.148094e-07 
Error of vP is 6.745359e-08 
Error of vP is 7.680537e-08 
Error of vP is 1.128034e-07 
Error of vP is 1.171252e-07 
Error of vP is 1.398051e-07 
Error of vP is 9.434367e-08 
Error of vP is 1.176788e-07 
Error of vP is 1.741860e-07 
Error of vP is 6.292328e-08 
Error of vP is 5.300370e-08 
Error of vP is 7.914407e-08 
Error of vP is 5.416033e-08 
Error of vP is 1.381335e-07 
Error of vP is 7.385146e-08 
Error of vP is 8.850899e-08 
Error of vP is 1.050151e-07 
Error of vP is 6.073215e-08 
Error of vP is 6.089018e-08 
Error of vP is 9.769149e-08 
Error of vP is 7.528013e-08 
Error of vP is 5.166388e-08 
Error of vP is 2.566448e-07 
Error of vP is 1.880688e-07 
Error of vP is 1.042792e-07 
Error of vP is 1.441194e-07 
Error of vP is 7.007723e-08 
Error of vP is 6.308047e-08 
Error of vP is 1.092783e-07 
Error of vP is 9.239211e-08 
Error of vP is 6.036833e-08 
Error of vP is 9.602455e-08 
Error of vP is 9.227521e-08 
Error of vP is 1.681490e-07 
Error of vP is 5.614837e-08 
Error of vP is 8.486199e-08 
Error of vP is 3.513971e-07 
Error of vP is 1.781132e-07 
Error of vP is 3.385140e-07 
Error of vP is 2.473348e-07 
Error of vP is 5.447220e-08 
Error of vP is 8.243393e-08 
Error of vP is 6.574435e-08 
Error of vP is 5.895291e-08 
Error of vP is 8.697600e-08 
Error of vP is 7.482562e-08 
Error of vP is 9.052454e-08 
Error of vP is 7.069015e-08 
Error of vP is 9.635810e-08 
Error of vP is 8.048303e-08 
Error of vP is 1.103151e-07 
Error of vP is 8.144829e-08 
Error of vP is 1.076000e-07 
Error of vP is 1.217827e-07 
Error of vP is 7.020243e-08 
Error of vP is 8.088996e-08 
Error of vP is 7.887448e-08 
Error of vP is 6.953027e-08 
Error of vP is 7.079376e-08 
Error of vP is 1.005364e-07 
Error of vP is 1.536807e-07 
Error of vP is 3.388539e-07 
Error of vP is 2.917719e-07 
Error of vP is 2.655714e-07 
Error of vP is 6.611690e-08 
Error of vP is 7.865087e-08 
Error of vP is 5.579016e-08 
Error of vP is 5.354792e-08 
Error of vP is 5.817776e-08 
Error of vP is 6.292993e-08 
Error of vP is 9.487999e-08 
Error of vP is 7.156930e-08 
Error of vP is 9.178235e-08 
Error of vP is 6.032525e-08 
Error of vP is 9.225859e-08 
Error of vP is 7.343730e-08 
Error of vP is 9.668355e-08 
Error of vP is 5.252448e-08 
Error of vP is 1.065699e-07 
Error of vP is 1.381761e-07 
Error of vP is 7.162146e-08 
Error of vP is 6.310616e-08 
Error of vP is 7.245936e-08 
Error of vP is 5.094558e-08 
Error of vP is 1.467992e-07 
Error of vP is 6.045413e-08 
Error of vP is 5.325440e-08 
Error of vP is 7.058863e-08 
Error of vP is 6.061189e-08 
Error of vP is 5.654074e-08 
Error of vP is 1.469774e-07 
Error of vP is 8.112134e-08 
Error of vP is 9.942157e-08 
Error of vP is 5.044777e-08 
Error of vP is 7.342248e-08 
Error of vP is 8.819049e-08 
Error of vP is 7.366603e-08 
Error of vP is 6.340186e-08 
Error of vP is 8.630242e-08 
Error of vP is 5.633122e-08 
Error of vP is 7.306972e-08 
Error of vP is 1.275474e-07 
Error of vP is 5.062381e-08 
Error of vP is 5.322357e-08 
Error of vP is 6.891233e-08 
Error of vP is 1.008633e-07 
Error of vP is 1.500579e-07 
Error of vP is 1.085022e-07 
Error of vP is 9.978166e-08 
Error of vP is 6.245520e-08 
Error of vP is 5.520705e-08 
Error of vP is 1.030202e-07 
Error of vP is 1.196588e-07 
Error of vP is 7.581924e-08 
Error of vP is 1.517389e-07 
Error of vP is 1.124569e-07 
Error of vP is 6.493609e-08 
Error of vP is 9.403937e-08 
Error of vP is 7.519121e-08 
Error of vP is 1.272480e-07 
Error of vP is 7.386034e-08 
Error of vP is 6.592503e-08 
Error of vP is 5.405398e-08 
Error of vP is 9.039052e-08 
Error of vP is 1.550906e-07 
Error of vP is 9.294100e-08 
Error of vP is 1.003528e-07 
Error of vP is 1.655567e-07 
Error of vP is 9.951332e-08 
Error of vP is 1.477114e-07 
Error of vP is 1.051120e-07 
Error of vP is 9.338136e-08 
Error of vP is 1.082060e-07 
Error of vP is 1.364257e-07 
Error of vP is 5.174490e-08 
Error of vP is 5.472499e-08 
Error of vP is 7.128025e-08 
Error of vP is 1.001235e-07 
Error of vP is 9.462782e-08 
Error of vP is 1.092753e-07 
Error of vP is 2.159314e-07 
Error of vP is 1.074269e-07 
Error of vP is 1.720644e-07 
Error of vP is 8.577742e-08 
Error of vP is 2.121596e-07 
Error of vP is 1.147032e-07 
Error of vP is 6.468930e-08 
Error of vP is 5.414620e-08 
Error of vP is 1.266582e-07 
Error of vP is 7.229727e-08 
Error of vP is 5.139213e-08 
Error of vP is 1.488532e-07 
Error of vP is 1.307016e-07 
Error of vP is 1.277769e-07 
Error of vP is 9.806892e-08 
Error of vP is 1.302036e-07 
Error of vP is 6.315378e-08 
Error of vP is 1.639754e-07 
Error of vP is 5.701289e-08 
Error of vP is 2.097753e-07 
Error of vP is 5.336405e-08 
Error of vP is 5.837317e-08 
Error of vP is 8.560250e-08 
Error of vP is 5.113683e-08 
Error of vP is 8.029247e-08 
Error of vP is 7.650410e-08 
Error of vP is 5.371802e-08 
Error of vP is 5.394637e-08 
Error of vP is 1.028677e-07 
Error of vP is 1.119286e-07 
Error of vP is 9.245728e-08 
Error of vP is 7.052520e-08 
Error of vP is 6.811375e-08 
Error of vP is 5.596190e-08 
Error of vP is 1.002371e-07 
Error of vP is 8.072267e-08 
Error of vP is 7.304680e-08 
Error of vP is 6.217796e-08 
Error of vP is 5.760425e-08 
Error of vP is 5.108366e-08 
Error of vP is 6.591968e-08 
Error of vP is 7.708163e-08 
Error of vP is 9.160419e-08 
Error of vP is 7.019034e-08 
Error of vP is 6.426133e-08 
Error of vP is 9.278047e-08 
Error of vP is 1.922584e-07 
Error of vP is 8.287302e-08 
Error of vP is 5.892564e-08 
Error of vP is 1.399090e-07 
Error of vP is 1.293798e-07 
Error of vP is 1.507288e-07 
Error of vP is 8.938615e-08 
Error of vP is 5.348868e-08 
Error of vP is 1.129987e-07 
Error of vP is 6.214429e-08 
Error of vP is 6.200996e-08 
Error of vP is 5.535373e-08 
Error of vP is 6.225235e-08 
Error of vP is 5.186316e-08 
Error of vP is 7.428019e-08 
Error of vP is 6.695961e-08 
Error of vP is 6.205037e-08 
Error of vP is 6.175225e-08 
Error of vP is 7.038776e-08 
Error of vP is 7.213127e-08 
Error of vP is 5.923476e-08 
Error of vP is 5.610804e-08 
Error of vP is 9.961195e-08 
Error of vP is 1.401556e-07 
Error of vP is 7.884765e-08 
Error of vP is 5.299562e-08 
Error of vP is 6.659981e-08 
Error of vP is 1.053733e-07 
Error of vP is 5.896725e-08 
Error of vP is 6.350860e-08 
Error of vP is 9.122255e-08 
Error of vP is 6.525958e-08 
Error of vP is 5.365321e-08 
Error of vP is 9.910790e-08 
Error of vP is 7.035196e-08 
Error of vP is 1.026992e-07 
Error of vP is 5.438397e-08 
Error of vP is 5.288155e-08 
Error of vP is 6.031727e-08 
Error of vP is 8.771354e-08 
Error of vP is 5.944683e-08 
Error of vP is 5.404732e-08 
Error of vP is 1.186691e-07 
Error of vP is 6.703618e-08 
Error of vP is 1.008950e-07 
Error of vP is 7.213035e-08 
Error of vP is 7.380346e-08 
Error of vP is 8.476678e-08 
Error of vP is 5.061663e-08 
Error of vP is 2.244418e-07 
Error of vP is 1.763704e-07 
Error of vP is 1.428322e-07 
Error of vP is 8.227440e-08 
Error of vP is 6.554282e-08 
Error of vP is 8.735055e-08 
Error of vP is 9.731002e-08 
Error of vP is 8.166735e-08 
Error of vP is 6.829855e-08 
Error of vP is 5.422182e-08 
Error of vP is 9.433713e-08 
Error of vP is 9.261500e-08 
Error of vP is 6.917331e-08 
Error of vP is 6.564699e-08 
Error of vP is 2.244745e-07 
Error of vP is 1.781906e-07 
Error of vP is 1.589043e-07 
Error of vP is 1.186824e-07 
Error of vP is 1.210917e-07 
Error of vP is 1.463413e-07 
Error of vP is 1.940552e-07 
Error of vP is 9.055462e-08 
Error of vP is 1.055538e-07 
Error of vP is 8.778207e-08 
Error of vP is 1.170397e-07 
Error of vP is 2.334948e-07 
Error of vP is 1.001487e-07 
Error of vP is 7.530859e-08 
Error of vP is 1.117036e-07 
Error of vP is 2.925710e-07 
Error of vP is 2.952931e-07 
Error of vP is 1.214990e-07 
Error of vP is 1.182399e-07 
Error of vP is 3.074084e-07 
Error of vP is 1.365327e-07 
Error of vP is 1.309466e-07 
Error of vP is 1.008297e-07 
Error of vP is 1.006092e-07 
Error of vP is 2.362509e-07 
Error of vP is 2.544849e-07 
Error of vP is 1.545944e-07 
Error of vP is 1.763659e-07 
Error of vP is 1.482578e-07 
Error of vP is 5.627361e-08 
Error of vP is 1.010803e-07 
Error of vP is 4.390898e-07 
Error of vP is 9.306064e-08 
Error of vP is 8.262102e-08 
Error of vP is 9.111698e-08 
Error of vP is 3.129889e-07 
Error of vP is 1.773640e-07 
Error of vP is 6.171253e-08 
Error of vP is 5.694942e-07 
Error of vP is 2.961913e-07 
Error of vP is 2.097183e-07 
Error of vP is 8.846880e-08 
Error of vP is 5.105758e-07 
Error of vP is 4.206731e-07 
Error of vP is 4.062032e-07 
>> >> 
endtime =

   3.9643e+04

>> >> >> >> >> >> 