MATLAB is selecting SOFTWARE OPENGL rendering.

                            < M A T L A B (R) >
                  Copyright 1984-2021 The MathWorks, Inc.
                  R2021b (9.11.0.1769968) 64-bit (glnxa64)
                             September 17, 2021

 
To get started, type doc.
For product information, visit www.mathworks.com.
 
>> >> >> >> >> >> >> >> >> >> >> >> >> >> >> >> >> >> >> >> >> >> >> >> >> >> Starting parallel pool (parpool) using the 'local' profile ...
[Warning: A task was unexpectedly found in state: Unavailable.] 
[> In parallel.cluster.Local/deriveJobStateFromTasks (line 29)
In parallel.cluster/Local/getJobState (line 174)
In parallel.cluster/CJSCluster/hGetJobState (line 375)
In parallel.internal.cluster/CJSJobMixin/hGetStateEnum (line 175)
In parallel/Job/get.StateEnum (line 247)
In parallel/Job/get.State (line 239)
In parallel.internal.customattr.CustomGetSet>iVectorisedGetHelper (line 128)
In parallel.internal.customattr.CustomGetSet>@(a,b,c)iVectorisedGetHelper(obj,a,b,c) (line 102)
In parallel.internal.customattr/CustomGetSet/doVectorisedGet (line 103)
In parallel.internal.customattr/CustomGetSet/hVectorisedGet (line 76)
In parallel.internal.customattr.GetSetImpl>iAccessProperties (line 322)
In parallel.internal.customattr.GetSetImpl>iGetAllPropertiesVec (line 264)
In parallel.internal.customattr/GetSetImpl/getImpl (line 133)
In parallel.internal.customattr.CustomGetSet>iHetFunGetFunction (line 154)
In parallel.internal.customattr.CustomGetSet>@(o)iHetFunGetFunction(o,props) (line 139)
In parallel.internal.cluster.hetfun (line 46)
In parallel.internal.customattr.CustomGetSet>iHetFunGetProperty (line 139)
In parallel.internal.customattr/CustomGetSet/get (line 38)
In parallel.internal.pool/AbstractInteractiveClient/pRemoveOldJobs (line 211)
In parallel.internal.pool/AbstractInteractiveClient/start (line 103)
In parallel.internal.pool.AbstractClusterPool>iStartClient (line 831)
In parallel.internal.pool/AbstractClusterPool/hBuildPool (line 585)
In parallel.internal.pool.doParpool (line 22)
In parpool (line 123)
In parallel.internal.parpool.getOrCreateCurrentPool (line 17)
In parallel.internal.pool/PoolArrayManager/getOrAutoCreateWithCleanup (line 44)
In pctTryCreatePoolIfNecessary (line 28)
In parallel_function (line 423)] 
Connected to the parallel pool (number of workers: 12).
jj1 = 35, max_th = 8.974832e-01, time=2025-04-15 09:56:34 
jj1 = 20, max_th = 2.974462e+00, time=2025-04-15 09:57:16 
jj1 = 40, max_th = 2.771365e+00, time=2025-04-15 10:00:30 
jj1 = 25, max_th = 1.574914e+00, time=2025-04-15 10:02:55 
jj1 = 5, max_th = 1.373914e+00, time=2025-04-15 10:05:17 
jj1 = 30, max_th = 2.576833e+00, time=2025-04-15 10:05:40 
jj1 = 45, max_th = 1.504357e+00, time=2025-04-15 10:06:18 
jj1 = 29, max_th = 7.805811e-01, time=2025-04-15 10:09:02 
jj1 = 55, max_th = 1.656005e+00, time=2025-04-15 10:10:51 
jj1 = 10, max_th = 1.722110e+00, time=2025-04-15 10:11:48 
jj1 = 60, max_th = 2.148439e+00, time=2025-04-15 10:12:20 
jj1 = 50, max_th = 1.886540e+00, time=2025-04-15 10:15:59 
jj1 = 15, max_th = 2.025721e+00, time=2025-04-15 10:16:07 
jj1 = 34, max_th = 1.976845e+00, time=2025-04-15 10:18:30 
jj1 = 44, max_th = 2.411232e+00, time=2025-04-15 10:19:45 
jj1 = 4, max_th = 2.402054e+00, time=2025-04-15 10:20:21 
jj1 = 19, max_th = 2.224037e+00, time=2025-04-15 10:21:02 
jj1 = 39, max_th = 2.234480e+00, time=2025-04-15 10:22:58 
jj1 = 59, max_th = 1.322218e+00, time=2025-04-15 10:23:15 
jj1 = 18, max_th = 2.675782e+00, time=2025-04-15 10:26:44 
jj1 = 54, max_th = 1.438840e+00, time=2025-04-15 10:27:56 
jj1 = 9, max_th = 2.344753e+00, time=2025-04-15 10:28:20 
jj1 = 24, max_th = 1.771123e+00, time=2025-04-15 10:28:46 
jj1 = 8, max_th = 8.119720e-01, time=2025-04-15 10:31:11 
jj1 = 28, max_th = 1.978671e+00, time=2025-04-15 10:33:20 
jj1 = 49, max_th = 1.643593e+00, time=2025-04-15 10:34:48 
jj1 = 14, max_th = 1.692347e+00, time=2025-04-15 10:34:55 
jj1 = 3, max_th = 1.564357e+00, time=2025-04-15 10:35:10 
jj1 = 58, max_th = 1.315067e+00, time=2025-04-15 10:35:34 
jj1 = 53, max_th = 1.436187e+00, time=2025-04-15 10:39:30 
jj1 = 43, max_th = 2.243526e+00, time=2025-04-15 10:40:25 
jj1 = 33, max_th = 1.895041e+00, time=2025-04-15 10:40:46 
jj1 = 52, max_th = 2.912242e+00, time=2025-04-15 10:43:20 
jj1 = 42, max_th = 9.041606e-01, time=2025-04-15 10:43:27 
jj1 = 7, max_th = 1.430241e+00, time=2025-04-15 10:46:19 
jj1 = 13, max_th = 2.524906e+00, time=2025-04-15 10:46:49 
jj1 = 17, max_th = 2.047445e+00, time=2025-04-15 10:47:09 
jj1 = 38, max_th = 2.035788e+00, time=2025-04-15 10:48:53 
jj1 = 41, max_th = 1.134427e+00, time=2025-04-15 10:49:44 
jj1 = 23, max_th = 1.778888e+00, time=2025-04-15 10:50:42 
jj1 = 48, max_th = 1.803144e+00, time=2025-04-15 10:52:25 
jj1 = 27, max_th = 1.796073e+00, time=2025-04-15 10:54:04 
jj1 = 57, max_th = 2.335589e+00, time=2025-04-15 10:55:34 
jj1 = 2, max_th = 1.758239e+00, time=2025-04-15 10:56:51 
jj1 = 32, max_th = 2.403982e+00, time=2025-04-15 10:59:05 
jj1 = 16, max_th = 1.556592e+00, time=2025-04-15 11:01:31 
jj1 = 1, max_th = 1.060979e+00, time=2025-04-15 11:02:50 
jj1 = 411, max_th = 2.149304e+00, time=2025-04-15 11:06:35 
jj1 = 51, max_th = 1.809490e+00, time=2025-04-15 11:06:57 
jj1 = 47, max_th = 1.483737e+00, time=2025-04-15 11:07:06 
jj1 = 410, max_th = 3.117960e+00, time=2025-04-15 11:08:31 
jj1 = 6, max_th = 1.766811e+00, time=2025-04-15 11:08:44 
jj1 = 31, max_th = 1.257699e+00, time=2025-04-15 11:09:14 
jj1 = 12, max_th = 2.062901e+00, time=2025-04-15 11:10:03 
jj1 = 37, max_th = 2.166238e+00, time=2025-04-15 11:12:11 
jj1 = 22, max_th = 2.017018e+00, time=2025-04-15 11:14:42 
jj1 = 56, max_th = 2.239747e+00, time=2025-04-15 11:15:52 
jj1 = 26, max_th = 1.933251e+00, time=2025-04-15 11:18:21 
jj1 = 528, max_th = 7.289780e-01, time=2025-04-15 11:18:22 
jj1 = 216, max_th = 1.630636e+00, time=2025-04-15 11:20:38 
jj1 = 46, max_th = 2.315007e+00, time=2025-04-15 11:20:40 
jj1 = 36, max_th = 2.580951e+00, time=2025-04-15 11:25:49 
jj1 = 215, max_th = 2.817275e+00, time=2025-04-15 11:27:12 
jj1 = 99, max_th = 1.826214e+00, time=2025-04-15 11:27:15 
jj1 = 372, max_th = 5.901477e-01, time=2025-04-15 11:28:16 
jj1 = 489, max_th = 1.826705e+00, time=2025-04-15 11:29:02 
jj1 = 138, max_th = 2.233679e+00, time=2025-04-15 11:30:12 
jj1 = 333, max_th = 1.957667e+00, time=2025-04-15 11:31:01 
jj1 = 409, max_th = 1.968019e+00, time=2025-04-15 11:32:52 
jj1 = 11, max_th = 2.036909e+00, time=2025-04-15 11:34:11 
jj1 = 294, max_th = 1.431804e+00, time=2025-04-15 11:35:43 
jj1 = 488, max_th = 2.642004e+00, time=2025-04-15 11:39:03 
jj1 = 21, max_th = 2.043796e+00, time=2025-04-15 11:39:04 
jj1 = 527, max_th = 1.760926e+00, time=2025-04-15 11:40:07 
jj1 = 98, max_th = 1.424763e+00, time=2025-04-15 11:45:23 
jj1 = 450, max_th = 1.852923e+00, time=2025-04-15 11:46:31 
jj1 = 332, max_th = 1.434621e+00, time=2025-04-15 11:57:18 
jj1 = 371, max_th = 2.047847e+00, time=2025-04-15 11:57:30 
jj1 = 255, max_th = 1.451026e+00, time=2025-04-15 12:00:41 
jj1 = 214, max_th = 2.161781e+00, time=2025-04-15 12:01:34 
jj1 = 487, max_th = 2.586775e+00, time=2025-04-15 12:01:38 
jj1 = 408, max_th = 2.011199e+00, time=2025-04-15 12:05:42 
jj1 = 177, max_th = 1.632527e+00, time=2025-04-15 12:09:39 
jj1 = 254, max_th = 8.303945e-01, time=2025-04-15 12:10:07 
jj1 = 293, max_th = 1.739954e+00, time=2025-04-15 12:16:35 
jj1 = 137, max_th = 2.083658e+00, time=2025-04-15 12:16:59 
jj1 = 97, max_th = 1.714301e+00, time=2025-04-15 12:27:04 
jj1 = 449, max_th = 2.241017e+00, time=2025-04-15 12:27:54 
jj1 = 370, max_th = 2.527156e+00, time=2025-04-15 12:32:09 
jj1 = 526, max_th = 2.081971e+00, time=2025-04-15 12:41:02 
jj1 = 176, max_th = 1.455065e+00, time=2025-04-15 12:41:43 
jj1 = 486, max_th = 2.372057e+00, time=2025-04-15 12:49:02 
jj1 = 136, max_th = 1.424607e+00, time=2025-04-15 12:49:58 
jj1 = 331, max_th = 2.267868e+00, time=2025-04-15 12:50:05 
jj1 = 213, max_th = 1.836891e+00, time=2025-04-15 12:53:27 
jj1 = 292, max_th = 2.427292e+00, time=2025-04-15 12:55:04 
jj1 = 407, max_th = 2.233766e+00, time=2025-04-15 12:58:11 
jj1 = 175, max_th = 1.514948e+00, time=2025-04-15 13:03:20 
jj1 = 253, max_th = 2.083435e+00, time=2025-04-15 13:07:11 
jj1 = 448, max_th = 1.863099e+00, time=2025-04-15 13:18:38 
jj1 = 369, max_th = 1.838635e+00, time=2025-04-15 13:18:55 
jj1 = 96, max_th = 2.033843e+00, time=2025-04-15 13:19:38 
jj1 = 135, max_th = 2.527685e+00, time=2025-04-15 13:19:58 
jj1 = 212, max_th = 2.522643e+00, time=2025-04-15 13:21:06 
jj1 = 525, max_th = 1.912286e+00, time=2025-04-15 13:30:16 
jj1 = 524, max_th = -7.961371e-02, time=2025-04-15 13:32:48 
jj1 = 485, max_th = 1.907591e+00, time=2025-04-15 13:33:03 
jj1 = 406, max_th = 2.496709e+00, time=2025-04-15 13:33:13 
jj1 = 291, max_th = 1.653671e+00, time=2025-04-15 13:36:42 
jj1 = 174, max_th = 2.307387e+00, time=2025-04-15 13:44:12 
jj1 = 95, max_th = 2.530965e+00, time=2025-04-15 13:46:24 
jj1 = 134, max_th = 1.455272e+00, time=2025-04-15 13:49:27 
jj1 = 484, max_th = 2.682567e+00, time=2025-04-15 13:51:19 
jj1 = 252, max_th = 2.047706e+00, time=2025-04-15 13:53:32 
jj1 = 368, max_th = 1.943631e+00, time=2025-04-15 13:59:40 
jj1 = 133, max_th = 9.745469e-01, time=2025-04-15 14:02:58 
jj1 = 367, max_th = 2.892877e+00, time=2025-04-15 14:08:33 
jj1 = 523, max_th = 2.304503e+00, time=2025-04-15 14:08:43 
jj1 = 330, max_th = 2.646145e+00, time=2025-04-15 14:11:02 
jj1 = 211, max_th = 2.029610e+00, time=2025-04-15 14:11:55 
jj1 = 447, max_th = 2.168655e+00, time=2025-04-15 14:12:03 
jj1 = 405, max_th = 1.698079e+00, time=2025-04-15 14:14:07 
jj1 = 94, max_th = 2.445168e+00, time=2025-04-15 14:14:22 
jj1 = 173, max_th = 2.147465e+00, time=2025-04-15 14:26:47 
jj1 = 290, max_th = 1.768916e+00, time=2025-04-15 14:27:34 
jj1 = 132, max_th = 1.486430e+00, time=2025-04-15 14:29:37 
jj1 = 483, max_th = 2.325674e+00, time=2025-04-15 14:31:37 
jj1 = 251, max_th = 1.926507e+00, time=2025-04-15 14:37:06 
jj1 = 210, max_th = 2.536739e+00, time=2025-04-15 14:37:25 
jj1 = 250, max_th = -2.068325e-02, time=2025-04-15 14:38:38 
jj1 = 366, max_th = 1.751949e+00, time=2025-04-15 14:39:54 
jj1 = 404, max_th = 2.405182e+00, time=2025-04-15 14:41:35 
jj1 = 522, max_th = 1.754175e+00, time=2025-04-15 14:43:15 
jj1 = 329, max_th = 2.179386e+00, time=2025-04-15 14:46:31 
jj1 = 446, max_th = 1.884808e+00, time=2025-04-15 14:50:24 
jj1 = 93, max_th = 1.980185e+00, time=2025-04-15 14:52:43 
jj1 = 92, max_th = -4.516249e-02, time=2025-04-15 14:54:29 
jj1 = 172, max_th = 2.040279e+00, time=2025-04-15 14:55:22 
jj1 = 131, max_th = 2.206798e+00, time=2025-04-15 14:58:05 
jj1 = 289, max_th = 2.018604e+00, time=2025-04-15 14:58:48 
jj1 = 249, max_th = 1.684884e+00, time=2025-04-15 15:01:44 
jj1 = 482, max_th = 2.108970e+00, time=2025-04-15 15:02:07 
jj1 = 130, max_th = 8.540412e-01, time=2025-04-15 15:02:13 
jj1 = 171, max_th = 2.766972e+00, time=2025-04-15 15:03:20 
jj1 = 209, max_th = 2.058719e+00, time=2025-04-15 15:06:40 
jj1 = 521, max_th = 1.441707e+00, time=2025-04-15 15:06:50 
jj1 = 365, max_th = 1.989763e+00, time=2025-04-15 15:07:22 
jj1 = 403, max_th = 1.917806e+00, time=2025-04-15 15:08:49 
jj1 = 208, max_th = 3.016123e+00, time=2025-04-15 15:11:11 
jj1 = 328, max_th = 2.216895e+00, time=2025-04-15 15:13:21 
jj1 = 520, max_th = 9.860100e-01, time=2025-04-15 15:13:42 
jj1 = 91, max_th = 1.802381e+00, time=2025-04-15 15:17:24 
jj1 = 445, max_th = 2.026468e+00, time=2025-04-15 15:20:24 
jj1 = 207, max_th = 1.123605e+00, time=2025-04-15 15:21:03 
jj1 = 519, max_th = 2.600041e+00, time=2025-04-15 15:23:47 
jj1 = 129, max_th = 2.329640e+00, time=2025-04-15 15:24:09 
jj1 = 481, max_th = 2.340477e+00, time=2025-04-15 15:25:28 
jj1 = 248, max_th = 1.910926e+00, time=2025-04-15 15:27:28 
jj1 = 402, max_th = 2.263537e+00, time=2025-04-15 15:27:37 
jj1 = 288, max_th = 1.871136e+00, time=2025-04-15 15:28:30 
jj1 = 364, max_th = 1.485671e+00, time=2025-04-15 15:29:00 
jj1 = 170, max_th = 1.826444e+00, time=2025-04-15 15:29:45 
jj1 = 169, max_th = 6.158659e-01, time=2025-04-15 15:31:46 
jj1 = 327, max_th = 1.485192e+00, time=2025-04-15 15:33:58 
jj1 = 363, max_th = 9.917410e-01, time=2025-04-15 15:35:01 
jj1 = 206, max_th = 2.401102e+00, time=2025-04-15 15:37:10 
jj1 = 90, max_th = 1.683119e+00, time=2025-04-15 15:39:00 
jj1 = 401, max_th = 2.663809e+00, time=2025-04-15 15:39:36 
jj1 = 444, max_th = 2.146192e+00, time=2025-04-15 15:41:55 
jj1 = 89, max_th = 2.984847e+00, time=2025-04-15 15:43:12 
jj1 = 287, max_th = 1.262191e+00, time=2025-04-15 15:43:16 
jj1 = 400, max_th = 1.197396e+00, time=2025-04-15 15:49:11 
jj1 = 205, max_th = 1.177602e+00, time=2025-04-15 15:49:32 
jj1 = 247, max_th = 1.618731e+00, time=2025-04-15 15:50:02 
jj1 = 128, max_th = 2.224261e+00, time=2025-04-15 15:51:16 
jj1 = 518, max_th = 1.753649e+00, time=2025-04-15 15:51:17 
jj1 = 480, max_th = 2.180745e+00, time=2025-04-15 15:51:36 
jj1 = 88, max_th = 1.259812e+00, time=2025-04-15 15:53:39 
jj1 = 443, max_th = 1.382011e+00, time=2025-04-15 15:55:50 
jj1 = 168, max_th = 2.003750e+00, time=2025-04-15 15:56:34 
jj1 = 326, max_th = 1.422330e+00, time=2025-04-15 15:59:05 
jj1 = 362, max_th = 2.005473e+00, time=2025-04-15 16:04:17 
jj1 = 442, max_th = 1.425418e+00, time=2025-04-15 16:08:44 
jj1 = 517, max_th = 1.685704e+00, time=2025-04-15 16:10:11 
jj1 = 204, max_th = 1.554408e+00, time=2025-04-15 16:10:32 
jj1 = 479, max_th = 1.476140e+00, time=2025-04-15 16:12:08 
jj1 = 361, max_th = 2.775469e+00, time=2025-04-15 16:13:31 
jj1 = 87, max_th = 2.394247e+00, time=2025-04-15 16:15:09 
jj1 = 127, max_th = 1.897974e+00, time=2025-04-15 16:15:18 
jj1 = 286, max_th = 2.241487e+00, time=2025-04-15 16:15:25 
jj1 = 246, max_th = 2.269627e+00, time=2025-04-15 16:16:24 
jj1 = 478, max_th = 9.515553e-01, time=2025-04-15 16:16:53 
jj1 = 167, max_th = 2.362505e+00, time=2025-04-15 16:19:32 
jj1 = 399, max_th = 2.111736e+00, time=2025-04-15 16:19:38 
jj1 = 285, max_th = 1.235323e+00, time=2025-04-15 16:26:08 
jj1 = 325, max_th = 2.120980e+00, time=2025-04-15 16:27:39 
jj1 = 86, max_th = 1.306246e+00, time=2025-04-15 16:28:03 
jj1 = 324, max_th = 6.546831e-01, time=2025-04-15 16:29:37 
jj1 = 441, max_th = 2.280501e+00, time=2025-04-15 16:34:53 
jj1 = 360, max_th = 2.099313e+00, time=2025-04-15 16:36:26 
jj1 = 516, max_th = 1.812256e+00, time=2025-04-15 16:38:49 
jj1 = 166, max_th = 1.424945e+00, time=2025-04-15 16:39:37 
jj1 = 477, max_th = 2.153317e+00, time=2025-04-15 16:41:02 
jj1 = 126, max_th = 1.686062e+00, time=2025-04-15 16:41:59 
jj1 = 203, max_th = 1.833998e+00, time=2025-04-15 16:42:30 
jj1 = 85, max_th = 2.598363e+00, time=2025-04-15 16:44:59 
jj1 = 245, max_th = 1.982062e+00, time=2025-04-15 16:49:42 
jj1 = 84, max_th = 7.761625e-01, time=2025-04-15 16:49:53 
jj1 = 284, max_th = 1.552350e+00, time=2025-04-15 16:50:30 
jj1 = 398, max_th = 1.961366e+00, time=2025-04-15 16:53:33 
jj1 = 515, max_th = 1.184187e+00, time=2025-04-15 16:56:54 
jj1 = 283, max_th = 9.453469e-01, time=2025-04-15 17:00:30 
jj1 = 323, max_th = 2.429438e+00, time=2025-04-15 17:02:23 
jj1 = 440, max_th = 1.653232e+00, time=2025-04-15 17:02:41 
jj1 = 244, max_th = 1.331785e+00, time=2025-04-15 17:05:47 
jj1 = 165, max_th = 2.467956e+00, time=2025-04-15 17:07:34 
jj1 = 359, max_th = 2.373853e+00, time=2025-04-15 17:07:59 
jj1 = 397, max_th = 2.540683e+00, time=2025-04-15 17:10:50 
jj1 = 476, max_th = 2.368406e+00, time=2025-04-15 17:13:02 
jj1 = 83, max_th = 2.487135e+00, time=2025-04-15 17:13:26 
jj1 = 125, max_th = 1.790174e+00, time=2025-04-15 17:14:44 
jj1 = 164, max_th = 1.171921e+00, time=2025-04-15 17:17:33 
jj1 = 282, max_th = 1.604185e+00, time=2025-04-15 17:19:41 
jj1 = 202, max_th = 1.833504e+00, time=2025-04-15 17:20:06 
jj1 = 396, max_th = 1.244462e+00, time=2025-04-15 17:21:35 
jj1 = 439, max_th = 1.804784e+00, time=2025-04-15 17:26:25 
jj1 = 243, max_th = 2.421772e+00, time=2025-04-15 17:26:31 
jj1 = 322, max_th = 1.659177e+00, time=2025-04-15 17:26:48 
jj1 = 395, max_th = 2.707551e+00, time=2025-04-15 17:30:29 
jj1 = 514, max_th = 1.815902e+00, time=2025-04-15 17:31:02 
jj1 = 358, max_th = 1.968584e+00, time=2025-04-15 17:37:13 
jj1 = 163, max_th = 1.612439e+00, time=2025-04-15 17:38:47 
jj1 = 475, max_th = 1.705266e+00, time=2025-04-15 17:39:17 
jj1 = 124, max_th = 2.222715e+00, time=2025-04-15 17:40:51 
jj1 = 201, max_th = 1.904407e+00, time=2025-04-15 17:40:53 
jj1 = 82, max_th = 1.925437e+00, time=2025-04-15 17:42:51 
jj1 = 281, max_th = 2.216939e+00, time=2025-04-15 17:44:38 
jj1 = 321, max_th = 2.096615e+00, time=2025-04-15 17:48:42 
jj1 = 200, max_th = 2.673955e+00, time=2025-04-15 17:51:19 
jj1 = 162, max_th = 2.538685e+00, time=2025-04-15 17:52:45 
jj1 = 513, max_th = 2.015268e+00, time=2025-04-15 17:55:35 
jj1 = 438, max_th = 2.220752e+00, time=2025-04-15 17:56:38 
jj1 = 81, max_th = 2.531127e+00, time=2025-04-15 17:56:53 
jj1 = 357, max_th = 1.749595e+00, time=2025-04-15 17:57:14 
jj1 = 474, max_th = 2.333437e+00, time=2025-04-15 17:58:53 
jj1 = 242, max_th = 2.137501e+00, time=2025-04-15 17:59:27 
jj1 = 394, max_th = 1.791270e+00, time=2025-04-15 18:00:51 
jj1 = 123, max_th = 2.372672e+00, time=2025-04-15 18:06:20 
jj1 = 161, max_th = 2.536302e+00, time=2025-04-15 18:10:34 
jj1 = 512, max_th = 2.470288e+00, time=2025-04-15 18:12:56 
jj1 = 241, max_th = 1.380966e+00, time=2025-04-15 18:15:37 
jj1 = 160, max_th = 9.882205e-01, time=2025-04-15 18:16:24 
jj1 = 199, max_th = 1.934485e+00, time=2025-04-15 18:16:56 
jj1 = 356, max_th = 1.563566e+00, time=2025-04-15 18:17:01 
jj1 = 80, max_th = 1.582772e+00, time=2025-04-15 18:19:27 
jj1 = 280, max_th = 2.074369e+00, time=2025-04-15 18:19:41 
jj1 = 320, max_th = 2.061477e+00, time=2025-04-15 18:21:54 
jj1 = 122, max_th = 2.397107e+00, time=2025-04-15 18:22:49 
jj1 = 473, max_th = 1.813648e+00, time=2025-04-15 18:23:12 
jj1 = 240, max_th = 1.206789e+00, time=2025-04-15 18:25:02 
jj1 = 437, max_th = 1.880067e+00, time=2025-04-15 18:26:03 
jj1 = 393, max_th = 1.783246e+00, time=2025-04-15 18:28:20 
jj1 = 159, max_th = 2.305639e+00, time=2025-04-15 18:29:44 
jj1 = 239, max_th = 1.284565e+00, time=2025-04-15 18:30:04 
jj1 = 472, max_th = 2.673485e+00, time=2025-04-15 18:33:45 
jj1 = 471, max_th = 1.402029e-01, time=2025-04-15 18:34:01 
jj1 = 198, max_th = 2.380880e+00, time=2025-04-15 18:35:01 
jj1 = 121, max_th = 1.406758e+00, time=2025-04-15 18:38:39 
jj1 = 279, max_th = 2.314385e+00, time=2025-04-15 18:40:58 
jj1 = 511, max_th = 1.930147e+00, time=2025-04-15 18:41:27 
jj1 = 79, max_th = 1.949278e+00, time=2025-04-15 18:41:45 
jj1 = 355, max_th = 2.035378e+00, time=2025-04-15 18:43:41 
jj1 = 158, max_th = 2.467854e+00, time=2025-04-15 18:46:58 
jj1 = 238, max_th = 1.514315e+00, time=2025-04-15 18:48:33 
jj1 = 436, max_th = 2.290324e+00, time=2025-04-15 18:50:22 
jj1 = 392, max_th = 2.051498e+00, time=2025-04-15 18:51:41 
jj1 = 120, max_th = 2.557787e+00, time=2025-04-15 18:52:48 
jj1 = 319, max_th = 2.065110e+00, time=2025-04-15 18:52:53 
jj1 = 510, max_th = 1.426130e+00, time=2025-04-15 18:57:28 
jj1 = 470, max_th = 1.771260e+00, time=2025-04-15 18:59:22 
jj1 = 197, max_th = 1.740842e+00, time=2025-04-15 18:59:42 
jj1 = 435, max_th = 2.689890e+00, time=2025-04-15 19:01:24 
jj1 = 391, max_th = 2.706459e+00, time=2025-04-15 19:02:43 
jj1 = 354, max_th = 2.390048e+00, time=2025-04-15 19:05:16 
jj1 = 78, max_th = 1.851833e+00, time=2025-04-15 19:07:10 
jj1 = 278, max_th = 2.061068e+00, time=2025-04-15 19:09:24 
jj1 = 434, max_th = 2.503964e+00, time=2025-04-15 19:11:48 
jj1 = 353, max_th = 2.777778e+00, time=2025-04-15 19:11:52 
jj1 = 157, max_th = 2.015301e+00, time=2025-04-15 19:12:38 
jj1 = 196, max_th = 1.163832e+00, time=2025-04-15 19:14:06 
jj1 = 237, max_th = 2.274475e+00, time=2025-04-15 19:16:02 
jj1 = 195, max_th = 7.784334e-01, time=2025-04-15 19:17:40 
jj1 = 509, max_th = 1.998226e+00, time=2025-04-15 19:18:01 
jj1 = 77, max_th = 1.311252e+00, time=2025-04-15 19:19:45 
jj1 = 390, max_th = 2.441053e+00, time=2025-04-15 19:20:45 
jj1 = 119, max_th = 2.116770e+00, time=2025-04-15 19:22:19 
jj1 = 508, max_th = 9.261566e-01, time=2025-04-15 19:22:25 
jj1 = 469, max_th = 2.188959e+00, time=2025-04-15 19:23:46 
jj1 = 277, max_th = 2.535676e+00, time=2025-04-15 19:24:50 
jj1 = 318, max_th = 2.033355e+00, time=2025-04-15 19:25:08 
jj1 = 352, max_th = 1.436874e+00, time=2025-04-15 19:26:27 
jj1 = 468, max_th = 8.634637e-01, time=2025-04-15 19:27:52 
jj1 = 156, max_th = 2.277635e+00, time=2025-04-15 19:34:03 
jj1 = 118, max_th = 2.491367e+00, time=2025-04-15 19:35:51 
jj1 = 194, max_th = 1.426998e+00, time=2025-04-15 19:36:04 
jj1 = 155, max_th = 2.970124e+00, time=2025-04-15 19:36:46 
jj1 = 467, max_th = 1.206804e+00, time=2025-04-15 19:37:16 
jj1 = 317, max_th = 1.343408e+00, time=2025-04-15 19:38:34 
jj1 = 351, max_th = 2.492376e+00, time=2025-04-15 19:39:10 
jj1 = 389, max_th = 2.520783e+00, time=2025-04-15 19:39:49 
jj1 = 433, max_th = 1.778089e+00, time=2025-04-15 19:40:59 
jj1 = 276, max_th = 2.422467e+00, time=2025-04-15 19:42:51 
jj1 = 507, max_th = 1.856237e+00, time=2025-04-15 19:45:56 
jj1 = 76, max_th = 1.928175e+00, time=2025-04-15 19:46:07 
jj1 = 275, max_th = 9.300316e-01, time=2025-04-15 19:47:56 
jj1 = 388, max_th = 9.762072e-01, time=2025-04-15 19:48:14 
jj1 = 236, max_th = 1.670283e+00, time=2025-04-15 19:51:48 
jj1 = 506, max_th = 2.882870e+00, time=2025-04-15 19:53:11 
jj1 = 466, max_th = 1.900751e+00, time=2025-04-15 19:56:37 
jj1 = 154, max_th = 1.733722e+00, time=2025-04-15 20:00:08 
jj1 = 350, max_th = 1.617647e+00, time=2025-04-15 20:00:28 
jj1 = 117, max_th = 2.108370e+00, time=2025-04-15 20:00:41 
jj1 = 316, max_th = 2.259443e+00, time=2025-04-15 20:02:25 
jj1 = 432, max_th = 1.857677e+00, time=2025-04-15 20:03:02 
jj1 = 274, max_th = 2.622452e+00, time=2025-04-15 20:05:17 
jj1 = 116, max_th = 2.800500e+00, time=2025-04-15 20:06:35 
jj1 = 75, max_th = 1.695488e+00, time=2025-04-15 20:06:59 
jj1 = 193, max_th = 1.929000e+00, time=2025-04-15 20:07:27 
jj1 = 235, max_th = 1.548044e+00, time=2025-04-15 20:07:59 
jj1 = 349, max_th = 1.265190e+00, time=2025-04-15 20:09:22 
jj1 = 505, max_th = 1.485998e+00, time=2025-04-15 20:11:33 
jj1 = 387, max_th = 2.312613e+00, time=2025-04-15 20:12:18 
jj1 = 273, max_th = 2.751885e+00, time=2025-04-15 20:13:54 
jj1 = 153, max_th = 1.719355e+00, time=2025-04-15 20:22:06 
jj1 = 465, max_th = 1.792008e+00, time=2025-04-15 20:22:58 
jj1 = 315, max_th = 1.718640e+00, time=2025-04-15 20:28:21 
jj1 = 115, max_th = 1.959917e+00, time=2025-04-15 20:31:57 
jj1 = 348, max_th = 1.760123e+00, time=2025-04-15 20:33:22 
jj1 = 431, max_th = 2.175868e+00, time=2025-04-15 20:33:54 
jj1 = 74, max_th = 1.821591e+00, time=2025-04-15 20:33:57 
jj1 = 504, max_th = 2.223124e+00, time=2025-04-15 20:34:19 
jj1 = 234, max_th = 2.279039e+00, time=2025-04-15 20:36:10 
jj1 = 152, max_th = 2.393765e+00, time=2025-04-15 20:38:07 
jj1 = 192, max_th = 2.060704e+00, time=2025-04-15 20:39:19 
jj1 = 386, max_th = 1.563922e+00, time=2025-04-15 20:39:39 
jj1 = 272, max_th = 2.012201e+00, time=2025-04-15 20:41:43 
jj1 = 114, max_th = 2.787211e+00, time=2025-04-15 20:41:57 
jj1 = 233, max_th = 2.806621e+00, time=2025-04-15 20:43:46 
jj1 = 464, max_th = 1.848850e+00, time=2025-04-15 20:44:33 
jj1 = 314, max_th = 2.045958e+00, time=2025-04-15 20:53:50 
jj1 = 347, max_th = 2.343929e+00, time=2025-04-15 20:57:02 
jj1 = 430, max_th = 2.055160e+00, time=2025-04-15 20:58:53 
jj1 = 385, max_th = 1.509245e+00, time=2025-04-15 20:59:43 
jj1 = 503, max_th = 2.043971e+00, time=2025-04-15 21:00:51 
jj1 = 113, max_th = 1.797066e+00, time=2025-04-15 21:03:42 
jj1 = 73, max_th = 2.305046e+00, time=2025-04-15 21:03:53 
jj1 = 463, max_th = 1.580694e+00, time=2025-04-15 21:04:58 
jj1 = 271, max_th = 1.627991e+00, time=2025-04-15 21:05:34 
jj1 = 151, max_th = 2.119384e+00, time=2025-04-15 21:06:33 
jj1 = 313, max_th = 1.254907e+00, time=2025-04-15 21:06:41 
jj1 = 191, max_th = 1.991280e+00, time=2025-04-15 21:06:52 
jj1 = 462, max_th = 2.978158e+00, time=2025-04-15 21:08:37 
jj1 = 190, max_th = 3.390416e+00, time=2025-04-15 21:09:28 
jj1 = 232, max_th = 2.324421e+00, time=2025-04-15 21:12:17 
jj1 = 502, max_th = 2.502619e+00, time=2025-04-15 21:14:17 
jj1 = 346, max_th = 1.329729e+00, time=2025-04-15 21:16:14 
jj1 = 270, max_th = 2.624682e+00, time=2025-04-15 21:17:15 
jj1 = 384, max_th = 1.434976e+00, time=2025-04-15 21:17:43 
jj1 = 231, max_th = 1.349436e+00, time=2025-04-15 21:21:38 
jj1 = 429, max_th = 2.207559e+00, time=2025-04-15 21:22:19 
jj1 = 112, max_th = 2.331420e+00, time=2025-04-15 21:25:29 
jj1 = 312, max_th = 1.408716e+00, time=2025-04-15 21:25:36 
jj1 = 189, max_th = 1.750251e+00, time=2025-04-15 21:25:38 
jj1 = 72, max_th = 1.961556e+00, time=2025-04-15 21:32:36 
jj1 = 150, max_th = 1.978781e+00, time=2025-04-15 21:33:31 
jj1 = 269, max_th = 1.547554e+00, time=2025-04-15 21:33:53 
jj1 = 188, max_th = 2.911767e+00, time=2025-04-15 21:34:52 
jj1 = 501, max_th = 1.794763e+00, time=2025-04-15 21:36:54 
jj1 = 461, max_th = 1.881967e+00, time=2025-04-15 21:37:04 
jj1 = 428, max_th = 2.537682e+00, time=2025-04-15 21:39:51 
jj1 = 111, max_th = 2.401358e+00, time=2025-04-15 21:41:54 
jj1 = 383, max_th = 1.667733e+00, time=2025-04-15 21:42:16 
jj1 = 311, max_th = 1.391297e+00, time=2025-04-15 21:43:43 
jj1 = 460, max_th = 1.155992e+00, time=2025-04-15 21:43:58 
jj1 = 345, max_th = 1.915856e+00, time=2025-04-15 21:45:18 
jj1 = 500, max_th = 1.174848e+00, time=2025-04-15 21:45:45 
jj1 = 230, max_th = 1.711460e+00, time=2025-04-15 21:46:23 
jj1 = 382, max_th = 2.811998e+00, time=2025-04-15 21:49:44 
jj1 = 71, max_th = 2.351171e+00, time=2025-04-15 21:51:14 
jj1 = 187, max_th = 1.520334e+00, time=2025-04-15 21:53:15 
jj1 = 268, max_th = 2.364156e+00, time=2025-04-15 21:54:20 
jj1 = 149, max_th = 2.204147e+00, time=2025-04-15 21:54:51 
jj1 = 344, max_th = 2.707075e+00, time=2025-04-15 21:56:52 
jj1 = 381, max_th = 2.745700e+00, time=2025-04-15 21:57:45 
jj1 = 186, max_th = 1.098814e+00, time=2025-04-15 22:01:11 
jj1 = 459, max_th = 2.047504e+00, time=2025-04-15 22:05:37 
jj1 = 267, max_th = 1.215071e+00, time=2025-04-15 22:05:39 
jj1 = 148, max_th = 1.263574e+00, time=2025-04-15 22:07:58 
jj1 = 110, max_th = 1.946442e+00, time=2025-04-15 22:08:23 
jj1 = 229, max_th = 2.312533e+00, time=2025-04-15 22:08:38 
jj1 = 427, max_th = 1.893981e+00, time=2025-04-15 22:08:40 
jj1 = 228, max_th = -4.280100e-02, time=2025-04-15 22:10:05 
jj1 = 147, max_th = -6.266749e-02, time=2025-04-15 22:11:04 
jj1 = 499, max_th = 2.086365e+00, time=2025-04-15 22:11:59 
jj1 = 310, max_th = 2.031462e+00, time=2025-04-15 22:13:51 
jj1 = 380, max_th = 2.467389e+00, time=2025-04-15 22:17:12 
jj1 = 70, max_th = 2.080976e+00, time=2025-04-15 22:19:56 
jj1 = 69, max_th = 2.833183e+00, time=2025-04-15 22:24:47 
jj1 = 227, max_th = 2.512660e+00, time=2025-04-15 22:25:55 
jj1 = 426, max_th = 1.508251e+00, time=2025-04-15 22:26:21 
jj1 = 343, max_th = 2.165019e+00, time=2025-04-15 22:26:42 
jj1 = 185, max_th = 2.120873e+00, time=2025-04-15 22:26:49 
jj1 = 266, max_th = 1.754216e+00, time=2025-04-15 22:27:31 
jj1 = 498, max_th = 1.416704e+00, time=2025-04-15 22:29:14 
jj1 = 458, max_th = 1.994322e+00, time=2025-04-15 22:32:24 
jj1 = 309, max_th = 2.092842e+00, time=2025-04-15 22:32:33 
jj1 = 109, max_th = 2.268948e+00, time=2025-04-15 22:33:42 
jj1 = 226, max_th = 1.282658e+00, time=2025-04-15 22:37:39 
jj1 = 379, max_th = 2.098059e+00, time=2025-04-15 22:40:10 
jj1 = 184, max_th = 2.583378e+00, time=2025-04-15 22:40:43 
jj1 = 68, max_th = 2.564275e+00, time=2025-04-15 22:40:49 
jj1 = 265, max_th = 2.717193e+00, time=2025-04-15 22:41:41 
jj1 = 146, max_th = 1.774343e+00, time=2025-04-15 22:42:19 
jj1 = 342, max_th = 2.538012e+00, time=2025-04-15 22:43:21 
jj1 = 457, max_th = 2.672125e+00, time=2025-04-15 22:48:22 
jj1 = 108, max_th = 2.050048e+00, time=2025-04-15 22:49:27 
jj1 = 425, max_th = 2.156589e+00, time=2025-04-15 22:49:54 
jj1 = 107, max_th = 3.169764e+00, time=2025-04-15 22:51:13 
jj1 = 308, max_th = 2.343213e+00, time=2025-04-15 22:53:07 
jj1 = 183, max_th = 2.633514e+00, time=2025-04-15 22:53:32 
jj1 = 497, max_th = 1.863178e+00, time=2025-04-15 22:56:46 
jj1 = 225, max_th = 1.701997e+00, time=2025-04-15 22:58:06 
jj1 = 67, max_th = 1.510870e+00, time=2025-04-15 22:58:42 
jj1 = 66, max_th = -2.068001e-02, time=2025-04-15 22:59:56 
jj1 = 378, max_th = 2.335664e+00, time=2025-04-15 23:00:56 
jj1 = 264, max_th = 2.376847e+00, time=2025-04-15 23:01:24 
jj1 = 145, max_th = 2.172999e+00, time=2025-04-15 23:06:42 
jj1 = 341, max_th = 1.781873e+00, time=2025-04-15 23:09:22 
jj1 = 182, max_th = 1.370386e+00, time=2025-04-15 23:09:26 
jj1 = 307, max_th = 1.791053e+00, time=2025-04-15 23:11:08 
jj1 = 496, max_th = 1.649775e+00, time=2025-04-15 23:12:32 
jj1 = 106, max_th = 2.307738e+00, time=2025-04-15 23:14:24 
jj1 = 424, max_th = 1.664255e+00, time=2025-04-15 23:15:24 
jj1 = 65, max_th = 2.486582e+00, time=2025-04-15 23:16:42 
jj1 = 456, max_th = 2.070099e+00, time=2025-04-15 23:16:48 
jj1 = 340, max_th = 1.094106e+00, time=2025-04-15 23:18:44 
jj1 = 224, max_th = 1.689420e+00, time=2025-04-15 23:21:57 
jj1 = 306, max_th = 1.303602e+00, time=2025-04-15 23:22:22 
jj1 = 144, max_th = 1.661483e+00, time=2025-04-15 23:25:58 
jj1 = 423, max_th = 1.285068e+00, time=2025-04-15 23:27:52 
jj1 = 305, max_th = 9.932052e-01, time=2025-04-15 23:28:27 
jj1 = 377, max_th = 2.237872e+00, time=2025-04-15 23:29:15 
jj1 = 455, max_th = 1.534058e+00, time=2025-04-15 23:30:21 
jj1 = 64, max_th = 2.585377e+00, time=2025-04-15 23:31:46 
jj1 = 263, max_th = 2.073723e+00, time=2025-04-15 23:33:40 
jj1 = 143, max_th = 1.225281e+00, time=2025-04-15 23:35:14 
jj1 = 223, max_th = 1.432153e+00, time=2025-04-15 23:36:51 
jj1 = 181, max_th = 2.262285e+00, time=2025-04-15 23:37:29 
jj1 = 105, max_th = 2.087500e+00, time=2025-04-15 23:42:56 
jj1 = 495, max_th = 1.885731e+00, time=2025-04-15 23:43:52 
jj1 = 339, max_th = 1.860294e+00, time=2025-04-15 23:44:15 
jj1 = 422, max_th = 2.333370e+00, time=2025-04-15 23:50:35 
jj1 = 454, max_th = 2.357677e+00, time=2025-04-15 23:51:55 
jj1 = 376, max_th = 1.824183e+00, time=2025-04-15 23:55:10 
jj1 = 262, max_th = 1.989930e+00, time=2025-04-15 23:55:44 
jj1 = 63, max_th = 2.153957e+00, time=2025-04-15 23:56:52 
jj1 = 142, max_th = 1.634776e+00, time=2025-04-15 23:57:07 
jj1 = 222, max_th = 1.489658e+00, time=2025-04-15 23:58:04 
jj1 = 104, max_th = 2.386744e+00, time=2025-04-16 00:03:37 
jj1 = 180, max_th = 1.978767e+00, time=2025-04-16 00:06:26 
jj1 = 421, max_th = 2.496479e+00, time=2025-04-16 00:06:27 
jj1 = 221, max_th = 2.674916e+00, time=2025-04-16 00:09:37 
jj1 = 453, max_th = 1.620449e+00, time=2025-04-16 00:13:18 
jj1 = 494, max_th = 2.123850e+00, time=2025-04-16 00:13:55 
jj1 = 338, max_th = 2.113192e+00, time=2025-04-16 00:14:13 
jj1 = 261, max_th = 1.704033e+00, time=2025-04-16 00:17:35 
jj1 = 375, max_th = 1.755492e+00, time=2025-04-16 00:17:40 
jj1 = 62, max_th = 2.380259e+00, time=2025-04-16 00:18:34 
jj1 = 493, max_th = 2.700966e+00, time=2025-04-16 00:22:46 
jj1 = 179, max_th = 2.525849e+00, time=2025-04-16 00:23:11 
jj1 = 260, max_th = 1.161989e+00, time=2025-04-16 00:24:04 
jj1 = 141, max_th = 2.066381e+00, time=2025-04-16 00:25:24 
jj1 = 103, max_th = 2.270242e+00, time=2025-04-16 00:27:48 
jj1 = 420, max_th = 1.696272e+00, time=2025-04-16 00:28:29 
jj1 = 374, max_th = 1.405425e+00, time=2025-04-16 00:29:05 
jj1 = 178, max_th = 1.198896e+00, time=2025-04-16 00:31:31 
jj1 = 220, max_th = 2.087608e+00, time=2025-04-16 00:34:55 
jj1 = 259, max_th = 1.450142e+00, time=2025-04-16 00:37:19 
jj1 = 61, max_th = 1.638119e+00, time=2025-04-16 00:37:33 
jj1 = 452, max_th = 1.803206e+00, time=2025-04-16 00:39:16 
jj1 = 419, max_th = 2.638065e+00, time=2025-04-16 00:45:01 
jj1 = 102, max_th = 1.546980e+00, time=2025-04-16 00:45:45 
jj1 = 337, max_th = 1.825025e+00, time=2025-04-16 00:45:48 
jj1 = 492, max_th = 2.189943e+00, time=2025-04-16 00:47:11 
jj1 = 140, max_th = 2.217328e+00, time=2025-04-16 00:50:05 
jj1 = 568, max_th = 2.212328e+00, time=2025-04-16 00:53:48 
jj1 = 219, max_th = 1.651663e+00, time=2025-04-16 00:53:51 
jj1 = 373, max_th = 1.809942e+00, time=2025-04-16 00:55:33 
jj1 = 101, max_th = 2.589929e+00, time=2025-04-16 00:57:37 
jj1 = 451, max_th = 2.261767e+00, time=2025-04-16 01:03:11 
jj1 = 548, max_th = 2.770822e+00, time=2025-04-16 01:04:04 
jj1 = 588, max_th = 1.910746e+00, time=2025-04-16 01:06:09 
jj1 = 139, max_th = 2.521876e+00, time=2025-04-16 01:07:33 
jj1 = 304, max_th = 1.131368e+00, time=2025-04-16 01:07:59 
jj1 = 258, max_th = 1.829666e+00, time=2025-04-16 01:08:50 
jj1 = 218, max_th = 2.312956e+00, time=2025-04-16 01:11:13 
jj1 = 303, max_th = 9.161745e-01, time=2025-04-16 01:11:48 
jj1 = 418, max_th = 1.742371e+00, time=2025-04-16 01:12:01 
jj1 = 100, max_th = 2.546497e+00, time=2025-04-16 01:12:53 
jj1 = 336, max_th = 2.190881e+00, time=2025-04-16 01:13:06 
jj1 = 748, max_th = 2.896900e+00, time=2025-04-16 01:13:09 
jj1 = 491, max_th = 1.888020e+00, time=2025-04-16 01:14:46 
jj1 = 490, max_th = -1.999794e-01, time=2025-04-16 01:15:08 
jj1 = 302, max_th = 7.874066e-01, time=2025-04-16 01:15:19 
jj1 = 567, max_th = 1.951661e+00, time=2025-04-16 01:15:47 
jj1 = 566, max_th = 1.297248e+00, time=2025-04-16 01:25:06 
jj1 = 547, max_th = 2.221105e+00, time=2025-04-16 01:30:25 
jj1 = 608, max_th = 1.881934e+00, time=2025-04-16 01:32:51 
jj1 = 587, max_th = 1.838623e+00, time=2025-04-16 01:33:10 
jj1 = 335, max_th = 2.425680e+00, time=2025-04-16 01:34:43 
jj1 = 628, max_th = 2.196418e+00, time=2025-04-16 01:35:13 
jj1 = 257, max_th = 2.153079e+00, time=2025-04-16 01:36:35 
jj1 = 747, max_th = 1.943189e+00, time=2025-04-16 01:38:18 
jj1 = 301, max_th = 2.317700e+00, time=2025-04-16 01:39:06 
jj1 = 668, max_th = 2.062441e+00, time=2025-04-16 01:39:59 
jj1 = 217, max_th = 2.016015e+00, time=2025-04-16 01:41:08 
jj1 = 417, max_th = 1.784002e+00, time=2025-04-16 01:42:06 
jj1 = 607, max_th = 1.413946e+00, time=2025-04-16 01:46:06 
jj1 = 565, max_th = 2.056243e+00, time=2025-04-16 01:51:44 
jj1 = 627, max_th = 2.405820e+00, time=2025-04-16 01:52:43 
jj1 = 667, max_th = 1.458329e+00, time=2025-04-16 01:55:37 
jj1 = 586, max_th = 1.740447e+00, time=2025-04-16 01:56:34 
jj1 = 546, max_th = 2.223723e+00, time=2025-04-16 01:56:44 
jj1 = 300, max_th = 2.433094e+00, time=2025-04-16 01:57:04 
jj1 = 606, max_th = 1.192905e+00, time=2025-04-16 01:57:10 
jj1 = 626, max_th = 2.800630e+00, time=2025-04-16 01:58:49 
jj1 = 334, max_th = 2.222654e+00, time=2025-04-16 02:02:59 
jj1 = 746, max_th = 1.855007e+00, time=2025-04-16 02:03:17 
jj1 = 564, max_th = 1.400250e+00, time=2025-04-16 02:04:10 
jj1 = 256, max_th = 1.847367e+00, time=2025-04-16 02:04:18 
jj1 = 625, max_th = 2.772808e+00, time=2025-04-16 02:06:26 
jj1 = 768, max_th = 2.163891e+00, time=2025-04-16 02:08:11 
jj1 = 666, max_th = 2.709007e+00, time=2025-04-16 02:09:52 
jj1 = 605, max_th = 2.615303e+00, time=2025-04-16 02:10:01 
jj1 = 416, max_th = 1.922827e+00, time=2025-04-16 02:13:50 
jj1 = 545, max_th = 1.572759e+00, time=2025-04-16 02:17:58 
jj1 = 604, max_th = 1.366579e+00, time=2025-04-16 02:23:00 
jj1 = 585, max_th = 2.090318e+00, time=2025-04-16 02:23:35 
jj1 = 299, max_th = 2.129111e+00, time=2025-04-16 02:25:46 
jj1 = 728, max_th = 1.684866e+00, time=2025-04-16 02:27:14 
jj1 = 624, max_th = 2.386959e+00, time=2025-04-16 02:28:21 
jj1 = 767, max_th = 1.695715e+00, time=2025-04-16 02:28:30 
jj1 = 745, max_th = 1.943218e+00, time=2025-04-16 02:29:10 
jj1 = 563, max_th = 2.066152e+00, time=2025-04-16 02:33:14 
jj1 = 688, max_th = 1.983281e+00, time=2025-04-16 02:34:40 
jj1 = 665, max_th = 2.020525e+00, time=2025-04-16 02:36:41 
jj1 = 544, max_th = 1.362428e+00, time=2025-04-16 02:37:10 
jj1 = 766, max_th = 1.220699e+00, time=2025-04-16 02:37:39 
jj1 = 727, max_th = 2.300374e+00, time=2025-04-16 02:43:12 
jj1 = 603, max_th = 2.279543e+00, time=2025-04-16 02:45:01 
jj1 = 298, max_th = 1.982931e+00, time=2025-04-16 02:45:45 
jj1 = 415, max_th = 2.077408e+00, time=2025-04-16 02:46:27 
jj1 = 584, max_th = 1.577589e+00, time=2025-04-16 02:47:55 
jj1 = 623, max_th = 2.208159e+00, time=2025-04-16 02:52:24 
jj1 = 687, max_th = 2.259680e+00, time=2025-04-16 02:57:17 
jj1 = 744, max_th = 2.076720e+00, time=2025-04-16 02:57:35 
jj1 = 543, max_th = 1.797609e+00, time=2025-04-16 02:59:22 
jj1 = 297, max_th = 1.406374e+00, time=2025-04-16 03:00:39 
jj1 = 562, max_th = 2.072996e+00, time=2025-04-16 03:01:19 
jj1 = 726, max_th = 1.751417e+00, time=2025-04-16 03:04:42 
jj1 = 765, max_th = 1.860372e+00, time=2025-04-16 03:04:49 
jj1 = 664, max_th = 2.181693e+00, time=2025-04-16 03:06:13 
jj1 = 663, max_th = -4.374351e-01, time=2025-04-16 03:07:59 
jj1 = 602, max_th = 2.208414e+00, time=2025-04-16 03:08:07 
jj1 = 622, max_th = 1.389528e+00, time=2025-04-16 03:08:42 
jj1 = 764, max_th = 2.963775e+00, time=2025-04-16 03:08:48 
jj1 = 414, max_th = 2.336876e+00, time=2025-04-16 03:11:35 
jj1 = 561, max_th = 1.331283e+00, time=2025-04-16 03:14:36 
jj1 = 583, max_th = 2.024441e+00, time=2025-04-16 03:15:17 
jj1 = 296, max_th = 2.511315e+00, time=2025-04-16 03:16:41 
jj1 = 743, max_th = 2.358910e+00, time=2025-04-16 03:18:08 
jj1 = 601, max_th = 2.729231e+00, time=2025-04-16 03:18:26 
jj1 = 686, max_th = 1.791431e+00, time=2025-04-16 03:21:52 
jj1 = 542, max_th = 1.537453e+00, time=2025-04-16 03:22:08 
jj1 = 413, max_th = 1.353746e+00, time=2025-04-16 03:27:29 
jj1 = 725, max_th = 1.951649e+00, time=2025-04-16 03:30:31 
jj1 = 662, max_th = 2.209683e+00, time=2025-04-16 03:32:30 
jj1 = 621, max_th = 1.887275e+00, time=2025-04-16 03:33:42 
jj1 = 295, max_th = 2.189894e+00, time=2025-04-16 03:35:34 
jj1 = 742, max_th = 1.647130e+00, time=2025-04-16 03:37:18 
jj1 = 763, max_th = 1.873887e+00, time=2025-04-16 03:38:55 
jj1 = 582, max_th = 2.261685e+00, time=2025-04-16 03:42:26 
jj1 = 600, max_th = 2.107647e+00, time=2025-04-16 03:43:47 
jj1 = 560, max_th = 1.775170e+00, time=2025-04-16 03:44:28 
jj1 = 685, max_th = 1.979914e+00, time=2025-04-16 03:51:41 
jj1 = 541, max_th = 2.030727e+00, time=2025-04-16 03:51:45 
jj1 = 620, max_th = 1.669687e+00, time=2025-04-16 03:54:36 
jj1 = 724, max_th = 1.682769e+00, time=2025-04-16 03:55:45 
jj1 = 661, max_th = 2.166139e+00, time=2025-04-16 03:58:02 
jj1 = 412, max_th = 2.022526e+00, time=2025-04-16 03:58:59 
jj1 = 741, max_th = 2.055388e+00, time=2025-04-16 04:02:47 
jj1 = 648, max_th = 1.928492e+00, time=2025-04-16 04:03:01 
jj1 = 708, max_th = 9.551015e-01, time=2025-04-16 04:04:13 
jj1 = 762, max_th = 2.119420e+00, time=2025-04-16 04:05:08 
jj1 = 559, max_th = 2.048918e+00, time=2025-04-16 04:07:15 
jj1 = 599, max_th = 1.623144e+00, time=2025-04-16 04:10:16 
jj1 = 581, max_th = 2.029875e+00, time=2025-04-16 04:11:58 
jj1 = 580, max_th = 3.133090e+00, time=2025-04-16 04:14:14 
jj1 = 540, max_th = 2.302807e+00, time=2025-04-16 04:14:59 
jj1 = 684, max_th = 1.728128e+00, time=2025-04-16 04:18:17 
jj1 = 619, max_th = 1.773862e+00, time=2025-04-16 04:18:35 
jj1 = 647, max_th = 2.489755e+00, time=2025-04-16 04:20:33 
jj1 = 740, max_th = 2.345727e+00, time=2025-04-16 04:22:12 
jj1 = 723, max_th = 1.709751e+00, time=2025-04-16 04:23:39 
jj1 = 660, max_th = 2.078304e+00, time=2025-04-16 04:25:42 
jj1 = 761, max_th = 2.314456e+00, time=2025-04-16 04:28:20 
jj1 = 707, max_th = 2.271870e+00, time=2025-04-16 04:29:01 
jj1 = 558, max_th = 2.058458e+00, time=2025-04-16 04:32:12 
jj1 = 706, max_th = 2.850147e+00, time=2025-04-16 04:33:22 
jj1 = 598, max_th = 1.792837e+00, time=2025-04-16 04:35:22 
jj1 = 646, max_th = 2.540020e+00, time=2025-04-16 04:36:26 
jj1 = 579, max_th = 1.844698e+00, time=2025-04-16 04:39:04 
jj1 = 618, max_th = 1.839053e+00, time=2025-04-16 04:43:06 
jj1 = 683, max_th = 2.181253e+00, time=2025-04-16 04:43:57 
jj1 = 539, max_th = 2.085047e+00, time=2025-04-16 04:44:34 
jj1 = 659, max_th = 2.433571e+00, time=2025-04-16 04:45:59 
jj1 = 739, max_th = 2.266201e+00, time=2025-04-16 04:46:29 
jj1 = 722, max_th = 1.816168e+00, time=2025-04-16 04:48:30 
jj1 = 645, max_th = 2.536756e+00, time=2025-04-16 04:52:31 
jj1 = 557, max_th = 2.256271e+00, time=2025-04-16 04:53:15 
jj1 = 760, max_th = 2.217674e+00, time=2025-04-16 04:53:35 
jj1 = 705, max_th = 2.195645e+00, time=2025-04-16 04:56:58 
jj1 = 682, max_th = 1.394080e+00, time=2025-04-16 04:58:21 
jj1 = 658, max_th = 2.533934e+00, time=2025-04-16 05:00:41 
jj1 = 578, max_th = 1.664165e+00, time=2025-04-16 05:03:00 
jj1 = 538, max_th = 1.517701e+00, time=2025-04-16 05:03:11 
jj1 = 681, max_th = 1.115927e+00, time=2025-04-16 05:03:55 
jj1 = 704, max_th = 2.550051e+00, time=2025-04-16 05:05:39 
jj1 = 759, max_th = 1.312317e+00, time=2025-04-16 05:05:51 
jj1 = 597, max_th = 2.012563e+00, time=2025-04-16 05:07:28 
jj1 = 617, max_th = 2.143487e+00, time=2025-04-16 05:08:35 
jj1 = 644, max_th = 1.598764e+00, time=2025-04-16 05:08:46 
jj1 = 556, max_th = 2.421364e+00, time=2025-04-16 05:12:05 
jj1 = 738, max_th = 2.013616e+00, time=2025-04-16 05:15:04 
jj1 = 537, max_th = 1.649957e+00, time=2025-04-16 05:16:01 
jj1 = 721, max_th = 1.778876e+00, time=2025-04-16 05:22:21 
jj1 = 657, max_th = 2.286786e+00, time=2025-04-16 05:24:44 
jj1 = 680, max_th = 2.422441e+00, time=2025-04-16 05:25:08 
jj1 = 577, max_th = 2.019840e+00, time=2025-04-16 05:27:46 
jj1 = 758, max_th = 2.426679e+00, time=2025-04-16 05:28:31 
jj1 = 656, max_th = 1.039401e+00, time=2025-04-16 05:30:18 
jj1 = 616, max_th = 1.708441e+00, time=2025-04-16 05:30:24 
jj1 = 596, max_th = 2.383805e+00, time=2025-04-16 05:31:58 
jj1 = 615, max_th = 8.300791e-01, time=2025-04-16 05:33:04 
jj1 = 703, max_th = 2.282237e+00, time=2025-04-16 05:35:32 
jj1 = 643, max_th = 2.134720e+00, time=2025-04-16 05:36:30 
jj1 = 576, max_th = 1.302761e+00, time=2025-04-16 05:36:41 
jj1 = 555, max_th = 1.912876e+00, time=2025-04-16 05:37:28 
jj1 = 737, max_th = 2.337451e+00, time=2025-04-16 05:38:50 
jj1 = 642, max_th = 1.074504e+00, time=2025-04-16 05:43:48 
jj1 = 536, max_th = 2.231856e+00, time=2025-04-16 05:45:12 
jj1 = 720, max_th = 1.684413e+00, time=2025-04-16 05:49:03 
jj1 = 757, max_th = 1.519809e+00, time=2025-04-16 05:49:06 
jj1 = 736, max_th = 2.695070e+00, time=2025-04-16 05:49:14 
jj1 = 614, max_th = 1.485255e+00, time=2025-04-16 05:50:21 
jj1 = 575, max_th = 1.381731e+00, time=2025-04-16 05:50:38 
jj1 = 679, max_th = 2.383683e+00, time=2025-04-16 05:50:47 
jj1 = 655, max_th = 2.041917e+00, time=2025-04-16 05:52:18 
jj1 = 735, max_th = 2.812574e+00, time=2025-04-16 05:54:17 
jj1 = 678, max_th = 6.942298e-01, time=2025-04-16 05:55:30 
jj1 = 554, max_th = 2.000478e+00, time=2025-04-16 05:55:35 
jj1 = 595, max_th = 1.757624e+00, time=2025-04-16 05:55:38 
jj1 = 654, max_th = 8.946082e-01, time=2025-04-16 05:56:01 
jj1 = 702, max_th = 2.294811e+00, time=2025-04-16 05:58:25 
jj1 = 641, max_th = 2.395726e+00, time=2025-04-16 06:01:11 
jj1 = 653, max_th = 1.198005e+00, time=2025-04-16 06:02:31 
jj1 = 613, max_th = 1.264163e+00, time=2025-04-16 06:02:37 
jj1 = 594, max_th = 2.749708e+00, time=2025-04-16 06:02:45 
jj1 = 734, max_th = 2.648459e+00, time=2025-04-16 06:03:31 
jj1 = 677, max_th = 1.178296e+00, time=2025-04-16 06:04:38 
jj1 = 574, max_th = 2.342843e+00, time=2025-04-16 06:10:59 
jj1 = 535, max_th = 2.004526e+00, time=2025-04-16 06:12:16 
jj1 = 640, max_th = 1.379560e+00, time=2025-04-16 06:13:04 
jj1 = 719, max_th = 1.645491e+00, time=2025-04-16 06:14:42 
jj1 = 676, max_th = 2.701320e+00, time=2025-04-16 06:15:07 
jj1 = 756, max_th = 1.905147e+00, time=2025-04-16 06:16:21 
jj1 = 553, max_th = 2.070497e+00, time=2025-04-16 06:17:37 
jj1 = 639, max_th = 1.120720e+00, time=2025-04-16 06:21:51 
jj1 = 612, max_th = 1.642821e+00, time=2025-04-16 06:21:54 
jj1 = 652, max_th = 1.530001e+00, time=2025-04-16 06:22:26 
jj1 = 638, max_th = 5.376154e-01, time=2025-04-16 06:23:26 
jj1 = 611, max_th = 3.039571e+00, time=2025-04-16 06:25:10 
jj1 = 593, max_th = 2.042362e+00, time=2025-04-16 06:26:52 
jj1 = 573, max_th = 1.652705e+00, time=2025-04-16 06:27:32 
jj1 = 733, max_th = 1.939013e+00, time=2025-04-16 06:27:38 
jj1 = 572, max_th = 6.704675e-01, time=2025-04-16 06:28:52 
jj1 = 571, max_th = 3.225811e+00, time=2025-04-16 06:30:30 
jj1 = 701, max_th = 2.009715e+00, time=2025-04-16 06:31:49 
jj1 = 534, max_th = 1.546776e+00, time=2025-04-16 06:32:11 
jj1 = 675, max_th = 2.391997e+00, time=2025-04-16 06:35:34 
jj1 = 755, max_th = 1.592897e+00, time=2025-04-16 06:37:57 
jj1 = 552, max_th = 1.786651e+00, time=2025-04-16 06:41:53 
jj1 = 732, max_th = 1.544710e+00, time=2025-04-16 06:43:24 
jj1 = 754, max_th = 1.263394e+00, time=2025-04-16 06:43:54 
jj1 = 592, max_th = 1.813137e+00, time=2025-04-16 06:44:12 
jj1 = 637, max_th = 1.998700e+00, time=2025-04-16 06:46:08 
jj1 = 718, max_th = 1.923802e+00, time=2025-04-16 06:48:09 
jj1 = 717, max_th = 3.280322e+00, time=2025-04-16 06:48:52 
jj1 = 533, max_th = 2.042427e+00, time=2025-04-16 06:49:57 
jj1 = 610, max_th = 1.963123e+00, time=2025-04-16 06:52:20 
jj1 = 700, max_th = 2.000645e+00, time=2025-04-16 06:53:16 
jj1 = 570, max_th = 1.944922e+00, time=2025-04-16 06:55:17 
jj1 = 651, max_th = 2.077056e+00, time=2025-04-16 06:55:34 
jj1 = 674, max_th = 2.413048e+00, time=2025-04-16 07:00:53 
jj1 = 716, max_th = 2.615796e+00, time=2025-04-16 07:02:14 
jj1 = 591, max_th = 2.358305e+00, time=2025-04-16 07:04:57 
jj1 = 636, max_th = 1.899553e+00, time=2025-04-16 07:06:03 
jj1 = 731, max_th = 1.853848e+00, time=2025-04-16 07:06:20 
jj1 = 551, max_th = 2.160375e+00, time=2025-04-16 07:06:44 
jj1 = 532, max_th = 1.839596e+00, time=2025-04-16 07:18:13 
jj1 = 569, max_th = 1.758213e+00, time=2025-04-16 07:18:17 
jj1 = 699, max_th = 1.759854e+00, time=2025-04-16 07:18:25 
jj1 = 753, max_th = 2.041327e+00, time=2025-04-16 07:19:28 
jj1 = 650, max_th = 2.209986e+00, time=2025-04-16 07:20:12 
jj1 = 673, max_th = 2.422344e+00, time=2025-04-16 07:20:38 
jj1 = 609, max_th = 2.115301e+00, time=2025-04-16 07:20:57 
jj1 = 550, max_th = 1.548663e+00, time=2025-04-16 07:22:21 
jj1 = 672, max_th = 3.042755e+00, time=2025-04-16 07:23:18 
jj1 = 531, max_th = 2.788888e+00, time=2025-04-16 07:26:16 
jj1 = 635, max_th = 2.272013e+00, time=2025-04-16 07:27:55 
jj1 = 752, max_th = 2.650494e+00, time=2025-04-16 07:28:46 
jj1 = 590, max_th = 1.916884e+00, time=2025-04-16 07:30:02 
jj1 = 649, max_th = 2.643308e+00, time=2025-04-16 07:30:06 
jj1 = 730, max_th = 1.936362e+00, time=2025-04-16 07:33:04 
jj1 = 715, max_th = 2.126664e+00, time=2025-04-16 07:34:29 
jj1 = 828, max_th = 1.602711e+00, time=2025-04-16 07:38:23 
jj1 = 530, max_th = 2.590955e+00, time=2025-04-16 07:40:01 
jj1 = 698, max_th = 2.191851e+00, time=2025-04-16 07:42:04 
jj1 = 838, max_th = 1.205871e+00, time=2025-04-16 07:42:11 
jj1 = 788, max_th = 1.779447e+00, time=2025-04-16 07:43:06 
jj1 = 634, max_th = 2.516405e+00, time=2025-04-16 07:47:27 
jj1 = 549, max_th = 1.984235e+00, time=2025-04-16 07:48:15 
jj1 = 787, max_th = 1.016260e+00, time=2025-04-16 07:50:20 
jj1 = 671, max_th = 2.086192e+00, time=2025-04-16 07:51:10 
jj1 = 589, max_th = 2.318628e+00, time=2025-04-16 07:53:28 
jj1 = 751, max_th = 1.823953e+00, time=2025-04-16 07:57:20 
jj1 = 729, max_th = 2.003946e+00, time=2025-04-16 07:58:35 
jj1 = 827, max_th = 1.653636e+00, time=2025-04-16 07:59:05 
jj1 = 697, max_th = 2.003325e+00, time=2025-04-16 08:02:45 
jj1 = 714, max_th = 2.092626e+00, time=2025-04-16 08:03:25 
jj1 = 837, max_th = 2.367123e+00, time=2025-04-16 08:03:53 
jj1 = 529, max_th = 2.063372e+00, time=2025-04-16 08:07:38 
jj1 = 750, max_th = 2.718122e+00, time=2025-04-16 08:08:05 
jj1 = 633, max_th = 1.626115e+00, time=2025-04-16 08:08:33 
jj1 = 798, max_th = 1.009354e+00, time=2025-04-16 08:12:18 
jj1 = 778, max_th = 1.904617e+00, time=2025-04-16 08:13:25 
jj1 = 696, max_th = 2.644303e+00, time=2025-04-16 08:14:08 
jj1 = 808, max_th = 1.660807e+00, time=2025-04-16 08:14:20 
jj1 = 786, max_th = 1.943564e+00, time=2025-04-16 08:15:16 
jj1 = 670, max_th = 2.010258e+00, time=2025-04-16 08:19:07 
jj1 = 836, max_th = 2.467581e+00, time=2025-04-16 08:20:58 
jj1 = 826, max_th = 2.230886e+00, time=2025-04-16 08:23:52 
jj1 = 669, max_th = 2.794980e+00, time=2025-04-16 08:26:23 
jj1 = 807, max_th = 1.291435e+00, time=2025-04-16 08:27:14 
jj1 = 785, max_th = 1.649895e+00, time=2025-04-16 08:27:37 
jj1 = 818, max_th = 1.989180e+00, time=2025-04-16 08:29:33 
jj1 = 797, max_th = 2.520486e+00, time=2025-04-16 08:29:57 
jj1 = 695, max_th = 2.565585e+00, time=2025-04-16 08:30:04 
jj1 = 713, max_th = 2.267370e+00, time=2025-04-16 08:30:39 
jj1 = 632, max_th = 2.238957e+00, time=2025-04-16 08:31:08 
jj1 = 712, max_th = -1.263456e+00, time=2025-04-16 08:31:28 
jj1 = 749, max_th = 2.140947e+00, time=2025-04-16 08:34:38 
jj1 = 631, max_th = 3.018503e+00, time=2025-04-16 08:37:48 
jj1 = 777, max_th = 2.236061e+00, time=2025-04-16 08:38:20 
jj1 = 776, max_th = 2.761349e+00, time=2025-04-16 08:45:48 
jj1 = 835, max_th = 2.142127e+00, time=2025-04-16 08:46:22 
jj1 = 825, max_th = 1.907416e+00, time=2025-04-16 08:48:27 
jj1 = 630, max_th = 1.649976e+00, time=2025-04-16 08:49:01 
jj1 = 784, max_th = 2.102143e+00, time=2025-04-16 08:51:30 
jj1 = 868, max_th = 2.296351e+00, time=2025-04-16 08:53:51 
jj1 = 796, max_th = 1.745146e+00, time=2025-04-16 08:55:11 
jj1 = 806, max_th = 1.918082e+00, time=2025-04-16 08:55:46 
jj1 = 817, max_th = 1.876499e+00, time=2025-04-16 08:58:36 
jj1 = 834, max_th = 2.203670e+00, time=2025-04-16 09:01:57 
jj1 = 711, max_th = 2.035695e+00, time=2025-04-16 09:02:30 
jj1 = 867, max_th = 2.731283e+00, time=2025-04-16 09:02:34 
jj1 = 694, max_th = 2.015649e+00, time=2025-04-16 09:03:12 
jj1 = 775, max_th = 1.536115e+00, time=2025-04-16 09:04:47 
jj1 = 848, max_th = 1.969466e+00, time=2025-04-16 09:05:13 
jj1 = 774, max_th = 2.894204e+00, time=2025-04-16 09:08:59 
jj1 = 824, max_th = 2.043240e+00, time=2025-04-16 09:14:10 
jj1 = 629, max_th = 2.175802e+00, time=2025-04-16 09:14:30 
jj1 = 783, max_th = 1.851827e+00, time=2025-04-16 09:16:15 
jj1 = 816, max_th = 2.296895e+00, time=2025-04-16 09:17:22 
jj1 = 773, max_th = 2.721334e+00, time=2025-04-16 09:18:23 
jj1 = 710, max_th = 2.496392e+00, time=2025-04-16 09:20:23 
jj1 = 805, max_th = 2.085554e+00, time=2025-04-16 09:22:31 
jj1 = 795, max_th = 1.925404e+00, time=2025-04-16 09:24:11 
jj1 = 833, max_th = 1.946678e+00, time=2025-04-16 09:25:49 
jj1 = 693, max_th = 2.207556e+00, time=2025-04-16 09:27:40 
jj1 = 709, max_th = 1.123860e+00, time=2025-04-16 09:30:49 
jj1 = 847, max_th = 1.938954e+00, time=2025-04-16 09:31:44 
jj1 = 823, max_th = 1.849105e+00, time=2025-04-16 09:33:33 
jj1 = 866, max_th = 1.409596e+00, time=2025-04-16 09:34:39 
jj1 = 782, max_th = 1.520774e+00, time=2025-04-16 09:35:08 
jj1 = 815, max_th = 1.525248e+00, time=2025-04-16 09:37:59 
jj1 = 878, max_th = 1.859358e+00, time=2025-04-16 09:39:26 
jj1 = 772, max_th = 1.706698e+00, time=2025-04-16 09:39:32 
jj1 = 877, max_th = 3.684260e+00, time=2025-04-16 09:39:50 
jj1 = 822, max_th = 1.305866e+00, time=2025-04-16 09:44:33 
jj1 = 814, max_th = 2.538581e+00, time=2025-04-16 09:48:23 
jj1 = 832, max_th = 9.968917e-01, time=2025-04-16 09:49:52 
jj1 = 804, max_th = 1.884424e+00, time=2025-04-16 09:50:55 
jj1 = 781, max_th = 1.430104e+00, time=2025-04-16 09:51:12 
jj1 = 794, max_th = 1.931403e+00, time=2025-04-16 09:52:08 
jj1 = 865, max_th = 2.299228e+00, time=2025-04-16 09:53:36 
jj1 = 846, max_th = 2.378703e+00, time=2025-04-16 09:56:03 
jj1 = 821, max_th = 1.413226e+00, time=2025-04-16 09:57:31 
jj1 = 692, max_th = 1.871607e+00, time=2025-04-16 09:58:25 
jj1 = 858, max_th = 1.828761e+00, time=2025-04-16 10:00:08 
jj1 = 771, max_th = 1.807860e+00, time=2025-04-16 10:03:20 
jj1 = 876, max_th = 1.875615e+00, time=2025-04-16 10:07:02 
jj1 = 813, max_th = 1.734048e+00, time=2025-04-16 10:11:15 
jj1 = 820, max_th = 1.410475e+00, time=2025-04-16 10:14:42 
jj1 = 857, max_th = 2.406452e+00, time=2025-04-16 10:16:30 
jj1 = 803, max_th = 1.954996e+00, time=2025-04-16 10:16:43 
jj1 = 856, max_th = 3.052126e+00, time=2025-04-16 10:18:56 
jj1 = 780, max_th = 2.016938e+00, time=2025-04-16 10:19:10 
jj1 = 864, max_th = 1.789728e+00, time=2025-04-16 10:19:26 
jj1 = 812, max_th = 1.300258e+00, time=2025-04-16 10:19:39 
jj1 = 793, max_th = 1.930593e+00, time=2025-04-16 10:20:23 
jj1 = 691, max_th = 2.197641e+00, time=2025-04-16 10:20:40 
jj1 = 831, max_th = 1.878405e+00, time=2025-04-16 10:21:38 
jj1 = 830, max_th = -2.018521e-01, time=2025-04-16 10:22:14 
jj1 = 863, max_th = 1.099982e+00, time=2025-04-16 10:23:49 
jj1 = 770, max_th = 2.307146e+00, time=2025-04-16 10:24:33 
jj1 = 845, max_th = 2.168606e+00, time=2025-04-16 10:25:20 
jj1 = 855, max_th = 1.183331e+00, time=2025-04-16 10:29:32 
jj1 = 769, max_th = 2.829306e+00, time=2025-04-16 10:31:29 
jj1 = 862, max_th = 2.764654e+00, time=2025-04-16 10:32:21 
jj1 = 875, max_th = 2.195882e+00, time=2025-04-16 10:33:39 
jj1 = 811, max_th = 2.536444e+00, time=2025-04-16 10:36:18 
jj1 = 792, max_th = 2.563023e+00, time=2025-04-16 10:38:17 
jj1 = 802, max_th = 1.712210e+00, time=2025-04-16 10:39:20 
jj1 = 819, max_th = 2.044445e+00, time=2025-04-16 10:45:33 
jj1 = 779, max_th = 2.173234e+00, time=2025-04-16 10:47:09 
jj1 = 690, max_th = 1.934297e+00, time=2025-04-16 10:47:16 
jj1 = 829, max_th = 2.012446e+00, time=2025-04-16 10:48:54 
jj1 = 844, max_th = 1.960498e+00, time=2025-04-16 10:53:01 
jj1 = 791, max_th = 2.516033e+00, time=2025-04-16 10:55:32 
jj1 = 908, max_th = 1.990128e+00, time=2025-04-16 10:57:55 
jj1 = 854, max_th = 2.169331e+00, time=2025-04-16 10:58:02 
jj1 = 874, max_th = 2.187256e+00, time=2025-04-16 10:58:11 
jj1 = 810, max_th = 1.667429e+00, time=2025-04-16 10:59:20 
jj1 = 801, max_th = 2.434870e+00, time=2025-04-16 10:59:28 
jj1 = 689, max_th = 1.500814e+00, time=2025-04-16 11:01:32 
jj1 = 861, max_th = 1.767301e+00, time=2025-04-16 11:01:36 
jj1 = 843, max_th = 1.156689e+00, time=2025-04-16 11:03:01 
jj1 = 800, max_th = 1.122349e+00, time=2025-04-16 11:08:36 
jj1 = 809, max_th = 2.914711e+00, time=2025-04-16 11:08:45 
jj1 = 893, max_th = 2.411281e+00, time=2025-04-16 11:08:57 
jj1 = 898, max_th = 1.829861e+00, time=2025-04-16 11:10:25 
jj1 = 903, max_th = 1.897521e+00, time=2025-04-16 11:11:34 
jj1 = 888, max_th = 2.636694e+00, time=2025-04-16 11:13:57 
jj1 = 853, max_th = 1.447717e+00, time=2025-04-16 11:14:28 
jj1 = 907, max_th = 2.441745e+00, time=2025-04-16 11:15:53 
jj1 = 790, max_th = 2.208207e+00, time=2025-04-16 11:19:39 
jj1 = 799, max_th = 1.342737e+00, time=2025-04-16 11:20:30 
jj1 = 918, max_th = 1.392498e+00, time=2025-04-16 11:22:15 
jj1 = 873, max_th = 2.039942e+00, time=2025-04-16 11:24:58 
jj1 = 842, max_th = 2.275533e+00, time=2025-04-16 11:28:10 
jj1 = 860, max_th = 2.133125e+00, time=2025-04-16 11:29:53 
jj1 = 887, max_th = 1.561307e+00, time=2025-04-16 11:33:19 
jj1 = 886, max_th = 3.335506e+00, time=2025-04-16 11:34:00 
jj1 = 859, max_th = 2.845854e+00, time=2025-04-16 11:35:46 
jj1 = 897, max_th = 1.828215e+00, time=2025-04-16 11:37:50 
jj1 = 892, max_th = 2.031778e+00, time=2025-04-16 11:38:26 
jj1 = 852, max_th = 1.661335e+00, time=2025-04-16 11:38:45 
jj1 = 917, max_th = 2.251906e+00, time=2025-04-16 11:39:56 
jj1 = 913, max_th = 1.468165e+00, time=2025-04-16 11:40:11 
jj1 = 902, max_th = 1.930423e+00, time=2025-04-16 11:41:31 
jj1 = 906, max_th = 1.910218e+00, time=2025-04-16 11:44:02 
jj1 = 885, max_th = 1.214333e+00, time=2025-04-16 11:44:19 
jj1 = 891, max_th = 1.267941e+00, time=2025-04-16 11:45:25 
jj1 = 789, max_th = 2.012450e+00, time=2025-04-16 11:48:50 
jj1 = 916, max_th = 1.084216e+00, time=2025-04-16 11:48:58 
jj1 = 872, max_th = 1.704345e+00, time=2025-04-16 11:49:23 
jj1 = 912, max_th = 2.500386e+00, time=2025-04-16 11:52:29 
jj1 = 928, max_th = 2.455100e+00, time=2025-04-16 11:52:55 
jj1 = 905, max_th = 2.649515e+00, time=2025-04-16 11:53:13 
jj1 = 871, max_th = 2.870667e+00, time=2025-04-16 11:54:28 
jj1 = 841, max_th = 1.943726e+00, time=2025-04-16 11:56:18 
jj1 = 901, max_th = 2.355675e+00, time=2025-04-16 12:01:17 
jj1 = 884, max_th = 1.606995e+00, time=2025-04-16 12:03:26 
jj1 = 927, max_th = 1.187244e+00, time=2025-04-16 12:04:22 
jj1 = 840, max_th = 1.069167e+00, time=2025-04-16 12:05:29 
jj1 = 900, max_th = 2.849519e+00, time=2025-04-16 12:06:06 
jj1 = 851, max_th = 1.841736e+00, time=2025-04-16 12:06:41 
jj1 = 890, max_th = 2.012542e+00, time=2025-04-16 12:07:04 
jj1 = 896, max_th = 2.358737e+00, time=2025-04-16 12:07:20 
jj1 = 923, max_th = 1.687259e+00, time=2025-04-16 12:12:29 
jj1 = 870, max_th = 1.562842e+00, time=2025-04-16 12:14:21 
jj1 = 915, max_th = 2.025037e+00, time=2025-04-16 12:16:47 
jj1 = 883, max_th = 2.511026e+00, time=2025-04-16 12:19:59 
jj1 = 882, max_th = 3.011729e+00, time=2025-04-16 12:22:55 
jj1 = 889, max_th = 2.464508e+00, time=2025-04-16 12:23:45 
jj1 = 911, max_th = 1.983061e+00, time=2025-04-16 12:24:33 
jj1 = 904, max_th = 1.724163e+00, time=2025-04-16 12:26:07 
jj1 = 926, max_th = 2.379444e+00, time=2025-04-16 12:26:47 
jj1 = 839, max_th = 2.365341e+00, time=2025-04-16 12:29:46 
jj1 = 899, max_th = 1.669994e+00, time=2025-04-16 12:29:46 
jj1 = 914, max_th = 2.522325e+00, time=2025-04-16 12:31:35 
jj1 = 895, max_th = 2.225163e+00, time=2025-04-16 12:32:32 
jj1 = 956, max_th = 1.267527e+00, time=2025-04-16 12:34:03 
jj1 = 850, max_th = 1.988633e+00, time=2025-04-16 12:35:52 
jj1 = 910, max_th = 1.371369e+00, time=2025-04-16 12:37:39 
jj1 = 922, max_th = 2.191292e+00, time=2025-04-16 12:38:06 
jj1 = 894, max_th = 2.506358e+00, time=2025-04-16 12:42:14 
jj1 = 869, max_th = 2.015449e+00, time=2025-04-16 12:43:45 
jj1 = 909, max_th = 2.698120e+00, time=2025-04-16 12:46:28 
jj1 = 968, max_th = 2.352922e+00, time=2025-04-16 12:50:00 
jj1 = 948, max_th = 1.941090e+00, time=2025-04-16 12:50:15 
jj1 = 955, max_th = 2.457147e+00, time=2025-04-16 12:50:39 
jj1 = 933, max_th = 2.285735e+00, time=2025-04-16 12:53:26 
jj1 = 925, max_th = 1.996465e+00, time=2025-04-16 12:54:42 
jj1 = 881, max_th = 2.994240e+00, time=2025-04-16 12:54:51 
jj1 = 972, max_th = 1.083305e+00, time=2025-04-16 12:55:28 
jj1 = 960, max_th = 1.865004e+00, time=2025-04-16 12:55:56 
jj1 = 938, max_th = 1.316955e+00, time=2025-04-16 12:56:39 
jj1 = 952, max_th = 1.393452e+00, time=2025-04-16 12:57:40 
jj1 = 880, max_th = 7.568560e-01, time=2025-04-16 12:58:44 
jj1 = 921, max_th = 2.343146e+00, time=2025-04-16 12:58:58 
jj1 = 947, max_th = 1.244132e+00, time=2025-04-16 12:59:04 
jj1 = 920, max_th = 4.353529e-01, time=2025-04-16 13:00:20 
jj1 = 849, max_th = 2.121434e+00, time=2025-04-16 13:05:13 
jj1 = 932, max_th = 1.265671e+00, time=2025-04-16 13:05:39 
jj1 = 924, max_th = 1.273629e+00, time=2025-04-16 13:06:04 
jj1 = 951, max_th = 2.672810e+00, time=2025-04-16 13:09:27 
jj1 = 937, max_th = 2.631773e+00, time=2025-04-16 13:10:17 
jj1 = 950, max_th = 8.864333e-01, time=2025-04-16 13:11:28 
jj1 = 936, max_th = 3.192140e+00, time=2025-04-16 13:11:39 
jj1 = 967, max_th = 2.222490e+00, time=2025-04-16 13:15:44 
jj1 = 954, max_th = 2.011138e+00, time=2025-04-16 13:17:08 
jj1 = 971, max_th = 1.616091e+00, time=2025-04-16 13:17:23 
jj1 = 959, max_th = 1.945127e+00, time=2025-04-16 13:20:44 
jj1 = 935, max_th = 2.677155e+00, time=2025-04-16 13:21:40 
jj1 = 953, max_th = 1.099638e+00, time=2025-04-16 13:23:13 
jj1 = 946, max_th = 2.033311e+00, time=2025-04-16 13:24:10 
jj1 = 976, max_th = 2.389240e+00, time=2025-04-16 13:24:51 
jj1 = 879, max_th = 2.129409e+00, time=2025-04-16 13:25:16 
jj1 = 919, max_th = 2.123913e+00, time=2025-04-16 13:26:52 
jj1 = 931, max_th = 2.427998e+00, time=2025-04-16 13:27:29 
jj1 = 943, max_th = 2.238223e+00, time=2025-04-16 13:29:04 
jj1 = 966, max_th = 1.576282e+00, time=2025-04-16 13:32:53 
jj1 = 949, max_th = 1.965487e+00, time=2025-04-16 13:34:35 
jj1 = 945, max_th = 1.470538e+00, time=2025-04-16 13:37:39 
jj1 = 964, max_th = 1.183389e+00, time=2025-04-16 13:37:54 
jj1 = 984, max_th = 2.457778e+00, time=2025-04-16 13:38:11 
jj1 = 930, max_th = 1.218475e+00, time=2025-04-16 13:39:00 
jj1 = 970, max_th = 2.439368e+00, time=2025-04-16 13:40:22 
jj1 = 934, max_th = 2.327081e+00, time=2025-04-16 13:40:53 
jj1 = 983, max_th = 5.577900e-01, time=2025-04-16 13:41:16 
jj1 = 942, max_th = 1.491237e+00, time=2025-04-16 13:42:21 
jj1 = 958, max_th = 1.811875e+00, time=2025-04-16 13:42:50 
jj1 = 963, max_th = 2.923243e+00, time=2025-04-16 13:43:02 
jj1 = 962, max_th = 2.970509e+00, time=2025-04-16 13:45:50 
jj1 = 980, max_th = 1.985229e+00, time=2025-04-16 13:49:01 
jj1 = 975, max_th = 1.835087e+00, time=2025-04-16 13:49:07 
jj1 = 999, max_th = 1.415899e+00, time=2025-04-16 13:50:43 
jj1 = 965, max_th = 2.219925e+00, time=2025-04-16 13:52:29 
jj1 = 957, max_th = 2.049939e+00, time=2025-04-16 13:52:31 
jj1 = 998, max_th = 1.733975e+00, time=2025-04-16 13:52:58 
jj1 = 974, max_th = 2.760011e+00, time=2025-04-16 13:54:46 
jj1 = 969, max_th = 2.114001e+00, time=2025-04-16 13:55:13 
jj1 = 982, max_th = 2.226380e+00, time=2025-04-16 13:57:57 
jj1 = 979, max_th = 2.428233e+00, time=2025-04-16 13:58:47 
jj1 = 929, max_th = 2.027620e+00, time=2025-04-16 13:59:28 
jj1 = 992, max_th = 2.425232e+00, time=2025-04-16 13:59:52 
jj1 = 941, max_th = 1.753035e+00, time=2025-04-16 14:02:01 
jj1 = 944, max_th = 2.226634e+00, time=2025-04-16 14:02:38 
jj1 = 961, max_th = 2.040775e+00, time=2025-04-16 14:02:47 
jj1 = 997, max_th = 2.251839e+00, time=2025-04-16 14:03:27 
jj1 = 981, max_th = 1.487388e+00, time=2025-04-16 14:04:43 
jj1 = 973, max_th = 1.995252e+00, time=2025-04-16 14:08:02 
jj1 = 978, max_th = 2.236410e+00, time=2025-04-16 14:09:02 
jj1 = 991, max_th = 1.889013e+00, time=2025-04-16 14:09:45 
jj1 = 996, max_th = 2.129334e+00, time=2025-04-16 14:10:06 
jj1 = 1000, max_th = 2.085038e+00, time=2025-04-16 14:10:50 
jj1 = 988, max_th = 1.544063e+00, time=2025-04-16 14:11:02 
jj1 = 940, max_th = 2.378760e+00, time=2025-04-16 14:11:14 
jj1 = 990, max_th = 2.623265e+00, time=2025-04-16 14:14:30 
jj1 = 995, max_th = 2.590157e+00, time=2025-04-16 14:14:41 
jj1 = 977, max_th = 1.997725e+00, time=2025-04-16 14:16:32 
jj1 = 939, max_th = 1.648816e+00, time=2025-04-16 14:16:54 
jj1 = 987, max_th = 1.853569e+00, time=2025-04-16 14:18:43 
jj1 = 994, max_th = 2.179585e+00, time=2025-04-16 14:19:03 
jj1 = 989, max_th = 2.001874e+00, time=2025-04-16 14:21:06 
jj1 = 993, max_th = 2.094532e+00, time=2025-04-16 14:25:32 
jj1 = 986, max_th = 2.162986e+00, time=2025-04-16 14:26:13 
jj1 = 985, max_th = 3.093015e+00, time=2025-04-16 14:26:43 
>> >> >> >> >> >> >> >> >> 