MATLAB is selecting SOFTWARE OPENGL rendering.

                            < M A T L A B (R) >
                  Copyright 1984-2021 The MathWorks, Inc.
                  R2021b (9.11.0.1769968) 64-bit (glnxa64)
                             September 17, 2021

 
To get started, type doc.
For product information, visit www.mathworks.com.
 
>> >> >> >> >> >> >> >> >> >> >> >> >> >> >> >> >> >> >> >> >> >> >> >> >> >> Starting parallel pool (parpool) using the 'local' profile ...
[Warning: A task was unexpectedly found in state: Unavailable.] 
[> In parallel.cluster.Local/deriveJobStateFromTasks (line 29)
In parallel.cluster/Local/getJobState (line 174)
In parallel.cluster/CJSCluster/hGetJobState (line 375)
In parallel.internal.cluster/CJSJobMixin/hGetStateEnum (line 175)
In parallel/Job/get.StateEnum (line 247)
In parallel/Job/get.State (line 239)
In parallel.internal.customattr.CustomGetSet>iVectorisedGetHelper (line 128)
In parallel.internal.customattr.CustomGetSet>@(a,b,c)iVectorisedGetHelper(obj,a,b,c) (line 102)
In parallel.internal.customattr/CustomGetSet/doVectorisedGet (line 103)
In parallel.internal.customattr/CustomGetSet/hVectorisedGet (line 76)
In parallel.internal.customattr.GetSetImpl>iAccessProperties (line 322)
In parallel.internal.customattr.GetSetImpl>iGetAllPropertiesVec (line 264)
In parallel.internal.customattr/GetSetImpl/getImpl (line 133)
In parallel.internal.customattr.CustomGetSet>iHetFunGetFunction (line 154)
In parallel.internal.customattr.CustomGetSet>@(o)iHetFunGetFunction(o,props) (line 139)
In parallel.internal.cluster.hetfun (line 46)
In parallel.internal.customattr.CustomGetSet>iHetFunGetProperty (line 139)
In parallel.internal.customattr/CustomGetSet/get (line 38)
In parallel.internal.pool/AbstractInteractiveClient/pRemoveOldJobs (line 211)
In parallel.internal.pool/AbstractInteractiveClient/start (line 103)
In parallel.internal.pool.AbstractClusterPool>iStartClient (line 831)
In parallel.internal.pool/AbstractClusterPool/hBuildPool (line 585)
In parallel.internal.pool.doParpool (line 22)
In parpool (line 123)
In parallel.internal.parpool.getOrCreateCurrentPool (line 17)
In parallel.internal.pool/PoolArrayManager/getOrAutoCreateWithCleanup (line 44)
In pctTryCreatePoolIfNecessary (line 28)
In parallel_function (line 423)] 
Connected to the parallel pool (number of workers: 12).
jj1 = 45, max_th = 1.250534e+00, time=2025-04-10 19:54:53 
jj1 = 10, max_th = 2.775391e+00, time=2025-04-10 19:58:16 
jj1 = 9, max_th = 2.999435e+00, time=2025-04-10 20:00:51 
jj1 = 35, max_th = 2.715133e+00, time=2025-04-10 20:01:23 
jj1 = 34, max_th = 3.569632e+00, time=2025-04-10 20:01:55 
jj1 = 40, max_th = 1.589346e+00, time=2025-04-10 20:04:06 
jj1 = 8, max_th = 2.968393e+00, time=2025-04-10 20:05:19 
jj1 = 25, max_th = 2.358873e+00, time=2025-04-10 20:08:37 
jj1 = 39, max_th = 3.010485e+00, time=2025-04-10 20:09:15 
jj1 = 20, max_th = 2.257395e+00, time=2025-04-10 20:09:29 
jj1 = 15, max_th = 2.111545e+00, time=2025-04-10 20:11:10 
jj1 = 55, max_th = 2.241080e+00, time=2025-04-10 20:11:10 
jj1 = 60, max_th = 2.134254e+00, time=2025-04-10 20:13:02 
jj1 = 5, max_th = 2.102106e+00, time=2025-04-10 20:14:32 
jj1 = 30, max_th = 1.414454e+00, time=2025-04-10 20:15:50 
jj1 = 44, max_th = 1.956859e+00, time=2025-04-10 20:15:56 
jj1 = 33, max_th = 2.577378e+00, time=2025-04-10 20:16:56 
jj1 = 19, max_th = 1.391104e+00, time=2025-04-10 20:19:27 
jj1 = 50, max_th = 1.753291e+00, time=2025-04-10 20:19:37 
jj1 = 38, max_th = 2.397195e+00, time=2025-04-10 20:22:43 
jj1 = 59, max_th = 1.498501e+00, time=2025-04-10 20:23:24 
jj1 = 14, max_th = 1.454558e+00, time=2025-04-10 20:24:19 
jj1 = 7, max_th = 2.107229e+00, time=2025-04-10 20:25:17 
jj1 = 29, max_th = 2.641600e+00, time=2025-04-10 20:26:28 
jj1 = 37, max_th = 1.103914e+00, time=2025-04-10 20:28:42 
jj1 = 24, max_th = 1.620335e+00, time=2025-04-10 20:29:09 
jj1 = 18, max_th = 1.436388e+00, time=2025-04-10 20:31:37 
jj1 = 4, max_th = 1.831140e+00, time=2025-04-10 20:32:38 
jj1 = 43, max_th = 1.966400e+00, time=2025-04-10 20:33:17 
jj1 = 58, max_th = 2.390829e+00, time=2025-04-10 20:34:35 
jj1 = 49, max_th = 2.765555e+00, time=2025-04-10 20:35:27 
jj1 = 32, max_th = 2.572274e+00, time=2025-04-10 20:36:54 
jj1 = 54, max_th = 1.679215e+00, time=2025-04-10 20:37:43 
jj1 = 31, max_th = 3.304510e+00, time=2025-04-10 20:38:03 
jj1 = 42, max_th = -8.246994e-02, time=2025-04-10 20:40:20 
jj1 = 6, max_th = 2.520837e+00, time=2025-04-10 20:41:37 
jj1 = 23, max_th = 1.488331e+00, time=2025-04-10 20:42:53 
jj1 = 13, max_th = 2.240717e+00, time=2025-04-10 20:44:06 
jj1 = 53, max_th = 2.957653e+00, time=2025-04-10 20:44:17 
jj1 = 17, max_th = 2.439013e+00, time=2025-04-10 20:49:37 
jj1 = 28, max_th = 2.072336e+00, time=2025-04-10 20:51:38 
jj1 = 22, max_th = 2.757988e+00, time=2025-04-10 20:52:00 
jj1 = 36, max_th = 1.852308e+00, time=2025-04-10 20:53:02 
jj1 = 3, max_th = 2.323219e+00, time=2025-04-10 20:56:02 
jj1 = 41, max_th = 2.346626e+00, time=2025-04-10 20:56:47 
jj1 = 57, max_th = 2.123382e+00, time=2025-04-10 20:58:49 
jj1 = 56, max_th = 2.829347e+00, time=2025-04-10 21:02:25 
jj1 = 48, max_th = 2.138681e+00, time=2025-04-10 21:03:42 
jj1 = 12, max_th = 2.428248e+00, time=2025-04-10 21:04:47 
jj1 = 138, max_th = 1.896378e+00, time=2025-04-10 21:05:04 
jj1 = 16, max_th = 1.746231e+00, time=2025-04-10 21:05:11 
jj1 = 52, max_th = 2.152231e+00, time=2025-04-10 21:07:02 
jj1 = 333, max_th = 1.736293e+00, time=2025-04-10 21:07:13 
jj1 = 11, max_th = 7.480522e-01, time=2025-04-10 21:07:33 
jj1 = 372, max_th = 2.384122e+00, time=2025-04-10 21:08:05 
jj1 = 2, max_th = 2.398783e+00, time=2025-04-10 21:09:55 
jj1 = 47, max_th = 4.081626e+00, time=2025-04-10 21:11:27 
jj1 = 21, max_th = 1.385516e+00, time=2025-04-10 21:14:12 
jj1 = 411, max_th = 1.701731e+00, time=2025-04-10 21:15:57 
jj1 = 51, max_th = 2.724697e+00, time=2025-04-10 21:17:49 
jj1 = 332, max_th = 2.063557e+00, time=2025-04-10 21:23:50 
jj1 = 528, max_th = 2.210667e+00, time=2025-04-10 21:23:53 
jj1 = 27, max_th = 1.917765e+00, time=2025-04-10 21:24:00 
jj1 = 177, max_th = 1.537574e+00, time=2025-04-10 21:26:46 
jj1 = 137, max_th = 1.855963e+00, time=2025-04-10 21:26:59 
jj1 = 1, max_th = 2.102914e+00, time=2025-04-10 21:31:24 
jj1 = 216, max_th = 1.742885e+00, time=2025-04-10 21:33:03 
jj1 = 371, max_th = 2.166336e+00, time=2025-04-10 21:33:53 
jj1 = 370, max_th = 6.809220e-01, time=2025-04-10 21:35:10 
jj1 = 489, max_th = 1.651315e+00, time=2025-04-10 21:35:16 
jj1 = 26, max_th = 1.268824e+00, time=2025-04-10 21:37:03 
jj1 = 136, max_th = 1.539372e+00, time=2025-04-10 21:37:38 
jj1 = 176, max_th = 2.629828e+00, time=2025-04-10 21:39:37 
jj1 = 410, max_th = 1.967627e+00, time=2025-04-10 21:39:44 
jj1 = 175, max_th = 4.802443e+00, time=2025-04-10 21:39:55 
jj1 = 255, max_th = 1.889049e+00, time=2025-04-10 21:40:57 
jj1 = 46, max_th = 2.029929e+00, time=2025-04-10 21:41:43 
jj1 = 174, max_th = 2.889945e+00, time=2025-04-10 21:45:46 
jj1 = 294, max_th = 2.614465e+00, time=2025-04-10 21:48:04 
jj1 = 331, max_th = 2.082381e+00, time=2025-04-10 21:48:42 
jj1 = 488, max_th = 2.680005e+00, time=2025-04-10 21:51:19 
jj1 = 99, max_th = 2.656124e+00, time=2025-04-10 21:51:37 
jj1 = 293, max_th = 2.999487e+00, time=2025-04-10 21:51:48 
jj1 = 527, max_th = 1.988677e+00, time=2025-04-10 21:53:48 
jj1 = 369, max_th = 2.313142e+00, time=2025-04-10 21:56:02 
jj1 = 409, max_th = 1.586271e+00, time=2025-04-10 21:57:52 
jj1 = 215, max_th = 1.983355e+00, time=2025-04-10 21:57:57 
jj1 = 450, max_th = 1.541144e+00, time=2025-04-10 21:58:11 
jj1 = 487, max_th = 3.405028e+00, time=2025-04-10 21:58:25 
jj1 = 330, max_th = 2.446730e+00, time=2025-04-10 22:03:43 
jj1 = 254, max_th = 1.841862e+00, time=2025-04-10 22:04:40 
jj1 = 173, max_th = 1.966952e+00, time=2025-04-10 22:05:38 
jj1 = 214, max_th = 2.681500e+00, time=2025-04-10 22:08:25 
jj1 = 135, max_th = 2.039337e+00, time=2025-04-10 22:08:27 
jj1 = 292, max_th = 2.345019e+00, time=2025-04-10 22:09:30 
jj1 = 98, max_th = 2.964990e+00, time=2025-04-10 22:09:41 
jj1 = 486, max_th = 1.426585e+00, time=2025-04-10 22:11:46 
jj1 = 368, max_th = 2.197708e+00, time=2025-04-10 22:12:18 
jj1 = 526, max_th = 2.315643e+00, time=2025-04-10 22:15:06 
jj1 = 485, max_th = 2.415420e-03, time=2025-04-10 22:15:15 
jj1 = 172, max_th = 1.544922e+00, time=2025-04-10 22:19:05 
jj1 = 449, max_th = 2.098364e+00, time=2025-04-10 22:19:50 
jj1 = 408, max_th = 1.661164e+00, time=2025-04-10 22:20:20 
jj1 = 171, max_th = 2.896051e+00, time=2025-04-10 22:23:52 
jj1 = 484, max_th = 2.684801e+00, time=2025-04-10 22:26:09 
jj1 = 329, max_th = 1.873352e+00, time=2025-04-10 22:26:16 
jj1 = 253, max_th = 2.272091e+00, time=2025-04-10 22:28:23 
jj1 = 213, max_th = 1.604898e+00, time=2025-04-10 22:30:41 
jj1 = 97, max_th = 2.357530e+00, time=2025-04-10 22:30:57 
jj1 = 448, max_th = 2.405087e+00, time=2025-04-10 22:31:07 
jj1 = 367, max_th = 1.664636e+00, time=2025-04-10 22:31:08 
jj1 = 291, max_th = 2.101159e+00, time=2025-04-10 22:32:42 
jj1 = 328, max_th = 7.843474e-01, time=2025-04-10 22:32:45 
jj1 = 170, max_th = 2.482948e+00, time=2025-04-10 22:33:13 
jj1 = 134, max_th = 1.877316e+00, time=2025-04-10 22:34:03 
jj1 = 483, max_th = 1.416159e+00, time=2025-04-10 22:37:16 
jj1 = 525, max_th = 1.777785e+00, time=2025-04-10 22:40:24 
jj1 = 133, max_th = 3.016200e+00, time=2025-04-10 22:42:00 
jj1 = 407, max_th = 2.049301e+00, time=2025-04-10 22:42:38 
jj1 = 169, max_th = 2.330871e+00, time=2025-04-10 22:43:40 
jj1 = 524, max_th = 9.618250e-01, time=2025-04-10 22:46:02 
jj1 = 212, max_th = 1.486116e+00, time=2025-04-10 22:46:04 
jj1 = 252, max_th = 2.378764e+00, time=2025-04-10 22:47:02 
jj1 = 327, max_th = 1.568968e+00, time=2025-04-10 22:51:18 
jj1 = 96, max_th = 2.439163e+00, time=2025-04-10 22:52:49 
jj1 = 447, max_th = 1.843118e+00, time=2025-04-10 22:55:34 
jj1 = 482, max_th = 2.207940e+00, time=2025-04-10 22:57:20 
jj1 = 290, max_th = 1.660062e+00, time=2025-04-10 22:58:10 
jj1 = 168, max_th = 1.623853e+00, time=2025-04-10 22:59:02 
jj1 = 366, max_th = 1.572265e+00, time=2025-04-10 23:02:00 
jj1 = 406, max_th = 1.510151e+00, time=2025-04-10 23:01:59 
jj1 = 211, max_th = 1.746806e+00, time=2025-04-10 23:04:39 
jj1 = 132, max_th = 2.056542e+00, time=2025-04-10 23:05:17 
jj1 = 251, max_th = 1.524639e+00, time=2025-04-10 23:07:27 
jj1 = 523, max_th = 1.905647e+00, time=2025-04-10 23:08:46 
jj1 = 326, max_th = 1.842947e+00, time=2025-04-10 23:09:31 
jj1 = 95, max_th = 2.351049e+00, time=2025-04-10 23:11:17 
jj1 = 446, max_th = 1.520853e+00, time=2025-04-10 23:13:52 
jj1 = 365, max_th = 2.425777e+00, time=2025-04-10 23:15:59 
jj1 = 167, max_th = 2.202314e+00, time=2025-04-10 23:16:56 
jj1 = 481, max_th = 2.051039e+00, time=2025-04-10 23:16:58 
jj1 = 325, max_th = 2.664052e+00, time=2025-04-10 23:17:36 
jj1 = 289, max_th = 2.004959e+00, time=2025-04-10 23:20:27 
jj1 = 405, max_th = 2.248712e+00, time=2025-04-10 23:26:53 
jj1 = 250, max_th = 1.789225e+00, time=2025-04-10 23:29:23 
jj1 = 210, max_th = 1.976730e+00, time=2025-04-10 23:29:31 
jj1 = 288, max_th = 1.356795e+00, time=2025-04-10 23:30:31 
jj1 = 94, max_th = 1.803414e+00, time=2025-04-10 23:31:36 
jj1 = 324, max_th = 2.565267e+00, time=2025-04-10 23:33:08 
jj1 = 131, max_th = 1.613230e+00, time=2025-04-10 23:33:13 
jj1 = 130, max_th = 3.644143e+00, time=2025-04-10 23:33:16 
jj1 = 445, max_th = 1.689348e+00, time=2025-04-10 23:33:58 
jj1 = 444, max_th = 3.425179e+00, time=2025-04-10 23:34:29 
jj1 = 364, max_th = 1.716423e+00, time=2025-04-10 23:36:19 
jj1 = 363, max_th = 1.012282e+00, time=2025-04-10 23:39:04 
jj1 = 287, max_th = 1.469107e+00, time=2025-04-10 23:43:09 
jj1 = 166, max_th = 2.358767e+00, time=2025-04-10 23:43:15 
jj1 = 129, max_th = 1.358898e+00, time=2025-04-10 23:45:20 
jj1 = 480, max_th = 1.989553e+00, time=2025-04-10 23:45:56 
jj1 = 249, max_th = 2.507064e+00, time=2025-04-10 23:46:54 
jj1 = 93, max_th = 1.545600e+00, time=2025-04-10 23:49:02 
jj1 = 323, max_th = 1.614160e+00, time=2025-04-10 23:54:58 
jj1 = 362, max_th = 2.527833e+00, time=2025-04-10 23:57:32 
jj1 = 286, max_th = 1.490201e+00, time=2025-04-10 23:59:50 
jj1 = 404, max_th = 2.418871e+00, time=2025-04-11 00:01:09 
jj1 = 209, max_th = 1.732969e+00, time=2025-04-11 00:01:17 
jj1 = 165, max_th = 1.731591e+00, time=2025-04-11 00:03:17 
jj1 = 479, max_th = 1.947395e+00, time=2025-04-11 00:05:11 
jj1 = 443, max_th = 1.408333e+00, time=2025-04-11 00:06:37 
jj1 = 285, max_th = 1.097000e+00, time=2025-04-11 00:07:30 
jj1 = 442, max_th = 3.062390e+00, time=2025-04-11 00:08:27 
jj1 = 248, max_th = 2.468191e+00, time=2025-04-11 00:08:59 
jj1 = 128, max_th = 2.227133e+00, time=2025-04-11 00:09:57 
jj1 = 92, max_th = 2.306554e+00, time=2025-04-11 00:13:07 
jj1 = 522, max_th = 2.184423e+00, time=2025-04-11 00:13:42 
jj1 = 91, max_th = 3.194298e+00, time=2025-04-11 00:15:01 
jj1 = 127, max_th = 2.797001e+00, time=2025-04-11 00:15:05 
jj1 = 322, max_th = 2.077356e+00, time=2025-04-11 00:16:24 
jj1 = 403, max_th = 1.455313e+00, time=2025-04-11 00:16:26 
jj1 = 361, max_th = 2.395426e+00, time=2025-04-11 00:19:28 
jj1 = 164, max_th = 1.627073e+00, time=2025-04-11 00:20:53 
jj1 = 208, max_th = 2.008648e+00, time=2025-04-11 00:22:07 
jj1 = 163, max_th = 2.881791e+00, time=2025-04-11 00:25:37 
jj1 = 478, max_th = 2.204273e+00, time=2025-04-11 00:26:22 
jj1 = 162, max_th = -1.184768e-01, time=2025-04-11 00:26:44 
jj1 = 247, max_th = 2.296646e+00, time=2025-04-11 00:26:52 
jj1 = 284, max_th = 1.885511e+00, time=2025-04-11 00:27:09 
jj1 = 207, max_th = 1.145158e+00, time=2025-04-11 00:27:53 
jj1 = 441, max_th = 1.955348e+00, time=2025-04-11 00:30:48 
jj1 = 161, max_th = 2.755319e+00, time=2025-04-11 00:32:43 
jj1 = 402, max_th = 1.630980e+00, time=2025-04-11 00:32:57 
jj1 = 521, max_th = 2.286164e+00, time=2025-04-11 00:33:14 
jj1 = 321, max_th = 2.214137e+00, time=2025-04-11 00:37:06 
jj1 = 90, max_th = 2.187140e+00, time=2025-04-11 00:37:15 
jj1 = 206, max_th = 2.995339e+00, time=2025-04-11 00:39:25 
jj1 = 126, max_th = 1.487512e+00, time=2025-04-11 00:39:59 
jj1 = 360, max_th = 2.187349e+00, time=2025-04-11 00:42:13 
jj1 = 440, max_th = 1.288113e+00, time=2025-04-11 00:45:23 
jj1 = 125, max_th = 2.953690e+00, time=2025-04-11 00:45:50 
jj1 = 401, max_th = 1.299345e+00, time=2025-04-11 00:46:51 
jj1 = 283, max_th = 2.043665e+00, time=2025-04-11 00:47:08 
jj1 = 477, max_th = 2.139591e+00, time=2025-04-11 00:48:28 
jj1 = 205, max_th = 1.473158e+00, time=2025-04-11 00:50:27 
jj1 = 160, max_th = 2.082484e+00, time=2025-04-11 00:53:22 
jj1 = 246, max_th = 1.679566e+00, time=2025-04-11 00:53:43 
jj1 = 520, max_th = 1.618683e+00, time=2025-04-11 00:55:54 
jj1 = 359, max_th = 1.482528e+00, time=2025-04-11 00:55:57 
jj1 = 439, max_th = 1.427213e+00, time=2025-04-11 00:57:43 
jj1 = 320, max_th = 1.831196e+00, time=2025-04-11 00:58:45 
jj1 = 245, max_th = 2.817971e+00, time=2025-04-11 01:00:46 
jj1 = 89, max_th = 2.103011e+00, time=2025-04-11 01:01:27 
jj1 = 476, max_th = 2.645253e+00, time=2025-04-11 01:03:10 
jj1 = 400, max_th = 2.249081e+00, time=2025-04-11 01:04:52 
jj1 = 88, max_th = 1.095566e+00, time=2025-04-11 01:05:48 
jj1 = 124, max_th = 2.155900e+00, time=2025-04-11 01:07:02 
jj1 = 358, max_th = 2.454857e+00, time=2025-04-11 01:07:01 
jj1 = 399, max_th = 2.770611e+00, time=2025-04-11 01:10:09 
jj1 = 438, max_th = 2.493332e+00, time=2025-04-11 01:10:54 
jj1 = 204, max_th = 1.490722e+00, time=2025-04-11 01:11:20 
jj1 = 282, max_th = 1.777835e+00, time=2025-04-11 01:11:34 
jj1 = 203, max_th = 3.227656e+00, time=2025-04-11 01:12:52 
jj1 = 281, max_th = 2.899706e+00, time=2025-04-11 01:15:08 
jj1 = 475, max_th = 1.506833e+00, time=2025-04-11 01:15:50 
jj1 = 159, max_th = 2.269178e+00, time=2025-04-11 01:17:37 
jj1 = 357, max_th = 1.378487e+00, time=2025-04-11 01:17:41 
jj1 = 398, max_th = 1.312268e+00, time=2025-04-11 01:20:37 
jj1 = 244, max_th = 2.474700e+00, time=2025-04-11 01:20:51 
jj1 = 280, max_th = 2.651032e+00, time=2025-04-11 01:22:18 
jj1 = 202, max_th = 2.577770e+00, time=2025-04-11 01:23:29 
jj1 = 319, max_th = 1.568324e+00, time=2025-04-11 01:25:54 
jj1 = 87, max_th = 1.623570e+00, time=2025-04-11 01:27:51 
jj1 = 123, max_th = 1.526977e+00, time=2025-04-11 01:29:22 
jj1 = 356, max_th = 2.052226e+00, time=2025-04-11 01:32:22 
jj1 = 437, max_th = 2.141995e+00, time=2025-04-11 01:33:10 
jj1 = 355, max_th = 6.489263e-01, time=2025-04-11 01:34:18 
jj1 = 519, max_th = 2.037222e+00, time=2025-04-11 01:35:41 
jj1 = 86, max_th = 2.493948e+00, time=2025-04-11 01:37:43 
jj1 = 474, max_th = 2.239635e+00, time=2025-04-11 01:38:26 
jj1 = 436, max_th = 2.812406e+00, time=2025-04-11 01:39:27 
jj1 = 158, max_th = 2.219003e+00, time=2025-04-11 01:40:03 
jj1 = 397, max_th = 2.019778e+00, time=2025-04-11 01:40:56 
jj1 = 201, max_th = 2.241510e+00, time=2025-04-11 01:41:39 
jj1 = 279, max_th = 2.377645e+00, time=2025-04-11 01:42:03 
jj1 = 243, max_th = 2.313298e+00, time=2025-04-11 01:42:14 
jj1 = 318, max_th = 2.086370e+00, time=2025-04-11 01:48:37 
jj1 = 396, max_th = 1.319317e+00, time=2025-04-11 01:53:08 
jj1 = 122, max_th = 2.009240e+00, time=2025-04-11 01:56:31 
jj1 = 354, max_th = 1.834260e+00, time=2025-04-11 01:56:40 
jj1 = 435, max_th = 2.164049e+00, time=2025-04-11 01:59:36 
jj1 = 473, max_th = 2.073281e+00, time=2025-04-11 02:00:45 
jj1 = 200, max_th = 1.506255e+00, time=2025-04-11 02:00:53 
jj1 = 278, max_th = 2.065114e+00, time=2025-04-11 02:04:18 
jj1 = 85, max_th = 1.981967e+00, time=2025-04-11 02:04:35 
jj1 = 121, max_th = 1.061798e+00, time=2025-04-11 02:06:48 
jj1 = 395, max_th = 2.904414e+00, time=2025-04-11 02:07:10 
jj1 = 518, max_th = 1.886976e+00, time=2025-04-11 02:07:30 
jj1 = 317, max_th = 2.056239e+00, time=2025-04-11 02:07:34 
jj1 = 242, max_th = 1.522915e+00, time=2025-04-11 02:07:34 
jj1 = 353, max_th = 1.781492e+00, time=2025-04-11 02:15:56 
jj1 = 517, max_th = 2.798101e+00, time=2025-04-11 02:16:35 
jj1 = 84, max_th = 1.334460e+00, time=2025-04-11 02:17:52 
jj1 = 199, max_th = 2.100550e+00, time=2025-04-11 02:18:55 
jj1 = 277, max_th = 1.366927e+00, time=2025-04-11 02:19:29 
jj1 = 198, max_th = -8.377844e-02, time=2025-04-11 02:19:52 
jj1 = 241, max_th = 1.305818e+00, time=2025-04-11 02:21:16 
jj1 = 434, max_th = 1.733571e+00, time=2025-04-11 02:21:19 
jj1 = 240, max_th = 9.837423e-01, time=2025-04-11 02:26:29 
jj1 = 316, max_th = 2.125040e+00, time=2025-04-11 02:31:37 
jj1 = 120, max_th = 1.886374e+00, time=2025-04-11 02:34:37 
jj1 = 352, max_th = 2.203458e+00, time=2025-04-11 02:35:35 
jj1 = 516, max_th = 1.341029e+00, time=2025-04-11 02:35:42 
jj1 = 276, max_th = 1.703350e+00, time=2025-04-11 02:38:30 
jj1 = 433, max_th = 1.432984e+00, time=2025-04-11 02:40:09 
jj1 = 472, max_th = 2.275038e+00, time=2025-04-11 02:42:21 
jj1 = 197, max_th = 1.934193e+00, time=2025-04-11 02:44:11 
jj1 = 394, max_th = 2.612586e+00, time=2025-04-11 02:44:13 
jj1 = 157, max_th = 3.143860e+00, time=2025-04-11 02:48:03 
jj1 = 83, max_th = 2.451606e+00, time=2025-04-11 02:48:20 
jj1 = 515, max_th = 1.136960e+00, time=2025-04-11 02:49:38 
jj1 = 239, max_th = 1.947629e+00, time=2025-04-11 02:50:46 
jj1 = 238, max_th = 3.186720e+00, time=2025-04-11 02:52:40 
jj1 = 119, max_th = 2.361027e+00, time=2025-04-11 02:53:54 
jj1 = 315, max_th = 1.961328e+00, time=2025-04-11 02:59:27 
jj1 = 393, max_th = 1.239012e+00, time=2025-04-11 03:01:26 
jj1 = 471, max_th = 2.292778e+00, time=2025-04-11 03:01:52 
jj1 = 156, max_th = 2.222854e+00, time=2025-04-11 03:05:00 
jj1 = 432, max_th = 2.127837e+00, time=2025-04-11 03:06:53 
jj1 = 237, max_th = 2.395906e+00, time=2025-04-11 03:06:57 
jj1 = 196, max_th = 1.502401e+00, time=2025-04-11 03:07:18 
jj1 = 275, max_th = 1.884363e+00, time=2025-04-11 03:09:02 
jj1 = 351, max_th = 2.367763e+00, time=2025-04-11 03:09:22 
jj1 = 514, max_th = 2.390548e+00, time=2025-04-11 03:12:43 
jj1 = 274, max_th = 1.058483e+00, time=2025-04-11 03:14:52 
jj1 = 513, max_th = 2.937248e+00, time=2025-04-11 03:15:23 
jj1 = 314, max_th = 2.094763e+00, time=2025-04-11 03:19:55 
jj1 = 118, max_th = 2.154857e+00, time=2025-04-11 03:20:08 
jj1 = 82, max_th = 1.985389e+00, time=2025-04-11 03:20:16 
jj1 = 470, max_th = 1.718081e+00, time=2025-04-11 03:20:46 
jj1 = 431, max_th = 2.596176e+00, time=2025-04-11 03:23:41 
jj1 = 392, max_th = 2.376500e+00, time=2025-04-11 03:25:09 
jj1 = 273, max_th = 1.672239e+00, time=2025-04-11 03:26:32 
jj1 = 195, max_th = 1.780335e+00, time=2025-04-11 03:27:48 
jj1 = 430, max_th = 1.076462e+00, time=2025-04-11 03:29:52 
jj1 = 155, max_th = 1.866837e+00, time=2025-04-11 03:30:21 
jj1 = 350, max_th = 1.913989e+00, time=2025-04-11 03:30:35 
jj1 = 194, max_th = -3.871696e-01, time=2025-04-11 03:37:19 
jj1 = 313, max_th = 2.381287e+00, time=2025-04-11 03:38:19 
jj1 = 272, max_th = 1.314064e+00, time=2025-04-11 03:39:23 
jj1 = 193, max_th = 2.768082e+00, time=2025-04-11 03:42:10 
jj1 = 117, max_th = 1.878054e+00, time=2025-04-11 03:43:53 
jj1 = 469, max_th = 1.958202e+00, time=2025-04-11 03:44:05 
jj1 = 81, max_th = 1.650845e+00, time=2025-04-11 03:45:14 
jj1 = 154, max_th = 1.699580e+00, time=2025-04-11 03:45:25 
jj1 = 391, max_th = 2.006547e+00, time=2025-04-11 03:47:56 
jj1 = 236, max_th = 1.625134e+00, time=2025-04-11 03:49:45 
jj1 = 512, max_th = 1.681999e+00, time=2025-04-11 03:51:45 
jj1 = 312, max_th = 2.437429e+00, time=2025-04-11 03:53:50 
jj1 = 429, max_th = 2.164927e+00, time=2025-04-11 03:56:40 
jj1 = 271, max_th = 1.572841e+00, time=2025-04-11 03:57:24 
jj1 = 153, max_th = 2.356278e+00, time=2025-04-11 03:59:32 
jj1 = 468, max_th = 1.989386e+00, time=2025-04-11 04:01:29 
jj1 = 192, max_th = 1.800881e+00, time=2025-04-11 04:02:07 
jj1 = 80, max_th = 1.258871e+00, time=2025-04-11 04:02:55 
jj1 = 349, max_th = 2.030599e+00, time=2025-04-11 04:03:59 
jj1 = 235, max_th = 2.498683e+00, time=2025-04-11 04:06:55 
jj1 = 270, max_th = 1.170405e+00, time=2025-04-11 04:07:28 
jj1 = 390, max_th = 1.962074e+00, time=2025-04-11 04:08:03 
jj1 = 116, max_th = 1.907839e+00, time=2025-04-11 04:15:26 
jj1 = 115, max_th = -9.994718e-01, time=2025-04-11 04:15:45 
jj1 = 348, max_th = 2.374619e+00, time=2025-04-11 04:15:59 
jj1 = 152, max_th = 1.676172e+00, time=2025-04-11 04:17:45 
jj1 = 428, max_th = 1.695564e+00, time=2025-04-11 04:18:16 
jj1 = 511, max_th = 2.407974e+00, time=2025-04-11 04:20:30 
jj1 = 467, max_th = 1.634021e+00, time=2025-04-11 04:22:17 
jj1 = 191, max_th = 1.680969e+00, time=2025-04-11 04:22:23 
jj1 = 269, max_th = 1.603961e+00, time=2025-04-11 04:23:30 
jj1 = 151, max_th = 2.841586e+00, time=2025-04-11 04:23:35 
jj1 = 311, max_th = 2.327244e+00, time=2025-04-11 04:23:45 
jj1 = 234, max_th = 1.495991e+00, time=2025-04-11 04:23:56 
jj1 = 466, max_th = 2.862177e-01, time=2025-04-11 04:24:04 
jj1 = 389, max_th = 2.508144e+00, time=2025-04-11 04:24:41 
jj1 = 465, max_th = 3.053983e+00, time=2025-04-11 04:26:55 
jj1 = 114, max_th = 1.592748e+00, time=2025-04-11 04:32:51 
jj1 = 233, max_th = 2.638155e+00, time=2025-04-11 04:34:10 
jj1 = 464, max_th = 1.455464e+00, time=2025-04-11 04:36:58 
jj1 = 347, max_th = 1.843471e+00, time=2025-04-11 04:37:03 
jj1 = 310, max_th = 1.542923e+00, time=2025-04-11 04:37:04 
jj1 = 463, max_th = 3.206449e-01, time=2025-04-11 04:37:13 
jj1 = 268, max_th = 1.020856e+00, time=2025-04-11 04:39:03 
jj1 = 190, max_th = 1.974008e+00, time=2025-04-11 04:39:54 
jj1 = 150, max_th = 1.534576e+00, time=2025-04-11 04:41:18 
jj1 = 267, max_th = 8.973807e-01, time=2025-04-11 04:42:49 
jj1 = 346, max_th = 8.160235e-03, time=2025-04-11 04:43:05 
jj1 = 113, max_th = 1.449333e+00, time=2025-04-11 04:43:50 
jj1 = 388, max_th = 2.030872e+00, time=2025-04-11 04:45:24 
jj1 = 510, max_th = 1.954095e+00, time=2025-04-11 04:46:31 
jj1 = 427, max_th = 1.833015e+00, time=2025-04-11 04:47:18 
jj1 = 149, max_th = 1.023071e+00, time=2025-04-11 04:47:38 
jj1 = 148, max_th = 8.566853e-01, time=2025-04-11 04:56:16 
jj1 = 112, max_th = 2.493867e+00, time=2025-04-11 04:58:02 
jj1 = 266, max_th = 1.585426e+00, time=2025-04-11 04:59:53 
jj1 = 462, max_th = 2.282300e+00, time=2025-04-11 04:59:53 
jj1 = 309, max_th = 2.238392e+00, time=2025-04-11 05:01:17 
jj1 = 189, max_th = 2.258635e+00, time=2025-04-11 05:01:18 
jj1 = 79, max_th = 1.824468e+00, time=2025-04-11 05:01:43 
jj1 = 232, max_th = 2.278787e+00, time=2025-04-11 05:02:36 
jj1 = 78, max_th = 7.439544e-01, time=2025-04-11 05:04:12 
jj1 = 509, max_th = 1.753089e+00, time=2025-04-11 05:06:11 
jj1 = 345, max_th = 2.226422e+00, time=2025-04-11 05:06:21 
jj1 = 147, max_th = 1.882866e+00, time=2025-04-11 05:12:25 
jj1 = 426, max_th = 2.182182e+00, time=2025-04-11 05:12:53 
jj1 = 111, max_th = 1.465283e+00, time=2025-04-11 05:14:40 
jj1 = 308, max_th = 1.567944e+00, time=2025-04-11 05:16:27 
jj1 = 387, max_th = 2.021985e+00, time=2025-04-11 05:18:57 
jj1 = 110, max_th = 1.145877e+00, time=2025-04-11 05:21:16 
jj1 = 265, max_th = 1.956460e+00, time=2025-04-11 05:21:33 
jj1 = 188, max_th = 1.283374e+00, time=2025-04-11 05:21:40 
jj1 = 146, max_th = 2.641632e+00, time=2025-04-11 05:22:03 
jj1 = 77, max_th = 1.233401e+00, time=2025-04-11 05:23:19 
jj1 = 461, max_th = 1.827376e+00, time=2025-04-11 05:26:05 
jj1 = 231, max_th = 2.235440e+00, time=2025-04-11 05:28:31 
jj1 = 344, max_th = 2.205970e+00, time=2025-04-11 05:28:58 
jj1 = 425, max_th = 2.006337e+00, time=2025-04-11 05:30:12 
jj1 = 264, max_th = 1.403510e+00, time=2025-04-11 05:33:09 
jj1 = 508, max_th = 1.954881e+00, time=2025-04-11 05:34:44 
jj1 = 76, max_th = 1.410939e+00, time=2025-04-11 05:39:20 
jj1 = 187, max_th = 1.951490e+00, time=2025-04-11 05:39:35 
jj1 = 307, max_th = 1.980659e+00, time=2025-04-11 05:41:38 
jj1 = 145, max_th = 2.019094e+00, time=2025-04-11 05:43:10 
jj1 = 386, max_th = 1.757565e+00, time=2025-04-11 05:43:39 
jj1 = 306, max_th = 3.158180e+00, time=2025-04-11 05:43:55 
jj1 = 109, max_th = 1.964811e+00, time=2025-04-11 05:44:14 
jj1 = 343, max_th = 1.882598e+00, time=2025-04-11 05:44:32 
jj1 = 460, max_th = 1.662881e+00, time=2025-04-11 05:46:04 
jj1 = 507, max_th = 2.400869e+00, time=2025-04-11 05:51:08 
jj1 = 144, max_th = 1.389181e+00, time=2025-04-11 05:54:06 
jj1 = 230, max_th = 1.926359e+00, time=2025-04-11 05:55:36 
jj1 = 186, max_th = 1.546297e+00, time=2025-04-11 05:55:46 
jj1 = 263, max_th = 2.093096e+00, time=2025-04-11 05:56:17 
jj1 = 305, max_th = 1.602107e+00, time=2025-04-11 05:58:12 
jj1 = 506, max_th = 1.203327e+00, time=2025-04-11 05:58:55 
jj1 = 75, max_th = 2.367317e+00, time=2025-04-11 05:59:37 
jj1 = 424, max_th = 2.014981e+00, time=2025-04-11 06:03:49 
jj1 = 459, max_th = 2.269361e+00, time=2025-04-11 06:03:52 
jj1 = 108, max_th = 2.039108e+00, time=2025-04-11 06:07:58 
jj1 = 458, max_th = 9.815678e-01, time=2025-04-11 06:09:31 
jj1 = 342, max_th = 2.134238e+00, time=2025-04-11 06:11:26 
jj1 = 304, max_th = 1.611421e+00, time=2025-04-11 06:16:35 
jj1 = 229, max_th = 1.981594e+00, time=2025-04-11 06:17:56 
jj1 = 185, max_th = 2.010111e+00, time=2025-04-11 06:18:39 
jj1 = 262, max_th = 1.731597e+00, time=2025-04-11 06:19:28 
jj1 = 74, max_th = 1.590944e+00, time=2025-04-11 06:20:01 
jj1 = 385, max_th = 1.995694e+00, time=2025-04-11 06:21:28 
jj1 = 143, max_th = 2.040308e+00, time=2025-04-11 06:21:45 
jj1 = 107, max_th = 1.552795e+00, time=2025-04-11 06:23:11 
jj1 = 505, max_th = 2.135448e+00, time=2025-04-11 06:24:44 
jj1 = 423, max_th = 2.330722e+00, time=2025-04-11 06:26:24 
jj1 = 384, max_th = 2.750307e+00, time=2025-04-11 06:27:17 
jj1 = 457, max_th = 1.688131e+00, time=2025-04-11 06:29:59 
jj1 = 422, max_th = 2.821840e+00, time=2025-04-11 06:32:43 
jj1 = 228, max_th = 1.266980e+00, time=2025-04-11 06:34:28 
jj1 = 303, max_th = 2.320185e+00, time=2025-04-11 06:36:39 
jj1 = 261, max_th = 1.804423e+00, time=2025-04-11 06:40:07 
jj1 = 456, max_th = 1.420758e+00, time=2025-04-11 06:42:20 
jj1 = 184, max_th = 1.927998e+00, time=2025-04-11 06:42:24 
jj1 = 341, max_th = 1.673569e+00, time=2025-04-11 06:42:27 
jj1 = 260, max_th = 2.934854e+00, time=2025-04-11 06:42:49 
jj1 = 421, max_th = 1.257172e+00, time=2025-04-11 06:43:37 
jj1 = 142, max_th = 1.792949e+00, time=2025-04-11 06:44:12 
jj1 = 302, max_th = 2.684595e+00, time=2025-04-11 06:44:51 
jj1 = 340, max_th = 2.897520e+00, time=2025-04-11 06:45:42 
jj1 = 504, max_th = 2.317035e+00, time=2025-04-11 06:46:19 
jj1 = 183, max_th = 1.393355e+00, time=2025-04-11 06:47:21 
jj1 = 73, max_th = 1.822773e+00, time=2025-04-11 06:50:40 
jj1 = 339, max_th = 1.053908e+00, time=2025-04-11 06:51:21 
jj1 = 106, max_th = 2.167300e+00, time=2025-04-11 06:51:46 
jj1 = 383, max_th = 2.135806e+00, time=2025-04-11 06:52:25 
jj1 = 227, max_th = 2.309972e+00, time=2025-04-11 06:54:46 
jj1 = 338, max_th = 2.934455e+00, time=2025-04-11 06:57:01 
jj1 = 72, max_th = 3.090977e+00, time=2025-04-11 06:59:28 
jj1 = 455, max_th = 2.341714e+00, time=2025-04-11 07:03:42 
jj1 = 141, max_th = 1.837981e+00, time=2025-04-11 07:05:43 
jj1 = 301, max_th = 1.834056e+00, time=2025-04-11 07:05:45 
jj1 = 71, max_th = 1.250584e+00, time=2025-04-11 07:06:02 
jj1 = 259, max_th = 1.971157e+00, time=2025-04-11 07:06:30 
jj1 = 226, max_th = 1.081522e+00, time=2025-04-11 07:07:01 
jj1 = 182, max_th = 1.627520e+00, time=2025-04-11 07:12:31 
jj1 = 382, max_th = 2.107050e+00, time=2025-04-11 07:14:14 
jj1 = 420, max_th = 1.875279e+00, time=2025-04-11 07:15:03 
jj1 = 454, max_th = 2.582419e+00, time=2025-04-11 07:15:30 
jj1 = 105, max_th = 2.279129e+00, time=2025-04-11 07:16:08 
jj1 = 225, max_th = 1.144591e+00, time=2025-04-11 07:16:17 
jj1 = 258, max_th = 2.501840e+00, time=2025-04-11 07:17:04 
jj1 = 503, max_th = 2.209803e+00, time=2025-04-11 07:19:47 
jj1 = 300, max_th = 1.694938e+00, time=2025-04-11 07:24:00 
jj1 = 337, max_th = 2.385456e+00, time=2025-04-11 07:24:05 
jj1 = 419, max_th = 2.691066e+00, time=2025-04-11 07:24:33 
jj1 = 140, max_th = 1.807405e+00, time=2025-04-11 07:24:47 
jj1 = 104, max_th = 1.083632e+00, time=2025-04-11 07:26:41 
jj1 = 139, max_th = 9.331723e-01, time=2025-04-11 07:27:13 
jj1 = 70, max_th = 2.003958e+00, time=2025-04-11 07:33:56 
jj1 = 181, max_th = 1.950318e+00, time=2025-04-11 07:34:16 
jj1 = 453, max_th = 2.317574e+00, time=2025-04-11 07:35:46 
jj1 = 257, max_th = 1.954519e+00, time=2025-04-11 07:36:47 
jj1 = 336, max_th = 1.394637e+00, time=2025-04-11 07:36:47 
jj1 = 502, max_th = 2.071923e+00, time=2025-04-11 07:40:38 
jj1 = 69, max_th = 2.761637e+00, time=2025-04-11 07:42:28 
jj1 = 224, max_th = 1.884975e+00, time=2025-04-11 07:44:11 
jj1 = 103, max_th = 1.553494e+00, time=2025-04-11 07:45:39 
jj1 = 299, max_th = 1.938126e+00, time=2025-04-11 07:47:15 
jj1 = 180, max_th = 1.947521e+00, time=2025-04-11 07:47:31 
jj1 = 668, max_th = 1.614213e+00, time=2025-04-11 07:48:34 
jj1 = 381, max_th = 1.933421e+00, time=2025-04-11 07:50:44 
jj1 = 418, max_th = 1.934672e+00, time=2025-04-11 07:52:42 
jj1 = 256, max_th = 1.521339e+00, time=2025-04-11 07:53:02 
jj1 = 298, max_th = 3.802190e-03, time=2025-04-11 07:55:27 
jj1 = 335, max_th = 2.255853e+00, time=2025-04-11 07:55:36 
jj1 = 452, max_th = 2.279443e+00, time=2025-04-11 07:59:36 
jj1 = 223, max_th = 1.850031e+00, time=2025-04-11 08:01:33 
jj1 = 501, max_th = 2.231940e+00, time=2025-04-11 08:02:15 
jj1 = 667, max_th = 1.754751e+00, time=2025-04-11 08:02:36 
jj1 = 417, max_th = 2.833355e+00, time=2025-04-11 08:04:54 
jj1 = 666, max_th = 6.325120e-01, time=2025-04-11 08:05:06 
jj1 = 334, max_th = 3.855750e+00, time=2025-04-11 08:05:59 
jj1 = 68, max_th = 2.375861e+00, time=2025-04-11 08:06:04 
jj1 = 500, max_th = 2.622487e+00, time=2025-04-11 08:07:32 
jj1 = 748, max_th = 1.828416e+00, time=2025-04-11 08:08:19 
jj1 = 416, max_th = 5.146564e-01, time=2025-04-11 08:09:13 
jj1 = 297, max_th = 2.463179e+00, time=2025-04-11 08:10:55 
jj1 = 179, max_th = 2.020751e+00, time=2025-04-11 08:13:10 
jj1 = 415, max_th = 1.002622e+00, time=2025-04-11 08:14:07 
jj1 = 451, max_th = 1.857337e+00, time=2025-04-11 08:15:06 
jj1 = 588, max_th = 1.542878e+00, time=2025-04-11 08:15:44 
jj1 = 380, max_th = 2.117010e+00, time=2025-04-11 08:18:40 
jj1 = 222, max_th = 1.405607e+00, time=2025-04-11 08:20:13 
jj1 = 102, max_th = 2.153347e+00, time=2025-04-11 08:22:10 
jj1 = 499, max_th = 1.418072e+00, time=2025-04-11 08:24:27 
jj1 = 587, max_th = 1.547800e+00, time=2025-04-11 08:25:51 
jj1 = 586, max_th = -2.403910e-01, time=2025-04-11 08:26:12 
jj1 = 67, max_th = 1.569959e+00, time=2025-04-11 08:27:08 
jj1 = 665, max_th = 1.932615e+00, time=2025-04-11 08:27:35 
jj1 = 747, max_th = 1.792021e+00, time=2025-04-11 08:29:06 
jj1 = 178, max_th = 1.732952e+00, time=2025-04-11 08:30:48 
jj1 = 708, max_th = 2.158002e+00, time=2025-04-11 08:31:42 
jj1 = 296, max_th = 1.292064e+00, time=2025-04-11 08:33:23 
jj1 = 66, max_th = 1.017400e+00, time=2025-04-11 08:35:20 
jj1 = 648, max_th = 2.830631e+00, time=2025-04-11 08:37:23 
jj1 = 221, max_th = 1.498260e+00, time=2025-04-11 08:39:37 
jj1 = 414, max_th = 1.917509e+00, time=2025-04-11 08:40:59 
jj1 = 585, max_th = 1.956211e+00, time=2025-04-11 08:42:29 
jj1 = 707, max_th = 2.198844e+00, time=2025-04-11 08:43:09 
jj1 = 413, max_th = 2.960970e+00, time=2025-04-11 08:44:37 
jj1 = 746, max_th = 1.669589e+00, time=2025-04-11 08:46:28 
jj1 = 101, max_th = 2.193762e+00, time=2025-04-11 08:46:29 
jj1 = 498, max_th = 2.183730e+00, time=2025-04-11 08:48:49 
jj1 = 664, max_th = 2.086120e+00, time=2025-04-11 08:50:24 
jj1 = 412, max_th = 2.518698e+00, time=2025-04-11 08:51:06 
jj1 = 647, max_th = 2.240226e+00, time=2025-04-11 08:52:26 
jj1 = 65, max_th = 1.543831e+00, time=2025-04-11 08:53:10 
jj1 = 379, max_th = 1.969423e+00, time=2025-04-11 08:54:51 
jj1 = 295, max_th = 2.337161e+00, time=2025-04-11 08:54:57 
jj1 = 220, max_th = 2.343145e+00, time=2025-04-11 08:56:48 
jj1 = 706, max_th = 2.272314e+00, time=2025-04-11 08:57:35 
jj1 = 497, max_th = 1.257220e+00, time=2025-04-11 08:58:05 
jj1 = 663, max_th = 1.032433e+00, time=2025-04-11 08:59:42 
jj1 = 584, max_th = 1.994092e+00, time=2025-04-11 09:02:57 
jj1 = 745, max_th = 2.286955e+00, time=2025-04-11 09:03:10 
jj1 = 496, max_th = 9.752357e-01, time=2025-04-11 09:04:46 
jj1 = 64, max_th = 2.279459e+00, time=2025-04-11 09:07:13 
jj1 = 768, max_th = 2.993341e+00, time=2025-04-11 09:07:47 
jj1 = 548, max_th = 1.418360e+00, time=2025-04-11 09:08:17 
jj1 = 100, max_th = 2.166127e+00, time=2025-04-11 09:13:17 
jj1 = 646, max_th = 1.936267e+00, time=2025-04-11 09:16:19 
jj1 = 495, max_th = 1.431860e+00, time=2025-04-11 09:18:51 
jj1 = 767, max_th = 2.717772e+00, time=2025-04-11 09:19:32 
jj1 = 744, max_th = 1.878673e+00, time=2025-04-11 09:19:55 
jj1 = 743, max_th = 2.294721e-03, time=2025-04-11 09:20:24 
jj1 = 662, max_th = 1.842532e+00, time=2025-04-11 09:21:26 
jj1 = 705, max_th = 2.012681e+00, time=2025-04-11 09:21:29 
jj1 = 219, max_th = 1.969892e+00, time=2025-04-11 09:22:54 
jj1 = 583, max_th = 2.192963e+00, time=2025-04-11 09:23:35 
jj1 = 378, max_th = 1.909051e+00, time=2025-04-11 09:24:06 
jj1 = 547, max_th = 1.794995e+00, time=2025-04-11 09:29:37 
jj1 = 582, max_th = 1.494405e+00, time=2025-04-11 09:31:12 
jj1 = 63, max_th = 2.188967e+00, time=2025-04-11 09:31:36 
jj1 = 377, max_th = 1.192989e+00, time=2025-04-11 09:33:52 
jj1 = 62, max_th = 7.356320e-01, time=2025-04-11 09:35:28 
jj1 = 645, max_th = 2.377442e+00, time=2025-04-11 09:35:59 
jj1 = 568, max_th = 1.572992e+00, time=2025-04-11 09:39:23 
jj1 = 494, max_th = 2.234237e+00, time=2025-04-11 09:40:46 
jj1 = 661, max_th = 2.011586e+00, time=2025-04-11 09:43:30 
jj1 = 766, max_th = 1.844797e+00, time=2025-04-11 09:45:09 
jj1 = 546, max_th = 1.540668e+00, time=2025-04-11 09:46:30 
jj1 = 742, max_th = 2.324926e+00, time=2025-04-11 09:47:00 
jj1 = 218, max_th = 1.846758e+00, time=2025-04-11 09:47:11 
jj1 = 567, max_th = 1.090043e+00, time=2025-04-11 09:47:28 
jj1 = 545, max_th = 7.694888e-01, time=2025-04-11 09:51:01 
jj1 = 376, max_th = 1.532183e+00, time=2025-04-11 09:51:18 
jj1 = 581, max_th = 1.992325e+00, time=2025-04-11 09:52:36 
jj1 = 704, max_th = 2.275700e+00, time=2025-04-11 09:52:56 
jj1 = 61, max_th = 1.797817e+00, time=2025-04-11 09:57:36 
jj1 = 765, max_th = 1.570406e+00, time=2025-04-11 10:01:27 
jj1 = 764, max_th = 3.237733e+00, time=2025-04-11 10:02:37 
jj1 = 217, max_th = 1.738747e+00, time=2025-04-11 10:03:12 
jj1 = 644, max_th = 2.464033e+00, time=2025-04-11 10:04:25 
jj1 = 643, max_th = 3.268422e+00, time=2025-04-11 10:05:58 
jj1 = 493, max_th = 1.867207e+00, time=2025-04-11 10:06:55 
jj1 = 660, max_th = 1.909162e+00, time=2025-04-11 10:07:11 
jj1 = 741, max_th = 1.681066e+00, time=2025-04-11 10:08:03 
jj1 = 544, max_th = 1.148991e+00, time=2025-04-11 10:08:39 
jj1 = 375, max_th = 1.687470e+00, time=2025-04-11 10:10:55 
jj1 = 688, max_th = 1.271614e+00, time=2025-04-11 10:14:22 
jj1 = 580, max_th = 2.193884e+00, time=2025-04-11 10:15:40 
jj1 = 703, max_th = 1.576307e+00, time=2025-04-11 10:19:47 
jj1 = 566, max_th = 1.860401e+00, time=2025-04-11 10:19:52 
jj1 = 763, max_th = 1.628460e+00, time=2025-04-11 10:22:16 
jj1 = 728, max_th = 1.836934e+00, time=2025-04-11 10:22:54 
jj1 = 702, max_th = 2.632870e+00, time=2025-04-11 10:28:18 
jj1 = 740, max_th = 1.849092e+00, time=2025-04-11 10:28:31 
jj1 = 543, max_th = 1.997423e+00, time=2025-04-11 10:28:43 
jj1 = 579, max_th = 2.726474e+00, time=2025-04-11 10:29:13 
jj1 = 642, max_th = 1.402998e+00, time=2025-04-11 10:29:53 
jj1 = 659, max_th = 2.104762e+00, time=2025-04-11 10:30:02 
jj1 = 492, max_th = 1.617322e+00, time=2025-04-11 10:30:24 
jj1 = 565, max_th = 1.649951e+00, time=2025-04-11 10:31:23 
jj1 = 578, max_th = 6.982909e-01, time=2025-04-11 10:31:41 
jj1 = 727, max_th = 2.715266e+00, time=2025-04-11 10:33:39 
jj1 = 701, max_th = 2.749110e+00, time=2025-04-11 10:34:19 
jj1 = 374, max_th = 1.794551e+00, time=2025-04-11 10:44:07 
jj1 = 700, max_th = 2.676204e+00, time=2025-04-11 10:44:48 
jj1 = 641, max_th = 1.809138e+00, time=2025-04-11 10:44:50 
jj1 = 491, max_th = 2.241666e+00, time=2025-04-11 10:45:43 
jj1 = 658, max_th = 1.533359e+00, time=2025-04-11 10:46:35 
jj1 = 687, max_th = 1.669450e+00, time=2025-04-11 10:47:15 
jj1 = 564, max_th = 2.453215e+00, time=2025-04-11 10:47:44 
jj1 = 739, max_th = 1.879919e+00, time=2025-04-11 10:51:02 
jj1 = 542, max_th = 2.166926e+00, time=2025-04-11 10:58:07 
jj1 = 762, max_th = 1.746492e+00, time=2025-04-11 10:58:41 
jj1 = 577, max_th = 2.166629e+00, time=2025-04-11 10:58:50 
jj1 = 699, max_th = 1.605324e+00, time=2025-04-11 10:59:18 
jj1 = 563, max_th = 1.337617e+00, time=2025-04-11 11:01:41 
jj1 = 738, max_th = 2.419984e+00, time=2025-04-11 11:07:08 
jj1 = 726, max_th = 1.926024e+00, time=2025-04-11 11:07:10 
jj1 = 490, max_th = 1.923065e+00, time=2025-04-11 11:07:25 
jj1 = 373, max_th = 1.742022e+00, time=2025-04-11 11:08:00 
jj1 = 686, max_th = 2.201037e+00, time=2025-04-11 11:08:15 
jj1 = 562, max_th = 2.844922e+00, time=2025-04-11 11:09:12 
jj1 = 640, max_th = 2.278099e+00, time=2025-04-11 11:12:02 
jj1 = 657, max_th = 1.970094e+00, time=2025-04-11 11:12:20 
jj1 = 541, max_th = 1.779022e+00, time=2025-04-11 11:13:10 
jj1 = 725, max_th = 1.258052e+00, time=2025-04-11 11:16:19 
jj1 = 761, max_th = 1.618267e+00, time=2025-04-11 11:19:03 
jj1 = 698, max_th = 3.355972e+00, time=2025-04-11 11:20:24 
jj1 = 760, max_th = 8.594842e-01, time=2025-04-11 11:20:30 
jj1 = 576, max_th = 2.174337e+00, time=2025-04-11 11:23:39 
jj1 = 685, max_th = 1.493140e+00, time=2025-04-11 11:24:38 
jj1 = 628, max_th = 2.456746e+00, time=2025-04-11 11:25:50 
jj1 = 608, max_th = 1.563976e+00, time=2025-04-11 11:28:59 
jj1 = 540, max_th = 1.692807e+00, time=2025-04-11 11:29:35 
jj1 = 639, max_th = 2.000451e+00, time=2025-04-11 11:29:40 
jj1 = 697, max_th = 2.565832e+00, time=2025-04-11 11:32:42 
jj1 = 656, max_th = 2.332540e+00, time=2025-04-11 11:33:44 
jj1 = 655, max_th = 5.583963e-01, time=2025-04-11 11:34:12 
jj1 = 561, max_th = 1.453657e+00, time=2025-04-11 11:37:20 
jj1 = 607, max_th = 2.880942e+00, time=2025-04-11 11:37:35 
jj1 = 575, max_th = 2.410500e+00, time=2025-04-11 11:39:16 
jj1 = 724, max_th = 2.064038e+00, time=2025-04-11 11:40:45 
jj1 = 627, max_th = 1.797935e+00, time=2025-04-11 11:41:05 
jj1 = 539, max_th = 1.594289e+00, time=2025-04-11 11:42:47 
jj1 = 737, max_th = 2.296542e+00, time=2025-04-11 11:42:53 
jj1 = 759, max_th = 2.377730e+00, time=2025-04-11 11:43:11 
jj1 = 638, max_th = 1.513858e+00, time=2025-04-11 11:45:41 
jj1 = 736, max_th = 9.819845e-01, time=2025-04-11 11:46:54 
jj1 = 696, max_th = 1.755397e+00, time=2025-04-11 11:49:15 
jj1 = 684, max_th = 1.904591e+00, time=2025-04-11 11:52:02 
jj1 = 574, max_th = 2.199979e+00, time=2025-04-11 11:54:31 
jj1 = 654, max_th = 1.671100e+00, time=2025-04-11 11:55:21 
jj1 = 758, max_th = 2.390233e+00, time=2025-04-11 11:57:54 
jj1 = 538, max_th = 2.436217e+00, time=2025-04-11 11:58:55 
jj1 = 683, max_th = 1.349374e+00, time=2025-04-11 11:59:57 
jj1 = 735, max_th = 2.489407e+00, time=2025-04-11 12:00:25 
jj1 = 653, max_th = 2.392407e+00, time=2025-04-11 12:03:16 
jj1 = 560, max_th = 1.981864e+00, time=2025-04-11 12:03:34 
jj1 = 626, max_th = 2.074928e+00, time=2025-04-11 12:03:34 
jj1 = 637, max_th = 1.691473e+00, time=2025-04-11 12:04:12 
jj1 = 573, max_th = 1.397019e+00, time=2025-04-11 12:05:48 
jj1 = 695, max_th = 1.666981e+00, time=2025-04-11 12:08:54 
jj1 = 606, max_th = 1.960675e+00, time=2025-04-11 12:08:58 
jj1 = 694, max_th = 5.842689e-01, time=2025-04-11 12:10:34 
jj1 = 734, max_th = 2.426537e+00, time=2025-04-11 12:11:29 
jj1 = 723, max_th = 1.995668e+00, time=2025-04-11 12:11:33 
jj1 = 652, max_th = 2.451794e+00, time=2025-04-11 12:14:08 
jj1 = 693, max_th = 1.314599e+00, time=2025-04-11 12:19:01 
jj1 = 757, max_th = 1.710115e+00, time=2025-04-11 12:21:16 
jj1 = 537, max_th = 2.153656e+00, time=2025-04-11 12:23:32 
jj1 = 625, max_th = 1.737016e+00, time=2025-04-11 12:24:16 
jj1 = 682, max_th = 2.083564e+00, time=2025-04-11 12:25:33 
jj1 = 733, max_th = 2.399301e+00, time=2025-04-11 12:25:58 
jj1 = 624, max_th = 2.861634e+00, time=2025-04-11 12:29:13 
jj1 = 636, max_th = 2.029379e+00, time=2025-04-11 12:29:38 
jj1 = 756, max_th = 2.577297e+00, time=2025-04-11 12:30:21 
jj1 = 651, max_th = 2.458482e+00, time=2025-04-11 12:30:27 
jj1 = 536, max_th = 2.497706e+00, time=2025-04-11 12:31:44 
jj1 = 572, max_th = 2.668167e+00, time=2025-04-11 12:31:58 
jj1 = 623, max_th = 3.298871e+00, time=2025-04-11 12:33:12 
jj1 = 692, max_th = 1.397228e+00, time=2025-04-11 12:34:05 
jj1 = 722, max_th = 1.573674e+00, time=2025-04-11 12:34:39 
jj1 = 732, max_th = 1.508455e+00, time=2025-04-11 12:39:43 
jj1 = 731, max_th = 6.285870e-01, time=2025-04-11 12:42:09 
jj1 = 691, max_th = 1.560265e+00, time=2025-04-11 12:45:09 
jj1 = 690, max_th = 6.223525e-01, time=2025-04-11 12:46:41 
jj1 = 755, max_th = 2.434964e+00, time=2025-04-11 12:48:44 
jj1 = 635, max_th = 1.761512e+00, time=2025-04-11 12:50:53 
jj1 = 571, max_th = 2.111675e+00, time=2025-04-11 12:51:55 
jj1 = 730, max_th = 1.383428e+00, time=2025-04-11 12:52:15 
jj1 = 681, max_th = 1.638673e+00, time=2025-04-11 12:53:05 
jj1 = 535, max_th = 2.185055e+00, time=2025-04-11 12:53:29 
jj1 = 605, max_th = 1.275173e+00, time=2025-04-11 12:54:02 
jj1 = 650, max_th = 2.018936e+00, time=2025-04-11 12:54:13 
jj1 = 622, max_th = 1.716132e+00, time=2025-04-11 12:54:28 
jj1 = 559, max_th = 1.976866e+00, time=2025-04-11 12:57:22 
jj1 = 534, max_th = 2.974802e+00, time=2025-04-11 12:57:42 
jj1 = 570, max_th = 1.015102e+00, time=2025-04-11 12:58:39 
jj1 = 721, max_th = 1.925611e+00, time=2025-04-11 12:59:01 
jj1 = 754, max_th = 1.353644e+00, time=2025-04-11 12:59:58 
jj1 = 680, max_th = 1.125694e+00, time=2025-04-11 13:03:52 
jj1 = 634, max_th = 1.700433e+00, time=2025-04-11 13:04:47 
jj1 = 569, max_th = 1.277113e+00, time=2025-04-11 13:05:39 
jj1 = 533, max_th = 2.706552e+00, time=2025-04-11 13:06:36 
jj1 = 689, max_th = 1.815996e+00, time=2025-04-11 13:10:48 
jj1 = 729, max_th = 1.708969e+00, time=2025-04-11 13:11:01 
jj1 = 649, max_th = 2.333786e+00, time=2025-04-11 13:12:15 
jj1 = 720, max_th = 2.403696e+00, time=2025-04-11 13:15:42 
jj1 = 753, max_th = 2.627633e+00, time=2025-04-11 13:18:01 
jj1 = 604, max_th = 1.754230e+00, time=2025-04-11 13:18:40 
jj1 = 798, max_th = 2.590334e+00, time=2025-04-11 13:23:09 
jj1 = 621, max_th = 1.318439e+00, time=2025-04-11 13:24:37 
jj1 = 633, max_th = 1.849245e+00, time=2025-04-11 13:25:18 
jj1 = 679, max_th = 1.796192e+00, time=2025-04-11 13:26:08 
jj1 = 788, max_th = 1.946618e+00, time=2025-04-11 13:26:20 
jj1 = 620, max_th = 2.952883e+00, time=2025-04-11 13:27:09 
jj1 = 558, max_th = 1.962806e+00, time=2025-04-11 13:27:41 
jj1 = 808, max_th = 2.209798e+00, time=2025-04-11 13:29:33 
jj1 = 778, max_th = 2.249406e+00, time=2025-04-11 13:30:22 
jj1 = 532, max_th = 1.934469e+00, time=2025-04-11 13:30:50 
jj1 = 678, max_th = 2.713109e+00, time=2025-04-11 13:31:45 
jj1 = 777, max_th = 2.618108e+00, time=2025-04-11 13:34:59 
jj1 = 603, max_th = 2.406333e+00, time=2025-04-11 13:38:04 
jj1 = 752, max_th = 2.384249e+00, time=2025-04-11 13:38:26 
jj1 = 797, max_th = 2.200829e+00, time=2025-04-11 13:39:44 
jj1 = 719, max_th = 1.944703e+00, time=2025-04-11 13:42:08 
jj1 = 787, max_th = 2.261752e+00, time=2025-04-11 13:44:26 
jj1 = 557, max_th = 1.780618e+00, time=2025-04-11 13:46:57 
jj1 = 619, max_th = 1.836028e+00, time=2025-04-11 13:47:38 
jj1 = 751, max_th = 1.583721e+00, time=2025-04-11 13:47:42 
jj1 = 632, max_th = 2.217847e+00, time=2025-04-11 13:48:05 
jj1 = 796, max_th = 2.727009e+00, time=2025-04-11 13:48:50 
jj1 = 807, max_th = 1.993199e+00, time=2025-04-11 13:49:35 
jj1 = 806, max_th = 3.157326e+00, time=2025-04-11 13:51:23 
jj1 = 718, max_th = 2.776821e+00, time=2025-04-11 13:51:39 
jj1 = 795, max_th = 3.066953e+00, time=2025-04-11 13:51:41 
jj1 = 776, max_th = 2.307318e+00, time=2025-04-11 13:52:29 
jj1 = 677, max_th = 1.802566e+00, time=2025-04-11 13:53:04 
jj1 = 531, max_th = 2.119323e+00, time=2025-04-11 13:58:59 
jj1 = 556, max_th = 2.520662e+00, time=2025-04-11 14:00:48 
jj1 = 717, max_th = 2.751330e+00, time=2025-04-11 14:02:00 
jj1 = 794, max_th = 2.456770e+00, time=2025-04-11 14:07:08 
jj1 = 631, max_th = 1.735263e+00, time=2025-04-11 14:07:42 
jj1 = 602, max_th = 1.720016e+00, time=2025-04-11 14:07:57 
jj1 = 805, max_th = 1.948081e+00, time=2025-04-11 14:08:53 
jj1 = 618, max_th = 2.121643e+00, time=2025-04-11 14:09:27 
jj1 = 617, max_th = 3.344882e+00, time=2025-04-11 14:10:48 
jj1 = 786, max_th = 1.922884e+00, time=2025-04-11 14:10:52 
jj1 = 775, max_th = 1.873734e+00, time=2025-04-11 14:14:55 
jj1 = 555, max_th = 1.499380e+00, time=2025-04-11 14:16:06 
jj1 = 804, max_th = 1.235122e+00, time=2025-04-11 14:17:51 
jj1 = 750, max_th = 1.847624e+00, time=2025-04-11 14:19:12 
jj1 = 616, max_th = 6.314899e-01, time=2025-04-11 14:20:10 
jj1 = 530, max_th = 2.360288e+00, time=2025-04-11 14:22:28 
jj1 = 793, max_th = 1.995144e+00, time=2025-04-11 14:26:27 
jj1 = 785, max_th = 2.670046e+00, time=2025-04-11 14:26:38 
jj1 = 716, max_th = 1.861174e+00, time=2025-04-11 14:27:41 
jj1 = 676, max_th = 2.419287e+00, time=2025-04-11 14:31:37 
jj1 = 715, max_th = 2.794949e+00, time=2025-04-11 14:32:27 
jj1 = 554, max_th = 2.342750e+00, time=2025-04-11 14:35:18 
jj1 = 774, max_th = 2.319736e+00, time=2025-04-11 14:39:24 
jj1 = 630, max_th = 1.985280e+00, time=2025-04-11 14:39:33 
jj1 = 803, max_th = 1.991200e+00, time=2025-04-11 14:41:43 
jj1 = 615, max_th = 1.495897e+00, time=2025-04-11 14:42:33 
jj1 = 714, max_th = 2.383567e+00, time=2025-04-11 14:42:34 
jj1 = 784, max_th = 1.698782e+00, time=2025-04-11 14:43:53 
jj1 = 749, max_th = 1.430524e+00, time=2025-04-11 14:46:52 
jj1 = 601, max_th = 2.137498e+00, time=2025-04-11 14:47:00 
jj1 = 792, max_th = 2.141683e+00, time=2025-04-11 14:49:25 
jj1 = 629, max_th = 1.287478e+00, time=2025-04-11 14:50:30 
jj1 = 675, max_th = 2.460884e+00, time=2025-04-11 14:53:06 
jj1 = 791, max_th = 2.865091e+00, time=2025-04-11 14:53:50 
jj1 = 600, max_th = 9.246055e-01, time=2025-04-11 14:55:42 
jj1 = 614, max_th = 1.413045e+00, time=2025-04-11 14:55:43 
jj1 = 674, max_th = 3.805152e+00, time=2025-04-11 14:55:58 
jj1 = 553, max_th = 2.132117e+00, time=2025-04-11 14:56:53 
jj1 = 529, max_th = 3.043321e+00, time=2025-04-11 14:58:48 
jj1 = 783, max_th = 2.465296e+00, time=2025-04-11 14:59:39 
jj1 = 818, max_th = 2.501329e+00, time=2025-04-11 15:01:44 
jj1 = 817, max_th = 6.474794e-01, time=2025-04-11 15:02:35 
jj1 = 773, max_th = 2.024159e+00, time=2025-04-11 15:04:50 
jj1 = 828, max_th = 1.466017e+00, time=2025-04-11 15:04:57 
jj1 = 713, max_th = 2.317262e+00, time=2025-04-11 15:05:27 
jj1 = 790, max_th = 1.318386e+00, time=2025-04-11 15:05:54 
jj1 = 816, max_th = 3.322336e+00, time=2025-04-11 15:06:35 
jj1 = 673, max_th = 1.421577e+00, time=2025-04-11 15:08:17 
jj1 = 552, max_th = 1.290927e+00, time=2025-04-11 15:08:27 
jj1 = 838, max_th = 1.405396e+00, time=2025-04-11 15:11:00 
jj1 = 599, max_th = 1.276713e+00, time=2025-04-11 15:11:24 
jj1 = 772, max_th = 2.735949e+00, time=2025-04-11 15:15:13 
jj1 = 789, max_th = 4.158684e+00, time=2025-04-11 15:17:02 
jj1 = 802, max_th = 1.858305e+00, time=2025-04-11 15:17:27 
jj1 = 613, max_th = 1.775881e+00, time=2025-04-11 15:21:24 
jj1 = 782, max_th = 1.624321e+00, time=2025-04-11 15:21:32 
jj1 = 815, max_th = 1.711301e+00, time=2025-04-11 15:24:02 
jj1 = 712, max_th = 1.611887e+00, time=2025-04-11 15:27:26 
jj1 = 837, max_th = 1.590160e+00, time=2025-04-11 15:28:04 
jj1 = 612, max_th = 1.342547e+00, time=2025-04-11 15:34:14 
jj1 = 672, max_th = 1.997258e+00, time=2025-04-11 15:34:49 
jj1 = 551, max_th = 2.037105e+00, time=2025-04-11 15:35:19 
jj1 = 598, max_th = 2.246995e+00, time=2025-04-11 15:35:43 
jj1 = 893, max_th = 1.818829e+00, time=2025-04-11 15:36:53 
jj1 = 671, max_th = 4.943036e-01, time=2025-04-11 15:37:04 
jj1 = 827, max_th = 2.243944e+00, time=2025-04-11 15:37:09 
jj1 = 801, max_th = 2.378475e+00, time=2025-04-11 15:38:17 
jj1 = 771, max_th = 2.012109e+00, time=2025-04-11 15:38:20 
jj1 = 781, max_th = 2.235966e+00, time=2025-04-11 15:38:45 
jj1 = 836, max_th = 2.711210e+00, time=2025-04-11 15:42:06 
jj1 = 814, max_th = 1.685823e+00, time=2025-04-11 15:44:35 
jj1 = 597, max_th = 1.502009e+00, time=2025-04-11 15:44:51 
jj1 = 892, max_th = 2.393285e+00, time=2025-04-11 15:49:31 
jj1 = 826, max_th = 1.530207e+00, time=2025-04-11 15:50:57 
jj1 = 611, max_th = 2.291369e+00, time=2025-04-11 15:52:39 
jj1 = 550, max_th = 2.196156e+00, time=2025-04-11 15:53:19 
jj1 = 711, max_th = 2.244015e+00, time=2025-04-11 15:55:04 
jj1 = 549, max_th = 1.144060e+00, time=2025-04-11 15:58:02 
jj1 = 825, max_th = 9.932177e-01, time=2025-04-11 15:59:35 
jj1 = 670, max_th = 1.623496e+00, time=2025-04-11 15:59:37 
jj1 = 780, max_th = 1.322171e+00, time=2025-04-11 16:01:47 
jj1 = 800, max_th = 2.127223e+00, time=2025-04-11 16:02:53 
jj1 = 770, max_th = 1.929936e+00, time=2025-04-11 16:04:37 
jj1 = 835, max_th = 2.257158e+00, time=2025-04-11 16:05:21 
jj1 = 610, max_th = 1.799749e+00, time=2025-04-11 16:07:33 
jj1 = 596, max_th = 2.259858e+00, time=2025-04-11 16:08:38 
jj1 = 848, max_th = 1.015806e+00, time=2025-04-11 16:09:51 
jj1 = 813, max_th = 1.755189e+00, time=2025-04-11 16:11:32 
jj1 = 891, max_th = 2.220292e+00, time=2025-04-11 16:12:16 
jj1 = 769, max_th = 2.501833e+00, time=2025-04-11 16:13:27 
jj1 = 824, max_th = 2.387885e+00, time=2025-04-11 16:13:31 
jj1 = 710, max_th = 2.094978e+00, time=2025-04-11 16:16:38 
jj1 = 669, max_th = 1.854128e+00, time=2025-04-11 16:19:45 
jj1 = 834, max_th = 1.508844e+00, time=2025-04-11 16:20:40 
jj1 = 779, max_th = 2.169365e+00, time=2025-04-11 16:22:34 
jj1 = 799, max_th = 1.726099e+00, time=2025-04-11 16:24:44 
jj1 = 595, max_th = 2.266408e+00, time=2025-04-11 16:25:04 
jj1 = 609, max_th = 2.093274e+00, time=2025-04-11 16:25:45 
jj1 = 594, max_th = 4.540431e+00, time=2025-04-11 16:25:48 
jj1 = 833, max_th = 2.458797e+00, time=2025-04-11 16:26:18 
jj1 = 908, max_th = 1.628097e+00, time=2025-04-11 16:27:01 
jj1 = 890, max_th = 1.545691e+00, time=2025-04-11 16:27:22 
jj1 = 889, max_th = 9.234189e-01, time=2025-04-11 16:27:37 
jj1 = 823, max_th = 1.749625e+00, time=2025-04-11 16:30:50 
jj1 = 868, max_th = 1.295907e+00, time=2025-04-11 16:31:23 
jj1 = 812, max_th = 2.125646e+00, time=2025-04-11 16:34:35 
jj1 = 847, max_th = 1.913441e+00, time=2025-04-11 16:34:46 
jj1 = 832, max_th = 2.003824e+00, time=2025-04-11 16:41:14 
jj1 = 831, max_th = 2.994391e+00, time=2025-04-11 16:43:44 
jj1 = 898, max_th = 2.279232e+00, time=2025-04-11 16:43:51 
jj1 = 709, max_th = 1.979649e+00, time=2025-04-11 16:45:54 
jj1 = 903, max_th = 1.664455e+00, time=2025-04-11 16:48:47 
jj1 = 928, max_th = 2.023859e+00, time=2025-04-11 16:49:45 
jj1 = 878, max_th = 2.126301e+00, time=2025-04-11 16:52:07 
jj1 = 822, max_th = 2.034039e+00, time=2025-04-11 16:53:53 
jj1 = 846, max_th = 1.699631e+00, time=2025-04-11 16:54:47 
jj1 = 593, max_th = 1.551713e+00, time=2025-04-11 16:57:12 
jj1 = 927, max_th = 1.471608e+00, time=2025-04-11 16:58:00 
jj1 = 821, max_th = 2.828518e+00, time=2025-04-11 16:58:36 
jj1 = 858, max_th = 1.479096e+00, time=2025-04-11 16:59:16 
jj1 = 867, max_th = 1.881917e+00, time=2025-04-11 16:59:41 
jj1 = 897, max_th = 1.628699e+00, time=2025-04-11 17:02:57 
jj1 = 902, max_th = 1.597672e+00, time=2025-04-11 17:04:51 
jj1 = 907, max_th = 1.372982e+00, time=2025-04-11 17:05:55 
jj1 = 857, max_th = 1.560408e+00, time=2025-04-11 17:11:33 
jj1 = 877, max_th = 1.843112e+00, time=2025-04-11 17:11:56 
jj1 = 845, max_th = 2.192345e+00, time=2025-04-11 17:14:04 
jj1 = 896, max_th = 1.220495e+00, time=2025-04-11 17:14:17 
jj1 = 926, max_th = 1.973172e+00, time=2025-04-11 17:15:22 
jj1 = 820, max_th = 1.677521e+00, time=2025-04-11 17:15:50 
jj1 = 830, max_th = 2.377829e+00, time=2025-04-11 17:16:38 
jj1 = 592, max_th = 2.174163e+00, time=2025-04-11 17:17:35 
jj1 = 856, max_th = 1.407043e+00, time=2025-04-11 17:22:20 
jj1 = 906, max_th = 1.786198e+00, time=2025-04-11 17:23:50 
jj1 = 829, max_th = 2.595890e+00, time=2025-04-11 17:26:05 
jj1 = 876, max_th = 1.605352e+00, time=2025-04-11 17:26:08 
jj1 = 901, max_th = 1.817307e+00, time=2025-04-11 17:26:30 
jj1 = 866, max_th = 1.857777e+00, time=2025-04-11 17:26:56 
jj1 = 819, max_th = 1.892691e+00, time=2025-04-11 17:29:05 
jj1 = 591, max_th = 2.441509e+00, time=2025-04-11 17:30:21 
jj1 = 590, max_th = 2.992360e+00, time=2025-04-11 17:33:28 
jj1 = 925, max_th = 1.978152e+00, time=2025-04-11 17:33:56 
jj1 = 844, max_th = 1.554439e+00, time=2025-04-11 17:35:03 
jj1 = 811, max_th = 1.998411e+00, time=2025-04-11 17:35:14 
jj1 = 913, max_th = 1.232688e+00, time=2025-04-11 17:35:18 
jj1 = 905, max_th = 2.527752e+00, time=2025-04-11 17:36:13 
jj1 = 924, max_th = 7.710401e-01, time=2025-04-11 17:36:31 
jj1 = 895, max_th = 1.833659e+00, time=2025-04-11 17:38:40 
jj1 = 855, max_th = 1.714668e+00, time=2025-04-11 17:39:23 
jj1 = 900, max_th = 1.656324e+00, time=2025-04-11 17:41:15 
jj1 = 923, max_th = 1.693437e+00, time=2025-04-11 17:41:53 
jj1 = 912, max_th = 1.171476e+00, time=2025-04-11 17:42:21 
jj1 = 894, max_th = 2.700911e+00, time=2025-04-11 17:43:01 
jj1 = 904, max_th = 2.351817e+00, time=2025-04-11 17:43:24 
jj1 = 865, max_th = 2.094317e+00, time=2025-04-11 17:44:09 
jj1 = 960, max_th = 2.670474e+00, time=2025-04-11 17:44:46 
jj1 = 952, max_th = 1.220687e+00, time=2025-04-11 17:46:52 
jj1 = 843, max_th = 2.517211e+00, time=2025-04-11 17:47:29 
jj1 = 875, max_th = 2.023093e+00, time=2025-04-11 17:51:26 
jj1 = 959, max_th = 8.791201e-01, time=2025-04-11 17:52:43 
jj1 = 938, max_th = 1.198446e+00, time=2025-04-11 17:55:41 
jj1 = 911, max_th = 2.363030e+00, time=2025-04-11 17:57:27 
jj1 = 899, max_th = 2.158577e+00, time=2025-04-11 17:58:07 
jj1 = 854, max_th = 1.746699e+00, time=2025-04-11 17:58:33 
jj1 = 948, max_th = 5.988398e-01, time=2025-04-11 18:00:05 
jj1 = 810, max_th = 1.910460e+00, time=2025-04-11 18:00:15 
jj1 = 922, max_th = 2.301369e+00, time=2025-04-11 18:00:42 
jj1 = 589, max_th = 1.989615e+00, time=2025-04-11 18:01:30 
jj1 = 951, max_th = 2.121889e+00, time=2025-04-11 18:01:43 
jj1 = 842, max_th = 1.737024e+00, time=2025-04-11 18:02:43 
jj1 = 958, max_th = 2.038201e+00, time=2025-04-11 18:04:10 
jj1 = 864, max_th = 1.703100e+00, time=2025-04-11 18:05:48 
jj1 = 809, max_th = 1.104969e+00, time=2025-04-11 18:05:54 
jj1 = 910, max_th = 2.580733e+00, time=2025-04-11 18:08:00 
jj1 = 937, max_th = 1.814806e+00, time=2025-04-11 18:10:02 
jj1 = 874, max_th = 1.634625e+00, time=2025-04-11 18:10:04 
jj1 = 957, max_th = 1.244986e+00, time=2025-04-11 18:10:32 
jj1 = 888, max_th = 2.400259e+00, time=2025-04-11 18:11:10 
jj1 = 921, max_th = 2.458871e+00, time=2025-04-11 18:13:39 
jj1 = 936, max_th = 3.254698e+00, time=2025-04-11 18:14:27 
jj1 = 853, max_th = 2.411550e+00, time=2025-04-11 18:14:42 
jj1 = 909, max_th = 2.199844e+00, time=2025-04-11 18:18:06 
jj1 = 976, max_th = 1.126376e+00, time=2025-04-11 18:18:27 
jj1 = 887, max_th = 1.308338e+00, time=2025-04-11 18:19:24 
jj1 = 950, max_th = 1.870813e+00, time=2025-04-11 18:20:37 
jj1 = 918, max_th = 2.040585e+00, time=2025-04-11 18:21:39 
jj1 = 841, max_th = 2.179175e+00, time=2025-04-11 18:22:56 
jj1 = 873, max_th = 2.385941e+00, time=2025-04-11 18:24:17 
jj1 = 840, max_th = 3.042639e+00, time=2025-04-11 18:24:25 
jj1 = 947, max_th = 2.247294e+00, time=2025-04-11 18:27:12 
jj1 = 863, max_th = 2.064244e+00, time=2025-04-11 18:28:27 
jj1 = 920, max_th = 2.528084e+00, time=2025-04-11 18:29:48 
jj1 = 975, max_th = 2.233184e+00, time=2025-04-11 18:30:06 
jj1 = 886, max_th = 2.622353e+00, time=2025-04-11 18:31:25 
jj1 = 972, max_th = 1.608055e+00, time=2025-04-11 18:32:27 
jj1 = 917, max_th = 1.473975e+00, time=2025-04-11 18:33:13 
jj1 = 852, max_th = 2.222478e+00, time=2025-04-11 18:35:05 
jj1 = 935, max_th = 1.941297e+00, time=2025-04-11 18:36:48 
jj1 = 949, max_th = 1.932965e+00, time=2025-04-11 18:37:17 
jj1 = 839, max_th = 1.775737e+00, time=2025-04-11 18:41:51 
jj1 = 916, max_th = 2.443846e+00, time=2025-04-11 18:44:09 
jj1 = 974, max_th = 2.339863e+00, time=2025-04-11 18:44:51 
jj1 = 872, max_th = 2.424118e+00, time=2025-04-11 18:45:15 
jj1 = 946, max_th = 1.935462e+00, time=2025-04-11 18:47:17 
jj1 = 919, max_th = 1.662574e+00, time=2025-04-11 18:47:55 
jj1 = 971, max_th = 2.291789e+00, time=2025-04-11 18:48:46 
jj1 = 851, max_th = 2.331621e+00, time=2025-04-11 18:51:24 
jj1 = 862, max_th = 2.072163e+00, time=2025-04-11 18:51:30 
jj1 = 915, max_th = 2.199982e+00, time=2025-04-11 18:54:22 
jj1 = 933, max_th = 2.454482e+00, time=2025-04-11 18:54:53 
jj1 = 934, max_th = 1.873812e+00, time=2025-04-11 18:56:26 
jj1 = 980, max_th = 1.973329e+00, time=2025-04-11 18:56:46 
jj1 = 885, max_th = 2.044749e+00, time=2025-04-11 18:57:23 
jj1 = 945, max_th = 1.221860e+00, time=2025-04-11 18:59:52 
jj1 = 979, max_th = 3.105977e+00, time=2025-04-11 18:59:57 
jj1 = 984, max_th = 8.586664e-01, time=2025-04-11 19:01:32 
jj1 = 973, max_th = 1.956168e+00, time=2025-04-11 19:02:09 
jj1 = 932, max_th = 2.456813e+00, time=2025-04-11 19:03:06 
jj1 = 850, max_th = 1.620072e+00, time=2025-04-11 19:03:26 
jj1 = 968, max_th = 1.332555e+00, time=2025-04-11 19:03:55 
jj1 = 983, max_th = 8.717683e-01, time=2025-04-11 19:04:44 
jj1 = 970, max_th = 2.359124e+00, time=2025-04-11 19:05:50 
jj1 = 861, max_th = 1.990846e+00, time=2025-04-11 19:09:27 
jj1 = 997, max_th = 2.593133e+00, time=2025-04-11 19:09:51 
jj1 = 871, max_th = 2.233043e+00, time=2025-04-11 19:12:23 
jj1 = 884, max_th = 1.786281e+00, time=2025-04-11 19:14:05 
jj1 = 982, max_th = 1.459246e+00, time=2025-04-11 19:14:17 
jj1 = 914, max_th = 2.726931e+00, time=2025-04-11 19:14:43 
jj1 = 978, max_th = 1.744306e+00, time=2025-04-11 19:16:00 
jj1 = 969, max_th = 2.761739e+00, time=2025-04-11 19:16:25 
jj1 = 944, max_th = 2.404459e+00, time=2025-04-11 19:17:38 
jj1 = 860, max_th = 1.446975e+00, time=2025-04-11 19:19:58 
jj1 = 967, max_th = 1.597979e+00, time=2025-04-11 19:20:25 
jj1 = 849, max_th = 1.809097e+00, time=2025-04-11 19:22:48 
jj1 = 931, max_th = 2.114205e+00, time=2025-04-11 19:23:06 
jj1 = 998, max_th = 8.646282e-01, time=2025-04-11 19:23:29 
jj1 = 981, max_th = 1.548401e+00, time=2025-04-11 19:24:39 
jj1 = 977, max_th = 2.636960e+00, time=2025-04-11 19:25:00 
jj1 = 996, max_th = 1.846733e+00, time=2025-04-11 19:27:32 
jj1 = 930, max_th = 1.571782e+00, time=2025-04-11 19:27:48 
jj1 = 870, max_th = 2.130935e+00, time=2025-04-11 19:29:27 
jj1 = 999, max_th = 2.494331e+00, time=2025-04-11 19:31:22 
jj1 = 964, max_th = 2.400144e+00, time=2025-04-11 19:33:12 
jj1 = 883, max_th = 1.974484e+00, time=2025-04-11 19:36:03 
jj1 = 966, max_th = 1.652322e+00, time=2025-04-11 19:37:08 
jj1 = 995, max_th = 2.232150e+00, time=2025-04-11 19:38:32 
jj1 = 859, max_th = 1.975215e+00, time=2025-04-11 19:39:12 
jj1 = 988, max_th = 1.901834e+00, time=2025-04-11 19:39:15 
jj1 = 929, max_th = 1.668006e+00, time=2025-04-11 19:39:53 
jj1 = 869, max_th = 2.377196e+00, time=2025-04-11 19:40:59 
jj1 = 943, max_th = 1.255401e+00, time=2025-04-11 19:42:26 
jj1 = 942, max_th = 3.147284e+00, time=2025-04-11 19:43:07 
jj1 = 994, max_th = 1.650696e+00, time=2025-04-11 19:45:27 
jj1 = 882, max_th = 2.059208e+00, time=2025-04-11 19:46:42 
jj1 = 965, max_th = 1.581541e+00, time=2025-04-11 19:47:01 
jj1 = 963, max_th = 1.764163e+00, time=2025-04-11 19:47:10 
jj1 = 1000, max_th = 1.594919e+00, time=2025-04-11 19:47:29 
jj1 = 987, max_th = 2.207247e+00, time=2025-04-11 19:49:00 
jj1 = 956, max_th = 1.695371e+00, time=2025-04-11 19:51:33 
jj1 = 962, max_th = 1.497110e+00, time=2025-04-11 19:51:55 
jj1 = 941, max_th = 2.143755e+00, time=2025-04-11 19:52:28 
jj1 = 993, max_th = 1.937085e+00, time=2025-04-11 19:54:05 
jj1 = 881, max_th = 2.474261e+00, time=2025-04-11 19:54:13 
jj1 = 955, max_th = 3.699635e+00, time=2025-04-11 19:55:49 
jj1 = 961, max_th = 1.485967e+00, time=2025-04-11 19:57:01 
jj1 = 986, max_th = 1.806757e+00, time=2025-04-11 19:57:43 
jj1 = 954, max_th = 2.739411e+00, time=2025-04-11 19:58:33 
jj1 = 940, max_th = 1.939071e+00, time=2025-04-11 19:59:47 
jj1 = 985, max_th = 1.402697e+00, time=2025-04-11 20:00:51 
jj1 = 880, max_th = 2.031259e+00, time=2025-04-11 20:01:26 
jj1 = 953, max_th = 1.474932e+00, time=2025-04-11 20:03:56 
jj1 = 939, max_th = 1.767193e+00, time=2025-04-11 20:04:39 
jj1 = 879, max_th = 1.714127e+00, time=2025-04-11 20:10:57 
jj1 = 992, max_th = 2.495587e+00, time=2025-04-11 20:15:18 
jj1 = 991, max_th = 2.181598e+00, time=2025-04-11 20:20:16 
jj1 = 990, max_th = 1.984537e+00, time=2025-04-11 20:25:49 
jj1 = 989, max_th = 2.063589e+00, time=2025-04-11 20:32:21 
>> >> >> >> >> >> >> >> >> 