MATLAB is selecting SOFTWARE OPENGL rendering.

                            < M A T L A B (R) >
                  Copyright 1984-2021 The MathWorks, Inc.
                  R2021b (9.11.0.1769968) 64-bit (glnxa64)
                             September 17, 2021

 
To get started, type doc.
For product information, visit www.mathworks.com.
 
>> >> >> >> >> >> >> >> >> >> >> >> >> >> >> >> >> >> >> Starting parallel pool (parpool) using the 'local' profile ...
[Warning: A task was unexpectedly found in state: Unavailable.] 
[> In parallel.cluster.Local/deriveJobStateFromTasks (line 29)
In parallel.cluster/Local/getJobState (line 174)
In parallel.cluster/CJSCluster/hGetJobState (line 375)
In parallel.internal.cluster/CJSJobMixin/hGetStateEnum (line 175)
In parallel/Job/get.StateEnum (line 247)
In parallel/Job/get.State (line 239)
In parallel.internal.customattr.CustomGetSet>iVectorisedGetHelper (line 128)
In parallel.internal.customattr.CustomGetSet>@(a,b,c)iVectorisedGetHelper(obj,a,b,c) (line 102)
In parallel.internal.customattr/CustomGetSet/doVectorisedGet (line 103)
In parallel.internal.customattr/CustomGetSet/hVectorisedGet (line 76)
In parallel.internal.customattr.GetSetImpl>iAccessProperties (line 322)
In parallel.internal.customattr.GetSetImpl>iGetAllPropertiesVec (line 264)
In parallel.internal.customattr/GetSetImpl/getImpl (line 133)
In parallel.internal.customattr.CustomGetSet>iHetFunGetFunction (line 154)
In parallel.internal.customattr.CustomGetSet>@(o)iHetFunGetFunction(o,props) (line 139)
In parallel.internal.cluster.hetfun (line 46)
In parallel.internal.customattr.CustomGetSet>iHetFunGetProperty (line 139)
In parallel.internal.customattr/CustomGetSet/get (line 38)
In parallel.internal.pool/AbstractInteractiveClient/pRemoveOldJobs (line 211)
In parallel.internal.pool/AbstractInteractiveClient/start (line 103)
In parallel.internal.pool.AbstractClusterPool>iStartClient (line 831)
In parallel.internal.pool/AbstractClusterPool/hBuildPool (line 585)
In parallel.internal.pool.doParpool (line 22)
In parpool (line 123)
In parallel.internal.parpool.getOrCreateCurrentPool (line 17)
In parallel.internal.pool/PoolArrayManager/getOrAutoCreateWithCleanup (line 44)
In pctTryCreatePoolIfNecessary (line 28)
In parallel_function (line 423)
In fn_measure (line 41)] 
Connected to the parallel pool (number of workers: 12).
Error of vP is 5.165953e-08 
Error of vP is 7.289935e-08 
Error of vP is 6.017059e-08 
Error of vP is 5.598837e-08 
Error of vP is 1.008815e-07 
Error of vP is 6.189931e-08 
Error of vP is 5.807077e-08 
Error of vP is 5.204294e-08 
Error of vP is 5.603772e-08 
Error of vP is 5.982484e-08 
Error of vP is 5.910107e-08 
Error of vP is 5.849390e-08 
Error of vP is 1.099169e-07 
Error of vP is 8.611136e-08 
Error of vP is 5.591563e-08 
Error of vP is 5.205391e-08 
Error of vP is 5.403909e-08 
Error of vP is 6.499620e-08 
Error of vP is 1.346091e-07 
Error of vP is 8.161905e-08 
Error of vP is 8.981992e-08 
Error of vP is 6.530603e-08 
Error of vP is 5.683353e-08 
Error of vP is 5.900699e-08 
Error of vP is 6.312274e-08 
Error of vP is 6.419956e-08 
Error of vP is 5.476815e-08 
Error of vP is 1.286038e-07 
Error of vP is 1.138400e-07 
Error of vP is 1.376325e-07 
Error of vP is 1.516050e-07 
Error of vP is 1.306902e-07 
Error of vP is 1.493124e-07 
Error of vP is 2.307100e-07 
Error of vP is 4.352925e-07 
Error of vP is 1.532322e-07 
Error of vP is 1.226014e-07 
Error of vP is 7.441801e-08 
Error of vP is 2.639191e-07 
Error of vP is 1.263389e-07 
Error of vP is 6.824222e-08 
Error of vP is 1.226419e-07 
Error of vP is 3.349436e-07 
Error of vP is 1.863596e-07 
Error of vP is 4.727179e-07 
Error of vP is 3.650608e-07 
Error of vP is 1.667850e-07 
Error of vP is 1.827878e-07 
Error of vP is 5.372645e-08 
Error of vP is 6.559683e-08 
Error of vP is 5.073628e-08 
Error of vP is 5.026497e-08 
Error of vP is 6.280065e-08 
Error of vP is 5.331188e-08 
Error of vP is 7.041840e-08 
Error of vP is 8.191756e-08 
Error of vP is 6.659258e-08 
Error of vP is 6.251293e-08 
Error of vP is 1.314771e-07 
Error of vP is 6.699576e-08 
Error of vP is 7.962967e-08 
Error of vP is 1.788075e-07 
Error of vP is 1.089456e-07 
Error of vP is 9.550687e-08 
Error of vP is 6.080968e-08 
Error of vP is 8.174410e-08 
Error of vP is 7.446262e-08 
Error of vP is 7.601089e-08 
Error of vP is 5.868177e-08 
Error of vP is 1.767419e-07 
Error of vP is 7.731887e-08 
Error of vP is 5.394141e-08 
Error of vP is 1.339375e-07 
Error of vP is 5.153961e-08 
Error of vP is 2.218509e-07 
Error of vP is 1.194081e-07 
Error of vP is 1.008064e-07 
Error of vP is 1.517285e-07 
Error of vP is 1.532602e-07 
Error of vP is 1.638030e-07 
Error of vP is 2.295119e-07 
Error of vP is 2.544572e-07 
Error of vP is 2.035437e-07 
Error of vP is 2.037706e-07 
Error of vP is 6.297477e-08 
Error of vP is 5.202410e-08 
Error of vP is 1.326409e-07 
Error of vP is 5.882016e-08 
Error of vP is 1.689500e-07 
Error of vP is 3.761203e-07 
Error of vP is 8.727302e-08 
Error of vP is 1.030251e-07 
Error of vP is 1.505010e-07 
Error of vP is 6.114909e-07 
Error of vP is 3.416284e-07 
Error of vP is 5.344929e-07 
Error of vP is 2.546697e-07 
Error of vP is 2.382785e-07 
Error of vP is 1.111802e-07 
Error of vP is 3.621332e-07 
Error of vP is 6.332494e-07 
Error of vP is 2.217496e-07 
Error of vP is 3.155175e-07 
Error of vP is 8.279917e-08 
Error of vP is 5.845481e-08 
Error of vP is 5.121486e-08 
Error of vP is 5.064769e-08 
Error of vP is 5.196836e-08 
Error of vP is 5.496308e-08 
Error of vP is 5.086323e-08 
Error of vP is 5.095930e-08 
Error of vP is 8.058984e-08 
Error of vP is 1.060048e-07 
Error of vP is 9.268988e-08 
Error of vP is 6.742428e-08 
Error of vP is 5.336711e-08 
Error of vP is 5.313319e-08 
Error of vP is 6.821833e-08 
Error of vP is 8.383262e-08 
Error of vP is 7.853479e-08 
Error of vP is 1.001300e-07 
Error of vP is 8.298538e-08 
Error of vP is 8.582060e-08 
Error of vP is 9.756929e-08 
Error of vP is 5.675194e-08 
Error of vP is 6.359816e-08 
Error of vP is 5.341602e-08 
Error of vP is 8.512617e-08 
Error of vP is 1.244147e-07 
Error of vP is 9.316664e-08 
Error of vP is 1.214430e-07 
Error of vP is 6.271381e-08 
Error of vP is 5.818101e-08 
Error of vP is 6.410863e-08 
Error of vP is 5.445825e-08 
Error of vP is 8.855720e-08 
Error of vP is 6.476421e-08 
Error of vP is 6.530545e-08 
Error of vP is 7.121777e-08 
Error of vP is 5.189647e-08 
Error of vP is 5.102857e-08 
Error of vP is 5.999412e-08 
Error of vP is 6.486049e-08 
Error of vP is 6.600899e-08 
Error of vP is 8.004058e-08 
Error of vP is 1.026039e-07 
Error of vP is 6.336686e-08 
Error of vP is 7.226669e-08 
Error of vP is 6.716541e-08 
Error of vP is 9.207009e-08 
Error of vP is 7.664941e-08 
Error of vP is 9.348375e-08 
Error of vP is 7.040548e-08 
Error of vP is 1.995637e-07 
Error of vP is 5.409823e-08 
Error of vP is 1.374830e-07 
Error of vP is 9.982996e-08 
Error of vP is 1.142329e-07 
Error of vP is 2.872363e-07 
Error of vP is 5.359705e-08 
Error of vP is 1.304319e-07 
Error of vP is 8.072039e-08 
Error of vP is 1.603358e-07 
Error of vP is 5.467452e-08 
Error of vP is 6.208314e-08 
Error of vP is 5.289400e-08 
Error of vP is 6.869497e-08 
Error of vP is 5.905708e-08 
Error of vP is 5.314517e-08 
Error of vP is 5.264352e-08 
Error of vP is 6.551897e-08 
Error of vP is 5.940598e-08 
Error of vP is 6.066970e-08 
Error of vP is 7.765711e-08 
Error of vP is 6.298054e-08 
Error of vP is 6.640782e-08 
Error of vP is 6.378659e-08 
Error of vP is 8.805816e-08 
Error of vP is 5.149151e-08 
Error of vP is 7.207860e-08 
Error of vP is 1.296381e-07 
Error of vP is 5.441115e-08 
Error of vP is 7.226780e-08 
Error of vP is 1.166328e-07 
Error of vP is 5.469999e-08 
Error of vP is 9.074498e-08 
Error of vP is 1.566960e-07 
Error of vP is 1.342075e-07 
Error of vP is 1.189669e-07 
Error of vP is 7.021611e-08 
Error of vP is 8.332874e-08 
Error of vP is 8.393567e-08 
Error of vP is 7.563513e-08 
Error of vP is 1.061207e-07 
Error of vP is 8.487788e-08 
Error of vP is 6.915165e-08 
Error of vP is 1.272231e-07 
Error of vP is 1.182273e-07 
Error of vP is 8.790219e-08 
Error of vP is 8.490689e-08 
Error of vP is 1.452999e-07 
Error of vP is 1.077652e-07 
Error of vP is 5.149147e-08 
Error of vP is 1.297406e-07 
Error of vP is 5.210021e-08 
Error of vP is 7.812765e-08 
Error of vP is 1.413109e-07 
Error of vP is 6.838841e-08 
Error of vP is 5.100874e-08 
Error of vP is 1.473310e-07 
Error of vP is 6.460552e-08 
Error of vP is 6.399136e-08 
Error of vP is 5.971851e-08 
Error of vP is 1.086987e-07 
Error of vP is 7.300593e-08 
Error of vP is 5.467971e-08 
Error of vP is 6.194454e-08 
Error of vP is 7.556873e-08 
Error of vP is 5.155455e-08 
Error of vP is 1.302811e-07 
Error of vP is 1.096359e-07 
Error of vP is 6.845398e-08 
Error of vP is 9.742532e-08 
Error of vP is 8.749407e-08 
Error of vP is 1.165526e-07 
Error of vP is 5.701824e-08 
Error of vP is 6.058718e-08 
Error of vP is 5.691576e-08 
Error of vP is 8.974310e-08 
Error of vP is 7.759574e-08 
Error of vP is 7.285470e-08 
Error of vP is 6.834758e-08 
Error of vP is 7.631663e-08 
Error of vP is 7.808790e-08 
Error of vP is 8.441659e-08 
Error of vP is 8.431995e-08 
Error of vP is 8.023225e-08 
Error of vP is 2.569419e-07 
Error of vP is 7.004810e-08 
Error of vP is 1.263642e-07 
Error of vP is 5.974785e-08 
Error of vP is 7.004627e-08 
Error of vP is 2.309985e-07 
Error of vP is 6.530624e-08 
Error of vP is 6.459995e-08 
Error of vP is 1.262770e-07 
Error of vP is 8.702974e-08 
Error of vP is 2.663516e-07 
Error of vP is 4.005628e-07 
Error of vP is 1.640238e-07 
Error of vP is 1.078229e-07 
Error of vP is 1.836409e-07 
Error of vP is 1.235345e-07 
Error of vP is 5.970792e-08 
Error of vP is 7.478291e-08 
Error of vP is 1.775014e-07 
Error of vP is 4.148877e-07 
Error of vP is 2.345866e-07 
Error of vP is 9.381452e-08 
Error of vP is 1.142539e-07 
Error of vP is 5.371297e-08 
Error of vP is 5.748660e-08 
Error of vP is 6.852208e-08 
Error of vP is 5.782721e-08 
Error of vP is 1.245805e-07 
Error of vP is 5.496790e-08 
Error of vP is 1.145539e-07 
Error of vP is 1.001870e-07 
Error of vP is 8.077509e-08 
Error of vP is 1.380374e-07 
Error of vP is 6.347911e-08 
Error of vP is 1.165414e-07 
Error of vP is 9.234975e-08 
Error of vP is 1.382455e-07 
Error of vP is 7.989597e-08 
Error of vP is 2.282783e-07 
Error of vP is 6.689236e-08 
Error of vP is 2.230892e-07 
Error of vP is 1.367552e-07 
Error of vP is 1.542637e-07 
Error of vP is 7.394044e-08 
Error of vP is 9.178038e-08 
Error of vP is 1.065519e-07 
Error of vP is 6.120184e-08 
Error of vP is 1.391511e-07 
Error of vP is 6.703098e-08 
Error of vP is 2.268311e-07 
Error of vP is 1.192145e-07 
Error of vP is 1.342088e-07 
Error of vP is 1.461762e-07 
Error of vP is 7.760591e-08 
Error of vP is 2.084604e-07 
Error of vP is 9.178217e-08 
Error of vP is 6.310199e-08 
Error of vP is 1.208538e-07 
Error of vP is 2.308515e-07 
Error of vP is 7.944303e-08 
Error of vP is 8.535687e-08 
Error of vP is 4.520005e-07 
Error of vP is 6.135824e-08 
Error of vP is 5.912557e-08 
Error of vP is 6.785448e-08 
Error of vP is 6.713442e-08 
Error of vP is 5.034826e-08 
Error of vP is 6.342413e-08 
Error of vP is 5.892802e-08 
Error of vP is 6.018815e-08 
Error of vP is 5.040500e-08 
Error of vP is 6.017422e-08 
Error of vP is 6.286048e-08 
Error of vP is 5.589550e-08 
Error of vP is 9.580632e-08 
Error of vP is 3.766936e-07 
Error of vP is 6.858889e-08 
Error of vP is 6.789184e-08 
Error of vP is 1.280141e-07 
Error of vP is 8.767685e-08 
Error of vP is 9.723157e-08 
Error of vP is 8.200568e-08 
Error of vP is 1.571472e-07 
Error of vP is 6.043294e-08 
Error of vP is 6.737075e-08 
Error of vP is 1.592662e-07 
Error of vP is 1.206056e-07 
Error of vP is 9.962866e-08 
Error of vP is 6.107208e-08 
Error of vP is 1.470694e-07 
Error of vP is 1.184560e-07 
Error of vP is 6.678658e-08 
Error of vP is 1.263922e-07 
Error of vP is 1.596977e-07 
Error of vP is 9.927346e-08 
Error of vP is 8.931701e-08 
Error of vP is 8.668194e-08 
Error of vP is 1.845829e-07 
Error of vP is 8.658926e-08 
Error of vP is 1.568504e-07 
Error of vP is 6.320470e-08 
Error of vP is 5.661825e-08 
Error of vP is 5.230256e-08 
Error of vP is 1.061271e-07 
Error of vP is 1.046214e-07 
Error of vP is 1.128319e-07 
Error of vP is 6.088392e-08 
Error of vP is 8.576709e-08 
Error of vP is 6.889501e-08 
Error of vP is 2.134237e-07 
Error of vP is 7.772802e-08 
Error of vP is 8.558386e-08 
Error of vP is 5.725549e-08 
Error of vP is 5.276466e-08 
Error of vP is 5.695854e-08 
Error of vP is 5.460150e-08 
Error of vP is 6.427693e-08 
Error of vP is 6.238649e-08 
Error of vP is 5.139083e-08 
Error of vP is 6.266414e-08 
Error of vP is 5.087963e-08 
Error of vP is 5.134080e-08 
Error of vP is 8.127211e-08 
Error of vP is 5.447052e-08 
Error of vP is 6.832719e-08 
Error of vP is 7.447418e-08 
Error of vP is 8.895268e-08 
Error of vP is 1.301010e-07 
Error of vP is 1.787558e-07 
Error of vP is 5.322664e-08 
Error of vP is 1.445341e-07 
Error of vP is 7.218784e-08 
Error of vP is 7.259927e-08 
Error of vP is 6.003027e-08 
Error of vP is 5.566419e-08 
Error of vP is 1.154413e-07 
Error of vP is 1.234009e-07 
Error of vP is 5.130454e-08 
Error of vP is 7.416796e-08 
Error of vP is 1.437403e-07 
Error of vP is 1.125465e-07 
Error of vP is 1.705005e-07 
Error of vP is 7.131499e-08 
Error of vP is 2.779735e-07 
Error of vP is 1.107975e-07 
Error of vP is 1.218284e-07 
Error of vP is 7.560248e-08 
Error of vP is 2.999103e-07 
Error of vP is 3.044957e-07 
Error of vP is 1.860103e-07 
Error of vP is 1.838660e-07 
Error of vP is 1.394371e-07 
Error of vP is 1.740434e-07 
Error of vP is 1.175960e-07 
Error of vP is 1.640644e-07 
Error of vP is 3.403234e-07 
Error of vP is 3.570763e-07 
Error of vP is 3.038289e-07 
Error of vP is 1.487527e-07 
Error of vP is 4.587266e-07 
Error of vP is 3.418119e-07 
Error of vP is 1.411946e-07 
Error of vP is 1.773393e-07 
Error of vP is 1.051531e-07 
Error of vP is 2.511921e-07 
Error of vP is 7.242502e-08 
Error of vP is 2.718953e-07 
Error of vP is 7.998209e-08 
Error of vP is 6.993447e-08 
Error of vP is 7.383222e-08 
Error of vP is 8.008069e-08 
Error of vP is 6.204832e-08 
Error of vP is 5.475629e-08 
Error of vP is 6.377025e-08 
Error of vP is 5.692622e-08 
Error of vP is 6.538750e-08 
Error of vP is 7.605951e-08 
Error of vP is 6.473185e-08 
Error of vP is 6.560328e-08 
Error of vP is 8.713162e-08 
Error of vP is 5.392383e-08 
Error of vP is 5.726319e-08 
Error of vP is 5.663666e-08 
Error of vP is 6.951131e-08 
Error of vP is 5.355740e-08 
Error of vP is 6.045649e-08 
Error of vP is 6.026734e-08 
Error of vP is 6.116909e-08 
Error of vP is 5.149984e-08 
Error of vP is 7.231727e-08 
Error of vP is 8.109428e-08 
Error of vP is 5.031854e-08 
Error of vP is 7.944512e-08 
Error of vP is 5.074820e-08 
Error of vP is 8.012510e-08 
Error of vP is 5.029914e-08 
Error of vP is 5.698699e-08 
Error of vP is 5.976379e-08 
Error of vP is 5.572498e-08 
Error of vP is 6.495676e-08 
Error of vP is 5.289689e-08 
Error of vP is 5.494031e-08 
Error of vP is 6.626160e-08 
Error of vP is 7.330769e-08 
Error of vP is 1.011315e-07 
Error of vP is 6.945242e-08 
Error of vP is 5.421231e-08 
Error of vP is 1.318102e-07 
Error of vP is 1.029368e-07 
Error of vP is 7.554732e-08 
Error of vP is 1.011551e-07 
Error of vP is 7.471867e-08 
Error of vP is 5.089810e-08 
Error of vP is 6.475211e-08 
Error of vP is 6.753973e-08 
Error of vP is 5.525518e-08 
Error of vP is 5.347746e-08 
Error of vP is 6.572740e-08 
Error of vP is 7.891132e-08 
Error of vP is 6.367329e-08 
Error of vP is 8.440360e-08 
Error of vP is 5.893342e-08 
Error of vP is 5.008004e-08 
Error of vP is 6.834530e-08 
Error of vP is 5.359568e-08 
Error of vP is 8.702932e-08 
Error of vP is 8.517302e-08 
Error of vP is 1.546145e-07 
Error of vP is 5.310681e-08 
Error of vP is 6.962034e-08 
Error of vP is 1.838649e-07 
Error of vP is 9.724354e-08 
Error of vP is 2.302268e-07 
Error of vP is 1.231739e-07 
Error of vP is 1.810927e-07 
Error of vP is 1.008020e-07 
Error of vP is 1.076954e-07 
Error of vP is 6.716765e-08 
Error of vP is 5.260551e-08 
Error of vP is 1.223693e-07 
Error of vP is 1.197365e-07 
Error of vP is 8.600827e-08 
Error of vP is 1.709826e-07 
Error of vP is 7.272755e-08 
Error of vP is 6.035101e-08 
Error of vP is 6.127771e-08 
Error of vP is 1.191252e-07 
Error of vP is 1.668416e-07 
Error of vP is 2.003468e-07 
Error of vP is 7.352287e-08 
Error of vP is 1.118370e-07 
Error of vP is 2.293684e-07 
Error of vP is 1.102821e-07 
Error of vP is 3.561258e-07 
Error of vP is 1.423022e-07 
Error of vP is 1.750809e-07 
Error of vP is 1.509507e-07 
Error of vP is 1.165259e-07 
Error of vP is 1.111413e-07 
Error of vP is 1.234889e-07 
Error of vP is 1.434606e-07 
Error of vP is 5.304976e-08 
Error of vP is 9.826857e-08 
Error of vP is 8.516997e-08 
Error of vP is 1.502619e-07 
Error of vP is 2.176774e-07 
Error of vP is 9.167300e-08 
Error of vP is 9.401678e-08 
Error of vP is 1.244760e-07 
Error of vP is 2.610618e-07 
Error of vP is 1.373430e-07 
Error of vP is 9.931291e-08 
Error of vP is 5.707553e-08 
Error of vP is 1.921210e-07 
Error of vP is 2.056710e-07 
Error of vP is 4.184293e-07 
Error of vP is 5.483765e-08 
Error of vP is 4.274121e-07 
Error of vP is 1.590850e-07 
Error of vP is 3.458096e-07 
Error of vP is 2.165636e-07 
Error of vP is 6.549927e-07 
Error of vP is 5.086944e-07 
Error of vP is 6.295145e-07 
Error of vP is 7.284699e-07 
Error of vP is 6.320972e-07 
Error of vP is 3.095882e-07 
Error of vP is 4.581533e-07 
Error of vP is 3.295951e-07 
Error of vP is 3.123054e-07 
Error of vP is 2.646831e-07 
Error of vP is 7.304463e-08 
Error of vP is 3.673418e-07 
Error of vP is 2.463165e-07 
Error of vP is 1.041028e-06 
Error of vP is 1.081200e-06 
Error of vP is 1.504583e-07 
Error of vP is 5.801499e-07 
Error of vP is 4.442356e-07 
Error of vP is 1.903682e-07 
Error of vP is 1.298591e-07 
Error of vP is 5.042754e-07 
Error of vP is 1.171063e-07 
Error of vP is 2.277406e-07 
Error of vP is 4.748248e-07 
Error of vP is 6.085131e-08 
Error of vP is 2.176066e-07 
Error of vP is 9.414326e-07 
Error of vP is 7.731800e-07 
Error of vP is 9.518617e-07 
Error of vP is 1.439290e-06 
Error of vP is 8.390959e-08 
Error of vP is 6.049433e-08 
Error of vP is 6.484500e-08 
Error of vP is 7.118644e-08 
Error of vP is 1.058567e-07 
Error of vP is 1.625232e-07 
Error of vP is 7.661617e-08 
Error of vP is 5.984627e-08 
Error of vP is 8.745815e-08 
Error of vP is 6.385717e-08 
Error of vP is 1.199761e-07 
Error of vP is 1.332980e-07 
Error of vP is 7.435297e-08 
Error of vP is 8.332891e-08 
Error of vP is 2.348060e-07 
Error of vP is 6.382333e-08 
Error of vP is 2.419464e-07 
Error of vP is 8.492096e-08 
Error of vP is 7.989803e-08 
Error of vP is 6.427855e-08 
Error of vP is 5.658267e-08 
Error of vP is 1.212540e-07 
Error of vP is 1.454041e-07 
Error of vP is 6.093447e-08 
Error of vP is 6.557157e-08 
Error of vP is 5.370276e-08 
Error of vP is 1.039314e-07 
Error of vP is 7.860748e-08 
Error of vP is 7.571735e-08 
Error of vP is 1.296158e-07 
Error of vP is 3.575235e-07 
Error of vP is 7.235099e-08 
Error of vP is 1.359457e-07 
Error of vP is 7.562380e-08 
Error of vP is 1.260050e-07 
Error of vP is 7.389141e-08 
Error of vP is 1.355856e-07 
Error of vP is 1.056642e-07 
Error of vP is 5.149390e-08 
Error of vP is 5.194729e-08 
Error of vP is 1.983764e-07 
Error of vP is 1.447953e-07 
Error of vP is 2.072541e-07 
Error of vP is 6.588847e-08 
Error of vP is 3.519567e-07 
Error of vP is 1.286217e-07 
Error of vP is 5.722977e-08 
Error of vP is 2.898117e-07 
Error of vP is 8.832675e-08 
Error of vP is 6.536501e-08 
Error of vP is 1.423643e-07 
Error of vP is 6.662247e-08 
Error of vP is 2.976601e-07 
Error of vP is 7.054238e-08 
Error of vP is 3.253537e-07 
Error of vP is 7.400506e-08 
Error of vP is 2.771793e-07 
Error of vP is 6.331558e-08 
Error of vP is 2.048126e-07 
Error of vP is 1.521611e-07 
Error of vP is 1.451754e-07 
Error of vP is 1.522822e-07 
Error of vP is 1.517884e-07 
Error of vP is 1.809774e-07 
Error of vP is 2.455083e-07 
Error of vP is 7.803942e-08 
Error of vP is 7.812315e-08 
Error of vP is 6.511429e-08 
Error of vP is 1.071988e-07 
Error of vP is 1.640092e-07 
Error of vP is 1.174344e-07 
Error of vP is 8.828415e-08 
Error of vP is 7.939254e-08 
Error of vP is 1.070358e-07 
Error of vP is 2.852893e-07 
Error of vP is 6.351888e-08 
Error of vP is 1.392812e-07 
Error of vP is 1.624686e-07 
Error of vP is 7.302966e-08 
Error of vP is 1.313244e-07 
Error of vP is 2.722458e-07 
Error of vP is 5.190431e-07 
Error of vP is 5.767056e-07 
Error of vP is 6.017319e-07 
Error of vP is 3.407091e-07 
Error of vP is 2.115072e-07 
Error of vP is 1.929383e-07 
Error of vP is 1.718879e-07 
Error of vP is 5.603068e-07 
Error of vP is 6.096698e-08 
Error of vP is 7.094303e-07 
Error of vP is 6.317632e-07 
Error of vP is 2.257549e-07 
Error of vP is 2.163001e-07 
Error of vP is 1.181074e-07 
Error of vP is 8.078196e-08 
Error of vP is 6.083659e-08 
Error of vP is 5.331376e-08 
Error of vP is 1.247413e-07 
Error of vP is 1.215281e-07 
Error of vP is 6.432104e-08 
Error of vP is 1.023110e-07 
Error of vP is 6.110536e-08 
Error of vP is 1.030658e-07 
Error of vP is 7.192018e-08 
Error of vP is 1.431599e-07 
Error of vP is 1.052326e-07 
Error of vP is 1.881165e-07 
Error of vP is 7.681613e-07 
Error of vP is 5.698528e-08 
Error of vP is 5.220434e-08 
Error of vP is 8.177580e-08 
Error of vP is 5.646264e-08 
Error of vP is 5.025501e-08 
Error of vP is 5.580439e-08 
Error of vP is 5.503976e-08 
Error of vP is 6.732262e-08 
Error of vP is 9.294707e-08 
Error of vP is 7.970894e-08 
Error of vP is 6.197181e-08 
Error of vP is 5.253195e-08 
Error of vP is 7.755191e-08 
Error of vP is 6.032976e-08 
Error of vP is 6.577257e-08 
Error of vP is 8.684665e-08 
Error of vP is 9.078215e-08 
Error of vP is 8.434756e-08 
Error of vP is 1.083734e-07 
Error of vP is 8.372586e-08 
Error of vP is 8.861648e-08 
Error of vP is 8.262769e-08 
Error of vP is 9.026988e-08 
Error of vP is 5.644234e-08 
Error of vP is 7.457264e-08 
Error of vP is 7.604449e-08 
Error of vP is 6.521492e-08 
Error of vP is 5.725724e-08 
Error of vP is 5.490907e-08 
Error of vP is 7.299341e-08 
Error of vP is 6.512610e-08 
Error of vP is 5.165778e-08 
Error of vP is 7.394523e-08 
Error of vP is 9.372018e-08 
Error of vP is 5.939251e-08 
Error of vP is 6.724367e-08 
Error of vP is 9.444630e-08 
Error of vP is 5.538376e-08 
Error of vP is 9.448469e-08 
Error of vP is 5.793130e-08 
Error of vP is 5.801410e-08 
Error of vP is 1.182495e-07 
Error of vP is 1.426601e-07 
Error of vP is 6.972100e-08 
Error of vP is 6.343119e-08 
Error of vP is 7.993360e-08 
Error of vP is 5.935793e-08 
Error of vP is 8.641863e-08 
Error of vP is 6.851310e-08 
Error of vP is 6.710113e-08 
Error of vP is 8.697700e-08 
Error of vP is 8.912687e-08 
Error of vP is 6.838769e-08 
Error of vP is 1.206780e-07 
Error of vP is 1.566312e-07 
Error of vP is 1.032981e-07 
Error of vP is 6.733137e-08 
Error of vP is 7.607077e-08 
Error of vP is 1.614729e-07 
Error of vP is 6.205007e-08 
Error of vP is 1.415981e-07 
Error of vP is 2.161323e-07 
Error of vP is 8.618449e-08 
Error of vP is 9.849043e-08 
Error of vP is 1.089227e-07 
Error of vP is 8.627475e-08 
Error of vP is 5.851260e-08 
Error of vP is 1.163490e-07 
Error of vP is 1.245113e-07 
Error of vP is 7.284942e-08 
Error of vP is 9.135838e-08 
Error of vP is 7.564308e-08 
Error of vP is 9.515045e-08 
Error of vP is 2.372749e-07 
Error of vP is 1.736577e-07 
Error of vP is 3.061766e-07 
Error of vP is 6.477001e-08 
Error of vP is 8.748425e-08 
Error of vP is 5.899911e-08 
Error of vP is 8.339786e-08 
Error of vP is 5.383053e-08 
Error of vP is 5.374045e-08 
Error of vP is 5.612642e-08 
Error of vP is 5.694316e-08 
Error of vP is 8.730944e-08 
Error of vP is 7.302315e-08 
Error of vP is 9.403694e-08 
Error of vP is 9.072850e-08 
Error of vP is 5.315268e-08 
Error of vP is 6.865880e-08 
Error of vP is 9.802912e-08 
Error of vP is 1.086544e-07 
Error of vP is 8.525406e-08 
Error of vP is 2.178742e-07 
Error of vP is 1.187743e-07 
Error of vP is 1.744942e-07 
Error of vP is 7.845629e-08 
Error of vP is 6.555213e-08 
Error of vP is 1.317095e-07 
Error of vP is 2.673594e-07 
Error of vP is 1.587310e-07 
Error of vP is 2.631799e-07 
Error of vP is 6.441554e-08 
Error of vP is 1.376237e-07 
Error of vP is 1.602965e-07 
Error of vP is 1.801431e-07 
Error of vP is 6.929277e-08 
Error of vP is 1.254072e-07 
Error of vP is 7.288232e-08 
Error of vP is 6.619058e-08 
Error of vP is 1.781844e-07 
Error of vP is 2.436409e-07 
Error of vP is 5.362350e-08 
Error of vP is 5.163506e-08 
Error of vP is 5.043727e-08 
Error of vP is 6.156445e-08 
Error of vP is 6.403024e-08 
Error of vP is 5.778389e-08 
Error of vP is 5.388714e-08 
Error of vP is 6.583753e-08 
Error of vP is 1.019697e-07 
Error of vP is 6.455041e-08 
Error of vP is 7.376222e-08 
Error of vP is 8.036279e-08 
Error of vP is 6.677415e-08 
Error of vP is 6.718678e-08 
Error of vP is 1.932200e-07 
Error of vP is 6.087682e-08 
Error of vP is 1.780011e-07 
Error of vP is 1.560144e-07 
>> >> 
endtime =

   4.1133e+04

>> >> >> >> >> >> 