MATLAB is selecting SOFTWARE OPENGL rendering.

                            < M A T L A B (R) >
                  Copyright 1984-2021 The MathWorks, Inc.
                  R2021b (9.11.0.1769968) 64-bit (glnxa64)
                             September 17, 2021

 
To get started, type doc.
For product information, visit www.mathworks.com.
 
>> >> >> >> >> >> >> >> >> >> >> >> >> >> >> >> >> >> >> Starting parallel pool (parpool) using the 'local' profile ...
[Warning: A task was unexpectedly found in state: Unavailable.] 
[> In parallel.cluster.Local/deriveJobStateFromTasks (line 29)
In parallel.cluster/Local/getJobState (line 174)
In parallel.cluster/CJSCluster/hGetJobState (line 375)
In parallel.internal.cluster/CJSJobMixin/hGetStateEnum (line 175)
In parallel/Job/get.StateEnum (line 247)
In parallel/Job/get.State (line 239)
In parallel.internal.customattr.CustomGetSet>iVectorisedGetHelper (line 128)
In parallel.internal.customattr.CustomGetSet>@(a,b,c)iVectorisedGetHelper(obj,a,b,c) (line 102)
In parallel.internal.customattr/CustomGetSet/doVectorisedGet (line 103)
In parallel.internal.customattr/CustomGetSet/hVectorisedGet (line 76)
In parallel.internal.customattr.GetSetImpl>iAccessProperties (line 322)
In parallel.internal.customattr.GetSetImpl>iGetAllPropertiesVec (line 264)
In parallel.internal.customattr/GetSetImpl/getImpl (line 133)
In parallel.internal.customattr.CustomGetSet>iHetFunGetFunction (line 154)
In parallel.internal.customattr.CustomGetSet>@(o)iHetFunGetFunction(o,props) (line 139)
In parallel.internal.cluster.hetfun (line 46)
In parallel.internal.customattr.CustomGetSet>iHetFunGetProperty (line 139)
In parallel.internal.customattr/CustomGetSet/get (line 38)
In parallel.internal.pool/AbstractInteractiveClient/pRemoveOldJobs (line 211)
In parallel.internal.pool/AbstractInteractiveClient/start (line 103)
In parallel.internal.pool.AbstractClusterPool>iStartClient (line 831)
In parallel.internal.pool/AbstractClusterPool/hBuildPool (line 585)
In parallel.internal.pool.doParpool (line 22)
In parpool (line 123)
In parallel.internal.parpool.getOrCreateCurrentPool (line 17)
In parallel.internal.pool/PoolArrayManager/getOrAutoCreateWithCleanup (line 44)
In pctTryCreatePoolIfNecessary (line 28)
In parallel_function (line 423)
In fn_measure (line 41)] 
Connected to the parallel pool (number of workers: 12).
Error of vP is 6.352203e-08 
Error of vP is 5.107585e-08 
Error of vP is 6.819371e-08 
Error of vP is 5.499189e-08 
Error of vP is 5.300734e-08 
Error of vP is 6.168829e-08 
Error of vP is 9.439584e-08 
Error of vP is 7.226751e-08 
Error of vP is 9.339231e-08 
Error of vP is 1.281358e-07 
Error of vP is 1.153539e-07 
Error of vP is 7.809400e-08 
Error of vP is 9.846545e-08 
Error of vP is 8.385798e-08 
Error of vP is 5.836255e-08 
Error of vP is 5.376964e-08 
Error of vP is 1.175589e-07 
Error of vP is 8.748307e-08 
Error of vP is 1.562815e-07 
Error of vP is 1.007481e-07 
Error of vP is 5.978999e-08 
Error of vP is 1.023800e-07 
Error of vP is 7.129405e-08 
Error of vP is 1.751886e-07 
Error of vP is 1.394044e-07 
Error of vP is 5.426947e-08 
Error of vP is 6.200633e-08 
Error of vP is 1.051929e-07 
Error of vP is 6.173192e-08 
Error of vP is 1.088115e-07 
Error of vP is 1.403175e-07 
Error of vP is 1.353756e-07 
Error of vP is 5.541527e-08 
Error of vP is 9.835585e-08 
Error of vP is 2.119519e-07 
Error of vP is 9.695755e-08 
Error of vP is 8.483859e-08 
Error of vP is 1.449442e-07 
Error of vP is 1.029452e-07 
Error of vP is 5.048839e-08 
Error of vP is 3.466423e-07 
Error of vP is 1.555573e-07 
Error of vP is 7.620338e-08 
Error of vP is 1.330736e-07 
Error of vP is 8.665292e-08 
Error of vP is 1.162601e-07 
Error of vP is 2.244045e-07 
Error of vP is 1.072610e-07 
Error of vP is 2.508093e-07 
Error of vP is 1.198420e-07 
Error of vP is 3.747050e-07 
Error of vP is 1.557109e-07 
Error of vP is 4.315368e-07 
Error of vP is 8.462479e-08 
Error of vP is 2.070210e-07 
Error of vP is 1.284277e-07 
Error of vP is 7.492211e-08 
Error of vP is 5.616942e-08 
Error of vP is 1.219323e-07 
Error of vP is 7.190582e-08 
Error of vP is 6.117240e-08 
Error of vP is 6.219621e-08 
Error of vP is 9.893599e-08 
Error of vP is 7.267191e-08 
Error of vP is 5.437637e-08 
Error of vP is 6.569530e-08 
Error of vP is 1.344276e-07 
Error of vP is 1.356791e-07 
Error of vP is 9.540779e-08 
Error of vP is 1.274578e-07 
Error of vP is 2.353067e-07 
Error of vP is 1.697460e-07 
Error of vP is 1.496055e-07 
Error of vP is 7.923958e-08 
Error of vP is 2.215852e-07 
Error of vP is 1.721888e-07 
Error of vP is 6.239547e-08 
Error of vP is 3.754744e-07 
Error of vP is 1.117271e-07 
Error of vP is 1.314447e-07 
Error of vP is 1.284160e-07 
Error of vP is 3.991751e-07 
Error of vP is 5.302893e-08 
Error of vP is 1.238576e-07 
Error of vP is 1.081380e-07 
Error of vP is 5.386404e-07 
Error of vP is 2.742493e-07 
Error of vP is 4.848052e-07 
Error of vP is 7.951893e-07 
Error of vP is 9.772007e-07 
Error of vP is 4.372545e-07 
Error of vP is 9.253728e-08 
Error of vP is 4.993480e-07 
Error of vP is 7.899183e-07 
Error of vP is 9.738872e-07 
Error of vP is 1.204244e-06 
Error of vP is 4.506294e-07 
Error of vP is 3.057352e-07 
Error of vP is 9.707269e-07 
Error of vP is 7.991908e-08 
Error of vP is 5.662966e-07 
Error of vP is 5.211511e-07 
Error of vP is 3.869365e-07 
Error of vP is 3.179057e-07 
Error of vP is 3.701736e-07 
Error of vP is 1.480192e-06 
Error of vP is 2.511171e-07 
Error of vP is 1.578336e-07 
Error of vP is 4.987927e-07 
Error of vP is 4.812473e-07 
Error of vP is 5.663260e-07 
Error of vP is 1.170988e-06 
Error of vP is 1.525124e-07 
Error of vP is 7.242740e-07 
Error of vP is 7.863657e-07 
Error of vP is 2.763446e-07 
Error of vP is 7.142142e-07 
Error of vP is 3.643800e-07 
Error of vP is 6.650720e-07 
Error of vP is 9.253624e-07 
Error of vP is 6.788987e-07 
Error of vP is 6.374266e-07 
Error of vP is 1.161387e-07 
Error of vP is 5.360389e-07 
Error of vP is 1.010190e-06 
Error of vP is 5.837515e-07 
Error of vP is 5.018839e-08 
Error of vP is 5.973479e-07 
Error of vP is 3.322808e-07 
Error of vP is 7.365119e-07 
Error of vP is 1.571943e-06 
Error of vP is 3.383093e-07 
Error of vP is 2.989934e-07 
Error of vP is 4.496392e-07 
Error of vP is 4.482923e-07 
Error of vP is 9.008170e-07 
Error of vP is 9.346459e-08 
Error of vP is 6.277439e-07 
Error of vP is 8.747181e-07 
Error of vP is 1.703553e-06 
Error of vP is 1.366272e-06 
Error of vP is 9.495879e-08 
Error of vP is 1.719926e-06 
Error of vP is 1.482104e-06 
Error of vP is 6.410901e-07 
Error of vP is 8.153689e-07 
Error of vP is 3.431736e-07 
Error of vP is 1.527415e-06 
Error of vP is 6.340152e-07 
Error of vP is 3.536763e-07 
Error of vP is 6.882920e-07 
Error of vP is 1.326831e-06 
Error of vP is 6.625693e-07 
Error of vP is 7.642136e-07 
Error of vP is 2.066007e-06 
Error of vP is 4.329263e-07 
Error of vP is 7.358600e-07 
Error of vP is 2.277413e-06 
Error of vP is 1.124180e-07 
Error of vP is 3.204026e-07 
Error of vP is 1.357827e-06 
Error of vP is 6.859910e-07 
Error of vP is 6.423638e-08 
Error of vP is 5.066424e-08 
Error of vP is 1.036138e-07 
Error of vP is 7.089937e-08 
Error of vP is 9.908786e-08 
Error of vP is 8.498356e-08 
Error of vP is 6.018855e-08 
Error of vP is 5.679638e-08 
Error of vP is 5.604968e-08 
Error of vP is 5.777889e-08 
Error of vP is 7.108141e-08 
Error of vP is 5.040593e-08 
Error of vP is 7.285701e-08 
Error of vP is 5.025167e-08 
Error of vP is 6.205552e-08 
Error of vP is 6.086958e-08 
Error of vP is 7.107246e-08 
Error of vP is 9.025521e-08 
Error of vP is 6.267381e-08 
Error of vP is 7.174203e-08 
Error of vP is 9.662405e-08 
Error of vP is 1.177483e-07 
Error of vP is 5.088394e-08 
Error of vP is 8.087868e-08 
Error of vP is 7.719966e-08 
Error of vP is 1.680437e-07 
Error of vP is 1.090901e-07 
Error of vP is 7.616148e-08 
Error of vP is 1.067030e-07 
Error of vP is 1.034483e-07 
Error of vP is 1.249481e-07 
Error of vP is 2.296039e-07 
Error of vP is 9.309111e-08 
Error of vP is 6.650247e-08 
Error of vP is 1.184930e-07 
Error of vP is 5.723181e-08 
Error of vP is 5.810850e-08 
Error of vP is 1.149574e-07 
Error of vP is 6.268709e-08 
Error of vP is 1.459099e-07 
Error of vP is 9.755864e-08 
Error of vP is 8.235831e-08 
Error of vP is 6.494773e-08 
Error of vP is 8.782577e-08 
Error of vP is 1.535562e-07 
Error of vP is 1.429053e-07 
Error of vP is 9.895895e-08 
Error of vP is 1.049924e-07 
Error of vP is 1.213976e-07 
Error of vP is 5.486399e-08 
Error of vP is 5.234505e-08 
Error of vP is 7.389159e-08 
Error of vP is 1.749266e-07 
Error of vP is 5.544553e-08 
Error of vP is 7.104271e-08 
Error of vP is 7.140835e-08 
Error of vP is 1.328391e-07 
Error of vP is 7.592785e-08 
Error of vP is 5.715191e-08 
Error of vP is 5.985542e-08 
Error of vP is 8.900465e-08 
Error of vP is 6.410668e-08 
Error of vP is 1.597957e-07 
Error of vP is 5.110664e-08 
Error of vP is 1.545492e-07 
Error of vP is 8.876838e-08 
Error of vP is 6.607909e-08 
Error of vP is 5.725066e-08 
Error of vP is 5.352367e-08 
Error of vP is 6.457888e-08 
Error of vP is 6.888689e-08 
Error of vP is 5.445797e-08 
Error of vP is 5.298244e-08 
Error of vP is 1.338433e-07 
Error of vP is 6.125128e-08 
Error of vP is 6.986106e-08 
Error of vP is 9.244213e-08 
Error of vP is 6.250919e-08 
Error of vP is 5.771973e-08 
Error of vP is 7.842598e-08 
Error of vP is 1.136982e-07 
Error of vP is 5.965827e-08 
Error of vP is 6.159178e-08 
Error of vP is 5.113306e-08 
Error of vP is 6.295555e-08 
Error of vP is 8.011912e-08 
Error of vP is 5.049099e-08 
Error of vP is 6.483320e-08 
Error of vP is 6.336447e-08 
Error of vP is 8.849187e-08 
Error of vP is 5.112439e-08 
Error of vP is 7.015172e-08 
Error of vP is 5.476799e-08 
Error of vP is 8.312047e-08 
Error of vP is 1.395628e-07 
Error of vP is 8.129234e-08 
Error of vP is 1.461322e-07 
Error of vP is 9.111699e-08 
Error of vP is 8.243769e-08 
Error of vP is 8.887170e-08 
Error of vP is 5.122458e-08 
Error of vP is 5.630405e-08 
Error of vP is 7.052740e-08 
Error of vP is 5.170338e-08 
Error of vP is 5.174951e-08 
Error of vP is 5.522279e-08 
Error of vP is 1.064642e-07 
Error of vP is 5.848474e-08 
Error of vP is 5.536756e-08 
Error of vP is 1.286390e-07 
Error of vP is 5.419852e-08 
Error of vP is 5.334408e-08 
Error of vP is 6.162083e-08 
Error of vP is 7.319122e-08 
Error of vP is 6.481433e-08 
Error of vP is 5.741583e-08 
Error of vP is 6.694526e-08 
Error of vP is 7.487093e-08 
Error of vP is 6.485672e-08 
Error of vP is 6.009370e-08 
Error of vP is 5.434402e-08 
Error of vP is 7.480370e-08 
Error of vP is 6.917401e-08 
Error of vP is 8.952675e-08 
Error of vP is 8.348262e-08 
Error of vP is 5.472310e-08 
Error of vP is 8.264954e-08 
Error of vP is 6.387296e-08 
Error of vP is 7.931743e-08 
Error of vP is 5.784505e-08 
Error of vP is 7.768563e-08 
Error of vP is 1.027709e-07 
Error of vP is 1.446606e-07 
Error of vP is 5.018285e-08 
Error of vP is 5.435235e-08 
Error of vP is 7.308142e-08 
Error of vP is 6.455059e-08 
Error of vP is 6.123492e-08 
Error of vP is 5.987219e-08 
Error of vP is 5.178153e-08 
Error of vP is 5.704824e-08 
Error of vP is 7.126625e-08 
Error of vP is 6.945886e-08 
Error of vP is 5.822264e-08 
Error of vP is 5.589074e-08 
Error of vP is 7.086254e-08 
Error of vP is 6.711121e-08 
Error of vP is 8.598606e-08 
Error of vP is 6.994717e-08 
Error of vP is 6.008780e-08 
Error of vP is 5.216836e-08 
Error of vP is 5.792292e-08 
Error of vP is 9.136073e-08 
Error of vP is 8.611195e-08 
Error of vP is 6.148376e-08 
Error of vP is 6.192802e-08 
Error of vP is 5.912434e-08 
Error of vP is 8.905192e-08 
Error of vP is 5.683032e-08 
Error of vP is 5.865311e-08 
Error of vP is 6.652290e-08 
Error of vP is 7.370904e-08 
Error of vP is 9.341248e-08 
Error of vP is 9.636086e-08 
Error of vP is 1.834600e-07 
Error of vP is 5.246049e-08 
Error of vP is 8.672474e-08 
Error of vP is 5.147085e-08 
Error of vP is 5.973975e-08 
Error of vP is 7.495061e-08 
Error of vP is 1.406816e-07 
Error of vP is 1.355031e-07 
Error of vP is 1.396765e-07 
Error of vP is 5.165789e-08 
Error of vP is 1.007151e-07 
Error of vP is 8.009853e-08 
Error of vP is 1.101038e-07 
Error of vP is 1.089368e-07 
Error of vP is 1.241512e-07 
Error of vP is 9.022316e-08 
Error of vP is 8.115540e-08 
Error of vP is 8.949903e-08 
Error of vP is 1.127051e-07 
Error of vP is 2.256404e-07 
Error of vP is 8.264683e-08 
Error of vP is 8.581732e-08 
Error of vP is 1.267815e-07 
Error of vP is 6.289467e-08 
Error of vP is 7.417160e-08 
Error of vP is 6.541035e-08 
Error of vP is 9.007289e-08 
Error of vP is 9.342327e-08 
Error of vP is 5.316596e-08 
Error of vP is 1.261942e-07 
Error of vP is 8.941229e-08 
Error of vP is 1.078353e-07 
Error of vP is 5.290773e-08 
Error of vP is 6.640401e-08 
Error of vP is 2.610632e-07 
Error of vP is 1.037091e-07 
Error of vP is 5.240487e-08 
Error of vP is 7.392277e-08 
Error of vP is 1.216882e-07 
Error of vP is 5.681564e-08 
Error of vP is 6.338747e-08 
Error of vP is 5.240248e-08 
Error of vP is 5.186713e-08 
Error of vP is 6.002345e-08 
Error of vP is 5.695056e-08 
Error of vP is 6.446587e-08 
Error of vP is 1.432327e-07 
Error of vP is 6.625500e-08 
Error of vP is 1.174110e-07 
Error of vP is 8.392048e-08 
Error of vP is 1.293190e-07 
Error of vP is 1.524249e-07 
Error of vP is 7.592327e-08 
Error of vP is 5.687729e-08 
Error of vP is 7.901772e-08 
Error of vP is 5.943397e-08 
Error of vP is 5.247045e-08 
Error of vP is 5.289500e-08 
Error of vP is 5.742870e-08 
Error of vP is 6.162687e-08 
Error of vP is 8.886440e-08 
Error of vP is 1.080025e-07 
Error of vP is 6.694423e-08 
Error of vP is 6.937099e-08 
Error of vP is 6.390105e-08 
Error of vP is 7.772535e-08 
Error of vP is 5.313865e-08 
Error of vP is 1.039287e-07 
Error of vP is 8.124226e-08 
Error of vP is 5.104559e-08 
Error of vP is 7.396282e-08 
Error of vP is 5.581210e-08 
Error of vP is 5.423531e-08 
Error of vP is 3.034987e-07 
Error of vP is 5.284766e-08 
Error of vP is 5.324944e-08 
Error of vP is 5.029311e-08 
Error of vP is 6.167568e-08 
Error of vP is 5.505886e-08 
Error of vP is 6.539000e-08 
Error of vP is 5.365572e-08 
Error of vP is 9.334809e-08 
Error of vP is 5.492158e-08 
Error of vP is 6.267963e-08 
Error of vP is 5.065142e-08 
Error of vP is 5.339986e-08 
Error of vP is 7.422073e-08 
Error of vP is 7.118999e-08 
Error of vP is 5.594072e-08 
Error of vP is 5.128604e-08 
Error of vP is 9.198976e-08 
Error of vP is 5.656447e-08 
Error of vP is 9.137955e-08 
Error of vP is 7.198594e-08 
Error of vP is 6.016876e-08 
Error of vP is 7.787100e-08 
Error of vP is 5.163300e-08 
Error of vP is 6.588291e-08 
Error of vP is 5.332540e-08 
Error of vP is 7.397047e-08 
Error of vP is 9.595519e-08 
Error of vP is 7.969572e-08 
Error of vP is 1.179543e-07 
Error of vP is 6.719550e-08 
Error of vP is 9.090673e-08 
Error of vP is 1.008906e-07 
Error of vP is 8.197302e-08 
Error of vP is 5.215241e-08 
Error of vP is 1.036771e-07 
Error of vP is 6.097202e-08 
Error of vP is 1.081929e-07 
Error of vP is 5.135342e-08 
Error of vP is 2.451521e-07 
Error of vP is 2.187511e-07 
Error of vP is 2.763434e-07 
Error of vP is 3.915989e-07 
Error of vP is 2.126506e-07 
Error of vP is 9.614714e-08 
Error of vP is 2.347493e-07 
Error of vP is 1.437057e-07 
Error of vP is 1.421833e-07 
Error of vP is 1.407512e-07 
Error of vP is 4.600774e-07 
Error of vP is 2.035708e-07 
Error of vP is 4.314583e-07 
Error of vP is 6.007055e-08 
Error of vP is 5.759254e-07 
Error of vP is 2.585540e-07 
Error of vP is 4.047111e-07 
Error of vP is 1.732510e-07 
Error of vP is 8.576022e-08 
Error of vP is 2.619192e-07 
Error of vP is 5.283730e-07 
Error of vP is 5.203944e-07 
Error of vP is 3.477526e-07 
Error of vP is 9.212076e-07 
Error of vP is 3.137467e-07 
Error of vP is 6.241534e-07 
Error of vP is 1.166403e-06 
Error of vP is 4.318941e-07 
Error of vP is 1.074554e-06 
Error of vP is 3.966022e-07 
Error of vP is 1.593404e-07 
Error of vP is 1.908926e-07 
Error of vP is 8.402646e-07 
Error of vP is 3.790571e-07 
Error of vP is 2.310655e-07 
Error of vP is 1.294512e-06 
Error of vP is 2.577940e-06 
Error of vP is 3.977437e-07 
Error of vP is 9.586848e-07 
Error of vP is 1.339226e-06 
Error of vP is 6.499734e-07 
Error of vP is 1.217020e-06 
Error of vP is 9.130985e-07 
Error of vP is 4.325651e-07 
Error of vP is 2.235556e-07 
Error of vP is 3.633812e-07 
Error of vP is 5.280310e-07 
Error of vP is 6.504312e-07 
Error of vP is 8.896992e-08 
Error of vP is 5.412885e-08 
Error of vP is 6.365066e-08 
Error of vP is 1.065114e-07 
Error of vP is 5.457260e-08 
Error of vP is 9.437097e-08 
Error of vP is 6.414226e-08 
Error of vP is 7.994122e-08 
Error of vP is 5.637914e-08 
Error of vP is 5.761872e-08 
Error of vP is 9.420022e-08 
Error of vP is 6.527972e-08 
Error of vP is 6.539436e-08 
Error of vP is 5.069807e-08 
Error of vP is 6.613135e-08 
Error of vP is 8.901868e-08 
Error of vP is 5.025813e-08 
Error of vP is 8.212841e-08 
Error of vP is 5.362817e-08 
Error of vP is 5.683458e-08 
Error of vP is 5.863979e-08 
Error of vP is 7.293826e-08 
Error of vP is 7.131918e-08 
Error of vP is 6.361391e-08 
Error of vP is 5.953040e-08 
Error of vP is 5.950219e-08 
Error of vP is 5.044234e-08 
Error of vP is 7.309009e-08 
Error of vP is 7.192493e-08 
Error of vP is 7.612053e-08 
Error of vP is 9.344065e-08 
Error of vP is 7.500068e-08 
Error of vP is 6.924448e-08 
Error of vP is 1.072405e-07 
Error of vP is 7.123511e-08 
Error of vP is 7.073477e-08 
Error of vP is 5.594322e-08 
Error of vP is 7.938732e-08 
Error of vP is 5.918892e-08 
Error of vP is 5.321576e-08 
Error of vP is 5.670132e-08 
Error of vP is 6.382083e-08 
Error of vP is 5.196102e-08 
Error of vP is 5.098738e-08 
Error of vP is 1.203794e-07 
Error of vP is 6.947231e-08 
Error of vP is 7.839334e-08 
Error of vP is 6.135798e-08 
Error of vP is 7.839670e-08 
Error of vP is 5.636909e-08 
Error of vP is 5.425271e-08 
Error of vP is 1.176206e-07 
Error of vP is 5.543852e-08 
Error of vP is 5.445604e-08 
Error of vP is 6.650328e-08 
Error of vP is 7.841675e-08 
Error of vP is 1.325393e-07 
Error of vP is 7.241273e-08 
Error of vP is 6.055582e-08 
Error of vP is 9.754145e-08 
Error of vP is 6.655267e-08 
Error of vP is 8.320220e-08 
Error of vP is 9.845339e-08 
Error of vP is 1.271046e-07 
Error of vP is 2.088612e-07 
Error of vP is 1.719640e-07 
Error of vP is 1.009694e-07 
Error of vP is 1.891804e-07 
Error of vP is 8.493224e-08 
Error of vP is 9.595726e-08 
Error of vP is 1.185880e-07 
Error of vP is 7.250349e-08 
Error of vP is 5.602918e-08 
Error of vP is 8.802060e-08 
Error of vP is 9.821230e-08 
Error of vP is 5.871250e-08 
Error of vP is 9.480380e-08 
Error of vP is 5.639572e-08 
Error of vP is 5.865739e-08 
Error of vP is 9.069992e-08 
Error of vP is 6.090369e-08 
Error of vP is 7.041038e-08 
Error of vP is 1.645739e-07 
Error of vP is 1.369567e-07 
Error of vP is 7.563209e-08 
Error of vP is 9.472781e-08 
Error of vP is 1.403885e-07 
Error of vP is 1.164881e-07 
Error of vP is 7.007423e-08 
Error of vP is 7.395661e-08 
Error of vP is 7.034286e-08 
Error of vP is 5.478622e-08 
Error of vP is 7.269700e-08 
Error of vP is 5.408322e-08 
Error of vP is 5.912649e-08 
Error of vP is 5.565740e-08 
Error of vP is 1.302827e-07 
Error of vP is 5.535790e-08 
Error of vP is 9.059451e-08 
Error of vP is 1.751658e-07 
Error of vP is 8.915455e-08 
Error of vP is 8.753217e-08 
Error of vP is 7.540970e-08 
Error of vP is 6.026086e-08 
Error of vP is 6.265509e-08 
Error of vP is 1.101018e-07 
Error of vP is 2.367175e-07 
Error of vP is 2.004867e-07 
Error of vP is 1.501537e-07 
Error of vP is 1.082838e-07 
Error of vP is 8.423173e-08 
Error of vP is 8.645475e-08 
Error of vP is 1.347642e-07 
Error of vP is 5.841817e-08 
Error of vP is 1.102465e-07 
Error of vP is 4.040062e-07 
Error of vP is 1.995281e-07 
Error of vP is 1.975138e-07 
Error of vP is 5.175339e-08 
Error of vP is 8.199159e-08 
Error of vP is 5.257342e-08 
Error of vP is 7.508231e-08 
Error of vP is 5.976618e-08 
Error of vP is 7.563076e-08 
Error of vP is 1.121121e-07 
Error of vP is 8.671205e-08 
Error of vP is 6.807832e-08 
Error of vP is 8.231663e-08 
Error of vP is 6.323249e-08 
Error of vP is 8.211177e-08 
Error of vP is 6.085401e-08 
Error of vP is 7.315588e-08 
Error of vP is 1.667077e-07 
Error of vP is 1.247871e-07 
Error of vP is 9.435628e-08 
Error of vP is 2.509935e-07 
Error of vP is 6.895604e-08 
Error of vP is 5.813049e-08 
Error of vP is 5.641353e-08 
Error of vP is 5.230273e-08 
Error of vP is 5.053186e-08 
Error of vP is 8.912711e-08 
Error of vP is 5.751584e-08 
Error of vP is 5.662898e-08 
Error of vP is 5.036409e-08 
Error of vP is 6.581224e-08 
Error of vP is 8.343444e-08 
Error of vP is 8.931913e-08 
Error of vP is 8.832494e-08 
Error of vP is 1.160565e-07 
Error of vP is 7.138338e-08 
Error of vP is 1.770331e-07 
Error of vP is 1.607856e-07 
Error of vP is 6.116785e-08 
Error of vP is 1.183737e-07 
Error of vP is 1.743448e-07 
Error of vP is 1.377351e-07 
Error of vP is 1.334535e-07 
Error of vP is 1.274450e-07 
Error of vP is 1.337140e-07 
Error of vP is 1.516547e-07 
Error of vP is 1.365554e-07 
Error of vP is 6.950987e-08 
Error of vP is 1.606429e-07 
Error of vP is 8.179680e-08 
Error of vP is 7.921389e-08 
Error of vP is 2.629109e-07 
Error of vP is 2.000945e-07 
Error of vP is 8.019808e-08 
Error of vP is 9.259979e-08 
Error of vP is 2.342833e-07 
Error of vP is 1.601144e-07 
Error of vP is 5.891979e-07 
Error of vP is 6.374996e-08 
Error of vP is 1.434462e-07 
Error of vP is 2.692122e-07 
Error of vP is 3.011035e-07 
Error of vP is 1.859097e-07 
Error of vP is 5.964657e-08 
Error of vP is 5.633813e-08 
Error of vP is 5.574368e-08 
Error of vP is 2.769989e-07 
Error of vP is 2.083683e-07 
Error of vP is 2.385169e-07 
Error of vP is 1.117269e-07 
Error of vP is 3.216864e-07 
Error of vP is 3.453029e-07 
Error of vP is 5.228898e-07 
Error of vP is 7.726223e-08 
Error of vP is 1.677956e-07 
Error of vP is 1.840742e-07 
Error of vP is 2.152473e-07 
Error of vP is 7.390681e-07 
Error of vP is 3.492160e-07 
Error of vP is 4.140969e-07 
Error of vP is 1.807444e-07 
Error of vP is 1.494395e-07 
Error of vP is 1.782105e-07 
Error of vP is 3.072250e-07 
Error of vP is 3.582656e-07 
Error of vP is 1.414465e-07 
Error of vP is 1.874824e-07 
Error of vP is 5.533544e-07 
Error of vP is 1.083826e-07 
Error of vP is 2.740008e-07 
Error of vP is 2.695329e-07 
Error of vP is 2.931622e-07 
Error of vP is 1.715207e-07 
Error of vP is 3.104124e-07 
Error of vP is 1.087722e-07 
Error of vP is 5.095024e-07 
Error of vP is 2.603850e-07 
Error of vP is 9.620868e-07 
Error of vP is 1.964975e-07 
Error of vP is 3.156181e-07 
Error of vP is 2.299145e-07 
Error of vP is 1.260914e-07 
Error of vP is 7.267054e-07 
Error of vP is 2.479123e-07 
Error of vP is 2.075966e-07 
Error of vP is 1.804356e-07 
Error of vP is 2.613628e-07 
Error of vP is 4.076119e-07 
Error of vP is 2.441849e-07 
Error of vP is 5.024773e-07 
Error of vP is 3.958898e-07 
Error of vP is 7.270395e-08 
Error of vP is 4.976837e-07 
Error of vP is 3.056397e-07 
Error of vP is 1.002700e-07 
Error of vP is 7.815669e-08 
Error of vP is 2.050356e-06 
Error of vP is 1.873161e-07 
Error of vP is 1.298929e-06 
Error of vP is 8.847530e-07 
Error of vP is 7.210791e-07 
Error of vP is 1.853045e-06 
Error of vP is 2.806735e-07 
Error of vP is 1.851785e-07 
Error of vP is 2.464941e-07 
Error of vP is 1.406099e-06 
Error of vP is 1.199281e-06 
Error of vP is 1.167475e-06 
Error of vP is 3.658472e-07 
Error of vP is 1.094581e-06 
Error of vP is 1.233732e-07 
Error of vP is 1.860479e-06 
Error of vP is 5.766364e-07 
Error of vP is 9.533560e-07 
Error of vP is 1.003288e-06 
Error of vP is 2.414764e-07 
Error of vP is 1.942083e-06 
Error of vP is 8.079911e-07 
Error of vP is 1.224086e-06 
Error of vP is 5.241716e-07 
Error of vP is 3.632598e-07 
Error of vP is 1.313984e-06 
Error of vP is 1.076096e-06 
Error of vP is 1.256518e-06 
Error of vP is 9.648677e-07 
Error of vP is 2.944515e-07 
Error of vP is 3.012703e-07 
Error of vP is 4.127000e-07 
Error of vP is 3.252768e-06 
Error of vP is 6.625623e-07 
Error of vP is 4.062453e-07 
Error of vP is 1.398156e-07 
Error of vP is 5.807028e-08 
Error of vP is 6.609731e-08 
Error of vP is 6.456283e-08 
Error of vP is 7.738449e-08 
Error of vP is 5.485550e-08 
Error of vP is 5.467880e-08 
Error of vP is 1.816591e-06 
Error of vP is 1.998355e-06 
Error of vP is 6.384153e-08 
Error of vP is 6.574199e-08 
Error of vP is 7.157966e-08 
Error of vP is 5.494293e-08 
Error of vP is 5.372025e-08 
Error of vP is 9.181218e-08 
Error of vP is 5.131002e-08 
Error of vP is 6.740693e-08 
Error of vP is 7.198145e-08 
Error of vP is 6.873396e-08 
Error of vP is 6.072281e-08 
Error of vP is 6.615977e-08 
Error of vP is 6.535132e-08 
Error of vP is 9.647003e-08 
Error of vP is 5.779579e-08 
Error of vP is 7.850810e-08 
Error of vP is 1.027788e-07 
Error of vP is 5.125795e-08 
Error of vP is 1.088528e-07 
Error of vP is 1.997310e-07 
Error of vP is 7.431099e-08 
Error of vP is 1.451555e-07 
Error of vP is 7.776597e-08 
Error of vP is 1.047959e-07 
Error of vP is 7.623104e-08 
Error of vP is 7.106772e-08 
Error of vP is 1.839466e-07 
Error of vP is 2.245466e-07 
Error of vP is 1.480727e-07 
Error of vP is 6.699456e-08 
Error of vP is 9.047161e-08 
Error of vP is 8.840956e-08 
Error of vP is 9.679496e-08 
Error of vP is 8.056948e-08 
Error of vP is 6.620729e-08 
Error of vP is 9.506091e-08 
Error of vP is 6.552518e-08 
Error of vP is 5.288572e-08 
Error of vP is 5.114958e-08 
Error of vP is 6.319274e-08 
Error of vP is 6.128844e-08 
Error of vP is 2.907752e-07 
Error of vP is 5.147890e-08 
Error of vP is 7.800667e-08 
Error of vP is 7.843551e-08 
Error of vP is 5.308652e-08 
Error of vP is 6.450358e-08 
Error of vP is 5.452748e-08 
Error of vP is 9.762454e-08 
Error of vP is 5.732202e-08 
Error of vP is 7.101913e-08 
Error of vP is 8.805041e-08 
Error of vP is 5.450858e-08 
Error of vP is 9.204184e-08 
Error of vP is 6.226293e-08 
Error of vP is 5.085110e-08 
Error of vP is 9.025773e-08 
Error of vP is 5.578819e-08 
Error of vP is 7.984573e-08 
Error of vP is 6.408826e-08 
Error of vP is 2.659156e-07 
Error of vP is 1.604955e-07 
Error of vP is 1.258756e-07 
Error of vP is 5.763122e-08 
Error of vP is 1.079006e-07 
Error of vP is 6.403628e-08 
Error of vP is 1.234517e-07 
Error of vP is 9.193505e-08 
Error of vP is 1.355628e-07 
Error of vP is 7.785408e-08 
Error of vP is 1.743695e-07 
Error of vP is 1.216936e-07 
Error of vP is 5.679595e-08 
Error of vP is 1.931633e-07 
Error of vP is 2.538489e-07 
Error of vP is 8.669277e-08 
Error of vP is 1.967736e-07 
Error of vP is 9.760363e-08 
Error of vP is 1.765538e-07 
Error of vP is 1.246755e-07 
Error of vP is 2.192948e-07 
Error of vP is 9.830931e-08 
Error of vP is 3.726790e-07 
Error of vP is 1.635552e-07 
Error of vP is 2.123858e-07 
Error of vP is 8.592405e-08 
Error of vP is 1.683780e-07 
Error of vP is 1.498826e-07 
Error of vP is 8.842726e-08 
Error of vP is 1.562848e-07 
Error of vP is 1.944115e-07 
Error of vP is 1.286517e-07 
Error of vP is 2.294708e-07 
Error of vP is 6.915678e-08 
Error of vP is 8.633732e-08 
Error of vP is 1.659132e-07 
Error of vP is 1.881582e-07 
Error of vP is 5.722295e-08 
Error of vP is 5.437959e-08 
Error of vP is 7.910379e-08 
Error of vP is 6.434469e-08 
Error of vP is 5.052940e-08 
Error of vP is 5.463448e-08 
Error of vP is 9.141362e-08 
Error of vP is 5.005977e-08 
Error of vP is 7.751194e-08 
Error of vP is 7.576639e-08 
Error of vP is 6.889700e-08 
Error of vP is 7.572801e-08 
Error of vP is 7.147567e-08 
Error of vP is 7.145554e-08 
Error of vP is 8.251986e-08 
Error of vP is 9.712620e-08 
Error of vP is 1.187740e-07 
Error of vP is 5.120429e-08 
Error of vP is 5.124377e-08 
Error of vP is 8.538735e-08 
Error of vP is 5.046762e-08 
Error of vP is 7.683980e-08 
Error of vP is 5.888553e-08 
Error of vP is 5.686664e-08 
Error of vP is 6.519274e-08 
Error of vP is 8.268200e-08 
Error of vP is 5.464135e-08 
Error of vP is 7.606667e-08 
Error of vP is 7.886599e-08 
Error of vP is 6.737679e-08 
Error of vP is 6.877583e-08 
Error of vP is 9.186984e-08 
Error of vP is 1.447056e-07 
Error of vP is 6.504869e-08 
Error of vP is 5.056408e-08 
Error of vP is 8.708899e-08 
Error of vP is 5.499779e-08 
Error of vP is 9.111286e-08 
Error of vP is 8.613264e-08 
Error of vP is 1.166250e-07 
Error of vP is 9.881177e-08 
Error of vP is 8.712958e-08 
Error of vP is 9.072747e-08 
Error of vP is 1.091672e-07 
Error of vP is 8.446723e-08 
Error of vP is 7.114298e-08 
Error of vP is 1.043422e-07 
Error of vP is 1.454535e-07 
Error of vP is 6.339578e-08 
Error of vP is 8.494015e-08 
Error of vP is 1.148923e-07 
Error of vP is 5.574986e-08 
Error of vP is 1.179298e-07 
Error of vP is 5.555520e-08 
Error of vP is 5.904612e-08 
Error of vP is 6.296399e-08 
Error of vP is 1.624446e-07 
Error of vP is 7.056309e-08 
Error of vP is 1.193235e-07 
Error of vP is 8.108633e-08 
Error of vP is 8.952810e-08 
Error of vP is 1.397091e-07 
Error of vP is 8.755782e-08 
Error of vP is 5.813566e-08 
>> >> 
endtime =

   4.1167e+04

>> >> >> >> >> >> 