MATLAB is selecting SOFTWARE OPENGL rendering.

                            < M A T L A B (R) >
                  Copyright 1984-2021 The MathWorks, Inc.
                  R2021b (9.11.0.1769968) 64-bit (glnxa64)
                             September 17, 2021

 
To get started, type doc.
For product information, visit www.mathworks.com.
 
>> >> >> >> >> >> >> >> >> >> >> >> >> >> >> >> >> >> >> >> >> >> >> >> >> >> Starting parallel pool (parpool) using the 'local' profile ...
[Warning: A task was unexpectedly found in state: Unavailable.] 
[> In parallel.cluster.Local/deriveJobStateFromTasks (line 29)
In parallel.cluster/Local/getJobState (line 174)
In parallel.cluster/CJSCluster/hGetJobState (line 375)
In parallel.internal.cluster/CJSJobMixin/hGetStateEnum (line 175)
In parallel/Job/get.StateEnum (line 247)
In parallel/Job/get.State (line 239)
In parallel.internal.customattr.CustomGetSet>iVectorisedGetHelper (line 128)
In parallel.internal.customattr.CustomGetSet>@(a,b,c)iVectorisedGetHelper(obj,a,b,c) (line 102)
In parallel.internal.customattr/CustomGetSet/doVectorisedGet (line 103)
In parallel.internal.customattr/CustomGetSet/hVectorisedGet (line 76)
In parallel.internal.customattr.GetSetImpl>iAccessProperties (line 322)
In parallel.internal.customattr.GetSetImpl>iGetAllPropertiesVec (line 264)
In parallel.internal.customattr/GetSetImpl/getImpl (line 133)
In parallel.internal.customattr.CustomGetSet>iHetFunGetFunction (line 154)
In parallel.internal.customattr.CustomGetSet>@(o)iHetFunGetFunction(o,props) (line 139)
In parallel.internal.cluster.hetfun (line 46)
In parallel.internal.customattr.CustomGetSet>iHetFunGetProperty (line 139)
In parallel.internal.customattr/CustomGetSet/get (line 38)
In parallel.internal.pool/AbstractInteractiveClient/pRemoveOldJobs (line 211)
In parallel.internal.pool/AbstractInteractiveClient/start (line 103)
In parallel.internal.pool.AbstractClusterPool>iStartClient (line 831)
In parallel.internal.pool/AbstractClusterPool/hBuildPool (line 585)
In parallel.internal.pool.doParpool (line 22)
In parpool (line 123)
In parallel.internal.parpool.getOrCreateCurrentPool (line 17)
In parallel.internal.pool/PoolArrayManager/getOrAutoCreateWithCleanup (line 44)
In pctTryCreatePoolIfNecessary (line 28)
In parallel_function (line 423)] 
Connected to the parallel pool (number of workers: 12).
jj1 = 15, max_th = 3.217910e-01, time=2025-04-10 19:52:56 
jj1 = 20, max_th = 9.225195e-01, time=2025-04-10 19:57:35 
jj1 = 60, max_th = 9.599878e-01, time=2025-04-10 20:03:42 
jj1 = 19, max_th = 1.171561e+00, time=2025-04-10 20:05:58 
jj1 = 30, max_th = 1.856091e+00, time=2025-04-10 20:08:42 
jj1 = 10, max_th = 1.864893e+00, time=2025-04-10 20:10:57 
jj1 = 25, max_th = 2.161279e+00, time=2025-04-10 20:12:23 
jj1 = 40, max_th = 2.377389e+00, time=2025-04-10 20:12:32 
jj1 = 5, max_th = 2.132250e+00, time=2025-04-10 20:12:58 
jj1 = 55, max_th = 2.126733e+00, time=2025-04-10 20:13:23 
jj1 = 45, max_th = 2.019923e+00, time=2025-04-10 20:17:00 
jj1 = 18, max_th = 2.472185e+00, time=2025-04-10 20:17:19 
jj1 = 14, max_th = 1.991777e+00, time=2025-04-10 20:17:35 
jj1 = 4, max_th = 8.822522e-01, time=2025-04-10 20:19:06 
jj1 = 50, max_th = 1.840877e+00, time=2025-04-10 20:20:14 
jj1 = 24, max_th = 1.305187e+00, time=2025-04-10 20:24:16 
jj1 = 39, max_th = 1.068998e+00, time=2025-04-10 20:25:33 
jj1 = 17, max_th = 2.604923e+00, time=2025-04-10 20:27:54 
jj1 = 59, max_th = 2.011520e+00, time=2025-04-10 20:29:14 
jj1 = 54, max_th = 2.229371e+00, time=2025-04-10 20:29:33 
jj1 = 3, max_th = 1.240894e+00, time=2025-04-10 20:29:47 
jj1 = 29, max_th = 2.242542e+00, time=2025-04-10 20:30:47 
jj1 = 49, max_th = 1.206655e+00, time=2025-04-10 20:31:20 
jj1 = 38, max_th = 9.352492e-01, time=2025-04-10 20:32:56 
jj1 = 13, max_th = 2.332157e+00, time=2025-04-10 20:38:23 
jj1 = 9, max_th = 1.782213e+00, time=2025-04-10 20:38:30 
jj1 = 35, max_th = 2.053156e+00, time=2025-04-10 20:38:34 
jj1 = 23, max_th = 2.557231e+00, time=2025-04-10 20:38:40 
jj1 = 2, max_th = 1.354902e+00, time=2025-04-10 20:39:59 
jj1 = 37, max_th = 9.197336e-01, time=2025-04-10 20:41:02 
jj1 = 44, max_th = 1.976854e+00, time=2025-04-10 20:42:22 
jj1 = 8, max_th = 1.109982e+00, time=2025-04-10 20:43:20 
jj1 = 16, max_th = 2.417571e+00, time=2025-04-10 20:45:17 
jj1 = 58, max_th = 2.241569e+00, time=2025-04-10 20:47:09 
jj1 = 48, max_th = 1.656971e+00, time=2025-04-10 20:48:11 
jj1 = 1, max_th = 1.219449e+00, time=2025-04-10 20:51:06 
jj1 = 28, max_th = 1.640279e+00, time=2025-04-10 20:51:32 
jj1 = 7, max_th = 3.011685e+00, time=2025-04-10 20:53:36 
jj1 = 22, max_th = 2.527802e+00, time=2025-04-10 20:54:01 
jj1 = 53, max_th = 1.911509e+00, time=2025-04-10 20:55:57 
jj1 = 12, max_th = 1.600747e+00, time=2025-04-10 20:56:36 
jj1 = 43, max_th = 1.699672e+00, time=2025-04-10 20:58:47 
jj1 = 34, max_th = 2.103752e+00, time=2025-04-10 21:00:41 
jj1 = 216, max_th = 2.763547e+00, time=2025-04-10 21:01:16 
jj1 = 47, max_th = 1.371377e+00, time=2025-04-10 21:01:42 
jj1 = 36, max_th = 2.088345e+00, time=2025-04-10 21:05:29 
jj1 = 6, max_th = 1.333917e+00, time=2025-04-10 21:05:38 
jj1 = 33, max_th = 2.737284e+00, time=2025-04-10 21:09:05 
jj1 = 27, max_th = 2.377660e+00, time=2025-04-10 21:10:16 
jj1 = 32, max_th = -6.150350e-02, time=2025-04-10 21:11:04 
jj1 = 52, max_th = 1.482256e+00, time=2025-04-10 21:11:22 
jj1 = 215, max_th = 1.417395e+00, time=2025-04-10 21:11:29 
jj1 = 57, max_th = 1.960181e+00, time=2025-04-10 21:11:45 
jj1 = 99, max_th = 2.356242e+00, time=2025-04-10 21:11:46 
jj1 = 11, max_th = 2.419821e+00, time=2025-04-10 21:16:28 
jj1 = 21, max_th = 2.294192e+00, time=2025-04-10 21:18:16 
jj1 = 42, max_th = 1.613003e+00, time=2025-04-10 21:19:33 
jj1 = 51, max_th = 2.782162e+00, time=2025-04-10 21:20:03 
jj1 = 46, max_th = 2.002308e+00, time=2025-04-10 21:21:51 
jj1 = 372, max_th = 1.708729e+00, time=2025-04-10 21:23:57 
jj1 = 98, max_th = 2.560169e+00, time=2025-04-10 21:26:09 
jj1 = 41, max_th = 9.304283e-01, time=2025-04-10 21:26:14 
jj1 = 138, max_th = 1.377496e+00, time=2025-04-10 21:26:37 
jj1 = 371, max_th = 8.955305e-01, time=2025-04-10 21:27:46 
jj1 = 56, max_th = 1.616580e+00, time=2025-04-10 21:33:27 
jj1 = 489, max_th = 2.221525e+00, time=2025-04-10 21:35:54 
jj1 = 31, max_th = 2.206030e+00, time=2025-04-10 21:36:23 
jj1 = 450, max_th = 2.210446e+00, time=2025-04-10 21:36:40 
jj1 = 177, max_th = 1.862994e+00, time=2025-04-10 21:38:16 
jj1 = 255, max_th = 1.986632e+00, time=2025-04-10 21:38:47 
jj1 = 214, max_th = 1.908190e+00, time=2025-04-10 21:39:23 
jj1 = 26, max_th = 1.969948e+00, time=2025-04-10 21:40:31 
jj1 = 176, max_th = 6.183450e-01, time=2025-04-10 21:40:42 
jj1 = 488, max_th = 3.023061e+00, time=2025-04-10 21:43:04 
jj1 = 411, max_th = 2.083855e+00, time=2025-04-10 21:48:08 
jj1 = 213, max_th = 2.773215e+00, time=2025-04-10 21:48:13 
jj1 = 97, max_th = 2.519096e+00, time=2025-04-10 21:49:19 
jj1 = 528, max_th = 2.042907e+00, time=2025-04-10 21:49:30 
jj1 = 370, max_th = 2.263073e+00, time=2025-04-10 21:51:11 
jj1 = 137, max_th = 1.869955e+00, time=2025-04-10 21:57:36 
jj1 = 487, max_th = 1.353144e+00, time=2025-04-10 21:59:05 
jj1 = 527, max_th = 1.291048e+00, time=2025-04-10 21:59:46 
jj1 = 254, max_th = 1.750987e+00, time=2025-04-10 22:00:25 
jj1 = 96, max_th = 1.279006e+00, time=2025-04-10 22:00:35 
jj1 = 449, max_th = 2.533398e+00, time=2025-04-10 22:00:51 
jj1 = 136, max_th = 1.161264e+00, time=2025-04-10 22:00:52 
jj1 = 333, max_th = 2.084175e+00, time=2025-04-10 22:02:35 
jj1 = 294, max_th = 2.145090e+00, time=2025-04-10 22:08:15 
jj1 = 253, max_th = 1.271899e+00, time=2025-04-10 22:09:25 
jj1 = 175, max_th = 2.358944e+00, time=2025-04-10 22:10:33 
jj1 = 369, max_th = 2.170650e+00, time=2025-04-10 22:11:57 
jj1 = 410, max_th = 2.325604e+00, time=2025-04-10 22:14:48 
jj1 = 332, max_th = 1.087027e+00, time=2025-04-10 22:14:50 
jj1 = 409, max_th = 3.205902e+00, time=2025-04-10 22:15:59 
jj1 = 526, max_th = 1.691940e+00, time=2025-04-10 22:17:26 
jj1 = 525, max_th = 4.605747e-01, time=2025-04-10 22:19:35 
jj1 = 448, max_th = 1.897066e+00, time=2025-04-10 22:20:12 
jj1 = 252, max_th = 2.362457e+00, time=2025-04-10 22:21:19 
jj1 = 486, max_th = 2.430177e+00, time=2025-04-10 22:21:22 
jj1 = 95, max_th = 1.379675e+00, time=2025-04-10 22:21:34 
jj1 = 135, max_th = 1.783050e+00, time=2025-04-10 22:23:17 
jj1 = 408, max_th = 1.205926e+00, time=2025-04-10 22:23:43 
jj1 = 524, max_th = 9.687612e-01, time=2025-04-10 22:25:56 
jj1 = 293, max_th = 1.735369e+00, time=2025-04-10 22:26:50 
jj1 = 174, max_th = 2.204938e+00, time=2025-04-10 22:28:28 
jj1 = 251, max_th = 2.880573e+00, time=2025-04-10 22:28:36 
jj1 = 331, max_th = 2.139179e+00, time=2025-04-10 22:33:26 
jj1 = 330, max_th = 5.950054e-01, time=2025-04-10 22:34:48 
jj1 = 368, max_th = 1.857483e+00, time=2025-04-10 22:35:02 
jj1 = 407, max_th = 1.411184e+00, time=2025-04-10 22:36:45 
jj1 = 94, max_th = 2.298864e+00, time=2025-04-10 22:38:14 
jj1 = 523, max_th = 1.761795e+00, time=2025-04-10 22:44:32 
jj1 = 292, max_th = 2.434839e+00, time=2025-04-10 22:45:04 
jj1 = 134, max_th = 2.223549e+00, time=2025-04-10 22:46:13 
jj1 = 250, max_th = 1.847730e+00, time=2025-04-10 22:46:51 
jj1 = 447, max_th = 2.080923e+00, time=2025-04-10 22:46:53 
jj1 = 212, max_th = 1.643125e+00, time=2025-04-10 22:46:59 
jj1 = 485, max_th = 2.136153e+00, time=2025-04-10 22:47:22 
jj1 = 329, max_th = 1.380867e+00, time=2025-04-10 22:47:31 
jj1 = 93, max_th = 2.539733e+00, time=2025-04-10 22:48:24 
jj1 = 367, max_th = 1.442866e+00, time=2025-04-10 22:50:27 
jj1 = 173, max_th = 2.051556e+00, time=2025-04-10 22:51:40 
jj1 = 522, max_th = 1.501378e+00, time=2025-04-10 22:57:17 
jj1 = 133, max_th = 2.601913e+00, time=2025-04-10 22:58:01 
jj1 = 366, max_th = 1.093879e+00, time=2025-04-10 22:58:40 
jj1 = 328, max_th = 1.222123e+00, time=2025-04-10 22:59:16 
jj1 = 406, max_th = 2.463101e+00, time=2025-04-10 22:59:53 
jj1 = 484, max_th = 2.575810e+00, time=2025-04-10 23:00:03 
jj1 = 172, max_th = 1.247181e+00, time=2025-04-10 23:02:59 
jj1 = 249, max_th = 2.298091e+00, time=2025-04-10 23:03:12 
jj1 = 132, max_th = 3.201497e+00, time=2025-04-10 23:03:18 
jj1 = 291, max_th = 1.949768e+00, time=2025-04-10 23:03:43 
jj1 = 405, max_th = 1.192676e+00, time=2025-04-10 23:08:12 
jj1 = 92, max_th = 2.246747e+00, time=2025-04-10 23:08:57 
jj1 = 446, max_th = 2.209023e+00, time=2025-04-10 23:11:22 
jj1 = 211, max_th = 2.011638e+00, time=2025-04-10 23:13:13 
jj1 = 290, max_th = 1.221328e+00, time=2025-04-10 23:16:32 
jj1 = 91, max_th = 2.433867e+00, time=2025-04-10 23:17:21 
jj1 = 327, max_th = 2.275929e+00, time=2025-04-10 23:18:03 
jj1 = 90, max_th = 3.237184e+00, time=2025-04-10 23:18:59 
jj1 = 365, max_th = 1.831475e+00, time=2025-04-10 23:19:45 
jj1 = 521, max_th = 2.162709e+00, time=2025-04-10 23:20:22 
jj1 = 248, max_th = 2.423723e+00, time=2025-04-10 23:21:25 
jj1 = 171, max_th = 1.697051e+00, time=2025-04-10 23:23:10 
jj1 = 131, max_th = 1.582787e+00, time=2025-04-10 23:25:02 
jj1 = 483, max_th = 2.137464e+00, time=2025-04-10 23:25:48 
jj1 = 210, max_th = 2.498877e+00, time=2025-04-10 23:27:09 
jj1 = 89, max_th = 2.666673e+00, time=2025-04-10 23:29:50 
jj1 = 170, max_th = 2.724543e+00, time=2025-04-10 23:30:05 
jj1 = 445, max_th = 1.741550e+00, time=2025-04-10 23:30:07 
jj1 = 404, max_th = 1.846082e+00, time=2025-04-10 23:31:52 
jj1 = 247, max_th = 2.705462e+00, time=2025-04-10 23:31:59 
jj1 = 88, max_th = 3.128735e+00, time=2025-04-10 23:33:04 
jj1 = 520, max_th = 2.401869e+00, time=2025-04-10 23:33:33 
jj1 = 87, max_th = 1.132553e+00, time=2025-04-10 23:35:25 
jj1 = 326, max_th = 2.546199e+00, time=2025-04-10 23:35:27 
jj1 = 246, max_th = 1.050503e+00, time=2025-04-10 23:37:19 
jj1 = 519, max_th = 1.204061e+00, time=2025-04-10 23:40:42 
jj1 = 289, max_th = 2.067802e+00, time=2025-04-10 23:42:17 
jj1 = 364, max_th = 2.267919e+00, time=2025-04-10 23:44:51 
jj1 = 518, max_th = 8.843672e-01, time=2025-04-10 23:47:13 
jj1 = 130, max_th = 2.135621e+00, time=2025-04-10 23:49:03 
jj1 = 517, max_th = -2.588964e-03, time=2025-04-10 23:49:10 
jj1 = 403, max_th = 1.679993e+00, time=2025-04-10 23:50:00 
jj1 = 129, max_th = 3.117767e+00, time=2025-04-10 23:51:00 
jj1 = 209, max_th = 1.738781e+00, time=2025-04-10 23:56:40 
jj1 = 245, max_th = 2.095459e+00, time=2025-04-10 23:56:40 
jj1 = 325, max_th = 1.108778e+00, time=2025-04-10 23:58:07 
jj1 = 444, max_th = 2.049218e+00, time=2025-04-11 00:00:07 
jj1 = 86, max_th = 1.756933e+00, time=2025-04-11 00:00:15 
jj1 = 363, max_th = 1.617541e+00, time=2025-04-11 00:01:57 
jj1 = 169, max_th = 2.040818e+00, time=2025-04-11 00:03:49 
jj1 = 402, max_th = 1.556105e+00, time=2025-04-11 00:04:10 
jj1 = 443, max_th = 2.881455e+00, time=2025-04-11 00:04:53 
jj1 = 288, max_th = 1.683164e+00, time=2025-04-11 00:06:04 
jj1 = 482, max_th = 2.224018e+00, time=2025-04-11 00:08:51 
jj1 = 516, max_th = 1.864735e+00, time=2025-04-11 00:09:49 
jj1 = 244, max_th = 2.628886e+00, time=2025-04-11 00:10:24 
jj1 = 362, max_th = 2.511929e+00, time=2025-04-11 00:14:34 
jj1 = 128, max_th = 1.859015e+00, time=2025-04-11 00:15:29 
jj1 = 85, max_th = 2.266676e+00, time=2025-04-11 00:16:09 
jj1 = 208, max_th = 1.706323e+00, time=2025-04-11 00:18:54 
jj1 = 287, max_th = 1.486497e+00, time=2025-04-11 00:22:49 
jj1 = 324, max_th = 1.516750e+00, time=2025-04-11 00:24:11 
jj1 = 168, max_th = 1.576103e+00, time=2025-04-11 00:25:01 
jj1 = 481, max_th = 2.376845e+00, time=2025-04-11 00:25:53 
jj1 = 84, max_th = 1.318327e+00, time=2025-04-11 00:26:08 
jj1 = 442, max_th = 1.838617e+00, time=2025-04-11 00:28:47 
jj1 = 515, max_th = 1.624892e+00, time=2025-04-11 00:30:12 
jj1 = 167, max_th = 1.297820e+00, time=2025-04-11 00:33:50 
jj1 = 441, max_th = 9.990188e-01, time=2025-04-11 00:33:56 
jj1 = 401, max_th = 1.912335e+00, time=2025-04-11 00:36:42 
jj1 = 514, max_th = 2.719054e+00, time=2025-04-11 00:39:06 
jj1 = 400, max_th = 2.602720e+00, time=2025-04-11 00:39:41 
jj1 = 323, max_th = 1.605016e+00, time=2025-04-11 00:40:52 
jj1 = 127, max_th = 2.024401e+00, time=2025-04-11 00:43:19 
jj1 = 243, max_th = 2.308472e+00, time=2025-04-11 00:45:42 
jj1 = 166, max_th = 1.468973e+00, time=2025-04-11 00:47:30 
jj1 = 207, max_th = 2.209111e+00, time=2025-04-11 00:48:27 
jj1 = 480, max_th = 1.785594e+00, time=2025-04-11 00:49:20 
jj1 = 286, max_th = 2.119948e+00, time=2025-04-11 00:52:00 
jj1 = 83, max_th = 2.147273e+00, time=2025-04-11 00:54:14 
jj1 = 322, max_th = 1.402583e+00, time=2025-04-11 00:57:14 
jj1 = 399, max_th = 2.109866e+00, time=2025-04-11 00:57:35 
jj1 = 361, max_th = 2.308108e+00, time=2025-04-11 00:58:54 
jj1 = 206, max_th = 1.310552e+00, time=2025-04-11 00:59:33 
jj1 = 440, max_th = 2.036081e+00, time=2025-04-11 00:59:36 
jj1 = 513, max_th = 1.779782e+00, time=2025-04-11 01:04:26 
jj1 = 126, max_th = 1.683287e+00, time=2025-04-11 01:06:36 
jj1 = 512, max_th = 7.017077e-01, time=2025-04-11 01:06:43 
jj1 = 165, max_th = 1.958318e+00, time=2025-04-11 01:09:37 
jj1 = 360, max_th = 2.622655e+00, time=2025-04-11 01:11:01 
jj1 = 285, max_th = 1.423390e+00, time=2025-04-11 01:11:29 
jj1 = 479, max_th = 2.238040e+00, time=2025-04-11 01:11:56 
jj1 = 242, max_th = 2.287040e+00, time=2025-04-11 01:14:29 
jj1 = 82, max_th = 1.806670e+00, time=2025-04-11 01:16:31 
jj1 = 321, max_th = 1.901675e+00, time=2025-04-11 01:19:16 
jj1 = 478, max_th = 1.141346e+00, time=2025-04-11 01:20:21 
jj1 = 439, max_th = 2.042070e+00, time=2025-04-11 01:20:22 
jj1 = 205, max_th = 1.901886e+00, time=2025-04-11 01:22:42 
jj1 = 125, max_th = 1.427286e+00, time=2025-04-11 01:23:15 
jj1 = 320, max_th = 3.191263e+00, time=2025-04-11 01:23:45 
jj1 = 511, max_th = 1.534820e+00, time=2025-04-11 01:26:50 
jj1 = 284, max_th = 1.749536e+00, time=2025-04-11 01:30:37 
jj1 = 241, max_th = 1.417604e+00, time=2025-04-11 01:32:53 
jj1 = 438, max_th = 1.540700e+00, time=2025-04-11 01:33:02 
jj1 = 359, max_th = 2.363627e+00, time=2025-04-11 01:33:15 
jj1 = 240, max_th = 5.996436e-02, time=2025-04-11 01:33:50 
jj1 = 204, max_th = 1.406885e+00, time=2025-04-11 01:36:45 
jj1 = 81, max_th = 2.169946e+00, time=2025-04-11 01:37:56 
jj1 = 398, max_th = 1.929590e+00, time=2025-04-11 01:39:20 
jj1 = 437, max_th = 1.053295e+00, time=2025-04-11 01:41:35 
jj1 = 477, max_th = 2.471086e+00, time=2025-04-11 01:41:40 
jj1 = 510, max_th = 2.155884e+00, time=2025-04-11 01:42:16 
jj1 = 124, max_th = 1.792462e+00, time=2025-04-11 01:43:00 
jj1 = 164, max_th = 1.986317e+00, time=2025-04-11 01:46:58 
jj1 = 358, max_th = 1.650127e+00, time=2025-04-11 01:47:13 
jj1 = 397, max_th = 1.116658e-02, time=2025-04-11 01:47:50 
jj1 = 476, max_th = 2.812504e+00, time=2025-04-11 01:49:16 
jj1 = 319, max_th = 1.991925e+00, time=2025-04-11 01:52:26 
jj1 = 239, max_th = 1.730655e+00, time=2025-04-11 01:54:14 
jj1 = 283, max_th = 2.111749e+00, time=2025-04-11 01:54:46 
jj1 = 163, max_th = 1.331493e+00, time=2025-04-11 02:00:34 
jj1 = 203, max_th = 2.154583e+00, time=2025-04-11 02:01:44 
jj1 = 80, max_th = 2.225506e+00, time=2025-04-11 02:03:53 
jj1 = 475, max_th = 1.800164e+00, time=2025-04-11 02:04:10 
jj1 = 436, max_th = 2.592605e+00, time=2025-04-11 02:04:20 
jj1 = 282, max_th = 2.634421e+00, time=2025-04-11 02:05:23 
jj1 = 123, max_th = 1.845276e+00, time=2025-04-11 02:05:30 
jj1 = 509, max_th = 1.828109e+00, time=2025-04-11 02:07:08 
jj1 = 122, max_th = 3.426431e+00, time=2025-04-11 02:07:16 
jj1 = 357, max_th = 2.373662e+00, time=2025-04-11 02:09:47 
jj1 = 79, max_th = 1.108031e+00, time=2025-04-11 02:11:30 
jj1 = 396, max_th = 2.365954e+00, time=2025-04-11 02:12:16 
jj1 = 238, max_th = 2.147460e+00, time=2025-04-11 02:14:33 
jj1 = 395, max_th = 2.810490e+00, time=2025-04-11 02:16:03 
jj1 = 281, max_th = 1.161724e+00, time=2025-04-11 02:16:07 
jj1 = 318, max_th = 1.738078e+00, time=2025-04-11 02:17:34 
jj1 = 356, max_th = 2.701317e+00, time=2025-04-11 02:19:08 
jj1 = 474, max_th = 2.696028e+00, time=2025-04-11 02:19:55 
jj1 = 317, max_th = 8.953324e-01, time=2025-04-11 02:21:59 
jj1 = 78, max_th = 2.821832e+00, time=2025-04-11 02:24:49 
jj1 = 202, max_th = 2.093668e+00, time=2025-04-11 02:27:34 
jj1 = 280, max_th = 1.335993e+00, time=2025-04-11 02:31:36 
jj1 = 508, max_th = 1.697587e+00, time=2025-04-11 02:31:54 
jj1 = 394, max_th = 2.405670e+00, time=2025-04-11 02:33:11 
jj1 = 237, max_th = 2.002916e+00, time=2025-04-11 02:33:34 
jj1 = 121, max_th = 1.781190e+00, time=2025-04-11 02:33:39 
jj1 = 435, max_th = 1.766122e+00, time=2025-04-11 02:35:18 
jj1 = 507, max_th = 2.700549e+00, time=2025-04-11 02:38:00 
jj1 = 473, max_th = 2.366742e+00, time=2025-04-11 02:40:25 
jj1 = 77, max_th = 1.542050e+00, time=2025-04-11 02:40:51 
jj1 = 120, max_th = 1.197056e+00, time=2025-04-11 02:42:43 
jj1 = 201, max_th = 2.506807e+00, time=2025-04-11 02:43:07 
jj1 = 316, max_th = 1.743988e+00, time=2025-04-11 02:45:15 
jj1 = 393, max_th = 2.548190e+00, time=2025-04-11 02:46:33 
jj1 = 355, max_th = 1.712347e+00, time=2025-04-11 02:47:44 
jj1 = 315, max_th = 2.801117e+00, time=2025-04-11 02:49:43 
jj1 = 236, max_th = 1.501104e+00, time=2025-04-11 02:50:12 
jj1 = 506, max_th = 1.530562e+00, time=2025-04-11 02:53:21 
jj1 = 119, max_th = 1.171098e+00, time=2025-04-11 02:54:31 
jj1 = 279, max_th = 2.050916e+00, time=2025-04-11 02:54:44 
jj1 = 472, max_th = 2.324069e+00, time=2025-04-11 02:55:06 
jj1 = 162, max_th = 1.831836e+00, time=2025-04-11 02:55:41 
jj1 = 76, max_th = 1.551152e+00, time=2025-04-11 02:56:31 
jj1 = 434, max_th = 1.910022e+00, time=2025-04-11 03:01:17 
jj1 = 200, max_th = 2.402339e+00, time=2025-04-11 03:01:45 
jj1 = 199, max_th = 6.755315e-01, time=2025-04-11 03:06:19 
jj1 = 235, max_th = 2.207717e+00, time=2025-04-11 03:09:22 
jj1 = 354, max_th = 2.011730e+00, time=2025-04-11 03:09:41 
jj1 = 314, max_th = 2.301932e+00, time=2025-04-11 03:10:17 
jj1 = 505, max_th = 2.055819e+00, time=2025-04-11 03:13:47 
jj1 = 471, max_th = 2.134911e+00, time=2025-04-11 03:14:47 
jj1 = 118, max_th = 2.026444e+00, time=2025-04-11 03:16:30 
jj1 = 392, max_th = 1.777510e+00, time=2025-04-11 03:17:14 
jj1 = 278, max_th = 1.687358e+00, time=2025-04-11 03:19:15 
jj1 = 504, max_th = 1.304673e+00, time=2025-04-11 03:20:41 
jj1 = 433, max_th = 1.633072e+00, time=2025-04-11 03:21:30 
jj1 = 161, max_th = 1.824187e+00, time=2025-04-11 03:22:40 
jj1 = 75, max_th = 1.965524e+00, time=2025-04-11 03:25:24 
jj1 = 353, max_th = 2.144813e+00, time=2025-04-11 03:27:54 
jj1 = 234, max_th = 2.308972e+00, time=2025-04-11 03:31:37 
jj1 = 198, max_th = 2.084010e+00, time=2025-04-11 03:32:27 
jj1 = 470, max_th = 2.509297e+00, time=2025-04-11 03:33:12 
jj1 = 313, max_th = 1.763736e+00, time=2025-04-11 03:34:53 
jj1 = 117, max_th = 1.730980e+00, time=2025-04-11 03:35:20 
jj1 = 352, max_th = 1.167863e+00, time=2025-04-11 03:37:18 
jj1 = 469, max_th = 2.788667e+00, time=2025-04-11 03:39:19 
jj1 = 74, max_th = 2.617990e+00, time=2025-04-11 03:39:52 
jj1 = 277, max_th = 2.181232e+00, time=2025-04-11 03:40:06 
jj1 = 391, max_th = 2.113021e+00, time=2025-04-11 03:42:19 
jj1 = 503, max_th = 2.155347e+00, time=2025-04-11 03:43:33 
jj1 = 432, max_th = 2.026542e+00, time=2025-04-11 03:45:16 
jj1 = 160, max_th = 2.026570e+00, time=2025-04-11 03:48:27 
jj1 = 312, max_th = 1.719391e+00, time=2025-04-11 03:57:14 
jj1 = 351, max_th = 2.412844e+00, time=2025-04-11 03:58:10 
jj1 = 116, max_th = 1.648341e+00, time=2025-04-11 03:59:16 
jj1 = 311, max_th = 6.824705e-01, time=2025-04-11 04:02:46 
jj1 = 73, max_th = 2.088197e+00, time=2025-04-11 04:03:07 
jj1 = 468, max_th = 2.173204e+00, time=2025-04-11 04:03:25 
jj1 = 431, max_th = 2.372995e+00, time=2025-04-11 04:05:25 
jj1 = 276, max_th = 1.982398e+00, time=2025-04-11 04:06:46 
jj1 = 390, max_th = 1.443630e+00, time=2025-04-11 04:09:25 
jj1 = 197, max_th = 2.196369e+00, time=2025-04-11 04:09:34 
jj1 = 233, max_th = 1.570029e+00, time=2025-04-11 04:10:26 
jj1 = 502, max_th = 1.682361e+00, time=2025-04-11 04:11:39 
jj1 = 430, max_th = 2.679487e+00, time=2025-04-11 04:13:06 
jj1 = 310, max_th = 1.158926e+00, time=2025-04-11 04:13:19 
jj1 = 115, max_th = 1.665593e+00, time=2025-04-11 04:16:57 
jj1 = 159, max_th = 1.415958e+00, time=2025-04-11 04:17:37 
jj1 = 275, max_th = 2.613123e+00, time=2025-04-11 04:18:11 
jj1 = 350, max_th = 2.426419e+00, time=2025-04-11 04:19:21 
jj1 = 232, max_th = 2.633364e+00, time=2025-04-11 04:19:22 
jj1 = 467, max_th = 1.640486e+00, time=2025-04-11 04:19:41 
jj1 = 501, max_th = 2.407128e+00, time=2025-04-11 04:24:32 
jj1 = 389, max_th = 2.366729e+00, time=2025-04-11 04:29:59 
jj1 = 72, max_th = 1.881536e+00, time=2025-04-11 04:33:11 
jj1 = 196, max_th = 1.789175e+00, time=2025-04-11 04:33:45 
jj1 = 429, max_th = 1.813328e+00, time=2025-04-11 04:35:55 
jj1 = 274, max_th = 1.996451e+00, time=2025-04-11 04:37:23 
jj1 = 388, max_th = 2.459177e+00, time=2025-04-11 04:37:39 
jj1 = 500, max_th = 1.710230e+00, time=2025-04-11 04:40:05 
jj1 = 231, max_th = 1.797694e+00, time=2025-04-11 04:40:21 
jj1 = 309, max_th = 1.963318e+00, time=2025-04-11 04:40:28 
jj1 = 114, max_th = 1.855091e+00, time=2025-04-11 04:40:51 
jj1 = 466, max_th = 2.290580e+00, time=2025-04-11 04:41:15 
jj1 = 158, max_th = 2.067107e+00, time=2025-04-11 04:43:48 
jj1 = 230, max_th = 2.969411e+00, time=2025-04-11 04:44:59 
jj1 = 499, max_th = 1.089351e+00, time=2025-04-11 04:46:23 
jj1 = 428, max_th = 2.688392e+00, time=2025-04-11 04:47:22 
jj1 = 427, max_th = 2.910345e+00, time=2025-04-11 04:50:07 
jj1 = 157, max_th = 2.673782e+00, time=2025-04-11 04:54:35 
jj1 = 195, max_th = 2.422054e+00, time=2025-04-11 04:56:10 
jj1 = 349, max_th = 2.222930e+00, time=2025-04-11 04:59:07 
jj1 = 387, max_th = 2.263991e+00, time=2025-04-11 04:59:28 
jj1 = 113, max_th = 2.048448e+00, time=2025-04-11 04:59:45 
jj1 = 308, max_th = 2.511736e+00, time=2025-04-11 05:00:11 
jj1 = 273, max_th = 1.460333e+00, time=2025-04-11 05:02:28 
jj1 = 498, max_th = 2.622469e+00, time=2025-04-11 05:04:11 
jj1 = 229, max_th = 1.558848e+00, time=2025-04-11 05:08:06 
jj1 = 465, max_th = 2.138566e+00, time=2025-04-11 05:09:18 
jj1 = 156, max_th = 2.517831e+00, time=2025-04-11 05:10:47 
jj1 = 112, max_th = 1.434969e+00, time=2025-04-11 05:11:03 
jj1 = 348, max_th = 1.122815e+00, time=2025-04-11 05:11:53 
jj1 = 155, max_th = 1.061063e+00, time=2025-04-11 05:17:21 
jj1 = 386, max_th = 1.665960e+00, time=2025-04-11 05:17:55 
jj1 = 111, max_th = 1.649770e+00, time=2025-04-11 05:18:10 
jj1 = 194, max_th = 1.889807e+00, time=2025-04-11 05:18:53 
jj1 = 71, max_th = 2.224996e+00, time=2025-04-11 05:20:02 
jj1 = 426, max_th = 2.033471e+00, time=2025-04-11 05:20:56 
jj1 = 193, max_th = 2.699942e+00, time=2025-04-11 05:25:05 
jj1 = 497, max_th = 2.223146e+00, time=2025-04-11 05:25:43 
jj1 = 272, max_th = 2.228297e+00, time=2025-04-11 05:26:35 
jj1 = 385, max_th = 2.646253e+00, time=2025-04-11 05:26:50 
jj1 = 192, max_th = 8.656520e-01, time=2025-04-11 05:29:51 
jj1 = 228, max_th = 1.721958e+00, time=2025-04-11 05:31:52 
jj1 = 307, max_th = 2.061542e+00, time=2025-04-11 05:32:36 
jj1 = 425, max_th = 2.625889e+00, time=2025-04-11 05:33:08 
jj1 = 464, max_th = 1.939248e+00, time=2025-04-11 05:35:28 
jj1 = 347, max_th = 1.805471e+00, time=2025-04-11 05:36:58 
jj1 = 110, max_th = 1.939482e+00, time=2025-04-11 05:39:38 
jj1 = 154, max_th = 2.167098e+00, time=2025-04-11 05:40:51 
jj1 = 496, max_th = 2.178106e+00, time=2025-04-11 05:41:47 
jj1 = 70, max_th = 2.035794e+00, time=2025-04-11 05:41:59 
jj1 = 227, max_th = 2.335354e+00, time=2025-04-11 05:44:47 
jj1 = 384, max_th = 2.393707e+00, time=2025-04-11 05:45:24 
jj1 = 271, max_th = 2.335842e+00, time=2025-04-11 05:45:35 
jj1 = 270, max_th = 1.259306e+00, time=2025-04-11 05:53:06 
jj1 = 306, max_th = 2.196692e+00, time=2025-04-11 05:53:58 
jj1 = 109, max_th = 1.710071e+00, time=2025-04-11 05:54:45 
jj1 = 191, max_th = 2.198006e+00, time=2025-04-11 05:56:17 
jj1 = 383, max_th = 1.509796e+00, time=2025-04-11 05:56:40 
jj1 = 190, max_th = 8.046778e-01, time=2025-04-11 05:57:10 
jj1 = 346, max_th = 1.720545e+00, time=2025-04-11 06:00:28 
jj1 = 424, max_th = 1.916388e+00, time=2025-04-11 06:00:37 
jj1 = 463, max_th = 2.137566e+00, time=2025-04-11 06:00:40 
jj1 = 305, max_th = 8.455929e-01, time=2025-04-11 06:01:25 
jj1 = 108, max_th = 2.796422e+00, time=2025-04-11 06:03:45 
jj1 = 69, max_th = 1.790062e+00, time=2025-04-11 06:04:39 
jj1 = 226, max_th = 1.454335e+00, time=2025-04-11 06:07:35 
jj1 = 189, max_th = 2.781478e+00, time=2025-04-11 06:08:51 
jj1 = 153, max_th = 2.118165e+00, time=2025-04-11 06:09:56 
jj1 = 269, max_th = 2.431850e+00, time=2025-04-11 06:11:22 
jj1 = 382, max_th = 1.571727e+00, time=2025-04-11 06:12:52 
jj1 = 495, max_th = 2.075243e+00, time=2025-04-11 06:14:48 
jj1 = 268, max_th = 7.773388e-01, time=2025-04-11 06:15:18 
jj1 = 304, max_th = 1.365509e+00, time=2025-04-11 06:15:56 
jj1 = 462, max_th = 2.293871e+00, time=2025-04-11 06:16:13 
jj1 = 381, max_th = 1.109883e+00, time=2025-04-11 06:20:31 
jj1 = 188, max_th = 2.506968e+00, time=2025-04-11 06:21:39 
jj1 = 187, max_th = 3.166078e+00, time=2025-04-11 06:23:39 
jj1 = 345, max_th = 2.076769e+00, time=2025-04-11 06:24:22 
jj1 = 107, max_th = 2.273977e+00, time=2025-04-11 06:25:32 
jj1 = 494, max_th = 2.734095e+00, time=2025-04-11 06:25:47 
jj1 = 152, max_th = 2.299878e+00, time=2025-04-11 06:25:57 
jj1 = 225, max_th = 1.520942e+00, time=2025-04-11 06:26:10 
jj1 = 423, max_th = 1.806372e+00, time=2025-04-11 06:28:35 
jj1 = 68, max_th = 1.895501e+00, time=2025-04-11 06:30:59 
jj1 = 380, max_th = 1.575075e+00, time=2025-04-11 06:34:37 
jj1 = 186, max_th = 1.377750e+00, time=2025-04-11 06:36:05 
jj1 = 303, max_th = 1.645869e+00, time=2025-04-11 06:39:08 
jj1 = 224, max_th = 2.300085e+00, time=2025-04-11 06:39:35 
jj1 = 67, max_th = 1.120401e+00, time=2025-04-11 06:39:37 
jj1 = 267, max_th = 2.180731e+00, time=2025-04-11 06:39:38 
jj1 = 422, max_th = 2.561740e+00, time=2025-04-11 06:42:22 
jj1 = 106, max_th = 2.391810e+00, time=2025-04-11 06:43:12 
jj1 = 493, max_th = 2.198787e+00, time=2025-04-11 06:44:11 
jj1 = 223, max_th = 9.064753e-01, time=2025-04-11 06:45:21 
jj1 = 492, max_th = 3.535959e+00, time=2025-04-11 06:49:05 
jj1 = 421, max_th = 3.415938e+00, time=2025-04-11 06:49:17 
jj1 = 344, max_th = 2.123265e+00, time=2025-04-11 06:51:05 
jj1 = 151, max_th = 2.189301e+00, time=2025-04-11 06:52:35 
jj1 = 461, max_th = 1.831849e+00, time=2025-04-11 06:53:07 
jj1 = 379, max_th = 1.935993e+00, time=2025-04-11 06:54:13 
jj1 = 185, max_th = 2.375839e+00, time=2025-04-11 07:00:09 
jj1 = 266, max_th = 1.537358e+00, time=2025-04-11 07:00:24 
jj1 = 420, max_th = 1.806519e+00, time=2025-04-11 07:00:39 
jj1 = 302, max_th = 1.624497e+00, time=2025-04-11 07:02:16 
jj1 = 66, max_th = 1.660092e+00, time=2025-04-11 07:03:51 
jj1 = 222, max_th = 1.526392e+00, time=2025-04-11 07:06:00 
jj1 = 378, max_th = 1.742034e+00, time=2025-04-11 07:11:11 
jj1 = 460, max_th = 1.470113e+00, time=2025-04-11 07:12:29 
jj1 = 65, max_th = 1.179669e+00, time=2025-04-11 07:13:24 
jj1 = 150, max_th = 2.006022e+00, time=2025-04-11 07:16:24 
jj1 = 491, max_th = 1.464380e+00, time=2025-04-11 07:16:57 
jj1 = 105, max_th = 1.690426e+00, time=2025-04-11 07:17:17 
jj1 = 184, max_th = 2.665337e+00, time=2025-04-11 07:18:03 
jj1 = 104, max_th = 3.064633e+00, time=2025-04-11 07:20:32 
jj1 = 343, max_th = 1.921214e+00, time=2025-04-11 07:20:57 
jj1 = 459, max_th = 1.247058e+00, time=2025-04-11 07:21:33 
jj1 = 221, max_th = 1.597893e+00, time=2025-04-11 07:23:13 
jj1 = 301, max_th = 2.246435e+00, time=2025-04-11 07:23:53 
jj1 = 300, max_th = 3.275715e+00, time=2025-04-11 07:24:58 
jj1 = 265, max_th = 2.110971e+00, time=2025-04-11 07:28:37 
jj1 = 183, max_th = 3.151332e+00, time=2025-04-11 07:29:30 
jj1 = 149, max_th = 1.228204e+00, time=2025-04-11 07:30:12 
jj1 = 103, max_th = 2.251825e+00, time=2025-04-11 07:30:22 
jj1 = 377, max_th = 1.902488e+00, time=2025-04-11 07:33:30 
jj1 = 148, max_th = 1.371238e+00, time=2025-04-11 07:37:08 
jj1 = 102, max_th = 2.944858e+00, time=2025-04-11 07:38:49 
jj1 = 490, max_th = 2.236386e+00, time=2025-04-11 07:39:31 
jj1 = 376, max_th = 1.851267e+00, time=2025-04-11 07:47:22 
jj1 = 64, max_th = 2.115896e+00, time=2025-04-11 07:47:28 
jj1 = 728, max_th = 1.498295e+00, time=2025-04-11 07:47:53 
jj1 = 264, max_th = 1.464952e+00, time=2025-04-11 07:48:17 
jj1 = 220, max_th = 2.009870e+00, time=2025-04-11 07:48:44 
jj1 = 342, max_th = 1.635290e+00, time=2025-04-11 07:48:55 
jj1 = 299, max_th = 2.168966e+00, time=2025-04-11 07:50:30 
jj1 = 458, max_th = 2.179645e+00, time=2025-04-11 07:52:04 
jj1 = 419, max_th = 2.274289e+00, time=2025-04-11 07:53:01 
jj1 = 101, max_th = 1.584102e+00, time=2025-04-11 07:56:45 
jj1 = 263, max_th = 2.507205e+00, time=2025-04-11 08:00:31 
jj1 = 100, max_th = 9.792688e-01, time=2025-04-11 08:00:38 
jj1 = 147, max_th = 2.024566e+00, time=2025-04-11 08:06:08 
jj1 = 298, max_th = 2.819538e+00, time=2025-04-11 08:06:20 
jj1 = 727, max_th = 2.714080e+00, time=2025-04-11 08:07:00 
jj1 = 341, max_th = 1.814151e+00, time=2025-04-11 08:08:45 
jj1 = 219, max_th = 2.411477e+00, time=2025-04-11 08:09:41 
jj1 = 218, max_th = 8.587611e-01, time=2025-04-11 08:13:04 
jj1 = 182, max_th = 1.987687e+00, time=2025-04-11 08:14:06 
jj1 = 418, max_th = 1.683594e+00, time=2025-04-11 08:14:06 
jj1 = 63, max_th = 2.065075e+00, time=2025-04-11 08:15:03 
jj1 = 457, max_th = 1.822796e+00, time=2025-04-11 08:15:23 
jj1 = 262, max_th = 2.626838e+00, time=2025-04-11 08:15:28 
jj1 = 375, max_th = 2.155095e+00, time=2025-04-11 08:19:00 
jj1 = 608, max_th = 2.016141e+00, time=2025-04-11 08:24:54 
jj1 = 146, max_th = 1.590160e+00, time=2025-04-11 08:25:03 
jj1 = 62, max_th = 1.265872e+00, time=2025-04-11 08:25:32 
jj1 = 297, max_th = 2.564693e+00, time=2025-04-11 08:27:56 
jj1 = 726, max_th = 2.037557e+00, time=2025-04-11 08:30:04 
jj1 = 217, max_th = 1.583342e+00, time=2025-04-11 08:31:34 
jj1 = 456, max_th = 2.583307e+00, time=2025-04-11 08:31:43 
jj1 = 607, max_th = 2.544870e+00, time=2025-04-11 08:35:03 
jj1 = 261, max_th = 1.872443e+00, time=2025-04-11 08:38:18 
jj1 = 145, max_th = 2.607132e+00, time=2025-04-11 08:39:55 
jj1 = 340, max_th = 1.908744e+00, time=2025-04-11 08:40:36 
jj1 = 374, max_th = 2.317110e+00, time=2025-04-11 08:41:01 
jj1 = 417, max_th = 1.958225e+00, time=2025-04-11 08:43:39 
jj1 = 296, max_th = 1.505910e+00, time=2025-04-11 08:44:27 
jj1 = 725, max_th = 2.497361e+00, time=2025-04-11 08:46:09 
jj1 = 181, max_th = 2.084212e+00, time=2025-04-11 08:47:25 
jj1 = 606, max_th = 2.617879e+00, time=2025-04-11 08:48:37 
jj1 = 373, max_th = 2.652588e+00, time=2025-04-11 08:49:32 
jj1 = 648, max_th = 2.505322e+00, time=2025-04-11 08:50:45 
jj1 = 455, max_th = 2.384468e+00, time=2025-04-11 08:51:59 
jj1 = 708, max_th = 1.036642e+00, time=2025-04-11 08:54:59 
jj1 = 61, max_th = 1.589629e+00, time=2025-04-11 08:55:58 
jj1 = 260, max_th = 2.359633e+00, time=2025-04-11 08:58:50 
jj1 = 568, max_th = 6.197190e-01, time=2025-04-11 08:59:01 
jj1 = 180, max_th = 1.359460e+00, time=2025-04-11 08:59:02 
jj1 = 339, max_th = 2.352234e+00, time=2025-04-11 09:00:07 
jj1 = 647, max_th = 2.639053e+00, time=2025-04-11 09:00:55 
jj1 = 724, max_th = 2.136122e+00, time=2025-04-11 09:02:39 
jj1 = 179, max_th = 6.791153e-01, time=2025-04-11 09:03:34 
jj1 = 144, max_th = 2.332853e+00, time=2025-04-11 09:03:45 
jj1 = 605, max_th = 2.144722e+00, time=2025-04-11 09:07:02 
jj1 = 295, max_th = 2.226526e+00, time=2025-04-11 09:10:14 
jj1 = 454, max_th = 1.549086e+00, time=2025-04-11 09:12:55 
jj1 = 604, max_th = 1.240395e+00, time=2025-04-11 09:13:29 
jj1 = 143, max_th = 8.621558e-01, time=2025-04-11 09:13:49 
jj1 = 416, max_th = 1.862696e+00, time=2025-04-11 09:14:54 
jj1 = 338, max_th = 1.322770e+00, time=2025-04-11 09:16:36 
jj1 = 723, max_th = 1.406839e+00, time=2025-04-11 09:16:57 
jj1 = 707, max_th = 2.378638e+00, time=2025-04-11 09:19:21 
jj1 = 259, max_th = 2.182191e+00, time=2025-04-11 09:22:26 
jj1 = 646, max_th = 2.099773e+00, time=2025-04-11 09:23:14 
jj1 = 748, max_th = 1.584945e+00, time=2025-04-11 09:25:00 
jj1 = 415, max_th = 1.459869e+00, time=2025-04-11 09:28:18 
jj1 = 453, max_th = 1.900339e+00, time=2025-04-11 09:28:26 
jj1 = 178, max_th = 1.941866e+00, time=2025-04-11 09:31:26 
jj1 = 452, max_th = 2.961558e+00, time=2025-04-11 09:32:41 
jj1 = 706, max_th = 1.888710e+00, time=2025-04-11 09:34:01 
jj1 = 603, max_th = 2.077083e+00, time=2025-04-11 09:37:06 
jj1 = 414, max_th = 1.180441e+00, time=2025-04-11 09:38:17 
jj1 = 142, max_th = 2.374031e+00, time=2025-04-11 09:39:13 
jj1 = 337, max_th = 1.873429e+00, time=2025-04-11 09:39:18 
jj1 = 567, max_th = 2.170475e+00, time=2025-04-11 09:43:22 
jj1 = 722, max_th = 1.921238e+00, time=2025-04-11 09:43:39 
jj1 = 645, max_th = 1.742442e+00, time=2025-04-11 09:47:12 
jj1 = 705, max_th = 2.346457e+00, time=2025-04-11 09:48:51 
jj1 = 747, max_th = 1.825160e+00, time=2025-04-11 09:49:21 
jj1 = 548, max_th = 2.274936e+00, time=2025-04-11 09:49:54 
jj1 = 141, max_th = 2.824057e+00, time=2025-04-11 09:50:17 
jj1 = 413, max_th = 1.321620e+00, time=2025-04-11 09:50:33 
jj1 = 258, max_th = 1.602586e+00, time=2025-04-11 09:51:04 
jj1 = 644, max_th = 1.059311e+00, time=2025-04-11 09:52:40 
jj1 = 602, max_th = 2.827043e+00, time=2025-04-11 09:53:01 
jj1 = 451, max_th = 1.539532e+00, time=2025-04-11 09:53:39 
jj1 = 336, max_th = 1.529227e+00, time=2025-04-11 09:54:11 
jj1 = 566, max_th = 2.557369e+00, time=2025-04-11 09:56:19 
jj1 = 257, max_th = 1.424077e+00, time=2025-04-11 10:00:20 
jj1 = 721, max_th = 1.574760e+00, time=2025-04-11 10:00:30 
jj1 = 720, max_th = 3.677428e+00, time=2025-04-11 10:00:38 
jj1 = 704, max_th = 2.576281e+00, time=2025-04-11 10:02:22 
jj1 = 140, max_th = 1.346012e+00, time=2025-04-11 10:03:25 
jj1 = 335, max_th = 1.636126e+00, time=2025-04-11 10:08:15 
jj1 = 547, max_th = 1.664917e+00, time=2025-04-11 10:09:01 
jj1 = 546, max_th = 3.029130e+00, time=2025-04-11 10:15:26 
jj1 = 565, max_th = 1.791448e+00, time=2025-04-11 10:15:38 
jj1 = 668, max_th = 1.672222e+00, time=2025-04-11 10:16:23 
jj1 = 643, max_th = 2.080005e+00, time=2025-04-11 10:16:38 
jj1 = 601, max_th = 2.223500e+00, time=2025-04-11 10:19:07 
jj1 = 139, max_th = 1.443012e+00, time=2025-04-11 10:19:44 
jj1 = 334, max_th = 1.328829e+00, time=2025-04-11 10:20:07 
jj1 = 412, max_th = 1.882067e+00, time=2025-04-11 10:20:08 
jj1 = 746, max_th = 2.324985e+00, time=2025-04-11 10:22:33 
jj1 = 719, max_th = 1.819227e+00, time=2025-04-11 10:22:45 
jj1 = 600, max_th = 1.262836e+00, time=2025-04-11 10:25:28 
jj1 = 256, max_th = 1.875461e+00, time=2025-04-11 10:26:35 
jj1 = 545, max_th = 1.278013e+00, time=2025-04-11 10:28:05 
jj1 = 703, max_th = 2.293277e+00, time=2025-04-11 10:30:54 
jj1 = 642, max_th = 1.589603e+00, time=2025-04-11 10:32:39 
jj1 = 745, max_th = 2.774516e+00, time=2025-04-11 10:35:59 
jj1 = 564, max_th = 1.944625e+00, time=2025-04-11 10:37:51 
jj1 = 718, max_th = 2.355476e+00, time=2025-04-11 10:40:45 
jj1 = 563, max_th = 2.948582e+00, time=2025-04-11 10:41:50 
jj1 = 667, max_th = 1.837029e+00, time=2025-04-11 10:42:09 
jj1 = 768, max_th = 2.509324e+00, time=2025-04-11 10:42:37 
jj1 = 544, max_th = 1.608558e+00, time=2025-04-11 10:44:05 
jj1 = 588, max_th = 1.805339e+00, time=2025-04-11 10:45:02 
jj1 = 744, max_th = 2.721269e+00, time=2025-04-11 10:45:36 
jj1 = 628, max_th = 1.916985e+00, time=2025-04-11 10:46:21 
jj1 = 767, max_th = 6.906889e-01, time=2025-04-11 10:46:34 
jj1 = 599, max_th = 2.168911e+00, time=2025-04-11 10:47:01 
jj1 = 702, max_th = 2.213048e+00, time=2025-04-11 10:52:03 
jj1 = 641, max_th = 1.279066e+00, time=2025-04-11 10:52:32 
jj1 = 701, max_th = 1.038201e+00, time=2025-04-11 10:56:33 
jj1 = 717, max_th = 2.278715e+00, time=2025-04-11 10:58:25 
jj1 = 587, max_th = 2.833674e+00, time=2025-04-11 10:58:38 
jj1 = 666, max_th = 2.420744e+00, time=2025-04-11 11:00:09 
jj1 = 598, max_th = 1.396618e+00, time=2025-04-11 11:01:06 
jj1 = 562, max_th = 1.795916e+00, time=2025-04-11 11:01:36 
jj1 = 640, max_th = 1.177684e+00, time=2025-04-11 11:03:16 
jj1 = 627, max_th = 1.819525e+00, time=2025-04-11 11:05:26 
jj1 = 766, max_th = 1.785662e+00, time=2025-04-11 11:05:55 
jj1 = 700, max_th = 2.403784e+00, time=2025-04-11 11:07:51 
jj1 = 716, max_th = 2.534476e+00, time=2025-04-11 11:11:18 
jj1 = 665, max_th = 1.418333e+00, time=2025-04-11 11:11:25 
jj1 = 699, max_th = 9.985858e-01, time=2025-04-11 11:11:42 
jj1 = 543, max_th = 2.281889e+00, time=2025-04-11 11:11:57 
jj1 = 586, max_th = 2.300640e+00, time=2025-04-11 11:16:39 
jj1 = 597, max_th = 2.319905e+00, time=2025-04-11 11:17:42 
jj1 = 688, max_th = 2.458548e+00, time=2025-04-11 11:17:54 
jj1 = 626, max_th = 2.554452e+00, time=2025-04-11 11:22:27 
jj1 = 698, max_th = 1.359436e+00, time=2025-04-11 11:22:40 
jj1 = 561, max_th = 1.818461e+00, time=2025-04-11 11:26:30 
jj1 = 542, max_th = 1.378120e+00, time=2025-04-11 11:28:24 
jj1 = 639, max_th = 2.268543e+00, time=2025-04-11 11:28:30 
jj1 = 664, max_th = 1.297562e+00, time=2025-04-11 11:30:04 
jj1 = 765, max_th = 2.218028e+00, time=2025-04-11 11:30:07 
jj1 = 743, max_th = 2.051849e+00, time=2025-04-11 11:30:30 
jj1 = 625, max_th = 2.669049e+00, time=2025-04-11 11:31:12 
jj1 = 585, max_th = 2.497692e+00, time=2025-04-11 11:31:51 
jj1 = 687, max_th = 1.486939e+00, time=2025-04-11 11:32:31 
jj1 = 541, max_th = 2.790699e+00, time=2025-04-11 11:36:45 
jj1 = 596, max_th = 2.139365e+00, time=2025-04-11 11:37:41 
jj1 = 663, max_th = 1.189129e+00, time=2025-04-11 11:39:11 
jj1 = 697, max_th = 1.753975e+00, time=2025-04-11 11:40:24 
jj1 = 715, max_th = 2.181137e+00, time=2025-04-11 11:40:29 
jj1 = 686, max_th = 2.605975e+00, time=2025-04-11 11:41:51 
jj1 = 696, max_th = 9.789071e-01, time=2025-04-11 11:44:36 
jj1 = 560, max_th = 1.816266e+00, time=2025-04-11 11:44:46 
jj1 = 764, max_th = 1.773584e+00, time=2025-04-11 11:47:16 
jj1 = 540, max_th = 2.647610e+00, time=2025-04-11 11:48:52 
jj1 = 624, max_th = 2.471230e+00, time=2025-04-11 11:51:00 
jj1 = 638, max_th = 2.246921e+00, time=2025-04-11 11:51:54 
jj1 = 742, max_th = 3.828700e+00, time=2025-04-11 11:52:25 
jj1 = 763, max_th = 1.172009e+00, time=2025-04-11 11:53:46 
jj1 = 595, max_th = 1.866114e+00, time=2025-04-11 11:53:48 
jj1 = 662, max_th = 1.708432e+00, time=2025-04-11 11:54:44 
jj1 = 637, max_th = 9.736926e-01, time=2025-04-11 11:54:52 
jj1 = 584, max_th = 2.094570e+00, time=2025-04-11 11:56:18 
jj1 = 762, max_th = 2.967649e+00, time=2025-04-11 11:57:04 
jj1 = 714, max_th = 1.856982e+00, time=2025-04-11 11:59:32 
jj1 = 685, max_th = 2.467658e+00, time=2025-04-11 12:01:03 
jj1 = 741, max_th = 2.641154e+00, time=2025-04-11 12:05:38 
jj1 = 761, max_th = 1.034346e+00, time=2025-04-11 12:06:26 
jj1 = 539, max_th = 2.052537e+00, time=2025-04-11 12:07:31 
jj1 = 559, max_th = 2.174993e+00, time=2025-04-11 12:09:52 
jj1 = 695, max_th = 1.737831e+00, time=2025-04-11 12:11:53 
jj1 = 636, max_th = 2.173896e+00, time=2025-04-11 12:14:57 
jj1 = 661, max_th = 2.668161e+00, time=2025-04-11 12:15:27 
jj1 = 623, max_th = 2.182140e+00, time=2025-04-11 12:17:02 
jj1 = 594, max_th = 1.761203e+00, time=2025-04-11 12:17:25 
jj1 = 622, max_th = 3.431552e+00, time=2025-04-11 12:18:38 
jj1 = 593, max_th = 2.752405e+00, time=2025-04-11 12:19:22 
jj1 = 694, max_th = 1.335123e+00, time=2025-04-11 12:20:37 
jj1 = 583, max_th = 2.138260e+00, time=2025-04-11 12:21:39 
jj1 = 713, max_th = 1.568776e+00, time=2025-04-11 12:21:53 
jj1 = 740, max_th = 1.945825e+00, time=2025-04-11 12:25:48 
jj1 = 684, max_th = 2.034175e+00, time=2025-04-11 12:28:08 
jj1 = 660, max_th = 1.649876e+00, time=2025-04-11 12:29:55 
jj1 = 558, max_th = 1.584752e+00, time=2025-04-11 12:31:09 
jj1 = 538, max_th = 1.090044e+00, time=2025-04-11 12:32:56 
jj1 = 693, max_th = 1.703672e+00, time=2025-04-11 12:34:48 
jj1 = 621, max_th = 1.701639e+00, time=2025-04-11 12:34:51 
jj1 = 760, max_th = 2.481068e+00, time=2025-04-11 12:35:36 
jj1 = 692, max_th = 3.155866e+00, time=2025-04-11 12:36:05 
jj1 = 635, max_th = 2.281894e+00, time=2025-04-11 12:36:37 
jj1 = 537, max_th = 1.101224e+00, time=2025-04-11 12:37:39 
jj1 = 712, max_th = 1.765269e+00, time=2025-04-11 12:37:47 
jj1 = 582, max_th = 2.095984e+00, time=2025-04-11 12:42:08 
jj1 = 592, max_th = 1.549422e+00, time=2025-04-11 12:45:27 
jj1 = 557, max_th = 2.524879e+00, time=2025-04-11 12:46:09 
jj1 = 683, max_th = 2.105812e+00, time=2025-04-11 12:48:56 
jj1 = 759, max_th = 1.806643e+00, time=2025-04-11 12:50:29 
jj1 = 691, max_th = 1.883509e+00, time=2025-04-11 12:50:46 
jj1 = 659, max_th = 1.658149e+00, time=2025-04-11 12:51:00 
jj1 = 556, max_th = 1.135008e+00, time=2025-04-11 12:51:33 
jj1 = 739, max_th = 1.687526e+00, time=2025-04-11 12:53:46 
jj1 = 711, max_th = 1.363786e+00, time=2025-04-11 12:55:46 
jj1 = 620, max_th = 1.950393e+00, time=2025-04-11 12:56:17 
jj1 = 581, max_th = 2.435483e+00, time=2025-04-11 12:56:49 
jj1 = 536, max_th = 2.461771e+00, time=2025-04-11 12:59:18 
jj1 = 758, max_th = 2.665250e+00, time=2025-04-11 13:02:15 
jj1 = 591, max_th = 2.253801e+00, time=2025-04-11 13:03:50 
jj1 = 590, max_th = 7.179594e-01, time=2025-04-11 13:04:52 
jj1 = 634, max_th = 1.530275e+00, time=2025-04-11 13:06:05 
jj1 = 738, max_th = 1.450160e+00, time=2025-04-11 13:06:50 
jj1 = 682, max_th = 1.360750e+00, time=2025-04-11 13:08:00 
jj1 = 681, max_th = 7.438286e-01, time=2025-04-11 13:10:00 
jj1 = 555, max_th = 1.271493e+00, time=2025-04-11 13:10:08 
jj1 = 580, max_th = 1.571612e+00, time=2025-04-11 13:11:48 
jj1 = 619, max_th = 1.806093e+00, time=2025-04-11 13:11:51 
jj1 = 554, max_th = 8.089649e-01, time=2025-04-11 13:12:50 
jj1 = 690, max_th = 1.948006e+00, time=2025-04-11 13:18:28 
jj1 = 589, max_th = 1.413427e+00, time=2025-04-11 13:19:35 
jj1 = 535, max_th = 2.532355e+00, time=2025-04-11 13:20:53 
jj1 = 658, max_th = 1.862476e+00, time=2025-04-11 13:21:44 
jj1 = 710, max_th = 1.765346e+00, time=2025-04-11 13:25:22 
jj1 = 579, max_th = 2.789604e+00, time=2025-04-11 13:25:34 
jj1 = 657, max_th = 8.782327e-01, time=2025-04-11 13:26:10 
jj1 = 633, max_th = 1.470856e+00, time=2025-04-11 13:27:15 
jj1 = 680, max_th = 1.952461e+00, time=2025-04-11 13:32:22 
jj1 = 788, max_th = 1.552786e+00, time=2025-04-11 13:33:06 
jj1 = 618, max_th = 1.921708e+00, time=2025-04-11 13:33:47 
jj1 = 737, max_th = 2.135958e+00, time=2025-04-11 13:35:19 
jj1 = 689, max_th = 2.666075e+00, time=2025-04-11 13:35:31 
jj1 = 808, max_th = 3.228311e+00, time=2025-04-11 13:36:17 
jj1 = 534, max_th = 1.288460e+00, time=2025-04-11 13:37:09 
jj1 = 553, max_th = 1.905017e+00, time=2025-04-11 13:39:43 
jj1 = 709, max_th = 1.952605e+00, time=2025-04-11 13:43:01 
jj1 = 736, max_th = 2.661575e+00, time=2025-04-11 13:43:35 
jj1 = 679, max_th = 1.497705e+00, time=2025-04-11 13:45:05 
jj1 = 656, max_th = 1.489628e+00, time=2025-04-11 13:45:41 
jj1 = 578, max_th = 2.461595e+00, time=2025-04-11 13:45:54 
jj1 = 787, max_th = 2.456168e+00, time=2025-04-11 13:47:03 
jj1 = 757, max_th = 2.224495e+00, time=2025-04-11 13:47:06 
jj1 = 632, max_th = 1.903167e+00, time=2025-04-11 13:51:57 
jj1 = 617, max_th = 1.750599e+00, time=2025-04-11 13:52:21 
jj1 = 807, max_th = 2.352471e+00, time=2025-04-11 13:52:22 
jj1 = 786, max_th = 1.258139e+00, time=2025-04-11 13:55:45 
jj1 = 552, max_th = 2.064086e+00, time=2025-04-11 14:00:31 
jj1 = 616, max_th = 2.887110e+00, time=2025-04-11 14:01:02 
jj1 = 785, max_th = 2.880753e+00, time=2025-04-11 14:01:29 
jj1 = 735, max_th = 2.348052e+00, time=2025-04-11 14:02:13 
jj1 = 778, max_th = 1.523255e+00, time=2025-04-11 14:02:13 
jj1 = 756, max_th = 2.671862e+00, time=2025-04-11 14:03:35 
jj1 = 784, max_th = 1.139645e+00, time=2025-04-11 14:07:25 
jj1 = 533, max_th = 2.723037e+00, time=2025-04-11 14:09:07 
jj1 = 631, max_th = 1.612257e+00, time=2025-04-11 14:09:29 
jj1 = 678, max_th = 1.863284e+00, time=2025-04-11 14:12:52 
jj1 = 577, max_th = 2.161191e+00, time=2025-04-11 14:13:21 
jj1 = 615, max_th = 9.046377e-01, time=2025-04-11 14:14:12 
jj1 = 630, max_th = 1.424430e+00, time=2025-04-11 14:15:30 
jj1 = 734, max_th = 1.513431e+00, time=2025-04-11 14:15:50 
jj1 = 677, max_th = 8.058551e-01, time=2025-04-11 14:16:04 
jj1 = 806, max_th = 1.960678e+00, time=2025-04-11 14:19:56 
jj1 = 551, max_th = 2.309128e+00, time=2025-04-11 14:20:27 
jj1 = 777, max_th = 2.056049e+00, time=2025-04-11 14:22:59 
jj1 = 755, max_th = 2.121338e+00, time=2025-04-11 14:24:44 
jj1 = 783, max_th = 2.263188e+00, time=2025-04-11 14:26:58 
jj1 = 532, max_th = 1.472509e+00, time=2025-04-11 14:27:43 
jj1 = 733, max_th = 2.780107e+00, time=2025-04-11 14:30:59 
jj1 = 550, max_th = 2.855641e+00, time=2025-04-11 14:31:13 
jj1 = 655, max_th = 2.162555e+00, time=2025-04-11 14:35:17 
jj1 = 782, max_th = 2.815517e+00, time=2025-04-11 14:35:35 
jj1 = 676, max_th = 1.495318e+00, time=2025-04-11 14:36:07 
jj1 = 576, max_th = 2.060719e+00, time=2025-04-11 14:36:15 
jj1 = 776, max_th = 2.275501e+00, time=2025-04-11 14:36:40 
jj1 = 754, max_th = 9.946783e-01, time=2025-04-11 14:36:53 
jj1 = 805, max_th = 2.372315e+00, time=2025-04-11 14:38:16 
jj1 = 575, max_th = 8.703441e-01, time=2025-04-11 14:38:40 
jj1 = 614, max_th = 2.181007e+00, time=2025-04-11 14:39:27 
jj1 = 629, max_th = 2.363772e+00, time=2025-04-11 14:42:51 
jj1 = 732, max_th = 2.594832e+00, time=2025-04-11 14:42:54 
jj1 = 531, max_th = 1.850239e+00, time=2025-04-11 14:44:48 
jj1 = 549, max_th = 2.780129e+00, time=2025-04-11 14:45:51 
jj1 = 804, max_th = 1.288329e+00, time=2025-04-11 14:51:31 
jj1 = 654, max_th = 2.504876e+00, time=2025-04-11 14:52:47 
jj1 = 653, max_th = 4.929765e-01, time=2025-04-11 14:52:50 
jj1 = 613, max_th = 1.528469e+00, time=2025-04-11 14:54:06 
jj1 = 530, max_th = 8.889188e-01, time=2025-04-11 14:54:26 
jj1 = 775, max_th = 1.945819e+00, time=2025-04-11 14:54:53 
jj1 = 781, max_th = 2.009488e+00, time=2025-04-11 14:57:17 
jj1 = 574, max_th = 2.265963e+00, time=2025-04-11 15:00:40 
jj1 = 753, max_th = 2.281603e+00, time=2025-04-11 15:01:24 
jj1 = 675, max_th = 2.309738e+00, time=2025-04-11 15:03:19 
jj1 = 529, max_th = 1.112066e+00, time=2025-04-11 15:04:11 
jj1 = 798, max_th = 2.041851e+00, time=2025-04-11 15:05:24 
jj1 = 731, max_th = 1.638318e+00, time=2025-04-11 15:07:09 
jj1 = 652, max_th = 1.303004e+00, time=2025-04-11 15:08:03 
jj1 = 818, max_th = 2.488587e+00, time=2025-04-11 15:10:46 
jj1 = 752, max_th = 1.574359e+00, time=2025-04-11 15:11:12 
jj1 = 612, max_th = 1.545379e+00, time=2025-04-11 15:15:56 
jj1 = 780, max_th = 1.765297e+00, time=2025-04-11 15:16:23 
jj1 = 573, max_th = 2.487479e+00, time=2025-04-11 15:17:58 
jj1 = 674, max_th = 1.704295e+00, time=2025-04-11 15:22:49 
jj1 = 838, max_th = 1.605958e+00, time=2025-04-11 15:23:06 
jj1 = 774, max_th = 2.306802e+00, time=2025-04-11 15:23:10 
jj1 = 779, max_th = 1.233047e+00, time=2025-04-11 15:25:27 
jj1 = 651, max_th = 2.199306e+00, time=2025-04-11 15:27:18 
jj1 = 837, max_th = 2.867062e+00, time=2025-04-11 15:27:36 
jj1 = 817, max_th = 1.469699e+00, time=2025-04-11 15:28:55 
jj1 = 803, max_th = 1.578235e+00, time=2025-04-11 15:33:47 
jj1 = 751, max_th = 1.824333e+00, time=2025-04-11 15:38:46 
jj1 = 730, max_th = 2.014519e+00, time=2025-04-11 15:39:10 
jj1 = 797, max_th = 2.236964e+00, time=2025-04-11 15:40:20 
jj1 = 773, max_th = 1.836396e+00, time=2025-04-11 15:40:45 
jj1 = 611, max_th = 2.195526e+00, time=2025-04-11 15:40:51 
jj1 = 650, max_th = 1.649308e+00, time=2025-04-11 15:41:42 
jj1 = 893, max_th = 1.676989e+00, time=2025-04-11 15:45:38 
jj1 = 802, max_th = 2.581095e+00, time=2025-04-11 15:46:42 
jj1 = 572, max_th = 1.936959e+00, time=2025-04-11 15:47:14 
jj1 = 836, max_th = 1.744806e+00, time=2025-04-11 15:47:39 
jj1 = 673, max_th = 2.134537e+00, time=2025-04-11 15:48:39 
jj1 = 772, max_th = 2.696687e+00, time=2025-04-11 15:50:28 
jj1 = 816, max_th = 1.742114e+00, time=2025-04-11 15:50:40 
jj1 = 892, max_th = 1.344936e+00, time=2025-04-11 15:54:25 
jj1 = 610, max_th = -2.336181e-01, time=2025-04-11 15:55:22 
jj1 = 891, max_th = 2.989909e+00, time=2025-04-11 15:58:08 
jj1 = 672, max_th = 2.600538e+00, time=2025-04-11 15:58:17 
jj1 = 890, max_th = 2.952842e+00, time=2025-04-11 16:01:37 
jj1 = 815, max_th = 1.246069e+00, time=2025-04-11 16:04:22 
jj1 = 801, max_th = 1.858502e+00, time=2025-04-11 16:05:08 
jj1 = 796, max_th = 1.954195e+00, time=2025-04-11 16:06:40 
jj1 = 649, max_th = 2.051881e+00, time=2025-04-11 16:07:49 
jj1 = 750, max_th = 2.082030e+00, time=2025-04-11 16:09:54 
jj1 = 571, max_th = 2.319521e+00, time=2025-04-11 16:10:53 
jj1 = 729, max_th = 1.686013e+00, time=2025-04-11 16:14:29 
jj1 = 835, max_th = 1.989424e+00, time=2025-04-11 16:14:47 
jj1 = 771, max_th = 1.870893e+00, time=2025-04-11 16:15:05 
jj1 = 671, max_th = 1.749329e+00, time=2025-04-11 16:15:38 
jj1 = 889, max_th = 2.087787e+00, time=2025-04-11 16:18:04 
jj1 = 828, max_th = 2.882435e+00, time=2025-04-11 16:18:48 
jj1 = 800, max_th = 8.103697e-01, time=2025-04-11 16:20:23 
jj1 = 923, max_th = 3.463574e-01, time=2025-04-11 16:23:18 
jj1 = 570, max_th = 2.683336e+00, time=2025-04-11 16:24:06 
jj1 = 848, max_th = 2.421202e+00, time=2025-04-11 16:26:43 
jj1 = 922, max_th = 2.935643e+00, time=2025-04-11 16:27:17 
jj1 = 609, max_th = 1.918103e+00, time=2025-04-11 16:28:19 
jj1 = 858, max_th = -1.101359e+00, time=2025-04-11 16:28:33 
jj1 = 749, max_th = 2.098755e+00, time=2025-04-11 16:31:00 
jj1 = 795, max_th = 1.774778e+00, time=2025-04-11 16:31:47 
jj1 = 799, max_th = 1.657502e+00, time=2025-04-11 16:32:37 
jj1 = 814, max_th = 1.932785e+00, time=2025-04-11 16:32:51 
jj1 = 827, max_th = 1.543540e+00, time=2025-04-11 16:34:33 
jj1 = 770, max_th = 1.740113e+00, time=2025-04-11 16:36:04 
jj1 = 834, max_th = 2.037705e+00, time=2025-04-11 16:40:27 
jj1 = 921, max_th = 2.379014e+00, time=2025-04-11 16:41:12 
jj1 = 569, max_th = 2.421205e+00, time=2025-04-11 16:42:23 
jj1 = 888, max_th = 2.616072e+00, time=2025-04-11 16:43:33 
jj1 = 769, max_th = 1.241553e+00, time=2025-04-11 16:43:37 
jj1 = 670, max_th = 2.266633e+00, time=2025-04-11 16:43:53 
jj1 = 669, max_th = 6.451558e-01, time=2025-04-11 16:45:49 
jj1 = 826, max_th = 1.251751e+00, time=2025-04-11 16:47:39 
jj1 = 857, max_th = 2.259182e+00, time=2025-04-11 16:50:15 
jj1 = 847, max_th = 2.012204e+00, time=2025-04-11 16:50:53 
jj1 = 813, max_th = 2.046496e+00, time=2025-04-11 16:51:06 
jj1 = 920, max_th = 1.765663e+00, time=2025-04-11 16:51:36 
jj1 = 898, max_th = 2.060374e+00, time=2025-04-11 16:52:27 
jj1 = 878, max_th = 1.197702e+00, time=2025-04-11 16:52:53 
jj1 = 794, max_th = 2.316869e+00, time=2025-04-11 16:53:17 
jj1 = 846, max_th = 3.070739e+00, time=2025-04-11 16:54:38 
jj1 = 825, max_th = 2.659767e+00, time=2025-04-11 16:55:32 
jj1 = 793, max_th = 7.452159e-01, time=2025-04-11 16:55:36 
jj1 = 833, max_th = 1.497523e+00, time=2025-04-11 16:57:21 
jj1 = 877, max_th = 2.843408e+00, time=2025-04-11 16:59:22 
jj1 = 868, max_th = 2.043851e+00, time=2025-04-11 17:01:01 
jj1 = 812, max_th = 9.094659e-01, time=2025-04-11 17:01:03 
jj1 = 876, max_th = -8.101421e-02, time=2025-04-11 17:02:17 
jj1 = 919, max_th = 2.539936e+00, time=2025-04-11 17:04:20 
jj1 = 856, max_th = 1.467557e+00, time=2025-04-11 17:04:30 
jj1 = 903, max_th = 1.862311e+00, time=2025-04-11 17:04:41 
jj1 = 887, max_th = 1.984782e+00, time=2025-04-11 17:05:42 
jj1 = 855, max_th = 1.382857e+00, time=2025-04-11 17:10:30 
jj1 = 897, max_th = 1.773615e+00, time=2025-04-11 17:12:04 
jj1 = 845, max_th = 2.166969e+00, time=2025-04-11 17:12:36 
jj1 = 824, max_th = 1.475971e+00, time=2025-04-11 17:12:38 
jj1 = 832, max_th = 1.376092e+00, time=2025-04-11 17:13:22 
jj1 = 867, max_th = 1.723197e+00, time=2025-04-11 17:15:27 
jj1 = 811, max_th = 1.562840e+00, time=2025-04-11 17:15:36 
jj1 = 938, max_th = 1.711707e+00, time=2025-04-11 17:19:20 
jj1 = 875, max_th = 2.291726e+00, time=2025-04-11 17:19:59 
jj1 = 886, max_th = 2.155806e+00, time=2025-04-11 17:21:07 
jj1 = 902, max_th = 2.234184e+00, time=2025-04-11 17:25:27 
jj1 = 792, max_th = 2.185509e+00, time=2025-04-11 17:27:32 
jj1 = 866, max_th = 2.429967e+00, time=2025-04-11 17:27:59 
jj1 = 896, max_th = 1.920609e+00, time=2025-04-11 17:28:07 
jj1 = 810, max_th = 2.689401e+00, time=2025-04-11 17:28:28 
jj1 = 823, max_th = 2.218023e+00, time=2025-04-11 17:28:59 
jj1 = 831, max_th = 1.800858e+00, time=2025-04-11 17:29:19 
jj1 = 844, max_th = 1.572949e+00, time=2025-04-11 17:30:00 
jj1 = 854, max_th = 1.774870e+00, time=2025-04-11 17:31:00 
jj1 = 874, max_th = 2.203113e+00, time=2025-04-11 17:32:03 
jj1 = 873, max_th = -6.254167e-02, time=2025-04-11 17:33:01 
jj1 = 937, max_th = 1.608975e+00, time=2025-04-11 17:33:55 
jj1 = 901, max_th = 2.506680e+00, time=2025-04-11 17:37:21 
jj1 = 900, max_th = 3.343046e+00, time=2025-04-11 17:37:37 
jj1 = 865, max_th = 1.946121e+00, time=2025-04-11 17:38:27 
jj1 = 822, max_th = 1.550313e+00, time=2025-04-11 17:39:23 
jj1 = 853, max_th = 1.424019e+00, time=2025-04-11 17:41:01 
jj1 = 885, max_th = 1.934765e+00, time=2025-04-11 17:41:19 
jj1 = 830, max_th = 1.545763e+00, time=2025-04-11 17:44:22 
jj1 = 821, max_th = 2.929444e+00, time=2025-04-11 17:44:29 
jj1 = 872, max_th = 2.090580e+00, time=2025-04-11 17:45:07 
jj1 = 899, max_th = 1.241908e+00, time=2025-04-11 17:47:27 
jj1 = 809, max_th = 1.739685e+00, time=2025-04-11 17:47:43 
jj1 = 820, max_th = 2.566622e+00, time=2025-04-11 17:48:34 
jj1 = 843, max_th = 2.123051e+00, time=2025-04-11 17:49:03 
jj1 = 895, max_th = 1.561748e+00, time=2025-04-11 17:49:45 
jj1 = 871, max_th = 2.706350e+00, time=2025-04-11 17:50:09 
jj1 = 791, max_th = 2.220290e+00, time=2025-04-11 17:51:13 
jj1 = 864, max_th = 1.833949e+00, time=2025-04-11 17:51:20 
jj1 = 936, max_th = 1.824899e+00, time=2025-04-11 17:56:07 
jj1 = 870, max_th = 1.363413e+00, time=2025-04-11 17:59:24 
jj1 = 842, max_th = 1.285553e+00, time=2025-04-11 17:59:47 
jj1 = 913, max_th = 2.684128e+00, time=2025-04-11 17:59:48 
jj1 = 935, max_th = 7.329575e-01, time=2025-04-11 18:00:21 
jj1 = 934, max_th = 4.160949e-01, time=2025-04-11 18:01:07 
jj1 = 960, max_th = 2.653683e+00, time=2025-04-11 18:01:09 
jj1 = 841, max_th = 7.558081e-01, time=2025-04-11 18:01:14 
jj1 = 852, max_th = 1.513925e+00, time=2025-04-11 18:01:51 
jj1 = 829, max_th = 2.296299e+00, time=2025-04-11 18:02:38 
jj1 = 912, max_th = 3.390728e+00, time=2025-04-11 18:02:47 
jj1 = 884, max_th = 2.105230e+00, time=2025-04-11 18:04:10 
jj1 = 894, max_th = 1.620760e+00, time=2025-04-11 18:07:25 
jj1 = 918, max_th = 5.438680e-01, time=2025-04-11 18:07:56 
jj1 = 883, max_th = 1.290872e+00, time=2025-04-11 18:08:23 
jj1 = 790, max_th = 1.796543e+00, time=2025-04-11 18:08:52 
jj1 = 851, max_th = 2.294540e+00, time=2025-04-11 18:10:20 
jj1 = 819, max_th = 1.625726e+00, time=2025-04-11 18:10:38 
jj1 = 863, max_th = 2.237107e+00, time=2025-04-11 18:12:53 
jj1 = 959, max_th = 1.789888e+00, time=2025-04-11 18:15:02 
jj1 = 850, max_th = 2.850259e+00, time=2025-04-11 18:15:12 
jj1 = 968, max_th = 2.272325e+00, time=2025-04-11 18:16:37 
jj1 = 862, max_th = 1.345933e+00, time=2025-04-11 18:17:19 
jj1 = 917, max_th = 9.257627e-01, time=2025-04-11 18:18:17 
jj1 = 869, max_th = 2.169580e+00, time=2025-04-11 18:18:21 
jj1 = 911, max_th = 1.947641e+00, time=2025-04-11 18:18:50 
jj1 = 882, max_th = 1.354586e+00, time=2025-04-11 18:21:15 
jj1 = 952, max_th = 1.574349e+00, time=2025-04-11 18:23:55 
jj1 = 840, max_th = 2.018569e+00, time=2025-04-11 18:24:08 
jj1 = 933, max_th = 1.876248e+00, time=2025-04-11 18:28:23 
jj1 = 910, max_th = 1.935966e+00, time=2025-04-11 18:30:28 
jj1 = 789, max_th = 2.124358e+00, time=2025-04-11 18:30:44 
jj1 = 861, max_th = 2.590595e+00, time=2025-04-11 18:30:48 
jj1 = 958, max_th = 1.622575e+00, time=2025-04-11 18:31:23 
jj1 = 967, max_th = 2.331097e+00, time=2025-04-11 18:31:31 
jj1 = 839, max_th = 2.043700e+00, time=2025-04-11 18:34:28 
jj1 = 881, max_th = 1.839223e+00, time=2025-04-11 18:35:16 
jj1 = 880, max_th = 5.210894e-01, time=2025-04-11 18:35:47 
jj1 = 964, max_th = 1.131975e+00, time=2025-04-11 18:36:04 
jj1 = 909, max_th = 2.808273e+00, time=2025-04-11 18:36:05 
jj1 = 849, max_th = 1.932097e+00, time=2025-04-11 18:36:27 
jj1 = 932, max_th = 2.655962e+00, time=2025-04-11 18:39:26 
jj1 = 916, max_th = 2.124949e+00, time=2025-04-11 18:40:10 
jj1 = 951, max_th = 2.061587e+00, time=2025-04-11 18:40:11 
jj1 = 908, max_th = 2.679715e+00, time=2025-04-11 18:45:12 
jj1 = 966, max_th = 1.941487e+00, time=2025-04-11 18:45:23 
jj1 = 879, max_th = 2.230514e+00, time=2025-04-11 18:48:36 
jj1 = 957, max_th = 2.001934e+00, time=2025-04-11 18:49:19 
jj1 = 931, max_th = 1.790745e+00, time=2025-04-11 18:49:23 
jj1 = 860, max_th = 1.873333e+00, time=2025-04-11 18:49:44 
jj1 = 915, max_th = 2.536112e+00, time=2025-04-11 18:50:08 
jj1 = 976, max_th = 1.800372e+00, time=2025-04-11 18:50:23 
jj1 = 950, max_th = 1.408517e+00, time=2025-04-11 18:53:14 
jj1 = 948, max_th = 2.557159e+00, time=2025-04-11 18:53:50 
jj1 = 930, max_th = 7.927726e-01, time=2025-04-11 18:54:56 
jj1 = 947, max_th = 3.099413e+00, time=2025-04-11 18:54:57 
jj1 = 943, max_th = 1.625142e+00, time=2025-04-11 18:56:06 
jj1 = 975, max_th = 2.496619e+00, time=2025-04-11 18:56:31 
jj1 = 907, max_th = 1.442915e+00, time=2025-04-11 18:57:46 
jj1 = 965, max_th = 2.151714e+00, time=2025-04-11 18:57:57 
jj1 = 914, max_th = 2.455769e+00, time=2025-04-11 18:58:09 
jj1 = 980, max_th = 1.480742e-01, time=2025-04-11 18:59:10 
jj1 = 928, max_th = 1.478747e+00, time=2025-04-11 18:59:22 
jj1 = 963, max_th = 2.222577e+00, time=2025-04-11 19:01:59 
jj1 = 859, max_th = 2.731323e+00, time=2025-04-11 19:02:14 
jj1 = 984, max_th = 2.634836e+00, time=2025-04-11 19:04:27 
jj1 = 946, max_th = 1.845300e+00, time=2025-04-11 19:05:28 
jj1 = 972, max_th = 2.216327e+00, time=2025-04-11 19:10:27 
jj1 = 927, max_th = 2.102455e+00, time=2025-04-11 19:11:29 
jj1 = 983, max_th = 2.644806e+00, time=2025-04-11 19:11:43 
jj1 = 974, max_th = 2.003647e+00, time=2025-04-11 19:12:15 
jj1 = 929, max_th = 1.891445e+00, time=2025-04-11 19:12:16 
jj1 = 906, max_th = 2.466802e+00, time=2025-04-11 19:15:54 
jj1 = 982, max_th = 1.550371e+00, time=2025-04-11 19:16:15 
jj1 = 979, max_th = 1.643351e+00, time=2025-04-11 19:16:19 
jj1 = 973, max_th = 1.049776e+00, time=2025-04-11 19:18:12 
jj1 = 942, max_th = 2.020708e+00, time=2025-04-11 19:19:56 
jj1 = 926, max_th = 2.101866e+00, time=2025-04-11 19:20:10 
jj1 = 949, max_th = 1.813916e+00, time=2025-04-11 19:21:10 
jj1 = 945, max_th = 1.972011e+00, time=2025-04-11 19:22:55 
jj1 = 981, max_th = 1.408306e+00, time=2025-04-11 19:23:18 
jj1 = 925, max_th = 1.398294e+00, time=2025-04-11 19:25:01 
jj1 = 941, max_th = 1.429528e+00, time=2025-04-11 19:27:00 
jj1 = 962, max_th = 2.024750e+00, time=2025-04-11 19:27:58 
jj1 = 971, max_th = 1.727803e+00, time=2025-04-11 19:28:36 
jj1 = 992, max_th = 2.196826e+00, time=2025-04-11 19:29:52 
jj1 = 956, max_th = 1.697327e+00, time=2025-04-11 19:31:40 
jj1 = 988, max_th = 2.210697e+00, time=2025-04-11 19:32:07 
jj1 = 978, max_th = 2.153700e+00, time=2025-04-11 19:33:07 
jj1 = 944, max_th = 2.315749e+00, time=2025-04-11 19:33:48 
jj1 = 905, max_th = 2.202939e+00, time=2025-04-11 19:33:53 
jj1 = 999, max_th = 1.731285e+00, time=2025-04-11 19:34:55 
jj1 = 940, max_th = 1.526467e+00, time=2025-04-11 19:35:01 
jj1 = 924, max_th = 2.125437e+00, time=2025-04-11 19:35:03 
jj1 = 991, max_th = 1.280409e+00, time=2025-04-11 19:36:50 
jj1 = 961, max_th = 2.189510e+00, time=2025-04-11 19:38:00 
jj1 = 987, max_th = 2.159598e+00, time=2025-04-11 19:38:55 
jj1 = 904, max_th = 2.460946e+00, time=2025-04-11 19:39:07 
jj1 = 986, max_th = 7.369661e-01, time=2025-04-11 19:39:36 
jj1 = 970, max_th = 1.830399e+00, time=2025-04-11 19:40:51 
jj1 = 996, max_th = 1.319399e+00, time=2025-04-11 19:42:15 
jj1 = 977, max_th = 1.855214e+00, time=2025-04-11 19:44:00 
jj1 = 995, max_th = 8.636468e-01, time=2025-04-11 19:44:00 
jj1 = 939, max_th = 1.575646e+00, time=2025-04-11 19:44:29 
jj1 = 997, max_th = 2.536370e+00, time=2025-04-11 19:46:13 
jj1 = 998, max_th = 1.874156e+00, time=2025-04-11 19:46:20 
jj1 = 955, max_th = 2.137876e+00, time=2025-04-11 19:46:47 
jj1 = 990, max_th = 2.288732e+00, time=2025-04-11 19:47:05 
jj1 = 985, max_th = 1.987527e+00, time=2025-04-11 19:50:02 
jj1 = 1000, max_th = 1.527627e+00, time=2025-04-11 19:50:11 
jj1 = 969, max_th = 1.763773e+00, time=2025-04-11 19:50:46 
jj1 = 954, max_th = -4.380146e-01, time=2025-04-11 19:51:58 
jj1 = 994, max_th = 2.224418e+00, time=2025-04-11 19:53:01 
jj1 = 953, max_th = 2.173167e+00, time=2025-04-11 19:58:04 
jj1 = 989, max_th = 2.079665e+00, time=2025-04-11 19:58:13 
jj1 = 993, max_th = 2.079842e+00, time=2025-04-11 20:01:12 
>> >> >> >> >> >> >> >> >> 